Graph START

Adding vertex (chain-A, position-1, res-HIS)
New vertex id: 0
1 2 3 4 5 6 7 8 9 10 
Adding vertex (chain-A, position-2, res-MET)
New vertex id: 1
11 12 13 14 15 16 17 18 
Adding vertex (chain-A, position-3, res-ILE)
New vertex id: 2
19 20 21 22 23 24 25 26 
Adding vertex (chain-A, position-4, res-HIS)
New vertex id: 3
27 28 29 30 31 32 33 34 35 36 
Adding vertex (chain-A, position-5, res-GLU)
New vertex id: 4
37 38 39 40 41 42 43 44 45 
Adding vertex (chain-A, position-6, res-ASP)
New vertex id: 5
46 47 48 49 50 51 52 53 
Adding vertex (chain-A, position-7, res-PHE)
New vertex id: 6
54 55 56 57 58 59 60 61 62 63 64 
Adding vertex (chain-A, position-8, res-CYS)
New vertex id: 7
65 66 67 68 69 70 
Adding vertex (chain-A, position-9, res-SER)
New vertex id: 8
71 72 73 74 75 76 
Adding vertex (chain-A, position-10, res-VAL)
New vertex id: 9
77 78 79 80 81 82 83 
Adding vertex (chain-A, position-11, res-CYS)
New vertex id: 10
84 85 86 87 88 89 
Adding vertex (chain-A, position-12, res-ARG)
New vertex id: 11
90 91 92 93 94 95 96 97 98 99 100 
Adding vertex (chain-A, position-13, res-LYS)
New vertex id: 12
101 102 103 104 105 106 107 108 109 
Adding vertex (chain-A, position-14, res-SER)
New vertex id: 13
110 111 112 113 114 115 
Adding vertex (chain-A, position-15, res-GLY)
New vertex id: 14
116 117 118 119 
Adding vertex (chain-A, position-16, res-GLN)
New vertex id: 15
120 121 122 123 124 125 126 127 128 
Adding vertex (chain-A, position-17, res-LEU)
New vertex id: 16
129 130 131 132 133 134 135 136 
Adding vertex (chain-A, position-18, res-LEU)
New vertex id: 17
137 138 139 140 141 142 143 144 
Adding vertex (chain-A, position-19, res-MET)
New vertex id: 18
145 146 147 148 149 150 151 152 
Adding vertex (chain-A, position-20, res-CYS)
New vertex id: 19
153 154 155 156 157 158 
Adding vertex (chain-A, position-21, res-ASP)
New vertex id: 20
159 160 161 162 163 164 165 166 
Adding vertex (chain-A, position-22, res-THR)
New vertex id: 21
167 168 169 170 171 172 173 
Adding vertex (chain-A, position-23, res-CYS)
New vertex id: 22
174 175 176 177 178 179 
Adding vertex (chain-A, position-24, res-SER)
New vertex id: 23
180 181 182 183 184 185 
Adding vertex (chain-A, position-25, res-ARG)
New vertex id: 24
186 187 188 189 190 191 192 193 194 195 196 
Adding vertex (chain-A, position-26, res-VAL)
New vertex id: 25
197 198 199 200 201 202 203 
Adding vertex (chain-A, position-27, res-TYR)
New vertex id: 26
204 205 206 207 208 209 210 211 212 213 214 215 
Adding vertex (chain-A, position-28, res-HIS)
New vertex id: 27
216 217 218 219 220 221 222 223 224 225 
Adding vertex (chain-A, position-29, res-LEU)
New vertex id: 28
226 227 228 229 230 231 232 233 
Adding vertex (chain-A, position-30, res-ASP)
New vertex id: 29
234 235 236 237 238 239 240 241 
Adding vertex (chain-A, position-31, res-CYS)
New vertex id: 30
242 243 244 245 246 247 
Adding vertex (chain-A, position-32, res-LEU)
New vertex id: 31
248 249 250 251 252 253 254 255 
Adding vertex (chain-A, position-33, res-ASP)
New vertex id: 32
256 257 258 259 260 261 262 263 
Adding vertex (chain-A, position-34, res-PRO)
New vertex id: 33
264 265 266 267 268 269 270 
Adding vertex (chain-A, position-35, res-PRO)
New vertex id: 34
271 272 273 274 275 276 277 
Adding vertex (chain-A, position-36, res-LEU)
New vertex id: 35
278 279 280 281 282 283 284 285 
Adding vertex (chain-A, position-37, res-LYS)
New vertex id: 36
286 287 288 289 290 291 292 293 294 
Adding vertex (chain-A, position-38, res-THR)
New vertex id: 37
295 296 297 298 299 300 301 
Adding vertex (chain-A, position-39, res-ILE)
New vertex id: 38
302 303 304 305 306 307 308 309 
Adding vertex (chain-A, position-40, res-PRO)
New vertex id: 39
310 311 312 313 314 315 316 
Adding vertex (chain-A, position-41, res-LYS)
New vertex id: 40
317 318 319 320 321 322 323 324 325 
Adding vertex (chain-A, position-42, res-GLY)
New vertex id: 41
326 327 328 329 
Adding vertex (chain-A, position-43, res-MET)
New vertex id: 42
330 331 332 333 334 335 336 337 
Adding vertex (chain-A, position-44, res-TRP)
New vertex id: 43
338 339 340 341 342 343 344 345 346 347 348 349 350 351 
Adding vertex (chain-A, position-45, res-ILE)
New vertex id: 44
352 353 354 355 356 357 358 359 
Adding vertex (chain-A, position-46, res-CYS)
New vertex id: 45
360 361 362 363 364 365 
Adding vertex (chain-A, position-47, res-PRO)
New vertex id: 46
366 367 368 369 370 371 372 
Adding vertex (chain-A, position-48, res-ARG)
New vertex id: 47
373 374 375 376 377 378 379 380 381 382 383 
Adding vertex (chain-A, position-49, res-CYS)
New vertex id: 48
384 385 386 387 388 389 
Adding vertex (chain-A, position-50, res-GLN)
New vertex id: 49
390 391 392 393 394 395 396 397 398 
Adding vertex (chain-A, position-51, res-ASP)
New vertex id: 50
399 400 401 402 403 404 405 406 
Adding vertex (chain-A, position-52, res-GLN)
New vertex id: 51
407 408 409 410 411 412 413 414 415 
Adding vertex (chain-A, position-53, res-MET)
New vertex id: 52
416 417 418 419 420 421 422 423 
Adding vertex (chain-A, position-54, res-LEU)
New vertex id: 53
424 425 426 427 428 429 430 431 
Adding vertex (chain-A, position-55, res-LYS)
New vertex id: 54
432 433 434 435 436 437 438 439 440 
Adding vertex (chain-A, position-56, res-LYS)
New vertex id: 55
441 442 443 444 445 446 447 448 449 
Adding vertex (chain-A, position-57, res-GLU)
New vertex id: 56
450 451 452 453 454 455 456 457 458 
Adding vertex (chain-A, position-58, res-GLU)
New vertex id: 57
459 460 461 462 463 
Adding vertex (chain-A, position-59, res-ALA)
New vertex id: 58
464 465 466 467 468 
Adding vertex (chain-A, position-60, res-ILE)
New vertex id: 59
469 470 471 472 473 474 
Graph DONE

( reduce -FLIPs 2PUY.pdb > 2PUY.H.pdb ) >& /dev/null
Reduce (-FLIPs) returned 0
( bndlst -Radius0.3 2PUY.H.pdb > 2PUY.H.bndlst ) >& /dev/null
BndLst returned 0
Parsing 2PUY.H.bndlst

bndlst START
Adding bndlst edge: (A_H1_MC -> A_M2_MC) type[cov], weight[1.00] from 0 to 1 dist[1.33]
Adding bndlst edge: (A_M2_MC -> A_I3_MC) type[cov], weight[1.00] from 1 to 2 dist[1.32]
Adding bndlst edge: (A_I3_MC -> A_H4_MC) type[cov], weight[1.00] from 2 to 3 dist[1.33]
Adding bndlst edge: (A_H4_MC -> A_E5_MC) type[cov], weight[1.00] from 3 to 4 dist[1.32]
Adding bndlst edge: (A_H4_SC -> A_R25_MC) type[hb], weight[0.65] from 3 to 24 dist[2.48]
Adding bndlst edge: (A_H4_SC -> A_S24_MC) type[hb], weight[0.53] from 3 to 23 dist[2.75]
Adding bndlst edge: (A_E5_MC -> A_D6_MC) type[cov], weight[1.00] from 4 to 5 dist[1.33]
Adding bndlst edge: (A_E5_MC -> A_S24_MC) type[hb], weight[1.16] from 4 to 23 dist[1.86]
Adding bndlst edge: (A_D6_MC -> A_F7_MC) type[cov], weight[1.00] from 5 to 6 dist[1.33]
Adding bndlst edge: (A_F7_MC -> A_C8_MC) type[cov], weight[1.00] from 6 to 7 dist[1.32]
Adding bndlst edge: (A_C8_MC -> A_S9_MC) type[cov], weight[1.00] from 7 to 8 dist[1.33]
Adding bndlst edge: (A_C8_MC -> A_R12_MC) type[hb], weight[1.07] from 7 to 11 dist[1.93]
Adding bndlst edge: (A_C8_SC -> A_C11_MC) type[hb], weight[0.55] from 7 to 10 dist[2.71]
Adding bndlst edge: (A_C8_SC -> A_V10_MC) type[hb], weight[0.64] from 7 to 9 dist[2.50]
Adding bndlst edge: (A_C8_SC -> A_C31_SC) type[hb], weight[0.38] from 7 to 30 dist[3.24]
Adding bndlst edge: (A_C8_SC -> A_C11_SC) type[hb], weight[0.64] from 7 to 10 dist[2.50]
Adding bndlst edge: (A_C8_SC -> A_H28_MC) type[hb], weight[0.68] from 7 to 27 dist[2.43]
Adding bndlst edge: (A_C8_MC -> A_K13_MC) type[hb], weight[1.14] from 7 to 12 dist[1.88]
Adding bndlst edge: (A_C8_SC -> A_C31_SC) type[hb], weight[0.59] from 7 to 30 dist[2.61]
Adding bndlst edge: (A_C8_SC -> A_H28_SC) type[hb], weight[0.56] from 7 to 27 dist[2.66]
Adding bndlst edge: (A_C8_SC -> A_C11_SC) type[hb], weight[0.40] from 7 to 10 dist[3.16]
Adding bndlst edge: (A_S9_MC -> A_V10_MC) type[cov], weight[1.00] from 8 to 9 dist[1.33]
Adding bndlst edge: (A_S9_MC -> A_V26_MC) type[hb], weight[1.08] from 8 to 25 dist[1.92]
Adding bndlst edge: (A_V10_MC -> A_C11_MC) type[cov], weight[1.00] from 9 to 10 dist[1.33]
Adding bndlst edge: (A_C11_MC -> A_R12_MC) type[cov], weight[1.00] from 10 to 11 dist[1.33]
Adding bndlst edge: (A_C11_SC -> A_K13_MC) type[hb], weight[0.56] from 10 to 12 dist[2.67]
Adding bndlst edge: (A_C11_SC -> A_C31_SC) type[hb], weight[0.37] from 10 to 30 dist[3.30]
Adding bndlst edge: (A_C11_SC -> A_H28_SC) type[hb], weight[0.55] from 10 to 27 dist[2.70]
Adding bndlst edge: (A_C11_SC -> A_C31_SC) type[hb], weight[0.35] from 10 to 30 dist[3.39]
Adding bndlst edge: (A_C11_SC -> A_H28_SC) type[hb], weight[0.42] from 10 to 27 dist[3.07]
Adding bndlst edge: (A_C11_SC -> A_H28_SC) type[hb], weight[0.56] from 10 to 27 dist[2.67]
Adding bndlst edge: (A_R12_MC -> A_K13_MC) type[cov], weight[1.00] from 11 to 12 dist[1.33]
Adding bndlst edge: (A_K13_MC -> A_S14_MC) type[cov], weight[1.00] from 12 to 13 dist[1.33]
Adding bndlst edge: (A_K13_MC -> A_H28_SC) type[hb], weight[0.61] from 12 to 27 dist[2.57]
Adding bndlst edge: (A_S14_MC -> A_G15_MC) type[cov], weight[1.00] from 13 to 14 dist[1.33]
Adding bndlst edge: (A_G15_MC -> A_Q16_MC) type[cov], weight[1.00] from 14 to 15 dist[1.33]
Adding bndlst edge: (A_Q16_MC -> A_L17_MC) type[cov], weight[1.00] from 15 to 16 dist[1.33]
Adding bndlst edge: (A_Q16_MC -> A_H28_SC) type[hb], weight[0.68] from 15 to 27 dist[2.42]
Adding bndlst edge: (A_L17_MC -> A_L18_MC) type[cov], weight[1.00] from 16 to 17 dist[1.32]
Adding bndlst edge: (A_L18_MC -> A_M19_MC) type[cov], weight[1.00] from 17 to 18 dist[1.33]
Adding bndlst edge: (A_L18_MC -> A_Y27_MC) type[hb], weight[0.98] from 17 to 26 dist[2.02]
Adding bndlst edge: (A_L18_MC -> A_Y27_MC) type[hb], weight[1.25] from 17 to 26 dist[1.79]
Adding bndlst edge: (A_M19_MC -> A_C20_MC) type[cov], weight[1.00] from 18 to 19 dist[1.33]
Adding bndlst edge: (A_C20_MC -> A_D21_MC) type[cov], weight[1.00] from 19 to 20 dist[1.33]
Adding bndlst edge: (A_C20_SC -> A_C23_SC) type[hb], weight[0.37] from 19 to 22 dist[3.30]
Adding bndlst edge: (A_C20_SC -> A_C46_SC) type[hb], weight[0.42] from 19 to 45 dist[3.08]
Adding bndlst edge: (A_C20_SC -> A_C23_MC) type[hb], weight[0.45] from 19 to 22 dist[2.99]
Adding bndlst edge: (A_C20_SC -> A_C49_SC) type[hb], weight[0.61] from 19 to 48 dist[2.56]
Adding bndlst edge: (A_C20_SC -> A_C46_MC) type[hb], weight[0.74] from 19 to 45 dist[2.32]
Adding bndlst edge: (A_C20_SC -> A_T22_SC) type[hb], weight[0.37] from 19 to 21 dist[3.29]
Adding bndlst edge: (A_C20_SC -> A_T22_MC) type[hb], weight[0.74] from 19 to 21 dist[2.33]
Adding bndlst edge: (A_C20_SC -> A_D21_MC) type[hb], weight[0.38] from 19 to 20 dist[3.25]
Adding bndlst edge: (A_C20_MC -> A_R25_MC) type[hb], weight[0.95] from 19 to 24 dist[2.05]
Adding bndlst edge: (A_C20_SC -> A_C49_SC) type[hb], weight[0.41] from 19 to 48 dist[3.11]
Adding bndlst edge: (A_C20_SC -> A_C46_SC) type[hb], weight[0.62] from 19 to 45 dist[2.54]
Adding bndlst edge: (A_D21_MC -> A_T22_MC) type[cov], weight[1.00] from 20 to 21 dist[1.33]
Adding bndlst edge: (A_D21_SC -> A_W44_MC) type[hb], weight[1.12] from 20 to 43 dist[1.89]
Adding bndlst edge: (A_D21_MC -> A_W44_MC) type[hb], weight[0.98] from 20 to 43 dist[2.02]
Adding bndlst edge: (A_T22_MC -> A_C23_MC) type[cov], weight[1.00] from 21 to 22 dist[1.33]
Adding bndlst edge: (A_T22_SC -> A_C49_SC) type[hb], weight[0.57] from 21 to 48 dist[2.66]
Adding bndlst edge: (A_T22_SC -> A_C49_SC) type[hb], weight[0.89] from 21 to 48 dist[2.12]
Adding bndlst edge: (A_C23_MC -> A_S24_MC) type[cov], weight[1.00] from 22 to 23 dist[1.33]
Adding bndlst edge: (A_C23_SC -> A_R25_MC) type[hb], weight[0.72] from 22 to 24 dist[2.35]
Adding bndlst edge: (A_C23_SC -> A_C46_SC) type[hb], weight[0.60] from 22 to 45 dist[2.58]
Adding bndlst edge: (A_C23_SC -> A_R25_SC) type[hb], weight[0.76] from 22 to 24 dist[2.29]
Adding bndlst edge: (A_C23_SC -> A_C49_SC) type[hb], weight[0.42] from 22 to 48 dist[3.10]
Adding bndlst edge: (A_S24_MC -> A_R25_MC) type[cov], weight[1.00] from 23 to 24 dist[1.33]
Adding bndlst edge: (A_R25_MC -> A_V26_MC) type[cov], weight[1.00] from 24 to 25 dist[1.33]
Adding bndlst edge: (A_V26_MC -> A_Y27_MC) type[cov], weight[1.00] from 25 to 26 dist[1.33]
Adding bndlst edge: (A_Y27_MC -> A_H28_MC) type[cov], weight[1.00] from 26 to 27 dist[1.33]
Adding bndlst edge: (A_Y27_SC -> A_C46_SC) type[hb], weight[0.69] from 26 to 45 dist[2.42]
Adding bndlst edge: (A_H28_MC -> A_L29_MC) type[cov], weight[1.00] from 27 to 28 dist[1.32]
Adding bndlst edge: (A_H28_MC -> A_C31_MC) type[hb], weight[0.97] from 27 to 30 dist[2.04]
Adding bndlst edge: (A_H28_SC -> A_C31_SC) type[hb], weight[0.45] from 27 to 30 dist[2.98]
Adding bndlst edge: (A_H28_SC -> A_C31_SC) type[hb], weight[0.68] from 27 to 30 dist[2.43]
Adding bndlst edge: (A_L29_MC -> A_D30_MC) type[cov], weight[1.00] from 28 to 29 dist[1.33]
Adding bndlst edge: (A_L29_MC -> A_L36_MC) type[hb], weight[1.01] from 28 to 35 dist[1.99]
Adding bndlst edge: (A_L29_MC -> A_L32_MC) type[hb], weight[0.71] from 28 to 31 dist[2.37]
Adding bndlst edge: (A_D30_MC -> A_C31_MC) type[cov], weight[1.00] from 29 to 30 dist[1.32]
Adding bndlst edge: (A_D30_SC -> A_K37_SC) type[salt], weight[0.46] from 29 to 36 dist[2.80]
Adding bndlst edge: (A_C31_MC -> A_L32_MC) type[cov], weight[1.00] from 30 to 31 dist[1.33]
Adding bndlst edge: (A_L32_MC -> A_D33_MC) type[cov], weight[1.00] from 31 to 32 dist[1.33]
Adding bndlst edge: (A_D33_MC -> A_P34_MC) type[cov], weight[1.00] from 32 to 33 dist[1.33]
Adding bndlst edge: (A_P34_MC -> A_P35_MC) type[cov], weight[1.00] from 33 to 34 dist[1.34]
Adding bndlst edge: (A_P35_MC -> A_L36_MC) type[cov], weight[1.00] from 34 to 35 dist[1.33]
Adding bndlst edge: (A_L36_MC -> A_K37_MC) type[cov], weight[1.00] from 35 to 36 dist[1.33]
Adding bndlst edge: (A_K37_MC -> A_T38_MC) type[cov], weight[1.00] from 36 to 37 dist[1.33]
Adding bndlst edge: (A_T38_MC -> A_I39_MC) type[cov], weight[1.00] from 37 to 38 dist[1.33]
Adding bndlst edge: (A_T38_SC -> A_I39_MC) type[hb], weight[0.53] from 37 to 38 dist[2.74]
Adding bndlst edge: (A_I39_MC -> A_P40_MC) type[cov], weight[1.00] from 38 to 39 dist[1.34]
Adding bndlst edge: (A_P40_MC -> A_K41_MC) type[cov], weight[1.00] from 39 to 40 dist[1.33]
Adding bndlst edge: (A_K41_MC -> A_G42_MC) type[cov], weight[1.00] from 40 to 41 dist[1.33]
Adding bndlst edge: (A_G42_MC -> A_M43_MC) type[cov], weight[1.00] from 41 to 42 dist[1.32]
Adding bndlst edge: (A_M43_MC -> A_W44_MC) type[cov], weight[1.00] from 42 to 43 dist[1.33]
Adding bndlst edge: (A_W44_MC -> A_I45_MC) type[cov], weight[1.00] from 43 to 44 dist[1.33]
Adding bndlst edge: (A_I45_MC -> A_C46_MC) type[cov], weight[1.00] from 44 to 45 dist[1.33]
Adding bndlst edge: (A_I45_MC -> A_Q50_SC) type[hb], weight[0.73] from 44 to 49 dist[2.35]
Adding bndlst edge: (A_C46_MC -> A_P47_MC) type[cov], weight[1.00] from 45 to 46 dist[1.33]
Adding bndlst edge: (A_C46_MC -> A_C49_MC) type[hb], weight[0.64] from 45 to 48 dist[2.49]
Adding bndlst edge: (A_C46_MC -> A_Q50_MC) type[hb], weight[1.02] from 45 to 49 dist[1.98]
Adding bndlst edge: (A_C46_SC -> A_C49_MC) type[hb], weight[0.63] from 45 to 48 dist[2.51]
Adding bndlst edge: (A_C46_SC -> A_R48_MC) type[hb], weight[0.50] from 45 to 47 dist[2.83]
Adding bndlst edge: (A_P47_MC -> A_R48_MC) type[cov], weight[1.00] from 46 to 47 dist[1.33]
Adding bndlst edge: (A_P47_MC -> A_D51_MC) type[hb], weight[0.95] from 46 to 50 dist[2.05]
Adding bndlst edge: (A_P47_MC -> A_Q50_MC) type[hb], weight[0.48] from 46 to 49 dist[2.89]
Adding bndlst edge: (A_R48_MC -> A_C49_MC) type[cov], weight[1.00] from 47 to 48 dist[1.33]
Adding bndlst edge: (A_R48_MC -> A_Q52_MC) type[hb], weight[1.03] from 47 to 51 dist[1.97]
Adding bndlst edge: (A_R48_MC -> A_D51_MC) type[hb], weight[0.50] from 47 to 50 dist[2.83]
Adding bndlst edge: (A_C49_MC -> A_Q50_MC) type[cov], weight[1.00] from 48 to 49 dist[1.33]
Adding bndlst edge: (A_C49_MC -> A_M53_MC) type[hb], weight[1.02] from 48 to 52 dist[1.98]
Adding bndlst edge: (A_C49_MC -> A_Q52_MC) type[hb], weight[0.54] from 48 to 51 dist[2.72]
Adding bndlst edge: (A_Q50_MC -> A_D51_MC) type[cov], weight[1.00] from 49 to 50 dist[1.33]
Adding bndlst edge: (A_Q50_MC -> A_L54_MC) type[hb], weight[0.86] from 49 to 53 dist[2.16]
Adding bndlst edge: (A_Q50_MC -> A_M53_MC) type[hb], weight[0.46] from 49 to 52 dist[2.94]
Adding bndlst edge: (A_D51_MC -> A_Q52_MC) type[cov], weight[1.00] from 50 to 51 dist[1.33]
Adding bndlst edge: (A_D51_MC -> A_K55_MC) type[hb], weight[1.10] from 50 to 54 dist[1.91]
Adding bndlst edge: (A_D51_MC -> A_L54_MC) type[hb], weight[0.56] from 50 to 53 dist[2.67]
Adding bndlst edge: (A_Q52_MC -> A_M53_MC) type[cov], weight[1.00] from 51 to 52 dist[1.33]
Adding bndlst edge: (A_Q52_MC -> A_K56_MC) type[hb], weight[0.85] from 51 to 55 dist[2.17]
Adding bndlst edge: (A_Q52_MC -> A_K55_MC) type[hb], weight[0.52] from 51 to 54 dist[2.77]
Adding bndlst edge: (A_M53_MC -> A_L54_MC) type[cov], weight[1.00] from 52 to 53 dist[1.33]
Adding bndlst edge: (A_M53_MC -> A_K56_MC) type[hb], weight[0.59] from 52 to 55 dist[2.60]
Adding bndlst edge: (A_M53_MC -> A_E57_MC) type[hb], weight[0.72] from 52 to 56 dist[2.36]
Adding bndlst edge: (A_L54_MC -> A_K55_MC) type[cov], weight[1.00] from 53 to 54 dist[1.33]
Adding bndlst edge: (A_L54_MC -> A_E58_MC) type[hb], weight[0.97] from 53 to 57 dist[2.03]
Adding bndlst edge: (A_L54_MC -> A_E57_MC) type[hb], weight[0.64] from 53 to 56 dist[2.51]
Adding bndlst edge: (A_K55_MC -> A_K56_MC) type[cov], weight[1.00] from 54 to 55 dist[1.33]
Adding bndlst edge: (A_K55_MC -> A_A59_MC) type[hb], weight[0.59] from 54 to 58 dist[2.60]
Adding bndlst edge: (A_K55_MC -> A_E58_MC) type[hb], weight[0.46] from 54 to 57 dist[2.94]
Adding bndlst edge: (A_K56_MC -> A_E57_MC) type[cov], weight[1.00] from 55 to 56 dist[1.33]
Adding bndlst edge: (A_K56_MC -> A_I60_MC) type[hb], weight[0.75] from 55 to 59 dist[2.31]
Adding bndlst edge: (A_K56_MC -> A_A59_MC) type[hb], weight[0.66] from 55 to 58 dist[2.46]
Adding bndlst edge: (A_E57_MC -> A_E58_MC) type[cov], weight[1.00] from 56 to 57 dist[1.33]
Adding bndlst edge: (A_E57_MC -> A_I60_MC) type[hb], weight[0.76] from 56 to 59 dist[2.30]
Adding bndlst edge: (A_E57_MC -> A_A59_MC) type[hb], weight[0.50] from 56 to 58 dist[2.83]
Adding bndlst edge: (A_E58_MC -> A_A59_MC) type[cov], weight[1.00] from 57 to 58 dist[1.33]
Adding bndlst edge: (A_A59_MC -> A_I60_MC) type[cov], weight[1.00] from 58 to 59 dist[1.33]

bndlst DONE

Producing PAJEK network
printing pajek edge (A_34_PRO,A_35_PRO)
printing pajek edge (A_33_ASP,A_34_PRO)
printing pajek edge (A_22_THR,A_23_CYS)
printing pajek edge (A_22_THR,A_49_CYS)
printing pajek edge (A_8_CYS,A_28_HIS)
printing pajek edge (A_8_CYS,A_9_SER)
printing pajek edge (A_8_CYS,A_12_ARG)
printing pajek edge (A_8_CYS,A_31_CYS)
printing pajek edge (A_8_CYS,A_10_VAL)
printing pajek edge (A_8_CYS,A_11_CYS)
printing pajek edge (A_8_CYS,A_13_LYS)
printing pajek edge (A_27_TYR,A_28_HIS)
printing pajek edge (A_27_TYR,A_46_CYS)
printing pajek edge (A_18_LEU,A_19_MET)
printing pajek edge (A_18_LEU,A_27_TYR)
printing pajek edge (A_3_ILE,A_4_HIS)
printing pajek edge (A_2_MET,A_3_ILE)
printing pajek edge (A_19_MET,A_20_CYS)
printing pajek edge (A_31_CYS,A_32_LEU)
printing pajek edge (A_17_LEU,A_18_LEU)
printing pajek edge (A_45_ILE,A_50_GLN)
printing pajek edge (A_45_ILE,A_46_CYS)
printing pajek edge (A_56_LYS,A_60_ILE)
printing pajek edge (A_56_LYS,A_57_GLU)
printing pajek edge (A_56_LYS,A_59_ALA)
printing pajek edge (A_28_HIS,A_29_LEU)
printing pajek edge (A_28_HIS,A_31_CYS)
printing pajek edge (A_26_VAL,A_27_TYR)
printing pajek edge (A_29_LEU,A_36_LEU)
printing pajek edge (A_29_LEU,A_32_LEU)
printing pajek edge (A_29_LEU,A_30_ASP)
printing pajek edge (A_58_GLU,A_59_ALA)
printing pajek edge (A_41_LYS,A_42_GLY)
printing pajek edge (A_21_ASP,A_22_THR)
printing pajek edge (A_21_ASP,A_44_TRP)
printing pajek edge (A_15_GLY,A_16_GLN)
printing pajek edge (A_50_GLN,A_53_MET)
printing pajek edge (A_50_GLN,A_51_ASP)
printing pajek edge (A_50_GLN,A_54_LEU)
printing pajek edge (A_25_ARG,A_26_VAL)
printing pajek edge (A_11_CYS,A_28_HIS)
printing pajek edge (A_11_CYS,A_12_ARG)
printing pajek edge (A_11_CYS,A_31_CYS)
printing pajek edge (A_11_CYS,A_13_LYS)
printing pajek edge (A_32_LEU,A_33_ASP)
printing pajek edge (A_36_LEU,A_37_LYS)
printing pajek edge (A_12_ARG,A_13_LYS)
printing pajek edge (A_54_LEU,A_57_GLU)
printing pajek edge (A_54_LEU,A_58_GLU)
printing pajek edge (A_54_LEU,A_55_LYS)
printing pajek edge (A_49_CYS,A_53_MET)
printing pajek edge (A_49_CYS,A_50_GLN)
printing pajek edge (A_49_CYS,A_52_GLN)
printing pajek edge (A_43_MET,A_44_TRP)
printing pajek edge (A_23_CYS,A_46_CYS)
printing pajek edge (A_23_CYS,A_25_ARG)
printing pajek edge (A_23_CYS,A_24_SER)
printing pajek edge (A_23_CYS,A_49_CYS)
printing pajek edge (A_47_PRO,A_51_ASP)
printing pajek edge (A_47_PRO,A_50_GLN)
printing pajek edge (A_47_PRO,A_48_ARG)
printing pajek edge (A_1_HIS,A_2_MET)
printing pajek edge (A_14_SER,A_15_GLY)
printing pajek edge (A_24_SER,A_25_ARG)
printing pajek edge (A_30_ASP,A_37_LYS)
printing pajek edge (A_30_ASP,A_31_CYS)
printing pajek edge (A_7_PHE,A_8_CYS)
printing pajek edge (A_51_ASP,A_54_LEU)
printing pajek edge (A_51_ASP,A_52_GLN)
printing pajek edge (A_51_ASP,A_55_LYS)
printing pajek edge (A_40_PRO,A_41_LYS)
printing pajek edge (A_37_LYS,A_38_THR)
printing pajek edge (A_4_HIS,A_5_GLU)
printing pajek edge (A_4_HIS,A_25_ARG)
printing pajek edge (A_4_HIS,A_24_SER)
printing pajek edge (A_52_GLN,A_53_MET)
printing pajek edge (A_52_GLN,A_55_LYS)
printing pajek edge (A_52_GLN,A_56_LYS)
printing pajek edge (A_10_VAL,A_11_CYS)
printing pajek edge (A_59_ALA,A_60_ILE)
printing pajek edge (A_42_GLY,A_43_MET)
printing pajek edge (A_13_LYS,A_28_HIS)
printing pajek edge (A_13_LYS,A_14_SER)
printing pajek edge (A_48_ARG,A_51_ASP)
printing pajek edge (A_48_ARG,A_52_GLN)
printing pajek edge (A_48_ARG,A_49_CYS)
printing pajek edge (A_16_GLN,A_28_HIS)
printing pajek edge (A_16_GLN,A_17_LEU)
printing pajek edge (A_53_MET,A_54_LEU)
printing pajek edge (A_53_MET,A_57_GLU)
printing pajek edge (A_53_MET,A_56_LYS)
printing pajek edge (A_39_ILE,A_40_PRO)
printing pajek edge (A_9_SER,A_26_VAL)
printing pajek edge (A_9_SER,A_10_VAL)
printing pajek edge (A_5_GLU,A_24_SER)
printing pajek edge (A_5_GLU,A_6_ASP)
printing pajek edge (A_35_PRO,A_36_LEU)
printing pajek edge (A_57_GLU,A_60_ILE)
printing pajek edge (A_57_GLU,A_58_GLU)
printing pajek edge (A_57_GLU,A_59_ALA)
printing pajek edge (A_46_CYS,A_50_GLN)
printing pajek edge (A_46_CYS,A_47_PRO)
printing pajek edge (A_46_CYS,A_48_ARG)
printing pajek edge (A_46_CYS,A_49_CYS)
printing pajek edge (A_38_THR,A_39_ILE)
printing pajek edge (A_38_THR,A_39_ILE)
printing pajek edge (A_44_TRP,A_45_ILE)
printing pajek edge (A_20_CYS,A_23_CYS)
printing pajek edge (A_20_CYS,A_22_THR)
printing pajek edge (A_20_CYS,A_25_ARG)
printing pajek edge (A_20_CYS,A_46_CYS)
printing pajek edge (A_20_CYS,A_49_CYS)
printing pajek edge (A_20_CYS,A_21_ASP)
printing pajek edge (A_20_CYS,A_21_ASP)
printing pajek edge (A_55_LYS,A_58_GLU)
printing pajek edge (A_55_LYS,A_59_ALA)
printing pajek edge (A_55_LYS,A_56_LYS)
printing pajek edge (A_6_ASP,A_7_PHE)
