Graph START

Adding vertex (chain-A, position-1, res-ILE)
New vertex id: 0
1 2 3 4 5 6 7 8 
Adding vertex (chain-A, position-2, res-VAL)
New vertex id: 1
9 10 11 12 13 14 15 
Adding vertex (chain-A, position-3, res-GLU)
New vertex id: 2
16 17 18 19 20 21 22 23 24 
Adding vertex (chain-A, position-4, res-GLY)
New vertex id: 3
25 26 27 28 
Adding vertex (chain-A, position-5, res-SER)
New vertex id: 4
29 30 31 32 33 34 
Adding vertex (chain-A, position-6, res-ASP)
New vertex id: 5
35 36 37 38 39 40 41 42 
Adding vertex (chain-A, position-7, res-ALA)
New vertex id: 6
43 44 45 46 47 
Adding vertex (chain-A, position-8, res-GLU)
New vertex id: 7
48 49 50 51 52 53 54 55 56 
Adding vertex (chain-A, position-9, res-ILE)
New vertex id: 8
57 58 59 60 61 62 63 64 
Adding vertex (chain-A, position-10, res-GLY)
New vertex id: 9
65 66 67 68 
Adding vertex (chain-A, position-11, res-MET)
New vertex id: 10
69 70 71 72 73 74 75 76 
Adding vertex (chain-A, position-12, res-SER)
New vertex id: 11
77 78 79 80 81 82 
Adding vertex (chain-A, position-13, res-PRO)
New vertex id: 12
83 84 85 86 87 88 89 
Adding vertex (chain-A, position-14, res-TRP)
New vertex id: 13
90 91 92 93 94 95 96 97 98 99 100 101 102 103 
Adding vertex (chain-A, position-15, res-GLN)
New vertex id: 14
104 105 106 107 108 109 110 111 112 
Adding vertex (chain-A, position-16, res-VAL)
New vertex id: 15
113 114 115 116 117 118 119 
Adding vertex (chain-A, position-17, res-MET)
New vertex id: 16
120 121 122 123 124 125 126 127 
Adding vertex (chain-A, position-18, res-LEU)
New vertex id: 17
128 129 130 131 132 133 134 135 
Adding vertex (chain-A, position-19, res-PHE)
New vertex id: 18
136 137 138 139 140 141 142 143 144 145 146 
Adding vertex (chain-A, position-20, res-ARG)
New vertex id: 19
147 148 149 150 151 152 153 154 155 156 157 
Adding vertex (chain-A, position-21, res-LYS)
New vertex id: 20
158 159 160 161 162 163 164 165 166 
Adding vertex (chain-A, position-22, res-SER)
New vertex id: 21
167 168 169 170 171 172 
Adding vertex (chain-A, position-23, res-PRO)
New vertex id: 22
173 174 175 176 177 178 179 
Adding vertex (chain-A, position-24, res-GLN)
New vertex id: 23
180 181 182 183 184 185 186 187 188 
Adding vertex (chain-A, position-25, res-GLU)
New vertex id: 24
189 190 191 192 193 194 195 196 197 
Adding vertex (chain-A, position-26, res-LEU)
New vertex id: 25
198 199 200 201 202 203 204 205 
Adding vertex (chain-A, position-27, res-LEU)
New vertex id: 26
206 207 208 209 210 211 212 213 
Adding vertex (chain-A, position-28, res-CYS)
New vertex id: 27
214 215 216 217 218 219 
Adding vertex (chain-A, position-29, res-GLY)
New vertex id: 28
220 221 222 223 
Adding vertex (chain-A, position-30, res-ALA)
New vertex id: 29
224 225 226 227 228 
Adding vertex (chain-A, position-31, res-SER)
New vertex id: 30
229 230 231 232 233 234 
Adding vertex (chain-A, position-32, res-LEU)
New vertex id: 31
235 236 237 238 239 240 241 242 
Adding vertex (chain-A, position-33, res-ILE)
New vertex id: 32
243 244 245 246 247 248 249 250 
Adding vertex (chain-A, position-34, res-SER)
New vertex id: 33
251 252 253 254 255 256 
Adding vertex (chain-A, position-35, res-ASP)
New vertex id: 34
257 258 259 260 261 262 263 264 
Adding vertex (chain-A, position-36, res-ARG)
New vertex id: 35
265 266 267 268 269 270 271 272 273 274 275 
Adding vertex (chain-A, position-37, res-TRP)
New vertex id: 36
276 277 278 279 280 281 282 283 284 285 286 287 288 289 
Adding vertex (chain-A, position-38, res-VAL)
New vertex id: 37
290 291 292 293 294 295 296 
Adding vertex (chain-A, position-39, res-LEU)
New vertex id: 38
297 298 299 300 301 302 303 304 
Adding vertex (chain-A, position-40, res-THR)
New vertex id: 39
305 306 307 308 309 310 311 
Adding vertex (chain-A, position-41, res-ALA)
New vertex id: 40
312 313 314 315 316 
Adding vertex (chain-A, position-42, res-ALA)
New vertex id: 41
317 318 319 320 321 
Adding vertex (chain-A, position-43, res-HIS)
New vertex id: 42
322 323 324 325 326 327 328 329 330 331 
Adding vertex (chain-A, position-44, res-CYS)
New vertex id: 43
332 333 334 335 336 337 
Adding vertex (chain-A, position-45, res-LEU)
New vertex id: 44
338 339 340 341 342 343 344 345 
Adding vertex (chain-A, position-46, res-LEU)
New vertex id: 45
346 347 348 349 350 351 352 353 
Adding vertex (chain-A, position-47, res-TYR)
New vertex id: 46
354 355 356 357 358 359 360 361 362 363 364 365 
Adding vertex (chain-A, position-48, res-PRO)
New vertex id: 47
366 367 368 369 370 371 372 
Adding vertex (chain-A, position-49, res-PRO)
New vertex id: 48
373 374 375 376 377 378 379 
Adding vertex (chain-A, position-50, res-TRP)
New vertex id: 49
380 381 382 383 384 385 386 387 388 389 390 391 392 393 
Adding vertex (chain-A, position-51, res-ASP)
New vertex id: 50
394 395 396 397 398 399 400 401 
Adding vertex (chain-A, position-52, res-LYS)
New vertex id: 51
402 403 404 405 406 407 408 409 410 
Adding vertex (chain-A, position-53, res-ASN)
New vertex id: 52
411 412 413 414 415 416 417 418 
Adding vertex (chain-A, position-54, res-PHE)
New vertex id: 53
419 420 421 422 423 424 425 426 427 428 429 
Adding vertex (chain-A, position-55, res-THR)
New vertex id: 54
430 431 432 433 434 435 436 
Adding vertex (chain-A, position-56, res-GLU)
New vertex id: 55
437 438 439 440 441 442 443 444 445 
Adding vertex (chain-A, position-57, res-ASN)
New vertex id: 56
446 447 448 449 450 451 452 453 
Adding vertex (chain-A, position-58, res-ASP)
New vertex id: 57
454 455 456 457 458 459 460 461 
Adding vertex (chain-A, position-59, res-LEU)
New vertex id: 58
462 463 464 465 466 467 468 469 
Adding vertex (chain-A, position-60, res-LEU)
New vertex id: 59
470 471 472 473 474 475 476 477 
Adding vertex (chain-A, position-61, res-VAL)
New vertex id: 60
478 479 480 481 482 483 484 
Adding vertex (chain-A, position-62, res-ARG)
New vertex id: 61
485 486 487 488 489 490 491 492 493 494 495 
Adding vertex (chain-A, position-63, res-ILE)
New vertex id: 62
496 497 498 499 500 501 502 503 
Adding vertex (chain-A, position-64, res-GLY)
New vertex id: 63
504 505 506 507 
Adding vertex (chain-A, position-65, res-LYS)
New vertex id: 64
508 509 510 511 512 513 514 515 516 
Adding vertex (chain-A, position-66, res-HIS)
New vertex id: 65
517 518 519 520 521 522 523 524 525 526 
Adding vertex (chain-A, position-67, res-SER)
New vertex id: 66
527 528 529 530 531 532 
Adding vertex (chain-A, position-68, res-ARG)
New vertex id: 67
533 534 535 536 537 538 539 540 541 542 543 
Adding vertex (chain-A, position-69, res-THR)
New vertex id: 68
544 545 546 547 548 549 550 
Adding vertex (chain-A, position-70, res-ALA)
New vertex id: 69
551 552 553 554 555 
Adding vertex (chain-A, position-71, res-TYR)
New vertex id: 70
556 557 558 559 560 561 562 563 564 565 566 567 
Adding vertex (chain-A, position-72, res-GLU)
New vertex id: 71
568 569 570 571 572 573 574 575 576 
Adding vertex (chain-A, position-73, res-ARG)
New vertex id: 72
577 578 579 580 581 582 583 584 585 586 587 
Adding vertex (chain-A, position-74, res-ASN)
New vertex id: 73
588 589 590 591 592 593 594 595 
Adding vertex (chain-A, position-75, res-ILE)
New vertex id: 74
596 597 598 599 600 601 602 603 
Adding vertex (chain-A, position-76, res-GLU)
New vertex id: 75
604 605 606 607 608 609 610 611 612 
Adding vertex (chain-A, position-77, res-LYS)
New vertex id: 76
613 614 615 616 617 618 619 620 621 
Adding vertex (chain-A, position-78, res-ILE)
New vertex id: 77
622 623 624 625 626 627 628 629 
Adding vertex (chain-A, position-79, res-SER)
New vertex id: 78
630 631 632 633 634 635 
Adding vertex (chain-A, position-80, res-MET)
New vertex id: 79
636 637 638 639 640 641 642 643 
Adding vertex (chain-A, position-81, res-LEU)
New vertex id: 80
644 645 646 647 648 649 650 651 
Adding vertex (chain-A, position-82, res-GLU)
New vertex id: 81
652 653 654 655 656 657 658 659 660 
Adding vertex (chain-A, position-83, res-LYS)
New vertex id: 82
661 662 663 664 665 666 667 668 669 
Adding vertex (chain-A, position-84, res-ILE)
New vertex id: 83
670 671 672 673 674 675 676 677 
Adding vertex (chain-A, position-85, res-TYR)
New vertex id: 84
678 679 680 681 682 683 684 685 686 687 688 689 
Adding vertex (chain-A, position-86, res-ILE)
New vertex id: 85
690 691 692 693 694 695 696 697 
Adding vertex (chain-A, position-87, res-HIS)
New vertex id: 86
698 699 700 701 702 703 704 705 706 707 
Adding vertex (chain-A, position-88, res-PRO)
New vertex id: 87
708 709 710 711 712 713 714 
Adding vertex (chain-A, position-89, res-ARG)
New vertex id: 88
715 716 717 718 719 720 721 722 723 724 725 
Adding vertex (chain-A, position-90, res-TYR)
New vertex id: 89
726 727 728 729 730 731 732 733 734 735 736 737 
Adding vertex (chain-A, position-91, res-ASN)
New vertex id: 90
738 739 740 741 742 743 744 745 
Adding vertex (chain-A, position-92, res-TRP)
New vertex id: 91
746 747 748 749 750 751 752 753 754 755 756 757 758 759 
Adding vertex (chain-A, position-93, res-ARG)
New vertex id: 92
760 761 762 763 764 765 766 767 768 769 770 
Adding vertex (chain-A, position-94, res-GLU)
New vertex id: 93
771 772 773 774 775 776 777 778 779 
Adding vertex (chain-A, position-95, res-ASN)
New vertex id: 94
780 781 782 783 784 785 786 787 
Adding vertex (chain-A, position-96, res-LEU)
New vertex id: 95
788 789 790 791 792 793 794 795 
Adding vertex (chain-A, position-97, res-ASP)
New vertex id: 96
796 797 798 799 800 801 802 803 
Adding vertex (chain-A, position-98, res-ARG)
New vertex id: 97
804 805 806 807 808 809 810 811 812 813 814 
Adding vertex (chain-A, position-99, res-ASP)
New vertex id: 98
815 816 817 818 819 820 821 822 
Adding vertex (chain-A, position-100, res-ILE)
New vertex id: 99
823 824 825 826 827 828 829 830 
Adding vertex (chain-A, position-101, res-ALA)
New vertex id: 100
831 832 833 834 835 
Adding vertex (chain-A, position-102, res-LEU)
New vertex id: 101
836 837 838 839 840 841 842 843 
Adding vertex (chain-A, position-103, res-MET)
New vertex id: 102
844 845 846 847 848 849 850 851 
Adding vertex (chain-A, position-104, res-LYS)
New vertex id: 103
852 853 854 855 856 857 858 859 860 
Adding vertex (chain-A, position-105, res-LEU)
New vertex id: 104
861 862 863 864 865 866 867 868 
Adding vertex (chain-A, position-106, res-LYS)
New vertex id: 105
869 870 871 872 873 874 875 876 877 
Adding vertex (chain-A, position-107, res-LYS)
New vertex id: 106
878 879 880 881 882 883 884 885 886 
Adding vertex (chain-A, position-108, res-PRO)
New vertex id: 107
887 888 889 890 891 892 893 
Adding vertex (chain-A, position-109, res-VAL)
New vertex id: 108
894 895 896 897 898 899 900 
Adding vertex (chain-A, position-110, res-ALA)
New vertex id: 109
901 902 903 904 905 
Adding vertex (chain-A, position-111, res-PHE)
New vertex id: 110
906 907 908 909 910 911 912 913 914 915 916 
Adding vertex (chain-A, position-112, res-SER)
New vertex id: 111
917 918 919 920 921 922 
Adding vertex (chain-A, position-113, res-ASP)
New vertex id: 112
923 924 925 926 927 928 929 930 
Adding vertex (chain-A, position-114, res-TYR)
New vertex id: 113
931 932 933 934 935 936 937 938 939 940 941 942 
Adding vertex (chain-A, position-115, res-ILE)
New vertex id: 114
943 944 945 946 947 948 949 950 
Adding vertex (chain-A, position-116, res-HIS)
New vertex id: 115
951 952 953 954 955 956 957 958 959 960 
Adding vertex (chain-A, position-117, res-PRO)
New vertex id: 116
961 962 963 964 965 966 967 
Adding vertex (chain-A, position-118, res-VAL)
New vertex id: 117
968 969 970 971 972 973 974 
Adding vertex (chain-A, position-119, res-CYS)
New vertex id: 118
975 976 977 978 979 980 
Adding vertex (chain-A, position-120, res-LEU)
New vertex id: 119
981 982 983 984 985 986 987 988 
Adding vertex (chain-A, position-121, res-PRO)
New vertex id: 120
989 990 991 992 993 994 995 
Adding vertex (chain-A, position-122, res-ASP)
New vertex id: 121
996 997 998 999 1000 1001 1002 1003 
Adding vertex (chain-A, position-123, res-ARG)
New vertex id: 122
1004 1005 1006 1007 1008 1009 1010 1011 1012 1013 1014 
Adding vertex (chain-A, position-124, res-GLU)
New vertex id: 123
1015 1016 1017 1018 1019 1020 1021 1022 1023 
Adding vertex (chain-A, position-125, res-THR)
New vertex id: 124
1024 1025 1026 1027 1028 1029 1030 
Adding vertex (chain-A, position-126, res-ALA)
New vertex id: 125
1031 1032 1033 1034 1035 
Adding vertex (chain-A, position-127, res-ALA)
New vertex id: 126
1036 1037 1038 1039 1040 
Adding vertex (chain-A, position-128, res-SER)
New vertex id: 127
1041 1042 1043 1044 1045 1046 
Adding vertex (chain-A, position-129, res-LEU)
New vertex id: 128
1047 1048 1049 1050 1051 1052 1053 1054 
Adding vertex (chain-A, position-130, res-LEU)
New vertex id: 129
1055 1056 1057 1058 1059 1060 1061 1062 
Adding vertex (chain-A, position-131, res-GLN)
New vertex id: 130
1063 1064 1065 1066 1067 1068 1069 1070 1071 
Adding vertex (chain-A, position-132, res-ALA)
New vertex id: 131
1072 1073 1074 1075 1076 
Adding vertex (chain-A, position-133, res-GLY)
New vertex id: 132
1077 1078 1079 1080 
Adding vertex (chain-A, position-134, res-TYR)
New vertex id: 133
1081 1082 1083 1084 1085 1086 1087 1088 1089 1090 1091 1092 
Adding vertex (chain-A, position-135, res-LYS)
New vertex id: 134
1093 1094 1095 1096 1097 1098 1099 1100 1101 
Adding vertex (chain-A, position-136, res-GLY)
New vertex id: 135
1102 1103 1104 1105 
Adding vertex (chain-A, position-137, res-ARG)
New vertex id: 136
1106 1107 1108 1109 1110 1111 1112 1113 1114 1115 1116 
Adding vertex (chain-A, position-138, res-VAL)
New vertex id: 137
1117 1118 1119 1120 1121 1122 1123 
Adding vertex (chain-A, position-139, res-THR)
New vertex id: 138
1124 1125 1126 1127 1128 1129 1130 
Adding vertex (chain-A, position-140, res-GLY)
New vertex id: 139
1131 1132 1133 1134 
Adding vertex (chain-A, position-141, res-TRP)
New vertex id: 140
1135 1136 1137 1138 1139 1140 1141 1142 1143 1144 1145 1146 1147 1148 
Adding vertex (chain-A, position-142, res-GLY)
New vertex id: 141
1149 1150 1151 1152 
Adding vertex (chain-A, position-143, res-ASN)
New vertex id: 142
1153 1154 1155 1156 1157 1158 1159 1160 
Adding vertex (chain-A, position-144, res-LEU)
New vertex id: 143
1161 1162 1163 1164 1165 1166 1167 1168 
Adding vertex (chain-A, position-145, res-LYS)
New vertex id: 144
1169 1170 1171 1172 1173 1174 1175 1176 1177 
Adding vertex (chain-A, position-146, res-GLU)
New vertex id: 145
1178 1179 1180 1181 1182 1183 1184 1185 1186 
Adding vertex (chain-A, position-147, res-THR)
New vertex id: 146
1187 1188 1189 1190 1191 1192 1193 
Adding vertex (chain-A, position-148, res-GLY)
New vertex id: 147
1194 1195 1196 1197 
Adding vertex (chain-A, position-149, res-GLN)
New vertex id: 148
1198 1199 1200 1201 1202 1203 1204 1205 1206 
Adding vertex (chain-A, position-150, res-PRO)
New vertex id: 149
1207 1208 1209 1210 1211 1212 1213 
Adding vertex (chain-A, position-151, res-SER)
New vertex id: 150
1214 1215 1216 1217 1218 1219 
Adding vertex (chain-A, position-152, res-VAL)
New vertex id: 151
1220 1221 1222 1223 1224 1225 1226 
Adding vertex (chain-A, position-153, res-LEU)
New vertex id: 152
1227 1228 1229 1230 1231 1232 1233 1234 
Adding vertex (chain-A, position-154, res-GLN)
New vertex id: 153
1235 1236 1237 1238 1239 1240 1241 1242 1243 
Adding vertex (chain-A, position-155, res-VAL)
New vertex id: 154
1244 1245 1246 1247 1248 1249 1250 
Adding vertex (chain-A, position-156, res-VAL)
New vertex id: 155
1251 1252 1253 1254 1255 1256 1257 
Adding vertex (chain-A, position-157, res-ASN)
New vertex id: 156
1258 1259 1260 1261 1262 1263 1264 1265 
Adding vertex (chain-A, position-158, res-LEU)
New vertex id: 157
1266 1267 1268 1269 1270 1271 1272 1273 
Adding vertex (chain-A, position-159, res-PRO)
New vertex id: 158
1274 1275 1276 1277 1278 1279 1280 
Adding vertex (chain-A, position-160, res-ILE)
New vertex id: 159
1281 1282 1283 1284 1285 1286 1287 1288 
Adding vertex (chain-A, position-161, res-VAL)
New vertex id: 160
1289 1290 1291 1292 1293 1294 1295 
Adding vertex (chain-A, position-162, res-GLU)
New vertex id: 161
1296 1297 1298 1299 1300 1301 1302 1303 1304 
Adding vertex (chain-A, position-163, res-ARG)
New vertex id: 162
1305 1306 1307 1308 1309 1310 1311 1312 1313 1314 1315 
Adding vertex (chain-A, position-164, res-PRO)
New vertex id: 163
1316 1317 1318 1319 1320 1321 1322 
Adding vertex (chain-A, position-165, res-VAL)
New vertex id: 164
1323 1324 1325 1326 1327 1328 1329 
Adding vertex (chain-A, position-166, res-CYS)
New vertex id: 165
1330 1331 1332 1333 1334 1335 
Adding vertex (chain-A, position-167, res-LYS)
New vertex id: 166
1336 1337 1338 1339 1340 1341 1342 1343 1344 
Adding vertex (chain-A, position-168, res-ASP)
New vertex id: 167
1345 1346 1347 1348 1349 1350 1351 1352 
Adding vertex (chain-A, position-169, res-SER)
New vertex id: 168
1353 1354 1355 1356 1357 1358 
Adding vertex (chain-A, position-170, res-THR)
New vertex id: 169
1359 1360 1361 1362 1363 1364 1365 
Adding vertex (chain-A, position-171, res-ARG)
New vertex id: 170
1366 1367 1368 1369 1370 1371 1372 1373 1374 1375 1376 
Adding vertex (chain-A, position-172, res-ILE)
New vertex id: 171
1377 1378 1379 1380 1381 1382 1383 1384 
Adding vertex (chain-A, position-173, res-ARG)
New vertex id: 172
1385 1386 1387 1388 1389 1390 1391 1392 1393 1394 1395 
Adding vertex (chain-A, position-174, res-ILE)
New vertex id: 173
1396 1397 1398 1399 1400 1401 1402 1403 
Adding vertex (chain-A, position-175, res-THR)
New vertex id: 174
1404 1405 1406 1407 1408 1409 1410 
Adding vertex (chain-A, position-176, res-ASP)
New vertex id: 175
1411 1412 1413 1414 1415 1416 1417 1418 
Adding vertex (chain-A, position-177, res-ASN)
New vertex id: 176
1419 1420 1421 1422 1423 1424 1425 1426 
Adding vertex (chain-A, position-178, res-MET)
New vertex id: 177
1427 1428 1429 1430 1431 1432 1433 1434 
Adding vertex (chain-A, position-179, res-PHE)
New vertex id: 178
1435 1436 1437 1438 1439 1440 1441 1442 1443 1444 1445 
Adding vertex (chain-A, position-180, res-CYS)
New vertex id: 179
1446 1447 1448 1449 1450 1451 
Adding vertex (chain-A, position-181, res-ALA)
New vertex id: 180
1452 1453 1454 1455 1456 
Adding vertex (chain-A, position-182, res-GLY)
New vertex id: 181
1457 1458 1459 1460 
Adding vertex (chain-A, position-183, res-TYR)
New vertex id: 182
1461 1462 1463 1464 1465 1466 1467 1468 1469 1470 1471 1472 
Adding vertex (chain-A, position-184, res-LYS)
New vertex id: 183
1473 1474 1475 1476 1477 1478 1479 1480 1481 
Adding vertex (chain-A, position-185, res-PRO)
New vertex id: 184
1482 1483 1484 1485 1486 1487 1488 
Adding vertex (chain-A, position-186, res-ASP)
New vertex id: 185
1489 1490 1491 1492 1493 1494 1495 1496 
Adding vertex (chain-A, position-187, res-GLU)
New vertex id: 186
1497 1498 1499 1500 1501 1502 1503 1504 1505 
Adding vertex (chain-A, position-188, res-GLY)
New vertex id: 187
1506 1507 1508 1509 
Adding vertex (chain-A, position-189, res-LYS)
New vertex id: 188
1510 1511 1512 1513 1514 1515 1516 1517 1518 
Adding vertex (chain-A, position-190, res-ARG)
New vertex id: 189
1519 1520 1521 1522 1523 1524 1525 1526 1527 1528 1529 
Adding vertex (chain-A, position-191, res-GLY)
New vertex id: 190
1530 1531 1532 1533 
Adding vertex (chain-A, position-192, res-ASP)
New vertex id: 191
1534 1535 1536 1537 1538 1539 1540 1541 
Adding vertex (chain-A, position-193, res-ALA)
New vertex id: 192
1542 1543 1544 1545 1546 
Adding vertex (chain-A, position-194, res-CYS)
New vertex id: 193
1547 1548 1549 1550 1551 1552 
Adding vertex (chain-A, position-195, res-GLU)
New vertex id: 194
1553 1554 1555 1556 1557 1558 1559 1560 1561 
Adding vertex (chain-A, position-196, res-GLY)
New vertex id: 195
1562 1563 1564 1565 
Adding vertex (chain-A, position-197, res-ASP)
New vertex id: 196
1566 1567 1568 1569 1570 1571 1572 1573 
Adding vertex (chain-A, position-198, res-SER)
New vertex id: 197
1574 1575 1576 1577 1578 1579 
Adding vertex (chain-A, position-199, res-GLY)
New vertex id: 198
1580 1581 1582 1583 
Adding vertex (chain-A, position-200, res-GLY)
New vertex id: 199
1584 1585 1586 1587 
Adding vertex (chain-A, position-201, res-PRO)
New vertex id: 200
1588 1589 1590 1591 1592 1593 1594 
Adding vertex (chain-A, position-202, res-PHE)
New vertex id: 201
1595 1596 1597 1598 1599 1600 1601 1602 1603 1604 1605 
Adding vertex (chain-A, position-203, res-VAL)
New vertex id: 202
1606 1607 1608 1609 1610 1611 1612 
Adding vertex (chain-A, position-204, res-MET)
New vertex id: 203
1613 1614 1615 1616 1617 1618 1619 1620 
Adding vertex (chain-A, position-205, res-LYS)
New vertex id: 204
1621 1622 1623 1624 1625 1626 1627 1628 1629 
Adding vertex (chain-A, position-206, res-SER)
New vertex id: 205
1630 1631 1632 1633 1634 1635 
Adding vertex (chain-A, position-207, res-PRO)
New vertex id: 206
1636 1637 1638 1639 1640 1641 1642 
Adding vertex (chain-A, position-208, res-PHE)
New vertex id: 207
1643 1644 1645 1646 1647 1648 1649 1650 1651 1652 1653 
Adding vertex (chain-A, position-209, res-ASN)
New vertex id: 208
1654 1655 1656 1657 1658 1659 1660 1661 
Adding vertex (chain-A, position-210, res-ASN)
New vertex id: 209
1662 1663 1664 1665 1666 1667 1668 1669 
Adding vertex (chain-A, position-211, res-ARG)
New vertex id: 210
1670 1671 1672 1673 1674 1675 1676 1677 1678 1679 1680 
Adding vertex (chain-A, position-212, res-TRP)
New vertex id: 211
1681 1682 1683 1684 1685 1686 1687 1688 1689 1690 1691 1692 1693 1694 
Adding vertex (chain-A, position-213, res-TYR)
New vertex id: 212
1695 1696 1697 1698 1699 1700 1701 1702 1703 1704 1705 1706 
Adding vertex (chain-A, position-214, res-GLN)
New vertex id: 213
1707 1708 1709 1710 1711 1712 1713 1714 1715 
Adding vertex (chain-A, position-215, res-MET)
New vertex id: 214
1716 1717 1718 1719 1720 1721 1722 1723 
Adding vertex (chain-A, position-216, res-GLY)
New vertex id: 215
1724 1725 1726 1727 
Adding vertex (chain-A, position-217, res-ILE)
New vertex id: 216
1728 1729 1730 1731 1732 1733 1734 1735 
Adding vertex (chain-A, position-218, res-VAL)
New vertex id: 217
1736 1737 1738 1739 1740 1741 1742 
Adding vertex (chain-A, position-219, res-SER)
New vertex id: 218
1743 1744 1745 1746 1747 1748 
Adding vertex (chain-A, position-220, res-TRP)
New vertex id: 219
1749 1750 1751 1752 1753 1754 1755 1756 1757 1758 1759 1760 1761 1762 
Adding vertex (chain-A, position-221, res-GLY)
New vertex id: 220
1763 1764 1765 1766 
Adding vertex (chain-A, position-222, res-GLU)
New vertex id: 221
1767 1768 1769 1770 1771 1772 1773 1774 1775 
Adding vertex (chain-A, position-223, res-GLY)
New vertex id: 222
1776 1777 1778 1779 
Adding vertex (chain-A, position-224, res-CYS)
New vertex id: 223
1780 1781 1782 1783 1784 1785 
Adding vertex (chain-A, position-225, res-ASP)
New vertex id: 224
1786 1787 1788 1789 1790 1791 1792 1793 
Adding vertex (chain-A, position-226, res-ARG)
New vertex id: 225
1794 1795 1796 1797 1798 1799 1800 1801 1802 1803 1804 
Adding vertex (chain-A, position-227, res-ASP)
New vertex id: 226
1805 1806 1807 1808 1809 1810 1811 1812 
Adding vertex (chain-A, position-228, res-GLY)
New vertex id: 227
1813 1814 1815 1816 
Adding vertex (chain-A, position-229, res-LYS)
New vertex id: 228
1817 1818 1819 1820 1821 1822 1823 1824 1825 
Adding vertex (chain-A, position-230, res-TYR)
New vertex id: 229
1826 1827 1828 1829 1830 1831 1832 1833 1834 1835 1836 1837 
Adding vertex (chain-A, position-231, res-GLY)
New vertex id: 230
1838 1839 1840 1841 
Adding vertex (chain-A, position-232, res-PHE)
New vertex id: 231
1842 1843 1844 1845 1846 1847 1848 1849 1850 1851 1852 
Adding vertex (chain-A, position-233, res-TYR)
New vertex id: 232
1853 1854 1855 1856 1857 1858 1859 1860 1861 1862 1863 1864 
Adding vertex (chain-A, position-234, res-THR)
New vertex id: 233
1865 1866 1867 1868 1869 1870 1871 
Adding vertex (chain-A, position-235, res-HIS)
New vertex id: 234
1872 1873 1874 1875 1876 1877 1878 1879 1880 1881 
Adding vertex (chain-A, position-236, res-VAL)
New vertex id: 235
1882 1883 1884 1885 1886 1887 1888 
Adding vertex (chain-A, position-237, res-PHE)
New vertex id: 236
1889 1890 1891 1892 1893 1894 1895 1896 1897 1898 1899 
Adding vertex (chain-A, position-238, res-ARG)
New vertex id: 237
1900 1901 1902 1903 1904 1905 1906 1907 1908 1909 1910 
Adding vertex (chain-A, position-239, res-LEU)
New vertex id: 238
1911 1912 1913 1914 1915 1916 1917 1918 
Adding vertex (chain-A, position-240, res-LYS)
New vertex id: 239
1919 1920 1921 1922 1923 1924 1925 1926 1927 
Adding vertex (chain-A, position-241, res-LYS)
New vertex id: 240
1928 1929 1930 1931 1932 1933 1934 1935 1936 
Adding vertex (chain-A, position-242, res-TRP)
New vertex id: 241
1937 1938 1939 1940 1941 1942 1943 1944 1945 1946 1947 1948 1949 1950 
Adding vertex (chain-A, position-243, res-ILE)
New vertex id: 242
1951 1952 1953 1954 1955 1956 1957 1958 
Adding vertex (chain-A, position-244, res-GLN)
New vertex id: 243
1959 1960 1961 1962 1963 1964 1965 1966 1967 
Adding vertex (chain-A, position-245, res-LYS)
New vertex id: 244
1968 1969 1970 1971 1972 1973 1974 1975 1976 
Adding vertex (chain-A, position-246, res-VAL)
New vertex id: 245
1977 1978 1979 1980 1981 1982 1983 
Adding vertex (chain-A, position-247, res-ILE)
New vertex id: 246
1984 1985 1986 1987 1988 1989 1990 1991 
Adding vertex (chain-A, position-248, res-ASP)
New vertex id: 247
1992 1993 1994 1995 1996 1997 1998 1999 
Adding vertex (chain-A, position-249, res-GLN)
New vertex id: 248
2000 2001 2002 2003 2004 2005 2006 2007 2008 
Adding vertex (chain-A, position-250, res-PHE)
New vertex id: 249
2009 2010 2011 2012 2013 2014 2015 2016 2017 2018 2019 2020 
Graph DONE

( reduce -FLIPs 1VZQ.pdb > 1VZQ.H.pdb ) >& /dev/null
Reduce (-FLIPs) returned 0
( bndlst -Radius0.3 1VZQ.H.pdb > 1VZQ.H.bndlst ) >& /dev/null
BndLst returned 0
Parsing 1VZQ.H.bndlst

bndlst START
Adding bndlst edge: (A_I1_MC -> A_V2_MC) type[cov], weight[1.00] from 0 to 1 dist[1.32]
Adding bndlst edge: (A_I1_MC -> A_D197_SC) type[salt], weight[0.46] from 0 to 196 dist[2.81]
Adding bndlst edge: (A_I1_MC -> A_D197_SC) type[cov], weight[1.00] from 0 to 196 dist[1.61]
Adding bndlst edge: (A_I1_MC -> A_N143_MC) type[hb], weight[1.17] from 0 to 142 dist[1.85]
Adding bndlst edge: (A_V2_MC -> A_E3_MC) type[cov], weight[1.00] from 1 to 2 dist[1.33]
Adding bndlst edge: (A_V2_MC -> A_D192_MC) type[hb], weight[0.71] from 1 to 191 dist[2.38]
Adding bndlst edge: (A_V2_MC -> A_D192_MC) type[hb], weight[1.14] from 1 to 191 dist[1.87]
Adding bndlst edge: (A_E3_MC -> A_G4_MC) type[cov], weight[1.00] from 2 to 3 dist[1.32]
Adding bndlst edge: (A_G4_MC -> A_S5_MC) type[cov], weight[1.00] from 3 to 4 dist[1.33]
Adding bndlst edge: (A_S5_MC -> A_D6_MC) type[cov], weight[1.00] from 4 to 5 dist[1.32]
Adding bndlst edge: (A_S5_MC -> A_V155_MC) type[hb], weight[1.10] from 4 to 154 dist[1.91]
Adding bndlst edge: (A_S5_MC -> A_V155_MC) type[hb], weight[0.99] from 4 to 154 dist[2.01]
Adding bndlst edge: (A_D6_MC -> A_A7_MC) type[cov], weight[1.00] from 5 to 6 dist[1.33]
Adding bndlst edge: (A_D6_SC -> A_Q154_SC) type[hb], weight[1.19] from 5 to 153 dist[1.83]
Adding bndlst edge: (A_A7_MC -> A_E8_MC) type[cov], weight[1.00] from 6 to 7 dist[1.33]
Adding bndlst edge: (A_A7_MC -> A_H66_SC) type[hb], weight[0.86] from 6 to 65 dist[2.15]
Adding bndlst edge: (A_A7_MC -> A_L153_MC) type[hb], weight[1.20] from 6 to 152 dist[1.83]
Adding bndlst edge: (A_E8_MC -> A_I9_MC) type[cov], weight[1.00] from 7 to 8 dist[1.33]
Adding bndlst edge: (A_E8_MC -> A_M11_MC) type[hb], weight[0.86] from 7 to 10 dist[2.15]
Adding bndlst edge: (A_E8_MC -> A_M11_SC) type[hb], weight[0.62] from 7 to 10 dist[2.54]
Adding bndlst edge: (A_I9_MC -> A_G10_MC) type[cov], weight[1.00] from 8 to 9 dist[1.33]
Adding bndlst edge: (A_I9_MC -> A_M11_MC) type[hb], weight[0.45] from 8 to 10 dist[2.98]
Adding bndlst edge: (A_G10_MC -> A_M11_MC) type[cov], weight[1.00] from 9 to 10 dist[1.33]
Adding bndlst edge: (A_M11_MC -> A_S12_MC) type[cov], weight[1.00] from 10 to 11 dist[1.33]
Adding bndlst edge: (A_S12_MC -> A_P13_MC) type[cov], weight[1.00] from 11 to 12 dist[1.33]
Adding bndlst edge: (A_S12_MC -> A_Q15_MC) type[hb], weight[1.14] from 11 to 14 dist[1.88]
Adding bndlst edge: (A_S12_MC -> A_W14_MC) type[hb], weight[0.54] from 11 to 13 dist[2.73]
Adding bndlst edge: (A_S12_SC -> A_T139_SC) type[hb], weight[0.50] from 11 to 138 dist[2.83]
Adding bndlst edge: (A_S12_SC -> A_T139_SC) type[hb], weight[0.46] from 11 to 138 dist[2.95]
Adding bndlst edge: (A_S12_SC -> A_Q15_SC) type[hb], weight[1.23] from 11 to 14 dist[1.80]
Adding bndlst edge: (A_P13_MC -> A_W14_MC) type[cov], weight[1.00] from 12 to 13 dist[1.31]
Adding bndlst edge: (A_P13_MC -> A_H116_MC) type[hb], weight[0.93] from 12 to 115 dist[2.07]
Adding bndlst edge: (A_W14_MC -> A_Q15_MC) type[cov], weight[1.00] from 13 to 14 dist[1.32]
Adding bndlst edge: (A_W14_MC -> A_L32_MC) type[hb], weight[1.06] from 13 to 31 dist[1.95]
Adding bndlst edge: (A_Q15_MC -> A_V16_MC) type[cov], weight[1.00] from 14 to 15 dist[1.34]
Adding bndlst edge: (A_Q15_SC -> A_T139_SC) type[cov], weight[1.00] from 14 to 138 dist[1.52]
Adding bndlst edge: (A_Q15_SC -> A_T139_SC) type[hb], weight[0.57] from 14 to 138 dist[2.66]
Adding bndlst edge: (A_Q15_SC -> A_T139_MC) type[hb], weight[0.70] from 14 to 138 dist[2.40]
Adding bndlst edge: (A_V16_MC -> A_M17_MC) type[cov], weight[1.00] from 15 to 16 dist[1.33]
Adding bndlst edge: (A_V16_MC -> A_A30_MC) type[hb], weight[0.68] from 15 to 29 dist[2.42]
Adding bndlst edge: (A_V16_MC -> A_A30_MC) type[hb], weight[1.01] from 15 to 29 dist[1.99]
Adding bndlst edge: (A_M17_MC -> A_L18_MC) type[cov], weight[1.00] from 16 to 17 dist[1.34]
Adding bndlst edge: (A_M17_MC -> A_R62_MC) type[hb], weight[1.06] from 16 to 61 dist[1.95]
Adding bndlst edge: (A_M17_MC -> A_R62_MC) type[hb], weight[1.10] from 16 to 61 dist[1.91]
Adding bndlst edge: (A_L18_MC -> A_F19_MC) type[cov], weight[1.00] from 17 to 18 dist[1.33]
Adding bndlst edge: (A_L18_MC -> A_C28_MC) type[hb], weight[0.61] from 17 to 27 dist[2.56]
Adding bndlst edge: (A_L18_MC -> A_L27_MC) type[hb], weight[1.13] from 17 to 26 dist[1.89]
Adding bndlst edge: (A_L18_MC -> A_C28_MC) type[hb], weight[1.14] from 17 to 27 dist[1.87]
Adding bndlst edge: (A_F19_MC -> A_R20_MC) type[cov], weight[1.00] from 18 to 19 dist[1.33]
Adding bndlst edge: (A_F19_MC -> A_L60_MC) type[hb], weight[1.09] from 18 to 59 dist[1.92]
Adding bndlst edge: (A_F19_SC -> A_R62_SC) type[hb], weight[0.41] from 18 to 61 dist[3.11]
Adding bndlst edge: (A_F19_SC -> A_R62_SC) type[hb], weight[0.50] from 18 to 61 dist[2.83]
Adding bndlst edge: (A_F19_SC -> A_R62_SC) type[hb], weight[0.36] from 18 to 61 dist[3.34]
Adding bndlst edge: (A_F19_SC -> A_R62_SC) type[hb], weight[0.51] from 18 to 61 dist[2.81]
Adding bndlst edge: (A_F19_SC -> A_R62_SC) type[hb], weight[0.36] from 18 to 61 dist[3.32]
Adding bndlst edge: (A_F19_SC -> A_R62_SC) type[hb], weight[0.43] from 18 to 61 dist[3.06]
Adding bndlst edge: (A_F19_MC -> A_L60_MC) type[hb], weight[1.12] from 18 to 59 dist[1.89]
Adding bndlst edge: (A_R20_MC -> A_K21_MC) type[cov], weight[1.00] from 19 to 20 dist[1.33]
Adding bndlst edge: (A_R20_MC -> A_E25_MC) type[hb], weight[0.62] from 19 to 24 dist[2.53]
Adding bndlst edge: (A_R20_MC -> A_E25_MC) type[hb], weight[1.05] from 19 to 24 dist[1.95]
Adding bndlst edge: (A_R20_SC -> A_S22_MC) type[hb], weight[0.46] from 19 to 21 dist[2.95]
Adding bndlst edge: (A_R20_SC -> A_E25_SC) type[salt], weight[0.87] from 19 to 24 dist[2.03]
Adding bndlst edge: (A_K21_MC -> A_S22_MC) type[cov], weight[1.00] from 20 to 21 dist[1.33]
Adding bndlst edge: (A_K21_MC -> A_D58_MC) type[hb], weight[0.91] from 20 to 57 dist[2.10]
Adding bndlst edge: (A_K21_SC -> A_N57_MC) type[hb], weight[0.94] from 20 to 56 dist[2.06]
Adding bndlst edge: (A_S22_MC -> A_P23_MC) type[cov], weight[1.00] from 21 to 22 dist[1.34]
Adding bndlst edge: (A_P23_MC -> A_Q24_MC) type[cov], weight[1.00] from 22 to 23 dist[1.33]
Adding bndlst edge: (A_Q24_MC -> A_E25_MC) type[cov], weight[1.00] from 23 to 24 dist[1.32]
Adding bndlst edge: (A_E25_MC -> A_L26_MC) type[cov], weight[1.00] from 24 to 25 dist[1.33]
Adding bndlst edge: (A_L26_MC -> A_L27_MC) type[cov], weight[1.00] from 25 to 26 dist[1.32]
Adding bndlst edge: (A_L27_MC -> A_C28_MC) type[cov], weight[1.00] from 26 to 27 dist[1.33]
Adding bndlst edge: (A_C28_MC -> A_G29_MC) type[cov], weight[1.00] from 27 to 28 dist[1.33]
Adding bndlst edge: (A_G29_MC -> A_A30_MC) type[cov], weight[1.00] from 28 to 29 dist[1.33]
Adding bndlst edge: (A_G29_MC -> A_T40_SC) type[hb], weight[1.16] from 28 to 39 dist[1.86]
Adding bndlst edge: (A_G29_MC -> A_S198_MC) type[hb], weight[1.28] from 28 to 197 dist[1.77]
Adding bndlst edge: (A_A30_MC -> A_S31_MC) type[cov], weight[1.00] from 29 to 30 dist[1.33]
Adding bndlst edge: (A_S31_MC -> A_L32_MC) type[cov], weight[1.00] from 30 to 31 dist[1.33]
Adding bndlst edge: (A_S31_MC -> A_L39_MC) type[hb], weight[1.13] from 30 to 38 dist[1.88]
Adding bndlst edge: (A_S31_MC -> A_L39_MC) type[hb], weight[1.00] from 30 to 38 dist[2.00]
Adding bndlst edge: (A_S31_SC -> A_Q214_SC) type[cov], weight[1.00] from 30 to 213 dist[1.63]
Adding bndlst edge: (A_L32_MC -> A_I33_MC) type[cov], weight[1.00] from 31 to 32 dist[1.33]
Adding bndlst edge: (A_L32_MC -> A_V118_MC) type[hb], weight[0.90] from 31 to 117 dist[2.11]
Adding bndlst edge: (A_I33_MC -> A_S34_MC) type[cov], weight[1.00] from 32 to 33 dist[1.34]
Adding bndlst edge: (A_I33_MC -> A_W37_MC) type[hb], weight[1.01] from 32 to 36 dist[1.99]
Adding bndlst edge: (A_S34_MC -> A_D35_MC) type[cov], weight[1.00] from 33 to 34 dist[1.34]
Adding bndlst edge: (A_S34_MC -> A_W37_MC) type[hb], weight[0.53] from 33 to 36 dist[2.75]
Adding bndlst edge: (A_S34_MC -> A_R36_MC) type[hb], weight[0.47] from 33 to 35 dist[2.90]
Adding bndlst edge: (A_S34_SC -> A_W37_MC) type[hb], weight[0.69] from 33 to 36 dist[2.40]
Adding bndlst edge: (A_S34_SC -> A_R36_MC) type[hb], weight[0.81] from 33 to 35 dist[2.22]
Adding bndlst edge: (A_S34_MC -> A_W37_MC) type[hb], weight[0.52] from 33 to 36 dist[2.77]
Adding bndlst edge: (A_S34_SC -> A_W37_SC) type[hb], weight[0.40] from 33 to 36 dist[3.17]
Adding bndlst edge: (A_D35_MC -> A_R36_MC) type[cov], weight[1.00] from 34 to 35 dist[1.33]
Adding bndlst edge: (A_D35_MC -> A_V109_MC) type[hb], weight[1.12] from 34 to 108 dist[1.89]
Adding bndlst edge: (A_D35_SC -> A_R36_SC) type[salt], weight[0.53] from 34 to 35 dist[2.61]
Adding bndlst edge: (A_D35_SC -> A_R36_SC) type[salt], weight[0.66] from 34 to 35 dist[2.33]
Adding bndlst edge: (A_R36_MC -> A_W37_MC) type[cov], weight[1.00] from 35 to 36 dist[1.33]
Adding bndlst edge: (A_R36_MC -> A_L105_MC) type[hb], weight[1.15] from 35 to 104 dist[1.87]
Adding bndlst edge: (A_W37_MC -> A_V38_MC) type[cov], weight[1.00] from 36 to 37 dist[1.33]
Adding bndlst edge: (A_V38_MC -> A_L39_MC) type[cov], weight[1.00] from 37 to 38 dist[1.33]
Adding bndlst edge: (A_V38_MC -> A_M103_MC) type[hb], weight[1.06] from 37 to 102 dist[1.95]
Adding bndlst edge: (A_V38_MC -> A_M103_MC) type[hb], weight[0.98] from 37 to 102 dist[2.02]
Adding bndlst edge: (A_L39_MC -> A_T40_MC) type[cov], weight[1.00] from 38 to 39 dist[1.34]
Adding bndlst edge: (A_T40_MC -> A_A41_MC) type[cov], weight[1.00] from 39 to 40 dist[1.32]
Adding bndlst edge: (A_T40_MC -> A_A101_MC) type[hb], weight[0.94] from 39 to 100 dist[2.06]
Adding bndlst edge: (A_T40_SC -> A_A41_MC) type[hb], weight[0.86] from 39 to 40 dist[2.15]
Adding bndlst edge: (A_T40_MC -> A_A101_MC) type[hb], weight[1.01] from 39 to 100 dist[1.99]
Adding bndlst edge: (A_A41_MC -> A_A42_MC) type[cov], weight[1.00] from 40 to 41 dist[1.34]
Adding bndlst edge: (A_A41_MC -> A_C44_MC) type[hb], weight[0.82] from 40 to 43 dist[2.21]
Adding bndlst edge: (A_A42_MC -> A_H43_MC) type[cov], weight[1.00] from 41 to 42 dist[1.34]
Adding bndlst edge: (A_A42_MC -> A_L46_MC) type[hb], weight[1.14] from 41 to 45 dist[1.88]
Adding bndlst edge: (A_A42_MC -> A_C44_MC) type[hb], weight[0.45] from 41 to 43 dist[2.99]
Adding bndlst edge: (A_A42_MC -> A_L45_MC) type[hb], weight[1.03] from 41 to 44 dist[1.97]
Adding bndlst edge: (A_A42_MC -> A_D99_SC) type[hb], weight[0.70] from 41 to 98 dist[2.39]
Adding bndlst edge: (A_H43_MC -> A_C44_MC) type[cov], weight[1.00] from 42 to 43 dist[1.33]
Adding bndlst edge: (A_H43_SC -> A_S198_SC) type[hb], weight[0.50] from 42 to 197 dist[2.82]
Adding bndlst edge: (A_H43_SC -> A_S198_SC) type[hb], weight[0.47] from 42 to 197 dist[2.93]
Adding bndlst edge: (A_H43_SC -> A_S198_SC) type[hb], weight[1.14] from 42 to 197 dist[1.87]
Adding bndlst edge: (A_H43_MC -> A_D99_SC) type[hb], weight[1.07] from 42 to 98 dist[1.93]
Adding bndlst edge: (A_H43_SC -> A_S219_MC) type[hb], weight[0.54] from 42 to 218 dist[2.73]
Adding bndlst edge: (A_H43_SC -> A_V218_MC) type[hb], weight[0.58] from 42 to 217 dist[2.63]
Adding bndlst edge: (A_C44_MC -> A_L45_MC) type[cov], weight[1.00] from 43 to 44 dist[1.33]
Adding bndlst edge: (A_L45_MC -> A_L46_MC) type[cov], weight[1.00] from 44 to 45 dist[1.33]
Adding bndlst edge: (A_L45_MC -> A_F54_MC) type[hb], weight[0.96] from 44 to 53 dist[2.04]
Adding bndlst edge: (A_L46_MC -> A_Y47_MC) type[cov], weight[1.00] from 45 to 46 dist[1.32]
Adding bndlst edge: (A_L46_MC -> A_Y90_SC) type[hb], weight[1.33] from 45 to 89 dist[1.73]
Adding bndlst edge: (A_Y47_MC -> A_P48_MC) type[cov], weight[1.00] from 46 to 47 dist[1.34]
Adding bndlst edge: (A_Y47_MC -> A_K52_MC) type[hb], weight[0.82] from 46 to 51 dist[2.21]
Adding bndlst edge: (A_Y47_MC -> A_W50_MC) type[hb], weight[0.88] from 46 to 49 dist[2.14]
Adding bndlst edge: (A_Y47_SC -> A_W50_MC) type[hb], weight[0.37] from 46 to 49 dist[3.29]
Adding bndlst edge: (A_Y47_MC -> A_K52_MC) type[hb], weight[1.09] from 46 to 51 dist[1.92]
Adding bndlst edge: (A_P48_MC -> A_P49_MC) type[cov], weight[1.00] from 47 to 48 dist[1.33]
Adding bndlst edge: (A_P48_MC -> A_D51_MC) type[hb], weight[1.04] from 47 to 50 dist[1.96]
Adding bndlst edge: (A_P49_MC -> A_W50_MC) type[cov], weight[1.00] from 48 to 49 dist[1.34]
Adding bndlst edge: (A_W50_MC -> A_D51_MC) type[cov], weight[1.00] from 49 to 50 dist[1.33]
Adding bndlst edge: (A_D51_MC -> A_K52_MC) type[cov], weight[1.00] from 50 to 51 dist[1.32]
Adding bndlst edge: (A_K52_MC -> A_N53_MC) type[cov], weight[1.00] from 51 to 52 dist[1.33]
Adding bndlst edge: (A_N53_MC -> A_F54_MC) type[cov], weight[1.00] from 52 to 53 dist[1.33]
Adding bndlst edge: (A_F54_MC -> A_T55_MC) type[cov], weight[1.00] from 53 to 54 dist[1.32]
Adding bndlst edge: (A_T55_MC -> A_E56_MC) type[cov], weight[1.00] from 54 to 55 dist[1.32]
Adding bndlst edge: (A_T55_MC -> A_D58_MC) type[hb], weight[0.94] from 54 to 57 dist[2.07]
Adding bndlst edge: (A_T55_SC -> A_E56_MC) type[hb], weight[0.62] from 54 to 55 dist[2.54]
Adding bndlst edge: (A_T55_MC -> A_D58_SC) type[hb], weight[1.01] from 54 to 57 dist[1.99]
Adding bndlst edge: (A_E56_MC -> A_N57_MC) type[cov], weight[1.00] from 55 to 56 dist[1.33]
Adding bndlst edge: (A_E56_MC -> A_L59_MC) type[hb], weight[0.54] from 55 to 58 dist[2.72]
Adding bndlst edge: (A_E56_SC -> A_I84_MC) type[hb], weight[1.11] from 55 to 83 dist[1.90]
Adding bndlst edge: (A_N57_MC -> A_D58_MC) type[cov], weight[1.00] from 56 to 57 dist[1.33]
Adding bndlst edge: (A_D58_MC -> A_L59_MC) type[cov], weight[1.00] from 57 to 58 dist[1.33]
Adding bndlst edge: (A_L59_MC -> A_L60_MC) type[cov], weight[1.00] from 58 to 59 dist[1.33]
Adding bndlst edge: (A_L60_MC -> A_V61_MC) type[cov], weight[1.00] from 59 to 60 dist[1.33]
Adding bndlst edge: (A_V61_MC -> A_R62_MC) type[cov], weight[1.00] from 60 to 61 dist[1.33]
Adding bndlst edge: (A_V61_MC -> A_S79_MC) type[hb], weight[1.14] from 60 to 78 dist[1.88]
Adding bndlst edge: (A_V61_MC -> A_S79_MC) type[hb], weight[1.02] from 60 to 78 dist[1.98]
Adding bndlst edge: (A_R62_MC -> A_I63_MC) type[cov], weight[1.00] from 61 to 62 dist[1.33]
Adding bndlst edge: (A_R62_SC -> A_E76_SC) type[salt], weight[1.08] from 61 to 75 dist[1.83]
Adding bndlst edge: (A_R62_SC -> A_E76_SC) type[salt], weight[0.97] from 61 to 75 dist[1.93]
Adding bndlst edge: (A_R62_SC -> A_E76_SC) type[salt], weight[0.58] from 61 to 75 dist[2.49]
Adding bndlst edge: (A_R62_SC -> A_A70_MC) type[hb], weight[0.45] from 61 to 69 dist[2.98]
Adding bndlst edge: (A_I63_MC -> A_G64_MC) type[cov], weight[1.00] from 62 to 63 dist[1.33]
Adding bndlst edge: (A_I63_MC -> A_K77_MC) type[hb], weight[1.14] from 62 to 76 dist[1.87]
Adding bndlst edge: (A_I63_MC -> A_K77_MC) type[hb], weight[1.14] from 62 to 76 dist[1.87]
Adding bndlst edge: (A_G64_MC -> A_K65_MC) type[cov], weight[1.00] from 63 to 64 dist[1.32]
Adding bndlst edge: (A_K65_MC -> A_H66_MC) type[cov], weight[1.00] from 64 to 65 dist[1.33]
Adding bndlst edge: (A_K65_SC -> A_A70_MC) type[hb], weight[1.02] from 64 to 69 dist[1.98]
Adding bndlst edge: (A_K65_SC -> A_E72_SC) type[salt], weight[1.02] from 64 to 71 dist[1.88]
Adding bndlst edge: (A_K65_SC -> A_S67_MC) type[hb], weight[0.55] from 64 to 66 dist[2.71]
Adding bndlst edge: (A_K65_SC -> A_E76_SC) type[salt], weight[1.11] from 64 to 75 dist[1.80]
Adding bndlst edge: (A_K65_SC -> A_A70_MC) type[hb], weight[0.50] from 64 to 69 dist[2.84]
Adding bndlst edge: (A_H66_MC -> A_S67_MC) type[cov], weight[1.00] from 65 to 66 dist[1.32]
Adding bndlst edge: (A_H66_MC -> A_L153_MC) type[hb], weight[1.01] from 65 to 152 dist[1.99]
Adding bndlst edge: (A_H66_MC -> A_W141_SC) type[hb], weight[1.02] from 65 to 140 dist[1.98]
Adding bndlst edge: (A_H66_MC -> A_E72_SC) type[hb], weight[0.61] from 65 to 71 dist[2.56]
Adding bndlst edge: (A_H66_MC -> A_E72_SC) type[hb], weight[1.14] from 65 to 71 dist[1.87]
Adding bndlst edge: (A_S67_MC -> A_R68_MC) type[cov], weight[1.00] from 66 to 67 dist[1.33]
Adding bndlst edge: (A_S67_SC -> A_A70_MC) type[hb], weight[0.82] from 66 to 69 dist[2.21]
Adding bndlst edge: (A_S67_MC -> A_E72_SC) type[hb], weight[1.23] from 66 to 71 dist[1.80]
Adding bndlst edge: (A_S67_MC -> A_E72_SC) type[hb], weight[0.60] from 66 to 71 dist[2.58]
Adding bndlst edge: (A_R68_MC -> A_T69_MC) type[cov], weight[1.00] from 67 to 68 dist[1.33]
Adding bndlst edge: (A_R68_MC -> A_S151_MC) type[hb], weight[1.06] from 67 to 150 dist[1.94]
Adding bndlst edge: (A_R68_SC -> A_P150_MC) type[hb], weight[1.34] from 67 to 149 dist[1.73]
Adding bndlst edge: (A_T69_MC -> A_A70_MC) type[cov], weight[1.00] from 68 to 69 dist[1.32]
Adding bndlst edge: (A_A70_MC -> A_Y71_MC) type[cov], weight[1.00] from 69 to 70 dist[1.34]
Adding bndlst edge: (A_Y71_MC -> A_E72_MC) type[cov], weight[1.00] from 70 to 71 dist[1.33]
Adding bndlst edge: (A_Y71_MC -> A_R73_MC) type[hb], weight[0.83] from 70 to 72 dist[2.19]
Adding bndlst edge: (A_E72_MC -> A_R73_MC) type[cov], weight[1.00] from 71 to 72 dist[1.33]
Adding bndlst edge: (A_E72_MC -> A_E76_MC) type[hb], weight[1.04] from 71 to 75 dist[1.96]
Adding bndlst edge: (A_E72_MC -> A_I75_MC) type[hb], weight[0.99] from 71 to 74 dist[2.01]
Adding bndlst edge: (A_E72_MC -> A_E76_SC) type[hb], weight[1.16] from 71 to 75 dist[1.85]
Adding bndlst edge: (A_R73_MC -> A_N74_MC) type[cov], weight[1.00] from 72 to 73 dist[1.32]
Adding bndlst edge: (A_R73_MC -> A_I75_MC) type[hb], weight[0.48] from 72 to 74 dist[2.87]
Adding bndlst edge: (A_N74_MC -> A_I75_MC) type[cov], weight[1.00] from 73 to 74 dist[1.33]
Adding bndlst edge: (A_I75_MC -> A_E76_MC) type[cov], weight[1.00] from 74 to 75 dist[1.32]
Adding bndlst edge: (A_E76_MC -> A_K77_MC) type[cov], weight[1.00] from 75 to 76 dist[1.32]
Adding bndlst edge: (A_E76_MC -> A_K77_SC) type[hb], weight[0.49] from 75 to 76 dist[2.86]
Adding bndlst edge: (A_K77_MC -> A_I78_MC) type[cov], weight[1.00] from 76 to 77 dist[1.33]
Adding bndlst edge: (A_I78_MC -> A_S79_MC) type[cov], weight[1.00] from 77 to 78 dist[1.33]
Adding bndlst edge: (A_S79_MC -> A_M80_MC) type[cov], weight[1.00] from 78 to 79 dist[1.33]
Adding bndlst edge: (A_M80_MC -> A_L81_MC) type[cov], weight[1.00] from 79 to 80 dist[1.33]
Adding bndlst edge: (A_M80_MC -> A_K106_MC) type[hb], weight[1.08] from 79 to 105 dist[1.92]
Adding bndlst edge: (A_L81_MC -> A_E82_MC) type[cov], weight[1.00] from 80 to 81 dist[1.32]
Adding bndlst edge: (A_E82_MC -> A_K83_MC) type[cov], weight[1.00] from 81 to 82 dist[1.34]
Adding bndlst edge: (A_E82_SC -> A_K104_SC) type[salt], weight[0.86] from 81 to 103 dist[2.05]
Adding bndlst edge: (A_E82_MC -> A_K104_MC) type[hb], weight[1.22] from 81 to 103 dist[1.81]
Adding bndlst edge: (A_K83_MC -> A_I84_MC) type[cov], weight[1.00] from 82 to 83 dist[1.32]
Adding bndlst edge: (A_K83_MC -> A_K104_MC) type[hb], weight[1.12] from 82 to 103 dist[1.89]
Adding bndlst edge: (A_K83_MC -> A_K104_MC) type[hb], weight[0.65] from 82 to 103 dist[2.48]
Adding bndlst edge: (A_K83_SC -> A_I84_MC) type[hb], weight[0.70] from 82 to 83 dist[2.39]
Adding bndlst edge: (A_I84_MC -> A_Y85_MC) type[cov], weight[1.00] from 83 to 84 dist[1.33]
Adding bndlst edge: (A_Y85_MC -> A_I86_MC) type[cov], weight[1.00] from 84 to 85 dist[1.32]
Adding bndlst edge: (A_Y85_MC -> A_L102_MC) type[hb], weight[1.18] from 84 to 101 dist[1.84]
Adding bndlst edge: (A_Y85_MC -> A_L102_MC) type[hb], weight[1.19] from 84 to 101 dist[1.83]
Adding bndlst edge: (A_Y85_SC -> A_F250_SC) type[hb], weight[0.63] from 84 to 249 dist[2.53]
Adding bndlst edge: (A_Y85_SC -> A_F250_SC) type[hb], weight[0.69] from 84 to 249 dist[2.41]
Adding bndlst edge: (A_Y85_SC -> A_F250_SC) type[hb], weight[0.39] from 84 to 249 dist[3.19]
Adding bndlst edge: (A_I86_MC -> A_H87_MC) type[cov], weight[1.00] from 85 to 86 dist[1.33]
Adding bndlst edge: (A_H87_MC -> A_P88_MC) type[cov], weight[1.00] from 86 to 87 dist[1.34]
Adding bndlst edge: (A_H87_MC -> A_Y90_MC) type[hb], weight[0.82] from 86 to 89 dist[2.20]
Adding bndlst edge: (A_H87_SC -> A_R89_MC) type[hb], weight[0.44] from 86 to 88 dist[3.02]
Adding bndlst edge: (A_H87_SC -> A_R89_MC) type[hb], weight[1.13] from 86 to 88 dist[1.88]
Adding bndlst edge: (A_H87_SC -> A_R89_MC) type[hb], weight[0.55] from 86 to 88 dist[2.70]
Adding bndlst edge: (A_H87_MC -> A_I100_MC) type[hb], weight[0.82] from 86 to 99 dist[2.21]
Adding bndlst edge: (A_H87_SC -> A_W242_SC) type[hb], weight[0.42] from 86 to 241 dist[3.08]
Adding bndlst edge: (A_H87_SC -> A_W242_SC) type[hb], weight[0.39] from 86 to 241 dist[3.20]
Adding bndlst edge: (A_H87_SC -> A_W242_SC) type[hb], weight[0.44] from 86 to 241 dist[3.02]
Adding bndlst edge: (A_P88_MC -> A_R89_MC) type[cov], weight[1.00] from 87 to 88 dist[1.33]
Adding bndlst edge: (A_R89_MC -> A_Y90_MC) type[cov], weight[1.00] from 88 to 89 dist[1.33]
Adding bndlst edge: (A_R89_MC -> A_R98_SC) type[hb], weight[0.77] from 88 to 97 dist[2.29]
Adding bndlst edge: (A_Y90_MC -> A_N91_MC) type[cov], weight[1.00] from 89 to 90 dist[1.32]
Adding bndlst edge: (A_Y90_MC -> A_W92_MC) type[hb], weight[0.49] from 89 to 91 dist[2.86]
Adding bndlst edge: (A_N91_MC -> A_W92_MC) type[cov], weight[1.00] from 90 to 91 dist[1.33]
Adding bndlst edge: (A_N91_MC -> A_D97_MC) type[hb], weight[0.44] from 90 to 96 dist[3.00]
Adding bndlst edge: (A_N91_MC -> A_L96_MC) type[hb], weight[0.94] from 90 to 95 dist[2.06]
Adding bndlst edge: (A_N91_MC -> A_N95_MC) type[hb], weight[0.64] from 90 to 94 dist[2.51]
Adding bndlst edge: (A_N91_SC -> A_R93_MC) type[hb], weight[0.51] from 90 to 92 dist[2.81]
Adding bndlst edge: (A_N91_SC -> A_E94_MC) type[hb], weight[0.84] from 90 to 93 dist[2.18]
Adding bndlst edge: (A_N91_MC -> A_D97_MC) type[hb], weight[1.15] from 90 to 96 dist[1.87]
Adding bndlst edge: (A_N91_SC -> A_E94_SC) type[hb], weight[0.68] from 90 to 93 dist[2.42]
Adding bndlst edge: (A_W92_MC -> A_R93_MC) type[cov], weight[1.00] from 91 to 92 dist[1.33]
Adding bndlst edge: (A_R93_MC -> A_E94_MC) type[cov], weight[1.00] from 92 to 93 dist[1.32]
Adding bndlst edge: (A_E94_MC -> A_N95_MC) type[cov], weight[1.00] from 93 to 94 dist[1.32]
Adding bndlst edge: (A_E94_SC -> A_R173_SC) type[salt], weight[0.92] from 93 to 172 dist[1.98]
Adding bndlst edge: (A_E94_SC -> A_R173_SC) type[salt], weight[0.47] from 93 to 172 dist[2.78]
Adding bndlst edge: (A_E94_SC -> A_R173_SC) type[salt], weight[1.09] from 93 to 172 dist[1.82]
Adding bndlst edge: (A_N95_MC -> A_L96_MC) type[cov], weight[1.00] from 94 to 95 dist[1.32]
Adding bndlst edge: (A_N95_SC -> A_D97_MC) type[hb], weight[0.84] from 94 to 96 dist[2.18]
Adding bndlst edge: (A_N95_SC -> A_R173_MC) type[hb], weight[0.95] from 94 to 172 dist[2.05]
Adding bndlst edge: (A_L96_MC -> A_D97_MC) type[cov], weight[1.00] from 95 to 96 dist[1.33]
Adding bndlst edge: (A_L96_MC -> A_D99_MC) type[hb], weight[0.47] from 95 to 98 dist[2.92]
Adding bndlst edge: (A_D97_MC -> A_R98_MC) type[cov], weight[1.00] from 96 to 97 dist[1.33]
Adding bndlst edge: (A_D97_SC -> A_N177_SC) type[hb], weight[1.06] from 96 to 176 dist[1.95]
Adding bndlst edge: (A_D97_SC -> A_T175_SC) type[hb], weight[1.43] from 96 to 174 dist[1.68]
Adding bndlst edge: (A_D97_SC -> A_R98_MC) type[hb], weight[0.59] from 96 to 97 dist[2.61]
Adding bndlst edge: (A_D97_SC -> A_N177_SC) type[hb], weight[0.54] from 96 to 176 dist[2.73]
Adding bndlst edge: (A_R98_MC -> A_D99_MC) type[cov], weight[1.00] from 97 to 98 dist[1.33]
Adding bndlst edge: (A_R98_MC -> A_I100_MC) type[hb], weight[0.77] from 97 to 99 dist[2.27]
Adding bndlst edge: (A_D99_MC -> A_I100_MC) type[cov], weight[1.00] from 98 to 99 dist[1.33]
Adding bndlst edge: (A_D99_MC -> A_T234_SC) type[hb], weight[1.20] from 98 to 233 dist[1.82]
Adding bndlst edge: (A_D99_SC -> A_S219_SC) type[hb], weight[1.26] from 98 to 218 dist[1.78]
Adding bndlst edge: (A_I100_MC -> A_A101_MC) type[cov], weight[1.00] from 99 to 100 dist[1.33]
Adding bndlst edge: (A_A101_MC -> A_L102_MC) type[cov], weight[1.00] from 100 to 101 dist[1.32]
Adding bndlst edge: (A_L102_MC -> A_M103_MC) type[cov], weight[1.00] from 101 to 102 dist[1.32]
Adding bndlst edge: (A_M103_MC -> A_K104_MC) type[cov], weight[1.00] from 102 to 103 dist[1.33]
Adding bndlst edge: (A_K104_MC -> A_L105_MC) type[cov], weight[1.00] from 103 to 104 dist[1.34]
Adding bndlst edge: (A_K104_SC -> A_F250_MC) type[salt], weight[0.59] from 103 to 249 dist[2.47]
Adding bndlst edge: (A_L105_MC -> A_K106_MC) type[cov], weight[1.00] from 104 to 105 dist[1.33]
Adding bndlst edge: (A_K106_MC -> A_K107_MC) type[cov], weight[1.00] from 105 to 106 dist[1.33]
Adding bndlst edge: (A_K107_MC -> A_P108_MC) type[cov], weight[1.00] from 106 to 107 dist[1.33]
Adding bndlst edge: (A_P108_MC -> A_V109_MC) type[cov], weight[1.00] from 107 to 108 dist[1.33]
Adding bndlst edge: (A_V109_MC -> A_A110_MC) type[cov], weight[1.00] from 108 to 109 dist[1.33]
Adding bndlst edge: (A_A110_MC -> A_F111_MC) type[cov], weight[1.00] from 109 to 110 dist[1.33]
Adding bndlst edge: (A_F111_MC -> A_S112_MC) type[cov], weight[1.00] from 110 to 111 dist[1.32]
Adding bndlst edge: (A_S112_MC -> A_D113_MC) type[cov], weight[1.00] from 111 to 112 dist[1.33]
Adding bndlst edge: (A_S112_MC -> A_I115_MC) type[hb], weight[0.66] from 111 to 114 dist[2.47]
Adding bndlst edge: (A_S112_SC -> A_I115_MC) type[hb], weight[0.59] from 111 to 114 dist[2.61]
Adding bndlst edge: (A_S112_SC -> A_Y114_MC) type[hb], weight[0.91] from 111 to 113 dist[2.09]
Adding bndlst edge: (A_S112_MC -> A_I115_MC) type[hb], weight[1.01] from 111 to 114 dist[1.99]
Adding bndlst edge: (A_D113_MC -> A_Y114_MC) type[cov], weight[1.00] from 112 to 113 dist[1.34]
Adding bndlst edge: (A_Y114_MC -> A_I115_MC) type[cov], weight[1.00] from 113 to 114 dist[1.31]
Adding bndlst edge: (A_I115_MC -> A_H116_MC) type[cov], weight[1.00] from 114 to 115 dist[1.33]
Adding bndlst edge: (A_H116_MC -> A_P117_MC) type[cov], weight[1.00] from 115 to 116 dist[1.34]
Adding bndlst edge: (A_H116_SC -> A_P117_MC) type[hb], weight[0.59] from 115 to 116 dist[2.60]
Adding bndlst edge: (A_P117_MC -> A_V118_MC) type[cov], weight[1.00] from 116 to 117 dist[1.33]
Adding bndlst edge: (A_V118_MC -> A_C119_MC) type[cov], weight[1.00] from 117 to 118 dist[1.33]
Adding bndlst edge: (A_C119_MC -> A_L120_MC) type[cov], weight[1.00] from 118 to 119 dist[1.33]
Adding bndlst edge: (A_C119_MC -> A_Q214_MC) type[hb], weight[1.06] from 118 to 213 dist[1.95]
Adding bndlst edge: (A_C119_MC -> A_W212_MC) type[hb], weight[0.88] from 118 to 211 dist[2.13]
Adding bndlst edge: (A_C119_SC -> A_W212_MC) type[hb], weight[0.52] from 118 to 211 dist[2.78]
Adding bndlst edge: (A_L120_MC -> A_P121_MC) type[cov], weight[1.00] from 119 to 120 dist[1.33]
Adding bndlst edge: (A_P121_MC -> A_D122_MC) type[cov], weight[1.00] from 120 to 121 dist[1.33]
Adding bndlst edge: (A_P121_MC -> A_K240_SC) type[hb], weight[0.92] from 120 to 239 dist[2.08]
Adding bndlst edge: (A_D122_MC -> A_R123_MC) type[cov], weight[1.00] from 121 to 122 dist[1.34]
Adding bndlst edge: (A_D122_MC -> A_A126_MC) type[hb], weight[0.96] from 121 to 125 dist[2.04]
Adding bndlst edge: (A_D122_MC -> A_T125_MC) type[hb], weight[0.60] from 121 to 124 dist[2.58]
Adding bndlst edge: (A_D122_SC -> A_E124_MC) type[hb], weight[0.64] from 121 to 123 dist[2.50]
Adding bndlst edge: (A_D122_SC -> A_T125_SC) type[hb], weight[1.02] from 121 to 124 dist[1.98]
Adding bndlst edge: (A_D122_SC -> A_T125_MC) type[hb], weight[0.98] from 121 to 124 dist[2.02]
Adding bndlst edge: (A_D122_MC -> A_T125_SC) type[hb], weight[0.93] from 121 to 124 dist[2.08]
Adding bndlst edge: (A_R123_MC -> A_E124_MC) type[cov], weight[1.00] from 122 to 123 dist[1.34]
Adding bndlst edge: (A_R123_MC -> A_A127_MC) type[hb], weight[0.98] from 122 to 126 dist[2.02]
Adding bndlst edge: (A_R123_MC -> A_A126_MC) type[hb], weight[0.48] from 122 to 125 dist[2.89]
Adding bndlst edge: (A_E124_MC -> A_T125_MC) type[cov], weight[1.00] from 123 to 124 dist[1.33]
Adding bndlst edge: (A_E124_MC -> A_S128_SC) type[hb], weight[1.06] from 123 to 127 dist[1.94]
Adding bndlst edge: (A_E124_MC -> A_S128_MC) type[hb], weight[1.04] from 123 to 127 dist[1.96]
Adding bndlst edge: (A_E124_MC -> A_A127_MC) type[hb], weight[0.52] from 123 to 126 dist[2.78]
Adding bndlst edge: (A_T125_MC -> A_A126_MC) type[cov], weight[1.00] from 124 to 125 dist[1.32]
Adding bndlst edge: (A_T125_MC -> A_S128_MC) type[hb], weight[0.54] from 124 to 127 dist[2.73]
Adding bndlst edge: (A_T125_MC -> A_L129_MC) type[hb], weight[0.99] from 124 to 128 dist[2.01]
Adding bndlst edge: (A_A126_MC -> A_A127_MC) type[cov], weight[1.00] from 125 to 126 dist[1.32]
Adding bndlst edge: (A_A126_MC -> A_L130_MC) type[hb], weight[1.06] from 125 to 129 dist[1.95]
Adding bndlst edge: (A_A126_MC -> A_L129_MC) type[hb], weight[0.47] from 125 to 128 dist[2.92]
Adding bndlst edge: (A_A127_MC -> A_S128_MC) type[cov], weight[1.00] from 126 to 127 dist[1.32]
Adding bndlst edge: (A_S128_MC -> A_L129_MC) type[cov], weight[1.00] from 127 to 128 dist[1.32]
Adding bndlst edge: (A_S128_MC -> A_Q131_SC) type[hb], weight[1.13] from 127 to 130 dist[1.88]
Adding bndlst edge: (A_L129_MC -> A_L130_MC) type[cov], weight[1.00] from 128 to 129 dist[1.33]
Adding bndlst edge: (A_L129_MC -> A_Q131_MC) type[hb], weight[0.96] from 128 to 130 dist[2.04]
Adding bndlst edge: (A_L130_MC -> A_Q131_MC) type[cov], weight[1.00] from 129 to 130 dist[1.33]
Adding bndlst edge: (A_Q131_MC -> A_A132_MC) type[cov], weight[1.00] from 130 to 131 dist[1.34]
Adding bndlst edge: (A_Q131_MC -> A_Y134_MC) type[hb], weight[0.99] from 130 to 133 dist[2.01]
Adding bndlst edge: (A_Q131_SC -> A_Y134_SC) type[hb], weight[0.46] from 130 to 133 dist[2.95]
Adding bndlst edge: (A_A132_MC -> A_G133_MC) type[cov], weight[1.00] from 131 to 132 dist[1.33]
Adding bndlst edge: (A_A132_MC -> A_Y134_MC) type[hb], weight[0.52] from 131 to 133 dist[2.78]
Adding bndlst edge: (A_G133_MC -> A_Y134_MC) type[cov], weight[1.00] from 132 to 133 dist[1.33]
Adding bndlst edge: (A_G133_MC -> A_I160_MC) type[hb], weight[1.16] from 132 to 159 dist[1.85]
Adding bndlst edge: (A_Y134_MC -> A_K135_MC) type[cov], weight[1.00] from 133 to 134 dist[1.33]
Adding bndlst edge: (A_Y134_MC -> A_I160_MC) type[hb], weight[1.16] from 133 to 159 dist[1.85]
Adding bndlst edge: (A_K135_MC -> A_G136_MC) type[cov], weight[1.00] from 134 to 135 dist[1.34]
Adding bndlst edge: (A_K135_SC -> A_Y183_SC) type[hb], weight[0.47] from 134 to 182 dist[2.91]
Adding bndlst edge: (A_G136_MC -> A_R137_MC) type[cov], weight[1.00] from 135 to 136 dist[1.32]
Adding bndlst edge: (A_G136_MC -> A_L158_MC) type[hb], weight[1.07] from 135 to 157 dist[1.94]
Adding bndlst edge: (A_G136_MC -> A_F202_SC) type[hb], weight[0.38] from 135 to 201 dist[3.23]
Adding bndlst edge: (A_G136_MC -> A_L158_MC) type[hb], weight[1.03] from 135 to 157 dist[1.97]
Adding bndlst edge: (A_R137_MC -> A_V138_MC) type[cov], weight[1.00] from 136 to 137 dist[1.34]
Adding bndlst edge: (A_R137_MC -> A_V203_MC) type[hb], weight[1.10] from 136 to 202 dist[1.91]
Adding bndlst edge: (A_R137_MC -> A_V203_MC) type[hb], weight[1.08] from 136 to 202 dist[1.92]
Adding bndlst edge: (A_R137_SC -> A_N157_SC) type[hb], weight[0.90] from 136 to 156 dist[2.11]
Adding bndlst edge: (A_V138_MC -> A_T139_MC) type[cov], weight[1.00] from 137 to 138 dist[1.34]
Adding bndlst edge: (A_V138_MC -> A_V156_MC) type[hb], weight[0.92] from 137 to 155 dist[2.09]
Adding bndlst edge: (A_V138_MC -> A_V156_MC) type[hb], weight[1.14] from 137 to 155 dist[1.87]
Adding bndlst edge: (A_T139_MC -> A_G140_MC) type[cov], weight[1.00] from 138 to 139 dist[1.33]
Adding bndlst edge: (A_G140_MC -> A_W141_MC) type[cov], weight[1.00] from 139 to 140 dist[1.33]
Adding bndlst edge: (A_G140_MC -> A_Q154_MC) type[hb], weight[0.99] from 139 to 153 dist[2.01]
Adding bndlst edge: (A_G140_MC -> A_Q154_MC) type[hb], weight[0.87] from 139 to 153 dist[2.14]
Adding bndlst edge: (A_W141_MC -> A_G142_MC) type[cov], weight[1.00] from 140 to 141 dist[1.32]
Adding bndlst edge: (A_W141_SC -> A_L153_MC) type[hb], weight[0.43] from 140 to 152 dist[3.05]
Adding bndlst edge: (A_G142_MC -> A_N143_MC) type[cov], weight[1.00] from 141 to 142 dist[1.33]
Adding bndlst edge: (A_G142_MC -> A_D197_SC) type[hb], weight[1.22] from 141 to 196 dist[1.81]
Adding bndlst edge: (A_N143_MC -> A_L144_MC) type[cov], weight[1.00] from 142 to 143 dist[1.33]
Adding bndlst edge: (A_N143_MC -> A_E195_MC) type[hb], weight[1.25] from 142 to 194 dist[1.79]
Adding bndlst edge: (A_N143_SC -> A_K145_MC) type[hb], weight[0.52] from 142 to 144 dist[2.76]
Adding bndlst edge: (A_L144_MC -> A_K145_MC) type[cov], weight[1.00] from 143 to 144 dist[1.33]
Adding bndlst edge: (A_L144_MC -> A_G148_MC) type[hb], weight[1.17] from 143 to 147 dist[1.85]
Adding bndlst edge: (A_K145_MC -> A_E146_MC) type[cov], weight[1.00] from 144 to 145 dist[1.32]
Adding bndlst edge: (A_E146_MC -> A_T147_MC) type[cov], weight[1.00] from 145 to 146 dist[1.33]
Adding bndlst edge: (A_E146_SC -> A_C224_MC) type[hb], weight[0.96] from 145 to 223 dist[2.04]
Adding bndlst edge: (A_E146_SC -> A_R226_SC) type[salt], weight[0.89] from 145 to 225 dist[2.01]
Adding bndlst edge: (A_E146_SC -> A_R226_SC) type[salt], weight[1.02] from 145 to 225 dist[1.89]
Adding bndlst edge: (A_E146_SC -> A_R226_SC) type[salt], weight[0.50] from 145 to 225 dist[2.68]
Adding bndlst edge: (A_G148_MC -> A_Q149_MC) type[cov], weight[1.00] from 147 to 148 dist[1.33]
Adding bndlst edge: (A_Q149_MC -> A_P150_MC) type[cov], weight[1.00] from 148 to 149 dist[1.34]
Adding bndlst edge: (A_P150_MC -> A_S151_MC) type[cov], weight[1.00] from 149 to 150 dist[1.32]
Adding bndlst edge: (A_S151_MC -> A_V152_MC) type[cov], weight[1.00] from 150 to 151 dist[1.34]
Adding bndlst edge: (A_V152_MC -> A_L153_MC) type[cov], weight[1.00] from 151 to 152 dist[1.33]
Adding bndlst edge: (A_V152_MC -> A_Q154_SC) type[hb], weight[1.02] from 151 to 153 dist[1.98]
Adding bndlst edge: (A_L153_MC -> A_Q154_MC) type[cov], weight[1.00] from 152 to 153 dist[1.32]
Adding bndlst edge: (A_Q154_MC -> A_V155_MC) type[cov], weight[1.00] from 153 to 154 dist[1.33]
Adding bndlst edge: (A_V155_MC -> A_V156_MC) type[cov], weight[1.00] from 154 to 155 dist[1.33]
Adding bndlst edge: (A_V156_MC -> A_N157_MC) type[cov], weight[1.00] from 155 to 156 dist[1.32]
Adding bndlst edge: (A_N157_MC -> A_L158_MC) type[cov], weight[1.00] from 156 to 157 dist[1.32]
Adding bndlst edge: (A_L158_MC -> A_P159_MC) type[cov], weight[1.00] from 157 to 158 dist[1.32]
Adding bndlst edge: (A_P159_MC -> A_I160_MC) type[cov], weight[1.00] from 158 to 159 dist[1.32]
Adding bndlst edge: (A_P159_MC -> A_G182_MC) type[hb], weight[0.97] from 158 to 181 dist[2.04]
Adding bndlst edge: (A_I160_MC -> A_V161_MC) type[cov], weight[1.00] from 159 to 160 dist[1.32]
Adding bndlst edge: (A_V161_MC -> A_E162_MC) type[cov], weight[1.00] from 160 to 161 dist[1.34]
Adding bndlst edge: (A_V161_MC -> A_C180_MC) type[hb], weight[1.00] from 160 to 179 dist[2.00]
Adding bndlst edge: (A_E162_MC -> A_R163_MC) type[cov], weight[1.00] from 161 to 162 dist[1.33]
Adding bndlst edge: (A_E162_MC -> A_V165_MC) type[hb], weight[0.69] from 161 to 164 dist[2.41]
Adding bndlst edge: (A_E162_MC -> A_C166_MC) type[hb], weight[0.90] from 161 to 165 dist[2.11]
Adding bndlst edge: (A_E162_SC -> A_K184_SC) type[salt], weight[1.32] from 161 to 183 dist[1.66]
Adding bndlst edge: (A_E162_SC -> A_K184_SC) type[salt], weight[0.49] from 161 to 183 dist[2.71]
Adding bndlst edge: (A_R163_MC -> A_P164_MC) type[cov], weight[1.00] from 162 to 163 dist[1.34]
Adding bndlst edge: (A_R163_MC -> A_K167_MC) type[hb], weight[0.99] from 162 to 166 dist[2.01]
Adding bndlst edge: (A_R163_MC -> A_C166_MC) type[hb], weight[0.47] from 162 to 165 dist[2.90]
Adding bndlst edge: (A_R163_SC -> A_T175_MC) type[hb], weight[0.47] from 162 to 174 dist[2.92]
Adding bndlst edge: (A_R163_SC -> A_T175_MC) type[hb], weight[0.78] from 162 to 174 dist[2.26]
Adding bndlst edge: (A_R163_SC -> A_M178_MC) type[hb], weight[0.73] from 162 to 177 dist[2.34]
Adding bndlst edge: (A_R163_SC -> A_M178_MC) type[hb], weight[1.03] from 162 to 177 dist[1.98]
Adding bndlst edge: (A_P164_MC -> A_V165_MC) type[cov], weight[1.00] from 163 to 164 dist[1.33]
Adding bndlst edge: (A_P164_MC -> A_D168_MC) type[hb], weight[1.04] from 163 to 167 dist[1.96]
Adding bndlst edge: (A_P164_MC -> A_K167_MC) type[hb], weight[0.45] from 163 to 166 dist[2.97]
Adding bndlst edge: (A_V165_MC -> A_C166_MC) type[cov], weight[1.00] from 164 to 165 dist[1.33]
Adding bndlst edge: (A_V165_MC -> A_S169_MC) type[hb], weight[0.52] from 164 to 168 dist[2.76]
Adding bndlst edge: (A_V165_MC -> A_D168_MC) type[hb], weight[0.47] from 164 to 167 dist[2.93]
Adding bndlst edge: (A_C166_MC -> A_K167_MC) type[cov], weight[1.00] from 165 to 166 dist[1.32]
Adding bndlst edge: (A_C166_MC -> A_S169_SC) type[hb], weight[1.31] from 165 to 168 dist[1.75]
Adding bndlst edge: (A_C166_MC -> A_S169_MC) type[hb], weight[0.82] from 165 to 168 dist[2.21]
Adding bndlst edge: (A_C166_SC -> A_C180_MC) type[hb], weight[0.39] from 165 to 179 dist[3.19]
Adding bndlst edge: (A_K167_MC -> A_D168_MC) type[cov], weight[1.00] from 166 to 167 dist[1.32]
Adding bndlst edge: (A_K167_MC -> A_S169_MC) type[hb], weight[0.48] from 166 to 168 dist[2.88]
Adding bndlst edge: (A_K167_MC -> A_T170_MC) type[hb], weight[0.64] from 166 to 169 dist[2.49]
Adding bndlst edge: (A_D168_MC -> A_S169_MC) type[cov], weight[1.00] from 167 to 168 dist[1.32]
Adding bndlst edge: (A_S169_MC -> A_T170_MC) type[cov], weight[1.00] from 168 to 169 dist[1.33]
Adding bndlst edge: (A_S169_MC -> A_K229_SC) type[hb], weight[0.66] from 168 to 228 dist[2.45]
Adding bndlst edge: (A_T170_MC -> A_R171_MC) type[cov], weight[1.00] from 169 to 170 dist[1.32]
Adding bndlst edge: (A_T170_SC -> A_I172_MC) type[hb], weight[1.00] from 169 to 171 dist[2.00]
Adding bndlst edge: (A_T170_SC -> A_R171_MC) type[hb], weight[0.57] from 169 to 170 dist[2.65]
Adding bndlst edge: (A_T170_SC -> A_E222_SC) type[hb], weight[0.61] from 169 to 221 dist[2.57]
Adding bndlst edge: (A_T170_SC -> A_E222_SC) type[hb], weight[0.81] from 169 to 221 dist[2.22]
Adding bndlst edge: (A_R171_MC -> A_I172_MC) type[cov], weight[1.00] from 170 to 171 dist[1.33]
Adding bndlst edge: (A_I172_MC -> A_R173_MC) type[cov], weight[1.00] from 171 to 172 dist[1.34]
Adding bndlst edge: (A_R173_MC -> A_I174_MC) type[cov], weight[1.00] from 172 to 173 dist[1.32]
Adding bndlst edge: (A_I174_MC -> A_T175_MC) type[cov], weight[1.00] from 173 to 174 dist[1.33]
Adding bndlst edge: (A_T175_MC -> A_D176_MC) type[cov], weight[1.00] from 174 to 175 dist[1.33]
Adding bndlst edge: (A_T175_MC -> A_N177_MC) type[hb], weight[0.47] from 174 to 176 dist[2.92]
Adding bndlst edge: (A_T175_MC -> A_M178_MC) type[hb], weight[0.79] from 174 to 177 dist[2.26]
Adding bndlst edge: (A_T175_SC -> A_N177_MC) type[hb], weight[0.85] from 174 to 176 dist[2.17]
Adding bndlst edge: (A_T175_MC -> A_M178_SC) type[hb], weight[0.56] from 174 to 177 dist[2.67]
Adding bndlst edge: (A_D176_MC -> A_N177_MC) type[cov], weight[1.00] from 175 to 176 dist[1.33]
Adding bndlst edge: (A_D176_MC -> A_M178_MC) type[hb], weight[0.48] from 175 to 177 dist[2.90]
Adding bndlst edge: (A_N177_MC -> A_M178_MC) type[cov], weight[1.00] from 176 to 177 dist[1.33]
Adding bndlst edge: (A_N177_MC -> A_H235_MC) type[hb], weight[1.16] from 176 to 234 dist[1.85]
Adding bndlst edge: (A_N177_SC -> A_R238_SC) type[hb], weight[0.69] from 176 to 237 dist[2.41]
Adding bndlst edge: (A_N177_SC -> A_R238_SC) type[hb], weight[0.83] from 176 to 237 dist[2.20]
Adding bndlst edge: (A_M178_MC -> A_F179_MC) type[cov], weight[1.00] from 177 to 178 dist[1.32]
Adding bndlst edge: (A_M178_SC -> A_W220_SC) type[hb], weight[0.49] from 177 to 219 dist[2.85]
Adding bndlst edge: (A_F179_MC -> A_C180_MC) type[cov], weight[1.00] from 178 to 179 dist[1.33]
Adding bndlst edge: (A_F179_MC -> A_Y233_MC) type[hb], weight[1.13] from 178 to 232 dist[1.88]
Adding bndlst edge: (A_F179_MC -> A_Y233_MC) type[hb], weight[0.94] from 178 to 232 dist[2.06]
Adding bndlst edge: (A_C180_MC -> A_A181_MC) type[cov], weight[1.00] from 179 to 180 dist[1.32]
Adding bndlst edge: (A_A181_MC -> A_G182_MC) type[cov], weight[1.00] from 180 to 181 dist[1.32]
Adding bndlst edge: (A_A181_MC -> A_G231_MC) type[hb], weight[0.90] from 180 to 230 dist[2.11]
Adding bndlst edge: (A_A181_MC -> A_G231_MC) type[hb], weight[0.98] from 180 to 230 dist[2.02]
Adding bndlst edge: (A_G182_MC -> A_Y183_MC) type[cov], weight[1.00] from 181 to 182 dist[1.32]
Adding bndlst edge: (A_Y183_MC -> A_K184_MC) type[cov], weight[1.00] from 182 to 183 dist[1.33]
Adding bndlst edge: (A_K184_MC -> A_P185_MC) type[cov], weight[1.00] from 183 to 184 dist[1.34]
Adding bndlst edge: (A_K184_MC -> A_E187_MC) type[hb], weight[0.95] from 183 to 186 dist[2.05]
Adding bndlst edge: (A_K184_MC -> A_E187_SC) type[hb], weight[1.20] from 183 to 186 dist[1.83]
Adding bndlst edge: (A_P185_MC -> A_D186_MC) type[cov], weight[1.00] from 184 to 185 dist[1.33]
Adding bndlst edge: (A_P185_MC -> A_G188_MC) type[hb], weight[0.52] from 184 to 187 dist[2.76]
Adding bndlst edge: (A_D186_MC -> A_E187_MC) type[cov], weight[1.00] from 185 to 186 dist[1.33]
Adding bndlst edge: (A_E187_MC -> A_G188_MC) type[cov], weight[1.00] from 186 to 187 dist[1.33]
Adding bndlst edge: (A_E187_MC -> A_K189_MC) type[hb], weight[0.90] from 186 to 188 dist[2.11]
Adding bndlst edge: (A_G188_MC -> A_K189_MC) type[cov], weight[1.00] from 187 to 188 dist[1.33]
Adding bndlst edge: (A_K189_MC -> A_R190_MC) type[cov], weight[1.00] from 188 to 189 dist[1.32]
Adding bndlst edge: (A_R190_MC -> A_G191_MC) type[cov], weight[1.00] from 189 to 190 dist[1.33]
Adding bndlst edge: (A_R190_SC -> A_D225_SC) type[salt], weight[1.02] from 189 to 224 dist[1.88]
Adding bndlst edge: (A_R190_SC -> A_D225_SC) type[salt], weight[0.49] from 189 to 224 dist[2.71]
Adding bndlst edge: (A_R190_SC -> A_D225_MC) type[hb], weight[0.99] from 189 to 224 dist[2.01]
Adding bndlst edge: (A_R190_SC -> A_D227_SC) type[salt], weight[0.77] from 189 to 226 dist[2.17]
Adding bndlst edge: (A_R190_SC -> A_D225_MC) type[hb], weight[0.46] from 189 to 224 dist[2.95]
Adding bndlst edge: (A_R190_SC -> A_D227_SC) type[salt], weight[0.91] from 189 to 226 dist[1.99]
Adding bndlst edge: (A_G191_MC -> A_D192_MC) type[cov], weight[1.00] from 190 to 191 dist[1.32]
Adding bndlst edge: (A_G191_MC -> A_D225_SC) type[hb], weight[1.11] from 190 to 224 dist[1.90]
Adding bndlst edge: (A_D192_MC -> A_A193_MC) type[cov], weight[1.00] from 191 to 192 dist[1.32]
Adding bndlst edge: (A_D192_SC -> A_A193_MC) type[hb], weight[0.94] from 191 to 192 dist[2.06]
Adding bndlst edge: (A_D192_SC -> A_D225_MC) type[hb], weight[1.10] from 191 to 224 dist[1.91]
Adding bndlst edge: (A_A193_MC -> A_C194_MC) type[cov], weight[1.00] from 192 to 193 dist[1.34]
Adding bndlst edge: (A_C194_MC -> A_E195_MC) type[cov], weight[1.00] from 193 to 194 dist[1.33]
Adding bndlst edge: (A_C194_MC -> A_D197_MC) type[hb], weight[1.20] from 193 to 196 dist[1.83]
Adding bndlst edge: (A_C194_SC -> A_E195_MC) type[hb], weight[0.67] from 193 to 194 dist[2.44]
Adding bndlst edge: (A_C194_MC -> A_D197_SC) type[hb], weight[1.08] from 193 to 196 dist[1.92]
Adding bndlst edge: (A_E195_MC -> A_G196_MC) type[cov], weight[1.00] from 194 to 195 dist[1.33]
Adding bndlst edge: (A_E195_MC -> A_C224_SC) type[hb], weight[0.36] from 194 to 223 dist[3.35]
Adding bndlst edge: (A_G196_MC -> A_D197_MC) type[cov], weight[1.00] from 195 to 196 dist[1.33]
Adding bndlst edge: (A_D197_MC -> A_S198_MC) type[cov], weight[1.00] from 196 to 197 dist[1.34]
Adding bndlst edge: (A_D197_MC -> A_G200_MC) type[hb], weight[0.86] from 196 to 199 dist[2.16]
Adding bndlst edge: (A_S198_MC -> A_G199_MC) type[cov], weight[1.00] from 197 to 198 dist[1.33]
Adding bndlst edge: (A_S198_MC -> A_G200_MC) type[hb], weight[0.52] from 197 to 199 dist[2.77]
Adding bndlst edge: (A_G199_MC -> A_G200_MC) type[cov], weight[1.00] from 198 to 199 dist[1.34]
Adding bndlst edge: (A_G199_MC -> A_V218_MC) type[hb], weight[1.13] from 198 to 217 dist[1.88]
Adding bndlst edge: (A_G200_MC -> A_P201_MC) type[cov], weight[1.00] from 199 to 200 dist[1.32]
Adding bndlst edge: (A_G200_MC -> A_V218_MC) type[hb], weight[1.17] from 199 to 217 dist[1.85]
Adding bndlst edge: (A_P201_MC -> A_F202_MC) type[cov], weight[1.00] from 200 to 201 dist[1.33]
Adding bndlst edge: (A_F202_MC -> A_V203_MC) type[cov], weight[1.00] from 201 to 202 dist[1.34]
Adding bndlst edge: (A_F202_MC -> A_M215_MC) type[hb], weight[0.88] from 201 to 214 dist[2.13]
Adding bndlst edge: (A_F202_MC -> A_G216_MC) type[hb], weight[0.91] from 201 to 215 dist[2.10]
Adding bndlst edge: (A_F202_MC -> A_G216_MC) type[hb], weight[1.03] from 201 to 215 dist[1.97]
Adding bndlst edge: (A_V203_MC -> A_M204_MC) type[cov], weight[1.00] from 202 to 203 dist[1.32]
Adding bndlst edge: (A_M204_MC -> A_K205_MC) type[cov], weight[1.00] from 203 to 204 dist[1.34]
Adding bndlst edge: (A_M204_MC -> A_Y213_MC) type[hb], weight[1.14] from 203 to 212 dist[1.88]
Adding bndlst edge: (A_M204_MC -> A_Y213_MC) type[hb], weight[0.98] from 203 to 212 dist[2.02]
Adding bndlst edge: (A_K205_MC -> A_S206_MC) type[cov], weight[1.00] from 204 to 205 dist[1.32]
Adding bndlst edge: (A_S206_MC -> A_P207_MC) type[cov], weight[1.00] from 205 to 206 dist[1.34]
Adding bndlst edge: (A_S206_MC -> A_N210_MC) type[hb], weight[0.82] from 205 to 209 dist[2.21]
Adding bndlst edge: (A_S206_SC -> A_N209_MC) type[hb], weight[0.71] from 205 to 208 dist[2.37]
Adding bndlst edge: (A_S206_SC -> A_F208_MC) type[hb], weight[0.91] from 205 to 207 dist[2.10]
Adding bndlst edge: (A_S206_MC -> A_R211_MC) type[hb], weight[1.05] from 205 to 210 dist[1.95]
Adding bndlst edge: (A_S206_SC -> A_N209_SC) type[hb], weight[0.49] from 205 to 208 dist[2.86]
Adding bndlst edge: (A_P207_MC -> A_F208_MC) type[cov], weight[1.00] from 206 to 207 dist[1.33]
Adding bndlst edge: (A_F208_MC -> A_N209_MC) type[cov], weight[1.00] from 207 to 208 dist[1.33]
Adding bndlst edge: (A_N209_MC -> A_N210_MC) type[cov], weight[1.00] from 208 to 209 dist[1.34]
Adding bndlst edge: (A_N209_SC -> A_R211_MC) type[hb], weight[0.85] from 208 to 210 dist[2.17]
Adding bndlst edge: (A_N209_SC -> A_Y213_SC) type[hb], weight[1.04] from 208 to 212 dist[1.96]
Adding bndlst edge: (A_N209_SC -> A_Y213_SC) type[hb], weight[0.47] from 208 to 212 dist[2.91]
Adding bndlst edge: (A_N209_SC -> A_Y213_SC) type[hb], weight[0.43] from 208 to 212 dist[3.06]
Adding bndlst edge: (A_N210_MC -> A_R211_MC) type[cov], weight[1.00] from 209 to 210 dist[1.32]
Adding bndlst edge: (A_R211_MC -> A_W212_MC) type[cov], weight[1.00] from 210 to 211 dist[1.33]
Adding bndlst edge: (A_W212_MC -> A_Y213_MC) type[cov], weight[1.00] from 211 to 212 dist[1.32]
Adding bndlst edge: (A_Y213_MC -> A_Q214_MC) type[cov], weight[1.00] from 212 to 213 dist[1.34]
Adding bndlst edge: (A_Y213_MC -> A_M215_MC) type[hb], weight[0.48] from 212 to 214 dist[2.88]
Adding bndlst edge: (A_Q214_MC -> A_M215_MC) type[cov], weight[1.00] from 213 to 214 dist[1.32]
Adding bndlst edge: (A_Q214_SC -> A_G216_MC) type[hb], weight[0.95] from 213 to 215 dist[2.06]
Adding bndlst edge: (A_M215_MC -> A_G216_MC) type[cov], weight[1.00] from 214 to 215 dist[1.35]
Adding bndlst edge: (A_M215_MC -> A_V236_MC) type[hb], weight[0.91] from 214 to 235 dist[2.10]
Adding bndlst edge: (A_G216_MC -> A_I217_MC) type[cov], weight[1.00] from 215 to 216 dist[1.34]
Adding bndlst edge: (A_I217_MC -> A_V218_MC) type[cov], weight[1.00] from 216 to 217 dist[1.33]
Adding bndlst edge: (A_I217_MC -> A_T234_MC) type[hb], weight[1.01] from 216 to 233 dist[1.99]
Adding bndlst edge: (A_I217_MC -> A_S219_MC) type[hb], weight[0.45] from 216 to 218 dist[2.98]
Adding bndlst edge: (A_I217_MC -> A_T234_MC) type[hb], weight[0.72] from 216 to 233 dist[2.36]
Adding bndlst edge: (A_V218_MC -> A_S219_MC) type[cov], weight[1.00] from 217 to 218 dist[1.34]
Adding bndlst edge: (A_S219_MC -> A_W220_MC) type[cov], weight[1.00] from 218 to 219 dist[1.33]
Adding bndlst edge: (A_S219_MC -> A_F232_MC) type[hb], weight[0.94] from 218 to 231 dist[2.06]
Adding bndlst edge: (A_W220_MC -> A_G221_MC) type[cov], weight[1.00] from 219 to 220 dist[1.33]
Adding bndlst edge: (A_W220_MC -> A_F232_MC) type[hb], weight[1.22] from 219 to 231 dist[1.81]
Adding bndlst edge: (A_W220_MC -> A_F232_MC) type[hb], weight[0.82] from 219 to 231 dist[2.21]
Adding bndlst edge: (A_G221_MC -> A_E222_MC) type[cov], weight[1.00] from 220 to 221 dist[1.32]
Adding bndlst edge: (A_E222_MC -> A_G223_MC) type[cov], weight[1.00] from 221 to 222 dist[1.32]
Adding bndlst edge: (A_E222_SC -> A_K229_SC) type[salt], weight[0.40] from 221 to 228 dist[3.00]
Adding bndlst edge: (A_G223_MC -> A_C224_MC) type[cov], weight[1.00] from 222 to 223 dist[1.32]
Adding bndlst edge: (A_C224_MC -> A_D225_MC) type[cov], weight[1.00] from 223 to 224 dist[1.32]
Adding bndlst edge: (A_D225_MC -> A_R226_MC) type[cov], weight[1.00] from 224 to 225 dist[1.33]
Adding bndlst edge: (A_R226_MC -> A_D227_MC) type[cov], weight[1.00] from 225 to 226 dist[1.33]
Adding bndlst edge: (A_R226_MC -> A_K229_MC) type[hb], weight[0.85] from 225 to 228 dist[2.16]
Adding bndlst edge: (A_D227_MC -> A_G228_MC) type[cov], weight[1.00] from 226 to 227 dist[1.32]
Adding bndlst edge: (A_G228_MC -> A_K229_MC) type[cov], weight[1.00] from 227 to 228 dist[1.33]
Adding bndlst edge: (A_K229_MC -> A_Y230_MC) type[cov], weight[1.00] from 228 to 229 dist[1.32]
Adding bndlst edge: (A_Y230_MC -> A_G231_MC) type[cov], weight[1.00] from 229 to 230 dist[1.32]
Adding bndlst edge: (A_G231_MC -> A_F232_MC) type[cov], weight[1.00] from 230 to 231 dist[1.33]
Adding bndlst edge: (A_F232_MC -> A_Y233_MC) type[cov], weight[1.00] from 231 to 232 dist[1.33]
Adding bndlst edge: (A_Y233_MC -> A_T234_MC) type[cov], weight[1.00] from 232 to 233 dist[1.34]
Adding bndlst edge: (A_T234_MC -> A_H235_MC) type[cov], weight[1.00] from 233 to 234 dist[1.33]
Adding bndlst edge: (A_T234_MC -> A_V236_MC) type[hb], weight[0.48] from 233 to 235 dist[2.88]
Adding bndlst edge: (A_H235_MC -> A_V236_MC) type[cov], weight[1.00] from 234 to 235 dist[1.33]
Adding bndlst edge: (A_H235_MC -> A_L239_MC) type[hb], weight[0.53] from 234 to 238 dist[2.75]
Adding bndlst edge: (A_H235_MC -> A_R238_MC) type[hb], weight[0.59] from 234 to 237 dist[2.60]
Adding bndlst edge: (A_H235_SC -> A_R238_MC) type[hb], weight[0.37] from 234 to 237 dist[3.29]
Adding bndlst edge: (A_H235_SC -> A_R238_MC) type[hb], weight[0.74] from 234 to 237 dist[2.33]
Adding bndlst edge: (A_H235_SC -> A_F237_MC) type[hb], weight[0.41] from 234 to 236 dist[3.10]
Adding bndlst edge: (A_H235_SC -> A_R238_MC) type[hb], weight[0.44] from 234 to 237 dist[3.03]
Adding bndlst edge: (A_V236_MC -> A_F237_MC) type[cov], weight[1.00] from 235 to 236 dist[1.33]
Adding bndlst edge: (A_V236_MC -> A_K240_MC) type[hb], weight[0.49] from 235 to 239 dist[2.87]
Adding bndlst edge: (A_V236_MC -> A_L239_MC) type[hb], weight[0.89] from 235 to 238 dist[2.12]
Adding bndlst edge: (A_F237_MC -> A_R238_MC) type[cov], weight[1.00] from 236 to 237 dist[1.32]
Adding bndlst edge: (A_F237_MC -> A_K240_MC) type[hb], weight[0.96] from 236 to 239 dist[2.04]
Adding bndlst edge: (A_R238_MC -> A_L239_MC) type[cov], weight[1.00] from 237 to 238 dist[1.33]
Adding bndlst edge: (A_L239_MC -> A_K240_MC) type[cov], weight[1.00] from 238 to 239 dist[1.33]
Adding bndlst edge: (A_L239_MC -> A_I243_MC) type[hb], weight[0.82] from 238 to 242 dist[2.20]
Adding bndlst edge: (A_L239_MC -> A_W242_MC) type[hb], weight[0.62] from 238 to 241 dist[2.54]
Adding bndlst edge: (A_K240_MC -> A_K241_MC) type[cov], weight[1.00] from 239 to 240 dist[1.33]
Adding bndlst edge: (A_K240_MC -> A_Q244_MC) type[hb], weight[1.13] from 239 to 243 dist[1.88]
Adding bndlst edge: (A_K240_MC -> A_I243_MC) type[hb], weight[0.55] from 239 to 242 dist[2.69]
Adding bndlst edge: (A_K241_MC -> A_W242_MC) type[cov], weight[1.00] from 240 to 241 dist[1.33]
Adding bndlst edge: (A_K241_MC -> A_K245_MC) type[hb], weight[1.03] from 240 to 244 dist[1.97]
Adding bndlst edge: (A_W242_MC -> A_I243_MC) type[cov], weight[1.00] from 241 to 242 dist[1.34]
Adding bndlst edge: (A_W242_MC -> A_K245_MC) type[hb], weight[0.49] from 241 to 244 dist[2.86]
Adding bndlst edge: (A_W242_MC -> A_V246_MC) type[hb], weight[0.94] from 241 to 245 dist[2.06]
Adding bndlst edge: (A_I243_MC -> A_Q244_MC) type[cov], weight[1.00] from 242 to 243 dist[1.33]
Adding bndlst edge: (A_I243_MC -> A_I247_MC) type[hb], weight[0.95] from 242 to 246 dist[2.05]
Adding bndlst edge: (A_I243_MC -> A_V246_MC) type[hb], weight[0.52] from 242 to 245 dist[2.77]
Adding bndlst edge: (A_Q244_MC -> A_K245_MC) type[cov], weight[1.00] from 243 to 244 dist[1.33]
Adding bndlst edge: (A_Q244_MC -> A_D248_MC) type[hb], weight[1.38] from 243 to 247 dist[1.70]
Adding bndlst edge: (A_Q244_MC -> A_I247_MC) type[hb], weight[0.49] from 243 to 246 dist[2.85]
Adding bndlst edge: (A_Q244_SC -> A_D248_SC) type[hb], weight[0.57] from 243 to 247 dist[2.66]
Adding bndlst edge: (A_Q244_SC -> A_D248_SC) type[hb], weight[1.19] from 243 to 247 dist[1.83]
Adding bndlst edge: (A_K245_MC -> A_V246_MC) type[cov], weight[1.00] from 244 to 245 dist[1.33]
Adding bndlst edge: (A_K245_MC -> A_Q249_MC) type[hb], weight[1.00] from 244 to 248 dist[2.00]
Adding bndlst edge: (A_K245_MC -> A_D248_MC) type[hb], weight[0.46] from 244 to 247 dist[2.95]
Adding bndlst edge: (A_V246_MC -> A_I247_MC) type[cov], weight[1.00] from 245 to 246 dist[1.32]
Adding bndlst edge: (A_V246_MC -> A_Q249_MC) type[hb], weight[0.50] from 245 to 248 dist[2.83]
Adding bndlst edge: (A_V246_MC -> A_F250_MC) type[hb], weight[1.03] from 245 to 249 dist[1.97]
Adding bndlst edge: (A_I247_MC -> A_D248_MC) type[cov], weight[1.00] from 246 to 247 dist[1.33]
Adding bndlst edge: (A_D248_MC -> A_Q249_MC) type[cov], weight[1.00] from 247 to 248 dist[1.33]
Adding bndlst edge: (A_Q249_MC -> A_F250_MC) type[cov], weight[1.00] from 248 to 249 dist[1.33]

bndlst DONE

Producing PAJEK network
printing pajek edge (A_128_SER,A_129_LEU)
printing pajek edge (A_128_SER,A_131_GLN)
printing pajek edge (A_33_ILE,A_34_SER)
printing pajek edge (A_33_ILE,A_37_TRP)
printing pajek edge (A_91_ASN,A_93_ARG)
printing pajek edge (A_91_ASN,A_94_GLU)
printing pajek edge (A_91_ASN,A_96_LEU)
printing pajek edge (A_91_ASN,A_95_ASN)
printing pajek edge (A_91_ASN,A_92_TRP)
printing pajek edge (A_91_ASN,A_97_ASP)
printing pajek edge (A_207_PRO,A_208_PHE)
printing pajek edge (A_119_CYS,A_120_LEU)
printing pajek edge (A_119_CYS,A_214_GLN)
printing pajek edge (A_119_CYS,A_212_TRP)
printing pajek edge (A_72_GLU,A_75_ILE)
printing pajek edge (A_72_GLU,A_76_GLU)
printing pajek edge (A_72_GLU,A_73_ARG)
printing pajek edge (A_103_MET,A_104_LYS)
printing pajek edge (A_201_PRO,A_202_PHE)
printing pajek edge (A_19_PHE,A_60_LEU)
printing pajek edge (A_19_PHE,A_62_ARG)
printing pajek edge (A_19_PHE,A_20_ARG)
printing pajek edge (A_126_ALA,A_129_LEU)
printing pajek edge (A_126_ALA,A_130_LEU)
printing pajek edge (A_126_ALA,A_127_ALA)
printing pajek edge (A_17_MET,A_62_ARG)
printing pajek edge (A_17_MET,A_18_LEU)
printing pajek edge (A_45_LEU,A_54_PHE)
printing pajek edge (A_45_LEU,A_46_LEU)
printing pajek edge (A_56_GLU,A_84_ILE)
printing pajek edge (A_56_GLU,A_57_ASN)
printing pajek edge (A_56_GLU,A_59_LEU)
printing pajek edge (A_85_TYR,A_86_ILE)
printing pajek edge (A_85_TYR,A_102_LEU)
printing pajek edge (A_85_TYR,A_250_PHE)
printing pajek edge (A_28_CYS,A_29_GLY)
printing pajek edge (A_234_THR,A_235_HIS)
printing pajek edge (A_234_THR,A_236_VAL)
printing pajek edge (A_191_GLY,A_192_ASP)
printing pajek edge (A_191_GLY,A_225_ASP)
printing pajek edge (A_162_GLU,A_166_CYS)
printing pajek edge (A_162_GLU,A_163_ARG)
printing pajek edge (A_162_GLU,A_184_LYS)
printing pajek edge (A_162_GLU,A_165_VAL)
printing pajek edge (A_195_GLU,A_224_CYS)
printing pajek edge (A_195_GLU,A_196_GLY)
printing pajek edge (A_96_LEU,A_99_ASP)
printing pajek edge (A_96_LEU,A_97_ASP)
printing pajek edge (A_58_ASP,A_59_LEU)
printing pajek edge (A_221_GLY,A_222_GLU)
printing pajek edge (A_21_LYS,A_22_SER)
printing pajek edge (A_21_LYS,A_57_ASN)
printing pajek edge (A_21_LYS,A_58_ASP)
printing pajek edge (A_244_GLN,A_247_ILE)
printing pajek edge (A_244_GLN,A_245_LYS)
printing pajek edge (A_244_GLN,A_248_ASP)
printing pajek edge (A_232_PHE,A_233_TYR)
printing pajek edge (A_164_PRO,A_167_LYS)
printing pajek edge (A_164_PRO,A_165_VAL)
printing pajek edge (A_164_PRO,A_168_ASP)
printing pajek edge (A_110_ALA,A_111_PHE)
printing pajek edge (A_152_VAL,A_153_LEU)
printing pajek edge (A_152_VAL,A_154_GLN)
printing pajek edge (A_90_TYR,A_91_ASN)
printing pajek edge (A_90_TYR,A_92_TRP)
printing pajek edge (A_176_ASP,A_178_MET)
printing pajek edge (A_176_ASP,A_177_ASN)
printing pajek edge (A_149_GLN,A_150_PRO)
printing pajek edge (A_32_LEU,A_33_ILE)
printing pajek edge (A_32_LEU,A_118_VAL)
printing pajek edge (A_36_ARG,A_105_LEU)
printing pajek edge (A_36_ARG,A_37_TRP)
printing pajek edge (A_12_SER,A_139_THR)
printing pajek edge (A_12_SER,A_14_TRP)
printing pajek edge (A_12_SER,A_13_PRO)
printing pajek edge (A_12_SER,A_15_GLN)
printing pajek edge (A_209_ASN,A_213_TYR)
printing pajek edge (A_209_ASN,A_210_ASN)
printing pajek edge (A_209_ASN,A_211_ARG)
printing pajek edge (A_79_SER,A_80_MET)
printing pajek edge (A_94_GLU,A_173_ARG)
printing pajek edge (A_94_GLU,A_95_ASN)
printing pajek edge (A_107_LYS,A_108_PRO)
printing pajek edge (A_158_LEU,A_159_PRO)
printing pajek edge (A_66_HIS,A_153_LEU)
printing pajek edge (A_66_HIS,A_72_GLU)
printing pajek edge (A_66_HIS,A_67_SER)
printing pajek edge (A_66_HIS,A_141_TRP)
printing pajek edge (A_30_ALA,A_31_SER)
printing pajek edge (A_198_SER,A_199_GLY)
printing pajek edge (A_198_SER,A_200_GLY)
printing pajek edge (A_204_MET,A_213_TYR)
printing pajek edge (A_204_MET,A_205_LYS)
printing pajek edge (A_139_THR,A_140_GLY)
printing pajek edge (A_200_GLY,A_201_PRO)
printing pajek edge (A_200_GLY,A_218_VAL)
printing pajek edge (A_115_ILE,A_116_HIS)
printing pajek edge (A_227_ASP,A_228_GLY)
printing pajek edge (A_59_LEU,A_60_LEU)
printing pajek edge (A_212_TRP,A_213_TYR)
printing pajek edge (A_154_GLN,A_155_VAL)
printing pajek edge (A_16_VAL,A_17_MET)
printing pajek edge (A_16_VAL,A_30_ALA)
printing pajek edge (A_138_VAL,A_156_VAL)
printing pajek edge (A_138_VAL,A_139_THR)
printing pajek edge (A_82_GLU,A_104_LYS)
printing pajek edge (A_82_GLU,A_104_LYS)
printing pajek edge (A_82_GLU,A_83_LYS)
printing pajek edge (A_61_VAL,A_62_ARG)
printing pajek edge (A_61_VAL,A_79_SER)
printing pajek edge (A_102_LEU,A_103_MET)
printing pajek edge (A_74_ASN,A_75_ILE)
printing pajek edge (A_87_HIS,A_100_ILE)
printing pajek edge (A_87_HIS,A_88_PRO)
printing pajek edge (A_87_HIS,A_89_ARG)
printing pajek edge (A_87_HIS,A_242_TRP)
printing pajek edge (A_87_HIS,A_90_TYR)
printing pajek edge (A_77_LYS,A_78_ILE)
printing pajek edge (A_63_ILE,A_64_GLY)
printing pajek edge (A_63_ILE,A_77_LYS)
printing pajek edge (A_248_ASP,A_249_GLN)
printing pajek edge (A_68_ARG,A_150_PRO)
printing pajek edge (A_68_ARG,A_69_THR)
printing pajek edge (A_68_ARG,A_151_SER)
printing pajek edge (A_205_LYS,A_206_SER)
printing pajek edge (A_242_TRP,A_245_LYS)
printing pajek edge (A_242_TRP,A_246_VAL)
printing pajek edge (A_242_TRP,A_243_ILE)
printing pajek edge (A_166_CYS,A_167_LYS)
printing pajek edge (A_166_CYS,A_180_CYS)
printing pajek edge (A_166_CYS,A_169_SER)
printing pajek edge (A_199_GLY,A_218_VAL)
printing pajek edge (A_199_GLY,A_200_GLY)
printing pajek edge (A_140_GLY,A_141_TRP)
printing pajek edge (A_140_GLY,A_154_GLN)
printing pajek edge (A_130_LEU,A_131_GLN)
printing pajek edge (A_3_GLU,A_4_GLY)
printing pajek edge (A_18_LEU,A_28_CYS)
printing pajek edge (A_18_LEU,A_19_PHE)
printing pajek edge (A_18_LEU,A_27_LEU)
printing pajek edge (A_187_GLU,A_189_LYS)
printing pajek edge (A_187_GLU,A_188_GLY)
printing pajek edge (A_111_PHE,A_112_SER)
printing pajek edge (A_83_LYS,A_104_LYS)
printing pajek edge (A_83_LYS,A_84_ILE)
printing pajek edge (A_83_LYS,A_84_ILE)
printing pajek edge (A_148_GLY,A_149_GLN)
printing pajek edge (A_229_LYS,A_230_TYR)
printing pajek edge (A_237_PHE,A_238_ARG)
printing pajek edge (A_237_PHE,A_240_LYS)
printing pajek edge (A_219_SER,A_232_PHE)
printing pajek edge (A_219_SER,A_220_TRP)
printing pajek edge (A_203_VAL,A_204_MET)
printing pajek edge (A_169_SER,A_229_LYS)
printing pajek edge (A_169_SER,A_170_THR)
printing pajek edge (A_185_PRO,A_186_ASP)
printing pajek edge (A_185_PRO,A_188_GLY)
printing pajek edge (A_136_GLY,A_202_PHE)
printing pajek edge (A_136_GLY,A_137_ARG)
printing pajek edge (A_136_GLY,A_158_LEU)
printing pajek edge (A_15_GLN,A_139_THR)
printing pajek edge (A_15_GLN,A_139_THR)
printing pajek edge (A_15_GLN,A_16_VAL)
printing pajek edge (A_113_ASP,A_114_TYR)
printing pajek edge (A_70_ALA,A_71_TYR)
printing pajek edge (A_192_ASP,A_193_ALA)
printing pajek edge (A_192_ASP,A_193_ALA)
printing pajek edge (A_192_ASP,A_225_ASP)
printing pajek edge (A_173_ARG,A_174_ILE)
printing pajek edge (A_146_GLU,A_226_ARG)
printing pajek edge (A_146_GLU,A_147_THR)
printing pajek edge (A_146_GLU,A_224_CYS)
printing pajek edge (A_50_TRP,A_51_ASP)
printing pajek edge (A_179_PHE,A_180_CYS)
printing pajek edge (A_179_PHE,A_233_TYR)
printing pajek edge (A_25_GLU,A_26_LEU)
printing pajek edge (A_225_ASP,A_226_ARG)
printing pajek edge (A_188_GLY,A_189_LYS)
printing pajek edge (A_141_TRP,A_153_LEU)
printing pajek edge (A_141_TRP,A_142_GLY)
printing pajek edge (A_224_CYS,A_225_ASP)
printing pajek edge (A_125_THR,A_129_LEU)
printing pajek edge (A_125_THR,A_128_SER)
printing pajek edge (A_125_THR,A_126_ALA)
printing pajek edge (A_105_LEU,A_106_LYS)
printing pajek edge (A_132_ALA,A_133_GLY)
printing pajek edge (A_132_ALA,A_134_TYR)
printing pajek edge (A_182_GLY,A_183_TYR)
printing pajek edge (A_235_HIS,A_238_ARG)
printing pajek edge (A_235_HIS,A_239_LEU)
printing pajek edge (A_235_HIS,A_237_PHE)
printing pajek edge (A_235_HIS,A_236_VAL)
printing pajek edge (A_122_ASP,A_124_GLU)
printing pajek edge (A_122_ASP,A_125_THR)
printing pajek edge (A_122_ASP,A_126_ALA)
printing pajek edge (A_122_ASP,A_123_ARG)
printing pajek edge (A_80_MET,A_81_LEU)
printing pajek edge (A_80_MET,A_106_LYS)
printing pajek edge (A_213_TYR,A_215_MET)
printing pajek edge (A_213_TYR,A_214_GLN)
printing pajek edge (A_155_VAL,A_156_VAL)
printing pajek edge (A_1_ILE,A_2_VAL)
printing pajek edge (A_1_ILE,A_143_ASN)
printing pajek edge (A_1_ILE,A_197_ASP)
printing pajek edge (A_1_ILE,A_197_ASP)
printing pajek edge (A_24_GLN,A_25_GLU)
printing pajek edge (A_97_ASP,A_175_THR)
printing pajek edge (A_97_ASP,A_98_ARG)
printing pajek edge (A_97_ASP,A_98_ARG)
printing pajek edge (A_97_ASP,A_177_ASN)
printing pajek edge (A_127_ALA,A_128_SER)
printing pajek edge (A_239_LEU,A_242_TRP)
printing pajek edge (A_239_LEU,A_240_LYS)
printing pajek edge (A_239_LEU,A_243_ILE)
printing pajek edge (A_160_ILE,A_161_VAL)
printing pajek edge (A_161_VAL,A_162_GLU)
printing pajek edge (A_161_VAL,A_180_CYS)
printing pajek edge (A_177_ASN,A_238_ARG)
printing pajek edge (A_177_ASN,A_235_HIS)
printing pajek edge (A_177_ASN,A_178_MET)
printing pajek edge (A_48_PRO,A_51_ASP)
printing pajek edge (A_48_PRO,A_49_PRO)
printing pajek edge (A_9_ILE,A_11_MET)
printing pajek edge (A_9_ILE,A_10_GLY)
printing pajek edge (A_210_ASN,A_211_ARG)
printing pajek edge (A_99_ASP,A_234_THR)
printing pajek edge (A_99_ASP,A_100_ILE)
printing pajek edge (A_99_ASP,A_219_SER)
printing pajek edge (A_217_ILE,A_234_THR)
printing pajek edge (A_217_ILE,A_218_VAL)
printing pajek edge (A_217_ILE,A_219_SER)
printing pajek edge (A_38_VAL,A_39_LEU)
printing pajek edge (A_38_VAL,A_103_MET)
printing pajek edge (A_118_VAL,A_119_CYS)
printing pajek edge (A_44_CYS,A_45_LEU)
printing pajek edge (A_196_GLY,A_197_ASP)
printing pajek edge (A_6_ASP,A_7_ALA)
printing pajek edge (A_6_ASP,A_154_GLN)
printing pajek edge (A_171_ARG,A_172_ILE)
printing pajek edge (A_34_SER,A_36_ARG)
printing pajek edge (A_34_SER,A_35_ASP)
printing pajek edge (A_34_SER,A_37_TRP)
printing pajek edge (A_22_SER,A_23_PRO)
printing pajek edge (A_64_GLY,A_65_LYS)
printing pajek edge (A_8_GLU,A_9_ILE)
printing pajek edge (A_8_GLU,A_11_MET)
printing pajek edge (A_228_GLY,A_229_LYS)
printing pajek edge (A_27_LEU,A_28_CYS)
printing pajek edge (A_81_LEU,A_82_GLU)
printing pajek edge (A_194_CYS,A_195_GLU)
printing pajek edge (A_194_CYS,A_195_GLU)
printing pajek edge (A_194_CYS,A_197_ASP)
printing pajek edge (A_120_LEU,A_121_PRO)
printing pajek edge (A_181_ALA,A_182_GLY)
printing pajek edge (A_181_ALA,A_231_GLY)
printing pajek edge (A_100_ILE,A_101_ALA)
printing pajek edge (A_245_LYS,A_249_GLN)
printing pajek edge (A_245_LYS,A_246_VAL)
printing pajek edge (A_245_LYS,A_248_ASP)
printing pajek edge (A_180_CYS,A_181_ALA)
printing pajek edge (A_163_ARG,A_164_PRO)
printing pajek edge (A_163_ARG,A_167_LYS)
printing pajek edge (A_163_ARG,A_175_THR)
printing pajek edge (A_163_ARG,A_166_CYS)
printing pajek edge (A_163_ARG,A_178_MET)
printing pajek edge (A_73_ARG,A_75_ILE)
printing pajek edge (A_73_ARG,A_74_ASN)
printing pajek edge (A_247_ILE,A_248_ASP)
printing pajek edge (A_241_LYS,A_245_LYS)
printing pajek edge (A_241_LYS,A_242_TRP)
printing pajek edge (A_75_ILE,A_76_GLU)
printing pajek edge (A_183_TYR,A_184_LYS)
printing pajek edge (A_62_ARG,A_70_ALA)
printing pajek edge (A_62_ARG,A_76_GLU)
printing pajek edge (A_62_ARG,A_63_ILE)
printing pajek edge (A_231_GLY,A_232_PHE)
printing pajek edge (A_109_VAL,A_110_ALA)
printing pajek edge (A_116_HIS,A_117_PRO)
printing pajek edge (A_116_HIS,A_117_PRO)
printing pajek edge (A_93_ARG,A_94_GLU)
printing pajek edge (A_104_LYS,A_105_LEU)
printing pajek edge (A_104_LYS,A_250_PHE)
printing pajek edge (A_202_PHE,A_216_GLY)
printing pajek edge (A_202_PHE,A_215_MET)
printing pajek edge (A_202_PHE,A_203_VAL)
printing pajek edge (A_233_TYR,A_234_THR)
printing pajek edge (A_11_MET,A_12_SER)
printing pajek edge (A_114_TYR,A_115_ILE)
printing pajek edge (A_153_LEU,A_154_GLN)
printing pajek edge (A_190_ARG,A_191_GLY)
printing pajek edge (A_190_ARG,A_225_ASP)
printing pajek edge (A_190_ARG,A_225_ASP)
printing pajek edge (A_190_ARG,A_227_ASP)
printing pajek edge (A_226_ARG,A_229_LYS)
printing pajek edge (A_226_ARG,A_227_ASP)
printing pajek edge (A_208_PHE,A_209_ASN)
printing pajek edge (A_143_ASN,A_195_GLU)
printing pajek edge (A_143_ASN,A_145_LYS)
printing pajek edge (A_143_ASN,A_144_LEU)
printing pajek edge (A_92_TRP,A_93_ARG)
printing pajek edge (A_168_ASP,A_169_SER)
printing pajek edge (A_49_PRO,A_50_TRP)
printing pajek edge (A_108_PRO,A_109_VAL)
printing pajek edge (A_88_PRO,A_89_ARG)
printing pajek edge (A_175_THR,A_178_MET)
printing pajek edge (A_175_THR,A_176_ASP)
printing pajek edge (A_175_THR,A_177_ASN)
printing pajek edge (A_78_ILE,A_79_SER)
printing pajek edge (A_215_MET,A_216_GLY)
printing pajek edge (A_215_MET,A_236_VAL)
printing pajek edge (A_134_TYR,A_160_ILE)
printing pajek edge (A_134_TYR,A_135_LYS)
printing pajek edge (A_150_PRO,A_151_SER)
printing pajek edge (A_124_GLU,A_125_THR)
printing pajek edge (A_124_GLU,A_128_SER)
printing pajek edge (A_124_GLU,A_127_ALA)
printing pajek edge (A_222_GLU,A_229_LYS)
printing pajek edge (A_222_GLU,A_223_GLY)
printing pajek edge (A_51_ASP,A_52_LYS)
printing pajek edge (A_40_THR,A_41_ALA)
printing pajek edge (A_40_THR,A_41_ALA)
printing pajek edge (A_40_THR,A_101_ALA)
printing pajek edge (A_211_ARG,A_212_TRP)
printing pajek edge (A_65_LYS,A_70_ALA)
printing pajek edge (A_65_LYS,A_76_GLU)
printing pajek edge (A_65_LYS,A_72_GLU)
printing pajek edge (A_65_LYS,A_67_SER)
printing pajek edge (A_65_LYS,A_66_HIS)
printing pajek edge (A_98_ARG,A_100_ILE)
printing pajek edge (A_98_ARG,A_99_ASP)
printing pajek edge (A_13_PRO,A_14_TRP)
printing pajek edge (A_13_PRO,A_116_HIS)
printing pajek edge (A_42_ALA,A_43_HIS)
printing pajek edge (A_42_ALA,A_99_ASP)
printing pajek edge (A_42_ALA,A_46_LEU)
printing pajek edge (A_42_ALA,A_44_CYS)
printing pajek edge (A_42_ALA,A_45_LEU)
printing pajek edge (A_53_ASN,A_54_PHE)
printing pajek edge (A_174_ILE,A_175_THR)
printing pajek edge (A_57_ASN,A_58_ASP)
printing pajek edge (A_230_TYR,A_231_GLY)
printing pajek edge (A_46_LEU,A_47_TYR)
printing pajek edge (A_46_LEU,A_90_TYR)
printing pajek edge (A_67_SER,A_70_ALA)
printing pajek edge (A_67_SER,A_68_ARG)
printing pajek edge (A_67_SER,A_72_GLU)
printing pajek edge (A_20_ARG,A_22_SER)
printing pajek edge (A_20_ARG,A_25_GLU)
printing pajek edge (A_20_ARG,A_25_GLU)
printing pajek edge (A_20_ARG,A_21_LYS)
printing pajek edge (A_55_THR,A_58_ASP)
printing pajek edge (A_55_THR,A_56_GLU)
printing pajek edge (A_55_THR,A_56_GLU)
printing pajek edge (A_238_ARG,A_239_LEU)
printing pajek edge (A_71_TYR,A_73_ARG)
printing pajek edge (A_71_TYR,A_72_GLU)
printing pajek edge (A_189_LYS,A_190_ARG)
printing pajek edge (A_69_THR,A_70_ALA)
printing pajek edge (A_167_LYS,A_170_THR)
printing pajek edge (A_167_LYS,A_169_SER)
printing pajek edge (A_167_LYS,A_168_ASP)
printing pajek edge (A_2_VAL,A_192_ASP)
printing pajek edge (A_2_VAL,A_3_GLU)
printing pajek edge (A_137_ARG,A_138_VAL)
printing pajek edge (A_137_ARG,A_157_ASN)
printing pajek edge (A_137_ARG,A_203_VAL)
printing pajek edge (A_89_ARG,A_98_ARG)
printing pajek edge (A_89_ARG,A_90_TYR)
printing pajek edge (A_117_PRO,A_118_VAL)
printing pajek edge (A_145_LYS,A_146_GLU)
printing pajek edge (A_142_GLY,A_143_ASN)
printing pajek edge (A_142_GLY,A_197_ASP)
printing pajek edge (A_31_SER,A_39_LEU)
printing pajek edge (A_31_SER,A_214_GLN)
printing pajek edge (A_31_SER,A_32_LEU)
printing pajek edge (A_101_ALA,A_102_LEU)
printing pajek edge (A_223_GLY,A_224_CYS)
printing pajek edge (A_129_LEU,A_131_GLN)
printing pajek edge (A_129_LEU,A_130_LEU)
printing pajek edge (A_26_LEU,A_27_LEU)
printing pajek edge (A_29_GLY,A_198_SER)
printing pajek edge (A_29_GLY,A_40_THR)
printing pajek edge (A_29_GLY,A_30_ALA)
printing pajek edge (A_121_PRO,A_240_LYS)
printing pajek edge (A_121_PRO,A_122_ASP)
printing pajek edge (A_157_ASN,A_158_LEU)
printing pajek edge (A_135_LYS,A_183_TYR)
printing pajek edge (A_135_LYS,A_136_GLY)
printing pajek edge (A_41_ALA,A_44_CYS)
printing pajek edge (A_41_ALA,A_42_ALA)
printing pajek edge (A_76_GLU,A_77_LYS)
printing pajek edge (A_76_GLU,A_77_LYS)
printing pajek edge (A_84_ILE,A_85_TYR)
printing pajek edge (A_193_ALA,A_194_CYS)
printing pajek edge (A_60_LEU,A_61_VAL)
printing pajek edge (A_216_GLY,A_217_ILE)
printing pajek edge (A_178_MET,A_220_TRP)
printing pajek edge (A_178_MET,A_179_PHE)
printing pajek edge (A_151_SER,A_152_VAL)
printing pajek edge (A_156_VAL,A_157_ASN)
printing pajek edge (A_131_GLN,A_132_ALA)
printing pajek edge (A_131_GLN,A_134_TYR)
printing pajek edge (A_218_VAL,A_219_SER)
printing pajek edge (A_54_PHE,A_55_THR)
printing pajek edge (A_246_VAL,A_247_ILE)
printing pajek edge (A_246_VAL,A_249_GLN)
printing pajek edge (A_246_VAL,A_250_PHE)
printing pajek edge (A_240_LYS,A_244_GLN)
printing pajek edge (A_240_LYS,A_241_LYS)
printing pajek edge (A_240_LYS,A_243_ILE)
printing pajek edge (A_123_ARG,A_124_GLU)
printing pajek edge (A_123_ARG,A_126_ALA)
printing pajek edge (A_123_ARG,A_127_ALA)
printing pajek edge (A_144_LEU,A_148_GLY)
printing pajek edge (A_144_LEU,A_145_LYS)
printing pajek edge (A_206_SER,A_210_ASN)
printing pajek edge (A_206_SER,A_211_ARG)
printing pajek edge (A_206_SER,A_208_PHE)
printing pajek edge (A_206_SER,A_207_PRO)
printing pajek edge (A_206_SER,A_209_ASN)
printing pajek edge (A_159_PRO,A_160_ILE)
printing pajek edge (A_159_PRO,A_182_GLY)
printing pajek edge (A_43_HIS,A_198_SER)
printing pajek edge (A_43_HIS,A_99_ASP)
printing pajek edge (A_43_HIS,A_218_VAL)
printing pajek edge (A_43_HIS,A_44_CYS)
printing pajek edge (A_43_HIS,A_219_SER)
printing pajek edge (A_23_PRO,A_24_GLN)
printing pajek edge (A_220_TRP,A_232_PHE)
printing pajek edge (A_220_TRP,A_221_GLY)
printing pajek edge (A_47_TYR,A_50_TRP)
printing pajek edge (A_47_TYR,A_52_LYS)
printing pajek edge (A_47_TYR,A_48_PRO)
printing pajek edge (A_14_TRP,A_32_LEU)
printing pajek edge (A_14_TRP,A_15_GLN)
printing pajek edge (A_236_VAL,A_239_LEU)
printing pajek edge (A_236_VAL,A_240_LYS)
printing pajek edge (A_236_VAL,A_237_PHE)
printing pajek edge (A_106_LYS,A_107_LYS)
printing pajek edge (A_7_ALA,A_153_LEU)
printing pajek edge (A_7_ALA,A_8_GLU)
printing pajek edge (A_7_ALA,A_66_HIS)
printing pajek edge (A_86_ILE,A_87_HIS)
printing pajek edge (A_186_ASP,A_187_GLU)
printing pajek edge (A_37_TRP,A_38_VAL)
printing pajek edge (A_4_GLY,A_5_SER)
printing pajek edge (A_249_GLN,A_250_PHE)
printing pajek edge (A_214_GLN,A_216_GLY)
printing pajek edge (A_214_GLN,A_215_MET)
printing pajek edge (A_184_LYS,A_187_GLU)
printing pajek edge (A_184_LYS,A_185_PRO)
printing pajek edge (A_95_ASN,A_173_ARG)
printing pajek edge (A_95_ASN,A_96_LEU)
printing pajek edge (A_95_ASN,A_97_ASP)
printing pajek edge (A_52_LYS,A_53_ASN)
printing pajek edge (A_10_GLY,A_11_MET)
printing pajek edge (A_112_SER,A_113_ASP)
printing pajek edge (A_112_SER,A_115_ILE)
printing pajek edge (A_112_SER,A_114_TYR)
printing pajek edge (A_39_LEU,A_40_THR)
printing pajek edge (A_5_SER,A_155_VAL)
printing pajek edge (A_5_SER,A_6_ASP)
printing pajek edge (A_35_ASP,A_36_ARG)
printing pajek edge (A_35_ASP,A_36_ARG)
printing pajek edge (A_35_ASP,A_109_VAL)
printing pajek edge (A_170_THR,A_171_ARG)
printing pajek edge (A_170_THR,A_171_ARG)
printing pajek edge (A_170_THR,A_222_GLU)
printing pajek edge (A_170_THR,A_172_ILE)
printing pajek edge (A_165_VAL,A_166_CYS)
printing pajek edge (A_165_VAL,A_168_ASP)
printing pajek edge (A_165_VAL,A_169_SER)
printing pajek edge (A_133_GLY,A_160_ILE)
printing pajek edge (A_133_GLY,A_134_TYR)
printing pajek edge (A_197_ASP,A_198_SER)
printing pajek edge (A_197_ASP,A_200_GLY)
printing pajek edge (A_172_ILE,A_173_ARG)
printing pajek edge (A_243_ILE,A_247_ILE)
printing pajek edge (A_243_ILE,A_244_GLN)
printing pajek edge (A_243_ILE,A_246_VAL)
