Graph START

Adding vertex (chain-A, position-818, res-GLY)
New vertex id: 0
1 2 3 4 
Adding vertex (chain-A, position-819, res-ILE)
New vertex id: 1
5 6 7 8 9 10 11 12 
Adding vertex (chain-A, position-820, res-ASP)
New vertex id: 2
13 14 15 16 17 18 19 20 
Adding vertex (chain-A, position-821, res-PRO)
New vertex id: 3
21 22 23 24 25 26 27 
Adding vertex (chain-A, position-822, res-PHE)
New vertex id: 4
28 29 30 31 32 33 34 35 36 37 38 
Adding vertex (chain-A, position-823, res-THR)
New vertex id: 5
39 40 41 42 43 44 45 
Adding vertex (chain-A, position-824, res-GLY)
New vertex id: 6
46 47 48 49 
Adding vertex (chain-A, position-825, res-GLU)
New vertex id: 7
50 51 52 53 54 55 56 57 58 
Adding vertex (chain-A, position-826, res-ALA)
New vertex id: 8
59 60 61 62 63 
Adding vertex (chain-A, position-827, res-ILE)
New vertex id: 9
64 65 66 67 68 69 70 71 
Adding vertex (chain-A, position-828, res-ALA)
New vertex id: 10
72 73 74 75 76 
Adding vertex (chain-A, position-829, res-LYS)
New vertex id: 11
77 79 81 83 85 87 89 91 93 
Adding vertex (chain-A, position-830, res-PHE)
New vertex id: 12
95 96 97 98 99 100 101 102 103 104 105 
Adding vertex (chain-A, position-831, res-ASN)
New vertex id: 13
106 107 108 109 110 111 112 113 
Adding vertex (chain-A, position-832, res-PHE)
New vertex id: 14
114 115 116 117 118 119 120 121 122 123 124 
Adding vertex (chain-A, position-833, res-ASN)
New vertex id: 15
125 126 127 128 129 130 131 132 
Adding vertex (chain-A, position-834, res-GLY)
New vertex id: 16
133 134 135 136 
Adding vertex (chain-A, position-835, res-ASP)
New vertex id: 17
137 139 141 143 145 147 149 151 
Adding vertex (chain-A, position-836, res-THR)
New vertex id: 18
153 154 155 156 157 158 159 
Adding vertex (chain-A, position-837, res-GLN)
New vertex id: 19
160 162 164 166 168 170 172 174 176 
Adding vertex (chain-A, position-838, res-VAL)
New vertex id: 20
178 179 180 181 182 183 184 
Adding vertex (chain-A, position-839, res-GLU)
New vertex id: 21
185 186 187 188 189 190 191 192 193 
Adding vertex (chain-A, position-840, res-MET)
New vertex id: 22
194 195 196 197 198 199 200 201 
Adding vertex (chain-A, position-841, res-SER)
New vertex id: 23
202 203 204 205 206 207 
Adding vertex (chain-A, position-842, res-PHE)
New vertex id: 24
208 209 210 211 212 213 214 215 216 217 218 
Adding vertex (chain-A, position-843, res-ARG)
New vertex id: 25
219 221 223 225 227 229 231 233 235 237 239 
Adding vertex (chain-A, position-844, res-LYS)
New vertex id: 26
241 243 245 247 249 251 253 255 257 
Adding vertex (chain-A, position-845, res-GLY)
New vertex id: 27
259 260 261 262 
Adding vertex (chain-A, position-846, res-GLU)
New vertex id: 28
263 264 265 266 267 268 269 270 271 
Adding vertex (chain-A, position-847, res-ARG)
New vertex id: 29
272 273 274 275 276 277 278 279 280 281 282 
Adding vertex (chain-A, position-848, res-ILE)
New vertex id: 30
283 284 285 286 287 288 289 290 
Adding vertex (chain-A, position-849, res-THR)
New vertex id: 31
291 292 293 294 295 296 297 
Adding vertex (chain-A, position-850, res-LEU)
New vertex id: 32
298 299 300 301 302 303 304 305 
Adding vertex (chain-A, position-851, res-LEU)
New vertex id: 33
306 307 308 309 310 311 312 313 
Adding vertex (chain-A, position-852, res-ARG)
New vertex id: 34
314 315 316 317 318 319 320 321 322 323 324 
Adding vertex (chain-A, position-853, res-GLN)
New vertex id: 35
325 326 327 328 329 330 331 332 333 
Adding vertex (chain-A, position-854, res-VAL)
New vertex id: 36
334 335 336 337 338 339 340 
Adding vertex (chain-A, position-855, res-ASP)
New vertex id: 37
341 342 343 344 345 346 347 348 
Adding vertex (chain-A, position-856, res-GLU)
New vertex id: 38
349 350 351 352 353 354 355 356 357 
Adding vertex (chain-A, position-857, res-ASN)
New vertex id: 39
358 360 362 364 366 368 370 372 
Adding vertex (chain-A, position-858, res-TRP)
New vertex id: 40
374 375 376 377 378 379 380 381 382 383 384 385 386 387 
Adding vertex (chain-A, position-859, res-TYR)
New vertex id: 41
388 389 390 391 392 393 394 395 396 397 398 399 
Adding vertex (chain-A, position-860, res-GLU)
New vertex id: 42
400 401 402 403 404 405 406 407 408 
Adding vertex (chain-A, position-861, res-GLY)
New vertex id: 43
409 410 411 412 
Adding vertex (chain-A, position-862, res-ARG)
New vertex id: 44
413 414 415 416 417 418 419 420 421 422 423 
Adding vertex (chain-A, position-863, res-ILE)
New vertex id: 45
424 425 426 427 428 429 430 431 
Adding vertex (chain-A, position-864, res-PRO)
New vertex id: 46
432 433 434 435 436 437 438 
Adding vertex (chain-A, position-865, res-GLY)
New vertex id: 47
439 440 441 442 
Adding vertex (chain-A, position-866, res-THR)
New vertex id: 48
443 444 445 446 447 448 449 
Adding vertex (chain-A, position-867, res-SER)
New vertex id: 49
450 451 452 453 454 455 
Adding vertex (chain-A, position-868, res-ARG)
New vertex id: 50
456 457 458 459 460 461 462 463 464 465 466 
Adding vertex (chain-A, position-869, res-GLN)
New vertex id: 51
467 468 469 470 471 472 473 474 475 
Adding vertex (chain-A, position-870, res-GLY)
New vertex id: 52
476 477 478 479 
Adding vertex (chain-A, position-871, res-ILE)
New vertex id: 53
480 481 482 483 484 485 486 487 
Adding vertex (chain-A, position-872, res-PHE)
New vertex id: 54
488 489 490 491 492 493 494 495 496 497 498 
Adding vertex (chain-A, position-873, res-PRO)
New vertex id: 55
499 500 501 502 503 504 505 
Adding vertex (chain-A, position-874, res-ILE)
New vertex id: 56
506 507 508 509 510 511 512 513 
Adding vertex (chain-A, position-875, res-THR)
New vertex id: 57
514 516 518 520 522 524 526 
Adding vertex (chain-A, position-876, res-TYR)
New vertex id: 58
528 529 530 531 532 533 534 535 536 537 538 539 
Adding vertex (chain-A, position-877, res-VAL)
New vertex id: 59
540 541 542 543 544 545 546 
Adding vertex (chain-A, position-878, res-ASP)
New vertex id: 60
547 548 549 550 551 552 553 554 
Adding vertex (chain-A, position-879, res-VAL)
New vertex id: 61
555 556 557 558 559 560 561 
Adding vertex (chain-A, position-880, res-ILE)
New vertex id: 62
562 563 564 565 566 567 568 569 
Adding vertex (chain-A, position-881, res-LYS)
New vertex id: 63
570 571 572 573 574 575 576 577 578 
Adding vertex (chain-A, position-882, res-ARG)
New vertex id: 64
579 580 581 582 583 584 585 586 587 588 589 
Adding vertex (chain-A, position-883, res-PRO)
New vertex id: 65
590 591 592 593 594 595 596 
Adding vertex (chain-A, position-884, res-LEU)
New vertex id: 66
597 598 599 600 601 602 603 604 605 
Graph DONE

( reduce -FLIPs 2O9V.pdb > 2O9V.H.pdb ) >& /dev/null
Reduce (-FLIPs) returned 0
( bndlst -Radius0.3 2O9V.H.pdb > 2O9V.H.bndlst ) >& /dev/null
BndLst returned 0
Parsing 2O9V.H.bndlst

bndlst START
Adding bndlst edge: (A_G818_MC -> A_I819_MC) type[cov], weight[1.00] from 0 to 1 dist[1.33]
Adding bndlst edge: (A_I819_MC -> A_D820_MC) type[cov], weight[1.00] from 1 to 2 dist[1.32]
Adding bndlst edge: (A_D820_MC -> A_P821_MC) type[cov], weight[1.00] from 2 to 3 dist[1.35]
Adding bndlst edge: (A_D820_MC -> A_T823_SC) type[hb], weight[1.30] from 2 to 5 dist[1.75]
Adding bndlst edge: (A_D820_MC -> A_T823_MC) type[hb], weight[1.01] from 2 to 5 dist[1.99]
Adding bndlst edge: (A_D820_SC -> A_F822_MC) type[hb], weight[1.00] from 2 to 4 dist[2.00]
Adding bndlst edge: (A_P821_MC -> A_F822_MC) type[cov], weight[1.00] from 3 to 4 dist[1.33]
Adding bndlst edge: (A_F822_MC -> A_T823_MC) type[cov], weight[1.00] from 4 to 5 dist[1.30]
Adding bndlst edge: (A_F822_MC -> A_L884_MC) type[hb], weight[1.30] from 4 to 66 dist[1.76]
Adding bndlst edge: (A_T823_MC -> A_G824_MC) type[cov], weight[1.00] from 5 to 6 dist[1.33]
Adding bndlst edge: (A_G824_MC -> A_E825_MC) type[cov], weight[1.00] from 6 to 7 dist[1.33]
Adding bndlst edge: (A_G824_MC -> A_L850_MC) type[hb], weight[1.04] from 6 to 32 dist[1.96]
Adding bndlst edge: (A_G824_MC -> A_L850_MC) type[hb], weight[1.14] from 6 to 32 dist[1.87]
Adding bndlst edge: (A_E825_MC -> A_A826_MC) type[cov], weight[1.00] from 7 to 8 dist[1.33]
Adding bndlst edge: (A_E825_MC -> A_K881_MC) type[hb], weight[0.84] from 7 to 63 dist[2.19]
Adding bndlst edge: (A_E825_MC -> A_I880_MC) type[hb], weight[1.09] from 7 to 62 dist[1.91]
Adding bndlst edge: (A_E825_SC -> A_R847_SC) type[salt], weight[0.48] from 7 to 29 dist[2.75]
Adding bndlst edge: (A_E825_SC -> A_R847_SC) type[salt], weight[1.02] from 7 to 29 dist[1.89]
Adding bndlst edge: (A_E825_SC -> A_R847_SC) type[salt], weight[0.94] from 7 to 29 dist[1.96]
Adding bndlst edge: (A_E825_MC -> A_K881_MC) type[hb], weight[1.09] from 7 to 63 dist[1.91]
Adding bndlst edge: (A_A826_MC -> A_I827_MC) type[cov], weight[1.00] from 8 to 9 dist[1.33]
Adding bndlst edge: (A_A826_MC -> A_I848_MC) type[hb], weight[1.15] from 8 to 30 dist[1.86]
Adding bndlst edge: (A_A826_MC -> A_I848_MC) type[hb], weight[0.95] from 8 to 30 dist[2.05]
Adding bndlst edge: (A_I827_MC -> A_A828_MC) type[cov], weight[1.00] from 9 to 10 dist[1.32]
Adding bndlst edge: (A_I827_MC -> A_D878_MC) type[hb], weight[1.15] from 9 to 60 dist[1.86]
Adding bndlst edge: (A_I827_MC -> A_D878_MC) type[hb], weight[0.99] from 9 to 60 dist[2.02]
Adding bndlst edge: (A_A828_MC -> A_K829_MC) type[cov], weight[1.00] from 10 to 11 dist[1.33]
Adding bndlst edge: (A_A828_MC -> A_G845_MC) type[hb], weight[1.03] from 10 to 27 dist[1.97]
Adding bndlst edge: (A_A828_MC -> A_E846_MC) type[hb], weight[1.15] from 10 to 28 dist[1.86]
Adding bndlst edge: (A_K829_MC -> A_F830_MC) type[cov], weight[1.00] from 11 to 12 dist[1.32]
Adding bndlst edge: (A_K829_MC -> A_K844_SC) type[hb], weight[0.78] from 11 to 26 dist[2.27]
Adding bndlst edge: (A_K829_MC -> A_Y876_MC) type[hb], weight[1.15] from 11 to 58 dist[1.86]
Adding bndlst edge: (A_F830_MC -> A_N831_MC) type[cov], weight[1.00] from 12 to 13 dist[1.33]
Adding bndlst edge: (A_F830_MC -> A_Y876_MC) type[hb], weight[0.66] from 12 to 58 dist[2.46]
Adding bndlst edge: (A_N831_MC -> A_F832_MC) type[cov], weight[1.00] from 13 to 14 dist[1.34]
Adding bndlst edge: (A_N831_SC -> A_K844_MC) type[hb], weight[1.05] from 13 to 26 dist[1.95]
Adding bndlst edge: (A_F832_MC -> A_N833_MC) type[cov], weight[1.00] from 14 to 15 dist[1.34]
Adding bndlst edge: (A_F832_MC -> A_F842_MC) type[hb], weight[1.02] from 14 to 24 dist[1.98]
Adding bndlst edge: (A_F832_MC -> A_F842_MC) type[hb], weight[1.10] from 14 to 24 dist[1.91]
Adding bndlst edge: (A_N833_MC -> A_G834_MC) type[cov], weight[1.00] from 15 to 16 dist[1.32]
Adding bndlst edge: (A_G834_MC -> A_D835_MC) type[cov], weight[1.00] from 16 to 17 dist[1.33]
Adding bndlst edge: (A_G834_MC -> A_S841_SC) type[hb], weight[1.15] from 16 to 23 dist[1.87]
Adding bndlst edge: (A_D835_MC -> A_T836_MC) type[cov], weight[1.00] from 17 to 18 dist[1.31]
Adding bndlst edge: (A_D835_MC -> A_E839_SC) type[hb], weight[1.15] from 17 to 21 dist[1.86]
Adding bndlst edge: (A_T836_MC -> A_Q837_MC) type[cov], weight[1.00] from 18 to 19 dist[1.31]
Adding bndlst edge: (A_T836_MC -> A_E839_MC) type[hb], weight[0.92] from 18 to 21 dist[2.08]
Adding bndlst edge: (A_T836_SC -> A_V838_MC) type[hb], weight[0.50] from 18 to 20 dist[2.83]
Adding bndlst edge: (A_Q837_MC -> A_V838_MC) type[cov], weight[1.00] from 19 to 20 dist[1.32]
Adding bndlst edge: (A_V838_MC -> A_E839_MC) type[cov], weight[1.00] from 20 to 21 dist[1.31]
Adding bndlst edge: (A_V838_MC -> A_I871_MC) type[hb], weight[0.89] from 20 to 53 dist[2.12]
Adding bndlst edge: (A_E839_MC -> A_M840_MC) type[cov], weight[1.00] from 21 to 22 dist[1.32]
Adding bndlst edge: (A_M840_MC -> A_S841_MC) type[cov], weight[1.00] from 22 to 23 dist[1.35]
Adding bndlst edge: (A_M840_MC -> A_I871_MC) type[hb], weight[1.05] from 22 to 53 dist[1.95]
Adding bndlst edge: (A_S841_MC -> A_F842_MC) type[cov], weight[1.00] from 23 to 24 dist[1.33]
Adding bndlst edge: (A_S841_MC -> A_R868_SC) type[hb], weight[0.97] from 23 to 50 dist[2.03]
Adding bndlst edge: (A_F842_MC -> A_R843_MC) type[cov], weight[1.00] from 24 to 25 dist[1.32]
Adding bndlst edge: (A_R843_MC -> A_K844_MC) type[cov], weight[1.00] from 25 to 26 dist[1.36]
Adding bndlst edge: (A_R843_MC -> A_E846_MC) type[hb], weight[0.82] from 25 to 28 dist[2.20]
Adding bndlst edge: (A_R843_MC -> A_E846_SC) type[hb], weight[1.09] from 25 to 28 dist[1.92]
Adding bndlst edge: (A_K844_MC -> A_G845_MC) type[cov], weight[1.00] from 26 to 27 dist[1.33]
Adding bndlst edge: (A_G845_MC -> A_E846_MC) type[cov], weight[1.00] from 27 to 28 dist[1.31]
Adding bndlst edge: (A_E846_MC -> A_R847_MC) type[cov], weight[1.00] from 28 to 29 dist[1.33]
Adding bndlst edge: (A_E846_SC -> A_R868_SC) type[salt], weight[0.95] from 28 to 50 dist[1.95]
Adding bndlst edge: (A_E846_SC -> A_R868_SC) type[salt], weight[0.49] from 28 to 50 dist[2.72]
Adding bndlst edge: (A_E846_SC -> A_R868_SC) type[salt], weight[1.11] from 28 to 50 dist[1.80]
Adding bndlst edge: (A_R847_MC -> A_I848_MC) type[cov], weight[1.00] from 29 to 30 dist[1.32]
Adding bndlst edge: (A_I848_MC -> A_T849_MC) type[cov], weight[1.00] from 30 to 31 dist[1.34]
Adding bndlst edge: (A_T849_MC -> A_L850_MC) type[cov], weight[1.00] from 31 to 32 dist[1.34]
Adding bndlst edge: (A_T849_MC -> A_R862_MC) type[hb], weight[0.97] from 31 to 44 dist[2.03]
Adding bndlst edge: (A_T849_MC -> A_R862_MC) type[hb], weight[1.05] from 31 to 44 dist[1.95]
Adding bndlst edge: (A_L850_MC -> A_L851_MC) type[cov], weight[1.00] from 32 to 33 dist[1.33]
Adding bndlst edge: (A_L851_MC -> A_R852_MC) type[cov], weight[1.00] from 33 to 34 dist[1.35]
Adding bndlst edge: (A_L851_MC -> A_E860_MC) type[hb], weight[1.12] from 33 to 42 dist[1.89]
Adding bndlst edge: (A_R852_MC -> A_Q853_MC) type[cov], weight[1.00] from 34 to 35 dist[1.34]
Adding bndlst edge: (A_R852_MC -> A_E860_MC) type[hb], weight[1.15] from 34 to 42 dist[1.87]
Adding bndlst edge: (A_R852_MC -> A_E860_MC) type[hb], weight[0.74] from 34 to 42 dist[2.33]
Adding bndlst edge: (A_R852_SC -> A_L884_MC) type[salt], weight[0.44] from 34 to 66 dist[2.85]
Adding bndlst edge: (A_R852_SC -> A_L884_MC) type[salt], weight[0.97] from 34 to 66 dist[1.93]
Adding bndlst edge: (A_Q853_MC -> A_V854_MC) type[cov], weight[1.00] from 35 to 36 dist[1.34]
Adding bndlst edge: (A_Q853_SC -> A_D855_MC) type[hb], weight[1.03] from 35 to 37 dist[1.97]
Adding bndlst edge: (A_V854_MC -> A_D855_MC) type[cov], weight[1.00] from 36 to 37 dist[1.33]
Adding bndlst edge: (A_V854_MC -> A_W858_MC) type[hb], weight[0.89] from 36 to 40 dist[2.12]
Adding bndlst edge: (A_D855_MC -> A_E856_MC) type[cov], weight[1.00] from 37 to 38 dist[1.33]
Adding bndlst edge: (A_D855_SC -> A_N857_MC) type[hb], weight[1.14] from 37 to 39 dist[1.87]
Adding bndlst edge: (A_D855_SC -> A_W858_MC) type[hb], weight[0.90] from 37 to 40 dist[2.10]
Adding bndlst edge: (A_D855_MC -> A_W858_MC) type[hb], weight[0.57] from 37 to 40 dist[2.65]
Adding bndlst edge: (A_E856_MC -> A_N857_MC) type[cov], weight[1.00] from 38 to 39 dist[1.33]
Adding bndlst edge: (A_N857_MC -> A_W858_MC) type[cov], weight[1.00] from 39 to 40 dist[1.33]
Adding bndlst edge: (A_N857_MC -> A_I874_MC) type[hb], weight[1.12] from 39 to 56 dist[1.89]
Adding bndlst edge: (A_W858_MC -> A_Y859_MC) type[cov], weight[1.00] from 40 to 41 dist[1.33]
Adding bndlst edge: (A_Y859_MC -> A_E860_MC) type[cov], weight[1.00] from 41 to 42 dist[1.34]
Adding bndlst edge: (A_Y859_MC -> A_F872_MC) type[hb], weight[0.94] from 41 to 54 dist[2.06]
Adding bndlst edge: (A_Y859_MC -> A_F872_MC) type[hb], weight[1.08] from 41 to 54 dist[1.93]
Adding bndlst edge: (A_E860_MC -> A_G861_MC) type[cov], weight[1.00] from 42 to 43 dist[1.33]
Adding bndlst edge: (A_G861_MC -> A_R862_MC) type[cov], weight[1.00] from 43 to 44 dist[1.34]
Adding bndlst edge: (A_G861_MC -> A_G870_MC) type[hb], weight[0.98] from 43 to 52 dist[2.02]
Adding bndlst edge: (A_G861_MC -> A_G870_MC) type[hb], weight[1.08] from 43 to 52 dist[1.93]
Adding bndlst edge: (A_R862_MC -> A_I863_MC) type[cov], weight[1.00] from 44 to 45 dist[1.32]
Adding bndlst edge: (A_R862_SC -> A_Q869_SC) type[hb], weight[0.77] from 44 to 51 dist[2.28]
Adding bndlst edge: (A_R862_SC -> A_Q869_SC) type[hb], weight[0.48] from 44 to 51 dist[2.88]
Adding bndlst edge: (A_I863_MC -> A_P864_MC) type[cov], weight[1.00] from 45 to 46 dist[1.35]
Adding bndlst edge: (A_I863_MC -> A_T866_MC) type[hb], weight[0.74] from 45 to 48 dist[2.33]
Adding bndlst edge: (A_I863_MC -> A_T866_SC) type[hb], weight[1.29] from 45 to 48 dist[1.76]
Adding bndlst edge: (A_I863_MC -> A_R868_MC) type[hb], weight[0.89] from 45 to 50 dist[2.12]
Adding bndlst edge: (A_P864_MC -> A_G865_MC) type[cov], weight[1.00] from 46 to 47 dist[1.34]
Adding bndlst edge: (A_G865_MC -> A_T866_MC) type[cov], weight[1.00] from 47 to 48 dist[1.34]
Adding bndlst edge: (A_T866_MC -> A_S867_MC) type[cov], weight[1.00] from 48 to 49 dist[1.34]
Adding bndlst edge: (A_T866_SC -> A_R868_MC) type[hb], weight[0.97] from 48 to 50 dist[2.03]
Adding bndlst edge: (A_S867_MC -> A_R868_MC) type[cov], weight[1.00] from 49 to 50 dist[1.32]
Adding bndlst edge: (A_R868_MC -> A_Q869_MC) type[cov], weight[1.00] from 50 to 51 dist[1.35]
Adding bndlst edge: (A_Q869_MC -> A_G870_MC) type[cov], weight[1.00] from 51 to 52 dist[1.31]
Adding bndlst edge: (A_G870_MC -> A_I871_MC) type[cov], weight[1.00] from 52 to 53 dist[1.34]
Adding bndlst edge: (A_I871_MC -> A_F872_MC) type[cov], weight[1.00] from 53 to 54 dist[1.32]
Adding bndlst edge: (A_F872_MC -> A_P873_MC) type[cov], weight[1.00] from 54 to 55 dist[1.33]
Adding bndlst edge: (A_P873_MC -> A_I874_MC) type[cov], weight[1.00] from 55 to 56 dist[1.33]
Adding bndlst edge: (A_P873_MC -> A_Y876_MC) type[hb], weight[0.98] from 55 to 58 dist[2.02]
Adding bndlst edge: (A_I874_MC -> A_T875_MC) type[cov], weight[1.00] from 56 to 57 dist[1.36]
Adding bndlst edge: (A_I874_MC -> A_V877_MC) type[hb], weight[0.85] from 56 to 59 dist[2.17]
Adding bndlst edge: (A_I874_MC -> A_Y876_MC) type[hb], weight[0.46] from 56 to 58 dist[2.94]
Adding bndlst edge: (A_T875_MC -> A_Y876_MC) type[cov], weight[1.00] from 57 to 58 dist[1.32]
Adding bndlst edge: (A_T875_MC -> A_V877_MC) type[hb], weight[0.45] from 57 to 59 dist[2.97]
Adding bndlst edge: (A_Y876_MC -> A_V877_MC) type[cov], weight[1.00] from 58 to 59 dist[1.33]
Adding bndlst edge: (A_V877_MC -> A_D878_MC) type[cov], weight[1.00] from 59 to 60 dist[1.34]
Adding bndlst edge: (A_D878_MC -> A_V879_MC) type[cov], weight[1.00] from 60 to 61 dist[1.32]
Adding bndlst edge: (A_V879_MC -> A_I880_MC) type[cov], weight[1.00] from 61 to 62 dist[1.33]
Adding bndlst edge: (A_I880_MC -> A_K881_MC) type[cov], weight[1.00] from 62 to 63 dist[1.32]
Adding bndlst edge: (A_K881_MC -> A_R882_MC) type[cov], weight[1.00] from 63 to 64 dist[1.33]
Adding bndlst edge: (A_R882_MC -> A_P883_MC) type[cov], weight[1.00] from 64 to 65 dist[1.33]
Adding bndlst edge: (A_P883_MC -> A_L884_MC) type[cov], weight[1.00] from 65 to 66 dist[1.32]

bndlst DONE

Producing PAJEK network
printing pajek edge (A_851_LEU,A_860_GLU)
printing pajek edge (A_851_LEU,A_852_ARG)
printing pajek edge (A_850_LEU,A_851_LEU)
printing pajek edge (A_881_LYS,A_882_ARG)
printing pajek edge (A_839_GLU,A_840_MET)
printing pajek edge (A_825_GLU,A_826_ALA)
printing pajek edge (A_825_GLU,A_881_LYS)
printing pajek edge (A_825_GLU,A_847_ARG)
printing pajek edge (A_825_GLU,A_880_ILE)
printing pajek edge (A_844_LYS,A_845_GLY)
printing pajek edge (A_836_THR,A_839_GLU)
printing pajek edge (A_836_THR,A_837_GLN)
printing pajek edge (A_836_THR,A_838_VAL)
printing pajek edge (A_834_GLY,A_841_SER)
printing pajek edge (A_834_GLY,A_835_ASP)
printing pajek edge (A_862_ARG,A_863_ILE)
printing pajek edge (A_862_ARG,A_869_GLN)
printing pajek edge (A_873_PRO,A_874_ILE)
printing pajek edge (A_873_PRO,A_876_TYR)
printing pajek edge (A_845_GLY,A_846_GLU)
printing pajek edge (A_875_THR,A_877_VAL)
printing pajek edge (A_875_THR,A_876_TYR)
printing pajek edge (A_879_VAL,A_880_ILE)
printing pajek edge (A_838_VAL,A_871_ILE)
printing pajek edge (A_838_VAL,A_839_GLU)
printing pajek edge (A_828_ALA,A_845_GLY)
printing pajek edge (A_828_ALA,A_829_LYS)
printing pajek edge (A_828_ALA,A_846_GLU)
printing pajek edge (A_849_THR,A_850_LEU)
printing pajek edge (A_849_THR,A_862_ARG)
printing pajek edge (A_853_GLN,A_854_VAL)
printing pajek edge (A_853_GLN,A_855_ASP)
printing pajek edge (A_829_LYS,A_844_LYS)
printing pajek edge (A_829_LYS,A_876_TYR)
printing pajek edge (A_829_LYS,A_830_PHE)
printing pajek edge (A_866_THR,A_868_ARG)
printing pajek edge (A_866_THR,A_867_SER)
printing pajek edge (A_883_PRO,A_884_LEU)
printing pajek edge (A_847_ARG,A_848_ILE)
printing pajek edge (A_868_ARG,A_869_GLN)
printing pajek edge (A_857_ASN,A_874_ILE)
printing pajek edge (A_857_ASN,A_858_TRP)
printing pajek edge (A_882_ARG,A_883_PRO)
printing pajek edge (A_876_TYR,A_877_VAL)
printing pajek edge (A_859_TYR,A_860_GLU)
printing pajek edge (A_859_TYR,A_872_PHE)
printing pajek edge (A_830_PHE,A_831_ASN)
printing pajek edge (A_830_PHE,A_876_TYR)
printing pajek edge (A_833_ASN,A_834_GLY)
printing pajek edge (A_870_GLY,A_871_ILE)
printing pajek edge (A_878_ASP,A_879_VAL)
printing pajek edge (A_874_ILE,A_877_VAL)
printing pajek edge (A_874_ILE,A_875_THR)
printing pajek edge (A_874_ILE,A_876_TYR)
printing pajek edge (A_863_ILE,A_868_ARG)
printing pajek edge (A_863_ILE,A_864_PRO)
printing pajek edge (A_863_ILE,A_866_THR)
printing pajek edge (A_837_GLN,A_838_VAL)
printing pajek edge (A_880_ILE,A_881_LYS)
printing pajek edge (A_872_PHE,A_873_PRO)
printing pajek edge (A_820_ASP,A_822_PHE)
printing pajek edge (A_820_ASP,A_821_PRO)
printing pajek edge (A_820_ASP,A_823_THR)
printing pajek edge (A_835_ASP,A_839_GLU)
printing pajek edge (A_835_ASP,A_836_THR)
printing pajek edge (A_819_ILE,A_820_ASP)
printing pajek edge (A_848_ILE,A_849_THR)
printing pajek edge (A_843_ARG,A_846_GLU)
printing pajek edge (A_843_ARG,A_844_LYS)
printing pajek edge (A_846_GLU,A_868_ARG)
printing pajek edge (A_846_GLU,A_847_ARG)
printing pajek edge (A_858_TRP,A_859_TYR)
printing pajek edge (A_832_PHE,A_842_PHE)
printing pajek edge (A_832_PHE,A_833_ASN)
printing pajek edge (A_877_VAL,A_878_ASP)
printing pajek edge (A_867_SER,A_868_ARG)
printing pajek edge (A_842_PHE,A_843_ARG)
printing pajek edge (A_871_ILE,A_872_PHE)
printing pajek edge (A_840_MET,A_871_ILE)
printing pajek edge (A_840_MET,A_841_SER)
printing pajek edge (A_860_GLU,A_861_GLY)
printing pajek edge (A_818_GLY,A_819_ILE)
printing pajek edge (A_864_PRO,A_865_GLY)
printing pajek edge (A_841_SER,A_868_ARG)
printing pajek edge (A_841_SER,A_842_PHE)
printing pajek edge (A_831_ASN,A_844_LYS)
printing pajek edge (A_831_ASN,A_832_PHE)
printing pajek edge (A_824_GLY,A_850_LEU)
printing pajek edge (A_824_GLY,A_825_GLU)
printing pajek edge (A_821_PRO,A_822_PHE)
printing pajek edge (A_854_VAL,A_858_TRP)
printing pajek edge (A_854_VAL,A_855_ASP)
printing pajek edge (A_827_ILE,A_878_ASP)
printing pajek edge (A_827_ILE,A_828_ALA)
printing pajek edge (A_869_GLN,A_870_GLY)
printing pajek edge (A_865_GLY,A_866_THR)
printing pajek edge (A_826_ALA,A_848_ILE)
printing pajek edge (A_826_ALA,A_827_ILE)
printing pajek edge (A_856_GLU,A_857_ASN)
printing pajek edge (A_822_PHE,A_884_LEU)
printing pajek edge (A_822_PHE,A_823_THR)
printing pajek edge (A_852_ARG,A_860_GLU)
printing pajek edge (A_852_ARG,A_853_GLN)
printing pajek edge (A_852_ARG,A_884_LEU)
printing pajek edge (A_855_ASP,A_856_GLU)
printing pajek edge (A_855_ASP,A_857_ASN)
printing pajek edge (A_855_ASP,A_858_TRP)
printing pajek edge (A_861_GLY,A_870_GLY)
printing pajek edge (A_861_GLY,A_862_ARG)
printing pajek edge (A_823_THR,A_824_GLY)
