Graph START

Adding vertex (chain-A, position-1, res-ALA)
New vertex id: 0
1 2 3 4 5 
Adding vertex (chain-A, position-2, res-ILE)
New vertex id: 1
6 7 8 9 10 11 12 13 
Adding vertex (chain-A, position-3, res-ILE)
New vertex id: 2
14 15 16 17 18 19 20 21 
Adding vertex (chain-A, position-4, res-TYR)
New vertex id: 3
22 23 24 25 26 27 28 29 30 31 32 33 
Adding vertex (chain-A, position-5, res-THR)
New vertex id: 4
34 35 36 37 38 39 40 
Adding vertex (chain-A, position-6, res-VAL)
New vertex id: 5
41 42 43 44 45 46 47 
Adding vertex (chain-A, position-7, res-GLU)
New vertex id: 6
48 49 50 51 52 53 54 55 56 
Adding vertex (chain-A, position-8, res-LEU)
New vertex id: 7
57 58 59 60 61 62 63 64 
Adding vertex (chain-A, position-9, res-LYS)
New vertex id: 8
65 66 67 68 69 70 71 72 73 
Adding vertex (chain-A, position-10, res-ARG)
New vertex id: 9
74 75 76 77 78 79 80 81 82 83 84 
Adding vertex (chain-A, position-11, res-TYR)
New vertex id: 10
85 86 87 88 89 90 91 92 93 94 95 96 
Adding vertex (chain-A, position-12, res-GLY)
New vertex id: 11
97 98 99 100 
Adding vertex (chain-A, position-13, res-GLY)
New vertex id: 12
101 102 103 104 
Adding vertex (chain-A, position-14, res-PRO)
New vertex id: 13
105 106 107 108 109 110 111 
Adding vertex (chain-A, position-15, res-LEU)
New vertex id: 14
112 113 114 115 116 117 118 119 
Adding vertex (chain-A, position-16, res-GLY)
New vertex id: 15
120 121 122 123 
Adding vertex (chain-A, position-17, res-ILE)
New vertex id: 16
124 125 126 127 128 129 130 131 
Adding vertex (chain-A, position-18, res-THR)
New vertex id: 17
132 133 134 135 136 137 138 
Adding vertex (chain-A, position-19, res-ILE)
New vertex id: 18
139 140 141 142 143 144 145 146 
Adding vertex (chain-A, position-20, res-SER)
New vertex id: 19
147 148 149 150 151 152 
Adding vertex (chain-A, position-21, res-GLY)
New vertex id: 20
153 154 155 156 
Adding vertex (chain-A, position-22, res-THR)
New vertex id: 21
157 158 159 160 161 162 163 
Adding vertex (chain-A, position-23, res-GLU)
New vertex id: 22
164 165 166 167 168 169 170 171 172 
Adding vertex (chain-A, position-24, res-GLU)
New vertex id: 23
173 174 175 176 177 178 179 180 181 
Adding vertex (chain-A, position-25, res-PRO)
New vertex id: 24
182 183 184 185 186 187 188 
Adding vertex (chain-A, position-26, res-PHE)
New vertex id: 25
189 190 191 192 193 194 195 196 197 198 199 
Adding vertex (chain-A, position-27, res-ASP)
New vertex id: 26
200 201 202 203 204 205 206 207 
Adding vertex (chain-A, position-28, res-PRO)
New vertex id: 27
208 209 210 211 212 213 214 
Adding vertex (chain-A, position-29, res-ILE)
New vertex id: 28
215 216 217 218 219 220 221 222 
Adding vertex (chain-A, position-30, res-ILE)
New vertex id: 29
223 224 225 226 227 228 229 230 
Adding vertex (chain-A, position-31, res-ILE)
New vertex id: 30
231 232 233 234 235 236 237 238 
Adding vertex (chain-A, position-32, res-SER)
New vertex id: 31
239 240 241 242 243 244 
Adding vertex (chain-A, position-33, res-SER)
New vertex id: 32
245 246 247 248 249 250 
Adding vertex (chain-A, position-34, res-LEU)
New vertex id: 33
251 252 253 254 255 256 257 258 
Adding vertex (chain-A, position-35, res-THR)
New vertex id: 34
259 260 261 262 263 264 265 
Adding vertex (chain-A, position-36, res-LYS)
New vertex id: 35
266 267 268 269 270 271 272 273 274 
Adding vertex (chain-A, position-37, res-GLY)
New vertex id: 36
275 276 277 278 
Adding vertex (chain-A, position-38, res-GLY)
New vertex id: 37
279 280 281 282 
Adding vertex (chain-A, position-39, res-LEU)
New vertex id: 38
283 284 285 286 287 288 289 290 
Adding vertex (chain-A, position-40, res-ALA)
New vertex id: 39
291 292 293 294 295 
Adding vertex (chain-A, position-41, res-GLU)
New vertex id: 40
296 297 298 299 300 301 302 303 304 
Adding vertex (chain-A, position-42, res-ARG)
New vertex id: 41
305 306 307 308 309 310 311 312 313 314 315 
Adding vertex (chain-A, position-43, res-THR)
New vertex id: 42
316 317 318 319 320 321 322 
Adding vertex (chain-A, position-44, res-GLY)
New vertex id: 43
323 324 325 326 
Adding vertex (chain-A, position-45, res-ALA)
New vertex id: 44
327 328 329 330 331 
Adding vertex (chain-A, position-46, res-ILE)
New vertex id: 45
332 333 334 335 336 337 338 339 
Adding vertex (chain-A, position-47, res-HIS)
New vertex id: 46
340 341 342 343 344 345 346 347 348 349 
Adding vertex (chain-A, position-48, res-ILE)
New vertex id: 47
350 351 352 353 354 355 356 357 
Adding vertex (chain-A, position-49, res-GLY)
New vertex id: 48
358 359 360 361 
Adding vertex (chain-A, position-50, res-ASP)
New vertex id: 49
362 363 364 365 366 367 368 369 
Adding vertex (chain-A, position-51, res-ARG)
New vertex id: 50
370 371 372 373 374 375 376 377 378 379 380 
Adding vertex (chain-A, position-52, res-ILE)
New vertex id: 51
381 382 383 384 385 386 387 388 
Adding vertex (chain-A, position-53, res-LEU)
New vertex id: 52
389 390 391 392 393 394 395 396 
Adding vertex (chain-A, position-54, res-ALA)
New vertex id: 53
397 398 399 400 401 
Adding vertex (chain-A, position-55, res-ILE)
New vertex id: 54
402 403 404 405 406 407 408 409 
Adding vertex (chain-A, position-56, res-ASN)
New vertex id: 55
410 411 412 413 414 415 416 417 
Adding vertex (chain-A, position-57, res-SER)
New vertex id: 56
418 419 420 421 422 423 
Adding vertex (chain-A, position-58, res-SER)
New vertex id: 57
424 425 426 427 428 429 
Adding vertex (chain-A, position-59, res-SER)
New vertex id: 58
430 431 432 433 434 435 
Adding vertex (chain-A, position-60, res-LEU)
New vertex id: 59
436 437 438 439 440 441 442 443 
Adding vertex (chain-A, position-61, res-LYS)
New vertex id: 60
444 445 446 447 448 449 450 451 452 
Adding vertex (chain-A, position-62, res-GLY)
New vertex id: 61
453 454 455 456 
Adding vertex (chain-A, position-63, res-LYS)
New vertex id: 62
457 458 459 460 461 462 463 464 465 
Adding vertex (chain-A, position-64, res-PRO)
New vertex id: 63
466 467 468 469 470 471 472 
Adding vertex (chain-A, position-65, res-LEU)
New vertex id: 64
473 474 475 476 477 478 479 480 
Adding vertex (chain-A, position-66, res-SER)
New vertex id: 65
481 482 483 484 485 486 
Adding vertex (chain-A, position-67, res-GLU)
New vertex id: 66
487 488 489 490 491 492 493 494 495 
Adding vertex (chain-A, position-68, res-ALA)
New vertex id: 67
496 497 498 499 500 
Adding vertex (chain-A, position-69, res-ILE)
New vertex id: 68
501 502 503 504 505 506 507 508 
Adding vertex (chain-A, position-70, res-HIS)
New vertex id: 69
509 510 511 512 513 514 515 516 517 518 
Adding vertex (chain-A, position-71, res-LEU)
New vertex id: 70
519 520 521 522 523 524 525 526 
Adding vertex (chain-A, position-72, res-LEU)
New vertex id: 71
527 528 529 530 531 532 533 534 
Adding vertex (chain-A, position-73, res-GLN)
New vertex id: 72
535 536 537 538 539 540 541 542 543 
Adding vertex (chain-A, position-74, res-MET)
New vertex id: 73
544 545 546 547 548 549 550 551 
Adding vertex (chain-A, position-75, res-ALA)
New vertex id: 74
552 553 554 555 556 
Adding vertex (chain-A, position-76, res-GLY)
New vertex id: 75
557 558 559 560 
Adding vertex (chain-A, position-77, res-GLU)
New vertex id: 76
561 562 563 564 565 566 567 568 569 
Adding vertex (chain-A, position-78, res-THR)
New vertex id: 77
570 571 572 573 574 575 576 
Adding vertex (chain-A, position-79, res-VAL)
New vertex id: 78
577 578 579 580 581 582 583 
Adding vertex (chain-A, position-80, res-THR)
New vertex id: 79
584 585 586 587 588 589 590 
Adding vertex (chain-A, position-81, res-LEU)
New vertex id: 80
591 592 593 594 595 596 597 598 
Adding vertex (chain-A, position-82, res-LYS)
New vertex id: 81
599 600 601 602 603 604 605 606 607 
Adding vertex (chain-A, position-83, res-ILE)
New vertex id: 82
608 609 610 611 612 613 614 615 
Adding vertex (chain-A, position-84, res-LYS)
New vertex id: 83
616 617 618 619 620 621 622 623 624 
Adding vertex (chain-A, position-85, res-LYS)
New vertex id: 84
625 626 627 628 629 630 631 632 633 
Adding vertex (chain-A, position-86, res-GLN)
New vertex id: 85
634 635 636 637 638 639 640 641 642 
Graph DONE

( reduce -FLIPs 1N7F.pdb > 1N7F.H.pdb ) >& /dev/null
Reduce (-FLIPs) returned 0
( bndlst -Radius0.3 1N7F.H.pdb > 1N7F.H.bndlst ) >& /dev/null
BndLst returned 0
Parsing 1N7F.H.bndlst

bndlst START
Adding bndlst edge: (A_A1_MC -> A_I2_MC) type[cov], weight[1.00] from 0 to 1 dist[1.33]
Adding bndlst edge: (A_I2_MC -> A_I3_MC) type[cov], weight[1.00] from 1 to 2 dist[1.33]
Adding bndlst edge: (A_I2_MC -> A_K85_MC) type[hb], weight[1.09] from 1 to 84 dist[1.92]
Adding bndlst edge: (A_I3_MC -> A_Y4_MC) type[cov], weight[1.00] from 2 to 3 dist[1.33]
Adding bndlst edge: (A_Y4_MC -> A_T5_MC) type[cov], weight[1.00] from 3 to 4 dist[1.32]
Adding bndlst edge: (A_Y4_MC -> A_I83_MC) type[hb], weight[1.32] from 3 to 82 dist[1.74]
Adding bndlst edge: (A_Y4_MC -> A_I83_MC) type[hb], weight[0.99] from 3 to 82 dist[2.01]
Adding bndlst edge: (A_Y4_SC -> A_A45_MC) type[hb], weight[1.27] from 3 to 44 dist[1.78]
Adding bndlst edge: (A_T5_MC -> A_V6_MC) type[cov], weight[1.00] from 4 to 5 dist[1.33]
Adding bndlst edge: (A_V6_MC -> A_E7_MC) type[cov], weight[1.00] from 5 to 6 dist[1.33]
Adding bndlst edge: (A_V6_MC -> A_L81_MC) type[hb], weight[1.20] from 5 to 80 dist[1.82]
Adding bndlst edge: (A_V6_MC -> A_L81_MC) type[hb], weight[1.08] from 5 to 80 dist[1.92]
Adding bndlst edge: (A_E7_MC -> A_L8_MC) type[cov], weight[1.00] from 6 to 7 dist[1.33]
Adding bndlst edge: (A_E7_MC -> A_K9_SC) type[hb], weight[0.99] from 6 to 8 dist[2.01]
Adding bndlst edge: (A_E7_SC -> A_K9_SC) type[salt], weight[0.42] from 6 to 8 dist[2.92]
Adding bndlst edge: (A_E7_SC -> A_K9_SC) type[salt], weight[1.15] from 6 to 8 dist[1.77]
Adding bndlst edge: (A_E7_SC -> A_K9_SC) type[salt], weight[0.50] from 6 to 8 dist[2.69]
Adding bndlst edge: (A_L8_MC -> A_K9_MC) type[cov], weight[1.00] from 7 to 8 dist[1.33]
Adding bndlst edge: (A_L8_MC -> A_V79_MC) type[hb], weight[1.20] from 7 to 78 dist[1.83]
Adding bndlst edge: (A_L8_MC -> A_V79_MC) type[hb], weight[1.28] from 7 to 78 dist[1.77]
Adding bndlst edge: (A_K9_MC -> A_R10_MC) type[cov], weight[1.00] from 8 to 9 dist[1.33]
Adding bndlst edge: (A_R10_MC -> A_Y11_MC) type[cov], weight[1.00] from 9 to 10 dist[1.33]
Adding bndlst edge: (A_R10_MC -> A_G13_MC) type[hb], weight[0.86] from 9 to 12 dist[2.16]
Adding bndlst edge: (A_R10_MC -> A_G12_MC) type[hb], weight[0.49] from 9 to 11 dist[2.86]
Adding bndlst edge: (A_R10_MC -> A_E77_MC) type[hb], weight[0.71] from 9 to 76 dist[2.37]
Adding bndlst edge: (A_R10_SC -> A_G76_MC) type[hb], weight[1.17] from 9 to 75 dist[1.85]
Adding bndlst edge: (A_R10_SC -> A_L72_MC) type[hb], weight[0.75] from 9 to 71 dist[2.32]
Adding bndlst edge: (A_R10_SC -> A_G76_MC) type[hb], weight[0.90] from 9 to 75 dist[2.11]
Adding bndlst edge: (A_R10_SC -> A_L72_MC) type[hb], weight[1.10] from 9 to 71 dist[1.91]
Adding bndlst edge: (A_Y11_MC -> A_G12_MC) type[cov], weight[1.00] from 10 to 11 dist[1.33]
Adding bndlst edge: (A_Y11_MC -> A_E77_MC) type[hb], weight[0.61] from 10 to 76 dist[2.56]
Adding bndlst edge: (A_G12_MC -> A_G13_MC) type[cov], weight[1.00] from 11 to 12 dist[1.33]
Adding bndlst edge: (A_G13_MC -> A_P14_MC) type[cov], weight[1.00] from 12 to 13 dist[1.34]
Adding bndlst edge: (A_P14_MC -> A_L15_MC) type[cov], weight[1.00] from 13 to 14 dist[1.33]
Adding bndlst edge: (A_L15_MC -> A_G16_MC) type[cov], weight[1.00] from 14 to 15 dist[1.33]
Adding bndlst edge: (A_L15_MC -> A_A40_MC) type[hb], weight[1.13] from 14 to 39 dist[1.88]
Adding bndlst edge: (A_G16_MC -> A_I17_MC) type[cov], weight[1.00] from 15 to 16 dist[1.33]
Adding bndlst edge: (A_G16_MC -> A_T35_MC) type[hb], weight[0.96] from 15 to 34 dist[2.04]
Adding bndlst edge: (A_I17_MC -> A_T18_MC) type[cov], weight[1.00] from 16 to 17 dist[1.32]
Adding bndlst edge: (A_T18_MC -> A_I19_MC) type[cov], weight[1.00] from 17 to 18 dist[1.32]
Adding bndlst edge: (A_T18_MC -> A_S33_MC) type[hb], weight[0.68] from 17 to 32 dist[2.43]
Adding bndlst edge: (A_T18_MC -> A_S32_MC) type[hb], weight[1.08] from 17 to 31 dist[1.93]
Adding bndlst edge: (A_T18_MC -> A_S33_MC) type[hb], weight[0.92] from 17 to 32 dist[2.09]
Adding bndlst edge: (A_T18_SC -> A_S33_SC) type[hb], weight[0.51] from 17 to 32 dist[2.79]
Adding bndlst edge: (A_I19_MC -> A_S20_MC) type[cov], weight[1.00] from 18 to 19 dist[1.33]
Adding bndlst edge: (A_S20_MC -> A_G21_MC) type[cov], weight[1.00] from 19 to 20 dist[1.33]
Adding bndlst edge: (A_S20_MC -> A_I30_MC) type[hb], weight[0.94] from 19 to 29 dist[2.07]
Adding bndlst edge: (A_S20_SC -> A_S32_SC) type[hb], weight[1.18] from 19 to 31 dist[1.84]
Adding bndlst edge: (A_S20_MC -> A_I30_MC) type[hb], weight[1.05] from 19 to 29 dist[1.95]
Adding bndlst edge: (A_S20_SC -> A_S32_SC) type[hb], weight[0.49] from 19 to 31 dist[2.84]
Adding bndlst edge: (A_G21_MC -> A_T22_MC) type[cov], weight[1.00] from 20 to 21 dist[1.33]
Adding bndlst edge: (A_T22_MC -> A_E23_MC) type[cov], weight[1.00] from 21 to 22 dist[1.33]
Adding bndlst edge: (A_T22_MC -> A_L65_MC) type[hb], weight[0.98] from 21 to 64 dist[2.02]
Adding bndlst edge: (A_T22_SC -> A_E24_MC) type[hb], weight[0.93] from 21 to 23 dist[2.07]
Adding bndlst edge: (A_T22_SC -> A_D27_SC) type[hb], weight[1.43] from 21 to 26 dist[1.67]
Adding bndlst edge: (A_E23_MC -> A_E24_MC) type[cov], weight[1.00] from 22 to 23 dist[1.33]
Adding bndlst edge: (A_E23_SC -> A_S66_SC) type[hb], weight[1.42] from 22 to 65 dist[1.68]
Adding bndlst edge: (A_E23_SC -> A_S66_SC) type[hb], weight[0.48] from 22 to 65 dist[2.90]
Adding bndlst edge: (A_E23_SC -> A_S66_MC) type[hb], weight[0.89] from 22 to 65 dist[2.12]
Adding bndlst edge: (A_E24_MC -> A_P25_MC) type[cov], weight[1.00] from 23 to 24 dist[1.34]
Adding bndlst edge: (A_E24_MC -> A_D27_MC) type[hb], weight[0.91] from 23 to 26 dist[2.09]
Adding bndlst edge: (A_P25_MC -> A_F26_MC) type[cov], weight[1.00] from 24 to 25 dist[1.33]
Adding bndlst edge: (A_F26_MC -> A_D27_MC) type[cov], weight[1.00] from 25 to 26 dist[1.33]
Adding bndlst edge: (A_D27_MC -> A_P28_MC) type[cov], weight[1.00] from 26 to 27 dist[1.34]
Adding bndlst edge: (A_P28_MC -> A_I29_MC) type[cov], weight[1.00] from 27 to 28 dist[1.33]
Adding bndlst edge: (A_I29_MC -> A_I30_MC) type[cov], weight[1.00] from 28 to 29 dist[1.33]
Adding bndlst edge: (A_I29_MC -> A_I52_MC) type[hb], weight[1.15] from 28 to 51 dist[1.87]
Adding bndlst edge: (A_I30_MC -> A_I31_MC) type[cov], weight[1.00] from 29 to 30 dist[1.33]
Adding bndlst edge: (A_I31_MC -> A_S32_MC) type[cov], weight[1.00] from 30 to 31 dist[1.33]
Adding bndlst edge: (A_I31_MC -> A_G49_MC) type[hb], weight[1.28] from 30 to 48 dist[1.77]
Adding bndlst edge: (A_I31_MC -> A_D50_MC) type[hb], weight[0.97] from 30 to 49 dist[2.03]
Adding bndlst edge: (A_S32_MC -> A_S33_MC) type[cov], weight[1.00] from 31 to 32 dist[1.33]
Adding bndlst edge: (A_S33_MC -> A_L34_MC) type[cov], weight[1.00] from 32 to 33 dist[1.33]
Adding bndlst edge: (A_L34_MC -> A_T35_MC) type[cov], weight[1.00] from 33 to 34 dist[1.33]
Adding bndlst edge: (A_T35_MC -> A_K36_MC) type[cov], weight[1.00] from 34 to 35 dist[1.33]
Adding bndlst edge: (A_T35_MC -> A_G38_MC) type[hb], weight[1.12] from 34 to 37 dist[1.89]
Adding bndlst edge: (A_K36_MC -> A_G37_MC) type[cov], weight[1.00] from 35 to 36 dist[1.33]
Adding bndlst edge: (A_K36_MC -> A_G38_MC) type[hb], weight[0.45] from 35 to 37 dist[2.99]
Adding bndlst edge: (A_G37_MC -> A_G38_MC) type[cov], weight[1.00] from 36 to 37 dist[1.33]
Adding bndlst edge: (A_G37_MC -> A_E41_SC) type[hb], weight[1.18] from 36 to 40 dist[1.84]
Adding bndlst edge: (A_G38_MC -> A_L39_MC) type[cov], weight[1.00] from 37 to 38 dist[1.33]
Adding bndlst edge: (A_G38_MC -> A_R42_MC) type[hb], weight[1.02] from 37 to 41 dist[1.99]
Adding bndlst edge: (A_G38_MC -> A_E41_MC) type[hb], weight[0.53] from 37 to 40 dist[2.76]
Adding bndlst edge: (A_L39_MC -> A_A40_MC) type[cov], weight[1.00] from 38 to 39 dist[1.33]
Adding bndlst edge: (A_L39_MC -> A_T43_MC) type[hb], weight[0.82] from 38 to 42 dist[2.20]
Adding bndlst edge: (A_L39_MC -> A_R42_MC) type[hb], weight[0.57] from 38 to 41 dist[2.65]
Adding bndlst edge: (A_A40_MC -> A_E41_MC) type[cov], weight[1.00] from 39 to 40 dist[1.33]
Adding bndlst edge: (A_A40_MC -> A_T43_MC) type[hb], weight[0.54] from 39 to 42 dist[2.73]
Adding bndlst edge: (A_A40_MC -> A_G44_MC) type[hb], weight[0.57] from 39 to 43 dist[2.66]
Adding bndlst edge: (A_A40_MC -> A_T43_SC) type[hb], weight[1.18] from 39 to 42 dist[1.84]
Adding bndlst edge: (A_E41_MC -> A_R42_MC) type[cov], weight[1.00] from 40 to 41 dist[1.33]
Adding bndlst edge: (A_E41_MC -> A_G44_MC) type[hb], weight[0.72] from 40 to 43 dist[2.36]
Adding bndlst edge: (A_R42_MC -> A_T43_MC) type[cov], weight[1.00] from 41 to 42 dist[1.33]
Adding bndlst edge: (A_T43_MC -> A_G44_MC) type[cov], weight[1.00] from 42 to 43 dist[1.33]
Adding bndlst edge: (A_T43_MC -> A_A45_MC) type[hb], weight[0.48] from 42 to 44 dist[2.88]
Adding bndlst edge: (A_T43_SC -> A_G44_MC) type[hb], weight[0.50] from 42 to 43 dist[2.83]
Adding bndlst edge: (A_T43_SC -> A_A45_MC) type[hb], weight[0.87] from 42 to 44 dist[2.15]
Adding bndlst edge: (A_G44_MC -> A_A45_MC) type[cov], weight[1.00] from 43 to 44 dist[1.33]
Adding bndlst edge: (A_A45_MC -> A_I46_MC) type[cov], weight[1.00] from 44 to 45 dist[1.33]
Adding bndlst edge: (A_I46_MC -> A_H47_MC) type[cov], weight[1.00] from 45 to 46 dist[1.33]
Adding bndlst edge: (A_H47_MC -> A_I48_MC) type[cov], weight[1.00] from 46 to 47 dist[1.33]
Adding bndlst edge: (A_H47_MC -> A_D50_MC) type[hb], weight[0.75] from 46 to 49 dist[2.31]
Adding bndlst edge: (A_I48_MC -> A_G49_MC) type[cov], weight[1.00] from 47 to 48 dist[1.33]
Adding bndlst edge: (A_I48_MC -> A_D50_MC) type[hb], weight[0.45] from 47 to 49 dist[2.98]
Adding bndlst edge: (A_G49_MC -> A_D50_MC) type[cov], weight[1.00] from 48 to 49 dist[1.33]
Adding bndlst edge: (A_D50_MC -> A_R51_MC) type[cov], weight[1.00] from 49 to 50 dist[1.32]
Adding bndlst edge: (A_D50_SC -> A_Q86_MC) type[hb], weight[0.86] from 49 to 85 dist[2.15]
Adding bndlst edge: (A_D50_SC -> A_K85_SC) type[salt], weight[0.43] from 49 to 84 dist[2.88]
Adding bndlst edge: (A_D50_SC -> A_K85_SC) type[salt], weight[1.20] from 49 to 84 dist[1.74]
Adding bndlst edge: (A_R51_MC -> A_I52_MC) type[cov], weight[1.00] from 50 to 51 dist[1.33]
Adding bndlst edge: (A_R51_MC -> A_K84_MC) type[hb], weight[1.08] from 50 to 83 dist[1.93]
Adding bndlst edge: (A_R51_MC -> A_K84_MC) type[hb], weight[0.99] from 50 to 83 dist[2.01]
Adding bndlst edge: (A_I52_MC -> A_L53_MC) type[cov], weight[1.00] from 51 to 52 dist[1.33]
Adding bndlst edge: (A_L53_MC -> A_A54_MC) type[cov], weight[1.00] from 52 to 53 dist[1.33]
Adding bndlst edge: (A_L53_MC -> A_L60_MC) type[hb], weight[1.18] from 52 to 59 dist[1.84]
Adding bndlst edge: (A_L53_MC -> A_K82_MC) type[hb], weight[1.19] from 52 to 81 dist[1.83]
Adding bndlst edge: (A_A54_MC -> A_I55_MC) type[cov], weight[1.00] from 53 to 54 dist[1.33]
Adding bndlst edge: (A_A54_MC -> A_K82_MC) type[hb], weight[1.01] from 53 to 81 dist[1.99]
Adding bndlst edge: (A_A54_MC -> A_K82_MC) type[hb], weight[0.58] from 53 to 81 dist[2.62]
Adding bndlst edge: (A_I55_MC -> A_N56_MC) type[cov], weight[1.00] from 54 to 55 dist[1.33]
Adding bndlst edge: (A_I55_MC -> A_S58_MC) type[hb], weight[1.04] from 54 to 57 dist[1.96]
Adding bndlst edge: (A_I55_MC -> A_S58_MC) type[hb], weight[0.92] from 54 to 57 dist[2.09]
Adding bndlst edge: (A_N56_MC -> A_S57_MC) type[cov], weight[1.00] from 55 to 56 dist[1.33]
Adding bndlst edge: (A_N56_MC -> A_S58_MC) type[hb], weight[0.47] from 55 to 57 dist[2.93]
Adding bndlst edge: (A_N56_SC -> A_T80_MC) type[hb], weight[1.32] from 55 to 79 dist[1.74]
Adding bndlst edge: (A_N56_MC -> A_T80_MC) type[hb], weight[1.30] from 55 to 79 dist[1.75]
Adding bndlst edge: (A_N56_SC -> A_T78_MC) type[hb], weight[0.60] from 55 to 77 dist[2.59]
Adding bndlst edge: (A_N56_SC -> A_A75_MC) type[hb], weight[0.75] from 55 to 74 dist[2.30]
Adding bndlst edge: (A_S57_MC -> A_S58_MC) type[cov], weight[1.00] from 56 to 57 dist[1.33]
Adding bndlst edge: (A_S58_MC -> A_S59_MC) type[cov], weight[1.00] from 57 to 58 dist[1.33]
Adding bndlst edge: (A_S59_MC -> A_L60_MC) type[cov], weight[1.00] from 58 to 59 dist[1.33]
Adding bndlst edge: (A_S59_SC -> A_K61_MC) type[hb], weight[0.93] from 58 to 60 dist[2.08]
Adding bndlst edge: (A_L60_MC -> A_K61_MC) type[cov], weight[1.00] from 59 to 60 dist[1.33]
Adding bndlst edge: (A_L60_MC -> A_K63_MC) type[hb], weight[0.98] from 59 to 62 dist[2.02]
Adding bndlst edge: (A_K61_MC -> A_G62_MC) type[cov], weight[1.00] from 60 to 61 dist[1.33]
Adding bndlst edge: (A_G62_MC -> A_K63_MC) type[cov], weight[1.00] from 61 to 62 dist[1.33]
Adding bndlst edge: (A_K63_MC -> A_P64_MC) type[cov], weight[1.00] from 62 to 63 dist[1.34]
Adding bndlst edge: (A_P64_MC -> A_L65_MC) type[cov], weight[1.00] from 63 to 64 dist[1.33]
Adding bndlst edge: (A_P64_MC -> A_A68_MC) type[hb], weight[0.56] from 63 to 67 dist[2.67]
Adding bndlst edge: (A_P64_MC -> A_E67_MC) type[hb], weight[0.95] from 63 to 66 dist[2.05]
Adding bndlst edge: (A_L65_MC -> A_S66_MC) type[cov], weight[1.00] from 64 to 65 dist[1.33]
Adding bndlst edge: (A_L65_MC -> A_I69_MC) type[hb], weight[0.94] from 64 to 68 dist[2.07]
Adding bndlst edge: (A_L65_MC -> A_A68_MC) type[hb], weight[0.75] from 64 to 67 dist[2.31]
Adding bndlst edge: (A_S66_MC -> A_E67_MC) type[cov], weight[1.00] from 65 to 66 dist[1.33]
Adding bndlst edge: (A_S66_MC -> A_I69_MC) type[hb], weight[0.49] from 65 to 68 dist[2.85]
Adding bndlst edge: (A_S66_MC -> A_H70_MC) type[hb], weight[0.91] from 65 to 69 dist[2.10]
Adding bndlst edge: (A_E67_MC -> A_A68_MC) type[cov], weight[1.00] from 66 to 67 dist[1.33]
Adding bndlst edge: (A_E67_MC -> A_L71_MC) type[hb], weight[1.05] from 66 to 70 dist[1.95]
Adding bndlst edge: (A_E67_MC -> A_H70_MC) type[hb], weight[0.57] from 66 to 69 dist[2.64]
Adding bndlst edge: (A_E67_SC -> A_H70_SC) type[hb], weight[0.88] from 66 to 69 dist[2.14]
Adding bndlst edge: (A_A68_MC -> A_I69_MC) type[cov], weight[1.00] from 67 to 68 dist[1.33]
Adding bndlst edge: (A_A68_MC -> A_L72_MC) type[hb], weight[0.99] from 67 to 71 dist[2.01]
Adding bndlst edge: (A_A68_MC -> A_L71_MC) type[hb], weight[0.49] from 67 to 70 dist[2.84]
Adding bndlst edge: (A_I69_MC -> A_H70_MC) type[cov], weight[1.00] from 68 to 69 dist[1.33]
Adding bndlst edge: (A_I69_MC -> A_Q73_MC) type[hb], weight[0.89] from 68 to 72 dist[2.12]
Adding bndlst edge: (A_I69_MC -> A_L72_MC) type[hb], weight[0.53] from 68 to 71 dist[2.75]
Adding bndlst edge: (A_H70_MC -> A_L71_MC) type[cov], weight[1.00] from 69 to 70 dist[1.33]
Adding bndlst edge: (A_H70_MC -> A_Q73_MC) type[hb], weight[0.54] from 69 to 72 dist[2.72]
Adding bndlst edge: (A_H70_MC -> A_M74_MC) type[hb], weight[0.69] from 69 to 73 dist[2.40]
Adding bndlst edge: (A_L71_MC -> A_L72_MC) type[cov], weight[1.00] from 70 to 71 dist[1.33]
Adding bndlst edge: (A_L71_MC -> A_A75_MC) type[hb], weight[0.64] from 70 to 74 dist[2.51]
Adding bndlst edge: (A_L71_MC -> A_M74_MC) type[hb], weight[0.63] from 70 to 73 dist[2.52]
Adding bndlst edge: (A_L72_MC -> A_Q73_MC) type[cov], weight[1.00] from 71 to 72 dist[1.33]
Adding bndlst edge: (A_L72_MC -> A_A75_MC) type[hb], weight[0.74] from 71 to 74 dist[2.32]
Adding bndlst edge: (A_Q73_MC -> A_M74_MC) type[cov], weight[1.00] from 72 to 73 dist[1.33]
Adding bndlst edge: (A_M74_MC -> A_A75_MC) type[cov], weight[1.00] from 73 to 74 dist[1.33]
Adding bndlst edge: (A_A75_MC -> A_G76_MC) type[cov], weight[1.00] from 74 to 75 dist[1.33]
Adding bndlst edge: (A_G76_MC -> A_E77_MC) type[cov], weight[1.00] from 75 to 76 dist[1.33]
Adding bndlst edge: (A_E77_MC -> A_T78_MC) type[cov], weight[1.00] from 76 to 77 dist[1.33]
Adding bndlst edge: (A_T78_MC -> A_V79_MC) type[cov], weight[1.00] from 77 to 78 dist[1.33]
Adding bndlst edge: (A_V79_MC -> A_T80_MC) type[cov], weight[1.00] from 78 to 79 dist[1.33]
Adding bndlst edge: (A_T80_MC -> A_L81_MC) type[cov], weight[1.00] from 79 to 80 dist[1.33]
Adding bndlst edge: (A_L81_MC -> A_K82_MC) type[cov], weight[1.00] from 80 to 81 dist[1.33]
Adding bndlst edge: (A_K82_MC -> A_I83_MC) type[cov], weight[1.00] from 81 to 82 dist[1.33]
Adding bndlst edge: (A_I83_MC -> A_K84_MC) type[cov], weight[1.00] from 82 to 83 dist[1.33]
Adding bndlst edge: (A_K84_MC -> A_K85_MC) type[cov], weight[1.00] from 83 to 84 dist[1.33]
Adding bndlst edge: (A_K85_MC -> A_Q86_MC) type[cov], weight[1.00] from 84 to 85 dist[1.33]

bndlst DONE

Producing PAJEK network
printing pajek edge (A_34_LEU,A_35_THR)
printing pajek edge (A_33_SER,A_34_LEU)
printing pajek edge (A_64_PRO,A_68_ALA)
printing pajek edge (A_64_PRO,A_65_LEU)
printing pajek edge (A_64_PRO,A_67_GLU)
printing pajek edge (A_22_THR,A_23_GLU)
printing pajek edge (A_22_THR,A_65_LEU)
printing pajek edge (A_22_THR,A_27_ASP)
printing pajek edge (A_22_THR,A_24_GLU)
printing pajek edge (A_72_LEU,A_75_ALA)
printing pajek edge (A_72_LEU,A_73_GLN)
printing pajek edge (A_8_LEU,A_9_LYS)
printing pajek edge (A_8_LEU,A_79_VAL)
printing pajek edge (A_81_LEU,A_82_LYS)
printing pajek edge (A_27_ASP,A_28_PRO)
printing pajek edge (A_19_ILE,A_20_SER)
printing pajek edge (A_73_GLN,A_74_MET)
printing pajek edge (A_17_ILE,A_18_THR)
printing pajek edge (A_45_ALA,A_46_ILE)
printing pajek edge (A_56_ASN,A_75_ALA)
printing pajek edge (A_56_ASN,A_78_THR)
printing pajek edge (A_56_ASN,A_58_SER)
printing pajek edge (A_56_ASN,A_57_SER)
printing pajek edge (A_56_ASN,A_80_THR)
printing pajek edge (A_85_LYS,A_86_GLN)
printing pajek edge (A_75_ALA,A_76_GLY)
printing pajek edge (A_28_PRO,A_29_ILE)
printing pajek edge (A_58_SER,A_59_SER)
printing pajek edge (A_62_GLY,A_63_LYS)
printing pajek edge (A_21_GLY,A_22_THR)
printing pajek edge (A_11_TYR,A_12_GLY)
printing pajek edge (A_11_TYR,A_77_GLU)
printing pajek edge (A_32_SER,A_33_SER)
printing pajek edge (A_36_LYS,A_37_GLY)
printing pajek edge (A_36_LYS,A_38_GLY)
printing pajek edge (A_12_GLY,A_13_GLY)
printing pajek edge (A_79_VAL,A_80_THR)
printing pajek edge (A_49_GLY,A_50_ASP)
printing pajek edge (A_78_THR,A_79_VAL)
printing pajek edge (A_66_SER,A_70_HIS)
printing pajek edge (A_66_SER,A_67_GLU)
printing pajek edge (A_66_SER,A_69_ILE)
printing pajek edge (A_30_ILE,A_31_ILE)
printing pajek edge (A_51_ARG,A_84_LYS)
printing pajek edge (A_51_ARG,A_52_ILE)
printing pajek edge (A_40_ALA,A_43_THR)
printing pajek edge (A_40_ALA,A_41_GLU)
printing pajek edge (A_40_ALA,A_44_GLY)
printing pajek edge (A_65_LEU,A_68_ALA)
printing pajek edge (A_65_LEU,A_69_ILE)
printing pajek edge (A_65_LEU,A_66_SER)
printing pajek edge (A_59_SER,A_60_LEU)
printing pajek edge (A_59_SER,A_61_LYS)
printing pajek edge (A_42_ARG,A_43_THR)
printing pajek edge (A_13_GLY,A_14_PRO)
printing pajek edge (A_16_GLY,A_35_THR)
printing pajek edge (A_16_GLY,A_17_ILE)
printing pajek edge (A_82_LYS,A_83_ILE)
printing pajek edge (A_53_LEU,A_82_LYS)
printing pajek edge (A_53_LEU,A_60_LEU)
printing pajek edge (A_53_LEU,A_54_ALA)
printing pajek edge (A_61_LYS,A_62_GLY)
printing pajek edge (A_57_SER,A_58_SER)
printing pajek edge (A_74_MET,A_75_ALA)
printing pajek edge (A_67_GLU,A_70_HIS)
printing pajek edge (A_67_GLU,A_68_ALA)
printing pajek edge (A_67_GLU,A_71_LEU)
printing pajek edge (A_46_ILE,A_47_HIS)
printing pajek edge (A_77_GLU,A_78_THR)
printing pajek edge (A_20_SER,A_32_SER)
printing pajek edge (A_20_SER,A_30_ILE)
printing pajek edge (A_20_SER,A_21_GLY)
printing pajek edge (A_63_LYS,A_64_PRO)
printing pajek edge (A_55_ILE,A_58_SER)
printing pajek edge (A_55_ILE,A_56_ASN)
printing pajek edge (A_68_ALA,A_71_LEU)
printing pajek edge (A_68_ALA,A_72_LEU)
printing pajek edge (A_68_ALA,A_69_ILE)
printing pajek edge (A_71_LEU,A_75_ALA)
printing pajek edge (A_71_LEU,A_72_LEU)
printing pajek edge (A_71_LEU,A_74_MET)
printing pajek edge (A_69_ILE,A_70_HIS)
printing pajek edge (A_69_ILE,A_72_LEU)
printing pajek edge (A_69_ILE,A_73_GLN)
printing pajek edge (A_3_ILE,A_4_TYR)
printing pajek edge (A_18_THR,A_33_SER)
printing pajek edge (A_18_THR,A_19_ILE)
printing pajek edge (A_18_THR,A_32_SER)
printing pajek edge (A_2_ILE,A_85_LYS)
printing pajek edge (A_2_ILE,A_3_ILE)
printing pajek edge (A_31_ILE,A_50_ASP)
printing pajek edge (A_31_ILE,A_32_SER)
printing pajek edge (A_31_ILE,A_49_GLY)
printing pajek edge (A_83_ILE,A_84_LYS)
printing pajek edge (A_26_PHE,A_27_ASP)
printing pajek edge (A_29_ILE,A_52_ILE)
printing pajek edge (A_29_ILE,A_30_ILE)
printing pajek edge (A_84_LYS,A_85_LYS)
printing pajek edge (A_76_GLY,A_77_GLU)
printing pajek edge (A_41_GLU,A_44_GLY)
printing pajek edge (A_41_GLU,A_42_ARG)
printing pajek edge (A_15_LEU,A_40_ALA)
printing pajek edge (A_15_LEU,A_16_GLY)
printing pajek edge (A_70_HIS,A_73_GLN)
printing pajek edge (A_70_HIS,A_71_LEU)
printing pajek edge (A_70_HIS,A_74_MET)
printing pajek edge (A_60_LEU,A_61_LYS)
printing pajek edge (A_60_LEU,A_63_LYS)
printing pajek edge (A_50_ASP,A_85_LYS)
printing pajek edge (A_50_ASP,A_51_ARG)
printing pajek edge (A_50_ASP,A_86_GLN)
printing pajek edge (A_25_PRO,A_26_PHE)
printing pajek edge (A_54_ALA,A_82_LYS)
printing pajek edge (A_54_ALA,A_55_ILE)
printing pajek edge (A_80_THR,A_81_LEU)
printing pajek edge (A_23_GLU,A_24_GLU)
printing pajek edge (A_23_GLU,A_66_SER)
printing pajek edge (A_43_THR,A_44_GLY)
printing pajek edge (A_43_THR,A_44_GLY)
printing pajek edge (A_43_THR,A_45_ALA)
printing pajek edge (A_1_ALA,A_2_ILE)
printing pajek edge (A_47_HIS,A_50_ASP)
printing pajek edge (A_47_HIS,A_48_ILE)
printing pajek edge (A_24_GLU,A_25_PRO)
printing pajek edge (A_24_GLU,A_27_ASP)
printing pajek edge (A_14_PRO,A_15_LEU)
printing pajek edge (A_7_GLU,A_9_LYS)
printing pajek edge (A_7_GLU,A_9_LYS)
printing pajek edge (A_7_GLU,A_8_LEU)
printing pajek edge (A_4_TYR,A_5_THR)
printing pajek edge (A_4_TYR,A_45_ALA)
printing pajek edge (A_4_TYR,A_83_ILE)
printing pajek edge (A_37_GLY,A_41_GLU)
printing pajek edge (A_37_GLY,A_38_GLY)
printing pajek edge (A_10_ARG,A_12_GLY)
printing pajek edge (A_10_ARG,A_72_LEU)
printing pajek edge (A_10_ARG,A_76_GLY)
printing pajek edge (A_10_ARG,A_77_GLU)
printing pajek edge (A_10_ARG,A_11_TYR)
printing pajek edge (A_10_ARG,A_13_GLY)
printing pajek edge (A_52_ILE,A_53_LEU)
printing pajek edge (A_48_ILE,A_50_ASP)
printing pajek edge (A_48_ILE,A_49_GLY)
printing pajek edge (A_9_LYS,A_10_ARG)
printing pajek edge (A_39_LEU,A_43_THR)
printing pajek edge (A_39_LEU,A_40_ALA)
printing pajek edge (A_39_LEU,A_42_ARG)
printing pajek edge (A_5_THR,A_6_VAL)
printing pajek edge (A_35_THR,A_36_LYS)
printing pajek edge (A_35_THR,A_38_GLY)
printing pajek edge (A_38_GLY,A_39_LEU)
printing pajek edge (A_38_GLY,A_41_GLU)
printing pajek edge (A_38_GLY,A_42_ARG)
printing pajek edge (A_44_GLY,A_45_ALA)
printing pajek edge (A_6_VAL,A_7_GLU)
printing pajek edge (A_6_VAL,A_81_LEU)
