Graph START

Adding vertex (chain-X, position-5, res-GLY)
New vertex id: 0
1 2 3 4 5 6 7 8 9 
Adding vertex (chain-X, position-6, res-PRO)
New vertex id: 1
10 11 12 13 14 15 16 17 18 19 20 21 22 23 
Adding vertex (chain-X, position-7, res-LEU)
New vertex id: 2
24 25 26 27 28 29 30 31 32 33 34 35 36 37 38 39 40 41 42 
Adding vertex (chain-X, position-8, res-GLY)
New vertex id: 3
43 44 45 46 47 48 49 
Adding vertex (chain-X, position-9, res-SER)
New vertex id: 4
50 51 52 53 54 55 56 57 58 59 60 
Adding vertex (chain-X, position-10, res-VAL)
New vertex id: 5
61 62 63 64 65 66 67 68 69 70 71 72 73 74 75 76 
Adding vertex (chain-X, position-11, res-VAL)
New vertex id: 6
77 78 79 80 81 82 83 84 85 86 87 88 89 90 91 92 
Adding vertex (chain-X, position-12, res-ARG)
New vertex id: 7
93 94 95 96 97 98 99 100 101 102 103 104 105 106 107 108 109 110 111 112 113 114 115 116 
Adding vertex (chain-X, position-13, res-ALA)
New vertex id: 8
117 118 119 120 121 122 123 124 125 126 
Adding vertex (chain-X, position-14, res-LYS)
New vertex id: 9
127 128 129 130 131 132 133 134 135 136 137 138 139 140 141 142 143 144 145 146 147 148 
Adding vertex (chain-X, position-15, res-PHE)
New vertex id: 10
149 150 151 152 153 154 155 156 157 158 159 160 161 162 163 164 165 166 167 168 
Adding vertex (chain-X, position-16, res-ASN)
New vertex id: 11
169 170 171 172 173 174 175 176 177 178 179 180 181 182 
Adding vertex (chain-X, position-17, res-PHE)
New vertex id: 12
183 184 185 186 187 188 189 190 191 192 193 194 195 196 197 198 199 200 201 202 
Adding vertex (chain-X, position-18, res-GLN)
New vertex id: 13
203 204 205 206 207 208 209 210 211 212 213 214 215 216 217 218 219 
Adding vertex (chain-X, position-19, res-GLN)
New vertex id: 14
220 221 222 223 224 225 226 227 228 229 230 231 232 233 234 235 236 
Adding vertex (chain-X, position-20, res-THR)
New vertex id: 15
237 238 239 240 241 242 243 244 245 246 247 248 249 250 
Adding vertex (chain-X, position-21, res-ASN)
New vertex id: 16
251 252 253 254 255 256 257 258 259 260 261 262 263 264 
Adding vertex (chain-X, position-22, res-GLU)
New vertex id: 17
265 266 267 268 269 270 271 272 273 274 275 276 277 278 279 
Adding vertex (chain-X, position-23, res-ASP)
New vertex id: 18
280 281 282 283 284 285 286 287 288 289 290 291 
Adding vertex (chain-X, position-24, res-GLU)
New vertex id: 19
292 293 294 295 296 297 298 299 300 301 302 303 304 305 306 
Adding vertex (chain-X, position-25, res-LEU)
New vertex id: 20
307 308 309 310 311 312 313 314 315 316 317 318 319 320 321 322 323 324 325 
Adding vertex (chain-X, position-26, res-SER)
New vertex id: 21
326 327 328 329 330 331 332 333 334 335 336 
Adding vertex (chain-X, position-27, res-PHE)
New vertex id: 22
337 338 339 340 341 342 343 344 345 346 347 348 349 350 351 352 353 354 355 356 
Adding vertex (chain-X, position-28, res-SER)
New vertex id: 23
357 358 359 360 361 362 363 364 365 366 367 
Adding vertex (chain-X, position-29, res-LYS)
New vertex id: 24
368 369 370 371 372 373 374 375 376 377 378 379 380 381 382 383 384 385 386 387 388 389 
Adding vertex (chain-X, position-30, res-GLY)
New vertex id: 25
390 391 392 393 394 395 396 
Adding vertex (chain-X, position-31, res-ASP)
New vertex id: 26
397 398 399 400 401 402 403 404 405 406 407 408 
Adding vertex (chain-X, position-32, res-VAL)
New vertex id: 27
409 410 411 412 413 414 415 416 417 418 419 420 421 422 423 424 
Adding vertex (chain-X, position-33, res-ILE)
New vertex id: 28
425 426 427 428 429 430 431 432 433 434 435 436 437 438 439 440 441 442 443 
Adding vertex (chain-X, position-34, res-HIS)
New vertex id: 29
444 445 446 447 448 449 450 451 452 453 454 455 456 457 458 459 460 461 
Adding vertex (chain-X, position-35, res-VAL)
New vertex id: 30
462 463 464 465 466 467 468 469 470 471 472 473 474 475 476 477 
Adding vertex (chain-X, position-36, res-THR)
New vertex id: 31
478 479 480 481 482 483 484 485 486 487 488 489 490 491 
Adding vertex (chain-X, position-37, res-ARG)
New vertex id: 32
492 493 494 495 496 497 498 499 500 501 502 503 504 505 506 507 508 509 510 511 512 513 514 515 
Adding vertex (chain-X, position-38, res-VAL)
New vertex id: 33
516 517 518 519 520 521 522 523 524 525 526 527 528 529 530 531 
Adding vertex (chain-X, position-39, res-GLU)
New vertex id: 34
532 533 534 535 536 537 538 539 540 541 542 543 544 545 546 
Adding vertex (chain-X, position-40, res-GLU)
New vertex id: 35
547 548 549 550 551 552 553 554 555 556 557 558 559 560 561 
Adding vertex (chain-X, position-41, res-GLY)
New vertex id: 36
562 563 564 565 566 567 568 
Adding vertex (chain-X, position-42, res-GLY)
New vertex id: 37
569 570 571 572 573 574 575 
Adding vertex (chain-X, position-43, res-TRP)
New vertex id: 38
576 577 578 579 580 581 582 583 584 585 586 587 588 589 590 591 592 593 594 595 596 597 598 599 
Adding vertex (chain-X, position-44, res-TRP)
New vertex id: 39
600 601 602 603 604 605 606 607 608 609 610 611 612 613 614 615 616 617 618 619 620 621 622 623 
Adding vertex (chain-X, position-45, res-GLU)
New vertex id: 40
624 625 626 627 628 629 630 631 632 633 634 635 636 637 638 
Adding vertex (chain-X, position-46, res-GLY)
New vertex id: 41
639 640 641 642 643 644 645 
Adding vertex (chain-X, position-47, res-THR)
New vertex id: 42
646 647 648 649 650 651 652 653 654 655 656 657 658 659 
Adding vertex (chain-X, position-48, res-HIS)
New vertex id: 43
660 661 662 663 664 665 666 667 668 669 670 671 672 673 674 675 676 677 
Adding vertex (chain-X, position-49, res-ASN)
New vertex id: 44
678 679 680 681 682 683 684 685 686 687 688 689 690 691 
Adding vertex (chain-X, position-50, res-GLY)
New vertex id: 45
692 693 694 695 696 697 698 
Adding vertex (chain-X, position-51, res-ARG)
New vertex id: 46
699 700 701 702 703 704 705 706 707 708 709 710 711 712 713 714 715 716 717 718 719 720 721 722 
Adding vertex (chain-X, position-52, res-THR)
New vertex id: 47
723 724 725 726 727 728 729 730 731 732 733 734 735 736 
Adding vertex (chain-X, position-53, res-GLY)
New vertex id: 48
737 738 739 740 741 742 743 
Adding vertex (chain-X, position-54, res-TRP)
New vertex id: 49
744 745 746 747 748 749 750 751 752 753 754 755 756 757 758 759 760 761 762 763 764 765 766 767 
Adding vertex (chain-X, position-55, res-PHE)
New vertex id: 50
768 769 770 771 772 773 774 775 776 777 778 779 780 781 782 783 784 785 786 787 
Adding vertex (chain-X, position-56, res-PRO)
New vertex id: 51
788 789 790 791 792 793 794 795 796 797 798 799 800 801 
Adding vertex (chain-X, position-57, res-SER)
New vertex id: 52
802 803 804 805 806 807 808 809 810 811 812 
Adding vertex (chain-X, position-58, res-ASN)
New vertex id: 53
813 814 815 816 817 818 819 820 821 822 823 824 825 826 
Adding vertex (chain-X, position-59, res-TYR)
New vertex id: 54
827 828 829 830 831 832 833 834 835 836 837 838 839 840 841 842 843 844 845 846 847 
Adding vertex (chain-X, position-60, res-VAL)
New vertex id: 55
848 849 850 851 852 853 854 855 856 857 858 859 860 861 862 863 
Adding vertex (chain-X, position-61, res-ARG)
New vertex id: 56
864 865 866 867 868 869 870 871 872 873 874 875 876 877 878 879 880 881 882 883 884 885 886 887 
Adding vertex (chain-X, position-62, res-GLU)
New vertex id: 57
888 889 890 891 892 893 894 895 896 897 898 899 900 901 902 
Adding vertex (chain-X, position-63, res-ILE)
New vertex id: 58
903 904 905 906 907 908 909 910 911 912 913 914 915 916 917 918 919 920 921 922 
Graph DONE

( reduce -FLIPs 2AK5.pdb > 2AK5.H.pdb ) >& /dev/null
Reduce (-FLIPs) returned 0
( bndlst -Radius0.3 2AK5.H.pdb > 2AK5.H.bndlst ) >& /dev/null
BndLst returned 0
Parsing 2AK5.H.bndlst

bndlst START
Adding bndlst edge: (X_G5_MC -> X_P6_MC) type[cov], weight[1.00] from 0 to 1 dist[1.35]
Adding bndlst edge: (X_P6_MC -> X_L7_MC) type[cov], weight[1.00] from 1 to 2 dist[1.33]
Adding bndlst edge: (X_P6_MC -> X_G8_MC) type[hb], weight[0.49] from 1 to 3 dist[2.87]
Adding bndlst edge: (X_L7_MC -> X_G8_MC) type[cov], weight[1.00] from 2 to 3 dist[1.33]
Adding bndlst edge: (X_G8_MC -> X_S9_MC) type[cov], weight[1.00] from 3 to 4 dist[1.33]
Adding bndlst edge: (X_G8_MC -> X_H34_SC) type[hb], weight[0.69] from 3 to 29 dist[2.41]
Adding bndlst edge: (X_G8_MC -> X_H34_SC) type[hb], weight[0.43] from 3 to 29 dist[3.05]
Adding bndlst edge: (X_G8_MC -> X_H34_SC) type[hb], weight[0.37] from 3 to 29 dist[3.30]
Adding bndlst edge: (X_S9_MC -> X_V10_MC) type[cov], weight[1.00] from 4 to 5 dist[1.32]
Adding bndlst edge: (X_S9_MC -> X_V35_MC) type[hb], weight[1.02] from 4 to 30 dist[1.98]
Adding bndlst edge: (X_S9_MC -> X_H34_SC) type[hb], weight[0.78] from 4 to 29 dist[2.26]
Adding bndlst edge: (X_V10_MC -> X_V11_MC) type[cov], weight[1.00] from 5 to 6 dist[1.33]
Adding bndlst edge: (X_V10_MC -> X_I63_MC) type[hb], weight[0.89] from 5 to 58 dist[2.12]
Adding bndlst edge: (X_V11_MC -> X_R12_MC) type[cov], weight[1.00] from 6 to 7 dist[1.33]
Adding bndlst edge: (X_V11_MC -> X_I33_MC) type[hb], weight[1.09] from 6 to 28 dist[1.92]
Adding bndlst edge: (X_V11_MC -> X_I33_MC) type[hb], weight[1.06] from 6 to 28 dist[1.94]
Adding bndlst edge: (X_R12_MC -> X_A13_MC) type[cov], weight[1.00] from 7 to 8 dist[1.33]
Adding bndlst edge: (X_R12_MC -> X_R61_MC) type[hb], weight[0.95] from 7 to 56 dist[2.05]
Adding bndlst edge: (X_R12_MC -> X_R61_MC) type[hb], weight[1.18] from 7 to 56 dist[1.84]
Adding bndlst edge: (X_R12_SC -> X_G30_MC) type[hb], weight[1.14] from 7 to 25 dist[1.87]
Adding bndlst edge: (X_R12_SC -> X_G30_MC) type[hb], weight[1.14] from 7 to 25 dist[1.87]
Adding bndlst edge: (X_A13_MC -> X_K14_MC) type[cov], weight[1.00] from 8 to 9 dist[1.33]
Adding bndlst edge: (X_A13_MC -> X_G30_MC) type[hb], weight[1.20] from 8 to 25 dist[1.82]
Adding bndlst edge: (X_A13_MC -> X_D31_MC) type[hb], weight[1.20] from 8 to 26 dist[1.82]
Adding bndlst edge: (X_K14_MC -> X_F15_MC) type[cov], weight[1.00] from 9 to 10 dist[1.34]
Adding bndlst edge: (X_K14_MC -> X_Y59_MC) type[hb], weight[1.33] from 9 to 54 dist[1.74]
Adding bndlst edge: (X_F15_MC -> X_N16_MC) type[cov], weight[1.00] from 10 to 11 dist[1.33]
Adding bndlst edge: (X_N16_MC -> X_F17_MC) type[cov], weight[1.00] from 11 to 12 dist[1.33]
Adding bndlst edge: (X_N16_SC -> X_K29_MC) type[hb], weight[1.16] from 11 to 24 dist[1.85]
Adding bndlst edge: (X_F17_MC -> X_Q18_MC) type[cov], weight[1.00] from 12 to 13 dist[1.33]
Adding bndlst edge: (X_F17_MC -> X_F27_MC) type[hb], weight[0.98] from 12 to 22 dist[2.02]
Adding bndlst edge: (X_F17_MC -> X_F27_MC) type[hb], weight[1.10] from 12 to 22 dist[1.91]
Adding bndlst edge: (X_Q18_MC -> X_Q19_MC) type[cov], weight[1.00] from 13 to 14 dist[1.33]
Adding bndlst edge: (X_Q19_MC -> X_T20_MC) type[cov], weight[1.00] from 14 to 15 dist[1.33]
Adding bndlst edge: (X_Q19_SC -> X_R51_SC) type[hb], weight[0.51] from 14 to 46 dist[2.80]
Adding bndlst edge: (X_Q19_SC -> X_R51_SC) type[hb], weight[0.52] from 14 to 46 dist[2.79]
Adding bndlst edge: (X_Q19_MC -> X_S26_SC) type[hb], weight[1.11] from 14 to 21 dist[1.90]
Adding bndlst edge: (X_Q19_SC -> X_N21_MC) type[hb], weight[0.40] from 14 to 16 dist[3.15]
Adding bndlst edge: (X_Q19_SC -> X_S26_SC) type[hb], weight[1.27] from 14 to 21 dist[1.78]
Adding bndlst edge: (X_T20_MC -> X_N21_MC) type[cov], weight[1.00] from 15 to 16 dist[1.33]
Adding bndlst edge: (X_T20_MC -> X_E24_SC) type[hb], weight[1.17] from 15 to 19 dist[1.85]
Adding bndlst edge: (X_N21_MC -> X_E22_MC) type[cov], weight[1.00] from 16 to 17 dist[1.33]
Adding bndlst edge: (X_N21_MC -> X_E24_MC) type[hb], weight[0.90] from 16 to 19 dist[2.11]
Adding bndlst edge: (X_N21_SC -> X_E24_MC) type[hb], weight[0.45] from 16 to 19 dist[2.97]
Adding bndlst edge: (X_N21_SC -> X_D23_MC) type[hb], weight[1.06] from 16 to 18 dist[1.94]
Adding bndlst edge: (X_N21_SC -> X_E24_SC) type[hb], weight[0.50] from 16 to 19 dist[2.83]
Adding bndlst edge: (X_N21_SC -> X_E24_SC) type[hb], weight[0.49] from 16 to 19 dist[2.85]
Adding bndlst edge: (X_E22_MC -> X_D23_MC) type[cov], weight[1.00] from 17 to 18 dist[1.33]
Adding bndlst edge: (X_E22_MC -> X_R51_SC) type[hb], weight[0.57] from 17 to 46 dist[2.64]
Adding bndlst edge: (X_E22_MC -> X_R51_SC) type[hb], weight[0.73] from 17 to 46 dist[2.33]
Adding bndlst edge: (X_E22_MC -> X_R51_SC) type[hb], weight[0.58] from 17 to 46 dist[2.63]
Adding bndlst edge: (X_E22_MC -> X_R51_SC) type[hb], weight[0.73] from 17 to 46 dist[2.34]
Adding bndlst edge: (X_D23_MC -> X_E24_MC) type[cov], weight[1.00] from 18 to 19 dist[1.33]
Adding bndlst edge: (X_D23_MC -> X_W54_MC) type[hb], weight[1.19] from 18 to 49 dist[1.83]
Adding bndlst edge: (X_E24_MC -> X_L25_MC) type[cov], weight[1.00] from 19 to 20 dist[1.33]
Adding bndlst edge: (X_E24_MC -> X_R51_SC) type[hb], weight[0.75] from 19 to 46 dist[2.31]
Adding bndlst edge: (X_E24_MC -> X_R51_SC) type[hb], weight[0.74] from 19 to 46 dist[2.33]
Adding bndlst edge: (X_E24_MC -> X_R51_SC) type[hb], weight[0.80] from 19 to 46 dist[2.24]
Adding bndlst edge: (X_E24_MC -> X_R51_SC) type[hb], weight[0.79] from 19 to 46 dist[2.25]
Adding bndlst edge: (X_L25_MC -> X_S26_MC) type[cov], weight[1.00] from 20 to 21 dist[1.33]
Adding bndlst edge: (X_L25_MC -> X_W54_MC) type[hb], weight[1.05] from 20 to 49 dist[1.95]
Adding bndlst edge: (X_S26_MC -> X_F27_MC) type[cov], weight[1.00] from 21 to 22 dist[1.33]
Adding bndlst edge: (X_S26_MC -> X_H48_SC) type[hb], weight[0.44] from 21 to 43 dist[3.00]
Adding bndlst edge: (X_F27_MC -> X_S28_MC) type[cov], weight[1.00] from 22 to 23 dist[1.32]
Adding bndlst edge: (X_S28_MC -> X_K29_MC) type[cov], weight[1.00] from 23 to 24 dist[1.33]
Adding bndlst edge: (X_S28_MC -> X_D31_MC) type[hb], weight[1.00] from 23 to 26 dist[2.00]
Adding bndlst edge: (X_S28_MC -> X_D31_SC) type[hb], weight[1.03] from 23 to 26 dist[1.97]
Adding bndlst edge: (X_K29_MC -> X_G30_MC) type[cov], weight[1.00] from 24 to 25 dist[1.33]
Adding bndlst edge: (X_G30_MC -> X_D31_MC) type[cov], weight[1.00] from 25 to 26 dist[1.33]
Adding bndlst edge: (X_D31_MC -> X_V32_MC) type[cov], weight[1.00] from 26 to 27 dist[1.33]
Adding bndlst edge: (X_D31_SC -> X_H48_SC) type[hb], weight[1.18] from 26 to 43 dist[1.84]
Adding bndlst edge: (X_V32_MC -> X_I33_MC) type[cov], weight[1.00] from 27 to 28 dist[1.33]
Adding bndlst edge: (X_V32_MC -> X_H48_SC) type[hb], weight[0.67] from 27 to 43 dist[2.44]
Adding bndlst edge: (X_I33_MC -> X_H34_MC) type[cov], weight[1.00] from 28 to 29 dist[1.33]
Adding bndlst edge: (X_H34_MC -> X_V35_MC) type[cov], weight[1.00] from 29 to 30 dist[1.33]
Adding bndlst edge: (X_H34_MC -> X_T47_MC) type[hb], weight[1.10] from 29 to 42 dist[1.91]
Adding bndlst edge: (X_H34_MC -> X_T47_MC) type[hb], weight[1.02] from 29 to 42 dist[1.99]
Adding bndlst edge: (X_V35_MC -> X_T36_MC) type[cov], weight[1.00] from 30 to 31 dist[1.33]
Adding bndlst edge: (X_T36_MC -> X_R37_MC) type[cov], weight[1.00] from 31 to 32 dist[1.33]
Adding bndlst edge: (X_T36_MC -> X_E45_MC) type[hb], weight[1.00] from 31 to 40 dist[2.00]
Adding bndlst edge: (X_R37_MC -> X_V38_MC) type[cov], weight[1.00] from 32 to 33 dist[1.32]
Adding bndlst edge: (X_R37_MC -> X_E45_MC) type[hb], weight[1.18] from 32 to 40 dist[1.84]
Adding bndlst edge: (X_R37_MC -> X_E45_MC) type[hb], weight[0.78] from 32 to 40 dist[2.26]
Adding bndlst edge: (X_R37_SC -> X_E39_SC) type[salt], weight[0.77] from 32 to 34 dist[2.17]
Adding bndlst edge: (X_R37_SC -> X_E39_SC) type[salt], weight[0.60] from 32 to 34 dist[2.45]
Adding bndlst edge: (X_R37_SC -> X_E39_SC) type[salt], weight[0.60] from 32 to 34 dist[2.45]
Adding bndlst edge: (X_V38_MC -> X_E39_MC) type[cov], weight[1.00] from 33 to 34 dist[1.33]
Adding bndlst edge: (X_E39_MC -> X_E40_MC) type[cov], weight[1.00] from 34 to 35 dist[1.32]
Adding bndlst edge: (X_E39_MC -> X_W44_SC) type[hb], weight[0.44] from 34 to 39 dist[3.03]
Adding bndlst edge: (X_E40_MC -> X_G41_MC) type[cov], weight[1.00] from 35 to 36 dist[1.33]
Adding bndlst edge: (X_G41_MC -> X_G42_MC) type[cov], weight[1.00] from 36 to 37 dist[1.33]
Adding bndlst edge: (X_G42_MC -> X_W43_MC) type[cov], weight[1.00] from 37 to 38 dist[1.33]
Adding bndlst edge: (X_G42_MC -> X_S57_MC) type[hb], weight[1.14] from 37 to 52 dist[1.88]
Adding bndlst edge: (X_W43_MC -> X_W44_MC) type[cov], weight[1.00] from 38 to 39 dist[1.34]
Adding bndlst edge: (X_W44_MC -> X_E45_MC) type[cov], weight[1.00] from 39 to 40 dist[1.33]
Adding bndlst edge: (X_W44_MC -> X_F55_MC) type[hb], weight[1.05] from 39 to 50 dist[1.96]
Adding bndlst edge: (X_W44_MC -> X_F55_MC) type[hb], weight[0.98] from 39 to 50 dist[2.02]
Adding bndlst edge: (X_E45_MC -> X_G46_MC) type[cov], weight[1.00] from 40 to 41 dist[1.33]
Adding bndlst edge: (X_G46_MC -> X_T47_MC) type[cov], weight[1.00] from 41 to 42 dist[1.33]
Adding bndlst edge: (X_G46_MC -> X_G53_MC) type[hb], weight[0.98] from 41 to 48 dist[2.02]
Adding bndlst edge: (X_G46_MC -> X_G53_MC) type[hb], weight[1.06] from 41 to 48 dist[1.95]
Adding bndlst edge: (X_T47_MC -> X_H48_MC) type[cov], weight[1.00] from 42 to 43 dist[1.33]
Adding bndlst edge: (X_H48_MC -> X_N49_MC) type[cov], weight[1.00] from 43 to 44 dist[1.33]
Adding bndlst edge: (X_H48_MC -> X_R51_MC) type[hb], weight[1.03] from 43 to 46 dist[1.98]
Adding bndlst edge: (X_H48_MC -> X_R51_MC) type[hb], weight[1.15] from 43 to 46 dist[1.86]
Adding bndlst edge: (X_N49_MC -> X_G50_MC) type[cov], weight[1.00] from 44 to 45 dist[1.33]
Adding bndlst edge: (X_G50_MC -> X_R51_MC) type[cov], weight[1.00] from 45 to 46 dist[1.33]
Adding bndlst edge: (X_R51_MC -> X_T52_MC) type[cov], weight[1.00] from 46 to 47 dist[1.33]
Adding bndlst edge: (X_T52_MC -> X_G53_MC) type[cov], weight[1.00] from 47 to 48 dist[1.33]
Adding bndlst edge: (X_G53_MC -> X_W54_MC) type[cov], weight[1.00] from 48 to 49 dist[1.33]
Adding bndlst edge: (X_W54_MC -> X_F55_MC) type[cov], weight[1.00] from 49 to 50 dist[1.33]
Adding bndlst edge: (X_F55_MC -> X_P56_MC) type[cov], weight[1.00] from 50 to 51 dist[1.35]
Adding bndlst edge: (X_P56_MC -> X_S57_MC) type[cov], weight[1.00] from 51 to 52 dist[1.33]
Adding bndlst edge: (X_P56_MC -> X_Y59_MC) type[hb], weight[1.05] from 51 to 54 dist[1.95]
Adding bndlst edge: (X_S57_MC -> X_N58_MC) type[cov], weight[1.00] from 52 to 53 dist[1.33]
Adding bndlst edge: (X_S57_MC -> X_V60_MC) type[hb], weight[0.73] from 52 to 55 dist[2.34]
Adding bndlst edge: (X_S57_MC -> X_Y59_MC) type[hb], weight[0.45] from 52 to 54 dist[2.99]
Adding bndlst edge: (X_S57_SC -> X_N58_MC) type[hb], weight[0.45] from 52 to 53 dist[2.98]
Adding bndlst edge: (X_N58_MC -> X_Y59_MC) type[cov], weight[1.00] from 53 to 54 dist[1.34]
Adding bndlst edge: (X_Y59_MC -> X_V60_MC) type[cov], weight[1.00] from 54 to 55 dist[1.33]
Adding bndlst edge: (X_V60_MC -> X_R61_MC) type[cov], weight[1.00] from 55 to 56 dist[1.33]
Adding bndlst edge: (X_R61_MC -> X_E62_MC) type[cov], weight[1.00] from 56 to 57 dist[1.33]
Adding bndlst edge: (X_E62_MC -> X_I63_MC) type[cov], weight[1.00] from 57 to 58 dist[1.33]

bndlst DONE

Producing PAJEK network
printing pajek edge (X_38_VAL,X_39_GLU)
printing pajek edge (X_37_ARG,X_38_VAL)
printing pajek edge (X_37_ARG,X_39_GLU)
printing pajek edge (X_37_ARG,X_45_GLU)
printing pajek edge (X_26_SER,X_27_PHE)
printing pajek edge (X_26_SER,X_48_HIS)
printing pajek edge (X_12_ARG,X_30_GLY)
printing pajek edge (X_12_ARG,X_13_ALA)
printing pajek edge (X_12_ARG,X_61_ARG)
printing pajek edge (X_31_ASP,X_32_VAL)
printing pajek edge (X_31_ASP,X_48_HIS)
printing pajek edge (X_22_GLU,X_23_ASP)
printing pajek edge (X_22_GLU,X_51_ARG)
printing pajek edge (X_7_LEU,X_8_GLY)
printing pajek edge (X_6_PRO,X_8_GLY)
printing pajek edge (X_6_PRO,X_7_LEU)
printing pajek edge (X_23_ASP,X_54_TRP)
printing pajek edge (X_23_ASP,X_24_GLU)
printing pajek edge (X_35_VAL,X_36_THR)
printing pajek edge (X_21_ASN,X_23_ASP)
printing pajek edge (X_21_ASN,X_24_GLU)
printing pajek edge (X_21_ASN,X_22_GLU)
printing pajek edge (X_49_ASN,X_50_GLY)
printing pajek edge (X_60_VAL,X_61_ARG)
printing pajek edge (X_32_VAL,X_33_ILE)
printing pajek edge (X_32_VAL,X_48_HIS)
printing pajek edge (X_30_GLY,X_31_ASP)
printing pajek edge (X_33_ILE,X_34_HIS)
printing pajek edge (X_62_GLU,X_63_ILE)
printing pajek edge (X_45_GLU,X_46_GLY)
printing pajek edge (X_25_LEU,X_26_SER)
printing pajek edge (X_25_LEU,X_54_TRP)
printing pajek edge (X_19_GLN,X_26_SER)
printing pajek edge (X_19_GLN,X_51_ARG)
printing pajek edge (X_19_GLN,X_21_ASN)
printing pajek edge (X_19_GLN,X_20_THR)
printing pajek edge (X_54_TRP,X_55_PHE)
printing pajek edge (X_29_LYS,X_30_GLY)
printing pajek edge (X_15_PHE,X_16_ASN)
printing pajek edge (X_36_THR,X_37_ARG)
printing pajek edge (X_36_THR,X_45_GLU)
printing pajek edge (X_40_GLU,X_41_GLY)
printing pajek edge (X_16_ASN,X_29_LYS)
printing pajek edge (X_16_ASN,X_17_PHE)
printing pajek edge (X_58_ASN,X_59_TYR)
printing pajek edge (X_53_GLY,X_54_TRP)
printing pajek edge (X_47_THR,X_48_HIS)
printing pajek edge (X_27_PHE,X_28_SER)
printing pajek edge (X_51_ARG,X_52_THR)
printing pajek edge (X_5_GLY,X_6_PRO)
printing pajek edge (X_18_GLN,X_19_GLN)
printing pajek edge (X_28_SER,X_29_LYS)
printing pajek edge (X_28_SER,X_31_ASP)
printing pajek edge (X_34_HIS,X_47_THR)
printing pajek edge (X_34_HIS,X_35_VAL)
printing pajek edge (X_11_VAL,X_33_ILE)
printing pajek edge (X_11_VAL,X_12_ARG)
printing pajek edge (X_55_PHE,X_56_PRO)
printing pajek edge (X_44_TRP,X_55_PHE)
printing pajek edge (X_44_TRP,X_45_GLU)
printing pajek edge (X_41_GLY,X_42_GLY)
printing pajek edge (X_8_GLY,X_9_SER)
printing pajek edge (X_8_GLY,X_34_HIS)
printing pajek edge (X_56_PRO,X_57_SER)
printing pajek edge (X_56_PRO,X_59_TYR)
printing pajek edge (X_14_LYS,X_15_PHE)
printing pajek edge (X_14_LYS,X_59_TYR)
printing pajek edge (X_46_GLY,X_47_THR)
printing pajek edge (X_46_GLY,X_53_GLY)
printing pajek edge (X_17_PHE,X_27_PHE)
printing pajek edge (X_17_PHE,X_18_GLN)
printing pajek edge (X_52_THR,X_53_GLY)
printing pajek edge (X_20_THR,X_24_GLU)
printing pajek edge (X_20_THR,X_21_ASN)
printing pajek edge (X_57_SER,X_58_ASN)
printing pajek edge (X_57_SER,X_58_ASN)
printing pajek edge (X_57_SER,X_59_TYR)
printing pajek edge (X_57_SER,X_60_VAL)
printing pajek edge (X_43_TRP,X_44_TRP)
printing pajek edge (X_13_ALA,X_30_GLY)
printing pajek edge (X_13_ALA,X_31_ASP)
printing pajek edge (X_13_ALA,X_14_LYS)
printing pajek edge (X_9_SER,X_35_VAL)
printing pajek edge (X_9_SER,X_34_HIS)
printing pajek edge (X_9_SER,X_10_VAL)
printing pajek edge (X_39_GLU,X_40_GLU)
printing pajek edge (X_39_GLU,X_44_TRP)
printing pajek edge (X_61_ARG,X_62_GLU)
printing pajek edge (X_50_GLY,X_51_ARG)
printing pajek edge (X_42_GLY,X_57_SER)
printing pajek edge (X_42_GLY,X_43_TRP)
printing pajek edge (X_48_HIS,X_51_ARG)
printing pajek edge (X_48_HIS,X_49_ASN)
printing pajek edge (X_24_GLU,X_51_ARG)
printing pajek edge (X_24_GLU,X_25_LEU)
printing pajek edge (X_59_TYR,X_60_VAL)
printing pajek edge (X_10_VAL,X_11_VAL)
printing pajek edge (X_10_VAL,X_63_ILE)
