Graph START

Adding vertex (chain-A, position-253, res-SER)
New vertex id: 0
834 835 836 837 838 839 
Adding vertex (chain-A, position-254, res-THR)
New vertex id: 1
840 841 842 843 844 845 846 
Adding vertex (chain-A, position-255, res-ASN)
New vertex id: 2
847 848 849 850 851 852 853 854 
Adding vertex (chain-A, position-256, res-LEU)
New vertex id: 3
855 856 857 858 859 860 861 862 
Adding vertex (chain-A, position-257, res-PRO)
New vertex id: 4
863 864 865 866 867 868 869 
Adding vertex (chain-A, position-258, res-ARG)
New vertex id: 5
870 871 872 873 874 875 876 877 878 879 880 
Adding vertex (chain-A, position-259, res-ASN)
New vertex id: 6
881 882 883 884 885 886 887 888 
Adding vertex (chain-A, position-260, res-PRO)
New vertex id: 7
889 890 891 892 893 894 895 
Adding vertex (chain-A, position-261, res-SER)
New vertex id: 8
896 897 898 899 900 901 
Adding vertex (chain-A, position-262, res-MET)
New vertex id: 9
902 903 904 905 906 907 908 909 
Adding vertex (chain-A, position-263, res-ALA)
New vertex id: 10
910 911 912 913 914 
Adding vertex (chain-A, position-264, res-ASP)
New vertex id: 11
915 916 917 918 919 920 921 922 
Adding vertex (chain-A, position-265, res-TYR)
New vertex id: 12
923 924 925 926 927 928 929 930 931 932 933 934 
Adding vertex (chain-A, position-266, res-GLU)
New vertex id: 13
935 936 937 938 939 940 941 942 943 
Adding vertex (chain-A, position-267, res-ALA)
New vertex id: 14
944 945 946 947 948 
Adding vertex (chain-A, position-268, res-ARG)
New vertex id: 15
949 950 951 952 953 954 955 956 957 958 959 
Adding vertex (chain-A, position-269, res-ILE)
New vertex id: 16
960 961 962 963 964 965 966 967 
Adding vertex (chain-A, position-270, res-PHE)
New vertex id: 17
968 969 970 971 972 973 974 975 976 977 978 
Adding vertex (chain-A, position-271, res-THR)
New vertex id: 18
979 980 981 982 983 984 985 
Adding vertex (chain-A, position-272, res-PHE)
New vertex id: 19
986 987 988 989 990 991 992 993 994 995 996 
Adding vertex (chain-A, position-273, res-GLY)
New vertex id: 20
997 998 999 1000 
Adding vertex (chain-A, position-274, res-THR)
New vertex id: 21
1001 1002 1003 1004 1005 1006 1007 
Adding vertex (chain-A, position-275, res-TRP)
New vertex id: 22
1008 1009 1010 1011 1012 1013 1014 1015 1016 1017 1018 1019 1020 1021 
Adding vertex (chain-A, position-276, res-ILE)
New vertex id: 23
1022 1023 1024 1025 1026 1027 1028 1029 
Adding vertex (chain-A, position-277, res-TYR)
New vertex id: 24
1030 1031 1032 1033 1034 1035 1036 1037 1038 1039 1040 1041 
Adding vertex (chain-A, position-278, res-SER)
New vertex id: 25
1042 1043 1044 1045 1046 1047 
Adding vertex (chain-A, position-279, res-VAL)
New vertex id: 26
1048 1049 1050 1051 1052 1053 1054 
Adding vertex (chain-A, position-280, res-ASN)
New vertex id: 27
1055 1056 1057 1058 1059 1060 1061 1062 
Adding vertex (chain-A, position-281, res-LYS)
New vertex id: 28
1063 1064 1065 1066 1067 1068 1069 1070 1071 
Adding vertex (chain-A, position-282, res-GLU)
New vertex id: 29
1072 1073 1074 1075 1076 1077 1078 1079 1080 
Adding vertex (chain-A, position-283, res-GLN)
New vertex id: 30
1081 1082 1083 1084 1085 1086 1087 1088 1089 
Adding vertex (chain-A, position-284, res-LEU)
New vertex id: 31
1090 1091 1092 1093 1094 1095 1096 1097 
Adding vertex (chain-A, position-285, res-ALA)
New vertex id: 32
1098 1099 1100 1101 1102 
Adding vertex (chain-A, position-286, res-ARG)
New vertex id: 33
1103 1104 1105 1106 1107 1108 1109 1110 1111 1112 1113 
Adding vertex (chain-A, position-287, res-ALA)
New vertex id: 34
1114 1115 1116 1117 1118 
Adding vertex (chain-A, position-288, res-GLY)
New vertex id: 35
1119 1120 1121 1122 
Adding vertex (chain-A, position-289, res-PHE)
New vertex id: 36
1123 1124 1125 1126 1127 1128 1129 1130 1131 1132 1133 
Adding vertex (chain-A, position-290, res-TYR)
New vertex id: 37
1134 1135 1136 1137 1138 1139 1140 1141 1142 1143 1144 1145 
Adding vertex (chain-A, position-291, res-ALA)
New vertex id: 38
1146 1147 1148 1149 1150 
Adding vertex (chain-A, position-292, res-LEU)
New vertex id: 39
1151 1152 1153 1154 1155 1156 1157 1158 
Adding vertex (chain-A, position-293, res-GLY)
New vertex id: 40
1159 1160 1161 1162 
Adding vertex (chain-A, position-294, res-GLU)
New vertex id: 41
1163 1164 1165 1166 1167 1168 1169 1170 1171 
Adding vertex (chain-A, position-295, res-GLY)
New vertex id: 42
1172 1173 1174 1175 
Adding vertex (chain-A, position-296, res-ASP)
New vertex id: 43
1176 1177 1178 1179 1180 1181 1182 1183 
Adding vertex (chain-A, position-297, res-LYS)
New vertex id: 44
1184 1185 1186 1187 1188 1189 1190 1191 1192 
Adding vertex (chain-A, position-298, res-VAL)
New vertex id: 45
1193 1194 1195 1196 1197 1198 1199 
Adding vertex (chain-A, position-299, res-LYS)
New vertex id: 46
1200 1201 1202 1203 1204 1205 1206 1207 1208 
Adding vertex (chain-A, position-300, res-CYS)
New vertex id: 47
1209 1210 1211 1212 1213 1214 
Adding vertex (chain-A, position-301, res-PHE)
New vertex id: 48
1215 1216 1217 1218 1219 1220 1221 1222 1223 1224 1225 
Adding vertex (chain-A, position-302, res-HIS)
New vertex id: 49
1226 1227 1228 1229 1230 1231 1232 1233 1234 1235 
Adding vertex (chain-A, position-303, res-CYS)
New vertex id: 50
1236 1237 1238 1239 1240 1241 
Adding vertex (chain-A, position-304, res-GLY)
New vertex id: 51
1242 1243 1244 1245 
Adding vertex (chain-A, position-305, res-GLY)
New vertex id: 52
1246 1247 1248 1249 
Adding vertex (chain-A, position-306, res-GLY)
New vertex id: 53
1250 1251 1252 1253 
Adding vertex (chain-A, position-307, res-LEU)
New vertex id: 54
1254 1255 1256 1257 1258 1259 1260 1261 
Adding vertex (chain-A, position-308, res-THR)
New vertex id: 55
1262 1263 1264 1265 1266 1267 1268 
Adding vertex (chain-A, position-309, res-ASP)
New vertex id: 56
1269 1270 1271 1272 1273 1274 1275 1276 
Adding vertex (chain-A, position-310, res-TRP)
New vertex id: 57
1277 1278 1279 1280 1281 1282 1283 1284 1285 1286 1287 1288 1289 1290 
Adding vertex (chain-A, position-311, res-LYS)
New vertex id: 58
1291 1292 1293 1294 1295 1296 1297 1298 1299 
Adding vertex (chain-A, position-312, res-PRO)
New vertex id: 59
1300 1301 1302 1303 1304 1305 1306 
Adding vertex (chain-A, position-313, res-SER)
New vertex id: 60
1307 1308 1309 1310 1311 1312 
Adding vertex (chain-A, position-314, res-GLU)
New vertex id: 61
1313 1314 1315 1316 1317 1318 1319 1320 1321 
Adding vertex (chain-A, position-315, res-ASP)
New vertex id: 62
1322 1323 1324 1325 1326 1327 1328 1329 
Adding vertex (chain-A, position-316, res-PRO)
New vertex id: 63
1330 1331 1332 1333 1334 1335 1336 
Adding vertex (chain-A, position-317, res-TRP)
New vertex id: 64
1337 1338 1339 1340 1341 1342 1343 1344 1345 1346 1347 1348 1349 1350 
Adding vertex (chain-A, position-318, res-GLU)
New vertex id: 65
1351 1352 1353 1354 1355 1356 1357 1358 1359 
Adding vertex (chain-A, position-319, res-GLN)
New vertex id: 66
1360 1361 1362 1363 1364 1365 1366 1367 1368 
Adding vertex (chain-A, position-320, res-HIS)
New vertex id: 67
1369 1370 1371 1372 1373 1374 1375 1376 1377 1378 
Adding vertex (chain-A, position-321, res-ALA)
New vertex id: 68
1379 1380 1381 1382 1383 
Adding vertex (chain-A, position-322, res-LYS)
New vertex id: 69
1384 1385 1386 1387 1388 1389 1390 1391 1392 
Adding vertex (chain-A, position-323, res-TRP)
New vertex id: 70
1393 1394 1395 1396 1397 1398 1399 1400 1401 1402 1403 1404 1405 1406 
Adding vertex (chain-A, position-324, res-TYR)
New vertex id: 71
1407 1408 1409 1410 1411 1412 1413 1414 1415 1416 1417 1418 
Adding vertex (chain-A, position-325, res-PRO)
New vertex id: 72
1419 1420 1421 1422 1423 1424 1425 
Adding vertex (chain-A, position-326, res-GLY)
New vertex id: 73
1426 1427 1428 1429 
Adding vertex (chain-A, position-327, res-CYS)
New vertex id: 74
1430 1431 1432 1433 1434 1435 
Adding vertex (chain-A, position-328, res-LYS)
New vertex id: 75
1436 1437 1438 1439 1440 1441 1442 1443 1444 
Adding vertex (chain-A, position-329, res-TYR)
New vertex id: 76
1445 1446 1447 1448 1449 1450 1451 1452 1453 1454 1455 1456 
Adding vertex (chain-A, position-330, res-LEU)
New vertex id: 77
1457 1458 1459 1460 1461 1462 1463 1464 
Adding vertex (chain-A, position-331, res-LEU)
New vertex id: 78
1465 1466 1467 1468 1469 1470 1471 1472 
Adding vertex (chain-A, position-332, res-GLU)
New vertex id: 79
1473 1474 1475 1476 1477 1478 1479 1480 1481 
Adding vertex (chain-A, position-333, res-GLN)
New vertex id: 80
1482 1483 1484 1485 1486 1487 1488 1489 1490 
Adding vertex (chain-A, position-334, res-LYS)
New vertex id: 81
1491 1492 1493 1494 1495 1496 1497 1498 1499 
Adding vertex (chain-A, position-335, res-GLY)
New vertex id: 82
1500 1501 1502 1503 
Adding vertex (chain-A, position-336, res-GLN)
New vertex id: 83
1504 1505 1506 1507 1508 1509 1510 1511 1512 
Adding vertex (chain-A, position-337, res-GLU)
New vertex id: 84
1513 1514 1515 1516 1517 1518 1519 1520 1521 
Adding vertex (chain-A, position-338, res-TYR)
New vertex id: 85
1522 1523 1524 1525 1526 1527 1528 1529 1530 1531 1532 1533 
Adding vertex (chain-A, position-339, res-ILE)
New vertex id: 86
1534 1535 1536 1537 1538 1539 1540 1541 
Adding vertex (chain-A, position-340, res-ASN)
New vertex id: 87
1542 1543 1544 1545 1546 1547 1548 1549 
Adding vertex (chain-A, position-341, res-ASN)
New vertex id: 88
1550 1551 1552 1553 1554 1555 1556 1557 
Adding vertex (chain-A, position-342, res-ILE)
New vertex id: 89
1558 1559 1560 1561 1562 1563 1564 1565 
Adding vertex (chain-A, position-343, res-HIS)
New vertex id: 90
1566 1567 1568 1569 1570 1571 1572 1573 1574 1575 
Adding vertex (chain-A, position-344, res-LEU)
New vertex id: 91
1576 1577 1578 1579 1580 1581 1582 1583 
Adding vertex (chain-A, position-345, res-THR)
New vertex id: 92
1584 1585 1586 1587 1588 1589 1590 
Adding vertex (chain-A, position-346, res-HIS)
New vertex id: 93
1591 1592 1593 1594 1595 1596 1597 1598 1599 1600 
Adding vertex (chain-A, position-347, res-SER)
New vertex id: 94
1601 1602 1603 1604 1605 1606 
Adding vertex (chain-A, position-348, res-LEU)
New vertex id: 95
1607 1608 1609 1610 1611 1612 1613 1614 
Adding vertex (chain-A, position-349, res-GLU)
New vertex id: 96
1615 1616 1617 1618 1619 1620 1621 1622 1623 
Adding vertex (chain-A, position-350, res-GLU)
New vertex id: 97
1624 1625 1626 1627 1628 1629 1630 1631 1632 
Adding vertex (chain-A, position-351, res-CYS)
New vertex id: 98
1633 1634 1635 1636 1637 1638 
Adding vertex (chain-A, position-352, res-LEU)
New vertex id: 99
1639 1640 1641 1642 1643 1644 1645 1646 
Adding vertex (chain-A, position-353, res-VAL)
New vertex id: 100
1647 1648 1649 1650 1651 1652 1653 
Adding vertex (chain-A, position-354, res-ARG)
New vertex id: 101
1654 1655 1656 1657 1658 1659 1660 1661 1662 1663 1664 
Adding vertex (chain-A, position-355, res-THR)
New vertex id: 102
1665 1666 1667 1668 1669 1670 1671 
Graph DONE

( reduce -FLIPs 1TW6.pdb > 1TW6.H.pdb ) >& /dev/null
Reduce (-FLIPs) returned 0
( bndlst -Radius0.3 1TW6.H.pdb > 1TW6.H.bndlst ) >& /dev/null
BndLst returned 0
Parsing 1TW6.H.bndlst

bndlst START
Adding bndlst edge: (A_S253_MC -> A_T254_MC) type[cov], weight[1.00] from 0 to 1 dist[1.33]
Adding bndlst edge: (A_T254_MC -> A_N255_MC) type[cov], weight[1.00] from 1 to 2 dist[1.33]
Adding bndlst edge: (A_N255_MC -> A_L256_MC) type[cov], weight[1.00] from 2 to 3 dist[1.33]
Adding bndlst edge: (A_N255_MC -> A_H302_SC) type[hb], weight[0.73] from 2 to 49 dist[2.35]
Adding bndlst edge: (A_L256_MC -> A_P257_MC) type[cov], weight[1.00] from 3 to 4 dist[1.34]
Adding bndlst edge: (A_P257_MC -> A_R258_MC) type[cov], weight[1.00] from 4 to 5 dist[1.32]
Adding bndlst edge: (A_R258_MC -> A_N259_MC) type[cov], weight[1.00] from 5 to 6 dist[1.33]
Adding bndlst edge: (A_R258_MC -> A_H302_MC) type[hb], weight[0.89] from 5 to 49 dist[2.12]
Adding bndlst edge: (A_R258_MC -> A_F301_MC) type[hb], weight[0.54] from 5 to 48 dist[2.72]
Adding bndlst edge: (A_N259_MC -> A_P260_MC) type[cov], weight[1.00] from 6 to 7 dist[1.35]
Adding bndlst edge: (A_N259_MC -> A_M262_MC) type[hb], weight[1.20] from 6 to 9 dist[1.83]
Adding bndlst edge: (A_N259_MC -> A_S261_MC) type[hb], weight[0.45] from 6 to 8 dist[2.97]
Adding bndlst edge: (A_N259_SC -> A_S261_SC) type[hb], weight[1.36] from 6 to 8 dist[1.72]
Adding bndlst edge: (A_N259_SC -> A_S261_MC) type[hb], weight[0.59] from 6 to 8 dist[2.61]
Adding bndlst edge: (A_N259_MC -> A_F301_MC) type[hb], weight[1.00] from 6 to 48 dist[2.00]
Adding bndlst edge: (A_N259_SC -> A_Y290_SC) type[hb], weight[1.00] from 6 to 37 dist[2.00]
Adding bndlst edge: (A_N259_SC -> A_Y290_SC) type[hb], weight[0.52] from 6 to 37 dist[2.76]
Adding bndlst edge: (A_P260_MC -> A_S261_MC) type[cov], weight[1.00] from 7 to 8 dist[1.33]
Adding bndlst edge: (A_P260_MC -> A_A263_MC) type[hb], weight[0.83] from 7 to 10 dist[2.20]
Adding bndlst edge: (A_P260_MC -> A_M262_MC) type[hb], weight[0.46] from 7 to 9 dist[2.94]
Adding bndlst edge: (A_S261_MC -> A_M262_MC) type[cov], weight[1.00] from 8 to 9 dist[1.33]
Adding bndlst edge: (A_M262_MC -> A_A263_MC) type[cov], weight[1.00] from 9 to 10 dist[1.33]
Adding bndlst edge: (A_M262_MC -> A_R268_SC) type[hb], weight[0.92] from 9 to 15 dist[2.08]
Adding bndlst edge: (A_A263_MC -> A_D264_MC) type[cov], weight[1.00] from 10 to 11 dist[1.33]
Adding bndlst edge: (A_A263_MC -> A_R268_SC) type[hb], weight[1.01] from 10 to 15 dist[1.99]
Adding bndlst edge: (A_A263_MC -> A_R268_SC) type[hb], weight[0.48] from 10 to 15 dist[2.89]
Adding bndlst edge: (A_D264_MC -> A_Y265_MC) type[cov], weight[1.00] from 11 to 12 dist[1.33]
Adding bndlst edge: (A_D264_MC -> A_A267_MC) type[hb], weight[0.59] from 11 to 14 dist[2.60]
Adding bndlst edge: (A_D264_MC -> A_R268_MC) type[hb], weight[0.69] from 11 to 15 dist[2.40]
Adding bndlst edge: (A_Y265_MC -> A_E266_MC) type[cov], weight[1.00] from 12 to 13 dist[1.33]
Adding bndlst edge: (A_Y265_MC -> A_I269_MC) type[hb], weight[0.95] from 12 to 16 dist[2.05]
Adding bndlst edge: (A_Y265_MC -> A_R268_MC) type[hb], weight[0.82] from 12 to 15 dist[2.20]
Adding bndlst edge: (A_E266_MC -> A_A267_MC) type[cov], weight[1.00] from 13 to 14 dist[1.33]
Adding bndlst edge: (A_E266_MC -> A_F270_MC) type[hb], weight[0.77] from 13 to 17 dist[2.28]
Adding bndlst edge: (A_E266_MC -> A_I269_MC) type[hb], weight[0.45] from 13 to 16 dist[2.98]
Adding bndlst edge: (A_A267_MC -> A_R268_MC) type[cov], weight[1.00] from 14 to 15 dist[1.33]
Adding bndlst edge: (A_A267_MC -> A_T271_MC) type[hb], weight[0.47] from 14 to 18 dist[2.91]
Adding bndlst edge: (A_R268_MC -> A_I269_MC) type[cov], weight[1.00] from 15 to 16 dist[1.34]
Adding bndlst edge: (A_R268_MC -> A_T271_SC) type[hb], weight[1.44] from 15 to 18 dist[1.67]
Adding bndlst edge: (A_R268_MC -> A_T271_MC) type[hb], weight[0.66] from 15 to 18 dist[2.46]
Adding bndlst edge: (A_R268_SC -> A_A285_MC) type[hb], weight[1.08] from 15 to 32 dist[1.93]
Adding bndlst edge: (A_R268_SC -> A_A285_MC) type[hb], weight[0.94] from 15 to 32 dist[2.06]
Adding bndlst edge: (A_I269_MC -> A_F270_MC) type[cov], weight[1.00] from 16 to 17 dist[1.34]
Adding bndlst edge: (A_I269_MC -> A_F272_MC) type[hb], weight[1.24] from 16 to 19 dist[1.79]
Adding bndlst edge: (A_F270_MC -> A_T271_MC) type[cov], weight[1.00] from 17 to 18 dist[1.33]
Adding bndlst edge: (A_F270_MC -> A_G273_MC) type[hb], weight[0.84] from 17 to 20 dist[2.18]
Adding bndlst edge: (A_F270_MC -> A_F272_MC) type[hb], weight[0.51] from 17 to 19 dist[2.79]
Adding bndlst edge: (A_T271_MC -> A_F272_MC) type[cov], weight[1.00] from 18 to 19 dist[1.33]
Adding bndlst edge: (A_T271_SC -> A_A291_MC) type[hb], weight[1.06] from 18 to 38 dist[1.94]
Adding bndlst edge: (A_F272_MC -> A_G273_MC) type[cov], weight[1.00] from 19 to 20 dist[1.33]
Adding bndlst edge: (A_F272_MC -> A_W275_MC) type[hb], weight[0.78] from 19 to 22 dist[2.27]
Adding bndlst edge: (A_F272_SC -> A_A291_MC) type[hb], weight[0.38] from 19 to 38 dist[3.25]
Adding bndlst edge: (A_G273_MC -> A_T274_MC) type[cov], weight[1.00] from 20 to 21 dist[1.33]
Adding bndlst edge: (A_T274_MC -> A_W275_MC) type[cov], weight[1.00] from 21 to 22 dist[1.33]
Adding bndlst edge: (A_W275_MC -> A_I276_MC) type[cov], weight[1.00] from 22 to 23 dist[1.33]
Adding bndlst edge: (A_W275_SC -> A_Y277_MC) type[hb], weight[0.38] from 22 to 24 dist[3.26]
Adding bndlst edge: (A_W275_SC -> A_Y277_MC) type[hb], weight[0.48] from 22 to 24 dist[2.90]
Adding bndlst edge: (A_W275_SC -> A_Y277_MC) type[hb], weight[0.43] from 22 to 24 dist[3.05]
Adding bndlst edge: (A_W275_SC -> A_V279_MC) type[hb], weight[0.80] from 22 to 26 dist[2.23]
Adding bndlst edge: (A_W275_SC -> A_Y277_MC) type[hb], weight[0.48] from 22 to 24 dist[2.90]
Adding bndlst edge: (A_I276_MC -> A_Y277_MC) type[cov], weight[1.00] from 23 to 24 dist[1.33]
Adding bndlst edge: (A_I276_MC -> A_Y277_SC) type[hb], weight[0.40] from 23 to 24 dist[3.16]
Adding bndlst edge: (A_Y277_MC -> A_S278_MC) type[cov], weight[1.00] from 24 to 25 dist[1.33]
Adding bndlst edge: (A_S278_MC -> A_V279_MC) type[cov], weight[1.00] from 25 to 26 dist[1.33]
Adding bndlst edge: (A_V279_MC -> A_N280_MC) type[cov], weight[1.00] from 26 to 27 dist[1.33]
Adding bndlst edge: (A_N280_MC -> A_K281_MC) type[cov], weight[1.00] from 27 to 28 dist[1.33]
Adding bndlst edge: (A_N280_MC -> A_L284_MC) type[hb], weight[0.78] from 27 to 31 dist[2.27]
Adding bndlst edge: (A_N280_SC -> A_Q283_MC) type[hb], weight[1.03] from 27 to 30 dist[1.97]
Adding bndlst edge: (A_N280_SC -> A_E282_MC) type[hb], weight[0.54] from 27 to 29 dist[2.71]
Adding bndlst edge: (A_N280_SC -> A_E282_SC) type[hb], weight[0.49] from 27 to 29 dist[2.87]
Adding bndlst edge: (A_K281_MC -> A_E282_MC) type[cov], weight[1.00] from 28 to 29 dist[1.33]
Adding bndlst edge: (A_K281_MC -> A_A285_MC) type[hb], weight[1.06] from 28 to 32 dist[1.94]
Adding bndlst edge: (A_K281_MC -> A_L284_MC) type[hb], weight[0.45] from 28 to 31 dist[2.98]
Adding bndlst edge: (A_E282_MC -> A_Q283_MC) type[cov], weight[1.00] from 29 to 30 dist[1.33]
Adding bndlst edge: (A_E282_MC -> A_R286_MC) type[hb], weight[1.01] from 29 to 33 dist[1.99]
Adding bndlst edge: (A_Q283_MC -> A_L284_MC) type[cov], weight[1.00] from 30 to 31 dist[1.34]
Adding bndlst edge: (A_Q283_MC -> A_A287_MC) type[hb], weight[1.04] from 30 to 34 dist[1.96]
Adding bndlst edge: (A_Q283_MC -> A_R286_MC) type[hb], weight[0.53] from 30 to 33 dist[2.74]
Adding bndlst edge: (A_Q283_SC -> A_D315_SC) type[hb], weight[0.46] from 30 to 62 dist[2.96]
Adding bndlst edge: (A_L284_MC -> A_A285_MC) type[cov], weight[1.00] from 31 to 32 dist[1.33]
Adding bndlst edge: (A_L284_MC -> A_A287_MC) type[hb], weight[0.66] from 31 to 34 dist[2.46]
Adding bndlst edge: (A_L284_MC -> A_G288_MC) type[hb], weight[0.48] from 31 to 35 dist[2.88]
Adding bndlst edge: (A_L284_MC -> A_F289_MC) type[hb], weight[0.91] from 31 to 36 dist[2.09]
Adding bndlst edge: (A_A285_MC -> A_R286_MC) type[cov], weight[1.00] from 32 to 33 dist[1.33]
Adding bndlst edge: (A_A285_MC -> A_G288_MC) type[hb], weight[0.73] from 32 to 35 dist[2.35]
Adding bndlst edge: (A_R286_MC -> A_A287_MC) type[cov], weight[1.00] from 33 to 34 dist[1.33]
Adding bndlst edge: (A_R286_MC -> A_Y329_SC) type[cov], weight[1.00] from 33 to 76 dist[1.59]
Adding bndlst edge: (A_R286_MC -> A_G288_MC) type[hb], weight[0.49] from 33 to 35 dist[2.85]
Adding bndlst edge: (A_A287_MC -> A_G288_MC) type[cov], weight[1.00] from 34 to 35 dist[1.33]
Adding bndlst edge: (A_A287_MC -> A_H320_SC) type[hb], weight[0.51] from 34 to 67 dist[2.80]
Adding bndlst edge: (A_G288_MC -> A_F289_MC) type[cov], weight[1.00] from 35 to 36 dist[1.33]
Adding bndlst edge: (A_G288_MC -> A_F301_MC) type[hb], weight[1.02] from 35 to 48 dist[1.98]
Adding bndlst edge: (A_F289_MC -> A_Y290_MC) type[cov], weight[1.00] from 36 to 37 dist[1.33]
Adding bndlst edge: (A_Y290_MC -> A_A291_MC) type[cov], weight[1.00] from 37 to 38 dist[1.33]
Adding bndlst edge: (A_Y290_MC -> A_K299_MC) type[hb], weight[0.81] from 37 to 46 dist[2.23]
Adding bndlst edge: (A_Y290_MC -> A_K299_MC) type[hb], weight[0.89] from 37 to 46 dist[2.12]
Adding bndlst edge: (A_A291_MC -> A_L292_MC) type[cov], weight[1.00] from 38 to 39 dist[1.33]
Adding bndlst edge: (A_L292_MC -> A_G293_MC) type[cov], weight[1.00] from 39 to 40 dist[1.33]
Adding bndlst edge: (A_L292_MC -> A_K297_MC) type[hb], weight[0.83] from 39 to 44 dist[2.20]
Adding bndlst edge: (A_G293_MC -> A_E294_MC) type[cov], weight[1.00] from 40 to 41 dist[1.33]
Adding bndlst edge: (A_E294_MC -> A_G295_MC) type[cov], weight[1.00] from 41 to 42 dist[1.33]
Adding bndlst edge: (A_E294_MC -> A_K297_MC) type[hb], weight[0.86] from 41 to 44 dist[2.15]
Adding bndlst edge: (A_E294_SC -> A_K297_SC) type[salt], weight[1.03] from 41 to 44 dist[1.87]
Adding bndlst edge: (A_E294_SC -> A_K297_SC) type[salt], weight[0.47] from 41 to 44 dist[2.78]
Adding bndlst edge: (A_G295_MC -> A_D296_MC) type[cov], weight[1.00] from 42 to 43 dist[1.33]
Adding bndlst edge: (A_G295_MC -> A_K297_MC) type[hb], weight[0.46] from 42 to 44 dist[2.94]
Adding bndlst edge: (A_D296_MC -> A_K297_MC) type[cov], weight[1.00] from 43 to 44 dist[1.33]
Adding bndlst edge: (A_D296_MC -> A_W310_SC) type[hb], weight[0.46] from 43 to 57 dist[2.96]
Adding bndlst edge: (A_D296_SC -> A_D309_MC) type[hb], weight[0.83] from 43 to 56 dist[2.20]
Adding bndlst edge: (A_D296_SC -> A_W310_MC) type[hb], weight[1.11] from 43 to 57 dist[1.90]
Adding bndlst edge: (A_D296_SC -> A_D309_MC) type[hb], weight[0.52] from 43 to 56 dist[2.78]
Adding bndlst edge: (A_K297_MC -> A_V298_MC) type[cov], weight[1.00] from 44 to 45 dist[1.32]
Adding bndlst edge: (A_V298_MC -> A_K299_MC) type[cov], weight[1.00] from 45 to 46 dist[1.33]
Adding bndlst edge: (A_V298_MC -> A_L307_MC) type[hb], weight[1.22] from 45 to 54 dist[1.81]
Adding bndlst edge: (A_V298_MC -> A_L307_MC) type[hb], weight[1.13] from 45 to 54 dist[1.88]
Adding bndlst edge: (A_K299_MC -> A_C300_MC) type[cov], weight[1.00] from 46 to 47 dist[1.33]
Adding bndlst edge: (A_C300_MC -> A_F301_MC) type[cov], weight[1.00] from 47 to 48 dist[1.33]
Adding bndlst edge: (A_C300_MC -> A_G304_MC) type[hb], weight[0.79] from 47 to 51 dist[2.25]
Adding bndlst edge: (A_C300_SC -> A_H320_SC) type[hb], weight[0.62] from 47 to 67 dist[2.53]
Adding bndlst edge: (A_C300_SC -> A_C327_SC) type[hb], weight[0.56] from 47 to 74 dist[2.67]
Adding bndlst edge: (A_C300_SC -> A_C303_MC) type[hb], weight[0.61] from 47 to 50 dist[2.57]
Adding bndlst edge: (A_C300_SC -> A_H302_MC) type[hb], weight[0.64] from 47 to 49 dist[2.50]
Adding bndlst edge: (A_C300_SC -> A_C303_SC) type[hb], weight[0.69] from 47 to 50 dist[2.42]
Adding bndlst edge: (A_C300_MC -> A_G305_MC) type[hb], weight[1.32] from 47 to 52 dist[1.74]
Adding bndlst edge: (A_C300_SC -> A_H320_SC) type[hb], weight[0.46] from 47 to 67 dist[2.96]
Adding bndlst edge: (A_F301_MC -> A_H302_MC) type[cov], weight[1.00] from 48 to 49 dist[1.33]
Adding bndlst edge: (A_F301_SC -> A_H302_MC) type[hb], weight[0.42] from 48 to 49 dist[3.09]
Adding bndlst edge: (A_F301_SC -> A_H302_MC) type[hb], weight[0.41] from 48 to 49 dist[3.13]
Adding bndlst edge: (A_F301_SC -> A_H302_SC) type[hb], weight[0.52] from 48 to 49 dist[2.77]
Adding bndlst edge: (A_F301_SC -> A_H302_SC) type[hb], weight[0.46] from 48 to 49 dist[2.95]
Adding bndlst edge: (A_H302_MC -> A_C303_MC) type[cov], weight[1.00] from 49 to 50 dist[1.33]
Adding bndlst edge: (A_C303_MC -> A_G304_MC) type[cov], weight[1.00] from 50 to 51 dist[1.33]
Adding bndlst edge: (A_C303_SC -> A_C327_SC) type[hb], weight[0.49] from 50 to 74 dist[2.86]
Adding bndlst edge: (A_C303_SC -> A_G305_MC) type[hb], weight[0.72] from 50 to 52 dist[2.36]
Adding bndlst edge: (A_C303_SC -> A_C327_SC) type[hb], weight[0.36] from 50 to 74 dist[3.33]
Adding bndlst edge: (A_C303_SC -> A_H320_SC) type[hb], weight[0.47] from 50 to 67 dist[2.93]
Adding bndlst edge: (A_G304_MC -> A_G305_MC) type[cov], weight[1.00] from 51 to 52 dist[1.33]
Adding bndlst edge: (A_G305_MC -> A_G306_MC) type[cov], weight[1.00] from 52 to 53 dist[1.34]
Adding bndlst edge: (A_G306_MC -> A_L307_MC) type[cov], weight[1.00] from 53 to 54 dist[1.33]
Adding bndlst edge: (A_G306_MC -> A_Y324_SC) type[hb], weight[1.41] from 53 to 71 dist[1.68]
Adding bndlst edge: (A_G306_MC -> A_Y324_SC) type[hb], weight[0.54] from 53 to 71 dist[2.72]
Adding bndlst edge: (A_G306_MC -> A_Y324_SC) type[hb], weight[0.40] from 53 to 71 dist[3.18]
Adding bndlst edge: (A_L307_MC -> A_T308_MC) type[cov], weight[1.00] from 54 to 55 dist[1.33]
Adding bndlst edge: (A_L307_MC -> A_W310_SC) type[hb], weight[0.52] from 54 to 57 dist[2.76]
Adding bndlst edge: (A_T308_MC -> A_D309_MC) type[cov], weight[1.00] from 55 to 56 dist[1.33]
Adding bndlst edge: (A_D309_MC -> A_W310_MC) type[cov], weight[1.00] from 56 to 57 dist[1.33]
Adding bndlst edge: (A_D309_SC -> A_K311_SC) type[salt], weight[0.55] from 56 to 58 dist[2.56]
Adding bndlst edge: (A_D309_SC -> A_K311_SC) type[salt], weight[0.43] from 56 to 58 dist[2.90]
Adding bndlst edge: (A_W310_MC -> A_K311_MC) type[cov], weight[1.00] from 57 to 58 dist[1.33]
Adding bndlst edge: (A_K311_MC -> A_P312_MC) type[cov], weight[1.00] from 58 to 59 dist[1.35]
Adding bndlst edge: (A_K311_MC -> A_S313_MC) type[hb], weight[0.45] from 58 to 60 dist[2.99]
Adding bndlst edge: (A_K311_MC -> A_E314_MC) type[hb], weight[0.80] from 58 to 61 dist[2.24]
Adding bndlst edge: (A_K311_MC -> A_E314_SC) type[hb], weight[1.20] from 58 to 61 dist[1.82]
Adding bndlst edge: (A_P312_MC -> A_S313_MC) type[cov], weight[1.00] from 59 to 60 dist[1.33]
Adding bndlst edge: (A_S313_MC -> A_E314_MC) type[cov], weight[1.00] from 60 to 61 dist[1.33]
Adding bndlst edge: (A_E314_MC -> A_D315_MC) type[cov], weight[1.00] from 61 to 62 dist[1.33]
Adding bndlst edge: (A_D315_MC -> A_P316_MC) type[cov], weight[1.00] from 62 to 63 dist[1.35]
Adding bndlst edge: (A_D315_MC -> A_E318_MC) type[hb], weight[0.55] from 62 to 65 dist[2.69]
Adding bndlst edge: (A_D315_MC -> A_Q319_MC) type[hb], weight[1.00] from 62 to 66 dist[2.00]
Adding bndlst edge: (A_D315_SC -> A_W317_MC) type[hb], weight[0.51] from 62 to 64 dist[2.81]
Adding bndlst edge: (A_D315_SC -> A_E318_MC) type[hb], weight[0.96] from 62 to 65 dist[2.04]
Adding bndlst edge: (A_P316_MC -> A_W317_MC) type[cov], weight[1.00] from 63 to 64 dist[1.33]
Adding bndlst edge: (A_P316_MC -> A_H320_MC) type[hb], weight[1.11] from 63 to 67 dist[1.90]
Adding bndlst edge: (A_P316_MC -> A_Q319_MC) type[hb], weight[0.49] from 63 to 66 dist[2.85]
Adding bndlst edge: (A_W317_MC -> A_E318_MC) type[cov], weight[1.00] from 64 to 65 dist[1.33]
Adding bndlst edge: (A_W317_MC -> A_A321_MC) type[hb], weight[1.00] from 64 to 68 dist[2.00]
Adding bndlst edge: (A_E318_MC -> A_Q319_MC) type[cov], weight[1.00] from 65 to 66 dist[1.33]
Adding bndlst edge: (A_E318_MC -> A_K322_MC) type[hb], weight[1.15] from 65 to 69 dist[1.86]
Adding bndlst edge: (A_E318_MC -> A_A321_MC) type[hb], weight[0.57] from 65 to 68 dist[2.66]
Adding bndlst edge: (A_Q319_MC -> A_H320_MC) type[cov], weight[1.00] from 66 to 67 dist[1.33]
Adding bndlst edge: (A_Q319_MC -> A_K322_MC) type[hb], weight[0.54] from 66 to 69 dist[2.73]
Adding bndlst edge: (A_Q319_MC -> A_W323_MC) type[hb], weight[1.05] from 66 to 70 dist[1.95]
Adding bndlst edge: (A_Q319_SC -> A_W323_SC) type[hb], weight[0.61] from 66 to 70 dist[2.56]
Adding bndlst edge: (A_H320_MC -> A_A321_MC) type[cov], weight[1.00] from 67 to 68 dist[1.33]
Adding bndlst edge: (A_H320_MC -> A_Y324_MC) type[hb], weight[1.20] from 67 to 71 dist[1.83]
Adding bndlst edge: (A_H320_SC -> A_C327_SC) type[hb], weight[0.37] from 67 to 74 dist[3.29]
Adding bndlst edge: (A_H320_SC -> A_C327_SC) type[hb], weight[0.52] from 67 to 74 dist[2.78]
Adding bndlst edge: (A_A321_MC -> A_K322_MC) type[cov], weight[1.00] from 68 to 69 dist[1.33]
Adding bndlst edge: (A_K322_MC -> A_W323_MC) type[cov], weight[1.00] from 69 to 70 dist[1.33]
Adding bndlst edge: (A_K322_MC -> A_H343_SC) type[hb], weight[0.50] from 69 to 90 dist[2.83]
Adding bndlst edge: (A_K322_SC -> A_W323_SC) type[hb], weight[0.61] from 69 to 70 dist[2.55]
Adding bndlst edge: (A_K322_SC -> A_W323_SC) type[hb], weight[0.63] from 69 to 70 dist[2.51]
Adding bndlst edge: (A_K322_SC -> A_W323_SC) type[hb], weight[0.36] from 69 to 70 dist[3.33]
Adding bndlst edge: (A_K322_SC -> A_W323_SC) type[hb], weight[0.51] from 69 to 70 dist[2.80]
Adding bndlst edge: (A_W323_MC -> A_Y324_MC) type[cov], weight[1.00] from 70 to 71 dist[1.33]
Adding bndlst edge: (A_Y324_MC -> A_P325_MC) type[cov], weight[1.00] from 71 to 72 dist[1.35]
Adding bndlst edge: (A_Y324_MC -> A_C327_MC) type[hb], weight[0.78] from 71 to 74 dist[2.26]
Adding bndlst edge: (A_Y324_MC -> A_G326_MC) type[hb], weight[0.52] from 71 to 73 dist[2.77]
Adding bndlst edge: (A_P325_MC -> A_G326_MC) type[cov], weight[1.00] from 72 to 73 dist[1.33]
Adding bndlst edge: (A_G326_MC -> A_C327_MC) type[cov], weight[1.00] from 73 to 74 dist[1.33]
Adding bndlst edge: (A_C327_MC -> A_K328_MC) type[cov], weight[1.00] from 74 to 75 dist[1.33]
Adding bndlst edge: (A_C327_MC -> A_L331_MC) type[hb], weight[0.80] from 74 to 78 dist[2.23]
Adding bndlst edge: (A_C327_SC -> A_L330_MC) type[hb], weight[0.54] from 74 to 77 dist[2.73]
Adding bndlst edge: (A_C327_SC -> A_Y329_MC) type[hb], weight[0.46] from 74 to 76 dist[2.96]
Adding bndlst edge: (A_C327_SC -> A_K328_MC) type[hb], weight[0.37] from 74 to 75 dist[3.29]
Adding bndlst edge: (A_K328_MC -> A_Y329_MC) type[cov], weight[1.00] from 75 to 76 dist[1.33]
Adding bndlst edge: (A_K328_MC -> A_E332_MC) type[hb], weight[1.05] from 75 to 79 dist[1.96]
Adding bndlst edge: (A_K328_MC -> A_L331_MC) type[hb], weight[0.49] from 75 to 78 dist[2.85]
Adding bndlst edge: (A_Y329_MC -> A_L330_MC) type[cov], weight[1.00] from 76 to 77 dist[1.33]
Adding bndlst edge: (A_Y329_MC -> A_Q333_MC) type[hb], weight[0.84] from 76 to 80 dist[2.18]
Adding bndlst edge: (A_Y329_MC -> A_E332_MC) type[hb], weight[0.58] from 76 to 79 dist[2.62]
Adding bndlst edge: (A_L330_MC -> A_L331_MC) type[cov], weight[1.00] from 77 to 78 dist[1.32]
Adding bndlst edge: (A_L330_MC -> A_K334_MC) type[hb], weight[1.05] from 77 to 81 dist[1.96]
Adding bndlst edge: (A_L330_MC -> A_Q333_MC) type[hb], weight[0.69] from 77 to 80 dist[2.41]
Adding bndlst edge: (A_L331_MC -> A_E332_MC) type[cov], weight[1.00] from 78 to 79 dist[1.33]
Adding bndlst edge: (A_L331_MC -> A_K334_MC) type[hb], weight[0.50] from 78 to 81 dist[2.82]
Adding bndlst edge: (A_L331_MC -> A_G335_MC) type[hb], weight[1.10] from 78 to 82 dist[1.91]
Adding bndlst edge: (A_E332_MC -> A_Q333_MC) type[cov], weight[1.00] from 79 to 80 dist[1.33]
Adding bndlst edge: (A_Q333_MC -> A_K334_MC) type[cov], weight[1.00] from 80 to 81 dist[1.33]
Adding bndlst edge: (A_K334_MC -> A_G335_MC) type[cov], weight[1.00] from 81 to 82 dist[1.33]
Adding bndlst edge: (A_G335_MC -> A_Q336_MC) type[cov], weight[1.00] from 82 to 83 dist[1.33]
Adding bndlst edge: (A_G335_MC -> A_Y338_MC) type[hb], weight[0.48] from 82 to 85 dist[2.90]
Adding bndlst edge: (A_G335_MC -> A_I339_MC) type[hb], weight[0.61] from 82 to 86 dist[2.56]
Adding bndlst edge: (A_Q336_MC -> A_E337_MC) type[cov], weight[1.00] from 83 to 84 dist[1.33]
Adding bndlst edge: (A_Q336_MC -> A_N340_MC) type[hb], weight[0.94] from 83 to 87 dist[2.07]
Adding bndlst edge: (A_Q336_MC -> A_I339_MC) type[hb], weight[0.54] from 83 to 86 dist[2.73]
Adding bndlst edge: (A_E337_MC -> A_Y338_MC) type[cov], weight[1.00] from 84 to 85 dist[1.33]
Adding bndlst edge: (A_E337_MC -> A_N341_MC) type[hb], weight[1.21] from 84 to 88 dist[1.82]
Adding bndlst edge: (A_Y338_MC -> A_I339_MC) type[cov], weight[1.00] from 85 to 86 dist[1.33]
Adding bndlst edge: (A_Y338_MC -> A_N341_MC) type[hb], weight[0.47] from 85 to 88 dist[2.91]
Adding bndlst edge: (A_Y338_MC -> A_I342_MC) type[hb], weight[0.90] from 85 to 89 dist[2.11]
Adding bndlst edge: (A_I339_MC -> A_N340_MC) type[cov], weight[1.00] from 86 to 87 dist[1.32]
Adding bndlst edge: (A_I339_MC -> A_I342_MC) type[hb], weight[0.56] from 86 to 89 dist[2.68]
Adding bndlst edge: (A_I339_MC -> A_H343_SC) type[hb], weight[0.50] from 86 to 90 dist[2.82]
Adding bndlst edge: (A_I339_MC -> A_H343_MC) type[hb], weight[0.74] from 86 to 90 dist[2.32]
Adding bndlst edge: (A_N340_MC -> A_N341_MC) type[cov], weight[1.00] from 87 to 88 dist[1.33]
Adding bndlst edge: (A_N340_MC -> A_H343_MC) type[hb], weight[0.55] from 87 to 90 dist[2.70]
Adding bndlst edge: (A_N340_MC -> A_L344_MC) type[hb], weight[1.20] from 87 to 91 dist[1.82]
Adding bndlst edge: (A_N341_MC -> A_I342_MC) type[cov], weight[1.00] from 88 to 89 dist[1.34]
Adding bndlst edge: (A_N341_MC -> A_T345_SC) type[hb], weight[1.37] from 88 to 92 dist[1.71]
Adding bndlst edge: (A_N341_MC -> A_T345_MC) type[hb], weight[1.03] from 88 to 92 dist[1.97]
Adding bndlst edge: (A_I342_MC -> A_H343_MC) type[cov], weight[1.00] from 89 to 90 dist[1.33]
Adding bndlst edge: (A_I342_MC -> A_T345_MC) type[hb], weight[0.48] from 89 to 92 dist[2.88]
Adding bndlst edge: (A_I342_MC -> A_H346_MC) type[hb], weight[0.98] from 89 to 93 dist[2.02]
Adding bndlst edge: (A_I342_MC -> A_H346_SC) type[hb], weight[1.01] from 89 to 93 dist[1.99]
Adding bndlst edge: (A_H343_MC -> A_L344_MC) type[cov], weight[1.00] from 90 to 91 dist[1.33]
Adding bndlst edge: (A_H343_MC -> A_H346_MC) type[hb], weight[0.52] from 90 to 93 dist[2.78]
Adding bndlst edge: (A_H343_MC -> A_S347_SC) type[hb], weight[0.85] from 90 to 94 dist[2.17]
Adding bndlst edge: (A_H343_MC -> A_S347_MC) type[hb], weight[1.28] from 90 to 94 dist[1.76]
Adding bndlst edge: (A_L344_MC -> A_T345_MC) type[cov], weight[1.00] from 91 to 92 dist[1.33]
Adding bndlst edge: (A_L344_MC -> A_L348_MC) type[hb], weight[1.11] from 91 to 95 dist[1.90]
Adding bndlst edge: (A_L344_MC -> A_S347_MC) type[hb], weight[0.50] from 91 to 94 dist[2.83]
Adding bndlst edge: (A_T345_MC -> A_H346_MC) type[cov], weight[1.00] from 92 to 93 dist[1.33]
Adding bndlst edge: (A_T345_MC -> A_L348_MC) type[hb], weight[0.64] from 92 to 95 dist[2.51]
Adding bndlst edge: (A_T345_MC -> A_E349_MC) type[hb], weight[1.03] from 92 to 96 dist[1.97]
Adding bndlst edge: (A_H346_MC -> A_S347_MC) type[cov], weight[1.00] from 93 to 94 dist[1.33]
Adding bndlst edge: (A_H346_MC -> A_E350_MC) type[hb], weight[0.96] from 93 to 97 dist[2.04]
Adding bndlst edge: (A_S347_MC -> A_L348_MC) type[cov], weight[1.00] from 94 to 95 dist[1.33]
Adding bndlst edge: (A_S347_MC -> A_C351_MC) type[hb], weight[0.90] from 94 to 98 dist[2.11]
Adding bndlst edge: (A_L348_MC -> A_E349_MC) type[cov], weight[1.00] from 95 to 96 dist[1.33]
Adding bndlst edge: (A_L348_MC -> A_L352_MC) type[hb], weight[1.10] from 95 to 99 dist[1.90]
Adding bndlst edge: (A_L348_MC -> A_C351_MC) type[hb], weight[0.59] from 95 to 98 dist[2.61]
Adding bndlst edge: (A_E349_MC -> A_E350_MC) type[cov], weight[1.00] from 96 to 97 dist[1.33]
Adding bndlst edge: (A_E349_MC -> A_L352_MC) type[hb], weight[0.62] from 96 to 99 dist[2.55]
Adding bndlst edge: (A_E349_MC -> A_V353_MC) type[hb], weight[0.74] from 96 to 100 dist[2.33]
Adding bndlst edge: (A_E350_MC -> A_C351_MC) type[cov], weight[1.00] from 97 to 98 dist[1.32]
Adding bndlst edge: (A_E350_MC -> A_V353_MC) type[hb], weight[0.47] from 97 to 100 dist[2.92]
Adding bndlst edge: (A_C351_MC -> A_L352_MC) type[cov], weight[1.00] from 98 to 99 dist[1.33]
Adding bndlst edge: (A_C351_MC -> A_R354_SC) type[hb], weight[0.50] from 98 to 101 dist[2.81]
Adding bndlst edge: (A_C351_SC -> A_R354_SC) type[hb], weight[0.41] from 98 to 101 dist[3.13]
Adding bndlst edge: (A_L352_MC -> A_V353_MC) type[cov], weight[1.00] from 99 to 100 dist[1.33]
Adding bndlst edge: (A_L352_MC -> A_R354_MC) type[hb], weight[0.62] from 99 to 101 dist[2.53]
Adding bndlst edge: (A_V353_MC -> A_R354_MC) type[cov], weight[1.00] from 100 to 101 dist[1.34]
Adding bndlst edge: (A_R354_MC -> A_T355_MC) type[cov], weight[1.00] from 101 to 102 dist[1.34]
Adding bndlst edge: (A_R354_MC -> A_T355_MC) type[hb], weight[0.65] from 101 to 102 dist[2.48]

bndlst DONE

Producing PAJEK network
printing pajek edge (A_286_ARG,A_288_GLY)
printing pajek edge (A_286_ARG,A_287_ALA)
printing pajek edge (A_286_ARG,A_329_TYR)
printing pajek edge (A_285_ALA,A_288_GLY)
printing pajek edge (A_285_ALA,A_286_ARG)
printing pajek edge (A_343_HIS,A_346_HIS)
printing pajek edge (A_343_HIS,A_347_SER)
printing pajek edge (A_343_HIS,A_344_LEU)
printing pajek edge (A_316_PRO,A_320_HIS)
printing pajek edge (A_316_PRO,A_317_TRP)
printing pajek edge (A_316_PRO,A_319_GLN)
printing pajek edge (A_274_THR,A_275_TRP)
printing pajek edge (A_324_TYR,A_327_CYS)
printing pajek edge (A_324_TYR,A_325_PRO)
printing pajek edge (A_324_TYR,A_326_GLY)
printing pajek edge (A_260_PRO,A_261_SER)
printing pajek edge (A_260_PRO,A_262_MET)
printing pajek edge (A_260_PRO,A_263_ALA)
printing pajek edge (A_333_GLN,A_334_LYS)
printing pajek edge (A_279_VAL,A_280_ASN)
printing pajek edge (A_352_LEU,A_354_ARG)
printing pajek edge (A_352_LEU,A_353_VAL)
printing pajek edge (A_271_THR,A_291_ALA)
printing pajek edge (A_271_THR,A_272_PHE)
printing pajek edge (A_325_PRO,A_326_GLY)
printing pajek edge (A_269_ILE,A_272_PHE)
printing pajek edge (A_269_ILE,A_270_PHE)
printing pajek edge (A_297_LYS,A_298_VAL)
printing pajek edge (A_308_THR,A_309_ASP)
printing pajek edge (A_337_GLU,A_341_ASN)
printing pajek edge (A_337_GLU,A_338_TYR)
printing pajek edge (A_327_CYS,A_330_LEU)
printing pajek edge (A_327_CYS,A_328_LYS)
printing pajek edge (A_327_CYS,A_328_LYS)
printing pajek edge (A_327_CYS,A_329_TYR)
printing pajek edge (A_327_CYS,A_331_LEU)
printing pajek edge (A_280_ASN,A_281_LYS)
printing pajek edge (A_280_ASN,A_283_GLN)
printing pajek edge (A_280_ASN,A_282_GLU)
printing pajek edge (A_280_ASN,A_284_LEU)
printing pajek edge (A_348_LEU,A_351_CYS)
printing pajek edge (A_348_LEU,A_352_LEU)
printing pajek edge (A_348_LEU,A_349_GLU)
printing pajek edge (A_310_TRP,A_311_LYS)
printing pajek edge (A_314_GLU,A_315_ASP)
printing pajek edge (A_273_GLY,A_274_THR)
printing pajek edge (A_345_THR,A_346_HIS)
printing pajek edge (A_345_THR,A_348_LEU)
printing pajek edge (A_345_THR,A_349_GLU)
printing pajek edge (A_342_ILE,A_345_THR)
printing pajek edge (A_342_ILE,A_346_HIS)
printing pajek edge (A_342_ILE,A_343_HIS)
printing pajek edge (A_263_ALA,A_264_ASP)
printing pajek edge (A_263_ALA,A_268_ARG)
printing pajek edge (A_284_LEU,A_288_GLY)
printing pajek edge (A_284_LEU,A_285_ALA)
printing pajek edge (A_284_LEU,A_287_ALA)
printing pajek edge (A_284_LEU,A_289_PHE)
printing pajek edge (A_288_GLY,A_289_PHE)
printing pajek edge (A_288_GLY,A_301_PHE)
printing pajek edge (A_264_ASP,A_265_TYR)
printing pajek edge (A_264_ASP,A_268_ARG)
printing pajek edge (A_264_ASP,A_267_ALA)
printing pajek edge (A_344_LEU,A_345_THR)
printing pajek edge (A_344_LEU,A_348_LEU)
printing pajek edge (A_344_LEU,A_347_SER)
printing pajek edge (A_331_LEU,A_334_LYS)
printing pajek edge (A_331_LEU,A_335_GLY)
printing pajek edge (A_331_LEU,A_332_GLU)
printing pajek edge (A_301_PHE,A_302_HIS)
printing pajek edge (A_301_PHE,A_302_HIS)
printing pajek edge (A_340_ASN,A_343_HIS)
printing pajek edge (A_340_ASN,A_341_ASN)
printing pajek edge (A_340_ASN,A_344_LEU)
printing pajek edge (A_346_HIS,A_350_GLU)
printing pajek edge (A_346_HIS,A_347_SER)
printing pajek edge (A_330_LEU,A_334_LYS)
printing pajek edge (A_330_LEU,A_333_GLN)
printing pajek edge (A_330_LEU,A_331_LEU)
printing pajek edge (A_318_GLU,A_322_LYS)
printing pajek edge (A_318_GLU,A_319_GLN)
printing pajek edge (A_318_GLU,A_321_ALA)
printing pajek edge (A_282_GLU,A_286_ARG)
printing pajek edge (A_282_GLU,A_283_GLN)
printing pajek edge (A_303_CYS,A_305_GLY)
printing pajek edge (A_303_CYS,A_327_CYS)
printing pajek edge (A_303_CYS,A_320_HIS)
printing pajek edge (A_303_CYS,A_304_GLY)
printing pajek edge (A_292_LEU,A_293_GLY)
printing pajek edge (A_292_LEU,A_297_LYS)
printing pajek edge (A_317_TRP,A_321_ALA)
printing pajek edge (A_317_TRP,A_318_GLU)
printing pajek edge (A_350_GLU,A_351_CYS)
printing pajek edge (A_350_GLU,A_353_VAL)
printing pajek edge (A_311_LYS,A_312_PRO)
printing pajek edge (A_311_LYS,A_313_SER)
printing pajek edge (A_311_LYS,A_314_GLU)
printing pajek edge (A_294_GLU,A_295_GLY)
printing pajek edge (A_294_GLU,A_297_LYS)
printing pajek edge (A_294_GLU,A_297_LYS)
printing pajek edge (A_265_TYR,A_269_ILE)
printing pajek edge (A_265_TYR,A_266_GLU)
printing pajek edge (A_265_TYR,A_268_ARG)
printing pajek edge (A_268_ARG,A_285_ALA)
printing pajek edge (A_268_ARG,A_271_THR)
printing pajek edge (A_268_ARG,A_269_ILE)
printing pajek edge (A_334_LYS,A_335_GLY)
printing pajek edge (A_305_GLY,A_306_GLY)
printing pajek edge (A_313_SER,A_314_GLU)
printing pajek edge (A_309_ASP,A_310_TRP)
printing pajek edge (A_309_ASP,A_311_LYS)
printing pajek edge (A_354_ARG,A_355_THR)
printing pajek edge (A_354_ARG,A_355_THR)
printing pajek edge (A_326_GLY,A_327_CYS)
printing pajek edge (A_319_GLN,A_322_LYS)
printing pajek edge (A_319_GLN,A_320_HIS)
printing pajek edge (A_319_GLN,A_323_TRP)
printing pajek edge (A_298_VAL,A_299_LYS)
printing pajek edge (A_298_VAL,A_307_LEU)
printing pajek edge (A_339_ILE,A_340_ASN)
printing pajek edge (A_339_ILE,A_343_HIS)
printing pajek edge (A_339_ILE,A_342_ILE)
printing pajek edge (A_329_TYR,A_330_LEU)
printing pajek edge (A_329_TYR,A_333_GLN)
printing pajek edge (A_329_TYR,A_332_GLU)
printing pajek edge (A_272_PHE,A_291_ALA)
printing pajek edge (A_272_PHE,A_275_TRP)
printing pajek edge (A_272_PHE,A_273_GLY)
printing pajek edge (A_315_ASP,A_316_PRO)
printing pajek edge (A_315_ASP,A_317_TRP)
printing pajek edge (A_315_ASP,A_319_GLN)
printing pajek edge (A_315_ASP,A_318_GLU)
printing pajek edge (A_307_LEU,A_310_TRP)
printing pajek edge (A_307_LEU,A_308_THR)
printing pajek edge (A_320_HIS,A_327_CYS)
printing pajek edge (A_320_HIS,A_324_TYR)
printing pajek edge (A_320_HIS,A_321_ALA)
printing pajek edge (A_323_TRP,A_324_TYR)
printing pajek edge (A_321_ALA,A_322_LYS)
printing pajek edge (A_255_ASN,A_302_HIS)
printing pajek edge (A_255_ASN,A_256_LEU)
printing pajek edge (A_270_PHE,A_271_THR)
printing pajek edge (A_270_PHE,A_272_PHE)
printing pajek edge (A_270_PHE,A_273_GLY)
printing pajek edge (A_254_THR,A_255_ASN)
printing pajek edge (A_341_ASN,A_345_THR)
printing pajek edge (A_341_ASN,A_342_ILE)
printing pajek edge (A_283_GLN,A_286_ARG)
printing pajek edge (A_283_GLN,A_287_ALA)
printing pajek edge (A_283_GLN,A_315_ASP)
printing pajek edge (A_283_GLN,A_284_LEU)
printing pajek edge (A_353_VAL,A_354_ARG)
printing pajek edge (A_335_GLY,A_338_TYR)
printing pajek edge (A_335_GLY,A_336_GLN)
printing pajek edge (A_335_GLY,A_339_ILE)
printing pajek edge (A_278_SER,A_279_VAL)
printing pajek edge (A_281_LYS,A_285_ALA)
printing pajek edge (A_281_LYS,A_284_LEU)
printing pajek edge (A_281_LYS,A_282_GLU)
printing pajek edge (A_336_GLN,A_337_GLU)
printing pajek edge (A_336_GLN,A_340_ASN)
printing pajek edge (A_336_GLN,A_339_ILE)
printing pajek edge (A_328_LYS,A_329_TYR)
printing pajek edge (A_328_LYS,A_331_LEU)
printing pajek edge (A_328_LYS,A_332_GLU)
printing pajek edge (A_293_GLY,A_294_GLU)
printing pajek edge (A_267_ALA,A_271_THR)
printing pajek edge (A_267_ALA,A_268_ARG)
printing pajek edge (A_322_LYS,A_343_HIS)
printing pajek edge (A_322_LYS,A_323_TRP)
printing pajek edge (A_322_LYS,A_323_TRP)
printing pajek edge (A_312_PRO,A_313_SER)
printing pajek edge (A_302_HIS,A_303_CYS)
printing pajek edge (A_277_TYR,A_278_SER)
printing pajek edge (A_306_GLY,A_324_TYR)
printing pajek edge (A_306_GLY,A_307_LEU)
printing pajek edge (A_332_GLU,A_333_GLN)
printing pajek edge (A_275_TRP,A_277_TYR)
printing pajek edge (A_275_TRP,A_279_VAL)
printing pajek edge (A_275_TRP,A_276_ILE)
printing pajek edge (A_295_GLY,A_296_ASP)
printing pajek edge (A_295_GLY,A_297_LYS)
printing pajek edge (A_253_SER,A_254_THR)
printing pajek edge (A_299_LYS,A_300_CYS)
printing pajek edge (A_276_ILE,A_277_TYR)
printing pajek edge (A_276_ILE,A_277_TYR)
printing pajek edge (A_266_GLU,A_269_ILE)
printing pajek edge (A_266_GLU,A_270_PHE)
printing pajek edge (A_266_GLU,A_267_ALA)
printing pajek edge (A_349_GLU,A_352_LEU)
printing pajek edge (A_349_GLU,A_350_GLU)
printing pajek edge (A_349_GLU,A_353_VAL)
printing pajek edge (A_259_ASN,A_261_SER)
printing pajek edge (A_259_ASN,A_290_TYR)
printing pajek edge (A_259_ASN,A_260_PRO)
printing pajek edge (A_259_ASN,A_262_MET)
printing pajek edge (A_259_ASN,A_301_PHE)
printing pajek edge (A_338_TYR,A_341_ASN)
printing pajek edge (A_338_TYR,A_342_ILE)
printing pajek edge (A_338_TYR,A_339_ILE)
printing pajek edge (A_256_LEU,A_257_PRO)
printing pajek edge (A_289_PHE,A_290_TYR)
printing pajek edge (A_347_SER,A_351_CYS)
printing pajek edge (A_347_SER,A_348_LEU)
printing pajek edge (A_262_MET,A_263_ALA)
printing pajek edge (A_262_MET,A_268_ARG)
printing pajek edge (A_304_GLY,A_305_GLY)
printing pajek edge (A_300_CYS,A_305_GLY)
printing pajek edge (A_300_CYS,A_327_CYS)
printing pajek edge (A_300_CYS,A_303_CYS)
printing pajek edge (A_300_CYS,A_320_HIS)
printing pajek edge (A_300_CYS,A_302_HIS)
printing pajek edge (A_300_CYS,A_304_GLY)
printing pajek edge (A_300_CYS,A_301_PHE)
printing pajek edge (A_261_SER,A_262_MET)
printing pajek edge (A_291_ALA,A_292_LEU)
printing pajek edge (A_351_CYS,A_352_LEU)
printing pajek edge (A_351_CYS,A_354_ARG)
printing pajek edge (A_257_PRO,A_258_ARG)
printing pajek edge (A_287_ALA,A_288_GLY)
printing pajek edge (A_287_ALA,A_320_HIS)
printing pajek edge (A_290_TYR,A_291_ALA)
printing pajek edge (A_290_TYR,A_299_LYS)
printing pajek edge (A_296_ASP,A_309_ASP)
printing pajek edge (A_296_ASP,A_310_TRP)
printing pajek edge (A_296_ASP,A_297_LYS)
printing pajek edge (A_258_ARG,A_259_ASN)
printing pajek edge (A_258_ARG,A_302_HIS)
printing pajek edge (A_258_ARG,A_301_PHE)
