Graph START

Adding vertex (chain-B, position-3, res-LEU)
New vertex id: 0
986 987 988 989 990 991 992 993 
Adding vertex (chain-B, position-4, res-ASP)
New vertex id: 1
994 995 996 997 998 999 1000 1001 
Adding vertex (chain-B, position-5, res-PHE)
New vertex id: 2
1002 1003 1004 1005 1006 1007 1008 1009 1010 1011 1012 
Adding vertex (chain-B, position-6, res-ASN)
New vertex id: 3
1013 1014 1015 1016 1017 1018 1019 1020 
Adding vertex (chain-B, position-7, res-THR)
New vertex id: 4
1021 1022 1023 1024 1025 1026 1027 
Adding vertex (chain-B, position-8, res-LEU)
New vertex id: 5
1028 1029 1030 1031 1032 1033 1034 1035 
Adding vertex (chain-B, position-9, res-ALA)
New vertex id: 6
1036 1037 1038 1039 1040 
Adding vertex (chain-B, position-10, res-GLN)
New vertex id: 7
1041 1042 1043 1044 1045 1046 1047 1048 1049 
Adding vertex (chain-B, position-11, res-ASN)
New vertex id: 8
1050 1051 1052 1053 1054 1055 1056 1057 
Adding vertex (chain-B, position-12, res-PHE)
New vertex id: 9
1058 1059 1060 1061 1062 1063 1064 1065 1066 1067 1068 
Adding vertex (chain-B, position-13, res-THR)
New vertex id: 10
1069 1070 1071 1072 1073 1074 1075 
Adding vertex (chain-B, position-14, res-GLN)
New vertex id: 11
1076 1077 1078 1079 1080 1081 1082 1083 1084 
Adding vertex (chain-B, position-15, res-PHE)
New vertex id: 12
1085 1086 1087 1088 1089 1090 1091 1092 1093 1094 1095 
Adding vertex (chain-B, position-16, res-TYR)
New vertex id: 13
1096 1097 1098 1099 1100 1101 1102 1103 1104 1105 1106 1107 
Adding vertex (chain-B, position-17, res-TYR)
New vertex id: 14
1108 1109 1110 1111 1112 1113 1114 1115 1116 1117 1118 1119 
Adding vertex (chain-B, position-18, res-ASN)
New vertex id: 15
1120 1121 1122 1123 1124 1125 1126 1127 
Adding vertex (chain-B, position-19, res-GLN)
New vertex id: 16
1128 1129 1130 1131 1132 1133 1134 1135 1136 
Adding vertex (chain-B, position-20, res-PHE)
New vertex id: 17
1137 1138 1139 1140 1141 1142 1143 1144 1145 1146 1147 
Adding vertex (chain-B, position-21, res-ASP)
New vertex id: 18
1148 1149 1150 1151 1152 1153 1154 1155 
Adding vertex (chain-B, position-22, res-THR)
New vertex id: 19
1156 1157 1158 1159 1160 1161 1162 
Adding vertex (chain-B, position-23, res-ASP)
New vertex id: 20
1163 1164 1165 1166 1167 1168 1169 1170 
Adding vertex (chain-B, position-24, res-ARG)
New vertex id: 21
1171 1172 1173 1174 1175 1176 1177 1178 1179 1180 1181 
Adding vertex (chain-B, position-25, res-SER)
New vertex id: 22
1182 1183 1184 1185 1186 1187 
Adding vertex (chain-B, position-26, res-GLN)
New vertex id: 23
1188 1189 1190 1191 1192 1193 1194 1195 1196 
Adding vertex (chain-B, position-27, res-LEU)
New vertex id: 24
1197 1198 1199 1200 1201 1202 1203 1204 
Adding vertex (chain-B, position-28, res-GLY)
New vertex id: 25
1205 1206 1207 1208 
Adding vertex (chain-B, position-29, res-ASN)
New vertex id: 26
1209 1210 1211 1212 1213 1214 1215 1216 
Adding vertex (chain-B, position-30, res-LEU)
New vertex id: 27
1217 1218 1219 1220 1221 1222 1223 1224 
Adding vertex (chain-B, position-31, res-TYR)
New vertex id: 28
1225 1226 1227 1228 1229 1230 1231 1232 1233 1234 1235 1236 
Adding vertex (chain-B, position-32, res-ARG)
New vertex id: 29
1237 1238 1239 1240 1241 1242 1243 1244 1245 1246 1247 
Adding vertex (chain-B, position-33, res-ASN)
New vertex id: 30
1248 1249 1250 1251 1252 1253 1254 1255 
Adding vertex (chain-B, position-34, res-GLU)
New vertex id: 31
1256 1257 1258 1259 1260 1261 1262 1263 1264 
Adding vertex (chain-B, position-35, res-SER)
New vertex id: 32
1265 1266 1267 1268 1269 1270 
Adding vertex (chain-B, position-36, res-MET)
New vertex id: 33
1271 1272 1273 1274 1275 1276 1277 1278 
Adding vertex (chain-B, position-37, res-LEU)
New vertex id: 34
1279 1280 1281 1282 1283 1284 1285 1286 
Adding vertex (chain-B, position-38, res-THR)
New vertex id: 35
1287 1288 1289 1290 1291 1292 1293 
Adding vertex (chain-B, position-39, res-PHE)
New vertex id: 36
1294 1295 1296 1297 1298 1299 1300 1301 1302 1303 1304 
Adding vertex (chain-B, position-40, res-GLU)
New vertex id: 37
1305 1306 1307 1308 1309 1310 1311 1312 1313 
Adding vertex (chain-B, position-41, res-THR)
New vertex id: 38
1314 1315 1316 1317 1318 1319 1320 
Adding vertex (chain-B, position-42, res-SER)
New vertex id: 39
1321 1322 1323 1324 1325 1326 
Adding vertex (chain-B, position-43, res-GLN)
New vertex id: 40
1327 1328 1329 1330 1331 1332 1333 1334 1335 
Adding vertex (chain-B, position-44, res-LEU)
New vertex id: 41
1336 1337 1338 1339 1340 1341 1342 1343 
Adding vertex (chain-B, position-45, res-GLN)
New vertex id: 42
1344 1345 1346 1347 1348 1349 1350 1351 1352 
Adding vertex (chain-B, position-46, res-GLY)
New vertex id: 43
1353 1354 1355 1356 
Adding vertex (chain-B, position-47, res-ALA)
New vertex id: 44
1357 1358 1359 1360 1361 
Adding vertex (chain-B, position-48, res-LYS)
New vertex id: 45
1362 1363 1364 1365 1366 1367 1368 1369 1370 
Adding vertex (chain-B, position-49, res-ASP)
New vertex id: 46
1371 1372 1373 1374 1375 1376 1377 1378 
Adding vertex (chain-B, position-50, res-ILE)
New vertex id: 47
1379 1380 1381 1382 1383 1384 1385 1386 
Adding vertex (chain-B, position-51, res-VAL)
New vertex id: 48
1387 1388 1389 1390 1391 1392 1393 
Adding vertex (chain-B, position-52, res-GLU)
New vertex id: 49
1394 1395 1396 1397 1398 1399 1400 1401 1402 
Adding vertex (chain-B, position-53, res-LYS)
New vertex id: 50
1403 1404 1405 1406 1407 1408 1409 1410 1411 
Adding vertex (chain-B, position-54, res-LEU)
New vertex id: 51
1412 1413 1414 1415 1416 1417 1418 1419 
Adding vertex (chain-B, position-55, res-VAL)
New vertex id: 52
1420 1421 1422 1423 1424 1425 1426 
Adding vertex (chain-B, position-56, res-SER)
New vertex id: 53
1427 1428 1429 1430 1431 1432 
Adding vertex (chain-B, position-57, res-LEU)
New vertex id: 54
1433 1434 1435 1436 1437 1438 1439 1440 
Adding vertex (chain-B, position-58, res-PRO)
New vertex id: 55
1441 1442 1443 1444 1445 1446 1447 
Adding vertex (chain-B, position-59, res-PHE)
New vertex id: 56
1448 1449 1450 1451 1452 1453 1454 1455 1456 1457 1458 
Adding vertex (chain-B, position-60, res-GLN)
New vertex id: 57
1459 1460 1461 1462 1463 1464 1465 1466 1467 
Adding vertex (chain-B, position-61, res-LYS)
New vertex id: 58
1468 1469 1470 1471 1472 1473 1474 1475 1476 
Adding vertex (chain-B, position-62, res-VAL)
New vertex id: 59
1477 1478 1479 1480 1481 1482 1483 
Adding vertex (chain-B, position-63, res-GLN)
New vertex id: 60
1484 1485 1486 1487 1488 1489 1490 1491 1492 
Adding vertex (chain-B, position-64, res-HIS)
New vertex id: 61
1493 1494 1495 1496 1497 1498 1499 1500 1501 1502 
Adding vertex (chain-B, position-65, res-ARG)
New vertex id: 62
1503 1504 1505 1506 1507 1508 1509 1510 1511 1512 1513 
Adding vertex (chain-B, position-66, res-ILE)
New vertex id: 63
1514 1515 1516 1517 1518 1519 1520 1521 
Adding vertex (chain-B, position-67, res-THR)
New vertex id: 64
1522 1523 1524 1525 1526 1527 1528 
Adding vertex (chain-B, position-68, res-THR)
New vertex id: 65
1529 1530 1531 1532 1533 1534 1535 
Adding vertex (chain-B, position-69, res-LEU)
New vertex id: 66
1536 1537 1538 1539 1540 1541 1542 1543 
Adding vertex (chain-B, position-70, res-ASP)
New vertex id: 67
1544 1545 1546 1547 1548 1549 1550 1551 
Adding vertex (chain-B, position-71, res-ALA)
New vertex id: 68
1552 1553 1554 1555 1556 
Adding vertex (chain-B, position-72, res-GLN)
New vertex id: 69
1557 1558 1559 1560 1561 1562 1563 1564 1565 
Adding vertex (chain-B, position-73, res-PRO)
New vertex id: 70
1566 1567 1568 1569 1570 1571 1572 
Adding vertex (chain-B, position-74, res-ALA)
New vertex id: 71
1573 1574 1575 1576 1577 
Adding vertex (chain-B, position-75, res-SER)
New vertex id: 72
1578 1579 1580 1581 1582 1583 
Adding vertex (chain-B, position-76, res-PRO)
New vertex id: 73
1584 1585 1586 1587 1588 1589 1590 
Adding vertex (chain-B, position-77, res-TYR)
New vertex id: 74
1591 1592 1593 1594 1595 1596 1597 1598 1599 1600 1601 1602 
Adding vertex (chain-B, position-78, res-GLY)
New vertex id: 75
1603 1604 1605 1606 
Adding vertex (chain-B, position-79, res-ASP)
New vertex id: 76
1607 1608 1609 1610 1611 1612 1613 1614 
Adding vertex (chain-B, position-80, res-VAL)
New vertex id: 77
1615 1616 1617 1618 1619 1620 1621 
Adding vertex (chain-B, position-81, res-LEU)
New vertex id: 78
1622 1623 1624 1625 1626 1627 1628 1629 
Adding vertex (chain-B, position-82, res-VAL)
New vertex id: 79
1630 1631 1632 1633 1634 1635 1636 
Adding vertex (chain-B, position-83, res-MET)
New vertex id: 80
1637 1638 1639 1640 1641 1642 1643 1644 
Adding vertex (chain-B, position-84, res-ILE)
New vertex id: 81
1645 1646 1647 1648 1649 1650 1651 1652 
Adding vertex (chain-B, position-85, res-THR)
New vertex id: 82
1653 1654 1655 1656 1657 1658 1659 
Adding vertex (chain-B, position-86, res-GLY)
New vertex id: 83
1660 1661 1662 1663 
Adding vertex (chain-B, position-87, res-ASP)
New vertex id: 84
1664 1665 1666 1667 1668 1669 1670 1671 
Adding vertex (chain-B, position-88, res-LEU)
New vertex id: 85
1672 1673 1674 1675 1676 1677 1678 1679 
Adding vertex (chain-B, position-89, res-LEU)
New vertex id: 86
1680 1681 1682 1683 1684 1685 1686 1687 
Adding vertex (chain-B, position-90, res-ILE)
New vertex id: 87
1688 1689 1690 1691 1692 1693 1694 1695 
Adding vertex (chain-B, position-91, res-ASP)
New vertex id: 88
1696 1697 1698 1699 1700 1701 1702 1703 
Adding vertex (chain-B, position-92, res-GLU)
New vertex id: 89
1704 1705 1706 1707 1708 1709 1710 1711 1712 
Adding vertex (chain-B, position-93, res-GLU)
New vertex id: 90
1713 1714 1715 1716 1717 1718 1719 1720 1721 
Adding vertex (chain-B, position-94, res-GLN)
New vertex id: 91
1722 1723 1724 1725 1726 
Adding vertex (chain-B, position-95, res-ASN)
New vertex id: 92
1727 1728 1729 1730 1731 1732 1733 1734 
Adding vertex (chain-B, position-96, res-PRO)
New vertex id: 93
1735 1736 1737 1738 1739 1740 1741 
Adding vertex (chain-B, position-97, res-GLN)
New vertex id: 94
1742 1743 1744 1745 1746 1747 1748 1749 1750 
Adding vertex (chain-B, position-98, res-ARG)
New vertex id: 95
1751 1752 1753 1754 1755 1756 1757 1758 1759 1760 1761 
Adding vertex (chain-B, position-99, res-PHE)
New vertex id: 96
1762 1763 1764 1765 1766 1767 1768 1769 1770 1771 1772 
Adding vertex (chain-B, position-100, res-SER)
New vertex id: 97
1773 1774 1775 1776 1777 1778 
Adding vertex (chain-B, position-101, res-GLN)
New vertex id: 98
1779 1780 1781 1782 1783 1784 1785 1786 1787 
Adding vertex (chain-B, position-102, res-VAL)
New vertex id: 99
1788 1789 1790 1791 1792 1793 1794 
Adding vertex (chain-B, position-103, res-PHE)
New vertex id: 100
1795 1796 1797 1798 1799 1800 1801 1802 1803 1804 1805 
Adding vertex (chain-B, position-104, res-HIS)
New vertex id: 101
1806 1807 1808 1809 1810 1811 1812 1813 1814 1815 
Adding vertex (chain-B, position-105, res-LEU)
New vertex id: 102
1816 1817 1818 1819 1820 1821 1822 1823 
Adding vertex (chain-B, position-106, res-ILE)
New vertex id: 103
1824 1825 1826 1827 1828 1829 1830 1831 
Adding vertex (chain-B, position-107, res-PRO)
New vertex id: 104
1832 1833 1834 1835 1836 1837 1838 
Adding vertex (chain-B, position-108, res-ASP)
New vertex id: 105
1839 1840 1841 1842 1843 1844 1845 1846 
Adding vertex (chain-B, position-109, res-GLY)
New vertex id: 106
1847 1848 1849 1850 
Adding vertex (chain-B, position-110, res-ASN)
New vertex id: 107
1851 1852 1853 1854 1855 1856 1857 1858 
Adding vertex (chain-B, position-111, res-SER)
New vertex id: 108
1859 1860 1861 1862 1863 1864 
Adding vertex (chain-B, position-112, res-TYR)
New vertex id: 109
1865 1866 1867 1868 1869 1870 1871 1872 1873 1874 1875 1876 
Adding vertex (chain-B, position-113, res-TYR)
New vertex id: 110
1877 1878 1879 1880 1881 1882 1883 1884 1885 1886 1887 1888 
Adding vertex (chain-B, position-114, res-VAL)
New vertex id: 111
1889 1890 1891 1892 1893 1894 1895 
Adding vertex (chain-B, position-115, res-PHE)
New vertex id: 112
1896 1897 1898 1899 1900 1901 1902 1903 1904 1905 1906 
Adding vertex (chain-B, position-116, res-ASN)
New vertex id: 113
1907 1908 1909 1910 1911 1912 1913 1914 
Adding vertex (chain-B, position-117, res-ASP)
New vertex id: 114
1915 1916 1917 1918 1919 1920 1921 1922 
Adding vertex (chain-B, position-118, res-ILE)
New vertex id: 115
1923 1924 1925 1926 1927 1928 1929 1930 
Adding vertex (chain-B, position-119, res-PHE)
New vertex id: 116
1931 1932 1933 1934 1935 1936 1937 1938 1939 1940 1941 
Adding vertex (chain-B, position-120, res-ARG)
New vertex id: 117
1942 1943 1944 1945 1946 1947 1948 1949 1950 1951 1952 
Adding vertex (chain-B, position-121, res-LEU)
New vertex id: 118
1953 1954 1955 1956 1957 1958 1959 1960 
Adding vertex (chain-B, position-122, res-ASN)
New vertex id: 119
1961 1962 1963 1964 1965 1966 1967 1968 
Adding vertex (chain-B, position-123, res-TYR)
New vertex id: 120
1969 1970 1971 1972 1973 1974 1975 1976 1977 1978 1979 1980 
Adding vertex (chain-B, position-124, res-SER)
New vertex id: 121
1981 1982 1983 1984 1985 1986 1987 
Graph DONE

( reduce -FLIPs 1GYB.pdb > 1GYB.H.pdb ) >& /dev/null
Reduce (-FLIPs) returned 0
( bndlst -Radius0.3 1GYB.H.pdb > 1GYB.H.bndlst ) >& /dev/null
BndLst returned 0
Parsing 1GYB.H.bndlst

bndlst START
Adding bndlst edge: (B_L3_MC -> B_D4_MC) type[cov], weight[1.00] from 0 to 1 dist[1.33]
Adding bndlst edge: (B_L3_MC -> B_T7_SC) type[hb], weight[1.20] from 0 to 4 dist[1.82]
Adding bndlst edge: (B_D4_MC -> B_F5_MC) type[cov], weight[1.00] from 1 to 2 dist[1.33]
Adding bndlst edge: (B_D4_MC -> B_T7_MC) type[hb], weight[0.55] from 1 to 4 dist[2.69]
Adding bndlst edge: (B_D4_MC -> B_L8_MC) type[hb], weight[1.10] from 1 to 5 dist[1.91]
Adding bndlst edge: (B_F5_MC -> B_N6_MC) type[cov], weight[1.00] from 2 to 3 dist[1.33]
Adding bndlst edge: (B_F5_MC -> B_L8_MC) type[hb], weight[0.46] from 2 to 5 dist[2.94]
Adding bndlst edge: (B_F5_MC -> B_A9_MC) type[hb], weight[1.38] from 2 to 6 dist[1.70]
Adding bndlst edge: (B_N6_MC -> B_T7_MC) type[cov], weight[1.00] from 3 to 4 dist[1.33]
Adding bndlst edge: (B_N6_MC -> B_Q10_MC) type[hb], weight[1.17] from 3 to 7 dist[1.85]
Adding bndlst edge: (B_N6_SC -> B_A71_MC) type[hb], weight[1.18] from 3 to 68 dist[1.84]
Adding bndlst edge: (B_T7_MC -> B_L8_MC) type[cov], weight[1.00] from 4 to 5 dist[1.33]
Adding bndlst edge: (B_T7_MC -> B_N11_MC) type[hb], weight[1.05] from 4 to 8 dist[1.95]
Adding bndlst edge: (B_T7_MC -> B_Q10_MC) type[hb], weight[0.50] from 4 to 7 dist[2.84]
Adding bndlst edge: (B_L8_MC -> B_A9_MC) type[cov], weight[1.00] from 5 to 6 dist[1.33]
Adding bndlst edge: (B_L8_MC -> B_F12_MC) type[hb], weight[0.63] from 5 to 9 dist[2.51]
Adding bndlst edge: (B_L8_MC -> B_N11_MC) type[hb], weight[0.48] from 5 to 8 dist[2.88]
Adding bndlst edge: (B_A9_MC -> B_Q10_MC) type[cov], weight[1.00] from 6 to 7 dist[1.33]
Adding bndlst edge: (B_A9_MC -> B_T13_SC) type[hb], weight[0.47] from 6 to 10 dist[2.91]
Adding bndlst edge: (B_A9_MC -> B_T13_MC) type[hb], weight[1.19] from 6 to 10 dist[1.83]
Adding bndlst edge: (B_A9_MC -> B_F12_MC) type[hb], weight[0.57] from 6 to 9 dist[2.65]
Adding bndlst edge: (B_Q10_MC -> B_N11_MC) type[cov], weight[1.00] from 7 to 8 dist[1.33]
Adding bndlst edge: (B_Q10_MC -> B_T13_SC) type[hb], weight[0.81] from 7 to 10 dist[2.22]
Adding bndlst edge: (B_Q10_MC -> B_T13_MC) type[hb], weight[0.45] from 7 to 10 dist[2.99]
Adding bndlst edge: (B_Q10_MC -> B_Q14_MC) type[hb], weight[1.08] from 7 to 11 dist[1.93]
Adding bndlst edge: (B_N11_MC -> B_F12_MC) type[cov], weight[1.00] from 8 to 9 dist[1.33]
Adding bndlst edge: (B_N11_MC -> B_F15_MC) type[hb], weight[0.67] from 8 to 12 dist[2.45]
Adding bndlst edge: (B_F12_MC -> B_T13_MC) type[cov], weight[1.00] from 9 to 10 dist[1.33]
Adding bndlst edge: (B_F12_MC -> B_F15_MC) type[hb], weight[0.63] from 9 to 12 dist[2.52]
Adding bndlst edge: (B_F12_MC -> B_Y16_MC) type[hb], weight[1.19] from 9 to 13 dist[1.83]
Adding bndlst edge: (B_F12_SC -> B_S111_SC) type[hb], weight[0.40] from 9 to 108 dist[3.17]
Adding bndlst edge: (B_T13_MC -> B_Q14_MC) type[cov], weight[1.00] from 10 to 11 dist[1.33]
Adding bndlst edge: (B_T13_MC -> B_Y17_MC) type[hb], weight[1.22] from 10 to 14 dist[1.81]
Adding bndlst edge: (B_T13_MC -> B_Y16_MC) type[hb], weight[0.50] from 10 to 13 dist[2.83]
Adding bndlst edge: (B_T13_SC -> B_Q14_MC) type[hb], weight[0.52] from 10 to 11 dist[2.78]
Adding bndlst edge: (B_Q14_MC -> B_F15_MC) type[cov], weight[1.00] from 11 to 12 dist[1.33]
Adding bndlst edge: (B_Q14_MC -> B_N18_MC) type[hb], weight[1.03] from 11 to 15 dist[1.97]
Adding bndlst edge: (B_Q14_MC -> B_N18_SC) type[hb], weight[0.47] from 11 to 15 dist[2.92]
Adding bndlst edge: (B_F15_MC -> B_Y16_MC) type[cov], weight[1.00] from 12 to 13 dist[1.33]
Adding bndlst edge: (B_F15_MC -> B_Q19_MC) type[hb], weight[0.85] from 12 to 16 dist[2.17]
Adding bndlst edge: (B_F15_MC -> B_N18_MC) type[hb], weight[0.56] from 12 to 15 dist[2.67]
Adding bndlst edge: (B_Y16_MC -> B_Y17_MC) type[cov], weight[1.00] from 13 to 14 dist[1.33]
Adding bndlst edge: (B_Y16_MC -> B_F20_MC) type[hb], weight[1.02] from 13 to 17 dist[1.98]
Adding bndlst edge: (B_Y16_MC -> B_Q19_MC) type[hb], weight[0.60] from 13 to 16 dist[2.58]
Adding bndlst edge: (B_Y16_SC -> B_Y31_SC) type[hb], weight[1.36] from 13 to 28 dist[1.71]
Adding bndlst edge: (B_Y16_SC -> B_Y31_SC) type[hb], weight[0.53] from 13 to 28 dist[2.75]
Adding bndlst edge: (B_Y16_SC -> B_Y31_SC) type[hb], weight[0.41] from 13 to 28 dist[3.11]
Adding bndlst edge: (B_Y17_MC -> B_N18_MC) type[cov], weight[1.00] from 14 to 15 dist[1.33]
Adding bndlst edge: (B_Y17_MC -> B_F20_MC) type[hb], weight[0.50] from 14 to 17 dist[2.82]
Adding bndlst edge: (B_Y17_MC -> B_D21_MC) type[hb], weight[1.15] from 14 to 18 dist[1.87]
Adding bndlst edge: (B_Y17_SC -> B_H64_SC) type[hb], weight[0.36] from 14 to 61 dist[3.32]
Adding bndlst edge: (B_Y17_SC -> B_Q101_SC) type[hb], weight[1.29] from 14 to 98 dist[1.76]
Adding bndlst edge: (B_N18_MC -> B_Q19_MC) type[cov], weight[1.00] from 15 to 16 dist[1.33]
Adding bndlst edge: (B_N18_MC -> B_T22_SC) type[hb], weight[0.94] from 15 to 19 dist[2.06]
Adding bndlst edge: (B_N18_MC -> B_T22_MC) type[hb], weight[0.65] from 15 to 19 dist[2.49]
Adding bndlst edge: (B_Q19_MC -> B_F20_MC) type[cov], weight[1.00] from 16 to 17 dist[1.33]
Adding bndlst edge: (B_Q19_MC -> B_T22_SC) type[hb], weight[0.48] from 16 to 19 dist[2.89]
Adding bndlst edge: (B_Q19_MC -> B_D23_MC) type[hb], weight[1.07] from 16 to 20 dist[1.93]
Adding bndlst edge: (B_Q19_MC -> B_T22_MC) type[hb], weight[0.64] from 16 to 19 dist[2.50]
Adding bndlst edge: (B_F20_MC -> B_D21_MC) type[cov], weight[1.00] from 17 to 18 dist[1.33]
Adding bndlst edge: (B_F20_SC -> B_H64_SC) type[hb], weight[0.49] from 17 to 61 dist[2.84]
Adding bndlst edge: (B_F20_SC -> B_H64_SC) type[hb], weight[0.71] from 17 to 61 dist[2.37]
Adding bndlst edge: (B_F20_SC -> B_H64_SC) type[hb], weight[0.58] from 17 to 61 dist[2.62]
Adding bndlst edge: (B_F20_SC -> B_H64_SC) type[hb], weight[0.38] from 17 to 61 dist[3.26]
Adding bndlst edge: (B_D21_MC -> B_T22_MC) type[cov], weight[1.00] from 18 to 19 dist[1.33]
Adding bndlst edge: (B_D21_SC -> B_H64_MC) type[hb], weight[0.46] from 18 to 61 dist[2.96]
Adding bndlst edge: (B_D21_SC -> B_H64_MC) type[hb], weight[1.07] from 18 to 61 dist[1.93]
Adding bndlst edge: (B_T22_MC -> B_D23_MC) type[cov], weight[1.00] from 19 to 20 dist[1.33]
Adding bndlst edge: (B_T22_SC -> B_D23_MC) type[hb], weight[0.55] from 19 to 20 dist[2.71]
Adding bndlst edge: (B_D23_MC -> B_R24_MC) type[cov], weight[1.00] from 20 to 21 dist[1.33]
Adding bndlst edge: (B_D23_MC -> B_Q26_MC) type[hb], weight[0.90] from 20 to 23 dist[2.11]
Adding bndlst edge: (B_D23_MC -> B_S25_MC) type[hb], weight[0.50] from 20 to 22 dist[2.84]
Adding bndlst edge: (B_D23_SC -> B_S25_SC) type[hb], weight[1.43] from 20 to 22 dist[1.67]
Adding bndlst edge: (B_D23_SC -> B_S25_MC) type[hb], weight[0.95] from 20 to 22 dist[2.06]
Adding bndlst edge: (B_D23_SC -> B_Q26_SC) type[hb], weight[1.00] from 20 to 23 dist[2.00]
Adding bndlst edge: (B_D23_SC -> B_S25_SC) type[hb], weight[0.54] from 20 to 22 dist[2.73]
Adding bndlst edge: (B_R24_MC -> B_S25_MC) type[cov], weight[1.00] from 21 to 22 dist[1.33]
Adding bndlst edge: (B_R24_MC -> B_L27_MC) type[hb], weight[0.67] from 21 to 24 dist[2.45]
Adding bndlst edge: (B_R24_MC -> B_Q26_MC) type[hb], weight[0.47] from 21 to 23 dist[2.92]
Adding bndlst edge: (B_R24_SC -> B_L54_MC) type[hb], weight[1.26] from 21 to 51 dist[1.78]
Adding bndlst edge: (B_R24_SC -> B_Q60_MC) type[hb], weight[0.49] from 21 to 57 dist[2.86]
Adding bndlst edge: (B_R24_SC -> B_V55_MC) type[hb], weight[0.53] from 21 to 52 dist[2.75]
Adding bndlst edge: (B_R24_SC -> B_L57_MC) type[hb], weight[0.80] from 21 to 54 dist[2.23]
Adding bndlst edge: (B_R24_SC -> B_F59_MC) type[hb], weight[1.19] from 21 to 56 dist[1.83]
Adding bndlst edge: (B_S25_MC -> B_Q26_MC) type[cov], weight[1.00] from 22 to 23 dist[1.33]
Adding bndlst edge: (B_Q26_MC -> B_L27_MC) type[cov], weight[1.00] from 23 to 24 dist[1.33]
Adding bndlst edge: (B_L27_MC -> B_G28_MC) type[cov], weight[1.00] from 24 to 25 dist[1.33]
Adding bndlst edge: (B_L27_MC -> B_L30_MC) type[hb], weight[1.15] from 24 to 27 dist[1.86]
Adding bndlst edge: (B_G28_MC -> B_N29_MC) type[cov], weight[1.00] from 25 to 26 dist[1.33]
Adding bndlst edge: (B_G28_MC -> B_Y31_MC) type[hb], weight[0.91] from 25 to 28 dist[2.10]
Adding bndlst edge: (B_G28_MC -> B_L30_MC) type[hb], weight[0.48] from 25 to 27 dist[2.88]
Adding bndlst edge: (B_N29_MC -> B_L30_MC) type[cov], weight[1.00] from 26 to 27 dist[1.33]
Adding bndlst edge: (B_N29_MC -> B_R32_SC) type[hb], weight[1.01] from 26 to 29 dist[1.99]
Adding bndlst edge: (B_L30_MC -> B_Y31_MC) type[cov], weight[1.00] from 27 to 28 dist[1.33]
Adding bndlst edge: (B_L30_MC -> B_V114_MC) type[hb], weight[1.40] from 27 to 111 dist[1.69]
Adding bndlst edge: (B_Y31_MC -> B_R32_MC) type[cov], weight[1.00] from 28 to 29 dist[1.33]
Adding bndlst edge: (B_Y31_MC -> B_R32_SC) type[hb], weight[1.09] from 28 to 29 dist[1.92]
Adding bndlst edge: (B_Y31_SC -> B_D117_SC) type[hb], weight[1.27] from 28 to 114 dist[1.77]
Adding bndlst edge: (B_R32_MC -> B_N33_MC) type[cov], weight[1.00] from 29 to 30 dist[1.33]
Adding bndlst edge: (B_R32_MC -> B_S35_MC) type[hb], weight[0.90] from 29 to 32 dist[2.11]
Adding bndlst edge: (B_R32_MC -> B_A47_MC) type[hb], weight[0.47] from 29 to 44 dist[2.92]
Adding bndlst edge: (B_R32_MC -> B_S35_SC) type[hb], weight[1.18] from 29 to 32 dist[1.84]
Adding bndlst edge: (B_R32_SC -> B_D108_SC) type[salt], weight[0.85] from 29 to 105 dist[2.06]
Adding bndlst edge: (B_N33_MC -> B_E34_MC) type[cov], weight[1.00] from 30 to 31 dist[1.33]
Adding bndlst edge: (B_N33_MC -> B_Q45_SC) type[hb], weight[0.51] from 30 to 42 dist[2.80]
Adding bndlst edge: (B_E34_MC -> B_S35_MC) type[cov], weight[1.00] from 31 to 32 dist[1.33]
Adding bndlst edge: (B_S35_MC -> B_M36_MC) type[cov], weight[1.00] from 32 to 33 dist[1.33]
Adding bndlst edge: (B_S35_MC -> B_G46_MC) type[hb], weight[1.06] from 32 to 43 dist[1.94]
Adding bndlst edge: (B_S35_SC -> B_V114_MC) type[cov], weight[1.00] from 32 to 111 dist[1.65]
Adding bndlst edge: (B_M36_MC -> B_L37_MC) type[cov], weight[1.00] from 33 to 34 dist[1.33]
Adding bndlst edge: (B_M36_MC -> B_D117_MC) type[hb], weight[0.87] from 33 to 114 dist[2.14]
Adding bndlst edge: (B_M36_MC -> B_F115_MC) type[hb], weight[1.10] from 33 to 112 dist[1.91]
Adding bndlst edge: (B_L37_MC -> B_T38_MC) type[cov], weight[1.00] from 34 to 35 dist[1.33]
Adding bndlst edge: (B_L37_MC -> B_L44_MC) type[hb], weight[1.07] from 34 to 41 dist[1.93]
Adding bndlst edge: (B_L37_MC -> B_L44_MC) type[hb], weight[1.07] from 34 to 41 dist[1.93]
Adding bndlst edge: (B_T38_MC -> B_F39_MC) type[cov], weight[1.00] from 35 to 36 dist[1.33]
Adding bndlst edge: (B_T38_MC -> B_F119_MC) type[hb], weight[1.23] from 35 to 116 dist[1.80]
Adding bndlst edge: (B_T38_MC -> B_D117_MC) type[hb], weight[1.06] from 35 to 114 dist[1.94]
Adding bndlst edge: (B_F39_MC -> B_E40_MC) type[cov], weight[1.00] from 36 to 37 dist[1.33]
Adding bndlst edge: (B_F39_MC -> B_S42_MC) type[hb], weight[1.02] from 36 to 39 dist[1.98]
Adding bndlst edge: (B_F39_MC -> B_S42_MC) type[hb], weight[1.09] from 36 to 39 dist[1.92]
Adding bndlst edge: (B_E40_MC -> B_T41_MC) type[cov], weight[1.00] from 37 to 38 dist[1.33]
Adding bndlst edge: (B_E40_MC -> B_S42_MC) type[hb], weight[0.61] from 37 to 39 dist[2.56]
Adding bndlst edge: (B_E40_MC -> B_T41_SC) type[cov], weight[1.00] from 37 to 38 dist[1.50]
Adding bndlst edge: (B_E40_SC -> B_L121_MC) type[hb], weight[1.33] from 37 to 118 dist[1.73]
Adding bndlst edge: (B_E40_SC -> B_R120_SC) type[salt], weight[0.73] from 37 to 117 dist[2.22]
Adding bndlst edge: (B_E40_MC -> B_F119_MC) type[hb], weight[0.94] from 37 to 116 dist[2.06]
Adding bndlst edge: (B_T41_MC -> B_S42_MC) type[cov], weight[1.00] from 38 to 39 dist[1.33]
Adding bndlst edge: (B_S42_MC -> B_Q43_MC) type[cov], weight[1.00] from 39 to 40 dist[1.33]
Adding bndlst edge: (B_Q43_MC -> B_L44_MC) type[cov], weight[1.00] from 40 to 41 dist[1.33]
Adding bndlst edge: (B_L44_MC -> B_Q45_MC) type[cov], weight[1.00] from 41 to 42 dist[1.33]
Adding bndlst edge: (B_Q45_MC -> B_G46_MC) type[cov], weight[1.00] from 42 to 43 dist[1.33]
Adding bndlst edge: (B_G46_MC -> B_A47_MC) type[cov], weight[1.00] from 43 to 44 dist[1.33]
Adding bndlst edge: (B_G46_MC -> B_I50_MC) type[hb], weight[0.99] from 43 to 47 dist[2.01]
Adding bndlst edge: (B_G46_MC -> B_D49_MC) type[hb], weight[0.45] from 43 to 46 dist[2.98]
Adding bndlst edge: (B_A47_MC -> B_K48_MC) type[cov], weight[1.00] from 44 to 45 dist[1.33]
Adding bndlst edge: (B_A47_MC -> B_I50_MC) type[hb], weight[0.45] from 44 to 47 dist[2.97]
Adding bndlst edge: (B_A47_MC -> B_V51_MC) type[hb], weight[1.10] from 44 to 48 dist[1.90]
Adding bndlst edge: (B_K48_MC -> B_D49_MC) type[cov], weight[1.00] from 45 to 46 dist[1.33]
Adding bndlst edge: (B_K48_MC -> B_E52_MC) type[hb], weight[0.93] from 45 to 49 dist[2.07]
Adding bndlst edge: (B_D49_MC -> B_I50_MC) type[cov], weight[1.00] from 46 to 47 dist[1.33]
Adding bndlst edge: (B_D49_MC -> B_K53_MC) type[hb], weight[0.85] from 46 to 50 dist[2.17]
Adding bndlst edge: (B_D49_MC -> B_E52_MC) type[hb], weight[0.48] from 46 to 49 dist[2.88]
Adding bndlst edge: (B_I50_MC -> B_V51_MC) type[cov], weight[1.00] from 47 to 48 dist[1.33]
Adding bndlst edge: (B_I50_MC -> B_L54_MC) type[hb], weight[0.86] from 47 to 51 dist[2.16]
Adding bndlst edge: (B_I50_MC -> B_K53_MC) type[hb], weight[0.62] from 47 to 50 dist[2.55]
Adding bndlst edge: (B_V51_MC -> B_E52_MC) type[cov], weight[1.00] from 48 to 49 dist[1.33]
Adding bndlst edge: (B_V51_MC -> B_V55_MC) type[hb], weight[1.19] from 48 to 52 dist[1.83]
Adding bndlst edge: (B_V51_MC -> B_L54_MC) type[hb], weight[0.52] from 48 to 51 dist[2.77]
Adding bndlst edge: (B_E52_MC -> B_K53_MC) type[cov], weight[1.00] from 49 to 50 dist[1.33]
Adding bndlst edge: (B_E52_MC -> B_S56_MC) type[hb], weight[1.00] from 49 to 53 dist[2.00]
Adding bndlst edge: (B_K53_MC -> B_L54_MC) type[cov], weight[1.00] from 50 to 51 dist[1.33]
Adding bndlst edge: (B_K53_MC -> B_S56_MC) type[hb], weight[0.60] from 50 to 53 dist[2.58]
Adding bndlst edge: (B_K53_MC -> B_L57_MC) type[hb], weight[0.59] from 50 to 54 dist[2.60]
Adding bndlst edge: (B_K53_MC -> B_S56_SC) type[cov], weight[1.00] from 50 to 53 dist[1.64]
Adding bndlst edge: (B_L54_MC -> B_V55_MC) type[cov], weight[1.00] from 51 to 52 dist[1.33]
Adding bndlst edge: (B_L54_MC -> B_L57_MC) type[hb], weight[0.78] from 51 to 54 dist[2.27]
Adding bndlst edge: (B_V55_MC -> B_S56_MC) type[cov], weight[1.00] from 52 to 53 dist[1.33]
Adding bndlst edge: (B_S56_MC -> B_L57_MC) type[cov], weight[1.00] from 53 to 54 dist[1.33]
Adding bndlst edge: (B_L57_MC -> B_P58_MC) type[cov], weight[1.00] from 54 to 55 dist[1.34]
Adding bndlst edge: (B_L57_MC -> B_F59_MC) type[hb], weight[0.81] from 54 to 56 dist[2.22]
Adding bndlst edge: (B_P58_MC -> B_F59_MC) type[cov], weight[1.00] from 55 to 56 dist[1.33]
Adding bndlst edge: (B_F59_MC -> B_Q60_MC) type[cov], weight[1.00] from 56 to 57 dist[1.33]
Adding bndlst edge: (B_Q60_MC -> B_K61_MC) type[cov], weight[1.00] from 57 to 58 dist[1.33]
Adding bndlst edge: (B_Q60_MC -> B_D91_SC) type[hb], weight[0.60] from 57 to 88 dist[2.58]
Adding bndlst edge: (B_K61_MC -> B_V62_MC) type[cov], weight[1.00] from 58 to 59 dist[1.33]
Adding bndlst edge: (B_K61_MC -> B_D91_MC) type[hb], weight[1.07] from 58 to 88 dist[1.94]
Adding bndlst edge: (B_K61_MC -> B_D91_SC) type[hb], weight[0.48] from 58 to 88 dist[2.88]
Adding bndlst edge: (B_K61_SC -> B_E92_SC) type[salt], weight[1.20] from 58 to 89 dist[1.73]
Adding bndlst edge: (B_V62_MC -> B_Q63_MC) type[cov], weight[1.00] from 59 to 60 dist[1.32]
Adding bndlst edge: (B_Q63_MC -> B_H64_MC) type[cov], weight[1.00] from 60 to 61 dist[1.33]
Adding bndlst edge: (B_Q63_MC -> B_L89_MC) type[hb], weight[1.16] from 60 to 86 dist[1.86]
Adding bndlst edge: (B_Q63_MC -> B_L89_MC) type[hb], weight[0.99] from 60 to 86 dist[2.02]
Adding bndlst edge: (B_H64_MC -> B_R65_MC) type[cov], weight[1.00] from 61 to 62 dist[1.32]
Adding bndlst edge: (B_H64_SC -> B_F99_SC) type[hb], weight[0.57] from 61 to 96 dist[2.64]
Adding bndlst edge: (B_H64_SC -> B_F99_SC) type[hb], weight[0.46] from 61 to 96 dist[2.96]
Adding bndlst edge: (B_R65_MC -> B_I66_MC) type[cov], weight[1.00] from 62 to 63 dist[1.33]
Adding bndlst edge: (B_R65_MC -> B_D87_MC) type[hb], weight[1.21] from 62 to 84 dist[1.81]
Adding bndlst edge: (B_R65_MC -> B_D87_MC) type[hb], weight[1.07] from 62 to 84 dist[1.93]
Adding bndlst edge: (B_R65_SC -> B_D87_SC) type[salt], weight[0.82] from 62 to 84 dist[2.10]
Adding bndlst edge: (B_I66_MC -> B_T67_MC) type[cov], weight[1.00] from 63 to 64 dist[1.33]
Adding bndlst edge: (B_T67_MC -> B_T68_MC) type[cov], weight[1.00] from 64 to 65 dist[1.33]
Adding bndlst edge: (B_T67_MC -> B_T85_MC) type[hb], weight[1.10] from 64 to 82 dist[1.91]
Adding bndlst edge: (B_T68_MC -> B_L69_MC) type[cov], weight[1.00] from 65 to 66 dist[1.32]
Adding bndlst edge: (B_T68_MC -> B_T85_MC) type[hb], weight[0.92] from 65 to 82 dist[2.08]
Adding bndlst edge: (B_T68_SC -> B_T85_SC) type[hb], weight[0.62] from 65 to 82 dist[2.53]
Adding bndlst edge: (B_T68_MC -> B_T85_MC) type[hb], weight[0.94] from 65 to 82 dist[2.06]
Adding bndlst edge: (B_T68_MC -> B_T85_SC) type[hb], weight[0.47] from 65 to 82 dist[2.93]
Adding bndlst edge: (B_T68_SC -> B_T85_SC) type[cov], weight[1.00] from 65 to 82 dist[1.43]
Adding bndlst edge: (B_L69_MC -> B_D70_MC) type[cov], weight[1.00] from 66 to 67 dist[1.33]
Adding bndlst edge: (B_D70_MC -> B_A71_MC) type[cov], weight[1.00] from 67 to 68 dist[1.33]
Adding bndlst edge: (B_D70_MC -> B_M83_MC) type[hb], weight[1.11] from 67 to 80 dist[1.90]
Adding bndlst edge: (B_D70_MC -> B_M83_MC) type[hb], weight[0.95] from 67 to 80 dist[2.05]
Adding bndlst edge: (B_A71_MC -> B_Q72_MC) type[cov], weight[1.00] from 68 to 69 dist[1.33]
Adding bndlst edge: (B_Q72_MC -> B_P73_MC) type[cov], weight[1.00] from 69 to 70 dist[1.33]
Adding bndlst edge: (B_Q72_MC -> B_L81_MC) type[hb], weight[1.20] from 69 to 78 dist[1.82]
Adding bndlst edge: (B_Q72_MC -> B_L81_MC) type[hb], weight[1.05] from 69 to 78 dist[1.96]
Adding bndlst edge: (B_P73_MC -> B_A74_MC) type[cov], weight[1.00] from 70 to 71 dist[1.33]
Adding bndlst edge: (B_A74_MC -> B_S75_MC) type[cov], weight[1.00] from 71 to 72 dist[1.32]
Adding bndlst edge: (B_A74_MC -> B_D79_MC) type[hb], weight[1.10] from 71 to 76 dist[1.91]
Adding bndlst edge: (B_S75_MC -> B_P76_MC) type[cov], weight[1.00] from 72 to 73 dist[1.33]
Adding bndlst edge: (B_S75_SC -> B_Y77_MC) type[hb], weight[0.92] from 72 to 74 dist[2.09]
Adding bndlst edge: (B_S75_SC -> B_D79_SC) type[hb], weight[1.44] from 72 to 76 dist[1.67]
Adding bndlst edge: (B_S75_SC -> B_D79_SC) type[hb], weight[0.50] from 72 to 76 dist[2.83]
Adding bndlst edge: (B_P76_MC -> B_Y77_MC) type[cov], weight[1.00] from 73 to 74 dist[1.33]
Adding bndlst edge: (B_Y77_MC -> B_G78_MC) type[cov], weight[1.00] from 74 to 75 dist[1.33]
Adding bndlst edge: (B_G78_MC -> B_D79_MC) type[cov], weight[1.00] from 75 to 76 dist[1.33]
Adding bndlst edge: (B_D79_MC -> B_V80_MC) type[cov], weight[1.00] from 76 to 77 dist[1.33]
Adding bndlst edge: (B_D79_SC -> B_H104_SC) type[hb], weight[1.24] from 76 to 101 dist[1.79]
Adding bndlst edge: (B_V80_MC -> B_L81_MC) type[cov], weight[1.00] from 77 to 78 dist[1.32]
Adding bndlst edge: (B_V80_MC -> B_L105_MC) type[hb], weight[1.28] from 77 to 102 dist[1.77]
Adding bndlst edge: (B_V80_MC -> B_L105_MC) type[hb], weight[1.02] from 77 to 102 dist[1.99]
Adding bndlst edge: (B_L81_MC -> B_V82_MC) type[cov], weight[1.00] from 78 to 79 dist[1.33]
Adding bndlst edge: (B_V82_MC -> B_M83_MC) type[cov], weight[1.00] from 79 to 80 dist[1.33]
Adding bndlst edge: (B_V82_MC -> B_F103_MC) type[hb], weight[1.03] from 79 to 100 dist[1.97]
Adding bndlst edge: (B_V82_MC -> B_F103_MC) type[hb], weight[1.01] from 79 to 100 dist[1.99]
Adding bndlst edge: (B_M83_MC -> B_I84_MC) type[cov], weight[1.00] from 80 to 81 dist[1.33]
Adding bndlst edge: (B_I84_MC -> B_T85_MC) type[cov], weight[1.00] from 81 to 82 dist[1.33]
Adding bndlst edge: (B_I84_MC -> B_Q101_MC) type[hb], weight[1.16] from 81 to 98 dist[1.86]
Adding bndlst edge: (B_I84_MC -> B_Q101_MC) type[hb], weight[1.30] from 81 to 98 dist[1.75]
Adding bndlst edge: (B_T85_MC -> B_G86_MC) type[cov], weight[1.00] from 82 to 83 dist[1.32]
Adding bndlst edge: (B_G86_MC -> B_D87_MC) type[cov], weight[1.00] from 83 to 84 dist[1.33]
Adding bndlst edge: (B_G86_MC -> B_F99_MC) type[hb], weight[1.01] from 83 to 96 dist[1.99]
Adding bndlst edge: (B_G86_MC -> B_F99_MC) type[hb], weight[0.90] from 83 to 96 dist[2.11]
Adding bndlst edge: (B_D87_MC -> B_L88_MC) type[cov], weight[1.00] from 84 to 85 dist[1.32]
Adding bndlst edge: (B_L88_MC -> B_L89_MC) type[cov], weight[1.00] from 85 to 86 dist[1.33]
Adding bndlst edge: (B_L88_MC -> B_Q97_MC) type[hb], weight[1.01] from 85 to 94 dist[1.99]
Adding bndlst edge: (B_L88_MC -> B_Q97_MC) type[hb], weight[1.15] from 85 to 94 dist[1.86]
Adding bndlst edge: (B_L89_MC -> B_I90_MC) type[cov], weight[1.00] from 86 to 87 dist[1.33]
Adding bndlst edge: (B_I90_MC -> B_D91_MC) type[cov], weight[1.00] from 87 to 88 dist[1.33]
Adding bndlst edge: (B_I90_MC -> B_E93_MC) type[hb], weight[1.16] from 87 to 90 dist[1.86]
Adding bndlst edge: (B_D91_MC -> B_E92_MC) type[cov], weight[1.00] from 88 to 89 dist[1.33]
Adding bndlst edge: (B_D91_MC -> B_E93_MC) type[hb], weight[0.53] from 88 to 90 dist[2.75]
Adding bndlst edge: (B_E92_MC -> B_E93_MC) type[cov], weight[1.00] from 89 to 90 dist[1.33]
Adding bndlst edge: (B_E93_MC -> B_Q94_MC) type[cov], weight[1.00] from 90 to 91 dist[1.33]
Adding bndlst edge: (B_E93_MC -> B_N95_MC) type[hb], weight[0.68] from 90 to 92 dist[2.42]
Adding bndlst edge: (B_Q94_MC -> B_N95_MC) type[cov], weight[1.00] from 91 to 92 dist[1.33]
Adding bndlst edge: (B_N95_MC -> B_P96_MC) type[cov], weight[1.00] from 92 to 93 dist[1.34]
Adding bndlst edge: (B_P96_MC -> B_Q97_MC) type[cov], weight[1.00] from 93 to 94 dist[1.33]
Adding bndlst edge: (B_Q97_MC -> B_R98_MC) type[cov], weight[1.00] from 94 to 95 dist[1.33]
Adding bndlst edge: (B_R98_MC -> B_F99_MC) type[cov], weight[1.00] from 95 to 96 dist[1.33]
Adding bndlst edge: (B_R98_MC -> B_N122_MC) type[hb], weight[1.25] from 95 to 119 dist[1.79]
Adding bndlst edge: (B_R98_SC -> B_N122_MC) type[hb], weight[1.10] from 95 to 119 dist[1.91]
Adding bndlst edge: (B_R98_SC -> B_Y123_MC) type[hb], weight[0.96] from 95 to 120 dist[2.04]
Adding bndlst edge: (B_R98_SC -> B_N122_MC) type[hb], weight[0.47] from 95 to 119 dist[2.93]
Adding bndlst edge: (B_F99_MC -> B_S100_MC) type[cov], weight[1.00] from 96 to 97 dist[1.33]
Adding bndlst edge: (B_S100_MC -> B_Q101_MC) type[cov], weight[1.00] from 97 to 98 dist[1.32]
Adding bndlst edge: (B_S100_MC -> B_R120_MC) type[hb], weight[1.00] from 97 to 117 dist[2.00]
Adding bndlst edge: (B_S100_SC -> B_N122_SC) type[hb], weight[0.75] from 97 to 119 dist[2.31]
Adding bndlst edge: (B_S100_MC -> B_R120_MC) type[hb], weight[1.06] from 97 to 117 dist[1.94]
Adding bndlst edge: (B_Q101_MC -> B_V102_MC) type[cov], weight[1.00] from 98 to 99 dist[1.33]
Adding bndlst edge: (B_Q101_SC -> B_D117_SC) type[hb], weight[1.27] from 98 to 114 dist[1.78]
Adding bndlst edge: (B_Q101_SC -> B_F103_SC) type[hb], weight[0.37] from 98 to 100 dist[3.31]
Adding bndlst edge: (B_Q101_SC -> B_D117_SC) type[hb], weight[0.49] from 98 to 114 dist[2.85]
Adding bndlst edge: (B_V102_MC -> B_F103_MC) type[cov], weight[1.00] from 99 to 100 dist[1.33]
Adding bndlst edge: (B_V102_MC -> B_I118_MC) type[hb], weight[0.97] from 99 to 115 dist[2.03]
Adding bndlst edge: (B_V102_MC -> B_I118_MC) type[hb], weight[1.00] from 99 to 115 dist[2.00]
Adding bndlst edge: (B_F103_MC -> B_H104_MC) type[cov], weight[1.00] from 100 to 101 dist[1.33]
Adding bndlst edge: (B_H104_MC -> B_L105_MC) type[cov], weight[1.00] from 101 to 102 dist[1.33]
Adding bndlst edge: (B_H104_MC -> B_F115_MC) type[hb], weight[1.04] from 101 to 112 dist[1.96]
Adding bndlst edge: (B_H104_MC -> B_N116_MC) type[hb], weight[0.61] from 101 to 113 dist[2.57]
Adding bndlst edge: (B_H104_MC -> B_N116_MC) type[hb], weight[0.94] from 101 to 113 dist[2.06]
Adding bndlst edge: (B_H104_SC -> B_N116_SC) type[hb], weight[1.10] from 101 to 113 dist[1.91]
Adding bndlst edge: (B_H104_SC -> B_F115_SC) type[hb], weight[0.38] from 101 to 112 dist[3.26]
Adding bndlst edge: (B_L105_MC -> B_I106_MC) type[cov], weight[1.00] from 102 to 103 dist[1.33]
Adding bndlst edge: (B_I106_MC -> B_P107_MC) type[cov], weight[1.00] from 103 to 104 dist[1.34]
Adding bndlst edge: (B_I106_MC -> B_Y113_MC) type[hb], weight[0.93] from 103 to 110 dist[2.08]
Adding bndlst edge: (B_I106_MC -> B_Y113_MC) type[hb], weight[1.02] from 103 to 110 dist[1.98]
Adding bndlst edge: (B_P107_MC -> B_D108_MC) type[cov], weight[1.00] from 104 to 105 dist[1.33]
Adding bndlst edge: (B_D108_MC -> B_G109_MC) type[cov], weight[1.00] from 105 to 106 dist[1.33]
Adding bndlst edge: (B_D108_MC -> B_S111_MC) type[hb], weight[1.00] from 105 to 108 dist[2.00]
Adding bndlst edge: (B_D108_MC -> B_S111_MC) type[hb], weight[1.18] from 105 to 108 dist[1.84]
Adding bndlst edge: (B_G109_MC -> B_N110_MC) type[cov], weight[1.00] from 106 to 107 dist[1.33]
Adding bndlst edge: (B_N110_MC -> B_S111_MC) type[cov], weight[1.00] from 107 to 108 dist[1.33]
Adding bndlst edge: (B_S111_MC -> B_Y112_MC) type[cov], weight[1.00] from 108 to 109 dist[1.33]
Adding bndlst edge: (B_S111_SC -> B_Y112_MC) type[hb], weight[1.13] from 108 to 109 dist[1.88]
Adding bndlst edge: (B_Y112_MC -> B_Y113_MC) type[cov], weight[1.00] from 109 to 110 dist[1.33]
Adding bndlst edge: (B_Y113_MC -> B_V114_MC) type[cov], weight[1.00] from 110 to 111 dist[1.33]
Adding bndlst edge: (B_V114_MC -> B_F115_MC) type[cov], weight[1.00] from 111 to 112 dist[1.33]
Adding bndlst edge: (B_F115_MC -> B_N116_MC) type[cov], weight[1.00] from 112 to 113 dist[1.33]
Adding bndlst edge: (B_N116_MC -> B_D117_MC) type[cov], weight[1.00] from 113 to 114 dist[1.32]
Adding bndlst edge: (B_D117_MC -> B_I118_MC) type[cov], weight[1.00] from 114 to 115 dist[1.33]
Adding bndlst edge: (B_I118_MC -> B_F119_MC) type[cov], weight[1.00] from 115 to 116 dist[1.33]
Adding bndlst edge: (B_F119_MC -> B_R120_MC) type[cov], weight[1.00] from 116 to 117 dist[1.32]
Adding bndlst edge: (B_F119_SC -> B_R120_MC) type[hb], weight[0.36] from 116 to 117 dist[3.32]
Adding bndlst edge: (B_R120_MC -> B_L121_MC) type[cov], weight[1.00] from 117 to 118 dist[1.33]
Adding bndlst edge: (B_L121_MC -> B_N122_MC) type[cov], weight[1.00] from 118 to 119 dist[1.32]
Adding bndlst edge: (B_N122_MC -> B_Y123_MC) type[cov], weight[1.00] from 119 to 120 dist[1.33]
Adding bndlst edge: (B_Y123_MC -> B_S124_MC) type[cov], weight[1.00] from 120 to 121 dist[1.33]
Adding bndlst edge: (B_Y123_SC -> B_S124_MC) type[hb], weight[0.37] from 120 to 121 dist[3.30]
Adding bndlst edge: (B_Y123_SC -> B_S124_MC) type[hb], weight[0.41] from 120 to 121 dist[3.11]

bndlst DONE

Producing PAJEK network
printing pajek edge (B_36_MET,B_115_PHE)
printing pajek edge (B_36_MET,B_37_LEU)
printing pajek edge (B_36_MET,B_117_ASP)
printing pajek edge (B_35_SER,B_36_MET)
printing pajek edge (B_35_SER,B_114_VAL)
printing pajek edge (B_35_SER,B_46_GLY)
printing pajek edge (B_93_GLU,B_95_ASN)
printing pajek edge (B_93_GLU,B_94_GLN)
printing pajek edge (B_66_ILE,B_67_THR)
printing pajek edge (B_24_ARG,B_60_GLN)
printing pajek edge (B_24_ARG,B_54_LEU)
printing pajek edge (B_24_ARG,B_25_SER)
printing pajek edge (B_24_ARG,B_55_VAL)
printing pajek edge (B_24_ARG,B_59_PHE)
printing pajek edge (B_24_ARG,B_27_LEU)
printing pajek edge (B_24_ARG,B_26_GLN)
printing pajek edge (B_24_ARG,B_57_LEU)
printing pajek edge (B_121_LEU,B_122_ASN)
printing pajek edge (B_74_ALA,B_75_SER)
printing pajek edge (B_74_ALA,B_79_ASP)
printing pajek edge (B_105_LEU,B_106_ILE)
printing pajek edge (B_10_GLN,B_11_ASN)
printing pajek edge (B_10_GLN,B_14_GLN)
printing pajek edge (B_10_GLN,B_13_THR)
printing pajek edge (B_83_MET,B_84_ILE)
printing pajek edge (B_29_ASN,B_30_LEU)
printing pajek edge (B_29_ASN,B_32_ARG)
printing pajek edge (B_122_ASN,B_123_TYR)
printing pajek edge (B_102_VAL,B_118_ILE)
printing pajek edge (B_102_VAL,B_103_PHE)
printing pajek edge (B_21_ASP,B_64_HIS)
printing pajek edge (B_21_ASP,B_22_THR)
printing pajek edge (B_75_SER,B_77_TYR)
printing pajek edge (B_75_SER,B_76_PRO)
printing pajek edge (B_75_SER,B_79_ASP)
printing pajek edge (B_19_GLN,B_22_THR)
printing pajek edge (B_19_GLN,B_20_PHE)
printing pajek edge (B_19_GLN,B_23_ASP)
printing pajek edge (B_47_ALA,B_48_LYS)
printing pajek edge (B_47_ALA,B_51_VAL)
printing pajek edge (B_47_ALA,B_50_ILE)
printing pajek edge (B_58_PRO,B_59_PHE)
printing pajek edge (B_87_ASP,B_88_LEU)
printing pajek edge (B_77_TYR,B_78_GLY)
printing pajek edge (B_30_LEU,B_31_TYR)
printing pajek edge (B_30_LEU,B_114_VAL)
printing pajek edge (B_98_ARG,B_122_ASN)
printing pajek edge (B_98_ARG,B_123_TYR)
printing pajek edge (B_98_ARG,B_99_PHE)
printing pajek edge (B_60_GLN,B_91_ASP)
printing pajek edge (B_60_GLN,B_61_LYS)
printing pajek edge (B_64_HIS,B_99_PHE)
printing pajek edge (B_64_HIS,B_65_ARG)
printing pajek edge (B_111_SER,B_112_TYR)
printing pajek edge (B_111_SER,B_112_TYR)
printing pajek edge (B_118_ILE,B_119_PHE)
printing pajek edge (B_23_ASP,B_25_SER)
printing pajek edge (B_23_ASP,B_24_ARG)
printing pajek edge (B_23_ASP,B_26_GLN)
printing pajek edge (B_112_TYR,B_113_TYR)
printing pajek edge (B_95_ASN,B_96_PRO)
printing pajek edge (B_106_ILE,B_107_PRO)
printing pajek edge (B_106_ILE,B_113_TYR)
printing pajek edge (B_92_GLU,B_93_GLU)
printing pajek edge (B_13_THR,B_14_GLN)
printing pajek edge (B_13_THR,B_14_GLN)
printing pajek edge (B_13_THR,B_16_TYR)
printing pajek edge (B_13_THR,B_17_TYR)
printing pajek edge (B_34_GLU,B_35_SER)
printing pajek edge (B_116_ASN,B_117_ASP)
printing pajek edge (B_38_THR,B_119_PHE)
printing pajek edge (B_38_THR,B_39_PHE)
printing pajek edge (B_38_THR,B_117_ASP)
printing pajek edge (B_14_GLN,B_15_PHE)
printing pajek edge (B_14_GLN,B_18_ASN)
printing pajek edge (B_94_GLN,B_95_ASN)
printing pajek edge (B_81_LEU,B_82_VAL)
printing pajek edge (B_110_ASN,B_111_SER)
printing pajek edge (B_51_VAL,B_55_VAL)
printing pajek edge (B_51_VAL,B_52_GLU)
printing pajek edge (B_51_VAL,B_54_LEU)
printing pajek edge (B_90_ILE,B_93_GLU)
printing pajek edge (B_90_ILE,B_91_ASP)
printing pajek edge (B_96_PRO,B_97_GLN)
printing pajek edge (B_80_VAL,B_105_LEU)
printing pajek edge (B_80_VAL,B_81_LEU)
printing pajek edge (B_109_GLY,B_110_ASN)
printing pajek edge (B_68_THR,B_69_LEU)
printing pajek edge (B_68_THR,B_85_THR)
printing pajek edge (B_68_THR,B_85_THR)
printing pajek edge (B_32_ARG,B_35_SER)
printing pajek edge (B_32_ARG,B_33_ASN)
printing pajek edge (B_32_ARG,B_108_ASP)
printing pajek edge (B_32_ARG,B_47_ALA)
printing pajek edge (B_53_LYS,B_56_SER)
printing pajek edge (B_53_LYS,B_56_SER)
printing pajek edge (B_53_LYS,B_54_LEU)
printing pajek edge (B_53_LYS,B_57_LEU)
printing pajek edge (B_42_SER,B_43_GLN)
printing pajek edge (B_67_THR,B_68_THR)
printing pajek edge (B_67_THR,B_85_THR)
printing pajek edge (B_100_SER,B_122_ASN)
printing pajek edge (B_100_SER,B_101_GLN)
printing pajek edge (B_100_SER,B_120_ARG)
printing pajek edge (B_117_ASP,B_118_ILE)
printing pajek edge (B_61_LYS,B_62_VAL)
printing pajek edge (B_61_LYS,B_91_ASP)
printing pajek edge (B_61_LYS,B_92_GLU)
printing pajek edge (B_44_LEU,B_45_GLN)
printing pajek edge (B_15_PHE,B_19_GLN)
printing pajek edge (B_15_PHE,B_16_TYR)
printing pajek edge (B_15_PHE,B_18_ASN)
printing pajek edge (B_18_ASN,B_22_THR)
printing pajek edge (B_18_ASN,B_19_GLN)
printing pajek edge (B_84_ILE,B_101_GLN)
printing pajek edge (B_84_ILE,B_85_THR)
printing pajek edge (B_55_VAL,B_56_SER)
printing pajek edge (B_63_GLN,B_64_HIS)
printing pajek edge (B_63_GLN,B_89_LEU)
printing pajek edge (B_59_PHE,B_60_GLN)
printing pajek edge (B_104_HIS,B_115_PHE)
printing pajek edge (B_104_HIS,B_105_LEU)
printing pajek edge (B_104_HIS,B_116_ASN)
printing pajek edge (B_76_PRO,B_77_TYR)
printing pajek edge (B_69_LEU,B_70_ASP)
printing pajek edge (B_48_LYS,B_52_GLU)
printing pajek edge (B_48_LYS,B_49_ASP)
printing pajek edge (B_89_LEU,B_90_ILE)
printing pajek edge (B_79_ASP,B_80_VAL)
printing pajek edge (B_79_ASP,B_104_HIS)
printing pajek edge (B_22_THR,B_23_ASP)
printing pajek edge (B_22_THR,B_23_ASP)
printing pajek edge (B_65_ARG,B_87_ASP)
printing pajek edge (B_65_ARG,B_87_ASP)
printing pajek edge (B_65_ARG,B_66_ILE)
printing pajek edge (B_57_LEU,B_59_PHE)
printing pajek edge (B_57_LEU,B_58_PRO)
printing pajek edge (B_70_ASP,B_83_MET)
printing pajek edge (B_70_ASP,B_71_ALA)
printing pajek edge (B_73_PRO,B_74_ALA)
printing pajek edge (B_71_ALA,B_72_GLN)
printing pajek edge (B_5_PHE,B_9_ALA)
printing pajek edge (B_5_PHE,B_6_ASN)
printing pajek edge (B_5_PHE,B_8_LEU)
printing pajek edge (B_20_PHE,B_21_ASP)
printing pajek edge (B_20_PHE,B_64_HIS)
printing pajek edge (B_4_ASP,B_7_THR)
printing pajek edge (B_4_ASP,B_5_PHE)
printing pajek edge (B_4_ASP,B_8_LEU)
printing pajek edge (B_119_PHE,B_120_ARG)
printing pajek edge (B_119_PHE,B_120_ARG)
printing pajek edge (B_91_ASP,B_93_GLU)
printing pajek edge (B_91_ASP,B_92_GLU)
printing pajek edge (B_33_ASN,B_45_GLN)
printing pajek edge (B_33_ASN,B_34_GLU)
printing pajek edge (B_103_PHE,B_104_HIS)
printing pajek edge (B_113_TYR,B_114_VAL)
printing pajek edge (B_85_THR,B_86_GLY)
printing pajek edge (B_28_GLY,B_30_LEU)
printing pajek edge (B_28_GLY,B_31_TYR)
printing pajek edge (B_28_GLY,B_29_ASN)
printing pajek edge (B_123_TYR,B_124_SER)
printing pajek edge (B_123_TYR,B_124_SER)
printing pajek edge (B_31_TYR,B_117_ASP)
printing pajek edge (B_31_TYR,B_32_ARG)
printing pajek edge (B_31_TYR,B_32_ARG)
printing pajek edge (B_86_GLY,B_87_ASP)
printing pajek edge (B_86_GLY,B_99_PHE)
printing pajek edge (B_78_GLY,B_79_ASP)
printing pajek edge (B_43_GLN,B_44_LEU)
printing pajek edge (B_17_TYR,B_101_GLN)
printing pajek edge (B_17_TYR,B_21_ASP)
printing pajek edge (B_17_TYR,B_64_HIS)
printing pajek edge (B_17_TYR,B_20_PHE)
printing pajek edge (B_17_TYR,B_18_ASN)
printing pajek edge (B_115_PHE,B_116_ASN)
printing pajek edge (B_72_GLN,B_73_PRO)
printing pajek edge (B_72_GLN,B_81_LEU)
printing pajek edge (B_62_VAL,B_63_GLN)
printing pajek edge (B_52_GLU,B_53_LYS)
printing pajek edge (B_52_GLU,B_56_SER)
printing pajek edge (B_27_LEU,B_30_LEU)
printing pajek edge (B_27_LEU,B_28_GLY)
printing pajek edge (B_107_PRO,B_108_ASP)
printing pajek edge (B_56_SER,B_57_LEU)
printing pajek edge (B_82_VAL,B_83_MET)
printing pajek edge (B_82_VAL,B_103_PHE)
printing pajek edge (B_25_SER,B_26_GLN)
printing pajek edge (B_45_GLN,B_46_GLY)
printing pajek edge (B_3_LEU,B_7_THR)
printing pajek edge (B_3_LEU,B_4_ASP)
printing pajek edge (B_49_ASP,B_53_LYS)
printing pajek edge (B_49_ASP,B_52_GLU)
printing pajek edge (B_49_ASP,B_50_ILE)
printing pajek edge (B_26_GLN,B_27_LEU)
printing pajek edge (B_16_TYR,B_31_TYR)
printing pajek edge (B_16_TYR,B_19_GLN)
printing pajek edge (B_16_TYR,B_20_PHE)
printing pajek edge (B_16_TYR,B_17_TYR)
printing pajek edge (B_108_ASP,B_109_GLY)
printing pajek edge (B_108_ASP,B_111_SER)
printing pajek edge (B_99_PHE,B_100_SER)
printing pajek edge (B_9_ALA,B_10_GLN)
printing pajek edge (B_9_ALA,B_12_PHE)
printing pajek edge (B_9_ALA,B_13_THR)
printing pajek edge (B_88_LEU,B_97_GLN)
printing pajek edge (B_88_LEU,B_89_LEU)
printing pajek edge (B_6_ASN,B_7_THR)
printing pajek edge (B_6_ASN,B_10_GLN)
printing pajek edge (B_6_ASN,B_71_ALA)
printing pajek edge (B_39_PHE,B_42_SER)
printing pajek edge (B_39_PHE,B_40_GLU)
printing pajek edge (B_97_GLN,B_98_ARG)
printing pajek edge (B_114_VAL,B_115_PHE)
printing pajek edge (B_12_PHE,B_111_SER)
printing pajek edge (B_12_PHE,B_16_TYR)
printing pajek edge (B_12_PHE,B_13_THR)
printing pajek edge (B_12_PHE,B_15_PHE)
printing pajek edge (B_54_LEU,B_55_VAL)
printing pajek edge (B_54_LEU,B_57_LEU)
printing pajek edge (B_50_ILE,B_53_LYS)
printing pajek edge (B_50_ILE,B_54_LEU)
printing pajek edge (B_50_ILE,B_51_VAL)
printing pajek edge (B_11_ASN,B_12_PHE)
printing pajek edge (B_11_ASN,B_15_PHE)
printing pajek edge (B_41_THR,B_42_SER)
printing pajek edge (B_101_GLN,B_102_VAL)
printing pajek edge (B_101_GLN,B_117_ASP)
printing pajek edge (B_101_GLN,B_103_PHE)
printing pajek edge (B_7_THR,B_11_ASN)
printing pajek edge (B_7_THR,B_10_GLN)
printing pajek edge (B_7_THR,B_8_LEU)
printing pajek edge (B_37_LEU,B_38_THR)
printing pajek edge (B_37_LEU,B_44_LEU)
printing pajek edge (B_40_GLU,B_41_THR)
printing pajek edge (B_40_GLU,B_119_PHE)
printing pajek edge (B_40_GLU,B_42_SER)
printing pajek edge (B_40_GLU,B_121_LEU)
printing pajek edge (B_40_GLU,B_120_ARG)
printing pajek edge (B_120_ARG,B_121_LEU)
printing pajek edge (B_46_GLY,B_49_ASP)
printing pajek edge (B_46_GLY,B_47_ALA)
printing pajek edge (B_46_GLY,B_50_ILE)
printing pajek edge (B_8_LEU,B_11_ASN)
printing pajek edge (B_8_LEU,B_9_ALA)
printing pajek edge (B_8_LEU,B_12_PHE)
