Graph START

Adding vertex (chain-A, position-63, res-THR)
New vertex id: 0
1 2 3 4 5 6 7 
Adding vertex (chain-A, position-64, res-SER)
New vertex id: 1
8 9 10 11 12 13 
Adding vertex (chain-A, position-65, res-TRP)
New vertex id: 2
14 15 16 17 18 19 20 21 22 23 24 25 26 27 
Adding vertex (chain-A, position-66, res-ARG)
New vertex id: 3
28 29 30 31 32 33 34 35 36 37 38 
Adding vertex (chain-A, position-67, res-SER)
New vertex id: 4
39 40 41 42 43 44 
Adding vertex (chain-A, position-68, res-GLU)
New vertex id: 5
45 46 47 48 49 50 51 52 53 
Adding vertex (chain-A, position-69, res-ALA)
New vertex id: 6
54 55 56 57 58 
Adding vertex (chain-A, position-70, res-THR)
New vertex id: 7
59 60 61 62 63 64 65 
Adding vertex (chain-A, position-71, res-PHE)
New vertex id: 8
66 67 68 69 70 71 72 73 74 75 76 
Adding vertex (chain-A, position-72, res-GLN)
New vertex id: 9
77 78 79 80 81 82 83 84 85 
Adding vertex (chain-A, position-73, res-PHE)
New vertex id: 10
86 87 88 89 90 91 92 93 94 95 96 
Adding vertex (chain-A, position-74, res-THR)
New vertex id: 11
97 98 99 100 101 102 103 
Adding vertex (chain-A, position-75, res-VAL)
New vertex id: 12
104 105 106 107 108 109 110 
Adding vertex (chain-A, position-76, res-GLU)
New vertex id: 13
111 112 113 114 115 116 117 118 119 
Adding vertex (chain-A, position-77, res-ARG)
New vertex id: 14
120 121 122 123 124 125 126 127 128 129 130 
Adding vertex (chain-A, position-78, res-PHE)
New vertex id: 15
131 132 133 134 135 136 137 138 139 140 141 
Adding vertex (chain-A, position-79, res-SER)
New vertex id: 16
142 143 144 145 146 147 
Adding vertex (chain-A, position-80, res-ARG)
New vertex id: 17
148 149 150 151 152 153 154 155 156 157 158 
Adding vertex (chain-A, position-81, res-LEU)
New vertex id: 18
159 160 161 162 163 164 165 166 
Adding vertex (chain-A, position-82, res-SER)
New vertex id: 19
167 168 169 170 171 172 
Adding vertex (chain-A, position-83, res-GLU)
New vertex id: 20
173 174 175 176 177 178 179 180 181 
Adding vertex (chain-A, position-84, res-SER)
New vertex id: 21
182 183 184 185 186 187 
Adding vertex (chain-A, position-85, res-VAL)
New vertex id: 22
188 189 190 191 192 193 194 
Adding vertex (chain-A, position-86, res-LEU)
New vertex id: 23
195 196 197 198 199 200 201 202 
Adding vertex (chain-A, position-87, res-SER)
New vertex id: 24
203 204 205 206 207 208 
Adding vertex (chain-A, position-88, res-PRO)
New vertex id: 25
209 210 211 212 213 214 215 
Adding vertex (chain-A, position-89, res-PRO)
New vertex id: 26
216 217 218 219 220 221 222 
Adding vertex (chain-A, position-90, res-CYS)
New vertex id: 27
223 224 225 226 227 228 
Adding vertex (chain-A, position-91, res-PHE)
New vertex id: 28
229 230 231 232 233 234 235 236 237 238 239 
Adding vertex (chain-A, position-92, res-VAL)
New vertex id: 29
240 241 242 243 244 245 246 
Adding vertex (chain-A, position-93, res-ARG)
New vertex id: 30
247 248 249 250 251 252 253 254 255 256 257 
Adding vertex (chain-A, position-94, res-ASN)
New vertex id: 31
258 259 260 261 262 263 264 265 
Adding vertex (chain-A, position-95, res-LEU)
New vertex id: 32
266 267 268 269 270 271 272 273 
Adding vertex (chain-A, position-96, res-PRO)
New vertex id: 33
274 275 276 277 278 279 280 
Adding vertex (chain-A, position-97, res-TRP)
New vertex id: 34
281 282 283 284 285 286 287 288 289 290 291 292 293 294 
Adding vertex (chain-A, position-98, res-LYS)
New vertex id: 35
295 296 297 298 299 300 301 302 303 
Adding vertex (chain-A, position-99, res-ILE)
New vertex id: 36
304 305 306 307 308 309 310 311 
Adding vertex (chain-A, position-100, res-MET)
New vertex id: 37
312 313 314 315 316 317 318 319 
Adding vertex (chain-A, position-101, res-VAL)
New vertex id: 38
320 321 322 323 324 325 326 
Adding vertex (chain-A, position-102, res-MET)
New vertex id: 39
327 328 329 330 331 332 333 334 
Adding vertex (chain-A, position-103, res-PRO)
New vertex id: 40
335 336 337 338 339 340 341 
Adding vertex (chain-A, position-104, res-ARG)
New vertex id: 41
342 343 344 345 346 347 348 349 350 351 352 
Adding vertex (chain-A, position-105, res-PHE)
New vertex id: 42
353 354 355 356 357 358 359 360 361 362 363 
Adding vertex (chain-A, position-106, res-TYR)
New vertex id: 43
364 365 366 367 368 369 370 371 372 373 374 375 
Adding vertex (chain-A, position-107, res-PRO)
New vertex id: 44
376 377 378 379 380 381 382 
Adding vertex (chain-A, position-108, res-ASP)
New vertex id: 45
383 384 385 386 387 388 389 390 
Adding vertex (chain-A, position-109, res-ARG)
New vertex id: 46
391 392 393 394 395 396 397 398 399 400 401 
Adding vertex (chain-A, position-110, res-PRO)
New vertex id: 47
402 403 404 405 406 407 408 
Adding vertex (chain-A, position-111, res-HIS)
New vertex id: 48
409 410 411 412 413 414 415 416 417 418 
Adding vertex (chain-A, position-112, res-GLN)
New vertex id: 49
419 420 421 422 423 424 425 426 427 
Adding vertex (chain-A, position-113, res-LYS)
New vertex id: 50
428 429 430 431 432 433 434 435 436 
Adding vertex (chain-A, position-114, res-SER)
New vertex id: 51
437 438 439 440 441 442 
Adding vertex (chain-A, position-115, res-VAL)
New vertex id: 52
443 444 445 446 447 448 449 
Adding vertex (chain-A, position-116, res-GLY)
New vertex id: 53
450 451 452 453 
Adding vertex (chain-A, position-117, res-PHE)
New vertex id: 54
454 455 456 457 458 459 460 461 462 463 464 
Adding vertex (chain-A, position-118, res-PHE)
New vertex id: 55
465 466 467 468 469 470 471 472 473 474 475 
Adding vertex (chain-A, position-119, res-LEU)
New vertex id: 56
476 477 478 479 480 481 482 483 
Adding vertex (chain-A, position-120, res-GLN)
New vertex id: 57
484 485 486 487 488 489 490 491 492 
Adding vertex (chain-A, position-121, res-CYS)
New vertex id: 58
493 494 495 496 497 498 
Adding vertex (chain-A, position-122, res-ASN)
New vertex id: 59
499 500 501 502 503 504 505 506 
Adding vertex (chain-A, position-123, res-ALA)
New vertex id: 60
507 508 509 510 511 
Adding vertex (chain-A, position-124, res-GLU)
New vertex id: 61
512 513 514 515 516 517 518 519 520 
Adding vertex (chain-A, position-125, res-SER)
New vertex id: 62
521 522 523 524 525 526 
Adding vertex (chain-A, position-126, res-ASP)
New vertex id: 63
527 528 529 530 531 532 533 534 
Adding vertex (chain-A, position-127, res-SER)
New vertex id: 64
535 536 537 538 539 540 
Adding vertex (chain-A, position-128, res-THR)
New vertex id: 65
541 542 543 544 545 546 547 
Adding vertex (chain-A, position-129, res-SER)
New vertex id: 66
548 549 550 551 552 553 
Adding vertex (chain-A, position-130, res-TRP)
New vertex id: 67
554 555 556 557 558 559 560 561 562 563 564 565 566 567 
Adding vertex (chain-A, position-131, res-SER)
New vertex id: 68
568 569 570 571 572 573 
Adding vertex (chain-A, position-132, res-CYS)
New vertex id: 69
574 575 576 577 578 
Adding vertex (chain-A, position-133, res-HIS)
New vertex id: 70
579 580 581 582 583 584 585 586 587 588 
Adding vertex (chain-A, position-134, res-ALA)
New vertex id: 71
589 590 591 592 593 
Adding vertex (chain-A, position-135, res-GLN)
New vertex id: 72
594 595 596 597 598 599 600 601 602 
Adding vertex (chain-A, position-136, res-ALA)
New vertex id: 73
603 604 605 606 607 
Adding vertex (chain-A, position-137, res-VAL)
New vertex id: 74
608 609 610 611 612 613 614 
Adding vertex (chain-A, position-138, res-LEU)
New vertex id: 75
615 616 617 618 619 620 621 622 
Adding vertex (chain-A, position-139, res-LYS)
New vertex id: 76
623 624 625 626 627 628 629 630 631 
Adding vertex (chain-A, position-140, res-ILE)
New vertex id: 77
632 633 634 635 636 637 638 639 
Adding vertex (chain-A, position-141, res-ILE)
New vertex id: 78
640 641 642 643 644 645 646 647 
Adding vertex (chain-A, position-142, res-ASN)
New vertex id: 79
648 649 650 651 652 653 654 655 
Adding vertex (chain-A, position-143, res-TYR)
New vertex id: 80
656 657 658 659 660 661 662 663 664 665 666 667 
Adding vertex (chain-A, position-144, res-ARG)
New vertex id: 81
668 669 670 671 672 673 674 675 676 677 678 
Adding vertex (chain-A, position-145, res-ASP)
New vertex id: 82
679 680 681 682 683 684 685 686 
Adding vertex (chain-A, position-146, res-ASP)
New vertex id: 83
687 688 689 690 691 692 693 694 
Adding vertex (chain-A, position-147, res-GLU)
New vertex id: 84
695 696 697 698 699 700 701 702 703 
Adding vertex (chain-A, position-148, res-LYS)
New vertex id: 85
704 705 706 707 708 709 710 711 712 
Adding vertex (chain-A, position-149, res-SER)
New vertex id: 86
713 714 715 716 717 718 
Adding vertex (chain-A, position-150, res-PHE)
New vertex id: 87
719 720 721 722 723 724 725 726 727 728 729 
Adding vertex (chain-A, position-151, res-SER)
New vertex id: 88
730 731 732 733 734 735 
Adding vertex (chain-A, position-152, res-ARG)
New vertex id: 89
736 737 738 739 740 741 742 743 744 745 746 
Adding vertex (chain-A, position-153, res-ARG)
New vertex id: 90
747 748 749 750 751 752 753 754 755 756 757 
Adding vertex (chain-A, position-154, res-ILE)
New vertex id: 91
758 759 760 761 762 763 764 765 
Adding vertex (chain-A, position-155, res-SER)
New vertex id: 92
766 767 768 769 770 771 
Adding vertex (chain-A, position-156, res-HIS)
New vertex id: 93
772 773 774 775 776 777 778 779 780 781 
Adding vertex (chain-A, position-157, res-LEU)
New vertex id: 94
782 783 784 785 786 787 788 789 
Adding vertex (chain-A, position-158, res-PHE)
New vertex id: 95
790 791 792 793 794 795 796 797 798 799 800 
Adding vertex (chain-A, position-159, res-PHE)
New vertex id: 96
801 802 803 804 805 806 807 808 809 810 811 
Adding vertex (chain-A, position-160, res-HIS)
New vertex id: 97
812 813 814 815 816 817 818 819 820 821 
Adding vertex (chain-A, position-161, res-LYS)
New vertex id: 98
822 823 824 825 826 827 828 829 830 
Adding vertex (chain-A, position-162, res-GLU)
New vertex id: 99
831 832 833 834 835 836 837 838 839 
Adding vertex (chain-A, position-163, res-ASN)
New vertex id: 100
840 841 842 843 844 845 846 847 
Adding vertex (chain-A, position-164, res-ASP)
New vertex id: 101
848 849 850 851 852 853 854 855 
Adding vertex (chain-A, position-165, res-TRP)
New vertex id: 102
856 857 858 859 860 861 862 863 864 865 866 867 868 869 
Adding vertex (chain-A, position-166, res-GLY)
New vertex id: 103
870 871 872 873 
Adding vertex (chain-A, position-167, res-PHE)
New vertex id: 104
874 875 876 877 878 879 880 881 882 883 884 
Adding vertex (chain-A, position-168, res-SER)
New vertex id: 105
885 886 887 888 889 890 
Adding vertex (chain-A, position-169, res-ASN)
New vertex id: 106
891 892 893 894 895 896 897 898 
Adding vertex (chain-A, position-170, res-PHE)
New vertex id: 107
899 900 901 902 903 904 905 906 907 908 909 
Adding vertex (chain-A, position-171, res-MET)
New vertex id: 108
910 911 912 913 914 915 916 917 
Adding vertex (chain-A, position-172, res-ALA)
New vertex id: 109
918 919 920 921 922 
Adding vertex (chain-A, position-173, res-TRP)
New vertex id: 110
923 924 925 926 927 928 929 930 931 932 933 934 935 936 
Adding vertex (chain-A, position-174, res-SER)
New vertex id: 111
937 938 939 940 941 942 
Adding vertex (chain-A, position-175, res-GLU)
New vertex id: 112
943 944 945 946 947 948 949 950 951 
Adding vertex (chain-A, position-176, res-VAL)
New vertex id: 113
952 953 954 955 956 957 958 
Adding vertex (chain-A, position-177, res-THR)
New vertex id: 114
959 960 961 962 963 964 965 
Adding vertex (chain-A, position-178, res-ASP)
New vertex id: 115
966 967 968 969 970 971 972 973 
Adding vertex (chain-A, position-179, res-PRO)
New vertex id: 116
974 975 976 977 978 979 980 
Adding vertex (chain-A, position-180, res-GLU)
New vertex id: 117
981 982 983 984 985 986 987 988 989 
Adding vertex (chain-A, position-181, res-LYS)
New vertex id: 118
990 991 992 993 994 995 996 997 998 
Adding vertex (chain-A, position-182, res-GLY)
New vertex id: 119
999 1000 1001 1002 
Adding vertex (chain-A, position-183, res-PHE)
New vertex id: 120
1003 1004 1005 1006 1007 1008 1009 1010 1011 1012 1013 
Adding vertex (chain-A, position-184, res-ILE)
New vertex id: 121
1014 1015 1016 1017 1018 1019 1020 1021 
Adding vertex (chain-A, position-185, res-ASP)
New vertex id: 122
1022 1023 1024 1025 1026 1027 1028 1029 
Adding vertex (chain-A, position-186, res-ASP)
New vertex id: 123
1030 1031 1032 1033 1034 1035 1036 1037 
Adding vertex (chain-A, position-187, res-ASP)
New vertex id: 124
1038 1039 1040 1041 1042 1043 1044 1045 
Adding vertex (chain-A, position-188, res-LYS)
New vertex id: 125
1046 1047 1048 1049 1050 1051 1052 1053 1054 
Adding vertex (chain-A, position-189, res-VAL)
New vertex id: 126
1055 1056 1057 1058 1059 1060 1061 
Adding vertex (chain-A, position-190, res-THR)
New vertex id: 127
1062 1063 1064 1065 1066 1067 1068 
Adding vertex (chain-A, position-191, res-PHE)
New vertex id: 128
1069 1070 1071 1072 1073 1074 1075 1076 1077 1078 1079 
Adding vertex (chain-A, position-192, res-GLU)
New vertex id: 129
1080 1081 1082 1083 1084 1085 1086 1087 1088 
Adding vertex (chain-A, position-193, res-VAL)
New vertex id: 130
1089 1090 1091 1092 1093 1094 1095 
Adding vertex (chain-A, position-194, res-PHE)
New vertex id: 131
1096 1097 1098 1099 1100 1101 1102 1103 1104 1105 1106 
Adding vertex (chain-A, position-195, res-VAL)
New vertex id: 132
1107 1108 1109 1110 1111 1112 1113 
Adding vertex (chain-A, position-196, res-GLN)
New vertex id: 133
1114 1115 1116 1117 1118 1119 1120 1121 1122 
Adding vertex (chain-A, position-197, res-ALA)
New vertex id: 134
1123 1124 1125 1126 1127 
Adding vertex (chain-A, position-198, res-ASP)
New vertex id: 135
1128 1129 1130 1131 1132 1133 1134 1135 
Adding vertex (chain-A, position-199, res-ALA)
New vertex id: 136
1136 1137 1138 1139 1140 
Adding vertex (chain-A, position-200, res-PRO)
New vertex id: 137
1141 1142 1143 1144 1145 1146 1147 
Adding vertex (chain-A, position-201, res-HIS)
New vertex id: 138
1148 1149 1150 1151 1152 1153 1154 1155 1156 1157 
Adding vertex (chain-A, position-202, res-GLY)
New vertex id: 139
1158 1159 1160 1161 
Adding vertex (chain-A, position-203, res-VAL)
New vertex id: 140
1162 1163 1164 1165 1166 1167 1168 
Adding vertex (chain-A, position-204, res-ALA)
New vertex id: 141
1169 1170 1171 1172 1173 
Adding vertex (chain-A, position-205, res-TRP)
New vertex id: 142
1174 1175 1176 1177 1178 1179 1180 1181 1182 1183 1184 1185 1186 1187 
Adding vertex (chain-A, position-206, res-ASP)
New vertex id: 143
1188 1189 1190 1191 1192 1193 1194 1195 1196 
Graph DONE

( reduce -FLIPs 2FOJ.pdb > 2FOJ.H.pdb ) >& /dev/null
Reduce (-FLIPs) returned 0
( bndlst -Radius0.3 2FOJ.H.pdb > 2FOJ.H.bndlst ) >& /dev/null
BndLst returned 0
Parsing 2FOJ.H.bndlst

bndlst START
Adding bndlst edge: (A_T63_MC -> A_S64_MC) type[cov], weight[1.00] from 0 to 1 dist[1.33]
Adding bndlst edge: (A_T63_MC -> A_R66_MC) type[hb], weight[0.87] from 0 to 3 dist[2.14]
Adding bndlst edge: (A_T63_MC -> A_W65_MC) type[hb], weight[0.51] from 0 to 2 dist[2.80]
Adding bndlst edge: (A_T63_SC -> A_W65_MC) type[hb], weight[0.49] from 0 to 2 dist[2.87]
Adding bndlst edge: (A_T63_SC -> A_S64_MC) type[hb], weight[0.95] from 0 to 1 dist[2.05]
Adding bndlst edge: (A_T63_SC -> A_W65_SC) type[hb], weight[0.37] from 0 to 2 dist[3.29]
Adding bndlst edge: (A_S64_MC -> A_W65_MC) type[cov], weight[1.00] from 1 to 2 dist[1.33]
Adding bndlst edge: (A_S64_MC -> A_N94_MC) type[hb], weight[1.22] from 1 to 31 dist[1.81]
Adding bndlst edge: (A_S64_SC -> A_N94_SC) type[hb], weight[0.82] from 1 to 31 dist[2.21]
Adding bndlst edge: (A_W65_MC -> A_R66_MC) type[cov], weight[1.00] from 2 to 3 dist[1.33]
Adding bndlst edge: (A_W65_SC -> A_N94_SC) type[hb], weight[0.39] from 2 to 31 dist[3.19]
Adding bndlst edge: (A_W65_SC -> A_N94_SC) type[hb], weight[0.42] from 2 to 31 dist[3.08]
Adding bndlst edge: (A_R66_MC -> A_S67_MC) type[cov], weight[1.00] from 3 to 4 dist[1.33]
Adding bndlst edge: (A_R66_MC -> A_R93_MC) type[hb], weight[1.12] from 3 to 30 dist[1.89]
Adding bndlst edge: (A_R66_SC -> A_F91_MC) type[hb], weight[1.25] from 3 to 28 dist[1.79]
Adding bndlst edge: (A_R66_SC -> A_F91_MC) type[hb], weight[0.58] from 3 to 28 dist[2.62]
Adding bndlst edge: (A_R66_SC -> A_C90_SC) type[hb], weight[0.50] from 3 to 27 dist[2.83]
Adding bndlst edge: (A_R66_SC -> A_C90_SC) type[hb], weight[0.41] from 3 to 27 dist[3.12]
Adding bndlst edge: (A_S67_MC -> A_E68_MC) type[cov], weight[1.00] from 4 to 5 dist[1.33]
Adding bndlst edge: (A_S67_MC -> A_A197_MC) type[hb], weight[0.93] from 4 to 134 dist[2.07]
Adding bndlst edge: (A_E68_MC -> A_A69_MC) type[cov], weight[1.00] from 5 to 6 dist[1.33]
Adding bndlst edge: (A_E68_SC -> A_Q196_SC) type[hb], weight[1.05] from 5 to 133 dist[1.95]
Adding bndlst edge: (A_A69_MC -> A_T70_MC) type[cov], weight[1.00] from 6 to 7 dist[1.33]
Adding bndlst edge: (A_A69_MC -> A_V195_MC) type[hb], weight[1.09] from 6 to 132 dist[1.92]
Adding bndlst edge: (A_A69_MC -> A_V195_MC) type[hb], weight[0.84] from 6 to 132 dist[2.18]
Adding bndlst edge: (A_T70_MC -> A_F71_MC) type[cov], weight[1.00] from 7 to 8 dist[1.33]
Adding bndlst edge: (A_F71_MC -> A_Q72_MC) type[cov], weight[1.00] from 8 to 9 dist[1.33]
Adding bndlst edge: (A_F71_MC -> A_V193_MC) type[hb], weight[1.03] from 8 to 130 dist[1.97]
Adding bndlst edge: (A_F71_SC -> A_C90_SC) type[hb], weight[0.43] from 8 to 27 dist[3.06]
Adding bndlst edge: (A_F71_SC -> A_C90_SC) type[hb], weight[0.61] from 8 to 27 dist[2.56]
Adding bndlst edge: (A_F71_MC -> A_V193_MC) type[hb], weight[1.01] from 8 to 130 dist[2.00]
Adding bndlst edge: (A_Q72_MC -> A_F73_MC) type[cov], weight[1.00] from 9 to 10 dist[1.33]
Adding bndlst edge: (A_Q72_SC -> A_E192_SC) type[hb], weight[1.06] from 9 to 129 dist[1.95]
Adding bndlst edge: (A_F73_MC -> A_T74_MC) type[cov], weight[1.00] from 10 to 11 dist[1.33]
Adding bndlst edge: (A_F73_MC -> A_F191_MC) type[hb], weight[1.19] from 10 to 128 dist[1.83]
Adding bndlst edge: (A_F73_MC -> A_F191_MC) type[hb], weight[1.13] from 10 to 128 dist[1.89]
Adding bndlst edge: (A_T74_MC -> A_V75_MC) type[cov], weight[1.00] from 11 to 12 dist[1.33]
Adding bndlst edge: (A_T74_SC -> A_T190_SC) type[hb], weight[1.20] from 11 to 127 dist[1.83]
Adding bndlst edge: (A_V75_MC -> A_E76_MC) type[cov], weight[1.00] from 12 to 13 dist[1.33]
Adding bndlst edge: (A_V75_MC -> A_V189_MC) type[hb], weight[0.85] from 12 to 126 dist[2.17]
Adding bndlst edge: (A_V75_MC -> A_V189_MC) type[hb], weight[1.09] from 12 to 126 dist[1.92]
Adding bndlst edge: (A_E76_MC -> A_R77_MC) type[cov], weight[1.00] from 13 to 14 dist[1.33]
Adding bndlst edge: (A_R77_MC -> A_F78_MC) type[cov], weight[1.00] from 14 to 15 dist[1.33]
Adding bndlst edge: (A_R77_MC -> A_R80_MC) type[hb], weight[0.94] from 14 to 17 dist[2.06]
Adding bndlst edge: (A_R77_MC -> A_D187_MC) type[hb], weight[0.56] from 14 to 124 dist[2.66]
Adding bndlst edge: (A_F78_MC -> A_S79_MC) type[cov], weight[1.00] from 15 to 16 dist[1.33]
Adding bndlst edge: (A_F78_MC -> A_L81_MC) type[hb], weight[1.05] from 15 to 18 dist[1.95]
Adding bndlst edge: (A_F78_MC -> A_R80_MC) type[hb], weight[0.49] from 15 to 17 dist[2.86]
Adding bndlst edge: (A_F78_MC -> A_D187_MC) type[hb], weight[1.07] from 15 to 124 dist[1.94]
Adding bndlst edge: (A_S79_MC -> A_R80_MC) type[cov], weight[1.00] from 16 to 17 dist[1.33]
Adding bndlst edge: (A_S79_MC -> A_D187_SC) type[hb], weight[0.57] from 16 to 124 dist[2.65]
Adding bndlst edge: (A_S79_MC -> A_D187_SC) type[hb], weight[1.06] from 16 to 124 dist[1.94]
Adding bndlst edge: (A_S79_SC -> A_D187_SC) type[hb], weight[1.23] from 16 to 124 dist[1.80]
Adding bndlst edge: (A_S79_SC -> A_D187_SC) type[hb], weight[0.62] from 16 to 124 dist[2.53]
Adding bndlst edge: (A_R80_MC -> A_L81_MC) type[cov], weight[1.00] from 17 to 18 dist[1.33]
Adding bndlst edge: (A_L81_MC -> A_S82_MC) type[cov], weight[1.00] from 18 to 19 dist[1.33]
Adding bndlst edge: (A_S82_MC -> A_E83_MC) type[cov], weight[1.00] from 19 to 20 dist[1.33]
Adding bndlst edge: (A_E83_MC -> A_S84_MC) type[cov], weight[1.00] from 20 to 21 dist[1.32]
Adding bndlst edge: (A_S84_MC -> A_V85_MC) type[cov], weight[1.00] from 21 to 22 dist[1.33]
Adding bndlst edge: (A_V85_MC -> A_L86_MC) type[cov], weight[1.00] from 22 to 23 dist[1.33]
Adding bndlst edge: (A_V85_MC -> A_V101_MC) type[hb], weight[0.98] from 22 to 38 dist[2.02]
Adding bndlst edge: (A_V85_MC -> A_V101_MC) type[hb], weight[1.18] from 22 to 38 dist[1.84]
Adding bndlst edge: (A_L86_MC -> A_S87_MC) type[cov], weight[1.00] from 23 to 24 dist[1.33]
Adding bndlst edge: (A_S87_MC -> A_P88_MC) type[cov], weight[1.00] from 24 to 25 dist[1.34]
Adding bndlst edge: (A_S87_SC -> A_I99_MC) type[hb], weight[1.05] from 24 to 36 dist[1.95]
Adding bndlst edge: (A_S87_MC -> A_I99_MC) type[hb], weight[0.88] from 24 to 36 dist[2.13]
Adding bndlst edge: (A_S87_SC -> A_P88_MC) type[hb], weight[1.09] from 24 to 25 dist[1.91]
Adding bndlst edge: (A_P88_MC -> A_P89_MC) type[cov], weight[1.00] from 25 to 26 dist[1.34]
Adding bndlst edge: (A_P89_MC -> A_C90_MC) type[cov], weight[1.00] from 26 to 27 dist[1.33]
Adding bndlst edge: (A_C90_MC -> A_F91_MC) type[cov], weight[1.00] from 27 to 28 dist[1.33]
Adding bndlst edge: (A_C90_MC -> A_W97_MC) type[hb], weight[1.13] from 27 to 34 dist[1.88]
Adding bndlst edge: (A_C90_MC -> A_W97_MC) type[hb], weight[1.15] from 27 to 34 dist[1.87]
Adding bndlst edge: (A_F91_MC -> A_V92_MC) type[cov], weight[1.00] from 28 to 29 dist[1.33]
Adding bndlst edge: (A_V92_MC -> A_R93_MC) type[cov], weight[1.00] from 29 to 30 dist[1.33]
Adding bndlst edge: (A_V92_MC -> A_W97_SC) type[hb], weight[0.91] from 29 to 34 dist[2.10]
Adding bndlst edge: (A_V92_MC -> A_L95_MC) type[hb], weight[1.00] from 29 to 32 dist[2.00]
Adding bndlst edge: (A_V92_MC -> A_W97_SC) type[hb], weight[0.44] from 29 to 34 dist[3.03]
Adding bndlst edge: (A_V92_MC -> A_L95_MC) type[hb], weight[0.84] from 29 to 32 dist[2.18]
Adding bndlst edge: (A_R93_MC -> A_N94_MC) type[cov], weight[1.00] from 30 to 31 dist[1.33]
Adding bndlst edge: (A_R93_MC -> A_L95_MC) type[hb], weight[0.46] from 30 to 32 dist[2.95]
Adding bndlst edge: (A_R93_SC -> A_A197_MC) type[hb], weight[1.25] from 30 to 134 dist[1.79]
Adding bndlst edge: (A_R93_SC -> A_A197_MC) type[hb], weight[0.50] from 30 to 134 dist[2.83]
Adding bndlst edge: (A_N94_MC -> A_L95_MC) type[cov], weight[1.00] from 31 to 32 dist[1.33]
Adding bndlst edge: (A_L95_MC -> A_P96_MC) type[cov], weight[1.00] from 32 to 33 dist[1.34]
Adding bndlst edge: (A_P96_MC -> A_W97_MC) type[cov], weight[1.00] from 33 to 34 dist[1.33]
Adding bndlst edge: (A_P96_MC -> A_N122_MC) type[hb], weight[1.08] from 33 to 59 dist[1.93]
Adding bndlst edge: (A_W97_MC -> A_K98_MC) type[cov], weight[1.00] from 34 to 35 dist[1.33]
Adding bndlst edge: (A_K98_MC -> A_I99_MC) type[cov], weight[1.00] from 35 to 36 dist[1.33]
Adding bndlst edge: (A_K98_MC -> A_Q120_MC) type[hb], weight[1.19] from 35 to 57 dist[1.83]
Adding bndlst edge: (A_K98_MC -> A_Q120_MC) type[hb], weight[1.11] from 35 to 57 dist[1.90]
Adding bndlst edge: (A_K98_SC -> A_E124_SC) type[salt], weight[0.82] from 35 to 61 dist[2.10]
Adding bndlst edge: (A_I99_MC -> A_M100_MC) type[cov], weight[1.00] from 36 to 37 dist[1.33]
Adding bndlst edge: (A_M100_MC -> A_V101_MC) type[cov], weight[1.00] from 37 to 38 dist[1.33]
Adding bndlst edge: (A_M100_MC -> A_F118_MC) type[hb], weight[1.10] from 37 to 55 dist[1.91]
Adding bndlst edge: (A_M100_MC -> A_F118_MC) type[hb], weight[1.23] from 37 to 55 dist[1.80]
Adding bndlst edge: (A_V101_MC -> A_M102_MC) type[cov], weight[1.00] from 38 to 39 dist[1.33]
Adding bndlst edge: (A_M102_MC -> A_P103_MC) type[cov], weight[1.00] from 39 to 40 dist[1.34]
Adding bndlst edge: (A_M102_MC -> A_G116_MC) type[hb], weight[1.24] from 39 to 53 dist[1.79]
Adding bndlst edge: (A_M102_SC -> A_R104_SC) type[hb], weight[0.59] from 39 to 41 dist[2.60]
Adding bndlst edge: (A_M102_MC -> A_G116_MC) type[hb], weight[0.83] from 39 to 53 dist[2.20]
Adding bndlst edge: (A_P103_MC -> A_R104_MC) type[cov], weight[1.00] from 40 to 41 dist[1.33]
Adding bndlst edge: (A_R104_MC -> A_F105_MC) type[cov], weight[1.00] from 41 to 42 dist[1.33]
Adding bndlst edge: (A_R104_MC -> A_S114_MC) type[hb], weight[1.06] from 41 to 51 dist[1.94]
Adding bndlst edge: (A_R104_MC -> A_S114_MC) type[hb], weight[1.06] from 41 to 51 dist[1.94]
Adding bndlst edge: (A_R104_SC -> A_F118_SC) type[hb], weight[0.46] from 41 to 55 dist[2.95]
Adding bndlst edge: (A_R104_SC -> A_F118_SC) type[hb], weight[0.40] from 41 to 55 dist[3.18]
Adding bndlst edge: (A_F105_MC -> A_Y106_MC) type[cov], weight[1.00] from 42 to 43 dist[1.33]
Adding bndlst edge: (A_Y106_MC -> A_P107_MC) type[cov], weight[1.00] from 43 to 44 dist[1.34]
Adding bndlst edge: (A_Y106_MC -> A_R109_MC) type[hb], weight[0.68] from 43 to 46 dist[2.43]
Adding bndlst edge: (A_Y106_SC -> A_S114_SC) type[hb], weight[0.39] from 43 to 51 dist[3.21]
Adding bndlst edge: (A_Y106_SC -> A_S114_SC) type[hb], weight[0.77] from 43 to 51 dist[2.28]
Adding bndlst edge: (A_Y106_SC -> A_S168_SC) type[hb], weight[0.49] from 43 to 105 dist[2.85]
Adding bndlst edge: (A_Y106_SC -> A_S114_SC) type[hb], weight[0.48] from 43 to 51 dist[2.88]
Adding bndlst edge: (A_Y106_SC -> A_S168_SC) type[hb], weight[0.73] from 43 to 105 dist[2.34]
Adding bndlst edge: (A_Y106_SC -> A_S168_SC) type[cov], weight[1.00] from 43 to 105 dist[1.41]
Adding bndlst edge: (A_Y106_MC -> A_Q112_MC) type[hb], weight[0.76] from 43 to 49 dist[2.29]
Adding bndlst edge: (A_Y106_SC -> A_S168_SC) type[hb], weight[0.49] from 43 to 105 dist[2.86]
Adding bndlst edge: (A_P107_MC -> A_D108_MC) type[cov], weight[1.00] from 44 to 45 dist[1.33]
Adding bndlst edge: (A_D108_MC -> A_R109_MC) type[cov], weight[1.00] from 45 to 46 dist[1.33]
Adding bndlst edge: (A_R109_MC -> A_P110_MC) type[cov], weight[1.00] from 46 to 47 dist[1.40]
Adding bndlst edge: (A_R109_MC -> A_Q112_MC) type[hb], weight[1.06] from 46 to 49 dist[1.94]
Adding bndlst edge: (A_R109_MC -> A_H111_MC) type[hb], weight[0.47] from 46 to 48 dist[2.90]
Adding bndlst edge: (A_R109_SC -> A_N169_SC) type[hb], weight[0.99] from 46 to 106 dist[2.01]
Adding bndlst edge: (A_R109_SC -> A_N169_SC) type[hb], weight[1.17] from 46 to 106 dist[1.85]
Adding bndlst edge: (A_R109_SC -> A_N169_MC) type[hb], weight[0.53] from 46 to 106 dist[2.75]
Adding bndlst edge: (A_P110_MC -> A_H111_MC) type[cov], weight[1.00] from 47 to 48 dist[1.38]
Adding bndlst edge: (A_H111_MC -> A_Q112_MC) type[cov], weight[1.00] from 48 to 49 dist[1.31]
Adding bndlst edge: (A_Q112_MC -> A_K113_MC) type[cov], weight[1.00] from 49 to 50 dist[1.32]
Adding bndlst edge: (A_K113_MC -> A_S114_MC) type[cov], weight[1.00] from 50 to 51 dist[1.33]
Adding bndlst edge: (A_K113_MC -> A_W173_MC) type[hb], weight[1.00] from 50 to 110 dist[2.00]
Adding bndlst edge: (A_S114_MC -> A_V115_MC) type[cov], weight[1.00] from 51 to 52 dist[1.33]
Adding bndlst edge: (A_S114_SC -> A_S168_MC) type[hb], weight[0.53] from 51 to 105 dist[2.75]
Adding bndlst edge: (A_V115_MC -> A_G116_MC) type[cov], weight[1.00] from 52 to 53 dist[1.33]
Adding bndlst edge: (A_V115_MC -> A_M171_MC) type[hb], weight[0.46] from 52 to 108 dist[2.94]
Adding bndlst edge: (A_V115_MC -> A_F170_MC) type[hb], weight[0.77] from 52 to 107 dist[2.27]
Adding bndlst edge: (A_V115_MC -> A_M171_MC) type[hb], weight[1.10] from 52 to 108 dist[1.90]
Adding bndlst edge: (A_G116_MC -> A_F117_MC) type[cov], weight[1.00] from 53 to 54 dist[1.33]
Adding bndlst edge: (A_F117_MC -> A_F118_MC) type[cov], weight[1.00] from 54 to 55 dist[1.33]
Adding bndlst edge: (A_F117_MC -> A_F167_MC) type[hb], weight[1.05] from 54 to 104 dist[1.95]
Adding bndlst edge: (A_F117_SC -> A_F118_MC) type[hb], weight[0.36] from 54 to 55 dist[3.33]
Adding bndlst edge: (A_F117_SC -> A_K139_MC) type[hb], weight[0.37] from 54 to 76 dist[3.29]
Adding bndlst edge: (A_F117_MC -> A_F167_MC) type[hb], weight[1.16] from 54 to 104 dist[1.86]
Adding bndlst edge: (A_F118_MC -> A_L119_MC) type[cov], weight[1.00] from 55 to 56 dist[1.33]
Adding bndlst edge: (A_L119_MC -> A_Q120_MC) type[cov], weight[1.00] from 56 to 57 dist[1.33]
Adding bndlst edge: (A_L119_MC -> A_W165_MC) type[hb], weight[0.91] from 56 to 102 dist[2.09]
Adding bndlst edge: (A_L119_MC -> A_W165_MC) type[hb], weight[1.14] from 56 to 102 dist[1.88]
Adding bndlst edge: (A_Q120_MC -> A_C121_MC) type[cov], weight[1.00] from 57 to 58 dist[1.33]
Adding bndlst edge: (A_C121_MC -> A_N122_MC) type[cov], weight[1.00] from 58 to 59 dist[1.33]
Adding bndlst edge: (A_C121_MC -> A_N163_MC) type[hb], weight[1.19] from 58 to 100 dist[1.84]
Adding bndlst edge: (A_C121_SC -> A_W130_SC) type[hb], weight[0.49] from 58 to 67 dist[2.85]
Adding bndlst edge: (A_C121_SC -> A_W130_SC) type[hb], weight[0.73] from 58 to 67 dist[2.34]
Adding bndlst edge: (A_C121_SC -> A_W130_SC) type[hb], weight[0.38] from 58 to 67 dist[3.26]
Adding bndlst edge: (A_N122_MC -> A_A123_MC) type[cov], weight[1.00] from 59 to 60 dist[1.33]
Adding bndlst edge: (A_N122_MC -> A_S125_MC) type[hb], weight[0.57] from 59 to 62 dist[2.64]
Adding bndlst edge: (A_N122_SC -> A_W130_SC) type[hb], weight[0.37] from 59 to 67 dist[3.28]
Adding bndlst edge: (A_N122_SC -> A_W130_SC) type[hb], weight[0.62] from 59 to 67 dist[2.54]
Adding bndlst edge: (A_N122_SC -> A_W130_SC) type[hb], weight[0.56] from 59 to 67 dist[2.67]
Adding bndlst edge: (A_N122_SC -> A_W130_SC) type[hb], weight[0.51] from 59 to 67 dist[2.79]
Adding bndlst edge: (A_N122_SC -> A_W130_SC) type[hb], weight[0.53] from 59 to 67 dist[2.75]
Adding bndlst edge: (A_N122_SC -> A_W130_SC) type[hb], weight[0.36] from 59 to 67 dist[3.34]
Adding bndlst edge: (A_N122_SC -> A_W130_SC) type[hb], weight[0.62] from 59 to 67 dist[2.55]
Adding bndlst edge: (A_A123_MC -> A_E124_MC) type[cov], weight[1.00] from 60 to 61 dist[1.33]
Adding bndlst edge: (A_E124_MC -> A_S125_MC) type[cov], weight[1.00] from 61 to 62 dist[1.33]
Adding bndlst edge: (A_S125_MC -> A_D126_MC) type[cov], weight[1.00] from 62 to 63 dist[1.33]
Adding bndlst edge: (A_S125_SC -> A_S127_MC) type[hb], weight[0.95] from 62 to 64 dist[2.05]
Adding bndlst edge: (A_S125_SC -> A_D126_MC) type[hb], weight[0.45] from 62 to 63 dist[2.98]
Adding bndlst edge: (A_D126_MC -> A_S127_MC) type[cov], weight[1.00] from 63 to 64 dist[1.33]
Adding bndlst edge: (A_S127_MC -> A_T128_MC) type[cov], weight[1.00] from 64 to 65 dist[1.33]
Adding bndlst edge: (A_S127_MC -> A_W130_SC) type[hb], weight[0.52] from 64 to 67 dist[2.78]
Adding bndlst edge: (A_S127_SC -> A_S129_MC) type[hb], weight[0.82] from 64 to 66 dist[2.21]
Adding bndlst edge: (A_T128_MC -> A_S129_MC) type[cov], weight[1.00] from 65 to 66 dist[1.33]
Adding bndlst edge: (A_S129_MC -> A_W130_MC) type[cov], weight[1.00] from 66 to 67 dist[1.33]
Adding bndlst edge: (A_W130_MC -> A_S131_MC) type[cov], weight[1.00] from 67 to 68 dist[1.33]
Adding bndlst edge: (A_S131_MC -> A_C132_MC) type[cov], weight[1.00] from 68 to 69 dist[1.32]
Adding bndlst edge: (A_C132_MC -> A_H133_MC) type[cov], weight[1.00] from 69 to 70 dist[1.33]
Adding bndlst edge: (A_C132_MC -> A_F158_MC) type[hb], weight[1.13] from 69 to 95 dist[1.88]
Adding bndlst edge: (A_C132_MC -> A_F158_MC) type[hb], weight[0.91] from 69 to 95 dist[2.09]
Adding bndlst edge: (A_H133_MC -> A_A134_MC) type[cov], weight[1.00] from 70 to 71 dist[1.32]
Adding bndlst edge: (A_H133_MC -> A_D198_MC) type[hb], weight[0.84] from 70 to 135 dist[2.19]
Adding bndlst edge: (A_H133_SC -> A_Q135_SC) type[hb], weight[0.46] from 70 to 72 dist[2.96]
Adding bndlst edge: (A_H133_SC -> A_Q135_SC) type[hb], weight[0.52] from 70 to 72 dist[2.77]
Adding bndlst edge: (A_H133_SC -> A_Q135_SC) type[hb], weight[0.52] from 70 to 72 dist[2.78]
Adding bndlst edge: (A_H133_SC -> A_Q135_SC) type[hb], weight[0.37] from 70 to 72 dist[3.28]
Adding bndlst edge: (A_H133_MC -> A_D198_SC) type[hb], weight[1.08] from 70 to 135 dist[1.92]
Adding bndlst edge: (A_H133_SC -> A_S155_SC) type[hb], weight[0.87] from 70 to 92 dist[2.14]
Adding bndlst edge: (A_A134_MC -> A_Q135_MC) type[cov], weight[1.00] from 71 to 72 dist[1.32]
Adding bndlst edge: (A_A134_MC -> A_H156_MC) type[hb], weight[0.97] from 71 to 93 dist[2.03]
Adding bndlst edge: (A_A134_MC -> A_H156_MC) type[hb], weight[1.06] from 71 to 93 dist[1.94]
Adding bndlst edge: (A_Q135_MC -> A_A136_MC) type[cov], weight[1.00] from 72 to 73 dist[1.32]
Adding bndlst edge: (A_Q135_MC -> A_Q196_MC) type[hb], weight[1.15] from 72 to 133 dist[1.86]
Adding bndlst edge: (A_Q135_MC -> A_Q196_MC) type[hb], weight[1.03] from 72 to 133 dist[1.97]
Adding bndlst edge: (A_Q135_SC -> A_S155_SC) type[hb], weight[0.52] from 72 to 92 dist[2.78]
Adding bndlst edge: (A_A136_MC -> A_V137_MC) type[cov], weight[1.00] from 73 to 74 dist[1.32]
Adding bndlst edge: (A_A136_MC -> A_I154_MC) type[hb], weight[1.00] from 73 to 91 dist[2.00]
Adding bndlst edge: (A_A136_MC -> A_I154_MC) type[hb], weight[0.91] from 73 to 91 dist[2.10]
Adding bndlst edge: (A_V137_MC -> A_L138_MC) type[cov], weight[1.00] from 74 to 75 dist[1.33]
Adding bndlst edge: (A_V137_MC -> A_F194_MC) type[hb], weight[0.83] from 74 to 131 dist[2.19]
Adding bndlst edge: (A_V137_MC -> A_F194_MC) type[hb], weight[1.04] from 74 to 131 dist[1.96]
Adding bndlst edge: (A_L138_MC -> A_K139_MC) type[cov], weight[1.00] from 75 to 76 dist[1.33]
Adding bndlst edge: (A_L138_MC -> A_R152_MC) type[hb], weight[1.06] from 75 to 89 dist[1.94]
Adding bndlst edge: (A_L138_MC -> A_R152_MC) type[hb], weight[1.19] from 75 to 89 dist[1.84]
Adding bndlst edge: (A_K139_MC -> A_I140_MC) type[cov], weight[1.00] from 76 to 77 dist[1.33]
Adding bndlst edge: (A_K139_MC -> A_E192_MC) type[hb], weight[1.19] from 76 to 129 dist[1.83]
Adding bndlst edge: (A_K139_MC -> A_E192_MC) type[hb], weight[1.17] from 76 to 129 dist[1.85]
Adding bndlst edge: (A_I140_MC -> A_I141_MC) type[cov], weight[1.00] from 77 to 78 dist[1.33]
Adding bndlst edge: (A_I140_MC -> A_F150_MC) type[hb], weight[0.77] from 77 to 87 dist[2.27]
Adding bndlst edge: (A_I140_MC -> A_F150_MC) type[hb], weight[1.09] from 77 to 87 dist[1.91]
Adding bndlst edge: (A_I141_MC -> A_N142_MC) type[cov], weight[1.00] from 78 to 79 dist[1.33]
Adding bndlst edge: (A_I141_MC -> A_T190_MC) type[hb], weight[0.94] from 78 to 127 dist[2.06]
Adding bndlst edge: (A_N142_MC -> A_Y143_MC) type[cov], weight[1.00] from 79 to 80 dist[1.33]
Adding bndlst edge: (A_N142_MC -> A_D145_MC) type[hb], weight[0.44] from 79 to 82 dist[3.00]
Adding bndlst edge: (A_N142_SC -> A_R144_MC) type[hb], weight[0.66] from 79 to 81 dist[2.45]
Adding bndlst edge: (A_N142_SC -> A_D145_MC) type[hb], weight[0.93] from 79 to 82 dist[2.08]
Adding bndlst edge: (A_N142_MC -> A_S149_SC) type[hb], weight[0.94] from 79 to 86 dist[2.07]
Adding bndlst edge: (A_N142_SC -> A_K181_MC) type[hb], weight[1.01] from 79 to 118 dist[1.99]
Adding bndlst edge: (A_N142_SC -> A_F183_SC) type[hb], weight[0.51] from 79 to 120 dist[2.80]
Adding bndlst edge: (A_N142_SC -> A_F183_SC) type[hb], weight[0.52] from 79 to 120 dist[2.76]
Adding bndlst edge: (A_N142_SC -> A_F183_SC) type[hb], weight[0.38] from 79 to 120 dist[3.26]
Adding bndlst edge: (A_N142_SC -> A_F183_SC) type[hb], weight[0.36] from 79 to 120 dist[3.32]
Adding bndlst edge: (A_N142_SC -> A_K148_MC) type[hb], weight[0.47] from 79 to 85 dist[2.92]
Adding bndlst edge: (A_Y143_MC -> A_R144_MC) type[cov], weight[1.00] from 80 to 81 dist[1.33]
Adding bndlst edge: (A_Y143_SC -> A_T190_SC) type[hb], weight[0.50] from 80 to 127 dist[2.83]
Adding bndlst edge: (A_Y143_SC -> A_T190_SC) type[hb], weight[0.58] from 80 to 127 dist[2.63]
Adding bndlst edge: (A_Y143_SC -> A_T190_SC) type[hb], weight[1.25] from 80 to 127 dist[1.79]
Adding bndlst edge: (A_Y143_SC -> A_T190_MC) type[hb], weight[0.51] from 80 to 127 dist[2.79]
Adding bndlst edge: (A_Y143_MC -> A_G182_MC) type[hb], weight[0.95] from 80 to 119 dist[2.06]
Adding bndlst edge: (A_Y143_SC -> A_K188_MC) type[hb], weight[1.18] from 80 to 125 dist[1.84]
Adding bndlst edge: (A_R144_MC -> A_D145_MC) type[cov], weight[1.00] from 81 to 82 dist[1.33]
Adding bndlst edge: (A_R144_SC -> A_E180_MC) type[hb], weight[0.46] from 81 to 117 dist[2.94]
Adding bndlst edge: (A_R144_SC -> A_E180_MC) type[hb], weight[0.60] from 81 to 117 dist[2.59]
Adding bndlst edge: (A_R144_SC -> A_P179_MC) type[hb], weight[0.91] from 81 to 116 dist[2.10]
Adding bndlst edge: (A_D145_MC -> A_D146_MC) type[cov], weight[1.00] from 82 to 83 dist[1.33]
Adding bndlst edge: (A_D145_MC -> A_K148_MC) type[hb], weight[1.06] from 82 to 85 dist[1.94]
Adding bndlst edge: (A_D145_MC -> A_E147_MC) type[hb], weight[0.48] from 82 to 84 dist[2.88]
Adding bndlst edge: (A_D145_SC -> A_E147_MC) type[hb], weight[1.25] from 82 to 84 dist[1.79]
Adding bndlst edge: (A_D146_MC -> A_E147_MC) type[cov], weight[1.00] from 83 to 84 dist[1.33]
Adding bndlst edge: (A_D146_MC -> A_S149_MC) type[hb], weight[0.47] from 83 to 86 dist[2.91]
Adding bndlst edge: (A_D146_SC -> A_E147_MC) type[hb], weight[0.59] from 83 to 84 dist[2.60]
Adding bndlst edge: (A_E147_MC -> A_K148_MC) type[cov], weight[1.00] from 84 to 85 dist[1.33]
Adding bndlst edge: (A_K148_MC -> A_S149_MC) type[cov], weight[1.00] from 85 to 86 dist[1.33]
Adding bndlst edge: (A_S149_MC -> A_F150_MC) type[cov], weight[1.00] from 86 to 87 dist[1.33]
Adding bndlst edge: (A_F150_MC -> A_S151_MC) type[cov], weight[1.00] from 87 to 88 dist[1.33]
Adding bndlst edge: (A_S151_MC -> A_R152_MC) type[cov], weight[1.00] from 88 to 89 dist[1.33]
Adding bndlst edge: (A_R152_MC -> A_R153_MC) type[cov], weight[1.00] from 89 to 90 dist[1.33]
Adding bndlst edge: (A_R152_SC -> A_F167_SC) type[hb], weight[0.41] from 89 to 104 dist[3.13]
Adding bndlst edge: (A_R153_MC -> A_I154_MC) type[cov], weight[1.00] from 90 to 91 dist[1.33]
Adding bndlst edge: (A_I154_MC -> A_S155_MC) type[cov], weight[1.00] from 91 to 92 dist[1.33]
Adding bndlst edge: (A_S155_MC -> A_H156_MC) type[cov], weight[1.00] from 92 to 93 dist[1.33]
Adding bndlst edge: (A_H156_MC -> A_L157_MC) type[cov], weight[1.00] from 93 to 94 dist[1.33]
Adding bndlst edge: (A_H156_MC -> A_F158_MC) type[hb], weight[0.46] from 93 to 95 dist[2.95]
Adding bndlst edge: (A_H156_SC -> A_L157_MC) type[hb], weight[0.42] from 93 to 94 dist[3.09]
Adding bndlst edge: (A_H156_SC -> A_L157_MC) type[hb], weight[0.42] from 93 to 94 dist[3.08]
Adding bndlst edge: (A_H156_SC -> A_E162_MC) type[hb], weight[1.02] from 93 to 99 dist[1.98]
Adding bndlst edge: (A_L157_MC -> A_F158_MC) type[cov], weight[1.00] from 94 to 95 dist[1.33]
Adding bndlst edge: (A_F158_MC -> A_F159_MC) type[cov], weight[1.00] from 95 to 96 dist[1.33]
Adding bndlst edge: (A_F159_MC -> A_H160_MC) type[cov], weight[1.00] from 96 to 97 dist[1.33]
Adding bndlst edge: (A_F159_MC -> A_E162_MC) type[hb], weight[0.83] from 96 to 99 dist[2.19]
Adding bndlst edge: (A_F159_SC -> A_K161_MC) type[hb], weight[0.38] from 96 to 98 dist[3.27]
Adding bndlst edge: (A_F159_SC -> A_K161_MC) type[hb], weight[0.57] from 96 to 98 dist[2.64]
Adding bndlst edge: (A_F159_SC -> A_K161_MC) type[hb], weight[0.48] from 96 to 98 dist[2.88]
Adding bndlst edge: (A_F159_MC -> A_E162_MC) type[hb], weight[0.68] from 96 to 99 dist[2.43]
Adding bndlst edge: (A_H160_MC -> A_K161_MC) type[cov], weight[1.00] from 97 to 98 dist[1.33]
Adding bndlst edge: (A_H160_SC -> A_K161_MC) type[hb], weight[0.43] from 97 to 98 dist[3.04]
Adding bndlst edge: (A_H160_SC -> A_K161_MC) type[hb], weight[0.44] from 97 to 98 dist[3.03]
Adding bndlst edge: (A_K161_MC -> A_E162_MC) type[cov], weight[1.00] from 98 to 99 dist[1.33]
Adding bndlst edge: (A_E162_MC -> A_N163_MC) type[cov], weight[1.00] from 99 to 100 dist[1.33]
Adding bndlst edge: (A_N163_MC -> A_D164_MC) type[cov], weight[1.00] from 100 to 101 dist[1.33]
Adding bndlst edge: (A_D164_MC -> A_W165_MC) type[cov], weight[1.00] from 101 to 102 dist[1.33]
Adding bndlst edge: (A_W165_MC -> A_G166_MC) type[cov], weight[1.00] from 102 to 103 dist[1.33]
Adding bndlst edge: (A_G166_MC -> A_F167_MC) type[cov], weight[1.00] from 103 to 104 dist[1.33]
Adding bndlst edge: (A_F167_MC -> A_S168_MC) type[cov], weight[1.00] from 104 to 105 dist[1.33]
Adding bndlst edge: (A_S168_MC -> A_N169_MC) type[cov], weight[1.00] from 105 to 106 dist[1.33]
Adding bndlst edge: (A_N169_MC -> A_F170_MC) type[cov], weight[1.00] from 106 to 107 dist[1.33]
Adding bndlst edge: (A_F170_MC -> A_M171_MC) type[cov], weight[1.00] from 107 to 108 dist[1.33]
Adding bndlst edge: (A_M171_MC -> A_A172_MC) type[cov], weight[1.00] from 108 to 109 dist[1.33]
Adding bndlst edge: (A_A172_MC -> A_W173_MC) type[cov], weight[1.00] from 109 to 110 dist[1.33]
Adding bndlst edge: (A_A172_MC -> A_V176_MC) type[hb], weight[0.89] from 109 to 113 dist[2.12]
Adding bndlst edge: (A_A172_MC -> A_E175_MC) type[hb], weight[0.77] from 109 to 112 dist[2.27]
Adding bndlst edge: (A_W173_MC -> A_S174_MC) type[cov], weight[1.00] from 110 to 111 dist[1.33]
Adding bndlst edge: (A_W173_MC -> A_T177_SC) type[hb], weight[1.34] from 110 to 114 dist[1.73]
Adding bndlst edge: (A_W173_MC -> A_T177_MC) type[hb], weight[0.79] from 110 to 114 dist[2.25]
Adding bndlst edge: (A_S174_MC -> A_E175_MC) type[cov], weight[1.00] from 111 to 112 dist[1.33]
Adding bndlst edge: (A_S174_MC -> A_D178_MC) type[hb], weight[0.47] from 111 to 115 dist[2.92]
Adding bndlst edge: (A_E175_MC -> A_V176_MC) type[cov], weight[1.00] from 112 to 113 dist[1.33]
Adding bndlst edge: (A_E175_MC -> A_D178_MC) type[hb], weight[0.82] from 112 to 115 dist[2.21]
Adding bndlst edge: (A_V176_MC -> A_T177_MC) type[cov], weight[1.00] from 113 to 114 dist[1.33]
Adding bndlst edge: (A_T177_MC -> A_D178_MC) type[cov], weight[1.00] from 114 to 115 dist[1.33]
Adding bndlst edge: (A_D178_MC -> A_P179_MC) type[cov], weight[1.00] from 115 to 116 dist[1.34]
Adding bndlst edge: (A_D178_MC -> A_K181_MC) type[hb], weight[1.03] from 115 to 118 dist[1.97]
Adding bndlst edge: (A_D178_MC -> A_E180_MC) type[hb], weight[0.81] from 115 to 117 dist[2.22]
Adding bndlst edge: (A_D178_SC -> A_E180_MC) type[hb], weight[1.09] from 115 to 117 dist[1.92]
Adding bndlst edge: (A_P179_MC -> A_E180_MC) type[cov], weight[1.00] from 116 to 117 dist[1.33]
Adding bndlst edge: (A_E180_MC -> A_K181_MC) type[cov], weight[1.00] from 117 to 118 dist[1.33]
Adding bndlst edge: (A_K181_MC -> A_G182_MC) type[cov], weight[1.00] from 118 to 119 dist[1.33]
Adding bndlst edge: (A_G182_MC -> A_F183_MC) type[cov], weight[1.00] from 119 to 120 dist[1.33]
Adding bndlst edge: (A_F183_MC -> A_I184_MC) type[cov], weight[1.00] from 120 to 121 dist[1.32]
Adding bndlst edge: (A_I184_MC -> A_D185_MC) type[cov], weight[1.00] from 121 to 122 dist[1.33]
Adding bndlst edge: (A_D185_MC -> A_D186_MC) type[cov], weight[1.00] from 122 to 123 dist[1.33]
Adding bndlst edge: (A_D185_MC -> A_K188_MC) type[hb], weight[0.85] from 122 to 125 dist[2.17]
Adding bndlst edge: (A_D185_MC -> A_K188_MC) type[hb], weight[0.86] from 122 to 125 dist[2.16]
Adding bndlst edge: (A_D186_MC -> A_D187_MC) type[cov], weight[1.00] from 123 to 124 dist[1.33]
Adding bndlst edge: (A_D187_MC -> A_K188_MC) type[cov], weight[1.00] from 124 to 125 dist[1.33]
Adding bndlst edge: (A_K188_MC -> A_V189_MC) type[cov], weight[1.00] from 125 to 126 dist[1.33]
Adding bndlst edge: (A_V189_MC -> A_T190_MC) type[cov], weight[1.00] from 126 to 127 dist[1.33]
Adding bndlst edge: (A_T190_MC -> A_F191_MC) type[cov], weight[1.00] from 127 to 128 dist[1.33]
Adding bndlst edge: (A_F191_MC -> A_E192_MC) type[cov], weight[1.00] from 128 to 129 dist[1.32]
Adding bndlst edge: (A_E192_MC -> A_V193_MC) type[cov], weight[1.00] from 129 to 130 dist[1.33]
Adding bndlst edge: (A_V193_MC -> A_F194_MC) type[cov], weight[1.00] from 130 to 131 dist[1.33]
Adding bndlst edge: (A_F194_MC -> A_V195_MC) type[cov], weight[1.00] from 131 to 132 dist[1.33]
Adding bndlst edge: (A_V195_MC -> A_Q196_MC) type[cov], weight[1.00] from 132 to 133 dist[1.33]
Adding bndlst edge: (A_Q196_MC -> A_A197_MC) type[cov], weight[1.00] from 133 to 134 dist[1.33]
Adding bndlst edge: (A_A197_MC -> A_D198_MC) type[cov], weight[1.00] from 134 to 135 dist[1.33]
Adding bndlst edge: (A_D198_MC -> A_A199_MC) type[cov], weight[1.00] from 135 to 136 dist[1.32]
Adding bndlst edge: (A_A199_MC -> A_P200_MC) type[cov], weight[1.00] from 136 to 137 dist[1.33]
Adding bndlst edge: (A_P200_MC -> A_H201_MC) type[cov], weight[1.00] from 137 to 138 dist[1.33]
Adding bndlst edge: (A_H201_MC -> A_G202_MC) type[cov], weight[1.00] from 138 to 139 dist[1.33]
Adding bndlst edge: (A_H201_SC -> A_V203_MC) type[hb], weight[0.49] from 138 to 140 dist[2.85]
Adding bndlst edge: (A_H201_SC -> A_V203_MC) type[hb], weight[1.15] from 138 to 140 dist[1.86]
Adding bndlst edge: (A_H201_SC -> A_V203_MC) type[hb], weight[0.47] from 138 to 140 dist[2.93]
Adding bndlst edge: (A_G202_MC -> A_V203_MC) type[cov], weight[1.00] from 139 to 140 dist[1.32]
Adding bndlst edge: (A_G202_MC -> A_A204_MC) type[hb], weight[0.67] from 139 to 141 dist[2.45]
Adding bndlst edge: (A_V203_MC -> A_A204_MC) type[cov], weight[1.00] from 140 to 141 dist[1.33]
Adding bndlst edge: (A_A204_MC -> A_W205_MC) type[cov], weight[1.00] from 141 to 142 dist[1.32]
Adding bndlst edge: (A_W205_MC -> A_D206_MC) type[cov], weight[1.00] from 142 to 143 dist[1.33]

bndlst DONE

Producing PAJEK network
printing pajek edge (A_190_THR,A_191_PHE)
printing pajek edge (A_95_LEU,A_96_PRO)
printing pajek edge (A_153_ARG,A_154_ILE)
printing pajek edge (A_181_LYS,A_182_GLY)
printing pajek edge (A_134_ALA,A_156_HIS)
printing pajek edge (A_134_ALA,A_135_GLN)
printing pajek edge (A_165_TRP,A_166_GLY)
printing pajek edge (A_81_LEU,A_82_SER)
printing pajek edge (A_188_LYS,A_189_VAL)
printing pajek edge (A_79_SER,A_187_ASP)
printing pajek edge (A_79_SER,A_80_ARG)
printing pajek edge (A_107_PRO,A_108_ASP)
printing pajek edge (A_118_PHE,A_119_LEU)
printing pajek edge (A_147_GLU,A_148_LYS)
printing pajek edge (A_90_CYS,A_97_TRP)
printing pajek edge (A_90_CYS,A_91_PHE)
printing pajek edge (A_158_PHE,A_159_PHE)
printing pajek edge (A_120_GLN,A_121_CYS)
printing pajek edge (A_83_GLU,A_84_SER)
printing pajek edge (A_172_ALA,A_175_GLU)
printing pajek edge (A_172_ALA,A_176_VAL)
printing pajek edge (A_172_ALA,A_173_TRP)
printing pajek edge (A_152_ARG,A_167_PHE)
printing pajek edge (A_152_ARG,A_153_ARG)
printing pajek edge (A_94_ASN,A_95_LEU)
printing pajek edge (A_98_LYS,A_120_GLN)
printing pajek edge (A_98_LYS,A_99_ILE)
printing pajek edge (A_98_LYS,A_124_GLU)
printing pajek edge (A_74_THR,A_190_THR)
printing pajek edge (A_74_THR,A_75_VAL)
printing pajek edge (A_141_ILE,A_190_THR)
printing pajek edge (A_141_ILE,A_142_ASN)
printing pajek edge (A_156_HIS,A_162_GLU)
printing pajek edge (A_156_HIS,A_158_PHE)
printing pajek edge (A_156_HIS,A_157_LEU)
printing pajek edge (A_156_HIS,A_157_LEU)
printing pajek edge (A_169_ASN,A_170_PHE)
printing pajek edge (A_128_THR,A_129_SER)
printing pajek edge (A_92_VAL,A_95_LEU)
printing pajek edge (A_92_VAL,A_97_TRP)
printing pajek edge (A_92_VAL,A_93_ARG)
printing pajek edge (A_201_HIS,A_202_GLY)
printing pajek edge (A_201_HIS,A_203_VAL)
printing pajek edge (A_177_THR,A_178_ASP)
printing pajek edge (A_121_CYS,A_122_ASN)
printing pajek edge (A_121_CYS,A_130_TRP)
printing pajek edge (A_121_CYS,A_163_ASN)
printing pajek edge (A_78_PHE,A_187_ASP)
printing pajek edge (A_78_PHE,A_81_LEU)
printing pajek edge (A_78_PHE,A_79_SER)
printing pajek edge (A_78_PHE,A_80_ARG)
printing pajek edge (A_200_PRO,A_201_HIS)
printing pajek edge (A_144_ARG,A_179_PRO)
printing pajek edge (A_144_ARG,A_180_GLU)
printing pajek edge (A_144_ARG,A_145_ASP)
printing pajek edge (A_123_ALA,A_124_GLU)
printing pajek edge (A_164_ASP,A_165_TRP)
printing pajek edge (A_136_ALA,A_137_VAL)
printing pajek edge (A_136_ALA,A_154_ILE)
printing pajek edge (A_149_SER,A_150_PHE)
printing pajek edge (A_139_LYS,A_140_ILE)
printing pajek edge (A_139_LYS,A_192_GLU)
printing pajek edge (A_125_SER,A_126_ASP)
printing pajek edge (A_125_SER,A_126_ASP)
printing pajek edge (A_125_SER,A_127_SER)
printing pajek edge (A_130_TRP,A_131_SER)
printing pajek edge (A_202_GLY,A_204_ALA)
printing pajek edge (A_202_GLY,A_203_VAL)
printing pajek edge (A_192_GLU,A_193_VAL)
printing pajek edge (A_65_TRP,A_66_ARG)
printing pajek edge (A_65_TRP,A_94_ASN)
printing pajek edge (A_80_ARG,A_81_LEU)
printing pajek edge (A_173_TRP,A_177_THR)
printing pajek edge (A_173_TRP,A_174_SER)
printing pajek edge (A_145_ASP,A_147_GLU)
printing pajek edge (A_145_ASP,A_148_LYS)
printing pajek edge (A_145_ASP,A_146_ASP)
printing pajek edge (A_198_ASP,A_199_ALA)
printing pajek edge (A_77_ARG,A_187_ASP)
printing pajek edge (A_77_ARG,A_80_ARG)
printing pajek edge (A_77_ARG,A_78_PHE)
printing pajek edge (A_175_GLU,A_178_ASP)
printing pajek edge (A_175_GLU,A_176_VAL)
printing pajek edge (A_132_CYS,A_158_PHE)
printing pajek edge (A_132_CYS,A_133_HIS)
printing pajek edge (A_112_GLN,A_113_LYS)
printing pajek edge (A_87_SER,A_88_PRO)
printing pajek edge (A_87_SER,A_88_PRO)
printing pajek edge (A_87_SER,A_99_ILE)
printing pajek edge (A_203_VAL,A_204_ALA)
printing pajek edge (A_187_ASP,A_188_LYS)
printing pajek edge (A_167_PHE,A_168_SER)
printing pajek edge (A_194_PHE,A_195_VAL)
printing pajek edge (A_184_ILE,A_185_ASP)
printing pajek edge (A_142_ASN,A_144_ARG)
printing pajek edge (A_142_ASN,A_148_LYS)
printing pajek edge (A_142_ASN,A_183_PHE)
printing pajek edge (A_142_ASN,A_181_LYS)
printing pajek edge (A_142_ASN,A_149_SER)
printing pajek edge (A_142_ASN,A_143_TYR)
printing pajek edge (A_142_ASN,A_145_ASP)
printing pajek edge (A_63_THR,A_64_SER)
printing pajek edge (A_63_THR,A_64_SER)
printing pajek edge (A_63_THR,A_66_ARG)
printing pajek edge (A_63_THR,A_65_TRP)
printing pajek edge (A_86_LEU,A_87_SER)
printing pajek edge (A_159_PHE,A_161_LYS)
printing pajek edge (A_159_PHE,A_162_GLU)
printing pajek edge (A_159_PHE,A_160_HIS)
printing pajek edge (A_189_VAL,A_190_THR)
printing pajek edge (A_110_PRO,A_111_HIS)
printing pajek edge (A_71_PHE,A_90_CYS)
printing pajek edge (A_71_PHE,A_193_VAL)
printing pajek edge (A_71_PHE,A_72_GLN)
printing pajek edge (A_161_LYS,A_162_GLU)
printing pajek edge (A_100_MET,A_101_VAL)
printing pajek edge (A_100_MET,A_118_PHE)
printing pajek edge (A_180_GLU,A_181_LYS)
printing pajek edge (A_106_TYR,A_112_GLN)
printing pajek edge (A_106_TYR,A_109_ARG)
printing pajek edge (A_106_TYR,A_114_SER)
printing pajek edge (A_106_TYR,A_168_SER)
printing pajek edge (A_106_TYR,A_168_SER)
printing pajek edge (A_106_TYR,A_107_PRO)
printing pajek edge (A_68_GLU,A_69_ALA)
printing pajek edge (A_68_GLU,A_196_GLN)
printing pajek edge (A_96_PRO,A_122_ASN)
printing pajek edge (A_96_PRO,A_97_TRP)
printing pajek edge (A_84_SER,A_85_VAL)
printing pajek edge (A_126_ASP,A_127_SER)
printing pajek edge (A_70_THR,A_71_PHE)
printing pajek edge (A_89_PRO,A_90_CYS)
printing pajek edge (A_143_TYR,A_182_GLY)
printing pajek edge (A_143_TYR,A_144_ARG)
printing pajek edge (A_143_TYR,A_190_THR)
printing pajek edge (A_143_TYR,A_188_LYS)
printing pajek edge (A_182_GLY,A_183_PHE)
printing pajek edge (A_162_GLU,A_163_ASN)
printing pajek edge (A_135_GLN,A_155_SER)
printing pajek edge (A_135_GLN,A_136_ALA)
printing pajek edge (A_135_GLN,A_196_GLN)
printing pajek edge (A_137_VAL,A_194_PHE)
printing pajek edge (A_137_VAL,A_138_LEU)
printing pajek edge (A_124_GLU,A_125_SER)
printing pajek edge (A_171_MET,A_172_ALA)
printing pajek edge (A_178_ASP,A_179_PRO)
printing pajek edge (A_178_ASP,A_181_LYS)
printing pajek edge (A_178_ASP,A_180_GLU)
printing pajek edge (A_155_SER,A_156_HIS)
printing pajek edge (A_166_GLY,A_167_PHE)
printing pajek edge (A_73_PHE,A_191_PHE)
printing pajek edge (A_73_PHE,A_74_THR)
printing pajek edge (A_176_VAL,A_177_THR)
printing pajek edge (A_205_TRP,A_206_ASP)
printing pajek edge (A_154_ILE,A_155_SER)
printing pajek edge (A_111_HIS,A_112_GLN)
printing pajek edge (A_170_PHE,A_171_MET)
printing pajek edge (A_150_PHE,A_151_SER)
printing pajek edge (A_140_ILE,A_150_PHE)
printing pajek edge (A_140_ILE,A_141_ILE)
printing pajek edge (A_196_GLN,A_197_ALA)
printing pajek edge (A_186_ASP,A_187_ASP)
printing pajek edge (A_113_LYS,A_114_SER)
printing pajek edge (A_113_LYS,A_173_TRP)
printing pajek edge (A_102_MET,A_116_GLY)
printing pajek edge (A_102_MET,A_103_PRO)
printing pajek edge (A_102_MET,A_104_ARG)
printing pajek edge (A_127_SER,A_130_TRP)
printing pajek edge (A_127_SER,A_129_SER)
printing pajek edge (A_127_SER,A_128_THR)
printing pajek edge (A_160_HIS,A_161_LYS)
printing pajek edge (A_160_HIS,A_161_LYS)
printing pajek edge (A_75_VAL,A_76_GLU)
printing pajek edge (A_75_VAL,A_189_VAL)
printing pajek edge (A_104_ARG,A_105_PHE)
printing pajek edge (A_104_ARG,A_114_SER)
printing pajek edge (A_104_ARG,A_118_PHE)
printing pajek edge (A_115_VAL,A_116_GLY)
printing pajek edge (A_115_VAL,A_171_MET)
printing pajek edge (A_115_VAL,A_170_PHE)
printing pajek edge (A_119_LEU,A_120_GLN)
printing pajek edge (A_119_LEU,A_165_TRP)
printing pajek edge (A_108_ASP,A_109_ARG)
printing pajek edge (A_129_SER,A_130_TRP)
printing pajek edge (A_82_SER,A_83_GLU)
printing pajek edge (A_117_PHE,A_167_PHE)
printing pajek edge (A_117_PHE,A_139_LYS)
printing pajek edge (A_117_PHE,A_118_PHE)
printing pajek edge (A_117_PHE,A_118_PHE)
printing pajek edge (A_133_HIS,A_155_SER)
printing pajek edge (A_133_HIS,A_135_GLN)
printing pajek edge (A_133_HIS,A_134_ALA)
printing pajek edge (A_133_HIS,A_198_ASP)
printing pajek edge (A_131_SER,A_132_CYS)
printing pajek edge (A_64_SER,A_94_ASN)
printing pajek edge (A_64_SER,A_65_TRP)
printing pajek edge (A_199_ALA,A_200_PRO)
printing pajek edge (A_151_SER,A_152_ARG)
printing pajek edge (A_179_PRO,A_180_GLU)
printing pajek edge (A_204_ALA,A_205_TRP)
printing pajek edge (A_93_ARG,A_95_LEU)
printing pajek edge (A_93_ARG,A_197_ALA)
printing pajek edge (A_93_ARG,A_94_ASN)
printing pajek edge (A_163_ASN,A_164_ASP)
printing pajek edge (A_191_PHE,A_192_GLU)
printing pajek edge (A_88_PRO,A_89_PRO)
printing pajek edge (A_91_PHE,A_92_VAL)
printing pajek edge (A_183_PHE,A_184_ILE)
printing pajek edge (A_197_ALA,A_198_ASP)
printing pajek edge (A_103_PRO,A_104_ARG)
printing pajek edge (A_138_LEU,A_152_ARG)
printing pajek edge (A_138_LEU,A_139_LYS)
printing pajek edge (A_146_ASP,A_147_GLU)
printing pajek edge (A_146_ASP,A_147_GLU)
printing pajek edge (A_146_ASP,A_149_SER)
printing pajek edge (A_122_ASN,A_130_TRP)
printing pajek edge (A_122_ASN,A_123_ALA)
printing pajek edge (A_122_ASN,A_125_SER)
printing pajek edge (A_193_VAL,A_194_PHE)
printing pajek edge (A_116_GLY,A_117_PHE)
printing pajek edge (A_185_ASP,A_186_ASP)
printing pajek edge (A_185_ASP,A_188_LYS)
printing pajek edge (A_105_PHE,A_106_TYR)
printing pajek edge (A_85_VAL,A_101_VAL)
printing pajek edge (A_85_VAL,A_86_LEU)
printing pajek edge (A_109_ARG,A_169_ASN)
printing pajek edge (A_109_ARG,A_112_GLN)
printing pajek edge (A_109_ARG,A_111_HIS)
printing pajek edge (A_109_ARG,A_110_PRO)
printing pajek edge (A_76_GLU,A_77_ARG)
printing pajek edge (A_168_SER,A_169_ASN)
printing pajek edge (A_69_ALA,A_195_VAL)
printing pajek edge (A_69_ALA,A_70_THR)
printing pajek edge (A_148_LYS,A_149_SER)
printing pajek edge (A_99_ILE,A_100_MET)
printing pajek edge (A_66_ARG,A_90_CYS)
printing pajek edge (A_66_ARG,A_67_SER)
printing pajek edge (A_66_ARG,A_91_PHE)
printing pajek edge (A_66_ARG,A_93_ARG)
printing pajek edge (A_157_LEU,A_158_PHE)
printing pajek edge (A_114_SER,A_115_VAL)
printing pajek edge (A_114_SER,A_168_SER)
printing pajek edge (A_72_GLN,A_192_GLU)
printing pajek edge (A_72_GLN,A_73_PHE)
printing pajek edge (A_174_SER,A_175_GLU)
printing pajek edge (A_174_SER,A_178_ASP)
printing pajek edge (A_101_VAL,A_102_MET)
printing pajek edge (A_67_SER,A_197_ALA)
printing pajek edge (A_67_SER,A_68_GLU)
printing pajek edge (A_97_TRP,A_98_LYS)
printing pajek edge (A_195_VAL,A_196_GLN)
