Graph START

Adding vertex (chain-A, position-1, res-HIS)
New vertex id: 0
1 2 3 4 5 6 7 8 9 10 
Adding vertex (chain-A, position-2, res-HIS)
New vertex id: 1
11 12 13 14 15 16 17 18 19 20 
Adding vertex (chain-A, position-3, res-HIS)
New vertex id: 2
21 22 23 24 25 26 27 28 29 30 
Adding vertex (chain-A, position-4, res-HIS)
New vertex id: 3
31 32 33 34 35 36 37 38 39 40 
Adding vertex (chain-A, position-5, res-HIS)
New vertex id: 4
41 42 43 44 45 46 47 48 49 50 
Adding vertex (chain-A, position-6, res-GLU)
New vertex id: 5
51 52 53 54 55 56 57 58 59 
Adding vertex (chain-A, position-7, res-GLU)
New vertex id: 6
60 61 62 63 64 65 66 67 68 
Adding vertex (chain-A, position-8, res-THR)
New vertex id: 7
69 70 71 72 73 74 75 
Adding vertex (chain-A, position-9, res-LEU)
New vertex id: 8
76 77 78 79 80 81 82 83 
Adding vertex (chain-A, position-10, res-LEU)
New vertex id: 9
84 85 86 87 88 89 90 91 
Adding vertex (chain-A, position-11, res-ASN)
New vertex id: 10
92 93 94 95 96 97 98 99 
Adding vertex (chain-A, position-12, res-THR)
New vertex id: 11
100 101 102 103 104 105 106 
Adding vertex (chain-A, position-13, res-LYS)
New vertex id: 12
107 108 109 110 111 112 113 114 115 
Adding vertex (chain-A, position-14, res-LEU)
New vertex id: 13
116 117 118 119 120 121 122 123 
Adding vertex (chain-A, position-15, res-GLU)
New vertex id: 14
124 125 126 127 128 129 130 131 132 
Adding vertex (chain-A, position-16, res-THR)
New vertex id: 15
133 134 135 136 137 138 139 
Adding vertex (chain-A, position-17, res-ALA)
New vertex id: 16
140 141 142 143 144 
Adding vertex (chain-A, position-18, res-ASP)
New vertex id: 17
145 146 147 148 149 150 151 152 
Adding vertex (chain-A, position-19, res-LEU)
New vertex id: 18
153 154 155 156 157 158 159 160 
Adding vertex (chain-A, position-20, res-LYS)
New vertex id: 19
161 162 163 164 165 
Adding vertex (chain-A, position-21, res-TRP)
New vertex id: 20
166 167 168 169 170 171 172 173 174 175 176 177 178 179 
Adding vertex (chain-A, position-22, res-VAL)
New vertex id: 21
180 181 182 183 184 185 186 
Adding vertex (chain-A, position-23, res-THR)
New vertex id: 22
187 188 189 190 191 192 193 
Adding vertex (chain-A, position-24, res-PHE)
New vertex id: 23
194 195 196 197 198 199 200 201 202 203 204 
Adding vertex (chain-A, position-25, res-PRO)
New vertex id: 24
205 206 207 208 209 210 211 
Adding vertex (chain-A, position-26, res-GLN)
New vertex id: 25
212 213 214 215 216 217 218 219 220 
Adding vertex (chain-A, position-27, res-VAL)
New vertex id: 26
221 222 223 224 225 226 227 
Adding vertex (chain-A, position-28, res-ASP)
New vertex id: 27
228 229 230 231 232 233 234 235 
Adding vertex (chain-A, position-29, res-GLY)
New vertex id: 28
236 237 238 239 
Adding vertex (chain-A, position-30, res-GLN)
New vertex id: 29
240 241 242 243 244 245 246 247 248 
Adding vertex (chain-A, position-31, res-TRP)
New vertex id: 30
249 250 251 252 253 254 255 256 257 258 259 260 261 262 
Adding vertex (chain-A, position-32, res-GLU)
New vertex id: 31
263 264 265 266 267 268 269 270 271 
Adding vertex (chain-A, position-33, res-GLU)
New vertex id: 32
272 273 274 275 276 277 278 279 280 
Adding vertex (chain-A, position-34, res-LEU)
New vertex id: 33
281 282 283 284 285 286 287 288 
Adding vertex (chain-A, position-35, res-SER)
New vertex id: 34
289 290 291 292 293 294 
Adding vertex (chain-A, position-36, res-GLY)
New vertex id: 35
295 296 297 298 
Adding vertex (chain-A, position-37, res-LEU)
New vertex id: 36
299 300 301 302 303 304 305 306 
Adding vertex (chain-A, position-38, res-ASP)
New vertex id: 37
307 308 309 310 311 312 313 314 
Adding vertex (chain-A, position-39, res-GLU)
New vertex id: 38
315 316 317 318 319 320 321 322 323 
Adding vertex (chain-A, position-40, res-GLU)
New vertex id: 39
324 325 326 327 328 329 330 331 332 
Adding vertex (chain-A, position-41, res-GLN)
New vertex id: 40
333 334 335 336 337 
Adding vertex (chain-A, position-42, res-HIS)
New vertex id: 41
338 339 340 341 342 343 344 345 346 347 
Adding vertex (chain-A, position-43, res-SER)
New vertex id: 42
348 349 350 351 352 353 
Adding vertex (chain-A, position-44, res-VAL)
New vertex id: 43
354 355 356 357 358 359 360 
Adding vertex (chain-A, position-45, res-ARG)
New vertex id: 44
361 362 363 364 365 366 367 368 369 370 371 
Adding vertex (chain-A, position-46, res-THR)
New vertex id: 45
372 373 374 375 376 377 378 
Adding vertex (chain-A, position-47, res-TYR)
New vertex id: 46
379 380 381 382 383 384 385 386 387 388 389 390 
Adding vertex (chain-A, position-48, res-GLU)
New vertex id: 47
391 392 393 394 395 396 397 398 399 
Adding vertex (chain-A, position-49, res-VAL)
New vertex id: 48
400 401 402 403 404 405 406 
Adding vertex (chain-A, position-50, res-CYS)
New vertex id: 49
407 408 409 410 411 412 
Adding vertex (chain-A, position-51, res-ASP)
New vertex id: 50
413 414 415 416 417 418 419 420 
Adding vertex (chain-A, position-52, res-VAL)
New vertex id: 51
421 422 423 424 425 426 427 
Adding vertex (chain-A, position-53, res-GLN)
New vertex id: 52
428 429 430 431 432 
Adding vertex (chain-A, position-54, res-ARG)
New vertex id: 53
433 434 435 436 437 
Adding vertex (chain-A, position-55, res-ALA)
New vertex id: 54
438 439 440 441 442 
Adding vertex (chain-A, position-56, res-PRO)
New vertex id: 55
443 444 445 446 447 448 449 
Adding vertex (chain-A, position-57, res-GLY)
New vertex id: 56
450 451 452 453 
Adding vertex (chain-A, position-58, res-GLN)
New vertex id: 57
454 455 456 457 458 459 460 461 462 
Adding vertex (chain-A, position-59, res-ALA)
New vertex id: 58
463 464 465 466 467 
Adding vertex (chain-A, position-60, res-HIS)
New vertex id: 59
468 469 470 471 472 473 474 475 476 477 
Adding vertex (chain-A, position-61, res-TRP)
New vertex id: 60
478 479 480 481 482 483 484 485 486 487 488 489 490 491 
Adding vertex (chain-A, position-62, res-LEU)
New vertex id: 61
492 493 494 495 496 497 498 499 
Adding vertex (chain-A, position-63, res-ARG)
New vertex id: 62
500 501 502 503 504 505 506 507 508 509 510 
Adding vertex (chain-A, position-64, res-THR)
New vertex id: 63
511 512 513 514 515 516 517 
Adding vertex (chain-A, position-65, res-GLY)
New vertex id: 64
518 519 520 521 
Adding vertex (chain-A, position-66, res-TRP)
New vertex id: 65
522 523 524 525 526 527 528 529 530 531 532 533 534 535 
Adding vertex (chain-A, position-67, res-VAL)
New vertex id: 66
536 537 538 539 540 541 542 
Adding vertex (chain-A, position-68, res-PRO)
New vertex id: 67
543 544 545 546 547 548 549 
Adding vertex (chain-A, position-69, res-ARG)
New vertex id: 68
550 551 552 553 554 555 556 557 558 559 560 
Adding vertex (chain-A, position-70, res-ARG)
New vertex id: 69
561 562 563 564 565 566 567 568 569 570 571 
Adding vertex (chain-A, position-71, res-GLY)
New vertex id: 70
572 573 574 575 
Adding vertex (chain-A, position-72, res-ALA)
New vertex id: 71
576 577 578 579 580 
Adding vertex (chain-A, position-73, res-VAL)
New vertex id: 72
581 582 583 584 585 586 587 
Adding vertex (chain-A, position-74, res-HIS)
New vertex id: 73
588 589 590 591 592 593 594 595 596 597 
Adding vertex (chain-A, position-75, res-VAL)
New vertex id: 74
598 599 600 601 602 603 604 
Adding vertex (chain-A, position-76, res-TYR)
New vertex id: 75
605 606 607 608 609 610 611 612 613 614 615 616 
Adding vertex (chain-A, position-77, res-ALA)
New vertex id: 76
617 618 619 620 621 
Adding vertex (chain-A, position-78, res-THR)
New vertex id: 77
622 623 624 625 626 627 628 
Adding vertex (chain-A, position-79, res-LEU)
New vertex id: 78
629 630 631 632 633 634 635 636 
Adding vertex (chain-A, position-80, res-ARG)
New vertex id: 79
637 638 639 640 641 642 643 644 645 646 647 
Adding vertex (chain-A, position-81, res-PHE)
New vertex id: 80
648 649 650 651 652 653 654 655 656 657 658 
Adding vertex (chain-A, position-82, res-THR)
New vertex id: 81
659 660 661 662 663 664 665 
Adding vertex (chain-A, position-83, res-MET)
New vertex id: 82
666 667 668 669 670 671 672 673 
Adding vertex (chain-A, position-84, res-LEU)
New vertex id: 83
674 675 676 677 678 679 680 681 
Adding vertex (chain-A, position-85, res-GLU)
New vertex id: 84
682 683 684 685 686 687 688 689 690 
Adding vertex (chain-A, position-86, res-CYS)
New vertex id: 85
691 692 693 694 695 696 
Adding vertex (chain-A, position-87, res-LEU)
New vertex id: 86
697 698 699 700 701 702 703 704 
Adding vertex (chain-A, position-88, res-SER)
New vertex id: 87
705 706 707 708 709 710 
Adding vertex (chain-A, position-89, res-LEU)
New vertex id: 88
711 712 713 714 715 716 717 718 
Adding vertex (chain-A, position-90, res-PRO)
New vertex id: 89
719 720 721 722 723 724 725 
Adding vertex (chain-A, position-91, res-ARG)
New vertex id: 90
726 727 728 729 730 
Adding vertex (chain-A, position-92, res-ALA)
New vertex id: 91
731 732 733 734 735 
Adding vertex (chain-A, position-93, res-GLY)
New vertex id: 92
736 737 738 739 
Adding vertex (chain-A, position-94, res-ARG)
New vertex id: 93
740 741 742 743 744 
Adding vertex (chain-A, position-95, res-SER)
New vertex id: 94
745 746 747 748 749 750 
Adding vertex (chain-A, position-96, res-CYS)
New vertex id: 95
751 752 753 754 755 756 
Adding vertex (chain-A, position-97, res-LYS)
New vertex id: 96
757 758 759 760 761 762 763 764 765 
Adding vertex (chain-A, position-98, res-GLU)
New vertex id: 97
766 767 768 769 770 771 772 773 774 
Adding vertex (chain-A, position-99, res-THR)
New vertex id: 98
775 776 777 778 779 780 781 
Adding vertex (chain-A, position-100, res-PHE)
New vertex id: 99
782 783 784 785 786 787 788 789 790 791 792 
Adding vertex (chain-A, position-101, res-THR)
New vertex id: 100
793 794 795 796 797 798 799 
Adding vertex (chain-A, position-102, res-VAL)
New vertex id: 101
800 801 802 803 804 805 806 
Adding vertex (chain-A, position-103, res-PHE)
New vertex id: 102
807 808 809 810 811 812 813 814 815 816 817 
Adding vertex (chain-A, position-104, res-TYR)
New vertex id: 103
818 819 820 821 822 823 824 825 826 827 828 829 
Adding vertex (chain-A, position-105, res-TYR)
New vertex id: 104
830 831 832 833 834 835 836 837 838 839 840 841 
Adding vertex (chain-A, position-106, res-GLU)
New vertex id: 105
842 843 844 845 846 847 848 849 850 
Adding vertex (chain-A, position-107, res-SER)
New vertex id: 106
851 852 853 854 855 856 
Adding vertex (chain-A, position-108, res-ASP)
New vertex id: 107
857 858 859 860 861 862 863 864 
Adding vertex (chain-A, position-109, res-ALA)
New vertex id: 108
865 866 867 868 869 
Adding vertex (chain-A, position-110, res-ASP)
New vertex id: 109
870 871 872 873 874 875 876 877 
Adding vertex (chain-A, position-111, res-THR)
New vertex id: 110
878 879 880 881 882 883 884 
Adding vertex (chain-A, position-112, res-ALA)
New vertex id: 111
885 886 887 888 889 
Adding vertex (chain-A, position-113, res-THR)
New vertex id: 112
890 891 892 893 894 895 896 
Adding vertex (chain-A, position-114, res-ALA)
New vertex id: 113
897 898 899 900 901 
Adding vertex (chain-A, position-115, res-LEU)
New vertex id: 114
902 903 904 905 906 907 908 909 
Adding vertex (chain-A, position-116, res-THR)
New vertex id: 115
910 911 912 913 914 915 916 
Adding vertex (chain-A, position-117, res-PRO)
New vertex id: 116
917 918 919 920 921 922 923 
Adding vertex (chain-A, position-118, res-ALA)
New vertex id: 117
924 925 926 927 928 
Adding vertex (chain-A, position-119, res-TRP)
New vertex id: 118
929 930 931 932 933 934 935 936 937 938 939 940 941 942 
Adding vertex (chain-A, position-120, res-MET)
New vertex id: 119
943 944 945 946 947 948 949 950 
Adding vertex (chain-A, position-121, res-GLU)
New vertex id: 120
951 952 953 954 955 956 957 958 959 
Adding vertex (chain-A, position-122, res-ASN)
New vertex id: 121
960 961 962 963 964 965 966 967 
Adding vertex (chain-A, position-123, res-PRO)
New vertex id: 122
968 969 970 971 972 973 974 
Adding vertex (chain-A, position-124, res-TYR)
New vertex id: 123
975 976 977 978 979 980 981 982 983 984 985 986 
Adding vertex (chain-A, position-125, res-ILE)
New vertex id: 124
987 988 989 990 991 992 993 994 
Adding vertex (chain-A, position-126, res-LYS)
New vertex id: 125
995 996 997 998 999 1000 1001 1002 1003 
Adding vertex (chain-A, position-127, res-VAL)
New vertex id: 126
1004 1005 1006 1007 1008 1009 1010 
Adding vertex (chain-A, position-128, res-ASP)
New vertex id: 127
1011 1012 1013 1014 1015 1016 1017 1018 
Adding vertex (chain-A, position-129, res-THR)
New vertex id: 128
1019 1020 1021 1022 1023 1024 1025 
Adding vertex (chain-A, position-130, res-VAL)
New vertex id: 129
1026 1027 1028 1029 1030 1031 1032 
Adding vertex (chain-A, position-131, res-ALA)
New vertex id: 130
1033 1034 1035 1036 1037 
Adding vertex (chain-A, position-132, res-ALA)
New vertex id: 131
1038 1039 1040 1041 1042 
Adding vertex (chain-A, position-133, res-GLU)
New vertex id: 132
1043 1044 1045 1046 1047 
Adding vertex (chain-A, position-134, res-HIS)
New vertex id: 133
1048 1049 1050 1051 1052 1053 1054 1055 1056 1057 
Adding vertex (chain-A, position-135, res-LEU)
New vertex id: 134
1058 1059 1060 1061 1062 1063 1064 1065 
Adding vertex (chain-A, position-136, res-THR)
New vertex id: 135
1066 1067 1068 1069 1070 1071 1072 
Adding vertex (chain-A, position-137, res-ARG)
New vertex id: 136
1073 1074 1075 1076 1077 1078 1079 1080 1081 1082 1083 
Adding vertex (chain-A, position-138, res-LYS)
New vertex id: 137
1084 1085 1086 1087 1088 1089 1090 1091 1092 
Adding vertex (chain-A, position-139, res-ARG)
New vertex id: 138
1093 1094 1095 1096 1097 1098 1099 1100 1101 1102 1103 
Adding vertex (chain-A, position-140, res-PRO)
New vertex id: 139
1104 1105 1106 1107 1108 1109 1110 
Adding vertex (chain-A, position-141, res-GLY)
New vertex id: 140
1111 1112 1113 1114 
Adding vertex (chain-A, position-142, res-ALA)
New vertex id: 141
1115 1116 1117 1118 1119 
Adding vertex (chain-A, position-143, res-GLU)
New vertex id: 142
1120 1121 1122 1123 1124 
Adding vertex (chain-A, position-144, res-ALA)
New vertex id: 143
1125 1126 1127 1128 1129 
Adding vertex (chain-A, position-145, res-THR)
New vertex id: 144
1130 1131 1132 1133 1134 1135 1136 
Adding vertex (chain-A, position-146, res-GLY)
New vertex id: 145
1137 1138 1139 1140 
Adding vertex (chain-A, position-147, res-LYS)
New vertex id: 146
1141 1142 1143 1144 1145 1146 1147 1148 1149 
Adding vertex (chain-A, position-148, res-VAL)
New vertex id: 147
1150 1151 1152 1153 1154 1155 1156 
Adding vertex (chain-A, position-149, res-ASN)
New vertex id: 148
1157 1158 1159 1160 1161 1162 1163 1164 
Adding vertex (chain-A, position-150, res-VAL)
New vertex id: 149
1165 1166 1167 1168 1169 1170 1171 
Adding vertex (chain-A, position-151, res-LYS)
New vertex id: 150
1172 1173 1174 1175 1176 1177 1178 1179 1180 
Adding vertex (chain-A, position-152, res-THR)
New vertex id: 151
1181 1182 1183 1184 1185 1186 1187 
Adding vertex (chain-A, position-153, res-LEU)
New vertex id: 152
1188 1189 1190 1191 1192 1193 1194 1195 
Adding vertex (chain-A, position-154, res-ARG)
New vertex id: 153
1196 1197 1198 1199 1200 1201 1202 1203 1204 1205 1206 
Adding vertex (chain-A, position-155, res-LEU)
New vertex id: 154
1207 1208 1209 1210 1211 1212 1213 1214 
Adding vertex (chain-A, position-156, res-GLY)
New vertex id: 155
1215 1216 1217 1218 
Adding vertex (chain-A, position-157, res-PRO)
New vertex id: 156
1219 1220 1221 1222 1223 1224 1225 
Adding vertex (chain-A, position-158, res-LEU)
New vertex id: 157
1226 1227 1228 1229 1230 1231 1232 1233 
Adding vertex (chain-A, position-159, res-SER)
New vertex id: 158
1234 1235 1236 1237 1238 1239 
Adding vertex (chain-A, position-160, res-LYS)
New vertex id: 159
1240 1241 1242 1243 1244 1245 1246 1247 1248 
Adding vertex (chain-A, position-161, res-ALA)
New vertex id: 160
1249 1250 1251 1252 1253 
Adding vertex (chain-A, position-162, res-GLY)
New vertex id: 161
1254 1255 1256 1257 
Adding vertex (chain-A, position-163, res-PHE)
New vertex id: 162
1258 1259 1260 1261 1262 1263 1264 1265 1266 1267 1268 
Adding vertex (chain-A, position-164, res-TYR)
New vertex id: 163
1269 1270 1271 1272 1273 1274 1275 1276 1277 1278 1279 1280 
Adding vertex (chain-A, position-165, res-LEU)
New vertex id: 164
1281 1282 1283 1284 1285 1286 1287 1288 
Adding vertex (chain-A, position-166, res-ALA)
New vertex id: 165
1289 1290 1291 1292 1293 
Adding vertex (chain-A, position-167, res-PHE)
New vertex id: 166
1294 1295 1296 1297 1298 1299 1300 1301 1302 1303 1304 
Adding vertex (chain-A, position-168, res-GLN)
New vertex id: 167
1305 1306 1307 1308 1309 1310 1311 1312 1313 
Adding vertex (chain-A, position-169, res-ASP)
New vertex id: 168
1314 1315 1316 1317 1318 1319 1320 1321 
Adding vertex (chain-A, position-170, res-GLN)
New vertex id: 169
1322 1323 1324 1325 1326 1327 1328 1329 1330 
Adding vertex (chain-A, position-171, res-GLY)
New vertex id: 170
1331 1332 1333 1334 
Adding vertex (chain-A, position-172, res-ALA)
New vertex id: 171
1335 1336 1337 1338 1339 
Adding vertex (chain-A, position-173, res-CYS)
New vertex id: 172
1340 1341 1342 1343 1344 1345 
Adding vertex (chain-A, position-174, res-MET)
New vertex id: 173
1346 1347 1348 1349 1350 1351 1352 1353 
Adding vertex (chain-A, position-175, res-ALA)
New vertex id: 174
1354 1355 1356 1357 1358 
Adding vertex (chain-A, position-176, res-LEU)
New vertex id: 175
1359 1360 1361 1362 1363 1364 1365 1366 
Adding vertex (chain-A, position-177, res-LEU)
New vertex id: 176
1367 1368 1369 1370 1371 1372 1373 1374 
Adding vertex (chain-A, position-178, res-SER)
New vertex id: 177
1375 1376 1377 1378 1379 1380 
Adding vertex (chain-A, position-179, res-LEU)
New vertex id: 178
1381 1382 1383 1384 1385 1386 1387 1388 
Adding vertex (chain-A, position-180, res-HIS)
New vertex id: 179
1389 1390 1391 1392 1393 1394 1395 1396 1397 1398 
Adding vertex (chain-A, position-181, res-LEU)
New vertex id: 180
1399 1400 1401 1402 1403 1404 1405 1406 
Adding vertex (chain-A, position-182, res-PHE)
New vertex id: 181
1407 1408 1409 1410 1411 1412 1413 1414 1415 1416 1417 
Adding vertex (chain-A, position-183, res-TYR)
New vertex id: 182
1418 1419 1420 1421 1422 1423 1424 1425 1426 1427 1428 1429 
Adding vertex (chain-A, position-184, res-LYS)
New vertex id: 183
1430 1431 1432 1433 1434 
Adding vertex (chain-A, position-185, res-LYS)
New vertex id: 184
1435 1436 1437 1438 1439 1440 1441 1442 1443 
Graph DONE

( reduce -FLIPs 2BBA.pdb > 2BBA.H.pdb ) >& /dev/null
Reduce (-FLIPs) returned 0
( bndlst -Radius0.3 2BBA.H.pdb > 2BBA.H.bndlst ) >& /dev/null
BndLst returned 0
Parsing 2BBA.H.bndlst

bndlst START
Adding bndlst edge: (A_H1_MC -> A_H2_MC) type[cov], weight[1.00] from 0 to 1 dist[1.35]
Adding bndlst edge: (A_H1_SC -> A_H4_SC) type[hb], weight[0.44] from 0 to 3 dist[3.03]
Adding bndlst edge: (A_H1_SC -> A_H4_SC) type[hb], weight[0.41] from 0 to 3 dist[3.12]
Adding bndlst edge: (A_H1_SC -> A_H4_SC) type[hb], weight[0.51] from 0 to 3 dist[2.81]
Adding bndlst edge: (A_H1_SC -> A_H4_SC) type[hb], weight[1.35] from 0 to 3 dist[1.72]
Adding bndlst edge: (A_H1_SC -> A_H4_SC) type[cov], weight[1.00] from 0 to 3 dist[1.23]
Adding bndlst edge: (A_H1_SC -> A_H4_SC) type[hb], weight[0.69] from 0 to 3 dist[2.41]
Adding bndlst edge: (A_H1_SC -> A_K185_MC) type[hb], weight[0.49] from 0 to 184 dist[2.86]
Adding bndlst edge: (A_H2_MC -> A_H3_MC) type[cov], weight[1.00] from 1 to 2 dist[1.35]
Adding bndlst edge: (A_H2_MC -> A_H3_SC) type[hb], weight[0.46] from 1 to 2 dist[2.94]
Adding bndlst edge: (A_H2_SC -> A_H3_MC) type[hb], weight[0.38] from 1 to 2 dist[3.25]
Adding bndlst edge: (A_H2_SC -> A_H3_MC) type[hb], weight[0.41] from 1 to 2 dist[3.14]
Adding bndlst edge: (A_H2_SC -> A_H3_SC) type[hb], weight[0.43] from 1 to 2 dist[3.06]
Adding bndlst edge: (A_H3_MC -> A_H4_MC) type[cov], weight[1.00] from 2 to 3 dist[1.32]
Adding bndlst edge: (A_H4_MC -> A_H5_MC) type[cov], weight[1.00] from 3 to 4 dist[1.33]
Adding bndlst edge: (A_H5_MC -> A_E6_MC) type[cov], weight[1.00] from 4 to 5 dist[1.33]
Adding bndlst edge: (A_H5_MC -> A_K185_MC) type[hb], weight[1.21] from 4 to 184 dist[1.82]
Adding bndlst edge: (A_H5_MC -> A_K185_MC) type[hb], weight[1.04] from 4 to 184 dist[1.96]
Adding bndlst edge: (A_H5_SC -> A_E6_MC) type[hb], weight[0.72] from 4 to 5 dist[2.36]
Adding bndlst edge: (A_E6_MC -> A_E7_MC) type[cov], weight[1.00] from 5 to 6 dist[1.32]
Adding bndlst edge: (A_E7_MC -> A_T8_MC) type[cov], weight[1.00] from 6 to 7 dist[1.33]
Adding bndlst edge: (A_E7_MC -> A_Y183_MC) type[hb], weight[0.97] from 6 to 182 dist[2.03]
Adding bndlst edge: (A_E7_SC -> A_R70_SC) type[salt], weight[1.03] from 6 to 69 dist[1.87]
Adding bndlst edge: (A_E7_MC -> A_Y183_MC) type[hb], weight[1.08] from 6 to 182 dist[1.93]
Adding bndlst edge: (A_T8_MC -> A_L9_MC) type[cov], weight[1.00] from 7 to 8 dist[1.34]
Adding bndlst edge: (A_T8_SC -> A_H180_SC) type[hb], weight[1.06] from 7 to 179 dist[1.94]
Adding bndlst edge: (A_T8_SC -> A_H180_SC) type[hb], weight[0.50] from 7 to 179 dist[2.84]
Adding bndlst edge: (A_T8_SC -> A_H180_SC) type[hb], weight[0.45] from 7 to 179 dist[2.99]
Adding bndlst edge: (A_L9_MC -> A_L10_MC) type[cov], weight[1.00] from 8 to 9 dist[1.32]
Adding bndlst edge: (A_L9_MC -> A_L181_MC) type[hb], weight[1.15] from 8 to 180 dist[1.87]
Adding bndlst edge: (A_L10_MC -> A_N11_MC) type[cov], weight[1.00] from 9 to 10 dist[1.33]
Adding bndlst edge: (A_L10_MC -> A_L181_MC) type[hb], weight[1.04] from 9 to 180 dist[1.96]
Adding bndlst edge: (A_L10_MC -> A_H180_SC) type[hb], weight[0.65] from 9 to 179 dist[2.48]
Adding bndlst edge: (A_L10_MC -> A_L181_MC) type[hb], weight[0.69] from 9 to 180 dist[2.41]
Adding bndlst edge: (A_N11_MC -> A_T12_MC) type[cov], weight[1.00] from 10 to 11 dist[1.32]
Adding bndlst edge: (A_N11_MC -> A_L14_MC) type[hb], weight[0.95] from 10 to 13 dist[2.05]
Adding bndlst edge: (A_N11_SC -> A_K13_MC) type[hb], weight[0.89] from 10 to 12 dist[2.12]
Adding bndlst edge: (A_N11_SC -> A_H180_SC) type[hb], weight[0.38] from 10 to 179 dist[3.26]
Adding bndlst edge: (A_T12_MC -> A_K13_MC) type[cov], weight[1.00] from 11 to 12 dist[1.33]
Adding bndlst edge: (A_T12_MC -> A_L14_MC) type[hb], weight[0.45] from 11 to 13 dist[2.99]
Adding bndlst edge: (A_T12_MC -> A_E15_MC) type[hb], weight[0.86] from 11 to 14 dist[2.15]
Adding bndlst edge: (A_T12_SC -> A_L179_MC) type[hb], weight[0.92] from 11 to 178 dist[2.09]
Adding bndlst edge: (A_T12_MC -> A_L179_MC) type[hb], weight[1.00] from 11 to 178 dist[2.00]
Adding bndlst edge: (A_K13_MC -> A_L14_MC) type[cov], weight[1.00] from 12 to 13 dist[1.34]
Adding bndlst edge: (A_L14_MC -> A_E15_MC) type[cov], weight[1.00] from 13 to 14 dist[1.32]
Adding bndlst edge: (A_E15_MC -> A_T16_MC) type[cov], weight[1.00] from 14 to 15 dist[1.32]
Adding bndlst edge: (A_E15_SC -> A_A17_MC) type[hb], weight[1.05] from 14 to 16 dist[1.96]
Adding bndlst edge: (A_E15_SC -> A_T16_MC) type[hb], weight[0.48] from 14 to 15 dist[2.88]
Adding bndlst edge: (A_T16_MC -> A_A17_MC) type[cov], weight[1.00] from 15 to 16 dist[1.32]
Adding bndlst edge: (A_A17_MC -> A_D18_MC) type[cov], weight[1.00] from 16 to 17 dist[1.32]
Adding bndlst edge: (A_D18_MC -> A_L19_MC) type[cov], weight[1.00] from 17 to 18 dist[1.33]
Adding bndlst edge: (A_L19_MC -> A_K20_MC) type[cov], weight[1.00] from 18 to 19 dist[1.29]
Adding bndlst edge: (A_L19_MC -> A_E33_SC) type[hb], weight[1.08] from 18 to 32 dist[1.92]
Adding bndlst edge: (A_K20_MC -> A_W21_MC) type[cov], weight[1.00] from 19 to 20 dist[1.33]
Adding bndlst edge: (A_W21_MC -> A_V22_MC) type[cov], weight[1.00] from 20 to 21 dist[1.31]
Adding bndlst edge: (A_W21_SC -> A_G65_MC) type[hb], weight[0.39] from 20 to 64 dist[3.20]
Adding bndlst edge: (A_W21_SC -> A_G65_MC) type[hb], weight[0.41] from 20 to 64 dist[3.13]
Adding bndlst edge: (A_W21_MC -> A_Y47_SC) type[hb], weight[0.84] from 20 to 46 dist[2.18]
Adding bndlst edge: (A_V22_MC -> A_T23_MC) type[cov], weight[1.00] from 21 to 22 dist[1.33]
Adding bndlst edge: (A_V22_MC -> A_R63_MC) type[hb], weight[1.11] from 21 to 62 dist[1.90]
Adding bndlst edge: (A_V22_MC -> A_R63_MC) type[hb], weight[0.83] from 21 to 62 dist[2.19]
Adding bndlst edge: (A_T23_MC -> A_F24_MC) type[cov], weight[1.00] from 22 to 23 dist[1.33]
Adding bndlst edge: (A_T23_MC -> A_Q26_SC) type[hb], weight[0.77] from 22 to 25 dist[2.27]
Adding bndlst edge: (A_T23_SC -> A_Q26_SC) type[hb], weight[0.54] from 22 to 25 dist[2.72]
Adding bndlst edge: (A_F24_MC -> A_P25_MC) type[cov], weight[1.00] from 23 to 24 dist[1.35]
Adding bndlst edge: (A_F24_MC -> A_W61_MC) type[hb], weight[1.17] from 23 to 60 dist[1.85]
Adding bndlst edge: (A_F24_MC -> A_W61_MC) type[hb], weight[0.84] from 23 to 60 dist[2.19]
Adding bndlst edge: (A_P25_MC -> A_Q26_MC) type[cov], weight[1.00] from 24 to 25 dist[1.33]
Adding bndlst edge: (A_Q26_MC -> A_V27_MC) type[cov], weight[1.00] from 25 to 26 dist[1.32]
Adding bndlst edge: (A_V27_MC -> A_D28_MC) type[cov], weight[1.00] from 26 to 27 dist[1.33]
Adding bndlst edge: (A_V27_MC -> A_Q30_MC) type[hb], weight[0.82] from 26 to 29 dist[2.20]
Adding bndlst edge: (A_V27_MC -> A_Q30_SC) type[hb], weight[0.48] from 26 to 29 dist[2.88]
Adding bndlst edge: (A_D28_MC -> A_G29_MC) type[cov], weight[1.00] from 27 to 28 dist[1.34]
Adding bndlst edge: (A_D28_MC -> A_H60_SC) type[hb], weight[0.65] from 27 to 59 dist[2.48]
Adding bndlst edge: (A_G29_MC -> A_Q30_MC) type[cov], weight[1.00] from 28 to 29 dist[1.33]
Adding bndlst edge: (A_Q30_MC -> A_W31_MC) type[cov], weight[1.00] from 29 to 30 dist[1.33]
Adding bndlst edge: (A_W31_MC -> A_E32_MC) type[cov], weight[1.00] from 30 to 31 dist[1.33]
Adding bndlst edge: (A_W31_SC -> A_H60_MC) type[hb], weight[0.95] from 30 to 59 dist[2.06]
Adding bndlst edge: (A_E32_MC -> A_E33_MC) type[cov], weight[1.00] from 31 to 32 dist[1.33]
Adding bndlst edge: (A_E32_MC -> A_E48_MC) type[hb], weight[1.04] from 31 to 47 dist[1.96]
Adding bndlst edge: (A_E32_MC -> A_E48_MC) type[hb], weight[1.07] from 31 to 47 dist[1.93]
Adding bndlst edge: (A_E33_MC -> A_L34_MC) type[cov], weight[1.00] from 32 to 33 dist[1.33]
Adding bndlst edge: (A_E33_SC -> A_Y47_SC) type[hb], weight[0.79] from 32 to 46 dist[2.25]
Adding bndlst edge: (A_E33_SC -> A_R45_SC) type[salt], weight[0.95] from 32 to 44 dist[1.95]
Adding bndlst edge: (A_L34_MC -> A_S35_MC) type[cov], weight[1.00] from 33 to 34 dist[1.33]
Adding bndlst edge: (A_L34_MC -> A_T46_SC) type[hb], weight[1.16] from 33 to 45 dist[1.85]
Adding bndlst edge: (A_L34_MC -> A_T46_MC) type[hb], weight[0.95] from 33 to 45 dist[2.05]
Adding bndlst edge: (A_L34_MC -> A_T46_MC) type[hb], weight[1.05] from 33 to 45 dist[1.95]
Adding bndlst edge: (A_S35_MC -> A_G36_MC) type[cov], weight[1.00] from 34 to 35 dist[1.33]
Adding bndlst edge: (A_S35_SC -> A_S43_SC) type[hb], weight[1.02] from 34 to 42 dist[1.98]
Adding bndlst edge: (A_S35_SC -> A_S43_SC) type[hb], weight[0.97] from 34 to 42 dist[2.03]
Adding bndlst edge: (A_G36_MC -> A_L37_MC) type[cov], weight[1.00] from 35 to 36 dist[1.33]
Adding bndlst edge: (A_G36_MC -> A_V44_MC) type[hb], weight[1.06] from 35 to 43 dist[1.95]
Adding bndlst edge: (A_G36_MC -> A_V44_MC) type[hb], weight[1.26] from 35 to 43 dist[1.78]
Adding bndlst edge: (A_L37_MC -> A_D38_MC) type[cov], weight[1.00] from 36 to 37 dist[1.33]
Adding bndlst edge: (A_D38_MC -> A_E39_MC) type[cov], weight[1.00] from 37 to 38 dist[1.34]
Adding bndlst edge: (A_D38_MC -> A_Q41_MC) type[hb], weight[0.90] from 37 to 40 dist[2.11]
Adding bndlst edge: (A_D38_SC -> A_H42_MC) type[hb], weight[1.04] from 37 to 41 dist[1.96]
Adding bndlst edge: (A_D38_SC -> A_Q41_MC) type[hb], weight[0.45] from 37 to 40 dist[2.98]
Adding bndlst edge: (A_D38_SC -> A_E40_MC) type[hb], weight[0.97] from 37 to 39 dist[2.03]
Adding bndlst edge: (A_D38_MC -> A_H42_MC) type[hb], weight[1.00] from 37 to 41 dist[2.00]
Adding bndlst edge: (A_E39_MC -> A_E40_MC) type[cov], weight[1.00] from 38 to 39 dist[1.32]
Adding bndlst edge: (A_E40_MC -> A_Q41_MC) type[cov], weight[1.00] from 39 to 40 dist[1.33]
Adding bndlst edge: (A_Q41_MC -> A_H42_MC) type[cov], weight[1.00] from 40 to 41 dist[1.33]
Adding bndlst edge: (A_H42_MC -> A_S43_MC) type[cov], weight[1.00] from 41 to 42 dist[1.33]
Adding bndlst edge: (A_S43_MC -> A_V44_MC) type[cov], weight[1.00] from 42 to 43 dist[1.34]
Adding bndlst edge: (A_V44_MC -> A_R45_MC) type[cov], weight[1.00] from 43 to 44 dist[1.32]
Adding bndlst edge: (A_R45_MC -> A_T46_MC) type[cov], weight[1.00] from 44 to 45 dist[1.33]
Adding bndlst edge: (A_T46_MC -> A_Y47_MC) type[cov], weight[1.00] from 45 to 46 dist[1.32]
Adding bndlst edge: (A_Y47_MC -> A_E48_MC) type[cov], weight[1.00] from 46 to 47 dist[1.33]
Adding bndlst edge: (A_Y47_MC -> A_L176_MC) type[hb], weight[1.18] from 46 to 175 dist[1.84]
Adding bndlst edge: (A_Y47_MC -> A_L176_MC) type[hb], weight[0.86] from 46 to 175 dist[2.15]
Adding bndlst edge: (A_E48_MC -> A_V49_MC) type[cov], weight[1.00] from 47 to 48 dist[1.33]
Adding bndlst edge: (A_V49_MC -> A_C50_MC) type[cov], weight[1.00] from 48 to 49 dist[1.33]
Adding bndlst edge: (A_V49_MC -> A_M174_MC) type[hb], weight[1.07] from 48 to 173 dist[1.94]
Adding bndlst edge: (A_V49_MC -> A_M174_MC) type[hb], weight[0.88] from 48 to 173 dist[2.14]
Adding bndlst edge: (A_C50_MC -> A_D51_MC) type[cov], weight[1.00] from 49 to 50 dist[1.33]
Adding bndlst edge: (A_C50_MC -> A_V52_MC) type[hb], weight[0.50] from 49 to 51 dist[2.84]
Adding bndlst edge: (A_D51_MC -> A_V52_MC) type[cov], weight[1.00] from 50 to 51 dist[1.34]
Adding bndlst edge: (A_D51_SC -> A_A55_MC) type[hb], weight[1.06] from 50 to 54 dist[1.94]
Adding bndlst edge: (A_V52_MC -> A_Q53_MC) type[cov], weight[1.00] from 51 to 52 dist[1.32]
Adding bndlst edge: (A_Q53_MC -> A_R54_MC) type[cov], weight[1.00] from 52 to 53 dist[1.33]
Adding bndlst edge: (A_R54_MC -> A_A55_MC) type[cov], weight[1.00] from 53 to 54 dist[1.34]
Adding bndlst edge: (A_A55_MC -> A_P56_MC) type[cov], weight[1.00] from 54 to 55 dist[1.34]
Adding bndlst edge: (A_A55_MC -> A_Q58_MC) type[hb], weight[0.98] from 54 to 57 dist[2.02]
Adding bndlst edge: (A_P56_MC -> A_G57_MC) type[cov], weight[1.00] from 55 to 56 dist[1.34]
Adding bndlst edge: (A_G57_MC -> A_Q58_MC) type[cov], weight[1.00] from 56 to 57 dist[1.33]
Adding bndlst edge: (A_Q58_MC -> A_A59_MC) type[cov], weight[1.00] from 57 to 58 dist[1.31]
Adding bndlst edge: (A_Q58_SC -> A_A59_MC) type[hb], weight[1.16] from 57 to 58 dist[1.86]
Adding bndlst edge: (A_A59_MC -> A_H60_MC) type[cov], weight[1.00] from 58 to 59 dist[1.34]
Adding bndlst edge: (A_H60_MC -> A_W61_MC) type[cov], weight[1.00] from 59 to 60 dist[1.33]
Adding bndlst edge: (A_H60_MC -> A_D169_MC) type[hb], weight[1.07] from 59 to 168 dist[1.93]
Adding bndlst edge: (A_H60_MC -> A_D169_MC) type[hb], weight[1.14] from 59 to 168 dist[1.87]
Adding bndlst edge: (A_H60_SC -> A_D169_SC) type[hb], weight[0.60] from 59 to 168 dist[2.59]
Adding bndlst edge: (A_W61_MC -> A_L62_MC) type[cov], weight[1.00] from 60 to 61 dist[1.34]
Adding bndlst edge: (A_W61_SC -> A_Q168_SC) type[hb], weight[0.41] from 60 to 167 dist[3.12]
Adding bndlst edge: (A_L62_MC -> A_R63_MC) type[cov], weight[1.00] from 61 to 62 dist[1.32]
Adding bndlst edge: (A_L62_MC -> A_F167_MC) type[hb], weight[1.18] from 61 to 166 dist[1.84]
Adding bndlst edge: (A_L62_MC -> A_F167_MC) type[hb], weight[0.90] from 61 to 166 dist[2.11]
Adding bndlst edge: (A_R63_MC -> A_T64_MC) type[cov], weight[1.00] from 62 to 63 dist[1.33]
Adding bndlst edge: (A_R63_SC -> A_W119_SC) type[hb], weight[0.37] from 62 to 118 dist[3.28]
Adding bndlst edge: (A_R63_SC -> A_T116_MC) type[hb], weight[0.54] from 62 to 115 dist[2.71]
Adding bndlst edge: (A_R63_SC -> A_T113_MC) type[hb], weight[1.05] from 62 to 112 dist[1.95]
Adding bndlst edge: (A_R63_SC -> A_T113_MC) type[hb], weight[0.68] from 62 to 112 dist[2.42]
Adding bndlst edge: (A_T64_MC -> A_G65_MC) type[cov], weight[1.00] from 63 to 64 dist[1.33]
Adding bndlst edge: (A_T64_SC -> A_L165_MC) type[hb], weight[1.00] from 63 to 164 dist[2.00]
Adding bndlst edge: (A_T64_MC -> A_L165_MC) type[hb], weight[1.07] from 63 to 164 dist[1.94]
Adding bndlst edge: (A_T64_SC -> A_G65_MC) type[hb], weight[1.19] from 63 to 64 dist[1.84]
Adding bndlst edge: (A_G65_MC -> A_W66_MC) type[cov], weight[1.00] from 64 to 65 dist[1.34]
Adding bndlst edge: (A_W66_MC -> A_V67_MC) type[cov], weight[1.00] from 65 to 66 dist[1.34]
Adding bndlst edge: (A_W66_SC -> A_S107_SC) type[hb], weight[0.38] from 65 to 106 dist[3.24]
Adding bndlst edge: (A_W66_SC -> A_S107_SC) type[hb], weight[0.48] from 65 to 106 dist[2.89]
Adding bndlst edge: (A_W66_SC -> A_S107_MC) type[hb], weight[0.77] from 65 to 106 dist[2.27]
Adding bndlst edge: (A_W66_SC -> A_S107_SC) type[hb], weight[0.67] from 65 to 106 dist[2.44]
Adding bndlst edge: (A_V67_MC -> A_P68_MC) type[cov], weight[1.00] from 66 to 67 dist[1.33]
Adding bndlst edge: (A_V67_MC -> A_F163_MC) type[hb], weight[0.85] from 66 to 162 dist[2.17]
Adding bndlst edge: (A_V67_MC -> A_F163_MC) type[hb], weight[1.16] from 66 to 162 dist[1.85]
Adding bndlst edge: (A_P68_MC -> A_R69_MC) type[cov], weight[1.00] from 67 to 68 dist[1.33]
Adding bndlst edge: (A_R69_MC -> A_R70_MC) type[cov], weight[1.00] from 68 to 69 dist[1.34]
Adding bndlst edge: (A_R69_MC -> A_A72_MC) type[hb], weight[1.02] from 68 to 71 dist[1.98]
Adding bndlst edge: (A_R69_MC -> A_A161_MC) type[hb], weight[1.01] from 68 to 160 dist[1.99]
Adding bndlst edge: (A_R69_SC -> A_K160_MC) type[hb], weight[1.12] from 68 to 159 dist[1.89]
Adding bndlst edge: (A_R69_SC -> A_A72_MC) type[hb], weight[1.08] from 68 to 71 dist[1.92]
Adding bndlst edge: (A_R69_SC -> A_S159_MC) type[hb], weight[0.66] from 68 to 158 dist[2.47]
Adding bndlst edge: (A_R70_MC -> A_G71_MC) type[cov], weight[1.00] from 69 to 70 dist[1.32]
Adding bndlst edge: (A_R70_MC -> A_A72_MC) type[hb], weight[0.52] from 69 to 71 dist[2.79]
Adding bndlst edge: (A_G71_MC -> A_A72_MC) type[cov], weight[1.00] from 70 to 71 dist[1.33]
Adding bndlst edge: (A_A72_MC -> A_V73_MC) type[cov], weight[1.00] from 71 to 72 dist[1.33]
Adding bndlst edge: (A_V73_MC -> A_H74_MC) type[cov], weight[1.00] from 72 to 73 dist[1.32]
Adding bndlst edge: (A_V73_MC -> A_L158_MC) type[hb], weight[1.07] from 72 to 157 dist[1.93]
Adding bndlst edge: (A_H74_MC -> A_V75_MC) type[cov], weight[1.00] from 73 to 74 dist[1.33]
Adding bndlst edge: (A_H74_SC -> A_R154_SC) type[hb], weight[0.37] from 73 to 153 dist[3.28]
Adding bndlst edge: (A_V75_MC -> A_Y76_MC) type[cov], weight[1.00] from 74 to 75 dist[1.33]
Adding bndlst edge: (A_V75_MC -> A_L155_MC) type[hb], weight[1.28] from 74 to 154 dist[1.77]
Adding bndlst edge: (A_V75_MC -> A_L155_MC) type[hb], weight[0.96] from 74 to 154 dist[2.04]
Adding bndlst edge: (A_Y76_MC -> A_A77_MC) type[cov], weight[1.00] from 75 to 76 dist[1.33]
Adding bndlst edge: (A_Y76_MC -> A_F182_MC) type[hb], weight[0.97] from 75 to 181 dist[2.03]
Adding bndlst edge: (A_Y76_SC -> A_R154_SC) type[hb], weight[0.38] from 75 to 153 dist[3.25]
Adding bndlst edge: (A_Y76_SC -> A_R154_SC) type[hb], weight[0.61] from 75 to 153 dist[2.55]
Adding bndlst edge: (A_Y76_MC -> A_F182_MC) type[hb], weight[1.20] from 75 to 181 dist[1.83]
Adding bndlst edge: (A_A77_MC -> A_T78_MC) type[cov], weight[1.00] from 76 to 77 dist[1.32]
Adding bndlst edge: (A_A77_MC -> A_L153_MC) type[hb], weight[1.01] from 76 to 152 dist[1.99]
Adding bndlst edge: (A_A77_MC -> A_L153_MC) type[hb], weight[1.18] from 76 to 152 dist[1.84]
Adding bndlst edge: (A_T78_MC -> A_L79_MC) type[cov], weight[1.00] from 77 to 78 dist[1.34]
Adding bndlst edge: (A_T78_MC -> A_H180_MC) type[hb], weight[0.93] from 77 to 179 dist[2.07]
Adding bndlst edge: (A_T78_SC -> A_T152_SC) type[hb], weight[0.49] from 77 to 151 dist[2.86]
Adding bndlst edge: (A_T78_MC -> A_H180_MC) type[hb], weight[1.10] from 77 to 179 dist[1.90]
Adding bndlst edge: (A_T78_SC -> A_T152_SC) type[hb], weight[1.10] from 77 to 151 dist[1.90]
Adding bndlst edge: (A_L79_MC -> A_R80_MC) type[cov], weight[1.00] from 78 to 79 dist[1.33]
Adding bndlst edge: (A_L79_MC -> A_K151_MC) type[hb], weight[0.94] from 78 to 150 dist[2.06]
Adding bndlst edge: (A_L79_MC -> A_K151_MC) type[hb], weight[1.26] from 78 to 150 dist[1.78]
Adding bndlst edge: (A_R80_MC -> A_F81_MC) type[cov], weight[1.00] from 79 to 80 dist[1.33]
Adding bndlst edge: (A_R80_MC -> A_S178_MC) type[hb], weight[0.70] from 79 to 177 dist[2.40]
Adding bndlst edge: (A_R80_MC -> A_L177_MC) type[hb], weight[1.03] from 79 to 176 dist[1.97]
Adding bndlst edge: (A_R80_MC -> A_S178_MC) type[hb], weight[0.89] from 79 to 177 dist[2.12]
Adding bndlst edge: (A_F81_MC -> A_T82_MC) type[cov], weight[1.00] from 80 to 81 dist[1.32]
Adding bndlst edge: (A_F81_MC -> A_N149_SC) type[hb], weight[0.77] from 80 to 148 dist[2.28]
Adding bndlst edge: (A_F81_MC -> A_N149_MC) type[hb], weight[1.20] from 80 to 148 dist[1.83]
Adding bndlst edge: (A_F81_MC -> A_N149_MC) type[hb], weight[0.95] from 80 to 148 dist[2.05]
Adding bndlst edge: (A_T82_MC -> A_M83_MC) type[cov], weight[1.00] from 81 to 82 dist[1.32]
Adding bndlst edge: (A_T82_MC -> A_A175_MC) type[hb], weight[0.92] from 81 to 174 dist[2.09]
Adding bndlst edge: (A_T82_SC -> A_A175_MC) type[hb], weight[0.46] from 81 to 174 dist[2.94]
Adding bndlst edge: (A_T82_MC -> A_A175_MC) type[hb], weight[1.01] from 81 to 174 dist[1.99]
Adding bndlst edge: (A_M83_MC -> A_L84_MC) type[cov], weight[1.00] from 82 to 83 dist[1.33]
Adding bndlst edge: (A_M83_MC -> A_T136_MC) type[hb], weight[1.17] from 82 to 135 dist[1.85]
Adding bndlst edge: (A_L84_MC -> A_E85_MC) type[cov], weight[1.00] from 83 to 84 dist[1.32]
Adding bndlst edge: (A_L84_MC -> A_C173_MC) type[hb], weight[1.15] from 83 to 172 dist[1.87]
Adding bndlst edge: (A_E85_MC -> A_C86_MC) type[cov], weight[1.00] from 84 to 85 dist[1.33]
Adding bndlst edge: (A_E85_MC -> A_S88_MC) type[hb], weight[0.93] from 84 to 87 dist[2.07]
Adding bndlst edge: (A_E85_SC -> A_S88_SC) type[hb], weight[1.21] from 84 to 87 dist[1.82]
Adding bndlst edge: (A_E85_MC -> A_T136_MC) type[hb], weight[1.17] from 84 to 135 dist[1.85]
Adding bndlst edge: (A_C86_MC -> A_L87_MC) type[cov], weight[1.00] from 85 to 86 dist[1.32]
Adding bndlst edge: (A_C86_MC -> A_L89_MC) type[hb], weight[1.01] from 85 to 88 dist[1.99]
Adding bndlst edge: (A_C86_MC -> A_E98_SC) type[hb], weight[1.04] from 85 to 97 dist[1.96]
Adding bndlst edge: (A_L87_MC -> A_S88_MC) type[cov], weight[1.00] from 86 to 87 dist[1.33]
Adding bndlst edge: (A_S88_MC -> A_L89_MC) type[cov], weight[1.00] from 87 to 88 dist[1.33]
Adding bndlst edge: (A_S88_SC -> A_K138_MC) type[hb], weight[0.91] from 87 to 137 dist[2.10]
Adding bndlst edge: (A_L89_MC -> A_P90_MC) type[cov], weight[1.00] from 88 to 89 dist[1.33]
Adding bndlst edge: (A_L89_MC -> A_A92_MC) type[hb], weight[0.79] from 88 to 91 dist[2.25]
Adding bndlst edge: (A_P90_MC -> A_R91_MC) type[cov], weight[1.00] from 89 to 90 dist[1.33]
Adding bndlst edge: (A_P90_MC -> A_A92_MC) type[hb], weight[0.71] from 89 to 91 dist[2.38]
Adding bndlst edge: (A_R91_MC -> A_A92_MC) type[cov], weight[1.00] from 90 to 91 dist[1.33]
Adding bndlst edge: (A_A92_MC -> A_G93_MC) type[cov], weight[1.00] from 91 to 92 dist[1.32]
Adding bndlst edge: (A_G93_MC -> A_R94_MC) type[cov], weight[1.00] from 92 to 93 dist[1.33]
Adding bndlst edge: (A_G93_MC -> A_C96_MC) type[hb], weight[0.84] from 92 to 95 dist[2.18]
Adding bndlst edge: (A_R94_MC -> A_S95_MC) type[cov], weight[1.00] from 93 to 94 dist[1.34]
Adding bndlst edge: (A_S95_MC -> A_C96_MC) type[cov], weight[1.00] from 94 to 95 dist[1.32]
Adding bndlst edge: (A_C96_MC -> A_K97_MC) type[cov], weight[1.00] from 95 to 96 dist[1.34]
Adding bndlst edge: (A_C96_SC -> A_K97_MC) type[hb], weight[0.38] from 95 to 96 dist[3.25]
Adding bndlst edge: (A_K97_MC -> A_E98_MC) type[cov], weight[1.00] from 96 to 97 dist[1.33]
Adding bndlst edge: (A_K97_MC -> A_G171_MC) type[hb], weight[1.13] from 96 to 170 dist[1.88]
Adding bndlst edge: (A_E98_MC -> A_T99_MC) type[cov], weight[1.00] from 97 to 98 dist[1.33]
Adding bndlst edge: (A_T99_MC -> A_F100_MC) type[cov], weight[1.00] from 98 to 99 dist[1.33]
Adding bndlst edge: (A_F100_MC -> A_T101_MC) type[cov], weight[1.00] from 99 to 100 dist[1.33]
Adding bndlst edge: (A_F100_MC -> A_V130_MC) type[hb], weight[1.18] from 99 to 129 dist[1.84]
Adding bndlst edge: (A_F100_MC -> A_V130_MC) type[hb], weight[0.68] from 99 to 129 dist[2.43]
Adding bndlst edge: (A_T101_MC -> A_V102_MC) type[cov], weight[1.00] from 100 to 101 dist[1.32]
Adding bndlst edge: (A_T101_MC -> A_Q168_MC) type[hb], weight[1.06] from 100 to 167 dist[1.94]
Adding bndlst edge: (A_T101_SC -> A_T129_SC) type[hb], weight[1.10] from 100 to 128 dist[1.90]
Adding bndlst edge: (A_T101_MC -> A_Q168_MC) type[hb], weight[0.95] from 100 to 167 dist[2.05]
Adding bndlst edge: (A_T101_SC -> A_T129_SC) type[hb], weight[0.49] from 100 to 128 dist[2.85]
Adding bndlst edge: (A_V102_MC -> A_F103_MC) type[cov], weight[1.00] from 101 to 102 dist[1.34]
Adding bndlst edge: (A_V102_MC -> A_D128_MC) type[hb], weight[0.66] from 101 to 127 dist[2.46]
Adding bndlst edge: (A_V102_MC -> A_V127_MC) type[hb], weight[1.19] from 101 to 126 dist[1.83]
Adding bndlst edge: (A_V102_MC -> A_D128_MC) type[hb], weight[1.04] from 101 to 127 dist[1.96]
Adding bndlst edge: (A_F103_MC -> A_Y104_MC) type[cov], weight[1.00] from 102 to 103 dist[1.32]
Adding bndlst edge: (A_F103_MC -> A_A166_MC) type[hb], weight[1.07] from 102 to 165 dist[1.93]
Adding bndlst edge: (A_F103_MC -> A_A166_MC) type[hb], weight[1.09] from 102 to 165 dist[1.92]
Adding bndlst edge: (A_Y104_MC -> A_Y105_MC) type[cov], weight[1.00] from 103 to 104 dist[1.33]
Adding bndlst edge: (A_Y104_MC -> A_I125_MC) type[hb], weight[1.21] from 103 to 124 dist[1.82]
Adding bndlst edge: (A_Y104_SC -> A_G156_MC) type[hb], weight[0.49] from 103 to 155 dist[2.85]
Adding bndlst edge: (A_Y104_MC -> A_I125_MC) type[hb], weight[0.91] from 103 to 124 dist[2.10]
Adding bndlst edge: (A_Y105_MC -> A_E106_MC) type[cov], weight[1.00] from 104 to 105 dist[1.33]
Adding bndlst edge: (A_Y105_MC -> A_Y164_MC) type[hb], weight[1.07] from 104 to 163 dist[1.94]
Adding bndlst edge: (A_Y105_SC -> A_E106_MC) type[hb], weight[0.36] from 104 to 105 dist[3.34]
Adding bndlst edge: (A_Y105_MC -> A_Y164_MC) type[hb], weight[0.89] from 104 to 163 dist[2.12]
Adding bndlst edge: (A_E106_MC -> A_S107_MC) type[cov], weight[1.00] from 105 to 106 dist[1.33]
Adding bndlst edge: (A_E106_SC -> A_K160_MC) type[hb], weight[1.08] from 105 to 159 dist[1.93]
Adding bndlst edge: (A_E106_SC -> A_S159_MC) type[hb], weight[1.10] from 105 to 158 dist[1.91]
Adding bndlst edge: (A_E106_SC -> A_S159_MC) type[hb], weight[0.48] from 105 to 158 dist[2.87]
Adding bndlst edge: (A_S107_MC -> A_D108_MC) type[cov], weight[1.00] from 106 to 107 dist[1.33]
Adding bndlst edge: (A_S107_MC -> A_G162_MC) type[hb], weight[0.78] from 106 to 161 dist[2.26]
Adding bndlst edge: (A_S107_MC -> A_G162_MC) type[hb], weight[1.03] from 106 to 161 dist[1.97]
Adding bndlst edge: (A_S107_SC -> A_A109_MC) type[hb], weight[1.14] from 106 to 108 dist[1.87]
Adding bndlst edge: (A_D108_MC -> A_A109_MC) type[cov], weight[1.00] from 107 to 108 dist[1.34]
Adding bndlst edge: (A_D108_SC -> A_A161_MC) type[hb], weight[0.96] from 107 to 160 dist[2.04]
Adding bndlst edge: (A_A109_MC -> A_D110_MC) type[cov], weight[1.00] from 108 to 109 dist[1.33]
Adding bndlst edge: (A_A109_MC -> A_T111_MC) type[hb], weight[0.79] from 108 to 110 dist[2.25]
Adding bndlst edge: (A_D110_MC -> A_T111_MC) type[cov], weight[1.00] from 109 to 110 dist[1.32]
Adding bndlst edge: (A_D110_SC -> A_Y164_SC) type[hb], weight[1.38] from 109 to 163 dist[1.70]
Adding bndlst edge: (A_T111_MC -> A_A112_MC) type[cov], weight[1.00] from 110 to 111 dist[1.33]
Adding bndlst edge: (A_T111_MC -> A_Y164_SC) type[hb], weight[0.55] from 110 to 163 dist[2.71]
Adding bndlst edge: (A_A112_MC -> A_T113_MC) type[cov], weight[1.00] from 111 to 112 dist[1.34]
Adding bndlst edge: (A_A112_MC -> A_Y164_SC) type[hb], weight[0.95] from 111 to 163 dist[2.05]
Adding bndlst edge: (A_A112_MC -> A_Y164_SC) type[hb], weight[0.42] from 111 to 163 dist[3.08]
Adding bndlst edge: (A_T113_MC -> A_A114_MC) type[cov], weight[1.00] from 112 to 113 dist[1.33]
Adding bndlst edge: (A_T113_MC -> A_T116_MC) type[hb], weight[0.53] from 112 to 115 dist[2.76]
Adding bndlst edge: (A_T113_SC -> A_T116_SC) type[hb], weight[1.29] from 112 to 115 dist[1.76]
Adding bndlst edge: (A_T113_SC -> A_T116_MC) type[hb], weight[0.70] from 112 to 115 dist[2.39]
Adding bndlst edge: (A_T113_SC -> A_L115_MC) type[hb], weight[0.80] from 112 to 114 dist[2.24]
Adding bndlst edge: (A_T113_MC -> A_T116_MC) type[hb], weight[1.14] from 112 to 115 dist[1.88]
Adding bndlst edge: (A_T113_SC -> A_T116_SC) type[hb], weight[0.49] from 112 to 115 dist[2.86]
Adding bndlst edge: (A_A114_MC -> A_L115_MC) type[cov], weight[1.00] from 113 to 114 dist[1.34]
Adding bndlst edge: (A_A114_MC -> A_W119_SC) type[hb], weight[1.05] from 113 to 118 dist[1.96]
Adding bndlst edge: (A_L115_MC -> A_T116_MC) type[cov], weight[1.00] from 114 to 115 dist[1.33]
Adding bndlst edge: (A_T116_MC -> A_P117_MC) type[cov], weight[1.00] from 115 to 116 dist[1.35]
Adding bndlst edge: (A_P117_MC -> A_A118_MC) type[cov], weight[1.00] from 116 to 117 dist[1.34]
Adding bndlst edge: (A_A118_MC -> A_W119_MC) type[cov], weight[1.00] from 117 to 118 dist[1.33]
Adding bndlst edge: (A_A118_MC -> A_M120_MC) type[hb], weight[0.85] from 117 to 119 dist[2.17]
Adding bndlst edge: (A_W119_MC -> A_M120_MC) type[cov], weight[1.00] from 118 to 119 dist[1.33]
Adding bndlst edge: (A_M120_MC -> A_E121_MC) type[cov], weight[1.00] from 119 to 120 dist[1.33]
Adding bndlst edge: (A_M120_MC -> A_Y124_MC) type[hb], weight[0.77] from 119 to 123 dist[2.28]
Adding bndlst edge: (A_M120_MC -> A_Y124_SC) type[hb], weight[0.39] from 119 to 123 dist[3.18]
Adding bndlst edge: (A_E121_MC -> A_N122_MC) type[cov], weight[1.00] from 120 to 121 dist[1.34]
Adding bndlst edge: (A_N122_MC -> A_P123_MC) type[cov], weight[1.00] from 121 to 122 dist[1.35]
Adding bndlst edge: (A_N122_MC -> A_Y124_MC) type[hb], weight[1.10] from 121 to 123 dist[1.90]
Adding bndlst edge: (A_P123_MC -> A_Y124_MC) type[cov], weight[1.00] from 122 to 123 dist[1.33]
Adding bndlst edge: (A_Y124_MC -> A_I125_MC) type[cov], weight[1.00] from 123 to 124 dist[1.33]
Adding bndlst edge: (A_I125_MC -> A_K126_MC) type[cov], weight[1.00] from 124 to 125 dist[1.33]
Adding bndlst edge: (A_K126_MC -> A_V127_MC) type[cov], weight[1.00] from 125 to 126 dist[1.34]
Adding bndlst edge: (A_K126_SC -> A_T129_SC) type[hb], weight[0.60] from 125 to 128 dist[2.57]
Adding bndlst edge: (A_V127_MC -> A_D128_MC) type[cov], weight[1.00] from 126 to 127 dist[1.34]
Adding bndlst edge: (A_D128_MC -> A_T129_MC) type[cov], weight[1.00] from 127 to 128 dist[1.33]
Adding bndlst edge: (A_D128_SC -> A_T129_MC) type[hb], weight[0.46] from 127 to 128 dist[2.94]
Adding bndlst edge: (A_T129_MC -> A_V130_MC) type[cov], weight[1.00] from 128 to 129 dist[1.32]
Adding bndlst edge: (A_V130_MC -> A_A131_MC) type[cov], weight[1.00] from 129 to 130 dist[1.34]
Adding bndlst edge: (A_A131_MC -> A_A132_MC) type[cov], weight[1.00] from 130 to 131 dist[1.32]
Adding bndlst edge: (A_A132_MC -> A_E133_MC) type[cov], weight[1.00] from 131 to 132 dist[1.33]
Adding bndlst edge: (A_E133_MC -> A_H134_MC) type[cov], weight[1.00] from 132 to 133 dist[1.33]
Adding bndlst edge: (A_E133_MC -> A_N149_SC) type[hb], weight[0.48] from 132 to 148 dist[2.90]
Adding bndlst edge: (A_H134_MC -> A_L135_MC) type[cov], weight[1.00] from 133 to 134 dist[1.33]
Adding bndlst edge: (A_H134_MC -> A_N149_SC) type[hb], weight[1.06] from 133 to 148 dist[1.94]
Adding bndlst edge: (A_H134_MC -> A_N149_SC) type[hb], weight[0.93] from 133 to 148 dist[2.07]
Adding bndlst edge: (A_H134_SC -> A_N149_SC) type[hb], weight[0.55] from 133 to 148 dist[2.71]
Adding bndlst edge: (A_L135_MC -> A_T136_MC) type[cov], weight[1.00] from 134 to 135 dist[1.33]
Adding bndlst edge: (A_T136_MC -> A_R137_MC) type[cov], weight[1.00] from 135 to 136 dist[1.33]
Adding bndlst edge: (A_R137_MC -> A_K138_MC) type[cov], weight[1.00] from 136 to 137 dist[1.33]
Adding bndlst edge: (A_R137_MC -> A_T145_MC) type[hb], weight[1.05] from 136 to 144 dist[1.95]
Adding bndlst edge: (A_R137_MC -> A_T145_MC) type[hb], weight[1.15] from 136 to 144 dist[1.86]
Adding bndlst edge: (A_K138_MC -> A_R139_MC) type[cov], weight[1.00] from 137 to 138 dist[1.33]
Adding bndlst edge: (A_K138_SC -> A_A142_MC) type[hb], weight[0.71] from 137 to 141 dist[2.38]
Adding bndlst edge: (A_K138_SC -> A_R139_MC) type[hb], weight[0.51] from 137 to 138 dist[2.81]
Adding bndlst edge: (A_R139_MC -> A_P140_MC) type[cov], weight[1.00] from 138 to 139 dist[1.38]
Adding bndlst edge: (A_R139_MC -> A_A142_MC) type[hb], weight[0.71] from 138 to 141 dist[2.37]
Adding bndlst edge: (A_P140_MC -> A_G141_MC) type[cov], weight[1.00] from 139 to 140 dist[1.34]
Adding bndlst edge: (A_G141_MC -> A_A142_MC) type[cov], weight[1.00] from 140 to 141 dist[1.34]
Adding bndlst edge: (A_A142_MC -> A_E143_MC) type[cov], weight[1.00] from 141 to 142 dist[1.33]
Adding bndlst edge: (A_E143_MC -> A_A144_MC) type[cov], weight[1.00] from 142 to 143 dist[1.32]
Adding bndlst edge: (A_A144_MC -> A_T145_MC) type[cov], weight[1.00] from 143 to 144 dist[1.34]
Adding bndlst edge: (A_T145_MC -> A_G146_MC) type[cov], weight[1.00] from 144 to 145 dist[1.32]
Adding bndlst edge: (A_G146_MC -> A_K147_MC) type[cov], weight[1.00] from 145 to 146 dist[1.31]
Adding bndlst edge: (A_K147_MC -> A_V148_MC) type[cov], weight[1.00] from 146 to 147 dist[1.32]
Adding bndlst edge: (A_V148_MC -> A_N149_MC) type[cov], weight[1.00] from 147 to 148 dist[1.34]
Adding bndlst edge: (A_N149_MC -> A_V150_MC) type[cov], weight[1.00] from 148 to 149 dist[1.32]
Adding bndlst edge: (A_V150_MC -> A_K151_MC) type[cov], weight[1.00] from 149 to 150 dist[1.33]
Adding bndlst edge: (A_K151_MC -> A_T152_MC) type[cov], weight[1.00] from 150 to 151 dist[1.33]
Adding bndlst edge: (A_T152_MC -> A_L153_MC) type[cov], weight[1.00] from 151 to 152 dist[1.33]
Adding bndlst edge: (A_L153_MC -> A_R154_MC) type[cov], weight[1.00] from 152 to 153 dist[1.33]
Adding bndlst edge: (A_R154_MC -> A_L155_MC) type[cov], weight[1.00] from 153 to 154 dist[1.32]
Adding bndlst edge: (A_L155_MC -> A_G156_MC) type[cov], weight[1.00] from 154 to 155 dist[1.35]
Adding bndlst edge: (A_G156_MC -> A_P157_MC) type[cov], weight[1.00] from 155 to 156 dist[1.33]
Adding bndlst edge: (A_P157_MC -> A_L158_MC) type[cov], weight[1.00] from 156 to 157 dist[1.33]
Adding bndlst edge: (A_L158_MC -> A_S159_MC) type[cov], weight[1.00] from 157 to 158 dist[1.33]
Adding bndlst edge: (A_S159_MC -> A_K160_MC) type[cov], weight[1.00] from 158 to 159 dist[1.34]
Adding bndlst edge: (A_K160_MC -> A_A161_MC) type[cov], weight[1.00] from 159 to 160 dist[1.32]
Adding bndlst edge: (A_A161_MC -> A_G162_MC) type[cov], weight[1.00] from 160 to 161 dist[1.33]
Adding bndlst edge: (A_G162_MC -> A_F163_MC) type[cov], weight[1.00] from 161 to 162 dist[1.33]
Adding bndlst edge: (A_F163_MC -> A_Y164_MC) type[cov], weight[1.00] from 162 to 163 dist[1.33]
Adding bndlst edge: (A_Y164_MC -> A_L165_MC) type[cov], weight[1.00] from 163 to 164 dist[1.34]
Adding bndlst edge: (A_L165_MC -> A_A166_MC) type[cov], weight[1.00] from 164 to 165 dist[1.34]
Adding bndlst edge: (A_A166_MC -> A_F167_MC) type[cov], weight[1.00] from 165 to 166 dist[1.33]
Adding bndlst edge: (A_F167_MC -> A_Q168_MC) type[cov], weight[1.00] from 166 to 167 dist[1.33]
Adding bndlst edge: (A_Q168_MC -> A_D169_MC) type[cov], weight[1.00] from 167 to 168 dist[1.32]
Adding bndlst edge: (A_D169_MC -> A_Q170_MC) type[cov], weight[1.00] from 168 to 169 dist[1.32]
Adding bndlst edge: (A_D169_SC -> A_A172_MC) type[hb], weight[0.85] from 168 to 171 dist[2.16]
Adding bndlst edge: (A_D169_SC -> A_Q170_MC) type[hb], weight[0.45] from 168 to 169 dist[2.97]
Adding bndlst edge: (A_Q170_MC -> A_G171_MC) type[cov], weight[1.00] from 169 to 170 dist[1.33]
Adding bndlst edge: (A_G171_MC -> A_A172_MC) type[cov], weight[1.00] from 170 to 171 dist[1.33]
Adding bndlst edge: (A_A172_MC -> A_C173_MC) type[cov], weight[1.00] from 171 to 172 dist[1.33]
Adding bndlst edge: (A_C173_MC -> A_M174_MC) type[cov], weight[1.00] from 172 to 173 dist[1.32]
Adding bndlst edge: (A_M174_MC -> A_A175_MC) type[cov], weight[1.00] from 173 to 174 dist[1.33]
Adding bndlst edge: (A_A175_MC -> A_L176_MC) type[cov], weight[1.00] from 174 to 175 dist[1.34]
Adding bndlst edge: (A_L176_MC -> A_L177_MC) type[cov], weight[1.00] from 175 to 176 dist[1.32]
Adding bndlst edge: (A_L177_MC -> A_S178_MC) type[cov], weight[1.00] from 176 to 177 dist[1.32]
Adding bndlst edge: (A_S178_MC -> A_L179_MC) type[cov], weight[1.00] from 177 to 178 dist[1.34]
Adding bndlst edge: (A_L179_MC -> A_H180_MC) type[cov], weight[1.00] from 178 to 179 dist[1.32]
Adding bndlst edge: (A_H180_MC -> A_L181_MC) type[cov], weight[1.00] from 179 to 180 dist[1.33]
Adding bndlst edge: (A_H180_SC -> A_L181_MC) type[hb], weight[0.63] from 179 to 180 dist[2.53]
Adding bndlst edge: (A_L181_MC -> A_F182_MC) type[cov], weight[1.00] from 180 to 181 dist[1.34]
Adding bndlst edge: (A_F182_MC -> A_Y183_MC) type[cov], weight[1.00] from 181 to 182 dist[1.33]
Adding bndlst edge: (A_Y183_MC -> A_K184_MC) type[cov], weight[1.00] from 182 to 183 dist[1.34]
Adding bndlst edge: (A_K184_MC -> A_K185_MC) type[cov], weight[1.00] from 183 to 184 dist[1.34]

bndlst DONE

Producing PAJEK network
printing pajek edge (A_128_ASP,A_129_THR)
printing pajek edge (A_128_ASP,A_129_THR)
printing pajek edge (A_33_GLU,A_34_LEU)
printing pajek edge (A_33_GLU,A_47_TYR)
printing pajek edge (A_33_GLU,A_45_ARG)
printing pajek edge (A_91_ARG,A_92_ALA)
printing pajek edge (A_119_TRP,A_120_MET)
printing pajek edge (A_72_ALA,A_73_VAL)
printing pajek edge (A_103_PHE,A_104_TYR)
printing pajek edge (A_103_PHE,A_166_ALA)
printing pajek edge (A_19_LEU,A_33_GLU)
printing pajek edge (A_19_LEU,A_20_LYS)
printing pajek edge (A_126_LYS,A_129_THR)
printing pajek edge (A_126_LYS,A_127_VAL)
printing pajek edge (A_17_ALA,A_18_ASP)
printing pajek edge (A_45_ARG,A_46_THR)
printing pajek edge (A_56_PRO,A_57_GLY)
printing pajek edge (A_85_GLU,A_88_SER)
printing pajek edge (A_85_GLU,A_86_CYS)
printing pajek edge (A_85_GLU,A_136_THR)
printing pajek edge (A_28_ASP,A_60_HIS)
printing pajek edge (A_28_ASP,A_29_GLY)
printing pajek edge (A_162_GLY,A_163_PHE)
printing pajek edge (A_96_CYS,A_97_LYS)
printing pajek edge (A_96_CYS,A_97_LYS)
printing pajek edge (A_58_GLN,A_59_ALA)
printing pajek edge (A_58_GLN,A_59_ALA)
printing pajek edge (A_21_TRP,A_22_VAL)
printing pajek edge (A_21_TRP,A_47_TYR)
printing pajek edge (A_21_TRP,A_65_GLY)
printing pajek edge (A_164_TYR,A_165_LEU)
printing pajek edge (A_110_ASP,A_164_TYR)
printing pajek edge (A_110_ASP,A_111_THR)
printing pajek edge (A_152_THR,A_153_LEU)
printing pajek edge (A_90_PRO,A_91_ARG)
printing pajek edge (A_90_PRO,A_92_ALA)
printing pajek edge (A_176_LEU,A_177_LEU)
printing pajek edge (A_149_ASN,A_150_VAL)
printing pajek edge (A_32_GLU,A_33_GLU)
printing pajek edge (A_32_GLU,A_48_GLU)
printing pajek edge (A_36_GLY,A_37_LEU)
printing pajek edge (A_36_GLY,A_44_VAL)
printing pajek edge (A_12_THR,A_179_LEU)
printing pajek edge (A_12_THR,A_14_LEU)
printing pajek edge (A_12_THR,A_13_LYS)
printing pajek edge (A_12_THR,A_15_GLU)
printing pajek edge (A_79_LEU,A_151_LYS)
printing pajek edge (A_79_LEU,A_80_ARG)
printing pajek edge (A_94_ARG,A_95_SER)
printing pajek edge (A_107_SER,A_162_GLY)
printing pajek edge (A_107_SER,A_109_ALA)
printing pajek edge (A_107_SER,A_108_ASP)
printing pajek edge (A_158_LEU,A_159_SER)
printing pajek edge (A_66_TRP,A_107_SER)
printing pajek edge (A_66_TRP,A_67_VAL)
printing pajek edge (A_30_GLN,A_31_TRP)
printing pajek edge (A_139_ARG,A_142_ALA)
printing pajek edge (A_139_ARG,A_140_PRO)
printing pajek edge (A_115_LEU,A_116_THR)
printing pajek edge (A_59_ALA,A_60_HIS)
printing pajek edge (A_154_ARG,A_155_LEU)
printing pajek edge (A_16_THR,A_17_ALA)
printing pajek edge (A_138_LYS,A_142_ALA)
printing pajek edge (A_138_LYS,A_139_ARG)
printing pajek edge (A_138_LYS,A_139_ARG)
printing pajek edge (A_82_THR,A_175_ALA)
printing pajek edge (A_82_THR,A_83_MET)
printing pajek edge (A_61_TRP,A_62_LEU)
printing pajek edge (A_61_TRP,A_168_GLN)
printing pajek edge (A_102_VAL,A_128_ASP)
printing pajek edge (A_102_VAL,A_103_PHE)
printing pajek edge (A_102_VAL,A_127_VAL)
printing pajek edge (A_74_HIS,A_75_VAL)
printing pajek edge (A_74_HIS,A_154_ARG)
printing pajek edge (A_87_LEU,A_88_SER)
printing pajek edge (A_77_ALA,A_153_LEU)
printing pajek edge (A_77_ALA,A_78_THR)
printing pajek edge (A_63_ARG,A_113_THR)
printing pajek edge (A_63_ARG,A_64_THR)
printing pajek edge (A_63_ARG,A_119_TRP)
printing pajek edge (A_63_ARG,A_116_THR)
printing pajek edge (A_68_PRO,A_69_ARG)
printing pajek edge (A_166_ALA,A_167_PHE)
printing pajek edge (A_140_PRO,A_141_GLY)
printing pajek edge (A_130_VAL,A_131_ALA)
printing pajek edge (A_3_HIS,A_4_HIS)
printing pajek edge (A_18_ASP,A_19_LEU)
printing pajek edge (A_111_THR,A_164_TYR)
printing pajek edge (A_111_THR,A_112_ALA)
printing pajek edge (A_83_MET,A_84_LEU)
printing pajek edge (A_83_MET,A_136_THR)
printing pajek edge (A_148_VAL,A_149_ASN)
printing pajek edge (A_169_ASP,A_170_GLN)
printing pajek edge (A_169_ASP,A_170_GLN)
printing pajek edge (A_169_ASP,A_172_ALA)
printing pajek edge (A_136_THR,A_137_ARG)
printing pajek edge (A_15_GLU,A_17_ALA)
printing pajek edge (A_15_GLU,A_16_THR)
printing pajek edge (A_15_GLU,A_16_THR)
printing pajek edge (A_113_THR,A_115_LEU)
printing pajek edge (A_113_THR,A_116_THR)
printing pajek edge (A_113_THR,A_114_ALA)
printing pajek edge (A_70_ARG,A_72_ALA)
printing pajek edge (A_70_ARG,A_71_GLY)
printing pajek edge (A_173_CYS,A_174_MET)
printing pajek edge (A_146_GLY,A_147_LYS)
printing pajek edge (A_50_CYS,A_51_ASP)
printing pajek edge (A_50_CYS,A_52_VAL)
printing pajek edge (A_179_LEU,A_180_HIS)
printing pajek edge (A_25_PRO,A_26_GLN)
printing pajek edge (A_141_GLY,A_142_ALA)
printing pajek edge (A_125_ILE,A_126_LYS)
printing pajek edge (A_105_TYR,A_164_TYR)
printing pajek edge (A_105_TYR,A_106_GLU)
printing pajek edge (A_105_TYR,A_106_GLU)
printing pajek edge (A_132_ALA,A_133_GLU)
printing pajek edge (A_182_PHE,A_183_TYR)
printing pajek edge (A_122_ASN,A_124_TYR)
printing pajek edge (A_122_ASN,A_123_PRO)
printing pajek edge (A_80_ARG,A_178_SER)
printing pajek edge (A_80_ARG,A_81_PHE)
printing pajek edge (A_80_ARG,A_177_LEU)
printing pajek edge (A_155_LEU,A_156_GLY)
printing pajek edge (A_1_HIS,A_2_HIS)
printing pajek edge (A_1_HIS,A_4_HIS)
printing pajek edge (A_1_HIS,A_4_HIS)
printing pajek edge (A_1_HIS,A_185_LYS)
printing pajek edge (A_24_PHE,A_61_TRP)
printing pajek edge (A_24_PHE,A_25_PRO)
printing pajek edge (A_97_LYS,A_171_GLY)
printing pajek edge (A_97_LYS,A_98_GLU)
printing pajek edge (A_127_VAL,A_128_ASP)
printing pajek edge (A_160_LYS,A_161_ALA)
printing pajek edge (A_161_ALA,A_162_GLY)
printing pajek edge (A_177_LEU,A_178_SER)
printing pajek edge (A_48_GLU,A_49_VAL)
printing pajek edge (A_9_LEU,A_181_LEU)
printing pajek edge (A_9_LEU,A_10_LEU)
printing pajek edge (A_99_THR,A_100_PHE)
printing pajek edge (A_38_ASP,A_39_GLU)
printing pajek edge (A_38_ASP,A_40_GLU)
printing pajek edge (A_38_ASP,A_41_GLN)
printing pajek edge (A_38_ASP,A_42_HIS)
printing pajek edge (A_118_ALA,A_120_MET)
printing pajek edge (A_118_ALA,A_119_TRP)
printing pajek edge (A_44_VAL,A_45_ARG)
printing pajek edge (A_6_GLU,A_7_GLU)
printing pajek edge (A_171_GLY,A_172_ALA)
printing pajek edge (A_34_LEU,A_35_SER)
printing pajek edge (A_34_LEU,A_46_THR)
printing pajek edge (A_22_VAL,A_23_THR)
printing pajek edge (A_22_VAL,A_63_ARG)
printing pajek edge (A_64_THR,A_65_GLY)
printing pajek edge (A_64_THR,A_65_GLY)
printing pajek edge (A_64_THR,A_165_LEU)
printing pajek edge (A_8_THR,A_9_LEU)
printing pajek edge (A_8_THR,A_180_HIS)
printing pajek edge (A_27_VAL,A_28_ASP)
printing pajek edge (A_27_VAL,A_30_GLN)
printing pajek edge (A_81_PHE,A_82_THR)
printing pajek edge (A_81_PHE,A_149_ASN)
printing pajek edge (A_120_MET,A_124_TYR)
printing pajek edge (A_120_MET,A_121_GLU)
printing pajek edge (A_181_LEU,A_182_PHE)
printing pajek edge (A_100_PHE,A_130_VAL)
printing pajek edge (A_100_PHE,A_101_THR)
printing pajek edge (A_180_HIS,A_181_LEU)
printing pajek edge (A_180_HIS,A_181_LEU)
printing pajek edge (A_163_PHE,A_164_TYR)
printing pajek edge (A_73_VAL,A_74_HIS)
printing pajek edge (A_73_VAL,A_158_LEU)
printing pajek edge (A_75_VAL,A_155_LEU)
printing pajek edge (A_75_VAL,A_76_TYR)
printing pajek edge (A_183_TYR,A_184_LYS)
printing pajek edge (A_62_LEU,A_167_PHE)
printing pajek edge (A_62_LEU,A_63_ARG)
printing pajek edge (A_109_ALA,A_110_ASP)
printing pajek edge (A_109_ALA,A_111_THR)
printing pajek edge (A_116_THR,A_117_PRO)
printing pajek edge (A_93_GLY,A_94_ARG)
printing pajek edge (A_93_GLY,A_96_CYS)
printing pajek edge (A_104_TYR,A_125_ILE)
printing pajek edge (A_104_TYR,A_105_TYR)
printing pajek edge (A_104_TYR,A_156_GLY)
printing pajek edge (A_11_ASN,A_12_THR)
printing pajek edge (A_11_ASN,A_180_HIS)
printing pajek edge (A_11_ASN,A_14_LEU)
printing pajek edge (A_11_ASN,A_13_LYS)
printing pajek edge (A_114_ALA,A_119_TRP)
printing pajek edge (A_114_ALA,A_115_LEU)
printing pajek edge (A_153_LEU,A_154_ARG)
printing pajek edge (A_143_GLU,A_144_ALA)
printing pajek edge (A_92_ALA,A_93_GLY)
printing pajek edge (A_168_GLN,A_169_ASP)
printing pajek edge (A_49_VAL,A_174_MET)
printing pajek edge (A_49_VAL,A_50_CYS)
printing pajek edge (A_108_ASP,A_161_ALA)
printing pajek edge (A_108_ASP,A_109_ALA)
printing pajek edge (A_88_SER,A_138_LYS)
printing pajek edge (A_88_SER,A_89_LEU)
printing pajek edge (A_175_ALA,A_176_LEU)
printing pajek edge (A_78_THR,A_180_HIS)
printing pajek edge (A_78_THR,A_152_THR)
printing pajek edge (A_78_THR,A_79_LEU)
printing pajek edge (A_134_HIS,A_135_LEU)
printing pajek edge (A_134_HIS,A_149_ASN)
printing pajek edge (A_150_VAL,A_151_LYS)
printing pajek edge (A_124_TYR,A_125_ILE)
printing pajek edge (A_51_ASP,A_52_VAL)
printing pajek edge (A_51_ASP,A_55_ALA)
printing pajek edge (A_40_GLU,A_41_GLN)
printing pajek edge (A_65_GLY,A_66_TRP)
printing pajek edge (A_98_GLU,A_99_THR)
printing pajek edge (A_13_LYS,A_14_LEU)
printing pajek edge (A_42_HIS,A_43_SER)
printing pajek edge (A_53_GLN,A_54_ARG)
printing pajek edge (A_174_MET,A_175_ALA)
printing pajek edge (A_57_GLY,A_58_GLN)
printing pajek edge (A_46_THR,A_47_TYR)
printing pajek edge (A_67_VAL,A_68_PRO)
printing pajek edge (A_67_VAL,A_163_PHE)
printing pajek edge (A_20_LYS,A_21_TRP)
printing pajek edge (A_55_ALA,A_58_GLN)
printing pajek edge (A_55_ALA,A_56_PRO)
printing pajek edge (A_71_GLY,A_72_ALA)
printing pajek edge (A_69_ARG,A_159_SER)
printing pajek edge (A_69_ARG,A_160_LYS)
printing pajek edge (A_69_ARG,A_70_ARG)
printing pajek edge (A_69_ARG,A_72_ALA)
printing pajek edge (A_69_ARG,A_161_ALA)
printing pajek edge (A_167_PHE,A_168_GLN)
printing pajek edge (A_2_HIS,A_3_HIS)
printing pajek edge (A_2_HIS,A_3_HIS)
printing pajek edge (A_137_ARG,A_138_LYS)
printing pajek edge (A_137_ARG,A_145_THR)
printing pajek edge (A_89_LEU,A_90_PRO)
printing pajek edge (A_89_LEU,A_92_ALA)
printing pajek edge (A_117_PRO,A_118_ALA)
printing pajek edge (A_145_THR,A_146_GLY)
printing pajek edge (A_142_ALA,A_143_GLU)
printing pajek edge (A_31_TRP,A_60_HIS)
printing pajek edge (A_31_TRP,A_32_GLU)
printing pajek edge (A_101_THR,A_129_THR)
printing pajek edge (A_101_THR,A_102_VAL)
printing pajek edge (A_101_THR,A_168_GLN)
printing pajek edge (A_129_THR,A_130_VAL)
printing pajek edge (A_26_GLN,A_27_VAL)
printing pajek edge (A_29_GLY,A_30_GLN)
printing pajek edge (A_121_GLU,A_122_ASN)
printing pajek edge (A_157_PRO,A_158_LEU)
printing pajek edge (A_135_LEU,A_136_THR)
printing pajek edge (A_41_GLN,A_42_HIS)
printing pajek edge (A_76_TYR,A_182_PHE)
printing pajek edge (A_76_TYR,A_77_ALA)
printing pajek edge (A_76_TYR,A_154_ARG)
printing pajek edge (A_84_LEU,A_85_GLU)
printing pajek edge (A_84_LEU,A_173_CYS)
printing pajek edge (A_60_HIS,A_61_TRP)
printing pajek edge (A_60_HIS,A_169_ASP)
printing pajek edge (A_178_SER,A_179_LEU)
printing pajek edge (A_151_LYS,A_152_THR)
printing pajek edge (A_156_GLY,A_157_PRO)
printing pajek edge (A_131_ALA,A_132_ALA)
printing pajek edge (A_54_ARG,A_55_ALA)
printing pajek edge (A_123_PRO,A_124_TYR)
printing pajek edge (A_144_ALA,A_145_THR)
printing pajek edge (A_159_SER,A_160_LYS)
printing pajek edge (A_43_SER,A_44_VAL)
printing pajek edge (A_23_THR,A_26_GLN)
printing pajek edge (A_23_THR,A_24_PHE)
printing pajek edge (A_47_TYR,A_176_LEU)
printing pajek edge (A_47_TYR,A_48_GLU)
printing pajek edge (A_14_LEU,A_15_GLU)
printing pajek edge (A_106_GLU,A_159_SER)
printing pajek edge (A_106_GLU,A_160_LYS)
printing pajek edge (A_106_GLU,A_107_SER)
printing pajek edge (A_7_GLU,A_70_ARG)
printing pajek edge (A_7_GLU,A_183_TYR)
printing pajek edge (A_7_GLU,A_8_THR)
printing pajek edge (A_86_CYS,A_89_LEU)
printing pajek edge (A_86_CYS,A_98_GLU)
printing pajek edge (A_86_CYS,A_87_LEU)
printing pajek edge (A_37_LEU,A_38_ASP)
printing pajek edge (A_4_HIS,A_5_HIS)
printing pajek edge (A_184_LYS,A_185_LYS)
printing pajek edge (A_95_SER,A_96_CYS)
printing pajek edge (A_147_LYS,A_148_VAL)
printing pajek edge (A_52_VAL,A_53_GLN)
printing pajek edge (A_10_LEU,A_181_LEU)
printing pajek edge (A_10_LEU,A_180_HIS)
printing pajek edge (A_10_LEU,A_11_ASN)
printing pajek edge (A_112_ALA,A_164_TYR)
printing pajek edge (A_112_ALA,A_113_THR)
printing pajek edge (A_39_GLU,A_40_GLU)
printing pajek edge (A_5_HIS,A_185_LYS)
printing pajek edge (A_5_HIS,A_6_GLU)
printing pajek edge (A_5_HIS,A_6_GLU)
printing pajek edge (A_35_SER,A_43_SER)
printing pajek edge (A_35_SER,A_36_GLY)
printing pajek edge (A_170_GLN,A_171_GLY)
printing pajek edge (A_165_LEU,A_166_ALA)
printing pajek edge (A_133_GLU,A_149_ASN)
printing pajek edge (A_133_GLU,A_134_HIS)
printing pajek edge (A_172_ALA,A_173_CYS)
