Graph START

Adding vertex (chain-A, position-1, res-ILE)
New vertex id: 0
1 2 3 4 5 6 7 8 
Adding vertex (chain-A, position-2, res-VAL)
New vertex id: 1
9 10 11 12 13 14 15 
Adding vertex (chain-A, position-3, res-CYS)
New vertex id: 2
16 17 18 19 20 21 
Adding vertex (chain-A, position-4, res-HIS)
New vertex id: 3
22 23 24 25 26 27 28 29 30 31 
Adding vertex (chain-A, position-5, res-THR)
New vertex id: 4
32 33 34 35 36 37 38 
Adding vertex (chain-A, position-6, res-THR)
New vertex id: 5
39 40 41 42 43 44 45 
Adding vertex (chain-A, position-7, res-ALA)
New vertex id: 6
46 47 48 49 50 
Adding vertex (chain-A, position-8, res-THR)
New vertex id: 7
51 52 53 54 55 56 57 
Adding vertex (chain-A, position-9, res-SER)
New vertex id: 8
58 59 60 61 62 63 
Adding vertex (chain-A, position-10, res-PRO)
New vertex id: 9
64 65 66 67 68 69 70 
Adding vertex (chain-A, position-11, res-ILE)
New vertex id: 10
71 72 73 74 75 76 77 78 
Adding vertex (chain-A, position-12, res-SER)
New vertex id: 11
79 80 81 82 83 84 
Adding vertex (chain-A, position-13, res-ALA)
New vertex id: 12
85 86 87 88 89 
Adding vertex (chain-A, position-14, res-VAL)
New vertex id: 13
90 91 92 93 94 95 96 
Adding vertex (chain-A, position-15, res-THR)
New vertex id: 14
97 98 99 100 101 102 103 
Adding vertex (chain-A, position-16, res-CYS)
New vertex id: 15
104 105 106 107 108 109 
Adding vertex (chain-A, position-17, res-PRO)
New vertex id: 16
110 111 112 113 114 115 116 
Adding vertex (chain-A, position-18, res-PRO)
New vertex id: 17
117 118 119 120 121 122 123 
Adding vertex (chain-A, position-19, res-GLY)
New vertex id: 18
124 125 126 127 
Adding vertex (chain-A, position-20, res-GLU)
New vertex id: 19
128 129 130 131 132 133 134 135 136 
Adding vertex (chain-A, position-21, res-ASN)
New vertex id: 20
137 138 139 140 141 142 143 144 
Adding vertex (chain-A, position-22, res-LEU)
New vertex id: 21
145 146 147 148 149 150 151 152 
Adding vertex (chain-A, position-23, res-CYS)
New vertex id: 22
153 154 155 156 157 158 
Adding vertex (chain-A, position-24, res-TYR)
New vertex id: 23
159 160 161 162 163 164 165 166 167 168 169 170 
Adding vertex (chain-A, position-25, res-ARG)
New vertex id: 24
171 172 173 174 175 176 177 178 179 180 181 
Adding vertex (chain-A, position-26, res-LYS)
New vertex id: 25
182 183 184 185 186 187 188 189 190 
Adding vertex (chain-A, position-27, res-MET)
New vertex id: 26
191 192 193 194 195 196 197 198 
Adding vertex (chain-A, position-28, res-TRP)
New vertex id: 27
199 200 201 202 203 204 205 206 207 208 209 210 211 212 
Adding vertex (chain-A, position-29, res-CYS)
New vertex id: 28
213 214 215 216 217 218 
Adding vertex (chain-A, position-30, res-ASP)
New vertex id: 29
219 220 221 222 223 224 225 226 
Adding vertex (chain-A, position-31, res-VAL)
New vertex id: 30
227 228 229 230 231 232 233 
Adding vertex (chain-A, position-32, res-PHE)
New vertex id: 31
234 235 236 237 238 239 240 241 242 243 244 
Adding vertex (chain-A, position-33, res-CYS)
New vertex id: 32
245 246 247 248 249 250 
Adding vertex (chain-A, position-34, res-SER)
New vertex id: 33
251 252 253 254 255 256 
Adding vertex (chain-A, position-35, res-SER)
New vertex id: 34
257 258 259 260 261 262 
Adding vertex (chain-A, position-36, res-ARG)
New vertex id: 35
263 264 265 266 267 268 269 270 271 272 273 
Adding vertex (chain-A, position-37, res-GLY)
New vertex id: 36
274 275 276 277 
Adding vertex (chain-A, position-38, res-LYS)
New vertex id: 37
278 279 280 281 282 283 284 285 286 
Adding vertex (chain-A, position-39, res-VAL)
New vertex id: 38
287 288 289 290 291 292 293 
Adding vertex (chain-A, position-40, res-VAL)
New vertex id: 39
294 295 296 297 298 299 300 
Adding vertex (chain-A, position-41, res-GLU)
New vertex id: 40
301 302 303 304 305 306 307 308 309 
Adding vertex (chain-A, position-42, res-LEU)
New vertex id: 41
310 311 312 313 314 315 316 317 
Adding vertex (chain-A, position-43, res-GLY)
New vertex id: 42
318 319 320 321 
Adding vertex (chain-A, position-44, res-CYS)
New vertex id: 43
322 323 324 325 326 327 
Adding vertex (chain-A, position-45, res-ALA)
New vertex id: 44
328 329 330 331 332 
Adding vertex (chain-A, position-46, res-ALA)
New vertex id: 45
333 334 335 336 337 
Adding vertex (chain-A, position-47, res-THR)
New vertex id: 46
338 339 340 341 342 343 344 
Adding vertex (chain-A, position-48, res-CYS)
New vertex id: 47
345 346 347 348 349 350 
Adding vertex (chain-A, position-49, res-PRO)
New vertex id: 48
351 352 353 354 355 356 357 
Adding vertex (chain-A, position-50, res-SER)
New vertex id: 49
358 359 360 361 362 363 
Adding vertex (chain-A, position-51, res-LYS)
New vertex id: 50
364 365 366 367 368 369 370 371 372 
Adding vertex (chain-A, position-52, res-LYS)
New vertex id: 51
373 374 375 376 377 378 379 380 381 
Adding vertex (chain-A, position-53, res-PRO)
New vertex id: 52
382 383 384 385 386 387 388 
Adding vertex (chain-A, position-54, res-TYR)
New vertex id: 53
389 390 391 392 393 394 395 396 397 398 399 400 
Adding vertex (chain-A, position-55, res-GLU)
New vertex id: 54
401 402 403 404 405 406 407 408 409 
Adding vertex (chain-A, position-56, res-GLU)
New vertex id: 55
410 411 412 413 414 415 416 417 418 
Adding vertex (chain-A, position-57, res-VAL)
New vertex id: 56
419 420 421 422 423 424 425 
Adding vertex (chain-A, position-58, res-THR)
New vertex id: 57
426 427 428 429 430 431 432 
Adding vertex (chain-A, position-59, res-CYS)
New vertex id: 58
433 434 435 436 437 438 
Adding vertex (chain-A, position-60, res-CYS)
New vertex id: 59
439 440 441 442 443 444 
Adding vertex (chain-A, position-61, res-SER)
New vertex id: 60
445 446 447 448 449 450 
Adding vertex (chain-A, position-62, res-THR)
New vertex id: 61
451 452 453 454 455 456 457 
Adding vertex (chain-A, position-63, res-ASP)
New vertex id: 62
458 459 460 461 462 463 464 465 
Adding vertex (chain-A, position-64, res-LYS)
New vertex id: 63
466 467 468 469 470 471 472 473 474 
Adding vertex (chain-A, position-65, res-CYS)
New vertex id: 64
475 476 477 478 479 480 
Adding vertex (chain-A, position-66, res-ASN)
New vertex id: 65
481 482 483 484 485 486 487 488 
Adding vertex (chain-A, position-67, res-PRO)
New vertex id: 66
489 490 491 492 493 494 495 
Adding vertex (chain-A, position-68, res-HIS)
New vertex id: 67
496 497 498 499 500 501 502 503 504 505 
Adding vertex (chain-A, position-69, res-PRO)
New vertex id: 68
506 507 508 509 510 511 512 
Adding vertex (chain-A, position-70, res-LYS)
New vertex id: 69
513 514 515 516 517 518 519 520 521 
Adding vertex (chain-A, position-71, res-GLN)
New vertex id: 70
522 523 524 525 526 527 528 529 530 
Adding vertex (chain-A, position-72, res-ARG)
New vertex id: 71
531 532 533 534 535 536 537 538 539 540 541 
Adding vertex (chain-A, position-73, res-PRO)
New vertex id: 72
542 543 544 545 546 547 548 
Adding vertex (chain-A, position-74, res-GLY)
New vertex id: 73
549 550 551 552 553 
Graph DONE

( reduce -FLIPs 1HC9.pdb > 1HC9.H.pdb ) >& /dev/null
Reduce (-FLIPs) returned 0
( bndlst -Radius0.3 1HC9.H.pdb > 1HC9.H.bndlst ) >& /dev/null
BndLst returned 0
Parsing 1HC9.H.bndlst

bndlst START
Adding bndlst edge: (A_I1_MC -> A_V2_MC) type[cov], weight[1.00] from 0 to 1 dist[1.33]
Adding bndlst edge: (A_I1_MC -> A_C16_MC) type[hb], weight[1.09] from 0 to 15 dist[1.91]
Adding bndlst edge: (A_V2_MC -> A_C3_MC) type[cov], weight[1.00] from 1 to 2 dist[1.33]
Adding bndlst edge: (A_V2_MC -> A_K64_MC) type[hb], weight[1.35] from 1 to 63 dist[1.72]
Adding bndlst edge: (A_V2_MC -> A_D63_SC) type[hb], weight[0.97] from 1 to 62 dist[2.04]
Adding bndlst edge: (A_C3_MC -> A_H4_MC) type[cov], weight[1.00] from 2 to 3 dist[1.33]
Adding bndlst edge: (A_C3_MC -> A_V14_MC) type[hb], weight[1.16] from 2 to 13 dist[1.86]
Adding bndlst edge: (A_C3_MC -> A_V14_MC) type[hb], weight[1.08] from 2 to 13 dist[1.92]
Adding bndlst edge: (A_H4_MC -> A_T5_MC) type[cov], weight[1.00] from 3 to 4 dist[1.33]
Adding bndlst edge: (A_H4_MC -> A_N66_SC) type[hb], weight[0.95] from 3 to 65 dist[2.05]
Adding bndlst edge: (A_H4_MC -> A_N66_SC) type[hb], weight[1.12] from 3 to 65 dist[1.89]
Adding bndlst edge: (A_H4_SC -> A_N66_MC) type[hb], weight[0.45] from 3 to 65 dist[2.97]
Adding bndlst edge: (A_H4_SC -> A_N66_SC) type[hb], weight[0.52] from 3 to 65 dist[2.79]
Adding bndlst edge: (A_T5_MC -> A_T6_MC) type[cov], weight[1.00] from 4 to 5 dist[1.33]
Adding bndlst edge: (A_T5_MC -> A_S12_MC) type[hb], weight[0.53] from 4 to 11 dist[2.74]
Adding bndlst edge: (A_T5_MC -> A_T8_MC) type[hb], weight[0.45] from 4 to 7 dist[2.99]
Adding bndlst edge: (A_T5_SC -> A_A7_MC) type[hb], weight[1.00] from 4 to 6 dist[2.00]
Adding bndlst edge: (A_T5_MC -> A_S12_MC) type[hb], weight[1.03] from 4 to 11 dist[1.97]
Adding bndlst edge: (A_T6_MC -> A_A7_MC) type[cov], weight[1.00] from 5 to 6 dist[1.33]
Adding bndlst edge: (A_T6_SC -> A_L42_MC) type[hb], weight[0.98] from 5 to 41 dist[2.02]
Adding bndlst edge: (A_T6_MC -> A_L42_MC) type[hb], weight[0.80] from 5 to 41 dist[2.24]
Adding bndlst edge: (A_A7_MC -> A_T8_MC) type[cov], weight[1.00] from 6 to 7 dist[1.33]
Adding bndlst edge: (A_T8_MC -> A_S9_MC) type[cov], weight[1.00] from 7 to 8 dist[1.33]
Adding bndlst edge: (A_T8_SC -> A_S12_MC) type[hb], weight[0.55] from 7 to 11 dist[2.69]
Adding bndlst edge: (A_T8_SC -> A_S12_SC) type[hb], weight[1.24] from 7 to 11 dist[1.80]
Adding bndlst edge: (A_T8_SC -> A_P10_MC) type[hb], weight[1.21] from 7 to 9 dist[1.82]
Adding bndlst edge: (A_S9_MC -> A_P10_MC) type[cov], weight[1.00] from 8 to 9 dist[1.34]
Adding bndlst edge: (A_P10_MC -> A_I11_MC) type[cov], weight[1.00] from 9 to 10 dist[1.33]
Adding bndlst edge: (A_I11_MC -> A_S12_MC) type[cov], weight[1.00] from 10 to 11 dist[1.33]
Adding bndlst edge: (A_S12_MC -> A_A13_MC) type[cov], weight[1.00] from 11 to 12 dist[1.33]
Adding bndlst edge: (A_A13_MC -> A_V14_MC) type[cov], weight[1.00] from 12 to 13 dist[1.33]
Adding bndlst edge: (A_V14_MC -> A_T15_MC) type[cov], weight[1.00] from 13 to 14 dist[1.33]
Adding bndlst edge: (A_T15_MC -> A_C16_MC) type[cov], weight[1.00] from 14 to 15 dist[1.33]
Adding bndlst edge: (A_C16_MC -> A_P17_MC) type[cov], weight[1.00] from 15 to 16 dist[1.34]
Adding bndlst edge: (A_P17_MC -> A_P18_MC) type[cov], weight[1.00] from 16 to 17 dist[1.34]
Adding bndlst edge: (A_P17_MC -> A_E20_MC) type[hb], weight[0.96] from 16 to 19 dist[2.04]
Adding bndlst edge: (A_P18_MC -> A_G19_MC) type[cov], weight[1.00] from 17 to 18 dist[1.33]
Adding bndlst edge: (A_P18_MC -> A_E20_MC) type[hb], weight[0.46] from 17 to 19 dist[2.93]
Adding bndlst edge: (A_G19_MC -> A_E20_MC) type[cov], weight[1.00] from 18 to 19 dist[1.33]
Adding bndlst edge: (A_E20_MC -> A_N21_MC) type[cov], weight[1.00] from 19 to 20 dist[1.33]
Adding bndlst edge: (A_N21_MC -> A_L22_MC) type[cov], weight[1.00] from 20 to 21 dist[1.33]
Adding bndlst edge: (A_L22_MC -> A_C23_MC) type[cov], weight[1.00] from 21 to 22 dist[1.33]
Adding bndlst edge: (A_L22_MC -> A_A45_MC) type[hb], weight[0.79] from 21 to 44 dist[2.24]
Adding bndlst edge: (A_L22_MC -> A_A45_MC) type[hb], weight[0.81] from 21 to 44 dist[2.23]
Adding bndlst edge: (A_C23_MC -> A_Y24_MC) type[cov], weight[1.00] from 22 to 23 dist[1.32]
Adding bndlst edge: (A_C23_MC -> A_C60_MC) type[hb], weight[0.92] from 22 to 59 dist[2.08]
Adding bndlst edge: (A_C23_MC -> A_C60_MC) type[hb], weight[1.17] from 22 to 59 dist[1.85]
Adding bndlst edge: (A_Y24_MC -> A_R25_MC) type[cov], weight[1.00] from 23 to 24 dist[1.32]
Adding bndlst edge: (A_Y24_MC -> A_N66_SC) type[hb], weight[0.95] from 23 to 65 dist[2.05]
Adding bndlst edge: (A_Y24_MC -> A_G43_MC) type[hb], weight[0.86] from 23 to 42 dist[2.16]
Adding bndlst edge: (A_Y24_MC -> A_G43_MC) type[hb], weight[0.92] from 23 to 42 dist[2.08]
Adding bndlst edge: (A_Y24_SC -> A_E41_SC) type[hb], weight[1.44] from 23 to 40 dist[1.67]
Adding bndlst edge: (A_R25_MC -> A_K26_MC) type[cov], weight[1.00] from 24 to 25 dist[1.32]
Adding bndlst edge: (A_R25_MC -> A_T58_MC) type[hb], weight[1.15] from 24 to 57 dist[1.86]
Adding bndlst edge: (A_R25_MC -> A_T58_MC) type[hb], weight[1.19] from 24 to 57 dist[1.83]
Adding bndlst edge: (A_R25_SC -> A_P67_MC) type[hb], weight[0.91] from 24 to 66 dist[2.10]
Adding bndlst edge: (A_K26_MC -> A_M27_MC) type[cov], weight[1.00] from 25 to 26 dist[1.32]
Adding bndlst edge: (A_K26_MC -> A_E41_MC) type[hb], weight[1.09] from 25 to 40 dist[1.92]
Adding bndlst edge: (A_K26_MC -> A_E41_MC) type[hb], weight[1.22] from 25 to 40 dist[1.81]
Adding bndlst edge: (A_K26_SC -> A_E41_SC) type[salt], weight[0.41] from 25 to 40 dist[2.98]
Adding bndlst edge: (A_M27_MC -> A_W28_MC) type[cov], weight[1.00] from 26 to 27 dist[1.33]
Adding bndlst edge: (A_M27_MC -> A_E56_MC) type[hb], weight[1.28] from 26 to 55 dist[1.77]
Adding bndlst edge: (A_M27_MC -> A_E56_MC) type[hb], weight[1.14] from 26 to 55 dist[1.88]
Adding bndlst edge: (A_W28_MC -> A_C29_MC) type[cov], weight[1.00] from 27 to 28 dist[1.32]
Adding bndlst edge: (A_W28_MC -> A_V39_MC) type[hb], weight[1.29] from 27 to 38 dist[1.76]
Adding bndlst edge: (A_W28_MC -> A_V39_MC) type[hb], weight[0.67] from 27 to 38 dist[2.44]
Adding bndlst edge: (A_C29_MC -> A_D30_MC) type[cov], weight[1.00] from 28 to 29 dist[1.33]
Adding bndlst edge: (A_D30_MC -> A_V31_MC) type[cov], weight[1.00] from 29 to 30 dist[1.33]
Adding bndlst edge: (A_D30_MC -> A_C33_MC) type[hb], weight[0.82] from 29 to 32 dist[2.21]
Adding bndlst edge: (A_D30_SC -> A_F32_MC) type[hb], weight[1.09] from 29 to 31 dist[1.92]
Adding bndlst edge: (A_V31_MC -> A_F32_MC) type[cov], weight[1.00] from 30 to 31 dist[1.33]
Adding bndlst edge: (A_V31_MC -> A_C33_MC) type[hb], weight[0.45] from 30 to 32 dist[2.98]
Adding bndlst edge: (A_F32_MC -> A_C33_MC) type[cov], weight[1.00] from 31 to 32 dist[1.33]
Adding bndlst edge: (A_F32_MC -> A_R36_MC) type[hb], weight[1.15] from 31 to 35 dist[1.87]
Adding bndlst edge: (A_F32_MC -> A_S35_MC) type[hb], weight[0.75] from 31 to 34 dist[2.31]
Adding bndlst edge: (A_C33_MC -> A_S34_MC) type[cov], weight[1.00] from 32 to 33 dist[1.33]
Adding bndlst edge: (A_C33_MC -> A_G37_MC) type[hb], weight[0.95] from 32 to 36 dist[2.06]
Adding bndlst edge: (A_S34_MC -> A_S35_MC) type[cov], weight[1.00] from 33 to 34 dist[1.33]
Adding bndlst edge: (A_S34_SC -> A_S35_MC) type[hb], weight[0.46] from 33 to 34 dist[2.96]
Adding bndlst edge: (A_S35_MC -> A_R36_MC) type[cov], weight[1.00] from 34 to 35 dist[1.33]
Adding bndlst edge: (A_S35_SC -> A_R36_MC) type[hb], weight[0.52] from 34 to 35 dist[2.77]
Adding bndlst edge: (A_R36_MC -> A_G37_MC) type[cov], weight[1.00] from 35 to 36 dist[1.33]
Adding bndlst edge: (A_G37_MC -> A_K38_MC) type[cov], weight[1.00] from 36 to 37 dist[1.33]
Adding bndlst edge: (A_K38_MC -> A_V39_MC) type[cov], weight[1.00] from 37 to 38 dist[1.33]
Adding bndlst edge: (A_K38_SC -> A_E56_SC) type[salt], weight[0.89] from 37 to 55 dist[2.01]
Adding bndlst edge: (A_K38_SC -> A_E56_SC) type[salt], weight[0.50] from 37 to 55 dist[2.69]
Adding bndlst edge: (A_K38_SC -> A_E56_SC) type[salt], weight[0.48] from 37 to 55 dist[2.74]
Adding bndlst edge: (A_V39_MC -> A_V40_MC) type[cov], weight[1.00] from 38 to 39 dist[1.33]
Adding bndlst edge: (A_V40_MC -> A_E41_MC) type[cov], weight[1.00] from 39 to 40 dist[1.33]
Adding bndlst edge: (A_E41_MC -> A_L42_MC) type[cov], weight[1.00] from 40 to 41 dist[1.33]
Adding bndlst edge: (A_L42_MC -> A_G43_MC) type[cov], weight[1.00] from 41 to 42 dist[1.33]
Adding bndlst edge: (A_G43_MC -> A_C44_MC) type[cov], weight[1.00] from 42 to 43 dist[1.33]
Adding bndlst edge: (A_C44_MC -> A_A45_MC) type[cov], weight[1.00] from 43 to 44 dist[1.33]
Adding bndlst edge: (A_A45_MC -> A_A46_MC) type[cov], weight[1.00] from 44 to 45 dist[1.33]
Adding bndlst edge: (A_A46_MC -> A_T47_MC) type[cov], weight[1.00] from 45 to 46 dist[1.33]
Adding bndlst edge: (A_T47_MC -> A_C48_MC) type[cov], weight[1.00] from 46 to 47 dist[1.33]
Adding bndlst edge: (A_C48_MC -> A_P49_MC) type[cov], weight[1.00] from 47 to 48 dist[1.34]
Adding bndlst edge: (A_C48_SC -> A_C59_SC) type[cov], weight[1.00] from 47 to 58 dist[1.34]
Adding bndlst edge: (A_C48_SC -> A_C59_SC) type[cov], weight[1.00] from 47 to 58 dist[1.20]
Adding bndlst edge: (A_P49_MC -> A_S50_MC) type[cov], weight[1.00] from 48 to 49 dist[1.33]
Adding bndlst edge: (A_S50_MC -> A_K51_MC) type[cov], weight[1.00] from 49 to 50 dist[1.33]
Adding bndlst edge: (A_K51_MC -> A_K52_MC) type[cov], weight[1.00] from 50 to 51 dist[1.33]
Adding bndlst edge: (A_K51_SC -> A_E55_MC) type[hb], weight[0.45] from 50 to 54 dist[2.97]
Adding bndlst edge: (A_K51_SC -> A_E55_MC) type[hb], weight[0.60] from 50 to 54 dist[2.59]
Adding bndlst edge: (A_K51_SC -> A_K52_MC) type[hb], weight[1.15] from 50 to 51 dist[1.86]
Adding bndlst edge: (A_K52_MC -> A_P53_MC) type[cov], weight[1.00] from 51 to 52 dist[1.34]
Adding bndlst edge: (A_K52_MC -> A_E55_MC) type[hb], weight[0.85] from 51 to 54 dist[2.17]
Adding bndlst edge: (A_P53_MC -> A_Y54_MC) type[cov], weight[1.00] from 52 to 53 dist[1.33]
Adding bndlst edge: (A_P53_MC -> A_E55_MC) type[hb], weight[0.49] from 52 to 54 dist[2.85]
Adding bndlst edge: (A_Y54_MC -> A_E55_MC) type[cov], weight[1.00] from 53 to 54 dist[1.33]
Adding bndlst edge: (A_E55_MC -> A_E56_MC) type[cov], weight[1.00] from 54 to 55 dist[1.33]
Adding bndlst edge: (A_E56_MC -> A_V57_MC) type[cov], weight[1.00] from 55 to 56 dist[1.33]
Adding bndlst edge: (A_V57_MC -> A_T58_MC) type[cov], weight[1.00] from 56 to 57 dist[1.32]
Adding bndlst edge: (A_T58_MC -> A_C59_MC) type[cov], weight[1.00] from 57 to 58 dist[1.33]
Adding bndlst edge: (A_C59_MC -> A_C60_MC) type[cov], weight[1.00] from 58 to 59 dist[1.33]
Adding bndlst edge: (A_C60_MC -> A_S61_MC) type[cov], weight[1.00] from 59 to 60 dist[1.33]
Adding bndlst edge: (A_S61_MC -> A_T62_MC) type[cov], weight[1.00] from 60 to 61 dist[1.33]
Adding bndlst edge: (A_T62_MC -> A_D63_MC) type[cov], weight[1.00] from 61 to 62 dist[1.33]
Adding bndlst edge: (A_T62_MC -> A_C65_MC) type[hb], weight[0.71] from 61 to 64 dist[2.37]
Adding bndlst edge: (A_T62_MC -> A_C65_SC) type[hb], weight[0.53] from 61 to 64 dist[2.75]
Adding bndlst edge: (A_D63_MC -> A_K64_MC) type[cov], weight[1.00] from 62 to 63 dist[1.33]
Adding bndlst edge: (A_K64_MC -> A_C65_MC) type[cov], weight[1.00] from 63 to 64 dist[1.32]
Adding bndlst edge: (A_K64_MC -> A_G74_MC) type[hb], weight[0.91] from 63 to 73 dist[2.09]
Adding bndlst edge: (A_C65_MC -> A_N66_MC) type[cov], weight[1.00] from 64 to 65 dist[1.33]
Adding bndlst edge: (A_N66_MC -> A_P67_MC) type[cov], weight[1.00] from 65 to 66 dist[1.34]
Adding bndlst edge: (A_P67_MC -> A_H68_MC) type[cov], weight[1.00] from 66 to 67 dist[1.32]
Adding bndlst edge: (A_H68_MC -> A_P69_MC) type[cov], weight[1.00] from 67 to 68 dist[1.34]
Adding bndlst edge: (A_H68_MC -> A_Q71_MC) type[hb], weight[1.30] from 67 to 70 dist[1.75]
Adding bndlst edge: (A_H68_MC -> A_K70_MC) type[hb], weight[0.50] from 67 to 69 dist[2.83]
Adding bndlst edge: (A_H68_SC -> A_K70_MC) type[hb], weight[0.48] from 67 to 69 dist[2.90]
Adding bndlst edge: (A_H68_SC -> A_K70_MC) type[hb], weight[1.16] from 67 to 69 dist[1.86]
Adding bndlst edge: (A_H68_SC -> A_K70_MC) type[hb], weight[0.56] from 67 to 69 dist[2.68]
Adding bndlst edge: (A_P69_MC -> A_K70_MC) type[cov], weight[1.00] from 68 to 69 dist[1.33]
Adding bndlst edge: (A_P69_MC -> A_Q71_MC) type[hb], weight[0.47] from 68 to 70 dist[2.93]
Adding bndlst edge: (A_K70_MC -> A_Q71_MC) type[cov], weight[1.00] from 69 to 70 dist[1.33]
Adding bndlst edge: (A_Q71_MC -> A_R72_MC) type[cov], weight[1.00] from 70 to 71 dist[1.33]
Adding bndlst edge: (A_R72_MC -> A_P73_MC) type[cov], weight[1.00] from 71 to 72 dist[1.34]
Adding bndlst edge: (A_P73_MC -> A_G74_MC) type[cov], weight[1.00] from 72 to 73 dist[1.33]

bndlst DONE

Producing PAJEK network
printing pajek edge (A_34_SER,A_35_SER)
printing pajek edge (A_34_SER,A_35_SER)
printing pajek edge (A_33_CYS,A_34_SER)
printing pajek edge (A_33_CYS,A_37_GLY)
printing pajek edge (A_64_LYS,A_65_CYS)
printing pajek edge (A_64_LYS,A_74_GLY)
printing pajek edge (A_22_LEU,A_23_CYS)
printing pajek edge (A_22_LEU,A_45_ALA)
printing pajek edge (A_72_ARG,A_73_PRO)
printing pajek edge (A_8_THR,A_9_SER)
printing pajek edge (A_8_THR,A_12_SER)
printing pajek edge (A_8_THR,A_10_PRO)
printing pajek edge (A_27_MET,A_28_TRP)
printing pajek edge (A_27_MET,A_56_GLU)
printing pajek edge (A_19_GLY,A_20_GLU)
printing pajek edge (A_73_PRO,A_74_GLY)
printing pajek edge (A_17_PRO,A_20_GLU)
printing pajek edge (A_17_PRO,A_18_PRO)
printing pajek edge (A_45_ALA,A_46_ALA)
printing pajek edge (A_56_GLU,A_57_VAL)
printing pajek edge (A_28_TRP,A_39_VAL)
printing pajek edge (A_28_TRP,A_29_CYS)
printing pajek edge (A_58_THR,A_59_CYS)
printing pajek edge (A_62_THR,A_65_CYS)
printing pajek edge (A_62_THR,A_63_ASP)
printing pajek edge (A_21_ASN,A_22_LEU)
printing pajek edge (A_11_ILE,A_12_SER)
printing pajek edge (A_32_PHE,A_36_ARG)
printing pajek edge (A_32_PHE,A_33_CYS)
printing pajek edge (A_32_PHE,A_35_SER)
printing pajek edge (A_36_ARG,A_37_GLY)
printing pajek edge (A_12_SER,A_13_ALA)
printing pajek edge (A_49_PRO,A_50_SER)
printing pajek edge (A_66_ASN,A_67_PRO)
printing pajek edge (A_30_ASP,A_33_CYS)
printing pajek edge (A_30_ASP,A_31_VAL)
printing pajek edge (A_30_ASP,A_32_PHE)
printing pajek edge (A_51_LYS,A_52_LYS)
printing pajek edge (A_51_LYS,A_52_LYS)
printing pajek edge (A_51_LYS,A_55_GLU)
printing pajek edge (A_40_VAL,A_41_GLU)
printing pajek edge (A_65_CYS,A_66_ASN)
printing pajek edge (A_59_CYS,A_60_CYS)
printing pajek edge (A_42_LEU,A_43_GLY)
printing pajek edge (A_13_ALA,A_14_VAL)
printing pajek edge (A_16_CYS,A_17_PRO)
printing pajek edge (A_53_PRO,A_54_TYR)
printing pajek edge (A_53_PRO,A_55_GLU)
printing pajek edge (A_61_SER,A_62_THR)
printing pajek edge (A_57_VAL,A_58_THR)
printing pajek edge (A_67_PRO,A_68_HIS)
printing pajek edge (A_46_ALA,A_47_THR)
printing pajek edge (A_20_GLU,A_21_ASN)
printing pajek edge (A_63_ASP,A_64_LYS)
printing pajek edge (A_55_GLU,A_56_GLU)
printing pajek edge (A_68_HIS,A_70_LYS)
printing pajek edge (A_68_HIS,A_71_GLN)
printing pajek edge (A_68_HIS,A_69_PRO)
printing pajek edge (A_71_GLN,A_72_ARG)
printing pajek edge (A_69_PRO,A_70_LYS)
printing pajek edge (A_69_PRO,A_71_GLN)
printing pajek edge (A_3_CYS,A_4_HIS)
printing pajek edge (A_3_CYS,A_14_VAL)
printing pajek edge (A_18_PRO,A_19_GLY)
printing pajek edge (A_18_PRO,A_20_GLU)
printing pajek edge (A_2_VAL,A_64_LYS)
printing pajek edge (A_2_VAL,A_63_ASP)
printing pajek edge (A_2_VAL,A_3_CYS)
printing pajek edge (A_31_VAL,A_33_CYS)
printing pajek edge (A_31_VAL,A_32_PHE)
printing pajek edge (A_26_LYS,A_41_GLU)
printing pajek edge (A_26_LYS,A_41_GLU)
printing pajek edge (A_26_LYS,A_27_MET)
printing pajek edge (A_29_CYS,A_30_ASP)
printing pajek edge (A_41_GLU,A_42_LEU)
printing pajek edge (A_15_THR,A_16_CYS)
printing pajek edge (A_70_LYS,A_71_GLN)
printing pajek edge (A_60_CYS,A_61_SER)
printing pajek edge (A_50_SER,A_51_LYS)
printing pajek edge (A_25_ARG,A_26_LYS)
printing pajek edge (A_25_ARG,A_58_THR)
printing pajek edge (A_25_ARG,A_67_PRO)
printing pajek edge (A_54_TYR,A_55_GLU)
printing pajek edge (A_23_CYS,A_60_CYS)
printing pajek edge (A_23_CYS,A_24_TYR)
printing pajek edge (A_43_GLY,A_44_CYS)
printing pajek edge (A_1_ILE,A_2_VAL)
printing pajek edge (A_1_ILE,A_16_CYS)
printing pajek edge (A_47_THR,A_48_CYS)
printing pajek edge (A_24_TYR,A_43_GLY)
printing pajek edge (A_24_TYR,A_41_GLU)
printing pajek edge (A_24_TYR,A_25_ARG)
printing pajek edge (A_24_TYR,A_66_ASN)
printing pajek edge (A_14_VAL,A_15_THR)
printing pajek edge (A_7_ALA,A_8_THR)
printing pajek edge (A_4_HIS,A_5_THR)
printing pajek edge (A_4_HIS,A_66_ASN)
printing pajek edge (A_37_GLY,A_38_LYS)
printing pajek edge (A_10_PRO,A_11_ILE)
printing pajek edge (A_52_LYS,A_53_PRO)
printing pajek edge (A_52_LYS,A_55_GLU)
printing pajek edge (A_48_CYS,A_59_CYS)
printing pajek edge (A_48_CYS,A_49_PRO)
printing pajek edge (A_9_SER,A_10_PRO)
printing pajek edge (A_39_VAL,A_40_VAL)
printing pajek edge (A_5_THR,A_7_ALA)
printing pajek edge (A_5_THR,A_12_SER)
printing pajek edge (A_5_THR,A_8_THR)
printing pajek edge (A_5_THR,A_6_THR)
printing pajek edge (A_35_SER,A_36_ARG)
printing pajek edge (A_35_SER,A_36_ARG)
printing pajek edge (A_38_LYS,A_39_VAL)
printing pajek edge (A_38_LYS,A_56_GLU)
printing pajek edge (A_44_CYS,A_45_ALA)
printing pajek edge (A_6_THR,A_7_ALA)
printing pajek edge (A_6_THR,A_42_LEU)
