Graph START

Adding vertex (chain-A, position-1, res-SER)
New vertex id: 0
1 2 3 4 5 6 
Adding vertex (chain-A, position-2, res-ASP)
New vertex id: 1
7 8 9 10 11 12 13 14 
Adding vertex (chain-A, position-3, res-LEU)
New vertex id: 2
15 16 17 18 19 20 21 22 
Adding vertex (chain-A, position-4, res-PRO)
New vertex id: 3
23 24 25 26 27 28 29 
Adding vertex (chain-A, position-5, res-ALA)
New vertex id: 4
30 31 32 33 34 
Adding vertex (chain-A, position-6, res-GLY)
New vertex id: 5
35 36 37 38 
Adding vertex (chain-A, position-7, res-TRP)
New vertex id: 6
39 40 41 42 43 44 45 46 47 48 49 50 51 52 
Adding vertex (chain-A, position-8, res-MET)
New vertex id: 7
53 54 55 56 57 58 59 60 
Adding vertex (chain-A, position-9, res-ARG)
New vertex id: 8
61 62 63 64 65 66 67 68 69 70 71 
Adding vertex (chain-A, position-10, res-VAL)
New vertex id: 9
72 73 74 75 76 77 78 
Adding vertex (chain-A, position-11, res-GLN)
New vertex id: 10
79 80 81 82 83 84 85 86 87 
Adding vertex (chain-A, position-12, res-ASP)
New vertex id: 11
88 89 90 91 92 93 94 95 
Adding vertex (chain-A, position-13, res-THR)
New vertex id: 12
96 97 98 99 100 101 102 
Adding vertex (chain-A, position-14, res-SER)
New vertex id: 13
103 104 105 106 107 108 
Adding vertex (chain-A, position-15, res-GLY)
New vertex id: 14
109 110 111 112 
Adding vertex (chain-A, position-16, res-THR)
New vertex id: 15
113 114 115 116 117 118 119 
Adding vertex (chain-A, position-17, res-TYR)
New vertex id: 16
120 121 122 123 124 125 126 127 128 129 130 131 
Adding vertex (chain-A, position-18, res-TYR)
New vertex id: 17
132 133 134 135 136 137 138 139 140 141 142 143 
Adding vertex (chain-A, position-19, res-TRP)
New vertex id: 18
144 145 146 147 148 149 150 151 152 153 154 155 156 157 
Adding vertex (chain-A, position-20, res-HIS)
New vertex id: 19
158 159 160 161 162 163 164 165 166 167 
Adding vertex (chain-A, position-21, res-ILE)
New vertex id: 20
168 169 170 171 172 173 174 175 
Adding vertex (chain-A, position-22, res-PRO)
New vertex id: 21
176 177 178 179 180 181 182 
Adding vertex (chain-A, position-23, res-THR)
New vertex id: 22
183 184 185 186 187 188 189 
Adding vertex (chain-A, position-24, res-GLY)
New vertex id: 23
190 191 192 193 
Adding vertex (chain-A, position-25, res-THR)
New vertex id: 24
194 195 196 197 198 199 200 
Adding vertex (chain-A, position-26, res-THR)
New vertex id: 25
201 202 203 204 205 206 207 
Adding vertex (chain-A, position-27, res-GLN)
New vertex id: 26
208 209 210 211 212 213 214 215 216 
Adding vertex (chain-A, position-28, res-TRP)
New vertex id: 27
217 218 219 220 221 222 223 224 225 226 227 228 229 230 
Adding vertex (chain-A, position-29, res-GLU)
New vertex id: 28
231 232 233 234 235 236 237 238 239 
Adding vertex (chain-A, position-30, res-PRO)
New vertex id: 29
240 241 242 243 244 245 246 
Adding vertex (chain-A, position-31, res-PRO)
New vertex id: 30
247 248 249 250 251 252 253 
Adding vertex (chain-A, position-32, res-GLY)
New vertex id: 31
254 255 256 257 
Adding vertex (chain-A, position-33, res-ARG)
New vertex id: 32
258 259 260 261 262 263 264 265 266 267 268 
Graph DONE

( reduce -FLIPs 2HO2.pdb > 2HO2.H.pdb ) >& /dev/null
Reduce (-FLIPs) returned 0
( bndlst -Radius0.3 2HO2.H.pdb > 2HO2.H.bndlst ) >& /dev/null
BndLst returned 0
Parsing 2HO2.H.bndlst

bndlst START
Adding bndlst edge: (A_S1_MC -> A_D2_MC) type[cov], weight[1.00] from 0 to 1 dist[1.33]
Adding bndlst edge: (A_S1_MC -> A_L3_MC) type[hb], weight[0.45] from 0 to 2 dist[2.98]
Adding bndlst edge: (A_D2_MC -> A_L3_MC) type[cov], weight[1.00] from 1 to 2 dist[1.32]
Adding bndlst edge: (A_D2_MC -> A_R33_SC) type[hb], weight[0.45] from 1 to 32 dist[2.97]
Adding bndlst edge: (A_D2_SC -> A_R9_SC) type[salt], weight[0.60] from 1 to 8 dist[2.46]
Adding bndlst edge: (A_D2_SC -> A_R9_SC) type[salt], weight[0.94] from 1 to 8 dist[1.96]
Adding bndlst edge: (A_D2_SC -> A_R9_SC) type[salt], weight[0.43] from 1 to 8 dist[2.89]
Adding bndlst edge: (A_D2_SC -> A_R9_SC) type[salt], weight[0.57] from 1 to 8 dist[2.52]
Adding bndlst edge: (A_L3_MC -> A_P4_MC) type[cov], weight[1.00] from 2 to 3 dist[1.35]
Adding bndlst edge: (A_P4_MC -> A_A5_MC) type[cov], weight[1.00] from 3 to 4 dist[1.31]
Adding bndlst edge: (A_P4_MC -> A_W7_MC) type[hb], weight[0.84] from 3 to 6 dist[2.18]
Adding bndlst edge: (A_A5_MC -> A_G6_MC) type[cov], weight[1.00] from 4 to 5 dist[1.32]
Adding bndlst edge: (A_G6_MC -> A_W7_MC) type[cov], weight[1.00] from 5 to 6 dist[1.33]
Adding bndlst edge: (A_G6_MC -> A_I21_MC) type[hb], weight[1.20] from 5 to 20 dist[1.82]
Adding bndlst edge: (A_W7_MC -> A_M8_MC) type[cov], weight[1.00] from 6 to 7 dist[1.33]
Adding bndlst edge: (A_W7_SC -> A_H20_SC) type[hb], weight[0.43] from 6 to 19 dist[3.04]
Adding bndlst edge: (A_W7_SC -> A_H20_SC) type[hb], weight[0.53] from 6 to 19 dist[2.76]
Adding bndlst edge: (A_W7_SC -> A_H20_SC) type[hb], weight[0.40] from 6 to 19 dist[3.14]
Adding bndlst edge: (A_W7_SC -> A_H20_SC) type[hb], weight[0.55] from 6 to 19 dist[2.70]
Adding bndlst edge: (A_W7_SC -> A_H20_SC) type[hb], weight[0.45] from 6 to 19 dist[2.97]
Adding bndlst edge: (A_M8_MC -> A_R9_MC) type[cov], weight[1.00] from 7 to 8 dist[1.30]
Adding bndlst edge: (A_M8_MC -> A_W19_MC) type[hb], weight[1.13] from 7 to 18 dist[1.89]
Adding bndlst edge: (A_M8_MC -> A_W19_MC) type[hb], weight[1.13] from 7 to 18 dist[1.88]
Adding bndlst edge: (A_R9_MC -> A_V10_MC) type[cov], weight[1.00] from 8 to 9 dist[1.32]
Adding bndlst edge: (A_V10_MC -> A_Q11_MC) type[cov], weight[1.00] from 9 to 10 dist[1.33]
Adding bndlst edge: (A_V10_MC -> A_Y17_MC) type[hb], weight[1.07] from 9 to 16 dist[1.94]
Adding bndlst edge: (A_V10_MC -> A_Y17_MC) type[hb], weight[1.24] from 9 to 16 dist[1.79]
Adding bndlst edge: (A_Q11_MC -> A_D12_MC) type[cov], weight[1.00] from 10 to 11 dist[1.33]
Adding bndlst edge: (A_D12_MC -> A_T13_MC) type[cov], weight[1.00] from 11 to 12 dist[1.33]
Adding bndlst edge: (A_D12_MC -> A_G15_MC) type[hb], weight[0.61] from 11 to 14 dist[2.56]
Adding bndlst edge: (A_D12_SC -> A_S14_MC) type[hb], weight[0.87] from 11 to 13 dist[2.15]
Adding bndlst edge: (A_D12_SC -> A_G15_MC) type[hb], weight[0.84] from 11 to 14 dist[2.18]
Adding bndlst edge: (A_D12_MC -> A_G15_MC) type[hb], weight[1.36] from 11 to 14 dist[1.72]
Adding bndlst edge: (A_T13_MC -> A_S14_MC) type[cov], weight[1.00] from 12 to 13 dist[1.33]
Adding bndlst edge: (A_S14_MC -> A_G15_MC) type[cov], weight[1.00] from 13 to 14 dist[1.32]
Adding bndlst edge: (A_G15_MC -> A_T16_MC) type[cov], weight[1.00] from 14 to 15 dist[1.29]
Adding bndlst edge: (A_T16_MC -> A_Y17_MC) type[cov], weight[1.00] from 15 to 16 dist[1.34]
Adding bndlst edge: (A_Y17_MC -> A_Y18_MC) type[cov], weight[1.00] from 16 to 17 dist[1.33]
Adding bndlst edge: (A_Y17_SC -> A_Y18_MC) type[hb], weight[0.38] from 16 to 17 dist[3.25]
Adding bndlst edge: (A_Y18_MC -> A_W19_MC) type[cov], weight[1.00] from 17 to 18 dist[1.32]
Adding bndlst edge: (A_Y18_MC -> A_Q27_MC) type[hb], weight[0.95] from 17 to 26 dist[2.06]
Adding bndlst edge: (A_Y18_MC -> A_Q27_MC) type[hb], weight[1.04] from 17 to 26 dist[1.96]
Adding bndlst edge: (A_W19_MC -> A_H20_MC) type[cov], weight[1.00] from 18 to 19 dist[1.32]
Adding bndlst edge: (A_W19_SC -> A_H20_MC) type[hb], weight[0.38] from 18 to 19 dist[3.26]
Adding bndlst edge: (A_H20_MC -> A_I21_MC) type[cov], weight[1.00] from 19 to 20 dist[1.32]
Adding bndlst edge: (A_H20_MC -> A_G24_MC) type[hb], weight[1.09] from 19 to 23 dist[1.92]
Adding bndlst edge: (A_H20_MC -> A_T23_MC) type[hb], weight[0.63] from 19 to 22 dist[2.53]
Adding bndlst edge: (A_H20_SC -> A_T23_SC) type[hb], weight[0.50] from 19 to 22 dist[2.83]
Adding bndlst edge: (A_H20_SC -> A_T23_MC) type[hb], weight[0.53] from 19 to 22 dist[2.74]
Adding bndlst edge: (A_H20_SC -> A_T23_SC) type[hb], weight[1.19] from 19 to 22 dist[1.83]
Adding bndlst edge: (A_H20_SC -> A_T23_SC) type[hb], weight[0.51] from 19 to 22 dist[2.81]
Adding bndlst edge: (A_H20_MC -> A_T25_MC) type[hb], weight[1.16] from 19 to 24 dist[1.86]
Adding bndlst edge: (A_I21_MC -> A_P22_MC) type[cov], weight[1.00] from 20 to 21 dist[1.34]
Adding bndlst edge: (A_I21_MC -> A_G24_MC) type[hb], weight[0.46] from 20 to 23 dist[2.96]
Adding bndlst edge: (A_P22_MC -> A_T23_MC) type[cov], weight[1.00] from 21 to 22 dist[1.31]
Adding bndlst edge: (A_T23_MC -> A_G24_MC) type[cov], weight[1.00] from 22 to 23 dist[1.34]
Adding bndlst edge: (A_T23_SC -> A_T25_SC) type[hb], weight[1.20] from 22 to 24 dist[1.82]
Adding bndlst edge: (A_T23_SC -> A_T25_MC) type[hb], weight[0.82] from 22 to 24 dist[2.21]
Adding bndlst edge: (A_G24_MC -> A_T25_MC) type[cov], weight[1.00] from 23 to 24 dist[1.32]
Adding bndlst edge: (A_T25_MC -> A_T26_MC) type[cov], weight[1.00] from 24 to 25 dist[1.32]
Adding bndlst edge: (A_T26_MC -> A_Q27_MC) type[cov], weight[1.00] from 25 to 26 dist[1.32]
Adding bndlst edge: (A_Q27_MC -> A_W28_MC) type[cov], weight[1.00] from 26 to 27 dist[1.32]
Adding bndlst edge: (A_Q27_SC -> A_E29_MC) type[hb], weight[1.11] from 26 to 28 dist[1.90]
Adding bndlst edge: (A_W28_MC -> A_E29_MC) type[cov], weight[1.00] from 27 to 28 dist[1.31]
Adding bndlst edge: (A_E29_MC -> A_P30_MC) type[cov], weight[1.00] from 28 to 29 dist[1.34]
Adding bndlst edge: (A_P30_MC -> A_P31_MC) type[cov], weight[1.00] from 29 to 30 dist[1.33]
Adding bndlst edge: (A_P31_MC -> A_G32_MC) type[cov], weight[1.00] from 30 to 31 dist[1.33]
Adding bndlst edge: (A_G32_MC -> A_R33_MC) type[cov], weight[1.00] from 31 to 32 dist[1.33]

bndlst DONE

Producing PAJEK network
printing pajek edge (A_22_PRO,A_23_THR)
printing pajek edge (A_8_MET,A_9_ARG)
printing pajek edge (A_8_MET,A_19_TRP)
printing pajek edge (A_27_GLN,A_28_TRP)
printing pajek edge (A_27_GLN,A_29_GLU)
printing pajek edge (A_18_TYR,A_19_TRP)
printing pajek edge (A_18_TYR,A_27_GLN)
printing pajek edge (A_3_LEU,A_4_PRO)
printing pajek edge (A_2_ASP,A_9_ARG)
printing pajek edge (A_2_ASP,A_33_ARG)
printing pajek edge (A_2_ASP,A_3_LEU)
printing pajek edge (A_19_TRP,A_20_HIS)
printing pajek edge (A_19_TRP,A_20_HIS)
printing pajek edge (A_31_PRO,A_32_GLY)
printing pajek edge (A_17_TYR,A_18_TYR)
printing pajek edge (A_17_TYR,A_18_TYR)
printing pajek edge (A_28_TRP,A_29_GLU)
printing pajek edge (A_26_THR,A_27_GLN)
printing pajek edge (A_29_GLU,A_30_PRO)
printing pajek edge (A_21_ILE,A_22_PRO)
printing pajek edge (A_21_ILE,A_24_GLY)
printing pajek edge (A_15_GLY,A_16_THR)
printing pajek edge (A_25_THR,A_26_THR)
printing pajek edge (A_11_GLN,A_12_ASP)
printing pajek edge (A_32_GLY,A_33_ARG)
printing pajek edge (A_12_ASP,A_14_SER)
printing pajek edge (A_12_ASP,A_13_THR)
printing pajek edge (A_12_ASP,A_15_GLY)
printing pajek edge (A_23_THR,A_25_THR)
printing pajek edge (A_23_THR,A_24_GLY)
printing pajek edge (A_1_SER,A_2_ASP)
printing pajek edge (A_1_SER,A_3_LEU)
printing pajek edge (A_14_SER,A_15_GLY)
printing pajek edge (A_24_GLY,A_25_THR)
printing pajek edge (A_30_PRO,A_31_PRO)
printing pajek edge (A_7_TRP,A_8_MET)
printing pajek edge (A_7_TRP,A_20_HIS)
printing pajek edge (A_4_PRO,A_7_TRP)
printing pajek edge (A_4_PRO,A_5_ALA)
printing pajek edge (A_10_VAL,A_17_TYR)
printing pajek edge (A_10_VAL,A_11_GLN)
printing pajek edge (A_13_THR,A_14_SER)
printing pajek edge (A_16_THR,A_17_TYR)
printing pajek edge (A_9_ARG,A_10_VAL)
printing pajek edge (A_5_ALA,A_6_GLY)
printing pajek edge (A_20_HIS,A_23_THR)
printing pajek edge (A_20_HIS,A_25_THR)
printing pajek edge (A_20_HIS,A_24_GLY)
printing pajek edge (A_20_HIS,A_21_ILE)
printing pajek edge (A_6_GLY,A_7_TRP)
printing pajek edge (A_6_GLY,A_21_ILE)
