Graph START

Adding vertex (chain-A, position-1, res-GLU)
New vertex id: 0
1 2 3 4 5 6 7 8 9 
Adding vertex (chain-A, position-2, res-GLN)
New vertex id: 1
10 11 12 13 14 15 16 17 18 
Adding vertex (chain-A, position-3, res-GLU)
New vertex id: 2
19 20 21 22 23 24 25 26 27 
Adding vertex (chain-A, position-4, res-THR)
New vertex id: 3
28 29 30 31 32 33 34 
Adding vertex (chain-A, position-5, res-LEU)
New vertex id: 4
35 36 37 38 39 40 41 42 
Adding vertex (chain-A, position-6, res-VAL)
New vertex id: 5
43 44 45 46 47 48 49 
Adding vertex (chain-A, position-7, res-ARG)
New vertex id: 6
50 51 52 53 54 55 56 57 58 59 60 
Adding vertex (chain-A, position-8, res-PRO)
New vertex id: 7
61 62 63 64 65 66 67 
Adding vertex (chain-A, position-9, res-LYS)
New vertex id: 8
68 69 70 71 72 73 74 75 76 
Adding vertex (chain-A, position-10, res-PRO)
New vertex id: 9
77 78 79 80 81 82 83 
Adding vertex (chain-A, position-11, res-LEU)
New vertex id: 10
84 85 86 87 88 89 90 91 
Adding vertex (chain-A, position-12, res-LEU)
New vertex id: 11
92 93 94 95 96 97 98 99 
Adding vertex (chain-A, position-13, res-LEU)
New vertex id: 12
100 101 102 103 104 105 106 107 
Adding vertex (chain-A, position-14, res-LYS)
New vertex id: 13
108 109 110 111 112 113 114 115 116 
Adding vertex (chain-A, position-15, res-LEU)
New vertex id: 14
117 118 119 120 121 122 123 124 
Adding vertex (chain-A, position-16, res-LEU)
New vertex id: 15
125 126 127 128 129 130 131 132 
Adding vertex (chain-A, position-17, res-LYS)
New vertex id: 16
133 134 135 136 137 138 139 140 141 
Adding vertex (chain-A, position-18, res-SER)
New vertex id: 17
142 143 144 145 146 147 
Adding vertex (chain-A, position-19, res-VAL)
New vertex id: 18
148 149 150 151 152 153 154 
Adding vertex (chain-A, position-20, res-GLY)
New vertex id: 19
155 156 157 158 
Adding vertex (chain-A, position-21, res-ALA)
New vertex id: 20
159 160 161 162 163 
Adding vertex (chain-A, position-22, res-GLN)
New vertex id: 21
164 165 166 167 168 169 170 171 172 
Adding vertex (chain-A, position-23, res-LYS)
New vertex id: 22
173 174 175 176 177 178 179 180 181 
Adding vertex (chain-A, position-24, res-ASP)
New vertex id: 23
182 183 184 185 186 187 188 189 
Adding vertex (chain-A, position-25, res-THR)
New vertex id: 24
190 191 192 193 194 195 196 
Adding vertex (chain-A, position-26, res-TYR)
New vertex id: 25
197 198 199 200 201 202 203 204 205 206 207 208 
Adding vertex (chain-A, position-27, res-THR)
New vertex id: 26
209 210 211 212 213 214 215 
Adding vertex (chain-A, position-28, res-MET)
New vertex id: 27
216 217 218 219 220 221 222 223 
Adding vertex (chain-A, position-29, res-LYS)
New vertex id: 28
224 225 226 227 228 229 230 231 232 
Adding vertex (chain-A, position-30, res-GLU)
New vertex id: 29
233 234 235 236 237 238 239 240 241 
Adding vertex (chain-A, position-31, res-VAL)
New vertex id: 30
242 243 244 245 246 247 248 
Adding vertex (chain-A, position-32, res-LEU)
New vertex id: 31
249 250 251 252 253 254 255 256 
Adding vertex (chain-A, position-33, res-PHE)
New vertex id: 32
257 258 259 260 261 262 263 264 265 266 267 
Adding vertex (chain-A, position-34, res-TYR)
New vertex id: 33
268 269 270 271 272 273 274 275 276 277 278 279 
Adding vertex (chain-A, position-35, res-LEU)
New vertex id: 34
280 281 282 283 284 285 286 287 
Adding vertex (chain-A, position-36, res-GLY)
New vertex id: 35
288 289 290 291 
Adding vertex (chain-A, position-37, res-GLN)
New vertex id: 36
292 293 294 295 296 297 298 299 300 
Adding vertex (chain-A, position-38, res-TYR)
New vertex id: 37
301 302 303 304 305 306 307 308 309 310 311 312 
Adding vertex (chain-A, position-39, res-ILE)
New vertex id: 38
313 314 315 316 317 318 319 320 
Adding vertex (chain-A, position-40, res-MET)
New vertex id: 39
321 322 323 324 325 326 327 328 
Adding vertex (chain-A, position-41, res-THR)
New vertex id: 40
329 330 331 332 333 334 335 
Adding vertex (chain-A, position-42, res-LYS)
New vertex id: 41
336 337 338 339 340 341 342 343 344 
Adding vertex (chain-A, position-43, res-ARG)
New vertex id: 42
345 346 347 348 349 350 351 352 353 354 355 
Adding vertex (chain-A, position-44, res-LEU)
New vertex id: 43
356 357 358 359 360 361 362 363 
Adding vertex (chain-A, position-45, res-TYR)
New vertex id: 44
364 365 366 367 368 369 370 371 372 373 374 375 
Adding vertex (chain-A, position-46, res-ASP)
New vertex id: 45
376 377 378 379 380 381 382 383 
Adding vertex (chain-A, position-47, res-GLU)
New vertex id: 46
384 385 386 387 388 389 390 391 392 
Adding vertex (chain-A, position-48, res-LYS)
New vertex id: 47
393 394 395 396 397 398 399 400 401 
Adding vertex (chain-A, position-49, res-GLN)
New vertex id: 48
402 403 404 405 406 407 408 409 410 
Adding vertex (chain-A, position-50, res-GLN)
New vertex id: 49
411 412 413 414 415 416 417 418 419 
Adding vertex (chain-A, position-51, res-HIS)
New vertex id: 50
420 421 422 423 424 425 426 427 428 429 
Adding vertex (chain-A, position-52, res-ILE)
New vertex id: 51
430 431 432 433 434 435 436 437 
Adding vertex (chain-A, position-53, res-VAL)
New vertex id: 52
438 439 440 441 442 443 444 
Adding vertex (chain-A, position-54, res-TYR)
New vertex id: 53
445 446 447 448 449 450 451 452 453 454 455 456 
Adding vertex (chain-A, position-55, res-CYS)
New vertex id: 54
457 458 459 460 461 462 
Adding vertex (chain-A, position-56, res-SER)
New vertex id: 55
463 464 465 466 467 468 
Adding vertex (chain-A, position-57, res-ASN)
New vertex id: 56
469 470 471 472 473 474 475 476 
Adding vertex (chain-A, position-58, res-ASP)
New vertex id: 57
477 478 479 480 481 482 483 484 
Adding vertex (chain-A, position-59, res-LEU)
New vertex id: 58
485 486 487 488 489 490 491 492 
Adding vertex (chain-A, position-60, res-LEU)
New vertex id: 59
493 494 495 496 497 498 499 500 
Adding vertex (chain-A, position-61, res-GLY)
New vertex id: 60
501 502 503 504 
Adding vertex (chain-A, position-62, res-ASP)
New vertex id: 61
505 506 507 508 509 510 511 512 
Adding vertex (chain-A, position-63, res-LEU)
New vertex id: 62
513 514 515 516 517 518 519 520 
Adding vertex (chain-A, position-64, res-PHE)
New vertex id: 63
521 522 523 524 525 526 527 528 529 530 531 
Adding vertex (chain-A, position-65, res-GLY)
New vertex id: 64
532 533 534 535 
Adding vertex (chain-A, position-66, res-VAL)
New vertex id: 65
536 537 538 539 540 541 542 
Adding vertex (chain-A, position-67, res-PRO)
New vertex id: 66
543 544 545 546 547 548 549 
Adding vertex (chain-A, position-68, res-SER)
New vertex id: 67
550 551 552 553 554 555 
Adding vertex (chain-A, position-69, res-PHE)
New vertex id: 68
556 557 558 559 560 561 562 563 564 565 566 
Adding vertex (chain-A, position-70, res-SER)
New vertex id: 69
567 568 569 570 571 572 
Adding vertex (chain-A, position-71, res-VAL)
New vertex id: 70
573 574 575 576 577 578 579 
Adding vertex (chain-A, position-72, res-LYS)
New vertex id: 71
580 581 582 583 584 585 586 587 588 
Adding vertex (chain-A, position-73, res-GLU)
New vertex id: 72
589 590 591 592 593 594 595 596 597 
Adding vertex (chain-A, position-74, res-HIS)
New vertex id: 73
598 599 600 601 602 603 604 605 606 607 
Adding vertex (chain-A, position-75, res-ARG)
New vertex id: 74
608 609 610 611 612 613 614 615 616 617 618 
Adding vertex (chain-A, position-76, res-LYS)
New vertex id: 75
619 620 621 622 623 624 625 626 627 
Adding vertex (chain-A, position-77, res-ILE)
New vertex id: 76
628 629 630 631 632 633 634 635 
Adding vertex (chain-A, position-78, res-TYR)
New vertex id: 77
636 637 638 639 640 641 642 643 644 645 646 647 
Adding vertex (chain-A, position-79, res-THR)
New vertex id: 78
648 649 650 651 652 653 654 
Adding vertex (chain-A, position-80, res-MET)
New vertex id: 79
655 656 657 658 659 660 661 662 
Adding vertex (chain-A, position-81, res-ILE)
New vertex id: 80
663 664 665 666 667 668 669 670 
Adding vertex (chain-A, position-82, res-TYR)
New vertex id: 81
671 672 673 674 675 676 677 678 679 680 681 682 
Adding vertex (chain-A, position-83, res-ARG)
New vertex id: 82
683 684 685 686 687 688 689 690 691 692 693 
Adding vertex (chain-A, position-84, res-ASN)
New vertex id: 83
694 695 696 697 698 699 700 701 
Adding vertex (chain-A, position-85, res-LEU)
New vertex id: 84
702 703 704 705 706 707 708 709 
Adding vertex (chain-A, position-86, res-VAL)
New vertex id: 85
710 711 712 713 714 715 716 
Adding vertex (chain-A, position-87, res-VAL)
New vertex id: 86
717 718 719 720 721 722 723 
Adding vertex (chain-A, position-88, res-VAL)
New vertex id: 87
724 725 726 727 728 729 730 
Graph DONE

( reduce -FLIPs 1T4F.pdb > 1T4F.H.pdb ) >& /dev/null
Reduce (-FLIPs) returned 0
( bndlst -Radius0.3 1T4F.H.pdb > 1T4F.H.bndlst ) >& /dev/null
BndLst returned 0
Parsing 1T4F.H.bndlst

bndlst START
Adding bndlst edge: (A_E1_MC -> A_Q2_MC) type[cov], weight[1.00] from 0 to 1 dist[1.33]
Adding bndlst edge: (A_Q2_MC -> A_E3_MC) type[cov], weight[1.00] from 1 to 2 dist[1.33]
Adding bndlst edge: (A_E3_MC -> A_T4_MC) type[cov], weight[1.00] from 2 to 3 dist[1.33]
Adding bndlst edge: (A_T4_MC -> A_L5_MC) type[cov], weight[1.00] from 3 to 4 dist[1.33]
Adding bndlst edge: (A_T4_MC -> A_M28_MC) type[hb], weight[0.91] from 3 to 27 dist[2.10]
Adding bndlst edge: (A_L5_MC -> A_V6_MC) type[cov], weight[1.00] from 4 to 5 dist[1.33]
Adding bndlst edge: (A_L5_MC -> A_V88_MC) type[hb], weight[1.23] from 4 to 87 dist[1.81]
Adding bndlst edge: (A_V6_MC -> A_R7_MC) type[cov], weight[1.00] from 5 to 6 dist[1.33]
Adding bndlst edge: (A_V6_MC -> A_Y26_MC) type[hb], weight[1.13] from 5 to 25 dist[1.88]
Adding bndlst edge: (A_V6_MC -> A_Y26_MC) type[hb], weight[1.41] from 5 to 25 dist[1.68]
Adding bndlst edge: (A_R7_MC -> A_P8_MC) type[cov], weight[1.00] from 6 to 7 dist[1.34]
Adding bndlst edge: (A_R7_MC -> A_V86_MC) type[hb], weight[1.05] from 6 to 85 dist[1.95]
Adding bndlst edge: (A_R7_MC -> A_V86_MC) type[hb], weight[1.08] from 6 to 85 dist[1.92]
Adding bndlst edge: (A_P8_MC -> A_K9_MC) type[cov], weight[1.00] from 7 to 8 dist[1.33]
Adding bndlst edge: (A_K9_MC -> A_P10_MC) type[cov], weight[1.00] from 8 to 9 dist[1.34]
Adding bndlst edge: (A_K9_MC -> A_L13_MC) type[hb], weight[1.09] from 8 to 12 dist[1.92]
Adding bndlst edge: (A_K9_MC -> A_L12_MC) type[hb], weight[0.67] from 8 to 11 dist[2.44]
Adding bndlst edge: (A_K9_MC -> A_N84_MC) type[hb], weight[1.00] from 8 to 83 dist[2.00]
Adding bndlst edge: (A_K9_SC -> A_R83_MC) type[hb], weight[0.81] from 8 to 82 dist[2.23]
Adding bndlst edge: (A_P10_MC -> A_L11_MC) type[cov], weight[1.00] from 9 to 10 dist[1.33]
Adding bndlst edge: (A_P10_MC -> A_K14_MC) type[hb], weight[0.89] from 9 to 13 dist[2.12]
Adding bndlst edge: (A_P10_MC -> A_L13_MC) type[hb], weight[0.55] from 9 to 12 dist[2.70]
Adding bndlst edge: (A_L11_MC -> A_L12_MC) type[cov], weight[1.00] from 10 to 11 dist[1.33]
Adding bndlst edge: (A_L11_MC -> A_L15_MC) type[hb], weight[0.86] from 10 to 14 dist[2.15]
Adding bndlst edge: (A_L11_MC -> A_K14_MC) type[hb], weight[0.53] from 10 to 13 dist[2.75]
Adding bndlst edge: (A_L12_MC -> A_L13_MC) type[cov], weight[1.00] from 11 to 12 dist[1.33]
Adding bndlst edge: (A_L12_MC -> A_L16_MC) type[hb], weight[1.19] from 11 to 15 dist[1.84]
Adding bndlst edge: (A_L12_MC -> A_L15_MC) type[hb], weight[0.60] from 11 to 14 dist[2.58]
Adding bndlst edge: (A_L13_MC -> A_K14_MC) type[cov], weight[1.00] from 12 to 13 dist[1.33]
Adding bndlst edge: (A_L13_MC -> A_K17_MC) type[hb], weight[1.20] from 12 to 16 dist[1.83]
Adding bndlst edge: (A_L13_MC -> A_L16_MC) type[hb], weight[0.46] from 12 to 15 dist[2.96]
Adding bndlst edge: (A_K14_MC -> A_L15_MC) type[cov], weight[1.00] from 13 to 14 dist[1.33]
Adding bndlst edge: (A_K14_MC -> A_S18_MC) type[hb], weight[0.67] from 13 to 17 dist[2.45]
Adding bndlst edge: (A_K14_MC -> A_K17_MC) type[hb], weight[0.49] from 13 to 16 dist[2.85]
Adding bndlst edge: (A_L15_MC -> A_L16_MC) type[cov], weight[1.00] from 14 to 15 dist[1.33]
Adding bndlst edge: (A_L15_MC -> A_S18_SC) type[hb], weight[1.40] from 14 to 17 dist[1.69]
Adding bndlst edge: (A_L15_MC -> A_S18_MC) type[hb], weight[0.81] from 14 to 17 dist[2.23]
Adding bndlst edge: (A_L16_MC -> A_K17_MC) type[cov], weight[1.00] from 15 to 16 dist[1.33]
Adding bndlst edge: (A_L16_MC -> A_V19_MC) type[hb], weight[0.72] from 15 to 18 dist[2.35]
Adding bndlst edge: (A_L16_MC -> A_G20_MC) type[hb], weight[1.10] from 15 to 19 dist[1.91]
Adding bndlst edge: (A_K17_MC -> A_S18_MC) type[cov], weight[1.00] from 16 to 17 dist[1.33]
Adding bndlst edge: (A_S18_MC -> A_V19_MC) type[cov], weight[1.00] from 17 to 18 dist[1.33]
Adding bndlst edge: (A_V19_MC -> A_G20_MC) type[cov], weight[1.00] from 18 to 19 dist[1.33]
Adding bndlst edge: (A_G20_MC -> A_A21_MC) type[cov], weight[1.00] from 19 to 20 dist[1.33]
Adding bndlst edge: (A_A21_MC -> A_Q22_MC) type[cov], weight[1.00] from 20 to 21 dist[1.33]
Adding bndlst edge: (A_A21_MC -> A_Y26_SC) type[hb], weight[1.26] from 20 to 25 dist[1.78]
Adding bndlst edge: (A_A21_MC -> A_Y34_SC) type[hb], weight[0.62] from 20 to 33 dist[2.53]
Adding bndlst edge: (A_A21_MC -> A_Y34_SC) type[hb], weight[0.38] from 20 to 33 dist[3.25]
Adding bndlst edge: (A_Q22_MC -> A_K23_MC) type[cov], weight[1.00] from 21 to 22 dist[1.32]
Adding bndlst edge: (A_K23_MC -> A_D24_MC) type[cov], weight[1.00] from 22 to 23 dist[1.33]
Adding bndlst edge: (A_K23_MC -> A_Y26_SC) type[hb], weight[0.80] from 22 to 25 dist[2.23]
Adding bndlst edge: (A_K23_MC -> A_Y26_SC) type[hb], weight[0.51] from 22 to 25 dist[2.80]
Adding bndlst edge: (A_K23_MC -> A_Y26_SC) type[hb], weight[0.41] from 22 to 25 dist[3.13]
Adding bndlst edge: (A_K23_SC -> A_T25_MC) type[hb], weight[0.55] from 22 to 24 dist[2.69]
Adding bndlst edge: (A_K23_SC -> A_T25_MC) type[hb], weight[0.98] from 22 to 24 dist[2.02]
Adding bndlst edge: (A_K23_SC -> A_T25_MC) type[hb], weight[0.61] from 22 to 24 dist[2.56]
Adding bndlst edge: (A_D24_MC -> A_T25_MC) type[cov], weight[1.00] from 23 to 24 dist[1.33]
Adding bndlst edge: (A_T25_MC -> A_Y26_MC) type[cov], weight[1.00] from 24 to 25 dist[1.33]
Adding bndlst edge: (A_Y26_MC -> A_T27_MC) type[cov], weight[1.00] from 25 to 26 dist[1.33]
Adding bndlst edge: (A_T27_MC -> A_M28_MC) type[cov], weight[1.00] from 26 to 27 dist[1.33]
Adding bndlst edge: (A_T27_MC -> A_E30_MC) type[hb], weight[0.68] from 26 to 29 dist[2.42]
Adding bndlst edge: (A_T27_MC -> A_V31_MC) type[hb], weight[0.93] from 26 to 30 dist[2.08]
Adding bndlst edge: (A_T27_SC -> A_E30_MC) type[hb], weight[0.91] from 26 to 29 dist[2.09]
Adding bndlst edge: (A_T27_MC -> A_E30_SC) type[hb], weight[0.92] from 26 to 29 dist[2.08]
Adding bndlst edge: (A_M28_MC -> A_K29_MC) type[cov], weight[1.00] from 27 to 28 dist[1.33]
Adding bndlst edge: (A_M28_MC -> A_L32_MC) type[hb], weight[1.10] from 27 to 31 dist[1.91]
Adding bndlst edge: (A_M28_MC -> A_V31_MC) type[hb], weight[0.53] from 27 to 30 dist[2.75]
Adding bndlst edge: (A_K29_MC -> A_E30_MC) type[cov], weight[1.00] from 28 to 29 dist[1.33]
Adding bndlst edge: (A_K29_MC -> A_F33_MC) type[hb], weight[0.97] from 28 to 32 dist[2.03]
Adding bndlst edge: (A_K29_MC -> A_L32_MC) type[hb], weight[0.45] from 28 to 31 dist[2.98]
Adding bndlst edge: (A_E30_MC -> A_V31_MC) type[cov], weight[1.00] from 29 to 30 dist[1.33]
Adding bndlst edge: (A_E30_MC -> A_Y34_MC) type[hb], weight[1.11] from 29 to 33 dist[1.90]
Adding bndlst edge: (A_E30_MC -> A_F33_MC) type[hb], weight[0.52] from 29 to 32 dist[2.78]
Adding bndlst edge: (A_V31_MC -> A_L32_MC) type[cov], weight[1.00] from 30 to 31 dist[1.33]
Adding bndlst edge: (A_V31_MC -> A_Y34_MC) type[hb], weight[0.46] from 30 to 33 dist[2.93]
Adding bndlst edge: (A_V31_MC -> A_L35_MC) type[hb], weight[1.02] from 30 to 34 dist[1.98]
Adding bndlst edge: (A_L32_MC -> A_F33_MC) type[cov], weight[1.00] from 31 to 32 dist[1.33]
Adding bndlst edge: (A_L32_MC -> A_G36_MC) type[hb], weight[0.86] from 31 to 35 dist[2.15]
Adding bndlst edge: (A_L32_MC -> A_L35_MC) type[hb], weight[0.47] from 31 to 34 dist[2.91]
Adding bndlst edge: (A_F33_MC -> A_Y34_MC) type[cov], weight[1.00] from 32 to 33 dist[1.33]
Adding bndlst edge: (A_F33_MC -> A_Q37_MC) type[hb], weight[0.87] from 32 to 36 dist[2.14]
Adding bndlst edge: (A_F33_MC -> A_G36_MC) type[hb], weight[0.61] from 32 to 35 dist[2.56]
Adding bndlst edge: (A_Y34_MC -> A_L35_MC) type[cov], weight[1.00] from 33 to 34 dist[1.33]
Adding bndlst edge: (A_Y34_MC -> A_Y38_MC) type[hb], weight[1.07] from 33 to 37 dist[1.93]
Adding bndlst edge: (A_Y34_MC -> A_Q37_MC) type[hb], weight[0.56] from 33 to 36 dist[2.68]
Adding bndlst edge: (A_L35_MC -> A_G36_MC) type[cov], weight[1.00] from 34 to 35 dist[1.33]
Adding bndlst edge: (A_L35_MC -> A_I39_MC) type[hb], weight[1.06] from 34 to 38 dist[1.94]
Adding bndlst edge: (A_L35_MC -> A_Y38_MC) type[hb], weight[0.58] from 34 to 37 dist[2.62]
Adding bndlst edge: (A_G36_MC -> A_Q37_MC) type[cov], weight[1.00] from 35 to 36 dist[1.33]
Adding bndlst edge: (A_G36_MC -> A_M40_MC) type[hb], weight[1.03] from 35 to 39 dist[1.97]
Adding bndlst edge: (A_G36_MC -> A_I39_MC) type[hb], weight[0.49] from 35 to 38 dist[2.86]
Adding bndlst edge: (A_Q37_MC -> A_Y38_MC) type[cov], weight[1.00] from 36 to 37 dist[1.33]
Adding bndlst edge: (A_Q37_MC -> A_T41_MC) type[hb], weight[1.22] from 36 to 40 dist[1.81]
Adding bndlst edge: (A_Q37_MC -> A_M40_MC) type[hb], weight[0.45] from 36 to 39 dist[2.98]
Adding bndlst edge: (A_Q37_SC -> A_M40_SC) type[hb], weight[0.36] from 36 to 39 dist[3.35]
Adding bndlst edge: (A_Y38_MC -> A_I39_MC) type[cov], weight[1.00] from 37 to 38 dist[1.33]
Adding bndlst edge: (A_Y38_MC -> A_K42_MC) type[hb], weight[0.96] from 37 to 41 dist[2.04]
Adding bndlst edge: (A_Y38_SC -> A_K42_SC) type[hb], weight[0.46] from 37 to 41 dist[2.94]
Adding bndlst edge: (A_Y38_SC -> A_K42_SC) type[hb], weight[0.53] from 37 to 41 dist[2.76]
Adding bndlst edge: (A_Y38_SC -> A_D58_SC) type[hb], weight[0.47] from 37 to 57 dist[2.92]
Adding bndlst edge: (A_Y38_SC -> A_D58_SC) type[hb], weight[1.25] from 37 to 57 dist[1.79]
Adding bndlst edge: (A_I39_MC -> A_M40_MC) type[cov], weight[1.00] from 38 to 39 dist[1.33]
Adding bndlst edge: (A_I39_MC -> A_L44_MC) type[hb], weight[0.85] from 38 to 43 dist[2.16]
Adding bndlst edge: (A_I39_MC -> A_R43_MC) type[hb], weight[0.62] from 38 to 42 dist[2.53]
Adding bndlst edge: (A_I39_MC -> A_K42_MC) type[hb], weight[0.54] from 38 to 41 dist[2.73]
Adding bndlst edge: (A_M40_MC -> A_T41_MC) type[cov], weight[1.00] from 39 to 40 dist[1.33]
Adding bndlst edge: (A_M40_MC -> A_R43_SC) type[hb], weight[0.91] from 39 to 42 dist[2.10]
Adding bndlst edge: (A_M40_MC -> A_R43_MC) type[hb], weight[1.06] from 39 to 42 dist[1.95]
Adding bndlst edge: (A_T41_MC -> A_K42_MC) type[cov], weight[1.00] from 40 to 41 dist[1.33]
Adding bndlst edge: (A_T41_MC -> A_R43_SC) type[hb], weight[0.48] from 40 to 42 dist[2.90]
Adding bndlst edge: (A_K42_MC -> A_R43_MC) type[cov], weight[1.00] from 41 to 42 dist[1.33]
Adding bndlst edge: (A_K42_SC -> A_D58_SC) type[salt], weight[1.06] from 41 to 57 dist[1.85]
Adding bndlst edge: (A_R43_MC -> A_L44_MC) type[cov], weight[1.00] from 42 to 43 dist[1.33]
Adding bndlst edge: (A_L44_MC -> A_Y45_MC) type[cov], weight[1.00] from 43 to 44 dist[1.33]
Adding bndlst edge: (A_L44_MC -> A_Y54_MC) type[hb], weight[0.99] from 43 to 53 dist[2.01]
Adding bndlst edge: (A_Y45_MC -> A_D46_MC) type[cov], weight[1.00] from 44 to 45 dist[1.33]
Adding bndlst edge: (A_D46_MC -> A_E47_MC) type[cov], weight[1.00] from 45 to 46 dist[1.33]
Adding bndlst edge: (A_D46_MC -> A_Q49_MC) type[hb], weight[0.96] from 45 to 48 dist[2.04]
Adding bndlst edge: (A_D46_SC -> A_K48_MC) type[hb], weight[1.04] from 45 to 47 dist[1.96]
Adding bndlst edge: (A_D46_SC -> A_E47_MC) type[hb], weight[0.51] from 45 to 46 dist[2.80]
Adding bndlst edge: (A_D46_MC -> A_I52_MC) type[hb], weight[0.88] from 45 to 51 dist[2.13]
Adding bndlst edge: (A_E47_MC -> A_K48_MC) type[cov], weight[1.00] from 46 to 47 dist[1.33]
Adding bndlst edge: (A_E47_MC -> A_Q50_SC) type[hb], weight[0.75] from 46 to 49 dist[2.31]
Adding bndlst edge: (A_E47_SC -> A_Q50_SC) type[hb], weight[0.46] from 46 to 49 dist[2.95]
Adding bndlst edge: (A_K48_MC -> A_Q49_MC) type[cov], weight[1.00] from 47 to 48 dist[1.33]
Adding bndlst edge: (A_Q49_MC -> A_Q50_MC) type[cov], weight[1.00] from 48 to 49 dist[1.33]
Adding bndlst edge: (A_Q49_MC -> A_I52_MC) type[hb], weight[0.99] from 48 to 51 dist[2.02]
Adding bndlst edge: (A_Q49_MC -> A_H51_MC) type[hb], weight[0.60] from 48 to 50 dist[2.57]
Adding bndlst edge: (A_Q49_SC -> A_H51_SC) type[hb], weight[0.53] from 48 to 50 dist[2.74]
Adding bndlst edge: (A_Q49_SC -> A_H51_SC) type[hb], weight[0.61] from 48 to 50 dist[2.56]
Adding bndlst edge: (A_Q50_MC -> A_H51_MC) type[cov], weight[1.00] from 49 to 50 dist[1.33]
Adding bndlst edge: (A_H51_MC -> A_I52_MC) type[cov], weight[1.00] from 50 to 51 dist[1.33]
Adding bndlst edge: (A_H51_MC -> A_V71_MC) type[hb], weight[1.22] from 50 to 70 dist[1.81]
Adding bndlst edge: (A_I52_MC -> A_V53_MC) type[cov], weight[1.00] from 51 to 52 dist[1.33]
Adding bndlst edge: (A_V53_MC -> A_Y54_MC) type[cov], weight[1.00] from 52 to 53 dist[1.33]
Adding bndlst edge: (A_V53_MC -> A_F69_MC) type[hb], weight[0.92] from 52 to 68 dist[2.08]
Adding bndlst edge: (A_V53_MC -> A_F69_MC) type[hb], weight[1.14] from 52 to 68 dist[1.87]
Adding bndlst edge: (A_Y54_MC -> A_C55_MC) type[cov], weight[1.00] from 53 to 54 dist[1.33]
Adding bndlst edge: (A_Y54_SC -> A_S56_MC) type[hb], weight[0.42] from 53 to 55 dist[3.08]
Adding bndlst edge: (A_Y54_SC -> A_S56_MC) type[hb], weight[0.42] from 53 to 55 dist[3.09]
Adding bndlst edge: (A_C55_MC -> A_S56_MC) type[cov], weight[1.00] from 54 to 55 dist[1.33]
Adding bndlst edge: (A_C55_MC -> A_G61_MC) type[hb], weight[0.61] from 54 to 60 dist[2.56]
Adding bndlst edge: (A_C55_MC -> A_D58_MC) type[hb], weight[0.88] from 54 to 57 dist[2.13]
Adding bndlst edge: (A_C55_MC -> A_P67_MC) type[hb], weight[1.03] from 54 to 66 dist[1.97]
Adding bndlst edge: (A_C55_SC -> A_F69_SC) type[hb], weight[0.64] from 54 to 68 dist[2.50]
Adding bndlst edge: (A_C55_SC -> A_F69_SC) type[hb], weight[0.59] from 54 to 68 dist[2.61]
Adding bndlst edge: (A_S56_MC -> A_N57_MC) type[cov], weight[1.00] from 55 to 56 dist[1.33]
Adding bndlst edge: (A_S56_MC -> A_D58_MC) type[hb], weight[0.52] from 55 to 57 dist[2.77]
Adding bndlst edge: (A_S56_MC -> A_P67_MC) type[hb], weight[0.82] from 55 to 66 dist[2.21]
Adding bndlst edge: (A_N57_MC -> A_D58_MC) type[cov], weight[1.00] from 56 to 57 dist[1.33]
Adding bndlst edge: (A_D58_MC -> A_L59_MC) type[cov], weight[1.00] from 57 to 58 dist[1.33]
Adding bndlst edge: (A_D58_MC -> A_D62_MC) type[hb], weight[0.65] from 57 to 61 dist[2.48]
Adding bndlst edge: (A_D58_MC -> A_G61_MC) type[hb], weight[0.86] from 57 to 60 dist[2.15]
Adding bndlst edge: (A_D58_SC -> A_L60_MC) type[hb], weight[1.14] from 57 to 59 dist[1.87]
Adding bndlst edge: (A_D58_SC -> A_L59_MC) type[hb], weight[0.63] from 57 to 58 dist[2.51]
Adding bndlst edge: (A_L59_MC -> A_L60_MC) type[cov], weight[1.00] from 58 to 59 dist[1.33]
Adding bndlst edge: (A_L59_MC -> A_D62_MC) type[hb], weight[0.79] from 58 to 61 dist[2.26]
Adding bndlst edge: (A_L59_MC -> A_L63_MC) type[hb], weight[0.95] from 58 to 62 dist[2.06]
Adding bndlst edge: (A_L60_MC -> A_G61_MC) type[cov], weight[1.00] from 59 to 60 dist[1.33]
Adding bndlst edge: (A_L60_MC -> A_F64_MC) type[hb], weight[1.12] from 59 to 63 dist[1.89]
Adding bndlst edge: (A_L60_MC -> A_L63_MC) type[hb], weight[0.60] from 59 to 62 dist[2.58]
Adding bndlst edge: (A_G61_MC -> A_D62_MC) type[cov], weight[1.00] from 60 to 61 dist[1.33]
Adding bndlst edge: (A_G61_MC -> A_G65_MC) type[hb], weight[0.95] from 60 to 64 dist[2.05]
Adding bndlst edge: (A_D62_MC -> A_L63_MC) type[cov], weight[1.00] from 61 to 62 dist[1.33]
Adding bndlst edge: (A_L63_MC -> A_F64_MC) type[cov], weight[1.00] from 62 to 63 dist[1.33]
Adding bndlst edge: (A_L63_MC -> A_N84_SC) type[hb], weight[0.94] from 62 to 83 dist[2.06]
Adding bndlst edge: (A_F64_MC -> A_G65_MC) type[cov], weight[1.00] from 63 to 64 dist[1.33]
Adding bndlst edge: (A_G65_MC -> A_V66_MC) type[cov], weight[1.00] from 64 to 65 dist[1.33]
Adding bndlst edge: (A_V66_MC -> A_P67_MC) type[cov], weight[1.00] from 65 to 66 dist[1.34]
Adding bndlst edge: (A_P67_MC -> A_S68_MC) type[cov], weight[1.00] from 66 to 67 dist[1.33]
Adding bndlst edge: (A_S68_MC -> A_F69_MC) type[cov], weight[1.00] from 67 to 68 dist[1.33]
Adding bndlst edge: (A_F69_MC -> A_S70_MC) type[cov], weight[1.00] from 68 to 69 dist[1.33]
Adding bndlst edge: (A_S70_MC -> A_V71_MC) type[cov], weight[1.00] from 69 to 70 dist[1.33]
Adding bndlst edge: (A_S70_MC -> A_E73_MC) type[hb], weight[1.03] from 69 to 72 dist[1.97]
Adding bndlst edge: (A_S70_MC -> A_K72_MC) type[hb], weight[0.46] from 69 to 71 dist[2.95]
Adding bndlst edge: (A_S70_SC -> A_K72_MC) type[hb], weight[0.88] from 69 to 71 dist[2.13]
Adding bndlst edge: (A_S70_MC -> A_E73_SC) type[hb], weight[1.13] from 69 to 72 dist[1.88]
Adding bndlst edge: (A_V71_MC -> A_K72_MC) type[cov], weight[1.00] from 70 to 71 dist[1.33]
Adding bndlst edge: (A_V71_MC -> A_H74_SC) type[hb], weight[0.56] from 70 to 73 dist[2.66]
Adding bndlst edge: (A_K72_MC -> A_E73_MC) type[cov], weight[1.00] from 71 to 72 dist[1.33]
Adding bndlst edge: (A_K72_MC -> A_H74_MC) type[hb], weight[0.76] from 71 to 73 dist[2.29]
Adding bndlst edge: (A_E73_MC -> A_H74_MC) type[cov], weight[1.00] from 72 to 73 dist[1.33]
Adding bndlst edge: (A_E73_MC -> A_K76_MC) type[hb], weight[0.52] from 72 to 75 dist[2.78]
Adding bndlst edge: (A_E73_MC -> A_I77_MC) type[hb], weight[1.03] from 72 to 76 dist[1.97]
Adding bndlst edge: (A_E73_SC -> A_K76_SC) type[salt], weight[0.48] from 72 to 75 dist[2.75]
Adding bndlst edge: (A_E73_SC -> A_K76_SC) type[salt], weight[1.08] from 72 to 75 dist[1.83]
Adding bndlst edge: (A_H74_MC -> A_R75_MC) type[cov], weight[1.00] from 73 to 74 dist[1.33]
Adding bndlst edge: (A_H74_MC -> A_Y78_MC) type[hb], weight[1.09] from 73 to 77 dist[1.91]
Adding bndlst edge: (A_H74_MC -> A_I77_MC) type[hb], weight[0.50] from 73 to 76 dist[2.82]
Adding bndlst edge: (A_R75_MC -> A_K76_MC) type[cov], weight[1.00] from 74 to 75 dist[1.33]
Adding bndlst edge: (A_R75_MC -> A_T79_SC) type[hb], weight[0.55] from 74 to 78 dist[2.69]
Adding bndlst edge: (A_R75_MC -> A_T79_MC) type[hb], weight[1.07] from 74 to 78 dist[1.94]
Adding bndlst edge: (A_K76_MC -> A_I77_MC) type[cov], weight[1.00] from 75 to 76 dist[1.33]
Adding bndlst edge: (A_K76_MC -> A_M80_MC) type[hb], weight[1.05] from 75 to 79 dist[1.96]
Adding bndlst edge: (A_K76_MC -> A_T79_SC) type[hb], weight[0.98] from 75 to 78 dist[2.02]
Adding bndlst edge: (A_I77_MC -> A_Y78_MC) type[cov], weight[1.00] from 76 to 77 dist[1.33]
Adding bndlst edge: (A_I77_MC -> A_M80_MC) type[hb], weight[0.48] from 76 to 79 dist[2.88]
Adding bndlst edge: (A_I77_MC -> A_I81_MC) type[hb], weight[0.97] from 76 to 80 dist[2.03]
Adding bndlst edge: (A_Y78_MC -> A_T79_MC) type[cov], weight[1.00] from 77 to 78 dist[1.33]
Adding bndlst edge: (A_Y78_MC -> A_Y82_MC) type[hb], weight[1.10] from 77 to 81 dist[1.91]
Adding bndlst edge: (A_Y78_MC -> A_I81_MC) type[hb], weight[0.60] from 77 to 80 dist[2.58]
Adding bndlst edge: (A_T79_MC -> A_M80_MC) type[cov], weight[1.00] from 78 to 79 dist[1.33]
Adding bndlst edge: (A_T79_MC -> A_Y82_MC) type[hb], weight[0.47] from 78 to 81 dist[2.91]
Adding bndlst edge: (A_T79_MC -> A_R83_MC) type[hb], weight[0.84] from 78 to 82 dist[2.18]
Adding bndlst edge: (A_T79_SC -> A_M80_MC) type[hb], weight[0.53] from 78 to 79 dist[2.75]
Adding bndlst edge: (A_M80_MC -> A_I81_MC) type[cov], weight[1.00] from 79 to 80 dist[1.33]
Adding bndlst edge: (A_M80_MC -> A_N84_SC) type[hb], weight[1.03] from 79 to 83 dist[1.97]
Adding bndlst edge: (A_M80_MC -> A_R83_MC) type[hb], weight[0.56] from 79 to 82 dist[2.68]
Adding bndlst edge: (A_I81_MC -> A_Y82_MC) type[cov], weight[1.00] from 80 to 81 dist[1.33]
Adding bndlst edge: (A_I81_MC -> A_N84_MC) type[hb], weight[1.04] from 80 to 83 dist[1.96]
Adding bndlst edge: (A_Y82_MC -> A_R83_MC) type[cov], weight[1.00] from 81 to 82 dist[1.33]
Adding bndlst edge: (A_Y82_MC -> A_N84_MC) type[hb], weight[0.51] from 81 to 83 dist[2.80]
Adding bndlst edge: (A_Y82_MC -> A_L85_MC) type[hb], weight[0.75] from 81 to 84 dist[2.31]
Adding bndlst edge: (A_R83_MC -> A_N84_MC) type[cov], weight[1.00] from 82 to 83 dist[1.33]
Adding bndlst edge: (A_N84_MC -> A_L85_MC) type[cov], weight[1.00] from 83 to 84 dist[1.33]
Adding bndlst edge: (A_L85_MC -> A_V86_MC) type[cov], weight[1.00] from 84 to 85 dist[1.33]
Adding bndlst edge: (A_V86_MC -> A_V87_MC) type[cov], weight[1.00] from 85 to 86 dist[1.33]
Adding bndlst edge: (A_V87_MC -> A_V88_MC) type[cov], weight[1.00] from 86 to 87 dist[1.33]

bndlst DONE

Producing PAJEK network
printing pajek edge (A_34_TYR,A_35_LEU)
printing pajek edge (A_34_TYR,A_37_GLN)
printing pajek edge (A_34_TYR,A_38_TYR)
printing pajek edge (A_33_PHE,A_36_GLY)
printing pajek edge (A_33_PHE,A_34_TYR)
printing pajek edge (A_33_PHE,A_37_GLN)
printing pajek edge (A_64_PHE,A_65_GLY)
printing pajek edge (A_22_GLN,A_23_LYS)
printing pajek edge (A_72_LYS,A_73_GLU)
printing pajek edge (A_72_LYS,A_74_HIS)
printing pajek edge (A_8_PRO,A_9_LYS)
printing pajek edge (A_81_ILE,A_82_TYR)
printing pajek edge (A_81_ILE,A_84_ASN)
printing pajek edge (A_27_THR,A_28_MET)
printing pajek edge (A_27_THR,A_31_VAL)
printing pajek edge (A_27_THR,A_30_GLU)
printing pajek edge (A_19_VAL,A_20_GLY)
printing pajek edge (A_73_GLU,A_76_LYS)
printing pajek edge (A_73_GLU,A_76_LYS)
printing pajek edge (A_73_GLU,A_74_HIS)
printing pajek edge (A_73_GLU,A_77_ILE)
printing pajek edge (A_17_LYS,A_18_SER)
printing pajek edge (A_45_TYR,A_46_ASP)
printing pajek edge (A_56_SER,A_58_ASP)
printing pajek edge (A_56_SER,A_57_ASN)
printing pajek edge (A_56_SER,A_67_PRO)
printing pajek edge (A_85_LEU,A_86_VAL)
printing pajek edge (A_75_ARG,A_76_LYS)
printing pajek edge (A_75_ARG,A_79_THR)
printing pajek edge (A_28_MET,A_29_LYS)
printing pajek edge (A_28_MET,A_31_VAL)
printing pajek edge (A_28_MET,A_32_LEU)
printing pajek edge (A_58_ASP,A_60_LEU)
printing pajek edge (A_58_ASP,A_61_GLY)
printing pajek edge (A_58_ASP,A_62_ASP)
printing pajek edge (A_58_ASP,A_59_LEU)
printing pajek edge (A_58_ASP,A_59_LEU)
printing pajek edge (A_62_ASP,A_63_LEU)
printing pajek edge (A_21_ALA,A_26_TYR)
printing pajek edge (A_21_ALA,A_34_TYR)
printing pajek edge (A_21_ALA,A_22_GLN)
printing pajek edge (A_11_LEU,A_12_LEU)
printing pajek edge (A_11_LEU,A_14_LYS)
printing pajek edge (A_11_LEU,A_15_LEU)
printing pajek edge (A_32_LEU,A_36_GLY)
printing pajek edge (A_32_LEU,A_33_PHE)
printing pajek edge (A_32_LEU,A_35_LEU)
printing pajek edge (A_36_GLY,A_39_ILE)
printing pajek edge (A_36_GLY,A_40_MET)
printing pajek edge (A_36_GLY,A_37_GLN)
printing pajek edge (A_12_LEU,A_13_LEU)
printing pajek edge (A_12_LEU,A_15_LEU)
printing pajek edge (A_12_LEU,A_16_LEU)
printing pajek edge (A_79_THR,A_82_TYR)
printing pajek edge (A_79_THR,A_83_ARG)
printing pajek edge (A_79_THR,A_80_MET)
printing pajek edge (A_79_THR,A_80_MET)
printing pajek edge (A_49_GLN,A_51_HIS)
printing pajek edge (A_49_GLN,A_50_GLN)
printing pajek edge (A_49_GLN,A_52_ILE)
printing pajek edge (A_78_TYR,A_82_TYR)
printing pajek edge (A_78_TYR,A_81_ILE)
printing pajek edge (A_78_TYR,A_79_THR)
printing pajek edge (A_66_VAL,A_67_PRO)
printing pajek edge (A_30_GLU,A_33_PHE)
printing pajek edge (A_30_GLU,A_34_TYR)
printing pajek edge (A_30_GLU,A_31_VAL)
printing pajek edge (A_51_HIS,A_71_VAL)
printing pajek edge (A_51_HIS,A_52_ILE)
printing pajek edge (A_40_MET,A_43_ARG)
printing pajek edge (A_40_MET,A_41_THR)
printing pajek edge (A_65_GLY,A_66_VAL)
printing pajek edge (A_59_LEU,A_60_LEU)
printing pajek edge (A_59_LEU,A_62_ASP)
printing pajek edge (A_59_LEU,A_63_LEU)
printing pajek edge (A_42_LYS,A_43_ARG)
printing pajek edge (A_42_LYS,A_58_ASP)
printing pajek edge (A_13_LEU,A_17_LYS)
printing pajek edge (A_13_LEU,A_14_LYS)
printing pajek edge (A_13_LEU,A_16_LEU)
printing pajek edge (A_16_LEU,A_19_VAL)
printing pajek edge (A_16_LEU,A_20_GLY)
printing pajek edge (A_16_LEU,A_17_LYS)
printing pajek edge (A_82_TYR,A_85_LEU)
printing pajek edge (A_82_TYR,A_84_ASN)
printing pajek edge (A_82_TYR,A_83_ARG)
printing pajek edge (A_53_VAL,A_54_TYR)
printing pajek edge (A_53_VAL,A_69_PHE)
printing pajek edge (A_61_GLY,A_65_GLY)
printing pajek edge (A_61_GLY,A_62_ASP)
printing pajek edge (A_57_ASN,A_58_ASP)
printing pajek edge (A_74_HIS,A_75_ARG)
printing pajek edge (A_74_HIS,A_78_TYR)
printing pajek edge (A_74_HIS,A_77_ILE)
printing pajek edge (A_67_PRO,A_68_SER)
printing pajek edge (A_46_ASP,A_47_GLU)
printing pajek edge (A_46_ASP,A_47_GLU)
printing pajek edge (A_46_ASP,A_52_ILE)
printing pajek edge (A_46_ASP,A_48_LYS)
printing pajek edge (A_46_ASP,A_49_GLN)
printing pajek edge (A_87_VAL,A_88_VAL)
printing pajek edge (A_77_ILE,A_78_TYR)
printing pajek edge (A_77_ILE,A_81_ILE)
printing pajek edge (A_77_ILE,A_80_MET)
printing pajek edge (A_20_GLY,A_21_ALA)
printing pajek edge (A_63_LEU,A_64_PHE)
printing pajek edge (A_63_LEU,A_84_ASN)
printing pajek edge (A_55_CYS,A_61_GLY)
printing pajek edge (A_55_CYS,A_58_ASP)
printing pajek edge (A_55_CYS,A_67_PRO)
printing pajek edge (A_55_CYS,A_69_PHE)
printing pajek edge (A_55_CYS,A_56_SER)
printing pajek edge (A_68_SER,A_69_PHE)
printing pajek edge (A_71_VAL,A_72_LYS)
printing pajek edge (A_71_VAL,A_74_HIS)
printing pajek edge (A_69_PHE,A_70_SER)
printing pajek edge (A_3_GLU,A_4_THR)
printing pajek edge (A_18_SER,A_19_VAL)
printing pajek edge (A_2_GLN,A_3_GLU)
printing pajek edge (A_31_VAL,A_34_TYR)
printing pajek edge (A_31_VAL,A_35_LEU)
printing pajek edge (A_31_VAL,A_32_LEU)
printing pajek edge (A_83_ARG,A_84_ASN)
printing pajek edge (A_26_TYR,A_27_THR)
printing pajek edge (A_29_LYS,A_33_PHE)
printing pajek edge (A_29_LYS,A_32_LEU)
printing pajek edge (A_29_LYS,A_30_GLU)
printing pajek edge (A_84_ASN,A_85_LEU)
printing pajek edge (A_76_LYS,A_77_ILE)
printing pajek edge (A_76_LYS,A_79_THR)
printing pajek edge (A_76_LYS,A_80_MET)
printing pajek edge (A_41_THR,A_43_ARG)
printing pajek edge (A_41_THR,A_42_LYS)
printing pajek edge (A_15_LEU,A_18_SER)
printing pajek edge (A_15_LEU,A_16_LEU)
printing pajek edge (A_70_SER,A_72_LYS)
printing pajek edge (A_70_SER,A_73_GLU)
printing pajek edge (A_70_SER,A_71_VAL)
printing pajek edge (A_60_LEU,A_61_GLY)
printing pajek edge (A_60_LEU,A_64_PHE)
printing pajek edge (A_60_LEU,A_63_LEU)
printing pajek edge (A_50_GLN,A_51_HIS)
printing pajek edge (A_25_THR,A_26_TYR)
printing pajek edge (A_54_TYR,A_56_SER)
printing pajek edge (A_54_TYR,A_55_CYS)
printing pajek edge (A_80_MET,A_84_ASN)
printing pajek edge (A_80_MET,A_81_ILE)
printing pajek edge (A_80_MET,A_83_ARG)
printing pajek edge (A_23_LYS,A_26_TYR)
printing pajek edge (A_23_LYS,A_25_THR)
printing pajek edge (A_23_LYS,A_24_ASP)
printing pajek edge (A_43_ARG,A_44_LEU)
printing pajek edge (A_1_GLU,A_2_GLN)
printing pajek edge (A_47_GLU,A_50_GLN)
printing pajek edge (A_47_GLU,A_48_LYS)
printing pajek edge (A_24_ASP,A_25_THR)
printing pajek edge (A_14_LYS,A_17_LYS)
printing pajek edge (A_14_LYS,A_18_SER)
printing pajek edge (A_14_LYS,A_15_LEU)
printing pajek edge (A_7_ARG,A_86_VAL)
printing pajek edge (A_7_ARG,A_8_PRO)
printing pajek edge (A_86_VAL,A_87_VAL)
printing pajek edge (A_4_THR,A_28_MET)
printing pajek edge (A_4_THR,A_5_LEU)
printing pajek edge (A_37_GLN,A_40_MET)
printing pajek edge (A_37_GLN,A_41_THR)
printing pajek edge (A_37_GLN,A_38_TYR)
printing pajek edge (A_10_PRO,A_14_LYS)
printing pajek edge (A_10_PRO,A_11_LEU)
printing pajek edge (A_10_PRO,A_13_LEU)
printing pajek edge (A_52_ILE,A_53_VAL)
printing pajek edge (A_48_LYS,A_49_GLN)
printing pajek edge (A_9_LYS,A_12_LEU)
printing pajek edge (A_9_LYS,A_84_ASN)
printing pajek edge (A_9_LYS,A_10_PRO)
printing pajek edge (A_9_LYS,A_13_LEU)
printing pajek edge (A_9_LYS,A_83_ARG)
printing pajek edge (A_39_ILE,A_43_ARG)
printing pajek edge (A_39_ILE,A_40_MET)
printing pajek edge (A_39_ILE,A_44_LEU)
printing pajek edge (A_39_ILE,A_42_LYS)
printing pajek edge (A_5_LEU,A_88_VAL)
printing pajek edge (A_5_LEU,A_6_VAL)
printing pajek edge (A_35_LEU,A_39_ILE)
printing pajek edge (A_35_LEU,A_36_GLY)
printing pajek edge (A_35_LEU,A_38_TYR)
printing pajek edge (A_38_TYR,A_39_ILE)
printing pajek edge (A_38_TYR,A_58_ASP)
printing pajek edge (A_38_TYR,A_42_LYS)
printing pajek edge (A_44_LEU,A_54_TYR)
printing pajek edge (A_44_LEU,A_45_TYR)
printing pajek edge (A_6_VAL,A_26_TYR)
printing pajek edge (A_6_VAL,A_7_ARG)
