Graph START

Adding vertex (chain-A, position-1, res-ALA)
New vertex id: 0
1 2 3 4 5 
Adding vertex (chain-A, position-2, res-SER)
New vertex id: 1
6 7 8 9 10 11 
Adding vertex (chain-A, position-3, res-PRO)
New vertex id: 2
12 13 14 15 16 17 18 
Adding vertex (chain-A, position-4, res-ILE)
New vertex id: 3
19 20 21 22 23 24 25 26 
Adding vertex (chain-A, position-5, res-SER)
New vertex id: 4
27 28 29 30 31 32 
Adding vertex (chain-A, position-6, res-THR)
New vertex id: 5
33 34 35 36 37 38 39 
Adding vertex (chain-A, position-7, res-ILE)
New vertex id: 6
40 41 42 43 44 45 46 47 
Adding vertex (chain-A, position-8, res-GLN)
New vertex id: 7
48 49 50 51 52 53 54 55 56 
Adding vertex (chain-A, position-9, res-PRO)
New vertex id: 8
57 58 59 60 61 62 63 
Adding vertex (chain-A, position-10, res-LYS)
New vertex id: 9
64 65 66 67 68 69 70 71 72 
Adding vertex (chain-A, position-11, res-ALA)
New vertex id: 10
73 74 75 76 77 
Adding vertex (chain-A, position-12, res-ASN)
New vertex id: 11
78 79 80 81 82 83 84 85 
Adding vertex (chain-A, position-13, res-PHE)
New vertex id: 12
86 87 88 89 90 91 92 93 94 95 96 
Adding vertex (chain-A, position-14, res-ASP)
New vertex id: 13
97 98 99 100 101 102 103 104 
Adding vertex (chain-A, position-15, res-ALA)
New vertex id: 14
105 106 107 108 109 
Adding vertex (chain-A, position-16, res-GLN)
New vertex id: 15
110 111 112 113 114 115 116 117 118 
Adding vertex (chain-A, position-17, res-GLN)
New vertex id: 16
119 120 121 122 123 124 125 126 127 
Adding vertex (chain-A, position-18, res-PHE)
New vertex id: 17
128 129 130 131 132 133 134 135 136 137 138 
Adding vertex (chain-A, position-19, res-ALA)
New vertex id: 18
139 140 141 142 143 
Adding vertex (chain-A, position-20, res-GLY)
New vertex id: 19
144 145 146 147 
Adding vertex (chain-A, position-21, res-THR)
New vertex id: 20
148 149 150 151 152 153 154 
Adding vertex (chain-A, position-22, res-TRP)
New vertex id: 21
155 156 157 158 159 160 161 162 163 164 165 166 167 168 
Adding vertex (chain-A, position-23, res-LEU)
New vertex id: 22
169 170 171 172 173 174 175 176 
Adding vertex (chain-A, position-24, res-LEU)
New vertex id: 23
177 178 179 180 181 182 183 184 
Adding vertex (chain-A, position-25, res-VAL)
New vertex id: 24
185 186 187 188 189 190 191 
Adding vertex (chain-A, position-26, res-ALA)
New vertex id: 25
192 193 194 195 196 
Adding vertex (chain-A, position-27, res-VAL)
New vertex id: 26
197 198 199 200 201 202 203 
Adding vertex (chain-A, position-28, res-GLY)
New vertex id: 27
204 205 206 207 
Adding vertex (chain-A, position-29, res-SER)
New vertex id: 28
208 209 210 211 212 213 
Adding vertex (chain-A, position-30, res-ALA)
New vertex id: 29
214 215 216 217 218 
Adding vertex (chain-A, position-31, res-ALA)
New vertex id: 30
219 220 221 222 223 
Adding vertex (chain-A, position-32, res-ARG)
New vertex id: 31
224 225 226 227 228 229 230 231 232 233 234 
Adding vertex (chain-A, position-33, res-PHE)
New vertex id: 32
235 236 237 238 239 240 241 242 243 244 245 
Adding vertex (chain-A, position-34, res-LEU)
New vertex id: 33
246 247 248 249 250 251 252 253 
Adding vertex (chain-A, position-35, res-GLN)
New vertex id: 34
254 255 256 257 258 259 260 261 262 
Adding vertex (chain-A, position-36, res-GLU)
New vertex id: 35
263 264 265 266 267 268 269 270 271 
Adding vertex (chain-A, position-37, res-GLN)
New vertex id: 36
272 273 274 275 276 277 278 279 280 
Adding vertex (chain-A, position-38, res-GLY)
New vertex id: 37
281 282 283 284 
Adding vertex (chain-A, position-39, res-HIS)
New vertex id: 38
285 286 287 288 289 290 291 292 293 294 
Adding vertex (chain-A, position-40, res-ARG)
New vertex id: 39
295 296 297 298 299 300 301 302 303 304 305 
Adding vertex (chain-A, position-41, res-ALA)
New vertex id: 40
306 307 308 309 310 
Adding vertex (chain-A, position-42, res-GLU)
New vertex id: 41
311 312 313 314 315 316 317 318 319 
Adding vertex (chain-A, position-43, res-ALA)
New vertex id: 42
320 321 322 323 324 
Adding vertex (chain-A, position-44, res-THR)
New vertex id: 43
325 326 327 328 329 330 331 
Adding vertex (chain-A, position-45, res-THR)
New vertex id: 44
332 333 334 335 336 337 338 
Adding vertex (chain-A, position-46, res-LEU)
New vertex id: 45
339 340 341 342 343 344 345 346 
Adding vertex (chain-A, position-47, res-HIS)
New vertex id: 46
347 348 349 350 351 352 353 354 355 356 
Adding vertex (chain-A, position-48, res-VAL)
New vertex id: 47
357 358 359 360 361 362 363 
Adding vertex (chain-A, position-49, res-ALA)
New vertex id: 48
364 365 366 367 368 
Adding vertex (chain-A, position-50, res-PRO)
New vertex id: 49
369 370 371 372 373 374 375 
Adding vertex (chain-A, position-51, res-GLN)
New vertex id: 50
376 377 378 379 380 381 382 383 384 
Adding vertex (chain-A, position-52, res-GLY)
New vertex id: 51
385 386 387 388 
Adding vertex (chain-A, position-53, res-THR)
New vertex id: 52
389 390 391 392 393 394 395 
Adding vertex (chain-A, position-54, res-ALA)
New vertex id: 53
396 397 398 399 400 
Adding vertex (chain-A, position-55, res-MET)
New vertex id: 54
401 402 403 404 405 406 407 408 
Adding vertex (chain-A, position-56, res-ALA)
New vertex id: 55
409 410 411 412 413 
Adding vertex (chain-A, position-57, res-VAL)
New vertex id: 56
414 415 416 417 418 419 420 
Adding vertex (chain-A, position-58, res-SER)
New vertex id: 57
421 422 423 424 425 426 
Adding vertex (chain-A, position-59, res-THR)
New vertex id: 58
427 428 429 430 431 432 433 
Adding vertex (chain-A, position-60, res-PHE)
New vertex id: 59
434 435 436 437 438 439 440 441 442 443 444 
Adding vertex (chain-A, position-61, res-ARG)
New vertex id: 60
445 446 447 448 449 450 451 452 453 454 455 
Adding vertex (chain-A, position-62, res-LYS)
New vertex id: 61
456 457 458 459 460 461 462 463 464 
Adding vertex (chain-A, position-63, res-LEU)
New vertex id: 62
465 466 467 468 469 470 471 472 
Adding vertex (chain-A, position-64, res-ASP)
New vertex id: 63
473 474 475 476 477 478 479 480 
Adding vertex (chain-A, position-65, res-GLY)
New vertex id: 64
481 482 483 484 
Adding vertex (chain-A, position-66, res-ILE)
New vertex id: 65
485 486 487 488 489 490 491 492 
Adding vertex (chain-A, position-67, res-CYS)
New vertex id: 66
493 494 495 496 497 498 
Adding vertex (chain-A, position-68, res-TRP)
New vertex id: 67
499 500 501 502 503 504 505 506 507 508 509 510 511 512 
Adding vertex (chain-A, position-69, res-GLN)
New vertex id: 68
513 514 515 516 517 518 519 520 521 
Adding vertex (chain-A, position-70, res-VAL)
New vertex id: 69
522 523 524 525 526 527 528 
Adding vertex (chain-A, position-71, res-ARG)
New vertex id: 70
529 530 531 532 533 534 535 536 537 538 539 
Adding vertex (chain-A, position-72, res-GLN)
New vertex id: 71
540 541 542 543 544 545 546 547 548 
Adding vertex (chain-A, position-73, res-LEU)
New vertex id: 72
549 550 551 552 553 554 555 556 
Adding vertex (chain-A, position-74, res-TYR)
New vertex id: 73
557 558 559 560 561 562 563 564 565 566 567 568 
Adding vertex (chain-A, position-75, res-GLY)
New vertex id: 74
569 570 571 572 
Adding vertex (chain-A, position-76, res-ASP)
New vertex id: 75
573 574 575 576 577 578 579 580 
Adding vertex (chain-A, position-77, res-THR)
New vertex id: 76
581 582 583 584 585 586 587 
Adding vertex (chain-A, position-78, res-GLY)
New vertex id: 77
588 589 590 591 
Adding vertex (chain-A, position-79, res-VAL)
New vertex id: 78
592 593 594 595 596 597 598 
Adding vertex (chain-A, position-80, res-LEU)
New vertex id: 79
599 600 601 602 603 604 605 606 
Adding vertex (chain-A, position-81, res-GLY)
New vertex id: 80
607 608 609 610 
Adding vertex (chain-A, position-82, res-ARG)
New vertex id: 81
611 612 613 614 615 616 617 618 619 620 621 
Adding vertex (chain-A, position-83, res-PHE)
New vertex id: 82
622 623 624 625 626 627 628 629 630 631 632 
Adding vertex (chain-A, position-84, res-LEU)
New vertex id: 83
633 634 635 636 637 638 639 640 
Adding vertex (chain-A, position-85, res-LEU)
New vertex id: 84
641 642 643 644 645 646 647 648 
Adding vertex (chain-A, position-86, res-GLN)
New vertex id: 85
649 650 651 652 653 654 655 656 657 
Adding vertex (chain-A, position-87, res-ALA)
New vertex id: 86
658 659 660 661 662 
Adding vertex (chain-A, position-88, res-ARG)
New vertex id: 87
663 664 665 666 667 668 669 670 671 672 673 
Adding vertex (chain-A, position-89, res-GLY)
New vertex id: 88
674 675 676 677 
Adding vertex (chain-A, position-90, res-ALA)
New vertex id: 89
678 679 680 681 682 
Adding vertex (chain-A, position-91, res-ARG)
New vertex id: 90
683 684 685 686 687 688 689 690 691 692 693 
Adding vertex (chain-A, position-92, res-GLY)
New vertex id: 91
694 695 696 697 
Adding vertex (chain-A, position-93, res-ALA)
New vertex id: 92
698 699 700 701 702 
Adding vertex (chain-A, position-94, res-VAL)
New vertex id: 93
703 704 705 706 707 708 709 
Adding vertex (chain-A, position-95, res-HIS)
New vertex id: 94
710 711 712 713 714 715 716 717 718 719 
Adding vertex (chain-A, position-96, res-VAL)
New vertex id: 95
720 721 722 723 724 725 726 
Adding vertex (chain-A, position-97, res-VAL)
New vertex id: 96
727 728 729 730 731 732 733 
Adding vertex (chain-A, position-98, res-VAL)
New vertex id: 97
734 735 736 737 738 739 740 
Adding vertex (chain-A, position-99, res-ALA)
New vertex id: 98
741 742 743 744 745 
Adding vertex (chain-A, position-100, res-GLU)
New vertex id: 99
746 747 748 749 750 751 752 753 754 
Adding vertex (chain-A, position-101, res-THR)
New vertex id: 100
755 756 757 758 759 760 761 
Adding vertex (chain-A, position-102, res-ASP)
New vertex id: 101
762 763 764 765 766 767 768 769 
Adding vertex (chain-A, position-103, res-TYR)
New vertex id: 102
770 771 772 773 774 775 776 777 778 779 780 781 
Adding vertex (chain-A, position-104, res-GLN)
New vertex id: 103
782 783 784 785 786 787 788 789 790 
Adding vertex (chain-A, position-105, res-SER)
New vertex id: 104
791 792 793 794 795 796 
Adding vertex (chain-A, position-106, res-PHE)
New vertex id: 105
797 798 799 800 801 802 803 804 805 806 807 
Adding vertex (chain-A, position-107, res-ALA)
New vertex id: 106
808 809 810 811 812 
Adding vertex (chain-A, position-108, res-VAL)
New vertex id: 107
813 814 815 816 817 818 819 
Adding vertex (chain-A, position-109, res-LEU)
New vertex id: 108
820 821 822 823 824 825 826 827 
Adding vertex (chain-A, position-110, res-TYR)
New vertex id: 109
828 829 830 831 832 833 834 835 836 837 838 839 
Adding vertex (chain-A, position-111, res-LEU)
New vertex id: 110
840 841 842 843 844 845 846 847 
Adding vertex (chain-A, position-112, res-GLU)
New vertex id: 111
848 849 850 851 852 853 854 855 856 
Adding vertex (chain-A, position-113, res-ARG)
New vertex id: 112
857 858 859 860 861 862 863 864 865 866 867 
Adding vertex (chain-A, position-114, res-ALA)
New vertex id: 113
868 869 870 871 872 
Adding vertex (chain-A, position-115, res-GLY)
New vertex id: 114
873 874 875 876 
Adding vertex (chain-A, position-116, res-GLN)
New vertex id: 115
877 878 879 880 881 882 883 884 885 
Adding vertex (chain-A, position-117, res-LEU)
New vertex id: 116
886 887 888 889 890 891 892 893 
Adding vertex (chain-A, position-118, res-SER)
New vertex id: 117
894 895 896 897 898 899 
Adding vertex (chain-A, position-119, res-VAL)
New vertex id: 118
900 901 902 903 904 905 906 
Adding vertex (chain-A, position-120, res-LYS)
New vertex id: 119
907 908 909 910 911 912 913 914 915 
Adding vertex (chain-A, position-121, res-LEU)
New vertex id: 120
916 917 918 919 920 921 922 923 
Adding vertex (chain-A, position-122, res-TYR)
New vertex id: 121
924 925 926 927 928 929 930 931 932 933 934 935 
Adding vertex (chain-A, position-123, res-ALA)
New vertex id: 122
936 937 938 939 940 
Adding vertex (chain-A, position-124, res-ARG)
New vertex id: 123
941 942 943 944 945 946 947 948 949 950 951 
Adding vertex (chain-A, position-125, res-SER)
New vertex id: 124
952 953 954 955 956 957 
Adding vertex (chain-A, position-126, res-LEU)
New vertex id: 125
958 959 960 961 962 963 964 965 
Adding vertex (chain-A, position-127, res-PRO)
New vertex id: 126
966 967 968 969 970 971 972 
Adding vertex (chain-A, position-128, res-VAL)
New vertex id: 127
973 974 975 976 977 978 979 
Adding vertex (chain-A, position-129, res-SER)
New vertex id: 128
980 981 982 983 984 985 
Adding vertex (chain-A, position-130, res-ASP)
New vertex id: 129
986 987 988 989 990 991 992 993 
Adding vertex (chain-A, position-131, res-SER)
New vertex id: 130
994 995 996 997 998 999 
Adding vertex (chain-A, position-132, res-VAL)
New vertex id: 131
1000 1001 1002 1003 1004 1005 1006 
Adding vertex (chain-A, position-133, res-LEU)
New vertex id: 132
1007 1008 1009 1010 1011 1012 1013 1014 
Adding vertex (chain-A, position-134, res-SER)
New vertex id: 133
1015 1016 1017 1018 1019 1020 
Adding vertex (chain-A, position-135, res-GLY)
New vertex id: 134
1021 1022 1023 1024 
Adding vertex (chain-A, position-136, res-PHE)
New vertex id: 135
1025 1026 1027 1028 1029 1030 1031 1032 1033 1034 1035 
Adding vertex (chain-A, position-137, res-GLU)
New vertex id: 136
1036 1037 1038 1039 1040 1041 1042 1043 1044 
Adding vertex (chain-A, position-138, res-GLN)
New vertex id: 137
1045 1046 1047 1048 1049 1050 1051 1052 1053 
Adding vertex (chain-A, position-139, res-ARG)
New vertex id: 138
1054 1055 1056 1057 1058 1059 1060 1061 1062 1063 1064 
Adding vertex (chain-A, position-140, res-VAL)
New vertex id: 139
1065 1066 1067 1068 1069 1070 1071 
Adding vertex (chain-A, position-141, res-GLN)
New vertex id: 140
1072 1073 1074 1075 1076 1077 1078 1079 1080 
Adding vertex (chain-A, position-142, res-GLU)
New vertex id: 141
1081 1082 1083 1084 1085 1086 1087 1088 1089 
Adding vertex (chain-A, position-143, res-ALA)
New vertex id: 142
1090 1091 1092 1093 1094 
Adding vertex (chain-A, position-144, res-HIS)
New vertex id: 143
1095 1096 1097 1098 1099 1100 1101 1102 1103 1104 
Adding vertex (chain-A, position-145, res-LEU)
New vertex id: 144
1105 1106 1107 1108 1109 1110 1111 1112 
Adding vertex (chain-A, position-146, res-THR)
New vertex id: 145
1113 1114 1115 1116 1117 1118 1119 
Adding vertex (chain-A, position-147, res-GLU)
New vertex id: 146
1120 1121 1122 1123 1124 1125 1126 1127 1128 
Adding vertex (chain-A, position-148, res-ASP)
New vertex id: 147
1129 1130 1131 1132 1133 1134 1135 1136 
Adding vertex (chain-A, position-149, res-GLN)
New vertex id: 148
1137 1138 1139 1140 1141 1142 1143 1144 1145 
Adding vertex (chain-A, position-150, res-ILE)
New vertex id: 149
1146 1147 1148 1149 1150 1151 1152 1153 
Adding vertex (chain-A, position-151, res-PHE)
New vertex id: 150
1154 1155 1156 1157 1158 1159 1160 1161 1162 1163 1164 
Adding vertex (chain-A, position-152, res-TYR)
New vertex id: 151
1165 1166 1167 1168 1169 1170 1171 1172 1173 1174 1175 1176 
Adding vertex (chain-A, position-153, res-PHE)
New vertex id: 152
1177 1178 1179 1180 1181 1182 1183 1184 1185 1186 1187 
Adding vertex (chain-A, position-154, res-PRO)
New vertex id: 153
1188 1189 1190 1191 1192 1193 1194 
Adding vertex (chain-A, position-155, res-LYS)
New vertex id: 154
1195 1196 1197 1198 1199 1200 1201 1202 1203 
Adding vertex (chain-A, position-156, res-TYR)
New vertex id: 155
1204 1205 1206 1207 1208 1209 1210 1211 1212 1213 1214 1215 
Adding vertex (chain-A, position-157, res-GLY)
New vertex id: 156
1216 1217 1218 1219 
Adding vertex (chain-A, position-158, res-PHE)
New vertex id: 157
1220 1221 1222 1223 1224 1225 1226 1227 1228 1229 1230 
Adding vertex (chain-A, position-159, res-CYS)
New vertex id: 158
1231 1232 1233 1234 1235 1236 
Adding vertex (chain-A, position-160, res-GLU)
New vertex id: 159
1237 1238 1239 1240 1241 1242 1243 1244 1245 
Adding vertex (chain-A, position-161, res-ALA)
New vertex id: 160
1246 1247 1248 1249 1250 
Adding vertex (chain-A, position-162, res-ALA)
New vertex id: 161
1251 1252 1253 1254 1255 
Adding vertex (chain-A, position-163, res-ASP)
New vertex id: 162
1256 1257 1258 1259 1260 1261 1262 1263 
Adding vertex (chain-A, position-164, res-GLN)
New vertex id: 163
1264 1265 1266 1267 1268 1269 1270 1271 1272 
Adding vertex (chain-A, position-165, res-PHE)
New vertex id: 164
1273 1274 1275 1276 1277 1278 1279 1280 1281 1282 1283 
Adding vertex (chain-A, position-166, res-HIS)
New vertex id: 165
1284 1285 1286 1287 1288 1289 1290 1291 1292 1293 
Adding vertex (chain-A, position-167, res-VAL)
New vertex id: 166
1294 1295 1296 1297 1298 1299 1300 
Adding vertex (chain-A, position-168, res-LEU)
New vertex id: 167
1301 1302 1303 1304 1305 1306 1307 1308 
Adding vertex (chain-A, position-169, res-ASP)
New vertex id: 168
1309 1310 1311 1312 1313 1314 1315 1316 
Adding vertex (chain-A, position-170, res-GLU)
New vertex id: 169
1317 1318 1319 1320 1321 1322 1323 1324 1325 
Adding vertex (chain-A, position-171, res-VAL)
New vertex id: 170
1326 1327 1328 1329 1330 1331 1332 
Adding vertex (chain-A, position-172, res-ARG)
New vertex id: 171
1333 1334 1335 1336 
Adding vertex (chain-A, position-173, res-ARG)
New vertex id: 172
1337 1338 1339 1340 
Graph DONE

( reduce -FLIPs 2QOS.pdb > 2QOS.H.pdb ) >& /dev/null
Reduce (-FLIPs) returned 0
( bndlst -Radius0.3 2QOS.H.pdb > 2QOS.H.bndlst ) >& /dev/null
BndLst returned 0
Parsing 2QOS.H.bndlst

bndlst START
Adding bndlst edge: (A_A1_MC -> A_S2_MC) type[cov], weight[1.00] from 0 to 1 dist[1.33]
Adding bndlst edge: (A_S2_MC -> A_P3_MC) type[cov], weight[1.00] from 1 to 2 dist[1.34]
Adding bndlst edge: (A_S2_MC -> A_S5_MC) type[hb], weight[0.91] from 1 to 4 dist[2.10]
Adding bndlst edge: (A_S2_MC -> A_S5_SC) type[hb], weight[1.31] from 1 to 4 dist[1.75]
Adding bndlst edge: (A_S2_SC -> A_S5_MC) type[hb], weight[0.50] from 1 to 4 dist[2.83]
Adding bndlst edge: (A_S2_SC -> A_E112_SC) type[hb], weight[0.93] from 1 to 111 dist[2.07]
Adding bndlst edge: (A_S2_SC -> A_E112_SC) type[hb], weight[0.48] from 1 to 111 dist[2.90]
Adding bndlst edge: (A_P3_MC -> A_I4_MC) type[cov], weight[1.00] from 2 to 3 dist[1.33]
Adding bndlst edge: (A_P3_MC -> A_T6_SC) type[hb], weight[1.26] from 2 to 5 dist[1.78]
Adding bndlst edge: (A_P3_MC -> A_T6_MC) type[hb], weight[0.86] from 2 to 5 dist[2.16]
Adding bndlst edge: (A_I4_MC -> A_S5_MC) type[cov], weight[1.00] from 3 to 4 dist[1.33]
Adding bndlst edge: (A_I4_MC -> A_I7_MC) type[hb], weight[0.80] from 3 to 6 dist[2.24]
Adding bndlst edge: (A_I4_MC -> A_R82_SC) type[hb], weight[0.47] from 3 to 81 dist[2.90]
Adding bndlst edge: (A_I4_MC -> A_R82_SC) type[hb], weight[0.89] from 3 to 81 dist[2.12]
Adding bndlst edge: (A_I4_MC -> A_E112_SC) type[hb], weight[1.42] from 3 to 111 dist[1.68]
Adding bndlst edge: (A_S5_MC -> A_T6_MC) type[cov], weight[1.00] from 4 to 5 dist[1.33]
Adding bndlst edge: (A_T6_MC -> A_I7_MC) type[cov], weight[1.00] from 5 to 6 dist[1.33]
Adding bndlst edge: (A_I7_MC -> A_Q8_MC) type[cov], weight[1.00] from 6 to 7 dist[1.33]
Adding bndlst edge: (A_I7_MC -> A_R82_SC) type[hb], weight[1.01] from 6 to 81 dist[1.99]
Adding bndlst edge: (A_Q8_MC -> A_P9_MC) type[cov], weight[1.00] from 7 to 8 dist[1.34]
Adding bndlst edge: (A_P9_MC -> A_K10_MC) type[cov], weight[1.00] from 8 to 9 dist[1.33]
Adding bndlst edge: (A_K10_MC -> A_A11_MC) type[cov], weight[1.00] from 9 to 10 dist[1.33]
Adding bndlst edge: (A_K10_MC -> A_F13_MC) type[hb], weight[0.70] from 9 to 12 dist[2.40]
Adding bndlst edge: (A_K10_MC -> A_V98_MC) type[hb], weight[1.16] from 9 to 97 dist[1.86]
Adding bndlst edge: (A_K10_SC -> A_T101_MC) type[hb], weight[1.02] from 9 to 100 dist[1.98]
Adding bndlst edge: (A_A11_MC -> A_N12_MC) type[cov], weight[1.00] from 10 to 11 dist[1.33]
Adding bndlst edge: (A_N12_MC -> A_F13_MC) type[cov], weight[1.00] from 11 to 12 dist[1.33]
Adding bndlst edge: (A_F13_MC -> A_D14_MC) type[cov], weight[1.00] from 12 to 13 dist[1.33]
Adding bndlst edge: (A_D14_MC -> A_A15_MC) type[cov], weight[1.00] from 13 to 14 dist[1.33]
Adding bndlst edge: (A_D14_MC -> A_Q17_MC) type[hb], weight[0.70] from 13 to 16 dist[2.40]
Adding bndlst edge: (A_D14_MC -> A_F18_MC) type[hb], weight[0.76] from 13 to 17 dist[2.30]
Adding bndlst edge: (A_D14_SC -> A_Q17_SC) type[hb], weight[0.93] from 13 to 16 dist[2.07]
Adding bndlst edge: (A_D14_SC -> A_Q17_MC) type[hb], weight[0.51] from 13 to 16 dist[2.80]
Adding bndlst edge: (A_D14_SC -> A_Q16_MC) type[hb], weight[0.95] from 13 to 15 dist[2.05]
Adding bndlst edge: (A_D14_MC -> A_Y103_SC) type[hb], weight[1.06] from 13 to 102 dist[1.94]
Adding bndlst edge: (A_D14_MC -> A_Y103_SC) type[hb], weight[0.53] from 13 to 102 dist[2.75]
Adding bndlst edge: (A_D14_MC -> A_Y103_SC) type[hb], weight[0.44] from 13 to 102 dist[3.02]
Adding bndlst edge: (A_A15_MC -> A_Q16_MC) type[cov], weight[1.00] from 14 to 15 dist[1.33]
Adding bndlst edge: (A_A15_MC -> A_A19_MC) type[hb], weight[0.73] from 14 to 18 dist[2.35]
Adding bndlst edge: (A_A15_MC -> A_F18_MC) type[hb], weight[0.58] from 14 to 17 dist[2.63]
Adding bndlst edge: (A_Q16_MC -> A_Q17_MC) type[cov], weight[1.00] from 15 to 16 dist[1.33]
Adding bndlst edge: (A_Q16_MC -> A_A19_MC) type[hb], weight[0.51] from 15 to 18 dist[2.79]
Adding bndlst edge: (A_Q17_MC -> A_F18_MC) type[cov], weight[1.00] from 16 to 17 dist[1.33]
Adding bndlst edge: (A_Q17_MC -> A_R124_SC) type[hb], weight[0.58] from 16 to 123 dist[2.63]
Adding bndlst edge: (A_Q17_MC -> A_R124_SC) type[hb], weight[0.70] from 16 to 123 dist[2.39]
Adding bndlst edge: (A_F18_MC -> A_A19_MC) type[cov], weight[1.00] from 17 to 18 dist[1.33]
Adding bndlst edge: (A_F18_MC -> A_W22_SC) type[hb], weight[1.07] from 17 to 21 dist[1.93]
Adding bndlst edge: (A_F18_MC -> A_R124_SC) type[hb], weight[0.47] from 17 to 123 dist[2.91]
Adding bndlst edge: (A_F18_SC -> A_W22_SC) type[hb], weight[0.37] from 17 to 21 dist[3.30]
Adding bndlst edge: (A_F18_SC -> A_W22_SC) type[hb], weight[0.36] from 17 to 21 dist[3.34]
Adding bndlst edge: (A_A19_MC -> A_G20_MC) type[cov], weight[1.00] from 18 to 19 dist[1.33]
Adding bndlst edge: (A_A19_MC -> A_R124_SC) type[hb], weight[1.06] from 18 to 123 dist[1.95]
Adding bndlst edge: (A_A19_MC -> A_R124_SC) type[hb], weight[0.87] from 18 to 123 dist[2.14]
Adding bndlst edge: (A_G20_MC -> A_T21_MC) type[cov], weight[1.00] from 19 to 20 dist[1.32]
Adding bndlst edge: (A_G20_MC -> A_V48_MC) type[hb], weight[1.09] from 19 to 47 dist[1.92]
Adding bndlst edge: (A_G20_MC -> A_V48_MC) type[hb], weight[1.17] from 19 to 47 dist[1.85]
Adding bndlst edge: (A_T21_MC -> A_W22_MC) type[cov], weight[1.00] from 20 to 21 dist[1.33]
Adding bndlst edge: (A_T21_MC -> A_R124_SC) type[hb], weight[0.93] from 20 to 123 dist[2.07]
Adding bndlst edge: (A_T21_SC -> A_H47_SC) type[hb], weight[0.57] from 20 to 46 dist[2.65]
Adding bndlst edge: (A_W22_MC -> A_L23_MC) type[cov], weight[1.00] from 21 to 22 dist[1.33]
Adding bndlst edge: (A_W22_MC -> A_L46_MC) type[hb], weight[1.30] from 21 to 45 dist[1.76]
Adding bndlst edge: (A_W22_SC -> A_R124_SC) type[hb], weight[0.39] from 21 to 123 dist[3.18]
Adding bndlst edge: (A_W22_SC -> A_R124_SC) type[hb], weight[0.39] from 21 to 123 dist[3.20]
Adding bndlst edge: (A_W22_MC -> A_L46_MC) type[hb], weight[1.16] from 21 to 45 dist[1.85]
Adding bndlst edge: (A_L23_MC -> A_L24_MC) type[cov], weight[1.00] from 22 to 23 dist[1.33]
Adding bndlst edge: (A_L23_MC -> A_A123_MC) type[hb], weight[1.00] from 22 to 122 dist[2.00]
Adding bndlst edge: (A_L23_MC -> A_A123_MC) type[hb], weight[1.36] from 22 to 122 dist[1.72]
Adding bndlst edge: (A_L24_MC -> A_V25_MC) type[cov], weight[1.00] from 23 to 24 dist[1.33]
Adding bndlst edge: (A_L24_MC -> A_T44_MC) type[hb], weight[1.05] from 23 to 43 dist[1.95]
Adding bndlst edge: (A_V25_MC -> A_A26_MC) type[cov], weight[1.00] from 24 to 25 dist[1.33]
Adding bndlst edge: (A_V25_MC -> A_F153_MC) type[hb], weight[1.01] from 24 to 152 dist[1.99]
Adding bndlst edge: (A_V25_MC -> A_L121_MC) type[hb], weight[1.18] from 24 to 120 dist[1.84]
Adding bndlst edge: (A_A26_MC -> A_V27_MC) type[cov], weight[1.00] from 25 to 26 dist[1.33]
Adding bndlst edge: (A_A26_MC -> A_L121_MC) type[hb], weight[1.01] from 25 to 120 dist[1.99]
Adding bndlst edge: (A_A26_MC -> A_L121_MC) type[hb], weight[0.65] from 25 to 120 dist[2.49]
Adding bndlst edge: (A_V27_MC -> A_G28_MC) type[cov], weight[1.00] from 26 to 27 dist[1.33]
Adding bndlst edge: (A_V27_MC -> A_F151_MC) type[hb], weight[1.24] from 26 to 150 dist[1.80]
Adding bndlst edge: (A_V27_MC -> A_F151_MC) type[hb], weight[1.00] from 26 to 150 dist[2.00]
Adding bndlst edge: (A_G28_MC -> A_S29_MC) type[cov], weight[1.00] from 27 to 28 dist[1.33]
Adding bndlst edge: (A_G28_MC -> A_V119_MC) type[hb], weight[1.17] from 27 to 118 dist[1.85]
Adding bndlst edge: (A_G28_MC -> A_V119_MC) type[hb], weight[1.35] from 27 to 118 dist[1.72]
Adding bndlst edge: (A_S29_MC -> A_A30_MC) type[cov], weight[1.00] from 28 to 29 dist[1.33]
Adding bndlst edge: (A_S29_SC -> A_A31_MC) type[hb], weight[1.07] from 28 to 30 dist[1.93]
Adding bndlst edge: (A_S29_SC -> A_A30_MC) type[hb], weight[0.52] from 28 to 29 dist[2.77]
Adding bndlst edge: (A_S29_MC -> A_Q149_MC) type[hb], weight[1.00] from 28 to 148 dist[2.00]
Adding bndlst edge: (A_A30_MC -> A_A31_MC) type[cov], weight[1.00] from 29 to 30 dist[1.33]
Adding bndlst edge: (A_A31_MC -> A_R32_MC) type[cov], weight[1.00] from 30 to 31 dist[1.33]
Adding bndlst edge: (A_A31_MC -> A_Q35_MC) type[hb], weight[0.74] from 30 to 34 dist[2.33]
Adding bndlst edge: (A_A31_MC -> A_L34_MC) type[hb], weight[0.62] from 30 to 33 dist[2.55]
Adding bndlst edge: (A_R32_MC -> A_F33_MC) type[cov], weight[1.00] from 31 to 32 dist[1.33]
Adding bndlst edge: (A_R32_MC -> A_E36_MC) type[hb], weight[0.85] from 31 to 35 dist[2.17]
Adding bndlst edge: (A_R32_MC -> A_Q35_MC) type[hb], weight[0.63] from 31 to 34 dist[2.51]
Adding bndlst edge: (A_F33_MC -> A_L34_MC) type[cov], weight[1.00] from 32 to 33 dist[1.32]
Adding bndlst edge: (A_F33_MC -> A_Q37_MC) type[hb], weight[1.25] from 32 to 36 dist[1.79]
Adding bndlst edge: (A_F33_MC -> A_E36_MC) type[hb], weight[0.57] from 32 to 35 dist[2.65]
Adding bndlst edge: (A_L34_MC -> A_Q35_MC) type[cov], weight[1.00] from 33 to 34 dist[1.33]
Adding bndlst edge: (A_L34_MC -> A_Q37_MC) type[hb], weight[0.45] from 33 to 36 dist[2.98]
Adding bndlst edge: (A_L34_MC -> A_G38_MC) type[hb], weight[1.14] from 33 to 37 dist[1.87]
Adding bndlst edge: (A_Q35_MC -> A_E36_MC) type[cov], weight[1.00] from 34 to 35 dist[1.33]
Adding bndlst edge: (A_Q35_SC -> A_D148_SC) type[hb], weight[1.03] from 34 to 147 dist[1.97]
Adding bndlst edge: (A_E36_MC -> A_Q37_MC) type[cov], weight[1.00] from 35 to 36 dist[1.33]
Adding bndlst edge: (A_E36_MC -> A_H39_SC) type[hb], weight[0.85] from 35 to 38 dist[2.17]
Adding bndlst edge: (A_Q37_MC -> A_G38_MC) type[cov], weight[1.00] from 36 to 37 dist[1.33]
Adding bndlst edge: (A_Q37_MC -> A_R40_MC) type[hb], weight[0.84] from 36 to 39 dist[2.18]
Adding bndlst edge: (A_G38_MC -> A_H39_MC) type[cov], weight[1.00] from 37 to 38 dist[1.33]
Adding bndlst edge: (A_G38_MC -> A_R40_MC) type[hb], weight[0.70] from 37 to 39 dist[2.40]
Adding bndlst edge: (A_G38_MC -> A_A41_MC) type[hb], weight[0.77] from 37 to 40 dist[2.28]
Adding bndlst edge: (A_H39_MC -> A_R40_MC) type[cov], weight[1.00] from 38 to 39 dist[1.33]
Adding bndlst edge: (A_R40_MC -> A_A41_MC) type[cov], weight[1.00] from 39 to 40 dist[1.33]
Adding bndlst edge: (A_A41_MC -> A_E42_MC) type[cov], weight[1.00] from 40 to 41 dist[1.33]
Adding bndlst edge: (A_E42_MC -> A_A43_MC) type[cov], weight[1.00] from 41 to 42 dist[1.33]
Adding bndlst edge: (A_E42_MC -> A_T44_SC) type[hb], weight[1.11] from 41 to 43 dist[1.90]
Adding bndlst edge: (A_A43_MC -> A_T44_MC) type[cov], weight[1.00] from 42 to 43 dist[1.32]
Adding bndlst edge: (A_T44_MC -> A_T45_MC) type[cov], weight[1.00] from 43 to 44 dist[1.33]
Adding bndlst edge: (A_T45_MC -> A_L46_MC) type[cov], weight[1.00] from 44 to 45 dist[1.32]
Adding bndlst edge: (A_T45_MC -> A_F60_MC) type[hb], weight[1.22] from 44 to 59 dist[1.81]
Adding bndlst edge: (A_T45_MC -> A_F60_MC) type[hb], weight[1.04] from 44 to 59 dist[1.96]
Adding bndlst edge: (A_L46_MC -> A_H47_MC) type[cov], weight[1.00] from 45 to 46 dist[1.33]
Adding bndlst edge: (A_H47_MC -> A_V48_MC) type[cov], weight[1.00] from 46 to 47 dist[1.33]
Adding bndlst edge: (A_H47_MC -> A_S58_MC) type[hb], weight[1.10] from 46 to 57 dist[1.91]
Adding bndlst edge: (A_H47_MC -> A_S58_MC) type[hb], weight[1.23] from 46 to 57 dist[1.80]
Adding bndlst edge: (A_V48_MC -> A_A49_MC) type[cov], weight[1.00] from 47 to 48 dist[1.33]
Adding bndlst edge: (A_A49_MC -> A_P50_MC) type[cov], weight[1.00] from 48 to 49 dist[1.34]
Adding bndlst edge: (A_A49_MC -> A_A56_MC) type[hb], weight[1.11] from 48 to 55 dist[1.90]
Adding bndlst edge: (A_A49_MC -> A_A56_MC) type[hb], weight[0.99] from 48 to 55 dist[2.01]
Adding bndlst edge: (A_P50_MC -> A_Q51_MC) type[cov], weight[1.00] from 49 to 50 dist[1.33]
Adding bndlst edge: (A_Q51_MC -> A_G52_MC) type[cov], weight[1.00] from 50 to 51 dist[1.33]
Adding bndlst edge: (A_Q51_MC -> A_A54_MC) type[hb], weight[0.80] from 50 to 53 dist[2.23]
Adding bndlst edge: (A_Q51_MC -> A_A54_MC) type[hb], weight[1.18] from 50 to 53 dist[1.84]
Adding bndlst edge: (A_G52_MC -> A_T53_MC) type[cov], weight[1.00] from 51 to 52 dist[1.33]
Adding bndlst edge: (A_T53_MC -> A_A54_MC) type[cov], weight[1.00] from 52 to 53 dist[1.33]
Adding bndlst edge: (A_A54_MC -> A_M55_MC) type[cov], weight[1.00] from 53 to 54 dist[1.33]
Adding bndlst edge: (A_M55_MC -> A_A56_MC) type[cov], weight[1.00] from 54 to 55 dist[1.33]
Adding bndlst edge: (A_M55_MC -> A_Y74_MC) type[hb], weight[1.22] from 54 to 73 dist[1.81]
Adding bndlst edge: (A_M55_MC -> A_Y74_MC) type[hb], weight[1.02] from 54 to 73 dist[1.98]
Adding bndlst edge: (A_A56_MC -> A_V57_MC) type[cov], weight[1.00] from 55 to 56 dist[1.33]
Adding bndlst edge: (A_V57_MC -> A_S58_MC) type[cov], weight[1.00] from 56 to 57 dist[1.33]
Adding bndlst edge: (A_V57_MC -> A_Q72_MC) type[hb], weight[1.18] from 56 to 71 dist[1.84]
Adding bndlst edge: (A_V57_MC -> A_Q72_MC) type[hb], weight[1.05] from 56 to 71 dist[1.95]
Adding bndlst edge: (A_S58_MC -> A_T59_MC) type[cov], weight[1.00] from 57 to 58 dist[1.33]
Adding bndlst edge: (A_S58_SC -> A_Q69_SC) type[hb], weight[0.91] from 57 to 68 dist[2.10]
Adding bndlst edge: (A_T59_MC -> A_F60_MC) type[cov], weight[1.00] from 58 to 59 dist[1.33]
Adding bndlst edge: (A_T59_MC -> A_V70_MC) type[hb], weight[1.21] from 58 to 69 dist[1.82]
Adding bndlst edge: (A_T59_MC -> A_V70_MC) type[hb], weight[1.11] from 58 to 69 dist[1.90]
Adding bndlst edge: (A_F60_MC -> A_R61_MC) type[cov], weight[1.00] from 59 to 60 dist[1.32]
Adding bndlst edge: (A_R61_MC -> A_K62_MC) type[cov], weight[1.00] from 60 to 61 dist[1.32]
Adding bndlst edge: (A_R61_MC -> A_W68_MC) type[hb], weight[1.25] from 60 to 67 dist[1.79]
Adding bndlst edge: (A_R61_MC -> A_W68_MC) type[hb], weight[0.83] from 60 to 67 dist[2.20]
Adding bndlst edge: (A_R61_SC -> A_K62_MC) type[hb], weight[0.81] from 60 to 61 dist[2.23]
Adding bndlst edge: (A_R61_SC -> A_K62_MC) type[hb], weight[0.70] from 60 to 61 dist[2.38]
Adding bndlst edge: (A_K62_MC -> A_L63_MC) type[cov], weight[1.00] from 61 to 62 dist[1.33]
Adding bndlst edge: (A_L63_MC -> A_D64_MC) type[cov], weight[1.00] from 62 to 63 dist[1.33]
Adding bndlst edge: (A_L63_MC -> A_I66_MC) type[hb], weight[0.97] from 62 to 65 dist[2.03]
Adding bndlst edge: (A_L63_MC -> A_I66_MC) type[hb], weight[1.07] from 62 to 65 dist[1.93]
Adding bndlst edge: (A_D64_MC -> A_G65_MC) type[cov], weight[1.00] from 63 to 64 dist[1.33]
Adding bndlst edge: (A_G65_MC -> A_I66_MC) type[cov], weight[1.00] from 64 to 65 dist[1.33]
Adding bndlst edge: (A_I66_MC -> A_C67_MC) type[cov], weight[1.00] from 65 to 66 dist[1.33]
Adding bndlst edge: (A_C67_MC -> A_W68_MC) type[cov], weight[1.00] from 66 to 67 dist[1.33]
Adding bndlst edge: (A_W68_MC -> A_Q69_MC) type[cov], weight[1.00] from 67 to 68 dist[1.33]
Adding bndlst edge: (A_Q69_MC -> A_V70_MC) type[cov], weight[1.00] from 68 to 69 dist[1.33]
Adding bndlst edge: (A_Q69_MC -> A_L168_MC) type[hb], weight[1.33] from 68 to 167 dist[1.74]
Adding bndlst edge: (A_Q69_SC -> A_R71_SC) type[hb], weight[0.99] from 68 to 70 dist[2.01]
Adding bndlst edge: (A_Q69_MC -> A_H166_MC) type[hb], weight[0.98] from 68 to 165 dist[2.02]
Adding bndlst edge: (A_V70_MC -> A_R71_MC) type[cov], weight[1.00] from 69 to 70 dist[1.33]
Adding bndlst edge: (A_R71_MC -> A_Q72_MC) type[cov], weight[1.00] from 70 to 71 dist[1.33]
Adding bndlst edge: (A_R71_MC -> A_E170_MC) type[hb], weight[1.17] from 70 to 169 dist[1.85]
Adding bndlst edge: (A_R71_MC -> A_L168_MC) type[hb], weight[1.36] from 70 to 167 dist[1.72]
Adding bndlst edge: (A_Q72_MC -> A_L73_MC) type[cov], weight[1.00] from 71 to 72 dist[1.32]
Adding bndlst edge: (A_Q72_SC -> A_E170_SC) type[hb], weight[0.47] from 71 to 169 dist[2.92]
Adding bndlst edge: (A_L73_MC -> A_Y74_MC) type[cov], weight[1.00] from 72 to 73 dist[1.33]
Adding bndlst edge: (A_L73_MC -> A_G75_MC) type[hb], weight[0.53] from 72 to 74 dist[2.75]
Adding bndlst edge: (A_Y74_MC -> A_G75_MC) type[cov], weight[1.00] from 73 to 74 dist[1.33]
Adding bndlst edge: (A_G75_MC -> A_D76_MC) type[cov], weight[1.00] from 74 to 75 dist[1.33]
Adding bndlst edge: (A_G75_MC -> A_L84_MC) type[hb], weight[0.99] from 74 to 83 dist[2.01]
Adding bndlst edge: (A_G75_MC -> A_L84_MC) type[hb], weight[1.06] from 74 to 83 dist[1.94]
Adding bndlst edge: (A_D76_MC -> A_T77_MC) type[cov], weight[1.00] from 75 to 76 dist[1.33]
Adding bndlst edge: (A_D76_SC -> A_G78_MC) type[hb], weight[1.18] from 75 to 77 dist[1.84]
Adding bndlst edge: (A_D76_SC -> A_T77_MC) type[hb], weight[0.48] from 75 to 76 dist[2.87]
Adding bndlst edge: (A_T77_MC -> A_G78_MC) type[cov], weight[1.00] from 76 to 77 dist[1.33]
Adding bndlst edge: (A_T77_SC -> A_V79_MC) type[hb], weight[0.59] from 76 to 78 dist[2.59]
Adding bndlst edge: (A_T77_MC -> A_R82_MC) type[hb], weight[0.49] from 76 to 81 dist[2.86]
Adding bndlst edge: (A_T77_SC -> A_R82_MC) type[hb], weight[0.97] from 76 to 81 dist[2.03]
Adding bndlst edge: (A_G78_MC -> A_V79_MC) type[cov], weight[1.00] from 77 to 78 dist[1.33]
Adding bndlst edge: (A_V79_MC -> A_L80_MC) type[cov], weight[1.00] from 78 to 79 dist[1.33]
Adding bndlst edge: (A_V79_MC -> A_R82_MC) type[hb], weight[1.00] from 78 to 81 dist[2.00]
Adding bndlst edge: (A_L80_MC -> A_G81_MC) type[cov], weight[1.00] from 79 to 80 dist[1.33]
Adding bndlst edge: (A_G81_MC -> A_R82_MC) type[cov], weight[1.00] from 80 to 81 dist[1.33]
Adding bndlst edge: (A_G81_MC -> A_V98_MC) type[hb], weight[1.01] from 80 to 97 dist[1.99]
Adding bndlst edge: (A_R82_MC -> A_F83_MC) type[cov], weight[1.00] from 81 to 82 dist[1.33]
Adding bndlst edge: (A_F83_MC -> A_L84_MC) type[cov], weight[1.00] from 82 to 83 dist[1.33]
Adding bndlst edge: (A_F83_MC -> A_V96_MC) type[hb], weight[1.06] from 82 to 95 dist[1.94]
Adding bndlst edge: (A_F83_MC -> A_V96_MC) type[hb], weight[1.25] from 82 to 95 dist[1.79]
Adding bndlst edge: (A_L84_MC -> A_L85_MC) type[cov], weight[1.00] from 83 to 84 dist[1.32]
Adding bndlst edge: (A_L85_MC -> A_Q86_MC) type[cov], weight[1.00] from 84 to 85 dist[1.33]
Adding bndlst edge: (A_L85_MC -> A_V94_MC) type[hb], weight[1.09] from 84 to 93 dist[1.92]
Adding bndlst edge: (A_L85_MC -> A_V94_MC) type[hb], weight[1.23] from 84 to 93 dist[1.80]
Adding bndlst edge: (A_Q86_MC -> A_A87_MC) type[cov], weight[1.00] from 85 to 86 dist[1.33]
Adding bndlst edge: (A_A87_MC -> A_R88_MC) type[cov], weight[1.00] from 86 to 87 dist[1.33]
Adding bndlst edge: (A_R88_MC -> A_G89_MC) type[cov], weight[1.00] from 87 to 88 dist[1.33]
Adding bndlst edge: (A_R88_MC -> A_R91_MC) type[hb], weight[0.99] from 87 to 90 dist[2.01]
Adding bndlst edge: (A_R88_MC -> A_R91_MC) type[hb], weight[1.04] from 87 to 90 dist[1.96]
Adding bndlst edge: (A_R88_SC -> A_R172_MC) type[hb], weight[0.74] from 87 to 171 dist[2.32]
Adding bndlst edge: (A_G89_MC -> A_A90_MC) type[cov], weight[1.00] from 88 to 89 dist[1.33]
Adding bndlst edge: (A_G89_MC -> A_R91_MC) type[hb], weight[0.45] from 88 to 90 dist[2.97]
Adding bndlst edge: (A_A90_MC -> A_R91_MC) type[cov], weight[1.00] from 89 to 90 dist[1.33]
Adding bndlst edge: (A_A90_MC -> A_G92_MC) type[hb], weight[0.46] from 89 to 91 dist[2.96]
Adding bndlst edge: (A_R91_MC -> A_G92_MC) type[cov], weight[1.00] from 90 to 91 dist[1.33]
Adding bndlst edge: (A_R91_SC -> A_E170_SC) type[salt], weight[0.41] from 90 to 169 dist[2.98]
Adding bndlst edge: (A_R91_SC -> A_E170_SC) type[salt], weight[0.94] from 90 to 169 dist[1.96]
Adding bndlst edge: (A_R91_SC -> A_E170_SC) type[salt], weight[0.54] from 90 to 169 dist[2.57]
Adding bndlst edge: (A_R91_SC -> A_E170_SC) type[salt], weight[0.82] from 90 to 169 dist[2.10]
Adding bndlst edge: (A_G92_MC -> A_A93_MC) type[cov], weight[1.00] from 91 to 92 dist[1.33]
Adding bndlst edge: (A_A93_MC -> A_V94_MC) type[cov], weight[1.00] from 92 to 93 dist[1.33]
Adding bndlst edge: (A_V94_MC -> A_H95_MC) type[cov], weight[1.00] from 93 to 94 dist[1.33]
Adding bndlst edge: (A_H95_MC -> A_V96_MC) type[cov], weight[1.00] from 94 to 95 dist[1.33]
Adding bndlst edge: (A_H95_MC -> A_E112_MC) type[hb], weight[1.13] from 94 to 111 dist[1.88]
Adding bndlst edge: (A_H95_MC -> A_E112_MC) type[hb], weight[1.19] from 94 to 111 dist[1.83]
Adding bndlst edge: (A_H95_SC -> A_E112_MC) type[hb], weight[0.46] from 94 to 111 dist[2.94]
Adding bndlst edge: (A_V96_MC -> A_V97_MC) type[cov], weight[1.00] from 95 to 96 dist[1.33]
Adding bndlst edge: (A_V97_MC -> A_V98_MC) type[cov], weight[1.00] from 96 to 97 dist[1.32]
Adding bndlst edge: (A_V97_MC -> A_Y110_MC) type[hb], weight[1.01] from 96 to 109 dist[1.99]
Adding bndlst edge: (A_V97_MC -> A_Y110_MC) type[hb], weight[0.93] from 96 to 109 dist[2.08]
Adding bndlst edge: (A_V98_MC -> A_A99_MC) type[cov], weight[1.00] from 97 to 98 dist[1.33]
Adding bndlst edge: (A_A99_MC -> A_E100_MC) type[cov], weight[1.00] from 98 to 99 dist[1.33]
Adding bndlst edge: (A_A99_MC -> A_V108_MC) type[hb], weight[1.01] from 98 to 107 dist[2.00]
Adding bndlst edge: (A_E100_MC -> A_T101_MC) type[cov], weight[1.00] from 99 to 100 dist[1.33]
Adding bndlst edge: (A_E100_MC -> A_V108_MC) type[hb], weight[1.33] from 99 to 107 dist[1.73]
Adding bndlst edge: (A_E100_SC -> A_R139_SC) type[salt], weight[0.88] from 99 to 138 dist[2.03]
Adding bndlst edge: (A_E100_SC -> A_R139_SC) type[salt], weight[0.93] from 99 to 138 dist[1.97]
Adding bndlst edge: (A_E100_SC -> A_R139_SC) type[salt], weight[0.51] from 99 to 138 dist[2.66]
Adding bndlst edge: (A_T101_MC -> A_D102_MC) type[cov], weight[1.00] from 100 to 101 dist[1.32]
Adding bndlst edge: (A_T101_SC -> A_D102_MC) type[hb], weight[0.51] from 100 to 101 dist[2.81]
Adding bndlst edge: (A_T101_SC -> A_Y103_MC) type[hb], weight[1.03] from 100 to 102 dist[1.97]
Adding bndlst edge: (A_T101_SC -> A_F106_MC) type[hb], weight[1.34] from 100 to 105 dist[1.73]
Adding bndlst edge: (A_D102_MC -> A_Y103_MC) type[cov], weight[1.00] from 101 to 102 dist[1.34]
Adding bndlst edge: (A_D102_MC -> A_Q104_MC) type[hb], weight[1.07] from 101 to 103 dist[1.94]
Adding bndlst edge: (A_D102_SC -> A_S105_SC) type[hb], weight[1.40] from 101 to 104 dist[1.69]
Adding bndlst edge: (A_D102_SC -> A_S105_MC) type[hb], weight[1.18] from 101 to 104 dist[1.84]
Adding bndlst edge: (A_D102_SC -> A_S105_SC) type[hb], weight[0.50] from 101 to 104 dist[2.82]
Adding bndlst edge: (A_D102_SC -> A_Q104_MC) type[hb], weight[0.67] from 101 to 103 dist[2.45]
Adding bndlst edge: (A_D102_SC -> A_F106_MC) type[hb], weight[0.92] from 101 to 105 dist[2.09]
Adding bndlst edge: (A_D102_MC -> A_F106_MC) type[hb], weight[0.62] from 101 to 105 dist[2.53]
Adding bndlst edge: (A_Y103_MC -> A_Q104_MC) type[cov], weight[1.00] from 102 to 103 dist[1.33]
Adding bndlst edge: (A_Y103_MC -> A_R124_SC) type[hb], weight[0.82] from 102 to 123 dist[2.21]
Adding bndlst edge: (A_Y103_MC -> A_R124_SC) type[hb], weight[1.02] from 102 to 123 dist[1.98]
Adding bndlst edge: (A_Q104_MC -> A_S105_MC) type[cov], weight[1.00] from 103 to 104 dist[1.33]
Adding bndlst edge: (A_S105_MC -> A_F106_MC) type[cov], weight[1.00] from 104 to 105 dist[1.33]
Adding bndlst edge: (A_S105_MC -> A_R124_MC) type[hb], weight[0.97] from 104 to 123 dist[2.03]
Adding bndlst edge: (A_S105_SC -> A_F106_MC) type[hb], weight[0.50] from 104 to 105 dist[2.84]
Adding bndlst edge: (A_F106_MC -> A_A107_MC) type[cov], weight[1.00] from 105 to 106 dist[1.33]
Adding bndlst edge: (A_A107_MC -> A_V108_MC) type[cov], weight[1.00] from 106 to 107 dist[1.32]
Adding bndlst edge: (A_A107_MC -> A_Y122_MC) type[hb], weight[1.09] from 106 to 121 dist[1.91]
Adding bndlst edge: (A_A107_MC -> A_Y122_MC) type[hb], weight[0.87] from 106 to 121 dist[2.15]
Adding bndlst edge: (A_V108_MC -> A_L109_MC) type[cov], weight[1.00] from 107 to 108 dist[1.33]
Adding bndlst edge: (A_L109_MC -> A_Y110_MC) type[cov], weight[1.00] from 108 to 109 dist[1.32]
Adding bndlst edge: (A_L109_MC -> A_K120_MC) type[hb], weight[1.21] from 108 to 119 dist[1.81]
Adding bndlst edge: (A_L109_MC -> A_K120_MC) type[hb], weight[1.05] from 108 to 119 dist[1.95]
Adding bndlst edge: (A_Y110_MC -> A_L111_MC) type[cov], weight[1.00] from 109 to 110 dist[1.32]
Adding bndlst edge: (A_L111_MC -> A_E112_MC) type[cov], weight[1.00] from 110 to 111 dist[1.33]
Adding bndlst edge: (A_L111_MC -> A_S118_MC) type[hb], weight[1.20] from 110 to 117 dist[1.83]
Adding bndlst edge: (A_L111_MC -> A_S118_MC) type[hb], weight[1.12] from 110 to 117 dist[1.89]
Adding bndlst edge: (A_E112_MC -> A_R113_MC) type[cov], weight[1.00] from 111 to 112 dist[1.33]
Adding bndlst edge: (A_R113_MC -> A_A114_MC) type[cov], weight[1.00] from 112 to 113 dist[1.33]
Adding bndlst edge: (A_R113_MC -> A_Q116_MC) type[hb], weight[1.05] from 112 to 115 dist[1.95]
Adding bndlst edge: (A_R113_MC -> A_Q116_MC) type[hb], weight[0.75] from 112 to 115 dist[2.31]
Adding bndlst edge: (A_A114_MC -> A_G115_MC) type[cov], weight[1.00] from 113 to 114 dist[1.33]
Adding bndlst edge: (A_A114_MC -> A_Q116_MC) type[hb], weight[0.49] from 113 to 115 dist[2.87]
Adding bndlst edge: (A_G115_MC -> A_Q116_MC) type[cov], weight[1.00] from 114 to 115 dist[1.33]
Adding bndlst edge: (A_Q116_MC -> A_L117_MC) type[cov], weight[1.00] from 115 to 116 dist[1.33]
Adding bndlst edge: (A_L117_MC -> A_S118_MC) type[cov], weight[1.00] from 116 to 117 dist[1.33]
Adding bndlst edge: (A_S118_MC -> A_V119_MC) type[cov], weight[1.00] from 117 to 118 dist[1.33]
Adding bndlst edge: (A_V119_MC -> A_K120_MC) type[cov], weight[1.00] from 118 to 119 dist[1.33]
Adding bndlst edge: (A_K120_MC -> A_L121_MC) type[cov], weight[1.00] from 119 to 120 dist[1.33]
Adding bndlst edge: (A_L121_MC -> A_Y122_MC) type[cov], weight[1.00] from 120 to 121 dist[1.33]
Adding bndlst edge: (A_Y122_MC -> A_A123_MC) type[cov], weight[1.00] from 121 to 122 dist[1.32]
Adding bndlst edge: (A_A123_MC -> A_R124_MC) type[cov], weight[1.00] from 122 to 123 dist[1.33]
Adding bndlst edge: (A_R124_MC -> A_S125_MC) type[cov], weight[1.00] from 123 to 124 dist[1.33]
Adding bndlst edge: (A_S125_MC -> A_L126_MC) type[cov], weight[1.00] from 124 to 125 dist[1.33]
Adding bndlst edge: (A_L126_MC -> A_P127_MC) type[cov], weight[1.00] from 125 to 126 dist[1.34]
Adding bndlst edge: (A_P127_MC -> A_V128_MC) type[cov], weight[1.00] from 126 to 127 dist[1.33]
Adding bndlst edge: (A_V128_MC -> A_S129_MC) type[cov], weight[1.00] from 127 to 128 dist[1.33]
Adding bndlst edge: (A_S129_MC -> A_D130_MC) type[cov], weight[1.00] from 128 to 129 dist[1.33]
Adding bndlst edge: (A_S129_MC -> A_L133_MC) type[hb], weight[0.90] from 128 to 132 dist[2.10]
Adding bndlst edge: (A_S129_MC -> A_V132_MC) type[hb], weight[0.65] from 128 to 131 dist[2.49]
Adding bndlst edge: (A_S129_SC -> A_V132_MC) type[hb], weight[0.78] from 128 to 131 dist[2.27]
Adding bndlst edge: (A_D130_MC -> A_S131_MC) type[cov], weight[1.00] from 129 to 130 dist[1.33]
Adding bndlst edge: (A_D130_MC -> A_S134_MC) type[hb], weight[1.03] from 129 to 133 dist[1.97]
Adding bndlst edge: (A_D130_MC -> A_L133_MC) type[hb], weight[0.48] from 129 to 132 dist[2.89]
Adding bndlst edge: (A_D130_MC -> A_S134_SC) type[hb], weight[0.93] from 129 to 133 dist[2.07]
Adding bndlst edge: (A_S131_MC -> A_V132_MC) type[cov], weight[1.00] from 130 to 131 dist[1.33]
Adding bndlst edge: (A_S131_MC -> A_G135_MC) type[hb], weight[0.91] from 130 to 134 dist[2.09]
Adding bndlst edge: (A_V132_MC -> A_L133_MC) type[cov], weight[1.00] from 131 to 132 dist[1.33]
Adding bndlst edge: (A_V132_MC -> A_F136_MC) type[hb], weight[1.14] from 131 to 135 dist[1.87]
Adding bndlst edge: (A_V132_MC -> A_G135_MC) type[hb], weight[0.56] from 131 to 134 dist[2.67]
Adding bndlst edge: (A_L133_MC -> A_S134_MC) type[cov], weight[1.00] from 132 to 133 dist[1.33]
Adding bndlst edge: (A_L133_MC -> A_E137_MC) type[hb], weight[0.93] from 132 to 136 dist[2.08]
Adding bndlst edge: (A_L133_MC -> A_F136_MC) type[hb], weight[0.51] from 132 to 135 dist[2.81]
Adding bndlst edge: (A_S134_MC -> A_G135_MC) type[cov], weight[1.00] from 133 to 134 dist[1.33]
Adding bndlst edge: (A_S134_MC -> A_E137_MC) type[hb], weight[0.45] from 133 to 136 dist[2.99]
Adding bndlst edge: (A_S134_MC -> A_Q138_MC) type[hb], weight[0.87] from 133 to 137 dist[2.14]
Adding bndlst edge: (A_G135_MC -> A_F136_MC) type[cov], weight[1.00] from 134 to 135 dist[1.33]
Adding bndlst edge: (A_G135_MC -> A_Q138_MC) type[hb], weight[0.64] from 134 to 137 dist[2.50]
Adding bndlst edge: (A_G135_MC -> A_R139_MC) type[hb], weight[0.86] from 134 to 138 dist[2.15]
Adding bndlst edge: (A_F136_MC -> A_E137_MC) type[cov], weight[1.00] from 135 to 136 dist[1.33]
Adding bndlst edge: (A_F136_MC -> A_V140_MC) type[hb], weight[0.93] from 135 to 139 dist[2.07]
Adding bndlst edge: (A_F136_MC -> A_R139_MC) type[hb], weight[0.68] from 135 to 138 dist[2.43]
Adding bndlst edge: (A_E137_MC -> A_Q138_MC) type[cov], weight[1.00] from 136 to 137 dist[1.33]
Adding bndlst edge: (A_E137_MC -> A_Q141_MC) type[hb], weight[0.92] from 136 to 140 dist[2.09]
Adding bndlst edge: (A_E137_MC -> A_V140_MC) type[hb], weight[0.58] from 136 to 139 dist[2.62]
Adding bndlst edge: (A_E137_SC -> A_Y152_SC) type[hb], weight[1.42] from 136 to 151 dist[1.68]
Adding bndlst edge: (A_Q138_MC -> A_R139_MC) type[cov], weight[1.00] from 137 to 138 dist[1.33]
Adding bndlst edge: (A_Q138_MC -> A_Q141_MC) type[hb], weight[0.57] from 137 to 140 dist[2.64]
Adding bndlst edge: (A_Q138_MC -> A_E142_MC) type[hb], weight[0.92] from 137 to 141 dist[2.08]
Adding bndlst edge: (A_Q138_SC -> A_E142_SC) type[hb], weight[1.03] from 137 to 141 dist[1.97]
Adding bndlst edge: (A_R139_MC -> A_V140_MC) type[cov], weight[1.00] from 138 to 139 dist[1.33]
Adding bndlst edge: (A_R139_MC -> A_E142_MC) type[hb], weight[0.51] from 138 to 141 dist[2.81]
Adding bndlst edge: (A_R139_MC -> A_A143_MC) type[hb], weight[0.68] from 138 to 142 dist[2.43]
Adding bndlst edge: (A_R139_SC -> A_E142_SC) type[salt], weight[0.61] from 138 to 141 dist[2.43]
Adding bndlst edge: (A_V140_MC -> A_Q141_MC) type[cov], weight[1.00] from 139 to 140 dist[1.33]
Adding bndlst edge: (A_V140_MC -> A_L145_MC) type[hb], weight[0.80] from 139 to 144 dist[2.23]
Adding bndlst edge: (A_V140_MC -> A_A143_MC) type[hb], weight[0.78] from 139 to 142 dist[2.26]
Adding bndlst edge: (A_Q141_MC -> A_E142_MC) type[cov], weight[1.00] from 140 to 141 dist[1.33]
Adding bndlst edge: (A_Q141_MC -> A_H144_MC) type[hb], weight[0.92] from 140 to 143 dist[2.08]
Adding bndlst edge: (A_E142_MC -> A_A143_MC) type[cov], weight[1.00] from 141 to 142 dist[1.33]
Adding bndlst edge: (A_E142_MC -> A_H144_MC) type[hb], weight[0.47] from 141 to 143 dist[2.91]
Adding bndlst edge: (A_A143_MC -> A_H144_MC) type[cov], weight[1.00] from 142 to 143 dist[1.33]
Adding bndlst edge: (A_H144_MC -> A_L145_MC) type[cov], weight[1.00] from 143 to 144 dist[1.33]
Adding bndlst edge: (A_L145_MC -> A_T146_MC) type[cov], weight[1.00] from 144 to 145 dist[1.33]
Adding bndlst edge: (A_T146_MC -> A_E147_MC) type[cov], weight[1.00] from 145 to 146 dist[1.33]
Adding bndlst edge: (A_T146_MC -> A_Q149_MC) type[hb], weight[0.94] from 145 to 148 dist[2.06]
Adding bndlst edge: (A_T146_SC -> A_D148_MC) type[hb], weight[0.60] from 145 to 147 dist[2.59]
Adding bndlst edge: (A_T146_MC -> A_Q149_SC) type[hb], weight[1.07] from 145 to 148 dist[1.94]
Adding bndlst edge: (A_T146_SC -> A_D148_SC) type[hb], weight[0.94] from 145 to 147 dist[2.06]
Adding bndlst edge: (A_E147_MC -> A_D148_MC) type[cov], weight[1.00] from 146 to 147 dist[1.33]
Adding bndlst edge: (A_E147_MC -> A_I150_MC) type[hb], weight[0.61] from 146 to 149 dist[2.55]
Adding bndlst edge: (A_D148_MC -> A_Q149_MC) type[cov], weight[1.00] from 147 to 148 dist[1.33]
Adding bndlst edge: (A_Q149_MC -> A_I150_MC) type[cov], weight[1.00] from 148 to 149 dist[1.33]
Adding bndlst edge: (A_I150_MC -> A_F151_MC) type[cov], weight[1.00] from 149 to 150 dist[1.33]
Adding bndlst edge: (A_F151_MC -> A_Y152_MC) type[cov], weight[1.00] from 150 to 151 dist[1.33]
Adding bndlst edge: (A_Y152_MC -> A_F153_MC) type[cov], weight[1.00] from 151 to 152 dist[1.33]
Adding bndlst edge: (A_F153_MC -> A_P154_MC) type[cov], weight[1.00] from 152 to 153 dist[1.34]
Adding bndlst edge: (A_P154_MC -> A_K155_MC) type[cov], weight[1.00] from 153 to 154 dist[1.33]
Adding bndlst edge: (A_K155_MC -> A_Y156_MC) type[cov], weight[1.00] from 154 to 155 dist[1.33]
Adding bndlst edge: (A_Y156_MC -> A_G157_MC) type[cov], weight[1.00] from 155 to 156 dist[1.33]
Adding bndlst edge: (A_G157_MC -> A_F158_MC) type[cov], weight[1.00] from 156 to 157 dist[1.33]
Adding bndlst edge: (A_F158_MC -> A_C159_MC) type[cov], weight[1.00] from 157 to 158 dist[1.33]
Adding bndlst edge: (A_C159_MC -> A_E160_MC) type[cov], weight[1.00] from 158 to 159 dist[1.32]
Adding bndlst edge: (A_E160_MC -> A_A161_MC) type[cov], weight[1.00] from 159 to 160 dist[1.33]
Adding bndlst edge: (A_A161_MC -> A_A162_MC) type[cov], weight[1.00] from 160 to 161 dist[1.32]
Adding bndlst edge: (A_A162_MC -> A_D163_MC) type[cov], weight[1.00] from 161 to 162 dist[1.33]
Adding bndlst edge: (A_D163_MC -> A_Q164_MC) type[cov], weight[1.00] from 162 to 163 dist[1.33]
Adding bndlst edge: (A_D163_MC -> A_H166_MC) type[hb], weight[1.07] from 162 to 165 dist[1.94]
Adding bndlst edge: (A_D163_MC -> A_F165_MC) type[hb], weight[0.51] from 162 to 164 dist[2.81]
Adding bndlst edge: (A_D163_SC -> A_H166_SC) type[hb], weight[1.06] from 162 to 165 dist[1.95]
Adding bndlst edge: (A_D163_SC -> A_H166_MC) type[hb], weight[0.56] from 162 to 165 dist[2.67]
Adding bndlst edge: (A_D163_SC -> A_F165_MC) type[hb], weight[0.98] from 162 to 164 dist[2.02]
Adding bndlst edge: (A_D163_SC -> A_H166_SC) type[hb], weight[0.77] from 162 to 165 dist[2.28]
Adding bndlst edge: (A_Q164_MC -> A_F165_MC) type[cov], weight[1.00] from 163 to 164 dist[1.33]
Adding bndlst edge: (A_F165_MC -> A_H166_MC) type[cov], weight[1.00] from 164 to 165 dist[1.33]
Adding bndlst edge: (A_H166_MC -> A_V167_MC) type[cov], weight[1.00] from 165 to 166 dist[1.33]
Adding bndlst edge: (A_V167_MC -> A_L168_MC) type[cov], weight[1.00] from 166 to 167 dist[1.33]
Adding bndlst edge: (A_L168_MC -> A_D169_MC) type[cov], weight[1.00] from 167 to 168 dist[1.33]
Adding bndlst edge: (A_D169_MC -> A_E170_MC) type[cov], weight[1.00] from 168 to 169 dist[1.33]
Adding bndlst edge: (A_D169_SC -> A_V171_MC) type[hb], weight[0.63] from 168 to 170 dist[2.51]
Adding bndlst edge: (A_D169_SC -> A_R172_MC) type[hb], weight[0.65] from 168 to 171 dist[2.48]
Adding bndlst edge: (A_E170_MC -> A_V171_MC) type[cov], weight[1.00] from 169 to 170 dist[1.33]
Adding bndlst edge: (A_V171_MC -> A_R172_MC) type[cov], weight[1.00] from 170 to 171 dist[1.33]
Adding bndlst edge: (A_R172_MC -> A_R173_MC) type[cov], weight[1.00] from 171 to 172 dist[1.33]

bndlst DONE

Producing PAJEK network
printing pajek edge (A_128_VAL,A_129_SER)
printing pajek edge (A_33_PHE,A_36_GLU)
printing pajek edge (A_33_PHE,A_34_LEU)
printing pajek edge (A_33_PHE,A_37_GLN)
printing pajek edge (A_91_ARG,A_170_GLU)
printing pajek edge (A_91_ARG,A_92_GLY)
printing pajek edge (A_119_VAL,A_120_LYS)
printing pajek edge (A_72_GLN,A_73_LEU)
printing pajek edge (A_72_GLN,A_170_GLU)
printing pajek edge (A_103_TYR,A_124_ARG)
printing pajek edge (A_103_TYR,A_104_GLN)
printing pajek edge (A_19_ALA,A_124_ARG)
printing pajek edge (A_19_ALA,A_20_GLY)
printing pajek edge (A_126_LEU,A_127_PRO)
printing pajek edge (A_17_GLN,A_124_ARG)
printing pajek edge (A_17_GLN,A_18_PHE)
printing pajek edge (A_45_THR,A_60_PHE)
printing pajek edge (A_45_THR,A_46_LEU)
printing pajek edge (A_56_ALA,A_57_VAL)
printing pajek edge (A_85_LEU,A_94_VAL)
printing pajek edge (A_85_LEU,A_86_GLN)
printing pajek edge (A_28_GLY,A_29_SER)
printing pajek edge (A_28_GLY,A_119_VAL)
printing pajek edge (A_162_ALA,A_163_ASP)
printing pajek edge (A_96_VAL,A_97_VAL)
printing pajek edge (A_58_SER,A_69_GLN)
printing pajek edge (A_58_SER,A_59_THR)
printing pajek edge (A_21_THR,A_124_ARG)
printing pajek edge (A_21_THR,A_22_TRP)
printing pajek edge (A_21_THR,A_47_HIS)
printing pajek edge (A_164_GLN,A_165_PHE)
printing pajek edge (A_110_TYR,A_111_LEU)
printing pajek edge (A_152_TYR,A_153_PHE)
printing pajek edge (A_90_ALA,A_91_ARG)
printing pajek edge (A_90_ALA,A_92_GLY)
printing pajek edge (A_149_GLN,A_150_ILE)
printing pajek edge (A_32_ARG,A_36_GLU)
printing pajek edge (A_32_ARG,A_33_PHE)
printing pajek edge (A_32_ARG,A_35_GLN)
printing pajek edge (A_36_GLU,A_39_HIS)
printing pajek edge (A_36_GLU,A_37_GLN)
printing pajek edge (A_12_ASN,A_13_PHE)
printing pajek edge (A_79_VAL,A_82_ARG)
printing pajek edge (A_79_VAL,A_80_LEU)
printing pajek edge (A_94_VAL,A_95_HIS)
printing pajek edge (A_107_ALA,A_122_TYR)
printing pajek edge (A_107_ALA,A_108_VAL)
printing pajek edge (A_158_PHE,A_159_CYS)
printing pajek edge (A_66_ILE,A_67_CYS)
printing pajek edge (A_30_ALA,A_31_ALA)
printing pajek edge (A_139_ARG,A_143_ALA)
printing pajek edge (A_139_ARG,A_142_GLU)
printing pajek edge (A_139_ARG,A_142_GLU)
printing pajek edge (A_139_ARG,A_140_VAL)
printing pajek edge (A_115_GLY,A_116_GLN)
printing pajek edge (A_59_THR,A_70_VAL)
printing pajek edge (A_59_THR,A_60_PHE)
printing pajek edge (A_154_PRO,A_155_LYS)
printing pajek edge (A_16_GLN,A_19_ALA)
printing pajek edge (A_16_GLN,A_17_GLN)
printing pajek edge (A_138_GLN,A_142_GLU)
printing pajek edge (A_138_GLN,A_139_ARG)
printing pajek edge (A_138_GLN,A_141_GLN)
printing pajek edge (A_82_ARG,A_83_PHE)
printing pajek edge (A_61_ARG,A_68_TRP)
printing pajek edge (A_61_ARG,A_62_LYS)
printing pajek edge (A_61_ARG,A_62_LYS)
printing pajek edge (A_102_ASP,A_105_SER)
printing pajek edge (A_102_ASP,A_104_GLN)
printing pajek edge (A_102_ASP,A_103_TYR)
printing pajek edge (A_102_ASP,A_106_PHE)
printing pajek edge (A_74_TYR,A_75_GLY)
printing pajek edge (A_87_ALA,A_88_ARG)
printing pajek edge (A_77_THR,A_82_ARG)
printing pajek edge (A_77_THR,A_78_GLY)
printing pajek edge (A_77_THR,A_79_VAL)
printing pajek edge (A_63_LEU,A_64_ASP)
printing pajek edge (A_63_LEU,A_66_ILE)
printing pajek edge (A_68_TRP,A_69_GLN)
printing pajek edge (A_166_HIS,A_167_VAL)
printing pajek edge (A_140_VAL,A_143_ALA)
printing pajek edge (A_140_VAL,A_145_LEU)
printing pajek edge (A_140_VAL,A_141_GLN)
printing pajek edge (A_130_ASP,A_131_SER)
printing pajek edge (A_130_ASP,A_133_LEU)
printing pajek edge (A_130_ASP,A_134_SER)
printing pajek edge (A_3_PRO,A_4_ILE)
printing pajek edge (A_3_PRO,A_6_THR)
printing pajek edge (A_18_PHE,A_124_ARG)
printing pajek edge (A_18_PHE,A_22_TRP)
printing pajek edge (A_18_PHE,A_19_ALA)
printing pajek edge (A_111_LEU,A_118_SER)
printing pajek edge (A_111_LEU,A_112_GLU)
printing pajek edge (A_83_PHE,A_96_VAL)
printing pajek edge (A_83_PHE,A_84_LEU)
printing pajek edge (A_148_ASP,A_149_GLN)
printing pajek edge (A_169_ASP,A_171_VAL)
printing pajek edge (A_169_ASP,A_170_GLU)
printing pajek edge (A_169_ASP,A_172_ARG)
printing pajek edge (A_136_PHE,A_137_GLU)
printing pajek edge (A_136_PHE,A_139_ARG)
printing pajek edge (A_136_PHE,A_140_VAL)
printing pajek edge (A_15_ALA,A_19_ALA)
printing pajek edge (A_15_ALA,A_18_PHE)
printing pajek edge (A_15_ALA,A_16_GLN)
printing pajek edge (A_113_ARG,A_116_GLN)
printing pajek edge (A_113_ARG,A_114_ALA)
printing pajek edge (A_70_VAL,A_71_ARG)
printing pajek edge (A_146_THR,A_148_ASP)
printing pajek edge (A_146_THR,A_149_GLN)
printing pajek edge (A_146_THR,A_147_GLU)
printing pajek edge (A_50_PRO,A_51_GLN)
printing pajek edge (A_25_VAL,A_153_PHE)
printing pajek edge (A_25_VAL,A_26_ALA)
printing pajek edge (A_25_VAL,A_121_LEU)
printing pajek edge (A_141_GLN,A_142_GLU)
printing pajek edge (A_141_GLN,A_144_HIS)
printing pajek edge (A_125_SER,A_126_LEU)
printing pajek edge (A_105_SER,A_124_ARG)
printing pajek edge (A_105_SER,A_106_PHE)
printing pajek edge (A_105_SER,A_106_PHE)
printing pajek edge (A_132_VAL,A_135_GLY)
printing pajek edge (A_132_VAL,A_133_LEU)
printing pajek edge (A_132_VAL,A_136_PHE)
printing pajek edge (A_122_TYR,A_123_ALA)
printing pajek edge (A_80_LEU,A_81_GLY)
printing pajek edge (A_155_LYS,A_156_TYR)
printing pajek edge (A_1_ALA,A_2_SER)
printing pajek edge (A_24_LEU,A_25_VAL)
printing pajek edge (A_24_LEU,A_44_THR)
printing pajek edge (A_97_VAL,A_110_TYR)
printing pajek edge (A_97_VAL,A_98_VAL)
printing pajek edge (A_127_PRO,A_128_VAL)
printing pajek edge (A_160_GLU,A_161_ALA)
printing pajek edge (A_161_ALA,A_162_ALA)
printing pajek edge (A_48_VAL,A_49_ALA)
printing pajek edge (A_9_PRO,A_10_LYS)
printing pajek edge (A_99_ALA,A_100_GLU)
printing pajek edge (A_99_ALA,A_108_VAL)
printing pajek edge (A_38_GLY,A_39_HIS)
printing pajek edge (A_38_GLY,A_40_ARG)
printing pajek edge (A_38_GLY,A_41_ALA)
printing pajek edge (A_118_SER,A_119_VAL)
printing pajek edge (A_44_THR,A_45_THR)
printing pajek edge (A_6_THR,A_7_ILE)
printing pajek edge (A_171_VAL,A_172_ARG)
printing pajek edge (A_34_LEU,A_35_GLN)
printing pajek edge (A_34_LEU,A_37_GLN)
printing pajek edge (A_34_LEU,A_38_GLY)
printing pajek edge (A_22_TRP,A_124_ARG)
printing pajek edge (A_22_TRP,A_23_LEU)
printing pajek edge (A_22_TRP,A_46_LEU)
printing pajek edge (A_64_ASP,A_65_GLY)
printing pajek edge (A_8_GLN,A_9_PRO)
printing pajek edge (A_27_VAL,A_28_GLY)
printing pajek edge (A_27_VAL,A_151_PHE)
printing pajek edge (A_81_GLY,A_82_ARG)
printing pajek edge (A_81_GLY,A_98_VAL)
printing pajek edge (A_120_LYS,A_121_LEU)
printing pajek edge (A_100_GLU,A_139_ARG)
printing pajek edge (A_100_GLU,A_101_THR)
printing pajek edge (A_100_GLU,A_108_VAL)
printing pajek edge (A_163_ASP,A_164_GLN)
printing pajek edge (A_163_ASP,A_166_HIS)
printing pajek edge (A_163_ASP,A_165_PHE)
printing pajek edge (A_73_LEU,A_75_GLY)
printing pajek edge (A_73_LEU,A_74_TYR)
printing pajek edge (A_75_GLY,A_84_LEU)
printing pajek edge (A_75_GLY,A_76_ASP)
printing pajek edge (A_62_LYS,A_63_LEU)
printing pajek edge (A_109_LEU,A_120_LYS)
printing pajek edge (A_109_LEU,A_110_TYR)
printing pajek edge (A_116_GLN,A_117_LEU)
printing pajek edge (A_93_ALA,A_94_VAL)
printing pajek edge (A_104_GLN,A_105_SER)
printing pajek edge (A_11_ALA,A_12_ASN)
printing pajek edge (A_114_ALA,A_115_GLY)
printing pajek edge (A_114_ALA,A_116_GLN)
printing pajek edge (A_153_PHE,A_154_PRO)
printing pajek edge (A_143_ALA,A_144_HIS)
printing pajek edge (A_92_GLY,A_93_ALA)
printing pajek edge (A_168_LEU,A_169_ASP)
printing pajek edge (A_49_ALA,A_50_PRO)
printing pajek edge (A_49_ALA,A_56_ALA)
printing pajek edge (A_108_VAL,A_109_LEU)
printing pajek edge (A_88_ARG,A_91_ARG)
printing pajek edge (A_88_ARG,A_89_GLY)
printing pajek edge (A_88_ARG,A_172_ARG)
printing pajek edge (A_78_GLY,A_79_VAL)
printing pajek edge (A_134_SER,A_138_GLN)
printing pajek edge (A_134_SER,A_137_GLU)
printing pajek edge (A_134_SER,A_135_GLY)
printing pajek edge (A_150_ILE,A_151_PHE)
printing pajek edge (A_124_ARG,A_125_SER)
printing pajek edge (A_51_GLN,A_54_ALA)
printing pajek edge (A_51_GLN,A_52_GLY)
printing pajek edge (A_40_ARG,A_41_ALA)
printing pajek edge (A_65_GLY,A_66_ILE)
printing pajek edge (A_98_VAL,A_99_ALA)
printing pajek edge (A_13_PHE,A_14_ASP)
printing pajek edge (A_42_GLU,A_43_ALA)
printing pajek edge (A_42_GLU,A_44_THR)
printing pajek edge (A_53_THR,A_54_ALA)
printing pajek edge (A_57_VAL,A_72_GLN)
printing pajek edge (A_57_VAL,A_58_SER)
printing pajek edge (A_46_LEU,A_47_HIS)
printing pajek edge (A_67_CYS,A_68_TRP)
printing pajek edge (A_20_GLY,A_48_VAL)
printing pajek edge (A_20_GLY,A_21_THR)
printing pajek edge (A_55_MET,A_74_TYR)
printing pajek edge (A_55_MET,A_56_ALA)
printing pajek edge (A_71_ARG,A_72_GLN)
printing pajek edge (A_71_ARG,A_170_GLU)
printing pajek edge (A_71_ARG,A_168_LEU)
printing pajek edge (A_69_GLN,A_70_VAL)
printing pajek edge (A_69_GLN,A_166_HIS)
printing pajek edge (A_69_GLN,A_71_ARG)
printing pajek edge (A_69_GLN,A_168_LEU)
printing pajek edge (A_167_VAL,A_168_LEU)
printing pajek edge (A_2_SER,A_5_SER)
printing pajek edge (A_2_SER,A_112_GLU)
printing pajek edge (A_2_SER,A_3_PRO)
printing pajek edge (A_137_GLU,A_138_GLN)
printing pajek edge (A_137_GLU,A_152_TYR)
printing pajek edge (A_137_GLU,A_140_VAL)
printing pajek edge (A_137_GLU,A_141_GLN)
printing pajek edge (A_89_GLY,A_91_ARG)
printing pajek edge (A_89_GLY,A_90_ALA)
printing pajek edge (A_117_LEU,A_118_SER)
printing pajek edge (A_145_LEU,A_146_THR)
printing pajek edge (A_142_GLU,A_143_ALA)
printing pajek edge (A_142_GLU,A_144_HIS)
printing pajek edge (A_31_ALA,A_34_LEU)
printing pajek edge (A_31_ALA,A_35_GLN)
printing pajek edge (A_31_ALA,A_32_ARG)
printing pajek edge (A_101_THR,A_103_TYR)
printing pajek edge (A_101_THR,A_102_ASP)
printing pajek edge (A_101_THR,A_102_ASP)
printing pajek edge (A_101_THR,A_106_PHE)
printing pajek edge (A_129_SER,A_132_VAL)
printing pajek edge (A_129_SER,A_133_LEU)
printing pajek edge (A_129_SER,A_130_ASP)
printing pajek edge (A_26_ALA,A_121_LEU)
printing pajek edge (A_26_ALA,A_27_VAL)
printing pajek edge (A_29_SER,A_31_ALA)
printing pajek edge (A_29_SER,A_149_GLN)
printing pajek edge (A_29_SER,A_30_ALA)
printing pajek edge (A_29_SER,A_30_ALA)
printing pajek edge (A_121_LEU,A_122_TYR)
printing pajek edge (A_157_GLY,A_158_PHE)
printing pajek edge (A_135_GLY,A_138_GLN)
printing pajek edge (A_135_GLY,A_139_ARG)
printing pajek edge (A_135_GLY,A_136_PHE)
printing pajek edge (A_41_ALA,A_42_GLU)
printing pajek edge (A_76_ASP,A_78_GLY)
printing pajek edge (A_76_ASP,A_77_THR)
printing pajek edge (A_76_ASP,A_77_THR)
printing pajek edge (A_84_LEU,A_85_LEU)
printing pajek edge (A_60_PHE,A_61_ARG)
printing pajek edge (A_151_PHE,A_152_TYR)
printing pajek edge (A_156_TYR,A_157_GLY)
printing pajek edge (A_131_SER,A_132_VAL)
printing pajek edge (A_131_SER,A_135_GLY)
printing pajek edge (A_54_ALA,A_55_MET)
printing pajek edge (A_123_ALA,A_124_ARG)
printing pajek edge (A_144_HIS,A_145_LEU)
printing pajek edge (A_159_CYS,A_160_GLU)
printing pajek edge (A_43_ALA,A_44_THR)
printing pajek edge (A_23_LEU,A_123_ALA)
printing pajek edge (A_23_LEU,A_24_LEU)
printing pajek edge (A_47_HIS,A_58_SER)
printing pajek edge (A_47_HIS,A_48_VAL)
printing pajek edge (A_14_ASP,A_103_TYR)
printing pajek edge (A_14_ASP,A_17_GLN)
printing pajek edge (A_14_ASP,A_18_PHE)
printing pajek edge (A_14_ASP,A_16_GLN)
printing pajek edge (A_14_ASP,A_15_ALA)
printing pajek edge (A_106_PHE,A_107_ALA)
printing pajek edge (A_7_ILE,A_82_ARG)
printing pajek edge (A_7_ILE,A_8_GLN)
printing pajek edge (A_86_GLN,A_87_ALA)
printing pajek edge (A_37_GLN,A_40_ARG)
printing pajek edge (A_37_GLN,A_38_GLY)
printing pajek edge (A_4_ILE,A_82_ARG)
printing pajek edge (A_4_ILE,A_7_ILE)
printing pajek edge (A_4_ILE,A_5_SER)
printing pajek edge (A_4_ILE,A_112_GLU)
printing pajek edge (A_95_HIS,A_96_VAL)
printing pajek edge (A_95_HIS,A_112_GLU)
printing pajek edge (A_147_GLU,A_150_ILE)
printing pajek edge (A_147_GLU,A_148_ASP)
printing pajek edge (A_52_GLY,A_53_THR)
printing pajek edge (A_10_LYS,A_98_VAL)
printing pajek edge (A_10_LYS,A_11_ALA)
printing pajek edge (A_10_LYS,A_101_THR)
printing pajek edge (A_10_LYS,A_13_PHE)
printing pajek edge (A_112_GLU,A_113_ARG)
printing pajek edge (A_39_HIS,A_40_ARG)
printing pajek edge (A_5_SER,A_6_THR)
printing pajek edge (A_35_GLN,A_148_ASP)
printing pajek edge (A_35_GLN,A_36_GLU)
printing pajek edge (A_170_GLU,A_171_VAL)
printing pajek edge (A_165_PHE,A_166_HIS)
printing pajek edge (A_133_LEU,A_137_GLU)
printing pajek edge (A_133_LEU,A_134_SER)
printing pajek edge (A_133_LEU,A_136_PHE)
printing pajek edge (A_172_ARG,A_173_ARG)
