Graph START

Adding vertex (chain-A, position-1, res-MET)
New vertex id: 0
1 2 3 4 5 6 7 8 
Adding vertex (chain-A, position-2, res-ILE)
New vertex id: 1
9 10 11 12 13 14 15 16 
Adding vertex (chain-A, position-3, res-ASP)
New vertex id: 2
17 18 19 20 21 22 23 24 
Adding vertex (chain-A, position-4, res-VAL)
New vertex id: 3
25 26 27 28 29 30 31 
Adding vertex (chain-A, position-5, res-ILE)
New vertex id: 4
32 33 34 35 36 37 38 39 
Adding vertex (chain-A, position-6, res-MET)
New vertex id: 5
40 41 42 43 44 45 46 47 
Adding vertex (chain-A, position-7, res-THR)
New vertex id: 6
48 49 50 51 52 53 54 
Adding vertex (chain-A, position-8, res-GLY)
New vertex id: 7
55 56 57 58 
Adding vertex (chain-A, position-9, res-GLU)
New vertex id: 8
59 60 61 62 63 64 65 66 67 
Adding vertex (chain-A, position-10, res-LEU)
New vertex id: 9
68 69 70 71 72 73 74 75 
Adding vertex (chain-A, position-11, res-LEU)
New vertex id: 10
76 77 78 79 80 81 82 83 
Adding vertex (chain-A, position-12, res-LYS)
New vertex id: 11
84 85 86 87 88 89 90 91 92 
Adding vertex (chain-A, position-13, res-THR)
New vertex id: 12
93 94 95 96 97 98 99 
Adding vertex (chain-A, position-14, res-VAL)
New vertex id: 13
100 101 102 103 104 105 106 
Adding vertex (chain-A, position-15, res-THR)
New vertex id: 14
107 108 109 110 111 112 113 
Adding vertex (chain-A, position-16, res-ARG)
New vertex id: 15
114 115 116 117 118 119 120 121 122 123 124 
Adding vertex (chain-A, position-17, res-ALA)
New vertex id: 16
125 126 127 128 129 
Adding vertex (chain-A, position-18, res-ILE)
New vertex id: 17
130 131 132 133 134 135 136 137 
Adding vertex (chain-A, position-19, res-VAL)
New vertex id: 18
138 139 140 141 142 143 144 
Adding vertex (chain-A, position-20, res-ALA)
New vertex id: 19
145 146 147 148 149 
Adding vertex (chain-A, position-21, res-LEU)
New vertex id: 20
150 151 152 153 154 155 156 157 
Adding vertex (chain-A, position-22, res-VAL)
New vertex id: 21
158 159 160 161 162 163 164 
Adding vertex (chain-A, position-23, res-SER)
New vertex id: 22
165 166 167 168 169 170 
Adding vertex (chain-A, position-24, res-GLU)
New vertex id: 23
171 172 173 174 175 176 177 178 179 
Adding vertex (chain-A, position-25, res-ALA)
New vertex id: 24
180 181 182 183 184 
Adding vertex (chain-A, position-26, res-ARG)
New vertex id: 25
185 186 187 188 189 190 191 192 193 194 195 
Adding vertex (chain-A, position-27, res-ILE)
New vertex id: 26
196 197 198 199 200 201 202 203 
Adding vertex (chain-A, position-28, res-HIS)
New vertex id: 27
204 205 206 207 208 209 210 211 212 213 
Adding vertex (chain-A, position-29, res-PHE)
New vertex id: 28
214 215 216 217 218 219 220 221 222 223 224 
Adding vertex (chain-A, position-30, res-LEU)
New vertex id: 29
225 226 227 228 229 230 231 232 
Adding vertex (chain-A, position-31, res-GLU)
New vertex id: 30
233 234 235 236 237 238 239 240 241 
Adding vertex (chain-A, position-32, res-LYS)
New vertex id: 31
242 243 244 245 246 247 248 249 250 
Adding vertex (chain-A, position-33, res-GLY)
New vertex id: 32
251 252 253 254 
Adding vertex (chain-A, position-34, res-LEU)
New vertex id: 33
255 256 257 258 259 260 261 262 
Adding vertex (chain-A, position-35, res-HIS)
New vertex id: 34
263 264 265 266 267 268 269 270 271 272 
Adding vertex (chain-A, position-36, res-SER)
New vertex id: 35
273 274 275 276 277 278 
Adding vertex (chain-A, position-37, res-ARG)
New vertex id: 36
279 280 281 282 283 284 285 286 287 288 289 
Adding vertex (chain-A, position-38, res-ALA)
New vertex id: 37
290 291 292 293 294 
Adding vertex (chain-A, position-39, res-VAL)
New vertex id: 38
295 296 297 298 299 300 301 
Adding vertex (chain-A, position-40, res-ASP)
New vertex id: 39
302 303 304 305 306 307 308 309 
Adding vertex (chain-A, position-41, res-PRO)
New vertex id: 40
310 311 312 313 314 315 316 
Adding vertex (chain-A, position-42, res-ALA)
New vertex id: 41
317 318 319 320 321 
Adding vertex (chain-A, position-43, res-ASN)
New vertex id: 42
322 323 324 325 326 327 328 329 
Adding vertex (chain-A, position-44, res-VAL)
New vertex id: 43
330 331 332 333 334 335 336 
Adding vertex (chain-A, position-45, res-ALA)
New vertex id: 44
337 338 339 340 341 
Adding vertex (chain-A, position-46, res-MET)
New vertex id: 45
342 343 344 345 346 347 348 349 
Adding vertex (chain-A, position-47, res-VAL)
New vertex id: 46
350 351 352 353 354 355 356 
Adding vertex (chain-A, position-48, res-ILE)
New vertex id: 47
357 358 359 360 361 362 363 364 
Adding vertex (chain-A, position-49, res-VAL)
New vertex id: 48
365 366 367 368 369 370 371 
Adding vertex (chain-A, position-50, res-ASP)
New vertex id: 49
372 373 374 375 376 377 378 379 
Adding vertex (chain-A, position-51, res-ILE)
New vertex id: 50
380 381 382 383 384 385 386 387 
Adding vertex (chain-A, position-52, res-PRO)
New vertex id: 51
388 389 390 391 392 393 394 
Adding vertex (chain-A, position-53, res-LYS)
New vertex id: 52
395 396 397 398 399 400 401 402 403 
Adding vertex (chain-A, position-54, res-ASP)
New vertex id: 53
404 405 406 407 408 409 410 411 
Adding vertex (chain-A, position-55, res-SER)
New vertex id: 54
412 413 414 415 416 417 
Adding vertex (chain-A, position-56, res-PHE)
New vertex id: 55
418 419 420 421 422 423 424 425 426 427 428 
Adding vertex (chain-A, position-57, res-GLU)
New vertex id: 56
429 430 431 432 433 434 435 436 437 
Adding vertex (chain-A, position-58, res-VAL)
New vertex id: 57
438 439 440 441 442 443 444 
Adding vertex (chain-A, position-59, res-TYR)
New vertex id: 58
445 446 447 448 449 450 451 452 453 454 455 456 
Adding vertex (chain-A, position-60, res-ASN)
New vertex id: 59
457 458 459 460 461 462 463 464 
Adding vertex (chain-A, position-61, res-ILE)
New vertex id: 60
465 466 467 468 469 470 471 472 
Adding vertex (chain-A, position-62, res-ASP)
New vertex id: 61
473 474 475 476 477 478 479 480 
Adding vertex (chain-A, position-63, res-GLU)
New vertex id: 62
481 482 483 484 485 486 487 488 489 
Adding vertex (chain-A, position-64, res-GLU)
New vertex id: 63
490 491 492 493 494 495 496 497 498 
Adding vertex (chain-A, position-65, res-LYS)
New vertex id: 64
499 500 501 502 503 504 505 506 507 
Adding vertex (chain-A, position-66, res-THR)
New vertex id: 65
508 509 510 511 512 513 514 
Adding vertex (chain-A, position-67, res-ILE)
New vertex id: 66
515 516 517 518 519 520 521 522 
Adding vertex (chain-A, position-68, res-GLY)
New vertex id: 67
523 524 525 526 
Adding vertex (chain-A, position-69, res-VAL)
New vertex id: 68
527 528 529 530 531 532 533 
Adding vertex (chain-A, position-70, res-ASP)
New vertex id: 69
534 535 536 537 538 539 540 541 
Adding vertex (chain-A, position-71, res-MET)
New vertex id: 70
542 543 544 545 546 547 548 549 
Adding vertex (chain-A, position-72, res-ASP)
New vertex id: 71
550 551 552 553 554 555 556 557 
Adding vertex (chain-A, position-73, res-ARG)
New vertex id: 72
558 559 560 561 562 563 564 565 566 567 568 
Adding vertex (chain-A, position-74, res-ILE)
New vertex id: 73
569 570 571 572 573 574 575 576 
Adding vertex (chain-A, position-75, res-PHE)
New vertex id: 74
577 578 579 580 581 582 583 584 585 586 587 
Adding vertex (chain-A, position-76, res-ASP)
New vertex id: 75
588 589 590 591 592 593 594 595 
Adding vertex (chain-A, position-77, res-ILE)
New vertex id: 76
596 597 598 599 600 601 602 603 
Adding vertex (chain-A, position-78, res-SER)
New vertex id: 77
604 605 606 607 608 609 
Adding vertex (chain-A, position-79, res-LYS)
New vertex id: 78
610 611 612 613 614 615 616 617 618 
Adding vertex (chain-A, position-80, res-SER)
New vertex id: 79
619 620 621 622 623 624 
Adding vertex (chain-A, position-81, res-ILE)
New vertex id: 80
625 626 627 628 629 630 631 632 
Adding vertex (chain-A, position-82, res-SER)
New vertex id: 81
633 634 635 636 637 638 
Adding vertex (chain-A, position-83, res-THR)
New vertex id: 82
639 640 641 642 643 644 645 
Adding vertex (chain-A, position-84, res-LYS)
New vertex id: 83
646 647 648 649 650 651 652 653 654 
Adding vertex (chain-A, position-85, res-ASP)
New vertex id: 84
655 656 657 658 659 660 661 662 
Adding vertex (chain-A, position-86, res-LEU)
New vertex id: 85
663 664 665 666 667 668 669 670 
Adding vertex (chain-A, position-87, res-VAL)
New vertex id: 86
671 672 673 674 675 676 677 
Adding vertex (chain-A, position-88, res-GLU)
New vertex id: 87
678 679 680 681 682 683 684 685 686 
Adding vertex (chain-A, position-89, res-LEU)
New vertex id: 88
687 688 689 690 691 692 693 694 
Adding vertex (chain-A, position-90, res-ILE)
New vertex id: 89
695 696 697 698 699 700 701 702 
Adding vertex (chain-A, position-91, res-VAL)
New vertex id: 90
703 704 705 706 707 708 709 
Adding vertex (chain-A, position-92, res-GLU)
New vertex id: 91
710 711 712 713 714 715 716 717 718 
Adding vertex (chain-A, position-93, res-ASP)
New vertex id: 92
719 720 721 722 723 724 725 726 
Adding vertex (chain-A, position-94, res-GLU)
New vertex id: 93
727 728 729 730 731 732 733 734 735 
Adding vertex (chain-A, position-95, res-SER)
New vertex id: 94
736 737 738 739 740 741 
Adding vertex (chain-A, position-96, res-THR)
New vertex id: 95
742 743 744 745 746 747 748 
Adding vertex (chain-A, position-97, res-LEU)
New vertex id: 96
749 750 751 752 753 754 755 756 
Adding vertex (chain-A, position-98, res-LYS)
New vertex id: 97
757 758 759 760 761 762 763 764 765 
Adding vertex (chain-A, position-99, res-VAL)
New vertex id: 98
766 767 768 769 770 771 772 
Adding vertex (chain-A, position-100, res-LYS)
New vertex id: 99
773 774 775 776 777 778 779 780 781 
Adding vertex (chain-A, position-101, res-PHE)
New vertex id: 100
782 783 784 785 786 787 788 789 790 791 792 
Adding vertex (chain-A, position-102, res-GLY)
New vertex id: 101
793 794 795 796 
Adding vertex (chain-A, position-103, res-SER)
New vertex id: 102
797 798 799 800 801 802 
Adding vertex (chain-A, position-104, res-VAL)
New vertex id: 103
803 804 805 806 807 808 809 
Adding vertex (chain-A, position-105, res-GLU)
New vertex id: 104
810 811 812 813 814 815 816 817 818 
Adding vertex (chain-A, position-106, res-TYR)
New vertex id: 105
819 820 821 822 823 824 825 826 827 828 829 830 
Adding vertex (chain-A, position-107, res-LYS)
New vertex id: 106
831 832 833 834 835 836 837 838 839 
Adding vertex (chain-A, position-108, res-VAL)
New vertex id: 107
840 841 842 843 844 845 846 
Adding vertex (chain-A, position-109, res-ALA)
New vertex id: 108
847 848 849 850 851 
Adding vertex (chain-A, position-110, res-LEU)
New vertex id: 109
852 853 854 855 856 857 858 859 
Adding vertex (chain-A, position-111, res-ILE)
New vertex id: 110
860 861 862 863 864 865 866 867 
Adding vertex (chain-A, position-112, res-ASP)
New vertex id: 111
868 869 870 871 872 873 874 875 
Adding vertex (chain-A, position-113, res-PRO)
New vertex id: 112
876 877 878 879 880 881 882 
Adding vertex (chain-A, position-114, res-SER)
New vertex id: 113
883 884 885 886 887 888 
Adding vertex (chain-A, position-115, res-ALA)
New vertex id: 114
889 890 891 892 893 
Adding vertex (chain-A, position-116, res-ILE)
New vertex id: 115
894 895 896 897 898 899 900 901 
Adding vertex (chain-A, position-117, res-ARG)
New vertex id: 116
902 903 904 905 906 907 908 909 910 911 912 
Adding vertex (chain-A, position-118, res-LYS)
New vertex id: 117
913 914 915 916 917 918 919 920 921 
Adding vertex (chain-A, position-119, res-GLU)
New vertex id: 118
922 923 924 925 926 927 928 929 930 
Adding vertex (chain-A, position-120, res-PRO)
New vertex id: 119
931 932 933 934 935 936 937 
Adding vertex (chain-A, position-121, res-ARG)
New vertex id: 120
938 939 940 941 942 943 944 945 946 947 948 
Adding vertex (chain-A, position-122, res-ILE)
New vertex id: 121
949 950 951 952 953 954 955 956 
Adding vertex (chain-A, position-123, res-PRO)
New vertex id: 122
957 958 959 960 961 962 963 
Adding vertex (chain-A, position-124, res-GLU)
New vertex id: 123
964 965 966 967 968 969 970 971 972 
Adding vertex (chain-A, position-125, res-LEU)
New vertex id: 124
973 974 975 976 977 978 979 980 
Adding vertex (chain-A, position-126, res-GLU)
New vertex id: 125
981 982 983 984 985 986 987 988 989 
Adding vertex (chain-A, position-127, res-LEU)
New vertex id: 126
990 991 992 993 994 995 996 997 
Adding vertex (chain-A, position-128, res-PRO)
New vertex id: 127
998 999 1000 1001 1002 1003 1004 
Adding vertex (chain-A, position-129, res-ALA)
New vertex id: 128
1005 1006 1007 1008 1009 
Adding vertex (chain-A, position-130, res-LYS)
New vertex id: 129
1010 1011 1012 1013 1014 1015 1016 1017 1018 
Adding vertex (chain-A, position-131, res-ILE)
New vertex id: 130
1019 1020 1021 1022 1023 1024 1025 1026 
Adding vertex (chain-A, position-132, res-VAL)
New vertex id: 131
1027 1028 1029 1030 1031 1032 1033 
Adding vertex (chain-A, position-133, res-MET)
New vertex id: 132
1034 1035 1036 1037 1038 1039 1040 1041 
Adding vertex (chain-A, position-134, res-ASP)
New vertex id: 133
1042 1043 1044 1045 1046 1047 1048 1049 
Adding vertex (chain-A, position-135, res-ALA)
New vertex id: 134
1050 1051 1052 1053 1054 
Adding vertex (chain-A, position-136, res-GLY)
New vertex id: 135
1055 1056 1057 1058 
Adding vertex (chain-A, position-137, res-GLU)
New vertex id: 136
1059 1060 1061 1062 1063 1064 1065 1066 1067 
Adding vertex (chain-A, position-138, res-PHE)
New vertex id: 137
1068 1069 1070 1071 1072 1073 1074 1075 1076 1077 1078 
Adding vertex (chain-A, position-139, res-LYS)
New vertex id: 138
1079 1080 1081 1082 1083 1084 1085 1086 1087 
Adding vertex (chain-A, position-140, res-LYS)
New vertex id: 139
1088 1089 1090 1091 1092 1093 1094 1095 1096 
Adding vertex (chain-A, position-141, res-ALA)
New vertex id: 140
1097 1098 1099 1100 1101 
Adding vertex (chain-A, position-142, res-ILE)
New vertex id: 141
1102 1103 1104 1105 1106 1107 1108 1109 
Adding vertex (chain-A, position-143, res-ALA)
New vertex id: 142
1110 1111 1112 1113 1114 
Adding vertex (chain-A, position-144, res-ALA)
New vertex id: 143
1115 1116 1117 1118 1119 
Adding vertex (chain-A, position-145, res-ALA)
New vertex id: 144
1120 1121 1122 1123 1124 
Adding vertex (chain-A, position-146, res-ASP)
New vertex id: 145
1125 1126 1127 1128 1129 1130 1131 1132 
Adding vertex (chain-A, position-147, res-LYS)
New vertex id: 146
1133 1134 1135 1136 1137 1138 1139 1140 1141 
Adding vertex (chain-A, position-148, res-ILE)
New vertex id: 147
1142 1143 1144 1145 1146 1147 1148 1149 
Adding vertex (chain-A, position-149, res-SER)
New vertex id: 148
1150 1151 1152 1153 1154 1155 
Adding vertex (chain-A, position-150, res-ASP)
New vertex id: 149
1156 1157 1158 1159 1160 1161 1162 1163 
Adding vertex (chain-A, position-151, res-GLN)
New vertex id: 150
1164 1165 1166 1167 1168 1169 1170 1171 1172 
Adding vertex (chain-A, position-152, res-VAL)
New vertex id: 151
1173 1174 1175 1176 1177 1178 1179 
Adding vertex (chain-A, position-153, res-ILE)
New vertex id: 152
1180 1181 1182 1183 1184 1185 1186 1187 
Adding vertex (chain-A, position-154, res-PHE)
New vertex id: 153
1188 1189 1190 1191 1192 1193 1194 1195 1196 1197 1198 
Adding vertex (chain-A, position-155, res-ARG)
New vertex id: 154
1199 1200 1201 1202 1203 1204 1205 1206 1207 1208 1209 
Adding vertex (chain-A, position-156, res-SER)
New vertex id: 155
1210 1211 1212 1213 1214 1215 
Adding vertex (chain-A, position-157, res-ASP)
New vertex id: 156
1216 1217 1218 1219 1220 1221 1222 1223 
Adding vertex (chain-A, position-158, res-LYS)
New vertex id: 157
1224 1225 1226 1227 1228 1229 1230 1231 1232 
Adding vertex (chain-A, position-159, res-GLU)
New vertex id: 158
1233 1234 1235 1236 1237 1238 1239 1240 1241 
Adding vertex (chain-A, position-160, res-GLY)
New vertex id: 159
1242 1243 1244 1245 
Adding vertex (chain-A, position-161, res-PHE)
New vertex id: 160
1246 1247 1248 1249 1250 1251 1252 1253 1254 1255 1256 
Adding vertex (chain-A, position-162, res-ARG)
New vertex id: 161
1257 1258 1259 1260 1261 1262 1263 1264 1265 1266 1267 
Adding vertex (chain-A, position-163, res-ILE)
New vertex id: 162
1268 1269 1270 1271 1272 1273 1274 1275 
Adding vertex (chain-A, position-164, res-GLU)
New vertex id: 163
1276 1277 1278 1279 1280 1281 1282 1283 1284 
Adding vertex (chain-A, position-165, res-ALA)
New vertex id: 164
1285 1286 1287 1288 1289 
Adding vertex (chain-A, position-166, res-LYS)
New vertex id: 165
1290 1291 1292 1293 1294 1295 1296 1297 1298 
Adding vertex (chain-A, position-167, res-GLY)
New vertex id: 166
1299 1300 1301 1302 
Adding vertex (chain-A, position-168, res-ASP)
New vertex id: 167
1303 1304 1305 1306 1307 1308 1309 1310 
Adding vertex (chain-A, position-169, res-VAL)
New vertex id: 168
1311 1312 1313 1314 1315 1316 1317 
Adding vertex (chain-A, position-170, res-ASP)
New vertex id: 169
1318 1319 1320 1321 1322 1323 1324 1325 
Adding vertex (chain-A, position-171, res-SER)
New vertex id: 170
1326 1327 1328 1329 1330 1331 
Adding vertex (chain-A, position-172, res-ILE)
New vertex id: 171
1332 1333 1334 1335 1336 1337 1338 1339 
Adding vertex (chain-A, position-173, res-VAL)
New vertex id: 172
1340 1341 1342 1343 1344 1345 1346 
Adding vertex (chain-A, position-174, res-PHE)
New vertex id: 173
1347 1348 1349 1350 1351 1352 1353 1354 1355 1356 1357 
Adding vertex (chain-A, position-175, res-HIS)
New vertex id: 174
1358 1359 1360 1361 1362 1363 1364 1365 1366 1367 
Adding vertex (chain-A, position-176, res-MET)
New vertex id: 175
1368 1369 1370 1371 1372 1373 1374 1375 
Adding vertex (chain-A, position-177, res-THR)
New vertex id: 176
1376 1377 1378 1379 1380 1381 1382 
Adding vertex (chain-A, position-178, res-GLU)
New vertex id: 177
1383 1384 1385 1386 1387 1388 1389 1390 1391 
Adding vertex (chain-A, position-179, res-THR)
New vertex id: 178
1392 1393 1394 1395 1396 1397 1398 
Adding vertex (chain-A, position-180, res-GLU)
New vertex id: 179
1399 1400 1401 1402 1403 1404 1405 1406 1407 
Adding vertex (chain-A, position-181, res-LEU)
New vertex id: 180
1408 1409 1410 1411 1412 1413 1414 1415 
Adding vertex (chain-A, position-182, res-ILE)
New vertex id: 181
1416 1417 1418 1419 1420 1421 1422 1423 
Adding vertex (chain-A, position-183, res-GLU)
New vertex id: 182
1424 1425 1426 1427 1428 1429 1430 1431 1432 
Adding vertex (chain-A, position-184, res-PHE)
New vertex id: 183
1433 1434 1435 1436 1437 1438 1439 1440 1441 1442 1443 
Adding vertex (chain-A, position-185, res-ASN)
New vertex id: 184
1444 1445 1446 1447 1448 1449 1450 1451 
Adding vertex (chain-A, position-186, res-GLY)
New vertex id: 185
1452 1453 1454 1455 
Adding vertex (chain-A, position-187, res-GLY)
New vertex id: 186
1456 1457 1458 1459 
Adding vertex (chain-A, position-188, res-GLU)
New vertex id: 187
1460 1461 1462 1463 1464 1465 1466 1467 1468 
Adding vertex (chain-A, position-189, res-ALA)
New vertex id: 188
1469 1470 1471 1472 1473 
Adding vertex (chain-A, position-190, res-ARG)
New vertex id: 189
1474 1475 1476 1477 1478 1479 1480 1481 1482 1483 1484 
Adding vertex (chain-A, position-191, res-SER)
New vertex id: 190
1485 1486 1487 1488 1489 1490 
Adding vertex (chain-A, position-192, res-MET)
New vertex id: 191
1491 1492 1493 1494 1495 1496 1497 1498 
Adding vertex (chain-A, position-193, res-PHE)
New vertex id: 192
1499 1500 1501 1502 1503 1504 1505 1506 1507 1508 1509 
Adding vertex (chain-A, position-194, res-SER)
New vertex id: 193
1510 1511 1512 1513 1514 1515 
Adding vertex (chain-A, position-195, res-VAL)
New vertex id: 194
1516 1517 1518 1519 1520 1521 1522 
Adding vertex (chain-A, position-196, res-ASP)
New vertex id: 195
1523 1524 1525 1526 1527 1528 1529 1530 
Adding vertex (chain-A, position-197, res-TYR)
New vertex id: 196
1531 1532 1533 1534 1535 1536 1537 1538 1539 1540 1541 1542 
Adding vertex (chain-A, position-198, res-LEU)
New vertex id: 197
1543 1544 1545 1546 1547 1548 1549 1550 
Adding vertex (chain-A, position-199, res-LYS)
New vertex id: 198
1551 1552 1553 1554 1555 1556 1557 1558 1559 
Adding vertex (chain-A, position-200, res-GLU)
New vertex id: 199
1560 1561 1562 1563 1564 1565 1566 1567 1568 
Adding vertex (chain-A, position-201, res-PHE)
New vertex id: 200
1569 1570 1571 1572 1573 1574 1575 1576 1577 1578 1579 
Adding vertex (chain-A, position-202, res-CYS)
New vertex id: 201
1580 1581 1582 1583 1584 1585 
Adding vertex (chain-A, position-203, res-LYS)
New vertex id: 202
1586 1587 1588 1589 1590 1591 1592 1593 1594 
Adding vertex (chain-A, position-204, res-VAL)
New vertex id: 203
1595 1596 1597 1598 1599 1600 1601 
Adding vertex (chain-A, position-205, res-ALA)
New vertex id: 204
1602 1603 1604 1605 1606 
Adding vertex (chain-A, position-206, res-GLY)
New vertex id: 205
1607 1608 1609 1610 
Adding vertex (chain-A, position-207, res-SER)
New vertex id: 206
1611 1612 1613 1614 1615 1616 
Adding vertex (chain-A, position-208, res-GLY)
New vertex id: 207
1617 1618 1619 1620 
Adding vertex (chain-A, position-209, res-ASP)
New vertex id: 208
1621 1622 1623 1624 1625 1626 1627 1628 
Adding vertex (chain-A, position-210, res-LEU)
New vertex id: 209
1629 1630 1631 1632 1633 1634 1635 1636 
Adding vertex (chain-A, position-211, res-LEU)
New vertex id: 210
1637 1638 1639 1640 1641 1642 1643 1644 
Adding vertex (chain-A, position-212, res-THR)
New vertex id: 211
1645 1646 1647 1648 1649 1650 1651 
Adding vertex (chain-A, position-213, res-ILE)
New vertex id: 212
1652 1653 1654 1655 1656 1657 1658 1659 
Adding vertex (chain-A, position-214, res-HIS)
New vertex id: 213
1660 1661 1662 1663 1664 1665 1666 1667 1668 1669 
Adding vertex (chain-A, position-215, res-LEU)
New vertex id: 214
1670 1671 1672 1673 1674 1675 1676 1677 
Adding vertex (chain-A, position-216, res-GLY)
New vertex id: 215
1678 1679 1680 1681 
Adding vertex (chain-A, position-217, res-THR)
New vertex id: 216
1682 1683 1684 1685 1686 1687 1688 
Adding vertex (chain-A, position-218, res-ASN)
New vertex id: 217
1689 1690 1691 1692 1693 1694 1695 1696 
Adding vertex (chain-A, position-219, res-TYR)
New vertex id: 218
1697 1698 1699 1700 1701 1702 1703 1704 1705 1706 1707 1708 
Adding vertex (chain-A, position-220, res-PRO)
New vertex id: 219
1709 1710 1711 1712 1713 1714 1715 
Adding vertex (chain-A, position-221, res-VAL)
New vertex id: 220
1716 1717 1718 1719 1720 1721 1722 
Adding vertex (chain-A, position-222, res-ARG)
New vertex id: 221
1723 1724 1725 1726 1727 1728 1729 1730 1731 1732 1733 
Adding vertex (chain-A, position-223, res-LEU)
New vertex id: 222
1734 1735 1736 1737 1738 1739 1740 1741 
Adding vertex (chain-A, position-224, res-VAL)
New vertex id: 223
1742 1743 1744 1745 1746 1747 1748 
Adding vertex (chain-A, position-225, res-PHE)
New vertex id: 224
1749 1750 1751 1752 1753 1754 1755 1756 1757 1758 1759 
Adding vertex (chain-A, position-226, res-GLU)
New vertex id: 225
1760 1761 1762 1763 1764 1765 1766 1767 1768 
Adding vertex (chain-A, position-227, res-LEU)
New vertex id: 226
1769 1770 1771 1772 1773 1774 1775 1776 
Adding vertex (chain-A, position-228, res-VAL)
New vertex id: 227
1777 1778 1779 1780 1781 1782 1783 
Adding vertex (chain-A, position-229, res-GLY)
New vertex id: 228
1784 1785 1786 1787 
Adding vertex (chain-A, position-230, res-GLY)
New vertex id: 229
1788 1789 1790 1791 
Adding vertex (chain-A, position-231, res-ARG)
New vertex id: 230
1792 1793 1794 1795 1796 1797 1798 1799 1800 1801 1802 
Adding vertex (chain-A, position-232, res-ALA)
New vertex id: 231
1803 1804 1805 1806 1807 
Adding vertex (chain-A, position-233, res-LYS)
New vertex id: 232
1808 1809 1810 1811 1812 1813 1814 1815 1816 
Adding vertex (chain-A, position-234, res-VAL)
New vertex id: 233
1817 1818 1819 1820 1821 1822 1823 
Adding vertex (chain-A, position-235, res-GLU)
New vertex id: 234
1824 1825 1826 1827 1828 1829 1830 1831 1832 
Adding vertex (chain-A, position-236, res-TYR)
New vertex id: 235
1833 1834 1835 1836 1837 1838 1839 1840 1841 1842 1843 1844 
Adding vertex (chain-A, position-237, res-ILE)
New vertex id: 236
1845 1846 1847 1848 1849 1850 1851 1852 
Adding vertex (chain-A, position-238, res-LEU)
New vertex id: 237
1853 1854 1855 1856 1857 1858 1859 1860 
Adding vertex (chain-A, position-239, res-ALA)
New vertex id: 238
1861 1862 1863 1864 1865 
Adding vertex (chain-A, position-240, res-PRO)
New vertex id: 239
1866 1867 1868 1869 1870 1871 1872 
Adding vertex (chain-A, position-241, res-ARG)
New vertex id: 240
1873 1874 1875 1876 1877 1878 1879 1880 1881 1882 1883 
Adding vertex (chain-A, position-242, res-ILE)
New vertex id: 241
1884 1885 1886 1887 1888 1889 1890 1891 
Adding vertex (chain-A, position-243, res-GLU)
New vertex id: 242
1892 1893 1894 1895 1896 1897 1898 1899 1900 
Adding vertex (chain-A, position-244, res-SER)
New vertex id: 243
1901 1902 1903 1904 1905 1906 
Graph DONE

( reduce -FLIPs 1RXZ.pdb > 1RXZ.H.pdb ) >& /dev/null
Reduce (-FLIPs) returned 0
( bndlst -Radius0.3 1RXZ.H.pdb > 1RXZ.H.bndlst ) >& /dev/null
BndLst returned 0
Parsing 1RXZ.H.bndlst

bndlst START
Adding bndlst edge: (A_M1_MC -> A_I2_MC) type[cov], weight[1.00] from 0 to 1 dist[1.33]
Adding bndlst edge: (A_M1_MC -> A_D62_MC) type[hb], weight[0.76] from 0 to 61 dist[2.29]
Adding bndlst edge: (A_M1_MC -> A_D62_SC) type[salt], weight[0.42] from 0 to 61 dist[2.95]
Adding bndlst edge: (A_M1_MC -> A_D62_SC) type[salt], weight[0.41] from 0 to 61 dist[2.98]
Adding bndlst edge: (A_M1_MC -> A_D62_SC) type[salt], weight[1.20] from 0 to 61 dist[1.74]
Adding bndlst edge: (A_I2_MC -> A_D3_MC) type[cov], weight[1.00] from 1 to 2 dist[1.33]
Adding bndlst edge: (A_I2_MC -> A_V91_MC) type[hb], weight[0.99] from 1 to 90 dist[2.02]
Adding bndlst edge: (A_I2_MC -> A_V91_MC) type[hb], weight[0.99] from 1 to 90 dist[2.01]
Adding bndlst edge: (A_D3_MC -> A_V4_MC) type[cov], weight[1.00] from 2 to 3 dist[1.33]
Adding bndlst edge: (A_D3_MC -> A_N60_MC) type[hb], weight[1.01] from 2 to 59 dist[1.99]
Adding bndlst edge: (A_D3_MC -> A_N60_MC) type[hb], weight[1.03] from 2 to 59 dist[1.97]
Adding bndlst edge: (A_V4_MC -> A_I5_MC) type[cov], weight[1.00] from 3 to 4 dist[1.33]
Adding bndlst edge: (A_V4_MC -> A_L89_MC) type[hb], weight[1.14] from 3 to 88 dist[1.87]
Adding bndlst edge: (A_V4_MC -> A_L89_MC) type[hb], weight[0.95] from 3 to 88 dist[2.05]
Adding bndlst edge: (A_I5_MC -> A_M6_MC) type[cov], weight[1.00] from 4 to 5 dist[1.33]
Adding bndlst edge: (A_I5_MC -> A_V58_MC) type[hb], weight[0.73] from 4 to 57 dist[2.34]
Adding bndlst edge: (A_I5_MC -> A_E57_MC) type[hb], weight[1.10] from 4 to 56 dist[1.91]
Adding bndlst edge: (A_I5_MC -> A_V58_MC) type[hb], weight[1.11] from 4 to 57 dist[1.90]
Adding bndlst edge: (A_M6_MC -> A_T7_MC) type[cov], weight[1.00] from 5 to 6 dist[1.33]
Adding bndlst edge: (A_M6_MC -> A_V87_MC) type[hb], weight[1.28] from 5 to 86 dist[1.77]
Adding bndlst edge: (A_M6_MC -> A_V87_MC) type[hb], weight[1.10] from 5 to 86 dist[1.91]
Adding bndlst edge: (A_T7_MC -> A_G8_MC) type[cov], weight[1.00] from 6 to 7 dist[1.33]
Adding bndlst edge: (A_T7_MC -> A_L11_MC) type[hb], weight[0.79] from 6 to 10 dist[2.26]
Adding bndlst edge: (A_T7_MC -> A_L10_MC) type[hb], weight[0.67] from 6 to 9 dist[2.44]
Adding bndlst edge: (A_T7_SC -> A_L10_MC) type[hb], weight[0.86] from 6 to 9 dist[2.16]
Adding bndlst edge: (A_G8_MC -> A_E9_MC) type[cov], weight[1.00] from 7 to 8 dist[1.33]
Adding bndlst edge: (A_G8_MC -> A_L11_MC) type[hb], weight[0.53] from 7 to 10 dist[2.74]
Adding bndlst edge: (A_G8_MC -> A_K12_MC) type[hb], weight[1.14] from 7 to 11 dist[1.87]
Adding bndlst edge: (A_G8_MC -> A_D85_MC) type[hb], weight[1.16] from 7 to 84 dist[1.85]
Adding bndlst edge: (A_E9_MC -> A_L10_MC) type[cov], weight[1.00] from 8 to 9 dist[1.33]
Adding bndlst edge: (A_E9_MC -> A_T13_SC) type[hb], weight[0.83] from 8 to 12 dist[2.20]
Adding bndlst edge: (A_E9_MC -> A_T13_MC) type[hb], weight[1.07] from 8 to 12 dist[1.94]
Adding bndlst edge: (A_E9_MC -> A_T83_MC) type[hb], weight[0.69] from 8 to 82 dist[2.41]
Adding bndlst edge: (A_L10_MC -> A_L11_MC) type[cov], weight[1.00] from 9 to 10 dist[1.33]
Adding bndlst edge: (A_L10_MC -> A_V14_MC) type[hb], weight[0.85] from 9 to 13 dist[2.17]
Adding bndlst edge: (A_L11_MC -> A_K12_MC) type[cov], weight[1.00] from 10 to 11 dist[1.33]
Adding bndlst edge: (A_L11_MC -> A_T15_MC) type[hb], weight[1.00] from 10 to 14 dist[2.00]
Adding bndlst edge: (A_L11_MC -> A_T15_SC) type[hb], weight[1.23] from 10 to 14 dist[1.81]
Adding bndlst edge: (A_K12_MC -> A_T13_MC) type[cov], weight[1.00] from 11 to 12 dist[1.33]
Adding bndlst edge: (A_K12_MC -> A_R16_MC) type[hb], weight[1.00] from 11 to 15 dist[2.00]
Adding bndlst edge: (A_K12_SC -> A_I81_MC) type[hb], weight[0.53] from 11 to 80 dist[2.74]
Adding bndlst edge: (A_K12_SC -> A_S78_MC) type[hb], weight[1.24] from 11 to 77 dist[1.80]
Adding bndlst edge: (A_K12_SC -> A_I81_MC) type[hb], weight[0.70] from 11 to 80 dist[2.39]
Adding bndlst edge: (A_T13_MC -> A_V14_MC) type[cov], weight[1.00] from 12 to 13 dist[1.33]
Adding bndlst edge: (A_T13_MC -> A_A17_MC) type[hb], weight[0.95] from 12 to 16 dist[2.06]
Adding bndlst edge: (A_T13_MC -> A_R16_MC) type[hb], weight[0.48] from 12 to 15 dist[2.90]
Adding bndlst edge: (A_V14_MC -> A_T15_MC) type[cov], weight[1.00] from 13 to 14 dist[1.33]
Adding bndlst edge: (A_V14_MC -> A_I18_MC) type[hb], weight[0.80] from 13 to 17 dist[2.24]
Adding bndlst edge: (A_V14_MC -> A_A17_MC) type[hb], weight[0.51] from 13 to 16 dist[2.79]
Adding bndlst edge: (A_T15_MC -> A_R16_MC) type[cov], weight[1.00] from 14 to 15 dist[1.33]
Adding bndlst edge: (A_T15_MC -> A_V19_MC) type[hb], weight[1.03] from 14 to 18 dist[1.97]
Adding bndlst edge: (A_T15_MC -> A_I18_MC) type[hb], weight[0.58] from 14 to 17 dist[2.63]
Adding bndlst edge: (A_R16_MC -> A_A17_MC) type[cov], weight[1.00] from 15 to 16 dist[1.33]
Adding bndlst edge: (A_R16_MC -> A_A20_MC) type[hb], weight[0.66] from 15 to 19 dist[2.47]
Adding bndlst edge: (A_A17_MC -> A_I18_MC) type[cov], weight[1.00] from 16 to 17 dist[1.33]
Adding bndlst edge: (A_A17_MC -> A_A20_MC) type[hb], weight[0.47] from 16 to 19 dist[2.92]
Adding bndlst edge: (A_A17_MC -> A_Y236_SC) type[hb], weight[1.38] from 16 to 235 dist[1.70]
Adding bndlst edge: (A_I18_MC -> A_V19_MC) type[cov], weight[1.00] from 17 to 18 dist[1.33]
Adding bndlst edge: (A_I18_MC -> A_V22_MC) type[hb], weight[0.88] from 17 to 21 dist[2.13]
Adding bndlst edge: (A_I18_MC -> A_L21_MC) type[hb], weight[0.95] from 17 to 20 dist[2.05]
Adding bndlst edge: (A_I18_MC -> A_A20_MC) type[hb], weight[0.46] from 17 to 19 dist[2.94]
Adding bndlst edge: (A_V19_MC -> A_A20_MC) type[cov], weight[1.00] from 18 to 19 dist[1.33]
Adding bndlst edge: (A_A20_MC -> A_L21_MC) type[cov], weight[1.00] from 19 to 20 dist[1.33]
Adding bndlst edge: (A_L21_MC -> A_V22_MC) type[cov], weight[1.00] from 20 to 21 dist[1.33]
Adding bndlst edge: (A_V22_MC -> A_S23_MC) type[cov], weight[1.00] from 21 to 22 dist[1.33]
Adding bndlst edge: (A_S23_MC -> A_E24_MC) type[cov], weight[1.00] from 22 to 23 dist[1.33]
Adding bndlst edge: (A_S23_MC -> A_M71_MC) type[hb], weight[0.95] from 22 to 70 dist[2.05]
Adding bndlst edge: (A_S23_MC -> A_D72_MC) type[hb], weight[0.60] from 22 to 71 dist[2.58]
Adding bndlst edge: (A_E24_MC -> A_A25_MC) type[cov], weight[1.00] from 23 to 24 dist[1.33]
Adding bndlst edge: (A_A25_MC -> A_R26_MC) type[cov], weight[1.00] from 24 to 25 dist[1.33]
Adding bndlst edge: (A_A25_MC -> A_V69_MC) type[hb], weight[1.09] from 24 to 68 dist[1.91]
Adding bndlst edge: (A_A25_MC -> A_V69_MC) type[hb], weight[0.85] from 24 to 68 dist[2.17]
Adding bndlst edge: (A_R26_MC -> A_I27_MC) type[cov], weight[1.00] from 25 to 26 dist[1.32]
Adding bndlst edge: (A_R26_MC -> A_S36_SC) type[hb], weight[1.09] from 25 to 35 dist[1.91]
Adding bndlst edge: (A_R26_SC -> A_P113_MC) type[hb], weight[0.46] from 25 to 112 dist[2.96]
Adding bndlst edge: (A_R26_SC -> A_E119_SC) type[salt], weight[0.54] from 25 to 118 dist[2.59]
Adding bndlst edge: (A_R26_SC -> A_R117_MC) type[cov], weight[1.00] from 25 to 116 dist[1.51]
Adding bndlst edge: (A_R26_SC -> A_P113_MC) type[hb], weight[0.52] from 25 to 112 dist[2.78]
Adding bndlst edge: (A_R26_SC -> A_R117_MC) type[hb], weight[0.55] from 25 to 116 dist[2.69]
Adding bndlst edge: (A_R26_SC -> A_I116_MC) type[hb], weight[0.85] from 25 to 115 dist[2.17]
Adding bndlst edge: (A_I27_MC -> A_H28_MC) type[cov], weight[1.00] from 26 to 27 dist[1.33]
Adding bndlst edge: (A_I27_MC -> A_I67_MC) type[hb], weight[1.04] from 26 to 66 dist[1.96]
Adding bndlst edge: (A_I27_MC -> A_I67_MC) type[hb], weight[1.19] from 26 to 66 dist[1.84]
Adding bndlst edge: (A_H28_MC -> A_F29_MC) type[cov], weight[1.00] from 27 to 28 dist[1.33]
Adding bndlst edge: (A_H28_MC -> A_H35_MC) type[hb], weight[1.02] from 27 to 34 dist[1.98]
Adding bndlst edge: (A_H28_SC -> A_T66_SC) type[hb], weight[0.48] from 27 to 65 dist[2.89]
Adding bndlst edge: (A_H28_SC -> A_T66_SC) type[hb], weight[1.15] from 27 to 65 dist[1.87]
Adding bndlst edge: (A_H28_SC -> A_H35_SC) type[hb], weight[0.45] from 27 to 34 dist[2.98]
Adding bndlst edge: (A_H28_SC -> A_T66_SC) type[hb], weight[0.54] from 27 to 65 dist[2.71]
Adding bndlst edge: (A_H28_MC -> A_H35_MC) type[hb], weight[1.17] from 27 to 34 dist[1.85]
Adding bndlst edge: (A_H28_SC -> A_H35_SC) type[hb], weight[0.37] from 27 to 34 dist[3.28]
Adding bndlst edge: (A_H28_SC -> A_H35_MC) type[hb], weight[0.55] from 27 to 34 dist[2.70]
Adding bndlst edge: (A_F29_MC -> A_L30_MC) type[cov], weight[1.00] from 28 to 29 dist[1.33]
Adding bndlst edge: (A_F29_MC -> A_K65_MC) type[hb], weight[0.85] from 28 to 64 dist[2.17]
Adding bndlst edge: (A_F29_MC -> A_K65_MC) type[hb], weight[1.32] from 28 to 64 dist[1.74]
Adding bndlst edge: (A_L30_MC -> A_E31_MC) type[cov], weight[1.00] from 29 to 30 dist[1.33]
Adding bndlst edge: (A_L30_MC -> A_G33_MC) type[hb], weight[0.89] from 29 to 32 dist[2.12]
Adding bndlst edge: (A_L30_MC -> A_Y59_SC) type[cov], weight[1.00] from 29 to 58 dist[1.61]
Adding bndlst edge: (A_L30_MC -> A_G33_MC) type[hb], weight[1.10] from 29 to 32 dist[1.91]
Adding bndlst edge: (A_E31_MC -> A_K32_MC) type[cov], weight[1.00] from 30 to 31 dist[1.33]
Adding bndlst edge: (A_E31_MC -> A_E64_SC) type[hb], weight[1.10] from 30 to 63 dist[1.90]
Adding bndlst edge: (A_K32_MC -> A_G33_MC) type[cov], weight[1.00] from 31 to 32 dist[1.33]
Adding bndlst edge: (A_K32_MC -> A_K53_MC) type[hb], weight[1.08] from 31 to 52 dist[1.92]
Adding bndlst edge: (A_K32_SC -> A_E64_SC) type[salt], weight[0.44] from 31 to 63 dist[2.88]
Adding bndlst edge: (A_G33_MC -> A_L34_MC) type[cov], weight[1.00] from 32 to 33 dist[1.33]
Adding bndlst edge: (A_L34_MC -> A_H35_MC) type[cov], weight[1.00] from 33 to 34 dist[1.33]
Adding bndlst edge: (A_L34_MC -> A_I51_MC) type[hb], weight[1.13] from 33 to 50 dist[1.88]
Adding bndlst edge: (A_L34_MC -> A_I51_MC) type[hb], weight[1.01] from 33 to 50 dist[1.99]
Adding bndlst edge: (A_H35_MC -> A_S36_MC) type[cov], weight[1.00] from 34 to 35 dist[1.33]
Adding bndlst edge: (A_H35_SC -> A_S36_MC) type[hb], weight[0.41] from 34 to 35 dist[3.13]
Adding bndlst edge: (A_H35_SC -> A_R37_SC) type[hb], weight[0.50] from 34 to 36 dist[2.84]
Adding bndlst edge: (A_H35_SC -> A_R37_SC) type[hb], weight[0.44] from 34 to 36 dist[3.00]
Adding bndlst edge: (A_H35_SC -> A_R37_SC) type[hb], weight[0.45] from 34 to 36 dist[2.98]
Adding bndlst edge: (A_H35_SC -> A_R37_SC) type[hb], weight[0.42] from 34 to 36 dist[3.10]
Adding bndlst edge: (A_H35_SC -> A_R37_SC) type[hb], weight[0.86] from 34 to 36 dist[2.15]
Adding bndlst edge: (A_H35_SC -> A_R37_SC) type[hb], weight[0.92] from 34 to 36 dist[2.08]
Adding bndlst edge: (A_S36_MC -> A_R37_MC) type[cov], weight[1.00] from 35 to 36 dist[1.33]
Adding bndlst edge: (A_S36_MC -> A_V49_MC) type[hb], weight[1.40] from 35 to 48 dist[1.69]
Adding bndlst edge: (A_S36_MC -> A_V49_MC) type[hb], weight[0.92] from 35 to 48 dist[2.09]
Adding bndlst edge: (A_R37_MC -> A_A38_MC) type[cov], weight[1.00] from 36 to 37 dist[1.33]
Adding bndlst edge: (A_R37_SC -> A_P120_MC) type[hb], weight[0.92] from 36 to 119 dist[2.08]
Adding bndlst edge: (A_A38_MC -> A_V39_MC) type[cov], weight[1.00] from 37 to 38 dist[1.33]
Adding bndlst edge: (A_A38_MC -> A_V47_MC) type[hb], weight[1.14] from 37 to 46 dist[1.87]
Adding bndlst edge: (A_A38_MC -> A_V47_MC) type[hb], weight[0.92] from 37 to 46 dist[2.08]
Adding bndlst edge: (A_V39_MC -> A_D40_MC) type[cov], weight[1.00] from 38 to 39 dist[1.33]
Adding bndlst edge: (A_D40_MC -> A_P41_MC) type[cov], weight[1.00] from 39 to 40 dist[1.35]
Adding bndlst edge: (A_D40_MC -> A_R117_SC) type[hb], weight[0.50] from 39 to 116 dist[2.83]
Adding bndlst edge: (A_D40_MC -> A_N43_MC) type[hb], weight[0.98] from 39 to 42 dist[2.02]
Adding bndlst edge: (A_D40_SC -> A_Y197_SC) type[cov], weight[1.00] from 39 to 196 dist[1.65]
Adding bndlst edge: (A_D40_SC -> A_A42_MC) type[hb], weight[0.45] from 39 to 41 dist[2.99]
Adding bndlst edge: (A_D40_SC -> A_V44_MC) type[hb], weight[1.07] from 39 to 43 dist[1.94]
Adding bndlst edge: (A_D40_SC -> A_N43_MC) type[hb], weight[0.66] from 39 to 42 dist[2.46]
Adding bndlst edge: (A_D40_SC -> A_A45_MC) type[hb], weight[0.86] from 39 to 44 dist[2.15]
Adding bndlst edge: (A_D40_MC -> A_A45_MC) type[hb], weight[1.00] from 39 to 44 dist[2.00]
Adding bndlst edge: (A_P41_MC -> A_A42_MC) type[cov], weight[1.00] from 40 to 41 dist[1.33]
Adding bndlst edge: (A_P41_MC -> A_N43_SC) type[hb], weight[0.56] from 40 to 42 dist[2.66]
Adding bndlst edge: (A_A42_MC -> A_N43_MC) type[cov], weight[1.00] from 41 to 42 dist[1.33]
Adding bndlst edge: (A_N43_MC -> A_V44_MC) type[cov], weight[1.00] from 42 to 43 dist[1.33]
Adding bndlst edge: (A_N43_SC -> A_R117_SC) type[hb], weight[1.20] from 42 to 116 dist[1.82]
Adding bndlst edge: (A_V44_MC -> A_A45_MC) type[cov], weight[1.00] from 43 to 44 dist[1.33]
Adding bndlst edge: (A_V44_MC -> A_A239_MC) type[hb], weight[1.12] from 43 to 238 dist[1.89]
Adding bndlst edge: (A_A45_MC -> A_M46_MC) type[cov], weight[1.00] from 44 to 45 dist[1.33]
Adding bndlst edge: (A_M46_MC -> A_V47_MC) type[cov], weight[1.00] from 45 to 46 dist[1.33]
Adding bndlst edge: (A_M46_MC -> A_I237_MC) type[hb], weight[1.03] from 45 to 236 dist[1.97]
Adding bndlst edge: (A_M46_MC -> A_I237_MC) type[hb], weight[0.99] from 45 to 236 dist[2.02]
Adding bndlst edge: (A_V47_MC -> A_I48_MC) type[cov], weight[1.00] from 46 to 47 dist[1.33]
Adding bndlst edge: (A_I48_MC -> A_V49_MC) type[cov], weight[1.00] from 47 to 48 dist[1.33]
Adding bndlst edge: (A_I48_MC -> A_E235_MC) type[hb], weight[1.14] from 47 to 234 dist[1.87]
Adding bndlst edge: (A_I48_MC -> A_E235_MC) type[hb], weight[1.18] from 47 to 234 dist[1.84]
Adding bndlst edge: (A_V49_MC -> A_D50_MC) type[cov], weight[1.00] from 48 to 49 dist[1.33]
Adding bndlst edge: (A_D50_MC -> A_I51_MC) type[cov], weight[1.00] from 49 to 50 dist[1.33]
Adding bndlst edge: (A_D50_MC -> A_K233_MC) type[hb], weight[1.04] from 49 to 232 dist[1.96]
Adding bndlst edge: (A_D50_MC -> A_K233_MC) type[hb], weight[1.03] from 49 to 232 dist[1.97]
Adding bndlst edge: (A_I51_MC -> A_P52_MC) type[cov], weight[1.00] from 50 to 51 dist[1.34]
Adding bndlst edge: (A_P52_MC -> A_K53_MC) type[cov], weight[1.00] from 51 to 52 dist[1.33]
Adding bndlst edge: (A_P52_MC -> A_S55_MC) type[hb], weight[1.16] from 51 to 54 dist[1.86]
Adding bndlst edge: (A_K53_MC -> A_D54_MC) type[cov], weight[1.00] from 52 to 53 dist[1.33]
Adding bndlst edge: (A_K53_MC -> A_F56_MC) type[hb], weight[0.85] from 52 to 55 dist[2.16]
Adding bndlst edge: (A_K53_MC -> A_S55_MC) type[hb], weight[0.47] from 52 to 54 dist[2.90]
Adding bndlst edge: (A_D54_MC -> A_S55_MC) type[cov], weight[1.00] from 53 to 54 dist[1.33]
Adding bndlst edge: (A_S55_MC -> A_F56_MC) type[cov], weight[1.00] from 54 to 55 dist[1.33]
Adding bndlst edge: (A_S55_SC -> A_R231_MC) type[hb], weight[1.32] from 54 to 230 dist[1.74]
Adding bndlst edge: (A_F56_MC -> A_E57_MC) type[cov], weight[1.00] from 55 to 56 dist[1.33]
Adding bndlst edge: (A_E57_MC -> A_V58_MC) type[cov], weight[1.00] from 56 to 57 dist[1.33]
Adding bndlst edge: (A_V58_MC -> A_Y59_MC) type[cov], weight[1.00] from 57 to 58 dist[1.33]
Adding bndlst edge: (A_Y59_MC -> A_N60_MC) type[cov], weight[1.00] from 58 to 59 dist[1.33]
Adding bndlst edge: (A_N60_MC -> A_I61_MC) type[cov], weight[1.00] from 59 to 60 dist[1.33]
Adding bndlst edge: (A_I61_MC -> A_D62_MC) type[cov], weight[1.00] from 60 to 61 dist[1.33]
Adding bndlst edge: (A_D62_MC -> A_E63_MC) type[cov], weight[1.00] from 61 to 62 dist[1.33]
Adding bndlst edge: (A_E63_MC -> A_E64_MC) type[cov], weight[1.00] from 62 to 63 dist[1.33]
Adding bndlst edge: (A_E64_MC -> A_K65_MC) type[cov], weight[1.00] from 63 to 64 dist[1.33]
Adding bndlst edge: (A_K65_MC -> A_T66_MC) type[cov], weight[1.00] from 64 to 65 dist[1.33]
Adding bndlst edge: (A_K65_SC -> A_D93_MC) type[hb], weight[0.79] from 64 to 92 dist[2.25]
Adding bndlst edge: (A_T66_MC -> A_I67_MC) type[cov], weight[1.00] from 65 to 66 dist[1.33]
Adding bndlst edge: (A_I67_MC -> A_G68_MC) type[cov], weight[1.00] from 66 to 67 dist[1.33]
Adding bndlst edge: (A_G68_MC -> A_V69_MC) type[cov], weight[1.00] from 67 to 68 dist[1.33]
Adding bndlst edge: (A_G68_MC -> A_I111_MC) type[hb], weight[1.26] from 67 to 110 dist[1.78]
Adding bndlst edge: (A_G68_MC -> A_I111_MC) type[hb], weight[0.52] from 67 to 110 dist[2.77]
Adding bndlst edge: (A_V69_MC -> A_D70_MC) type[cov], weight[1.00] from 68 to 69 dist[1.33]
Adding bndlst edge: (A_V69_MC -> A_M71_MC) type[hb], weight[0.54] from 68 to 70 dist[2.73]
Adding bndlst edge: (A_D70_MC -> A_M71_MC) type[cov], weight[1.00] from 69 to 70 dist[1.33]
Adding bndlst edge: (A_D70_MC -> A_R73_MC) type[hb], weight[0.56] from 69 to 72 dist[2.68]
Adding bndlst edge: (A_D70_MC -> A_I74_MC) type[hb], weight[0.78] from 69 to 73 dist[2.27]
Adding bndlst edge: (A_D70_SC -> A_R73_MC) type[hb], weight[0.85] from 69 to 72 dist[2.17]
Adding bndlst edge: (A_D70_SC -> A_D72_MC) type[hb], weight[0.67] from 69 to 71 dist[2.45]
Adding bndlst edge: (A_M71_MC -> A_D72_MC) type[cov], weight[1.00] from 70 to 71 dist[1.33]
Adding bndlst edge: (A_M71_MC -> A_F75_MC) type[hb], weight[1.01] from 70 to 74 dist[1.99]
Adding bndlst edge: (A_D72_MC -> A_R73_MC) type[cov], weight[1.00] from 71 to 72 dist[1.33]
Adding bndlst edge: (A_D72_MC -> A_F75_MC) type[hb], weight[0.47] from 71 to 74 dist[2.90]
Adding bndlst edge: (A_D72_MC -> A_D76_MC) type[hb], weight[1.00] from 71 to 75 dist[2.00]
Adding bndlst edge: (A_R73_MC -> A_I74_MC) type[cov], weight[1.00] from 72 to 73 dist[1.33]
Adding bndlst edge: (A_R73_MC -> A_I77_MC) type[hb], weight[1.16] from 72 to 76 dist[1.86]
Adding bndlst edge: (A_R73_MC -> A_D76_MC) type[hb], weight[0.61] from 72 to 75 dist[2.56]
Adding bndlst edge: (A_I74_MC -> A_F75_MC) type[cov], weight[1.00] from 73 to 74 dist[1.33]
Adding bndlst edge: (A_I74_MC -> A_S78_MC) type[hb], weight[1.14] from 73 to 77 dist[1.87]
Adding bndlst edge: (A_I74_MC -> A_I77_MC) type[hb], weight[0.44] from 73 to 76 dist[3.00]
Adding bndlst edge: (A_F75_MC -> A_D76_MC) type[cov], weight[1.00] from 74 to 75 dist[1.33]
Adding bndlst edge: (A_F75_MC -> A_K79_MC) type[hb], weight[0.56] from 74 to 78 dist[2.67]
Adding bndlst edge: (A_F75_MC -> A_S78_MC) type[hb], weight[0.56] from 74 to 77 dist[2.68]
Adding bndlst edge: (A_F75_MC -> A_S78_SC) type[hb], weight[1.44] from 74 to 77 dist[1.67]
Adding bndlst edge: (A_F75_SC -> A_K79_SC) type[hb], weight[0.37] from 74 to 78 dist[3.28]
Adding bndlst edge: (A_D76_MC -> A_I77_MC) type[cov], weight[1.00] from 75 to 76 dist[1.33]
Adding bndlst edge: (A_D76_MC -> A_K79_MC) type[hb], weight[0.78] from 75 to 78 dist[2.27]
Adding bndlst edge: (A_I77_MC -> A_S78_MC) type[cov], weight[1.00] from 76 to 77 dist[1.33]
Adding bndlst edge: (A_I77_MC -> A_S80_SC) type[hb], weight[1.30] from 76 to 79 dist[1.75]
Adding bndlst edge: (A_I77_MC -> A_S80_MC) type[hb], weight[0.98] from 76 to 79 dist[2.02]
Adding bndlst edge: (A_S78_MC -> A_K79_MC) type[cov], weight[1.00] from 77 to 78 dist[1.33]
Adding bndlst edge: (A_S78_MC -> A_I81_MC) type[hb], weight[0.90] from 77 to 80 dist[2.11]
Adding bndlst edge: (A_K79_MC -> A_S80_MC) type[cov], weight[1.00] from 78 to 79 dist[1.33]
Adding bndlst edge: (A_S80_MC -> A_I81_MC) type[cov], weight[1.00] from 79 to 80 dist[1.33]
Adding bndlst edge: (A_I81_MC -> A_S82_MC) type[cov], weight[1.00] from 80 to 81 dist[1.33]
Adding bndlst edge: (A_S82_MC -> A_T83_MC) type[cov], weight[1.00] from 81 to 82 dist[1.33]
Adding bndlst edge: (A_S82_MC -> A_D85_MC) type[hb], weight[0.96] from 81 to 84 dist[2.04]
Adding bndlst edge: (A_S82_SC -> A_K84_MC) type[hb], weight[0.79] from 81 to 83 dist[2.25]
Adding bndlst edge: (A_S82_SC -> A_T83_MC) type[hb], weight[0.48] from 81 to 82 dist[2.88]
Adding bndlst edge: (A_S82_MC -> A_D85_SC) type[hb], weight[1.09] from 81 to 84 dist[1.92]
Adding bndlst edge: (A_T83_MC -> A_K84_MC) type[cov], weight[1.00] from 82 to 83 dist[1.33]
Adding bndlst edge: (A_K84_MC -> A_D85_MC) type[cov], weight[1.00] from 83 to 84 dist[1.33]
Adding bndlst edge: (A_D85_MC -> A_L86_MC) type[cov], weight[1.00] from 84 to 85 dist[1.33]
Adding bndlst edge: (A_L86_MC -> A_V87_MC) type[cov], weight[1.00] from 85 to 86 dist[1.33]
Adding bndlst edge: (A_V87_MC -> A_E88_MC) type[cov], weight[1.00] from 86 to 87 dist[1.33]
Adding bndlst edge: (A_E88_MC -> A_L89_MC) type[cov], weight[1.00] from 87 to 88 dist[1.33]
Adding bndlst edge: (A_E88_MC -> A_K100_MC) type[hb], weight[1.15] from 87 to 99 dist[1.86]
Adding bndlst edge: (A_E88_SC -> A_K100_SC) type[salt], weight[0.46] from 87 to 99 dist[2.79]
Adding bndlst edge: (A_E88_MC -> A_K100_MC) type[hb], weight[1.20] from 87 to 99 dist[1.83]
Adding bndlst edge: (A_L89_MC -> A_I90_MC) type[cov], weight[1.00] from 88 to 89 dist[1.33]
Adding bndlst edge: (A_I90_MC -> A_V91_MC) type[cov], weight[1.00] from 89 to 90 dist[1.33]
Adding bndlst edge: (A_I90_MC -> A_K98_MC) type[hb], weight[1.23] from 89 to 97 dist[1.80]
Adding bndlst edge: (A_I90_MC -> A_K98_MC) type[hb], weight[1.03] from 89 to 97 dist[1.97]
Adding bndlst edge: (A_V91_MC -> A_E92_MC) type[cov], weight[1.00] from 90 to 91 dist[1.33]
Adding bndlst edge: (A_E92_MC -> A_D93_MC) type[cov], weight[1.00] from 91 to 92 dist[1.33]
Adding bndlst edge: (A_E92_SC -> A_K98_SC) type[salt], weight[0.67] from 91 to 97 dist[2.32]
Adding bndlst edge: (A_D93_MC -> A_E94_MC) type[cov], weight[1.00] from 92 to 93 dist[1.33]
Adding bndlst edge: (A_D93_SC -> A_T96_MC) type[hb], weight[0.63] from 92 to 95 dist[2.52]
Adding bndlst edge: (A_D93_SC -> A_S95_SC) type[hb], weight[1.27] from 92 to 94 dist[1.77]
Adding bndlst edge: (A_D93_SC -> A_S95_MC) type[hb], weight[1.30] from 92 to 94 dist[1.76]
Adding bndlst edge: (A_D93_SC -> A_E94_MC) type[hb], weight[0.90] from 92 to 93 dist[2.11]
Adding bndlst edge: (A_E94_MC -> A_S95_MC) type[cov], weight[1.00] from 93 to 94 dist[1.33]
Adding bndlst edge: (A_S95_MC -> A_T96_MC) type[cov], weight[1.00] from 94 to 95 dist[1.33]
Adding bndlst edge: (A_S95_MC -> A_L110_MC) type[hb], weight[1.30] from 94 to 109 dist[1.75]
Adding bndlst edge: (A_T96_MC -> A_L97_MC) type[cov], weight[1.00] from 95 to 96 dist[1.33]
Adding bndlst edge: (A_L97_MC -> A_K98_MC) type[cov], weight[1.00] from 96 to 97 dist[1.33]
Adding bndlst edge: (A_L97_MC -> A_V108_MC) type[hb], weight[1.00] from 96 to 107 dist[2.00]
Adding bndlst edge: (A_L97_MC -> A_V108_MC) type[hb], weight[1.04] from 96 to 107 dist[1.96]
Adding bndlst edge: (A_K98_MC -> A_V99_MC) type[cov], weight[1.00] from 97 to 98 dist[1.33]
Adding bndlst edge: (A_V99_MC -> A_K100_MC) type[cov], weight[1.00] from 98 to 99 dist[1.33]
Adding bndlst edge: (A_V99_MC -> A_Y106_MC) type[hb], weight[1.26] from 98 to 105 dist[1.78]
Adding bndlst edge: (A_V99_MC -> A_Y106_MC) type[hb], weight[1.28] from 98 to 105 dist[1.77]
Adding bndlst edge: (A_K100_MC -> A_F101_MC) type[cov], weight[1.00] from 99 to 100 dist[1.33]
Adding bndlst edge: (A_F101_MC -> A_G102_MC) type[cov], weight[1.00] from 100 to 101 dist[1.33]
Adding bndlst edge: (A_F101_MC -> A_V104_MC) type[hb], weight[1.09] from 100 to 103 dist[1.92]
Adding bndlst edge: (A_F101_MC -> A_V104_MC) type[hb], weight[0.90] from 100 to 103 dist[2.11]
Adding bndlst edge: (A_G102_MC -> A_S103_MC) type[cov], weight[1.00] from 101 to 102 dist[1.33]
Adding bndlst edge: (A_S103_MC -> A_V104_MC) type[cov], weight[1.00] from 102 to 103 dist[1.33]
Adding bndlst edge: (A_V104_MC -> A_E105_MC) type[cov], weight[1.00] from 103 to 104 dist[1.33]
Adding bndlst edge: (A_E105_MC -> A_Y106_MC) type[cov], weight[1.00] from 104 to 105 dist[1.33]
Adding bndlst edge: (A_Y106_MC -> A_K107_MC) type[cov], weight[1.00] from 105 to 106 dist[1.33]
Adding bndlst edge: (A_Y106_SC -> A_K107_MC) type[hb], weight[0.37] from 105 to 106 dist[3.29]
Adding bndlst edge: (A_K107_MC -> A_V108_MC) type[cov], weight[1.00] from 106 to 107 dist[1.33]
Adding bndlst edge: (A_V108_MC -> A_A109_MC) type[cov], weight[1.00] from 107 to 108 dist[1.33]
Adding bndlst edge: (A_A109_MC -> A_L110_MC) type[cov], weight[1.00] from 108 to 109 dist[1.33]
Adding bndlst edge: (A_L110_MC -> A_I111_MC) type[cov], weight[1.00] from 109 to 110 dist[1.33]
Adding bndlst edge: (A_I111_MC -> A_D112_MC) type[cov], weight[1.00] from 110 to 111 dist[1.33]
Adding bndlst edge: (A_D112_MC -> A_P113_MC) type[cov], weight[1.00] from 111 to 112 dist[1.34]
Adding bndlst edge: (A_D112_MC -> A_I116_MC) type[hb], weight[0.45] from 111 to 115 dist[2.99]
Adding bndlst edge: (A_D112_MC -> A_A115_MC) type[hb], weight[1.05] from 111 to 114 dist[1.95]
Adding bndlst edge: (A_D112_SC -> A_S114_MC) type[hb], weight[0.52] from 111 to 113 dist[2.77]
Adding bndlst edge: (A_P113_MC -> A_S114_MC) type[cov], weight[1.00] from 112 to 113 dist[1.33]
Adding bndlst edge: (A_P113_MC -> A_I116_MC) type[hb], weight[0.86] from 112 to 115 dist[2.16]
Adding bndlst edge: (A_S114_MC -> A_A115_MC) type[cov], weight[1.00] from 113 to 114 dist[1.33]
Adding bndlst edge: (A_A115_MC -> A_I116_MC) type[cov], weight[1.00] from 114 to 115 dist[1.33]
Adding bndlst edge: (A_I116_MC -> A_R117_MC) type[cov], weight[1.00] from 115 to 116 dist[1.33]
Adding bndlst edge: (A_R117_MC -> A_K118_MC) type[cov], weight[1.00] from 116 to 117 dist[1.33]
Adding bndlst edge: (A_K118_MC -> A_E119_MC) type[cov], weight[1.00] from 117 to 118 dist[1.33]
Adding bndlst edge: (A_E119_MC -> A_P120_MC) type[cov], weight[1.00] from 118 to 119 dist[1.34]
Adding bndlst edge: (A_P120_MC -> A_R121_MC) type[cov], weight[1.00] from 119 to 120 dist[1.33]
Adding bndlst edge: (A_R121_MC -> A_I122_MC) type[cov], weight[1.00] from 120 to 121 dist[1.33]
Adding bndlst edge: (A_I122_MC -> A_P123_MC) type[cov], weight[1.00] from 121 to 122 dist[1.34]
Adding bndlst edge: (A_P123_MC -> A_E124_MC) type[cov], weight[1.00] from 122 to 123 dist[1.33]
Adding bndlst edge: (A_P123_MC -> A_L125_MC) type[hb], weight[0.84] from 122 to 124 dist[2.19]
Adding bndlst edge: (A_E124_MC -> A_L125_MC) type[cov], weight[1.00] from 123 to 124 dist[1.33]
Adding bndlst edge: (A_L125_MC -> A_E126_MC) type[cov], weight[1.00] from 124 to 125 dist[1.33]
Adding bndlst edge: (A_E126_MC -> A_L127_MC) type[cov], weight[1.00] from 125 to 126 dist[1.33]
Adding bndlst edge: (A_L127_MC -> A_P128_MC) type[cov], weight[1.00] from 126 to 127 dist[1.34]
Adding bndlst edge: (A_P128_MC -> A_A129_MC) type[cov], weight[1.00] from 127 to 128 dist[1.33]
Adding bndlst edge: (A_P128_MC -> A_N185_SC) type[hb], weight[1.14] from 127 to 184 dist[1.87]
Adding bndlst edge: (A_A129_MC -> A_K130_MC) type[cov], weight[1.00] from 128 to 129 dist[1.33]
Adding bndlst edge: (A_A129_MC -> A_L215_MC) type[hb], weight[1.10] from 128 to 214 dist[1.90]
Adding bndlst edge: (A_A129_MC -> A_L215_MC) type[hb], weight[0.90] from 128 to 214 dist[2.11]
Adding bndlst edge: (A_K130_MC -> A_I131_MC) type[cov], weight[1.00] from 129 to 130 dist[1.33]
Adding bndlst edge: (A_K130_MC -> A_N185_MC) type[hb], weight[0.70] from 129 to 184 dist[2.39]
Adding bndlst edge: (A_K130_MC -> A_N185_SC) type[hb], weight[1.11] from 129 to 184 dist[1.90]
Adding bndlst edge: (A_K130_SC -> A_E183_SC) type[salt], weight[0.64] from 129 to 182 dist[2.38]
Adding bndlst edge: (A_I131_MC -> A_V132_MC) type[cov], weight[1.00] from 130 to 131 dist[1.33]
Adding bndlst edge: (A_I131_MC -> A_I213_MC) type[hb], weight[1.45] from 130 to 212 dist[1.66]
Adding bndlst edge: (A_I131_MC -> A_I213_MC) type[hb], weight[1.09] from 130 to 212 dist[1.92]
Adding bndlst edge: (A_V132_MC -> A_M133_MC) type[cov], weight[1.00] from 131 to 132 dist[1.33]
Adding bndlst edge: (A_V132_MC -> A_E183_MC) type[hb], weight[0.63] from 131 to 182 dist[2.51]
Adding bndlst edge: (A_V132_MC -> A_I182_MC) type[hb], weight[0.87] from 131 to 181 dist[2.15]
Adding bndlst edge: (A_V132_MC -> A_E183_MC) type[hb], weight[1.14] from 131 to 182 dist[1.88]
Adding bndlst edge: (A_M133_MC -> A_D134_MC) type[cov], weight[1.00] from 132 to 133 dist[1.33]
Adding bndlst edge: (A_M133_MC -> A_L211_MC) type[hb], weight[1.00] from 132 to 210 dist[2.00]
Adding bndlst edge: (A_M133_MC -> A_L211_MC) type[hb], weight[1.03] from 132 to 210 dist[1.97]
Adding bndlst edge: (A_D134_MC -> A_A135_MC) type[cov], weight[1.00] from 133 to 134 dist[1.33]
Adding bndlst edge: (A_D134_MC -> A_F138_MC) type[hb], weight[0.78] from 133 to 137 dist[2.26]
Adding bndlst edge: (A_D134_MC -> A_E137_MC) type[hb], weight[0.63] from 133 to 136 dist[2.52]
Adding bndlst edge: (A_D134_SC -> A_G208_MC) type[hb], weight[1.19] from 133 to 207 dist[1.83]
Adding bndlst edge: (A_D134_SC -> A_G208_MC) type[hb], weight[0.45] from 133 to 207 dist[2.99]
Adding bndlst edge: (A_D134_SC -> A_E137_MC) type[hb], weight[0.74] from 133 to 136 dist[2.33]
Adding bndlst edge: (A_D134_SC -> A_G136_MC) type[hb], weight[0.92] from 133 to 135 dist[2.08]
Adding bndlst edge: (A_A135_MC -> A_G136_MC) type[cov], weight[1.00] from 134 to 135 dist[1.33]
Adding bndlst edge: (A_A135_MC -> A_K139_MC) type[hb], weight[1.11] from 134 to 138 dist[1.90]
Adding bndlst edge: (A_A135_MC -> A_F138_MC) type[hb], weight[0.51] from 134 to 137 dist[2.81]
Adding bndlst edge: (A_A135_MC -> A_D209_MC) type[hb], weight[1.22] from 134 to 208 dist[1.81]
Adding bndlst edge: (A_G136_MC -> A_E137_MC) type[cov], weight[1.00] from 135 to 136 dist[1.33]
Adding bndlst edge: (A_G136_MC -> A_K140_MC) type[hb], weight[0.88] from 135 to 139 dist[2.13]
Adding bndlst edge: (A_G136_MC -> A_K139_MC) type[hb], weight[0.47] from 135 to 138 dist[2.91]
Adding bndlst edge: (A_E137_MC -> A_F138_MC) type[cov], weight[1.00] from 136 to 137 dist[1.33]
Adding bndlst edge: (A_E137_MC -> A_K140_MC) type[hb], weight[0.56] from 136 to 139 dist[2.66]
Adding bndlst edge: (A_E137_MC -> A_A141_MC) type[hb], weight[0.87] from 136 to 140 dist[2.15]
Adding bndlst edge: (A_F138_MC -> A_K139_MC) type[cov], weight[1.00] from 137 to 138 dist[1.33]
Adding bndlst edge: (A_F138_MC -> A_I142_MC) type[hb], weight[1.01] from 137 to 141 dist[1.99]
Adding bndlst edge: (A_F138_MC -> A_A141_MC) type[hb], weight[0.69] from 137 to 140 dist[2.41]
Adding bndlst edge: (A_K139_MC -> A_K140_MC) type[cov], weight[1.00] from 138 to 139 dist[1.33]
Adding bndlst edge: (A_K139_MC -> A_A143_MC) type[hb], weight[0.96] from 138 to 142 dist[2.04]
Adding bndlst edge: (A_K139_MC -> A_I142_MC) type[hb], weight[0.48] from 138 to 141 dist[2.90]
Adding bndlst edge: (A_K139_SC -> A_C202_MC) type[hb], weight[0.51] from 138 to 201 dist[2.79]
Adding bndlst edge: (A_K139_SC -> A_C202_MC) type[hb], weight[0.53] from 138 to 201 dist[2.74]
Adding bndlst edge: (A_K139_SC -> A_A205_MC) type[hb], weight[1.03] from 138 to 204 dist[1.97]
Adding bndlst edge: (A_K140_MC -> A_A141_MC) type[cov], weight[1.00] from 139 to 140 dist[1.33]
Adding bndlst edge: (A_K140_MC -> A_A143_MC) type[hb], weight[0.53] from 139 to 142 dist[2.74]
Adding bndlst edge: (A_K140_MC -> A_A144_MC) type[hb], weight[0.96] from 139 to 143 dist[2.04]
Adding bndlst edge: (A_A141_MC -> A_I142_MC) type[cov], weight[1.00] from 140 to 141 dist[1.33]
Adding bndlst edge: (A_A141_MC -> A_A145_MC) type[hb], weight[1.03] from 140 to 144 dist[1.97]
Adding bndlst edge: (A_A141_MC -> A_A144_MC) type[hb], weight[0.58] from 140 to 143 dist[2.63]
Adding bndlst edge: (A_I142_MC -> A_A143_MC) type[cov], weight[1.00] from 141 to 142 dist[1.33]
Adding bndlst edge: (A_I142_MC -> A_D146_MC) type[hb], weight[1.06] from 141 to 145 dist[1.94]
Adding bndlst edge: (A_I142_MC -> A_A145_MC) type[hb], weight[0.47] from 141 to 144 dist[2.91]
Adding bndlst edge: (A_A143_MC -> A_A144_MC) type[cov], weight[1.00] from 142 to 143 dist[1.33]
Adding bndlst edge: (A_A143_MC -> A_K147_MC) type[hb], weight[0.46] from 142 to 146 dist[2.96]
Adding bndlst edge: (A_A143_MC -> A_D146_MC) type[hb], weight[0.48] from 142 to 145 dist[2.88]
Adding bndlst edge: (A_A143_MC -> A_K147_SC) type[hb], weight[0.45] from 142 to 146 dist[2.98]
Adding bndlst edge: (A_A144_MC -> A_A145_MC) type[cov], weight[1.00] from 143 to 144 dist[1.33]
Adding bndlst edge: (A_A144_MC -> A_K147_MC) type[hb], weight[0.81] from 143 to 146 dist[2.22]
Adding bndlst edge: (A_A145_MC -> A_D146_MC) type[cov], weight[1.00] from 144 to 145 dist[1.33]
Adding bndlst edge: (A_A145_MC -> A_S149_MC) type[hb], weight[0.98] from 144 to 148 dist[2.02]
Adding bndlst edge: (A_A145_MC -> A_I148_MC) type[hb], weight[1.04] from 144 to 147 dist[1.96]
Adding bndlst edge: (A_D146_MC -> A_K147_MC) type[cov], weight[1.00] from 145 to 146 dist[1.32]
Adding bndlst edge: (A_D146_SC -> A_K199_SC) type[salt], weight[1.09] from 145 to 198 dist[1.82]
Adding bndlst edge: (A_K147_MC -> A_I148_MC) type[cov], weight[1.00] from 146 to 147 dist[1.33]
Adding bndlst edge: (A_I148_MC -> A_S149_MC) type[cov], weight[1.00] from 147 to 148 dist[1.33]
Adding bndlst edge: (A_S149_MC -> A_D150_MC) type[cov], weight[1.00] from 148 to 149 dist[1.33]
Adding bndlst edge: (A_S149_SC -> A_Q151_MC) type[hb], weight[0.85] from 148 to 150 dist[2.17]
Adding bndlst edge: (A_S149_SC -> A_D150_MC) type[hb], weight[0.81] from 148 to 149 dist[2.22]
Adding bndlst edge: (A_S149_SC -> A_Q151_MC) type[hb], weight[0.46] from 148 to 150 dist[2.96]
Adding bndlst edge: (A_D150_MC -> A_Q151_MC) type[cov], weight[1.00] from 149 to 150 dist[1.33]
Adding bndlst edge: (A_D150_MC -> A_V195_MC) type[hb], weight[1.07] from 149 to 194 dist[1.93]
Adding bndlst edge: (A_Q151_MC -> A_V152_MC) type[cov], weight[1.00] from 150 to 151 dist[1.33]
Adding bndlst edge: (A_Q151_SC -> A_R241_SC) type[hb], weight[0.50] from 150 to 240 dist[2.82]
Adding bndlst edge: (A_Q151_SC -> A_R241_SC) type[cov], weight[1.00] from 150 to 240 dist[1.53]
Adding bndlst edge: (A_Q151_SC -> A_M192_SC) type[hb], weight[0.35] from 150 to 191 dist[3.38]
Adding bndlst edge: (A_V152_MC -> A_I153_MC) type[cov], weight[1.00] from 151 to 152 dist[1.32]
Adding bndlst edge: (A_V152_MC -> A_F193_MC) type[hb], weight[1.17] from 151 to 192 dist[1.85]
Adding bndlst edge: (A_V152_MC -> A_F193_MC) type[hb], weight[1.06] from 151 to 192 dist[1.95]
Adding bndlst edge: (A_I153_MC -> A_F154_MC) type[cov], weight[1.00] from 152 to 153 dist[1.33]
Adding bndlst edge: (A_I153_MC -> A_E164_MC) type[hb], weight[1.07] from 152 to 163 dist[1.94]
Adding bndlst edge: (A_I153_MC -> A_E164_MC) type[hb], weight[1.18] from 152 to 163 dist[1.84]
Adding bndlst edge: (A_F154_MC -> A_R155_MC) type[cov], weight[1.00] from 153 to 154 dist[1.32]
Adding bndlst edge: (A_F154_MC -> A_S191_MC) type[hb], weight[0.92] from 153 to 190 dist[2.09]
Adding bndlst edge: (A_F154_MC -> A_S191_MC) type[hb], weight[1.24] from 153 to 190 dist[1.79]
Adding bndlst edge: (A_R155_MC -> A_S156_MC) type[cov], weight[1.00] from 154 to 155 dist[1.33]
Adding bndlst edge: (A_R155_MC -> A_R162_MC) type[hb], weight[1.22] from 154 to 161 dist[1.81]
Adding bndlst edge: (A_R155_MC -> A_R162_MC) type[hb], weight[1.10] from 154 to 161 dist[1.90]
Adding bndlst edge: (A_S156_MC -> A_D157_MC) type[cov], weight[1.00] from 155 to 156 dist[1.33]
Adding bndlst edge: (A_S156_MC -> A_A189_MC) type[hb], weight[0.96] from 155 to 188 dist[2.04]
Adding bndlst edge: (A_S156_MC -> A_A189_MC) type[hb], weight[1.18] from 155 to 188 dist[1.84]
Adding bndlst edge: (A_S156_SC -> A_G187_MC) type[hb], weight[1.22] from 155 to 186 dist[1.81]
Adding bndlst edge: (A_D157_MC -> A_K158_MC) type[cov], weight[1.00] from 156 to 157 dist[1.32]
Adding bndlst edge: (A_D157_MC -> A_G160_MC) type[hb], weight[0.91] from 156 to 159 dist[2.09]
Adding bndlst edge: (A_D157_SC -> A_G160_MC) type[hb], weight[0.46] from 156 to 159 dist[2.94]
Adding bndlst edge: (A_D157_SC -> A_E159_MC) type[hb], weight[1.28] from 156 to 158 dist[1.77]
Adding bndlst edge: (A_D157_SC -> A_R162_SC) type[salt], weight[0.50] from 156 to 161 dist[2.70]
Adding bndlst edge: (A_D157_MC -> A_G160_MC) type[hb], weight[0.78] from 156 to 159 dist[2.27]
Adding bndlst edge: (A_K158_MC -> A_E159_MC) type[cov], weight[1.00] from 157 to 158 dist[1.33]
Adding bndlst edge: (A_E159_MC -> A_G160_MC) type[cov], weight[1.00] from 158 to 159 dist[1.33]
Adding bndlst edge: (A_G160_MC -> A_F161_MC) type[cov], weight[1.00] from 159 to 160 dist[1.33]
Adding bndlst edge: (A_G160_MC -> A_F184_SC) type[hb], weight[0.36] from 159 to 183 dist[3.32]
Adding bndlst edge: (A_F161_MC -> A_R162_MC) type[cov], weight[1.00] from 160 to 161 dist[1.33]
Adding bndlst edge: (A_F161_MC -> A_H175_SC) type[hb], weight[0.79] from 160 to 174 dist[2.25]
Adding bndlst edge: (A_F161_MC -> A_M176_MC) type[hb], weight[1.00] from 160 to 175 dist[2.00]
Adding bndlst edge: (A_F161_SC -> A_R162_MC) type[hb], weight[0.40] from 160 to 161 dist[3.16]
Adding bndlst edge: (A_F161_MC -> A_M176_MC) type[hb], weight[1.12] from 160 to 175 dist[1.89]
Adding bndlst edge: (A_R162_MC -> A_I163_MC) type[cov], weight[1.00] from 161 to 162 dist[1.33]
Adding bndlst edge: (A_I163_MC -> A_E164_MC) type[cov], weight[1.00] from 162 to 163 dist[1.33]
Adding bndlst edge: (A_I163_MC -> A_F174_MC) type[hb], weight[1.17] from 162 to 173 dist[1.85]
Adding bndlst edge: (A_I163_MC -> A_F174_MC) type[hb], weight[1.05] from 162 to 173 dist[1.95]
Adding bndlst edge: (A_E164_MC -> A_A165_MC) type[cov], weight[1.00] from 163 to 164 dist[1.33]
Adding bndlst edge: (A_A165_MC -> A_K166_MC) type[cov], weight[1.00] from 164 to 165 dist[1.33]
Adding bndlst edge: (A_A165_MC -> A_I172_MC) type[hb], weight[1.08] from 164 to 171 dist[1.92]
Adding bndlst edge: (A_A165_MC -> A_I172_MC) type[hb], weight[1.02] from 164 to 171 dist[1.99]
Adding bndlst edge: (A_K166_MC -> A_G167_MC) type[cov], weight[1.00] from 165 to 166 dist[1.33]
Adding bndlst edge: (A_G167_MC -> A_D168_MC) type[cov], weight[1.00] from 166 to 167 dist[1.33]
Adding bndlst edge: (A_G167_MC -> A_D170_MC) type[hb], weight[1.34] from 166 to 169 dist[1.73]
Adding bndlst edge: (A_D168_MC -> A_V169_MC) type[cov], weight[1.00] from 167 to 168 dist[1.33]
Adding bndlst edge: (A_V169_MC -> A_D170_MC) type[cov], weight[1.00] from 168 to 169 dist[1.33]
Adding bndlst edge: (A_D170_MC -> A_S171_MC) type[cov], weight[1.00] from 169 to 170 dist[1.33]
Adding bndlst edge: (A_S171_MC -> A_I172_MC) type[cov], weight[1.00] from 170 to 171 dist[1.32]
Adding bndlst edge: (A_I172_MC -> A_V173_MC) type[cov], weight[1.00] from 171 to 172 dist[1.33]
Adding bndlst edge: (A_V173_MC -> A_F174_MC) type[cov], weight[1.00] from 172 to 173 dist[1.33]
Adding bndlst edge: (A_F174_MC -> A_H175_MC) type[cov], weight[1.00] from 173 to 174 dist[1.33]
Adding bndlst edge: (A_H175_MC -> A_M176_MC) type[cov], weight[1.00] from 174 to 175 dist[1.33]
Adding bndlst edge: (A_H175_SC -> A_M176_MC) type[hb], weight[0.36] from 174 to 175 dist[3.32]
Adding bndlst edge: (A_H175_SC -> A_M176_MC) type[hb], weight[0.51] from 174 to 175 dist[2.79]
Adding bndlst edge: (A_M176_MC -> A_T177_MC) type[cov], weight[1.00] from 175 to 176 dist[1.33]
Adding bndlst edge: (A_T177_MC -> A_E178_MC) type[cov], weight[1.00] from 176 to 177 dist[1.33]
Adding bndlst edge: (A_T177_MC -> A_L181_MC) type[hb], weight[0.69] from 176 to 180 dist[2.40]
Adding bndlst edge: (A_T177_MC -> A_E180_MC) type[hb], weight[0.84] from 176 to 179 dist[2.18]
Adding bndlst edge: (A_T177_SC -> A_E180_MC) type[hb], weight[0.52] from 176 to 179 dist[2.77]
Adding bndlst edge: (A_T177_MC -> A_E180_SC) type[hb], weight[1.16] from 176 to 179 dist[1.85]
Adding bndlst edge: (A_E178_MC -> A_T179_MC) type[cov], weight[1.00] from 177 to 178 dist[1.33]
Adding bndlst edge: (A_E178_MC -> A_L181_MC) type[hb], weight[0.70] from 177 to 180 dist[2.39]
Adding bndlst edge: (A_T179_MC -> A_E180_MC) type[cov], weight[1.00] from 178 to 179 dist[1.33]
Adding bndlst edge: (A_E180_MC -> A_L181_MC) type[cov], weight[1.00] from 179 to 180 dist[1.33]
Adding bndlst edge: (A_L181_MC -> A_I182_MC) type[cov], weight[1.00] from 180 to 181 dist[1.33]
Adding bndlst edge: (A_I182_MC -> A_E183_MC) type[cov], weight[1.00] from 181 to 182 dist[1.33]
Adding bndlst edge: (A_E183_MC -> A_F184_MC) type[cov], weight[1.00] from 182 to 183 dist[1.33]
Adding bndlst edge: (A_F184_MC -> A_N185_MC) type[cov], weight[1.00] from 183 to 184 dist[1.33]
Adding bndlst edge: (A_F184_SC -> A_G186_MC) type[hb], weight[0.52] from 183 to 185 dist[2.78]
Adding bndlst edge: (A_F184_SC -> A_N185_MC) type[hb], weight[0.38] from 183 to 184 dist[3.24]
Adding bndlst edge: (A_F184_SC -> A_G186_MC) type[hb], weight[0.47] from 183 to 185 dist[2.91]
Adding bndlst edge: (A_F184_SC -> A_G186_MC) type[hb], weight[0.53] from 183 to 185 dist[2.76]
Adding bndlst edge: (A_F184_SC -> A_G186_MC) type[hb], weight[0.43] from 183 to 185 dist[3.04]
Adding bndlst edge: (A_F184_SC -> A_G186_MC) type[hb], weight[0.48] from 183 to 185 dist[2.90]
Adding bndlst edge: (A_F184_SC -> A_G186_MC) type[hb], weight[0.43] from 183 to 185 dist[3.04]
Adding bndlst edge: (A_N185_MC -> A_G186_MC) type[cov], weight[1.00] from 184 to 185 dist[1.33]
Adding bndlst edge: (A_N185_SC -> A_G187_MC) type[hb], weight[0.91] from 184 to 186 dist[2.09]
Adding bndlst edge: (A_G186_MC -> A_G187_MC) type[cov], weight[1.00] from 185 to 186 dist[1.33]
Adding bndlst edge: (A_G187_MC -> A_E188_MC) type[cov], weight[1.00] from 186 to 187 dist[1.33]
Adding bndlst edge: (A_E188_MC -> A_A189_MC) type[cov], weight[1.00] from 187 to 188 dist[1.33]
Adding bndlst edge: (A_A189_MC -> A_R190_MC) type[cov], weight[1.00] from 188 to 189 dist[1.33]
Adding bndlst edge: (A_R190_MC -> A_S191_MC) type[cov], weight[1.00] from 189 to 190 dist[1.33]
Adding bndlst edge: (A_R190_MC -> A_N218_MC) type[hb], weight[0.48] from 189 to 217 dist[2.88]
Adding bndlst edge: (A_R190_MC -> A_T217_SC) type[hb], weight[0.73] from 189 to 216 dist[2.33]
Adding bndlst edge: (A_R190_MC -> A_G216_MC) type[hb], weight[0.46] from 189 to 215 dist[2.95]
Adding bndlst edge: (A_R190_SC -> A_E243_SC) type[salt], weight[0.73] from 189 to 242 dist[2.23]
Adding bndlst edge: (A_R190_SC -> A_E243_SC) type[salt], weight[0.82] from 189 to 242 dist[2.10]
Adding bndlst edge: (A_R190_SC -> A_E243_SC) type[salt], weight[0.51] from 189 to 242 dist[2.66]
Adding bndlst edge: (A_S191_MC -> A_M192_MC) type[cov], weight[1.00] from 190 to 191 dist[1.33]
Adding bndlst edge: (A_S191_SC -> A_Y219_MC) type[hb], weight[0.58] from 190 to 218 dist[2.63]
Adding bndlst edge: (A_S191_SC -> A_N218_MC) type[hb], weight[0.97] from 190 to 217 dist[2.03]
Adding bndlst edge: (A_S191_SC -> A_G216_MC) type[hb], weight[1.28] from 190 to 215 dist[1.77]
Adding bndlst edge: (A_M192_MC -> A_F193_MC) type[cov], weight[1.00] from 191 to 192 dist[1.33]
Adding bndlst edge: (A_M192_MC -> A_R241_MC) type[hb], weight[1.09] from 191 to 240 dist[1.91]
Adding bndlst edge: (A_F193_MC -> A_S194_MC) type[cov], weight[1.00] from 192 to 193 dist[1.33]
Adding bndlst edge: (A_F193_SC -> A_V221_MC) type[hb], weight[0.42] from 192 to 220 dist[3.08]
Adding bndlst edge: (A_S194_MC -> A_V195_MC) type[cov], weight[1.00] from 193 to 194 dist[1.33]
Adding bndlst edge: (A_S194_MC -> A_Y197_MC) type[hb], weight[0.48] from 193 to 196 dist[2.89]
Adding bndlst edge: (A_S194_MC -> A_L198_MC) type[hb], weight[0.68] from 193 to 197 dist[2.42]
Adding bndlst edge: (A_S194_SC -> A_Y197_MC) type[hb], weight[0.63] from 193 to 196 dist[2.52]
Adding bndlst edge: (A_S194_SC -> A_D196_MC) type[hb], weight[0.53] from 193 to 195 dist[2.74]
Adding bndlst edge: (A_S194_SC -> A_Y197_SC) type[hb], weight[0.40] from 193 to 196 dist[3.15]
Adding bndlst edge: (A_V195_MC -> A_D196_MC) type[cov], weight[1.00] from 194 to 195 dist[1.33]
Adding bndlst edge: (A_V195_MC -> A_L198_MC) type[hb], weight[0.52] from 194 to 197 dist[2.77]
Adding bndlst edge: (A_V195_MC -> A_K199_MC) type[hb], weight[1.17] from 194 to 198 dist[1.85]
Adding bndlst edge: (A_D196_MC -> A_Y197_MC) type[cov], weight[1.00] from 195 to 196 dist[1.33]
Adding bndlst edge: (A_D196_MC -> A_E200_MC) type[hb], weight[0.78] from 195 to 199 dist[2.26]
Adding bndlst edge: (A_D196_MC -> A_K199_MC) type[hb], weight[0.46] from 195 to 198 dist[2.95]
Adding bndlst edge: (A_Y197_MC -> A_L198_MC) type[cov], weight[1.00] from 196 to 197 dist[1.33]
Adding bndlst edge: (A_Y197_MC -> A_E200_MC) type[hb], weight[0.60] from 196 to 199 dist[2.59]
Adding bndlst edge: (A_Y197_MC -> A_F201_MC) type[hb], weight[1.04] from 196 to 200 dist[1.96]
Adding bndlst edge: (A_L198_MC -> A_K199_MC) type[cov], weight[1.00] from 197 to 198 dist[1.33]
Adding bndlst edge: (A_L198_MC -> A_C202_SC) type[hb], weight[0.80] from 197 to 201 dist[2.24]
Adding bndlst edge: (A_L198_MC -> A_C202_MC) type[hb], weight[0.78] from 197 to 201 dist[2.26]
Adding bndlst edge: (A_L198_MC -> A_F201_MC) type[hb], weight[0.50] from 197 to 200 dist[2.84]
Adding bndlst edge: (A_K199_MC -> A_E200_MC) type[cov], weight[1.00] from 198 to 199 dist[1.33]
Adding bndlst edge: (A_K199_MC -> A_C202_MC) type[hb], weight[0.52] from 198 to 201 dist[2.77]
Adding bndlst edge: (A_E200_MC -> A_F201_MC) type[cov], weight[1.00] from 199 to 200 dist[1.33]
Adding bndlst edge: (A_E200_MC -> A_K203_MC) type[hb], weight[0.84] from 199 to 202 dist[2.18]
Adding bndlst edge: (A_E200_SC -> A_K203_SC) type[salt], weight[0.90] from 199 to 202 dist[2.01]
Adding bndlst edge: (A_F201_MC -> A_C202_MC) type[cov], weight[1.00] from 200 to 201 dist[1.33]
Adding bndlst edge: (A_F201_MC -> A_K203_MC) type[hb], weight[0.48] from 200 to 202 dist[2.89]
Adding bndlst edge: (A_F201_MC -> A_V204_MC) type[hb], weight[0.59] from 200 to 203 dist[2.59]
Adding bndlst edge: (A_C202_MC -> A_K203_MC) type[cov], weight[1.00] from 201 to 202 dist[1.33]
Adding bndlst edge: (A_C202_MC -> A_A205_MC) type[hb], weight[0.92] from 201 to 204 dist[2.08]
Adding bndlst edge: (A_K203_MC -> A_V204_MC) type[cov], weight[1.00] from 202 to 203 dist[1.33]
Adding bndlst edge: (A_V204_MC -> A_A205_MC) type[cov], weight[1.00] from 203 to 204 dist[1.33]
Adding bndlst edge: (A_A205_MC -> A_G206_MC) type[cov], weight[1.00] from 204 to 205 dist[1.33]
Adding bndlst edge: (A_G206_MC -> A_S207_MC) type[cov], weight[1.00] from 205 to 206 dist[1.33]
Adding bndlst edge: (A_G206_MC -> A_D209_MC) type[hb], weight[0.90] from 205 to 208 dist[2.11]
Adding bndlst edge: (A_G206_MC -> A_D209_SC) type[hb], weight[0.92] from 205 to 208 dist[2.08]
Adding bndlst edge: (A_S207_MC -> A_G208_MC) type[cov], weight[1.00] from 206 to 207 dist[1.33]
Adding bndlst edge: (A_G208_MC -> A_D209_MC) type[cov], weight[1.00] from 207 to 208 dist[1.33]
Adding bndlst edge: (A_D209_MC -> A_L210_MC) type[cov], weight[1.00] from 208 to 209 dist[1.33]
Adding bndlst edge: (A_L210_MC -> A_L211_MC) type[cov], weight[1.00] from 209 to 210 dist[1.33]
Adding bndlst edge: (A_L210_MC -> A_E226_MC) type[hb], weight[1.04] from 209 to 225 dist[1.96]
Adding bndlst edge: (A_L210_MC -> A_E226_MC) type[hb], weight[0.59] from 209 to 225 dist[2.60]
Adding bndlst edge: (A_L211_MC -> A_T212_MC) type[cov], weight[1.00] from 210 to 211 dist[1.33]
Adding bndlst edge: (A_T212_MC -> A_I213_MC) type[cov], weight[1.00] from 211 to 212 dist[1.32]
Adding bndlst edge: (A_T212_MC -> A_V224_MC) type[hb], weight[1.17] from 211 to 223 dist[1.85]
Adding bndlst edge: (A_T212_MC -> A_V224_MC) type[hb], weight[1.06] from 211 to 223 dist[1.95]
Adding bndlst edge: (A_I213_MC -> A_H214_MC) type[cov], weight[1.00] from 212 to 213 dist[1.33]
Adding bndlst edge: (A_H214_MC -> A_L215_MC) type[cov], weight[1.00] from 213 to 214 dist[1.33]
Adding bndlst edge: (A_H214_MC -> A_R222_MC) type[hb], weight[0.93] from 213 to 221 dist[2.07]
Adding bndlst edge: (A_H214_MC -> A_R222_MC) type[hb], weight[1.06] from 213 to 221 dist[1.94]
Adding bndlst edge: (A_L215_MC -> A_G216_MC) type[cov], weight[1.00] from 214 to 215 dist[1.33]
Adding bndlst edge: (A_G216_MC -> A_T217_MC) type[cov], weight[1.00] from 215 to 216 dist[1.33]
Adding bndlst edge: (A_T217_MC -> A_N218_MC) type[cov], weight[1.00] from 216 to 217 dist[1.33]
Adding bndlst edge: (A_N218_MC -> A_Y219_MC) type[cov], weight[1.00] from 217 to 218 dist[1.33]
Adding bndlst edge: (A_N218_SC -> A_E243_MC) type[hb], weight[0.60] from 217 to 242 dist[2.59]
Adding bndlst edge: (A_Y219_MC -> A_P220_MC) type[cov], weight[1.00] from 218 to 219 dist[1.34]
Adding bndlst edge: (A_P220_MC -> A_V221_MC) type[cov], weight[1.00] from 219 to 220 dist[1.33]
Adding bndlst edge: (A_V221_MC -> A_R222_MC) type[cov], weight[1.00] from 220 to 221 dist[1.33]
Adding bndlst edge: (A_V221_MC -> A_L238_MC) type[hb], weight[0.84] from 220 to 237 dist[2.18]
Adding bndlst edge: (A_V221_MC -> A_L238_MC) type[hb], weight[0.82] from 220 to 237 dist[2.21]
Adding bndlst edge: (A_R222_MC -> A_L223_MC) type[cov], weight[1.00] from 221 to 222 dist[1.33]
Adding bndlst edge: (A_R222_SC -> A_E235_SC) type[cov], weight[1.00] from 221 to 234 dist[1.58]
Adding bndlst edge: (A_R222_SC -> A_E235_SC) type[salt], weight[0.41] from 221 to 234 dist[2.96]
Adding bndlst edge: (A_R222_SC -> A_E235_SC) type[salt], weight[0.47] from 221 to 234 dist[2.78]
Adding bndlst edge: (A_R222_SC -> A_E235_SC) type[salt], weight[0.82] from 221 to 234 dist[2.10]
Adding bndlst edge: (A_L223_MC -> A_V224_MC) type[cov], weight[1.00] from 222 to 223 dist[1.33]
Adding bndlst edge: (A_L223_MC -> A_Y236_MC) type[hb], weight[0.99] from 222 to 235 dist[2.01]
Adding bndlst edge: (A_L223_MC -> A_Y236_MC) type[hb], weight[1.16] from 222 to 235 dist[1.85]
Adding bndlst edge: (A_V224_MC -> A_F225_MC) type[cov], weight[1.00] from 223 to 224 dist[1.33]
Adding bndlst edge: (A_F225_MC -> A_E226_MC) type[cov], weight[1.00] from 224 to 225 dist[1.33]
Adding bndlst edge: (A_F225_MC -> A_V234_MC) type[hb], weight[1.20] from 224 to 233 dist[1.83]
Adding bndlst edge: (A_F225_MC -> A_V234_MC) type[hb], weight[1.12] from 224 to 233 dist[1.89]
Adding bndlst edge: (A_E226_MC -> A_L227_MC) type[cov], weight[1.00] from 225 to 226 dist[1.33]
Adding bndlst edge: (A_L227_MC -> A_V228_MC) type[cov], weight[1.00] from 226 to 227 dist[1.33]
Adding bndlst edge: (A_L227_MC -> A_A232_MC) type[hb], weight[0.95] from 226 to 231 dist[2.05]
Adding bndlst edge: (A_L227_MC -> A_R231_MC) type[hb], weight[0.72] from 226 to 230 dist[2.36]
Adding bndlst edge: (A_L227_MC -> A_G230_MC) type[hb], weight[0.58] from 226 to 229 dist[2.62]
Adding bndlst edge: (A_L227_MC -> A_A232_MC) type[hb], weight[1.12] from 226 to 231 dist[1.89]
Adding bndlst edge: (A_V228_MC -> A_G229_MC) type[cov], weight[1.00] from 227 to 228 dist[1.33]
Adding bndlst edge: (A_V228_MC -> A_R231_SC) type[hb], weight[0.96] from 227 to 230 dist[2.04]
Adding bndlst edge: (A_V228_MC -> A_R231_MC) type[hb], weight[0.84] from 227 to 230 dist[2.19]
Adding bndlst edge: (A_G229_MC -> A_G230_MC) type[cov], weight[1.00] from 228 to 229 dist[1.33]
Adding bndlst edge: (A_G230_MC -> A_R231_MC) type[cov], weight[1.00] from 229 to 230 dist[1.33]
Adding bndlst edge: (A_R231_MC -> A_A232_MC) type[cov], weight[1.00] from 230 to 231 dist[1.33]
Adding bndlst edge: (A_A232_MC -> A_K233_MC) type[cov], weight[1.00] from 231 to 232 dist[1.33]
Adding bndlst edge: (A_K233_MC -> A_V234_MC) type[cov], weight[1.00] from 232 to 233 dist[1.32]
Adding bndlst edge: (A_V234_MC -> A_E235_MC) type[cov], weight[1.00] from 233 to 234 dist[1.32]
Adding bndlst edge: (A_E235_MC -> A_Y236_MC) type[cov], weight[1.00] from 234 to 235 dist[1.33]
Adding bndlst edge: (A_Y236_MC -> A_I237_MC) type[cov], weight[1.00] from 235 to 236 dist[1.33]
Adding bndlst edge: (A_I237_MC -> A_L238_MC) type[cov], weight[1.00] from 236 to 237 dist[1.33]
Adding bndlst edge: (A_L238_MC -> A_A239_MC) type[cov], weight[1.00] from 237 to 238 dist[1.33]
Adding bndlst edge: (A_A239_MC -> A_P240_MC) type[cov], weight[1.00] from 238 to 239 dist[1.34]
Adding bndlst edge: (A_P240_MC -> A_R241_MC) type[cov], weight[1.00] from 239 to 240 dist[1.33]
Adding bndlst edge: (A_R241_MC -> A_I242_MC) type[cov], weight[1.00] from 240 to 241 dist[1.33]
Adding bndlst edge: (A_I242_MC -> A_E243_MC) type[cov], weight[1.00] from 241 to 242 dist[1.33]
Adding bndlst edge: (A_E243_MC -> A_S244_MC) type[cov], weight[1.00] from 242 to 243 dist[1.33]

bndlst DONE

Producing PAJEK network
printing pajek edge (A_128_PRO,A_129_ALA)
printing pajek edge (A_128_PRO,A_185_ASN)
printing pajek edge (A_33_GLY,A_34_LEU)
printing pajek edge (A_91_VAL,A_92_GLU)
printing pajek edge (A_207_SER,A_208_GLY)
printing pajek edge (A_119_GLU,A_120_PRO)
printing pajek edge (A_72_ASP,A_75_PHE)
printing pajek edge (A_72_ASP,A_76_ASP)
printing pajek edge (A_72_ASP,A_73_ARG)
printing pajek edge (A_103_SER,A_104_VAL)
printing pajek edge (A_201_PHE,A_204_VAL)
printing pajek edge (A_201_PHE,A_202_CYS)
printing pajek edge (A_201_PHE,A_203_LYS)
printing pajek edge (A_19_VAL,A_20_ALA)
printing pajek edge (A_126_GLU,A_127_LEU)
printing pajek edge (A_17_ALA,A_20_ALA)
printing pajek edge (A_17_ALA,A_236_TYR)
printing pajek edge (A_17_ALA,A_18_ILE)
printing pajek edge (A_45_ALA,A_46_MET)
printing pajek edge (A_56_PHE,A_57_GLU)
printing pajek edge (A_85_ASP,A_86_LEU)
printing pajek edge (A_28_HIS,A_35_HIS)
printing pajek edge (A_28_HIS,A_29_PHE)
printing pajek edge (A_28_HIS,A_66_THR)
printing pajek edge (A_234_VAL,A_235_GLU)
printing pajek edge (A_191_SER,A_216_GLY)
printing pajek edge (A_191_SER,A_192_MET)
printing pajek edge (A_191_SER,A_218_ASN)
printing pajek edge (A_191_SER,A_219_TYR)
printing pajek edge (A_162_ARG,A_163_ILE)
printing pajek edge (A_195_VAL,A_198_LEU)
printing pajek edge (A_195_VAL,A_199_LYS)
printing pajek edge (A_195_VAL,A_196_ASP)
printing pajek edge (A_96_THR,A_97_LEU)
printing pajek edge (A_58_VAL,A_59_TYR)
printing pajek edge (A_221_VAL,A_238_LEU)
printing pajek edge (A_221_VAL,A_222_ARG)
printing pajek edge (A_21_LEU,A_22_VAL)
printing pajek edge (A_232_ALA,A_233_LYS)
printing pajek edge (A_164_GLU,A_165_ALA)
printing pajek edge (A_110_LEU,A_111_ILE)
printing pajek edge (A_152_VAL,A_153_ILE)
printing pajek edge (A_152_VAL,A_193_PHE)
printing pajek edge (A_90_ILE,A_91_VAL)
printing pajek edge (A_90_ILE,A_98_LYS)
printing pajek edge (A_176_MET,A_177_THR)
printing pajek edge (A_149_SER,A_150_ASP)
printing pajek edge (A_149_SER,A_150_ASP)
printing pajek edge (A_149_SER,A_151_GLN)
printing pajek edge (A_32_LYS,A_53_LYS)
printing pajek edge (A_32_LYS,A_33_GLY)
printing pajek edge (A_32_LYS,A_64_GLU)
printing pajek edge (A_36_SER,A_37_ARG)
printing pajek edge (A_36_SER,A_49_VAL)
printing pajek edge (A_12_LYS,A_78_SER)
printing pajek edge (A_12_LYS,A_81_ILE)
printing pajek edge (A_12_LYS,A_13_THR)
printing pajek edge (A_12_LYS,A_16_ARG)
printing pajek edge (A_209_ASP,A_210_LEU)
printing pajek edge (A_79_LYS,A_80_SER)
printing pajek edge (A_94_GLU,A_95_SER)
printing pajek edge (A_107_LYS,A_108_VAL)
printing pajek edge (A_158_LYS,A_159_GLU)
printing pajek edge (A_66_THR,A_67_ILE)
printing pajek edge (A_30_LEU,A_33_GLY)
printing pajek edge (A_30_LEU,A_31_GLU)
printing pajek edge (A_30_LEU,A_59_TYR)
printing pajek edge (A_198_LEU,A_201_PHE)
printing pajek edge (A_198_LEU,A_202_CYS)
printing pajek edge (A_198_LEU,A_199_LYS)
printing pajek edge (A_204_VAL,A_205_ALA)
printing pajek edge (A_139_LYS,A_205_ALA)
printing pajek edge (A_139_LYS,A_202_CYS)
printing pajek edge (A_139_LYS,A_143_ALA)
printing pajek edge (A_139_LYS,A_142_ILE)
printing pajek edge (A_139_LYS,A_140_LYS)
printing pajek edge (A_200_GLU,A_201_PHE)
printing pajek edge (A_200_GLU,A_203_LYS)
printing pajek edge (A_200_GLU,A_203_LYS)
printing pajek edge (A_115_ALA,A_116_ILE)
printing pajek edge (A_227_LEU,A_232_ALA)
printing pajek edge (A_227_LEU,A_230_GLY)
printing pajek edge (A_227_LEU,A_231_ARG)
printing pajek edge (A_227_LEU,A_228_VAL)
printing pajek edge (A_59_TYR,A_60_ASN)
printing pajek edge (A_212_THR,A_213_ILE)
printing pajek edge (A_212_THR,A_224_VAL)
printing pajek edge (A_154_PHE,A_191_SER)
printing pajek edge (A_154_PHE,A_155_ARG)
printing pajek edge (A_16_ARG,A_20_ALA)
printing pajek edge (A_16_ARG,A_17_ALA)
printing pajek edge (A_138_PHE,A_142_ILE)
printing pajek edge (A_138_PHE,A_139_LYS)
printing pajek edge (A_138_PHE,A_141_ALA)
printing pajek edge (A_82_SER,A_85_ASP)
printing pajek edge (A_82_SER,A_84_LYS)
printing pajek edge (A_82_SER,A_83_THR)
printing pajek edge (A_82_SER,A_83_THR)
printing pajek edge (A_61_ILE,A_62_ASP)
printing pajek edge (A_102_GLY,A_103_SER)
printing pajek edge (A_74_ILE,A_75_PHE)
printing pajek edge (A_74_ILE,A_78_SER)
printing pajek edge (A_74_ILE,A_77_ILE)
printing pajek edge (A_87_VAL,A_88_GLU)
printing pajek edge (A_77_ILE,A_78_SER)
printing pajek edge (A_77_ILE,A_80_SER)
printing pajek edge (A_63_GLU,A_64_GLU)
printing pajek edge (A_68_GLY,A_69_VAL)
printing pajek edge (A_68_GLY,A_111_ILE)
printing pajek edge (A_205_ALA,A_206_GLY)
printing pajek edge (A_242_ILE,A_243_GLU)
printing pajek edge (A_166_LYS,A_167_GLY)
printing pajek edge (A_199_LYS,A_202_CYS)
printing pajek edge (A_199_LYS,A_200_GLU)
printing pajek edge (A_140_LYS,A_143_ALA)
printing pajek edge (A_140_LYS,A_141_ALA)
printing pajek edge (A_140_LYS,A_144_ALA)
printing pajek edge (A_130_LYS,A_131_ILE)
printing pajek edge (A_130_LYS,A_183_GLU)
printing pajek edge (A_130_LYS,A_185_ASN)
printing pajek edge (A_3_ASP,A_60_ASN)
printing pajek edge (A_3_ASP,A_4_VAL)
printing pajek edge (A_18_ILE,A_22_VAL)
printing pajek edge (A_18_ILE,A_19_VAL)
printing pajek edge (A_18_ILE,A_20_ALA)
printing pajek edge (A_18_ILE,A_21_LEU)
printing pajek edge (A_187_GLY,A_188_GLU)
printing pajek edge (A_111_ILE,A_112_ASP)
printing pajek edge (A_83_THR,A_84_LYS)
printing pajek edge (A_148_ILE,A_149_SER)
printing pajek edge (A_229_GLY,A_230_GLY)
printing pajek edge (A_237_ILE,A_238_LEU)
printing pajek edge (A_219_TYR,A_220_PRO)
printing pajek edge (A_203_LYS,A_204_VAL)
printing pajek edge (A_169_VAL,A_170_ASP)
printing pajek edge (A_185_ASN,A_186_GLY)
printing pajek edge (A_185_ASN,A_187_GLY)
printing pajek edge (A_136_GLY,A_137_GLU)
printing pajek edge (A_136_GLY,A_139_LYS)
printing pajek edge (A_136_GLY,A_140_LYS)
printing pajek edge (A_15_THR,A_19_VAL)
printing pajek edge (A_15_THR,A_18_ILE)
printing pajek edge (A_15_THR,A_16_ARG)
printing pajek edge (A_113_PRO,A_116_ILE)
printing pajek edge (A_113_PRO,A_114_SER)
printing pajek edge (A_70_ASP,A_72_ASP)
printing pajek edge (A_70_ASP,A_73_ARG)
printing pajek edge (A_70_ASP,A_71_MET)
printing pajek edge (A_70_ASP,A_74_ILE)
printing pajek edge (A_192_MET,A_241_ARG)
printing pajek edge (A_192_MET,A_193_PHE)
printing pajek edge (A_173_VAL,A_174_PHE)
printing pajek edge (A_146_ASP,A_199_LYS)
printing pajek edge (A_146_ASP,A_147_LYS)
printing pajek edge (A_50_ASP,A_51_ILE)
printing pajek edge (A_50_ASP,A_233_LYS)
printing pajek edge (A_179_THR,A_180_GLU)
printing pajek edge (A_25_ALA,A_26_ARG)
printing pajek edge (A_25_ALA,A_69_VAL)
printing pajek edge (A_225_PHE,A_234_VAL)
printing pajek edge (A_225_PHE,A_226_GLU)
printing pajek edge (A_188_GLU,A_189_ALA)
printing pajek edge (A_141_ALA,A_145_ALA)
printing pajek edge (A_141_ALA,A_142_ILE)
printing pajek edge (A_141_ALA,A_144_ALA)
printing pajek edge (A_224_VAL,A_225_PHE)
printing pajek edge (A_125_LEU,A_126_GLU)
printing pajek edge (A_105_GLU,A_106_TYR)
printing pajek edge (A_132_VAL,A_182_ILE)
printing pajek edge (A_132_VAL,A_183_GLU)
printing pajek edge (A_132_VAL,A_133_MET)
printing pajek edge (A_182_ILE,A_183_GLU)
printing pajek edge (A_235_GLU,A_236_TYR)
printing pajek edge (A_122_ILE,A_123_PRO)
printing pajek edge (A_80_SER,A_81_ILE)
printing pajek edge (A_213_ILE,A_214_HIS)
printing pajek edge (A_155_ARG,A_162_ARG)
printing pajek edge (A_155_ARG,A_156_SER)
printing pajek edge (A_1_MET,A_2_ILE)
printing pajek edge (A_1_MET,A_62_ASP)
printing pajek edge (A_1_MET,A_62_ASP)
printing pajek edge (A_24_GLU,A_25_ALA)
printing pajek edge (A_97_LEU,A_98_LYS)
printing pajek edge (A_97_LEU,A_108_VAL)
printing pajek edge (A_127_LEU,A_128_PRO)
printing pajek edge (A_239_ALA,A_240_PRO)
printing pajek edge (A_160_GLY,A_184_PHE)
printing pajek edge (A_160_GLY,A_161_PHE)
printing pajek edge (A_161_PHE,A_162_ARG)
printing pajek edge (A_161_PHE,A_162_ARG)
printing pajek edge (A_161_PHE,A_175_HIS)
printing pajek edge (A_161_PHE,A_176_MET)
printing pajek edge (A_177_THR,A_181_LEU)
printing pajek edge (A_177_THR,A_180_GLU)
printing pajek edge (A_177_THR,A_178_GLU)
printing pajek edge (A_48_ILE,A_235_GLU)
printing pajek edge (A_48_ILE,A_49_VAL)
printing pajek edge (A_9_GLU,A_10_LEU)
printing pajek edge (A_9_GLU,A_13_THR)
printing pajek edge (A_9_GLU,A_83_THR)
printing pajek edge (A_210_LEU,A_226_GLU)
printing pajek edge (A_210_LEU,A_211_LEU)
printing pajek edge (A_99_VAL,A_100_LYS)
printing pajek edge (A_99_VAL,A_106_TYR)
printing pajek edge (A_217_THR,A_218_ASN)
printing pajek edge (A_38_ALA,A_39_VAL)
printing pajek edge (A_38_ALA,A_47_VAL)
printing pajek edge (A_118_LYS,A_119_GLU)
printing pajek edge (A_44_VAL,A_239_ALA)
printing pajek edge (A_44_VAL,A_45_ALA)
printing pajek edge (A_196_ASP,A_199_LYS)
printing pajek edge (A_196_ASP,A_200_GLU)
printing pajek edge (A_196_ASP,A_197_TYR)
printing pajek edge (A_6_MET,A_7_THR)
printing pajek edge (A_6_MET,A_87_VAL)
printing pajek edge (A_171_SER,A_172_ILE)
printing pajek edge (A_34_LEU,A_51_ILE)
printing pajek edge (A_34_LEU,A_35_HIS)
printing pajek edge (A_22_VAL,A_23_SER)
printing pajek edge (A_64_GLU,A_65_LYS)
printing pajek edge (A_8_GLY,A_85_ASP)
printing pajek edge (A_8_GLY,A_9_GLU)
printing pajek edge (A_8_GLY,A_12_LYS)
printing pajek edge (A_8_GLY,A_11_LEU)
printing pajek edge (A_228_VAL,A_229_GLY)
printing pajek edge (A_228_VAL,A_231_ARG)
printing pajek edge (A_27_ILE,A_28_HIS)
printing pajek edge (A_27_ILE,A_67_ILE)
printing pajek edge (A_81_ILE,A_82_SER)
printing pajek edge (A_194_SER,A_198_LEU)
printing pajek edge (A_194_SER,A_195_VAL)
printing pajek edge (A_194_SER,A_197_TYR)
printing pajek edge (A_194_SER,A_196_ASP)
printing pajek edge (A_120_PRO,A_121_ARG)
printing pajek edge (A_181_LEU,A_182_ILE)
printing pajek edge (A_100_LYS,A_101_PHE)
printing pajek edge (A_180_GLU,A_181_LEU)
printing pajek edge (A_163_ILE,A_164_GLU)
printing pajek edge (A_163_ILE,A_174_PHE)
printing pajek edge (A_73_ARG,A_76_ASP)
printing pajek edge (A_73_ARG,A_74_ILE)
printing pajek edge (A_73_ARG,A_77_ILE)
printing pajek edge (A_241_ARG,A_242_ILE)
printing pajek edge (A_75_PHE,A_78_SER)
printing pajek edge (A_75_PHE,A_76_ASP)
printing pajek edge (A_75_PHE,A_79_LYS)
printing pajek edge (A_183_GLU,A_184_PHE)
printing pajek edge (A_62_ASP,A_63_GLU)
printing pajek edge (A_231_ARG,A_232_ALA)
printing pajek edge (A_109_ALA,A_110_LEU)
printing pajek edge (A_116_ILE,A_117_ARG)
printing pajek edge (A_93_ASP,A_94_GLU)
printing pajek edge (A_93_ASP,A_94_GLU)
printing pajek edge (A_93_ASP,A_96_THR)
printing pajek edge (A_93_ASP,A_95_SER)
printing pajek edge (A_104_VAL,A_105_GLU)
printing pajek edge (A_202_CYS,A_205_ALA)
printing pajek edge (A_202_CYS,A_203_LYS)
printing pajek edge (A_233_LYS,A_234_VAL)
printing pajek edge (A_11_LEU,A_12_LYS)
printing pajek edge (A_11_LEU,A_15_THR)
printing pajek edge (A_114_SER,A_115_ALA)
printing pajek edge (A_153_ILE,A_164_GLU)
printing pajek edge (A_153_ILE,A_154_PHE)
printing pajek edge (A_190_ARG,A_216_GLY)
printing pajek edge (A_190_ARG,A_191_SER)
printing pajek edge (A_190_ARG,A_218_ASN)
printing pajek edge (A_190_ARG,A_217_THR)
printing pajek edge (A_190_ARG,A_243_GLU)
printing pajek edge (A_226_GLU,A_227_LEU)
printing pajek edge (A_208_GLY,A_209_ASP)
printing pajek edge (A_143_ALA,A_146_ASP)
printing pajek edge (A_143_ALA,A_147_LYS)
printing pajek edge (A_143_ALA,A_144_ALA)
printing pajek edge (A_92_GLU,A_93_ASP)
printing pajek edge (A_92_GLU,A_98_LYS)
printing pajek edge (A_168_ASP,A_169_VAL)
printing pajek edge (A_49_VAL,A_50_ASP)
printing pajek edge (A_108_VAL,A_109_ALA)
printing pajek edge (A_88_GLU,A_100_LYS)
printing pajek edge (A_88_GLU,A_100_LYS)
printing pajek edge (A_88_GLU,A_89_LEU)
printing pajek edge (A_175_HIS,A_176_MET)
printing pajek edge (A_175_HIS,A_176_MET)
printing pajek edge (A_78_SER,A_81_ILE)
printing pajek edge (A_78_SER,A_79_LYS)
printing pajek edge (A_215_LEU,A_216_GLY)
printing pajek edge (A_134_ASP,A_138_PHE)
printing pajek edge (A_134_ASP,A_137_GLU)
printing pajek edge (A_134_ASP,A_208_GLY)
printing pajek edge (A_134_ASP,A_135_ALA)
printing pajek edge (A_134_ASP,A_136_GLY)
printing pajek edge (A_150_ASP,A_195_VAL)
printing pajek edge (A_150_ASP,A_151_GLN)
printing pajek edge (A_124_GLU,A_125_LEU)
printing pajek edge (A_222_ARG,A_235_GLU)
printing pajek edge (A_222_ARG,A_235_GLU)
printing pajek edge (A_222_ARG,A_223_LEU)
printing pajek edge (A_51_ILE,A_52_PRO)
printing pajek edge (A_40_ASP,A_43_ASN)
printing pajek edge (A_40_ASP,A_117_ARG)
printing pajek edge (A_40_ASP,A_41_PRO)
printing pajek edge (A_40_ASP,A_44_VAL)
printing pajek edge (A_40_ASP,A_197_TYR)
printing pajek edge (A_40_ASP,A_45_ALA)
printing pajek edge (A_40_ASP,A_42_ALA)
printing pajek edge (A_211_LEU,A_212_THR)
printing pajek edge (A_65_LYS,A_93_ASP)
printing pajek edge (A_65_LYS,A_66_THR)
printing pajek edge (A_98_LYS,A_99_VAL)
printing pajek edge (A_13_THR,A_17_ALA)
printing pajek edge (A_13_THR,A_14_VAL)
printing pajek edge (A_13_THR,A_16_ARG)
printing pajek edge (A_42_ALA,A_43_ASN)
printing pajek edge (A_53_LYS,A_54_ASP)
printing pajek edge (A_53_LYS,A_55_SER)
printing pajek edge (A_53_LYS,A_56_PHE)
printing pajek edge (A_174_PHE,A_175_HIS)
printing pajek edge (A_57_GLU,A_58_VAL)
printing pajek edge (A_230_GLY,A_231_ARG)
printing pajek edge (A_46_MET,A_47_VAL)
printing pajek edge (A_46_MET,A_237_ILE)
printing pajek edge (A_67_ILE,A_68_GLY)
printing pajek edge (A_20_ALA,A_21_LEU)
printing pajek edge (A_55_SER,A_231_ARG)
printing pajek edge (A_55_SER,A_56_PHE)
printing pajek edge (A_238_LEU,A_239_ALA)
printing pajek edge (A_71_MET,A_75_PHE)
printing pajek edge (A_71_MET,A_72_ASP)
printing pajek edge (A_189_ALA,A_190_ARG)
printing pajek edge (A_69_VAL,A_70_ASP)
printing pajek edge (A_69_VAL,A_71_MET)
printing pajek edge (A_167_GLY,A_170_ASP)
printing pajek edge (A_167_GLY,A_168_ASP)
printing pajek edge (A_2_ILE,A_91_VAL)
printing pajek edge (A_2_ILE,A_3_ASP)
printing pajek edge (A_137_GLU,A_138_PHE)
printing pajek edge (A_137_GLU,A_140_LYS)
printing pajek edge (A_137_GLU,A_141_ALA)
printing pajek edge (A_89_LEU,A_90_ILE)
printing pajek edge (A_117_ARG,A_118_LYS)
printing pajek edge (A_145_ALA,A_148_ILE)
printing pajek edge (A_145_ALA,A_146_ASP)
printing pajek edge (A_145_ALA,A_149_SER)
printing pajek edge (A_142_ILE,A_146_ASP)
printing pajek edge (A_142_ILE,A_143_ALA)
printing pajek edge (A_142_ILE,A_145_ALA)
printing pajek edge (A_31_GLU,A_64_GLU)
printing pajek edge (A_31_GLU,A_32_LYS)
printing pajek edge (A_101_PHE,A_104_VAL)
printing pajek edge (A_101_PHE,A_102_GLY)
printing pajek edge (A_223_LEU,A_236_TYR)
printing pajek edge (A_223_LEU,A_224_VAL)
printing pajek edge (A_129_ALA,A_215_LEU)
printing pajek edge (A_129_ALA,A_130_LYS)
printing pajek edge (A_26_ARG,A_113_PRO)
printing pajek edge (A_26_ARG,A_36_SER)
printing pajek edge (A_26_ARG,A_117_ARG)
printing pajek edge (A_26_ARG,A_117_ARG)
printing pajek edge (A_26_ARG,A_119_GLU)
printing pajek edge (A_26_ARG,A_27_ILE)
printing pajek edge (A_26_ARG,A_116_ILE)
printing pajek edge (A_29_PHE,A_65_LYS)
printing pajek edge (A_29_PHE,A_30_LEU)
printing pajek edge (A_121_ARG,A_122_ILE)
printing pajek edge (A_157_ASP,A_159_GLU)
printing pajek edge (A_157_ASP,A_160_GLY)
printing pajek edge (A_157_ASP,A_162_ARG)
printing pajek edge (A_157_ASP,A_158_LYS)
printing pajek edge (A_135_ALA,A_138_PHE)
printing pajek edge (A_135_ALA,A_139_LYS)
printing pajek edge (A_135_ALA,A_209_ASP)
printing pajek edge (A_135_ALA,A_136_GLY)
printing pajek edge (A_41_PRO,A_43_ASN)
printing pajek edge (A_41_PRO,A_42_ALA)
printing pajek edge (A_76_ASP,A_77_ILE)
printing pajek edge (A_76_ASP,A_79_LYS)
printing pajek edge (A_84_LYS,A_85_ASP)
printing pajek edge (A_193_PHE,A_221_VAL)
printing pajek edge (A_193_PHE,A_194_SER)
printing pajek edge (A_60_ASN,A_61_ILE)
printing pajek edge (A_216_GLY,A_217_THR)
printing pajek edge (A_178_GLU,A_181_LEU)
printing pajek edge (A_178_GLU,A_179_THR)
printing pajek edge (A_151_GLN,A_241_ARG)
printing pajek edge (A_151_GLN,A_241_ARG)
printing pajek edge (A_151_GLN,A_192_MET)
printing pajek edge (A_151_GLN,A_152_VAL)
printing pajek edge (A_156_SER,A_157_ASP)
printing pajek edge (A_156_SER,A_187_GLY)
printing pajek edge (A_156_SER,A_189_ALA)
printing pajek edge (A_131_ILE,A_213_ILE)
printing pajek edge (A_131_ILE,A_132_VAL)
printing pajek edge (A_218_ASN,A_219_TYR)
printing pajek edge (A_218_ASN,A_243_GLU)
printing pajek edge (A_54_ASP,A_55_SER)
printing pajek edge (A_240_PRO,A_241_ARG)
printing pajek edge (A_123_PRO,A_125_LEU)
printing pajek edge (A_123_PRO,A_124_GLU)
printing pajek edge (A_144_ALA,A_145_ALA)
printing pajek edge (A_144_ALA,A_147_LYS)
printing pajek edge (A_206_GLY,A_207_SER)
printing pajek edge (A_206_GLY,A_209_ASP)
printing pajek edge (A_159_GLU,A_160_GLY)
printing pajek edge (A_43_ASN,A_117_ARG)
printing pajek edge (A_43_ASN,A_44_VAL)
printing pajek edge (A_23_SER,A_72_ASP)
printing pajek edge (A_23_SER,A_71_MET)
printing pajek edge (A_23_SER,A_24_GLU)
printing pajek edge (A_220_PRO,A_221_VAL)
printing pajek edge (A_47_VAL,A_48_ILE)
printing pajek edge (A_14_VAL,A_17_ALA)
printing pajek edge (A_14_VAL,A_18_ILE)
printing pajek edge (A_14_VAL,A_15_THR)
printing pajek edge (A_236_TYR,A_237_ILE)
printing pajek edge (A_106_TYR,A_107_LYS)
printing pajek edge (A_106_TYR,A_107_LYS)
printing pajek edge (A_7_THR,A_8_GLY)
printing pajek edge (A_7_THR,A_10_LEU)
printing pajek edge (A_7_THR,A_11_LEU)
printing pajek edge (A_86_LEU,A_87_VAL)
printing pajek edge (A_186_GLY,A_187_GLY)
printing pajek edge (A_37_ARG,A_120_PRO)
printing pajek edge (A_37_ARG,A_38_ALA)
printing pajek edge (A_4_VAL,A_5_ILE)
printing pajek edge (A_4_VAL,A_89_LEU)
printing pajek edge (A_214_HIS,A_222_ARG)
printing pajek edge (A_214_HIS,A_215_LEU)
printing pajek edge (A_184_PHE,A_186_GLY)
printing pajek edge (A_184_PHE,A_185_ASN)
printing pajek edge (A_184_PHE,A_185_ASN)
printing pajek edge (A_95_SER,A_110_LEU)
printing pajek edge (A_95_SER,A_96_THR)
printing pajek edge (A_147_LYS,A_148_ILE)
printing pajek edge (A_52_PRO,A_53_LYS)
printing pajek edge (A_52_PRO,A_55_SER)
printing pajek edge (A_10_LEU,A_14_VAL)
printing pajek edge (A_10_LEU,A_11_LEU)
printing pajek edge (A_112_ASP,A_113_PRO)
printing pajek edge (A_112_ASP,A_115_ALA)
printing pajek edge (A_112_ASP,A_116_ILE)
printing pajek edge (A_112_ASP,A_114_SER)
printing pajek edge (A_39_VAL,A_40_ASP)
printing pajek edge (A_5_ILE,A_57_GLU)
printing pajek edge (A_5_ILE,A_58_VAL)
printing pajek edge (A_5_ILE,A_6_MET)
printing pajek edge (A_35_HIS,A_36_SER)
printing pajek edge (A_35_HIS,A_36_SER)
printing pajek edge (A_35_HIS,A_37_ARG)
printing pajek edge (A_170_ASP,A_171_SER)
printing pajek edge (A_165_ALA,A_166_LYS)
printing pajek edge (A_165_ALA,A_172_ILE)
printing pajek edge (A_133_MET,A_211_LEU)
printing pajek edge (A_133_MET,A_134_ASP)
printing pajek edge (A_197_TYR,A_198_LEU)
printing pajek edge (A_197_TYR,A_201_PHE)
printing pajek edge (A_197_TYR,A_200_GLU)
printing pajek edge (A_172_ILE,A_173_VAL)
printing pajek edge (A_243_GLU,A_244_SER)
