Graph START

Adding vertex (chain-A, position-1, res-GLY)
New vertex id: 0
1 2 3 4 
Adding vertex (chain-A, position-2, res-GLU)
New vertex id: 1
5 6 7 8 9 
Adding vertex (chain-A, position-3, res-SER)
New vertex id: 2
10 11 12 13 14 15 
Adding vertex (chain-A, position-4, res-LEU)
New vertex id: 3
16 17 18 19 20 21 22 23 
Adding vertex (chain-A, position-5, res-PHE)
New vertex id: 4
24 25 26 27 28 29 30 31 32 33 34 
Adding vertex (chain-A, position-6, res-LYS)
New vertex id: 5
35 36 37 38 39 40 41 42 43 
Adding vertex (chain-A, position-7, res-GLY)
New vertex id: 6
44 45 46 47 
Adding vertex (chain-A, position-8, res-PRO)
New vertex id: 7
48 49 50 51 52 53 54 
Adding vertex (chain-A, position-9, res-ARG)
New vertex id: 8
55 56 57 58 59 60 61 62 63 64 65 
Adding vertex (chain-A, position-10, res-ASP)
New vertex id: 9
66 67 68 69 70 71 72 73 
Adding vertex (chain-A, position-11, res-TYR)
New vertex id: 10
74 75 76 77 78 79 80 81 82 83 84 85 
Adding vertex (chain-A, position-12, res-ASN)
New vertex id: 11
86 87 88 89 90 91 92 93 
Adding vertex (chain-A, position-13, res-PRO)
New vertex id: 12
94 95 96 97 98 99 100 
Adding vertex (chain-A, position-14, res-ILE)
New vertex id: 13
101 102 103 104 105 106 107 108 
Adding vertex (chain-A, position-15, res-SER)
New vertex id: 14
109 110 111 112 113 114 
Adding vertex (chain-A, position-16, res-SER)
New vertex id: 15
115 116 117 118 119 120 
Adding vertex (chain-A, position-17, res-THR)
New vertex id: 16
121 122 123 124 125 126 127 
Adding vertex (chain-A, position-18, res-ILE)
New vertex id: 17
128 129 130 131 132 133 134 135 
Adding vertex (chain-A, position-19, res-CYS)
New vertex id: 18
136 137 138 139 140 141 
Adding vertex (chain-A, position-20, res-HIS)
New vertex id: 19
142 143 144 145 146 147 148 149 150 151 
Adding vertex (chain-A, position-21, res-LEU)
New vertex id: 20
152 153 154 155 156 157 158 159 
Adding vertex (chain-A, position-22, res-THR)
New vertex id: 21
160 161 162 163 164 165 166 
Adding vertex (chain-A, position-23, res-ASN)
New vertex id: 22
167 168 169 170 171 172 173 174 
Adding vertex (chain-A, position-24, res-GLU)
New vertex id: 23
175 176 177 178 179 180 181 182 183 
Adding vertex (chain-A, position-25, res-SER)
New vertex id: 24
184 185 186 187 188 189 
Adding vertex (chain-A, position-26, res-ASP)
New vertex id: 25
190 191 192 193 194 195 196 197 
Adding vertex (chain-A, position-27, res-GLY)
New vertex id: 26
198 199 200 201 
Adding vertex (chain-A, position-28, res-HIS)
New vertex id: 27
202 203 204 205 206 207 208 209 210 211 
Adding vertex (chain-A, position-29, res-THR)
New vertex id: 28
212 213 214 215 216 217 218 
Adding vertex (chain-A, position-30, res-THR)
New vertex id: 29
219 220 221 222 223 224 225 
Adding vertex (chain-A, position-31, res-SER)
New vertex id: 30
226 227 228 229 230 231 
Adding vertex (chain-A, position-32, res-LEU)
New vertex id: 31
232 233 234 235 236 237 238 239 
Adding vertex (chain-A, position-33, res-TYR)
New vertex id: 32
240 241 242 243 244 245 246 247 248 249 250 251 
Adding vertex (chain-A, position-34, res-GLY)
New vertex id: 33
252 253 254 255 
Adding vertex (chain-A, position-35, res-ILE)
New vertex id: 34
256 257 258 259 260 261 262 263 
Adding vertex (chain-A, position-36, res-GLY)
New vertex id: 35
264 265 266 267 
Adding vertex (chain-A, position-37, res-PHE)
New vertex id: 36
268 269 270 271 272 273 274 275 276 277 278 
Adding vertex (chain-A, position-38, res-GLY)
New vertex id: 37
279 280 281 282 
Adding vertex (chain-A, position-39, res-PRO)
New vertex id: 38
283 284 285 286 287 288 289 
Adding vertex (chain-A, position-40, res-PHE)
New vertex id: 39
290 291 292 293 294 295 296 297 298 299 300 
Adding vertex (chain-A, position-41, res-ILE)
New vertex id: 40
301 302 303 304 305 306 307 308 
Adding vertex (chain-A, position-42, res-ILE)
New vertex id: 41
309 310 311 312 313 314 315 316 
Adding vertex (chain-A, position-43, res-THR)
New vertex id: 42
317 318 319 320 321 322 323 
Adding vertex (chain-A, position-44, res-ASN)
New vertex id: 43
324 325 326 327 328 329 330 331 
Adding vertex (chain-A, position-45, res-LYS)
New vertex id: 44
332 333 334 335 336 337 338 339 340 
Adding vertex (chain-A, position-46, res-HIS)
New vertex id: 45
341 342 343 344 345 346 347 348 349 350 
Adding vertex (chain-A, position-47, res-LEU)
New vertex id: 46
351 352 353 354 355 356 357 358 
Adding vertex (chain-A, position-48, res-PHE)
New vertex id: 47
359 360 361 362 363 364 365 366 367 368 369 
Adding vertex (chain-A, position-49, res-ARG)
New vertex id: 48
370 371 372 373 374 375 376 377 378 379 380 
Adding vertex (chain-A, position-50, res-ARG)
New vertex id: 49
381 382 383 384 385 386 387 388 389 390 391 
Adding vertex (chain-A, position-51, res-ASN)
New vertex id: 50
392 393 394 395 396 397 398 399 
Adding vertex (chain-A, position-52, res-ASN)
New vertex id: 51
400 401 402 403 404 405 406 407 
Adding vertex (chain-A, position-53, res-GLY)
New vertex id: 52
408 409 410 411 
Adding vertex (chain-A, position-54, res-THR)
New vertex id: 53
412 413 414 415 416 417 418 
Adding vertex (chain-A, position-55, res-LEU)
New vertex id: 54
419 420 421 422 423 424 425 426 
Adding vertex (chain-A, position-56, res-LEU)
New vertex id: 55
427 428 429 430 431 432 433 434 
Adding vertex (chain-A, position-57, res-VAL)
New vertex id: 56
435 436 437 438 439 440 441 
Adding vertex (chain-A, position-58, res-GLN)
New vertex id: 57
442 443 444 445 446 447 448 449 450 
Adding vertex (chain-A, position-59, res-SER)
New vertex id: 58
451 452 453 454 455 456 
Adding vertex (chain-A, position-60, res-LEU)
New vertex id: 59
457 458 459 460 461 462 463 464 
Adding vertex (chain-A, position-61, res-HIS)
New vertex id: 60
465 466 467 468 469 470 471 472 473 474 
Adding vertex (chain-A, position-62, res-GLY)
New vertex id: 61
475 476 477 478 
Adding vertex (chain-A, position-63, res-VAL)
New vertex id: 62
479 480 481 482 483 484 485 
Adding vertex (chain-A, position-64, res-PHE)
New vertex id: 63
486 487 488 489 490 491 492 493 494 495 496 
Adding vertex (chain-A, position-65, res-LYS)
New vertex id: 64
497 498 499 500 501 502 503 504 505 
Adding vertex (chain-A, position-66, res-VAL)
New vertex id: 65
506 507 508 509 510 511 512 
Adding vertex (chain-A, position-67, res-LYS)
New vertex id: 66
513 514 515 516 517 518 519 520 521 
Adding vertex (chain-A, position-68, res-ASN)
New vertex id: 67
522 523 524 525 526 527 528 529 
Adding vertex (chain-A, position-69, res-THR)
New vertex id: 68
530 531 532 533 534 535 536 
Adding vertex (chain-A, position-70, res-THR)
New vertex id: 69
537 538 539 540 541 542 543 
Adding vertex (chain-A, position-71, res-THR)
New vertex id: 70
544 545 546 547 548 549 550 
Adding vertex (chain-A, position-72, res-LEU)
New vertex id: 71
551 552 553 554 555 556 557 558 
Adding vertex (chain-A, position-73, res-GLN)
New vertex id: 72
559 560 561 562 563 564 565 566 567 
Adding vertex (chain-A, position-74, res-GLN)
New vertex id: 73
568 569 570 571 572 573 574 575 576 
Adding vertex (chain-A, position-75, res-HIS)
New vertex id: 74
577 578 579 580 581 582 583 584 585 586 
Adding vertex (chain-A, position-76, res-LEU)
New vertex id: 75
587 588 589 590 591 592 593 594 
Adding vertex (chain-A, position-77, res-ILE)
New vertex id: 76
595 596 597 598 599 600 601 602 
Adding vertex (chain-A, position-78, res-ASP)
New vertex id: 77
603 604 605 606 607 608 609 610 
Adding vertex (chain-A, position-79, res-GLY)
New vertex id: 78
611 612 613 614 
Adding vertex (chain-A, position-80, res-ARG)
New vertex id: 79
615 616 617 618 619 620 621 622 623 624 625 
Adding vertex (chain-A, position-81, res-ASP)
New vertex id: 80
626 627 628 629 630 631 632 633 
Adding vertex (chain-A, position-82, res-MET)
New vertex id: 81
634 635 636 637 638 639 640 641 
Adding vertex (chain-A, position-83, res-ILE)
New vertex id: 82
642 643 644 645 646 647 648 649 
Adding vertex (chain-A, position-84, res-ILE)
New vertex id: 83
650 651 652 653 654 655 656 657 
Adding vertex (chain-A, position-85, res-ILE)
New vertex id: 84
658 659 660 661 662 663 664 665 
Adding vertex (chain-A, position-86, res-ARG)
New vertex id: 85
666 667 668 669 670 671 672 673 674 675 676 
Adding vertex (chain-A, position-87, res-MET)
New vertex id: 86
677 678 679 680 681 682 683 684 
Adding vertex (chain-A, position-88, res-PRO)
New vertex id: 87
685 686 687 688 689 690 691 
Adding vertex (chain-A, position-89, res-LYS)
New vertex id: 88
692 693 694 695 696 697 698 699 700 
Adding vertex (chain-A, position-90, res-ASP)
New vertex id: 89
701 702 703 704 705 706 707 708 
Adding vertex (chain-A, position-91, res-PHE)
New vertex id: 90
709 710 711 712 713 714 715 716 717 718 719 
Adding vertex (chain-A, position-92, res-PRO)
New vertex id: 91
720 721 722 723 724 725 726 
Adding vertex (chain-A, position-93, res-PRO)
New vertex id: 92
727 728 729 730 731 732 733 
Adding vertex (chain-A, position-94, res-PHE)
New vertex id: 93
734 735 736 737 738 739 740 741 742 743 744 
Adding vertex (chain-A, position-95, res-PRO)
New vertex id: 94
745 746 747 748 749 750 751 
Adding vertex (chain-A, position-96, res-GLN)
New vertex id: 95
752 753 754 755 756 757 758 759 760 
Adding vertex (chain-A, position-97, res-LYS)
New vertex id: 96
761 762 763 764 765 766 767 768 769 
Adding vertex (chain-A, position-98, res-LEU)
New vertex id: 97
770 771 772 773 774 775 776 777 
Adding vertex (chain-A, position-99, res-LYS)
New vertex id: 98
778 779 780 781 782 783 784 785 786 
Adding vertex (chain-A, position-100, res-PHE)
New vertex id: 99
787 788 789 790 791 792 793 794 795 796 797 
Adding vertex (chain-A, position-101, res-ARG)
New vertex id: 100
798 799 800 801 802 803 804 805 806 807 808 
Adding vertex (chain-A, position-102, res-GLU)
New vertex id: 101
809 810 811 812 813 814 815 816 817 
Adding vertex (chain-A, position-103, res-PRO)
New vertex id: 102
818 819 820 821 822 823 824 
Adding vertex (chain-A, position-104, res-GLN)
New vertex id: 103
825 826 827 828 829 830 831 832 833 
Adding vertex (chain-A, position-105, res-ARG)
New vertex id: 104
834 835 836 837 838 839 840 841 842 843 844 
Adding vertex (chain-A, position-106, res-GLU)
New vertex id: 105
845 846 847 848 849 850 851 852 853 
Adding vertex (chain-A, position-107, res-GLU)
New vertex id: 106
854 855 856 857 858 859 860 861 862 
Adding vertex (chain-A, position-108, res-ARG)
New vertex id: 107
863 864 865 866 867 868 869 870 871 872 873 
Adding vertex (chain-A, position-109, res-ILE)
New vertex id: 108
874 875 876 877 878 879 880 881 
Adding vertex (chain-A, position-110, res-CYS)
New vertex id: 109
882 883 884 885 886 887 
Adding vertex (chain-A, position-111, res-LEU)
New vertex id: 110
888 889 890 891 892 893 894 895 
Adding vertex (chain-A, position-112, res-VAL)
New vertex id: 111
896 897 898 899 900 901 902 
Adding vertex (chain-A, position-113, res-THR)
New vertex id: 112
903 904 905 906 907 908 909 
Adding vertex (chain-A, position-114, res-THR)
New vertex id: 113
910 911 912 913 914 915 916 
Adding vertex (chain-A, position-115, res-ASN)
New vertex id: 114
917 918 919 920 921 922 923 924 
Adding vertex (chain-A, position-116, res-PHE)
New vertex id: 115
925 926 927 928 929 930 931 932 933 934 935 
Adding vertex (chain-A, position-117, res-GLN)
New vertex id: 116
936 937 938 939 940 941 942 943 944 
Adding vertex (chain-A, position-118, res-THR)
New vertex id: 117
945 946 947 948 949 
Adding vertex (chain-A, position-119, res-LYS)
New vertex id: 118
950 951 952 953 954 
Adding vertex (chain-A, position-120, res-SER)
New vertex id: 119
955 956 957 958 959 
Adding vertex (chain-A, position-121, res-MET)
New vertex id: 120
960 961 962 963 964 965 966 967 
Adding vertex (chain-A, position-122, res-SER)
New vertex id: 121
968 969 970 971 972 973 
Adding vertex (chain-A, position-123, res-SER)
New vertex id: 122
974 975 976 977 978 979 
Adding vertex (chain-A, position-124, res-MET)
New vertex id: 123
980 981 982 983 984 985 986 987 
Adding vertex (chain-A, position-125, res-VAL)
New vertex id: 124
988 989 990 991 992 993 994 
Adding vertex (chain-A, position-126, res-SER)
New vertex id: 125
995 996 997 998 999 1000 
Adding vertex (chain-A, position-127, res-ASP)
New vertex id: 126
1001 1002 1003 1004 1005 1006 1007 1008 
Adding vertex (chain-A, position-128, res-THR)
New vertex id: 127
1009 1010 1011 1012 1013 1014 1015 
Adding vertex (chain-A, position-129, res-SER)
New vertex id: 128
1016 1017 1018 1019 1020 1021 
Adding vertex (chain-A, position-130, res-CYS)
New vertex id: 129
1022 1023 1024 1025 1026 1027 
Adding vertex (chain-A, position-131, res-THR)
New vertex id: 130
1028 1029 1030 1031 1032 1033 1034 
Adding vertex (chain-A, position-132, res-PHE)
New vertex id: 131
1035 1036 1037 1038 1039 1040 1041 1042 1043 1044 1045 
Adding vertex (chain-A, position-133, res-PRO)
New vertex id: 132
1046 1047 1048 1049 1050 1051 1052 
Adding vertex (chain-A, position-134, res-SER)
New vertex id: 133
1053 1054 1055 1056 1057 1058 
Adding vertex (chain-A, position-135, res-SER)
New vertex id: 134
1059 1060 1061 1062 1063 1064 
Adding vertex (chain-A, position-136, res-ASP)
New vertex id: 135
1065 1066 1067 1068 1069 1070 1071 1072 
Adding vertex (chain-A, position-137, res-GLY)
New vertex id: 136
1073 1074 1075 1076 
Adding vertex (chain-A, position-138, res-ILE)
New vertex id: 137
1077 1078 1079 1080 1081 1082 1083 1084 
Adding vertex (chain-A, position-139, res-PHE)
New vertex id: 138
1085 1086 1087 1088 1089 1090 1091 1092 1093 1094 1095 
Adding vertex (chain-A, position-140, res-TRP)
New vertex id: 139
1096 1097 1098 1099 1100 1101 1102 1103 1104 1105 1106 1107 1108 1109 
Adding vertex (chain-A, position-141, res-LYS)
New vertex id: 140
1110 1111 1112 1113 1114 1115 1116 1117 1118 
Adding vertex (chain-A, position-142, res-HIS)
New vertex id: 141
1119 1120 1121 1122 1123 1124 1125 1126 1127 1128 
Adding vertex (chain-A, position-143, res-TRP)
New vertex id: 142
1129 1130 1131 1132 1133 1134 1135 1136 1137 1138 1139 1140 1141 1142 
Adding vertex (chain-A, position-144, res-ILE)
New vertex id: 143
1143 1144 1145 1146 1147 1148 1149 1150 
Adding vertex (chain-A, position-145, res-GLN)
New vertex id: 144
1151 1152 1153 1154 1155 1156 1157 1158 1159 
Adding vertex (chain-A, position-146, res-THR)
New vertex id: 145
1160 1161 1162 1163 1164 1165 1166 
Adding vertex (chain-A, position-147, res-LYS)
New vertex id: 146
1167 1168 1169 1170 1171 1172 1173 1174 1175 
Adding vertex (chain-A, position-148, res-ASP)
New vertex id: 147
1176 1177 1178 1179 1180 1181 1182 1183 
Adding vertex (chain-A, position-149, res-GLY)
New vertex id: 148
1184 1185 1186 1187 
Adding vertex (chain-A, position-150, res-GLN)
New vertex id: 149
1188 1189 1190 1191 1192 1193 1194 1195 1196 
Adding vertex (chain-A, position-151, res-CYS)
New vertex id: 150
1197 1198 1199 1200 1201 1202 
Adding vertex (chain-A, position-152, res-GLY)
New vertex id: 151
1203 1204 1205 1206 
Adding vertex (chain-A, position-153, res-SER)
New vertex id: 152
1207 1208 1209 1210 1211 1212 
Adding vertex (chain-A, position-154, res-PRO)
New vertex id: 153
1213 1214 1215 1216 1217 1218 1219 
Adding vertex (chain-A, position-155, res-LEU)
New vertex id: 154
1220 1221 1222 1223 1224 1225 1226 1227 
Adding vertex (chain-A, position-156, res-VAL)
New vertex id: 155
1228 1229 1230 1231 1232 1233 1234 
Adding vertex (chain-A, position-157, res-SER)
New vertex id: 156
1235 1236 1237 1238 1239 1240 
Adding vertex (chain-A, position-158, res-THR)
New vertex id: 157
1241 1242 1243 1244 1245 1246 1247 
Adding vertex (chain-A, position-159, res-ARG)
New vertex id: 158
1248 1249 1250 1251 1252 1253 1254 1255 1256 1257 1258 
Adding vertex (chain-A, position-160, res-ASP)
New vertex id: 159
1259 1260 1261 1262 1263 1264 1265 1266 
Adding vertex (chain-A, position-161, res-GLY)
New vertex id: 160
1267 1268 1269 1270 
Adding vertex (chain-A, position-162, res-PHE)
New vertex id: 161
1271 1272 1273 1274 1275 1276 1277 1278 1279 1280 1281 
Adding vertex (chain-A, position-163, res-ILE)
New vertex id: 162
1282 1283 1284 1285 1286 1287 1288 1289 
Adding vertex (chain-A, position-164, res-VAL)
New vertex id: 163
1290 1291 1292 1293 1294 1295 1296 
Adding vertex (chain-A, position-165, res-GLY)
New vertex id: 164
1297 1298 1299 1300 
Adding vertex (chain-A, position-166, res-ILE)
New vertex id: 165
1301 1302 1303 1304 1305 1306 1307 1308 
Adding vertex (chain-A, position-167, res-HIS)
New vertex id: 166
1309 1310 1311 1312 1313 1314 1315 1316 1317 1318 
Adding vertex (chain-A, position-168, res-SER)
New vertex id: 167
1319 1320 1321 1322 1323 1324 
Adding vertex (chain-A, position-169, res-ALA)
New vertex id: 168
1325 1326 1327 1328 1329 
Adding vertex (chain-A, position-170, res-SER)
New vertex id: 169
1330 1331 1332 1333 1334 1335 
Adding vertex (chain-A, position-171, res-ASN)
New vertex id: 170
1336 1337 1338 1339 1340 1341 1342 1343 
Adding vertex (chain-A, position-172, res-PHE)
New vertex id: 171
1344 1345 1346 1347 1348 1349 1350 1351 1352 1353 1354 
Adding vertex (chain-A, position-173, res-THR)
New vertex id: 172
1355 1356 1357 1358 1359 1360 1361 
Adding vertex (chain-A, position-174, res-ASN)
New vertex id: 173
1362 1363 1364 1365 1366 1367 1368 1369 
Adding vertex (chain-A, position-175, res-THR)
New vertex id: 174
1370 1371 1372 1373 1374 1375 1376 
Adding vertex (chain-A, position-176, res-ASN)
New vertex id: 175
1377 1378 1379 1380 1381 1382 1383 1384 
Adding vertex (chain-A, position-177, res-ASN)
New vertex id: 176
1385 1386 1387 1388 1389 1390 1391 1392 
Adding vertex (chain-A, position-178, res-TYR)
New vertex id: 177
1393 1394 1395 1396 1397 1398 1399 1400 1401 1402 1403 1404 
Adding vertex (chain-A, position-179, res-PHE)
New vertex id: 178
1405 1406 1407 1408 1409 1410 1411 1412 1413 1414 1415 
Adding vertex (chain-A, position-180, res-THR)
New vertex id: 179
1416 1417 1418 1419 1420 1421 1422 
Adding vertex (chain-A, position-181, res-SER)
New vertex id: 180
1423 1424 1425 1426 1427 1428 
Adding vertex (chain-A, position-182, res-VAL)
New vertex id: 181
1429 1430 1431 1432 1433 1434 1435 
Adding vertex (chain-A, position-183, res-PRO)
New vertex id: 182
1436 1437 1438 1439 1440 1441 1442 
Adding vertex (chain-A, position-184, res-LYS)
New vertex id: 183
1443 1444 1445 1446 1447 1448 1449 1450 1451 
Adding vertex (chain-A, position-185, res-ASN)
New vertex id: 184
1452 1453 1454 1455 1456 1457 1458 1459 
Adding vertex (chain-A, position-186, res-PHE)
New vertex id: 185
1460 1461 1462 1463 1464 1465 1466 1467 1468 1469 1470 
Adding vertex (chain-A, position-187, res-MET)
New vertex id: 186
1471 1472 1473 1474 1475 1476 1477 1478 
Adding vertex (chain-A, position-188, res-GLU)
New vertex id: 187
1479 1480 1481 1482 1483 1484 1485 1486 1487 
Adding vertex (chain-A, position-189, res-LEU)
New vertex id: 188
1488 1489 1490 1491 1492 1493 1494 1495 
Adding vertex (chain-A, position-190, res-LEU)
New vertex id: 189
1496 1497 1498 1499 1500 1501 1502 1503 
Adding vertex (chain-A, position-191, res-THR)
New vertex id: 190
1504 1505 1506 1507 1508 1509 1510 
Adding vertex (chain-A, position-192, res-ASN)
New vertex id: 191
1511 1512 1513 1514 1515 1516 1517 1518 
Adding vertex (chain-A, position-193, res-GLN)
New vertex id: 192
1519 1520 1521 1522 1523 1524 1525 1526 1527 
Adding vertex (chain-A, position-194, res-GLU)
New vertex id: 193
1528 1529 1530 1531 1532 1533 1534 1535 1536 
Adding vertex (chain-A, position-195, res-ALA)
New vertex id: 194
1537 1538 1539 1540 1541 
Adding vertex (chain-A, position-196, res-GLN)
New vertex id: 195
1542 1543 1544 1545 1546 1547 1548 1549 1550 
Adding vertex (chain-A, position-197, res-GLN)
New vertex id: 196
1551 1552 1553 1554 1555 1556 1557 1558 1559 
Adding vertex (chain-A, position-198, res-TRP)
New vertex id: 197
1560 1561 1562 1563 1564 1565 1566 1567 1568 1569 1570 1571 1572 1573 
Adding vertex (chain-A, position-199, res-VAL)
New vertex id: 198
1574 1575 1576 1577 1578 1579 1580 
Adding vertex (chain-A, position-200, res-SER)
New vertex id: 199
1581 1582 1583 1584 1585 1586 
Adding vertex (chain-A, position-201, res-GLY)
New vertex id: 200
1587 1588 1589 1590 
Adding vertex (chain-A, position-202, res-TRP)
New vertex id: 201
1591 1592 1593 1594 1595 1596 1597 1598 1599 1600 1601 1602 1603 1604 
Adding vertex (chain-A, position-203, res-ARG)
New vertex id: 202
1605 1606 1607 1608 1609 1610 1611 1612 1613 1614 1615 
Adding vertex (chain-A, position-204, res-LEU)
New vertex id: 203
1616 1617 1618 1619 1620 1621 1622 1623 
Adding vertex (chain-A, position-205, res-ASN)
New vertex id: 204
1624 1625 1626 1627 1628 
Adding vertex (chain-A, position-206, res-ALA)
New vertex id: 205
1629 1630 1631 1632 1633 
Adding vertex (chain-A, position-207, res-ASP)
New vertex id: 206
1634 1635 1636 1637 1638 1639 1640 1641 
Adding vertex (chain-A, position-208, res-SER)
New vertex id: 207
1642 1643 1644 1645 1646 1647 
Adding vertex (chain-A, position-209, res-VAL)
New vertex id: 208
1648 1649 1650 1651 1652 1653 1654 
Adding vertex (chain-A, position-210, res-LEU)
New vertex id: 209
1655 1656 1657 1658 1659 1660 1661 1662 
Adding vertex (chain-A, position-211, res-TRP)
New vertex id: 210
1663 1664 1665 1666 1667 1668 1669 1670 1671 1672 1673 1674 1675 1676 
Adding vertex (chain-A, position-212, res-GLY)
New vertex id: 211
1677 1678 1679 1680 
Adding vertex (chain-A, position-213, res-GLY)
New vertex id: 212
1681 1682 1683 1684 
Adding vertex (chain-A, position-214, res-HIS)
New vertex id: 213
1685 1686 1687 1688 1689 1690 1691 1692 1693 1694 
Adding vertex (chain-A, position-215, res-LYS)
New vertex id: 214
1695 1696 1697 1698 1699 1700 1701 1702 1703 
Adding vertex (chain-A, position-216, res-VAL)
New vertex id: 215
1704 1705 1706 1707 1708 1709 1710 
Adding vertex (chain-A, position-217, res-PHE)
New vertex id: 216
1711 1712 1713 1714 1715 1716 1717 1718 1719 1720 1721 
Adding vertex (chain-A, position-218, res-MET)
New vertex id: 217
1722 1723 1724 1725 1726 1727 1728 1729 
Adding vertex (chain-A, position-219, res-ASP)
New vertex id: 218
1730 1731 1732 1733 1734 1735 1736 1737 
Adding vertex (chain-A, position-220, res-LYS)
New vertex id: 219
1738 1739 1740 1741 1742 1743 1744 1745 1746 
Adding vertex (chain-A, position-221, res-PRO)
New vertex id: 220
1747 1748 1749 1750 1751 1752 1753 
Graph DONE

( reduce -FLIPs 1LVM.pdb > 1LVM.H.pdb ) >& /dev/null
Reduce (-FLIPs) returned 0
( bndlst -Radius0.3 1LVM.H.pdb > 1LVM.H.bndlst ) >& /dev/null
BndLst returned 0
Parsing 1LVM.H.bndlst

bndlst START
Adding bndlst edge: (A_G1_MC -> A_E2_MC) type[cov], weight[1.00] from 0 to 1 dist[1.33]
Adding bndlst edge: (A_G1_MC -> A_L4_MC) type[hb], weight[0.74] from 0 to 3 dist[2.32]
Adding bndlst edge: (A_G1_MC -> A_S3_MC) type[hb], weight[0.46] from 0 to 2 dist[2.93]
Adding bndlst edge: (A_E2_MC -> A_S3_MC) type[cov], weight[1.00] from 1 to 2 dist[1.33]
Adding bndlst edge: (A_S3_MC -> A_L4_MC) type[cov], weight[1.00] from 2 to 3 dist[1.33]
Adding bndlst edge: (A_L4_MC -> A_F5_MC) type[cov], weight[1.00] from 3 to 4 dist[1.33]
Adding bndlst edge: (A_F5_MC -> A_K6_MC) type[cov], weight[1.00] from 4 to 5 dist[1.33]
Adding bndlst edge: (A_K6_MC -> A_G7_MC) type[cov], weight[1.00] from 5 to 6 dist[1.32]
Adding bndlst edge: (A_G7_MC -> A_P8_MC) type[cov], weight[1.00] from 6 to 7 dist[1.31]
Adding bndlst edge: (A_P8_MC -> A_R9_MC) type[cov], weight[1.00] from 7 to 8 dist[1.33]
Adding bndlst edge: (A_R9_MC -> A_D10_MC) type[cov], weight[1.00] from 8 to 9 dist[1.33]
Adding bndlst edge: (A_R9_SC -> A_T158_MC) type[hb], weight[0.45] from 8 to 157 dist[3.00]
Adding bndlst edge: (A_R9_SC -> A_T158_MC) type[hb], weight[0.92] from 8 to 157 dist[2.08]
Adding bndlst edge: (A_R9_SC -> A_R159_MC) type[hb], weight[0.54] from 8 to 158 dist[2.72]
Adding bndlst edge: (A_D10_MC -> A_Y11_MC) type[cov], weight[1.00] from 9 to 10 dist[1.34]
Adding bndlst edge: (A_D10_SC -> A_N12_MC) type[hb], weight[1.01] from 9 to 11 dist[1.99]
Adding bndlst edge: (A_D10_SC -> A_N12_SC) type[hb], weight[1.36] from 9 to 11 dist[1.71]
Adding bndlst edge: (A_Y11_MC -> A_N12_MC) type[cov], weight[1.00] from 10 to 11 dist[1.33]
Adding bndlst edge: (A_Y11_MC -> A_S15_MC) type[hb], weight[1.10] from 10 to 14 dist[1.91]
Adding bndlst edge: (A_Y11_MC -> A_I14_MC) type[hb], weight[0.71] from 10 to 13 dist[2.37]
Adding bndlst edge: (A_Y11_SC -> A_C110_SC) type[hb], weight[0.36] from 10 to 109 dist[3.34]
Adding bndlst edge: (A_Y11_SC -> A_C110_SC) type[hb], weight[0.46] from 10 to 109 dist[2.96]
Adding bndlst edge: (A_Y11_SC -> A_C110_SC) type[hb], weight[0.45] from 10 to 109 dist[2.97]
Adding bndlst edge: (A_N12_MC -> A_P13_MC) type[cov], weight[1.00] from 11 to 12 dist[1.36]
Adding bndlst edge: (A_N12_MC -> A_S16_SC) type[hb], weight[0.94] from 11 to 15 dist[2.06]
Adding bndlst edge: (A_N12_MC -> A_S16_MC) type[hb], weight[1.14] from 11 to 15 dist[1.87]
Adding bndlst edge: (A_N12_SC -> A_S123_SC) type[cov], weight[1.00] from 11 to 122 dist[1.61]
Adding bndlst edge: (A_P13_MC -> A_I14_MC) type[cov], weight[1.00] from 12 to 13 dist[1.32]
Adding bndlst edge: (A_P13_MC -> A_S16_SC) type[hb], weight[0.56] from 12 to 15 dist[2.67]
Adding bndlst edge: (A_I14_MC -> A_S15_MC) type[cov], weight[1.00] from 13 to 14 dist[1.34]
Adding bndlst edge: (A_I14_MC -> A_T17_SC) type[hb], weight[1.30] from 13 to 16 dist[1.75]
Adding bndlst edge: (A_I14_MC -> A_T17_MC) type[hb], weight[1.06] from 13 to 16 dist[1.95]
Adding bndlst edge: (A_S15_MC -> A_S16_MC) type[cov], weight[1.00] from 14 to 15 dist[1.33]
Adding bndlst edge: (A_S15_MC -> A_T17_MC) type[hb], weight[0.45] from 14 to 16 dist[2.97]
Adding bndlst edge: (A_S15_MC -> A_T114_SC) type[hb], weight[1.17] from 14 to 113 dist[1.85]
Adding bndlst edge: (A_S15_MC -> A_I18_MC) type[hb], weight[0.85] from 14 to 17 dist[2.17]
Adding bndlst edge: (A_S16_MC -> A_T17_MC) type[cov], weight[1.00] from 15 to 16 dist[1.33]
Adding bndlst edge: (A_T17_MC -> A_I18_MC) type[cov], weight[1.00] from 16 to 17 dist[1.32]
Adding bndlst edge: (A_T17_MC -> A_G36_MC) type[hb], weight[1.18] from 16 to 35 dist[1.84]
Adding bndlst edge: (A_I18_MC -> A_C19_MC) type[cov], weight[1.00] from 17 to 18 dist[1.34]
Adding bndlst edge: (A_C19_MC -> A_H20_MC) type[cov], weight[1.00] from 18 to 19 dist[1.32]
Adding bndlst edge: (A_C19_MC -> A_G34_MC) type[hb], weight[1.09] from 18 to 33 dist[1.92]
Adding bndlst edge: (A_C19_MC -> A_G34_MC) type[hb], weight[1.04] from 18 to 33 dist[1.96]
Adding bndlst edge: (A_C19_SC -> A_F94_SC) type[hb], weight[0.46] from 18 to 93 dist[2.96]
Adding bndlst edge: (A_H20_MC -> A_L21_MC) type[cov], weight[1.00] from 19 to 20 dist[1.34]
Adding bndlst edge: (A_H20_MC -> A_Q58_MC) type[hb], weight[1.19] from 19 to 57 dist[1.83]
Adding bndlst edge: (A_H20_SC -> A_L21_MC) type[hb], weight[0.36] from 19 to 20 dist[3.31]
Adding bndlst edge: (A_H20_MC -> A_Q58_MC) type[hb], weight[1.09] from 19 to 57 dist[1.92]
Adding bndlst edge: (A_H20_SC -> A_Y33_SC) type[hb], weight[0.52] from 19 to 32 dist[2.79]
Adding bndlst edge: (A_H20_SC -> A_Y33_SC) type[hb], weight[0.53] from 19 to 32 dist[2.75]
Adding bndlst edge: (A_H20_SC -> A_Y33_SC) type[hb], weight[0.45] from 19 to 32 dist[2.97]
Adding bndlst edge: (A_H20_SC -> A_Y33_SC) type[hb], weight[0.45] from 19 to 32 dist[2.98]
Adding bndlst edge: (A_H20_SC -> A_Y33_SC) type[hb], weight[0.60] from 19 to 32 dist[2.57]
Adding bndlst edge: (A_H20_SC -> A_Y33_SC) type[hb], weight[0.61] from 19 to 32 dist[2.56]
Adding bndlst edge: (A_L21_MC -> A_T22_MC) type[cov], weight[1.00] from 20 to 21 dist[1.33]
Adding bndlst edge: (A_L21_MC -> A_L32_MC) type[hb], weight[0.92] from 20 to 31 dist[2.08]
Adding bndlst edge: (A_L21_MC -> A_L32_MC) type[hb], weight[1.34] from 20 to 31 dist[1.73]
Adding bndlst edge: (A_T22_MC -> A_N23_MC) type[cov], weight[1.00] from 21 to 22 dist[1.34]
Adding bndlst edge: (A_T22_MC -> A_L56_MC) type[hb], weight[1.06] from 21 to 55 dist[1.95]
Adding bndlst edge: (A_T22_SC -> A_S31_SC) type[hb], weight[1.25] from 21 to 30 dist[1.79]
Adding bndlst edge: (A_T22_MC -> A_L56_MC) type[hb], weight[0.96] from 21 to 55 dist[2.04]
Adding bndlst edge: (A_N23_MC -> A_E24_MC) type[cov], weight[1.00] from 22 to 23 dist[1.33]
Adding bndlst edge: (A_N23_MC -> A_T30_MC) type[hb], weight[0.98] from 22 to 29 dist[2.02]
Adding bndlst edge: (A_N23_MC -> A_T30_MC) type[hb], weight[1.19] from 22 to 29 dist[1.83]
Adding bndlst edge: (A_N23_SC -> A_R50_MC) type[hb], weight[0.93] from 22 to 49 dist[2.07]
Adding bndlst edge: (A_N23_SC -> A_L47_MC) type[hb], weight[1.09] from 22 to 46 dist[1.91]
Adding bndlst edge: (A_E24_MC -> A_S25_MC) type[cov], weight[1.00] from 23 to 24 dist[1.33]
Adding bndlst edge: (A_E24_MC -> A_T54_MC) type[hb], weight[0.91] from 23 to 53 dist[2.10]
Adding bndlst edge: (A_E24_MC -> A_T54_MC) type[hb], weight[0.89] from 23 to 53 dist[2.12]
Adding bndlst edge: (A_S25_MC -> A_D26_MC) type[cov], weight[1.00] from 24 to 25 dist[1.33]
Adding bndlst edge: (A_S25_MC -> A_H28_MC) type[hb], weight[1.06] from 24 to 27 dist[1.94]
Adding bndlst edge: (A_S25_SC -> A_N52_MC) type[hb], weight[0.53] from 24 to 51 dist[2.74]
Adding bndlst edge: (A_S25_MC -> A_H28_MC) type[hb], weight[1.00] from 24 to 27 dist[2.00]
Adding bndlst edge: (A_S25_SC -> A_D26_SC) type[hb], weight[1.32] from 24 to 25 dist[1.74]
Adding bndlst edge: (A_D26_MC -> A_G27_MC) type[cov], weight[1.00] from 25 to 26 dist[1.32]
Adding bndlst edge: (A_D26_MC -> A_H28_SC) type[hb], weight[0.53] from 25 to 27 dist[2.76]
Adding bndlst edge: (A_D26_MC -> A_H28_MC) type[hb], weight[0.45] from 25 to 27 dist[2.96]
Adding bndlst edge: (A_D26_SC -> A_N52_SC) type[hb], weight[1.03] from 25 to 51 dist[1.97]
Adding bndlst edge: (A_G27_MC -> A_H28_MC) type[cov], weight[1.00] from 26 to 27 dist[1.34]
Adding bndlst edge: (A_H28_MC -> A_T29_MC) type[cov], weight[1.00] from 27 to 28 dist[1.32]
Adding bndlst edge: (A_T29_MC -> A_T30_MC) type[cov], weight[1.00] from 28 to 29 dist[1.34]
Adding bndlst edge: (A_T30_MC -> A_S31_MC) type[cov], weight[1.00] from 29 to 30 dist[1.33]
Adding bndlst edge: (A_S31_MC -> A_L32_MC) type[cov], weight[1.00] from 30 to 31 dist[1.32]
Adding bndlst edge: (A_L32_MC -> A_Y33_MC) type[cov], weight[1.00] from 31 to 32 dist[1.32]
Adding bndlst edge: (A_Y33_MC -> A_G34_MC) type[cov], weight[1.00] from 32 to 33 dist[1.32]
Adding bndlst edge: (A_Y33_MC -> A_T43_SC) type[hb], weight[1.39] from 32 to 42 dist[1.69]
Adding bndlst edge: (A_Y33_MC -> A_C151_MC) type[hb], weight[1.22] from 32 to 150 dist[1.81]
Adding bndlst edge: (A_G34_MC -> A_I35_MC) type[cov], weight[1.00] from 33 to 34 dist[1.34]
Adding bndlst edge: (A_I35_MC -> A_G36_MC) type[cov], weight[1.00] from 34 to 35 dist[1.33]
Adding bndlst edge: (A_I35_MC -> A_I42_MC) type[hb], weight[1.25] from 34 to 41 dist[1.79]
Adding bndlst edge: (A_I35_MC -> A_I42_MC) type[hb], weight[1.22] from 34 to 41 dist[1.81]
Adding bndlst edge: (A_G36_MC -> A_F37_MC) type[cov], weight[1.00] from 35 to 36 dist[1.32]
Adding bndlst edge: (A_F37_MC -> A_G38_MC) type[cov], weight[1.00] from 36 to 37 dist[1.32]
Adding bndlst edge: (A_F37_MC -> A_F40_MC) type[hb], weight[1.12] from 36 to 39 dist[1.89]
Adding bndlst edge: (A_F37_SC -> A_Q96_SC) type[hb], weight[0.52] from 36 to 95 dist[2.77]
Adding bndlst edge: (A_F37_SC -> A_Q96_SC) type[hb], weight[0.38] from 36 to 95 dist[3.26]
Adding bndlst edge: (A_F37_MC -> A_F40_MC) type[hb], weight[1.04] from 36 to 39 dist[1.96]
Adding bndlst edge: (A_G38_MC -> A_P39_MC) type[cov], weight[1.00] from 37 to 38 dist[1.36]
Adding bndlst edge: (A_G38_MC -> A_F40_MC) type[hb], weight[0.50] from 37 to 39 dist[2.82]
Adding bndlst edge: (A_G38_MC -> A_F94_MC) type[hb], weight[1.24] from 37 to 93 dist[1.79]
Adding bndlst edge: (A_G38_MC -> A_F94_MC) type[hb], weight[0.63] from 37 to 93 dist[2.52]
Adding bndlst edge: (A_G38_MC -> A_P95_MC) type[hb], weight[0.96] from 37 to 94 dist[2.04]
Adding bndlst edge: (A_P39_MC -> A_F40_MC) type[cov], weight[1.00] from 38 to 39 dist[1.33]
Adding bndlst edge: (A_P39_MC -> A_M87_MC) type[hb], weight[1.21] from 38 to 86 dist[1.82]
Adding bndlst edge: (A_F40_MC -> A_I41_MC) type[cov], weight[1.00] from 39 to 40 dist[1.34]
Adding bndlst edge: (A_F40_SC -> A_R86_SC) type[hb], weight[0.46] from 39 to 85 dist[2.95]
Adding bndlst edge: (A_F40_SC -> A_Q196_SC) type[hb], weight[0.37] from 39 to 195 dist[3.30]
Adding bndlst edge: (A_I41_MC -> A_I42_MC) type[cov], weight[1.00] from 40 to 41 dist[1.32]
Adding bndlst edge: (A_I41_MC -> A_I85_MC) type[hb], weight[1.08] from 40 to 84 dist[1.92]
Adding bndlst edge: (A_I41_MC -> A_I85_MC) type[hb], weight[0.98] from 40 to 84 dist[2.02]
Adding bndlst edge: (A_I42_MC -> A_T43_MC) type[cov], weight[1.00] from 41 to 42 dist[1.32]
Adding bndlst edge: (A_T43_MC -> A_N44_MC) type[cov], weight[1.00] from 42 to 43 dist[1.32]
Adding bndlst edge: (A_T43_MC -> A_I83_MC) type[hb], weight[1.09] from 42 to 82 dist[1.92]
Adding bndlst edge: (A_T43_SC -> A_N44_MC) type[hb], weight[1.00] from 42 to 43 dist[2.00]
Adding bndlst edge: (A_T43_MC -> A_I83_MC) type[hb], weight[0.90] from 42 to 82 dist[2.10]
Adding bndlst edge: (A_N44_MC -> A_K45_MC) type[cov], weight[1.00] from 43 to 44 dist[1.33]
Adding bndlst edge: (A_N44_MC -> A_L47_MC) type[hb], weight[0.86] from 43 to 46 dist[2.16]
Adding bndlst edge: (A_N44_SC -> A_H167_MC) type[hb], weight[0.83] from 43 to 166 dist[2.20]
Adding bndlst edge: (A_N44_SC -> A_D81_SC) type[hb], weight[1.07] from 43 to 80 dist[1.93]
Adding bndlst edge: (A_N44_SC -> A_S168_SC) type[hb], weight[0.52] from 43 to 167 dist[2.78]
Adding bndlst edge: (A_K45_MC -> A_H46_MC) type[cov], weight[1.00] from 44 to 45 dist[1.34]
Adding bndlst edge: (A_K45_MC -> A_F48_MC) type[hb], weight[1.04] from 44 to 47 dist[1.96]
Adding bndlst edge: (A_K45_MC -> A_L47_MC) type[hb], weight[0.51] from 44 to 46 dist[2.79]
Adding bndlst edge: (A_K45_MC -> A_D81_SC) type[hb], weight[0.62] from 44 to 80 dist[2.53]
Adding bndlst edge: (A_K45_MC -> A_D81_MC) type[hb], weight[0.56] from 44 to 80 dist[2.67]
Adding bndlst edge: (A_K45_SC -> A_I77_MC) type[hb], weight[1.35] from 44 to 76 dist[1.72]
Adding bndlst edge: (A_K45_SC -> A_R80_MC) type[hb], weight[0.51] from 44 to 79 dist[2.80]
Adding bndlst edge: (A_K45_SC -> A_R80_MC) type[hb], weight[0.62] from 44 to 79 dist[2.54]
Adding bndlst edge: (A_H46_MC -> A_L47_MC) type[cov], weight[1.00] from 45 to 46 dist[1.32]
Adding bndlst edge: (A_H46_MC -> A_R49_MC) type[hb], weight[0.76] from 45 to 48 dist[2.29]
Adding bndlst edge: (A_H46_MC -> A_D81_SC) type[hb], weight[0.97] from 45 to 80 dist[2.03]
Adding bndlst edge: (A_H46_SC -> A_C151_SC) type[hb], weight[0.41] from 45 to 150 dist[3.12]
Adding bndlst edge: (A_L47_MC -> A_F48_MC) type[cov], weight[1.00] from 46 to 47 dist[1.32]
Adding bndlst edge: (A_L47_MC -> A_R49_MC) type[hb], weight[0.46] from 46 to 48 dist[2.95]
Adding bndlst edge: (A_F48_MC -> A_R49_MC) type[cov], weight[1.00] from 47 to 48 dist[1.33]
Adding bndlst edge: (A_F48_MC -> A_L204_MC) type[hb], weight[0.91] from 47 to 203 dist[2.10]
Adding bndlst edge: (A_F48_SC -> A_Q74_SC) type[hb], weight[0.50] from 47 to 73 dist[2.84]
Adding bndlst edge: (A_F48_SC -> A_Q74_SC) type[hb], weight[0.45] from 47 to 73 dist[3.00]
Adding bndlst edge: (A_F48_SC -> A_Q74_SC) type[hb], weight[0.50] from 47 to 73 dist[2.84]
Adding bndlst edge: (A_F48_SC -> A_Q74_SC) type[hb], weight[0.40] from 47 to 73 dist[3.16]
Adding bndlst edge: (A_F48_SC -> A_Q74_SC) type[hb], weight[0.44] from 47 to 73 dist[3.01]
Adding bndlst edge: (A_F48_SC -> A_Q74_SC) type[hb], weight[0.40] from 47 to 73 dist[3.17]
Adding bndlst edge: (A_R49_MC -> A_R50_MC) type[cov], weight[1.00] from 48 to 49 dist[1.33]
Adding bndlst edge: (A_R49_SC -> A_D207_SC) type[salt], weight[0.68] from 48 to 206 dist[2.31]
Adding bndlst edge: (A_R49_SC -> A_A206_MC) type[hb], weight[0.47] from 48 to 205 dist[2.93]
Adding bndlst edge: (A_R49_SC -> A_L204_MC) type[hb], weight[0.46] from 48 to 203 dist[2.94]
Adding bndlst edge: (A_R49_SC -> A_D207_SC) type[salt], weight[0.76] from 48 to 206 dist[2.18]
Adding bndlst edge: (A_R50_MC -> A_N51_MC) type[cov], weight[1.00] from 49 to 50 dist[1.32]
Adding bndlst edge: (A_N51_MC -> A_N52_MC) type[cov], weight[1.00] from 50 to 51 dist[1.34]
Adding bndlst edge: (A_N51_SC -> A_T69_SC) type[hb], weight[1.10] from 50 to 68 dist[1.91]
Adding bndlst edge: (A_N51_SC -> A_G201_MC) type[hb], weight[0.44] from 50 to 200 dist[3.00]
Adding bndlst edge: (A_N51_SC -> A_W202_MC) type[hb], weight[1.14] from 50 to 201 dist[1.88]
Adding bndlst edge: (A_N52_MC -> A_G53_MC) type[cov], weight[1.00] from 51 to 52 dist[1.33]
Adding bndlst edge: (A_G53_MC -> A_T54_MC) type[cov], weight[1.00] from 52 to 53 dist[1.34]
Adding bndlst edge: (A_G53_MC -> A_T69_MC) type[hb], weight[1.18] from 52 to 68 dist[1.84]
Adding bndlst edge: (A_G53_MC -> A_T69_SC) type[hb], weight[0.82] from 52 to 68 dist[2.21]
Adding bndlst edge: (A_T54_MC -> A_L55_MC) type[cov], weight[1.00] from 53 to 54 dist[1.33]
Adding bndlst edge: (A_L55_MC -> A_L56_MC) type[cov], weight[1.00] from 54 to 55 dist[1.34]
Adding bndlst edge: (A_L55_MC -> A_V66_MC) type[hb], weight[1.18] from 54 to 65 dist[1.84]
Adding bndlst edge: (A_L55_MC -> A_V66_MC) type[hb], weight[0.87] from 54 to 65 dist[2.15]
Adding bndlst edge: (A_L56_MC -> A_V57_MC) type[cov], weight[1.00] from 55 to 56 dist[1.33]
Adding bndlst edge: (A_V57_MC -> A_Q58_MC) type[cov], weight[1.00] from 56 to 57 dist[1.32]
Adding bndlst edge: (A_V57_MC -> A_F64_MC) type[hb], weight[1.06] from 56 to 63 dist[1.94]
Adding bndlst edge: (A_V57_MC -> A_F64_MC) type[hb], weight[1.34] from 56 to 63 dist[1.73]
Adding bndlst edge: (A_Q58_MC -> A_S59_MC) type[cov], weight[1.00] from 57 to 58 dist[1.35]
Adding bndlst edge: (A_S59_MC -> A_L60_MC) type[cov], weight[1.00] from 58 to 59 dist[1.32]
Adding bndlst edge: (A_S59_MC -> A_G62_MC) type[hb], weight[0.87] from 58 to 61 dist[2.14]
Adding bndlst edge: (A_S59_SC -> A_H61_MC) type[hb], weight[0.75] from 58 to 60 dist[2.31]
Adding bndlst edge: (A_S59_MC -> A_G62_MC) type[hb], weight[1.28] from 58 to 61 dist[1.77]
Adding bndlst edge: (A_L60_MC -> A_H61_MC) type[cov], weight[1.00] from 59 to 60 dist[1.32]
Adding bndlst edge: (A_H61_MC -> A_G62_MC) type[cov], weight[1.00] from 60 to 61 dist[1.32]
Adding bndlst edge: (A_G62_MC -> A_V63_MC) type[cov], weight[1.00] from 61 to 62 dist[1.33]
Adding bndlst edge: (A_V63_MC -> A_F64_MC) type[cov], weight[1.00] from 62 to 63 dist[1.34]
Adding bndlst edge: (A_F64_MC -> A_K65_MC) type[cov], weight[1.00] from 63 to 64 dist[1.31]
Adding bndlst edge: (A_K65_MC -> A_V66_MC) type[cov], weight[1.00] from 64 to 65 dist[1.32]
Adding bndlst edge: (A_V66_MC -> A_K67_MC) type[cov], weight[1.00] from 65 to 66 dist[1.33]
Adding bndlst edge: (A_K67_MC -> A_N68_MC) type[cov], weight[1.00] from 66 to 67 dist[1.30]
Adding bndlst edge: (A_N68_MC -> A_T69_MC) type[cov], weight[1.00] from 67 to 68 dist[1.33]
Adding bndlst edge: (A_N68_MC -> A_T71_SC) type[hb], weight[1.26] from 67 to 70 dist[1.78]
Adding bndlst edge: (A_N68_MC -> A_T71_MC) type[hb], weight[0.96] from 67 to 70 dist[2.04]
Adding bndlst edge: (A_N68_SC -> A_T70_SC) type[hb], weight[1.25] from 67 to 69 dist[1.79]
Adding bndlst edge: (A_N68_SC -> A_T70_MC) type[hb], weight[0.90] from 67 to 69 dist[2.11]
Adding bndlst edge: (A_T69_MC -> A_T70_MC) type[cov], weight[1.00] from 68 to 69 dist[1.33]
Adding bndlst edge: (A_T69_MC -> A_L72_MC) type[hb], weight[0.96] from 68 to 71 dist[2.04]
Adding bndlst edge: (A_T69_MC -> A_T71_MC) type[hb], weight[0.49] from 68 to 70 dist[2.87]
Adding bndlst edge: (A_T70_MC -> A_T71_MC) type[cov], weight[1.00] from 69 to 70 dist[1.34]
Adding bndlst edge: (A_T71_MC -> A_L72_MC) type[cov], weight[1.00] from 70 to 71 dist[1.32]
Adding bndlst edge: (A_L72_MC -> A_Q73_MC) type[cov], weight[1.00] from 71 to 72 dist[1.33]
Adding bndlst edge: (A_Q73_MC -> A_Q74_MC) type[cov], weight[1.00] from 72 to 73 dist[1.33]
Adding bndlst edge: (A_Q73_MC -> A_R86_MC) type[hb], weight[1.12] from 72 to 85 dist[1.89]
Adding bndlst edge: (A_Q74_MC -> A_H75_MC) type[cov], weight[1.00] from 73 to 74 dist[1.32]
Adding bndlst edge: (A_Q74_MC -> A_V199_MC) type[hb], weight[1.08] from 73 to 198 dist[1.93]
Adding bndlst edge: (A_Q74_SC -> A_W202_MC) type[hb], weight[0.90] from 73 to 201 dist[2.11]
Adding bndlst edge: (A_Q74_SC -> A_G201_MC) type[hb], weight[0.44] from 73 to 200 dist[3.00]
Adding bndlst edge: (A_Q74_MC -> A_V199_MC) type[hb], weight[1.26] from 73 to 198 dist[1.78]
Adding bndlst edge: (A_Q74_SC -> A_W202_MC) type[hb], weight[0.95] from 73 to 201 dist[2.05]
Adding bndlst edge: (A_H75_MC -> A_L76_MC) type[cov], weight[1.00] from 74 to 75 dist[1.32]
Adding bndlst edge: (A_H75_MC -> A_I84_MC) type[hb], weight[1.15] from 74 to 83 dist[1.86]
Adding bndlst edge: (A_H75_SC -> A_Q197_MC) type[hb], weight[0.43] from 74 to 196 dist[3.06]
Adding bndlst edge: (A_H75_SC -> A_Q197_MC) type[hb], weight[1.12] from 74 to 196 dist[1.89]
Adding bndlst edge: (A_H75_SC -> A_Q197_MC) type[hb], weight[0.55] from 74 to 196 dist[2.70]
Adding bndlst edge: (A_H75_MC -> A_I84_MC) type[hb], weight[1.16] from 74 to 83 dist[1.86]
Adding bndlst edge: (A_H75_SC -> A_A195_MC) type[hb], weight[0.52] from 74 to 194 dist[2.76]
Adding bndlst edge: (A_L76_MC -> A_I77_MC) type[cov], weight[1.00] from 75 to 76 dist[1.35]
Adding bndlst edge: (A_I77_MC -> A_D78_MC) type[cov], weight[1.00] from 76 to 77 dist[1.31]
Adding bndlst edge: (A_I77_MC -> A_R80_MC) type[hb], weight[0.82] from 76 to 79 dist[2.21]
Adding bndlst edge: (A_I77_MC -> A_M82_MC) type[hb], weight[0.78] from 76 to 81 dist[2.26]
Adding bndlst edge: (A_D78_MC -> A_G79_MC) type[cov], weight[1.00] from 77 to 78 dist[1.32]
Adding bndlst edge: (A_D78_MC -> A_R80_MC) type[hb], weight[0.50] from 77 to 79 dist[2.84]
Adding bndlst edge: (A_G79_MC -> A_R80_MC) type[cov], weight[1.00] from 78 to 79 dist[1.34]
Adding bndlst edge: (A_R80_MC -> A_D81_MC) type[cov], weight[1.00] from 79 to 80 dist[1.33]
Adding bndlst edge: (A_R80_MC -> A_M82_MC) type[hb], weight[0.95] from 79 to 81 dist[2.06]
Adding bndlst edge: (A_R80_SC -> A_S181_SC) type[hb], weight[0.66] from 79 to 180 dist[2.46]
Adding bndlst edge: (A_R80_SC -> A_S181_MC) type[hb], weight[0.82] from 79 to 180 dist[2.20]
Adding bndlst edge: (A_R80_SC -> A_S181_SC) type[hb], weight[1.05] from 79 to 180 dist[1.95]
Adding bndlst edge: (A_D81_MC -> A_M82_MC) type[cov], weight[1.00] from 80 to 81 dist[1.31]
Adding bndlst edge: (A_D81_SC -> A_S168_SC) type[hb], weight[1.26] from 80 to 167 dist[1.78]
Adding bndlst edge: (A_M82_MC -> A_I83_MC) type[cov], weight[1.00] from 81 to 82 dist[1.32]
Adding bndlst edge: (A_I83_MC -> A_I84_MC) type[cov], weight[1.00] from 82 to 83 dist[1.33]
Adding bndlst edge: (A_I84_MC -> A_I85_MC) type[cov], weight[1.00] from 83 to 84 dist[1.33]
Adding bndlst edge: (A_I85_MC -> A_R86_MC) type[cov], weight[1.00] from 84 to 85 dist[1.33]
Adding bndlst edge: (A_R86_MC -> A_M87_MC) type[cov], weight[1.00] from 85 to 86 dist[1.33]
Adding bndlst edge: (A_M87_MC -> A_P88_MC) type[cov], weight[1.00] from 86 to 87 dist[1.31]
Adding bndlst edge: (A_P88_MC -> A_K89_MC) type[cov], weight[1.00] from 87 to 88 dist[1.34]
Adding bndlst edge: (A_P88_MC -> A_F91_MC) type[hb], weight[1.01] from 87 to 90 dist[1.99]
Adding bndlst edge: (A_K89_MC -> A_D90_MC) type[cov], weight[1.00] from 88 to 89 dist[1.32]
Adding bndlst edge: (A_D90_MC -> A_F91_MC) type[cov], weight[1.00] from 89 to 90 dist[1.33]
Adding bndlst edge: (A_F91_MC -> A_P92_MC) type[cov], weight[1.00] from 90 to 91 dist[1.35]
Adding bndlst edge: (A_P92_MC -> A_P93_MC) type[cov], weight[1.00] from 91 to 92 dist[1.33]
Adding bndlst edge: (A_P93_MC -> A_F94_MC) type[cov], weight[1.00] from 92 to 93 dist[1.33]
Adding bndlst edge: (A_F94_MC -> A_P95_MC) type[cov], weight[1.00] from 93 to 94 dist[1.35]
Adding bndlst edge: (A_P95_MC -> A_Q96_MC) type[cov], weight[1.00] from 94 to 95 dist[1.32]
Adding bndlst edge: (A_Q96_MC -> A_K97_MC) type[cov], weight[1.00] from 95 to 96 dist[1.33]
Adding bndlst edge: (A_K97_MC -> A_L98_MC) type[cov], weight[1.00] from 96 to 97 dist[1.32]
Adding bndlst edge: (A_L98_MC -> A_K99_MC) type[cov], weight[1.00] from 97 to 98 dist[1.33]
Adding bndlst edge: (A_K99_MC -> A_F100_MC) type[cov], weight[1.00] from 98 to 99 dist[1.35]
Adding bndlst edge: (A_K99_MC -> A_I163_MC) type[hb], weight[1.11] from 98 to 162 dist[1.90]
Adding bndlst edge: (A_F100_MC -> A_R101_MC) type[cov], weight[1.00] from 99 to 100 dist[1.33]
Adding bndlst edge: (A_F100_MC -> A_M187_SC) type[hb], weight[0.64] from 99 to 186 dist[2.50]
Adding bndlst edge: (A_R101_MC -> A_E102_MC) type[cov], weight[1.00] from 100 to 101 dist[1.34]
Adding bndlst edge: (A_R101_MC -> A_I163_MC) type[hb], weight[0.87] from 100 to 162 dist[2.14]
Adding bndlst edge: (A_R101_SC -> A_D160_SC) type[salt], weight[0.94] from 100 to 159 dist[1.96]
Adding bndlst edge: (A_R101_SC -> A_D160_SC) type[salt], weight[0.43] from 100 to 159 dist[2.89]
Adding bndlst edge: (A_R101_SC -> A_E102_MC) type[hb], weight[0.82] from 100 to 101 dist[2.21]
Adding bndlst edge: (A_R101_SC -> A_E107_SC) type[salt], weight[0.93] from 100 to 106 dist[1.97]
Adding bndlst edge: (A_R101_SC -> A_E107_SC) type[salt], weight[0.50] from 100 to 106 dist[2.69]
Adding bndlst edge: (A_R101_SC -> A_D160_SC) type[salt], weight[0.56] from 100 to 159 dist[2.54]
Adding bndlst edge: (A_R101_SC -> A_D160_SC) type[salt], weight[0.74] from 100 to 159 dist[2.21]
Adding bndlst edge: (A_R101_SC -> A_S157_SC) type[hb], weight[0.55] from 100 to 156 dist[2.70]
Adding bndlst edge: (A_R101_SC -> A_S157_SC) type[hb], weight[0.57] from 100 to 156 dist[2.65]
Adding bndlst edge: (A_R101_SC -> A_E107_SC) type[salt], weight[1.04] from 100 to 106 dist[1.86]
Adding bndlst edge: (A_E102_MC -> A_P103_MC) type[cov], weight[1.00] from 101 to 102 dist[1.34]
Adding bndlst edge: (A_P103_MC -> A_Q104_MC) type[cov], weight[1.00] from 102 to 103 dist[1.33]
Adding bndlst edge: (A_Q104_MC -> A_R105_MC) type[cov], weight[1.00] from 103 to 104 dist[1.31]
Adding bndlst edge: (A_Q104_MC -> A_E107_MC) type[hb], weight[0.94] from 103 to 106 dist[2.06]
Adding bndlst edge: (A_Q104_SC -> A_R159_SC) type[hb], weight[0.45] from 103 to 158 dist[2.98]
Adding bndlst edge: (A_Q104_MC -> A_E107_SC) type[hb], weight[1.08] from 103 to 106 dist[1.92]
Adding bndlst edge: (A_R105_MC -> A_E106_MC) type[cov], weight[1.00] from 104 to 105 dist[1.32]
Adding bndlst edge: (A_R105_MC -> A_E107_MC) type[hb], weight[0.51] from 104 to 106 dist[2.79]
Adding bndlst edge: (A_E106_MC -> A_E107_MC) type[cov], weight[1.00] from 105 to 106 dist[1.33]
Adding bndlst edge: (A_E106_MC -> A_T131_MC) type[hb], weight[1.18] from 105 to 130 dist[1.84]
Adding bndlst edge: (A_E107_MC -> A_R108_MC) type[cov], weight[1.00] from 106 to 107 dist[1.33]
Adding bndlst edge: (A_E107_MC -> A_T131_MC) type[hb], weight[0.54] from 106 to 130 dist[2.73]
Adding bndlst edge: (A_E107_SC -> A_S157_SC) type[hb], weight[0.77] from 106 to 156 dist[2.28]
Adding bndlst edge: (A_R108_MC -> A_I109_MC) type[cov], weight[1.00] from 107 to 108 dist[1.33]
Adding bndlst edge: (A_R108_MC -> A_T158_MC) type[hb], weight[0.92] from 107 to 157 dist[2.08]
Adding bndlst edge: (A_I109_MC -> A_C110_MC) type[cov], weight[1.00] from 108 to 109 dist[1.34]
Adding bndlst edge: (A_I109_MC -> A_S129_MC) type[hb], weight[1.08] from 108 to 128 dist[1.92]
Adding bndlst edge: (A_I109_MC -> A_S129_MC) type[hb], weight[1.13] from 108 to 128 dist[1.88]
Adding bndlst edge: (A_C110_MC -> A_L111_MC) type[cov], weight[1.00] from 109 to 110 dist[1.30]
Adding bndlst edge: (A_C110_MC -> A_V156_MC) type[hb], weight[1.26] from 109 to 155 dist[1.78]
Adding bndlst edge: (A_C110_MC -> A_V156_MC) type[hb], weight[1.10] from 109 to 155 dist[1.90]
Adding bndlst edge: (A_L111_MC -> A_V112_MC) type[cov], weight[1.00] from 110 to 111 dist[1.32]
Adding bndlst edge: (A_L111_MC -> A_S126_MC) type[hb], weight[0.85] from 110 to 125 dist[2.17]
Adding bndlst edge: (A_L111_MC -> A_S126_SC) type[hb], weight[1.11] from 110 to 125 dist[1.90]
Adding bndlst edge: (A_V112_MC -> A_T113_MC) type[cov], weight[1.00] from 111 to 112 dist[1.33]
Adding bndlst edge: (A_V112_MC -> A_P154_MC) type[hb], weight[0.89] from 111 to 153 dist[2.12]
Adding bndlst edge: (A_T113_MC -> A_T114_MC) type[cov], weight[1.00] from 112 to 113 dist[1.33]
Adding bndlst edge: (A_T113_MC -> A_M124_MC) type[hb], weight[1.08] from 112 to 123 dist[1.93]
Adding bndlst edge: (A_T113_MC -> A_M124_MC) type[hb], weight[1.10] from 112 to 123 dist[1.91]
Adding bndlst edge: (A_T114_MC -> A_N115_MC) type[cov], weight[1.00] from 113 to 114 dist[1.31]
Adding bndlst edge: (A_N115_MC -> A_F116_MC) type[cov], weight[1.00] from 114 to 115 dist[1.34]
Adding bndlst edge: (A_N115_MC -> A_S122_MC) type[hb], weight[1.04] from 114 to 121 dist[1.97]
Adding bndlst edge: (A_N115_SC -> A_Q117_MC) type[hb], weight[0.72] from 114 to 116 dist[2.36]
Adding bndlst edge: (A_N115_MC -> A_S122_MC) type[cov], weight[1.00] from 114 to 121 dist[1.58]
Adding bndlst edge: (A_F116_MC -> A_Q117_MC) type[cov], weight[1.00] from 115 to 116 dist[1.33]
Adding bndlst edge: (A_Q117_MC -> A_T118_MC) type[cov], weight[1.00] from 116 to 117 dist[1.34]
Adding bndlst edge: (A_T118_MC -> A_K119_MC) type[cov], weight[1.00] from 117 to 118 dist[1.33]
Adding bndlst edge: (A_K119_MC -> A_S120_MC) type[cov], weight[1.00] from 118 to 119 dist[1.33]
Adding bndlst edge: (A_S120_MC -> A_M121_MC) type[cov], weight[1.00] from 119 to 120 dist[1.33]
Adding bndlst edge: (A_M121_MC -> A_S122_MC) type[cov], weight[1.00] from 120 to 121 dist[1.32]
Adding bndlst edge: (A_S122_MC -> A_S123_MC) type[cov], weight[1.00] from 121 to 122 dist[1.33]
Adding bndlst edge: (A_S123_MC -> A_M124_MC) type[cov], weight[1.00] from 122 to 123 dist[1.35]
Adding bndlst edge: (A_M124_MC -> A_V125_MC) type[cov], weight[1.00] from 123 to 124 dist[1.35]
Adding bndlst edge: (A_V125_MC -> A_S126_MC) type[cov], weight[1.00] from 124 to 125 dist[1.32]
Adding bndlst edge: (A_S126_MC -> A_D127_MC) type[cov], weight[1.00] from 125 to 126 dist[1.32]
Adding bndlst edge: (A_S126_SC -> A_D127_MC) type[hb], weight[1.34] from 125 to 126 dist[1.73]
Adding bndlst edge: (A_D127_MC -> A_T128_MC) type[cov], weight[1.00] from 126 to 127 dist[1.31]
Adding bndlst edge: (A_D127_SC -> A_T128_MC) type[hb], weight[1.23] from 126 to 127 dist[1.80]
Adding bndlst edge: (A_T128_MC -> A_S129_MC) type[cov], weight[1.00] from 127 to 128 dist[1.33]
Adding bndlst edge: (A_S129_MC -> A_C130_MC) type[cov], weight[1.00] from 128 to 129 dist[1.34]
Adding bndlst edge: (A_S129_SC -> A_W143_MC) type[hb], weight[1.18] from 128 to 142 dist[1.84]
Adding bndlst edge: (A_S129_SC -> A_C130_MC) type[hb], weight[1.17] from 128 to 129 dist[1.85]
Adding bndlst edge: (A_C130_MC -> A_T131_MC) type[cov], weight[1.00] from 129 to 130 dist[1.32]
Adding bndlst edge: (A_T131_MC -> A_F132_MC) type[cov], weight[1.00] from 130 to 131 dist[1.34]
Adding bndlst edge: (A_T131_SC -> A_F132_MC) type[hb], weight[0.49] from 130 to 131 dist[2.85]
Adding bndlst edge: (A_T131_SC -> A_K141_MC) type[hb], weight[1.37] from 130 to 140 dist[1.71]
Adding bndlst edge: (A_F132_MC -> A_P133_MC) type[cov], weight[1.00] from 131 to 132 dist[1.36]
Adding bndlst edge: (A_F132_MC -> A_K141_MC) type[hb], weight[1.20] from 131 to 140 dist[1.82]
Adding bndlst edge: (A_F132_MC -> A_K141_MC) type[hb], weight[0.54] from 131 to 140 dist[2.73]
Adding bndlst edge: (A_P133_MC -> A_S134_MC) type[cov], weight[1.00] from 132 to 133 dist[1.31]
Adding bndlst edge: (A_S134_MC -> A_S135_MC) type[cov], weight[1.00] from 133 to 134 dist[1.33]
Adding bndlst edge: (A_S134_MC -> A_G137_MC) type[hb], weight[0.55] from 133 to 136 dist[2.70]
Adding bndlst edge: (A_S134_MC -> A_F139_MC) type[hb], weight[1.05] from 133 to 138 dist[1.95]
Adding bndlst edge: (A_S134_SC -> A_H214_SC) type[hb], weight[1.30] from 133 to 213 dist[1.75]
Adding bndlst edge: (A_S134_SC -> A_H214_SC) type[hb], weight[0.49] from 133 to 213 dist[2.87]
Adding bndlst edge: (A_S134_SC -> A_H214_SC) type[hb], weight[0.58] from 133 to 213 dist[2.62]
Adding bndlst edge: (A_S135_MC -> A_D136_MC) type[cov], weight[1.00] from 134 to 135 dist[1.33]
Adding bndlst edge: (A_S135_MC -> A_G137_MC) type[hb], weight[0.57] from 134 to 136 dist[2.64]
Adding bndlst edge: (A_S135_SC -> A_G212_MC) type[hb], weight[0.58] from 134 to 211 dist[2.64]
Adding bndlst edge: (A_D136_MC -> A_G137_MC) type[cov], weight[1.00] from 135 to 136 dist[1.33]
Adding bndlst edge: (A_D136_SC -> A_I138_MC) type[hb], weight[0.89] from 135 to 137 dist[2.12]
Adding bndlst edge: (A_G137_MC -> A_I138_MC) type[cov], weight[1.00] from 136 to 137 dist[1.35]
Adding bndlst edge: (A_G137_MC -> A_S181_SC) type[hb], weight[1.22] from 136 to 180 dist[1.81]
Adding bndlst edge: (A_G137_MC -> A_W140_SC) type[hb], weight[0.75] from 136 to 139 dist[2.30]
Adding bndlst edge: (A_I138_MC -> A_F139_MC) type[cov], weight[1.00] from 137 to 138 dist[1.31]
Adding bndlst edge: (A_I138_MC -> A_S181_SC) type[hb], weight[0.49] from 137 to 180 dist[2.85]
Adding bndlst edge: (A_I138_MC -> A_S181_MC) type[hb], weight[0.99] from 137 to 180 dist[2.01]
Adding bndlst edge: (A_F139_MC -> A_W140_MC) type[cov], weight[1.00] from 138 to 139 dist[1.33]
Adding bndlst edge: (A_W140_MC -> A_K141_MC) type[cov], weight[1.00] from 139 to 140 dist[1.33]
Adding bndlst edge: (A_W140_MC -> A_F179_MC) type[hb], weight[1.10] from 139 to 178 dist[1.91]
Adding bndlst edge: (A_W140_MC -> A_F179_MC) type[hb], weight[1.14] from 139 to 178 dist[1.87]
Adding bndlst edge: (A_K141_MC -> A_H142_MC) type[cov], weight[1.00] from 140 to 141 dist[1.33]
Adding bndlst edge: (A_H142_MC -> A_W143_MC) type[cov], weight[1.00] from 141 to 142 dist[1.35]
Adding bndlst edge: (A_H142_MC -> A_N177_MC) type[hb], weight[0.66] from 141 to 176 dist[2.46]
Adding bndlst edge: (A_H142_SC -> A_I144_MC) type[hb], weight[0.42] from 141 to 143 dist[3.08]
Adding bndlst edge: (A_H142_SC -> A_I144_MC) type[hb], weight[0.97] from 141 to 143 dist[2.03]
Adding bndlst edge: (A_H142_SC -> A_I144_MC) type[hb], weight[0.45] from 141 to 143 dist[2.98]
Adding bndlst edge: (A_H142_SC -> A_N177_SC) type[hb], weight[0.41] from 141 to 176 dist[3.14]
Adding bndlst edge: (A_H142_MC -> A_N177_MC) type[hb], weight[0.95] from 141 to 176 dist[2.05]
Adding bndlst edge: (A_H142_SC -> A_H167_SC) type[hb], weight[0.56] from 141 to 166 dist[2.67]
Adding bndlst edge: (A_H142_SC -> A_H167_SC) type[hb], weight[0.97] from 141 to 166 dist[2.03]
Adding bndlst edge: (A_H142_SC -> A_H167_SC) type[hb], weight[0.39] from 141 to 166 dist[3.21]
Adding bndlst edge: (A_W143_MC -> A_I144_MC) type[cov], weight[1.00] from 142 to 143 dist[1.33]
Adding bndlst edge: (A_I144_MC -> A_Q145_MC) type[cov], weight[1.00] from 143 to 144 dist[1.34]
Adding bndlst edge: (A_I144_MC -> A_N177_SC) type[hb], weight[0.95] from 143 to 176 dist[2.05]
Adding bndlst edge: (A_Q145_MC -> A_T146_MC) type[cov], weight[1.00] from 144 to 145 dist[1.32]
Adding bndlst edge: (A_T146_MC -> A_K147_MC) type[cov], weight[1.00] from 145 to 146 dist[1.32]
Adding bndlst edge: (A_T146_SC -> A_H167_SC) type[hb], weight[0.36] from 145 to 166 dist[3.33]
Adding bndlst edge: (A_T146_SC -> A_H167_SC) type[hb], weight[0.65] from 145 to 166 dist[2.49]
Adding bndlst edge: (A_T146_SC -> A_H167_SC) type[hb], weight[0.47] from 145 to 166 dist[2.92]
Adding bndlst edge: (A_K147_MC -> A_D148_MC) type[cov], weight[1.00] from 146 to 147 dist[1.33]
Adding bndlst edge: (A_K147_MC -> A_Q150_MC) type[hb], weight[0.66] from 146 to 149 dist[2.46]
Adding bndlst edge: (A_K147_MC -> A_Q150_SC) type[hb], weight[1.18] from 146 to 149 dist[1.84]
Adding bndlst edge: (A_D148_MC -> A_G149_MC) type[cov], weight[1.00] from 147 to 148 dist[1.33]
Adding bndlst edge: (A_G149_MC -> A_Q150_MC) type[cov], weight[1.00] from 148 to 149 dist[1.34]
Adding bndlst edge: (A_Q150_MC -> A_C151_MC) type[cov], weight[1.00] from 149 to 150 dist[1.33]
Adding bndlst edge: (A_Q150_MC -> A_S153_MC) type[hb], weight[0.79] from 149 to 152 dist[2.25]
Adding bndlst edge: (A_Q150_MC -> A_S153_SC) type[hb], weight[1.11] from 149 to 152 dist[1.90]
Adding bndlst edge: (A_C151_MC -> A_G152_MC) type[cov], weight[1.00] from 150 to 151 dist[1.33]
Adding bndlst edge: (A_C151_SC -> A_S168_MC) type[hb], weight[0.91] from 150 to 167 dist[2.10]
Adding bndlst edge: (A_G152_MC -> A_S153_MC) type[cov], weight[1.00] from 151 to 152 dist[1.34]
Adding bndlst edge: (A_G152_MC -> A_H167_MC) type[hb], weight[1.12] from 151 to 166 dist[1.89]
Adding bndlst edge: (A_S153_MC -> A_P154_MC) type[cov], weight[1.00] from 152 to 153 dist[1.36]
Adding bndlst edge: (A_S153_MC -> A_H167_MC) type[hb], weight[1.04] from 152 to 166 dist[1.96]
Adding bndlst edge: (A_P154_MC -> A_L155_MC) type[cov], weight[1.00] from 153 to 154 dist[1.34]
Adding bndlst edge: (A_L155_MC -> A_V156_MC) type[cov], weight[1.00] from 154 to 155 dist[1.34]
Adding bndlst edge: (A_L155_MC -> A_G165_MC) type[hb], weight[0.47] from 154 to 164 dist[2.90]
Adding bndlst edge: (A_L155_MC -> A_V164_MC) type[hb], weight[0.97] from 154 to 163 dist[2.03]
Adding bndlst edge: (A_L155_MC -> A_G165_MC) type[hb], weight[1.10] from 154 to 164 dist[1.91]
Adding bndlst edge: (A_V156_MC -> A_S157_MC) type[cov], weight[1.00] from 155 to 156 dist[1.33]
Adding bndlst edge: (A_S157_MC -> A_T158_MC) type[cov], weight[1.00] from 156 to 157 dist[1.32]
Adding bndlst edge: (A_S157_MC -> A_G161_MC) type[hb], weight[0.99] from 156 to 160 dist[2.01]
Adding bndlst edge: (A_S157_SC -> A_D160_MC) type[hb], weight[0.68] from 156 to 159 dist[2.42]
Adding bndlst edge: (A_S157_SC -> A_R159_MC) type[hb], weight[0.80] from 156 to 158 dist[2.23]
Adding bndlst edge: (A_S157_MC -> A_F162_MC) type[hb], weight[1.05] from 156 to 161 dist[1.95]
Adding bndlst edge: (A_T158_MC -> A_R159_MC) type[cov], weight[1.00] from 157 to 158 dist[1.33]
Adding bndlst edge: (A_R159_MC -> A_D160_MC) type[cov], weight[1.00] from 158 to 159 dist[1.34]
Adding bndlst edge: (A_R159_SC -> A_D160_SC) type[salt], weight[0.45] from 158 to 159 dist[2.83]
Adding bndlst edge: (A_D160_MC -> A_G161_MC) type[cov], weight[1.00] from 159 to 160 dist[1.34]
Adding bndlst edge: (A_D160_SC -> A_F162_MC) type[hb], weight[0.97] from 159 to 161 dist[2.03]
Adding bndlst edge: (A_G161_MC -> A_F162_MC) type[cov], weight[1.00] from 160 to 161 dist[1.32]
Adding bndlst edge: (A_F162_MC -> A_I163_MC) type[cov], weight[1.00] from 161 to 162 dist[1.32]
Adding bndlst edge: (A_I163_MC -> A_V164_MC) type[cov], weight[1.00] from 162 to 163 dist[1.34]
Adding bndlst edge: (A_V164_MC -> A_G165_MC) type[cov], weight[1.00] from 163 to 164 dist[1.32]
Adding bndlst edge: (A_V164_MC -> A_V182_MC) type[hb], weight[0.98] from 163 to 181 dist[2.02]
Adding bndlst edge: (A_G165_MC -> A_I166_MC) type[cov], weight[1.00] from 164 to 165 dist[1.35]
Adding bndlst edge: (A_I166_MC -> A_H167_MC) type[cov], weight[1.00] from 165 to 166 dist[1.32]
Adding bndlst edge: (A_I166_MC -> A_T180_MC) type[hb], weight[1.03] from 165 to 179 dist[1.97]
Adding bndlst edge: (A_I166_MC -> A_T180_MC) type[hb], weight[0.97] from 165 to 179 dist[2.03]
Adding bndlst edge: (A_H167_MC -> A_S168_MC) type[cov], weight[1.00] from 166 to 167 dist[1.33]
Adding bndlst edge: (A_H167_SC -> A_S168_MC) type[hb], weight[0.39] from 166 to 167 dist[3.20]
Adding bndlst edge: (A_H167_SC -> A_S168_MC) type[hb], weight[0.46] from 166 to 167 dist[2.95]
Adding bndlst edge: (A_H167_SC -> A_A169_MC) type[hb], weight[0.51] from 166 to 168 dist[2.81]
Adding bndlst edge: (A_S168_MC -> A_A169_MC) type[cov], weight[1.00] from 167 to 168 dist[1.33]
Adding bndlst edge: (A_S168_SC -> A_T180_SC) type[hb], weight[1.45] from 167 to 179 dist[1.66]
Adding bndlst edge: (A_S168_MC -> A_Y178_MC) type[hb], weight[0.92] from 167 to 177 dist[2.08]
Adding bndlst edge: (A_S168_SC -> A_T180_SC) type[hb], weight[0.47] from 167 to 179 dist[2.91]
Adding bndlst edge: (A_A169_MC -> A_S170_MC) type[cov], weight[1.00] from 168 to 169 dist[1.33]
Adding bndlst edge: (A_A169_MC -> A_Y178_MC) type[hb], weight[1.07] from 168 to 177 dist[1.94]
Adding bndlst edge: (A_A169_MC -> A_Y178_MC) type[hb], weight[0.97] from 168 to 177 dist[2.03]
Adding bndlst edge: (A_S170_MC -> A_N171_MC) type[cov], weight[1.00] from 169 to 170 dist[1.34]
Adding bndlst edge: (A_S170_SC -> A_N171_MC) type[hb], weight[0.60] from 169 to 170 dist[2.57]
Adding bndlst edge: (A_S170_SC -> A_N177_SC) type[hb], weight[1.06] from 169 to 176 dist[1.95]
Adding bndlst edge: (A_S170_SC -> A_N176_MC) type[hb], weight[0.49] from 169 to 175 dist[2.85]
Adding bndlst edge: (A_N171_MC -> A_F172_MC) type[cov], weight[1.00] from 170 to 171 dist[1.33]
Adding bndlst edge: (A_N171_MC -> A_N174_MC) type[hb], weight[0.97] from 170 to 173 dist[2.03]
Adding bndlst edge: (A_N171_SC -> A_N176_MC) type[hb], weight[0.89] from 170 to 175 dist[2.12]
Adding bndlst edge: (A_N171_SC -> A_T175_MC) type[hb], weight[1.07] from 170 to 174 dist[1.94]
Adding bndlst edge: (A_N171_SC -> A_N174_MC) type[hb], weight[0.53] from 170 to 173 dist[2.74]
Adding bndlst edge: (A_N171_MC -> A_N176_MC) type[hb], weight[0.76] from 170 to 175 dist[2.30]
Adding bndlst edge: (A_N171_SC -> A_T175_SC) type[hb], weight[1.21] from 170 to 174 dist[1.82]
Adding bndlst edge: (A_F172_MC -> A_T173_MC) type[cov], weight[1.00] from 171 to 172 dist[1.32]
Adding bndlst edge: (A_T173_MC -> A_N174_MC) type[cov], weight[1.00] from 172 to 173 dist[1.32]
Adding bndlst edge: (A_T173_SC -> A_T175_SC) type[hb], weight[1.09] from 172 to 174 dist[1.92]
Adding bndlst edge: (A_T173_SC -> A_T175_SC) type[hb], weight[0.51] from 172 to 174 dist[2.80]
Adding bndlst edge: (A_N174_MC -> A_T175_MC) type[cov], weight[1.00] from 173 to 174 dist[1.33]
Adding bndlst edge: (A_N174_SC -> A_K220_SC) type[hb], weight[1.12] from 173 to 219 dist[1.89]
Adding bndlst edge: (A_T175_MC -> A_N176_MC) type[cov], weight[1.00] from 174 to 175 dist[1.34]
Adding bndlst edge: (A_N176_MC -> A_N177_MC) type[cov], weight[1.00] from 175 to 176 dist[1.33]
Adding bndlst edge: (A_N177_MC -> A_Y178_MC) type[cov], weight[1.00] from 176 to 177 dist[1.32]
Adding bndlst edge: (A_Y178_MC -> A_F179_MC) type[cov], weight[1.00] from 177 to 178 dist[1.33]
Adding bndlst edge: (A_Y178_SC -> A_H214_SC) type[hb], weight[0.38] from 177 to 213 dist[3.25]
Adding bndlst edge: (A_Y178_SC -> A_H214_SC) type[hb], weight[0.46] from 177 to 213 dist[2.95]
Adding bndlst edge: (A_F179_MC -> A_T180_MC) type[cov], weight[1.00] from 178 to 179 dist[1.32]
Adding bndlst edge: (A_T180_MC -> A_S181_MC) type[cov], weight[1.00] from 179 to 180 dist[1.33]
Adding bndlst edge: (A_S181_MC -> A_V182_MC) type[cov], weight[1.00] from 180 to 181 dist[1.33]
Adding bndlst edge: (A_V182_MC -> A_P183_MC) type[cov], weight[1.00] from 181 to 182 dist[1.36]
Adding bndlst edge: (A_P183_MC -> A_K184_MC) type[cov], weight[1.00] from 182 to 183 dist[1.31]
Adding bndlst edge: (A_P183_MC -> A_F186_MC) type[hb], weight[0.52] from 182 to 185 dist[2.78]
Adding bndlst edge: (A_K184_MC -> A_N185_MC) type[cov], weight[1.00] from 183 to 184 dist[1.33]
Adding bndlst edge: (A_N185_MC -> A_F186_MC) type[cov], weight[1.00] from 184 to 185 dist[1.33]
Adding bndlst edge: (A_N185_MC -> A_L189_MC) type[hb], weight[0.78] from 184 to 188 dist[2.27]
Adding bndlst edge: (A_N185_MC -> A_E188_MC) type[hb], weight[0.59] from 184 to 187 dist[2.61]
Adding bndlst edge: (A_F186_MC -> A_M187_MC) type[cov], weight[1.00] from 185 to 186 dist[1.34]
Adding bndlst edge: (A_F186_MC -> A_L189_MC) type[hb], weight[0.59] from 185 to 188 dist[2.60]
Adding bndlst edge: (A_F186_MC -> A_L190_MC) type[hb], weight[0.91] from 185 to 189 dist[2.09]
Adding bndlst edge: (A_M187_MC -> A_E188_MC) type[cov], weight[1.00] from 186 to 187 dist[1.33]
Adding bndlst edge: (A_M187_MC -> A_T191_SC) type[hb], weight[1.33] from 186 to 190 dist[1.74]
Adding bndlst edge: (A_M187_MC -> A_T191_MC) type[hb], weight[0.73] from 186 to 190 dist[2.35]
Adding bndlst edge: (A_M187_MC -> A_L190_MC) type[hb], weight[0.55] from 186 to 189 dist[2.69]
Adding bndlst edge: (A_E188_MC -> A_L189_MC) type[cov], weight[1.00] from 187 to 188 dist[1.32]
Adding bndlst edge: (A_E188_MC -> A_N192_MC) type[hb], weight[0.74] from 187 to 191 dist[2.32]
Adding bndlst edge: (A_E188_MC -> A_T191_MC) type[hb], weight[0.72] from 187 to 190 dist[2.36]
Adding bndlst edge: (A_E188_SC -> A_N192_SC) type[hb], weight[0.97] from 187 to 191 dist[2.03]
Adding bndlst edge: (A_L189_MC -> A_L190_MC) type[cov], weight[1.00] from 188 to 189 dist[1.33]
Adding bndlst edge: (A_L189_MC -> A_N192_MC) type[hb], weight[0.47] from 188 to 191 dist[2.92]
Adding bndlst edge: (A_L189_MC -> A_Q196_SC) type[hb], weight[1.15] from 188 to 195 dist[1.87]
Adding bndlst edge: (A_L190_MC -> A_T191_MC) type[cov], weight[1.00] from 189 to 190 dist[1.34]
Adding bndlst edge: (A_T191_MC -> A_N192_MC) type[cov], weight[1.00] from 190 to 191 dist[1.33]
Adding bndlst edge: (A_N192_MC -> A_Q193_MC) type[cov], weight[1.00] from 191 to 192 dist[1.32]
Adding bndlst edge: (A_N192_MC -> A_A195_MC) type[hb], weight[0.98] from 191 to 194 dist[2.02]
Adding bndlst edge: (A_N192_SC -> A_E194_MC) type[hb], weight[1.09] from 191 to 193 dist[1.92]
Adding bndlst edge: (A_N192_SC -> A_A195_MC) type[hb], weight[0.50] from 191 to 194 dist[2.83]
Adding bndlst edge: (A_Q193_MC -> A_E194_MC) type[cov], weight[1.00] from 192 to 193 dist[1.33]
Adding bndlst edge: (A_Q193_MC -> A_Q196_MC) type[hb], weight[0.86] from 192 to 195 dist[2.16]
Adding bndlst edge: (A_E194_MC -> A_A195_MC) type[cov], weight[1.00] from 193 to 194 dist[1.33]
Adding bndlst edge: (A_A195_MC -> A_Q196_MC) type[cov], weight[1.00] from 194 to 195 dist[1.33]
Adding bndlst edge: (A_Q196_MC -> A_Q197_MC) type[cov], weight[1.00] from 195 to 196 dist[1.33]
Adding bndlst edge: (A_Q196_SC -> A_W198_SC) type[hb], weight[0.76] from 195 to 197 dist[2.29]
Adding bndlst edge: (A_Q197_MC -> A_W198_MC) type[cov], weight[1.00] from 196 to 197 dist[1.32]
Adding bndlst edge: (A_W198_MC -> A_V199_MC) type[cov], weight[1.00] from 197 to 198 dist[1.33]
Adding bndlst edge: (A_V199_MC -> A_S200_MC) type[cov], weight[1.00] from 198 to 199 dist[1.32]
Adding bndlst edge: (A_S200_MC -> A_G201_MC) type[cov], weight[1.00] from 199 to 200 dist[1.33]
Adding bndlst edge: (A_G201_MC -> A_W202_MC) type[cov], weight[1.00] from 200 to 201 dist[1.33]
Adding bndlst edge: (A_W202_MC -> A_R203_MC) type[cov], weight[1.00] from 201 to 202 dist[1.36]
Adding bndlst edge: (A_W202_SC -> A_R203_MC) type[hb], weight[0.38] from 201 to 202 dist[3.23]
Adding bndlst edge: (A_R203_MC -> A_L204_MC) type[cov], weight[1.00] from 202 to 203 dist[1.31]
Adding bndlst edge: (A_R203_SC -> A_L204_MC) type[hb], weight[0.61] from 202 to 203 dist[2.56]
Adding bndlst edge: (A_L204_MC -> A_N205_MC) type[cov], weight[1.00] from 203 to 204 dist[1.31]
Adding bndlst edge: (A_N205_MC -> A_A206_MC) type[cov], weight[1.00] from 204 to 205 dist[1.32]
Adding bndlst edge: (A_A206_MC -> A_D207_MC) type[cov], weight[1.00] from 205 to 206 dist[1.32]
Adding bndlst edge: (A_D207_MC -> A_S208_MC) type[cov], weight[1.00] from 206 to 207 dist[1.33]
Adding bndlst edge: (A_D207_MC -> A_M218_MC) type[hb], weight[1.07] from 206 to 217 dist[1.93]
Adding bndlst edge: (A_S208_MC -> A_V209_MC) type[cov], weight[1.00] from 207 to 208 dist[1.32]
Adding bndlst edge: (A_V209_MC -> A_L210_MC) type[cov], weight[1.00] from 208 to 209 dist[1.33]
Adding bndlst edge: (A_V209_MC -> A_V216_MC) type[hb], weight[1.36] from 208 to 215 dist[1.71]
Adding bndlst edge: (A_V209_MC -> A_V216_MC) type[hb], weight[1.18] from 208 to 215 dist[1.84]
Adding bndlst edge: (A_L210_MC -> A_W211_MC) type[cov], weight[1.00] from 209 to 210 dist[1.33]
Adding bndlst edge: (A_W211_MC -> A_G212_MC) type[cov], weight[1.00] from 210 to 211 dist[1.33]
Adding bndlst edge: (A_W211_MC -> A_H214_MC) type[hb], weight[0.91] from 210 to 213 dist[2.10]
Adding bndlst edge: (A_W211_MC -> A_H214_MC) type[hb], weight[0.71] from 210 to 213 dist[2.37]
Adding bndlst edge: (A_G212_MC -> A_G213_MC) type[cov], weight[1.00] from 211 to 212 dist[1.32]
Adding bndlst edge: (A_G212_MC -> A_H214_SC) type[hb], weight[0.59] from 211 to 213 dist[2.60]
Adding bndlst edge: (A_G213_MC -> A_H214_MC) type[cov], weight[1.00] from 212 to 213 dist[1.32]
Adding bndlst edge: (A_H214_MC -> A_K215_MC) type[cov], weight[1.00] from 213 to 214 dist[1.33]
Adding bndlst edge: (A_K215_MC -> A_V216_MC) type[cov], weight[1.00] from 214 to 215 dist[1.34]
Adding bndlst edge: (A_K215_SC -> A_F217_SC) type[hb], weight[0.36] from 214 to 216 dist[3.33]
Adding bndlst edge: (A_V216_MC -> A_F217_MC) type[cov], weight[1.00] from 215 to 216 dist[1.32]
Adding bndlst edge: (A_F217_MC -> A_M218_MC) type[cov], weight[1.00] from 216 to 217 dist[1.33]
Adding bndlst edge: (A_M218_MC -> A_D219_MC) type[cov], weight[1.00] from 217 to 218 dist[1.34]
Adding bndlst edge: (A_D219_MC -> A_K220_MC) type[cov], weight[1.00] from 218 to 219 dist[1.33]
Adding bndlst edge: (A_K220_MC -> A_P221_MC) type[cov], weight[1.00] from 219 to 220 dist[1.36]

bndlst DONE

Producing PAJEK network
printing pajek edge (A_128_THR,A_129_SER)
printing pajek edge (A_33_TYR,A_43_THR)
printing pajek edge (A_33_TYR,A_34_GLY)
printing pajek edge (A_33_TYR,A_151_CYS)
printing pajek edge (A_91_PHE,A_92_PRO)
printing pajek edge (A_207_ASP,A_218_MET)
printing pajek edge (A_207_ASP,A_208_SER)
printing pajek edge (A_119_LYS,A_120_SER)
printing pajek edge (A_72_LEU,A_73_GLN)
printing pajek edge (A_103_PRO,A_104_GLN)
printing pajek edge (A_201_GLY,A_202_TRP)
printing pajek edge (A_19_CYS,A_34_GLY)
printing pajek edge (A_19_CYS,A_94_PHE)
printing pajek edge (A_19_CYS,A_20_HIS)
printing pajek edge (A_126_SER,A_127_ASP)
printing pajek edge (A_126_SER,A_127_ASP)
printing pajek edge (A_17_THR,A_36_GLY)
printing pajek edge (A_17_THR,A_18_ILE)
printing pajek edge (A_45_LYS,A_47_LEU)
printing pajek edge (A_45_LYS,A_46_HIS)
printing pajek edge (A_45_LYS,A_77_ILE)
printing pajek edge (A_45_LYS,A_81_ASP)
printing pajek edge (A_45_LYS,A_80_ARG)
printing pajek edge (A_45_LYS,A_48_PHE)
printing pajek edge (A_56_LEU,A_57_VAL)
printing pajek edge (A_85_ILE,A_86_ARG)
printing pajek edge (A_28_HIS,A_29_THR)
printing pajek edge (A_191_THR,A_192_ASN)
printing pajek edge (A_162_PHE,A_163_ILE)
printing pajek edge (A_195_ALA,A_196_GLN)
printing pajek edge (A_96_GLN,A_97_LYS)
printing pajek edge (A_58_GLN,A_59_SER)
printing pajek edge (A_21_LEU,A_22_THR)
printing pajek edge (A_21_LEU,A_32_LEU)
printing pajek edge (A_164_VAL,A_182_VAL)
printing pajek edge (A_164_VAL,A_165_GLY)
printing pajek edge (A_110_CYS,A_156_VAL)
printing pajek edge (A_110_CYS,A_111_LEU)
printing pajek edge (A_152_GLY,A_153_SER)
printing pajek edge (A_152_GLY,A_167_HIS)
printing pajek edge (A_90_ASP,A_91_PHE)
printing pajek edge (A_176_ASN,A_177_ASN)
printing pajek edge (A_149_GLY,A_150_GLN)
printing pajek edge (A_32_LEU,A_33_TYR)
printing pajek edge (A_36_GLY,A_37_PHE)
printing pajek edge (A_12_ASN,A_123_SER)
printing pajek edge (A_12_ASN,A_13_PRO)
printing pajek edge (A_12_ASN,A_16_SER)
printing pajek edge (A_209_VAL,A_216_VAL)
printing pajek edge (A_209_VAL,A_210_LEU)
printing pajek edge (A_79_GLY,A_80_ARG)
printing pajek edge (A_94_PHE,A_95_PRO)
printing pajek edge (A_107_GLU,A_131_THR)
printing pajek edge (A_107_GLU,A_157_SER)
printing pajek edge (A_107_GLU,A_108_ARG)
printing pajek edge (A_158_THR,A_159_ARG)
printing pajek edge (A_66_VAL,A_67_LYS)
printing pajek edge (A_30_THR,A_31_SER)
printing pajek edge (A_198_TRP,A_199_VAL)
printing pajek edge (A_204_LEU,A_205_ASN)
printing pajek edge (A_139_PHE,A_140_TRP)
printing pajek edge (A_200_SER,A_201_GLY)
printing pajek edge (A_115_ASN,A_117_GLN)
printing pajek edge (A_115_ASN,A_116_PHE)
printing pajek edge (A_115_ASN,A_122_SER)
printing pajek edge (A_115_ASN,A_122_SER)
printing pajek edge (A_59_SER,A_60_LEU)
printing pajek edge (A_59_SER,A_61_HIS)
printing pajek edge (A_59_SER,A_62_GLY)
printing pajek edge (A_212_GLY,A_213_GLY)
printing pajek edge (A_212_GLY,A_214_HIS)
printing pajek edge (A_154_PRO,A_155_LEU)
printing pajek edge (A_16_SER,A_17_THR)
printing pajek edge (A_138_ILE,A_181_SER)
printing pajek edge (A_138_ILE,A_139_PHE)
printing pajek edge (A_82_MET,A_83_ILE)
printing pajek edge (A_61_HIS,A_62_GLY)
printing pajek edge (A_102_GLU,A_103_PRO)
printing pajek edge (A_74_GLN,A_75_HIS)
printing pajek edge (A_74_GLN,A_201_GLY)
printing pajek edge (A_74_GLN,A_202_TRP)
printing pajek edge (A_74_GLN,A_199_VAL)
printing pajek edge (A_87_MET,A_88_PRO)
printing pajek edge (A_77_ILE,A_82_MET)
printing pajek edge (A_77_ILE,A_78_ASP)
printing pajek edge (A_77_ILE,A_80_ARG)
printing pajek edge (A_63_VAL,A_64_PHE)
printing pajek edge (A_68_ASN,A_70_THR)
printing pajek edge (A_68_ASN,A_71_THR)
printing pajek edge (A_68_ASN,A_69_THR)
printing pajek edge (A_205_ASN,A_206_ALA)
printing pajek edge (A_166_ILE,A_167_HIS)
printing pajek edge (A_166_ILE,A_180_THR)
printing pajek edge (A_199_VAL,A_200_SER)
printing pajek edge (A_140_TRP,A_179_PHE)
printing pajek edge (A_140_TRP,A_141_LYS)
printing pajek edge (A_130_CYS,A_131_THR)
printing pajek edge (A_3_SER,A_4_LEU)
printing pajek edge (A_18_ILE,A_19_CYS)
printing pajek edge (A_187_MET,A_190_LEU)
printing pajek edge (A_187_MET,A_191_THR)
printing pajek edge (A_187_MET,A_188_GLU)
printing pajek edge (A_111_LEU,A_126_SER)
printing pajek edge (A_111_LEU,A_112_VAL)
printing pajek edge (A_83_ILE,A_84_ILE)
printing pajek edge (A_148_ASP,A_149_GLY)
printing pajek edge (A_219_ASP,A_220_LYS)
printing pajek edge (A_203_ARG,A_204_LEU)
printing pajek edge (A_203_ARG,A_204_LEU)
printing pajek edge (A_169_ALA,A_178_TYR)
printing pajek edge (A_169_ALA,A_170_SER)
printing pajek edge (A_185_ASN,A_186_PHE)
printing pajek edge (A_185_ASN,A_189_LEU)
printing pajek edge (A_185_ASN,A_188_GLU)
printing pajek edge (A_136_ASP,A_138_ILE)
printing pajek edge (A_136_ASP,A_137_GLY)
printing pajek edge (A_15_SER,A_17_THR)
printing pajek edge (A_15_SER,A_18_ILE)
printing pajek edge (A_15_SER,A_114_THR)
printing pajek edge (A_15_SER,A_16_SER)
printing pajek edge (A_113_THR,A_124_MET)
printing pajek edge (A_113_THR,A_114_THR)
printing pajek edge (A_70_THR,A_71_THR)
printing pajek edge (A_192_ASN,A_195_ALA)
printing pajek edge (A_192_ASN,A_193_GLN)
printing pajek edge (A_192_ASN,A_194_GLU)
printing pajek edge (A_173_THR,A_175_THR)
printing pajek edge (A_173_THR,A_174_ASN)
printing pajek edge (A_146_THR,A_167_HIS)
printing pajek edge (A_146_THR,A_147_LYS)
printing pajek edge (A_50_ARG,A_51_ASN)
printing pajek edge (A_179_PHE,A_180_THR)
printing pajek edge (A_25_SER,A_28_HIS)
printing pajek edge (A_25_SER,A_26_ASP)
printing pajek edge (A_25_SER,A_26_ASP)
printing pajek edge (A_25_SER,A_52_ASN)
printing pajek edge (A_188_GLU,A_191_THR)
printing pajek edge (A_188_GLU,A_192_ASN)
printing pajek edge (A_188_GLU,A_189_LEU)
printing pajek edge (A_141_LYS,A_142_HIS)
printing pajek edge (A_125_VAL,A_126_SER)
printing pajek edge (A_105_ARG,A_107_GLU)
printing pajek edge (A_105_ARG,A_106_GLU)
printing pajek edge (A_132_PHE,A_133_PRO)
printing pajek edge (A_132_PHE,A_141_LYS)
printing pajek edge (A_182_VAL,A_183_PRO)
printing pajek edge (A_122_SER,A_123_SER)
printing pajek edge (A_80_ARG,A_82_MET)
printing pajek edge (A_80_ARG,A_181_SER)
printing pajek edge (A_80_ARG,A_81_ASP)
printing pajek edge (A_213_GLY,A_214_HIS)
printing pajek edge (A_155_LEU,A_164_VAL)
printing pajek edge (A_155_LEU,A_156_VAL)
printing pajek edge (A_155_LEU,A_165_GLY)
printing pajek edge (A_1_GLY,A_2_GLU)
printing pajek edge (A_1_GLY,A_4_LEU)
printing pajek edge (A_1_GLY,A_3_SER)
printing pajek edge (A_24_GLU,A_54_THR)
printing pajek edge (A_24_GLU,A_25_SER)
printing pajek edge (A_97_LYS,A_98_LEU)
printing pajek edge (A_127_ASP,A_128_THR)
printing pajek edge (A_127_ASP,A_128_THR)
printing pajek edge (A_160_ASP,A_162_PHE)
printing pajek edge (A_160_ASP,A_161_GLY)
printing pajek edge (A_161_GLY,A_162_PHE)
printing pajek edge (A_177_ASN,A_178_TYR)
printing pajek edge (A_48_PHE,A_204_LEU)
printing pajek edge (A_48_PHE,A_74_GLN)
printing pajek edge (A_48_PHE,A_49_ARG)
printing pajek edge (A_9_ARG,A_159_ARG)
printing pajek edge (A_9_ARG,A_158_THR)
printing pajek edge (A_9_ARG,A_10_ASP)
printing pajek edge (A_210_LEU,A_211_TRP)
printing pajek edge (A_99_LYS,A_100_PHE)
printing pajek edge (A_99_LYS,A_163_ILE)
printing pajek edge (A_217_PHE,A_218_MET)
printing pajek edge (A_38_GLY,A_39_PRO)
printing pajek edge (A_38_GLY,A_94_PHE)
printing pajek edge (A_38_GLY,A_40_PHE)
printing pajek edge (A_38_GLY,A_95_PRO)
printing pajek edge (A_118_THR,A_119_LYS)
printing pajek edge (A_44_ASN,A_167_HIS)
printing pajek edge (A_44_ASN,A_47_LEU)
printing pajek edge (A_44_ASN,A_81_ASP)
printing pajek edge (A_44_ASN,A_168_SER)
printing pajek edge (A_44_ASN,A_45_LYS)
printing pajek edge (A_196_GLN,A_198_TRP)
printing pajek edge (A_196_GLN,A_197_GLN)
printing pajek edge (A_6_LYS,A_7_GLY)
printing pajek edge (A_171_ASN,A_175_THR)
printing pajek edge (A_171_ASN,A_174_ASN)
printing pajek edge (A_171_ASN,A_176_ASN)
printing pajek edge (A_171_ASN,A_172_PHE)
printing pajek edge (A_34_GLY,A_35_ILE)
printing pajek edge (A_22_THR,A_23_ASN)
printing pajek edge (A_22_THR,A_31_SER)
printing pajek edge (A_22_THR,A_56_LEU)
printing pajek edge (A_64_PHE,A_65_LYS)
printing pajek edge (A_8_PRO,A_9_ARG)
printing pajek edge (A_27_GLY,A_28_HIS)
printing pajek edge (A_81_ASP,A_82_MET)
printing pajek edge (A_81_ASP,A_168_SER)
printing pajek edge (A_194_GLU,A_195_ALA)
printing pajek edge (A_120_SER,A_121_MET)
printing pajek edge (A_181_SER,A_182_VAL)
printing pajek edge (A_100_PHE,A_187_MET)
printing pajek edge (A_100_PHE,A_101_ARG)
printing pajek edge (A_180_THR,A_181_SER)
printing pajek edge (A_163_ILE,A_164_VAL)
printing pajek edge (A_73_GLN,A_86_ARG)
printing pajek edge (A_73_GLN,A_74_GLN)
printing pajek edge (A_75_HIS,A_195_ALA)
printing pajek edge (A_75_HIS,A_84_ILE)
printing pajek edge (A_75_HIS,A_76_LEU)
printing pajek edge (A_75_HIS,A_197_GLN)
printing pajek edge (A_183_PRO,A_186_PHE)
printing pajek edge (A_183_PRO,A_184_LYS)
printing pajek edge (A_62_GLY,A_63_VAL)
printing pajek edge (A_109_ILE,A_129_SER)
printing pajek edge (A_109_ILE,A_110_CYS)
printing pajek edge (A_116_PHE,A_117_GLN)
printing pajek edge (A_93_PRO,A_94_PHE)
printing pajek edge (A_104_GLN,A_159_ARG)
printing pajek edge (A_104_GLN,A_105_ARG)
printing pajek edge (A_104_GLN,A_107_GLU)
printing pajek edge (A_202_TRP,A_203_ARG)
printing pajek edge (A_202_TRP,A_203_ARG)
printing pajek edge (A_11_TYR,A_110_CYS)
printing pajek edge (A_11_TYR,A_12_ASN)
printing pajek edge (A_11_TYR,A_14_ILE)
printing pajek edge (A_11_TYR,A_15_SER)
printing pajek edge (A_114_THR,A_115_ASN)
printing pajek edge (A_153_SER,A_167_HIS)
printing pajek edge (A_153_SER,A_154_PRO)
printing pajek edge (A_190_LEU,A_191_THR)
printing pajek edge (A_208_SER,A_209_VAL)
printing pajek edge (A_143_TRP,A_144_ILE)
printing pajek edge (A_92_PRO,A_93_PRO)
printing pajek edge (A_168_SER,A_180_THR)
printing pajek edge (A_168_SER,A_178_TYR)
printing pajek edge (A_168_SER,A_169_ALA)
printing pajek edge (A_49_ARG,A_206_ALA)
printing pajek edge (A_49_ARG,A_204_LEU)
printing pajek edge (A_49_ARG,A_207_ASP)
printing pajek edge (A_49_ARG,A_50_ARG)
printing pajek edge (A_108_ARG,A_158_THR)
printing pajek edge (A_108_ARG,A_109_ILE)
printing pajek edge (A_88_PRO,A_91_PHE)
printing pajek edge (A_88_PRO,A_89_LYS)
printing pajek edge (A_175_THR,A_176_ASN)
printing pajek edge (A_78_ASP,A_79_GLY)
printing pajek edge (A_78_ASP,A_80_ARG)
printing pajek edge (A_215_LYS,A_216_VAL)
printing pajek edge (A_215_LYS,A_217_PHE)
printing pajek edge (A_134_SER,A_137_GLY)
printing pajek edge (A_134_SER,A_135_SER)
printing pajek edge (A_134_SER,A_214_HIS)
printing pajek edge (A_134_SER,A_139_PHE)
printing pajek edge (A_150_GLN,A_153_SER)
printing pajek edge (A_150_GLN,A_151_CYS)
printing pajek edge (A_124_MET,A_125_VAL)
printing pajek edge (A_51_ASN,A_201_GLY)
printing pajek edge (A_51_ASN,A_202_TRP)
printing pajek edge (A_51_ASN,A_69_THR)
printing pajek edge (A_51_ASN,A_52_ASN)
printing pajek edge (A_40_PHE,A_86_ARG)
printing pajek edge (A_40_PHE,A_41_ILE)
printing pajek edge (A_40_PHE,A_196_GLN)
printing pajek edge (A_211_TRP,A_214_HIS)
printing pajek edge (A_211_TRP,A_212_GLY)
printing pajek edge (A_65_LYS,A_66_VAL)
printing pajek edge (A_98_LEU,A_99_LYS)
printing pajek edge (A_13_PRO,A_14_ILE)
printing pajek edge (A_13_PRO,A_16_SER)
printing pajek edge (A_42_ILE,A_43_THR)
printing pajek edge (A_53_GLY,A_54_THR)
printing pajek edge (A_53_GLY,A_69_THR)
printing pajek edge (A_174_ASN,A_175_THR)
printing pajek edge (A_174_ASN,A_220_LYS)
printing pajek edge (A_57_VAL,A_64_PHE)
printing pajek edge (A_57_VAL,A_58_GLN)
printing pajek edge (A_46_HIS,A_47_LEU)
printing pajek edge (A_46_HIS,A_81_ASP)
printing pajek edge (A_46_HIS,A_151_CYS)
printing pajek edge (A_46_HIS,A_49_ARG)
printing pajek edge (A_67_LYS,A_68_ASN)
printing pajek edge (A_20_HIS,A_33_TYR)
printing pajek edge (A_20_HIS,A_58_GLN)
printing pajek edge (A_20_HIS,A_21_LEU)
printing pajek edge (A_20_HIS,A_21_LEU)
printing pajek edge (A_55_LEU,A_66_VAL)
printing pajek edge (A_55_LEU,A_56_LEU)
printing pajek edge (A_71_THR,A_72_LEU)
printing pajek edge (A_189_LEU,A_192_ASN)
printing pajek edge (A_189_LEU,A_190_LEU)
printing pajek edge (A_189_LEU,A_196_GLN)
printing pajek edge (A_69_THR,A_70_THR)
printing pajek edge (A_69_THR,A_71_THR)
printing pajek edge (A_69_THR,A_72_LEU)
printing pajek edge (A_167_HIS,A_169_ALA)
printing pajek edge (A_167_HIS,A_168_SER)
printing pajek edge (A_167_HIS,A_168_SER)
printing pajek edge (A_2_GLU,A_3_SER)
printing pajek edge (A_137_GLY,A_138_ILE)
printing pajek edge (A_137_GLY,A_181_SER)
printing pajek edge (A_137_GLY,A_140_TRP)
printing pajek edge (A_89_LYS,A_90_ASP)
printing pajek edge (A_117_GLN,A_118_THR)
printing pajek edge (A_145_GLN,A_146_THR)
printing pajek edge (A_142_HIS,A_167_HIS)
printing pajek edge (A_142_HIS,A_143_TRP)
printing pajek edge (A_142_HIS,A_144_ILE)
printing pajek edge (A_142_HIS,A_177_ASN)
printing pajek edge (A_31_SER,A_32_LEU)
printing pajek edge (A_101_ARG,A_160_ASP)
printing pajek edge (A_101_ARG,A_157_SER)
printing pajek edge (A_101_ARG,A_107_GLU)
printing pajek edge (A_101_ARG,A_163_ILE)
printing pajek edge (A_101_ARG,A_102_GLU)
printing pajek edge (A_101_ARG,A_102_GLU)
printing pajek edge (A_129_SER,A_143_TRP)
printing pajek edge (A_129_SER,A_130_CYS)
printing pajek edge (A_129_SER,A_130_CYS)
printing pajek edge (A_26_ASP,A_28_HIS)
printing pajek edge (A_26_ASP,A_52_ASN)
printing pajek edge (A_26_ASP,A_27_GLY)
printing pajek edge (A_29_THR,A_30_THR)
printing pajek edge (A_121_MET,A_122_SER)
printing pajek edge (A_157_SER,A_159_ARG)
printing pajek edge (A_157_SER,A_160_ASP)
printing pajek edge (A_157_SER,A_162_PHE)
printing pajek edge (A_157_SER,A_161_GLY)
printing pajek edge (A_157_SER,A_158_THR)
printing pajek edge (A_135_SER,A_137_GLY)
printing pajek edge (A_135_SER,A_212_GLY)
printing pajek edge (A_135_SER,A_136_ASP)
printing pajek edge (A_41_ILE,A_85_ILE)
printing pajek edge (A_41_ILE,A_42_ILE)
printing pajek edge (A_76_LEU,A_77_ILE)
printing pajek edge (A_84_ILE,A_85_ILE)
printing pajek edge (A_193_GLN,A_194_GLU)
printing pajek edge (A_193_GLN,A_196_GLN)
printing pajek edge (A_60_LEU,A_61_HIS)
printing pajek edge (A_216_VAL,A_217_PHE)
printing pajek edge (A_178_TYR,A_214_HIS)
printing pajek edge (A_178_TYR,A_179_PHE)
printing pajek edge (A_151_CYS,A_152_GLY)
printing pajek edge (A_151_CYS,A_168_SER)
printing pajek edge (A_156_VAL,A_157_SER)
printing pajek edge (A_131_THR,A_132_PHE)
printing pajek edge (A_131_THR,A_132_PHE)
printing pajek edge (A_131_THR,A_141_LYS)
printing pajek edge (A_218_MET,A_219_ASP)
printing pajek edge (A_54_THR,A_55_LEU)
printing pajek edge (A_123_SER,A_124_MET)
printing pajek edge (A_144_ILE,A_145_GLN)
printing pajek edge (A_144_ILE,A_177_ASN)
printing pajek edge (A_206_ALA,A_207_ASP)
printing pajek edge (A_159_ARG,A_160_ASP)
printing pajek edge (A_159_ARG,A_160_ASP)
printing pajek edge (A_43_THR,A_44_ASN)
printing pajek edge (A_43_THR,A_44_ASN)
printing pajek edge (A_43_THR,A_83_ILE)
printing pajek edge (A_23_ASN,A_47_LEU)
printing pajek edge (A_23_ASN,A_50_ARG)
printing pajek edge (A_23_ASN,A_24_GLU)
printing pajek edge (A_23_ASN,A_30_THR)
printing pajek edge (A_220_LYS,A_221_PRO)
printing pajek edge (A_47_LEU,A_49_ARG)
printing pajek edge (A_47_LEU,A_48_PHE)
printing pajek edge (A_14_ILE,A_17_THR)
printing pajek edge (A_14_ILE,A_15_SER)
printing pajek edge (A_106_GLU,A_131_THR)
printing pajek edge (A_106_GLU,A_107_GLU)
printing pajek edge (A_7_GLY,A_8_PRO)
printing pajek edge (A_86_ARG,A_87_MET)
printing pajek edge (A_186_PHE,A_190_LEU)
printing pajek edge (A_186_PHE,A_187_MET)
printing pajek edge (A_186_PHE,A_189_LEU)
printing pajek edge (A_37_PHE,A_40_PHE)
printing pajek edge (A_37_PHE,A_96_GLN)
printing pajek edge (A_37_PHE,A_38_GLY)
printing pajek edge (A_4_LEU,A_5_PHE)
printing pajek edge (A_214_HIS,A_215_LYS)
printing pajek edge (A_184_LYS,A_185_ASN)
printing pajek edge (A_95_PRO,A_96_GLN)
printing pajek edge (A_147_LYS,A_150_GLN)
printing pajek edge (A_147_LYS,A_148_ASP)
printing pajek edge (A_52_ASN,A_53_GLY)
printing pajek edge (A_10_ASP,A_12_ASN)
printing pajek edge (A_10_ASP,A_11_TYR)
printing pajek edge (A_112_VAL,A_113_THR)
printing pajek edge (A_112_VAL,A_154_PRO)
printing pajek edge (A_39_PRO,A_40_PHE)
printing pajek edge (A_39_PRO,A_87_MET)
printing pajek edge (A_5_PHE,A_6_LYS)
printing pajek edge (A_35_ILE,A_36_GLY)
printing pajek edge (A_35_ILE,A_42_ILE)
printing pajek edge (A_170_SER,A_171_ASN)
printing pajek edge (A_170_SER,A_171_ASN)
printing pajek edge (A_170_SER,A_176_ASN)
printing pajek edge (A_170_SER,A_177_ASN)
printing pajek edge (A_165_GLY,A_166_ILE)
printing pajek edge (A_133_PRO,A_134_SER)
printing pajek edge (A_197_GLN,A_198_TRP)
printing pajek edge (A_172_PHE,A_173_THR)
