Graph START

Adding vertex (chain-A, position-1, res-MET)
New vertex id: 0
1 2 3 4 5 6 7 8 9 10 11 12 13 14 15 16 17 
Adding vertex (chain-A, position-2, res-ALA)
New vertex id: 1
18 19 20 21 22 23 24 25 26 27 
Adding vertex (chain-A, position-3, res-GLY)
New vertex id: 2
28 29 30 31 32 33 34 
Adding vertex (chain-A, position-4, res-ASN)
New vertex id: 3
35 36 37 38 39 40 41 42 43 44 45 46 47 48 
Adding vertex (chain-A, position-5, res-PHE)
New vertex id: 4
49 50 51 52 53 54 55 56 57 58 59 60 61 62 63 64 65 66 67 68 
Adding vertex (chain-A, position-6, res-ASP)
New vertex id: 5
69 70 71 72 73 74 75 76 77 78 79 80 
Adding vertex (chain-A, position-7, res-SER)
New vertex id: 6
81 82 83 84 85 86 87 88 89 90 91 
Adding vertex (chain-A, position-8, res-GLU)
New vertex id: 7
92 93 94 95 96 97 98 99 100 101 102 103 104 105 106 
Adding vertex (chain-A, position-9, res-GLU)
New vertex id: 8
107 108 109 110 111 112 113 114 115 116 117 118 119 120 121 
Adding vertex (chain-A, position-10, res-ARG)
New vertex id: 9
122 123 124 125 126 127 128 129 130 131 132 133 134 135 136 137 138 139 140 141 142 143 144 145 
Adding vertex (chain-A, position-11, res-SER)
New vertex id: 10
146 147 148 149 150 151 152 153 154 155 156 
Adding vertex (chain-A, position-12, res-SER)
New vertex id: 11
157 158 159 160 161 162 163 164 165 166 167 
Adding vertex (chain-A, position-13, res-TRP)
New vertex id: 12
168 169 170 171 172 173 174 175 176 177 178 179 180 181 182 183 184 185 186 187 188 189 190 191 
Adding vertex (chain-A, position-14, res-TYR)
New vertex id: 13
192 193 194 195 196 197 198 199 200 201 202 203 204 205 206 207 208 209 210 211 212 
Adding vertex (chain-A, position-15, res-TRP)
New vertex id: 14
213 214 215 216 217 218 219 220 221 222 223 224 225 226 227 228 229 230 231 232 233 234 235 236 
Adding vertex (chain-A, position-16, res-GLY)
New vertex id: 15
237 238 239 240 241 242 243 
Adding vertex (chain-A, position-17, res-ARG)
New vertex id: 16
244 245 246 247 248 249 250 251 252 253 254 255 256 257 258 259 260 261 262 263 264 265 266 267 
Adding vertex (chain-A, position-18, res-LEU)
New vertex id: 17
268 269 270 271 272 273 274 275 276 277 278 279 280 281 282 283 284 285 286 
Adding vertex (chain-A, position-19, res-SER)
New vertex id: 18
287 288 289 290 291 292 293 294 295 296 297 
Adding vertex (chain-A, position-20, res-ARG)
New vertex id: 19
298 299 300 301 302 303 304 305 306 307 308 309 310 311 312 313 314 315 316 317 318 319 320 321 
Adding vertex (chain-A, position-21, res-GLN)
New vertex id: 20
322 323 324 325 326 327 328 329 330 331 332 333 334 335 336 337 338 
Adding vertex (chain-A, position-22, res-GLU)
New vertex id: 21
339 340 341 342 343 344 345 346 347 348 349 350 351 352 353 
Adding vertex (chain-A, position-23, res-ALA)
New vertex id: 22
354 355 356 357 358 359 360 361 362 363 
Adding vertex (chain-A, position-24, res-VAL)
New vertex id: 23
364 365 366 367 368 369 370 371 372 373 374 375 376 377 378 379 
Adding vertex (chain-A, position-25, res-ALA)
New vertex id: 24
380 381 382 383 384 385 386 387 388 389 
Adding vertex (chain-A, position-26, res-LEU)
New vertex id: 25
390 391 392 393 394 395 396 397 398 399 400 401 402 403 404 405 406 407 408 
Adding vertex (chain-A, position-27, res-LEU)
New vertex id: 26
409 410 411 412 413 414 415 416 417 418 419 420 421 422 423 424 425 426 427 
Adding vertex (chain-A, position-28, res-GLN)
New vertex id: 27
428 429 430 431 432 433 434 435 436 437 438 439 440 441 442 443 444 
Adding vertex (chain-A, position-29, res-GLY)
New vertex id: 28
445 446 447 448 449 450 451 
Adding vertex (chain-A, position-30, res-GLN)
New vertex id: 29
452 453 454 455 456 457 458 459 460 461 462 463 464 465 466 467 468 
Adding vertex (chain-A, position-31, res-ARG)
New vertex id: 30
469 470 471 472 473 474 475 476 477 478 479 480 481 482 483 484 485 486 487 488 489 490 491 492 
Adding vertex (chain-A, position-32, res-HIS)
New vertex id: 31
493 494 495 496 497 498 499 500 501 502 503 504 505 506 507 508 509 510 
Adding vertex (chain-A, position-33, res-GLY)
New vertex id: 32
511 512 513 514 515 516 517 
Adding vertex (chain-A, position-34, res-VAL)
New vertex id: 33
518 519 520 521 522 523 524 525 526 527 528 529 530 531 532 533 
Adding vertex (chain-A, position-35, res-PHE)
New vertex id: 34
534 535 536 537 538 539 540 541 542 543 544 545 546 547 548 549 550 551 552 553 
Adding vertex (chain-A, position-36, res-LEU)
New vertex id: 35
554 555 556 557 558 559 560 561 562 563 564 565 566 567 568 569 570 571 572 
Adding vertex (chain-A, position-37, res-VAL)
New vertex id: 36
573 574 575 576 577 578 579 580 581 582 583 584 585 586 587 588 
Adding vertex (chain-A, position-38, res-ARG)
New vertex id: 37
589 590 591 592 593 594 595 596 597 598 599 600 601 602 603 604 605 606 607 608 609 610 611 612 
Adding vertex (chain-A, position-39, res-ASP)
New vertex id: 38
613 614 615 616 617 618 619 620 621 622 623 624 
Adding vertex (chain-A, position-40, res-SER)
New vertex id: 39
625 626 627 628 629 630 631 632 633 634 635 
Adding vertex (chain-A, position-41, res-SER)
New vertex id: 40
636 637 638 639 640 641 642 643 644 645 646 
Adding vertex (chain-A, position-42, res-THR)
New vertex id: 41
647 648 649 650 651 652 653 654 655 656 657 658 659 660 
Adding vertex (chain-A, position-43, res-SER)
New vertex id: 42
661 662 663 664 665 666 667 668 669 670 671 
Adding vertex (chain-A, position-44, res-PRO)
New vertex id: 43
672 673 674 675 676 677 678 679 680 681 682 683 684 685 
Adding vertex (chain-A, position-45, res-GLY)
New vertex id: 44
686 687 688 689 690 691 692 
Adding vertex (chain-A, position-46, res-ASP)
New vertex id: 45
693 694 695 696 697 698 699 700 701 702 703 704 
Adding vertex (chain-A, position-47, res-TYR)
New vertex id: 46
705 706 707 708 709 710 711 712 713 714 715 716 717 718 719 720 721 722 723 724 725 
Adding vertex (chain-A, position-48, res-VAL)
New vertex id: 47
726 727 728 729 730 731 732 733 734 735 736 737 738 739 740 741 
Adding vertex (chain-A, position-49, res-LEU)
New vertex id: 48
742 743 744 745 746 747 748 749 750 751 752 753 754 755 756 757 758 759 760 
Adding vertex (chain-A, position-50, res-SER)
New vertex id: 49
761 762 763 764 765 766 767 768 769 770 771 
Adding vertex (chain-A, position-51, res-VAL)
New vertex id: 50
772 773 774 775 776 777 778 779 780 781 782 783 784 785 786 787 
Adding vertex (chain-A, position-52, res-SER)
New vertex id: 51
788 789 790 791 792 793 794 795 796 797 798 
Adding vertex (chain-A, position-53, res-GLU)
New vertex id: 52
799 800 801 802 803 804 805 806 807 808 809 810 811 812 813 
Adding vertex (chain-A, position-54, res-ASN)
New vertex id: 53
814 815 816 817 818 819 820 821 822 823 824 825 826 827 
Adding vertex (chain-A, position-55, res-SER)
New vertex id: 54
828 829 830 831 832 833 834 835 836 837 838 
Adding vertex (chain-A, position-56, res-ARG)
New vertex id: 55
839 840 841 842 843 844 845 846 847 848 849 850 851 852 853 854 855 856 857 858 859 860 861 862 
Adding vertex (chain-A, position-57, res-VAL)
New vertex id: 56
863 864 865 866 867 868 869 870 871 872 873 874 875 876 877 878 
Adding vertex (chain-A, position-58, res-SER)
New vertex id: 57
879 880 881 882 883 884 885 886 887 888 889 
Adding vertex (chain-A, position-59, res-HIS)
New vertex id: 58
890 891 892 893 894 895 896 897 898 899 900 901 902 903 904 905 906 907 
Adding vertex (chain-A, position-60, res-TYR)
New vertex id: 59
908 909 910 911 912 913 914 915 916 917 918 919 920 921 922 923 924 925 926 927 928 
Adding vertex (chain-A, position-61, res-ILE)
New vertex id: 60
929 930 931 932 933 934 935 936 937 938 939 940 941 942 943 944 945 946 947 
Adding vertex (chain-A, position-62, res-ILE)
New vertex id: 61
948 949 950 951 952 953 954 955 956 957 958 959 960 961 962 963 964 965 966 
Adding vertex (chain-A, position-63, res-ASN)
New vertex id: 62
967 968 969 970 971 972 973 974 975 976 977 978 979 980 
Adding vertex (chain-A, position-64, res-SER)
New vertex id: 63
981 982 983 984 985 986 987 988 989 990 991 
Adding vertex (chain-A, position-65, res-SER)
New vertex id: 64
992 993 994 995 996 997 998 999 1000 1001 1002 
Adding vertex (chain-A, position-66, res-GLY)
New vertex id: 65
1003 1004 1005 1006 1007 1008 1009 
Adding vertex (chain-A, position-67, res-PRO)
New vertex id: 66
1010 1011 1012 1013 1014 1015 1016 1017 1018 1019 1020 1021 1022 1023 
Adding vertex (chain-A, position-68, res-ARG)
New vertex id: 67
1024 1025 1026 1027 1028 1029 1030 1031 1032 1033 1034 1035 1036 1037 1038 1039 1040 1041 1042 1043 1044 1045 1046 1047 
Adding vertex (chain-A, position-69, res-PRO)
New vertex id: 68
1048 1049 1050 1051 1052 1053 1054 1055 1056 1057 1058 1059 1060 1061 
Adding vertex (chain-A, position-70, res-PRO)
New vertex id: 69
1062 1063 1064 1065 1066 1067 1068 1069 1070 1071 1072 1073 1074 1075 
Adding vertex (chain-A, position-71, res-VAL)
New vertex id: 70
1076 1077 1078 1079 1080 1081 1082 1083 1084 1085 1086 1087 1088 1089 1090 1091 
Adding vertex (chain-A, position-72, res-PRO)
New vertex id: 71
1092 1093 1094 1095 1096 1097 1098 1099 1100 1101 1102 1103 1104 1105 
Adding vertex (chain-A, position-73, res-PRO)
New vertex id: 72
1106 1107 1108 1109 1110 1111 1112 1113 1114 1115 1116 1117 1118 1119 
Adding vertex (chain-A, position-74, res-SER)
New vertex id: 73
1120 1121 1122 1123 1124 1125 1126 1127 1128 1129 1130 
Adding vertex (chain-A, position-75, res-PRO)
New vertex id: 74
1131 1132 1133 1134 1135 1136 1137 1138 1139 1140 1141 1142 1143 1144 
Adding vertex (chain-A, position-76, res-ALA)
New vertex id: 75
1145 1146 1147 1148 1149 1150 1151 1152 1153 1154 
Adding vertex (chain-A, position-77, res-GLN)
New vertex id: 76
1155 1156 1157 1158 1159 1160 1161 1162 1163 1164 1165 1166 1167 1168 1169 1170 1171 
Adding vertex (chain-A, position-78, res-PRO)
New vertex id: 77
1172 1173 1174 1175 1176 1177 1178 1179 1180 1181 1182 1183 1184 1185 
Adding vertex (chain-A, position-79, res-PRO)
New vertex id: 78
1186 1187 1188 1189 1190 1191 1192 1193 1194 1195 1196 1197 1198 1199 
Adding vertex (chain-A, position-80, res-PRO)
New vertex id: 79
1200 1201 1202 1203 1204 1205 1206 1207 1208 1209 1210 1211 1212 1213 
Adding vertex (chain-A, position-81, res-GLY)
New vertex id: 80
1214 1215 1216 1217 1218 1219 1220 
Adding vertex (chain-A, position-82, res-VAL)
New vertex id: 81
1221 1222 1223 1224 1225 1226 1227 1228 1229 1230 1231 1232 1233 1234 1235 1236 
Adding vertex (chain-A, position-83, res-SER)
New vertex id: 82
1237 1238 1239 1240 1241 1242 1243 1244 1245 1246 1247 
Adding vertex (chain-A, position-84, res-PRO)
New vertex id: 83
1248 1249 1250 1251 1252 1253 1254 1255 1256 1257 1258 1259 1260 1261 
Adding vertex (chain-A, position-85, res-SER)
New vertex id: 84
1262 1263 1264 1265 1266 1267 1268 1269 1270 1271 1272 
Adding vertex (chain-A, position-86, res-ARG)
New vertex id: 85
1273 1274 1275 1276 1277 1278 1279 1280 1281 1282 1283 1284 1285 1286 1287 1288 1289 1290 1291 1292 1293 1294 1295 1296 
Adding vertex (chain-A, position-87, res-LEU)
New vertex id: 86
1297 1298 1299 1300 1301 1302 1303 1304 1305 1306 1307 1308 1309 1310 1311 1312 1313 1314 1315 
Adding vertex (chain-A, position-88, res-ARG)
New vertex id: 87
1316 1317 1318 1319 1320 1321 1322 1323 1324 1325 1326 1327 1328 1329 1330 1331 1332 1333 1334 1335 1336 1337 1338 1339 
Adding vertex (chain-A, position-89, res-ILE)
New vertex id: 88
1340 1341 1342 1343 1344 1345 1346 1347 1348 1349 1350 1351 1352 1353 1354 1355 1356 1357 1358 
Adding vertex (chain-A, position-90, res-GLY)
New vertex id: 89
1359 1360 1361 1362 1363 1364 1365 
Adding vertex (chain-A, position-91, res-ASP)
New vertex id: 90
1366 1367 1368 1369 1370 1371 1372 1373 1374 1375 1376 1377 
Adding vertex (chain-A, position-92, res-GLN)
New vertex id: 91
1378 1379 1380 1381 1382 1383 1384 1385 1386 1387 1388 1389 1390 1391 1392 1393 1394 
Adding vertex (chain-A, position-93, res-GLU)
New vertex id: 92
1395 1396 1397 1398 1399 1400 1401 1402 1403 1404 1405 1406 1407 1408 1409 
Adding vertex (chain-A, position-94, res-PHE)
New vertex id: 93
1410 1411 1412 1413 1414 1415 1416 1417 1418 1419 1420 1421 1422 1423 1424 1425 1426 1427 1428 1429 
Adding vertex (chain-A, position-95, res-ASP)
New vertex id: 94
1430 1431 1432 1433 1434 1435 1436 1437 1438 1439 1440 1441 
Adding vertex (chain-A, position-96, res-SER)
New vertex id: 95
1442 1443 1444 1445 1446 1447 1448 1449 1450 1451 1452 
Adding vertex (chain-A, position-97, res-LEU)
New vertex id: 96
1453 1454 1455 1456 1457 1458 1459 1460 1461 1462 1463 1464 1465 1466 1467 1468 1469 1470 1471 
Adding vertex (chain-A, position-98, res-PRO)
New vertex id: 97
1472 1473 1474 1475 1476 1477 1478 1479 1480 1481 1482 1483 1484 1485 
Adding vertex (chain-A, position-99, res-ALA)
New vertex id: 98
1486 1487 1488 1489 1490 1491 1492 1493 1494 1495 
Adding vertex (chain-A, position-100, res-LEU)
New vertex id: 99
1496 1497 1498 1499 1500 1501 1502 1503 1504 1505 1506 1507 1508 1509 1510 1511 1512 1513 1514 
Adding vertex (chain-A, position-101, res-LEU)
New vertex id: 100
1515 1516 1517 1518 1519 1520 1521 1522 1523 1524 1525 1526 1527 1528 1529 1530 1531 1532 1533 
Adding vertex (chain-A, position-102, res-GLU)
New vertex id: 101
1534 1535 1536 1537 1538 1539 1540 1541 1542 1543 1544 1545 1546 1547 1548 
Adding vertex (chain-A, position-103, res-PHE)
New vertex id: 102
1549 1550 1551 1552 1553 1554 1555 1556 1557 1558 1559 1560 1561 1562 1563 1564 1565 1566 1567 1568 
Adding vertex (chain-A, position-104, res-TYR)
New vertex id: 103
1569 1570 1571 1572 1573 1574 1575 1576 1577 1578 1579 1580 1581 1582 1583 1584 1585 1586 1587 1588 1589 
Adding vertex (chain-A, position-105, res-LYS)
New vertex id: 104
1590 1591 1592 1593 1594 1595 1596 1597 1598 1599 1600 1601 1602 1603 1604 1605 1606 1607 1608 1609 1610 1611 
Adding vertex (chain-A, position-106, res-ILE)
New vertex id: 105
1612 1613 1614 1615 1616 1617 1618 1619 1620 1621 1622 1623 1624 1625 1626 1627 1628 1629 1630 
Adding vertex (chain-A, position-107, res-HIS)
New vertex id: 106
1631 1632 1633 1634 1635 1636 1637 1638 1639 1640 1641 1642 1643 1644 1645 1646 1647 1648 
Adding vertex (chain-A, position-108, res-TYR)
New vertex id: 107
1649 1650 1651 1652 1653 1654 1655 1656 1657 1658 1659 1660 1661 1662 1663 1664 1665 1666 1667 1668 1669 
Adding vertex (chain-A, position-109, res-LEU)
New vertex id: 108
1670 1671 1672 1673 1674 1675 1676 1677 1678 1679 1680 1681 1682 1683 1684 1685 1686 1687 1688 
Adding vertex (chain-A, position-110, res-ASP)
New vertex id: 109
1689 1690 1691 1692 1693 1694 1695 1696 1697 1698 1699 1700 
Adding vertex (chain-A, position-111, res-THR)
New vertex id: 110
1701 1702 1703 1704 1705 1706 1707 1708 1709 1710 1711 1712 1713 1714 
Adding vertex (chain-A, position-112, res-THR)
New vertex id: 111
1715 1716 1717 1718 1719 1720 1721 1722 1723 1724 1725 1726 1727 1728 
Adding vertex (chain-A, position-113, res-THR)
New vertex id: 112
1729 1730 1731 1732 1733 1734 1735 1736 1737 1738 1739 1740 1741 1742 
Adding vertex (chain-A, position-114, res-LEU)
New vertex id: 113
1743 1744 1745 1746 1747 1748 1749 1750 1751 1752 1753 1754 1755 1756 1757 1758 1759 1760 1761 
Adding vertex (chain-A, position-115, res-ILE)
New vertex id: 114
1762 1763 1764 1765 1766 1767 1768 1769 1770 1771 1772 1773 1774 1775 1776 1777 1778 1779 1780 
Adding vertex (chain-A, position-116, res-GLU)
New vertex id: 115
1781 1782 1783 1784 1785 1786 1787 1788 1789 1790 1791 1792 1793 1794 1795 
Adding vertex (chain-A, position-117, res-PRO)
New vertex id: 116
1796 1797 1798 1799 1800 1801 1802 1803 1804 1805 1806 1807 1808 1809 
Adding vertex (chain-A, position-118, res-VAL)
New vertex id: 117
1810 1811 1812 1813 1814 1815 1816 1817 1818 1819 1820 1821 1822 1823 1824 1825 
Adding vertex (chain-A, position-119, res-SER)
New vertex id: 118
1826 1827 1828 1829 1830 1831 1832 1833 1834 1835 1836 
Adding vertex (chain-A, position-120, res-ARG)
New vertex id: 119
1837 1838 1839 1840 1841 1842 1843 1844 1845 1846 1847 1848 1849 1850 1851 1852 1853 1854 1855 1856 1857 1858 1859 1860 
Adding vertex (chain-A, position-121, res-SER)
New vertex id: 120
1861 1862 1863 1864 1865 1866 1867 1868 1869 1870 1871 
Adding vertex (chain-A, position-122, res-ARG)
New vertex id: 121
1872 1873 1874 1875 1876 1877 1878 1879 1880 1881 1882 1883 1884 1885 1886 1887 1888 1889 1890 1891 1892 1893 1894 1895 
Adding vertex (chain-A, position-123, res-GLN)
New vertex id: 122
1896 1897 1898 1899 1900 1901 1902 1903 1904 1905 1906 1907 1908 1909 1910 1911 1912 
Adding vertex (chain-A, position-124, res-GLY)
New vertex id: 123
1913 1914 1915 1916 1917 1918 1919 
Adding vertex (chain-A, position-125, res-SER)
New vertex id: 124
1920 1921 1922 1923 1924 1925 1926 1927 1928 1929 1930 
Adding vertex (chain-A, position-126, res-GLY)
New vertex id: 125
1931 1932 1933 1934 1935 1936 1937 
Adding vertex (chain-A, position-127, res-VAL)
New vertex id: 126
1938 1939 1940 1941 1942 1943 1944 1945 1946 1947 1948 1949 1950 1951 1952 1953 
Adding vertex (chain-A, position-128, res-ILE)
New vertex id: 127
1954 1955 1956 1957 1958 1959 1960 1961 1962 1963 1964 1965 1966 1967 1968 1969 1970 1971 1972 
Adding vertex (chain-A, position-129, res-LEU)
New vertex id: 128
1973 1974 1975 1976 1977 1978 1979 1980 1981 1982 1983 1984 1985 1986 1987 1988 1989 1990 1991 
Adding vertex (chain-A, position-130, res-ARG)
New vertex id: 129
1992 1993 1994 1995 1996 1997 1998 1999 2000 2001 2002 2003 2004 2005 2006 2007 2008 2009 2010 2011 2012 2013 2014 2015 
Adding vertex (chain-A, position-131, res-GLN)
New vertex id: 130
2016 2017 2018 2019 2020 2021 2022 2023 2024 2025 2026 2027 2028 2029 2030 2031 2032 
Adding vertex (chain-A, position-132, res-GLU)
New vertex id: 131
2033 2034 2035 2036 2037 2038 2039 2040 2041 2042 2043 2044 2045 2046 2047 
Adding vertex (chain-A, position-133, res-GLU)
New vertex id: 132
2048 2049 2050 2051 2052 2053 2054 2055 2056 2057 2058 2059 2060 2061 2062 
Adding vertex (chain-A, position-134, res-ALA)
New vertex id: 133
2063 2064 2065 2066 2067 2068 2069 2070 2071 2072 
Adding vertex (chain-A, position-135, res-GLU)
New vertex id: 134
2073 2074 2075 2076 2077 2078 2079 2080 2081 2082 2083 2084 2085 2086 2087 
Adding vertex (chain-A, position-136, res-TYR)
New vertex id: 135
2088 2089 2090 2091 2092 2093 2094 2095 2096 2097 2098 2099 2100 2101 2102 2103 2104 2105 2106 2107 2108 
Adding vertex (chain-A, position-137, res-VAL)
New vertex id: 136
2109 2110 2111 2112 2113 2114 2115 2116 2117 2118 2119 2120 2121 2122 2123 2124 
Adding vertex (chain-A, position-138, res-ARG)
New vertex id: 137
2125 2126 2127 2128 2129 2130 2131 2132 2133 2134 2135 2136 2137 2138 2139 2140 2141 2142 2143 2144 2145 2146 2147 2148 
Adding vertex (chain-A, position-139, res-ALA)
New vertex id: 138
2149 2150 2151 2152 2153 2154 2155 2156 2157 2158 
Adding vertex (chain-A, position-140, res-LEU)
New vertex id: 139
2159 2160 2161 2162 2163 2164 2165 2166 2167 2168 2169 2170 2171 2172 2173 2174 2175 2176 2177 
Adding vertex (chain-A, position-141, res-PHE)
New vertex id: 140
2178 2179 2180 2181 2182 2183 2184 2185 2186 2187 2188 2189 2190 2191 2192 2193 2194 2195 2196 2197 
Adding vertex (chain-A, position-142, res-ASP)
New vertex id: 141
2198 2199 2200 2201 2202 2203 2204 2205 2206 2207 2208 2209 
Adding vertex (chain-A, position-143, res-PHE)
New vertex id: 142
2210 2211 2212 2213 2214 2215 2216 2217 2218 2219 2220 2221 2222 2223 2224 2225 2226 2227 2228 2229 
Adding vertex (chain-A, position-144, res-ASN)
New vertex id: 143
2230 2231 2232 2233 2234 2235 2236 2237 2238 2239 2240 2241 2242 2243 
Adding vertex (chain-A, position-145, res-GLY)
New vertex id: 144
2244 2245 2246 2247 2248 2249 2250 
Adding vertex (chain-A, position-146, res-ASN)
New vertex id: 145
2251 2252 2253 2254 2255 2256 2257 2258 2259 2260 2261 2262 2263 2264 
Adding vertex (chain-A, position-147, res-ASP)
New vertex id: 146
2265 2266 2267 2268 2269 2270 2271 2272 2273 2274 2275 2276 
Adding vertex (chain-A, position-148, res-GLU)
New vertex id: 147
2277 2278 2279 2280 2281 2282 2283 2284 2285 2286 2287 2288 2289 2290 2291 
Adding vertex (chain-A, position-149, res-GLU)
New vertex id: 148
2292 2293 2294 2295 2296 2297 2298 2299 2300 2301 2302 2303 2304 2305 2306 
Adding vertex (chain-A, position-150, res-ASP)
New vertex id: 149
2307 2308 2309 2310 2311 2312 2313 2314 2315 2316 2317 2318 
Adding vertex (chain-A, position-151, res-LEU)
New vertex id: 150
2319 2320 2321 2322 2323 2324 2325 2326 2327 2328 2329 2330 2331 2332 2333 2334 2335 2336 2337 
Adding vertex (chain-A, position-152, res-PRO)
New vertex id: 151
2338 2339 2340 2341 2342 2343 2344 2345 2346 2347 2348 2349 2350 2351 
Adding vertex (chain-A, position-153, res-PHE)
New vertex id: 152
2352 2353 2354 2355 2356 2357 2358 2359 2360 2361 2362 2363 2364 2365 2366 2367 2368 2369 2370 2371 
Adding vertex (chain-A, position-154, res-LYS)
New vertex id: 153
2372 2373 2374 2375 2376 2377 2378 2379 2380 2381 2382 2383 2384 2385 2386 2387 2388 2389 2390 2391 2392 2393 
Adding vertex (chain-A, position-155, res-LYS)
New vertex id: 154
2394 2395 2396 2397 2398 2399 2400 2401 2402 2403 2404 2405 2406 2407 2408 2409 2410 2411 2412 2413 2414 2415 
Adding vertex (chain-A, position-156, res-GLY)
New vertex id: 155
2416 2417 2418 2419 2420 2421 2422 
Adding vertex (chain-A, position-157, res-ASP)
New vertex id: 156
2423 2424 2425 2426 2427 2428 2429 2430 2431 2432 2433 2434 
Adding vertex (chain-A, position-158, res-ILE)
New vertex id: 157
2435 2436 2437 2438 2439 2440 2441 2442 2443 2444 2445 2446 2447 2448 2449 2450 2451 2452 2453 
Adding vertex (chain-A, position-159, res-LEU)
New vertex id: 158
2454 2455 2456 2457 2458 2459 2460 2461 2462 2463 2464 2465 2466 2467 2468 2469 2470 2471 2472 
Adding vertex (chain-A, position-160, res-ARG)
New vertex id: 159
2473 2474 2475 2476 2477 2478 2479 2480 2481 2482 2483 2484 2485 2486 2487 2488 2489 2490 2491 2492 2493 2494 2495 2496 
Adding vertex (chain-A, position-161, res-ILE)
New vertex id: 160
2497 2498 2499 2500 2501 2502 2503 2504 2505 2506 2507 2508 2509 2510 2511 2512 2513 2514 2515 
Adding vertex (chain-A, position-162, res-ARG)
New vertex id: 161
2516 2517 2518 2519 2520 2521 2522 2523 2524 2525 2526 2527 2528 2529 2530 2531 2532 2533 2534 2535 2536 2537 2538 2539 
Adding vertex (chain-A, position-163, res-ASP)
New vertex id: 162
2540 2541 2542 2543 2544 2545 2546 2547 2548 2549 2550 2551 
Adding vertex (chain-A, position-164, res-LYS)
New vertex id: 163
2552 2553 2554 2555 2556 2557 2558 2559 2560 2561 2562 2563 2564 2565 2566 2567 2568 2569 2570 2571 2572 2573 
Adding vertex (chain-A, position-165, res-PRO)
New vertex id: 164
2574 2575 2576 2577 2578 2579 2580 2581 2582 2583 2584 2585 2586 2587 
Adding vertex (chain-A, position-166, res-GLU)
New vertex id: 165
2588 2589 2590 2591 2592 2593 2594 2595 2596 2597 2598 2599 2600 2601 2602 
Adding vertex (chain-A, position-167, res-GLU)
New vertex id: 166
2603 2604 2605 2606 2607 2608 2609 2610 2611 2612 2613 2614 2615 2616 2617 
Adding vertex (chain-A, position-168, res-GLN)
New vertex id: 167
2618 2619 2620 2621 2622 2623 2624 2625 2626 2627 2628 2629 2630 2631 2632 2633 2634 
Adding vertex (chain-A, position-169, res-TRP)
New vertex id: 168
2635 2636 2637 2638 2639 2640 2641 2642 2643 2644 2645 2646 2647 2648 2649 2650 2651 2652 2653 2654 2655 2656 2657 2658 
Adding vertex (chain-A, position-170, res-TRP)
New vertex id: 169
2659 2660 2661 2662 2663 2664 2665 2666 2667 2668 2669 2670 2671 2672 2673 2674 2675 2676 2677 2678 2679 2680 2681 2682 
Adding vertex (chain-A, position-171, res-ASN)
New vertex id: 170
2683 2684 2685 2686 2687 2688 2689 2690 2691 2692 2693 2694 2695 2696 
Adding vertex (chain-A, position-172, res-ALA)
New vertex id: 171
2697 2698 2699 2700 2701 2702 2703 2704 2705 2706 
Adding vertex (chain-A, position-173, res-GLU)
New vertex id: 172
2707 2708 2709 2710 2711 2712 2713 2714 2715 2716 2717 2718 2719 2720 2721 
Adding vertex (chain-A, position-174, res-ASP)
New vertex id: 173
2722 2723 2724 2725 2726 2727 2728 2729 2730 2731 2732 2733 
Adding vertex (chain-A, position-175, res-SER)
New vertex id: 174
2734 2735 2736 2737 2738 2739 2740 2741 2742 2743 2744 
Adding vertex (chain-A, position-176, res-GLU)
New vertex id: 175
2745 2746 2747 2748 2749 2750 2751 2752 2753 2754 2755 2756 2757 2758 2759 
Adding vertex (chain-A, position-177, res-GLY)
New vertex id: 176
2760 2761 2762 2763 2764 2765 2766 
Adding vertex (chain-A, position-178, res-LYS)
New vertex id: 177
2767 2768 2769 2770 2771 2772 2773 2774 2775 2776 2777 2778 2779 2780 2781 2782 2783 2784 2785 2786 2787 2788 
Adding vertex (chain-A, position-179, res-ARG)
New vertex id: 178
2789 2790 2791 2792 2793 2794 2795 2796 2797 2798 2799 2800 2801 2802 2803 2804 2805 2806 2807 2808 2809 2810 2811 2812 
Adding vertex (chain-A, position-180, res-GLY)
New vertex id: 179
2813 2814 2815 2816 2817 2818 2819 
Adding vertex (chain-A, position-181, res-MET)
New vertex id: 180
2820 2821 2822 2823 2824 2825 2826 2827 2828 2829 2830 2831 2832 2833 2834 2835 2836 
Adding vertex (chain-A, position-182, res-ILE)
New vertex id: 181
2837 2838 2839 2840 2841 2842 2843 2844 2845 2846 2847 2848 2849 2850 2851 2852 2853 2854 2855 
Adding vertex (chain-A, position-183, res-PRO)
New vertex id: 182
2856 2857 2858 2859 2860 2861 2862 2863 2864 2865 2866 2867 2868 2869 
Adding vertex (chain-A, position-184, res-VAL)
New vertex id: 183
2870 2871 2872 2873 2874 2875 2876 2877 2878 2879 2880 2881 2882 2883 2884 2885 
Adding vertex (chain-A, position-185, res-PRO)
New vertex id: 184
2886 2887 2888 2889 2890 2891 2892 2893 2894 2895 2896 2897 2898 2899 
Adding vertex (chain-A, position-186, res-TYR)
New vertex id: 185
2900 2901 2902 2903 2904 2905 2906 2907 2908 2909 2910 2911 2912 2913 2914 2915 2916 2917 2918 2919 2920 
Adding vertex (chain-A, position-187, res-VAL)
New vertex id: 186
2921 2922 2923 2924 2925 2926 2927 2928 2929 2930 2931 2932 2933 2934 2935 2936 
Adding vertex (chain-A, position-188, res-GLU)
New vertex id: 187
2937 2938 2939 2940 2941 2942 2943 2944 2945 2946 2947 2948 2949 2950 2951 
Adding vertex (chain-A, position-189, res-LYS)
New vertex id: 188
2952 2953 2954 2955 2956 2957 2958 2959 2960 2961 2962 2963 2964 2965 2966 2967 2968 2969 2970 2971 2972 2973 
Adding vertex (chain-A, position-190, res-TYR)
New vertex id: 189
2974 2975 2976 2977 2978 2979 2980 2981 2982 2983 2984 2985 2986 2987 2988 2989 2990 2991 2992 2993 2994 
Adding vertex (chain-A, position-191, res-ARG)
New vertex id: 190
2995 2996 2997 2998 2999 3000 3001 3002 3003 3004 3005 3006 3007 3008 3009 3010 3011 3012 3013 3014 3015 3016 3017 3018 
Adding vertex (chain-A, position-192, res-PRO)
New vertex id: 191
3019 3020 3021 3022 3023 3024 3025 3026 3027 3028 3029 3030 3031 3032 
Adding vertex (chain-A, position-193, res-ALA)
New vertex id: 192
3033 3034 3035 3036 3037 3038 3039 3040 3041 3042 
Adding vertex (chain-A, position-194, res-SER)
New vertex id: 193
3043 3044 3045 3046 3047 3048 3049 3050 3051 3052 3053 
Adding vertex (chain-A, position-195, res-ALA)
New vertex id: 194
3054 3055 3056 3057 3058 3059 3060 3061 3062 3063 
Adding vertex (chain-A, position-196, res-SER)
New vertex id: 195
3064 3065 3066 3067 3068 3069 3070 3071 3072 3073 3074 
Adding vertex (chain-A, position-197, res-VAL)
New vertex id: 196
3075 3076 3077 3078 3079 3080 3081 3082 3083 3084 3085 3086 3087 3088 3089 3090 
Adding vertex (chain-A, position-198, res-SER)
New vertex id: 197
3091 3092 3093 3094 3095 3096 3097 3098 3099 3100 3101 
Adding vertex (chain-A, position-199, res-ALA)
New vertex id: 198
3102 3103 3104 3105 3106 3107 3108 3109 3110 3111 
Adding vertex (chain-A, position-200, res-LEU)
New vertex id: 199
3112 3113 3114 3115 3116 3117 3118 3119 3120 3121 3122 3123 3124 3125 3126 3127 3128 3129 3130 
Adding vertex (chain-A, position-201, res-ILE)
New vertex id: 200
3131 3132 3133 3134 3135 3136 3137 3138 3139 3140 3141 3142 3143 3144 3145 3146 3147 3148 3149 
Adding vertex (chain-A, position-202, res-GLY)
New vertex id: 201
3150 3151 3152 3153 3154 3155 3156 
Adding vertex (chain-A, position-203, res-GLY)
New vertex id: 202
3157 3158 3159 3160 3161 3162 3163 
Adding vertex (chain-A, position-204, res-ASN)
New vertex id: 203
3164 3165 3166 3167 3168 3169 3170 3171 3172 3173 3174 3175 3176 3177 
Adding vertex (chain-A, position-205, res-GLN)
New vertex id: 204
3178 3179 3180 3181 3182 3183 3184 3185 3186 3187 3188 3189 3190 3191 3192 3193 3194 
Adding vertex (chain-A, position-206, res-GLU)
New vertex id: 205
3195 3196 3197 3198 3199 3200 3201 3202 3203 3204 3205 3206 3207 3208 3209 
Adding vertex (chain-A, position-207, res-GLY)
New vertex id: 206
3210 3211 3212 3213 3214 3215 3216 
Adding vertex (chain-A, position-208, res-SER)
New vertex id: 207
3217 3218 3219 3220 3221 3222 3223 3224 3225 3226 3227 
Adding vertex (chain-A, position-209, res-HIS)
New vertex id: 208
3228 3229 3230 3231 3232 3233 3234 3235 3236 3237 3238 3239 3240 3241 3242 3243 3244 3245 
Adding vertex (chain-A, position-210, res-PRO)
New vertex id: 209
3246 3247 3248 3249 3250 3251 3252 3253 3254 3255 3256 3257 3258 3259 
Adding vertex (chain-A, position-211, res-GLN)
New vertex id: 210
3260 3261 3262 3263 3264 3265 3266 3267 3268 3269 3270 3271 3272 3273 3274 3275 3276 
Adding vertex (chain-A, position-212, res-PRO)
New vertex id: 211
3277 3278 3279 3280 3281 3282 3283 3284 3285 3286 3287 3288 3289 3290 
Adding vertex (chain-A, position-213, res-LEU)
New vertex id: 212
3291 3292 3293 3294 3295 3296 3297 3298 3299 3300 3301 3302 3303 3304 3305 3306 3307 3308 3309 
Adding vertex (chain-A, position-214, res-GLY)
New vertex id: 213
3310 3311 3312 3313 3314 3315 3316 
Adding vertex (chain-A, position-215, res-GLY)
New vertex id: 214
3317 3318 3319 3320 3321 3322 3323 
Adding vertex (chain-A, position-216, res-PRO)
New vertex id: 215
3324 3325 3326 3327 3328 3329 3330 3331 3332 3333 3334 3335 3336 3337 
Adding vertex (chain-A, position-217, res-GLU)
New vertex id: 216
3338 3339 3340 3341 3342 3343 3344 3345 3346 3347 3348 3349 3350 3351 3352 
Adding vertex (chain-A, position-218, res-PRO)
New vertex id: 217
3353 3354 3355 3356 3357 3358 3359 3360 3361 3362 3363 3364 3365 3366 
Adding vertex (chain-A, position-219, res-GLY)
New vertex id: 218
3367 3368 3369 3370 3371 3372 3373 
Adding vertex (chain-A, position-220, res-PRO)
New vertex id: 219
3374 3375 3376 3377 3378 3379 3380 3381 3382 3383 3384 3385 3386 3387 
Adding vertex (chain-A, position-221, res-ALA)
New vertex id: 220
3388 3389 3390 3391 3392 3393 3394 3395 3396 3397 
Adding vertex (chain-A, position-222, res-GLN)
New vertex id: 221
3398 3399 3400 3401 3402 3403 3404 3405 3406 3407 3408 3409 3410 3411 3412 3413 3414 
Adding vertex (chain-A, position-223, res-PRO)
New vertex id: 222
3415 3416 3417 3418 3419 3420 3421 3422 3423 3424 3425 3426 3427 3428 
Adding vertex (chain-A, position-224, res-SER)
New vertex id: 223
3429 3430 3431 3432 3433 3434 3435 3436 3437 3438 3439 
Adding vertex (chain-A, position-225, res-VAL)
New vertex id: 224
3440 3441 3442 3443 3444 3445 3446 3447 3448 3449 3450 3451 3452 3453 3454 3455 
Adding vertex (chain-A, position-226, res-ASN)
New vertex id: 225
3456 3457 3458 3459 3460 3461 3462 3463 3464 3465 3466 3467 3468 3469 
Adding vertex (chain-A, position-227, res-THR)
New vertex id: 226
3470 3471 3472 3473 3474 3475 3476 3477 3478 3479 3480 3481 3482 3483 3484 
Graph DONE

( reduce -FLIPs 1CKA.pdb > 1CKA.H.pdb ) >& /dev/null
Reduce (-FLIPs) returned 0
( bndlst -Radius0.3 1CKA.H.pdb > 1CKA.H.bndlst ) >& /dev/null
BndLst returned 0
Parsing 1CKA.H.bndlst

bndlst START
Adding bndlst edge: (A_M1_MC -> A_A2_MC) type[cov], weight[1.00] from 0 to 1 dist[1.33]
Adding bndlst edge: (A_M1_MC -> A_N4_SC) type[hb], weight[0.57] from 0 to 3 dist[2.65]
Adding bndlst edge: (A_M1_MC -> A_G3_MC) type[hb], weight[1.34] from 0 to 2 dist[1.73]
Adding bndlst edge: (A_M1_MC -> A_N4_SC) type[hb], weight[0.87] from 0 to 3 dist[2.15]
Adding bndlst edge: (A_M1_SC -> A_A2_MC) type[hb], weight[0.42] from 0 to 1 dist[3.08]
Adding bndlst edge: (A_M1_MC -> A_N4_SC) type[hb], weight[0.48] from 0 to 3 dist[2.89]
Adding bndlst edge: (A_M1_MC -> A_N4_SC) type[hb], weight[0.99] from 0 to 3 dist[2.01]
Adding bndlst edge: (A_A2_MC -> A_G3_MC) type[cov], weight[1.00] from 1 to 2 dist[1.33]
Adding bndlst edge: (A_G3_MC -> A_N4_MC) type[cov], weight[1.00] from 2 to 3 dist[1.33]
Adding bndlst edge: (A_G3_MC -> A_N4_SC) type[hb], weight[0.54] from 2 to 3 dist[2.73]
Adding bndlst edge: (A_N4_MC -> A_F5_MC) type[cov], weight[1.00] from 3 to 4 dist[1.33]
Adding bndlst edge: (A_N4_MC -> A_S12_SC) type[hb], weight[0.51] from 3 to 11 dist[2.80]
Adding bndlst edge: (A_N4_MC -> A_F5_SC) type[hb], weight[0.36] from 3 to 4 dist[3.31]
Adding bndlst edge: (A_F5_MC -> A_D6_MC) type[cov], weight[1.00] from 4 to 5 dist[1.33]
Adding bndlst edge: (A_D6_MC -> A_S7_MC) type[cov], weight[1.00] from 5 to 6 dist[1.33]
Adding bndlst edge: (A_D6_MC -> A_E9_SC) type[hb], weight[1.33] from 5 to 8 dist[1.74]
Adding bndlst edge: (A_S7_MC -> A_E8_MC) type[cov], weight[1.00] from 6 to 7 dist[1.33]
Adding bndlst edge: (A_S7_MC -> A_W13_SC) type[hb], weight[0.64] from 6 to 12 dist[2.51]
Adding bndlst edge: (A_E8_MC -> A_E9_MC) type[cov], weight[1.00] from 7 to 8 dist[1.33]
Adding bndlst edge: (A_E9_MC -> A_R10_MC) type[cov], weight[1.00] from 8 to 9 dist[1.33]
Adding bndlst edge: (A_E9_MC -> A_S11_MC) type[hb], weight[0.57] from 8 to 10 dist[2.64]
Adding bndlst edge: (A_E9_MC -> A_W13_SC) type[hb], weight[0.45] from 8 to 12 dist[2.98]
Adding bndlst edge: (A_R10_MC -> A_S11_MC) type[cov], weight[1.00] from 9 to 10 dist[1.33]
Adding bndlst edge: (A_R10_MC -> A_W13_SC) type[hb], weight[0.75] from 9 to 12 dist[2.30]
Adding bndlst edge: (A_R10_MC -> A_W13_SC) type[hb], weight[0.63] from 9 to 12 dist[2.52]
Adding bndlst edge: (A_S11_MC -> A_S12_MC) type[cov], weight[1.00] from 10 to 11 dist[1.33]
Adding bndlst edge: (A_S12_MC -> A_W13_MC) type[cov], weight[1.00] from 11 to 12 dist[1.33]
Adding bndlst edge: (A_S12_SC -> A_S119_SC) type[hb], weight[0.71] from 11 to 118 dist[2.37]
Adding bndlst edge: (A_W13_MC -> A_Y14_MC) type[cov], weight[1.00] from 12 to 13 dist[1.33]
Adding bndlst edge: (A_Y14_MC -> A_W15_MC) type[cov], weight[1.00] from 13 to 14 dist[1.33]
Adding bndlst edge: (A_Y14_SC -> A_G16_MC) type[hb], weight[0.44] from 13 to 15 dist[3.02]
Adding bndlst edge: (A_Y14_SC -> A_G16_MC) type[hb], weight[0.58] from 13 to 15 dist[2.63]
Adding bndlst edge: (A_Y14_SC -> A_G16_MC) type[hb], weight[0.49] from 13 to 15 dist[2.85]
Adding bndlst edge: (A_Y14_SC -> A_G16_MC) type[hb], weight[0.50] from 13 to 15 dist[2.83]
Adding bndlst edge: (A_W15_MC -> A_G16_MC) type[cov], weight[1.00] from 14 to 15 dist[1.33]
Adding bndlst edge: (A_W15_MC -> A_R17_MC) type[hb], weight[0.47] from 14 to 16 dist[2.92]
Adding bndlst edge: (A_W15_MC -> A_V37_MC) type[hb], weight[0.62] from 14 to 36 dist[2.54]
Adding bndlst edge: (A_G16_MC -> A_R17_MC) type[cov], weight[1.00] from 15 to 16 dist[1.33]
Adding bndlst edge: (A_G16_MC -> A_L18_MC) type[hb], weight[0.47] from 15 to 17 dist[2.90]
Adding bndlst edge: (A_R17_MC -> A_L18_MC) type[cov], weight[1.00] from 16 to 17 dist[1.33]
Adding bndlst edge: (A_L18_MC -> A_S19_MC) type[cov], weight[1.00] from 17 to 18 dist[1.33]
Adding bndlst edge: (A_S19_MC -> A_R20_MC) type[cov], weight[1.00] from 18 to 19 dist[1.33]
Adding bndlst edge: (A_S19_MC -> A_A23_MC) type[hb], weight[1.31] from 18 to 22 dist[1.75]
Adding bndlst edge: (A_S19_MC -> A_E22_MC) type[hb], weight[0.74] from 18 to 21 dist[2.32]
Adding bndlst edge: (A_S19_MC -> A_Q21_MC) type[hb], weight[0.47] from 18 to 20 dist[2.90]
Adding bndlst edge: (A_R20_MC -> A_Q21_MC) type[cov], weight[1.00] from 19 to 20 dist[1.33]
Adding bndlst edge: (A_R20_MC -> A_R38_SC) type[hb], weight[0.78] from 19 to 37 dist[2.26]
Adding bndlst edge: (A_R20_MC -> A_R38_SC) type[hb], weight[0.78] from 19 to 37 dist[2.26]
Adding bndlst edge: (A_Q21_MC -> A_E22_MC) type[cov], weight[1.00] from 20 to 21 dist[1.33]
Adding bndlst edge: (A_Q21_MC -> A_A25_MC) type[hb], weight[0.74] from 20 to 24 dist[2.32]
Adding bndlst edge: (A_Q21_SC -> A_L213_MC) type[hb], weight[0.45] from 20 to 212 dist[3.00]
Adding bndlst edge: (A_E22_MC -> A_A23_MC) type[cov], weight[1.00] from 21 to 22 dist[1.33]
Adding bndlst edge: (A_E22_MC -> A_L26_MC) type[hb], weight[0.52] from 21 to 25 dist[2.77]
Adding bndlst edge: (A_A23_MC -> A_V24_MC) type[cov], weight[1.00] from 22 to 23 dist[1.32]
Adding bndlst edge: (A_A23_MC -> A_L27_MC) type[hb], weight[0.50] from 22 to 26 dist[2.84]
Adding bndlst edge: (A_V24_MC -> A_A25_MC) type[cov], weight[1.00] from 23 to 24 dist[1.33]
Adding bndlst edge: (A_V24_MC -> A_Q28_MC) type[hb], weight[1.05] from 23 to 27 dist[1.95]
Adding bndlst edge: (A_A25_MC -> A_L26_MC) type[cov], weight[1.00] from 24 to 25 dist[1.33]
Adding bndlst edge: (A_L26_MC -> A_L27_MC) type[cov], weight[1.00] from 25 to 26 dist[1.33]
Adding bndlst edge: (A_L26_MC -> A_Q30_SC) type[hb], weight[0.70] from 25 to 29 dist[2.39]
Adding bndlst edge: (A_L26_MC -> A_Q30_SC) type[hb], weight[0.71] from 25 to 29 dist[2.38]
Adding bndlst edge: (A_L27_MC -> A_Q28_MC) type[cov], weight[1.00] from 26 to 27 dist[1.32]
Adding bndlst edge: (A_L27_MC -> A_Q30_MC) type[hb], weight[0.93] from 26 to 29 dist[2.07]
Adding bndlst edge: (A_L27_MC -> A_G29_MC) type[hb], weight[0.51] from 26 to 28 dist[2.81]
Adding bndlst edge: (A_Q28_MC -> A_G29_MC) type[cov], weight[1.00] from 27 to 28 dist[1.33]
Adding bndlst edge: (A_Q28_SC -> A_S55_MC) type[hb], weight[1.25] from 27 to 54 dist[1.79]
Adding bndlst edge: (A_Q28_SC -> A_S55_MC) type[hb], weight[1.26] from 27 to 54 dist[1.78]
Adding bndlst edge: (A_G29_MC -> A_Q30_MC) type[cov], weight[1.00] from 28 to 29 dist[1.33]
Adding bndlst edge: (A_Q30_MC -> A_R31_MC) type[cov], weight[1.00] from 29 to 30 dist[1.33]
Adding bndlst edge: (A_Q30_SC -> A_S121_SC) type[hb], weight[0.61] from 29 to 120 dist[2.57]
Adding bndlst edge: (A_R31_MC -> A_H32_MC) type[cov], weight[1.00] from 30 to 31 dist[1.33]
Adding bndlst edge: (A_R31_SC -> A_E116_SC) type[salt], weight[0.44] from 30 to 115 dist[2.88]
Adding bndlst edge: (A_R31_SC -> A_E116_SC) type[salt], weight[0.48] from 30 to 115 dist[2.74]
Adding bndlst edge: (A_R31_SC -> A_E116_SC) type[salt], weight[0.43] from 30 to 115 dist[2.88]
Adding bndlst edge: (A_R31_SC -> A_E116_SC) type[salt], weight[0.48] from 30 to 115 dist[2.74]
Adding bndlst edge: (A_H32_MC -> A_G33_MC) type[cov], weight[1.00] from 31 to 32 dist[1.33]
Adding bndlst edge: (A_G33_MC -> A_V34_MC) type[cov], weight[1.00] from 32 to 33 dist[1.33]
Adding bndlst edge: (A_V34_MC -> A_F35_MC) type[cov], weight[1.00] from 33 to 34 dist[1.34]
Adding bndlst edge: (A_V34_MC -> A_S52_MC) type[hb], weight[0.53] from 33 to 51 dist[2.74]
Adding bndlst edge: (A_F35_MC -> A_L36_MC) type[cov], weight[1.00] from 34 to 35 dist[1.33]
Adding bndlst edge: (A_F35_MC -> A_V118_MC) type[hb], weight[0.89] from 34 to 117 dist[2.12]
Adding bndlst edge: (A_F35_MC -> A_E116_MC) type[hb], weight[0.81] from 34 to 115 dist[2.22]
Adding bndlst edge: (A_L36_MC -> A_V37_MC) type[cov], weight[1.00] from 35 to 36 dist[1.33]
Adding bndlst edge: (A_L36_MC -> A_S50_MC) type[hb], weight[1.05] from 35 to 49 dist[1.96]
Adding bndlst edge: (A_L36_MC -> A_S50_MC) type[hb], weight[1.23] from 35 to 49 dist[1.80]
Adding bndlst edge: (A_V37_MC -> A_R38_MC) type[cov], weight[1.00] from 36 to 37 dist[1.33]
Adding bndlst edge: (A_R38_MC -> A_D39_MC) type[cov], weight[1.00] from 37 to 38 dist[1.33]
Adding bndlst edge: (A_R38_MC -> A_V48_MC) type[hb], weight[1.03] from 37 to 47 dist[1.97]
Adding bndlst edge: (A_R38_MC -> A_V48_MC) type[hb], weight[1.02] from 37 to 47 dist[1.98]
Adding bndlst edge: (A_D39_MC -> A_S40_MC) type[cov], weight[1.00] from 38 to 39 dist[1.33]
Adding bndlst edge: (A_S40_MC -> A_S41_MC) type[cov], weight[1.00] from 39 to 40 dist[1.33]
Adding bndlst edge: (A_S40_MC -> A_S43_MC) type[hb], weight[0.65] from 39 to 42 dist[2.49]
Adding bndlst edge: (A_S40_SC -> A_S43_MC) type[hb], weight[1.30] from 39 to 42 dist[1.75]
Adding bndlst edge: (A_S41_MC -> A_T42_MC) type[cov], weight[1.00] from 40 to 41 dist[1.33]
Adding bndlst edge: (A_T42_MC -> A_S43_MC) type[cov], weight[1.00] from 41 to 42 dist[1.33]
Adding bndlst edge: (A_S43_MC -> A_P44_MC) type[cov], weight[1.00] from 42 to 43 dist[1.34]
Adding bndlst edge: (A_S43_MC -> A_D46_MC) type[hb], weight[0.95] from 42 to 45 dist[2.05]
Adding bndlst edge: (A_S43_SC -> A_D46_SC) type[hb], weight[0.53] from 42 to 45 dist[2.76]
Adding bndlst edge: (A_P44_MC -> A_G45_MC) type[cov], weight[1.00] from 43 to 44 dist[1.33]
Adding bndlst edge: (A_G45_MC -> A_D46_MC) type[cov], weight[1.00] from 44 to 45 dist[1.33]
Adding bndlst edge: (A_D46_MC -> A_Y47_MC) type[cov], weight[1.00] from 45 to 46 dist[1.33]
Adding bndlst edge: (A_Y47_MC -> A_V48_MC) type[cov], weight[1.00] from 46 to 47 dist[1.32]
Adding bndlst edge: (A_Y47_MC -> A_I62_MC) type[cov], weight[1.00] from 46 to 61 dist[1.61]
Adding bndlst edge: (A_V48_MC -> A_L49_MC) type[cov], weight[1.00] from 47 to 48 dist[1.33]
Adding bndlst edge: (A_L49_MC -> A_S50_MC) type[cov], weight[1.00] from 48 to 49 dist[1.33]
Adding bndlst edge: (A_L49_MC -> A_Y60_MC) type[hb], weight[0.85] from 48 to 59 dist[2.17]
Adding bndlst edge: (A_L49_MC -> A_Y60_MC) type[cov], weight[1.00] from 48 to 59 dist[1.59]
Adding bndlst edge: (A_S50_MC -> A_V51_MC) type[cov], weight[1.00] from 49 to 50 dist[1.33]
Adding bndlst edge: (A_V51_MC -> A_S52_MC) type[cov], weight[1.00] from 50 to 51 dist[1.33]
Adding bndlst edge: (A_V51_MC -> A_E53_MC) type[hb], weight[0.60] from 50 to 52 dist[2.58]
Adding bndlst edge: (A_V51_MC -> A_S58_MC) type[hb], weight[0.60] from 50 to 57 dist[2.59]
Adding bndlst edge: (A_S52_MC -> A_E53_MC) type[cov], weight[1.00] from 51 to 52 dist[1.33]
Adding bndlst edge: (A_E53_MC -> A_N54_MC) type[cov], weight[1.00] from 52 to 53 dist[1.33]
Adding bndlst edge: (A_E53_SC -> A_N54_SC) type[hb], weight[0.49] from 52 to 53 dist[2.87]
Adding bndlst edge: (A_E53_SC -> A_N54_SC) type[hb], weight[0.74] from 52 to 53 dist[2.32]
Adding bndlst edge: (A_E53_MC -> A_R56_MC) type[hb], weight[0.46] from 52 to 55 dist[2.96]
Adding bndlst edge: (A_N54_MC -> A_S55_MC) type[cov], weight[1.00] from 53 to 54 dist[1.34]
Adding bndlst edge: (A_S55_MC -> A_R56_MC) type[cov], weight[1.00] from 54 to 55 dist[1.33]
Adding bndlst edge: (A_R56_MC -> A_V57_MC) type[cov], weight[1.00] from 55 to 56 dist[1.33]
Adding bndlst edge: (A_V57_MC -> A_S58_MC) type[cov], weight[1.00] from 56 to 57 dist[1.33]
Adding bndlst edge: (A_S58_MC -> A_H59_MC) type[cov], weight[1.00] from 57 to 58 dist[1.33]
Adding bndlst edge: (A_S58_SC -> A_Y60_SC) type[hb], weight[0.82] from 57 to 59 dist[2.21]
Adding bndlst edge: (A_S58_SC -> A_Y60_SC) type[hb], weight[0.45] from 57 to 59 dist[2.99]
Adding bndlst edge: (A_S58_SC -> A_Y60_SC) type[hb], weight[0.37] from 57 to 59 dist[3.31]
Adding bndlst edge: (A_H59_MC -> A_Y60_MC) type[cov], weight[1.00] from 58 to 59 dist[1.33]
Adding bndlst edge: (A_Y60_MC -> A_I61_MC) type[cov], weight[1.00] from 59 to 60 dist[1.33]
Adding bndlst edge: (A_I61_MC -> A_I62_MC) type[cov], weight[1.00] from 60 to 61 dist[1.32]
Adding bndlst edge: (A_I61_MC -> A_A221_MC) type[hb], weight[0.63] from 60 to 220 dist[2.52]
Adding bndlst edge: (A_I62_MC -> A_N63_MC) type[cov], weight[1.00] from 61 to 62 dist[1.33]
Adding bndlst edge: (A_I62_MC -> A_N63_SC) type[hb], weight[0.53] from 61 to 62 dist[2.74]
Adding bndlst edge: (A_I62_MC -> A_N63_SC) type[hb], weight[0.53] from 61 to 62 dist[2.74]
Adding bndlst edge: (A_N63_MC -> A_S64_MC) type[cov], weight[1.00] from 62 to 63 dist[1.33]
Adding bndlst edge: (A_N63_MC -> A_R88_MC) type[hb], weight[1.15] from 62 to 87 dist[1.86]
Adding bndlst edge: (A_N63_MC -> A_R88_MC) type[hb], weight[1.45] from 62 to 87 dist[1.66]
Adding bndlst edge: (A_S64_MC -> A_S65_MC) type[cov], weight[1.00] from 63 to 64 dist[1.33]
Adding bndlst edge: (A_S64_MC -> A_G66_MC) type[hb], weight[0.47] from 63 to 65 dist[2.92]
Adding bndlst edge: (A_S64_SC -> A_R86_MC) type[hb], weight[0.63] from 63 to 85 dist[2.52]
Adding bndlst edge: (A_S65_MC -> A_G66_MC) type[cov], weight[1.00] from 64 to 65 dist[1.33]
Adding bndlst edge: (A_S65_MC -> A_R86_MC) type[hb], weight[0.51] from 64 to 85 dist[2.81]
Adding bndlst edge: (A_G66_MC -> A_P67_MC) type[cov], weight[1.00] from 65 to 66 dist[1.34]
Adding bndlst edge: (A_G66_MC -> A_R68_MC) type[hb], weight[0.86] from 65 to 67 dist[2.16]
Adding bndlst edge: (A_G66_MC -> A_R86_MC) type[hb], weight[0.51] from 65 to 85 dist[2.80]
Adding bndlst edge: (A_P67_MC -> A_R68_MC) type[cov], weight[1.00] from 66 to 67 dist[1.33]
Adding bndlst edge: (A_P67_MC -> A_S74_SC) type[hb], weight[0.49] from 66 to 73 dist[2.87]
Adding bndlst edge: (A_R68_MC -> A_P69_MC) type[cov], weight[1.00] from 67 to 68 dist[1.35]
Adding bndlst edge: (A_R68_SC -> A_S74_SC) type[hb], weight[0.66] from 67 to 73 dist[2.46]
Adding bndlst edge: (A_R68_SC -> A_P73_MC) type[hb], weight[0.54] from 67 to 72 dist[2.73]
Adding bndlst edge: (A_R68_SC -> A_S74_SC) type[hb], weight[0.66] from 67 to 73 dist[2.45]
Adding bndlst edge: (A_R68_SC -> A_P73_MC) type[hb], weight[0.54] from 67 to 72 dist[2.73]
Adding bndlst edge: (A_P69_MC -> A_P70_MC) type[cov], weight[1.00] from 68 to 69 dist[1.34]
Adding bndlst edge: (A_P69_MC -> A_V71_MC) type[hb], weight[0.51] from 68 to 70 dist[2.81]
Adding bndlst edge: (A_P70_MC -> A_V71_MC) type[cov], weight[1.00] from 69 to 70 dist[1.33]
Adding bndlst edge: (A_V71_MC -> A_P72_MC) type[cov], weight[1.00] from 70 to 71 dist[1.35]
Adding bndlst edge: (A_P72_MC -> A_P73_MC) type[cov], weight[1.00] from 71 to 72 dist[1.34]
Adding bndlst edge: (A_P73_MC -> A_S74_MC) type[cov], weight[1.00] from 72 to 73 dist[1.33]
Adding bndlst edge: (A_P73_MC -> A_S74_SC) type[hb], weight[1.46] from 72 to 73 dist[1.66]
Adding bndlst edge: (A_S74_MC -> A_P75_MC) type[cov], weight[1.00] from 73 to 74 dist[1.35]
Adding bndlst edge: (A_P75_MC -> A_A76_MC) type[cov], weight[1.00] from 74 to 75 dist[1.33]
Adding bndlst edge: (A_A76_MC -> A_Q77_MC) type[cov], weight[1.00] from 75 to 76 dist[1.33]
Adding bndlst edge: (A_Q77_MC -> A_P78_MC) type[cov], weight[1.00] from 76 to 77 dist[1.35]
Adding bndlst edge: (A_Q77_MC -> A_G81_MC) type[hb], weight[0.57] from 76 to 80 dist[2.66]
Adding bndlst edge: (A_Q77_SC -> A_S83_SC) type[hb], weight[0.88] from 76 to 82 dist[2.13]
Adding bndlst edge: (A_P78_MC -> A_P79_MC) type[cov], weight[1.00] from 77 to 78 dist[1.35]
Adding bndlst edge: (A_P78_MC -> A_G81_MC) type[hb], weight[0.94] from 77 to 80 dist[2.06]
Adding bndlst edge: (A_P79_MC -> A_P80_MC) type[cov], weight[1.00] from 78 to 79 dist[1.34]
Adding bndlst edge: (A_P79_MC -> A_G81_MC) type[hb], weight[0.45] from 78 to 80 dist[2.99]
Adding bndlst edge: (A_P80_MC -> A_G81_MC) type[cov], weight[1.00] from 79 to 80 dist[1.33]
Adding bndlst edge: (A_P80_MC -> A_V82_MC) type[hb], weight[1.07] from 79 to 81 dist[1.93]
Adding bndlst edge: (A_G81_MC -> A_V82_MC) type[cov], weight[1.00] from 80 to 81 dist[1.33]
Adding bndlst edge: (A_G81_MC -> A_S83_MC) type[hb], weight[0.76] from 80 to 82 dist[2.30]
Adding bndlst edge: (A_V82_MC -> A_S83_MC) type[cov], weight[1.00] from 81 to 82 dist[1.32]
Adding bndlst edge: (A_S83_MC -> A_P84_MC) type[cov], weight[1.00] from 82 to 83 dist[1.35]
Adding bndlst edge: (A_P84_MC -> A_S85_MC) type[cov], weight[1.00] from 83 to 84 dist[1.33]
Adding bndlst edge: (A_S85_MC -> A_R86_MC) type[cov], weight[1.00] from 84 to 85 dist[1.33]
Adding bndlst edge: (A_S85_MC -> A_D95_SC) type[hb], weight[0.73] from 84 to 94 dist[2.34]
Adding bndlst edge: (A_R86_MC -> A_L87_MC) type[cov], weight[1.00] from 85 to 86 dist[1.33]
Adding bndlst edge: (A_L87_MC -> A_R88_MC) type[cov], weight[1.00] from 86 to 87 dist[1.33]
Adding bndlst edge: (A_L87_MC -> A_F94_MC) type[hb], weight[0.93] from 86 to 93 dist[2.08]
Adding bndlst edge: (A_R88_MC -> A_I89_MC) type[cov], weight[1.00] from 87 to 88 dist[1.33]
Adding bndlst edge: (A_I89_MC -> A_G90_MC) type[cov], weight[1.00] from 88 to 89 dist[1.33]
Adding bndlst edge: (A_I89_MC -> A_Q92_MC) type[hb], weight[0.59] from 88 to 91 dist[2.61]
Adding bndlst edge: (A_G90_MC -> A_D91_MC) type[cov], weight[1.00] from 89 to 90 dist[1.33]
Adding bndlst edge: (A_D91_MC -> A_Q92_MC) type[cov], weight[1.00] from 90 to 91 dist[1.33]
Adding bndlst edge: (A_Q92_MC -> A_E93_MC) type[cov], weight[1.00] from 91 to 92 dist[1.33]
Adding bndlst edge: (A_Q92_SC -> A_Y104_SC) type[hb], weight[0.42] from 91 to 103 dist[3.07]
Adding bndlst edge: (A_Q92_SC -> A_Y104_SC) type[hb], weight[0.37] from 91 to 103 dist[3.31]
Adding bndlst edge: (A_Q92_SC -> A_Y104_SC) type[hb], weight[0.82] from 91 to 103 dist[2.20]
Adding bndlst edge: (A_Q92_SC -> A_Y104_SC) type[cov], weight[1.00] from 91 to 103 dist[1.55]
Adding bndlst edge: (A_Q92_SC -> A_Y104_SC) type[hb], weight[0.96] from 91 to 103 dist[2.04]
Adding bndlst edge: (A_E93_MC -> A_F94_MC) type[cov], weight[1.00] from 92 to 93 dist[1.33]
Adding bndlst edge: (A_F94_MC -> A_D95_MC) type[cov], weight[1.00] from 93 to 94 dist[1.33]
Adding bndlst edge: (A_D95_MC -> A_S96_MC) type[cov], weight[1.00] from 94 to 95 dist[1.33]
Adding bndlst edge: (A_S96_MC -> A_L97_MC) type[cov], weight[1.00] from 95 to 96 dist[1.33]
Adding bndlst edge: (A_L97_MC -> A_P98_MC) type[cov], weight[1.00] from 96 to 97 dist[1.35]
Adding bndlst edge: (A_L97_MC -> A_A99_MC) type[hb], weight[0.61] from 96 to 98 dist[2.55]
Adding bndlst edge: (A_L97_MC -> A_L101_MC) type[hb], weight[0.80] from 96 to 100 dist[2.24]
Adding bndlst edge: (A_L97_MC -> A_L100_MC) type[hb], weight[1.36] from 96 to 99 dist[1.72]
Adding bndlst edge: (A_P98_MC -> A_A99_MC) type[cov], weight[1.00] from 97 to 98 dist[1.33]
Adding bndlst edge: (A_P98_MC -> A_L101_MC) type[hb], weight[0.58] from 97 to 100 dist[2.62]
Adding bndlst edge: (A_P98_MC -> A_E102_MC) type[hb], weight[0.59] from 97 to 101 dist[2.60]
Adding bndlst edge: (A_A99_MC -> A_L100_MC) type[cov], weight[1.00] from 98 to 99 dist[1.33]
Adding bndlst edge: (A_L100_MC -> A_L101_MC) type[cov], weight[1.00] from 99 to 100 dist[1.33]
Adding bndlst edge: (A_L100_MC -> A_F103_MC) type[hb], weight[0.54] from 99 to 102 dist[2.73]
Adding bndlst edge: (A_L100_MC -> A_Y104_MC) type[hb], weight[0.46] from 99 to 103 dist[2.96]
Adding bndlst edge: (A_L101_MC -> A_E102_MC) type[cov], weight[1.00] from 100 to 101 dist[1.32]
Adding bndlst edge: (A_L101_MC -> A_Y104_MC) type[hb], weight[0.47] from 100 to 103 dist[2.91]
Adding bndlst edge: (A_E102_MC -> A_F103_MC) type[cov], weight[1.00] from 101 to 102 dist[1.33]
Adding bndlst edge: (A_E102_MC -> A_K105_MC) type[hb], weight[0.54] from 101 to 104 dist[2.72]
Adding bndlst edge: (A_F103_MC -> A_Y104_MC) type[cov], weight[1.00] from 102 to 103 dist[1.33]
Adding bndlst edge: (A_Y104_MC -> A_K105_MC) type[cov], weight[1.00] from 103 to 104 dist[1.33]
Adding bndlst edge: (A_Y104_MC -> A_I106_MC) type[hb], weight[0.46] from 103 to 105 dist[2.95]
Adding bndlst edge: (A_Y104_MC -> A_L114_MC) type[cov], weight[1.00] from 103 to 113 dist[1.57]
Adding bndlst edge: (A_Y104_MC -> A_H107_MC) type[hb], weight[0.57] from 103 to 106 dist[2.65]
Adding bndlst edge: (A_K105_MC -> A_I106_MC) type[cov], weight[1.00] from 104 to 105 dist[1.33]
Adding bndlst edge: (A_I106_MC -> A_H107_MC) type[cov], weight[1.00] from 105 to 106 dist[1.33]
Adding bndlst edge: (A_H107_MC -> A_Y108_MC) type[cov], weight[1.00] from 106 to 107 dist[1.33]
Adding bndlst edge: (A_Y108_MC -> A_L109_MC) type[cov], weight[1.00] from 107 to 108 dist[1.34]
Adding bndlst edge: (A_Y108_SC -> A_T112_MC) type[hb], weight[0.37] from 107 to 111 dist[3.28]
Adding bndlst edge: (A_Y108_SC -> A_T112_MC) type[hb], weight[0.39] from 107 to 111 dist[3.22]
Adding bndlst edge: (A_Y108_SC -> A_T112_MC) type[hb], weight[0.37] from 107 to 111 dist[3.29]
Adding bndlst edge: (A_L109_MC -> A_D110_MC) type[cov], weight[1.00] from 108 to 109 dist[1.33]
Adding bndlst edge: (A_D110_MC -> A_T111_MC) type[cov], weight[1.00] from 109 to 110 dist[1.34]
Adding bndlst edge: (A_T111_MC -> A_T112_MC) type[cov], weight[1.00] from 110 to 111 dist[1.33]
Adding bndlst edge: (A_T112_MC -> A_T113_MC) type[cov], weight[1.00] from 111 to 112 dist[1.33]
Adding bndlst edge: (A_T113_MC -> A_L114_MC) type[cov], weight[1.00] from 112 to 113 dist[1.32]
Adding bndlst edge: (A_L114_MC -> A_I115_MC) type[cov], weight[1.00] from 113 to 114 dist[1.33]
Adding bndlst edge: (A_I115_MC -> A_E116_MC) type[cov], weight[1.00] from 114 to 115 dist[1.33]
Adding bndlst edge: (A_E116_MC -> A_P117_MC) type[cov], weight[1.00] from 115 to 116 dist[1.34]
Adding bndlst edge: (A_P117_MC -> A_V118_MC) type[cov], weight[1.00] from 116 to 117 dist[1.33]
Adding bndlst edge: (A_V118_MC -> A_S119_MC) type[cov], weight[1.00] from 117 to 118 dist[1.33]
Adding bndlst edge: (A_S119_MC -> A_R120_MC) type[cov], weight[1.00] from 118 to 119 dist[1.32]
Adding bndlst edge: (A_R120_MC -> A_S121_MC) type[cov], weight[1.00] from 119 to 120 dist[1.33]
Adding bndlst edge: (A_R120_MC -> A_R122_MC) type[hb], weight[1.40] from 119 to 121 dist[1.69]
Adding bndlst edge: (A_R120_MC -> A_S121_SC) type[hb], weight[0.81] from 119 to 120 dist[2.22]
Adding bndlst edge: (A_S121_MC -> A_R122_MC) type[cov], weight[1.00] from 120 to 121 dist[1.33]
Adding bndlst edge: (A_S121_SC -> A_R122_MC) type[hb], weight[0.92] from 120 to 121 dist[2.08]
Adding bndlst edge: (A_R122_MC -> A_Q123_MC) type[cov], weight[1.00] from 121 to 122 dist[1.33]
Adding bndlst edge: (A_R122_SC -> A_E149_SC) type[salt], weight[0.57] from 121 to 148 dist[2.51]
Adding bndlst edge: (A_R122_SC -> A_E149_SC) type[salt], weight[0.48] from 121 to 148 dist[2.75]
Adding bndlst edge: (A_R122_SC -> A_E149_SC) type[salt], weight[0.53] from 121 to 148 dist[2.60]
Adding bndlst edge: (A_R122_SC -> A_E149_SC) type[salt], weight[0.48] from 121 to 148 dist[2.75]
Adding bndlst edge: (A_R122_SC -> A_E149_SC) type[salt], weight[0.54] from 121 to 148 dist[2.60]
Adding bndlst edge: (A_Q123_MC -> A_G124_MC) type[cov], weight[1.00] from 122 to 123 dist[1.33]
Adding bndlst edge: (A_Q123_SC -> A_D150_MC) type[hb], weight[0.52] from 122 to 149 dist[2.78]
Adding bndlst edge: (A_Q123_SC -> A_D147_MC) type[hb], weight[0.48] from 122 to 146 dist[2.90]
Adding bndlst edge: (A_Q123_SC -> A_D150_SC) type[hb], weight[0.46] from 122 to 149 dist[2.94]
Adding bndlst edge: (A_Q123_SC -> A_D150_SC) type[hb], weight[0.91] from 122 to 149 dist[2.09]
Adding bndlst edge: (A_Q123_SC -> A_D150_SC) type[hb], weight[0.45] from 122 to 149 dist[2.98]
Adding bndlst edge: (A_G124_MC -> A_S125_MC) type[cov], weight[1.00] from 123 to 124 dist[1.33]
Adding bndlst edge: (A_S125_MC -> A_G126_MC) type[cov], weight[1.00] from 124 to 125 dist[1.33]
Adding bndlst edge: (A_S125_SC -> A_G126_MC) type[hb], weight[1.01] from 124 to 125 dist[2.00]
Adding bndlst edge: (A_G126_MC -> A_V127_MC) type[cov], weight[1.00] from 125 to 126 dist[1.33]
Adding bndlst edge: (A_V127_MC -> A_I128_MC) type[cov], weight[1.00] from 126 to 127 dist[1.33]
Adding bndlst edge: (A_I128_MC -> A_L129_MC) type[cov], weight[1.00] from 127 to 128 dist[1.33]
Adding bndlst edge: (A_L129_MC -> A_R130_MC) type[cov], weight[1.00] from 128 to 129 dist[1.33]
Adding bndlst edge: (A_R130_MC -> A_Q131_MC) type[cov], weight[1.00] from 129 to 130 dist[1.33]
Adding bndlst edge: (A_Q131_MC -> A_E132_MC) type[cov], weight[1.00] from 130 to 131 dist[1.33]
Adding bndlst edge: (A_Q131_SC -> A_E133_SC) type[hb], weight[0.88] from 130 to 132 dist[2.14]
Adding bndlst edge: (A_Q131_SC -> A_E133_SC) type[hb], weight[0.47] from 130 to 132 dist[2.91]
Adding bndlst edge: (A_Q131_SC -> A_E133_SC) type[hb], weight[0.48] from 130 to 132 dist[2.88]
Adding bndlst edge: (A_Q131_SC -> A_E133_SC) type[hb], weight[0.90] from 130 to 132 dist[2.11]
Adding bndlst edge: (A_E132_MC -> A_E133_MC) type[cov], weight[1.00] from 131 to 132 dist[1.33]
Adding bndlst edge: (A_E133_MC -> A_A134_MC) type[cov], weight[1.00] from 132 to 133 dist[1.33]
Adding bndlst edge: (A_A134_MC -> A_E135_MC) type[cov], weight[1.00] from 133 to 134 dist[1.32]
Adding bndlst edge: (A_A134_MC -> A_I161_MC) type[hb], weight[0.66] from 133 to 160 dist[2.46]
Adding bndlst edge: (A_E135_MC -> A_Y136_MC) type[cov], weight[1.00] from 134 to 135 dist[1.33]
Adding bndlst edge: (A_Y136_MC -> A_V137_MC) type[cov], weight[1.00] from 135 to 136 dist[1.32]
Adding bndlst edge: (A_Y136_MC -> A_Y190_MC) type[hb], weight[0.51] from 135 to 189 dist[2.80]
Adding bndlst edge: (A_Y136_SC -> A_R191_SC) type[hb], weight[0.51] from 135 to 190 dist[2.79]
Adding bndlst edge: (A_Y136_SC -> A_K164_SC) type[hb], weight[0.43] from 135 to 163 dist[3.07]
Adding bndlst edge: (A_Y136_SC -> A_K164_SC) type[hb], weight[0.51] from 135 to 163 dist[2.81]
Adding bndlst edge: (A_Y136_SC -> A_K164_SC) type[hb], weight[0.39] from 135 to 163 dist[3.20]
Adding bndlst edge: (A_Y136_SC -> A_K164_SC) type[hb], weight[0.43] from 135 to 163 dist[3.03]
Adding bndlst edge: (A_Y136_SC -> A_K164_SC) type[hb], weight[0.62] from 135 to 163 dist[2.53]
Adding bndlst edge: (A_Y136_SC -> A_K164_SC) type[hb], weight[0.51] from 135 to 163 dist[2.81]
Adding bndlst edge: (A_Y136_SC -> A_K164_SC) type[hb], weight[0.53] from 135 to 163 dist[2.74]
Adding bndlst edge: (A_Y136_MC -> A_L159_MC) type[hb], weight[0.58] from 135 to 158 dist[2.62]
Adding bndlst edge: (A_V137_MC -> A_R138_MC) type[cov], weight[1.00] from 136 to 137 dist[1.32]
Adding bndlst edge: (A_R138_MC -> A_A139_MC) type[cov], weight[1.00] from 137 to 138 dist[1.31]
Adding bndlst edge: (A_R138_MC -> A_E188_MC) type[hb], weight[0.64] from 137 to 187 dist[2.50]
Adding bndlst edge: (A_A139_MC -> A_L140_MC) type[cov], weight[1.00] from 138 to 139 dist[1.33]
Adding bndlst edge: (A_A139_MC -> A_G156_MC) type[hb], weight[0.95] from 138 to 155 dist[2.06]
Adding bndlst edge: (A_A139_MC -> A_D157_MC) type[cov], weight[1.00] from 138 to 156 dist[1.62]
Adding bndlst edge: (A_L140_MC -> A_F141_MC) type[cov], weight[1.00] from 139 to 140 dist[1.33]
Adding bndlst edge: (A_L140_MC -> A_Y186_MC) type[hb], weight[0.63] from 139 to 185 dist[2.52]
Adding bndlst edge: (A_F141_MC -> A_D142_MC) type[cov], weight[1.00] from 140 to 141 dist[1.33]
Adding bndlst edge: (A_F141_MC -> A_F143_MC) type[hb], weight[0.77] from 140 to 142 dist[2.28]
Adding bndlst edge: (A_D142_MC -> A_F143_MC) type[cov], weight[1.00] from 141 to 142 dist[1.33]
Adding bndlst edge: (A_F143_MC -> A_N144_MC) type[cov], weight[1.00] from 142 to 143 dist[1.33]
Adding bndlst edge: (A_F143_MC -> A_N144_SC) type[hb], weight[0.55] from 142 to 143 dist[2.69]
Adding bndlst edge: (A_F143_SC -> A_G145_MC) type[hb], weight[0.36] from 142 to 144 dist[3.33]
Adding bndlst edge: (A_F143_SC -> A_N144_MC) type[hb], weight[0.65] from 142 to 143 dist[2.49]
Adding bndlst edge: (A_F143_SC -> A_N144_MC) type[hb], weight[0.39] from 142 to 143 dist[3.20]
Adding bndlst edge: (A_F143_SC -> A_G145_MC) type[hb], weight[0.65] from 142 to 144 dist[2.49]
Adding bndlst edge: (A_F143_SC -> A_N144_MC) type[hb], weight[0.61] from 142 to 143 dist[2.56]
Adding bndlst edge: (A_F143_SC -> A_G145_MC) type[hb], weight[0.56] from 142 to 144 dist[2.67]
Adding bndlst edge: (A_F143_SC -> A_N144_MC) type[hb], weight[0.36] from 142 to 143 dist[3.32]
Adding bndlst edge: (A_F143_MC -> A_F153_MC) type[hb], weight[0.65] from 142 to 152 dist[2.48]
Adding bndlst edge: (A_N144_MC -> A_G145_MC) type[cov], weight[1.00] from 143 to 144 dist[1.33]
Adding bndlst edge: (A_G145_MC -> A_N146_MC) type[cov], weight[1.00] from 144 to 145 dist[1.33]
Adding bndlst edge: (A_N146_MC -> A_D147_MC) type[cov], weight[1.00] from 145 to 146 dist[1.33]
Adding bndlst edge: (A_D147_MC -> A_E148_MC) type[cov], weight[1.00] from 146 to 147 dist[1.32]
Adding bndlst edge: (A_D147_MC -> A_E149_MC) type[hb], weight[0.47] from 146 to 148 dist[2.92]
Adding bndlst edge: (A_D147_SC -> A_E148_MC) type[hb], weight[0.64] from 146 to 147 dist[2.49]
Adding bndlst edge: (A_E148_MC -> A_E149_MC) type[cov], weight[1.00] from 147 to 148 dist[1.33]
Adding bndlst edge: (A_E149_MC -> A_D150_MC) type[cov], weight[1.00] from 148 to 149 dist[1.33]
Adding bndlst edge: (A_D150_MC -> A_L151_MC) type[cov], weight[1.00] from 149 to 150 dist[1.33]
Adding bndlst edge: (A_D150_SC -> A_M181_MC) type[hb], weight[0.46] from 149 to 180 dist[2.96]
Adding bndlst edge: (A_L151_MC -> A_P152_MC) type[cov], weight[1.00] from 150 to 151 dist[1.34]
Adding bndlst edge: (A_L151_MC -> A_M181_MC) type[hb], weight[0.61] from 150 to 180 dist[2.56]
Adding bndlst edge: (A_P152_MC -> A_F153_MC) type[cov], weight[1.00] from 151 to 152 dist[1.33]
Adding bndlst edge: (A_F153_MC -> A_K154_MC) type[cov], weight[1.00] from 152 to 153 dist[1.32]
Adding bndlst edge: (A_K154_MC -> A_K155_MC) type[cov], weight[1.00] from 153 to 154 dist[1.33]
Adding bndlst edge: (A_K154_MC -> A_D157_SC) type[hb], weight[0.62] from 153 to 156 dist[2.54]
Adding bndlst edge: (A_K155_MC -> A_G156_MC) type[cov], weight[1.00] from 154 to 155 dist[1.32]
Adding bndlst edge: (A_G156_MC -> A_D157_MC) type[cov], weight[1.00] from 155 to 156 dist[1.33]
Adding bndlst edge: (A_D157_MC -> A_I158_MC) type[cov], weight[1.00] from 156 to 157 dist[1.32]
Adding bndlst edge: (A_I158_MC -> A_L159_MC) type[cov], weight[1.00] from 157 to 158 dist[1.32]
Adding bndlst edge: (A_L159_MC -> A_R160_MC) type[cov], weight[1.00] from 158 to 159 dist[1.32]
Adding bndlst edge: (A_L159_MC -> A_I161_MC) type[hb], weight[0.49] from 158 to 160 dist[2.87]
Adding bndlst edge: (A_R160_MC -> A_I161_MC) type[cov], weight[1.00] from 159 to 160 dist[1.33]
Adding bndlst edge: (A_R160_MC -> A_R162_MC) type[hb], weight[0.49] from 159 to 161 dist[2.87]
Adding bndlst edge: (A_R160_MC -> A_E173_MC) type[hb], weight[0.69] from 159 to 172 dist[2.42]
Adding bndlst edge: (A_R160_MC -> A_E173_MC) type[hb], weight[1.03] from 159 to 172 dist[1.97]
Adding bndlst edge: (A_I161_MC -> A_R162_MC) type[cov], weight[1.00] from 160 to 161 dist[1.33]
Adding bndlst edge: (A_R162_MC -> A_D163_MC) type[cov], weight[1.00] from 161 to 162 dist[1.33]
Adding bndlst edge: (A_R162_MC -> A_N171_MC) type[cov], weight[1.00] from 161 to 170 dist[1.58]
Adding bndlst edge: (A_D163_MC -> A_K164_MC) type[cov], weight[1.00] from 162 to 163 dist[1.33]
Adding bndlst edge: (A_D163_MC -> A_N171_MC) type[hb], weight[0.70] from 162 to 170 dist[2.38]
Adding bndlst edge: (A_D163_MC -> A_N171_MC) type[hb], weight[0.70] from 162 to 170 dist[2.40]
Adding bndlst edge: (A_K164_MC -> A_P165_MC) type[cov], weight[1.00] from 163 to 164 dist[1.34]
Adding bndlst edge: (A_P165_MC -> A_E166_MC) type[cov], weight[1.00] from 164 to 165 dist[1.33]
Adding bndlst edge: (A_E166_MC -> A_E167_MC) type[cov], weight[1.00] from 165 to 166 dist[1.33]
Adding bndlst edge: (A_E166_MC -> A_W170_SC) type[hb], weight[0.93] from 165 to 169 dist[2.08]
Adding bndlst edge: (A_E166_SC -> A_W169_SC) type[hb], weight[0.68] from 165 to 168 dist[2.43]
Adding bndlst edge: (A_E166_MC -> A_W169_MC) type[hb], weight[0.63] from 165 to 168 dist[2.52]
Adding bndlst edge: (A_E167_MC -> A_Q168_MC) type[cov], weight[1.00] from 166 to 167 dist[1.33]
Adding bndlst edge: (A_Q168_MC -> A_W169_MC) type[cov], weight[1.00] from 167 to 168 dist[1.33]
Adding bndlst edge: (A_Q168_MC -> A_V184_MC) type[cov], weight[1.00] from 167 to 183 dist[1.60]
Adding bndlst edge: (A_W169_MC -> A_W170_MC) type[cov], weight[1.00] from 168 to 169 dist[1.33]
Adding bndlst edge: (A_W170_MC -> A_N171_MC) type[cov], weight[1.00] from 169 to 170 dist[1.33]
Adding bndlst edge: (A_W170_MC -> A_I182_MC) type[hb], weight[0.47] from 169 to 181 dist[2.92]
Adding bndlst edge: (A_W170_MC -> A_I182_MC) type[hb], weight[0.62] from 169 to 181 dist[2.54]
Adding bndlst edge: (A_N171_MC -> A_A172_MC) type[cov], weight[1.00] from 170 to 171 dist[1.32]
Adding bndlst edge: (A_N171_MC -> A_M181_SC) type[hb], weight[0.39] from 170 to 180 dist[3.20]
Adding bndlst edge: (A_N171_SC -> A_G180_MC) type[hb], weight[0.77] from 170 to 179 dist[2.28]
Adding bndlst edge: (A_N171_SC -> A_G180_MC) type[hb], weight[0.77] from 170 to 179 dist[2.27]
Adding bndlst edge: (A_A172_MC -> A_E173_MC) type[cov], weight[1.00] from 171 to 172 dist[1.32]
Adding bndlst edge: (A_A172_MC -> A_G180_MC) type[hb], weight[1.13] from 171 to 179 dist[1.88]
Adding bndlst edge: (A_A172_MC -> A_G180_MC) type[hb], weight[1.29] from 171 to 179 dist[1.76]
Adding bndlst edge: (A_E173_MC -> A_D174_MC) type[cov], weight[1.00] from 172 to 173 dist[1.33]
Adding bndlst edge: (A_D174_MC -> A_S175_MC) type[cov], weight[1.00] from 173 to 174 dist[1.33]
Adding bndlst edge: (A_D174_MC -> A_G177_MC) type[hb], weight[0.93] from 173 to 176 dist[2.08]
Adding bndlst edge: (A_D174_MC -> A_E176_MC) type[hb], weight[0.78] from 173 to 175 dist[2.27]
Adding bndlst edge: (A_D174_SC -> A_S175_MC) type[hb], weight[1.19] from 173 to 174 dist[1.83]
Adding bndlst edge: (A_D174_SC -> A_K178_SC) type[salt], weight[0.48] from 173 to 177 dist[2.74]
Adding bndlst edge: (A_D174_SC -> A_K178_SC) type[salt], weight[0.83] from 173 to 177 dist[2.08]
Adding bndlst edge: (A_D174_SC -> A_K178_SC) type[salt], weight[0.52] from 173 to 177 dist[2.64]
Adding bndlst edge: (A_D174_SC -> A_K178_SC) type[salt], weight[0.80] from 173 to 177 dist[2.12]
Adding bndlst edge: (A_D174_MC -> A_K178_MC) type[hb], weight[1.44] from 173 to 177 dist[1.67]
Adding bndlst edge: (A_S175_MC -> A_E176_MC) type[cov], weight[1.00] from 174 to 175 dist[1.33]
Adding bndlst edge: (A_E176_MC -> A_G177_MC) type[cov], weight[1.00] from 175 to 176 dist[1.33]
Adding bndlst edge: (A_E176_SC -> A_K178_SC) type[salt], weight[0.43] from 175 to 177 dist[2.89]
Adding bndlst edge: (A_G177_MC -> A_K178_MC) type[cov], weight[1.00] from 176 to 177 dist[1.33]
Adding bndlst edge: (A_K178_MC -> A_R179_MC) type[cov], weight[1.00] from 177 to 178 dist[1.33]
Adding bndlst edge: (A_R179_MC -> A_G180_MC) type[cov], weight[1.00] from 178 to 179 dist[1.32]
Adding bndlst edge: (A_G180_MC -> A_M181_MC) type[cov], weight[1.00] from 179 to 180 dist[1.32]
Adding bndlst edge: (A_M181_MC -> A_I182_MC) type[cov], weight[1.00] from 180 to 181 dist[1.32]
Adding bndlst edge: (A_I182_MC -> A_P183_MC) type[cov], weight[1.00] from 181 to 182 dist[1.34]
Adding bndlst edge: (A_P183_MC -> A_V184_MC) type[cov], weight[1.00] from 182 to 183 dist[1.32]
Adding bndlst edge: (A_P183_MC -> A_Y186_MC) type[hb], weight[0.81] from 182 to 185 dist[2.22]
Adding bndlst edge: (A_P183_MC -> A_V187_MC) type[hb], weight[0.71] from 182 to 186 dist[2.38]
Adding bndlst edge: (A_V184_MC -> A_P185_MC) type[cov], weight[1.00] from 183 to 184 dist[1.34]
Adding bndlst edge: (A_V184_MC -> A_Y186_MC) type[hb], weight[0.81] from 183 to 185 dist[2.22]
Adding bndlst edge: (A_V184_MC -> A_V187_MC) type[hb], weight[0.88] from 183 to 186 dist[2.13]
Adding bndlst edge: (A_P185_MC -> A_Y186_MC) type[cov], weight[1.00] from 184 to 185 dist[1.34]
Adding bndlst edge: (A_Y186_MC -> A_V187_MC) type[cov], weight[1.00] from 185 to 186 dist[1.34]
Adding bndlst edge: (A_V187_MC -> A_E188_MC) type[cov], weight[1.00] from 186 to 187 dist[1.32]
Adding bndlst edge: (A_E188_MC -> A_K189_MC) type[cov], weight[1.00] from 187 to 188 dist[1.32]
Adding bndlst edge: (A_K189_MC -> A_Y190_MC) type[cov], weight[1.00] from 188 to 189 dist[1.33]
Adding bndlst edge: (A_Y190_MC -> A_R191_MC) type[cov], weight[1.00] from 189 to 190 dist[1.33]
Adding bndlst edge: (A_R191_MC -> A_P192_MC) type[cov], weight[1.00] from 190 to 191 dist[1.34]
Adding bndlst edge: (A_P192_MC -> A_A193_MC) type[cov], weight[1.00] from 191 to 192 dist[1.33]
Adding bndlst edge: (A_A193_MC -> A_S194_MC) type[cov], weight[1.00] from 192 to 193 dist[1.33]
Adding bndlst edge: (A_S194_MC -> A_A195_MC) type[cov], weight[1.00] from 193 to 194 dist[1.33]
Adding bndlst edge: (A_A195_MC -> A_S196_MC) type[cov], weight[1.00] from 194 to 195 dist[1.33]
Adding bndlst edge: (A_S196_MC -> A_V197_MC) type[cov], weight[1.00] from 195 to 196 dist[1.33]
Adding bndlst edge: (A_V197_MC -> A_S198_MC) type[cov], weight[1.00] from 196 to 197 dist[1.33]
Adding bndlst edge: (A_S198_MC -> A_A199_MC) type[cov], weight[1.00] from 197 to 198 dist[1.33]
Adding bndlst edge: (A_A199_MC -> A_L200_MC) type[cov], weight[1.00] from 198 to 199 dist[1.33]
Adding bndlst edge: (A_A199_MC -> A_I201_MC) type[hb], weight[1.14] from 198 to 200 dist[1.87]
Adding bndlst edge: (A_L200_MC -> A_I201_MC) type[cov], weight[1.00] from 199 to 200 dist[1.33]
Adding bndlst edge: (A_L200_MC -> A_G203_MC) type[hb], weight[1.08] from 199 to 202 dist[1.93]
Adding bndlst edge: (A_I201_MC -> A_G202_MC) type[cov], weight[1.00] from 200 to 201 dist[1.33]
Adding bndlst edge: (A_I201_MC -> A_G203_MC) type[hb], weight[0.51] from 200 to 202 dist[2.79]
Adding bndlst edge: (A_G202_MC -> A_G203_MC) type[cov], weight[1.00] from 201 to 202 dist[1.33]
Adding bndlst edge: (A_G203_MC -> A_N204_MC) type[cov], weight[1.00] from 202 to 203 dist[1.33]
Adding bndlst edge: (A_N204_MC -> A_Q205_MC) type[cov], weight[1.00] from 203 to 204 dist[1.33]
Adding bndlst edge: (A_N204_MC -> A_Q205_SC) type[hb], weight[0.82] from 203 to 204 dist[2.21]
Adding bndlst edge: (A_Q205_MC -> A_E206_MC) type[cov], weight[1.00] from 204 to 205 dist[1.33]
Adding bndlst edge: (A_E206_MC -> A_G207_MC) type[cov], weight[1.00] from 205 to 206 dist[1.33]
Adding bndlst edge: (A_G207_MC -> A_S208_MC) type[cov], weight[1.00] from 206 to 207 dist[1.33]
Adding bndlst edge: (A_S208_MC -> A_H209_MC) type[cov], weight[1.00] from 207 to 208 dist[1.33]
Adding bndlst edge: (A_H209_MC -> A_P210_MC) type[cov], weight[1.00] from 208 to 209 dist[1.35]
Adding bndlst edge: (A_P210_MC -> A_Q211_MC) type[cov], weight[1.00] from 209 to 210 dist[1.33]
Adding bndlst edge: (A_Q211_MC -> A_P212_MC) type[cov], weight[1.00] from 210 to 211 dist[1.34]
Adding bndlst edge: (A_P212_MC -> A_L213_MC) type[cov], weight[1.00] from 211 to 212 dist[1.33]
Adding bndlst edge: (A_P212_MC -> A_G214_MC) type[hb], weight[1.05] from 211 to 213 dist[1.95]
Adding bndlst edge: (A_L213_MC -> A_G214_MC) type[cov], weight[1.00] from 212 to 213 dist[1.33]
Adding bndlst edge: (A_G214_MC -> A_G215_MC) type[cov], weight[1.00] from 213 to 214 dist[1.33]
Adding bndlst edge: (A_G215_MC -> A_P216_MC) type[cov], weight[1.00] from 214 to 215 dist[1.35]
Adding bndlst edge: (A_P216_MC -> A_E217_MC) type[cov], weight[1.00] from 215 to 216 dist[1.33]
Adding bndlst edge: (A_E217_MC -> A_P218_MC) type[cov], weight[1.00] from 216 to 217 dist[1.34]
Adding bndlst edge: (A_E217_MC -> A_G219_MC) type[hb], weight[1.36] from 216 to 218 dist[1.71]
Adding bndlst edge: (A_E217_SC -> A_G219_MC) type[hb], weight[0.53] from 216 to 218 dist[2.75]
Adding bndlst edge: (A_P218_MC -> A_G219_MC) type[cov], weight[1.00] from 217 to 218 dist[1.33]
Adding bndlst edge: (A_G219_MC -> A_P220_MC) type[cov], weight[1.00] from 218 to 219 dist[1.34]
Adding bndlst edge: (A_P220_MC -> A_A221_MC) type[hb], weight[0.59] from 219 to 220 dist[2.60]
Adding bndlst edge: (A_A221_MC -> A_Q222_MC) type[cov], weight[1.00] from 220 to 221 dist[1.33]
Adding bndlst edge: (A_A221_MC -> A_Q222_SC) type[hb], weight[0.68] from 220 to 221 dist[2.42]
Adding bndlst edge: (A_Q222_MC -> A_P223_MC) type[cov], weight[1.00] from 221 to 222 dist[1.35]
Adding bndlst edge: (A_Q222_MC -> A_S224_MC) type[hb], weight[0.55] from 221 to 223 dist[2.70]
Adding bndlst edge: (A_P223_MC -> A_S224_MC) type[cov], weight[1.00] from 222 to 223 dist[1.33]
Adding bndlst edge: (A_S224_MC -> A_V225_MC) type[cov], weight[1.00] from 223 to 224 dist[1.33]
Adding bndlst edge: (A_V225_MC -> A_N226_MC) type[cov], weight[1.00] from 224 to 225 dist[1.33]
Adding bndlst edge: (A_V225_MC -> A_N226_SC) type[hb], weight[0.49] from 224 to 225 dist[2.87]
Adding bndlst edge: (A_N226_MC -> A_T227_MC) type[cov], weight[1.00] from 225 to 226 dist[1.33]

bndlst DONE

Producing PAJEK network
printing pajek edge (A_128_ILE,A_129_LEU)
printing pajek edge (A_33_GLY,A_34_VAL)
printing pajek edge (A_91_ASP,A_92_GLN)
printing pajek edge (A_207_GLY,A_208_SER)
printing pajek edge (A_119_SER,A_120_ARG)
printing pajek edge (A_72_PRO,A_73_PRO)
printing pajek edge (A_103_PHE,A_104_TYR)
printing pajek edge (A_201_ILE,A_202_GLY)
printing pajek edge (A_201_ILE,A_203_GLY)
printing pajek edge (A_19_SER,A_23_ALA)
printing pajek edge (A_19_SER,A_22_GLU)
printing pajek edge (A_19_SER,A_20_ARG)
printing pajek edge (A_19_SER,A_21_GLN)
printing pajek edge (A_126_GLY,A_127_VAL)
printing pajek edge (A_17_ARG,A_18_LEU)
printing pajek edge (A_45_GLY,A_46_ASP)
printing pajek edge (A_56_ARG,A_57_VAL)
printing pajek edge (A_85_SER,A_86_ARG)
printing pajek edge (A_85_SER,A_95_ASP)
printing pajek edge (A_28_GLN,A_29_GLY)
printing pajek edge (A_28_GLN,A_55_SER)
printing pajek edge (A_191_ARG,A_192_PRO)
printing pajek edge (A_162_ARG,A_171_ASN)
printing pajek edge (A_162_ARG,A_163_ASP)
printing pajek edge (A_195_ALA,A_196_SER)
printing pajek edge (A_96_SER,A_97_LEU)
printing pajek edge (A_58_SER,A_60_TYR)
printing pajek edge (A_58_SER,A_59_HIS)
printing pajek edge (A_221_ALA,A_222_GLN)
printing pajek edge (A_221_ALA,A_222_GLN)
printing pajek edge (A_21_GLN,A_213_LEU)
printing pajek edge (A_21_GLN,A_22_GLU)
printing pajek edge (A_21_GLN,A_25_ALA)
printing pajek edge (A_164_LYS,A_165_PRO)
printing pajek edge (A_110_ASP,A_111_THR)
printing pajek edge (A_152_PRO,A_153_PHE)
printing pajek edge (A_90_GLY,A_91_ASP)
printing pajek edge (A_176_GLU,A_178_LYS)
printing pajek edge (A_176_GLU,A_177_GLY)
printing pajek edge (A_149_GLU,A_150_ASP)
printing pajek edge (A_32_HIS,A_33_GLY)
printing pajek edge (A_36_LEU,A_50_SER)
printing pajek edge (A_36_LEU,A_37_VAL)
printing pajek edge (A_12_SER,A_119_SER)
printing pajek edge (A_12_SER,A_13_TRP)
printing pajek edge (A_209_HIS,A_210_PRO)
printing pajek edge (A_79_PRO,A_81_GLY)
printing pajek edge (A_79_PRO,A_80_PRO)
printing pajek edge (A_94_PHE,A_95_ASP)
printing pajek edge (A_107_HIS,A_108_TYR)
printing pajek edge (A_158_ILE,A_159_LEU)
printing pajek edge (A_66_GLY,A_68_ARG)
printing pajek edge (A_66_GLY,A_86_ARG)
printing pajek edge (A_66_GLY,A_67_PRO)
printing pajek edge (A_30_GLN,A_121_SER)
printing pajek edge (A_30_GLN,A_31_ARG)
printing pajek edge (A_198_SER,A_199_ALA)
printing pajek edge (A_204_ASN,A_205_GLN)
printing pajek edge (A_204_ASN,A_205_GLN)
printing pajek edge (A_139_ALA,A_156_GLY)
printing pajek edge (A_139_ALA,A_157_ASP)
printing pajek edge (A_139_ALA,A_140_LEU)
printing pajek edge (A_200_LEU,A_201_ILE)
printing pajek edge (A_200_LEU,A_203_GLY)
printing pajek edge (A_115_ILE,A_116_GLU)
printing pajek edge (A_59_HIS,A_60_TYR)
printing pajek edge (A_212_PRO,A_213_LEU)
printing pajek edge (A_212_PRO,A_214_GLY)
printing pajek edge (A_154_LYS,A_155_LYS)
printing pajek edge (A_154_LYS,A_157_ASP)
printing pajek edge (A_16_GLY,A_17_ARG)
printing pajek edge (A_16_GLY,A_18_LEU)
printing pajek edge (A_138_ARG,A_139_ALA)
printing pajek edge (A_138_ARG,A_188_GLU)
printing pajek edge (A_82_VAL,A_83_SER)
printing pajek edge (A_61_ILE,A_62_ILE)
printing pajek edge (A_61_ILE,A_221_ALA)
printing pajek edge (A_102_GLU,A_105_LYS)
printing pajek edge (A_102_GLU,A_103_PHE)
printing pajek edge (A_74_SER,A_75_PRO)
printing pajek edge (A_87_LEU,A_88_ARG)
printing pajek edge (A_87_LEU,A_94_PHE)
printing pajek edge (A_77_GLN,A_78_PRO)
printing pajek edge (A_77_GLN,A_81_GLY)
printing pajek edge (A_77_GLN,A_83_SER)
printing pajek edge (A_63_ASN,A_88_ARG)
printing pajek edge (A_63_ASN,A_64_SER)
printing pajek edge (A_68_ARG,A_73_PRO)
printing pajek edge (A_68_ARG,A_74_SER)
printing pajek edge (A_68_ARG,A_69_PRO)
printing pajek edge (A_205_GLN,A_206_GLU)
printing pajek edge (A_166_GLU,A_167_GLU)
printing pajek edge (A_166_GLU,A_170_TRP)
printing pajek edge (A_166_GLU,A_169_TRP)
printing pajek edge (A_199_ALA,A_201_ILE)
printing pajek edge (A_199_ALA,A_200_LEU)
printing pajek edge (A_140_LEU,A_186_TYR)
printing pajek edge (A_140_LEU,A_141_PHE)
printing pajek edge (A_130_ARG,A_131_GLN)
printing pajek edge (A_3_GLY,A_4_ASN)
printing pajek edge (A_3_GLY,A_4_ASN)
printing pajek edge (A_18_LEU,A_19_SER)
printing pajek edge (A_187_VAL,A_188_GLU)
printing pajek edge (A_111_THR,A_112_THR)
printing pajek edge (A_83_SER,A_84_PRO)
printing pajek edge (A_148_GLU,A_149_GLU)
printing pajek edge (A_219_GLY,A_220_PRO)
printing pajek edge (A_203_GLY,A_204_ASN)
printing pajek edge (A_169_TRP,A_170_TRP)
printing pajek edge (A_185_PRO,A_186_TYR)
printing pajek edge (A_136_TYR,A_159_LEU)
printing pajek edge (A_136_TYR,A_164_LYS)
printing pajek edge (A_136_TYR,A_191_ARG)
printing pajek edge (A_136_TYR,A_190_TYR)
printing pajek edge (A_136_TYR,A_137_VAL)
printing pajek edge (A_15_TRP,A_37_VAL)
printing pajek edge (A_15_TRP,A_17_ARG)
printing pajek edge (A_15_TRP,A_16_GLY)
printing pajek edge (A_113_THR,A_114_LEU)
printing pajek edge (A_70_PRO,A_71_VAL)
printing pajek edge (A_192_PRO,A_193_ALA)
printing pajek edge (A_173_GLU,A_174_ASP)
printing pajek edge (A_146_ASN,A_147_ASP)
printing pajek edge (A_50_SER,A_51_VAL)
printing pajek edge (A_179_ARG,A_180_GLY)
printing pajek edge (A_25_ALA,A_26_LEU)
printing pajek edge (A_225_VAL,A_226_ASN)
printing pajek edge (A_225_VAL,A_226_ASN)
printing pajek edge (A_188_GLU,A_189_LYS)
printing pajek edge (A_141_PHE,A_143_PHE)
printing pajek edge (A_141_PHE,A_142_ASP)
printing pajek edge (A_224_SER,A_225_VAL)
printing pajek edge (A_125_SER,A_126_GLY)
printing pajek edge (A_125_SER,A_126_GLY)
printing pajek edge (A_105_LYS,A_106_ILE)
printing pajek edge (A_132_GLU,A_133_GLU)
printing pajek edge (A_182_ILE,A_183_PRO)
printing pajek edge (A_122_ARG,A_149_GLU)
printing pajek edge (A_122_ARG,A_123_GLN)
printing pajek edge (A_80_PRO,A_82_VAL)
printing pajek edge (A_80_PRO,A_81_GLY)
printing pajek edge (A_213_LEU,A_214_GLY)
printing pajek edge (A_155_LYS,A_156_GLY)
printing pajek edge (A_1_MET,A_2_ALA)
printing pajek edge (A_1_MET,A_2_ALA)
printing pajek edge (A_1_MET,A_4_ASN)
printing pajek edge (A_1_MET,A_3_GLY)
printing pajek edge (A_24_VAL,A_28_GLN)
printing pajek edge (A_24_VAL,A_25_ALA)
printing pajek edge (A_97_LEU,A_100_LEU)
printing pajek edge (A_97_LEU,A_99_ALA)
printing pajek edge (A_97_LEU,A_98_PRO)
printing pajek edge (A_97_LEU,A_101_LEU)
printing pajek edge (A_127_VAL,A_128_ILE)
printing pajek edge (A_160_ARG,A_173_GLU)
printing pajek edge (A_160_ARG,A_162_ARG)
printing pajek edge (A_160_ARG,A_161_ILE)
printing pajek edge (A_161_ILE,A_162_ARG)
printing pajek edge (A_177_GLY,A_178_LYS)
printing pajek edge (A_48_VAL,A_49_LEU)
printing pajek edge (A_9_GLU,A_11_SER)
printing pajek edge (A_9_GLU,A_10_ARG)
printing pajek edge (A_9_GLU,A_13_TRP)
printing pajek edge (A_210_PRO,A_211_GLN)
printing pajek edge (A_99_ALA,A_100_LEU)
printing pajek edge (A_217_GLU,A_218_PRO)
printing pajek edge (A_217_GLU,A_219_GLY)
printing pajek edge (A_38_ARG,A_39_ASP)
printing pajek edge (A_38_ARG,A_48_VAL)
printing pajek edge (A_118_VAL,A_119_SER)
printing pajek edge (A_44_PRO,A_45_GLY)
printing pajek edge (A_196_SER,A_197_VAL)
printing pajek edge (A_6_ASP,A_9_GLU)
printing pajek edge (A_6_ASP,A_7_SER)
printing pajek edge (A_171_ASN,A_181_MET)
printing pajek edge (A_171_ASN,A_180_GLY)
printing pajek edge (A_171_ASN,A_172_ALA)
printing pajek edge (A_34_VAL,A_35_PHE)
printing pajek edge (A_34_VAL,A_52_SER)
printing pajek edge (A_22_GLU,A_26_LEU)
printing pajek edge (A_22_GLU,A_23_ALA)
printing pajek edge (A_64_SER,A_86_ARG)
printing pajek edge (A_64_SER,A_65_SER)
printing pajek edge (A_64_SER,A_66_GLY)
printing pajek edge (A_8_GLU,A_9_GLU)
printing pajek edge (A_27_LEU,A_28_GLN)
printing pajek edge (A_27_LEU,A_29_GLY)
printing pajek edge (A_27_LEU,A_30_GLN)
printing pajek edge (A_81_GLY,A_82_VAL)
printing pajek edge (A_81_GLY,A_83_SER)
printing pajek edge (A_194_SER,A_195_ALA)
printing pajek edge (A_120_ARG,A_121_SER)
printing pajek edge (A_120_ARG,A_121_SER)
printing pajek edge (A_120_ARG,A_122_ARG)
printing pajek edge (A_181_MET,A_182_ILE)
printing pajek edge (A_100_LEU,A_104_TYR)
printing pajek edge (A_100_LEU,A_103_PHE)
printing pajek edge (A_100_LEU,A_101_LEU)
printing pajek edge (A_180_GLY,A_181_MET)
printing pajek edge (A_163_ASP,A_171_ASN)
printing pajek edge (A_163_ASP,A_164_LYS)
printing pajek edge (A_73_PRO,A_74_SER)
printing pajek edge (A_73_PRO,A_74_SER)
printing pajek edge (A_75_PRO,A_76_ALA)
printing pajek edge (A_183_PRO,A_186_TYR)
printing pajek edge (A_183_PRO,A_187_VAL)
printing pajek edge (A_183_PRO,A_184_VAL)
printing pajek edge (A_62_ILE,A_63_ASN)
printing pajek edge (A_62_ILE,A_63_ASN)
printing pajek edge (A_109_LEU,A_110_ASP)
printing pajek edge (A_116_GLU,A_117_PRO)
printing pajek edge (A_93_GLU,A_94_PHE)
printing pajek edge (A_104_TYR,A_105_LYS)
printing pajek edge (A_104_TYR,A_107_HIS)
printing pajek edge (A_104_TYR,A_106_ILE)
printing pajek edge (A_104_TYR,A_114_LEU)
printing pajek edge (A_202_GLY,A_203_GLY)
printing pajek edge (A_11_SER,A_12_SER)
printing pajek edge (A_114_LEU,A_115_ILE)
printing pajek edge (A_153_PHE,A_154_LYS)
printing pajek edge (A_190_TYR,A_191_ARG)
printing pajek edge (A_226_ASN,A_227_THR)
printing pajek edge (A_208_SER,A_209_HIS)
printing pajek edge (A_143_PHE,A_153_PHE)
printing pajek edge (A_143_PHE,A_145_GLY)
printing pajek edge (A_143_PHE,A_144_ASN)
printing pajek edge (A_143_PHE,A_144_ASN)
printing pajek edge (A_92_GLN,A_93_GLU)
printing pajek edge (A_92_GLN,A_104_TYR)
printing pajek edge (A_92_GLN,A_104_TYR)
printing pajek edge (A_168_GLN,A_184_VAL)
printing pajek edge (A_168_GLN,A_169_TRP)
printing pajek edge (A_49_LEU,A_60_TYR)
printing pajek edge (A_49_LEU,A_60_TYR)
printing pajek edge (A_49_LEU,A_50_SER)
printing pajek edge (A_108_TYR,A_112_THR)
printing pajek edge (A_108_TYR,A_109_LEU)
printing pajek edge (A_88_ARG,A_89_ILE)
printing pajek edge (A_175_SER,A_176_GLU)
printing pajek edge (A_78_PRO,A_81_GLY)
printing pajek edge (A_78_PRO,A_79_PRO)
printing pajek edge (A_215_GLY,A_216_PRO)
printing pajek edge (A_134_ALA,A_135_GLU)
printing pajek edge (A_134_ALA,A_161_ILE)
printing pajek edge (A_150_ASP,A_181_MET)
printing pajek edge (A_150_ASP,A_151_LEU)
printing pajek edge (A_124_GLY,A_125_SER)
printing pajek edge (A_222_GLN,A_224_SER)
printing pajek edge (A_222_GLN,A_223_PRO)
printing pajek edge (A_51_VAL,A_53_GLU)
printing pajek edge (A_51_VAL,A_58_SER)
printing pajek edge (A_51_VAL,A_52_SER)
printing pajek edge (A_40_SER,A_43_SER)
printing pajek edge (A_40_SER,A_41_SER)
printing pajek edge (A_211_GLN,A_212_PRO)
printing pajek edge (A_65_SER,A_86_ARG)
printing pajek edge (A_65_SER,A_66_GLY)
printing pajek edge (A_98_PRO,A_99_ALA)
printing pajek edge (A_98_PRO,A_102_GLU)
printing pajek edge (A_98_PRO,A_101_LEU)
printing pajek edge (A_13_TRP,A_14_TYR)
printing pajek edge (A_42_THR,A_43_SER)
printing pajek edge (A_53_GLU,A_54_ASN)
printing pajek edge (A_53_GLU,A_54_ASN)
printing pajek edge (A_53_GLU,A_56_ARG)
printing pajek edge (A_174_ASP,A_175_SER)
printing pajek edge (A_174_ASP,A_175_SER)
printing pajek edge (A_174_ASP,A_178_LYS)
printing pajek edge (A_174_ASP,A_178_LYS)
printing pajek edge (A_174_ASP,A_176_GLU)
printing pajek edge (A_174_ASP,A_177_GLY)
printing pajek edge (A_57_VAL,A_58_SER)
printing pajek edge (A_46_ASP,A_47_TYR)
printing pajek edge (A_67_PRO,A_68_ARG)
printing pajek edge (A_67_PRO,A_74_SER)
printing pajek edge (A_20_ARG,A_38_ARG)
printing pajek edge (A_20_ARG,A_21_GLN)
printing pajek edge (A_55_SER,A_56_ARG)
printing pajek edge (A_71_VAL,A_72_PRO)
printing pajek edge (A_189_LYS,A_190_TYR)
printing pajek edge (A_69_PRO,A_70_PRO)
printing pajek edge (A_69_PRO,A_71_VAL)
printing pajek edge (A_167_GLU,A_168_GLN)
printing pajek edge (A_2_ALA,A_3_GLY)
printing pajek edge (A_137_VAL,A_138_ARG)
printing pajek edge (A_89_ILE,A_90_GLY)
printing pajek edge (A_89_ILE,A_92_GLN)
printing pajek edge (A_117_PRO,A_118_VAL)
printing pajek edge (A_145_GLY,A_146_ASN)
printing pajek edge (A_142_ASP,A_143_PHE)
printing pajek edge (A_31_ARG,A_116_GLU)
printing pajek edge (A_31_ARG,A_32_HIS)
printing pajek edge (A_101_LEU,A_104_TYR)
printing pajek edge (A_101_LEU,A_102_GLU)
printing pajek edge (A_223_PRO,A_224_SER)
printing pajek edge (A_129_LEU,A_130_ARG)
printing pajek edge (A_26_LEU,A_27_LEU)
printing pajek edge (A_26_LEU,A_30_GLN)
printing pajek edge (A_29_GLY,A_30_GLN)
printing pajek edge (A_121_SER,A_122_ARG)
printing pajek edge (A_121_SER,A_122_ARG)
printing pajek edge (A_157_ASP,A_158_ILE)
printing pajek edge (A_135_GLU,A_136_TYR)
printing pajek edge (A_41_SER,A_42_THR)
printing pajek edge (A_76_ALA,A_77_GLN)
printing pajek edge (A_84_PRO,A_85_SER)
printing pajek edge (A_193_ALA,A_194_SER)
printing pajek edge (A_60_TYR,A_61_ILE)
printing pajek edge (A_216_PRO,A_217_GLU)
printing pajek edge (A_178_LYS,A_179_ARG)
printing pajek edge (A_151_LEU,A_181_MET)
printing pajek edge (A_151_LEU,A_152_PRO)
printing pajek edge (A_156_GLY,A_157_ASP)
printing pajek edge (A_131_GLN,A_132_GLU)
printing pajek edge (A_131_GLN,A_133_GLU)
printing pajek edge (A_218_PRO,A_219_GLY)
printing pajek edge (A_54_ASN,A_55_SER)
printing pajek edge (A_123_GLN,A_150_ASP)
printing pajek edge (A_123_GLN,A_124_GLY)
printing pajek edge (A_123_GLN,A_147_ASP)
printing pajek edge (A_144_ASN,A_145_GLY)
printing pajek edge (A_206_GLU,A_207_GLY)
printing pajek edge (A_159_LEU,A_160_ARG)
printing pajek edge (A_159_LEU,A_161_ILE)
printing pajek edge (A_43_SER,A_46_ASP)
printing pajek edge (A_43_SER,A_44_PRO)
printing pajek edge (A_23_ALA,A_27_LEU)
printing pajek edge (A_23_ALA,A_24_VAL)
printing pajek edge (A_220_PRO,A_221_ALA)
printing pajek edge (A_47_TYR,A_62_ILE)
printing pajek edge (A_47_TYR,A_48_VAL)
printing pajek edge (A_14_TYR,A_16_GLY)
printing pajek edge (A_14_TYR,A_15_TRP)
printing pajek edge (A_106_ILE,A_107_HIS)
printing pajek edge (A_7_SER,A_8_GLU)
printing pajek edge (A_7_SER,A_13_TRP)
printing pajek edge (A_86_ARG,A_87_LEU)
printing pajek edge (A_186_TYR,A_187_VAL)
printing pajek edge (A_37_VAL,A_38_ARG)
printing pajek edge (A_4_ASN,A_12_SER)
printing pajek edge (A_4_ASN,A_5_PHE)
printing pajek edge (A_4_ASN,A_5_PHE)
printing pajek edge (A_214_GLY,A_215_GLY)
printing pajek edge (A_184_VAL,A_186_TYR)
printing pajek edge (A_184_VAL,A_187_VAL)
printing pajek edge (A_184_VAL,A_185_PRO)
printing pajek edge (A_95_ASP,A_96_SER)
printing pajek edge (A_147_ASP,A_148_GLU)
printing pajek edge (A_147_ASP,A_148_GLU)
printing pajek edge (A_147_ASP,A_149_GLU)
printing pajek edge (A_52_SER,A_53_GLU)
printing pajek edge (A_10_ARG,A_11_SER)
printing pajek edge (A_10_ARG,A_13_TRP)
printing pajek edge (A_112_THR,A_113_THR)
printing pajek edge (A_39_ASP,A_40_SER)
printing pajek edge (A_5_PHE,A_6_ASP)
printing pajek edge (A_35_PHE,A_36_LEU)
printing pajek edge (A_35_PHE,A_118_VAL)
printing pajek edge (A_35_PHE,A_116_GLU)
printing pajek edge (A_170_TRP,A_171_ASN)
printing pajek edge (A_170_TRP,A_182_ILE)
printing pajek edge (A_165_PRO,A_166_GLU)
printing pajek edge (A_133_GLU,A_134_ALA)
printing pajek edge (A_197_VAL,A_198_SER)
printing pajek edge (A_172_ALA,A_173_GLU)
printing pajek edge (A_172_ALA,A_180_GLY)
