Graph START

Adding vertex (chain-A, position-192, res-GLY)
New vertex id: 0
1 3 5 7 
Adding vertex (chain-A, position-193, res-ALA)
New vertex id: 1
9 11 13 15 17 
Adding vertex (chain-A, position-194, res-MET)
New vertex id: 2
19 21 23 25 27 29 31 33 
Adding vertex (chain-A, position-195, res-ASP)
New vertex id: 3
35 37 39 41 43 44 46 48 
Adding vertex (chain-A, position-196, res-PRO)
New vertex id: 4
50 52 54 56 58 60 62 
Adding vertex (chain-A, position-197, res-ARG)
New vertex id: 5
64 66 68 70 72 74 76 78 80 82 84 
Adding vertex (chain-A, position-198, res-THR)
New vertex id: 6
86 88 90 92 94 96 98 
Adding vertex (chain-A, position-199, res-ILE)
New vertex id: 7
100 101 102 103 104 105 106 107 
Adding vertex (chain-A, position-200, res-THR)
New vertex id: 8
108 109 110 111 112 113 114 
Adding vertex (chain-A, position-201, res-MET)
New vertex id: 9
115 116 117 118 119 120 121 122 
Adding vertex (chain-A, position-202, res-HIS)
New vertex id: 10
123 125 127 129 131 133 136 139 142 145 
Adding vertex (chain-A, position-203, res-LYS)
New vertex id: 11
148 149 150 151 152 153 154 155 156 
Adding vertex (chain-A, position-204, res-ASP)
New vertex id: 12
157 159 161 163 165 167 169 171 
Adding vertex (chain-A, position-205, res-SER)
New vertex id: 13
173 175 177 179 181 183 
Adding vertex (chain-A, position-206, res-THR)
New vertex id: 14
187 189 191 193 195 197 199 
Adding vertex (chain-A, position-207, res-GLY)
New vertex id: 15
201 203 205 207 
Adding vertex (chain-A, position-208, res-HIS)
New vertex id: 16
209 210 211 212 213 214 215 216 217 218 
Adding vertex (chain-A, position-209, res-VAL)
New vertex id: 17
219 220 221 222 223 224 225 
Adding vertex (chain-A, position-210, res-GLY)
New vertex id: 18
226 227 228 229 
Adding vertex (chain-A, position-211, res-PHE)
New vertex id: 19
230 231 232 233 234 235 236 237 238 239 240 
Adding vertex (chain-A, position-212, res-ILE)
New vertex id: 20
241 242 243 244 245 246 247 248 
Adding vertex (chain-A, position-213, res-PHE)
New vertex id: 21
249 250 251 252 253 254 255 256 257 258 259 
Adding vertex (chain-A, position-214, res-LYS)
New vertex id: 22
260 261 262 263 264 265 266 267 268 
Adding vertex (chain-A, position-215, res-ASN)
New vertex id: 23
270 271 272 273 274 275 276 277 
Adding vertex (chain-A, position-216, res-GLY)
New vertex id: 24
278 279 280 281 
Adding vertex (chain-A, position-217, res-LYS)
New vertex id: 25
282 283 284 285 286 287 288 289 290 
Adding vertex (chain-A, position-218, res-ILE)
New vertex id: 26
291 292 293 294 295 297 299 301 
Adding vertex (chain-A, position-219, res-THR)
New vertex id: 27
303 304 305 306 307 308 309 
Adding vertex (chain-A, position-220, res-SER)
New vertex id: 28
310 311 312 313 314 315 
Adding vertex (chain-A, position-221, res-ILE)
New vertex id: 29
316 317 318 319 320 321 322 323 
Adding vertex (chain-A, position-222, res-VAL)
New vertex id: 30
324 325 326 327 328 329 330 
Adding vertex (chain-A, position-223, res-LYS)
New vertex id: 31
331 332 333 334 335 336 337 338 339 
Adding vertex (chain-A, position-224, res-ASP)
New vertex id: 32
340 341 342 343 344 345 346 347 
Adding vertex (chain-A, position-225, res-SER)
New vertex id: 33
348 349 350 351 352 353 
Adding vertex (chain-A, position-226, res-SER)
New vertex id: 34
354 355 356 357 358 359 
Adding vertex (chain-A, position-227, res-ALA)
New vertex id: 35
360 361 362 363 364 
Adding vertex (chain-A, position-228, res-ALA)
New vertex id: 36
365 366 367 368 369 
Adding vertex (chain-A, position-229, res-ARG)
New vertex id: 37
370 371 372 373 374 375 376 377 378 379 380 
Adding vertex (chain-A, position-230, res-ASN)
New vertex id: 38
381 382 383 384 385 386 387 388 
Adding vertex (chain-A, position-231, res-GLY)
New vertex id: 39
389 390 391 392 
Adding vertex (chain-A, position-232, res-LEU)
New vertex id: 40
393 394 395 396 397 398 399 400 
Adding vertex (chain-A, position-233, res-LEU)
New vertex id: 41
401 402 403 404 405 406 407 408 
Adding vertex (chain-A, position-234, res-THR)
New vertex id: 42
409 410 411 412 413 414 415 
Adding vertex (chain-A, position-235, res-GLU)
New vertex id: 43
416 417 418 419 420 421 422 424 426 
Adding vertex (chain-A, position-236, res-HIS)
New vertex id: 44
428 429 430 431 432 434 436 438 440 442 
Adding vertex (chain-A, position-237, res-ASN)
New vertex id: 45
444 445 446 447 448 449 450 451 
Adding vertex (chain-A, position-238, res-ILE)
New vertex id: 46
452 453 454 455 456 457 458 459 
Adding vertex (chain-A, position-239, res-CYS)
New vertex id: 47
460 461 462 463 464 465 
Adding vertex (chain-A, position-240, res-GLU)
New vertex id: 48
466 467 468 469 470 471 473 475 477 
Adding vertex (chain-A, position-241, res-ILE)
New vertex id: 49
479 480 481 482 483 484 485 486 
Adding vertex (chain-A, position-242, res-ASN)
New vertex id: 50
487 488 489 490 491 492 493 494 
Adding vertex (chain-A, position-243, res-GLY)
New vertex id: 51
495 496 497 498 
Adding vertex (chain-A, position-244, res-GLN)
New vertex id: 52
499 500 501 502 503 504 505 506 507 
Adding vertex (chain-A, position-245, res-ASN)
New vertex id: 53
508 509 510 511 512 513 515 517 
Adding vertex (chain-A, position-246, res-VAL)
New vertex id: 54
519 520 521 522 523 524 525 
Adding vertex (chain-A, position-247, res-ILE)
New vertex id: 55
526 527 528 529 530 531 532 533 
Adding vertex (chain-A, position-248, res-GLY)
New vertex id: 56
534 535 536 537 
Adding vertex (chain-A, position-249, res-LEU)
New vertex id: 57
538 539 540 541 542 543 544 545 
Adding vertex (chain-A, position-250, res-LYS)
New vertex id: 58
546 547 548 549 550 551 552 553 554 
Adding vertex (chain-A, position-251, res-ASP)
New vertex id: 59
555 556 557 558 559 560 561 562 
Adding vertex (chain-A, position-252, res-SER)
New vertex id: 60
563 564 565 566 567 568 
Adding vertex (chain-A, position-253, res-GLN)
New vertex id: 61
569 570 571 572 573 574 575 576 577 
Adding vertex (chain-A, position-254, res-ILE)
New vertex id: 62
578 579 580 581 582 583 584 585 
Adding vertex (chain-A, position-255, res-ALA)
New vertex id: 63
586 587 588 589 590 
Adding vertex (chain-A, position-256, res-ASP)
New vertex id: 64
591 592 593 594 595 596 597 598 
Adding vertex (chain-A, position-257, res-ILE)
New vertex id: 65
599 600 601 602 603 604 605 606 
Adding vertex (chain-A, position-258, res-LEU)
New vertex id: 66
607 608 609 610 611 612 613 614 
Adding vertex (chain-A, position-259, res-SER)
New vertex id: 67
615 616 617 618 619 620 
Adding vertex (chain-A, position-260, res-THR)
New vertex id: 68
622 623 624 625 626 627 628 
Adding vertex (chain-A, position-261, res-SER)
New vertex id: 69
629 630 631 632 633 634 
Adding vertex (chain-A, position-262, res-GLY)
New vertex id: 70
635 636 637 638 
Adding vertex (chain-A, position-263, res-THR)
New vertex id: 71
639 640 641 642 643 644 645 
Adding vertex (chain-A, position-264, res-VAL)
New vertex id: 72
646 647 648 649 650 651 652 
Adding vertex (chain-A, position-265, res-VAL)
New vertex id: 73
653 654 655 656 657 658 659 
Adding vertex (chain-A, position-266, res-THR)
New vertex id: 74
660 661 662 663 664 665 666 
Adding vertex (chain-A, position-267, res-ILE)
New vertex id: 75
667 668 669 670 671 672 673 674 
Adding vertex (chain-A, position-268, res-THR)
New vertex id: 76
675 676 677 678 679 681 683 
Adding vertex (chain-A, position-269, res-ILE)
New vertex id: 77
685 686 687 688 689 690 691 692 
Adding vertex (chain-A, position-270, res-MET)
New vertex id: 78
693 694 695 696 697 698 699 701 
Adding vertex (chain-A, position-271, res-PRO)
New vertex id: 79
703 704 705 706 707 708 709 
Adding vertex (chain-A, position-272, res-ALA)
New vertex id: 80
710 711 712 713 714 
Adding vertex (chain-A, position-273, res-PHE)
New vertex id: 81
715 716 717 718 719 720 721 722 723 724 725 726 
Graph DONE

( reduce -FLIPs 1W9E.pdb > 1W9E.H.pdb ) >& /dev/null
Reduce (-FLIPs) returned 0
( bndlst -Radius0.3 1W9E.H.pdb > 1W9E.H.bndlst ) >& /dev/null
BndLst returned 0
Parsing 1W9E.H.bndlst

bndlst START
Adding bndlst edge: (A_G192_MC -> A_A193_MC) type[cov], weight[1.00] from 0 to 1 dist[1.32]
Adding bndlst edge: (A_G192_MC -> A_D195_MC) type[hb], weight[0.97] from 0 to 3 dist[2.03]
Adding bndlst edge: (A_G192_MC -> A_M194_MC) type[hb], weight[0.45] from 0 to 2 dist[2.97]
Adding bndlst edge: (A_A193_MC -> A_M194_MC) type[cov], weight[1.00] from 1 to 2 dist[1.33]
Adding bndlst edge: (A_M194_MC -> A_D195_MC) type[cov], weight[1.00] from 2 to 3 dist[1.31]
Adding bndlst edge: (A_D195_MC -> A_P196_MC) type[cov], weight[1.00] from 3 to 4 dist[1.32]
Adding bndlst edge: (A_P196_MC -> A_R197_MC) type[cov], weight[1.00] from 4 to 5 dist[1.32]
Adding bndlst edge: (A_R197_MC -> A_T198_MC) type[cov], weight[1.00] from 5 to 6 dist[1.34]
Adding bndlst edge: (A_R197_MC -> A_I269_MC) type[hb], weight[1.08] from 5 to 77 dist[1.92]
Adding bndlst edge: (A_R197_MC -> A_I269_MC) type[hb], weight[0.90] from 5 to 77 dist[2.11]
Adding bndlst edge: (A_T198_MC -> A_I199_MC) type[cov], weight[1.00] from 6 to 7 dist[1.34]
Adding bndlst edge: (A_I199_MC -> A_T200_MC) type[cov], weight[1.00] from 7 to 8 dist[1.33]
Adding bndlst edge: (A_I199_MC -> A_I267_MC) type[hb], weight[1.11] from 7 to 75 dist[1.90]
Adding bndlst edge: (A_I199_MC -> A_I267_MC) type[hb], weight[1.12] from 7 to 75 dist[1.89]
Adding bndlst edge: (A_T200_MC -> A_M201_MC) type[cov], weight[1.00] from 8 to 9 dist[1.32]
Adding bndlst edge: (A_T200_SC -> A_T266_SC) type[hb], weight[1.23] from 8 to 74 dist[1.80]
Adding bndlst edge: (A_M201_MC -> A_H202_MC) type[cov], weight[1.00] from 9 to 10 dist[1.33]
Adding bndlst edge: (A_M201_MC -> A_V265_MC) type[hb], weight[1.12] from 9 to 73 dist[1.89]
Adding bndlst edge: (A_M201_MC -> A_V265_MC) type[hb], weight[1.17] from 9 to 73 dist[1.85]
Adding bndlst edge: (A_H202_MC -> A_K203_MC) type[cov], weight[1.00] from 10 to 11 dist[1.34]
Adding bndlst edge: (A_H202_MC -> A_S226_SC) type[hb], weight[1.11] from 10 to 34 dist[1.90]
Adding bndlst edge: (A_K203_MC -> A_D204_MC) type[cov], weight[1.00] from 11 to 12 dist[1.33]
Adding bndlst edge: (A_K203_MC -> A_T263_MC) type[hb], weight[1.17] from 11 to 71 dist[1.85]
Adding bndlst edge: (A_K203_SC -> A_L258_MC) type[hb], weight[1.25] from 11 to 66 dist[1.79]
Adding bndlst edge: (A_K203_SC -> A_S259_MC) type[hb], weight[0.52] from 11 to 67 dist[2.77]
Adding bndlst edge: (A_K203_SC -> A_S261_MC) type[hb], weight[1.12] from 11 to 69 dist[1.89]
Adding bndlst edge: (A_K203_SC -> A_S259_MC) type[hb], weight[0.51] from 11 to 67 dist[2.80]
Adding bndlst edge: (A_D204_MC -> A_S205_MC) type[cov], weight[1.00] from 12 to 13 dist[1.34]
Adding bndlst edge: (A_D204_MC -> A_G207_MC) type[hb], weight[1.02] from 12 to 15 dist[1.98]
Adding bndlst edge: (A_D204_MC -> A_T206_MC) type[hb], weight[0.48] from 12 to 14 dist[2.89]
Adding bndlst edge: (A_D204_SC -> A_H208_MC) type[hb], weight[0.94] from 12 to 16 dist[2.06]
Adding bndlst edge: (A_D204_SC -> A_G207_MC) type[hb], weight[0.56] from 12 to 15 dist[2.67]
Adding bndlst edge: (A_D204_SC -> A_T206_MC) type[hb], weight[0.98] from 12 to 14 dist[2.02]
Adding bndlst edge: (A_D204_MC -> A_H208_MC) type[hb], weight[1.15] from 12 to 16 dist[1.86]
Adding bndlst edge: (A_S205_MC -> A_T206_MC) type[cov], weight[1.00] from 13 to 14 dist[1.30]
Adding bndlst edge: (A_T206_MC -> A_G207_MC) type[cov], weight[1.00] from 14 to 15 dist[1.34]
Adding bndlst edge: (A_T206_MC -> A_H208_SC) type[hb], weight[0.52] from 14 to 16 dist[2.78]
Adding bndlst edge: (A_T206_SC -> A_H208_SC) type[hb], weight[1.33] from 14 to 16 dist[1.73]
Adding bndlst edge: (A_T206_SC -> A_H208_SC) type[hb], weight[0.49] from 14 to 16 dist[2.85]
Adding bndlst edge: (A_T206_SC -> A_H208_SC) type[hb], weight[0.57] from 14 to 16 dist[2.65]
Adding bndlst edge: (A_G207_MC -> A_H208_MC) type[cov], weight[1.00] from 15 to 16 dist[1.33]
Adding bndlst edge: (A_H208_MC -> A_V209_MC) type[cov], weight[1.00] from 16 to 17 dist[1.33]
Adding bndlst edge: (A_V209_MC -> A_G210_MC) type[cov], weight[1.00] from 17 to 18 dist[1.32]
Adding bndlst edge: (A_V209_MC -> A_A227_MC) type[hb], weight[1.10] from 17 to 35 dist[1.90]
Adding bndlst edge: (A_V209_MC -> A_S226_MC) type[hb], weight[0.47] from 17 to 34 dist[2.92]
Adding bndlst edge: (A_G210_MC -> A_F211_MC) type[cov], weight[1.00] from 18 to 19 dist[1.35]
Adding bndlst edge: (A_G210_MC -> A_V222_MC) type[hb], weight[1.15] from 18 to 30 dist[1.87]
Adding bndlst edge: (A_F211_MC -> A_I212_MC) type[cov], weight[1.00] from 19 to 20 dist[1.34]
Adding bndlst edge: (A_I212_MC -> A_F213_MC) type[cov], weight[1.00] from 20 to 21 dist[1.33]
Adding bndlst edge: (A_I212_MC -> A_S220_MC) type[hb], weight[0.69] from 20 to 28 dist[2.41]
Adding bndlst edge: (A_I212_MC -> A_T219_MC) type[hb], weight[1.22] from 20 to 27 dist[1.81]
Adding bndlst edge: (A_I212_MC -> A_S220_MC) type[hb], weight[1.04] from 20 to 28 dist[1.97]
Adding bndlst edge: (A_F213_MC -> A_K214_MC) type[cov], weight[1.00] from 21 to 22 dist[1.34]
Adding bndlst edge: (A_F213_SC -> A_G216_MC) type[hb], weight[0.37] from 21 to 24 dist[3.27]
Adding bndlst edge: (A_K214_MC -> A_N215_MC) type[cov], weight[1.00] from 22 to 23 dist[1.34]
Adding bndlst edge: (A_K214_MC -> A_K217_MC) type[hb], weight[0.89] from 22 to 25 dist[2.12]
Adding bndlst edge: (A_K214_MC -> A_K217_MC) type[hb], weight[1.04] from 22 to 25 dist[1.96]
Adding bndlst edge: (A_N215_MC -> A_G216_MC) type[cov], weight[1.00] from 23 to 24 dist[1.35]
Adding bndlst edge: (A_N215_MC -> A_D251_SC) type[hb], weight[1.29] from 23 to 59 dist[1.76]
Adding bndlst edge: (A_N215_MC -> A_D251_SC) type[hb], weight[0.50] from 23 to 59 dist[2.83]
Adding bndlst edge: (A_G216_MC -> A_K217_MC) type[cov], weight[1.00] from 24 to 25 dist[1.33]
Adding bndlst edge: (A_G216_MC -> A_I238_MC) type[hb], weight[1.14] from 24 to 46 dist[1.88]
Adding bndlst edge: (A_G216_MC -> A_D251_SC) type[hb], weight[0.90] from 24 to 59 dist[2.10]
Adding bndlst edge: (A_K217_MC -> A_I218_MC) type[cov], weight[1.00] from 25 to 26 dist[1.33]
Adding bndlst edge: (A_K217_SC -> A_N237_SC) type[hb], weight[1.22] from 25 to 45 dist[1.81]
Adding bndlst edge: (A_I218_MC -> A_T219_MC) type[cov], weight[1.00] from 26 to 27 dist[1.33]
Adding bndlst edge: (A_I218_MC -> A_E235_MC) type[hb], weight[0.79] from 26 to 43 dist[2.25]
Adding bndlst edge: (A_I218_MC -> A_H236_MC) type[hb], weight[1.05] from 26 to 44 dist[1.96]
Adding bndlst edge: (A_T219_MC -> A_S220_MC) type[cov], weight[1.00] from 27 to 28 dist[1.33]
Adding bndlst edge: (A_S220_MC -> A_I221_MC) type[cov], weight[1.00] from 28 to 29 dist[1.33]
Adding bndlst edge: (A_I221_MC -> A_V222_MC) type[cov], weight[1.00] from 29 to 30 dist[1.33]
Adding bndlst edge: (A_V222_MC -> A_K223_MC) type[cov], weight[1.00] from 30 to 31 dist[1.33]
Adding bndlst edge: (A_V222_MC -> A_S225_MC) type[hb], weight[0.77] from 30 to 33 dist[2.27]
Adding bndlst edge: (A_V222_MC -> A_S225_SC) type[hb], weight[1.32] from 30 to 33 dist[1.74]
Adding bndlst edge: (A_K223_MC -> A_D224_MC) type[cov], weight[1.00] from 31 to 32 dist[1.34]
Adding bndlst edge: (A_K223_MC -> A_S225_MC) type[hb], weight[0.52] from 31 to 33 dist[2.77]
Adding bndlst edge: (A_D224_MC -> A_S225_MC) type[cov], weight[1.00] from 32 to 33 dist[1.33]
Adding bndlst edge: (A_S225_MC -> A_S226_MC) type[cov], weight[1.00] from 33 to 34 dist[1.34]
Adding bndlst edge: (A_S225_MC -> A_R229_MC) type[hb], weight[1.03] from 33 to 37 dist[1.97]
Adding bndlst edge: (A_S225_MC -> A_A228_MC) type[hb], weight[0.59] from 33 to 36 dist[2.60]
Adding bndlst edge: (A_S225_SC -> A_A228_MC) type[hb], weight[0.94] from 33 to 36 dist[2.06]
Adding bndlst edge: (A_S225_SC -> A_A227_MC) type[hb], weight[0.47] from 33 to 35 dist[2.92]
Adding bndlst edge: (A_S226_MC -> A_A227_MC) type[cov], weight[1.00] from 34 to 35 dist[1.34]
Adding bndlst edge: (A_S226_MC -> A_N230_MC) type[hb], weight[0.83] from 34 to 38 dist[2.20]
Adding bndlst edge: (A_S226_MC -> A_R229_MC) type[hb], weight[0.49] from 34 to 37 dist[2.84]
Adding bndlst edge: (A_S226_MC -> A_N230_SC) type[hb], weight[1.05] from 34 to 38 dist[1.95]
Adding bndlst edge: (A_S226_SC -> A_N230_SC) type[hb], weight[0.52] from 34 to 38 dist[2.76]
Adding bndlst edge: (A_A227_MC -> A_A228_MC) type[cov], weight[1.00] from 35 to 36 dist[1.35]
Adding bndlst edge: (A_A227_MC -> A_G231_MC) type[hb], weight[0.64] from 35 to 39 dist[2.49]
Adding bndlst edge: (A_A227_MC -> A_N230_MC) type[hb], weight[0.54] from 35 to 38 dist[2.72]
Adding bndlst edge: (A_A227_MC -> A_L232_MC) type[hb], weight[0.99] from 35 to 40 dist[2.01]
Adding bndlst edge: (A_A228_MC -> A_R229_MC) type[cov], weight[1.00] from 36 to 37 dist[1.32]
Adding bndlst edge: (A_A228_MC -> A_G231_MC) type[hb], weight[0.66] from 36 to 39 dist[2.46]
Adding bndlst edge: (A_R229_MC -> A_N230_MC) type[cov], weight[1.00] from 37 to 38 dist[1.34]
Adding bndlst edge: (A_N230_MC -> A_G231_MC) type[cov], weight[1.00] from 38 to 39 dist[1.34]
Adding bndlst edge: (A_G231_MC -> A_L232_MC) type[cov], weight[1.00] from 39 to 40 dist[1.33]
Adding bndlst edge: (A_L232_MC -> A_L233_MC) type[cov], weight[1.00] from 40 to 41 dist[1.33]
Adding bndlst edge: (A_L233_MC -> A_T234_MC) type[cov], weight[1.00] from 41 to 42 dist[1.36]
Adding bndlst edge: (A_T234_MC -> A_E235_MC) type[cov], weight[1.00] from 42 to 43 dist[1.35]
Adding bndlst edge: (A_E235_MC -> A_H236_MC) type[cov], weight[1.00] from 43 to 44 dist[1.33]
Adding bndlst edge: (A_H236_MC -> A_N237_MC) type[cov], weight[1.00] from 44 to 45 dist[1.33]
Adding bndlst edge: (A_N237_MC -> A_I238_MC) type[cov], weight[1.00] from 45 to 46 dist[1.33]
Adding bndlst edge: (A_N237_MC -> A_M270_MC) type[hb], weight[0.77] from 45 to 78 dist[2.27]
Adding bndlst edge: (A_N237_MC -> A_C239_SC) type[hb], weight[0.70] from 45 to 47 dist[2.39]
Adding bndlst edge: (A_N237_MC -> A_M270_MC) type[hb], weight[1.16] from 45 to 78 dist[1.86]
Adding bndlst edge: (A_I238_MC -> A_C239_MC) type[cov], weight[1.00] from 46 to 47 dist[1.32]
Adding bndlst edge: (A_C239_MC -> A_E240_MC) type[cov], weight[1.00] from 47 to 48 dist[1.34]
Adding bndlst edge: (A_C239_MC -> A_V246_MC) type[hb], weight[0.92] from 47 to 54 dist[2.08]
Adding bndlst edge: (A_C239_MC -> A_T268_MC) type[hb], weight[1.12] from 47 to 76 dist[1.89]
Adding bndlst edge: (A_E240_MC -> A_I241_MC) type[cov], weight[1.00] from 48 to 49 dist[1.33]
Adding bndlst edge: (A_E240_MC -> A_T268_MC) type[hb], weight[0.94] from 48 to 76 dist[2.06]
Adding bndlst edge: (A_E240_MC -> A_T268_MC) type[hb], weight[0.52] from 48 to 76 dist[2.77]
Adding bndlst edge: (A_I241_MC -> A_N242_MC) type[cov], weight[1.00] from 49 to 50 dist[1.33]
Adding bndlst edge: (A_I241_MC -> A_Q244_MC) type[hb], weight[1.12] from 49 to 52 dist[1.89]
Adding bndlst edge: (A_I241_MC -> A_Q244_MC) type[hb], weight[1.01] from 49 to 52 dist[1.99]
Adding bndlst edge: (A_N242_MC -> A_G243_MC) type[cov], weight[1.00] from 50 to 51 dist[1.34]
Adding bndlst edge: (A_N242_SC -> A_T266_MC) type[hb], weight[1.09] from 50 to 74 dist[1.92]
Adding bndlst edge: (A_N242_MC -> A_T266_MC) type[hb], weight[1.20] from 50 to 74 dist[1.83]
Adding bndlst edge: (A_N242_SC -> A_V264_MC) type[hb], weight[0.48] from 50 to 72 dist[2.88]
Adding bndlst edge: (A_N242_SC -> A_S261_SC) type[hb], weight[0.90] from 50 to 69 dist[2.10]
Adding bndlst edge: (A_G243_MC -> A_Q244_MC) type[cov], weight[1.00] from 51 to 52 dist[1.31]
Adding bndlst edge: (A_Q244_MC -> A_N245_MC) type[cov], weight[1.00] from 52 to 53 dist[1.32]
Adding bndlst edge: (A_N245_MC -> A_V246_MC) type[cov], weight[1.00] from 53 to 54 dist[1.34]
Adding bndlst edge: (A_N245_SC -> A_I247_MC) type[hb], weight[0.98] from 53 to 55 dist[2.02]
Adding bndlst edge: (A_N245_SC -> A_V246_MC) type[hb], weight[0.49] from 53 to 54 dist[2.87]
Adding bndlst edge: (A_V246_MC -> A_I247_MC) type[cov], weight[1.00] from 54 to 55 dist[1.33]
Adding bndlst edge: (A_V246_MC -> A_L249_MC) type[hb], weight[0.79] from 54 to 57 dist[2.25]
Adding bndlst edge: (A_I247_MC -> A_G248_MC) type[cov], weight[1.00] from 55 to 56 dist[1.33]
Adding bndlst edge: (A_G248_MC -> A_L249_MC) type[cov], weight[1.00] from 56 to 57 dist[1.32]
Adding bndlst edge: (A_L249_MC -> A_K250_MC) type[cov], weight[1.00] from 57 to 58 dist[1.32]
Adding bndlst edge: (A_K250_MC -> A_D251_MC) type[cov], weight[1.00] from 58 to 59 dist[1.35]
Adding bndlst edge: (A_K250_MC -> A_I254_MC) type[hb], weight[0.98] from 58 to 62 dist[2.02]
Adding bndlst edge: (A_K250_MC -> A_Q253_MC) type[hb], weight[0.75] from 58 to 61 dist[2.31]
Adding bndlst edge: (A_K250_MC -> A_Q253_SC) type[hb], weight[1.09] from 58 to 61 dist[1.92]
Adding bndlst edge: (A_D251_MC -> A_S252_MC) type[cov], weight[1.00] from 59 to 60 dist[1.35]
Adding bndlst edge: (A_D251_MC -> A_A255_MC) type[hb], weight[1.18] from 59 to 63 dist[1.84]
Adding bndlst edge: (A_D251_MC -> A_I254_MC) type[hb], weight[0.49] from 59 to 62 dist[2.85]
Adding bndlst edge: (A_S252_MC -> A_Q253_MC) type[cov], weight[1.00] from 60 to 61 dist[1.34]
Adding bndlst edge: (A_S252_MC -> A_D256_MC) type[hb], weight[0.93] from 60 to 64 dist[2.08]
Adding bndlst edge: (A_S252_SC -> A_Q253_MC) type[hb], weight[0.49] from 60 to 61 dist[2.87]
Adding bndlst edge: (A_Q253_MC -> A_I254_MC) type[cov], weight[1.00] from 61 to 62 dist[1.33]
Adding bndlst edge: (A_Q253_MC -> A_I257_MC) type[hb], weight[0.93] from 61 to 65 dist[2.07]
Adding bndlst edge: (A_Q253_MC -> A_D256_MC) type[hb], weight[0.51] from 61 to 64 dist[2.80]
Adding bndlst edge: (A_I254_MC -> A_A255_MC) type[cov], weight[1.00] from 62 to 63 dist[1.34]
Adding bndlst edge: (A_I254_MC -> A_L258_MC) type[hb], weight[1.06] from 62 to 66 dist[1.94]
Adding bndlst edge: (A_I254_MC -> A_I257_MC) type[hb], weight[0.54] from 62 to 65 dist[2.71]
Adding bndlst edge: (A_A255_MC -> A_D256_MC) type[cov], weight[1.00] from 63 to 64 dist[1.34]
Adding bndlst edge: (A_A255_MC -> A_L258_MC) type[hb], weight[0.54] from 63 to 66 dist[2.73]
Adding bndlst edge: (A_A255_MC -> A_S259_SC) type[hb], weight[0.97] from 63 to 67 dist[2.03]
Adding bndlst edge: (A_A255_MC -> A_S259_MC) type[hb], weight[1.15] from 63 to 67 dist[1.86]
Adding bndlst edge: (A_D256_MC -> A_I257_MC) type[cov], weight[1.00] from 64 to 65 dist[1.34]
Adding bndlst edge: (A_D256_MC -> A_T260_MC) type[hb], weight[0.95] from 64 to 68 dist[2.06]
Adding bndlst edge: (A_D256_MC -> A_T260_SC) type[hb], weight[1.35] from 64 to 68 dist[1.72]
Adding bndlst edge: (A_I257_MC -> A_L258_MC) type[cov], weight[1.00] from 65 to 66 dist[1.34]
Adding bndlst edge: (A_I257_MC -> A_S261_MC) type[hb], weight[0.72] from 65 to 69 dist[2.36]
Adding bndlst edge: (A_I257_MC -> A_T260_MC) type[hb], weight[0.47] from 65 to 68 dist[2.91]
Adding bndlst edge: (A_L258_MC -> A_S259_MC) type[cov], weight[1.00] from 66 to 67 dist[1.33]
Adding bndlst edge: (A_L258_MC -> A_S261_MC) type[hb], weight[0.65] from 66 to 69 dist[2.48]
Adding bndlst edge: (A_S259_MC -> A_T260_MC) type[cov], weight[1.00] from 67 to 68 dist[1.34]
Adding bndlst edge: (A_T260_MC -> A_S261_MC) type[cov], weight[1.00] from 68 to 69 dist[1.32]
Adding bndlst edge: (A_S261_MC -> A_G262_MC) type[cov], weight[1.00] from 69 to 70 dist[1.32]
Adding bndlst edge: (A_S261_SC -> A_V264_MC) type[hb], weight[0.47] from 69 to 72 dist[2.92]
Adding bndlst edge: (A_S261_SC -> A_G262_MC) type[hb], weight[1.14] from 69 to 70 dist[1.87]
Adding bndlst edge: (A_G262_MC -> A_T263_MC) type[cov], weight[1.00] from 70 to 71 dist[1.33]
Adding bndlst edge: (A_T263_MC -> A_V264_MC) type[cov], weight[1.00] from 71 to 72 dist[1.33]
Adding bndlst edge: (A_V264_MC -> A_V265_MC) type[cov], weight[1.00] from 72 to 73 dist[1.33]
Adding bndlst edge: (A_V265_MC -> A_T266_MC) type[cov], weight[1.00] from 73 to 74 dist[1.34]
Adding bndlst edge: (A_T266_MC -> A_I267_MC) type[cov], weight[1.00] from 74 to 75 dist[1.33]
Adding bndlst edge: (A_I267_MC -> A_T268_MC) type[cov], weight[1.00] from 75 to 76 dist[1.33]
Adding bndlst edge: (A_T268_MC -> A_I269_MC) type[cov], weight[1.00] from 76 to 77 dist[1.32]
Adding bndlst edge: (A_I269_MC -> A_M270_MC) type[cov], weight[1.00] from 77 to 78 dist[1.35]
Adding bndlst edge: (A_M270_MC -> A_P271_MC) type[cov], weight[1.00] from 78 to 79 dist[1.34]
Adding bndlst edge: (A_P271_MC -> A_A272_MC) type[cov], weight[1.00] from 79 to 80 dist[1.34]
Adding bndlst edge: (A_A272_MC -> A_F273_MC) type[cov], weight[1.00] from 80 to 81 dist[1.33]

bndlst DONE

Producing PAJEK network
printing pajek edge (A_225_SER,A_227_ALA)
printing pajek edge (A_225_SER,A_226_SER)
printing pajek edge (A_225_SER,A_228_ALA)
printing pajek edge (A_225_SER,A_229_ARG)
printing pajek edge (A_224_ASP,A_225_SER)
printing pajek edge (A_255_ALA,A_259_SER)
printing pajek edge (A_255_ALA,A_256_ASP)
printing pajek edge (A_255_ALA,A_258_LEU)
printing pajek edge (A_213_PHE,A_214_LYS)
printing pajek edge (A_213_PHE,A_216_GLY)
printing pajek edge (A_263_THR,A_264_VAL)
printing pajek edge (A_199_ILE,A_200_THR)
printing pajek edge (A_199_ILE,A_267_ILE)
printing pajek edge (A_272_ALA,A_273_PHE)
printing pajek edge (A_218_ILE,A_219_THR)
printing pajek edge (A_218_ILE,A_235_GLU)
printing pajek edge (A_218_ILE,A_236_HIS)
printing pajek edge (A_210_GLY,A_222_VAL)
printing pajek edge (A_210_GLY,A_211_PHE)
printing pajek edge (A_264_VAL,A_265_VAL)
printing pajek edge (A_208_HIS,A_209_VAL)
printing pajek edge (A_236_HIS,A_237_ASN)
printing pajek edge (A_247_ILE,A_248_GLY)
printing pajek edge (A_266_THR,A_267_ILE)
printing pajek edge (A_219_THR,A_220_SER)
printing pajek edge (A_249_LEU,A_250_LYS)
printing pajek edge (A_253_GLN,A_256_ASP)
printing pajek edge (A_253_GLN,A_257_ILE)
printing pajek edge (A_253_GLN,A_254_ILE)
printing pajek edge (A_212_ILE,A_219_THR)
printing pajek edge (A_212_ILE,A_220_SER)
printing pajek edge (A_212_ILE,A_213_PHE)
printing pajek edge (A_202_HIS,A_203_LYS)
printing pajek edge (A_202_HIS,A_226_SER)
printing pajek edge (A_223_LYS,A_225_SER)
printing pajek edge (A_223_LYS,A_224_ASP)
printing pajek edge (A_227_ALA,A_230_ASN)
printing pajek edge (A_227_ALA,A_231_GLY)
printing pajek edge (A_227_ALA,A_232_LEU)
printing pajek edge (A_227_ALA,A_228_ALA)
printing pajek edge (A_203_LYS,A_261_SER)
printing pajek edge (A_203_LYS,A_259_SER)
printing pajek edge (A_203_LYS,A_263_THR)
printing pajek edge (A_203_LYS,A_258_LEU)
printing pajek edge (A_203_LYS,A_204_ASP)
printing pajek edge (A_270_MET,A_271_PRO)
printing pajek edge (A_240_GLU,A_241_ILE)
printing pajek edge (A_240_GLU,A_268_THR)
printing pajek edge (A_269_ILE,A_270_MET)
printing pajek edge (A_257_ILE,A_261_SER)
printing pajek edge (A_257_ILE,A_258_LEU)
printing pajek edge (A_257_ILE,A_260_THR)
printing pajek edge (A_221_ILE,A_222_VAL)
printing pajek edge (A_242_ASN,A_261_SER)
printing pajek edge (A_242_ASN,A_266_THR)
printing pajek edge (A_242_ASN,A_264_VAL)
printing pajek edge (A_242_ASN,A_243_GLY)
printing pajek edge (A_231_GLY,A_232_LEU)
printing pajek edge (A_256_ASP,A_260_THR)
printing pajek edge (A_256_ASP,A_257_ILE)
printing pajek edge (A_250_LYS,A_251_ASP)
printing pajek edge (A_250_LYS,A_253_GLN)
printing pajek edge (A_250_LYS,A_254_ILE)
printing pajek edge (A_233_LEU,A_234_THR)
printing pajek edge (A_204_ASP,A_208_HIS)
printing pajek edge (A_204_ASP,A_205_SER)
printing pajek edge (A_204_ASP,A_206_THR)
printing pajek edge (A_204_ASP,A_207_GLY)
printing pajek edge (A_207_GLY,A_208_HIS)
printing pajek edge (A_244_GLN,A_245_ASN)
printing pajek edge (A_252_SER,A_256_ASP)
printing pajek edge (A_252_SER,A_253_GLN)
printing pajek edge (A_252_SER,A_253_GLN)
printing pajek edge (A_248_GLY,A_249_LEU)
printing pajek edge (A_265_VAL,A_266_THR)
printing pajek edge (A_258_LEU,A_261_SER)
printing pajek edge (A_258_LEU,A_259_SER)
printing pajek edge (A_237_ASN,A_238_ILE)
printing pajek edge (A_237_ASN,A_270_MET)
printing pajek edge (A_237_ASN,A_239_CYS)
printing pajek edge (A_268_THR,A_269_ILE)
printing pajek edge (A_211_PHE,A_212_ILE)
printing pajek edge (A_254_ILE,A_255_ALA)
printing pajek edge (A_254_ILE,A_258_LEU)
printing pajek edge (A_254_ILE,A_257_ILE)
printing pajek edge (A_246_VAL,A_249_LEU)
printing pajek edge (A_246_VAL,A_247_ILE)
printing pajek edge (A_259_SER,A_260_THR)
printing pajek edge (A_262_GLY,A_263_THR)
printing pajek edge (A_260_THR,A_261_SER)
printing pajek edge (A_194_MET,A_195_ASP)
printing pajek edge (A_209_VAL,A_227_ALA)
printing pajek edge (A_209_VAL,A_226_SER)
printing pajek edge (A_209_VAL,A_210_GLY)
printing pajek edge (A_193_ALA,A_194_MET)
printing pajek edge (A_222_VAL,A_225_SER)
printing pajek edge (A_222_VAL,A_223_LYS)
printing pajek edge (A_217_LYS,A_237_ASN)
printing pajek edge (A_217_LYS,A_218_ILE)
printing pajek edge (A_220_SER,A_221_ILE)
printing pajek edge (A_267_ILE,A_268_THR)
printing pajek edge (A_232_LEU,A_233_LEU)
printing pajek edge (A_206_THR,A_208_HIS)
printing pajek edge (A_206_THR,A_207_GLY)
printing pajek edge (A_261_SER,A_264_VAL)
printing pajek edge (A_261_SER,A_262_GLY)
printing pajek edge (A_261_SER,A_262_GLY)
printing pajek edge (A_251_ASP,A_252_SER)
printing pajek edge (A_251_ASP,A_255_ALA)
printing pajek edge (A_251_ASP,A_254_ILE)
printing pajek edge (A_241_ILE,A_244_GLN)
printing pajek edge (A_241_ILE,A_242_ASN)
printing pajek edge (A_216_GLY,A_251_ASP)
printing pajek edge (A_216_GLY,A_217_LYS)
printing pajek edge (A_216_GLY,A_238_ILE)
printing pajek edge (A_245_ASN,A_247_ILE)
printing pajek edge (A_245_ASN,A_246_VAL)
printing pajek edge (A_245_ASN,A_246_VAL)
printing pajek edge (A_271_PRO,A_272_ALA)
printing pajek edge (A_214_LYS,A_217_LYS)
printing pajek edge (A_214_LYS,A_215_ASN)
printing pajek edge (A_234_THR,A_235_GLU)
printing pajek edge (A_192_GLY,A_193_ALA)
printing pajek edge (A_192_GLY,A_195_ASP)
printing pajek edge (A_192_GLY,A_194_MET)
printing pajek edge (A_238_ILE,A_239_CYS)
printing pajek edge (A_215_ASN,A_251_ASP)
printing pajek edge (A_215_ASN,A_216_GLY)
printing pajek edge (A_205_SER,A_206_THR)
printing pajek edge (A_198_THR,A_199_ILE)
printing pajek edge (A_195_ASP,A_196_PRO)
printing pajek edge (A_228_ALA,A_231_GLY)
printing pajek edge (A_228_ALA,A_229_ARG)
printing pajek edge (A_201_MET,A_265_VAL)
printing pajek edge (A_201_MET,A_202_HIS)
printing pajek edge (A_243_GLY,A_244_GLN)
printing pajek edge (A_239_CYS,A_268_THR)
printing pajek edge (A_239_CYS,A_246_VAL)
printing pajek edge (A_239_CYS,A_240_GLU)
printing pajek edge (A_200_THR,A_266_THR)
printing pajek edge (A_200_THR,A_201_MET)
printing pajek edge (A_230_ASN,A_231_GLY)
printing pajek edge (A_196_PRO,A_197_ARG)
printing pajek edge (A_226_SER,A_230_ASN)
printing pajek edge (A_226_SER,A_227_ALA)
printing pajek edge (A_226_SER,A_229_ARG)
printing pajek edge (A_229_ARG,A_230_ASN)
printing pajek edge (A_235_GLU,A_236_HIS)
printing pajek edge (A_197_ARG,A_198_THR)
printing pajek edge (A_197_ARG,A_269_ILE)
