Graph START

Adding vertex (chain-A, position-1, res-GLY)
New vertex id: 0
1 2 3 4 
Adding vertex (chain-A, position-2, res-SER)
New vertex id: 1
5 6 7 8 9 10 
Adding vertex (chain-A, position-3, res-ALA)
New vertex id: 2
11 12 13 14 15 
Adding vertex (chain-A, position-4, res-ASN)
New vertex id: 3
16 17 18 19 20 21 22 23 
Adding vertex (chain-A, position-5, res-SER)
New vertex id: 4
24 25 26 27 28 29 
Adding vertex (chain-A, position-6, res-GLN)
New vertex id: 5
30 31 32 33 34 35 36 37 38 
Adding vertex (chain-A, position-7, res-LEU)
New vertex id: 6
39 40 41 42 43 44 45 46 
Adding vertex (chain-A, position-8, res-VAL)
New vertex id: 7
47 48 49 50 51 52 53 
Adding vertex (chain-A, position-9, res-VAL)
New vertex id: 8
54 55 56 57 58 59 60 
Adding vertex (chain-A, position-10, res-ARG)
New vertex id: 9
61 62 63 64 65 66 67 68 69 70 71 
Adding vertex (chain-A, position-11, res-ALA)
New vertex id: 10
72 73 74 75 76 
Adding vertex (chain-A, position-12, res-LYS)
New vertex id: 11
77 78 79 80 81 82 83 84 85 
Adding vertex (chain-A, position-13, res-PHE)
New vertex id: 12
86 87 88 89 90 91 92 93 94 95 96 
Adding vertex (chain-A, position-14, res-ASN)
New vertex id: 13
97 98 99 100 101 102 103 104 
Adding vertex (chain-A, position-15, res-PHE)
New vertex id: 14
105 106 107 108 109 110 111 112 113 114 115 
Adding vertex (chain-A, position-16, res-GLN)
New vertex id: 15
116 117 118 119 120 121 122 123 124 
Adding vertex (chain-A, position-17, res-GLN)
New vertex id: 16
125 126 127 128 129 130 131 132 133 
Adding vertex (chain-A, position-18, res-THR)
New vertex id: 17
134 135 136 137 138 139 140 
Adding vertex (chain-A, position-19, res-ASN)
New vertex id: 18
141 142 143 144 145 146 147 148 
Adding vertex (chain-A, position-20, res-GLU)
New vertex id: 19
149 150 151 152 153 
Adding vertex (chain-A, position-21, res-ASP)
New vertex id: 20
154 155 156 157 158 159 160 161 
Adding vertex (chain-A, position-22, res-GLU)
New vertex id: 21
162 163 164 165 166 167 168 169 170 
Adding vertex (chain-A, position-23, res-LEU)
New vertex id: 22
171 172 173 174 175 176 177 178 
Adding vertex (chain-A, position-24, res-SER)
New vertex id: 23
179 180 181 182 183 184 
Adding vertex (chain-A, position-25, res-PHE)
New vertex id: 24
185 186 187 188 189 190 191 192 193 194 195 
Adding vertex (chain-A, position-26, res-SER)
New vertex id: 25
196 197 198 199 200 201 
Adding vertex (chain-A, position-27, res-LYS)
New vertex id: 26
202 203 204 205 206 207 208 209 210 
Adding vertex (chain-A, position-28, res-GLY)
New vertex id: 27
211 212 213 214 
Adding vertex (chain-A, position-29, res-ASP)
New vertex id: 28
215 216 217 218 219 220 221 222 
Adding vertex (chain-A, position-30, res-VAL)
New vertex id: 29
223 224 225 226 227 228 229 
Adding vertex (chain-A, position-31, res-ILE)
New vertex id: 30
230 231 232 233 234 235 236 237 
Adding vertex (chain-A, position-32, res-HIS)
New vertex id: 31
238 239 240 241 242 243 244 245 246 247 
Adding vertex (chain-A, position-33, res-VAL)
New vertex id: 32
248 249 250 251 252 253 254 
Adding vertex (chain-A, position-34, res-THR)
New vertex id: 33
255 256 257 258 259 260 261 
Adding vertex (chain-A, position-35, res-ARG)
New vertex id: 34
262 263 264 265 266 267 268 269 270 271 272 
Adding vertex (chain-A, position-36, res-VAL)
New vertex id: 35
273 274 275 276 277 278 279 
Adding vertex (chain-A, position-37, res-GLU)
New vertex id: 36
280 281 282 283 284 285 286 287 288 
Adding vertex (chain-A, position-38, res-GLU)
New vertex id: 37
289 290 291 292 293 294 
Adding vertex (chain-A, position-39, res-GLY)
New vertex id: 38
295 296 297 298 
Adding vertex (chain-A, position-40, res-GLY)
New vertex id: 39
299 300 301 302 
Adding vertex (chain-A, position-41, res-TRP)
New vertex id: 40
303 304 305 306 307 308 309 310 311 312 313 314 315 316 
Adding vertex (chain-A, position-42, res-TRP)
New vertex id: 41
317 318 319 320 321 322 323 324 325 326 327 328 329 330 
Adding vertex (chain-A, position-43, res-GLU)
New vertex id: 42
331 332 333 334 335 336 337 338 339 
Adding vertex (chain-A, position-44, res-GLY)
New vertex id: 43
340 341 342 343 
Adding vertex (chain-A, position-45, res-THR)
New vertex id: 44
344 345 346 347 348 349 350 
Adding vertex (chain-A, position-46, res-HIS)
New vertex id: 45
351 352 353 354 355 356 357 358 359 360 
Adding vertex (chain-A, position-47, res-ASN)
New vertex id: 46
361 362 363 364 
Adding vertex (chain-A, position-48, res-GLY)
New vertex id: 47
365 366 367 368 
Adding vertex (chain-A, position-49, res-ARG)
New vertex id: 48
369 370 371 372 373 374 375 376 377 378 379 
Adding vertex (chain-A, position-50, res-THR)
New vertex id: 49
380 381 382 383 384 385 386 
Adding vertex (chain-A, position-51, res-GLY)
New vertex id: 50
387 388 389 390 
Adding vertex (chain-A, position-52, res-TRP)
New vertex id: 51
391 392 393 394 395 396 397 398 399 400 401 402 403 404 
Adding vertex (chain-A, position-53, res-PHE)
New vertex id: 52
405 406 407 408 409 410 411 412 413 414 415 
Adding vertex (chain-A, position-54, res-PRO)
New vertex id: 53
416 417 418 419 420 421 422 
Adding vertex (chain-A, position-55, res-SER)
New vertex id: 54
423 424 425 426 427 428 
Adding vertex (chain-A, position-56, res-ASN)
New vertex id: 55
429 430 431 432 433 434 435 436 
Adding vertex (chain-A, position-57, res-TYR)
New vertex id: 56
437 438 439 440 441 442 443 444 445 446 447 448 
Adding vertex (chain-A, position-58, res-VAL)
New vertex id: 57
449 450 451 452 453 454 455 
Adding vertex (chain-A, position-59, res-ARG)
New vertex id: 58
456 457 458 459 460 461 462 
Adding vertex (chain-A, position-60, res-GLU)
New vertex id: 59
463 464 465 466 467 468 469 470 471 
Adding vertex (chain-A, position-61, res-ILE)
New vertex id: 60
472 473 474 475 476 477 478 479 
Adding vertex (chain-A, position-62, res-LYS)
New vertex id: 61
480 481 482 483 484 485 486 487 488 
Adding vertex (chain-A, position-63, res-PRO)
New vertex id: 62
489 490 491 492 493 494 495 
Adding vertex (chain-A, position-64, res-SER)
New vertex id: 63
496 497 498 499 500 501 
Graph DONE

( reduce -FLIPs 2AK5.pdb > 2AK5.H.pdb ) >& /dev/null
Reduce (-FLIPs) returned 0
( bndlst -Radius0.3 2AK5.H.pdb > 2AK5.H.bndlst ) >& /dev/null
BndLst returned 0
Parsing 2AK5.H.bndlst

bndlst START
Adding bndlst edge: (A_G1_MC -> A_S2_MC) type[cov], weight[1.00] from 0 to 1 dist[1.33]
Adding bndlst edge: (A_G1_MC -> A_S64_SC) type[cov], weight[1.00] from 0 to 63 dist[1.44]
Adding bndlst edge: (A_G1_MC -> A_S64_SC) type[hb], weight[0.48] from 0 to 63 dist[2.88]
Adding bndlst edge: (A_G1_MC -> A_S64_SC) type[hb], weight[0.50] from 0 to 63 dist[2.84]
Adding bndlst edge: (A_S2_MC -> A_A3_MC) type[cov], weight[1.00] from 1 to 2 dist[1.33]
Adding bndlst edge: (A_S2_MC -> A_S5_SC) type[cov], weight[1.00] from 1 to 4 dist[1.60]
Adding bndlst edge: (A_A3_MC -> A_N4_MC) type[cov], weight[1.00] from 2 to 3 dist[1.33]
Adding bndlst edge: (A_N4_MC -> A_S5_MC) type[cov], weight[1.00] from 3 to 4 dist[1.33]
Adding bndlst edge: (A_S5_MC -> A_Q6_MC) type[cov], weight[1.00] from 4 to 5 dist[1.32]
Adding bndlst edge: (A_Q6_MC -> A_L7_MC) type[cov], weight[1.00] from 5 to 6 dist[1.33]
Adding bndlst edge: (A_Q6_SC -> A_V33_MC) type[hb], weight[0.96] from 5 to 32 dist[2.04]
Adding bndlst edge: (A_L7_MC -> A_V8_MC) type[cov], weight[1.00] from 6 to 7 dist[1.33]
Adding bndlst edge: (A_L7_MC -> A_V33_MC) type[hb], weight[0.87] from 6 to 32 dist[2.14]
Adding bndlst edge: (A_V8_MC -> A_V9_MC) type[cov], weight[1.00] from 7 to 8 dist[1.33]
Adding bndlst edge: (A_V8_MC -> A_I61_MC) type[hb], weight[1.28] from 7 to 60 dist[1.77]
Adding bndlst edge: (A_V9_MC -> A_R10_MC) type[cov], weight[1.00] from 8 to 9 dist[1.33]
Adding bndlst edge: (A_V9_MC -> A_I31_MC) type[hb], weight[1.10] from 8 to 30 dist[1.91]
Adding bndlst edge: (A_V9_MC -> A_I31_MC) type[hb], weight[0.97] from 8 to 30 dist[2.04]
Adding bndlst edge: (A_R10_MC -> A_A11_MC) type[cov], weight[1.00] from 9 to 10 dist[1.33]
Adding bndlst edge: (A_R10_MC -> A_R59_MC) type[hb], weight[0.84] from 9 to 58 dist[2.18]
Adding bndlst edge: (A_R10_MC -> A_R59_MC) type[hb], weight[1.04] from 9 to 58 dist[1.96]
Adding bndlst edge: (A_A11_MC -> A_K12_MC) type[cov], weight[1.00] from 10 to 11 dist[1.33]
Adding bndlst edge: (A_A11_MC -> A_G28_MC) type[hb], weight[1.17] from 10 to 27 dist[1.85]
Adding bndlst edge: (A_A11_MC -> A_D29_MC) type[hb], weight[1.21] from 10 to 28 dist[1.82]
Adding bndlst edge: (A_K12_MC -> A_F13_MC) type[cov], weight[1.00] from 11 to 12 dist[1.33]
Adding bndlst edge: (A_K12_MC -> A_Y57_MC) type[hb], weight[1.24] from 11 to 56 dist[1.79]
Adding bndlst edge: (A_F13_MC -> A_N14_MC) type[cov], weight[1.00] from 12 to 13 dist[1.33]
Adding bndlst edge: (A_N14_MC -> A_F15_MC) type[cov], weight[1.00] from 13 to 14 dist[1.32]
Adding bndlst edge: (A_N14_SC -> A_K27_MC) type[hb], weight[1.26] from 13 to 26 dist[1.78]
Adding bndlst edge: (A_F15_MC -> A_Q16_MC) type[cov], weight[1.00] from 14 to 15 dist[1.33]
Adding bndlst edge: (A_F15_MC -> A_F25_MC) type[hb], weight[0.90] from 14 to 24 dist[2.10]
Adding bndlst edge: (A_F15_MC -> A_F25_MC) type[hb], weight[1.11] from 14 to 24 dist[1.90]
Adding bndlst edge: (A_Q16_MC -> A_Q17_MC) type[cov], weight[1.00] from 15 to 16 dist[1.33]
Adding bndlst edge: (A_Q17_MC -> A_T18_MC) type[cov], weight[1.00] from 16 to 17 dist[1.33]
Adding bndlst edge: (A_Q17_SC -> A_S24_SC) type[hb], weight[1.36] from 16 to 23 dist[1.72]
Adding bndlst edge: (A_Q17_SC -> A_R49_SC) type[hb], weight[0.73] from 16 to 48 dist[2.34]
Adding bndlst edge: (A_Q17_MC -> A_S24_SC) type[hb], weight[1.06] from 16 to 23 dist[1.95]
Adding bndlst edge: (A_T18_MC -> A_N19_MC) type[cov], weight[1.00] from 17 to 18 dist[1.33]
Adding bndlst edge: (A_T18_SC -> A_N19_SC) type[hb], weight[0.59] from 17 to 18 dist[2.60]
Adding bndlst edge: (A_T18_MC -> A_E22_SC) type[hb], weight[1.27] from 17 to 21 dist[1.77]
Adding bndlst edge: (A_T18_SC -> A_E22_SC) type[hb], weight[0.55] from 17 to 21 dist[2.70]
Adding bndlst edge: (A_T18_SC -> A_E22_SC) type[hb], weight[1.47] from 17 to 21 dist[1.65]
Adding bndlst edge: (A_N19_MC -> A_E20_MC) type[cov], weight[1.00] from 18 to 19 dist[1.33]
Adding bndlst edge: (A_N19_MC -> A_E22_MC) type[hb], weight[0.85] from 18 to 21 dist[2.16]
Adding bndlst edge: (A_N19_MC -> A_E22_SC) type[hb], weight[0.51] from 18 to 21 dist[2.81]
Adding bndlst edge: (A_N19_SC -> A_E22_SC) type[hb], weight[1.18] from 18 to 21 dist[1.84]
Adding bndlst edge: (A_E20_MC -> A_D21_MC) type[cov], weight[1.00] from 19 to 20 dist[1.33]
Adding bndlst edge: (A_E20_MC -> A_R49_SC) type[hb], weight[0.78] from 19 to 48 dist[2.26]
Adding bndlst edge: (A_E20_MC -> A_R49_SC) type[hb], weight[0.48] from 19 to 48 dist[2.89]
Adding bndlst edge: (A_E20_MC -> A_E22_MC) type[hb], weight[0.47] from 19 to 21 dist[2.91]
Adding bndlst edge: (A_D21_MC -> A_E22_MC) type[cov], weight[1.00] from 20 to 21 dist[1.33]
Adding bndlst edge: (A_D21_MC -> A_W52_MC) type[hb], weight[1.20] from 20 to 51 dist[1.83]
Adding bndlst edge: (A_E22_MC -> A_L23_MC) type[cov], weight[1.00] from 21 to 22 dist[1.33]
Adding bndlst edge: (A_E22_MC -> A_R49_SC) type[hb], weight[0.67] from 21 to 48 dist[2.45]
Adding bndlst edge: (A_E22_MC -> A_R49_SC) type[hb], weight[0.75] from 21 to 48 dist[2.31]
Adding bndlst edge: (A_L23_MC -> A_S24_MC) type[cov], weight[1.00] from 22 to 23 dist[1.32]
Adding bndlst edge: (A_L23_MC -> A_W52_MC) type[hb], weight[1.21] from 22 to 51 dist[1.82]
Adding bndlst edge: (A_S24_MC -> A_F25_MC) type[cov], weight[1.00] from 23 to 24 dist[1.32]
Adding bndlst edge: (A_F25_MC -> A_S26_MC) type[cov], weight[1.00] from 24 to 25 dist[1.32]
Adding bndlst edge: (A_S26_MC -> A_K27_MC) type[cov], weight[1.00] from 25 to 26 dist[1.33]
Adding bndlst edge: (A_S26_MC -> A_D29_MC) type[hb], weight[1.08] from 25 to 28 dist[1.93]
Adding bndlst edge: (A_S26_MC -> A_D29_SC) type[hb], weight[1.29] from 25 to 28 dist[1.76]
Adding bndlst edge: (A_K27_MC -> A_G28_MC) type[cov], weight[1.00] from 26 to 27 dist[1.33]
Adding bndlst edge: (A_K27_MC -> A_D29_MC) type[hb], weight[0.45] from 26 to 28 dist[2.97]
Adding bndlst edge: (A_G28_MC -> A_D29_MC) type[cov], weight[1.00] from 27 to 28 dist[1.33]
Adding bndlst edge: (A_D29_MC -> A_V30_MC) type[cov], weight[1.00] from 28 to 29 dist[1.33]
Adding bndlst edge: (A_V30_MC -> A_I31_MC) type[cov], weight[1.00] from 29 to 30 dist[1.33]
Adding bndlst edge: (A_V30_MC -> A_H46_SC) type[hb], weight[0.71] from 29 to 45 dist[2.38]
Adding bndlst edge: (A_I31_MC -> A_H32_MC) type[cov], weight[1.00] from 30 to 31 dist[1.33]
Adding bndlst edge: (A_H32_MC -> A_V33_MC) type[cov], weight[1.00] from 31 to 32 dist[1.33]
Adding bndlst edge: (A_H32_MC -> A_T45_MC) type[hb], weight[1.23] from 31 to 44 dist[1.80]
Adding bndlst edge: (A_H32_MC -> A_T45_MC) type[hb], weight[0.84] from 31 to 44 dist[2.18]
Adding bndlst edge: (A_V33_MC -> A_T34_MC) type[cov], weight[1.00] from 32 to 33 dist[1.33]
Adding bndlst edge: (A_T34_MC -> A_R35_MC) type[cov], weight[1.00] from 33 to 34 dist[1.33]
Adding bndlst edge: (A_T34_SC -> A_R35_MC) type[hb], weight[0.48] from 33 to 34 dist[2.89]
Adding bndlst edge: (A_T34_MC -> A_E43_MC) type[hb], weight[1.22] from 33 to 42 dist[1.81]
Adding bndlst edge: (A_T34_SC -> A_E43_SC) type[cov], weight[1.00] from 33 to 42 dist[1.60]
Adding bndlst edge: (A_R35_MC -> A_V36_MC) type[cov], weight[1.00] from 34 to 35 dist[1.33]
Adding bndlst edge: (A_R35_MC -> A_E43_MC) type[hb], weight[1.15] from 34 to 42 dist[1.87]
Adding bndlst edge: (A_R35_MC -> A_E43_MC) type[hb], weight[0.91] from 34 to 42 dist[2.10]
Adding bndlst edge: (A_V36_MC -> A_E37_MC) type[cov], weight[1.00] from 35 to 36 dist[1.33]
Adding bndlst edge: (A_E37_MC -> A_E38_MC) type[cov], weight[1.00] from 36 to 37 dist[1.32]
Adding bndlst edge: (A_E37_MC -> A_W42_SC) type[hb], weight[0.60] from 36 to 41 dist[2.59]
Adding bndlst edge: (A_E37_MC -> A_W42_SC) type[hb], weight[0.49] from 36 to 41 dist[2.87]
Adding bndlst edge: (A_E37_MC -> A_W42_SC) type[hb], weight[0.63] from 36 to 41 dist[2.51]
Adding bndlst edge: (A_E38_MC -> A_G39_MC) type[cov], weight[1.00] from 37 to 38 dist[1.32]
Adding bndlst edge: (A_G39_MC -> A_G40_MC) type[cov], weight[1.00] from 38 to 39 dist[1.33]
Adding bndlst edge: (A_G40_MC -> A_W41_MC) type[cov], weight[1.00] from 39 to 40 dist[1.33]
Adding bndlst edge: (A_G40_MC -> A_S55_MC) type[hb], weight[0.97] from 39 to 54 dist[2.03]
Adding bndlst edge: (A_W41_MC -> A_W42_MC) type[cov], weight[1.00] from 40 to 41 dist[1.33]
Adding bndlst edge: (A_W42_MC -> A_E43_MC) type[cov], weight[1.00] from 41 to 42 dist[1.33]
Adding bndlst edge: (A_W42_MC -> A_F53_MC) type[hb], weight[1.09] from 41 to 52 dist[1.92]
Adding bndlst edge: (A_W42_MC -> A_F53_MC) type[hb], weight[1.08] from 41 to 52 dist[1.92]
Adding bndlst edge: (A_E43_MC -> A_G44_MC) type[cov], weight[1.00] from 42 to 43 dist[1.33]
Adding bndlst edge: (A_G44_MC -> A_T45_MC) type[cov], weight[1.00] from 43 to 44 dist[1.33]
Adding bndlst edge: (A_G44_MC -> A_G51_MC) type[hb], weight[0.99] from 43 to 50 dist[2.01]
Adding bndlst edge: (A_G44_MC -> A_G51_MC) type[hb], weight[0.97] from 43 to 50 dist[2.03]
Adding bndlst edge: (A_T45_MC -> A_H46_MC) type[cov], weight[1.00] from 44 to 45 dist[1.32]
Adding bndlst edge: (A_H46_MC -> A_N47_MC) type[cov], weight[1.00] from 45 to 46 dist[1.33]
Adding bndlst edge: (A_H46_MC -> A_R49_MC) type[hb], weight[0.89] from 45 to 48 dist[2.12]
Adding bndlst edge: (A_H46_MC -> A_R49_MC) type[hb], weight[0.99] from 45 to 48 dist[2.01]
Adding bndlst edge: (A_N47_MC -> A_G48_MC) type[cov], weight[1.00] from 46 to 47 dist[1.33]
Adding bndlst edge: (A_G48_MC -> A_R49_MC) type[cov], weight[1.00] from 47 to 48 dist[1.33]
Adding bndlst edge: (A_R49_MC -> A_T50_MC) type[cov], weight[1.00] from 48 to 49 dist[1.33]
Adding bndlst edge: (A_T50_MC -> A_G51_MC) type[cov], weight[1.00] from 49 to 50 dist[1.33]
Adding bndlst edge: (A_G51_MC -> A_W52_MC) type[cov], weight[1.00] from 50 to 51 dist[1.33]
Adding bndlst edge: (A_W52_MC -> A_F53_MC) type[cov], weight[1.00] from 51 to 52 dist[1.33]
Adding bndlst edge: (A_F53_MC -> A_P54_MC) type[cov], weight[1.00] from 52 to 53 dist[1.33]
Adding bndlst edge: (A_P54_MC -> A_S55_MC) type[cov], weight[1.00] from 53 to 54 dist[1.33]
Adding bndlst edge: (A_P54_MC -> A_Y57_MC) type[hb], weight[1.06] from 53 to 56 dist[1.95]
Adding bndlst edge: (A_S55_MC -> A_N56_MC) type[cov], weight[1.00] from 54 to 55 dist[1.33]
Adding bndlst edge: (A_S55_MC -> A_V58_MC) type[hb], weight[0.64] from 54 to 57 dist[2.50]
Adding bndlst edge: (A_N56_MC -> A_Y57_MC) type[cov], weight[1.00] from 55 to 56 dist[1.33]
Adding bndlst edge: (A_Y57_MC -> A_V58_MC) type[cov], weight[1.00] from 56 to 57 dist[1.33]
Adding bndlst edge: (A_V58_MC -> A_R59_MC) type[cov], weight[1.00] from 57 to 58 dist[1.32]
Adding bndlst edge: (A_R59_MC -> A_E60_MC) type[cov], weight[1.00] from 58 to 59 dist[1.33]
Adding bndlst edge: (A_E60_MC -> A_I61_MC) type[cov], weight[1.00] from 59 to 60 dist[1.33]
Adding bndlst edge: (A_E60_MC -> A_K62_MC) type[hb], weight[0.47] from 59 to 61 dist[2.91]
Adding bndlst edge: (A_E60_SC -> A_K62_SC) type[salt], weight[0.93] from 59 to 61 dist[1.97]
Adding bndlst edge: (A_I61_MC -> A_K62_MC) type[cov], weight[1.00] from 60 to 61 dist[1.33]
Adding bndlst edge: (A_K62_MC -> A_P63_MC) type[cov], weight[1.00] from 61 to 62 dist[1.33]
Adding bndlst edge: (A_P63_MC -> A_S64_MC) type[cov], weight[1.00] from 62 to 63 dist[1.33]
Adding bndlst edge: (A_P63_MC -> A_S64_MC) type[hb], weight[0.63] from 62 to 63 dist[2.52]

bndlst DONE

Producing PAJEK network
printing pajek edge (A_34_THR,A_43_GLU)
printing pajek edge (A_34_THR,A_43_GLU)
printing pajek edge (A_34_THR,A_35_ARG)
printing pajek edge (A_34_THR,A_35_ARG)
printing pajek edge (A_33_VAL,A_34_THR)
printing pajek edge (A_22_GLU,A_23_LEU)
printing pajek edge (A_22_GLU,A_49_ARG)
printing pajek edge (A_8_VAL,A_9_VAL)
printing pajek edge (A_8_VAL,A_61_ILE)
printing pajek edge (A_27_LYS,A_28_GLY)
printing pajek edge (A_27_LYS,A_29_ASP)
printing pajek edge (A_19_ASN,A_22_GLU)
printing pajek edge (A_19_ASN,A_20_GLU)
printing pajek edge (A_17_GLN,A_24_SER)
printing pajek edge (A_17_GLN,A_18_THR)
printing pajek edge (A_17_GLN,A_49_ARG)
printing pajek edge (A_45_THR,A_46_HIS)
printing pajek edge (A_56_ASN,A_57_TYR)
printing pajek edge (A_28_GLY,A_29_ASP)
printing pajek edge (A_58_VAL,A_59_ARG)
printing pajek edge (A_62_LYS,A_63_PRO)
printing pajek edge (A_21_ASP,A_22_GLU)
printing pajek edge (A_21_ASP,A_52_TRP)
printing pajek edge (A_11_ALA,A_28_GLY)
printing pajek edge (A_11_ALA,A_12_LYS)
printing pajek edge (A_11_ALA,A_29_ASP)
printing pajek edge (A_32_HIS,A_33_VAL)
printing pajek edge (A_32_HIS,A_45_THR)
printing pajek edge (A_36_VAL,A_37_GLU)
printing pajek edge (A_12_LYS,A_57_TYR)
printing pajek edge (A_12_LYS,A_13_PHE)
printing pajek edge (A_49_ARG,A_50_THR)
printing pajek edge (A_30_VAL,A_46_HIS)
printing pajek edge (A_30_VAL,A_31_ILE)
printing pajek edge (A_51_GLY,A_52_TRP)
printing pajek edge (A_40_GLY,A_41_TRP)
printing pajek edge (A_40_GLY,A_55_SER)
printing pajek edge (A_59_ARG,A_60_GLU)
printing pajek edge (A_42_TRP,A_53_PHE)
printing pajek edge (A_42_TRP,A_43_GLU)
printing pajek edge (A_13_PHE,A_14_ASN)
printing pajek edge (A_16_GLN,A_17_GLN)
printing pajek edge (A_53_PHE,A_54_PRO)
printing pajek edge (A_61_ILE,A_62_LYS)
printing pajek edge (A_57_TYR,A_58_VAL)
printing pajek edge (A_46_HIS,A_47_ASN)
printing pajek edge (A_46_HIS,A_49_ARG)
printing pajek edge (A_20_GLU,A_22_GLU)
printing pajek edge (A_20_GLU,A_49_ARG)
printing pajek edge (A_20_GLU,A_21_ASP)
printing pajek edge (A_63_PRO,A_64_SER)
printing pajek edge (A_63_PRO,A_64_SER)
printing pajek edge (A_55_SER,A_58_VAL)
printing pajek edge (A_55_SER,A_56_ASN)
printing pajek edge (A_3_ALA,A_4_ASN)
printing pajek edge (A_18_THR,A_22_GLU)
printing pajek edge (A_18_THR,A_19_ASN)
printing pajek edge (A_18_THR,A_19_ASN)
printing pajek edge (A_2_SER,A_5_SER)
printing pajek edge (A_2_SER,A_3_ALA)
printing pajek edge (A_31_ILE,A_32_HIS)
printing pajek edge (A_26_SER,A_29_ASP)
printing pajek edge (A_26_SER,A_27_LYS)
printing pajek edge (A_29_ASP,A_30_VAL)
printing pajek edge (A_41_TRP,A_42_TRP)
printing pajek edge (A_15_PHE,A_25_PHE)
printing pajek edge (A_15_PHE,A_16_GLN)
printing pajek edge (A_60_GLU,A_61_ILE)
printing pajek edge (A_60_GLU,A_62_LYS)
printing pajek edge (A_60_GLU,A_62_LYS)
printing pajek edge (A_50_THR,A_51_GLY)
printing pajek edge (A_25_PHE,A_26_SER)
printing pajek edge (A_54_PRO,A_57_TYR)
printing pajek edge (A_54_PRO,A_55_SER)
printing pajek edge (A_23_LEU,A_52_TRP)
printing pajek edge (A_23_LEU,A_24_SER)
printing pajek edge (A_43_GLU,A_44_GLY)
printing pajek edge (A_1_GLY,A_2_SER)
printing pajek edge (A_1_GLY,A_64_SER)
printing pajek edge (A_1_GLY,A_64_SER)
printing pajek edge (A_47_ASN,A_48_GLY)
printing pajek edge (A_24_SER,A_25_PHE)
printing pajek edge (A_14_ASN,A_27_LYS)
printing pajek edge (A_14_ASN,A_15_PHE)
printing pajek edge (A_7_LEU,A_33_VAL)
printing pajek edge (A_7_LEU,A_8_VAL)
printing pajek edge (A_4_ASN,A_5_SER)
printing pajek edge (A_37_GLU,A_38_GLU)
printing pajek edge (A_37_GLU,A_42_TRP)
printing pajek edge (A_10_ARG,A_11_ALA)
printing pajek edge (A_10_ARG,A_59_ARG)
printing pajek edge (A_52_TRP,A_53_PHE)
printing pajek edge (A_48_GLY,A_49_ARG)
printing pajek edge (A_9_VAL,A_31_ILE)
printing pajek edge (A_9_VAL,A_10_ARG)
printing pajek edge (A_39_GLY,A_40_GLY)
printing pajek edge (A_5_SER,A_6_GLN)
printing pajek edge (A_35_ARG,A_43_GLU)
printing pajek edge (A_35_ARG,A_36_VAL)
printing pajek edge (A_38_GLU,A_39_GLY)
printing pajek edge (A_44_GLY,A_51_GLY)
printing pajek edge (A_44_GLY,A_45_THR)
printing pajek edge (A_6_GLN,A_7_LEU)
printing pajek edge (A_6_GLN,A_33_VAL)
