Graph START

Adding vertex (chain-A, position-1, res-ARG)
New vertex id: 0
1 2 3 4 5 6 7 8 9 10 11 12 13 14 15 16 17 18 19 20 21 22 23 24 25 26 
Adding vertex (chain-A, position-2, res-ASP)
New vertex id: 1
27 28 29 30 31 32 33 34 35 36 37 38 
Adding vertex (chain-A, position-3, res-HIS)
New vertex id: 2
39 40 41 42 43 44 45 46 47 48 49 50 51 52 53 54 55 
Adding vertex (chain-A, position-4, res-PHE)
New vertex id: 3
56 57 58 59 60 61 62 63 64 65 66 67 68 69 70 71 72 73 74 75 
Adding vertex (chain-A, position-5, res-ALA)
New vertex id: 4
76 77 78 79 80 81 82 83 84 85 
Adding vertex (chain-A, position-6, res-LEU)
New vertex id: 5
86 87 88 89 90 91 92 93 94 95 96 97 98 99 100 101 102 103 104 
Adding vertex (chain-A, position-7, res-ASP)
New vertex id: 6
105 106 107 108 109 110 111 112 113 114 115 116 
Adding vertex (chain-A, position-8, res-ARG)
New vertex id: 7
117 118 119 120 121 122 123 124 125 126 127 128 129 130 131 132 133 134 135 136 137 138 139 140 
Adding vertex (chain-A, position-9, res-PRO)
New vertex id: 8
141 142 143 144 145 146 147 148 149 150 151 152 153 154 
Adding vertex (chain-A, position-10, res-SER)
New vertex id: 9
155 156 157 158 159 160 161 162 163 164 165 
Adding vertex (chain-A, position-11, res-GLU)
New vertex id: 10
166 167 168 169 170 171 172 173 174 175 176 177 178 179 180 
Adding vertex (chain-A, position-12, res-THR)
New vertex id: 11
181 182 183 184 185 186 187 188 189 190 191 192 193 194 
Adding vertex (chain-A, position-13, res-HIS)
New vertex id: 12
195 196 197 198 199 200 201 202 203 204 205 206 207 208 209 210 211 
Adding vertex (chain-A, position-14, res-ALA)
New vertex id: 13
212 213 214 215 216 217 218 219 220 221 
Adding vertex (chain-A, position-15, res-ASP)
New vertex id: 14
222 223 224 225 226 227 228 229 230 231 232 233 
Adding vertex (chain-A, position-16, res-TYR)
New vertex id: 15
234 235 236 237 238 239 240 241 242 243 244 245 246 247 248 249 250 251 252 253 254 
Adding vertex (chain-A, position-17, res-LEU)
New vertex id: 16
255 256 257 258 259 260 261 262 263 264 265 266 267 268 269 270 271 272 273 
Adding vertex (chain-A, position-18, res-LEU)
New vertex id: 17
274 275 276 277 278 279 280 281 282 283 284 285 286 287 288 289 290 291 292 
Adding vertex (chain-A, position-19, res-ARG)
New vertex id: 18
293 294 295 296 297 298 299 300 301 302 303 304 305 306 307 308 309 310 311 312 313 314 315 316 
Adding vertex (chain-A, position-20, res-THR)
New vertex id: 19
317 318 319 320 321 322 323 324 325 326 327 328 329 330 
Adding vertex (chain-A, position-21, res-GLY)
New vertex id: 20
331 332 333 334 335 336 337 
Adding vertex (chain-A, position-22, res-GLN)
New vertex id: 21
338 339 340 341 342 343 344 345 346 347 348 349 350 351 352 353 354 
Adding vertex (chain-A, position-23, res-VAL)
New vertex id: 22
355 356 357 358 359 360 361 362 363 364 365 366 367 368 369 370 
Adding vertex (chain-A, position-24, res-VAL)
New vertex id: 23
371 372 373 374 375 376 377 378 379 380 381 382 383 384 385 386 
Adding vertex (chain-A, position-25, res-ASP)
New vertex id: 24
387 388 389 390 391 392 393 394 395 396 397 398 
Adding vertex (chain-A, position-26, res-ILE)
New vertex id: 25
399 400 401 402 403 404 405 406 407 408 409 410 411 412 413 414 415 416 417 
Adding vertex (chain-A, position-27, res-SER)
New vertex id: 26
418 419 420 421 422 423 424 425 426 427 428 
Adding vertex (chain-A, position-28, res-ASP)
New vertex id: 27
429 430 431 432 433 434 435 436 437 438 439 440 
Adding vertex (chain-A, position-29, res-THR)
New vertex id: 28
441 442 443 444 445 446 447 448 449 450 451 452 453 454 
Adding vertex (chain-A, position-30, res-ILE)
New vertex id: 29
455 456 457 458 459 460 461 462 463 464 465 466 467 468 469 470 471 472 473 
Adding vertex (chain-A, position-31, res-TYR)
New vertex id: 30
474 475 476 477 478 479 480 481 482 483 484 485 486 487 488 489 490 491 492 493 494 
Adding vertex (chain-A, position-32, res-PRO)
New vertex id: 31
495 496 497 498 499 500 501 502 503 504 505 506 507 508 
Adding vertex (chain-A, position-33, res-ARG)
New vertex id: 32
509 510 511 512 513 514 515 516 517 518 519 520 521 522 523 524 525 526 527 528 529 530 531 532 
Adding vertex (chain-A, position-34, res-ASN)
New vertex id: 33
533 534 535 536 537 538 539 540 541 542 543 544 545 546 
Adding vertex (chain-A, position-35, res-PRO)
New vertex id: 34
547 548 549 550 551 552 553 554 555 556 557 558 559 560 
Adding vertex (chain-A, position-36, res-ALA)
New vertex id: 35
561 562 563 564 565 566 567 568 569 570 
Adding vertex (chain-A, position-37, res-MET)
New vertex id: 36
571 572 573 574 575 576 577 578 579 580 581 582 583 584 585 586 587 
Adding vertex (chain-A, position-38, res-TYR)
New vertex id: 37
588 589 590 591 592 593 594 595 596 597 598 599 600 601 602 603 604 605 606 607 608 
Adding vertex (chain-A, position-39, res-SER)
New vertex id: 38
609 610 611 612 613 614 615 616 617 618 619 
Adding vertex (chain-A, position-40, res-GLU)
New vertex id: 39
620 621 622 623 624 625 626 627 628 629 630 631 632 633 634 
Adding vertex (chain-A, position-41, res-GLU)
New vertex id: 40
635 636 637 638 639 640 641 642 643 644 645 646 647 648 649 
Adding vertex (chain-A, position-42, res-ALA)
New vertex id: 41
650 651 652 653 654 655 656 657 658 659 
Adding vertex (chain-A, position-43, res-ARG)
New vertex id: 42
660 661 662 663 664 665 666 667 668 669 670 671 672 673 674 675 676 677 678 679 680 681 682 683 
Adding vertex (chain-A, position-44, res-LEU)
New vertex id: 43
684 685 686 687 688 689 690 691 692 693 694 695 696 697 698 699 700 701 702 
Adding vertex (chain-A, position-45, res-LYS)
New vertex id: 44
703 704 705 706 707 708 709 710 711 712 713 714 715 716 717 718 719 720 721 722 723 724 
Adding vertex (chain-A, position-46, res-SER)
New vertex id: 45
725 726 727 728 729 730 731 732 733 734 735 
Adding vertex (chain-A, position-47, res-PHE)
New vertex id: 46
736 737 738 739 740 741 742 743 744 745 746 747 748 749 750 751 752 753 754 755 
Adding vertex (chain-A, position-48, res-GLN)
New vertex id: 47
756 757 758 759 760 761 762 763 764 765 766 767 768 769 770 771 772 
Adding vertex (chain-A, position-49, res-ASN)
New vertex id: 48
773 774 775 776 777 778 779 780 781 782 783 784 785 786 
Adding vertex (chain-A, position-50, res-TRP)
New vertex id: 49
787 788 789 790 791 792 793 794 795 796 797 798 799 800 801 802 803 804 805 806 807 808 809 810 
Adding vertex (chain-A, position-51, res-PRO)
New vertex id: 50
811 812 813 814 815 816 817 818 819 820 821 822 823 824 
Adding vertex (chain-A, position-52, res-ASP)
New vertex id: 51
825 826 827 828 829 830 831 832 833 834 835 836 
Adding vertex (chain-A, position-53, res-TYR)
New vertex id: 52
837 838 839 840 841 842 843 844 845 846 847 848 849 850 851 852 853 854 855 856 857 
Adding vertex (chain-A, position-54, res-ALA)
New vertex id: 53
858 859 860 861 862 863 864 865 866 867 
Adding vertex (chain-A, position-55, res-HIS)
New vertex id: 54
868 869 870 871 872 873 874 875 876 877 878 879 880 881 882 883 884 
Adding vertex (chain-A, position-56, res-LEU)
New vertex id: 55
885 886 887 888 889 890 891 892 893 894 895 896 897 898 899 900 901 902 903 
Adding vertex (chain-A, position-57, res-THR)
New vertex id: 56
904 905 906 907 908 909 910 911 912 913 914 915 916 917 
Adding vertex (chain-A, position-58, res-PRO)
New vertex id: 57
918 919 920 921 922 923 924 925 926 927 928 929 930 931 
Adding vertex (chain-A, position-59, res-ARG)
New vertex id: 58
932 933 934 935 936 937 938 939 940 941 942 943 944 945 946 947 948 949 950 951 952 953 954 955 
Adding vertex (chain-A, position-60, res-GLU)
New vertex id: 59
956 957 958 959 960 961 962 963 964 965 966 967 968 969 970 
Adding vertex (chain-A, position-61, res-LEU)
New vertex id: 60
971 972 973 974 975 976 977 978 979 980 981 982 983 984 985 986 987 988 989 
Adding vertex (chain-A, position-62, res-ALA)
New vertex id: 61
990 991 992 993 994 995 996 997 998 999 
Adding vertex (chain-A, position-63, res-SER)
New vertex id: 62
1000 1001 1002 1003 1004 1005 1006 1007 1008 1009 1010 
Adding vertex (chain-A, position-64, res-ALA)
New vertex id: 63
1011 1012 1013 1014 1015 1016 1017 1018 1019 1020 
Adding vertex (chain-A, position-65, res-GLY)
New vertex id: 64
1021 1022 1023 1024 1025 1026 1027 
Adding vertex (chain-A, position-66, res-LEU)
New vertex id: 65
1028 1029 1030 1031 1032 1033 1034 1035 1036 1037 1038 1039 1040 1041 1042 1043 1044 1045 1046 
Adding vertex (chain-A, position-67, res-TYR)
New vertex id: 66
1047 1048 1049 1050 1051 1052 1053 1054 1055 1056 1057 1058 1059 1060 1061 1062 1063 1064 1065 1066 1067 
Adding vertex (chain-A, position-68, res-TYR)
New vertex id: 67
1068 1069 1070 1071 1072 1073 1074 1075 1076 1077 1078 1079 1080 1081 1082 1083 1084 1085 1086 1087 1088 
Adding vertex (chain-A, position-69, res-THR)
New vertex id: 68
1089 1090 1091 1092 1093 1094 1095 1096 1097 1098 1099 1100 1101 1102 
Adding vertex (chain-A, position-70, res-GLY)
New vertex id: 69
1103 1104 1105 1106 1107 1108 1109 
Adding vertex (chain-A, position-71, res-ILE)
New vertex id: 70
1110 1111 1112 1113 1114 1115 1116 1117 1118 1119 1120 1121 1122 1123 1124 1125 1126 1127 1128 
Adding vertex (chain-A, position-72, res-GLY)
New vertex id: 71
1129 1130 1131 1132 1133 1134 1135 
Adding vertex (chain-A, position-73, res-ASP)
New vertex id: 72
1136 1137 1138 1139 1140 1141 1142 1143 1144 1145 1146 1147 
Adding vertex (chain-A, position-74, res-GLN)
New vertex id: 73
1148 1149 1150 1151 1152 1153 1154 1155 1156 1157 1158 1159 1160 1161 1162 1163 1164 
Adding vertex (chain-A, position-75, res-VAL)
New vertex id: 74
1165 1166 1167 1168 1169 1170 1171 1172 1173 1174 1175 1176 1177 1178 1179 1180 
Adding vertex (chain-A, position-76, res-GLN)
New vertex id: 75
1181 1182 1183 1184 1185 1186 1187 1188 1189 1190 1191 1192 1193 1194 1195 1196 1197 
Adding vertex (chain-A, position-77, res-CYS)
New vertex id: 76
1198 1199 1200 1201 1202 1203 1204 1205 1206 1207 
Adding vertex (chain-A, position-78, res-PHE)
New vertex id: 77
1208 1209 1210 1211 1212 1213 1214 1215 1216 1217 1218 1219 1220 1221 1222 1223 1224 1225 1226 1227 
Adding vertex (chain-A, position-79, res-ALA)
New vertex id: 78
1228 1229 1230 1231 1232 1233 1234 1235 1236 1237 
Adding vertex (chain-A, position-80, res-CYS)
New vertex id: 79
1238 1239 1240 1241 1242 1243 1244 1245 1246 1247 
Adding vertex (chain-A, position-81, res-GLY)
New vertex id: 80
1248 1249 1250 1251 1252 1253 1254 
Adding vertex (chain-A, position-82, res-GLY)
New vertex id: 81
1255 1256 1257 1258 1259 1260 1261 
Adding vertex (chain-A, position-83, res-LYS)
New vertex id: 82
1262 1263 1264 1265 1266 1267 1268 1269 1270 1271 1272 1273 1274 1275 1276 1277 1278 1279 1280 1281 1282 1283 
Adding vertex (chain-A, position-84, res-LEU)
New vertex id: 83
1284 1285 1286 1287 1288 1289 1290 1291 1292 1293 1294 1295 1296 1297 1298 1299 1300 1301 1302 
Adding vertex (chain-A, position-85, res-LYS)
New vertex id: 84
1303 1304 1305 1306 1307 1308 1309 1310 1311 1312 1313 1314 1315 1316 1317 1318 1319 1320 1321 1322 1323 1324 
Adding vertex (chain-A, position-86, res-ASN)
New vertex id: 85
1325 1326 1327 1328 1329 1330 1331 1332 1333 1334 1335 1336 1337 1338 
Adding vertex (chain-A, position-87, res-TRP)
New vertex id: 86
1339 1340 1341 1342 1343 1344 1345 1346 1347 1348 1349 1350 1351 1352 1353 1354 1355 1356 1357 1358 1359 1360 1361 1362 
Adding vertex (chain-A, position-88, res-GLU)
New vertex id: 87
1363 1364 1365 1366 1367 1368 1369 1370 1371 1372 1373 1374 1375 1376 1377 
Adding vertex (chain-A, position-89, res-PRO)
New vertex id: 88
1378 1379 1380 1381 1382 1383 1384 1385 1386 1387 1388 1389 1390 1391 
Adding vertex (chain-A, position-90, res-GLY)
New vertex id: 89
1392 1393 1394 1395 1396 1397 1398 
Adding vertex (chain-A, position-91, res-ASP)
New vertex id: 90
1399 1400 1401 1402 1403 1404 1405 1406 1407 1408 1409 1410 
Adding vertex (chain-A, position-92, res-ARG)
New vertex id: 91
1411 1412 1413 1414 1415 1416 1417 1418 1419 1420 1421 1422 1423 1424 1425 1426 1427 1428 1429 1430 1431 1432 1433 1434 
Adding vertex (chain-A, position-93, res-ALA)
New vertex id: 92
1435 1436 1437 1438 1439 1440 1441 1442 1443 1444 
Adding vertex (chain-A, position-94, res-TRP)
New vertex id: 93
1445 1446 1447 1448 1449 1450 1451 1452 1453 1454 1455 1456 1457 1458 1459 1460 1461 1462 1463 1464 1465 1466 1467 1468 
Adding vertex (chain-A, position-95, res-SER)
New vertex id: 94
1469 1470 1471 1472 1473 1474 1475 1476 1477 1478 1479 
Adding vertex (chain-A, position-96, res-GLU)
New vertex id: 95
1480 1481 1482 1483 1484 1485 1486 1487 1488 1489 1490 1491 1492 1493 1494 
Adding vertex (chain-A, position-97, res-HIS)
New vertex id: 96
1495 1496 1497 1498 1499 1500 1501 1502 1503 1504 1505 1506 1507 1508 1509 1510 1511 
Adding vertex (chain-A, position-98, res-ARG)
New vertex id: 97
1512 1513 1514 1515 1516 1517 1518 1519 1520 1521 1522 1523 1524 1525 1526 1527 1528 1529 1530 1531 1532 1533 1534 1535 
Adding vertex (chain-A, position-99, res-ARG)
New vertex id: 98
1536 1537 1538 1539 1540 1541 1542 1543 1544 1545 1546 1547 1548 1549 1550 1551 1552 1553 1554 1555 1556 1557 1558 1559 
Adding vertex (chain-A, position-100, res-HIS)
New vertex id: 99
1560 1561 1562 1563 1564 1565 1566 1567 1568 1569 1570 1571 1572 1573 1574 1575 1576 
Adding vertex (chain-A, position-101, res-PHE)
New vertex id: 100
1577 1578 1579 1580 1581 1582 1583 1584 1585 1586 1587 1588 1589 1590 1591 1592 1593 1594 1595 1596 
Adding vertex (chain-A, position-102, res-PRO)
New vertex id: 101
1597 1598 1599 1600 1601 1602 1603 1604 1605 1606 1607 1608 1609 1610 
Adding vertex (chain-A, position-103, res-ASN)
New vertex id: 102
1611 1612 1613 1614 1615 1616 1617 1618 1619 1620 1621 1622 1623 1624 
Adding vertex (chain-A, position-104, res-CYS)
New vertex id: 103
1625 1626 1627 1628 1629 1630 1631 1632 1633 1634 
Adding vertex (chain-A, position-105, res-PHE)
New vertex id: 104
1635 1636 1637 1638 1639 1640 1641 1642 1643 1644 1645 1646 1647 1648 1649 1650 1651 1652 1653 1654 
Adding vertex (chain-A, position-106, res-PHE)
New vertex id: 105
1655 1656 1657 1658 1659 1660 1661 1662 1663 1664 1665 1666 1667 1668 1669 1670 1671 1672 1673 1674 
Adding vertex (chain-A, position-107, res-VAL)
New vertex id: 106
1675 1676 1677 1678 1679 1680 1681 1682 1683 1684 1685 1686 1687 1688 1689 1690 
Adding vertex (chain-A, position-108, res-LEU)
New vertex id: 107
1691 1692 1693 1694 1695 1696 1697 1698 1699 1700 1701 1702 1703 1704 1705 1706 1707 1708 1709 
Adding vertex (chain-A, position-109, res-GLY)
New vertex id: 108
1710 1711 1712 1713 1714 1715 1716 
Adding vertex (chain-A, position-110, res-ARG)
New vertex id: 109
1717 1718 1719 1720 1721 1722 1723 1724 1725 1726 1727 1728 1729 1730 1731 1732 1733 1734 1735 1736 1737 1738 1739 1740 
Adding vertex (chain-A, position-111, res-ASN)
New vertex id: 110
1741 1742 1743 1744 1745 1746 1747 1748 1749 1750 1751 1752 1753 1754 
Adding vertex (chain-A, position-112, res-LEU)
New vertex id: 111
1755 1756 1757 1758 1759 1760 1761 1762 1763 1764 1765 1766 1767 1768 1769 1770 1771 1772 1773 
Adding vertex (chain-A, position-113, res-ASN)
New vertex id: 112
1774 1775 1776 1777 1778 1779 1780 1781 1782 1783 1784 1785 1786 1787 
Adding vertex (chain-A, position-114, res-ILE)
New vertex id: 113
1788 1789 1790 1791 1792 1793 1794 1795 1796 1797 1798 1799 1800 1801 1802 1803 1804 1805 1806 
Adding vertex (chain-A, position-115, res-ARG)
New vertex id: 114
1807 1808 1809 1810 1811 1812 1813 1814 1815 1816 1817 1818 1819 1820 1821 1822 1823 1824 1825 1826 1827 1828 1829 1830 
Adding vertex (chain-A, position-116, res-SER)
New vertex id: 115
1831 1832 1833 1834 1835 1836 1837 1838 1839 1840 1841 
Adding vertex (chain-A, position-117, res-GLU)
New vertex id: 116
1842 1843 1844 1845 1846 1847 1848 1849 1850 1851 1852 1853 1854 1855 1856 1857 
Graph DONE

( reduce -FLIPs 1SE0.pdb > 1SE0.H.pdb ) >& /dev/null
Reduce (-FLIPs) returned 256
( bndlst -Radius0.3 1SE0.H.pdb > 1SE0.H.bndlst ) >& /dev/null
BndLst returned 0
Parsing 1SE0.H.bndlst

bndlst START
Adding bndlst edge: (A_R1_MC -> A_D2_MC) type[cov], weight[1.00] from 0 to 1 dist[1.33]
Adding bndlst edge: (A_R1_MC -> A_H3_MC) type[hb], weight[1.10] from 0 to 2 dist[1.91]
Adding bndlst edge: (A_D2_MC -> A_H3_MC) type[cov], weight[1.00] from 1 to 2 dist[1.33]
Adding bndlst edge: (A_D2_MC -> A_A5_MC) type[hb], weight[0.76] from 1 to 4 dist[2.30]
Adding bndlst edge: (A_H3_MC -> A_F4_MC) type[cov], weight[1.00] from 2 to 3 dist[1.33]
Adding bndlst edge: (A_H3_MC -> A_A5_MC) type[hb], weight[0.50] from 2 to 4 dist[2.84]
Adding bndlst edge: (A_H3_MC -> A_D7_MC) type[hb], weight[0.60] from 2 to 6 dist[2.58]
Adding bndlst edge: (A_H3_MC -> A_L6_MC) type[hb], weight[0.89] from 2 to 5 dist[2.12]
Adding bndlst edge: (A_H3_SC -> A_F4_MC) type[hb], weight[0.39] from 2 to 3 dist[3.21]
Adding bndlst edge: (A_H3_SC -> A_F4_MC) type[hb], weight[0.47] from 2 to 3 dist[2.90]
Adding bndlst edge: (A_H3_MC -> A_D7_SC) type[hb], weight[0.69] from 2 to 6 dist[2.41]
Adding bndlst edge: (A_H3_SC -> A_D7_SC) type[hb], weight[0.84] from 2 to 6 dist[2.18]
Adding bndlst edge: (A_H3_SC -> A_F4_SC) type[hb], weight[0.54] from 2 to 3 dist[2.71]
Adding bndlst edge: (A_F4_MC -> A_A5_MC) type[cov], weight[1.00] from 3 to 4 dist[1.33]
Adding bndlst edge: (A_F4_MC -> A_L6_MC) type[hb], weight[0.50] from 3 to 5 dist[2.83]
Adding bndlst edge: (A_A5_MC -> A_L6_MC) type[cov], weight[1.00] from 4 to 5 dist[1.33]
Adding bndlst edge: (A_L6_MC -> A_D7_MC) type[cov], weight[1.00] from 5 to 6 dist[1.33]
Adding bndlst edge: (A_D7_MC -> A_R8_MC) type[cov], weight[1.00] from 6 to 7 dist[1.34]
Adding bndlst edge: (A_R8_MC -> A_P9_MC) type[cov], weight[1.00] from 7 to 8 dist[1.34]
Adding bndlst edge: (A_P9_MC -> A_S10_MC) type[cov], weight[1.00] from 8 to 9 dist[1.33]
Adding bndlst edge: (A_P9_MC -> A_E11_MC) type[hb], weight[0.51] from 8 to 10 dist[2.81]
Adding bndlst edge: (A_P9_MC -> A_Y16_SC) type[hb], weight[0.55] from 8 to 15 dist[2.69]
Adding bndlst edge: (A_S10_MC -> A_E11_MC) type[cov], weight[1.00] from 9 to 10 dist[1.33]
Adding bndlst edge: (A_E11_MC -> A_T12_MC) type[cov], weight[1.00] from 10 to 11 dist[1.33]
Adding bndlst edge: (A_E11_MC -> A_Y16_SC) type[hb], weight[0.39] from 10 to 15 dist[3.19]
Adding bndlst edge: (A_E11_MC -> A_Y16_SC) type[hb], weight[0.46] from 10 to 15 dist[2.94]
Adding bndlst edge: (A_E11_MC -> A_Y16_SC) type[hb], weight[0.57] from 10 to 15 dist[2.64]
Adding bndlst edge: (A_E11_MC -> A_Y16_SC) type[hb], weight[0.65] from 10 to 15 dist[2.48]
Adding bndlst edge: (A_T12_MC -> A_H13_MC) type[cov], weight[1.00] from 11 to 12 dist[1.33]
Adding bndlst edge: (A_T12_SC -> A_H13_MC) type[hb], weight[0.66] from 11 to 12 dist[2.46]
Adding bndlst edge: (A_T12_SC -> A_H13_SC) type[hb], weight[0.62] from 11 to 12 dist[2.54]
Adding bndlst edge: (A_T12_MC -> A_Y16_SC) type[hb], weight[0.36] from 11 to 15 dist[3.31]
Adding bndlst edge: (A_T12_MC -> A_Y16_SC) type[hb], weight[0.39] from 11 to 15 dist[3.19]
Adding bndlst edge: (A_H13_MC -> A_A14_MC) type[cov], weight[1.00] from 12 to 13 dist[1.33]
Adding bndlst edge: (A_H13_MC -> A_L17_MC) type[hb], weight[1.47] from 12 to 16 dist[1.65]
Adding bndlst edge: (A_H13_MC -> A_Y16_MC) type[hb], weight[1.03] from 12 to 15 dist[1.97]
Adding bndlst edge: (A_H13_SC -> A_Y16_MC) type[hb], weight[0.53] from 12 to 15 dist[2.74]
Adding bndlst edge: (A_A14_MC -> A_D15_MC) type[cov], weight[1.00] from 13 to 14 dist[1.33]
Adding bndlst edge: (A_A14_MC -> A_L18_MC) type[hb], weight[1.01] from 13 to 17 dist[1.99]
Adding bndlst edge: (A_A14_MC -> A_L17_MC) type[hb], weight[0.66] from 13 to 16 dist[2.46]
Adding bndlst edge: (A_A14_MC -> A_Y16_MC) type[hb], weight[0.48] from 13 to 15 dist[2.88]
Adding bndlst edge: (A_D15_MC -> A_Y16_MC) type[cov], weight[1.00] from 14 to 15 dist[1.33]
Adding bndlst edge: (A_Y16_MC -> A_L17_MC) type[cov], weight[1.00] from 15 to 16 dist[1.33]
Adding bndlst edge: (A_Y16_MC -> A_R19_MC) type[hb], weight[0.82] from 15 to 18 dist[2.21]
Adding bndlst edge: (A_L17_MC -> A_L18_MC) type[cov], weight[1.00] from 16 to 17 dist[1.33]
Adding bndlst edge: (A_L17_MC -> A_Q22_MC) type[hb], weight[0.53] from 16 to 21 dist[2.74]
Adding bndlst edge: (A_L17_MC -> A_G21_MC) type[hb], weight[1.11] from 16 to 20 dist[1.90]
Adding bndlst edge: (A_L17_MC -> A_T20_MC) type[hb], weight[1.46] from 16 to 19 dist[1.66]
Adding bndlst edge: (A_L17_MC -> A_R19_MC) type[hb], weight[0.54] from 16 to 18 dist[2.73]
Adding bndlst edge: (A_L18_MC -> A_R19_MC) type[cov], weight[1.00] from 17 to 18 dist[1.33]
Adding bndlst edge: (A_L18_MC -> A_Q22_SC) type[hb], weight[0.52] from 17 to 21 dist[2.77]
Adding bndlst edge: (A_R19_MC -> A_T20_MC) type[cov], weight[1.00] from 18 to 19 dist[1.33]
Adding bndlst edge: (A_T20_MC -> A_G21_MC) type[cov], weight[1.00] from 19 to 20 dist[1.33]
Adding bndlst edge: (A_G21_MC -> A_Q22_MC) type[cov], weight[1.00] from 20 to 21 dist[1.33]
Adding bndlst edge: (A_Q22_MC -> A_V23_MC) type[cov], weight[1.00] from 21 to 22 dist[1.33]
Adding bndlst edge: (A_V23_MC -> A_V24_MC) type[cov], weight[1.00] from 22 to 23 dist[1.33]
Adding bndlst edge: (A_V23_MC -> A_D25_MC) type[hb], weight[0.52] from 22 to 24 dist[2.77]
Adding bndlst edge: (A_V24_MC -> A_D25_MC) type[cov], weight[1.00] from 23 to 24 dist[1.33]
Adding bndlst edge: (A_D25_MC -> A_I26_MC) type[cov], weight[1.00] from 24 to 25 dist[1.33]
Adding bndlst edge: (A_I26_MC -> A_S27_MC) type[cov], weight[1.00] from 25 to 26 dist[1.33]
Adding bndlst edge: (A_S27_MC -> A_D28_MC) type[cov], weight[1.00] from 26 to 27 dist[1.33]
Adding bndlst edge: (A_D28_MC -> A_T29_MC) type[cov], weight[1.00] from 27 to 28 dist[1.33]
Adding bndlst edge: (A_T29_MC -> A_I30_MC) type[cov], weight[1.00] from 28 to 29 dist[1.33]
Adding bndlst edge: (A_I30_MC -> A_Y31_MC) type[cov], weight[1.00] from 29 to 30 dist[1.33]
Adding bndlst edge: (A_Y31_MC -> A_P32_MC) type[cov], weight[1.00] from 30 to 31 dist[1.34]
Adding bndlst edge: (A_P32_MC -> A_R33_MC) type[cov], weight[1.00] from 31 to 32 dist[1.33]
Adding bndlst edge: (A_P32_MC -> A_N34_MC) type[hb], weight[0.47] from 31 to 33 dist[2.92]
Adding bndlst edge: (A_R33_MC -> A_N34_MC) type[cov], weight[1.00] from 32 to 33 dist[1.33]
Adding bndlst edge: (A_R33_MC -> A_A79_MC) type[hb], weight[0.64] from 32 to 78 dist[2.50]
Adding bndlst edge: (A_R33_MC -> A_F78_MC) type[hb], weight[1.16] from 32 to 77 dist[1.85]
Adding bndlst edge: (A_N34_MC -> A_P35_MC) type[cov], weight[1.00] from 33 to 34 dist[1.34]
Adding bndlst edge: (A_N34_MC -> A_M37_MC) type[hb], weight[0.87] from 33 to 36 dist[2.14]
Adding bndlst edge: (A_N34_MC -> A_A36_MC) type[hb], weight[0.52] from 33 to 35 dist[2.77]
Adding bndlst edge: (A_N34_MC -> A_F78_MC) type[hb], weight[0.50] from 33 to 77 dist[2.84]
Adding bndlst edge: (A_N34_SC -> A_Y67_SC) type[hb], weight[0.50] from 33 to 66 dist[2.84]
Adding bndlst edge: (A_N34_SC -> A_Y67_SC) type[hb], weight[0.62] from 33 to 66 dist[2.55]
Adding bndlst edge: (A_N34_SC -> A_Y67_SC) type[hb], weight[0.64] from 33 to 66 dist[2.51]
Adding bndlst edge: (A_N34_SC -> A_Y67_SC) type[hb], weight[0.40] from 33 to 66 dist[3.16]
Adding bndlst edge: (A_N34_SC -> A_Y67_SC) type[hb], weight[0.33] from 33 to 66 dist[3.48]
Adding bndlst edge: (A_P35_MC -> A_A36_MC) type[cov], weight[1.00] from 34 to 35 dist[1.33]
Adding bndlst edge: (A_P35_MC -> A_Y38_MC) type[hb], weight[0.90] from 34 to 37 dist[2.11]
Adding bndlst edge: (A_P35_MC -> A_M37_MC) type[hb], weight[0.54] from 34 to 36 dist[2.73]
Adding bndlst edge: (A_A36_MC -> A_M37_MC) type[cov], weight[1.00] from 35 to 36 dist[1.33]
Adding bndlst edge: (A_M37_MC -> A_Y38_MC) type[cov], weight[1.00] from 36 to 37 dist[1.33]
Adding bndlst edge: (A_M37_MC -> A_R43_SC) type[hb], weight[0.48] from 36 to 42 dist[2.89]
Adding bndlst edge: (A_M37_MC -> A_R43_SC) type[hb], weight[0.48] from 36 to 42 dist[2.89]
Adding bndlst edge: (A_M37_MC -> A_R43_SC) type[cov], weight[1.00] from 36 to 42 dist[1.60]
Adding bndlst edge: (A_Y38_MC -> A_S39_MC) type[cov], weight[1.00] from 37 to 38 dist[1.33]
Adding bndlst edge: (A_Y38_MC -> A_R43_SC) type[hb], weight[0.49] from 37 to 42 dist[2.86]
Adding bndlst edge: (A_Y38_MC -> A_R43_SC) type[hb], weight[0.49] from 37 to 42 dist[2.86]
Adding bndlst edge: (A_Y38_MC -> A_R43_SC) type[hb], weight[0.76] from 37 to 42 dist[2.29]
Adding bndlst edge: (A_Y38_MC -> A_R43_SC) type[hb], weight[0.76] from 37 to 42 dist[2.29]
Adding bndlst edge: (A_Y38_SC -> A_S39_MC) type[hb], weight[0.43] from 37 to 38 dist[3.03]
Adding bndlst edge: (A_Y38_SC -> A_S39_MC) type[hb], weight[0.45] from 37 to 38 dist[2.99]
Adding bndlst edge: (A_Y38_SC -> A_S39_SC) type[hb], weight[0.43] from 37 to 38 dist[3.06]
Adding bndlst edge: (A_Y38_SC -> A_S39_SC) type[hb], weight[0.45] from 37 to 38 dist[2.98]
Adding bndlst edge: (A_S39_MC -> A_E40_MC) type[cov], weight[1.00] from 38 to 39 dist[1.33]
Adding bndlst edge: (A_S39_MC -> A_R43_MC) type[hb], weight[1.00] from 38 to 42 dist[2.00]
Adding bndlst edge: (A_S39_MC -> A_A42_MC) type[hb], weight[0.66] from 38 to 41 dist[2.46]
Adding bndlst edge: (A_E40_MC -> A_E41_MC) type[cov], weight[1.00] from 39 to 40 dist[1.33]
Adding bndlst edge: (A_E40_MC -> A_L44_MC) type[hb], weight[0.77] from 39 to 43 dist[2.27]
Adding bndlst edge: (A_E40_MC -> A_R43_MC) type[hb], weight[0.59] from 39 to 42 dist[2.61]
Adding bndlst edge: (A_E40_SC -> A_S63_SC) type[hb], weight[0.95] from 39 to 62 dist[2.05]
Adding bndlst edge: (A_E41_MC -> A_A42_MC) type[cov], weight[1.00] from 40 to 41 dist[1.33]
Adding bndlst edge: (A_E41_MC -> A_K45_MC) type[hb], weight[0.50] from 40 to 44 dist[2.84]
Adding bndlst edge: (A_E41_MC -> A_L44_MC) type[hb], weight[0.83] from 40 to 43 dist[2.19]
Adding bndlst edge: (A_A42_MC -> A_R43_MC) type[cov], weight[1.00] from 41 to 42 dist[1.33]
Adding bndlst edge: (A_A42_MC -> A_K45_MC) type[hb], weight[0.77] from 41 to 44 dist[2.28]
Adding bndlst edge: (A_A42_MC -> A_S46_MC) type[hb], weight[0.58] from 41 to 45 dist[2.63]
Adding bndlst edge: (A_R43_MC -> A_L44_MC) type[cov], weight[1.00] from 42 to 43 dist[1.33]
Adding bndlst edge: (A_R43_MC -> A_F47_MC) type[hb], weight[0.54] from 42 to 46 dist[2.73]
Adding bndlst edge: (A_R43_MC -> A_S46_MC) type[hb], weight[0.81] from 42 to 45 dist[2.23]
Adding bndlst edge: (A_R43_MC -> A_S46_SC) type[hb], weight[0.63] from 42 to 45 dist[2.51]
Adding bndlst edge: (A_R43_SC -> A_F78_SC) type[hb], weight[0.38] from 42 to 77 dist[3.25]
Adding bndlst edge: (A_R43_SC -> A_A62_MC) type[hb], weight[1.11] from 42 to 61 dist[1.90]
Adding bndlst edge: (A_R43_SC -> A_F106_SC) type[hb], weight[0.41] from 42 to 105 dist[3.13]
Adding bndlst edge: (A_R43_SC -> A_F78_SC) type[hb], weight[0.64] from 42 to 77 dist[2.50]
Adding bndlst edge: (A_R43_SC -> A_F78_SC) type[hb], weight[0.59] from 42 to 77 dist[2.60]
Adding bndlst edge: (A_R43_SC -> A_A62_MC) type[hb], weight[1.10] from 42 to 61 dist[1.90]
Adding bndlst edge: (A_R43_SC -> A_F106_SC) type[hb], weight[0.41] from 42 to 105 dist[3.13]
Adding bndlst edge: (A_R43_SC -> A_F78_SC) type[hb], weight[0.64] from 42 to 77 dist[2.50]
Adding bndlst edge: (A_R43_SC -> A_F78_SC) type[hb], weight[0.59] from 42 to 77 dist[2.60]
Adding bndlst edge: (A_L44_MC -> A_K45_MC) type[cov], weight[1.00] from 43 to 44 dist[1.33]
Adding bndlst edge: (A_L44_MC -> A_F47_MC) type[hb], weight[0.94] from 43 to 46 dist[2.06]
Adding bndlst edge: (A_K45_MC -> A_S46_MC) type[cov], weight[1.00] from 44 to 45 dist[1.33]
Adding bndlst edge: (A_K45_MC -> A_Q48_MC) type[hb], weight[1.03] from 44 to 47 dist[1.98]
Adding bndlst edge: (A_K45_MC -> A_Q48_SC) type[hb], weight[0.62] from 44 to 47 dist[2.55]
Adding bndlst edge: (A_S46_MC -> A_F47_MC) type[cov], weight[1.00] from 45 to 46 dist[1.33]
Adding bndlst edge: (A_S46_MC -> A_Q48_MC) type[hb], weight[0.66] from 45 to 47 dist[2.46]
Adding bndlst edge: (A_S46_SC -> A_F47_MC) type[hb], weight[0.53] from 45 to 46 dist[2.74]
Adding bndlst edge: (A_S46_SC -> A_Y68_MC) type[hb], weight[0.98] from 45 to 67 dist[2.02]
Adding bndlst edge: (A_S46_SC -> A_F47_SC) type[hb], weight[0.38] from 45 to 46 dist[3.24]
Adding bndlst edge: (A_S46_SC -> A_F47_SC) type[hb], weight[0.47] from 45 to 46 dist[2.92]
Adding bndlst edge: (A_S46_SC -> A_F47_SC) type[hb], weight[0.46] from 45 to 46 dist[2.96]
Adding bndlst edge: (A_S46_SC -> A_F47_SC) type[hb], weight[0.36] from 45 to 46 dist[3.32]
Adding bndlst edge: (A_F47_MC -> A_Q48_MC) type[cov], weight[1.00] from 46 to 47 dist[1.33]
Adding bndlst edge: (A_F47_MC -> A_W50_MC) type[hb], weight[0.68] from 46 to 49 dist[2.43]
Adding bndlst edge: (A_F47_MC -> A_N49_MC) type[hb], weight[0.51] from 46 to 48 dist[2.80]
Adding bndlst edge: (A_F47_SC -> A_A62_MC) type[hb], weight[0.42] from 46 to 61 dist[3.08]
Adding bndlst edge: (A_Q48_MC -> A_N49_MC) type[cov], weight[1.00] from 47 to 48 dist[1.33]
Adding bndlst edge: (A_N49_MC -> A_W50_MC) type[cov], weight[1.00] from 48 to 49 dist[1.33]
Adding bndlst edge: (A_W50_MC -> A_P51_MC) type[cov], weight[1.00] from 49 to 50 dist[1.35]
Adding bndlst edge: (A_W50_SC -> A_L56_MC) type[hb], weight[1.03] from 49 to 55 dist[1.97]
Adding bndlst edge: (A_P51_MC -> A_D52_MC) type[cov], weight[1.00] from 50 to 51 dist[1.33]
Adding bndlst edge: (A_D52_MC -> A_Y53_MC) type[cov], weight[1.00] from 51 to 52 dist[1.33]
Adding bndlst edge: (A_Y53_MC -> A_A54_MC) type[cov], weight[1.00] from 52 to 53 dist[1.34]
Adding bndlst edge: (A_A54_MC -> A_H55_MC) type[cov], weight[1.00] from 53 to 54 dist[1.33]
Adding bndlst edge: (A_A54_MC -> A_H55_SC) type[hb], weight[0.60] from 53 to 54 dist[2.58]
Adding bndlst edge: (A_H55_MC -> A_L56_MC) type[cov], weight[1.00] from 54 to 55 dist[1.33]
Adding bndlst edge: (A_H55_SC -> A_W87_MC) type[hb], weight[0.66] from 54 to 86 dist[2.46]
Adding bndlst edge: (A_L56_MC -> A_T57_MC) type[cov], weight[1.00] from 55 to 56 dist[1.33]
Adding bndlst edge: (A_T57_MC -> A_P58_MC) type[cov], weight[1.00] from 56 to 57 dist[1.34]
Adding bndlst edge: (A_T57_MC -> A_L61_MC) type[hb], weight[0.63] from 56 to 60 dist[2.52]
Adding bndlst edge: (A_P58_MC -> A_R59_MC) type[cov], weight[1.00] from 57 to 58 dist[1.32]
Adding bndlst edge: (A_P58_MC -> A_L61_MC) type[hb], weight[0.66] from 57 to 60 dist[2.46]
Adding bndlst edge: (A_P58_MC -> A_A62_MC) type[hb], weight[0.78] from 57 to 61 dist[2.27]
Adding bndlst edge: (A_R59_MC -> A_E60_MC) type[cov], weight[1.00] from 58 to 59 dist[1.33]
Adding bndlst edge: (A_R59_MC -> A_L61_MC) type[hb], weight[0.47] from 58 to 60 dist[2.93]
Adding bndlst edge: (A_R59_MC -> A_S63_MC) type[hb], weight[1.11] from 58 to 62 dist[1.90]
Adding bndlst edge: (A_R59_MC -> A_A62_MC) type[hb], weight[0.94] from 58 to 61 dist[2.06]
Adding bndlst edge: (A_E60_MC -> A_L61_MC) type[cov], weight[1.00] from 59 to 60 dist[1.33]
Adding bndlst edge: (A_E60_MC -> A_A64_MC) type[hb], weight[0.88] from 59 to 63 dist[2.13]
Adding bndlst edge: (A_E60_MC -> A_S63_MC) type[hb], weight[0.46] from 59 to 62 dist[2.96]
Adding bndlst edge: (A_E60_SC -> A_R92_SC) type[salt], weight[0.42] from 59 to 91 dist[2.94]
Adding bndlst edge: (A_E60_SC -> A_R92_SC) type[salt], weight[0.42] from 59 to 91 dist[2.94]
Adding bndlst edge: (A_L61_MC -> A_A62_MC) type[cov], weight[1.00] from 60 to 61 dist[1.33]
Adding bndlst edge: (A_L61_MC -> A_A64_MC) type[hb], weight[0.98] from 60 to 63 dist[2.02]
Adding bndlst edge: (A_L61_MC -> A_G65_MC) type[hb], weight[0.58] from 60 to 64 dist[2.62]
Adding bndlst edge: (A_L61_MC -> A_L66_MC) type[hb], weight[1.08] from 60 to 65 dist[1.93]
Adding bndlst edge: (A_A62_MC -> A_S63_MC) type[cov], weight[1.00] from 61 to 62 dist[1.33]
Adding bndlst edge: (A_A62_MC -> A_A64_MC) type[hb], weight[0.49] from 61 to 63 dist[2.85]
Adding bndlst edge: (A_A62_MC -> A_G65_MC) type[cov], weight[1.00] from 61 to 64 dist[1.63]
Adding bndlst edge: (A_S63_MC -> A_A64_MC) type[cov], weight[1.00] from 62 to 63 dist[1.33]
Adding bndlst edge: (A_S63_SC -> A_R110_SC) type[hb], weight[0.55] from 62 to 109 dist[2.71]
Adding bndlst edge: (A_S63_SC -> A_R110_SC) type[hb], weight[0.55] from 62 to 109 dist[2.71]
Adding bndlst edge: (A_A64_MC -> A_G65_MC) type[cov], weight[1.00] from 63 to 64 dist[1.33]
Adding bndlst edge: (A_G65_MC -> A_L66_MC) type[cov], weight[1.00] from 64 to 65 dist[1.33]
Adding bndlst edge: (A_G65_MC -> A_F78_MC) type[hb], weight[0.62] from 64 to 77 dist[2.53]
Adding bndlst edge: (A_G65_MC -> A_C77_SC) type[hb], weight[0.46] from 64 to 76 dist[2.96]
Adding bndlst edge: (A_L66_MC -> A_Y67_MC) type[cov], weight[1.00] from 65 to 66 dist[1.33]
Adding bndlst edge: (A_Y67_MC -> A_Y68_MC) type[cov], weight[1.00] from 66 to 67 dist[1.33]
Adding bndlst edge: (A_Y67_MC -> A_Q76_MC) type[hb], weight[0.63] from 66 to 75 dist[2.52]
Adding bndlst edge: (A_Y67_SC -> A_F78_MC) type[hb], weight[0.44] from 66 to 77 dist[3.02]
Adding bndlst edge: (A_Y67_MC -> A_Q76_MC) type[hb], weight[1.34] from 66 to 75 dist[1.73]
Adding bndlst edge: (A_Y68_MC -> A_T69_MC) type[cov], weight[1.00] from 67 to 68 dist[1.33]
Adding bndlst edge: (A_Y68_SC -> A_G70_MC) type[hb], weight[0.59] from 67 to 69 dist[2.61]
Adding bndlst edge: (A_Y68_SC -> A_T69_MC) type[hb], weight[0.37] from 67 to 68 dist[3.30]
Adding bndlst edge: (A_Y68_SC -> A_G70_MC) type[hb], weight[0.56] from 67 to 69 dist[2.67]
Adding bndlst edge: (A_Y68_SC -> A_T69_MC) type[hb], weight[0.52] from 67 to 68 dist[2.78]
Adding bndlst edge: (A_Y68_SC -> A_G70_MC) type[hb], weight[0.51] from 67 to 69 dist[2.81]
Adding bndlst edge: (A_Y68_SC -> A_I71_MC) type[hb], weight[0.45] from 67 to 70 dist[2.98]
Adding bndlst edge: (A_Y68_SC -> A_G70_MC) type[hb], weight[0.46] from 67 to 69 dist[2.94]
Adding bndlst edge: (A_Y68_SC -> A_G70_MC) type[hb], weight[0.42] from 67 to 69 dist[3.07]
Adding bndlst edge: (A_Y68_SC -> A_G70_MC) type[hb], weight[0.41] from 67 to 69 dist[3.13]
Adding bndlst edge: (A_Y68_SC -> A_G72_MC) type[hb], weight[0.53] from 67 to 71 dist[2.75]
Adding bndlst edge: (A_T69_MC -> A_G70_MC) type[cov], weight[1.00] from 68 to 69 dist[1.33]
Adding bndlst edge: (A_T69_MC -> A_I71_MC) type[hb], weight[0.50] from 68 to 70 dist[2.82]
Adding bndlst edge: (A_G70_MC -> A_I71_MC) type[cov], weight[1.00] from 69 to 70 dist[1.33]
Adding bndlst edge: (A_G70_MC -> A_G72_MC) type[hb], weight[0.67] from 69 to 71 dist[2.45]
Adding bndlst edge: (A_I71_MC -> A_G72_MC) type[cov], weight[1.00] from 70 to 71 dist[1.33]
Adding bndlst edge: (A_I71_MC -> A_Q74_MC) type[hb], weight[1.06] from 70 to 73 dist[1.94]
Adding bndlst edge: (A_G72_MC -> A_D73_MC) type[cov], weight[1.00] from 71 to 72 dist[1.33]
Adding bndlst edge: (A_G72_MC -> A_Q74_MC) type[hb], weight[0.47] from 71 to 73 dist[2.91]
Adding bndlst edge: (A_D73_MC -> A_Q74_MC) type[cov], weight[1.00] from 72 to 73 dist[1.33]
Adding bndlst edge: (A_Q74_MC -> A_V75_MC) type[cov], weight[1.00] from 73 to 74 dist[1.33]
Adding bndlst edge: (A_Q74_SC -> A_K83_SC) type[hb], weight[0.61] from 73 to 82 dist[2.57]
Adding bndlst edge: (A_Q74_SC -> A_K83_SC) type[hb], weight[0.47] from 73 to 82 dist[2.92]
Adding bndlst edge: (A_V75_MC -> A_Q76_MC) type[cov], weight[1.00] from 74 to 75 dist[1.33]
Adding bndlst edge: (A_V75_MC -> A_L84_MC) type[hb], weight[1.10] from 74 to 83 dist[1.91]
Adding bndlst edge: (A_V75_MC -> A_W87_SC) type[hb], weight[0.47] from 74 to 86 dist[2.91]
Adding bndlst edge: (A_V75_MC -> A_L84_MC) type[hb], weight[0.66] from 74 to 83 dist[2.47]
Adding bndlst edge: (A_Q76_MC -> A_C77_MC) type[cov], weight[1.00] from 75 to 76 dist[1.32]
Adding bndlst edge: (A_C77_MC -> A_F78_MC) type[cov], weight[1.00] from 76 to 77 dist[1.33]
Adding bndlst edge: (A_C77_MC -> A_G82_MC) type[hb], weight[0.63] from 76 to 81 dist[2.53]
Adding bndlst edge: (A_C77_MC -> A_G81_MC) type[hb], weight[0.70] from 76 to 80 dist[2.39]
Adding bndlst edge: (A_C77_SC -> A_H97_SC) type[hb], weight[0.57] from 76 to 96 dist[2.65]
Adding bndlst edge: (A_C77_SC -> A_A79_MC) type[hb], weight[0.58] from 76 to 78 dist[2.63]
Adding bndlst edge: (A_C77_SC -> A_C104_SC) type[hb], weight[0.79] from 76 to 103 dist[2.26]
Adding bndlst edge: (A_C77_SC -> A_C80_SC) type[hb], weight[0.85] from 76 to 79 dist[2.17]
Adding bndlst edge: (A_C77_SC -> A_C80_MC) type[hb], weight[0.57] from 76 to 79 dist[2.66]
Adding bndlst edge: (A_C77_SC -> A_G81_MC) type[hb], weight[0.35] from 76 to 80 dist[3.37]
Adding bndlst edge: (A_C77_MC -> A_G82_MC) type[hb], weight[1.22] from 76 to 81 dist[1.81]
Adding bndlst edge: (A_C77_SC -> A_H97_SC) type[hb], weight[0.45] from 76 to 96 dist[2.99]
Adding bndlst edge: (A_C77_SC -> A_C104_SC) type[hb], weight[0.39] from 76 to 103 dist[3.19]
Adding bndlst edge: (A_F78_MC -> A_A79_MC) type[cov], weight[1.00] from 77 to 78 dist[1.33]
Adding bndlst edge: (A_F78_SC -> A_A79_MC) type[hb], weight[0.36] from 77 to 78 dist[3.33]
Adding bndlst edge: (A_F78_SC -> A_A79_MC) type[hb], weight[0.37] from 77 to 78 dist[3.30]
Adding bndlst edge: (A_A79_MC -> A_C80_MC) type[cov], weight[1.00] from 78 to 79 dist[1.33]
Adding bndlst edge: (A_C80_MC -> A_G81_MC) type[cov], weight[1.00] from 79 to 80 dist[1.33]
Adding bndlst edge: (A_C80_SC -> A_C104_SC) type[hb], weight[0.62] from 79 to 103 dist[2.54]
Adding bndlst edge: (A_C80_SC -> A_G81_MC) type[hb], weight[0.44] from 79 to 80 dist[3.01]
Adding bndlst edge: (A_C80_SC -> A_C104_SC) type[hb], weight[0.39] from 79 to 103 dist[3.22]
Adding bndlst edge: (A_G81_MC -> A_G82_MC) type[cov], weight[1.00] from 80 to 81 dist[1.32]
Adding bndlst edge: (A_G82_MC -> A_K83_MC) type[cov], weight[1.00] from 81 to 82 dist[1.33]
Adding bndlst edge: (A_K83_MC -> A_L84_MC) type[cov], weight[1.00] from 82 to 83 dist[1.33]
Adding bndlst edge: (A_L84_MC -> A_K85_MC) type[cov], weight[1.00] from 83 to 84 dist[1.33]
Adding bndlst edge: (A_L84_MC -> A_W87_SC) type[hb], weight[1.08] from 83 to 86 dist[1.93]
Adding bndlst edge: (A_K85_MC -> A_N86_MC) type[cov], weight[1.00] from 84 to 85 dist[1.33]
Adding bndlst edge: (A_N86_MC -> A_W87_MC) type[cov], weight[1.00] from 85 to 86 dist[1.33]
Adding bndlst edge: (A_W87_MC -> A_E88_MC) type[cov], weight[1.00] from 86 to 87 dist[1.33]
Adding bndlst edge: (A_E88_MC -> A_P89_MC) type[cov], weight[1.00] from 87 to 88 dist[1.34]
Adding bndlst edge: (A_E88_MC -> A_D91_MC) type[hb], weight[0.68] from 87 to 90 dist[2.42]
Adding bndlst edge: (A_P89_MC -> A_G90_MC) type[cov], weight[1.00] from 88 to 89 dist[1.33]
Adding bndlst edge: (A_G90_MC -> A_D91_MC) type[cov], weight[1.00] from 89 to 90 dist[1.33]
Adding bndlst edge: (A_G90_MC -> A_R92_MC) type[hb], weight[0.57] from 89 to 91 dist[2.66]
Adding bndlst edge: (A_D91_MC -> A_R92_MC) type[cov], weight[1.00] from 90 to 91 dist[1.33]
Adding bndlst edge: (A_D91_SC -> A_R99_SC) type[salt], weight[0.49] from 90 to 98 dist[2.72]
Adding bndlst edge: (A_D91_SC -> A_R99_SC) type[salt], weight[0.61] from 90 to 98 dist[2.44]
Adding bndlst edge: (A_D91_SC -> A_R99_SC) type[salt], weight[0.49] from 90 to 98 dist[2.73]
Adding bndlst edge: (A_D91_SC -> A_R99_SC) type[salt], weight[0.61] from 90 to 98 dist[2.44]
Adding bndlst edge: (A_R92_MC -> A_A93_MC) type[cov], weight[1.00] from 91 to 92 dist[1.34]
Adding bndlst edge: (A_R92_MC -> A_E96_MC) type[hb], weight[0.77] from 91 to 95 dist[2.28]
Adding bndlst edge: (A_R92_MC -> A_S95_MC) type[hb], weight[0.78] from 91 to 94 dist[2.27]
Adding bndlst edge: (A_R92_SC -> A_W94_SC) type[hb], weight[0.42] from 91 to 93 dist[3.10]
Adding bndlst edge: (A_R92_SC -> A_W94_SC) type[hb], weight[0.42] from 91 to 93 dist[3.10]
Adding bndlst edge: (A_A93_MC -> A_W94_MC) type[cov], weight[1.00] from 92 to 93 dist[1.33]
Adding bndlst edge: (A_A93_MC -> A_E96_MC) type[hb], weight[0.48] from 92 to 95 dist[2.89]
Adding bndlst edge: (A_W94_MC -> A_S95_MC) type[cov], weight[1.00] from 93 to 94 dist[1.33]
Adding bndlst edge: (A_W94_MC -> A_R98_MC) type[hb], weight[0.96] from 93 to 97 dist[2.04]
Adding bndlst edge: (A_W94_MC -> A_H97_MC) type[hb], weight[0.92] from 93 to 96 dist[2.09]
Adding bndlst edge: (A_W94_SC -> A_S95_MC) type[hb], weight[0.36] from 93 to 94 dist[3.34]
Adding bndlst edge: (A_W94_SC -> A_R110_SC) type[hb], weight[0.39] from 93 to 109 dist[3.19]
Adding bndlst edge: (A_W94_SC -> A_R110_SC) type[hb], weight[0.39] from 93 to 109 dist[3.19]
Adding bndlst edge: (A_W94_SC -> A_R98_SC) type[hb], weight[0.52] from 93 to 97 dist[2.78]
Adding bndlst edge: (A_W94_SC -> A_R98_SC) type[hb], weight[0.52] from 93 to 97 dist[2.77]
Adding bndlst edge: (A_W94_SC -> A_R110_SC) type[hb], weight[0.39] from 93 to 109 dist[3.20]
Adding bndlst edge: (A_W94_SC -> A_R110_SC) type[hb], weight[0.44] from 93 to 109 dist[3.00]
Adding bndlst edge: (A_W94_SC -> A_R110_SC) type[hb], weight[0.39] from 93 to 109 dist[3.20]
Adding bndlst edge: (A_W94_SC -> A_R110_SC) type[hb], weight[0.44] from 93 to 109 dist[3.00]
Adding bndlst edge: (A_W94_SC -> A_R98_SC) type[hb], weight[0.39] from 93 to 97 dist[3.20]
Adding bndlst edge: (A_W94_SC -> A_R98_SC) type[hb], weight[0.60] from 93 to 97 dist[2.59]
Adding bndlst edge: (A_W94_SC -> A_R98_SC) type[hb], weight[0.39] from 93 to 97 dist[3.20]
Adding bndlst edge: (A_W94_SC -> A_R98_SC) type[hb], weight[0.60] from 93 to 97 dist[2.58]
Adding bndlst edge: (A_W94_SC -> A_R98_SC) type[hb], weight[0.36] from 93 to 97 dist[3.32]
Adding bndlst edge: (A_W94_SC -> A_R98_SC) type[hb], weight[0.38] from 93 to 97 dist[3.25]
Adding bndlst edge: (A_W94_SC -> A_R98_SC) type[hb], weight[0.36] from 93 to 97 dist[3.33]
Adding bndlst edge: (A_W94_SC -> A_R98_SC) type[hb], weight[0.38] from 93 to 97 dist[3.24]
Adding bndlst edge: (A_W94_SC -> A_R110_SC) type[hb], weight[0.40] from 93 to 109 dist[3.14]
Adding bndlst edge: (A_W94_SC -> A_R110_SC) type[hb], weight[0.41] from 93 to 109 dist[3.14]
Adding bndlst edge: (A_S95_MC -> A_E96_MC) type[cov], weight[1.00] from 94 to 95 dist[1.33]
Adding bndlst edge: (A_S95_MC -> A_R99_MC) type[hb], weight[0.59] from 94 to 98 dist[2.60]
Adding bndlst edge: (A_E96_MC -> A_H97_MC) type[cov], weight[1.00] from 95 to 96 dist[1.33]
Adding bndlst edge: (A_E96_MC -> A_H100_MC) type[hb], weight[0.91] from 95 to 99 dist[2.10]
Adding bndlst edge: (A_E96_MC -> A_R99_MC) type[hb], weight[0.48] from 95 to 98 dist[2.90]
Adding bndlst edge: (A_H97_MC -> A_R98_MC) type[cov], weight[1.00] from 96 to 97 dist[1.33]
Adding bndlst edge: (A_H97_MC -> A_F101_MC) type[hb], weight[1.03] from 96 to 100 dist[1.97]
Adding bndlst edge: (A_H97_SC -> A_C104_SC) type[hb], weight[0.50] from 96 to 103 dist[2.84]
Adding bndlst edge: (A_H97_SC -> A_C104_SC) type[hb], weight[0.47] from 96 to 103 dist[2.92]
Adding bndlst edge: (A_H97_SC -> A_C104_SC) type[hb], weight[0.57] from 96 to 103 dist[2.64]
Adding bndlst edge: (A_R98_MC -> A_R99_MC) type[cov], weight[1.00] from 97 to 98 dist[1.33]
Adding bndlst edge: (A_R98_MC -> A_F101_MC) type[hb], weight[0.57] from 97 to 100 dist[2.66]
Adding bndlst edge: (A_R99_MC -> A_H100_MC) type[cov], weight[1.00] from 98 to 99 dist[1.33]
Adding bndlst edge: (A_H100_MC -> A_F101_MC) type[cov], weight[1.00] from 99 to 100 dist[1.33]
Adding bndlst edge: (A_F101_MC -> A_P102_MC) type[cov], weight[1.00] from 100 to 101 dist[1.34]
Adding bndlst edge: (A_F101_MC -> A_C104_MC) type[hb], weight[0.46] from 100 to 103 dist[2.95]
Adding bndlst edge: (A_F101_MC -> A_N103_MC) type[hb], weight[0.50] from 100 to 102 dist[2.82]
Adding bndlst edge: (A_P102_MC -> A_N103_MC) type[cov], weight[1.00] from 101 to 102 dist[1.33]
Adding bndlst edge: (A_P102_MC -> A_C104_MC) type[hb], weight[0.54] from 101 to 103 dist[2.73]
Adding bndlst edge: (A_N103_MC -> A_C104_MC) type[cov], weight[1.00] from 102 to 103 dist[1.33]
Adding bndlst edge: (A_C104_MC -> A_F105_MC) type[cov], weight[1.00] from 103 to 104 dist[1.33]
Adding bndlst edge: (A_C104_MC -> A_L108_MC) type[hb], weight[0.62] from 103 to 107 dist[2.54]
Adding bndlst edge: (A_C104_MC -> A_V107_MC) type[hb], weight[0.59] from 103 to 106 dist[2.61]
Adding bndlst edge: (A_C104_MC -> A_F106_MC) type[hb], weight[0.49] from 103 to 105 dist[2.87]
Adding bndlst edge: (A_C104_SC -> A_V107_MC) type[hb], weight[0.47] from 103 to 106 dist[2.91]
Adding bndlst edge: (A_C104_SC -> A_F106_MC) type[hb], weight[0.53] from 103 to 105 dist[2.76]
Adding bndlst edge: (A_F105_MC -> A_F106_MC) type[cov], weight[1.00] from 104 to 105 dist[1.33]
Adding bndlst edge: (A_F105_SC -> A_F106_MC) type[hb], weight[0.37] from 104 to 105 dist[3.31]
Adding bndlst edge: (A_F106_MC -> A_V107_MC) type[cov], weight[1.00] from 105 to 106 dist[1.32]
Adding bndlst edge: (A_F106_MC -> A_R110_MC) type[hb], weight[0.98] from 105 to 109 dist[2.02]
Adding bndlst edge: (A_F106_SC -> A_N111_SC) type[hb], weight[0.46] from 105 to 110 dist[2.94]
Adding bndlst edge: (A_F106_SC -> A_N111_SC) type[hb], weight[0.60] from 105 to 110 dist[2.58]
Adding bndlst edge: (A_F106_SC -> A_N111_SC) type[hb], weight[0.41] from 105 to 110 dist[3.10]
Adding bndlst edge: (A_F106_SC -> A_N111_SC) type[hb], weight[0.41] from 105 to 110 dist[3.13]
Adding bndlst edge: (A_V107_MC -> A_L108_MC) type[cov], weight[1.00] from 106 to 107 dist[1.33]
Adding bndlst edge: (A_V107_MC -> A_R110_MC) type[hb], weight[0.52] from 106 to 109 dist[2.78]
Adding bndlst edge: (A_L108_MC -> A_G109_MC) type[cov], weight[1.00] from 107 to 108 dist[1.33]
Adding bndlst edge: (A_L108_MC -> A_R110_MC) type[hb], weight[0.54] from 107 to 109 dist[2.73]
Adding bndlst edge: (A_G109_MC -> A_R110_MC) type[cov], weight[1.00] from 108 to 109 dist[1.33]
Adding bndlst edge: (A_G109_MC -> A_N111_MC) type[hb], weight[1.41] from 108 to 110 dist[1.69]
Adding bndlst edge: (A_R110_MC -> A_N111_MC) type[cov], weight[1.00] from 109 to 110 dist[1.34]
Adding bndlst edge: (A_R110_MC -> A_N111_SC) type[hb], weight[1.23] from 109 to 110 dist[1.80]
Adding bndlst edge: (A_N111_MC -> A_L112_MC) type[cov], weight[1.00] from 110 to 111 dist[1.33]
Adding bndlst edge: (A_L112_MC -> A_N113_MC) type[cov], weight[1.00] from 111 to 112 dist[1.33]
Adding bndlst edge: (A_N113_MC -> A_I114_MC) type[cov], weight[1.00] from 112 to 113 dist[1.34]
Adding bndlst edge: (A_N113_MC -> A_R115_MC) type[hb], weight[0.59] from 112 to 114 dist[2.60]
Adding bndlst edge: (A_I114_MC -> A_R115_MC) type[cov], weight[1.00] from 113 to 114 dist[1.33]
Adding bndlst edge: (A_I114_MC -> A_S116_SC) type[hb], weight[0.52] from 113 to 115 dist[2.78]
Adding bndlst edge: (A_R115_MC -> A_S116_MC) type[cov], weight[1.00] from 114 to 115 dist[1.33]
Adding bndlst edge: (A_R115_MC -> A_E117_MC) type[hb], weight[1.15] from 114 to 116 dist[1.86]
Adding bndlst edge: (A_R115_MC -> A_S116_SC) type[hb], weight[0.60] from 114 to 115 dist[2.57]
Adding bndlst edge: (A_R115_SC -> A_E117_SC) type[salt], weight[0.42] from 114 to 116 dist[2.95]
Adding bndlst edge: (A_R115_SC -> A_E117_SC) type[salt], weight[0.45] from 114 to 116 dist[2.82]
Adding bndlst edge: (A_R115_SC -> A_E117_SC) type[salt], weight[0.42] from 114 to 116 dist[2.95]
Adding bndlst edge: (A_R115_SC -> A_E117_SC) type[salt], weight[0.45] from 114 to 116 dist[2.83]
Adding bndlst edge: (A_S116_MC -> A_E117_MC) type[cov], weight[1.00] from 115 to 116 dist[1.33]

bndlst DONE

Producing PAJEK network
printing pajek edge (A_34_ASN,A_36_ALA)
printing pajek edge (A_34_ASN,A_78_PHE)
printing pajek edge (A_34_ASN,A_35_PRO)
printing pajek edge (A_34_ASN,A_37_MET)
printing pajek edge (A_34_ASN,A_67_TYR)
printing pajek edge (A_33_ARG,A_34_ASN)
printing pajek edge (A_33_ARG,A_78_PHE)
printing pajek edge (A_33_ARG,A_79_ALA)
printing pajek edge (A_91_ASP,A_99_ARG)
printing pajek edge (A_91_ASP,A_92_ARG)
printing pajek edge (A_64_ALA,A_65_GLY)
printing pajek edge (A_22_GLN,A_23_VAL)
printing pajek edge (A_72_GLY,A_73_ASP)
printing pajek edge (A_72_GLY,A_74_GLN)
printing pajek edge (A_103_ASN,A_104_CYS)
printing pajek edge (A_8_ARG,A_9_PRO)
printing pajek edge (A_81_GLY,A_82_GLY)
printing pajek edge (A_27_SER,A_28_ASP)
printing pajek edge (A_100_HIS,A_101_PHE)
printing pajek edge (A_19_ARG,A_20_THR)
printing pajek edge (A_73_ASP,A_74_GLN)
printing pajek edge (A_17_LEU,A_19_ARG)
printing pajek edge (A_17_LEU,A_22_GLN)
printing pajek edge (A_17_LEU,A_20_THR)
printing pajek edge (A_17_LEU,A_18_LEU)
printing pajek edge (A_17_LEU,A_21_GLY)
printing pajek edge (A_45_LYS,A_46_SER)
printing pajek edge (A_45_LYS,A_48_GLN)
printing pajek edge (A_56_LEU,A_57_THR)
printing pajek edge (A_85_LYS,A_86_ASN)
printing pajek edge (A_75_VAL,A_84_LEU)
printing pajek edge (A_75_VAL,A_76_GLN)
printing pajek edge (A_75_VAL,A_87_TRP)
printing pajek edge (A_28_ASP,A_29_THR)
printing pajek edge (A_96_GLU,A_99_ARG)
printing pajek edge (A_96_GLU,A_100_HIS)
printing pajek edge (A_96_GLU,A_97_HIS)
printing pajek edge (A_58_PRO,A_61_LEU)
printing pajek edge (A_58_PRO,A_62_ALA)
printing pajek edge (A_58_PRO,A_59_ARG)
printing pajek edge (A_62_ALA,A_64_ALA)
printing pajek edge (A_62_ALA,A_65_GLY)
printing pajek edge (A_62_ALA,A_63_SER)
printing pajek edge (A_109_GLY,A_110_ARG)
printing pajek edge (A_109_GLY,A_111_ASN)
printing pajek edge (A_116_SER,A_117_GLU)
printing pajek edge (A_21_GLY,A_22_GLN)
printing pajek edge (A_110_ARG,A_111_ASN)
printing pajek edge (A_110_ARG,A_111_ASN)
printing pajek edge (A_93_ALA,A_94_TRP)
printing pajek edge (A_93_ALA,A_96_GLU)
printing pajek edge (A_104_CYS,A_105_PHE)
printing pajek edge (A_104_CYS,A_107_VAL)
printing pajek edge (A_104_CYS,A_106_PHE)
printing pajek edge (A_104_CYS,A_108_LEU)
printing pajek edge (A_90_GLY,A_91_ASP)
printing pajek edge (A_90_GLY,A_92_ARG)
printing pajek edge (A_11_GLU,A_12_THR)
printing pajek edge (A_11_GLU,A_16_TYR)
printing pajek edge (A_32_PRO,A_34_ASN)
printing pajek edge (A_32_PRO,A_33_ARG)
printing pajek edge (A_114_ILE,A_115_ARG)
printing pajek edge (A_114_ILE,A_116_SER)
printing pajek edge (A_36_ALA,A_37_MET)
printing pajek edge (A_12_THR,A_13_HIS)
printing pajek edge (A_12_THR,A_13_HIS)
printing pajek edge (A_12_THR,A_16_TYR)
printing pajek edge (A_92_ARG,A_93_ALA)
printing pajek edge (A_92_ARG,A_94_TRP)
printing pajek edge (A_92_ARG,A_96_GLU)
printing pajek edge (A_92_ARG,A_95_SER)
printing pajek edge (A_79_ALA,A_80_CYS)
printing pajek edge (A_108_LEU,A_110_ARG)
printing pajek edge (A_108_LEU,A_109_GLY)
printing pajek edge (A_49_ASN,A_50_TRP)
printing pajek edge (A_88_GLU,A_91_ASP)
printing pajek edge (A_88_GLU,A_89_PRO)
printing pajek edge (A_94_TRP,A_110_ARG)
printing pajek edge (A_94_TRP,A_98_ARG)
printing pajek edge (A_94_TRP,A_95_SER)
printing pajek edge (A_94_TRP,A_95_SER)
printing pajek edge (A_94_TRP,A_97_HIS)
printing pajek edge (A_78_PHE,A_79_ALA)
printing pajek edge (A_78_PHE,A_79_ALA)
printing pajek edge (A_107_VAL,A_110_ARG)
printing pajek edge (A_107_VAL,A_108_LEU)
printing pajek edge (A_66_LEU,A_67_TYR)
printing pajek edge (A_30_ILE,A_31_TYR)
printing pajek edge (A_51_PRO,A_52_ASP)
printing pajek edge (A_40_GLU,A_43_ARG)
printing pajek edge (A_40_GLU,A_41_GLU)
printing pajek edge (A_40_GLU,A_44_LEU)
printing pajek edge (A_40_GLU,A_63_SER)
printing pajek edge (A_65_GLY,A_78_PHE)
printing pajek edge (A_65_GLY,A_77_CYS)
printing pajek edge (A_65_GLY,A_66_LEU)
printing pajek edge (A_98_ARG,A_99_ARG)
printing pajek edge (A_98_ARG,A_101_PHE)
printing pajek edge (A_115_ARG,A_117_GLU)
printing pajek edge (A_115_ARG,A_117_GLU)
printing pajek edge (A_115_ARG,A_116_SER)
printing pajek edge (A_115_ARG,A_116_SER)
printing pajek edge (A_59_ARG,A_60_GLU)
printing pajek edge (A_59_ARG,A_61_LEU)
printing pajek edge (A_59_ARG,A_62_ALA)
printing pajek edge (A_59_ARG,A_63_SER)
printing pajek edge (A_42_ALA,A_43_ARG)
printing pajek edge (A_42_ALA,A_46_SER)
printing pajek edge (A_42_ALA,A_45_LYS)
printing pajek edge (A_13_HIS,A_17_LEU)
printing pajek edge (A_13_HIS,A_14_ALA)
printing pajek edge (A_13_HIS,A_16_TYR)
printing pajek edge (A_16_TYR,A_19_ARG)
printing pajek edge (A_16_TYR,A_17_LEU)
printing pajek edge (A_82_GLY,A_83_LYS)
printing pajek edge (A_53_TYR,A_54_ALA)
printing pajek edge (A_61_LEU,A_64_ALA)
printing pajek edge (A_61_LEU,A_65_GLY)
printing pajek edge (A_61_LEU,A_62_ALA)
printing pajek edge (A_61_LEU,A_66_LEU)
printing pajek edge (A_57_THR,A_61_LEU)
printing pajek edge (A_57_THR,A_58_PRO)
printing pajek edge (A_102_PRO,A_104_CYS)
printing pajek edge (A_102_PRO,A_103_ASN)
printing pajek edge (A_74_GLN,A_75_VAL)
printing pajek edge (A_74_GLN,A_83_LYS)
printing pajek edge (A_67_TYR,A_68_TYR)
printing pajek edge (A_67_TYR,A_78_PHE)
printing pajek edge (A_67_TYR,A_76_GLN)
printing pajek edge (A_46_SER,A_68_TYR)
printing pajek edge (A_46_SER,A_47_PHE)
printing pajek edge (A_46_SER,A_47_PHE)
printing pajek edge (A_46_SER,A_48_GLN)
printing pajek edge (A_87_TRP,A_88_GLU)
printing pajek edge (A_77_CYS,A_82_GLY)
printing pajek edge (A_77_CYS,A_104_CYS)
printing pajek edge (A_77_CYS,A_78_PHE)
printing pajek edge (A_77_CYS,A_81_GLY)
printing pajek edge (A_77_CYS,A_79_ALA)
printing pajek edge (A_77_CYS,A_97_HIS)
printing pajek edge (A_77_CYS,A_80_CYS)
printing pajek edge (A_20_THR,A_21_GLY)
printing pajek edge (A_63_SER,A_110_ARG)
printing pajek edge (A_63_SER,A_64_ALA)
printing pajek edge (A_55_HIS,A_87_TRP)
printing pajek edge (A_55_HIS,A_56_LEU)
printing pajek edge (A_68_TYR,A_70_GLY)
printing pajek edge (A_68_TYR,A_72_GLY)
printing pajek edge (A_68_TYR,A_71_ILE)
printing pajek edge (A_68_TYR,A_69_THR)
printing pajek edge (A_68_TYR,A_69_THR)
printing pajek edge (A_71_ILE,A_72_GLY)
printing pajek edge (A_71_ILE,A_74_GLN)
printing pajek edge (A_69_THR,A_70_GLY)
printing pajek edge (A_69_THR,A_71_ILE)
printing pajek edge (A_3_HIS,A_7_ASP)
printing pajek edge (A_3_HIS,A_5_ALA)
printing pajek edge (A_3_HIS,A_4_PHE)
printing pajek edge (A_3_HIS,A_4_PHE)
printing pajek edge (A_3_HIS,A_6_LEU)
printing pajek edge (A_18_LEU,A_22_GLN)
printing pajek edge (A_18_LEU,A_19_ARG)
printing pajek edge (A_2_ASP,A_5_ALA)
printing pajek edge (A_2_ASP,A_3_HIS)
printing pajek edge (A_89_PRO,A_90_GLY)
printing pajek edge (A_31_TYR,A_32_PRO)
printing pajek edge (A_101_PHE,A_104_CYS)
printing pajek edge (A_101_PHE,A_103_ASN)
printing pajek edge (A_101_PHE,A_102_PRO)
printing pajek edge (A_111_ASN,A_112_LEU)
printing pajek edge (A_83_LYS,A_84_LEU)
printing pajek edge (A_26_ILE,A_27_SER)
printing pajek edge (A_29_THR,A_30_ILE)
printing pajek edge (A_84_LEU,A_85_LYS)
printing pajek edge (A_84_LEU,A_87_TRP)
printing pajek edge (A_76_GLN,A_77_CYS)
printing pajek edge (A_41_GLU,A_44_LEU)
printing pajek edge (A_41_GLU,A_45_LYS)
printing pajek edge (A_41_GLU,A_42_ALA)
printing pajek edge (A_15_ASP,A_16_TYR)
printing pajek edge (A_113_ASN,A_115_ARG)
printing pajek edge (A_113_ASN,A_114_ILE)
printing pajek edge (A_70_GLY,A_72_GLY)
printing pajek edge (A_70_GLY,A_71_ILE)
printing pajek edge (A_60_GLU,A_61_LEU)
printing pajek edge (A_60_GLU,A_64_ALA)
printing pajek edge (A_60_GLU,A_92_ARG)
printing pajek edge (A_60_GLU,A_63_SER)
printing pajek edge (A_50_TRP,A_51_PRO)
printing pajek edge (A_50_TRP,A_56_LEU)
printing pajek edge (A_25_ASP,A_26_ILE)
printing pajek edge (A_105_PHE,A_106_PHE)
printing pajek edge (A_105_PHE,A_106_PHE)
printing pajek edge (A_54_ALA,A_55_HIS)
printing pajek edge (A_54_ALA,A_55_HIS)
printing pajek edge (A_80_CYS,A_104_CYS)
printing pajek edge (A_80_CYS,A_81_GLY)
printing pajek edge (A_80_CYS,A_81_GLY)
printing pajek edge (A_23_VAL,A_25_ASP)
printing pajek edge (A_23_VAL,A_24_VAL)
printing pajek edge (A_43_ARG,A_78_PHE)
printing pajek edge (A_43_ARG,A_47_PHE)
printing pajek edge (A_43_ARG,A_62_ALA)
printing pajek edge (A_43_ARG,A_46_SER)
printing pajek edge (A_43_ARG,A_44_LEU)
printing pajek edge (A_43_ARG,A_106_PHE)
printing pajek edge (A_1_ARG,A_2_ASP)
printing pajek edge (A_1_ARG,A_3_HIS)
printing pajek edge (A_47_PHE,A_50_TRP)
printing pajek edge (A_47_PHE,A_62_ALA)
printing pajek edge (A_47_PHE,A_49_ASN)
printing pajek edge (A_47_PHE,A_48_GLN)
printing pajek edge (A_24_VAL,A_25_ASP)
printing pajek edge (A_14_ALA,A_17_LEU)
printing pajek edge (A_14_ALA,A_18_LEU)
printing pajek edge (A_14_ALA,A_16_TYR)
printing pajek edge (A_14_ALA,A_15_ASP)
printing pajek edge (A_106_PHE,A_110_ARG)
printing pajek edge (A_106_PHE,A_107_VAL)
printing pajek edge (A_106_PHE,A_111_ASN)
printing pajek edge (A_97_HIS,A_104_CYS)
printing pajek edge (A_97_HIS,A_98_ARG)
printing pajek edge (A_97_HIS,A_101_PHE)
printing pajek edge (A_7_ASP,A_8_ARG)
printing pajek edge (A_86_ASN,A_87_TRP)
printing pajek edge (A_4_PHE,A_5_ALA)
printing pajek edge (A_4_PHE,A_6_LEU)
printing pajek edge (A_37_MET,A_43_ARG)
printing pajek edge (A_37_MET,A_43_ARG)
printing pajek edge (A_37_MET,A_38_TYR)
printing pajek edge (A_95_SER,A_99_ARG)
printing pajek edge (A_95_SER,A_96_GLU)
printing pajek edge (A_112_LEU,A_113_ASN)
printing pajek edge (A_10_SER,A_11_GLU)
printing pajek edge (A_52_ASP,A_53_TYR)
printing pajek edge (A_48_GLN,A_49_ASN)
printing pajek edge (A_9_PRO,A_11_GLU)
printing pajek edge (A_9_PRO,A_10_SER)
printing pajek edge (A_9_PRO,A_16_TYR)
printing pajek edge (A_39_SER,A_43_ARG)
printing pajek edge (A_39_SER,A_40_GLU)
printing pajek edge (A_39_SER,A_42_ALA)
printing pajek edge (A_99_ARG,A_100_HIS)
printing pajek edge (A_5_ALA,A_6_LEU)
printing pajek edge (A_35_PRO,A_36_ALA)
printing pajek edge (A_35_PRO,A_37_MET)
printing pajek edge (A_35_PRO,A_38_TYR)
printing pajek edge (A_38_TYR,A_43_ARG)
printing pajek edge (A_38_TYR,A_39_SER)
printing pajek edge (A_38_TYR,A_39_SER)
printing pajek edge (A_44_LEU,A_47_PHE)
printing pajek edge (A_44_LEU,A_45_LYS)
printing pajek edge (A_6_LEU,A_7_ASP)
