Graph START

Adding vertex (chain-A, position-1, res-GLY)
New vertex id: 0
1 2 3 4 5 6 7 
Adding vertex (chain-A, position-2, res-SER)
New vertex id: 1
8 9 10 11 12 13 14 15 16 17 18 
Adding vertex (chain-A, position-3, res-SER)
New vertex id: 2
19 20 21 22 23 24 25 26 27 28 29 
Adding vertex (chain-A, position-4, res-GLY)
New vertex id: 3
30 31 32 33 34 35 36 
Adding vertex (chain-A, position-5, res-SER)
New vertex id: 4
37 38 39 40 41 42 43 44 45 46 47 
Adding vertex (chain-A, position-6, res-SER)
New vertex id: 5
48 49 50 51 52 53 54 55 56 57 58 
Adding vertex (chain-A, position-7, res-GLY)
New vertex id: 6
59 60 61 62 63 64 65 
Adding vertex (chain-A, position-8, res-ASP)
New vertex id: 7
66 67 68 69 70 71 72 73 74 75 76 77 
Adding vertex (chain-A, position-9, res-TYR)
New vertex id: 8
78 79 80 81 82 83 84 85 86 87 88 89 90 91 92 93 94 95 96 97 98 
Adding vertex (chain-A, position-10, res-CYS)
New vertex id: 9
99 100 101 102 103 104 105 106 107 108 109 
Adding vertex (chain-A, position-11, res-LYS)
New vertex id: 10
110 111 112 113 114 115 116 117 118 119 120 121 122 123 124 125 126 127 128 129 130 131 
Adding vertex (chain-A, position-12, res-VAL)
New vertex id: 11
132 133 134 135 136 137 138 139 140 141 142 143 144 145 146 147 
Adding vertex (chain-A, position-13, res-ILE)
New vertex id: 12
148 149 150 151 152 153 154 155 156 157 158 159 160 161 162 163 164 165 166 
Adding vertex (chain-A, position-14, res-PHE)
New vertex id: 13
167 168 169 170 171 172 173 174 175 176 177 178 179 180 181 182 183 184 185 186 
Adding vertex (chain-A, position-15, res-PRO)
New vertex id: 14
187 188 189 190 191 192 193 194 195 196 197 198 199 200 
Adding vertex (chain-A, position-16, res-TYR)
New vertex id: 15
201 202 203 204 205 206 207 208 209 210 211 212 213 214 215 216 217 218 219 220 221 
Adding vertex (chain-A, position-17, res-GLU)
New vertex id: 16
222 223 224 225 226 227 228 229 230 231 232 233 234 235 236 
Adding vertex (chain-A, position-18, res-ALA)
New vertex id: 17
237 238 239 240 241 242 243 244 245 246 
Adding vertex (chain-A, position-19, res-GLN)
New vertex id: 18
247 248 249 250 251 252 253 254 255 256 257 258 259 260 261 262 263 
Adding vertex (chain-A, position-20, res-ASN)
New vertex id: 19
264 265 266 267 268 269 270 271 272 273 274 275 276 277 
Adding vertex (chain-A, position-21, res-ASP)
New vertex id: 20
278 279 280 281 282 283 284 285 286 287 288 289 
Adding vertex (chain-A, position-22, res-ASP)
New vertex id: 21
290 291 292 293 294 295 296 297 298 299 300 301 
Adding vertex (chain-A, position-23, res-GLU)
New vertex id: 22
302 303 304 305 306 307 308 309 310 311 312 313 314 315 316 
Adding vertex (chain-A, position-24, res-LEU)
New vertex id: 23
317 318 319 320 321 322 323 324 325 326 327 328 329 330 331 332 333 334 335 
Adding vertex (chain-A, position-25, res-THR)
New vertex id: 24
336 337 338 339 340 341 342 343 344 345 346 347 348 349 
Adding vertex (chain-A, position-26, res-ILE)
New vertex id: 25
350 351 352 353 354 355 356 357 358 359 360 361 362 363 364 365 366 367 368 
Adding vertex (chain-A, position-27, res-LYS)
New vertex id: 26
369 370 371 372 373 374 375 376 377 378 379 380 381 382 383 384 385 386 387 388 389 390 
Adding vertex (chain-A, position-28, res-GLU)
New vertex id: 27
391 392 393 394 395 396 397 398 399 400 401 402 403 404 405 
Adding vertex (chain-A, position-29, res-GLY)
New vertex id: 28
406 407 408 409 410 411 412 
Adding vertex (chain-A, position-30, res-ASP)
New vertex id: 29
413 414 415 416 417 418 419 420 421 422 423 424 
Adding vertex (chain-A, position-31, res-ILE)
New vertex id: 30
425 426 427 428 429 430 431 432 433 434 435 436 437 438 439 440 441 442 443 
Adding vertex (chain-A, position-32, res-VAL)
New vertex id: 31
444 445 446 447 448 449 450 451 452 453 454 455 456 457 458 459 
Adding vertex (chain-A, position-33, res-THR)
New vertex id: 32
460 461 462 463 464 465 466 467 468 469 470 471 472 473 
Adding vertex (chain-A, position-34, res-LEU)
New vertex id: 33
474 475 476 477 478 479 480 481 482 483 484 485 486 487 488 489 490 491 492 
Adding vertex (chain-A, position-35, res-ILE)
New vertex id: 34
493 494 495 496 497 498 499 500 501 502 503 504 505 506 507 508 509 510 511 
Adding vertex (chain-A, position-36, res-ASN)
New vertex id: 35
512 513 514 515 516 517 518 519 520 521 522 523 524 525 
Adding vertex (chain-A, position-37, res-LYS)
New vertex id: 36
526 527 528 529 530 531 532 533 534 535 536 537 538 539 540 541 542 543 544 545 546 547 
Adding vertex (chain-A, position-38, res-ASP)
New vertex id: 37
548 549 550 551 552 553 554 555 556 557 558 559 
Adding vertex (chain-A, position-39, res-CYS)
New vertex id: 38
560 561 562 563 564 565 566 567 568 569 570 
Adding vertex (chain-A, position-40, res-ILE)
New vertex id: 39
571 572 573 574 575 576 577 578 579 580 581 582 583 584 585 586 587 588 589 
Adding vertex (chain-A, position-41, res-ASP)
New vertex id: 40
590 591 592 593 594 595 596 597 598 599 600 601 
Adding vertex (chain-A, position-42, res-VAL)
New vertex id: 41
602 603 604 605 606 607 608 609 610 611 612 613 614 615 616 617 
Adding vertex (chain-A, position-43, res-GLY)
New vertex id: 42
618 619 620 621 622 623 624 
Adding vertex (chain-A, position-44, res-TRP)
New vertex id: 43
625 626 627 628 629 630 631 632 633 634 635 636 637 638 639 640 641 642 643 644 645 646 647 648 
Adding vertex (chain-A, position-45, res-TRP)
New vertex id: 44
649 650 651 652 653 654 655 656 657 658 659 660 661 662 663 664 665 666 667 668 669 670 671 672 
Adding vertex (chain-A, position-46, res-GLU)
New vertex id: 45
673 674 675 676 677 678 679 680 681 682 683 684 685 686 687 
Adding vertex (chain-A, position-47, res-GLY)
New vertex id: 46
688 689 690 691 692 693 694 
Adding vertex (chain-A, position-48, res-GLU)
New vertex id: 47
695 696 697 698 699 700 701 702 703 704 705 706 707 708 709 
Adding vertex (chain-A, position-49, res-LEU)
New vertex id: 48
710 711 712 713 714 715 716 717 718 719 720 721 722 723 724 725 726 727 728 
Adding vertex (chain-A, position-50, res-ASN)
New vertex id: 49
729 730 731 732 733 734 735 736 737 738 739 740 741 742 
Adding vertex (chain-A, position-51, res-GLY)
New vertex id: 50
743 744 745 746 747 748 749 
Adding vertex (chain-A, position-52, res-ARG)
New vertex id: 51
750 751 752 753 754 755 756 757 758 759 760 761 762 763 764 765 766 767 768 769 770 771 772 773 
Adding vertex (chain-A, position-53, res-ARG)
New vertex id: 52
774 775 776 777 778 779 780 781 782 783 784 785 786 787 788 789 790 791 792 793 794 795 796 797 
Adding vertex (chain-A, position-54, res-GLY)
New vertex id: 53
798 799 800 801 802 803 804 
Adding vertex (chain-A, position-55, res-VAL)
New vertex id: 54
805 806 807 808 809 810 811 812 813 814 815 816 817 818 819 820 
Adding vertex (chain-A, position-56, res-PHE)
New vertex id: 55
821 822 823 824 825 826 827 828 829 830 831 832 833 834 835 836 837 838 839 840 
Adding vertex (chain-A, position-57, res-PRO)
New vertex id: 56
841 842 843 844 845 846 847 848 849 850 851 852 853 854 
Adding vertex (chain-A, position-58, res-ASP)
New vertex id: 57
855 856 857 858 859 860 861 862 863 864 865 866 
Adding vertex (chain-A, position-59, res-ASN)
New vertex id: 58
867 868 869 870 871 872 873 874 875 876 877 878 879 880 
Adding vertex (chain-A, position-60, res-PHE)
New vertex id: 59
881 882 883 884 885 886 887 888 889 890 891 892 893 894 895 896 897 898 899 900 
Adding vertex (chain-A, position-61, res-VAL)
New vertex id: 60
901 902 903 904 905 906 907 908 909 910 911 912 913 914 915 916 
Adding vertex (chain-A, position-62, res-LYS)
New vertex id: 61
917 918 919 920 921 922 923 924 925 926 927 928 929 930 931 932 933 934 935 936 937 938 
Adding vertex (chain-A, position-63, res-LEU)
New vertex id: 62
939 940 941 942 943 944 945 946 947 948 949 950 951 952 953 954 955 956 957 
Adding vertex (chain-A, position-64, res-LEU)
New vertex id: 63
958 959 960 961 962 963 964 965 966 967 968 969 970 971 972 973 974 975 976 
Adding vertex (chain-A, position-65, res-SER)
New vertex id: 64
977 978 979 980 981 982 983 984 985 986 987 
Adding vertex (chain-A, position-66, res-GLY)
New vertex id: 65
988 989 990 991 992 993 994 
Adding vertex (chain-A, position-67, res-PRO)
New vertex id: 66
995 996 997 998 999 1000 1001 1002 1003 1004 1005 1006 1007 1008 
Adding vertex (chain-A, position-68, res-SER)
New vertex id: 67
1009 1010 1011 1012 1013 1014 1015 1016 1017 1018 1019 
Adding vertex (chain-A, position-69, res-SER)
New vertex id: 68
1020 1021 1022 1023 1024 1025 1026 1027 1028 1029 1030 
Adding vertex (chain-A, position-70, res-GLY)
New vertex id: 69
1031 1032 1033 1034 1035 1036 1037 
Graph DONE

( reduce -FLIPs 2J6F.pdb > 2J6F.H.pdb ) >& /dev/null
Reduce (-FLIPs) returned 0
( bndlst -Radius0.3 2J6F.H.pdb > 2J6F.H.bndlst ) >& /dev/null
BndLst returned 0
Parsing 2J6F.H.bndlst

bndlst START
Adding bndlst edge: (A_G1_MC -> A_S2_MC) type[cov], weight[1.00] from 0 to 1 dist[1.33]
Adding bndlst edge: (A_S2_MC -> A_S3_MC) type[cov], weight[1.00] from 1 to 2 dist[1.33]
Adding bndlst edge: (A_S3_MC -> A_G4_MC) type[cov], weight[1.00] from 2 to 3 dist[1.33]
Adding bndlst edge: (A_G4_MC -> A_S5_MC) type[cov], weight[1.00] from 3 to 4 dist[1.33]
Adding bndlst edge: (A_S5_MC -> A_S6_MC) type[cov], weight[1.00] from 4 to 5 dist[1.33]
Adding bndlst edge: (A_S5_SC -> A_G7_MC) type[hb], weight[0.52] from 4 to 6 dist[2.79]
Adding bndlst edge: (A_S6_MC -> A_G7_MC) type[cov], weight[1.00] from 5 to 6 dist[1.33]
Adding bndlst edge: (A_G7_MC -> A_D8_MC) type[cov], weight[1.00] from 6 to 7 dist[1.33]
Adding bndlst edge: (A_D8_MC -> A_Y9_MC) type[cov], weight[1.00] from 7 to 8 dist[1.33]
Adding bndlst edge: (A_D8_MC -> A_L34_MC) type[hb], weight[1.26] from 7 to 33 dist[1.78]
Adding bndlst edge: (A_Y9_MC -> A_C10_MC) type[cov], weight[1.00] from 8 to 9 dist[1.33]
Adding bndlst edge: (A_Y9_MC -> A_L64_MC) type[hb], weight[0.72] from 8 to 63 dist[2.37]
Adding bndlst edge: (A_C10_MC -> A_K11_MC) type[cov], weight[1.00] from 9 to 10 dist[1.33]
Adding bndlst edge: (A_C10_MC -> A_V32_MC) type[hb], weight[1.08] from 9 to 31 dist[1.93]
Adding bndlst edge: (A_C10_MC -> A_V32_MC) type[hb], weight[0.67] from 9 to 31 dist[2.44]
Adding bndlst edge: (A_K11_MC -> A_V12_MC) type[cov], weight[1.00] from 10 to 11 dist[1.33]
Adding bndlst edge: (A_K11_MC -> A_K62_MC) type[hb], weight[0.61] from 10 to 61 dist[2.57]
Adding bndlst edge: (A_K11_MC -> A_K62_MC) type[hb], weight[0.57] from 10 to 61 dist[2.65]
Adding bndlst edge: (A_V12_MC -> A_I13_MC) type[cov], weight[1.00] from 11 to 12 dist[1.33]
Adding bndlst edge: (A_V12_MC -> A_G29_MC) type[hb], weight[1.15] from 11 to 28 dist[1.87]
Adding bndlst edge: (A_V12_MC -> A_D30_MC) type[hb], weight[0.47] from 11 to 29 dist[2.92]
Adding bndlst edge: (A_V12_MC -> A_D30_MC) type[hb], weight[1.26] from 11 to 29 dist[1.78]
Adding bndlst edge: (A_I13_MC -> A_F14_MC) type[cov], weight[1.00] from 12 to 13 dist[1.33]
Adding bndlst edge: (A_I13_MC -> A_F60_MC) type[hb], weight[0.44] from 12 to 59 dist[3.00]
Adding bndlst edge: (A_F14_MC -> A_P15_MC) type[cov], weight[1.00] from 13 to 14 dist[1.34]
Adding bndlst edge: (A_F14_MC -> A_F60_MC) type[hb], weight[0.63] from 13 to 59 dist[2.52]
Adding bndlst edge: (A_P15_MC -> A_Y16_MC) type[cov], weight[1.00] from 14 to 15 dist[1.33]
Adding bndlst edge: (A_Y16_MC -> A_E17_MC) type[cov], weight[1.00] from 15 to 16 dist[1.33]
Adding bndlst edge: (A_Y16_MC -> A_I26_MC) type[hb], weight[0.46] from 15 to 25 dist[2.94]
Adding bndlst edge: (A_Y16_SC -> A_E17_MC) type[hb], weight[0.59] from 15 to 16 dist[2.61]
Adding bndlst edge: (A_Y16_SC -> A_E17_MC) type[hb], weight[0.59] from 15 to 16 dist[2.60]
Adding bndlst edge: (A_Y16_SC -> A_E17_MC) type[hb], weight[0.38] from 15 to 16 dist[3.24]
Adding bndlst edge: (A_Y16_SC -> A_E17_MC) type[hb], weight[0.39] from 15 to 16 dist[3.22]
Adding bndlst edge: (A_Y16_MC -> A_I26_MC) type[hb], weight[1.03] from 15 to 25 dist[1.98]
Adding bndlst edge: (A_Y16_SC -> A_E23_SC) type[hb], weight[0.61] from 15 to 22 dist[2.56]
Adding bndlst edge: (A_E17_MC -> A_A18_MC) type[cov], weight[1.00] from 16 to 17 dist[1.33]
Adding bndlst edge: (A_A18_MC -> A_Q19_MC) type[cov], weight[1.00] from 17 to 18 dist[1.33]
Adding bndlst edge: (A_A18_MC -> A_T25_SC) type[hb], weight[0.49] from 17 to 24 dist[2.84]
Adding bndlst edge: (A_Q19_MC -> A_N20_MC) type[cov], weight[1.00] from 18 to 19 dist[1.33]
Adding bndlst edge: (A_Q19_MC -> A_N20_SC) type[hb], weight[0.88] from 18 to 19 dist[2.13]
Adding bndlst edge: (A_Q19_MC -> A_E23_SC) type[hb], weight[1.19] from 18 to 22 dist[1.83]
Adding bndlst edge: (A_N20_MC -> A_D21_MC) type[cov], weight[1.00] from 19 to 20 dist[1.33]
Adding bndlst edge: (A_N20_MC -> A_E23_MC) type[hb], weight[0.86] from 19 to 22 dist[2.16]
Adding bndlst edge: (A_D21_MC -> A_D22_MC) type[cov], weight[1.00] from 20 to 21 dist[1.33]
Adding bndlst edge: (A_D22_MC -> A_E23_MC) type[cov], weight[1.00] from 21 to 22 dist[1.33]
Adding bndlst edge: (A_D22_MC -> A_V55_MC) type[hb], weight[1.25] from 21 to 54 dist[1.79]
Adding bndlst edge: (A_E23_MC -> A_L24_MC) type[cov], weight[1.00] from 22 to 23 dist[1.33]
Adding bndlst edge: (A_L24_MC -> A_T25_MC) type[cov], weight[1.00] from 23 to 24 dist[1.33]
Adding bndlst edge: (A_L24_MC -> A_V55_MC) type[hb], weight[1.15] from 23 to 54 dist[1.86]
Adding bndlst edge: (A_T25_MC -> A_I26_MC) type[cov], weight[1.00] from 24 to 25 dist[1.33]
Adding bndlst edge: (A_I26_MC -> A_K27_MC) type[cov], weight[1.00] from 25 to 26 dist[1.33]
Adding bndlst edge: (A_K27_MC -> A_E28_MC) type[cov], weight[1.00] from 26 to 27 dist[1.33]
Adding bndlst edge: (A_E28_MC -> A_G29_MC) type[cov], weight[1.00] from 27 to 28 dist[1.33]
Adding bndlst edge: (A_G29_MC -> A_D30_MC) type[cov], weight[1.00] from 28 to 29 dist[1.33]
Adding bndlst edge: (A_D30_MC -> A_I31_MC) type[cov], weight[1.00] from 29 to 30 dist[1.33]
Adding bndlst edge: (A_I31_MC -> A_V32_MC) type[cov], weight[1.00] from 30 to 31 dist[1.33]
Adding bndlst edge: (A_V32_MC -> A_T33_MC) type[cov], weight[1.00] from 31 to 32 dist[1.33]
Adding bndlst edge: (A_T33_MC -> A_L34_MC) type[cov], weight[1.00] from 32 to 33 dist[1.33]
Adding bndlst edge: (A_T33_MC -> A_I35_MC) type[hb], weight[0.46] from 32 to 34 dist[2.95]
Adding bndlst edge: (A_T33_MC -> A_E48_MC) type[hb], weight[0.97] from 32 to 47 dist[2.03]
Adding bndlst edge: (A_T33_MC -> A_E48_MC) type[hb], weight[0.54] from 32 to 47 dist[2.73]
Adding bndlst edge: (A_L34_MC -> A_I35_MC) type[cov], weight[1.00] from 33 to 34 dist[1.33]
Adding bndlst edge: (A_I35_MC -> A_N36_MC) type[cov], weight[1.00] from 34 to 35 dist[1.33]
Adding bndlst edge: (A_I35_MC -> A_E46_MC) type[hb], weight[0.94] from 34 to 45 dist[2.06]
Adding bndlst edge: (A_N36_MC -> A_K37_MC) type[cov], weight[1.00] from 35 to 36 dist[1.33]
Adding bndlst edge: (A_N36_MC -> A_E46_MC) type[hb], weight[0.62] from 35 to 45 dist[2.54]
Adding bndlst edge: (A_N36_MC -> A_E46_MC) type[hb], weight[0.59] from 35 to 45 dist[2.60]
Adding bndlst edge: (A_K37_MC -> A_D38_MC) type[cov], weight[1.00] from 36 to 37 dist[1.33]
Adding bndlst edge: (A_D38_MC -> A_C39_MC) type[cov], weight[1.00] from 37 to 38 dist[1.33]
Adding bndlst edge: (A_D38_SC -> A_C39_MC) type[hb], weight[1.26] from 37 to 38 dist[1.78]
Adding bndlst edge: (A_D38_SC -> A_W44_MC) type[hb], weight[0.45] from 37 to 43 dist[2.99]
Adding bndlst edge: (A_D38_MC -> A_W45_SC) type[hb], weight[0.54] from 37 to 44 dist[2.72]
Adding bndlst edge: (A_D38_MC -> A_W45_SC) type[hb], weight[0.58] from 37 to 44 dist[2.62]
Adding bndlst edge: (A_C39_MC -> A_I40_MC) type[cov], weight[1.00] from 38 to 39 dist[1.33]
Adding bndlst edge: (A_C39_MC -> A_D41_MC) type[hb], weight[0.74] from 38 to 40 dist[2.33]
Adding bndlst edge: (A_I40_MC -> A_D41_MC) type[cov], weight[1.00] from 39 to 40 dist[1.33]
Adding bndlst edge: (A_D41_MC -> A_V42_MC) type[cov], weight[1.00] from 40 to 41 dist[1.33]
Adding bndlst edge: (A_V42_MC -> A_G43_MC) type[cov], weight[1.00] from 41 to 42 dist[1.33]
Adding bndlst edge: (A_G43_MC -> A_W44_MC) type[cov], weight[1.00] from 42 to 43 dist[1.33]
Adding bndlst edge: (A_G43_MC -> A_D58_MC) type[hb], weight[1.00] from 42 to 57 dist[2.00]
Adding bndlst edge: (A_W44_MC -> A_W45_MC) type[cov], weight[1.00] from 43 to 44 dist[1.33]
Adding bndlst edge: (A_W45_MC -> A_E46_MC) type[cov], weight[1.00] from 44 to 45 dist[1.33]
Adding bndlst edge: (A_W45_MC -> A_F56_MC) type[hb], weight[1.03] from 44 to 55 dist[1.97]
Adding bndlst edge: (A_W45_MC -> A_F56_MC) type[hb], weight[0.84] from 44 to 55 dist[2.19]
Adding bndlst edge: (A_E46_MC -> A_G47_MC) type[cov], weight[1.00] from 45 to 46 dist[1.33]
Adding bndlst edge: (A_E46_SC -> A_R53_SC) type[salt], weight[0.50] from 45 to 52 dist[2.68]
Adding bndlst edge: (A_E46_SC -> A_R53_SC) type[salt], weight[0.59] from 45 to 52 dist[2.48]
Adding bndlst edge: (A_E46_SC -> A_R53_SC) type[salt], weight[0.59] from 45 to 52 dist[2.48]
Adding bndlst edge: (A_G47_MC -> A_E48_MC) type[cov], weight[1.00] from 46 to 47 dist[1.33]
Adding bndlst edge: (A_G47_MC -> A_G54_MC) type[hb], weight[0.54] from 46 to 53 dist[2.73]
Adding bndlst edge: (A_G47_MC -> A_F56_SC) type[hb], weight[0.38] from 46 to 55 dist[3.23]
Adding bndlst edge: (A_G47_MC -> A_G54_MC) type[hb], weight[0.64] from 46 to 53 dist[2.50]
Adding bndlst edge: (A_E48_MC -> A_L49_MC) type[cov], weight[1.00] from 47 to 48 dist[1.33]
Adding bndlst edge: (A_L49_MC -> A_N50_MC) type[cov], weight[1.00] from 48 to 49 dist[1.33]
Adding bndlst edge: (A_L49_MC -> A_R52_MC) type[hb], weight[0.51] from 48 to 51 dist[2.81]
Adding bndlst edge: (A_L49_MC -> A_R52_MC) type[hb], weight[0.62] from 48 to 51 dist[2.54]
Adding bndlst edge: (A_N50_MC -> A_G51_MC) type[cov], weight[1.00] from 49 to 50 dist[1.33]
Adding bndlst edge: (A_G51_MC -> A_R52_MC) type[cov], weight[1.00] from 50 to 51 dist[1.33]
Adding bndlst edge: (A_R52_MC -> A_R53_MC) type[cov], weight[1.00] from 51 to 52 dist[1.33]
Adding bndlst edge: (A_R53_MC -> A_G54_MC) type[cov], weight[1.00] from 52 to 53 dist[1.33]
Adding bndlst edge: (A_G54_MC -> A_V55_MC) type[cov], weight[1.00] from 53 to 54 dist[1.33]
Adding bndlst edge: (A_V55_MC -> A_F56_MC) type[cov], weight[1.00] from 54 to 55 dist[1.33]
Adding bndlst edge: (A_F56_MC -> A_P57_MC) type[cov], weight[1.00] from 55 to 56 dist[1.34]
Adding bndlst edge: (A_F56_MC -> A_D58_MC) type[hb], weight[0.49] from 55 to 57 dist[2.87]
Adding bndlst edge: (A_P57_MC -> A_D58_MC) type[cov], weight[1.00] from 56 to 57 dist[1.33]
Adding bndlst edge: (A_P57_MC -> A_V61_MC) type[hb], weight[0.58] from 56 to 60 dist[2.63]
Adding bndlst edge: (A_P57_MC -> A_F60_MC) type[hb], weight[0.86] from 56 to 59 dist[2.16]
Adding bndlst edge: (A_D58_MC -> A_N59_MC) type[cov], weight[1.00] from 57 to 58 dist[1.33]
Adding bndlst edge: (A_D58_MC -> A_V61_MC) type[hb], weight[1.06] from 57 to 60 dist[1.95]
Adding bndlst edge: (A_N59_MC -> A_F60_MC) type[cov], weight[1.00] from 58 to 59 dist[1.33]
Adding bndlst edge: (A_F60_MC -> A_V61_MC) type[cov], weight[1.00] from 59 to 60 dist[1.33]
Adding bndlst edge: (A_V61_MC -> A_K62_MC) type[cov], weight[1.00] from 60 to 61 dist[1.33]
Adding bndlst edge: (A_K62_MC -> A_L63_MC) type[cov], weight[1.00] from 61 to 62 dist[1.33]
Adding bndlst edge: (A_L63_MC -> A_L64_MC) type[cov], weight[1.00] from 62 to 63 dist[1.33]
Adding bndlst edge: (A_L64_MC -> A_S65_MC) type[cov], weight[1.00] from 63 to 64 dist[1.33]
Adding bndlst edge: (A_S65_MC -> A_G66_MC) type[cov], weight[1.00] from 64 to 65 dist[1.33]
Adding bndlst edge: (A_G66_MC -> A_P67_MC) type[cov], weight[1.00] from 65 to 66 dist[1.34]
Adding bndlst edge: (A_P67_MC -> A_S68_MC) type[cov], weight[1.00] from 66 to 67 dist[1.33]
Adding bndlst edge: (A_S68_MC -> A_S69_MC) type[cov], weight[1.00] from 67 to 68 dist[1.33]
Adding bndlst edge: (A_S69_MC -> A_G70_MC) type[cov], weight[1.00] from 68 to 69 dist[1.33]

bndlst DONE

Producing PAJEK network
printing pajek edge (A_34_LEU,A_35_ILE)
printing pajek edge (A_33_THR,A_34_LEU)
printing pajek edge (A_33_THR,A_35_ILE)
printing pajek edge (A_33_THR,A_48_GLU)
printing pajek edge (A_64_LEU,A_65_SER)
printing pajek edge (A_22_ASP,A_23_GLU)
printing pajek edge (A_22_ASP,A_55_VAL)
printing pajek edge (A_8_ASP,A_9_TYR)
printing pajek edge (A_8_ASP,A_34_LEU)
printing pajek edge (A_27_LYS,A_28_GLU)
printing pajek edge (A_19_GLN,A_23_GLU)
printing pajek edge (A_19_GLN,A_20_ASN)
printing pajek edge (A_19_GLN,A_20_ASN)
printing pajek edge (A_17_GLU,A_18_ALA)
printing pajek edge (A_45_TRP,A_46_GLU)
printing pajek edge (A_45_TRP,A_56_PHE)
printing pajek edge (A_56_PHE,A_58_ASP)
printing pajek edge (A_56_PHE,A_57_PRO)
printing pajek edge (A_28_GLU,A_29_GLY)
printing pajek edge (A_58_ASP,A_61_VAL)
printing pajek edge (A_58_ASP,A_59_ASN)
printing pajek edge (A_62_LYS,A_63_LEU)
printing pajek edge (A_21_ASP,A_22_ASP)
printing pajek edge (A_11_LYS,A_12_VAL)
printing pajek edge (A_11_LYS,A_62_LYS)
printing pajek edge (A_32_VAL,A_33_THR)
printing pajek edge (A_36_ASN,A_37_LYS)
printing pajek edge (A_36_ASN,A_46_GLU)
printing pajek edge (A_12_VAL,A_29_GLY)
printing pajek edge (A_12_VAL,A_30_ASP)
printing pajek edge (A_12_VAL,A_13_ILE)
printing pajek edge (A_49_LEU,A_50_ASN)
printing pajek edge (A_49_LEU,A_52_ARG)
printing pajek edge (A_66_GLY,A_67_PRO)
printing pajek edge (A_30_ASP,A_31_ILE)
printing pajek edge (A_51_GLY,A_52_ARG)
printing pajek edge (A_40_ILE,A_41_ASP)
printing pajek edge (A_65_SER,A_66_GLY)
printing pajek edge (A_59_ASN,A_60_PHE)
printing pajek edge (A_42_VAL,A_43_GLY)
printing pajek edge (A_13_ILE,A_60_PHE)
printing pajek edge (A_13_ILE,A_14_PHE)
printing pajek edge (A_16_TYR,A_23_GLU)
printing pajek edge (A_16_TYR,A_26_ILE)
printing pajek edge (A_16_TYR,A_17_GLU)
printing pajek edge (A_16_TYR,A_17_GLU)
printing pajek edge (A_53_ARG,A_54_GLY)
printing pajek edge (A_61_VAL,A_62_LYS)
printing pajek edge (A_57_PRO,A_60_PHE)
printing pajek edge (A_57_PRO,A_61_VAL)
printing pajek edge (A_57_PRO,A_58_ASP)
printing pajek edge (A_67_PRO,A_68_SER)
printing pajek edge (A_46_GLU,A_53_ARG)
printing pajek edge (A_46_GLU,A_47_GLY)
printing pajek edge (A_20_ASN,A_23_GLU)
printing pajek edge (A_20_ASN,A_21_ASP)
printing pajek edge (A_63_LEU,A_64_LEU)
printing pajek edge (A_55_VAL,A_56_PHE)
printing pajek edge (A_68_SER,A_69_SER)
printing pajek edge (A_69_SER,A_70_GLY)
printing pajek edge (A_3_SER,A_4_GLY)
printing pajek edge (A_18_ALA,A_19_GLN)
printing pajek edge (A_18_ALA,A_25_THR)
printing pajek edge (A_2_SER,A_3_SER)
printing pajek edge (A_31_ILE,A_32_VAL)
printing pajek edge (A_26_ILE,A_27_LYS)
printing pajek edge (A_29_GLY,A_30_ASP)
printing pajek edge (A_41_ASP,A_42_VAL)
printing pajek edge (A_15_PRO,A_16_TYR)
printing pajek edge (A_60_PHE,A_61_VAL)
printing pajek edge (A_50_ASN,A_51_GLY)
printing pajek edge (A_25_THR,A_26_ILE)
printing pajek edge (A_54_GLY,A_55_VAL)
printing pajek edge (A_23_GLU,A_24_LEU)
printing pajek edge (A_43_GLY,A_58_ASP)
printing pajek edge (A_43_GLY,A_44_TRP)
printing pajek edge (A_1_GLY,A_2_SER)
printing pajek edge (A_47_GLY,A_54_GLY)
printing pajek edge (A_47_GLY,A_56_PHE)
printing pajek edge (A_47_GLY,A_48_GLU)
printing pajek edge (A_24_LEU,A_25_THR)
printing pajek edge (A_24_LEU,A_55_VAL)
printing pajek edge (A_14_PHE,A_60_PHE)
printing pajek edge (A_14_PHE,A_15_PRO)
printing pajek edge (A_7_GLY,A_8_ASP)
printing pajek edge (A_4_GLY,A_5_SER)
printing pajek edge (A_37_LYS,A_38_ASP)
printing pajek edge (A_10_CYS,A_11_LYS)
printing pajek edge (A_10_CYS,A_32_VAL)
printing pajek edge (A_52_ARG,A_53_ARG)
printing pajek edge (A_48_GLU,A_49_LEU)
printing pajek edge (A_9_TYR,A_64_LEU)
printing pajek edge (A_9_TYR,A_10_CYS)
printing pajek edge (A_39_CYS,A_40_ILE)
printing pajek edge (A_39_CYS,A_41_ASP)
printing pajek edge (A_5_SER,A_7_GLY)
printing pajek edge (A_5_SER,A_6_SER)
printing pajek edge (A_35_ILE,A_36_ASN)
printing pajek edge (A_35_ILE,A_46_GLU)
printing pajek edge (A_38_ASP,A_39_CYS)
printing pajek edge (A_38_ASP,A_39_CYS)
printing pajek edge (A_38_ASP,A_44_TRP)
printing pajek edge (A_38_ASP,A_45_TRP)
printing pajek edge (A_44_TRP,A_45_TRP)
printing pajek edge (A_6_SER,A_7_GLY)
