 ACCALL - Accessibility calculations
 MAX RESIDUES     8000
 MAX ATOMS/RES     100
 PDB FILE INPUT 1OAI.mainChain.pdb
 PROBE SIZE       1.40
 Z-SLICE WIDTH    .050
 VDW RADII FILE /vol/ek/share/bin/naccess2.1.1/vdw.radii
 EXCL HETATOMS
 EXCL HYDROGENS
 EXCL WATERS
 READVDW  32 residues input
 NON-STANDARD atom.|HG21| in residue> THR A   5 
 GUESSED vdw of HG21 in THR A   5  =  1.80
 NON-STANDARD atom.|HG22| in residue> THR A   5 
 GUESSED vdw of HG22 in THR A   5  =  1.80
 NON-STANDARD atom.|HG23| in residue> THR A   5 
 GUESSED vdw of HG23 in THR A   5  =  1.80
 NON-STANDARD atom.|HG11| in residue> VAL A  11 
 GUESSED vdw of HG11 in VAL A  11  =  1.80
 NON-STANDARD atom.|HG12| in residue> VAL A  11 
 GUESSED vdw of HG12 in VAL A  11  =  1.80
 NON-STANDARD atom.|HG13| in residue> VAL A  11 
 GUESSED vdw of HG13 in VAL A  11  =  1.80
 NON-STANDARD atom.|HG21| in residue> VAL A  11 
 GUESSED vdw of HG21 in VAL A  11  =  1.80
 NON-STANDARD atom.|HG22| in residue> VAL A  11 
 GUESSED vdw of HG22 in VAL A  11  =  1.80
 NON-STANDARD atom.|HG23| in residue> VAL A  11 
 GUESSED vdw of HG23 in VAL A  11  =  1.80
 NON-STANDARD atom.|HG21| in residue> THR A  13 
 GUESSED vdw of HG21 in THR A  13  =  1.80
 NON-STANDARD atom.|HG22| in residue> THR A  13 
 GUESSED vdw of HG22 in THR A  13  =  1.80
 NON-STANDARD atom.|HG23| in residue> THR A  13 
 GUESSED vdw of HG23 in THR A  13  =  1.80
 NON-STANDARD atom.|HE21| in residue> GLN A  18 
 GUESSED vdw of HE21 in GLN A  18  =  1.80
 NON-STANDARD atom.|HE22| in residue> GLN A  18 
 GUESSED vdw of HE22 in GLN A  18  =  1.80
 NON-STANDARD atom.|HE21| in residue> GLN A  19 
 GUESSED vdw of HE21 in GLN A  19  =  1.80
 NON-STANDARD atom.|HE22| in residue> GLN A  19 
 GUESSED vdw of HE22 in GLN A  19  =  1.80
 NON-STANDARD atom.|HE21| in residue> GLN A  23 
 GUESSED vdw of HE21 in GLN A  23  =  1.80
 NON-STANDARD atom.|HE22| in residue> GLN A  23 
 GUESSED vdw of HE22 in GLN A  23  =  1.80
 NON-STANDARD atom.|HG21| in residue> THR A  27 
 GUESSED vdw of HG21 in THR A  27  =  1.80
 NON-STANDARD atom.|HG22| in residue> THR A  27 
 GUESSED vdw of HG22 in THR A  27  =  1.80
 NON-STANDARD atom.|HG23| in residue> THR A  27 
 GUESSED vdw of HG23 in THR A  27  =  1.80
 NON-STANDARD atom.|HE21| in residue> GLN A  28 
 GUESSED vdw of HE21 in GLN A  28  =  1.80
 NON-STANDARD atom.|HE22| in residue> GLN A  28 
 GUESSED vdw of HE22 in GLN A  28  =  1.80
 NON-STANDARD atom.|HE21| in residue> GLN A  37 
 GUESSED vdw of HE21 in GLN A  37  =  1.80
 NON-STANDARD atom.|HE22| in residue> GLN A  37 
 GUESSED vdw of HE22 in GLN A  37  =  1.80
 NON-STANDARD atom.|HE21| in residue> GLN A  41 
 GUESSED vdw of HE21 in GLN A  41  =  1.80
 NON-STANDARD atom.|HE22| in residue> GLN A  41 
 GUESSED vdw of HE22 in GLN A  41  =  1.80
 NON-STANDARD atom.|HG21| in residue> THR A  48 
 GUESSED vdw of HG21 in THR A  48  =  1.80
 NON-STANDARD atom.|HG22| in residue> THR A  48 
 GUESSED vdw of HG22 in THR A  48  =  1.80
 NON-STANDARD atom.|HG23| in residue> THR A  48 
 GUESSED vdw of HG23 in THR A  48  =  1.80
 NON-STANDARD atom.|HE21| in residue> GLN A  52 
 GUESSED vdw of HE21 in GLN A  52  =  1.80
 NON-STANDARD atom.|HE22| in residue> GLN A  52 
 GUESSED vdw of HE22 in GLN A  52  =  1.80
 NON-STANDARD atom.|HG21| in residue> THR A  55 
 GUESSED vdw of HG21 in THR A  55  =  1.80
 NON-STANDARD atom.|HG22| in residue> THR A  55 
 GUESSED vdw of HG22 in THR A  55  =  1.80
 NON-STANDARD atom.|HG23| in residue> THR A  55 
 GUESSED vdw of HG23 in THR A  55  =  1.80
 NON-STANDARD atom.|HG12| in residue> ILE A  63 
 GUESSED vdw of HG12 in ILE A  63  =  1.80
 NON-STANDARD atom.|HG13| in residue> ILE A  63 
 GUESSED vdw of HG13 in ILE A  63  =  1.80
 NON-STANDARD atom.|HG21| in residue> ILE A  63 
 GUESSED vdw of HG21 in ILE A  63  =  1.80
 NON-STANDARD atom.|HG22| in residue> ILE A  63 
 GUESSED vdw of HG22 in ILE A  63  =  1.80
 NON-STANDARD atom.|HG23| in residue> ILE A  63 
 GUESSED vdw of HG23 in ILE A  63  =  1.80
 NON-STANDARD atom.|HG11| in residue> VAL A  66 
 GUESSED vdw of HG11 in VAL A  66  =  1.80
 NON-STANDARD atom.|HG12| in residue> VAL A  66 
 GUESSED vdw of HG12 in VAL A  66  =  1.80
 NON-STANDARD atom.|HG13| in residue> VAL A  66 
 GUESSED vdw of HG13 in VAL A  66  =  1.80
 NON-STANDARD atom.|HG21| in residue> VAL A  66 
 GUESSED vdw of HG21 in VAL A  66  =  1.80
 NON-STANDARD atom.|HG22| in residue> VAL A  66 
 GUESSED vdw of HG22 in VAL A  66  =  1.80
 NON-STANDARD atom.|HG23| in residue> VAL A  66 
 GUESSED vdw of HG23 in VAL A  66  =  1.80
 ADDED VDW RADII
 CHAINS       1
 RESIDUES    69
 ATOMS      587
 SOLVA: PROGRAM ENDS CORRECTLY
 CALCULATED ATOMIC ACCESSIBILITES
 RELATIVE (STANDARD) ACCESSIBILITIES READFOR  20 AMINO ACIDS
 SUMMED ACCESSIBILITIES OVER RESIDUES
