 ACCALL - Accessibility calculations
 MAX RESIDUES     8000
 MAX ATOMS/RES     100
 PDB FILE INPUT 1SE0.mainChain.pdb
 PROBE SIZE       1.40
 Z-SLICE WIDTH    .050
 VDW RADII FILE /vol/ek/share/bin/naccess2.1.1/vdw.radii
 EXCL HETATOMS
 EXCL HYDROGENS
 EXCL WATERS
 READVDW  32 residues input
 NON-STANDARD atom.|HG21| in residue> THR A  12 
 GUESSED vdw of HG21 in THR A  12  =  1.80
 NON-STANDARD atom.|HG22| in residue> THR A  12 
 GUESSED vdw of HG22 in THR A  12  =  1.80
 NON-STANDARD atom.|HG23| in residue> THR A  12 
 GUESSED vdw of HG23 in THR A  12  =  1.80
 NON-STANDARD atom.|HG21| in residue> THR A  20 
 GUESSED vdw of HG21 in THR A  20  =  1.80
 NON-STANDARD atom.|HG22| in residue> THR A  20 
 GUESSED vdw of HG22 in THR A  20  =  1.80
 NON-STANDARD atom.|HG23| in residue> THR A  20 
 GUESSED vdw of HG23 in THR A  20  =  1.80
 NON-STANDARD atom.|HE21| in residue> GLN A  22 
 GUESSED vdw of HE21 in GLN A  22  =  1.80
 NON-STANDARD atom.|HE22| in residue> GLN A  22 
 GUESSED vdw of HE22 in GLN A  22  =  1.80
 NON-STANDARD atom.|HG11| in residue> VAL A  23 
 GUESSED vdw of HG11 in VAL A  23  =  1.80
 NON-STANDARD atom.|HG12| in residue> VAL A  23 
 GUESSED vdw of HG12 in VAL A  23  =  1.80
 NON-STANDARD atom.|HG13| in residue> VAL A  23 
 GUESSED vdw of HG13 in VAL A  23  =  1.80
 NON-STANDARD atom.|HG21| in residue> VAL A  23 
 GUESSED vdw of HG21 in VAL A  23  =  1.80
 NON-STANDARD atom.|HG22| in residue> VAL A  23 
 GUESSED vdw of HG22 in VAL A  23  =  1.80
 NON-STANDARD atom.|HG23| in residue> VAL A  23 
 GUESSED vdw of HG23 in VAL A  23  =  1.80
 NON-STANDARD atom.|HG11| in residue> VAL A  24 
 GUESSED vdw of HG11 in VAL A  24  =  1.80
 NON-STANDARD atom.|HG12| in residue> VAL A  24 
 GUESSED vdw of HG12 in VAL A  24  =  1.80
 NON-STANDARD atom.|HG13| in residue> VAL A  24 
 GUESSED vdw of HG13 in VAL A  24  =  1.80
 NON-STANDARD atom.|HG21| in residue> VAL A  24 
 GUESSED vdw of HG21 in VAL A  24  =  1.80
 NON-STANDARD atom.|HG22| in residue> VAL A  24 
 GUESSED vdw of HG22 in VAL A  24  =  1.80
 NON-STANDARD atom.|HG23| in residue> VAL A  24 
 GUESSED vdw of HG23 in VAL A  24  =  1.80
 NON-STANDARD atom.|HG12| in residue> ILE A  26 
 GUESSED vdw of HG12 in ILE A  26  =  1.80
 NON-STANDARD atom.|HG13| in residue> ILE A  26 
 GUESSED vdw of HG13 in ILE A  26  =  1.80
 NON-STANDARD atom.|HG21| in residue> ILE A  26 
 GUESSED vdw of HG21 in ILE A  26  =  1.80
 NON-STANDARD atom.|HG22| in residue> ILE A  26 
 GUESSED vdw of HG22 in ILE A  26  =  1.80
 NON-STANDARD atom.|HG23| in residue> ILE A  26 
 GUESSED vdw of HG23 in ILE A  26  =  1.80
 NON-STANDARD atom.|HG21| in residue> THR A  29 
 GUESSED vdw of HG21 in THR A  29  =  1.80
 NON-STANDARD atom.|HG22| in residue> THR A  29 
 GUESSED vdw of HG22 in THR A  29  =  1.80
 NON-STANDARD atom.|HG23| in residue> THR A  29 
 GUESSED vdw of HG23 in THR A  29  =  1.80
 NON-STANDARD atom.|HG12| in residue> ILE A  30 
 GUESSED vdw of HG12 in ILE A  30  =  1.80
 NON-STANDARD atom.|HG13| in residue> ILE A  30 
 GUESSED vdw of HG13 in ILE A  30  =  1.80
 NON-STANDARD atom.|HG21| in residue> ILE A  30 
 GUESSED vdw of HG21 in ILE A  30  =  1.80
 NON-STANDARD atom.|HG22| in residue> ILE A  30 
 GUESSED vdw of HG22 in ILE A  30  =  1.80
 NON-STANDARD atom.|HG23| in residue> ILE A  30 
 GUESSED vdw of HG23 in ILE A  30  =  1.80
 NON-STANDARD atom.|HE21| in residue> GLN A  48 
 GUESSED vdw of HE21 in GLN A  48  =  1.80
 NON-STANDARD atom.|HE22| in residue> GLN A  48 
 GUESSED vdw of HE22 in GLN A  48  =  1.80
 NON-STANDARD atom.|HG21| in residue> THR A  57 
 GUESSED vdw of HG21 in THR A  57  =  1.80
 NON-STANDARD atom.|HG22| in residue> THR A  57 
 GUESSED vdw of HG22 in THR A  57  =  1.80
 NON-STANDARD atom.|HG23| in residue> THR A  57 
 GUESSED vdw of HG23 in THR A  57  =  1.80
 NON-STANDARD atom.|HG21| in residue> THR A  69 
 GUESSED vdw of HG21 in THR A  69  =  1.80
 NON-STANDARD atom.|HG22| in residue> THR A  69 
 GUESSED vdw of HG22 in THR A  69  =  1.80
 NON-STANDARD atom.|HG23| in residue> THR A  69 
 GUESSED vdw of HG23 in THR A  69  =  1.80
 NON-STANDARD atom.|HG12| in residue> ILE A  71 
 GUESSED vdw of HG12 in ILE A  71  =  1.80
 NON-STANDARD atom.|HG13| in residue> ILE A  71 
 GUESSED vdw of HG13 in ILE A  71  =  1.80
 NON-STANDARD atom.|HG21| in residue> ILE A  71 
 GUESSED vdw of HG21 in ILE A  71  =  1.80
 NON-STANDARD atom.|HG22| in residue> ILE A  71 
 GUESSED vdw of HG22 in ILE A  71  =  1.80
 NON-STANDARD atom.|HG23| in residue> ILE A  71 
 GUESSED vdw of HG23 in ILE A  71  =  1.80
 NON-STANDARD atom.|HE21| in residue> GLN A  74 
 GUESSED vdw of HE21 in GLN A  74  =  1.80
 NON-STANDARD atom.|HE22| in residue> GLN A  74 
 GUESSED vdw of HE22 in GLN A  74  =  1.80
 NON-STANDARD atom.|HG11| in residue> VAL A  75 
 GUESSED vdw of HG11 in VAL A  75  =  1.80
 NON-STANDARD atom.|HG12| in residue> VAL A  75 
 GUESSED vdw of HG12 in VAL A  75  =  1.80
 NON-STANDARD atom.|HG13| in residue> VAL A  75 
 GUESSED vdw of HG13 in VAL A  75  =  1.80
 NON-STANDARD atom.|HG21| in residue> VAL A  75 
 GUESSED vdw of HG21 in VAL A  75  =  1.80
 NON-STANDARD atom.|HG22| in residue> VAL A  75 
 GUESSED vdw of HG22 in VAL A  75  =  1.80
 NON-STANDARD atom.|HG23| in residue> VAL A  75 
 GUESSED vdw of HG23 in VAL A  75  =  1.80
 NON-STANDARD atom.|HE21| in residue> GLN A  76 
 GUESSED vdw of HE21 in GLN A  76  =  1.80
 NON-STANDARD atom.|HE22| in residue> GLN A  76 
 GUESSED vdw of HE22 in GLN A  76  =  1.80
 NON-STANDARD atom.|HG11| in residue> VAL A 107 
 GUESSED vdw of HG11 in VAL A 107  =  1.80
 NON-STANDARD atom.|HG12| in residue> VAL A 107 
 GUESSED vdw of HG12 in VAL A 107  =  1.80
 NON-STANDARD atom.|HG13| in residue> VAL A 107 
 GUESSED vdw of HG13 in VAL A 107  =  1.80
 NON-STANDARD atom.|HG21| in residue> VAL A 107 
 GUESSED vdw of HG21 in VAL A 107  =  1.80
 NON-STANDARD atom.|HG22| in residue> VAL A 107 
 GUESSED vdw of HG22 in VAL A 107  =  1.80
 NON-STANDARD atom.|HG23| in residue> VAL A 107 
 GUESSED vdw of HG23 in VAL A 107  =  1.80
 NON-STANDARD atom.|HG12| in residue> ILE A 114 
 GUESSED vdw of HG12 in ILE A 114  =  1.80
 NON-STANDARD atom.|HG13| in residue> ILE A 114 
 GUESSED vdw of HG13 in ILE A 114  =  1.80
 NON-STANDARD atom.|HG21| in residue> ILE A 114 
 GUESSED vdw of HG21 in ILE A 114  =  1.80
 NON-STANDARD atom.|HG22| in residue> ILE A 114 
 GUESSED vdw of HG22 in ILE A 114  =  1.80
 NON-STANDARD atom.|HG23| in residue> ILE A 114 
 GUESSED vdw of HG23 in ILE A 114  =  1.80
 ADDED VDW RADII
 CHAINS       1
 RESIDUES   117
 ATOMS     1026
 SOLVA: PROGRAM ENDS CORRECTLY
 CALCULATED ATOMIC ACCESSIBILITES
 RELATIVE (STANDARD) ACCESSIBILITIES READFOR  20 AMINO ACIDS
 SUMMED ACCESSIBILITIES OVER RESIDUES
