 ACCALL - Accessibility calculations
 MAX RESIDUES     8000
 MAX ATOMS/RES     100
 PDB FILE INPUT 1SFI.mainChain.pdb
 PROBE SIZE       1.40
 Z-SLICE WIDTH    .050
 VDW RADII FILE /vol/ek/share/bin/naccess2.1.1/vdw.radii
 EXCL HETATOMS
 EXCL HYDROGENS
 EXCL WATERS
 READVDW  32 residues input
 NON-STANDARD atom.|HG12| in residue> ILE A   1 
 GUESSED vdw of HG12 in ILE A   1  =  1.80
 NON-STANDARD atom.|HG13| in residue> ILE A   1 
 GUESSED vdw of HG13 in ILE A   1  =  1.80
 NON-STANDARD atom.|HG21| in residue> ILE A   1 
 GUESSED vdw of HG21 in ILE A   1  =  1.80
 NON-STANDARD atom.|HG22| in residue> ILE A   1 
 GUESSED vdw of HG22 in ILE A   1  =  1.80
 NON-STANDARD atom.|HG23| in residue> ILE A   1 
 GUESSED vdw of HG23 in ILE A   1  =  1.80
 NON-STANDARD atom.|HG11| in residue> VAL A   2 
 GUESSED vdw of HG11 in VAL A   2  =  1.80
 NON-STANDARD atom.|HG12| in residue> VAL A   2 
 GUESSED vdw of HG12 in VAL A   2  =  1.80
 NON-STANDARD atom.|HG13| in residue> VAL A   2 
 GUESSED vdw of HG13 in VAL A   2  =  1.80
 NON-STANDARD atom.|HG21| in residue> VAL A   2 
 GUESSED vdw of HG21 in VAL A   2  =  1.80
 NON-STANDARD atom.|HG22| in residue> VAL A   2 
 GUESSED vdw of HG22 in VAL A   2  =  1.80
 NON-STANDARD atom.|HG23| in residue> VAL A   2 
 GUESSED vdw of HG23 in VAL A   2  =  1.80
 NON-STANDARD atom.|HG21| in residue> THR A   6 
 GUESSED vdw of HG21 in THR A   6  =  1.80
 NON-STANDARD atom.|HG22| in residue> THR A   6 
 GUESSED vdw of HG22 in THR A   6  =  1.80
 NON-STANDARD atom.|HG23| in residue> THR A   6 
 GUESSED vdw of HG23 in THR A   6  =  1.80
 NON-STANDARD atom.|HG21| in residue> THR A  11 
 GUESSED vdw of HG21 in THR A  11  =  1.80
 NON-STANDARD atom.|HG22| in residue> THR A  11 
 GUESSED vdw of HG22 in THR A  11  =  1.80
 NON-STANDARD atom.|HG23| in residue> THR A  11 
 GUESSED vdw of HG23 in THR A  11  =  1.80
 NON-STANDARD atom.|HG11| in residue> VAL A  12 
 GUESSED vdw of HG11 in VAL A  12  =  1.80
 NON-STANDARD atom.|HG12| in residue> VAL A  12 
 GUESSED vdw of HG12 in VAL A  12  =  1.80
 NON-STANDARD atom.|HG13| in residue> VAL A  12 
 GUESSED vdw of HG13 in VAL A  12  =  1.80
 NON-STANDARD atom.|HG21| in residue> VAL A  12 
 GUESSED vdw of HG21 in VAL A  12  =  1.80
 NON-STANDARD atom.|HG22| in residue> VAL A  12 
 GUESSED vdw of HG22 in VAL A  12  =  1.80
 NON-STANDARD atom.|HG23| in residue> VAL A  12 
 GUESSED vdw of HG23 in VAL A  12  =  1.80
 NON-STANDARD atom.|HE21| in residue> GLN A  15 
 GUESSED vdw of HE21 in GLN A  15  =  1.80
 NON-STANDARD atom.|HE22| in residue> GLN A  15 
 GUESSED vdw of HE22 in GLN A  15  =  1.80
 NON-STANDARD atom.|HG11| in residue> VAL A  16 
 GUESSED vdw of HG11 in VAL A  16  =  1.80
 NON-STANDARD atom.|HG12| in residue> VAL A  16 
 GUESSED vdw of HG12 in VAL A  16  =  1.80
 NON-STANDARD atom.|HG13| in residue> VAL A  16 
 GUESSED vdw of HG13 in VAL A  16  =  1.80
 NON-STANDARD atom.|HG21| in residue> VAL A  16 
 GUESSED vdw of HG21 in VAL A  16  =  1.80
 NON-STANDARD atom.|HG22| in residue> VAL A  16 
 GUESSED vdw of HG22 in VAL A  16  =  1.80
 NON-STANDARD atom.|HG23| in residue> VAL A  16 
 GUESSED vdw of HG23 in VAL A  16  =  1.80
 NON-STANDARD atom.|HG12| in residue> ILE A  30 
 GUESSED vdw of HG12 in ILE A  30  =  1.80
 NON-STANDARD atom.|HG13| in residue> ILE A  30 
 GUESSED vdw of HG13 in ILE A  30  =  1.80
 NON-STANDARD atom.|HG21| in residue> ILE A  30 
 GUESSED vdw of HG21 in ILE A  30  =  1.80
 NON-STANDARD atom.|HG22| in residue> ILE A  30 
 GUESSED vdw of HG22 in ILE A  30  =  1.80
 NON-STANDARD atom.|HG23| in residue> ILE A  30 
 GUESSED vdw of HG23 in ILE A  30  =  1.80
 NON-STANDARD atom.|HE21| in residue> GLN A  33 
 GUESSED vdw of HE21 in GLN A  33  =  1.80
 NON-STANDARD atom.|HE22| in residue> GLN A  33 
 GUESSED vdw of HE22 in GLN A  33  =  1.80
 NON-STANDARD atom.|HG11| in residue> VAL A  35 
 GUESSED vdw of HG11 in VAL A  35  =  1.80
 NON-STANDARD atom.|HG12| in residue> VAL A  35 
 GUESSED vdw of HG12 in VAL A  35  =  1.80
 NON-STANDARD atom.|HG13| in residue> VAL A  35 
 GUESSED vdw of HG13 in VAL A  35  =  1.80
 NON-STANDARD atom.|HG21| in residue> VAL A  35 
 GUESSED vdw of HG21 in VAL A  35  =  1.80
 NON-STANDARD atom.|HG22| in residue> VAL A  35 
 GUESSED vdw of HG22 in VAL A  35  =  1.80
 NON-STANDARD atom.|HG23| in residue> VAL A  35 
 GUESSED vdw of HG23 in VAL A  35  =  1.80
 NON-STANDARD atom.|HG11| in residue> VAL A  36 
 GUESSED vdw of HG11 in VAL A  36  =  1.80
 NON-STANDARD atom.|HG12| in residue> VAL A  36 
 GUESSED vdw of HG12 in VAL A  36  =  1.80
 NON-STANDARD atom.|HG13| in residue> VAL A  36 
 GUESSED vdw of HG13 in VAL A  36  =  1.80
 NON-STANDARD atom.|HG21| in residue> VAL A  36 
 GUESSED vdw of HG21 in VAL A  36  =  1.80
 NON-STANDARD atom.|HG22| in residue> VAL A  36 
 GUESSED vdw of HG22 in VAL A  36  =  1.80
 NON-STANDARD atom.|HG23| in residue> VAL A  36 
 GUESSED vdw of HG23 in VAL A  36  =  1.80
 NON-STANDARD atom.|HG12| in residue> ILE A  46 
 GUESSED vdw of HG12 in ILE A  46  =  1.80
 NON-STANDARD atom.|HG13| in residue> ILE A  46 
 GUESSED vdw of HG13 in ILE A  46  =  1.80
 NON-STANDARD atom.|HG21| in residue> ILE A  46 
 GUESSED vdw of HG21 in ILE A  46  =  1.80
 NON-STANDARD atom.|HG22| in residue> ILE A  46 
 GUESSED vdw of HG22 in ILE A  46  =  1.80
 NON-STANDARD atom.|HG23| in residue> ILE A  46 
 GUESSED vdw of HG23 in ILE A  46  =  1.80
 NON-STANDARD atom.|HE21| in residue> GLN A  47 
 GUESSED vdw of HE21 in GLN A  47  =  1.80
 NON-STANDARD atom.|HE22| in residue> GLN A  47 
 GUESSED vdw of HE22 in GLN A  47  =  1.80
 NON-STANDARD atom.|HG11| in residue> VAL A  48 
 GUESSED vdw of HG11 in VAL A  48  =  1.80
 NON-STANDARD atom.|HG12| in residue> VAL A  48 
 GUESSED vdw of HG12 in VAL A  48  =  1.80
 NON-STANDARD atom.|HG13| in residue> VAL A  48 
 GUESSED vdw of HG13 in VAL A  48  =  1.80
 NON-STANDARD atom.|HG21| in residue> VAL A  48 
 GUESSED vdw of HG21 in VAL A  48  =  1.80
 NON-STANDARD atom.|HG22| in residue> VAL A  48 
 GUESSED vdw of HG22 in VAL A  48  =  1.80
 NON-STANDARD atom.|HG23| in residue> VAL A  48 
 GUESSED vdw of HG23 in VAL A  48  =  1.80
 NON-STANDARD atom.|HG12| in residue> ILE A  55 
 GUESSED vdw of HG12 in ILE A  55  =  1.80
 NON-STANDARD atom.|HG13| in residue> ILE A  55 
 GUESSED vdw of HG13 in ILE A  55  =  1.80
 NON-STANDARD atom.|HG21| in residue> ILE A  55 
 GUESSED vdw of HG21 in ILE A  55  =  1.80
 NON-STANDARD atom.|HG22| in residue> ILE A  55 
 GUESSED vdw of HG22 in ILE A  55  =  1.80
 NON-STANDARD atom.|HG23| in residue> ILE A  55 
 GUESSED vdw of HG23 in ILE A  55  =  1.80
 NON-STANDARD atom.|HG11| in residue> VAL A  57 
 GUESSED vdw of HG11 in VAL A  57  =  1.80
 NON-STANDARD atom.|HG12| in residue> VAL A  57 
 GUESSED vdw of HG12 in VAL A  57  =  1.80
 NON-STANDARD atom.|HG13| in residue> VAL A  57 
 GUESSED vdw of HG13 in VAL A  57  =  1.80
 NON-STANDARD atom.|HG21| in residue> VAL A  57 
 GUESSED vdw of HG21 in VAL A  57  =  1.80
 NON-STANDARD atom.|HG22| in residue> VAL A  57 
 GUESSED vdw of HG22 in VAL A  57  =  1.80
 NON-STANDARD atom.|HG23| in residue> VAL A  57 
 GUESSED vdw of HG23 in VAL A  57  =  1.80
 NON-STANDARD atom.|HG11| in residue> VAL A  58 
 GUESSED vdw of HG11 in VAL A  58  =  1.80
 NON-STANDARD atom.|HG12| in residue> VAL A  58 
 GUESSED vdw of HG12 in VAL A  58  =  1.80
 NON-STANDARD atom.|HG13| in residue> VAL A  58 
 GUESSED vdw of HG13 in VAL A  58  =  1.80
 NON-STANDARD atom.|HG21| in residue> VAL A  58 
 GUESSED vdw of HG21 in VAL A  58  =  1.80
 NON-STANDARD atom.|HG22| in residue> VAL A  58 
 GUESSED vdw of HG22 in VAL A  58  =  1.80
 NON-STANDARD atom.|HG23| in residue> VAL A  58 
 GUESSED vdw of HG23 in VAL A  58  =  1.80
 NON-STANDARD atom.|HE21| in residue> GLN A  63 
 GUESSED vdw of HE21 in GLN A  63  =  1.80
 NON-STANDARD atom.|HE22| in residue> GLN A  63 
 GUESSED vdw of HE22 in GLN A  63  =  1.80
 NON-STANDARD atom.|HG12| in residue> ILE A  65 
 GUESSED vdw of HG12 in ILE A  65  =  1.80
 NON-STANDARD atom.|HG13| in residue> ILE A  65 
 GUESSED vdw of HG13 in ILE A  65  =  1.80
 NON-STANDARD atom.|HG21| in residue> ILE A  65 
 GUESSED vdw of HG21 in ILE A  65  =  1.80
 NON-STANDARD atom.|HG22| in residue> ILE A  65 
 GUESSED vdw of HG22 in ILE A  65  =  1.80
 NON-STANDARD atom.|HG23| in residue> ILE A  65 
 GUESSED vdw of HG23 in ILE A  65  =  1.80
 NON-STANDARD atom.|HG12| in residue> ILE A  71 
 GUESSED vdw of HG12 in ILE A  71  =  1.80
 NON-STANDARD atom.|HG13| in residue> ILE A  71 
 GUESSED vdw of HG13 in ILE A  71  =  1.80
 NON-STANDARD atom.|HG21| in residue> ILE A  71 
 GUESSED vdw of HG21 in ILE A  71  =  1.80
 NON-STANDARD atom.|HG22| in residue> ILE A  71 
 GUESSED vdw of HG22 in ILE A  71  =  1.80
 NON-STANDARD atom.|HG23| in residue> ILE A  71 
 GUESSED vdw of HG23 in ILE A  71  =  1.80
 NON-STANDARD atom.|HG11| in residue> VAL A  72 
 GUESSED vdw of HG11 in VAL A  72  =  1.80
 NON-STANDARD atom.|HG12| in residue> VAL A  72 
 GUESSED vdw of HG12 in VAL A  72  =  1.80
 NON-STANDARD atom.|HG13| in residue> VAL A  72 
 GUESSED vdw of HG13 in VAL A  72  =  1.80
 NON-STANDARD atom.|HG21| in residue> VAL A  72 
 GUESSED vdw of HG21 in VAL A  72  =  1.80
 NON-STANDARD atom.|HG22| in residue> VAL A  72 
 GUESSED vdw of HG22 in VAL A  72  =  1.80
 NON-STANDARD atom.|HG23| in residue> VAL A  72 
 GUESSED vdw of HG23 in VAL A  72  =  1.80
 NON-STANDARD atom.|HG21| in residue> THR A  80 
 GUESSED vdw of HG21 in THR A  80  =  1.80
 NON-STANDARD atom.|HG22| in residue> THR A  80 
 GUESSED vdw of HG22 in THR A  80  =  1.80
 NON-STANDARD atom.|HG23| in residue> THR A  80 
 GUESSED vdw of HG23 in THR A  80  =  1.80
 NON-STANDARD atom.|HG12| in residue> ILE A  85 
 GUESSED vdw of HG12 in ILE A  85  =  1.80
 NON-STANDARD atom.|HG13| in residue> ILE A  85 
 GUESSED vdw of HG13 in ILE A  85  =  1.80
 NON-STANDARD atom.|HG21| in residue> ILE A  85 
 GUESSED vdw of HG21 in ILE A  85  =  1.80
 NON-STANDARD atom.|HG22| in residue> ILE A  85 
 GUESSED vdw of HG22 in ILE A  85  =  1.80
 NON-STANDARD atom.|HG23| in residue> ILE A  85 
 GUESSED vdw of HG23 in ILE A  85  =  1.80
 NON-STANDARD atom.|HG12| in residue> ILE A  88 
 GUESSED vdw of HG12 in ILE A  88  =  1.80
 NON-STANDARD atom.|HG13| in residue> ILE A  88 
 GUESSED vdw of HG13 in ILE A  88  =  1.80
 NON-STANDARD atom.|HG21| in residue> ILE A  88 
 GUESSED vdw of HG21 in ILE A  88  =  1.80
 NON-STANDARD atom.|HG22| in residue> ILE A  88 
 GUESSED vdw of HG22 in ILE A  88  =  1.80
 NON-STANDARD atom.|HG23| in residue> ILE A  88 
 GUESSED vdw of HG23 in ILE A  88  =  1.80
 NON-STANDARD atom.|HG11| in residue> VAL A 100 
 GUESSED vdw of HG11 in VAL A 100  =  1.80
 NON-STANDARD atom.|HG12| in residue> VAL A 100 
 GUESSED vdw of HG12 in VAL A 100  =  1.80
 NON-STANDARD atom.|HG13| in residue> VAL A 100 
 GUESSED vdw of HG13 in VAL A 100  =  1.80
 NON-STANDARD atom.|HG21| in residue> VAL A 100 
 GUESSED vdw of HG21 in VAL A 100  =  1.80
 NON-STANDARD atom.|HG22| in residue> VAL A 100 
 GUESSED vdw of HG22 in VAL A 100  =  1.80
 NON-STANDARD atom.|HG23| in residue> VAL A 100 
 GUESSED vdw of HG23 in VAL A 100  =  1.80
 NON-STANDARD atom.|HG12| in residue> ILE A 103 
 GUESSED vdw of HG12 in ILE A 103  =  1.80
 NON-STANDARD atom.|HG13| in residue> ILE A 103 
 GUESSED vdw of HG13 in ILE A 103  =  1.80
 NON-STANDARD atom.|HG21| in residue> ILE A 103 
 GUESSED vdw of HG21 in ILE A 103  =  1.80
 NON-STANDARD atom.|HG22| in residue> ILE A 103 
 GUESSED vdw of HG22 in ILE A 103  =  1.80
 NON-STANDARD atom.|HG23| in residue> ILE A 103 
 GUESSED vdw of HG23 in ILE A 103  =  1.80
 NON-STANDARD atom.|HG21| in residue> THR A 107 
 GUESSED vdw of HG21 in THR A 107  =  1.80
 NON-STANDARD atom.|HG22| in residue> THR A 107 
 GUESSED vdw of HG22 in THR A 107  =  1.80
 NON-STANDARD atom.|HG23| in residue> THR A 107 
 GUESSED vdw of HG23 in THR A 107  =  1.80
 NON-STANDARD atom.|HG21| in residue> THR A 114 
 GUESSED vdw of HG21 in THR A 114  =  1.80
 NON-STANDARD atom.|HG22| in residue> THR A 114 
 GUESSED vdw of HG22 in THR A 114  =  1.80
 NON-STANDARD atom.|HG23| in residue> THR A 114 
 GUESSED vdw of HG23 in THR A 114  =  1.80
 NON-STANDARD atom.|HE21| in residue> GLN A 115 
 GUESSED vdw of HE21 in GLN A 115  =  1.80
 NON-STANDARD atom.|HE22| in residue> GLN A 115 
 GUESSED vdw of HE22 in GLN A 115  =  1.80
 NON-STANDARD atom.|HG12| in residue> ILE A 118 
 GUESSED vdw of HG12 in ILE A 118  =  1.80
 NON-STANDARD atom.|HG13| in residue> ILE A 118 
 GUESSED vdw of HG13 in ILE A 118  =  1.80
 NON-STANDARD atom.|HG21| in residue> ILE A 118 
 GUESSED vdw of HG21 in ILE A 118  =  1.80
 NON-STANDARD atom.|HG22| in residue> ILE A 118 
 GUESSED vdw of HG22 in ILE A 118  =  1.80
 NON-STANDARD atom.|HG23| in residue> ILE A 118 
 GUESSED vdw of HG23 in ILE A 118  =  1.80
 NON-STANDARD atom.|HG21| in residue> THR A 124 
 GUESSED vdw of HG21 in THR A 124  =  1.80
 NON-STANDARD atom.|HG22| in residue> THR A 124 
 GUESSED vdw of HG22 in THR A 124  =  1.80
 NON-STANDARD atom.|HG23| in residue> THR A 124 
 GUESSED vdw of HG23 in THR A 124  =  1.80
 NON-STANDARD atom.|HG21| in residue> THR A 129 
 GUESSED vdw of HG21 in THR A 129  =  1.80
 NON-STANDARD atom.|HG22| in residue> THR A 129 
 GUESSED vdw of HG22 in THR A 129  =  1.80
 NON-STANDARD atom.|HG23| in residue> THR A 129 
 GUESSED vdw of HG23 in THR A 129  =  1.80
 NON-STANDARD atom.|HG11| in residue> VAL A 134 
 GUESSED vdw of HG11 in VAL A 134  =  1.80
 NON-STANDARD atom.|HG12| in residue> VAL A 134 
 GUESSED vdw of HG12 in VAL A 134  =  1.80
 NON-STANDARD atom.|HG13| in residue> VAL A 134 
 GUESSED vdw of HG13 in VAL A 134  =  1.80
 NON-STANDARD atom.|HG21| in residue> VAL A 134 
 GUESSED vdw of HG21 in VAL A 134  =  1.80
 NON-STANDARD atom.|HG22| in residue> VAL A 134 
 GUESSED vdw of HG22 in VAL A 134  =  1.80
 NON-STANDARD atom.|HG23| in residue> VAL A 134 
 GUESSED vdw of HG23 in VAL A 134  =  1.80
 NON-STANDARD atom.|HG12| in residue> ILE A 142 
 GUESSED vdw of HG12 in ILE A 142  =  1.80
 NON-STANDARD atom.|HG13| in residue> ILE A 142 
 GUESSED vdw of HG13 in ILE A 142  =  1.80
 NON-STANDARD atom.|HG21| in residue> ILE A 142 
 GUESSED vdw of HG21 in ILE A 142  =  1.80
 NON-STANDARD atom.|HG22| in residue> ILE A 142 
 GUESSED vdw of HG22 in ILE A 142  =  1.80
 NON-STANDARD atom.|HG23| in residue> ILE A 142 
 GUESSED vdw of HG23 in ILE A 142  =  1.80
 NON-STANDARD atom.|HE21| in residue> GLN A 155 
 GUESSED vdw of HE21 in GLN A 155  =  1.80
 NON-STANDARD atom.|HE22| in residue> GLN A 155 
 GUESSED vdw of HE22 in GLN A 155  =  1.80
 NON-STANDARD atom.|HG12| in residue> ILE A 156 
 GUESSED vdw of HG12 in ILE A 156  =  1.80
 NON-STANDARD atom.|HG13| in residue> ILE A 156 
 GUESSED vdw of HG13 in ILE A 156  =  1.80
 NON-STANDARD atom.|HG21| in residue> ILE A 156 
 GUESSED vdw of HG21 in ILE A 156  =  1.80
 NON-STANDARD atom.|HG22| in residue> ILE A 156 
 GUESSED vdw of HG22 in ILE A 156  =  1.80
 NON-STANDARD atom.|HG23| in residue> ILE A 156 
 GUESSED vdw of HG23 in ILE A 156  =  1.80
 NON-STANDARD atom.|HG21| in residue> THR A 157 
 GUESSED vdw of HG21 in THR A 157  =  1.80
 NON-STANDARD atom.|HG22| in residue> THR A 157 
 GUESSED vdw of HG22 in THR A 157  =  1.80
 NON-STANDARD atom.|HG23| in residue> THR A 157 
 GUESSED vdw of HG23 in THR A 157  =  1.80
 NON-STANDARD atom.|HE21| in residue> GLN A 174 
 GUESSED vdw of HE21 in GLN A 174  =  1.80
 NON-STANDARD atom.|HE22| in residue> GLN A 174 
 GUESSED vdw of HE22 in GLN A 174  =  1.80
 NON-STANDARD atom.|HG11| in residue> VAL A 181 
 GUESSED vdw of HG11 in VAL A 181  =  1.80
 NON-STANDARD atom.|HG12| in residue> VAL A 181 
 GUESSED vdw of HG12 in VAL A 181  =  1.80
 NON-STANDARD atom.|HG13| in residue> VAL A 181 
 GUESSED vdw of HG13 in VAL A 181  =  1.80
 NON-STANDARD atom.|HG21| in residue> VAL A 181 
 GUESSED vdw of HG21 in VAL A 181  =  1.80
 NON-STANDARD atom.|HG22| in residue> VAL A 181 
 GUESSED vdw of HG22 in VAL A 181  =  1.80
 NON-STANDARD atom.|HG23| in residue> VAL A 181 
 GUESSED vdw of HG23 in VAL A 181  =  1.80
 NON-STANDARD atom.|HG11| in residue> VAL A 182 
 GUESSED vdw of HG11 in VAL A 182  =  1.80
 NON-STANDARD atom.|HG12| in residue> VAL A 182 
 GUESSED vdw of HG12 in VAL A 182  =  1.80
 NON-STANDARD atom.|HG13| in residue> VAL A 182 
 GUESSED vdw of HG13 in VAL A 182  =  1.80
 NON-STANDARD atom.|HG21| in residue> VAL A 182 
 GUESSED vdw of HG21 in VAL A 182  =  1.80
 NON-STANDARD atom.|HG22| in residue> VAL A 182 
 GUESSED vdw of HG22 in VAL A 182  =  1.80
 NON-STANDARD atom.|HG23| in residue> VAL A 182 
 GUESSED vdw of HG23 in VAL A 182  =  1.80
 NON-STANDARD atom.|HE21| in residue> GLN A 188 
 GUESSED vdw of HE21 in GLN A 188  =  1.80
 NON-STANDARD atom.|HE22| in residue> GLN A 188 
 GUESSED vdw of HE22 in GLN A 188  =  1.80
 NON-STANDARD atom.|HG12| in residue> ILE A 190 
 GUESSED vdw of HG12 in ILE A 190  =  1.80
 NON-STANDARD atom.|HG13| in residue> ILE A 190 
 GUESSED vdw of HG13 in ILE A 190  =  1.80
 NON-STANDARD atom.|HG21| in residue> ILE A 190 
 GUESSED vdw of HG21 in ILE A 190  =  1.80
 NON-STANDARD atom.|HG22| in residue> ILE A 190 
 GUESSED vdw of HG22 in ILE A 190  =  1.80
 NON-STANDARD atom.|HG23| in residue> ILE A 190 
 GUESSED vdw of HG23 in ILE A 190  =  1.80
 NON-STANDARD atom.|HG11| in residue> VAL A 191 
 GUESSED vdw of HG11 in VAL A 191  =  1.80
 NON-STANDARD atom.|HG12| in residue> VAL A 191 
 GUESSED vdw of HG12 in VAL A 191  =  1.80
 NON-STANDARD atom.|HG13| in residue> VAL A 191 
 GUESSED vdw of HG13 in VAL A 191  =  1.80
 NON-STANDARD atom.|HG21| in residue> VAL A 191 
 GUESSED vdw of HG21 in VAL A 191  =  1.80
 NON-STANDARD atom.|HG22| in residue> VAL A 191 
 GUESSED vdw of HG22 in VAL A 191  =  1.80
 NON-STANDARD atom.|HG23| in residue> VAL A 191 
 GUESSED vdw of HG23 in VAL A 191  =  1.80
 NON-STANDARD atom.|HE21| in residue> GLN A 199 
 GUESSED vdw of HE21 in GLN A 199  =  1.80
 NON-STANDARD atom.|HE22| in residue> GLN A 199 
 GUESSED vdw of HE22 in GLN A 199  =  1.80
 NON-STANDARD atom.|HG11| in residue> VAL A 205 
 GUESSED vdw of HG11 in VAL A 205  =  1.80
 NON-STANDARD atom.|HG12| in residue> VAL A 205 
 GUESSED vdw of HG12 in VAL A 205  =  1.80
 NON-STANDARD atom.|HG13| in residue> VAL A 205 
 GUESSED vdw of HG13 in VAL A 205  =  1.80
 NON-STANDARD atom.|HG21| in residue> VAL A 205 
 GUESSED vdw of HG21 in VAL A 205  =  1.80
 NON-STANDARD atom.|HG22| in residue> VAL A 205 
 GUESSED vdw of HG22 in VAL A 205  =  1.80
 NON-STANDARD atom.|HG23| in residue> VAL A 205 
 GUESSED vdw of HG23 in VAL A 205  =  1.80
 NON-STANDARD atom.|HG21| in residue> THR A 207 
 GUESSED vdw of HG21 in THR A 207  =  1.80
 NON-STANDARD atom.|HG22| in residue> THR A 207 
 GUESSED vdw of HG22 in THR A 207  =  1.80
 NON-STANDARD atom.|HG23| in residue> THR A 207 
 GUESSED vdw of HG23 in THR A 207  =  1.80
 NON-STANDARD atom.|HG11| in residue> VAL A 209 
 GUESSED vdw of HG11 in VAL A 209  =  1.80
 NON-STANDARD atom.|HG12| in residue> VAL A 209 
 GUESSED vdw of HG12 in VAL A 209  =  1.80
 NON-STANDARD atom.|HG13| in residue> VAL A 209 
 GUESSED vdw of HG13 in VAL A 209  =  1.80
 NON-STANDARD atom.|HG21| in residue> VAL A 209 
 GUESSED vdw of HG21 in VAL A 209  =  1.80
 NON-STANDARD atom.|HG22| in residue> VAL A 209 
 GUESSED vdw of HG22 in VAL A 209  =  1.80
 NON-STANDARD atom.|HG23| in residue> VAL A 209 
 GUESSED vdw of HG23 in VAL A 209  =  1.80
 NON-STANDARD atom.|HG11| in residue> VAL A 213 
 GUESSED vdw of HG11 in VAL A 213  =  1.80
 NON-STANDARD atom.|HG12| in residue> VAL A 213 
 GUESSED vdw of HG12 in VAL A 213  =  1.80
 NON-STANDARD atom.|HG13| in residue> VAL A 213 
 GUESSED vdw of HG13 in VAL A 213  =  1.80
 NON-STANDARD atom.|HG21| in residue> VAL A 213 
 GUESSED vdw of HG21 in VAL A 213  =  1.80
 NON-STANDARD atom.|HG22| in residue> VAL A 213 
 GUESSED vdw of HG22 in VAL A 213  =  1.80
 NON-STANDARD atom.|HG23| in residue> VAL A 213 
 GUESSED vdw of HG23 in VAL A 213  =  1.80
 NON-STANDARD atom.|HG12| in residue> ILE A 216 
 GUESSED vdw of HG12 in ILE A 216  =  1.80
 NON-STANDARD atom.|HG13| in residue> ILE A 216 
 GUESSED vdw of HG13 in ILE A 216  =  1.80
 NON-STANDARD atom.|HG21| in residue> ILE A 216 
 GUESSED vdw of HG21 in ILE A 216  =  1.80
 NON-STANDARD atom.|HG22| in residue> ILE A 216 
 GUESSED vdw of HG22 in ILE A 216  =  1.80
 NON-STANDARD atom.|HG23| in residue> ILE A 216 
 GUESSED vdw of HG23 in ILE A 216  =  1.80
 NON-STANDARD atom.|HE21| in residue> GLN A 218 
 GUESSED vdw of HE21 in GLN A 218  =  1.80
 NON-STANDARD atom.|HE22| in residue> GLN A 218 
 GUESSED vdw of HE22 in GLN A 218  =  1.80
 NON-STANDARD atom.|HG21| in residue> THR A 219 
 GUESSED vdw of HG21 in THR A 219  =  1.80
 NON-STANDARD atom.|HG22| in residue> THR A 219 
 GUESSED vdw of HG22 in THR A 219  =  1.80
 NON-STANDARD atom.|HG23| in residue> THR A 219 
 GUESSED vdw of HG23 in THR A 219  =  1.80
 NON-STANDARD atom.|HG12| in residue> ILE A 220 
 GUESSED vdw of HG12 in ILE A 220  =  1.80
 NON-STANDARD atom.|HG13| in residue> ILE A 220 
 GUESSED vdw of HG13 in ILE A 220  =  1.80
 NON-STANDARD atom.|HG21| in residue> ILE A 220 
 GUESSED vdw of HG21 in ILE A 220  =  1.80
 NON-STANDARD atom.|HG22| in residue> ILE A 220 
 GUESSED vdw of HG22 in ILE A 220  =  1.80
 NON-STANDARD atom.|HG23| in residue> ILE A 220 
 GUESSED vdw of HG23 in ILE A 220  =  1.80
 ADDED VDW RADII
 CHAINS       1
 RESIDUES   223
 ATOMS     1856
 SOLVA: PROGRAM ENDS CORRECTLY
 CALCULATED ATOMIC ACCESSIBILITES
 RELATIVE (STANDARD) ACCESSIBILITIES READFOR  20 AMINO ACIDS
 SUMMED ACCESSIBILITIES OVER RESIDUES
