 ACCALL - Accessibility calculations
 MAX RESIDUES     8000
 MAX ATOMS/RES     100
 PDB FILE INPUT 1T4F.mainChain.pdb
 PROBE SIZE       1.40
 Z-SLICE WIDTH    .050
 VDW RADII FILE /vol/ek/share/bin/naccess2.1.1/vdw.radii
 EXCL HETATOMS
 EXCL HYDROGENS
 EXCL WATERS
 READVDW  32 residues input
 NON-STANDARD atom.|HG21| in residue> THR A   4 
 GUESSED vdw of HG21 in THR A   4  =  1.80
 NON-STANDARD atom.|HG22| in residue> THR A   4 
 GUESSED vdw of HG22 in THR A   4  =  1.80
 NON-STANDARD atom.|HG23| in residue> THR A   4 
 GUESSED vdw of HG23 in THR A   4  =  1.80
 NON-STANDARD atom.|HG11| in residue> VAL A   8 
 GUESSED vdw of HG11 in VAL A   8  =  1.80
 NON-STANDARD atom.|HG12| in residue> VAL A   8 
 GUESSED vdw of HG12 in VAL A   8  =  1.80
 NON-STANDARD atom.|HG13| in residue> VAL A   8 
 GUESSED vdw of HG13 in VAL A   8  =  1.80
 NON-STANDARD atom.|HG21| in residue> VAL A   8 
 GUESSED vdw of HG21 in VAL A   8  =  1.80
 NON-STANDARD atom.|HG22| in residue> VAL A   8 
 GUESSED vdw of HG22 in VAL A   8  =  1.80
 NON-STANDARD atom.|HG23| in residue> VAL A   8 
 GUESSED vdw of HG23 in VAL A   8  =  1.80
 NON-STANDARD atom.|HG21| in residue> THR A  10 
 GUESSED vdw of HG21 in THR A  10  =  1.80
 NON-STANDARD atom.|HG22| in residue> THR A  10 
 GUESSED vdw of HG22 in THR A  10  =  1.80
 NON-STANDARD atom.|HG23| in residue> THR A  10 
 GUESSED vdw of HG23 in THR A  10  =  1.80
 NON-STANDARD atom.|HG11| in residue> VAL A  14 
 GUESSED vdw of HG11 in VAL A  14  =  1.80
 NON-STANDARD atom.|HG12| in residue> VAL A  14 
 GUESSED vdw of HG12 in VAL A  14  =  1.80
 NON-STANDARD atom.|HG13| in residue> VAL A  14 
 GUESSED vdw of HG13 in VAL A  14  =  1.80
 NON-STANDARD atom.|HG21| in residue> VAL A  14 
 GUESSED vdw of HG21 in VAL A  14  =  1.80
 NON-STANDARD atom.|HG22| in residue> VAL A  14 
 GUESSED vdw of HG22 in VAL A  14  =  1.80
 NON-STANDARD atom.|HG23| in residue> VAL A  14 
 GUESSED vdw of HG23 in VAL A  14  =  1.80
 NON-STANDARD atom.|HG21| in residue> THR A  15 
 GUESSED vdw of HG21 in THR A  15  =  1.80
 NON-STANDARD atom.|HG22| in residue> THR A  15 
 GUESSED vdw of HG22 in THR A  15  =  1.80
 NON-STANDARD atom.|HG23| in residue> THR A  15 
 GUESSED vdw of HG23 in THR A  15  =  1.80
 NON-STANDARD atom.|HG21| in residue> THR A  16 
 GUESSED vdw of HG21 in THR A  16  =  1.80
 NON-STANDARD atom.|HG22| in residue> THR A  16 
 GUESSED vdw of HG22 in THR A  16  =  1.80
 NON-STANDARD atom.|HG23| in residue> THR A  16 
 GUESSED vdw of HG23 in THR A  16  =  1.80
 NON-STANDARD atom.|HE21| in residue> GLN A  18 
 GUESSED vdw of HE21 in GLN A  18  =  1.80
 NON-STANDARD atom.|HE22| in residue> GLN A  18 
 GUESSED vdw of HE22 in GLN A  18  =  1.80
 NON-STANDARD atom.|HG12| in residue> ILE A  19 
 GUESSED vdw of HG12 in ILE A  19  =  1.80
 NON-STANDARD atom.|HG13| in residue> ILE A  19 
 GUESSED vdw of HG13 in ILE A  19  =  1.80
 NON-STANDARD atom.|HG21| in residue> ILE A  19 
 GUESSED vdw of HG21 in ILE A  19  =  1.80
 NON-STANDARD atom.|HG22| in residue> ILE A  19 
 GUESSED vdw of HG22 in ILE A  19  =  1.80
 NON-STANDARD atom.|HG23| in residue> ILE A  19 
 GUESSED vdw of HG23 in ILE A  19  =  1.80
 NON-STANDARD atom.|HE21| in residue> GLN A  24 
 GUESSED vdw of HE21 in GLN A  24  =  1.80
 NON-STANDARD atom.|HE22| in residue> GLN A  24 
 GUESSED vdw of HE22 in GLN A  24  =  1.80
 NON-STANDARD atom.|HG21| in residue> THR A  26 
 GUESSED vdw of HG21 in THR A  26  =  1.80
 NON-STANDARD atom.|HG22| in residue> THR A  26 
 GUESSED vdw of HG22 in THR A  26  =  1.80
 NON-STANDARD atom.|HG23| in residue> THR A  26 
 GUESSED vdw of HG23 in THR A  26  =  1.80
 NON-STANDARD atom.|HG11| in residue> VAL A  28 
 GUESSED vdw of HG11 in VAL A  28  =  1.80
 NON-STANDARD atom.|HG12| in residue> VAL A  28 
 GUESSED vdw of HG12 in VAL A  28  =  1.80
 NON-STANDARD atom.|HG13| in residue> VAL A  28 
 GUESSED vdw of HG13 in VAL A  28  =  1.80
 NON-STANDARD atom.|HG21| in residue> VAL A  28 
 GUESSED vdw of HG21 in VAL A  28  =  1.80
 NON-STANDARD atom.|HG22| in residue> VAL A  28 
 GUESSED vdw of HG22 in VAL A  28  =  1.80
 NON-STANDARD atom.|HG23| in residue> VAL A  28 
 GUESSED vdw of HG23 in VAL A  28  =  1.80
 NON-STANDARD atom.|HG11| in residue> VAL A  41 
 GUESSED vdw of HG11 in VAL A  41  =  1.80
 NON-STANDARD atom.|HG12| in residue> VAL A  41 
 GUESSED vdw of HG12 in VAL A  41  =  1.80
 NON-STANDARD atom.|HG13| in residue> VAL A  41 
 GUESSED vdw of HG13 in VAL A  41  =  1.80
 NON-STANDARD atom.|HG21| in residue> VAL A  41 
 GUESSED vdw of HG21 in VAL A  41  =  1.80
 NON-STANDARD atom.|HG22| in residue> VAL A  41 
 GUESSED vdw of HG22 in VAL A  41  =  1.80
 NON-STANDARD atom.|HG23| in residue> VAL A  41 
 GUESSED vdw of HG23 in VAL A  41  =  1.80
 NON-STANDARD atom.|HE21| in residue> GLN A  44 
 GUESSED vdw of HE21 in GLN A  44  =  1.80
 NON-STANDARD atom.|HE22| in residue> GLN A  44 
 GUESSED vdw of HE22 in GLN A  44  =  1.80
 NON-STANDARD atom.|HG21| in residue> THR A  47 
 GUESSED vdw of HG21 in THR A  47  =  1.80
 NON-STANDARD atom.|HG22| in residue> THR A  47 
 GUESSED vdw of HG22 in THR A  47  =  1.80
 NON-STANDARD atom.|HG23| in residue> THR A  47 
 GUESSED vdw of HG23 in THR A  47  =  1.80
 NON-STANDARD atom.|HG21| in residue> THR A  49 
 GUESSED vdw of HG21 in THR A  49  =  1.80
 NON-STANDARD atom.|HG22| in residue> THR A  49 
 GUESSED vdw of HG22 in THR A  49  =  1.80
 NON-STANDARD atom.|HG23| in residue> THR A  49 
 GUESSED vdw of HG23 in THR A  49  =  1.80
 NON-STANDARD atom.|HG11| in residue> VAL A  53 
 GUESSED vdw of HG11 in VAL A  53  =  1.80
 NON-STANDARD atom.|HG12| in residue> VAL A  53 
 GUESSED vdw of HG12 in VAL A  53  =  1.80
 NON-STANDARD atom.|HG13| in residue> VAL A  53 
 GUESSED vdw of HG13 in VAL A  53  =  1.80
 NON-STANDARD atom.|HG21| in residue> VAL A  53 
 GUESSED vdw of HG21 in VAL A  53  =  1.80
 NON-STANDARD atom.|HG22| in residue> VAL A  53 
 GUESSED vdw of HG22 in VAL A  53  =  1.80
 NON-STANDARD atom.|HG23| in residue> VAL A  53 
 GUESSED vdw of HG23 in VAL A  53  =  1.80
 NON-STANDARD atom.|HE21| in residue> GLN A  59 
 GUESSED vdw of HE21 in GLN A  59  =  1.80
 NON-STANDARD atom.|HE22| in residue> GLN A  59 
 GUESSED vdw of HE22 in GLN A  59  =  1.80
 NON-STANDARD atom.|HG12| in residue> ILE A  61 
 GUESSED vdw of HG12 in ILE A  61  =  1.80
 NON-STANDARD atom.|HG13| in residue> ILE A  61 
 GUESSED vdw of HG13 in ILE A  61  =  1.80
 NON-STANDARD atom.|HG21| in residue> ILE A  61 
 GUESSED vdw of HG21 in ILE A  61  =  1.80
 NON-STANDARD atom.|HG22| in residue> ILE A  61 
 GUESSED vdw of HG22 in ILE A  61  =  1.80
 NON-STANDARD atom.|HG23| in residue> ILE A  61 
 GUESSED vdw of HG23 in ILE A  61  =  1.80
 NON-STANDARD atom.|HG21| in residue> THR A  63 
 GUESSED vdw of HG21 in THR A  63  =  1.80
 NON-STANDARD atom.|HG22| in residue> THR A  63 
 GUESSED vdw of HG22 in THR A  63  =  1.80
 NON-STANDARD atom.|HG23| in residue> THR A  63 
 GUESSED vdw of HG23 in THR A  63  =  1.80
 NON-STANDARD atom.|HE21| in residue> GLN A  71 
 GUESSED vdw of HE21 in GLN A  71  =  1.80
 NON-STANDARD atom.|HE22| in residue> GLN A  71 
 GUESSED vdw of HE22 in GLN A  71  =  1.80
 NON-STANDARD atom.|HE21| in residue> GLN A  72 
 GUESSED vdw of HE21 in GLN A  72  =  1.80
 NON-STANDARD atom.|HE22| in residue> GLN A  72 
 GUESSED vdw of HE22 in GLN A  72  =  1.80
 NON-STANDARD atom.|HG12| in residue> ILE A  74 
 GUESSED vdw of HG12 in ILE A  74  =  1.80
 NON-STANDARD atom.|HG13| in residue> ILE A  74 
 GUESSED vdw of HG13 in ILE A  74  =  1.80
 NON-STANDARD atom.|HG21| in residue> ILE A  74 
 GUESSED vdw of HG21 in ILE A  74  =  1.80
 NON-STANDARD atom.|HG22| in residue> ILE A  74 
 GUESSED vdw of HG22 in ILE A  74  =  1.80
 NON-STANDARD atom.|HG23| in residue> ILE A  74 
 GUESSED vdw of HG23 in ILE A  74  =  1.80
 NON-STANDARD atom.|HG11| in residue> VAL A  75 
 GUESSED vdw of HG11 in VAL A  75  =  1.80
 NON-STANDARD atom.|HG12| in residue> VAL A  75 
 GUESSED vdw of HG12 in VAL A  75  =  1.80
 NON-STANDARD atom.|HG13| in residue> VAL A  75 
 GUESSED vdw of HG13 in VAL A  75  =  1.80
 NON-STANDARD atom.|HG21| in residue> VAL A  75 
 GUESSED vdw of HG21 in VAL A  75  =  1.80
 NON-STANDARD atom.|HG22| in residue> VAL A  75 
 GUESSED vdw of HG22 in VAL A  75  =  1.80
 NON-STANDARD atom.|HG23| in residue> VAL A  75 
 GUESSED vdw of HG23 in VAL A  75  =  1.80
 NON-STANDARD atom.|HG11| in residue> VAL A  88 
 GUESSED vdw of HG11 in VAL A  88  =  1.80
 NON-STANDARD atom.|HG12| in residue> VAL A  88 
 GUESSED vdw of HG12 in VAL A  88  =  1.80
 NON-STANDARD atom.|HG13| in residue> VAL A  88 
 GUESSED vdw of HG13 in VAL A  88  =  1.80
 NON-STANDARD atom.|HG21| in residue> VAL A  88 
 GUESSED vdw of HG21 in VAL A  88  =  1.80
 NON-STANDARD atom.|HG22| in residue> VAL A  88 
 GUESSED vdw of HG22 in VAL A  88  =  1.80
 NON-STANDARD atom.|HG23| in residue> VAL A  88 
 GUESSED vdw of HG23 in VAL A  88  =  1.80
 NON-STANDARD atom.|HG11| in residue> VAL A  93 
 GUESSED vdw of HG11 in VAL A  93  =  1.80
 NON-STANDARD atom.|HG12| in residue> VAL A  93 
 GUESSED vdw of HG12 in VAL A  93  =  1.80
 NON-STANDARD atom.|HG13| in residue> VAL A  93 
 GUESSED vdw of HG13 in VAL A  93  =  1.80
 NON-STANDARD atom.|HG21| in residue> VAL A  93 
 GUESSED vdw of HG21 in VAL A  93  =  1.80
 NON-STANDARD atom.|HG22| in residue> VAL A  93 
 GUESSED vdw of HG22 in VAL A  93  =  1.80
 NON-STANDARD atom.|HG23| in residue> VAL A  93 
 GUESSED vdw of HG23 in VAL A  93  =  1.80
 NON-STANDARD atom.|HG12| in residue> ILE A  99 
 GUESSED vdw of HG12 in ILE A  99  =  1.80
 NON-STANDARD atom.|HG13| in residue> ILE A  99 
 GUESSED vdw of HG13 in ILE A  99  =  1.80
 NON-STANDARD atom.|HG21| in residue> ILE A  99 
 GUESSED vdw of HG21 in ILE A  99  =  1.80
 NON-STANDARD atom.|HG22| in residue> ILE A  99 
 GUESSED vdw of HG22 in ILE A  99  =  1.80
 NON-STANDARD atom.|HG23| in residue> ILE A  99 
 GUESSED vdw of HG23 in ILE A  99  =  1.80
 NON-STANDARD atom.|HG21| in residue> THR A 101 
 GUESSED vdw of HG21 in THR A 101  =  1.80
 NON-STANDARD atom.|HG22| in residue> THR A 101 
 GUESSED vdw of HG22 in THR A 101  =  1.80
 NON-STANDARD atom.|HG23| in residue> THR A 101 
 GUESSED vdw of HG23 in THR A 101  =  1.80
 NON-STANDARD atom.|HG12| in residue> ILE A 103 
 GUESSED vdw of HG12 in ILE A 103  =  1.80
 NON-STANDARD atom.|HG13| in residue> ILE A 103 
 GUESSED vdw of HG13 in ILE A 103  =  1.80
 NON-STANDARD atom.|HG21| in residue> ILE A 103 
 GUESSED vdw of HG21 in ILE A 103  =  1.80
 NON-STANDARD atom.|HG22| in residue> ILE A 103 
 GUESSED vdw of HG22 in ILE A 103  =  1.80
 NON-STANDARD atom.|HG23| in residue> ILE A 103 
 GUESSED vdw of HG23 in ILE A 103  =  1.80
 NON-STANDARD atom.|HG11| in residue> VAL A 108 
 GUESSED vdw of HG11 in VAL A 108  =  1.80
 NON-STANDARD atom.|HG12| in residue> VAL A 108 
 GUESSED vdw of HG12 in VAL A 108  =  1.80
 NON-STANDARD atom.|HG13| in residue> VAL A 108 
 GUESSED vdw of HG13 in VAL A 108  =  1.80
 NON-STANDARD atom.|HG21| in residue> VAL A 108 
 GUESSED vdw of HG21 in VAL A 108  =  1.80
 NON-STANDARD atom.|HG22| in residue> VAL A 108 
 GUESSED vdw of HG22 in VAL A 108  =  1.80
 NON-STANDARD atom.|HG23| in residue> VAL A 108 
 GUESSED vdw of HG23 in VAL A 108  =  1.80
 NON-STANDARD atom.|HG11| in residue> VAL A 109 
 GUESSED vdw of HG11 in VAL A 109  =  1.80
 NON-STANDARD atom.|HG12| in residue> VAL A 109 
 GUESSED vdw of HG12 in VAL A 109  =  1.80
 NON-STANDARD atom.|HG13| in residue> VAL A 109 
 GUESSED vdw of HG13 in VAL A 109  =  1.80
 NON-STANDARD atom.|HG21| in residue> VAL A 109 
 GUESSED vdw of HG21 in VAL A 109  =  1.80
 NON-STANDARD atom.|HG22| in residue> VAL A 109 
 GUESSED vdw of HG22 in VAL A 109  =  1.80
 NON-STANDARD atom.|HG23| in residue> VAL A 109 
 GUESSED vdw of HG23 in VAL A 109  =  1.80
 NON-STANDARD atom.|HG11| in residue> VAL A 110 
 GUESSED vdw of HG11 in VAL A 110  =  1.80
 NON-STANDARD atom.|HG12| in residue> VAL A 110 
 GUESSED vdw of HG12 in VAL A 110  =  1.80
 NON-STANDARD atom.|HG13| in residue> VAL A 110 
 GUESSED vdw of HG13 in VAL A 110  =  1.80
 NON-STANDARD atom.|HG21| in residue> VAL A 110 
 GUESSED vdw of HG21 in VAL A 110  =  1.80
 NON-STANDARD atom.|HG22| in residue> VAL A 110 
 GUESSED vdw of HG22 in VAL A 110  =  1.80
 NON-STANDARD atom.|HG23| in residue> VAL A 110 
 GUESSED vdw of HG23 in VAL A 110  =  1.80
 NON-STANDARD atom.|HE21| in residue> GLN A 112 
 GUESSED vdw of HE21 in GLN A 112  =  1.80
 NON-STANDARD atom.|HE22| in residue> GLN A 112 
 GUESSED vdw of HE22 in GLN A 112  =  1.80
 NON-STANDARD atom.|HE21| in residue> GLN A 113 
 GUESSED vdw of HE21 in GLN A 113  =  1.80
 NON-STANDARD atom.|HE22| in residue> GLN A 113 
 GUESSED vdw of HE22 in GLN A 113  =  1.80
 ADDED VDW RADII
 CHAINS       1
 RESIDUES   119
 ATOMS     1083
 SOLVA: PROGRAM ENDS CORRECTLY
 CALCULATED ATOMIC ACCESSIBILITES
 RELATIVE (STANDARD) ACCESSIBILITIES READFOR  20 AMINO ACIDS
 SUMMED ACCESSIBILITIES OVER RESIDUES
