 ACCALL - Accessibility calculations
 MAX RESIDUES     8000
 MAX ATOMS/RES     100
 PDB FILE INPUT 1UJ0.mainChain.pdb
 PROBE SIZE       1.40
 Z-SLICE WIDTH    .050
 VDW RADII FILE /vol/ek/share/bin/naccess2.1.1/vdw.radii
 EXCL HETATOMS
 EXCL HYDROGENS
 EXCL WATERS
 READVDW  32 residues input
 NON-STANDARD atom.|HG12| in residue> ILE A  10 
 GUESSED vdw of HG12 in ILE A  10  =  1.80
 NON-STANDARD atom.|HG13| in residue> ILE A  10 
 GUESSED vdw of HG13 in ILE A  10  =  1.80
 NON-STANDARD atom.|HG21| in residue> ILE A  10 
 GUESSED vdw of HG21 in ILE A  10  =  1.80
 NON-STANDARD atom.|HG22| in residue> ILE A  10 
 GUESSED vdw of HG22 in ILE A  10  =  1.80
 NON-STANDARD atom.|HG23| in residue> ILE A  10 
 GUESSED vdw of HG23 in ILE A  10  =  1.80
 NON-STANDARD atom.|HE21| in residue> GLN A  11 
 GUESSED vdw of HE21 in GLN A  11  =  1.80
 NON-STANDARD atom.|HE22| in residue> GLN A  11 
 GUESSED vdw of HE22 in GLN A  11  =  1.80
 NON-STANDARD atom.|HG11| in residue> VAL A  16 
 GUESSED vdw of HG11 in VAL A  16  =  1.80
 NON-STANDARD atom.|HG12| in residue> VAL A  16 
 GUESSED vdw of HG12 in VAL A  16  =  1.80
 NON-STANDARD atom.|HG13| in residue> VAL A  16 
 GUESSED vdw of HG13 in VAL A  16  =  1.80
 NON-STANDARD atom.|HG21| in residue> VAL A  16 
 GUESSED vdw of HG21 in VAL A  16  =  1.80
 NON-STANDARD atom.|HG22| in residue> VAL A  16 
 GUESSED vdw of HG22 in VAL A  16  =  1.80
 NON-STANDARD atom.|HG23| in residue> VAL A  16 
 GUESSED vdw of HG23 in VAL A  16  =  1.80
 NON-STANDARD atom.|HG11| in residue> VAL A  20 
 GUESSED vdw of HG11 in VAL A  20  =  1.80
 NON-STANDARD atom.|HG12| in residue> VAL A  20 
 GUESSED vdw of HG12 in VAL A  20  =  1.80
 NON-STANDARD atom.|HG13| in residue> VAL A  20 
 GUESSED vdw of HG13 in VAL A  20  =  1.80
 NON-STANDARD atom.|HG21| in residue> VAL A  20 
 GUESSED vdw of HG21 in VAL A  20  =  1.80
 NON-STANDARD atom.|HG22| in residue> VAL A  20 
 GUESSED vdw of HG22 in VAL A  20  =  1.80
 NON-STANDARD atom.|HG23| in residue> VAL A  20 
 GUESSED vdw of HG23 in VAL A  20  =  1.80
 NON-STANDARD atom.|HG11| in residue> VAL A  29 
 GUESSED vdw of HG11 in VAL A  29  =  1.80
 NON-STANDARD atom.|HG12| in residue> VAL A  29 
 GUESSED vdw of HG12 in VAL A  29  =  1.80
 NON-STANDARD atom.|HG13| in residue> VAL A  29 
 GUESSED vdw of HG13 in VAL A  29  =  1.80
 NON-STANDARD atom.|HG21| in residue> VAL A  29 
 GUESSED vdw of HG21 in VAL A  29  =  1.80
 NON-STANDARD atom.|HG22| in residue> VAL A  29 
 GUESSED vdw of HG22 in VAL A  29  =  1.80
 NON-STANDARD atom.|HG23| in residue> VAL A  29 
 GUESSED vdw of HG23 in VAL A  29  =  1.80
 NON-STANDARD atom.|HG21| in residue> THR A  35 
 GUESSED vdw of HG21 in THR A  35  =  1.80
 NON-STANDARD atom.|HG22| in residue> THR A  35 
 GUESSED vdw of HG22 in THR A  35  =  1.80
 NON-STANDARD atom.|HG23| in residue> THR A  35 
 GUESSED vdw of HG23 in THR A  35  =  1.80
 NON-STANDARD atom.|HG12| in residue> ILE A  41 
 GUESSED vdw of HG12 in ILE A  41  =  1.80
 NON-STANDARD atom.|HG13| in residue> ILE A  41 
 GUESSED vdw of HG13 in ILE A  41  =  1.80
 NON-STANDARD atom.|HG21| in residue> ILE A  41 
 GUESSED vdw of HG21 in ILE A  41  =  1.80
 NON-STANDARD atom.|HG22| in residue> ILE A  41 
 GUESSED vdw of HG22 in ILE A  41  =  1.80
 NON-STANDARD atom.|HG23| in residue> ILE A  41 
 GUESSED vdw of HG23 in ILE A  41  =  1.80
 NON-STANDARD atom.|HG12| in residue> ILE A  42 
 GUESSED vdw of HG12 in ILE A  42  =  1.80
 NON-STANDARD atom.|HG13| in residue> ILE A  42 
 GUESSED vdw of HG13 in ILE A  42  =  1.80
 NON-STANDARD atom.|HG21| in residue> ILE A  42 
 GUESSED vdw of HG21 in ILE A  42  =  1.80
 NON-STANDARD atom.|HG22| in residue> ILE A  42 
 GUESSED vdw of HG22 in ILE A  42  =  1.80
 NON-STANDARD atom.|HG23| in residue> ILE A  42 
 GUESSED vdw of HG23 in ILE A  42  =  1.80
 NON-STANDARD atom.|HG12| in residue> ILE A  43 
 GUESSED vdw of HG12 in ILE A  43  =  1.80
 NON-STANDARD atom.|HG13| in residue> ILE A  43 
 GUESSED vdw of HG13 in ILE A  43  =  1.80
 NON-STANDARD atom.|HG21| in residue> ILE A  43 
 GUESSED vdw of HG21 in ILE A  43  =  1.80
 NON-STANDARD atom.|HG22| in residue> ILE A  43 
 GUESSED vdw of HG22 in ILE A  43  =  1.80
 NON-STANDARD atom.|HG23| in residue> ILE A  43 
 GUESSED vdw of HG23 in ILE A  43  =  1.80
 NON-STANDARD atom.|HG11| in residue> VAL A  44 
 GUESSED vdw of HG11 in VAL A  44  =  1.80
 NON-STANDARD atom.|HG12| in residue> VAL A  44 
 GUESSED vdw of HG12 in VAL A  44  =  1.80
 NON-STANDARD atom.|HG13| in residue> VAL A  44 
 GUESSED vdw of HG13 in VAL A  44  =  1.80
 NON-STANDARD atom.|HG21| in residue> VAL A  44 
 GUESSED vdw of HG21 in VAL A  44  =  1.80
 NON-STANDARD atom.|HG22| in residue> VAL A  44 
 GUESSED vdw of HG22 in VAL A  44  =  1.80
 NON-STANDARD atom.|HG23| in residue> VAL A  44 
 GUESSED vdw of HG23 in VAL A  44  =  1.80
 NON-STANDARD atom.|HG12| in residue> ILE A  61 
 GUESSED vdw of HG12 in ILE A  61  =  1.80
 NON-STANDARD atom.|HG13| in residue> ILE A  61 
 GUESSED vdw of HG13 in ILE A  61  =  1.80
 NON-STANDARD atom.|HG21| in residue> ILE A  61 
 GUESSED vdw of HG21 in ILE A  61  =  1.80
 NON-STANDARD atom.|HG22| in residue> ILE A  61 
 GUESSED vdw of HG22 in ILE A  61  =  1.80
 NON-STANDARD atom.|HG23| in residue> ILE A  61 
 GUESSED vdw of HG23 in ILE A  61  =  1.80
 NON-STANDARD atom.|HG11| in residue> VAL A  69 
 GUESSED vdw of HG11 in VAL A  69  =  1.80
 NON-STANDARD atom.|HG12| in residue> VAL A  69 
 GUESSED vdw of HG12 in VAL A  69  =  1.80
 NON-STANDARD atom.|HG13| in residue> VAL A  69 
 GUESSED vdw of HG13 in VAL A  69  =  1.80
 NON-STANDARD atom.|HG21| in residue> VAL A  69 
 GUESSED vdw of HG21 in VAL A  69  =  1.80
 NON-STANDARD atom.|HG22| in residue> VAL A  69 
 GUESSED vdw of HG22 in VAL A  69  =  1.80
 NON-STANDARD atom.|HG23| in residue> VAL A  69 
 GUESSED vdw of HG23 in VAL A  69  =  1.80
 NON-STANDARD atom.|HG21| in residue> THR A  70 
 GUESSED vdw of HG21 in THR A  70  =  1.80
 NON-STANDARD atom.|HG22| in residue> THR A  70 
 GUESSED vdw of HG22 in THR A  70  =  1.80
 NON-STANDARD atom.|HG23| in residue> THR A  70 
 GUESSED vdw of HG23 in THR A  70  =  1.80
 NON-STANDARD atom.|HG21| in residue> THR A  71 
 GUESSED vdw of HG21 in THR A  71  =  1.80
 NON-STANDARD atom.|HG22| in residue> THR A  71 
 GUESSED vdw of HG22 in THR A  71  =  1.80
 NON-STANDARD atom.|HG23| in residue> THR A  71 
 GUESSED vdw of HG23 in THR A  71  =  1.80
 NON-STANDARD atom.|HG12| in residue> ILE A  75 
 GUESSED vdw of HG12 in ILE A  75  =  1.80
 NON-STANDARD atom.|HG13| in residue> ILE A  75 
 GUESSED vdw of HG13 in ILE A  75  =  1.80
 NON-STANDARD atom.|HG21| in residue> ILE A  75 
 GUESSED vdw of HG21 in ILE A  75  =  1.80
 NON-STANDARD atom.|HG22| in residue> ILE A  75 
 GUESSED vdw of HG22 in ILE A  75  =  1.80
 NON-STANDARD atom.|HG23| in residue> ILE A  75 
 GUESSED vdw of HG23 in ILE A  75  =  1.80
 NON-STANDARD atom.|HG21| in residue> THR A  77 
 GUESSED vdw of HG21 in THR A  77  =  1.80
 NON-STANDARD atom.|HG22| in residue> THR A  77 
 GUESSED vdw of HG22 in THR A  77  =  1.80
 NON-STANDARD atom.|HG23| in residue> THR A  77 
 GUESSED vdw of HG23 in THR A  77  =  1.80
 NON-STANDARD atom.|HG11| in residue> VAL A  82 
 GUESSED vdw of HG11 in VAL A  82  =  1.80
 NON-STANDARD atom.|HG12| in residue> VAL A  82 
 GUESSED vdw of HG12 in VAL A  82  =  1.80
 NON-STANDARD atom.|HG13| in residue> VAL A  82 
 GUESSED vdw of HG13 in VAL A  82  =  1.80
 NON-STANDARD atom.|HG21| in residue> VAL A  82 
 GUESSED vdw of HG21 in VAL A  82  =  1.80
 NON-STANDARD atom.|HG22| in residue> VAL A  82 
 GUESSED vdw of HG22 in VAL A  82  =  1.80
 NON-STANDARD atom.|HG23| in residue> VAL A  82 
 GUESSED vdw of HG23 in VAL A  82  =  1.80
 ADDED VDW RADII
 CHAINS       1
 RESIDUES    88
 ATOMS      749
 SOLVA: PROGRAM ENDS CORRECTLY
 CALCULATED ATOMIC ACCESSIBILITES
 RELATIVE (STANDARD) ACCESSIBILITIES READFOR  20 AMINO ACIDS
 SUMMED ACCESSIBILITIES OVER RESIDUES
