 ACCALL - Accessibility calculations
 MAX RESIDUES     8000
 MAX ATOMS/RES     100
 PDB FILE INPUT 2J6F.mainChain.pdb
 PROBE SIZE       1.40
 Z-SLICE WIDTH    .050
 VDW RADII FILE /vol/ek/share/bin/naccess2.1.1/vdw.radii
 EXCL HETATOMS
 EXCL HYDROGENS
 EXCL WATERS
 READVDW  32 residues input
 NON-STANDARD atom.|HG11| in residue> VAL A  12 
 GUESSED vdw of HG11 in VAL A  12  =  1.80
 NON-STANDARD atom.|HG12| in residue> VAL A  12 
 GUESSED vdw of HG12 in VAL A  12  =  1.80
 NON-STANDARD atom.|HG13| in residue> VAL A  12 
 GUESSED vdw of HG13 in VAL A  12  =  1.80
 NON-STANDARD atom.|HG21| in residue> VAL A  12 
 GUESSED vdw of HG21 in VAL A  12  =  1.80
 NON-STANDARD atom.|HG22| in residue> VAL A  12 
 GUESSED vdw of HG22 in VAL A  12  =  1.80
 NON-STANDARD atom.|HG23| in residue> VAL A  12 
 GUESSED vdw of HG23 in VAL A  12  =  1.80
 NON-STANDARD atom.|HG12| in residue> ILE A  13 
 GUESSED vdw of HG12 in ILE A  13  =  1.80
 NON-STANDARD atom.|HG13| in residue> ILE A  13 
 GUESSED vdw of HG13 in ILE A  13  =  1.80
 NON-STANDARD atom.|HG21| in residue> ILE A  13 
 GUESSED vdw of HG21 in ILE A  13  =  1.80
 NON-STANDARD atom.|HG22| in residue> ILE A  13 
 GUESSED vdw of HG22 in ILE A  13  =  1.80
 NON-STANDARD atom.|HG23| in residue> ILE A  13 
 GUESSED vdw of HG23 in ILE A  13  =  1.80
 NON-STANDARD atom.|HE21| in residue> GLN A  19 
 GUESSED vdw of HE21 in GLN A  19  =  1.80
 NON-STANDARD atom.|HE22| in residue> GLN A  19 
 GUESSED vdw of HE22 in GLN A  19  =  1.80
 NON-STANDARD atom.|HG21| in residue> THR A  25 
 GUESSED vdw of HG21 in THR A  25  =  1.80
 NON-STANDARD atom.|HG22| in residue> THR A  25 
 GUESSED vdw of HG22 in THR A  25  =  1.80
 NON-STANDARD atom.|HG23| in residue> THR A  25 
 GUESSED vdw of HG23 in THR A  25  =  1.80
 NON-STANDARD atom.|HG12| in residue> ILE A  26 
 GUESSED vdw of HG12 in ILE A  26  =  1.80
 NON-STANDARD atom.|HG13| in residue> ILE A  26 
 GUESSED vdw of HG13 in ILE A  26  =  1.80
 NON-STANDARD atom.|HG21| in residue> ILE A  26 
 GUESSED vdw of HG21 in ILE A  26  =  1.80
 NON-STANDARD atom.|HG22| in residue> ILE A  26 
 GUESSED vdw of HG22 in ILE A  26  =  1.80
 NON-STANDARD atom.|HG23| in residue> ILE A  26 
 GUESSED vdw of HG23 in ILE A  26  =  1.80
 NON-STANDARD atom.|HG12| in residue> ILE A  31 
 GUESSED vdw of HG12 in ILE A  31  =  1.80
 NON-STANDARD atom.|HG13| in residue> ILE A  31 
 GUESSED vdw of HG13 in ILE A  31  =  1.80
 NON-STANDARD atom.|HG21| in residue> ILE A  31 
 GUESSED vdw of HG21 in ILE A  31  =  1.80
 NON-STANDARD atom.|HG22| in residue> ILE A  31 
 GUESSED vdw of HG22 in ILE A  31  =  1.80
 NON-STANDARD atom.|HG23| in residue> ILE A  31 
 GUESSED vdw of HG23 in ILE A  31  =  1.80
 NON-STANDARD atom.|HG11| in residue> VAL A  32 
 GUESSED vdw of HG11 in VAL A  32  =  1.80
 NON-STANDARD atom.|HG12| in residue> VAL A  32 
 GUESSED vdw of HG12 in VAL A  32  =  1.80
 NON-STANDARD atom.|HG13| in residue> VAL A  32 
 GUESSED vdw of HG13 in VAL A  32  =  1.80
 NON-STANDARD atom.|HG21| in residue> VAL A  32 
 GUESSED vdw of HG21 in VAL A  32  =  1.80
 NON-STANDARD atom.|HG22| in residue> VAL A  32 
 GUESSED vdw of HG22 in VAL A  32  =  1.80
 NON-STANDARD atom.|HG23| in residue> VAL A  32 
 GUESSED vdw of HG23 in VAL A  32  =  1.80
 NON-STANDARD atom.|HG21| in residue> THR A  33 
 GUESSED vdw of HG21 in THR A  33  =  1.80
 NON-STANDARD atom.|HG22| in residue> THR A  33 
 GUESSED vdw of HG22 in THR A  33  =  1.80
 NON-STANDARD atom.|HG23| in residue> THR A  33 
 GUESSED vdw of HG23 in THR A  33  =  1.80
 NON-STANDARD atom.|HG12| in residue> ILE A  35 
 GUESSED vdw of HG12 in ILE A  35  =  1.80
 NON-STANDARD atom.|HG13| in residue> ILE A  35 
 GUESSED vdw of HG13 in ILE A  35  =  1.80
 NON-STANDARD atom.|HG21| in residue> ILE A  35 
 GUESSED vdw of HG21 in ILE A  35  =  1.80
 NON-STANDARD atom.|HG22| in residue> ILE A  35 
 GUESSED vdw of HG22 in ILE A  35  =  1.80
 NON-STANDARD atom.|HG23| in residue> ILE A  35 
 GUESSED vdw of HG23 in ILE A  35  =  1.80
 NON-STANDARD atom.|HG12| in residue> ILE A  40 
 GUESSED vdw of HG12 in ILE A  40  =  1.80
 NON-STANDARD atom.|HG13| in residue> ILE A  40 
 GUESSED vdw of HG13 in ILE A  40  =  1.80
 NON-STANDARD atom.|HG21| in residue> ILE A  40 
 GUESSED vdw of HG21 in ILE A  40  =  1.80
 NON-STANDARD atom.|HG22| in residue> ILE A  40 
 GUESSED vdw of HG22 in ILE A  40  =  1.80
 NON-STANDARD atom.|HG23| in residue> ILE A  40 
 GUESSED vdw of HG23 in ILE A  40  =  1.80
 NON-STANDARD atom.|HG11| in residue> VAL A  42 
 GUESSED vdw of HG11 in VAL A  42  =  1.80
 NON-STANDARD atom.|HG12| in residue> VAL A  42 
 GUESSED vdw of HG12 in VAL A  42  =  1.80
 NON-STANDARD atom.|HG13| in residue> VAL A  42 
 GUESSED vdw of HG13 in VAL A  42  =  1.80
 NON-STANDARD atom.|HG21| in residue> VAL A  42 
 GUESSED vdw of HG21 in VAL A  42  =  1.80
 NON-STANDARD atom.|HG22| in residue> VAL A  42 
 GUESSED vdw of HG22 in VAL A  42  =  1.80
 NON-STANDARD atom.|HG23| in residue> VAL A  42 
 GUESSED vdw of HG23 in VAL A  42  =  1.80
 NON-STANDARD atom.|HG11| in residue> VAL A  55 
 GUESSED vdw of HG11 in VAL A  55  =  1.80
 NON-STANDARD atom.|HG12| in residue> VAL A  55 
 GUESSED vdw of HG12 in VAL A  55  =  1.80
 NON-STANDARD atom.|HG13| in residue> VAL A  55 
 GUESSED vdw of HG13 in VAL A  55  =  1.80
 NON-STANDARD atom.|HG21| in residue> VAL A  55 
 GUESSED vdw of HG21 in VAL A  55  =  1.80
 NON-STANDARD atom.|HG22| in residue> VAL A  55 
 GUESSED vdw of HG22 in VAL A  55  =  1.80
 NON-STANDARD atom.|HG23| in residue> VAL A  55 
 GUESSED vdw of HG23 in VAL A  55  =  1.80
 NON-STANDARD atom.|HG11| in residue> VAL A  61 
 GUESSED vdw of HG11 in VAL A  61  =  1.80
 NON-STANDARD atom.|HG12| in residue> VAL A  61 
 GUESSED vdw of HG12 in VAL A  61  =  1.80
 NON-STANDARD atom.|HG13| in residue> VAL A  61 
 GUESSED vdw of HG13 in VAL A  61  =  1.80
 NON-STANDARD atom.|HG21| in residue> VAL A  61 
 GUESSED vdw of HG21 in VAL A  61  =  1.80
 NON-STANDARD atom.|HG22| in residue> VAL A  61 
 GUESSED vdw of HG22 in VAL A  61  =  1.80
 NON-STANDARD atom.|HG23| in residue> VAL A  61 
 GUESSED vdw of HG23 in VAL A  61  =  1.80
 ADDED VDW RADII
 CHAINS       1
 RESIDUES    70
 ATOMS      597
 SOLVA: PROGRAM ENDS CORRECTLY
 CALCULATED ATOMIC ACCESSIBILITES
 RELATIVE (STANDARD) ACCESSIBILITIES READFOR  20 AMINO ACIDS
 SUMMED ACCESSIBILITIES OVER RESIDUES
