 ACCALL - Accessibility calculations
 MAX RESIDUES     8000
 MAX ATOMS/RES     100
 PDB FILE INPUT 2ZJD.mainChain.pdb
 PROBE SIZE       1.40
 Z-SLICE WIDTH    .050
 VDW RADII FILE /vol/ek/share/bin/naccess2.1.1/vdw.radii
 EXCL HETATOMS
 EXCL HYDROGENS
 EXCL WATERS
 READVDW  32 residues input
 NON-STANDARD atom.|HG21| in residue> THR A   6 
 GUESSED vdw of HG21 in THR A   6  =  1.80
 NON-STANDARD atom.|HG22| in residue> THR A   6 
 GUESSED vdw of HG22 in THR A   6  =  1.80
 NON-STANDARD atom.|HG23| in residue> THR A   6 
 GUESSED vdw of HG23 in THR A   6  =  1.80
 NON-STANDARD atom.|HE21| in residue> GLN A   9 
 GUESSED vdw of HE21 in GLN A   9  =  1.80
 NON-STANDARD atom.|HE22| in residue> GLN A   9 
 GUESSED vdw of HE22 in GLN A   9  =  1.80
 NON-STANDARD atom.|HG21| in residue> THR A  12 
 GUESSED vdw of HG21 in THR A  12  =  1.80
 NON-STANDARD atom.|HG22| in residue> THR A  12 
 GUESSED vdw of HG22 in THR A  12  =  1.80
 NON-STANDARD atom.|HG23| in residue> THR A  12 
 GUESSED vdw of HG23 in THR A  12  =  1.80
 NON-STANDARD atom.|HE21| in residue> GLN A  15 
 GUESSED vdw of HE21 in GLN A  15  =  1.80
 NON-STANDARD atom.|HE22| in residue> GLN A  15 
 GUESSED vdw of HE22 in GLN A  15  =  1.80
 NON-STANDARD atom.|HG11| in residue> VAL A  17 
 GUESSED vdw of HG11 in VAL A  17  =  1.80
 NON-STANDARD atom.|HG12| in residue> VAL A  17 
 GUESSED vdw of HG12 in VAL A  17  =  1.80
 NON-STANDARD atom.|HG13| in residue> VAL A  17 
 GUESSED vdw of HG13 in VAL A  17  =  1.80
 NON-STANDARD atom.|HG21| in residue> VAL A  17 
 GUESSED vdw of HG21 in VAL A  17  =  1.80
 NON-STANDARD atom.|HG22| in residue> VAL A  17 
 GUESSED vdw of HG22 in VAL A  17  =  1.80
 NON-STANDARD atom.|HG23| in residue> VAL A  17 
 GUESSED vdw of HG23 in VAL A  17  =  1.80
 NON-STANDARD atom.|HG11| in residue> VAL A  20 
 GUESSED vdw of HG11 in VAL A  20  =  1.80
 NON-STANDARD atom.|HG12| in residue> VAL A  20 
 GUESSED vdw of HG12 in VAL A  20  =  1.80
 NON-STANDARD atom.|HG13| in residue> VAL A  20 
 GUESSED vdw of HG13 in VAL A  20  =  1.80
 NON-STANDARD atom.|HG21| in residue> VAL A  20 
 GUESSED vdw of HG21 in VAL A  20  =  1.80
 NON-STANDARD atom.|HG22| in residue> VAL A  20 
 GUESSED vdw of HG22 in VAL A  20  =  1.80
 NON-STANDARD atom.|HG23| in residue> VAL A  20 
 GUESSED vdw of HG23 in VAL A  20  =  1.80
 NON-STANDARD atom.|HG12| in residue> ILE A  23 
 GUESSED vdw of HG12 in ILE A  23  =  1.80
 NON-STANDARD atom.|HG13| in residue> ILE A  23 
 GUESSED vdw of HG13 in ILE A  23  =  1.80
 NON-STANDARD atom.|HG21| in residue> ILE A  23 
 GUESSED vdw of HG21 in ILE A  23  =  1.80
 NON-STANDARD atom.|HG22| in residue> ILE A  23 
 GUESSED vdw of HG22 in ILE A  23  =  1.80
 NON-STANDARD atom.|HG23| in residue> ILE A  23 
 GUESSED vdw of HG23 in ILE A  23  =  1.80
 NON-STANDARD atom.|HE21| in residue> GLN A  26 
 GUESSED vdw of HE21 in GLN A  26  =  1.80
 NON-STANDARD atom.|HE22| in residue> GLN A  26 
 GUESSED vdw of HE22 in GLN A  26  =  1.80
 NON-STANDARD atom.|HG21| in residue> THR A  29 
 GUESSED vdw of HG21 in THR A  29  =  1.80
 NON-STANDARD atom.|HG22| in residue> THR A  29 
 GUESSED vdw of HG22 in THR A  29  =  1.80
 NON-STANDARD atom.|HG23| in residue> THR A  29 
 GUESSED vdw of HG23 in THR A  29  =  1.80
 NON-STANDARD atom.|HG12| in residue> ILE A  31 
 GUESSED vdw of HG12 in ILE A  31  =  1.80
 NON-STANDARD atom.|HG13| in residue> ILE A  31 
 GUESSED vdw of HG13 in ILE A  31  =  1.80
 NON-STANDARD atom.|HG21| in residue> ILE A  31 
 GUESSED vdw of HG21 in ILE A  31  =  1.80
 NON-STANDARD atom.|HG22| in residue> ILE A  31 
 GUESSED vdw of HG22 in ILE A  31  =  1.80
 NON-STANDARD atom.|HG23| in residue> ILE A  31 
 GUESSED vdw of HG23 in ILE A  31  =  1.80
 NON-STANDARD atom.|HG11| in residue> VAL A  33 
 GUESSED vdw of HG11 in VAL A  33  =  1.80
 NON-STANDARD atom.|HG12| in residue> VAL A  33 
 GUESSED vdw of HG12 in VAL A  33  =  1.80
 NON-STANDARD atom.|HG13| in residue> VAL A  33 
 GUESSED vdw of HG13 in VAL A  33  =  1.80
 NON-STANDARD atom.|HG21| in residue> VAL A  33 
 GUESSED vdw of HG21 in VAL A  33  =  1.80
 NON-STANDARD atom.|HG22| in residue> VAL A  33 
 GUESSED vdw of HG22 in VAL A  33  =  1.80
 NON-STANDARD atom.|HG23| in residue> VAL A  33 
 GUESSED vdw of HG23 in VAL A  33  =  1.80
 NON-STANDARD atom.|HG12| in residue> ILE A  34 
 GUESSED vdw of HG12 in ILE A  34  =  1.80
 NON-STANDARD atom.|HG13| in residue> ILE A  34 
 GUESSED vdw of HG13 in ILE A  34  =  1.80
 NON-STANDARD atom.|HG21| in residue> ILE A  34 
 GUESSED vdw of HG21 in ILE A  34  =  1.80
 NON-STANDARD atom.|HG22| in residue> ILE A  34 
 GUESSED vdw of HG22 in ILE A  34  =  1.80
 NON-STANDARD atom.|HG23| in residue> ILE A  34 
 GUESSED vdw of HG23 in ILE A  34  =  1.80
 NON-STANDARD atom.|HG12| in residue> ILE A  35 
 GUESSED vdw of HG12 in ILE A  35  =  1.80
 NON-STANDARD atom.|HG13| in residue> ILE A  35 
 GUESSED vdw of HG13 in ILE A  35  =  1.80
 NON-STANDARD atom.|HG21| in residue> ILE A  35 
 GUESSED vdw of HG21 in ILE A  35  =  1.80
 NON-STANDARD atom.|HG22| in residue> ILE A  35 
 GUESSED vdw of HG22 in ILE A  35  =  1.80
 NON-STANDARD atom.|HG23| in residue> ILE A  35 
 GUESSED vdw of HG23 in ILE A  35  =  1.80
 NON-STANDARD atom.|HE21| in residue> GLN A  43 
 GUESSED vdw of HE21 in GLN A  43  =  1.80
 NON-STANDARD atom.|HE22| in residue> GLN A  43 
 GUESSED vdw of HE22 in GLN A  43  =  1.80
 NON-STANDARD atom.|HG11| in residue> VAL A  46 
 GUESSED vdw of HG11 in VAL A  46  =  1.80
 NON-STANDARD atom.|HG12| in residue> VAL A  46 
 GUESSED vdw of HG12 in VAL A  46  =  1.80
 NON-STANDARD atom.|HG13| in residue> VAL A  46 
 GUESSED vdw of HG13 in VAL A  46  =  1.80
 NON-STANDARD atom.|HG21| in residue> VAL A  46 
 GUESSED vdw of HG21 in VAL A  46  =  1.80
 NON-STANDARD atom.|HG22| in residue> VAL A  46 
 GUESSED vdw of HG22 in VAL A  46  =  1.80
 NON-STANDARD atom.|HG23| in residue> VAL A  46 
 GUESSED vdw of HG23 in VAL A  46  =  1.80
 NON-STANDARD atom.|HG21| in residue> THR A  50 
 GUESSED vdw of HG21 in THR A  50  =  1.80
 NON-STANDARD atom.|HG22| in residue> THR A  50 
 GUESSED vdw of HG22 in THR A  50  =  1.80
 NON-STANDARD atom.|HG23| in residue> THR A  50 
 GUESSED vdw of HG23 in THR A  50  =  1.80
 NON-STANDARD atom.|HG11| in residue> VAL A  54 
 GUESSED vdw of HG11 in VAL A  54  =  1.80
 NON-STANDARD atom.|HG12| in residue> VAL A  54 
 GUESSED vdw of HG12 in VAL A  54  =  1.80
 NON-STANDARD atom.|HG13| in residue> VAL A  54 
 GUESSED vdw of HG13 in VAL A  54  =  1.80
 NON-STANDARD atom.|HG21| in residue> VAL A  54 
 GUESSED vdw of HG21 in VAL A  54  =  1.80
 NON-STANDARD atom.|HG22| in residue> VAL A  54 
 GUESSED vdw of HG22 in VAL A  54  =  1.80
 NON-STANDARD atom.|HG23| in residue> VAL A  54 
 GUESSED vdw of HG23 in VAL A  54  =  1.80
 NON-STANDARD atom.|HG11| in residue> VAL A  58 
 GUESSED vdw of HG11 in VAL A  58  =  1.80
 NON-STANDARD atom.|HG12| in residue> VAL A  58 
 GUESSED vdw of HG12 in VAL A  58  =  1.80
 NON-STANDARD atom.|HG13| in residue> VAL A  58 
 GUESSED vdw of HG13 in VAL A  58  =  1.80
 NON-STANDARD atom.|HG21| in residue> VAL A  58 
 GUESSED vdw of HG21 in VAL A  58  =  1.80
 NON-STANDARD atom.|HG22| in residue> VAL A  58 
 GUESSED vdw of HG22 in VAL A  58  =  1.80
 NON-STANDARD atom.|HG23| in residue> VAL A  58 
 GUESSED vdw of HG23 in VAL A  58  =  1.80
 NON-STANDARD atom.|HG12| in residue> ILE A  64 
 GUESSED vdw of HG12 in ILE A  64  =  1.80
 NON-STANDARD atom.|HG13| in residue> ILE A  64 
 GUESSED vdw of HG13 in ILE A  64  =  1.80
 NON-STANDARD atom.|HG21| in residue> ILE A  64 
 GUESSED vdw of HG21 in ILE A  64  =  1.80
 NON-STANDARD atom.|HG22| in residue> ILE A  64 
 GUESSED vdw of HG22 in ILE A  64  =  1.80
 NON-STANDARD atom.|HG23| in residue> ILE A  64 
 GUESSED vdw of HG23 in ILE A  64  =  1.80
 NON-STANDARD atom.|HG12| in residue> ILE A  66 
 GUESSED vdw of HG12 in ILE A  66  =  1.80
 NON-STANDARD atom.|HG13| in residue> ILE A  66 
 GUESSED vdw of HG13 in ILE A  66  =  1.80
 NON-STANDARD atom.|HG21| in residue> ILE A  66 
 GUESSED vdw of HG21 in ILE A  66  =  1.80
 NON-STANDARD atom.|HG22| in residue> ILE A  66 
 GUESSED vdw of HG22 in ILE A  66  =  1.80
 NON-STANDARD atom.|HG23| in residue> ILE A  66 
 GUESSED vdw of HG23 in ILE A  66  =  1.80
 NON-STANDARD atom.|HG12| in residue> ILE A  67 
 GUESSED vdw of HG12 in ILE A  67  =  1.80
 NON-STANDARD atom.|HG13| in residue> ILE A  67 
 GUESSED vdw of HG13 in ILE A  67  =  1.80
 NON-STANDARD atom.|HG21| in residue> ILE A  67 
 GUESSED vdw of HG21 in ILE A  67  =  1.80
 NON-STANDARD atom.|HG22| in residue> ILE A  67 
 GUESSED vdw of HG22 in ILE A  67  =  1.80
 NON-STANDARD atom.|HG23| in residue> ILE A  67 
 GUESSED vdw of HG23 in ILE A  67  =  1.80
 NON-STANDARD atom.|HE21| in residue> GLN A  72 
 GUESSED vdw of HE21 in GLN A  72  =  1.80
 NON-STANDARD atom.|HE22| in residue> GLN A  72 
 GUESSED vdw of HE22 in GLN A  72  =  1.80
 NON-STANDARD atom.|HE21| in residue> GLN A  77 
 GUESSED vdw of HE21 in GLN A  77  =  1.80
 NON-STANDARD atom.|HE22| in residue> GLN A  77 
 GUESSED vdw of HE22 in GLN A  77  =  1.80
 NON-STANDARD atom.|HG11| in residue> VAL A  83 
 GUESSED vdw of HG11 in VAL A  83  =  1.80
 NON-STANDARD atom.|HG12| in residue> VAL A  83 
 GUESSED vdw of HG12 in VAL A  83  =  1.80
 NON-STANDARD atom.|HG13| in residue> VAL A  83 
 GUESSED vdw of HG13 in VAL A  83  =  1.80
 NON-STANDARD atom.|HG21| in residue> VAL A  83 
 GUESSED vdw of HG21 in VAL A  83  =  1.80
 NON-STANDARD atom.|HG22| in residue> VAL A  83 
 GUESSED vdw of HG22 in VAL A  83  =  1.80
 NON-STANDARD atom.|HG23| in residue> VAL A  83 
 GUESSED vdw of HG23 in VAL A  83  =  1.80
 NON-STANDARD atom.|HG11| in residue> VAL A  89 
 GUESSED vdw of HG11 in VAL A  89  =  1.80
 NON-STANDARD atom.|HG12| in residue> VAL A  89 
 GUESSED vdw of HG12 in VAL A  89  =  1.80
 NON-STANDARD atom.|HG13| in residue> VAL A  89 
 GUESSED vdw of HG13 in VAL A  89  =  1.80
 NON-STANDARD atom.|HG21| in residue> VAL A  89 
 GUESSED vdw of HG21 in VAL A  89  =  1.80
 NON-STANDARD atom.|HG22| in residue> VAL A  89 
 GUESSED vdw of HG22 in VAL A  89  =  1.80
 NON-STANDARD atom.|HG23| in residue> VAL A  89 
 GUESSED vdw of HG23 in VAL A  89  =  1.80
 NON-STANDARD atom.|HG11| in residue> VAL A  91 
 GUESSED vdw of HG11 in VAL A  91  =  1.80
 NON-STANDARD atom.|HG12| in residue> VAL A  91 
 GUESSED vdw of HG12 in VAL A  91  =  1.80
 NON-STANDARD atom.|HG13| in residue> VAL A  91 
 GUESSED vdw of HG13 in VAL A  91  =  1.80
 NON-STANDARD atom.|HG21| in residue> VAL A  91 
 GUESSED vdw of HG21 in VAL A  91  =  1.80
 NON-STANDARD atom.|HG22| in residue> VAL A  91 
 GUESSED vdw of HG22 in VAL A  91  =  1.80
 NON-STANDARD atom.|HG23| in residue> VAL A  91 
 GUESSED vdw of HG23 in VAL A  91  =  1.80
 NON-STANDARD atom.|HG21| in residue> THR A  93 
 GUESSED vdw of HG21 in THR A  93  =  1.80
 NON-STANDARD atom.|HG22| in residue> THR A  93 
 GUESSED vdw of HG22 in THR A  93  =  1.80
 NON-STANDARD atom.|HG23| in residue> THR A  93 
 GUESSED vdw of HG23 in THR A  93  =  1.80
 NON-STANDARD atom.|HG12| in residue> ILE A  95 
 GUESSED vdw of HG12 in ILE A  95  =  1.80
 NON-STANDARD atom.|HG13| in residue> ILE A  95 
 GUESSED vdw of HG13 in ILE A  95  =  1.80
 NON-STANDARD atom.|HG21| in residue> ILE A  95 
 GUESSED vdw of HG21 in ILE A  95  =  1.80
 NON-STANDARD atom.|HG22| in residue> ILE A  95 
 GUESSED vdw of HG22 in ILE A  95  =  1.80
 NON-STANDARD atom.|HG23| in residue> ILE A  95 
 GUESSED vdw of HG23 in ILE A  95  =  1.80
 NON-STANDARD atom.|HG11| in residue> VAL A  98 
 GUESSED vdw of HG11 in VAL A  98  =  1.80
 NON-STANDARD atom.|HG12| in residue> VAL A  98 
 GUESSED vdw of HG12 in VAL A  98  =  1.80
 NON-STANDARD atom.|HG13| in residue> VAL A  98 
 GUESSED vdw of HG13 in VAL A  98  =  1.80
 NON-STANDARD atom.|HG21| in residue> VAL A  98 
 GUESSED vdw of HG21 in VAL A  98  =  1.80
 NON-STANDARD atom.|HG22| in residue> VAL A  98 
 GUESSED vdw of HG22 in VAL A  98  =  1.80
 NON-STANDARD atom.|HG23| in residue> VAL A  98 
 GUESSED vdw of HG23 in VAL A  98  =  1.80
 NON-STANDARD atom.|HG11| in residue> VAL A 112 
 GUESSED vdw of HG11 in VAL A 112  =  1.80
 NON-STANDARD atom.|HG12| in residue> VAL A 112 
 GUESSED vdw of HG12 in VAL A 112  =  1.80
 NON-STANDARD atom.|HG13| in residue> VAL A 112 
 GUESSED vdw of HG13 in VAL A 112  =  1.80
 NON-STANDARD atom.|HG21| in residue> VAL A 112 
 GUESSED vdw of HG21 in VAL A 112  =  1.80
 NON-STANDARD atom.|HG22| in residue> VAL A 112 
 GUESSED vdw of HG22 in VAL A 112  =  1.80
 NON-STANDARD atom.|HG23| in residue> VAL A 112 
 GUESSED vdw of HG23 in VAL A 112  =  1.80
 NON-STANDARD atom.|HE21| in residue> GLN A 116 
 GUESSED vdw of HE21 in GLN A 116  =  1.80
 NON-STANDARD atom.|HE22| in residue> GLN A 116 
 GUESSED vdw of HE22 in GLN A 116  =  1.80
 NON-STANDARD atom.|HG21| in residue> THR A 118 
 GUESSED vdw of HG21 in THR A 118  =  1.80
 NON-STANDARD atom.|HG22| in residue> THR A 118 
 GUESSED vdw of HG22 in THR A 118  =  1.80
 NON-STANDARD atom.|HG23| in residue> THR A 118 
 GUESSED vdw of HG23 in THR A 118  =  1.80
 ADDED VDW RADII
 CHAINS       1
 RESIDUES   120
 ATOMS     1133
 SOLVA: PROGRAM ENDS CORRECTLY
 CALCULATED ATOMIC ACCESSIBILITES
 RELATIVE (STANDARD) ACCESSIBILITIES READFOR  20 AMINO ACIDS
 SUMMED ACCESSIBILITIES OVER RESIDUES
