./uploads/JIDXW28437O.pdb
./uploads/JIDXW28437O.poc
./uploads/JIDXW28437O.pocInfo
./uploads/JIDXW28437O.mouthInfo
./uploads/JIDXW28437O.mouth
JIDXW28437O.*
./uploads/JIDQX19751R.pdb
./uploads/JIDQX19751R.poc
./uploads/JIDQX19751R.pocInfo
./uploads/JIDQX19751R.mouthInfo
./uploads/JIDQX19751R.mouth
JIDQX19751R.*
./uploads/JIDHV30366L.pdb
./uploads/JIDHV30366L.poc
./uploads/JIDHV30366L.pocInfo
./uploads/JIDHV30366L.mouthInfo
./uploads/JIDHV30366L.mouth
JIDHV30366L.*
./uploads/JIDUQ60445.pdb
./uploads/JIDUQ60445.poc
./uploads/JIDUQ60445.pocInfo
./uploads/JIDUQ60445.mouthInfo
./uploads/JIDUQ60445.mouth
JIDUQ60445.*
./uploads/JIDMZ60396P.pdb
./uploads/JIDMZ60396P.poc
./uploads/JIDMZ60396P.pocInfo
./uploads/JIDMZ60396P.mouthInfo
./uploads/JIDMZ60396P.mouth
JIDMZ60396P.*
./uploads/JIDLP29338N.pdb
./uploads/JIDLP29338N.poc
./uploads/JIDLP29338N.pocInfo
./uploads/JIDLP29338N.mouthInfo
./uploads/JIDLP29338N.mouth
JIDLP29338N.*
./uploads/JIDZM45737A.pdb
./uploads/JIDZM45737A.poc
./uploads/JIDZM45737A.pocInfo
./uploads/JIDZM45737A.mouthInfo
./uploads/JIDZM45737A.mouth
JIDZM45737A.*
./uploads/JIDKR15755Q.pdb
./uploads/JIDKR15755Q.poc
./uploads/JIDKR15755Q.pocInfo
./uploads/JIDKR15755Q.mouthInfo
./uploads/JIDKR15755Q.mouth
JIDKR15755Q.*
./uploads/JIDMO33625J.pdb
./uploads/JIDMO33625J.poc
./uploads/JIDMO33625J.pocInfo
./uploads/JIDMO33625J.mouthInfo
./uploads/JIDMO33625J.mouth
JIDMO33625J.*
./uploads/JIDKI3764G.pdb
./uploads/JIDKI3764G.poc
./uploads/JIDKI3764G.pocInfo
./uploads/JIDKI3764G.mouthInfo
./uploads/JIDKI3764G.mouth
JIDKI3764G.*
./uploads/JIDHM80364F.pdb
./uploads/JIDHM80364F.poc
./uploads/JIDHM80364F.pocInfo
./uploads/JIDHM80364F.mouthInfo
./uploads/JIDHM80364F.mouth
JIDHM80364F.*
./uploads/JIDOR91761O.pdb
./uploads/JIDOR91761O.poc
./uploads/JIDOR91761O.pocInfo
./uploads/JIDOR91761O.mouthInfo
./uploads/JIDOR91761O.mouth
JIDOR91761O.*
./uploads/JIDNW71993Z.pdb
./uploads/JIDNW71993Z.poc
./uploads/JIDNW71993Z.pocInfo
./uploads/JIDNW71993Z.mouthInfo
./uploads/JIDNW71993Z.mouth
JIDNW71993Z.*
./uploads/JIDFZ35949.pdb
./uploads/JIDFZ35949.poc
./uploads/JIDFZ35949.pocInfo
./uploads/JIDFZ35949.mouthInfo
./uploads/JIDFZ35949.mouth
JIDFZ35949.*
./uploads/JIDEB82347J.pdb
./uploads/JIDEB82347J.poc
./uploads/JIDEB82347J.pocInfo
./uploads/JIDEB82347J.mouthInfo
./uploads/JIDEB82347J.mouth
JIDEB82347J.*
