Graph START

Adding vertex (chain-A, position-1, res-PHE)
New vertex id: 0
1 2 3 4 5 
Adding vertex (chain-A, position-2, res-LEU)
New vertex id: 1
6 7 8 9 10 11 12 13 
Adding vertex (chain-A, position-3, res-GLY)
New vertex id: 2
14 15 16 17 
Adding vertex (chain-A, position-4, res-GLU)
New vertex id: 3
18 19 20 21 22 23 24 25 26 
Adding vertex (chain-A, position-5, res-GLU)
New vertex id: 4
27 28 29 30 31 32 33 34 35 
Adding vertex (chain-A, position-6, res-ASP)
New vertex id: 5
36 37 38 39 40 41 42 43 
Adding vertex (chain-A, position-7, res-ILE)
New vertex id: 6
44 45 46 47 48 49 50 51 
Adding vertex (chain-A, position-8, res-PRO)
New vertex id: 7
52 53 54 55 56 57 58 
Adding vertex (chain-A, position-9, res-ARG)
New vertex id: 8
59 60 61 62 63 64 65 66 67 68 69 
Adding vertex (chain-A, position-10, res-GLU)
New vertex id: 9
70 71 72 73 74 75 76 77 78 
Adding vertex (chain-A, position-11, res-PRO)
New vertex id: 10
79 80 81 82 83 84 85 
Adding vertex (chain-A, position-12, res-ARG)
New vertex id: 11
86 87 88 89 90 91 92 93 94 95 96 
Adding vertex (chain-A, position-13, res-ARG)
New vertex id: 12
97 98 99 100 101 102 103 104 105 106 107 
Adding vertex (chain-A, position-14, res-ILE)
New vertex id: 13
108 109 110 111 112 113 114 115 
Adding vertex (chain-A, position-15, res-VAL)
New vertex id: 14
116 117 118 119 120 121 122 
Adding vertex (chain-A, position-16, res-ILE)
New vertex id: 15
123 124 125 126 127 128 129 130 
Adding vertex (chain-A, position-17, res-HIS)
New vertex id: 16
131 132 133 134 135 136 137 138 139 140 
Adding vertex (chain-A, position-18, res-ARG)
New vertex id: 17
141 142 143 144 145 146 147 148 149 150 151 
Adding vertex (chain-A, position-19, res-GLY)
New vertex id: 18
152 153 154 155 
Adding vertex (chain-A, position-20, res-SER)
New vertex id: 19
156 157 158 159 160 161 
Adding vertex (chain-A, position-21, res-THR)
New vertex id: 20
162 163 164 165 166 167 168 
Adding vertex (chain-A, position-22, res-GLY)
New vertex id: 21
169 170 171 172 
Adding vertex (chain-A, position-23, res-LEU)
New vertex id: 22
173 174 175 176 177 178 179 180 
Adding vertex (chain-A, position-24, res-GLY)
New vertex id: 23
181 182 183 184 
Adding vertex (chain-A, position-25, res-PHE)
New vertex id: 24
185 186 187 188 189 190 191 192 193 194 195 
Adding vertex (chain-A, position-26, res-ASN)
New vertex id: 25
196 197 198 199 200 201 202 203 
Adding vertex (chain-A, position-27, res-ILE)
New vertex id: 26
204 205 206 207 208 209 210 211 
Adding vertex (chain-A, position-28, res-VAL)
New vertex id: 27
212 213 214 215 216 217 218 
Adding vertex (chain-A, position-29, res-GLY)
New vertex id: 28
219 220 221 222 
Adding vertex (chain-A, position-30, res-GLY)
New vertex id: 29
223 224 225 226 
Adding vertex (chain-A, position-31, res-GLU)
New vertex id: 30
227 228 229 230 231 232 233 234 235 
Adding vertex (chain-A, position-32, res-ASP)
New vertex id: 31
236 237 238 239 240 
Adding vertex (chain-A, position-33, res-GLY)
New vertex id: 32
241 242 243 244 
Adding vertex (chain-A, position-34, res-GLU)
New vertex id: 33
245 246 247 248 249 250 251 252 253 
Adding vertex (chain-A, position-35, res-GLY)
New vertex id: 34
254 255 256 257 
Adding vertex (chain-A, position-36, res-ILE)
New vertex id: 35
258 259 260 261 262 263 264 265 
Adding vertex (chain-A, position-37, res-PHE)
New vertex id: 36
266 267 268 269 270 271 272 273 274 275 276 
Adding vertex (chain-A, position-38, res-ILE)
New vertex id: 37
277 278 279 280 281 282 283 284 
Adding vertex (chain-A, position-39, res-SER)
New vertex id: 38
285 286 287 288 289 290 
Adding vertex (chain-A, position-40, res-PHE)
New vertex id: 39
291 292 293 294 295 296 297 298 299 300 301 
Adding vertex (chain-A, position-41, res-ILE)
New vertex id: 40
302 303 304 305 306 307 308 309 
Adding vertex (chain-A, position-42, res-LEU)
New vertex id: 41
310 311 312 313 314 315 316 317 
Adding vertex (chain-A, position-43, res-ALA)
New vertex id: 42
318 319 320 321 322 
Adding vertex (chain-A, position-44, res-GLY)
New vertex id: 43
323 324 325 326 
Adding vertex (chain-A, position-45, res-GLY)
New vertex id: 44
327 328 329 330 
Adding vertex (chain-A, position-46, res-PRO)
New vertex id: 45
331 332 333 334 335 336 337 
Adding vertex (chain-A, position-47, res-ALA)
New vertex id: 46
338 339 340 341 342 
Adding vertex (chain-A, position-48, res-ASP)
New vertex id: 47
343 344 345 346 347 348 349 350 
Adding vertex (chain-A, position-49, res-LEU)
New vertex id: 48
351 352 353 354 355 356 357 358 
Adding vertex (chain-A, position-50, res-SER)
New vertex id: 49
359 360 361 362 363 364 
Adding vertex (chain-A, position-51, res-GLY)
New vertex id: 50
365 366 367 368 
Adding vertex (chain-A, position-52, res-GLU)
New vertex id: 51
369 370 371 372 373 374 375 376 377 
Adding vertex (chain-A, position-53, res-LEU)
New vertex id: 52
378 379 380 381 382 383 384 385 
Adding vertex (chain-A, position-54, res-ARG)
New vertex id: 53
386 387 388 389 390 391 392 393 394 395 396 
Adding vertex (chain-A, position-55, res-LYS)
New vertex id: 54
397 398 399 400 401 402 403 404 405 
Adding vertex (chain-A, position-56, res-GLY)
New vertex id: 55
406 407 408 409 
Adding vertex (chain-A, position-57, res-ASP)
New vertex id: 56
410 411 412 413 414 415 416 417 
Adding vertex (chain-A, position-58, res-GLN)
New vertex id: 57
418 419 420 421 422 423 424 425 426 
Adding vertex (chain-A, position-59, res-ILE)
New vertex id: 58
427 428 429 430 431 432 433 434 
Adding vertex (chain-A, position-60, res-LEU)
New vertex id: 59
435 436 437 438 439 440 441 442 
Adding vertex (chain-A, position-61, res-SER)
New vertex id: 60
443 444 445 446 447 448 
Adding vertex (chain-A, position-62, res-VAL)
New vertex id: 61
449 450 451 452 453 454 455 
Adding vertex (chain-A, position-63, res-ASN)
New vertex id: 62
456 457 458 459 460 461 462 463 
Adding vertex (chain-A, position-64, res-GLY)
New vertex id: 63
464 465 466 467 
Adding vertex (chain-A, position-65, res-VAL)
New vertex id: 64
468 469 470 471 472 473 474 
Adding vertex (chain-A, position-66, res-ASP)
New vertex id: 65
475 476 477 478 479 480 481 482 
Adding vertex (chain-A, position-67, res-LEU)
New vertex id: 66
483 484 485 486 487 488 489 490 
Adding vertex (chain-A, position-68, res-ARG)
New vertex id: 67
491 492 493 494 495 496 497 498 499 500 501 
Adding vertex (chain-A, position-69, res-ASN)
New vertex id: 68
502 503 504 505 506 507 508 509 
Adding vertex (chain-A, position-70, res-ALA)
New vertex id: 69
510 511 512 513 514 
Adding vertex (chain-A, position-71, res-SER)
New vertex id: 70
515 516 517 518 519 520 
Adding vertex (chain-A, position-72, res-HIS)
New vertex id: 71
521 522 523 524 525 526 527 528 529 530 
Adding vertex (chain-A, position-73, res-GLU)
New vertex id: 72
531 532 533 534 535 536 537 538 539 
Adding vertex (chain-A, position-74, res-GLN)
New vertex id: 73
540 541 542 543 544 545 546 547 548 
Adding vertex (chain-A, position-75, res-ALA)
New vertex id: 74
549 550 551 552 553 
Adding vertex (chain-A, position-76, res-ALA)
New vertex id: 75
554 555 556 557 558 
Adding vertex (chain-A, position-77, res-ILE)
New vertex id: 76
559 560 561 562 563 564 565 566 
Adding vertex (chain-A, position-78, res-ALA)
New vertex id: 77
567 568 569 570 571 
Adding vertex (chain-A, position-79, res-LEU)
New vertex id: 78
572 573 574 575 576 577 578 579 
Adding vertex (chain-A, position-80, res-LYS)
New vertex id: 79
580 581 582 583 584 585 586 587 588 
Adding vertex (chain-A, position-81, res-ASN)
New vertex id: 80
589 590 591 592 593 594 595 596 
Adding vertex (chain-A, position-82, res-ALA)
New vertex id: 81
597 598 599 600 601 
Adding vertex (chain-A, position-83, res-GLY)
New vertex id: 82
602 603 604 605 
Adding vertex (chain-A, position-84, res-GLN)
New vertex id: 83
606 607 608 609 610 611 612 613 614 
Adding vertex (chain-A, position-85, res-THR)
New vertex id: 84
615 616 617 618 619 620 621 
Adding vertex (chain-A, position-86, res-VAL)
New vertex id: 85
622 623 624 625 626 627 628 
Adding vertex (chain-A, position-87, res-THR)
New vertex id: 86
629 630 631 632 633 634 635 
Adding vertex (chain-A, position-88, res-ILE)
New vertex id: 87
636 637 638 639 640 641 642 643 
Adding vertex (chain-A, position-89, res-ILE)
New vertex id: 88
644 645 646 647 648 649 650 651 
Adding vertex (chain-A, position-90, res-ALA)
New vertex id: 89
652 653 654 655 656 
Adding vertex (chain-A, position-91, res-GLN)
New vertex id: 90
657 658 659 660 661 662 663 664 665 
Adding vertex (chain-A, position-92, res-TYR)
New vertex id: 91
666 667 668 669 670 671 672 673 674 675 676 677 
Adding vertex (chain-A, position-93, res-LYS)
New vertex id: 92
678 679 680 681 682 683 684 685 686 
Adding vertex (chain-A, position-94, res-PRO)
New vertex id: 93
687 688 689 690 691 692 693 
Adding vertex (chain-A, position-95, res-GLU)
New vertex id: 94
694 695 696 697 698 699 700 701 702 
Adding vertex (chain-A, position-96, res-GLU)
New vertex id: 95
703 704 705 706 707 708 709 710 711 
Adding vertex (chain-A, position-97, res-TYR)
New vertex id: 96
712 713 714 715 716 717 718 719 720 721 722 723 
Adding vertex (chain-A, position-98, res-SER)
New vertex id: 97
724 725 726 727 728 729 
Adding vertex (chain-A, position-99, res-ARG)
New vertex id: 98
730 731 732 733 734 735 736 737 738 739 740 
Adding vertex (chain-A, position-100, res-PHE)
New vertex id: 99
741 742 743 744 745 746 747 748 749 750 751 
Adding vertex (chain-A, position-101, res-GLU)
New vertex id: 100
752 753 754 755 756 757 758 759 760 
Adding vertex (chain-A, position-102, res-ALA)
New vertex id: 101
761 762 763 764 765 
Adding vertex (chain-A, position-103, res-ASN)
New vertex id: 102
766 767 768 769 770 771 772 773 
Adding vertex (chain-A, position-104, res-SER)
New vertex id: 103
774 775 776 777 778 779 
Adding vertex (chain-A, position-105, res-ARG)
New vertex id: 104
780 781 782 783 784 785 786 787 788 789 790 
Adding vertex (chain-A, position-106, res-VAL)
New vertex id: 105
791 792 793 794 795 796 797 
Adding vertex (chain-A, position-107, res-ASP)
New vertex id: 106
798 799 800 801 802 803 804 805 
Adding vertex (chain-A, position-108, res-SER)
New vertex id: 107
806 807 808 809 810 811 
Adding vertex (chain-A, position-109, res-SER)
New vertex id: 108
812 813 814 815 816 817 
Adding vertex (chain-A, position-110, res-GLY)
New vertex id: 109
818 819 820 821 
Adding vertex (chain-A, position-111, res-ARG)
New vertex id: 110
822 823 824 825 826 827 828 829 830 831 832 
Adding vertex (chain-A, position-112, res-ILE)
New vertex id: 111
833 834 835 836 837 838 839 840 
Adding vertex (chain-A, position-113, res-VAL)
New vertex id: 112
841 842 843 844 845 846 847 
Adding vertex (chain-A, position-114, res-THR)
New vertex id: 113
848 849 850 851 852 853 854 
Adding vertex (chain-A, position-115, res-ASP)
New vertex id: 114
855 856 857 858 859 860 861 862 863 
Graph DONE

( reduce -FLIPs 1TP5.pdb > 1TP5.H.pdb ) >& /dev/null
Reduce (-FLIPs) returned 0
( bndlst -Radius0.3 1TP5.H.pdb > 1TP5.H.bndlst ) >& /dev/null
BndLst returned 0
Parsing 1TP5.H.bndlst

bndlst START
Adding bndlst edge: (A_F1_MC -> A_L2_MC) type[cov], weight[1.00] from 0 to 1 dist[1.33]
Adding bndlst edge: (A_L2_MC -> A_G3_MC) type[cov], weight[1.00] from 1 to 2 dist[1.33]
Adding bndlst edge: (A_L2_MC -> A_E5_MC) type[hb], weight[1.06] from 1 to 4 dist[1.94]
Adding bndlst edge: (A_L2_MC -> A_E4_MC) type[hb], weight[0.59] from 1 to 3 dist[2.61]
Adding bndlst edge: (A_G3_MC -> A_E4_MC) type[cov], weight[1.00] from 2 to 3 dist[1.32]
Adding bndlst edge: (A_G3_MC -> A_R111_SC) type[hb], weight[0.53] from 2 to 110 dist[2.76]
Adding bndlst edge: (A_E4_MC -> A_E5_MC) type[cov], weight[1.00] from 3 to 4 dist[1.34]
Adding bndlst edge: (A_E5_MC -> A_D6_MC) type[cov], weight[1.00] from 4 to 5 dist[1.32]
Adding bndlst edge: (A_E5_MC -> A_R111_SC) type[hb], weight[1.07] from 4 to 110 dist[1.93]
Adding bndlst edge: (A_D6_MC -> A_I7_MC) type[cov], weight[1.00] from 5 to 6 dist[1.33]
Adding bndlst edge: (A_I7_MC -> A_P8_MC) type[cov], weight[1.00] from 6 to 7 dist[1.34]
Adding bndlst edge: (A_I7_MC -> A_S109_MC) type[hb], weight[0.88] from 6 to 108 dist[2.13]
Adding bndlst edge: (A_P8_MC -> A_R9_MC) type[cov], weight[1.00] from 7 to 8 dist[1.34]
Adding bndlst edge: (A_R9_MC -> A_E10_MC) type[cov], weight[1.00] from 8 to 9 dist[1.33]
Adding bndlst edge: (A_R9_MC -> A_Q91_SC) type[hb], weight[1.11] from 8 to 90 dist[1.90]
Adding bndlst edge: (A_R9_SC -> A_E95_SC) type[salt], weight[0.44] from 8 to 94 dist[2.87]
Adding bndlst edge: (A_R9_SC -> A_E95_SC) type[salt], weight[0.99] from 8 to 94 dist[1.91]
Adding bndlst edge: (A_R9_SC -> A_E95_SC) type[salt], weight[0.85] from 8 to 94 dist[2.06]
Adding bndlst edge: (A_R9_SC -> A_E95_SC) type[salt], weight[0.43] from 8 to 94 dist[2.91]
Adding bndlst edge: (A_E10_MC -> A_P11_MC) type[cov], weight[1.00] from 9 to 10 dist[1.32]
Adding bndlst edge: (A_P11_MC -> A_R12_MC) type[cov], weight[1.00] from 10 to 11 dist[1.34]
Adding bndlst edge: (A_R12_MC -> A_R13_MC) type[cov], weight[1.00] from 11 to 12 dist[1.33]
Adding bndlst edge: (A_R12_MC -> A_A90_MC) type[hb], weight[0.96] from 11 to 89 dist[2.04]
Adding bndlst edge: (A_R12_MC -> A_A90_MC) type[hb], weight[1.05] from 11 to 89 dist[1.95]
Adding bndlst edge: (A_R12_SC -> A_D57_SC) type[salt], weight[0.98] from 11 to 56 dist[1.92]
Adding bndlst edge: (A_R12_SC -> A_E52_MC) type[hb], weight[1.04] from 11 to 51 dist[1.96]
Adding bndlst edge: (A_R12_SC -> A_D57_SC) type[salt], weight[1.13] from 11 to 56 dist[1.79]
Adding bndlst edge: (A_R12_SC -> A_D57_SC) type[salt], weight[0.51] from 11 to 56 dist[2.65]
Adding bndlst edge: (A_R13_MC -> A_I14_MC) type[cov], weight[1.00] from 12 to 13 dist[1.34]
Adding bndlst edge: (A_I14_MC -> A_V15_MC) type[cov], weight[1.00] from 13 to 14 dist[1.34]
Adding bndlst edge: (A_I14_MC -> A_I88_MC) type[hb], weight[1.25] from 13 to 87 dist[1.79]
Adding bndlst edge: (A_I14_MC -> A_I88_MC) type[hb], weight[1.21] from 13 to 87 dist[1.82]
Adding bndlst edge: (A_V15_MC -> A_I16_MC) type[cov], weight[1.00] from 14 to 15 dist[1.33]
Adding bndlst edge: (A_I16_MC -> A_H17_MC) type[cov], weight[1.00] from 15 to 16 dist[1.33]
Adding bndlst edge: (A_I16_MC -> A_V86_MC) type[hb], weight[1.17] from 15 to 85 dist[1.85]
Adding bndlst edge: (A_I16_MC -> A_V86_MC) type[hb], weight[1.10] from 15 to 85 dist[1.91]
Adding bndlst edge: (A_H17_MC -> A_R18_MC) type[cov], weight[1.00] from 16 to 17 dist[1.33]
Adding bndlst edge: (A_H17_SC -> A_T85_SC) type[hb], weight[0.36] from 16 to 84 dist[3.34]
Adding bndlst edge: (A_H17_SC -> A_T85_SC) type[hb], weight[0.87] from 16 to 84 dist[2.14]
Adding bndlst edge: (A_H17_SC -> A_T85_SC) type[hb], weight[0.49] from 16 to 84 dist[2.85]
Adding bndlst edge: (A_R18_MC -> A_G19_MC) type[cov], weight[1.00] from 17 to 18 dist[1.34]
Adding bndlst edge: (A_R18_MC -> A_T21_SC) type[hb], weight[1.33] from 17 to 20 dist[1.73]
Adding bndlst edge: (A_R18_MC -> A_T21_MC) type[hb], weight[0.93] from 17 to 20 dist[2.07]
Adding bndlst edge: (A_R18_MC -> A_Q84_MC) type[hb], weight[1.04] from 17 to 83 dist[1.96]
Adding bndlst edge: (A_R18_SC -> A_G83_MC) type[hb], weight[1.27] from 17 to 82 dist[1.77]
Adding bndlst edge: (A_R18_SC -> A_T21_MC) type[hb], weight[0.92] from 17 to 20 dist[2.08]
Adding bndlst edge: (A_R18_SC -> A_G83_MC) type[hb], weight[0.70] from 17 to 82 dist[2.40]
Adding bndlst edge: (A_R18_SC -> A_L79_MC) type[hb], weight[0.78] from 17 to 78 dist[2.26]
Adding bndlst edge: (A_G19_MC -> A_S20_MC) type[cov], weight[1.00] from 18 to 19 dist[1.34]
Adding bndlst edge: (A_G19_MC -> A_Q84_MC) type[hb], weight[0.47] from 18 to 83 dist[2.92]
Adding bndlst edge: (A_S20_MC -> A_T21_MC) type[cov], weight[1.00] from 19 to 20 dist[1.33]
Adding bndlst edge: (A_T21_MC -> A_G22_MC) type[cov], weight[1.00] from 20 to 21 dist[1.32]
Adding bndlst edge: (A_G22_MC -> A_L23_MC) type[cov], weight[1.00] from 21 to 22 dist[1.33]
Adding bndlst edge: (A_L23_MC -> A_G24_MC) type[cov], weight[1.00] from 22 to 23 dist[1.32]
Adding bndlst edge: (A_L23_MC -> A_A47_MC) type[hb], weight[1.04] from 22 to 46 dist[1.96]
Adding bndlst edge: (A_G24_MC -> A_F25_MC) type[cov], weight[1.00] from 23 to 24 dist[1.33]
Adding bndlst edge: (A_G24_MC -> A_L42_MC) type[hb], weight[0.98] from 23 to 41 dist[2.02]
Adding bndlst edge: (A_F25_MC -> A_N26_MC) type[cov], weight[1.00] from 24 to 25 dist[1.32]
Adding bndlst edge: (A_N26_MC -> A_I27_MC) type[cov], weight[1.00] from 25 to 26 dist[1.34]
Adding bndlst edge: (A_N26_MC -> A_S39_MC) type[hb], weight[1.00] from 25 to 38 dist[2.00]
Adding bndlst edge: (A_N26_MC -> A_F40_MC) type[hb], weight[0.47] from 25 to 39 dist[2.91]
Adding bndlst edge: (A_N26_MC -> A_F40_MC) type[hb], weight[1.04] from 25 to 39 dist[1.96]
Adding bndlst edge: (A_I27_MC -> A_V28_MC) type[cov], weight[1.00] from 26 to 27 dist[1.32]
Adding bndlst edge: (A_I27_MC -> A_H72_SC) type[hb], weight[0.85] from 26 to 71 dist[2.17]
Adding bndlst edge: (A_V28_MC -> A_G29_MC) type[cov], weight[1.00] from 27 to 28 dist[1.33]
Adding bndlst edge: (A_V28_MC -> A_F37_MC) type[hb], weight[1.10] from 27 to 36 dist[1.90]
Adding bndlst edge: (A_V28_MC -> A_F37_MC) type[hb], weight[1.05] from 27 to 36 dist[1.95]
Adding bndlst edge: (A_G29_MC -> A_G30_MC) type[cov], weight[1.00] from 28 to 29 dist[1.33]
Adding bndlst edge: (A_G30_MC -> A_E31_MC) type[cov], weight[1.00] from 29 to 30 dist[1.32]
Adding bndlst edge: (A_G30_MC -> A_G35_MC) type[hb], weight[0.78] from 29 to 34 dist[2.27]
Adding bndlst edge: (A_E31_MC -> A_D32_MC) type[cov], weight[1.00] from 30 to 31 dist[1.32]
Adding bndlst edge: (A_E31_MC -> A_E34_MC) type[hb], weight[0.87] from 30 to 33 dist[2.14]
Adding bndlst edge: (A_E31_MC -> A_E34_SC) type[hb], weight[0.96] from 30 to 33 dist[2.04]
Adding bndlst edge: (A_D32_MC -> A_G33_MC) type[cov], weight[1.00] from 31 to 32 dist[1.33]
Adding bndlst edge: (A_G33_MC -> A_E34_MC) type[cov], weight[1.00] from 32 to 33 dist[1.34]
Adding bndlst edge: (A_E34_MC -> A_G35_MC) type[cov], weight[1.00] from 33 to 34 dist[1.33]
Adding bndlst edge: (A_G35_MC -> A_I36_MC) type[cov], weight[1.00] from 34 to 35 dist[1.32]
Adding bndlst edge: (A_I36_MC -> A_F37_MC) type[cov], weight[1.00] from 35 to 36 dist[1.33]
Adding bndlst edge: (A_I36_MC -> A_I59_MC) type[hb], weight[1.06] from 35 to 58 dist[1.95]
Adding bndlst edge: (A_F37_MC -> A_I38_MC) type[cov], weight[1.00] from 36 to 37 dist[1.33]
Adding bndlst edge: (A_I38_MC -> A_S39_MC) type[cov], weight[1.00] from 37 to 38 dist[1.33]
Adding bndlst edge: (A_I38_MC -> A_G56_MC) type[hb], weight[1.03] from 37 to 55 dist[1.97]
Adding bndlst edge: (A_I38_MC -> A_D57_MC) type[hb], weight[1.07] from 37 to 56 dist[1.94]
Adding bndlst edge: (A_S39_MC -> A_F40_MC) type[cov], weight[1.00] from 38 to 39 dist[1.32]
Adding bndlst edge: (A_F40_MC -> A_I41_MC) type[cov], weight[1.00] from 39 to 40 dist[1.31]
Adding bndlst edge: (A_I41_MC -> A_L42_MC) type[cov], weight[1.00] from 40 to 41 dist[1.33]
Adding bndlst edge: (A_L42_MC -> A_A43_MC) type[cov], weight[1.00] from 41 to 42 dist[1.34]
Adding bndlst edge: (A_L42_MC -> A_G45_MC) type[hb], weight[0.83] from 41 to 44 dist[2.20]
Adding bndlst edge: (A_A43_MC -> A_G44_MC) type[cov], weight[1.00] from 42 to 43 dist[1.33]
Adding bndlst edge: (A_G44_MC -> A_G45_MC) type[cov], weight[1.00] from 43 to 44 dist[1.33]
Adding bndlst edge: (A_G44_MC -> A_D48_SC) type[hb], weight[1.21] from 43 to 47 dist[1.82]
Adding bndlst edge: (A_G45_MC -> A_P46_MC) type[cov], weight[1.00] from 44 to 45 dist[1.32]
Adding bndlst edge: (A_G45_MC -> A_L49_MC) type[hb], weight[1.05] from 44 to 48 dist[1.95]
Adding bndlst edge: (A_G45_MC -> A_D48_MC) type[hb], weight[0.54] from 44 to 47 dist[2.71]
Adding bndlst edge: (A_P46_MC -> A_A47_MC) type[cov], weight[1.00] from 45 to 46 dist[1.33]
Adding bndlst edge: (A_P46_MC -> A_S50_MC) type[hb], weight[0.94] from 45 to 49 dist[2.06]
Adding bndlst edge: (A_P46_MC -> A_L49_MC) type[hb], weight[0.51] from 45 to 48 dist[2.81]
Adding bndlst edge: (A_A47_MC -> A_D48_MC) type[cov], weight[1.00] from 46 to 47 dist[1.32]
Adding bndlst edge: (A_A47_MC -> A_S50_SC) type[hb], weight[1.26] from 46 to 49 dist[1.78]
Adding bndlst edge: (A_A47_MC -> A_S50_MC) type[hb], weight[0.52] from 46 to 49 dist[2.76]
Adding bndlst edge: (A_A47_MC -> A_G51_MC) type[hb], weight[0.47] from 46 to 50 dist[2.92]
Adding bndlst edge: (A_D48_MC -> A_L49_MC) type[cov], weight[1.00] from 47 to 48 dist[1.33]
Adding bndlst edge: (A_D48_MC -> A_G51_MC) type[hb], weight[0.94] from 47 to 50 dist[2.07]
Adding bndlst edge: (A_L49_MC -> A_S50_MC) type[cov], weight[1.00] from 48 to 49 dist[1.33]
Adding bndlst edge: (A_S50_MC -> A_G51_MC) type[cov], weight[1.00] from 49 to 50 dist[1.33]
Adding bndlst edge: (A_S50_SC -> A_E52_MC) type[hb], weight[0.82] from 49 to 51 dist[2.21]
Adding bndlst edge: (A_G51_MC -> A_E52_MC) type[cov], weight[1.00] from 50 to 51 dist[1.33]
Adding bndlst edge: (A_E52_MC -> A_L53_MC) type[cov], weight[1.00] from 51 to 52 dist[1.32]
Adding bndlst edge: (A_L53_MC -> A_R54_MC) type[cov], weight[1.00] from 52 to 53 dist[1.33]
Adding bndlst edge: (A_R54_MC -> A_K55_MC) type[cov], weight[1.00] from 53 to 54 dist[1.33]
Adding bndlst edge: (A_R54_MC -> A_D57_MC) type[hb], weight[0.87] from 53 to 56 dist[2.15]
Adding bndlst edge: (A_R54_MC -> A_D57_SC) type[hb], weight[1.02] from 53 to 56 dist[1.99]
Adding bndlst edge: (A_K55_MC -> A_G56_MC) type[cov], weight[1.00] from 54 to 55 dist[1.33]
Adding bndlst edge: (A_K55_SC -> A_E101_SC) type[salt], weight[1.04] from 54 to 100 dist[1.86]
Adding bndlst edge: (A_K55_SC -> A_E101_SC) type[salt], weight[0.45] from 54 to 100 dist[2.83]
Adding bndlst edge: (A_G56_MC -> A_D57_MC) type[cov], weight[1.00] from 55 to 56 dist[1.32]
Adding bndlst edge: (A_G56_MC -> A_K93_MC) type[hb], weight[0.94] from 55 to 92 dist[2.06]
Adding bndlst edge: (A_D57_MC -> A_Q58_MC) type[cov], weight[1.00] from 56 to 57 dist[1.32]
Adding bndlst edge: (A_Q58_MC -> A_I59_MC) type[cov], weight[1.00] from 57 to 58 dist[1.33]
Adding bndlst edge: (A_Q58_MC -> A_Q91_MC) type[hb], weight[0.97] from 57 to 90 dist[2.03]
Adding bndlst edge: (A_Q58_MC -> A_Q91_MC) type[hb], weight[1.28] from 57 to 90 dist[1.77]
Adding bndlst edge: (A_I59_MC -> A_L60_MC) type[cov], weight[1.00] from 58 to 59 dist[1.32]
Adding bndlst edge: (A_L60_MC -> A_S61_MC) type[cov], weight[1.00] from 59 to 60 dist[1.33]
Adding bndlst edge: (A_L60_MC -> A_L67_MC) type[hb], weight[1.16] from 59 to 66 dist[1.86]
Adding bndlst edge: (A_L60_MC -> A_I89_MC) type[hb], weight[1.15] from 59 to 88 dist[1.86]
Adding bndlst edge: (A_S61_MC -> A_V62_MC) type[cov], weight[1.00] from 60 to 61 dist[1.34]
Adding bndlst edge: (A_S61_MC -> A_I89_MC) type[hb], weight[0.86] from 60 to 88 dist[2.16]
Adding bndlst edge: (A_S61_MC -> A_I89_MC) type[hb], weight[0.69] from 60 to 88 dist[2.41]
Adding bndlst edge: (A_V62_MC -> A_N63_MC) type[cov], weight[1.00] from 61 to 62 dist[1.32]
Adding bndlst edge: (A_V62_MC -> A_V65_MC) type[hb], weight[1.06] from 61 to 64 dist[1.94]
Adding bndlst edge: (A_V62_MC -> A_V65_MC) type[hb], weight[0.92] from 61 to 64 dist[2.09]
Adding bndlst edge: (A_N63_MC -> A_G64_MC) type[cov], weight[1.00] from 62 to 63 dist[1.33]
Adding bndlst edge: (A_N63_MC -> A_V65_MC) type[hb], weight[0.48] from 62 to 64 dist[2.87]
Adding bndlst edge: (A_N63_SC -> A_T87_MC) type[hb], weight[1.14] from 62 to 86 dist[1.87]
Adding bndlst edge: (A_N63_MC -> A_T87_MC) type[hb], weight[1.06] from 62 to 86 dist[1.94]
Adding bndlst edge: (A_N63_SC -> A_T85_MC) type[hb], weight[0.56] from 62 to 84 dist[2.67]
Adding bndlst edge: (A_N63_SC -> A_A82_MC) type[hb], weight[0.73] from 62 to 81 dist[2.34]
Adding bndlst edge: (A_N63_SC -> A_A82_MC) type[hb], weight[0.78] from 62 to 81 dist[2.26]
Adding bndlst edge: (A_G64_MC -> A_V65_MC) type[cov], weight[1.00] from 63 to 64 dist[1.33]
Adding bndlst edge: (A_V65_MC -> A_D66_MC) type[cov], weight[1.00] from 64 to 65 dist[1.32]
Adding bndlst edge: (A_D66_MC -> A_L67_MC) type[cov], weight[1.00] from 65 to 66 dist[1.32]
Adding bndlst edge: (A_D66_SC -> A_R68_SC) type[salt], weight[0.91] from 65 to 67 dist[1.99]
Adding bndlst edge: (A_D66_SC -> A_R68_MC) type[hb], weight[0.90] from 65 to 67 dist[2.11]
Adding bndlst edge: (A_D66_SC -> A_R68_SC) type[salt], weight[1.01] from 65 to 67 dist[1.89]
Adding bndlst edge: (A_D66_SC -> A_R68_SC) type[salt], weight[0.47] from 65 to 67 dist[2.78]
Adding bndlst edge: (A_L67_MC -> A_R68_MC) type[cov], weight[1.00] from 66 to 67 dist[1.32]
Adding bndlst edge: (A_L67_MC -> A_A70_MC) type[hb], weight[0.89] from 66 to 69 dist[2.12]
Adding bndlst edge: (A_R68_MC -> A_N69_MC) type[cov], weight[1.00] from 67 to 68 dist[1.33]
Adding bndlst edge: (A_N69_MC -> A_A70_MC) type[cov], weight[1.00] from 68 to 69 dist[1.31]
Adding bndlst edge: (A_A70_MC -> A_S71_MC) type[cov], weight[1.00] from 69 to 70 dist[1.32]
Adding bndlst edge: (A_S71_MC -> A_H72_MC) type[cov], weight[1.00] from 70 to 71 dist[1.32]
Adding bndlst edge: (A_S71_MC -> A_A75_MC) type[hb], weight[1.01] from 70 to 74 dist[1.99]
Adding bndlst edge: (A_S71_MC -> A_Q74_MC) type[hb], weight[0.46] from 70 to 73 dist[2.96]
Adding bndlst edge: (A_S71_SC -> A_Q74_MC) type[hb], weight[0.76] from 70 to 73 dist[2.30]
Adding bndlst edge: (A_H72_MC -> A_E73_MC) type[cov], weight[1.00] from 71 to 72 dist[1.33]
Adding bndlst edge: (A_H72_MC -> A_A76_MC) type[hb], weight[0.94] from 71 to 75 dist[2.06]
Adding bndlst edge: (A_H72_MC -> A_A75_MC) type[hb], weight[0.46] from 71 to 74 dist[2.96]
Adding bndlst edge: (A_E73_MC -> A_Q74_MC) type[cov], weight[1.00] from 72 to 73 dist[1.33]
Adding bndlst edge: (A_E73_MC -> A_A76_MC) type[hb], weight[0.48] from 72 to 75 dist[2.88]
Adding bndlst edge: (A_E73_MC -> A_I77_MC) type[hb], weight[1.02] from 72 to 76 dist[1.98]
Adding bndlst edge: (A_Q74_MC -> A_A75_MC) type[cov], weight[1.00] from 73 to 74 dist[1.33]
Adding bndlst edge: (A_Q74_MC -> A_A78_MC) type[hb], weight[1.07] from 73 to 77 dist[1.93]
Adding bndlst edge: (A_Q74_MC -> A_I77_MC) type[hb], weight[0.46] from 73 to 76 dist[2.95]
Adding bndlst edge: (A_A75_MC -> A_A76_MC) type[cov], weight[1.00] from 74 to 75 dist[1.32]
Adding bndlst edge: (A_A75_MC -> A_L79_MC) type[hb], weight[0.97] from 74 to 78 dist[2.03]
Adding bndlst edge: (A_A75_MC -> A_A78_MC) type[hb], weight[0.56] from 74 to 77 dist[2.68]
Adding bndlst edge: (A_A76_MC -> A_I77_MC) type[cov], weight[1.00] from 75 to 76 dist[1.34]
Adding bndlst edge: (A_A76_MC -> A_L79_MC) type[hb], weight[0.50] from 75 to 78 dist[2.84]
Adding bndlst edge: (A_A76_MC -> A_K80_MC) type[hb], weight[1.09] from 75 to 79 dist[1.92]
Adding bndlst edge: (A_I77_MC -> A_A78_MC) type[cov], weight[1.00] from 76 to 77 dist[1.35]
Adding bndlst edge: (A_I77_MC -> A_N81_MC) type[hb], weight[0.91] from 76 to 80 dist[2.10]
Adding bndlst edge: (A_I77_MC -> A_N81_SC) type[hb], weight[1.00] from 76 to 80 dist[2.00]
Adding bndlst edge: (A_I77_MC -> A_K80_MC) type[hb], weight[0.49] from 76 to 79 dist[2.86]
Adding bndlst edge: (A_A78_MC -> A_L79_MC) type[cov], weight[1.00] from 77 to 78 dist[1.33]
Adding bndlst edge: (A_A78_MC -> A_A82_MC) type[hb], weight[0.50] from 77 to 81 dist[2.82]
Adding bndlst edge: (A_A78_MC -> A_N81_MC) type[hb], weight[0.51] from 77 to 80 dist[2.79]
Adding bndlst edge: (A_L79_MC -> A_K80_MC) type[cov], weight[1.00] from 78 to 79 dist[1.31]
Adding bndlst edge: (A_L79_MC -> A_A82_MC) type[hb], weight[0.69] from 78 to 81 dist[2.42]
Adding bndlst edge: (A_K80_MC -> A_N81_MC) type[cov], weight[1.00] from 79 to 80 dist[1.33]
Adding bndlst edge: (A_N81_MC -> A_A82_MC) type[cov], weight[1.00] from 80 to 81 dist[1.32]
Adding bndlst edge: (A_A82_MC -> A_G83_MC) type[cov], weight[1.00] from 81 to 82 dist[1.33]
Adding bndlst edge: (A_G83_MC -> A_Q84_MC) type[cov], weight[1.00] from 82 to 83 dist[1.32]
Adding bndlst edge: (A_Q84_MC -> A_T85_MC) type[cov], weight[1.00] from 83 to 84 dist[1.33]
Adding bndlst edge: (A_T85_MC -> A_V86_MC) type[cov], weight[1.00] from 84 to 85 dist[1.33]
Adding bndlst edge: (A_V86_MC -> A_T87_MC) type[cov], weight[1.00] from 85 to 86 dist[1.32]
Adding bndlst edge: (A_T87_MC -> A_I88_MC) type[cov], weight[1.00] from 86 to 87 dist[1.33]
Adding bndlst edge: (A_I88_MC -> A_I89_MC) type[cov], weight[1.00] from 87 to 88 dist[1.32]
Adding bndlst edge: (A_I89_MC -> A_A90_MC) type[cov], weight[1.00] from 88 to 89 dist[1.32]
Adding bndlst edge: (A_A90_MC -> A_Q91_MC) type[cov], weight[1.00] from 89 to 90 dist[1.31]
Adding bndlst edge: (A_Q91_MC -> A_Y92_MC) type[cov], weight[1.00] from 90 to 91 dist[1.31]
Adding bndlst edge: (A_Y92_MC -> A_K93_MC) type[cov], weight[1.00] from 91 to 92 dist[1.34]
Adding bndlst edge: (A_Y92_SC -> A_G110_MC) type[hb], weight[1.39] from 91 to 109 dist[1.70]
Adding bndlst edge: (A_K93_MC -> A_P94_MC) type[cov], weight[1.00] from 92 to 93 dist[1.32]
Adding bndlst edge: (A_K93_MC -> A_Y97_MC) type[hb], weight[0.94] from 92 to 96 dist[2.06]
Adding bndlst edge: (A_K93_MC -> A_E96_MC) type[hb], weight[0.48] from 92 to 95 dist[2.88]
Adding bndlst edge: (A_P94_MC -> A_E95_MC) type[cov], weight[1.00] from 93 to 94 dist[1.33]
Adding bndlst edge: (A_P94_MC -> A_Y97_MC) type[hb], weight[0.45] from 93 to 96 dist[2.96]
Adding bndlst edge: (A_P94_MC -> A_S98_MC) type[hb], weight[1.06] from 93 to 97 dist[1.95]
Adding bndlst edge: (A_E95_MC -> A_E96_MC) type[cov], weight[1.00] from 94 to 95 dist[1.32]
Adding bndlst edge: (A_E95_MC -> A_S98_MC) type[hb], weight[0.54] from 94 to 97 dist[2.72]
Adding bndlst edge: (A_E95_MC -> A_S98_SC) type[hb], weight[1.28] from 94 to 97 dist[1.77]
Adding bndlst edge: (A_E95_MC -> A_R99_MC) type[hb], weight[0.49] from 94 to 98 dist[2.86]
Adding bndlst edge: (A_E96_MC -> A_Y97_MC) type[cov], weight[1.00] from 95 to 96 dist[1.33]
Adding bndlst edge: (A_E96_MC -> A_R99_SC) type[hb], weight[0.47] from 95 to 98 dist[2.92]
Adding bndlst edge: (A_E96_MC -> A_R99_MC) type[hb], weight[0.66] from 95 to 98 dist[2.46]
Adding bndlst edge: (A_Y97_MC -> A_S98_MC) type[cov], weight[1.00] from 96 to 97 dist[1.32]
Adding bndlst edge: (A_Y97_MC -> A_F100_MC) type[hb], weight[1.14] from 96 to 99 dist[1.88]
Adding bndlst edge: (A_Y97_MC -> A_R99_MC) type[hb], weight[0.48] from 96 to 98 dist[2.90]
Adding bndlst edge: (A_Y97_SC -> A_E101_SC) type[hb], weight[1.04] from 96 to 100 dist[1.96]
Adding bndlst edge: (A_S98_MC -> A_R99_MC) type[cov], weight[1.00] from 97 to 98 dist[1.33]
Adding bndlst edge: (A_S98_MC -> A_S104_SC) type[hb], weight[0.64] from 97 to 103 dist[2.49]
Adding bndlst edge: (A_S98_MC -> A_E101_MC) type[hb], weight[0.58] from 97 to 100 dist[2.62]
Adding bndlst edge: (A_R99_MC -> A_F100_MC) type[cov], weight[1.00] from 98 to 99 dist[1.33]
Adding bndlst edge: (A_F100_MC -> A_E101_MC) type[cov], weight[1.00] from 99 to 100 dist[1.33]
Adding bndlst edge: (A_E101_MC -> A_A102_MC) type[cov], weight[1.00] from 100 to 101 dist[1.31]
Adding bndlst edge: (A_E101_MC -> A_S104_SC) type[hb], weight[1.24] from 100 to 103 dist[1.80]
Adding bndlst edge: (A_E101_MC -> A_S104_MC) type[hb], weight[0.62] from 100 to 103 dist[2.54]
Adding bndlst edge: (A_A102_MC -> A_N103_MC) type[cov], weight[1.00] from 101 to 102 dist[1.34]
Adding bndlst edge: (A_N103_MC -> A_S104_MC) type[cov], weight[1.00] from 102 to 103 dist[1.32]
Adding bndlst edge: (A_N103_MC -> A_D115_MC) type[hb], weight[0.96] from 102 to 114 dist[2.04]
Adding bndlst edge: (A_S104_MC -> A_R105_MC) type[cov], weight[1.00] from 103 to 104 dist[1.33]
Adding bndlst edge: (A_R105_MC -> A_V106_MC) type[cov], weight[1.00] from 104 to 105 dist[1.31]
Adding bndlst edge: (A_R105_MC -> A_V113_MC) type[hb], weight[1.20] from 104 to 112 dist[1.83]
Adding bndlst edge: (A_R105_MC -> A_V113_MC) type[hb], weight[1.03] from 104 to 112 dist[1.97]
Adding bndlst edge: (A_R105_SC -> A_D115_SC) type[salt], weight[0.88] from 104 to 114 dist[2.03]
Adding bndlst edge: (A_R105_SC -> A_D115_SC) type[salt], weight[0.60] from 104 to 114 dist[2.44]
Adding bndlst edge: (A_R105_SC -> A_D115_SC) type[salt], weight[0.81] from 104 to 114 dist[2.11]
Adding bndlst edge: (A_V106_MC -> A_D107_MC) type[cov], weight[1.00] from 105 to 106 dist[1.32]
Adding bndlst edge: (A_D107_MC -> A_S108_MC) type[cov], weight[1.00] from 106 to 107 dist[1.33]
Adding bndlst edge: (A_D107_MC -> A_G110_MC) type[hb], weight[0.91] from 106 to 109 dist[2.09]
Adding bndlst edge: (A_D107_SC -> A_R111_MC) type[hb], weight[0.81] from 106 to 110 dist[2.22]
Adding bndlst edge: (A_D107_SC -> A_S109_SC) type[hb], weight[1.03] from 106 to 108 dist[1.97]
Adding bndlst edge: (A_D107_SC -> A_S109_MC) type[hb], weight[0.82] from 106 to 108 dist[2.21]
Adding bndlst edge: (A_D107_SC -> A_G110_MC) type[hb], weight[0.45] from 106 to 109 dist[2.97]
Adding bndlst edge: (A_D107_MC -> A_R111_MC) type[hb], weight[1.13] from 106 to 110 dist[1.89]
Adding bndlst edge: (A_S108_MC -> A_S109_MC) type[cov], weight[1.00] from 107 to 108 dist[1.34]
Adding bndlst edge: (A_S109_MC -> A_G110_MC) type[cov], weight[1.00] from 108 to 109 dist[1.33]
Adding bndlst edge: (A_S109_SC -> A_R111_SC) type[hb], weight[0.96] from 108 to 110 dist[2.04]
Adding bndlst edge: (A_S109_SC -> A_R111_MC) type[hb], weight[0.49] from 108 to 110 dist[2.85]
Adding bndlst edge: (A_G110_MC -> A_R111_MC) type[cov], weight[1.00] from 109 to 110 dist[1.33]
Adding bndlst edge: (A_R111_MC -> A_I112_MC) type[cov], weight[1.00] from 110 to 111 dist[1.33]
Adding bndlst edge: (A_I112_MC -> A_V113_MC) type[cov], weight[1.00] from 111 to 112 dist[1.32]
Adding bndlst edge: (A_V113_MC -> A_T114_MC) type[cov], weight[1.00] from 112 to 113 dist[1.33]
Adding bndlst edge: (A_T114_MC -> A_D115_MC) type[cov], weight[1.00] from 113 to 114 dist[1.32]

bndlst DONE

Producing PAJEK network
printing pajek edge (A_34_GLU,A_35_GLY)
printing pajek edge (A_33_GLY,A_34_GLU)
printing pajek edge (A_91_GLN,A_92_TYR)
printing pajek edge (A_64_GLY,A_65_VAL)
printing pajek edge (A_22_GLY,A_23_LEU)
printing pajek edge (A_72_HIS,A_75_ALA)
printing pajek edge (A_72_HIS,A_76_ALA)
printing pajek edge (A_72_HIS,A_73_GLU)
printing pajek edge (A_103_ASN,A_104_SER)
printing pajek edge (A_103_ASN,A_115_ASP)
printing pajek edge (A_8_PRO,A_9_ARG)
printing pajek edge (A_81_ASN,A_82_ALA)
printing pajek edge (A_27_ILE,A_28_VAL)
printing pajek edge (A_27_ILE,A_72_HIS)
printing pajek edge (A_100_PHE,A_101_GLU)
printing pajek edge (A_19_GLY,A_84_GLN)
printing pajek edge (A_19_GLY,A_20_SER)
printing pajek edge (A_73_GLU,A_76_ALA)
printing pajek edge (A_73_GLU,A_74_GLN)
printing pajek edge (A_73_GLU,A_77_ILE)
printing pajek edge (A_17_HIS,A_85_THR)
printing pajek edge (A_17_HIS,A_18_ARG)
printing pajek edge (A_45_GLY,A_46_PRO)
printing pajek edge (A_45_GLY,A_48_ASP)
printing pajek edge (A_45_GLY,A_49_LEU)
printing pajek edge (A_56_GLY,A_93_LYS)
printing pajek edge (A_56_GLY,A_57_ASP)
printing pajek edge (A_85_THR,A_86_VAL)
printing pajek edge (A_75_ALA,A_78_ALA)
printing pajek edge (A_75_ALA,A_76_ALA)
printing pajek edge (A_75_ALA,A_79_LEU)
printing pajek edge (A_28_VAL,A_29_GLY)
printing pajek edge (A_28_VAL,A_37_PHE)
printing pajek edge (A_96_GLU,A_99_ARG)
printing pajek edge (A_96_GLU,A_97_TYR)
printing pajek edge (A_58_GLN,A_91_GLN)
printing pajek edge (A_58_GLN,A_59_ILE)
printing pajek edge (A_62_VAL,A_65_VAL)
printing pajek edge (A_62_VAL,A_63_ASN)
printing pajek edge (A_109_SER,A_110_GLY)
printing pajek edge (A_109_SER,A_111_ARG)
printing pajek edge (A_21_THR,A_22_GLY)
printing pajek edge (A_110_GLY,A_111_ARG)
printing pajek edge (A_93_LYS,A_94_PRO)
printing pajek edge (A_93_LYS,A_96_GLU)
printing pajek edge (A_93_LYS,A_97_TYR)
printing pajek edge (A_104_SER,A_105_ARG)
printing pajek edge (A_90_ALA,A_91_GLN)
printing pajek edge (A_11_PRO,A_12_ARG)
printing pajek edge (A_32_ASP,A_33_GLY)
printing pajek edge (A_114_THR,A_115_ASP)
printing pajek edge (A_36_ILE,A_37_PHE)
printing pajek edge (A_36_ILE,A_59_ILE)
printing pajek edge (A_12_ARG,A_57_ASP)
printing pajek edge (A_12_ARG,A_90_ALA)
printing pajek edge (A_12_ARG,A_52_GLU)
printing pajek edge (A_12_ARG,A_13_ARG)
printing pajek edge (A_92_TYR,A_110_GLY)
printing pajek edge (A_92_TYR,A_93_LYS)
printing pajek edge (A_79_LEU,A_82_ALA)
printing pajek edge (A_79_LEU,A_80_LYS)
printing pajek edge (A_108_SER,A_109_SER)
printing pajek edge (A_49_LEU,A_50_SER)
printing pajek edge (A_88_ILE,A_89_ILE)
printing pajek edge (A_94_PRO,A_98_SER)
printing pajek edge (A_94_PRO,A_95_GLU)
printing pajek edge (A_94_PRO,A_97_TYR)
printing pajek edge (A_78_ALA,A_82_ALA)
printing pajek edge (A_78_ALA,A_81_ASN)
printing pajek edge (A_78_ALA,A_79_LEU)
printing pajek edge (A_107_ASP,A_110_GLY)
printing pajek edge (A_107_ASP,A_109_SER)
printing pajek edge (A_107_ASP,A_111_ARG)
printing pajek edge (A_107_ASP,A_108_SER)
printing pajek edge (A_66_ASP,A_68_ARG)
printing pajek edge (A_66_ASP,A_68_ARG)
printing pajek edge (A_66_ASP,A_67_LEU)
printing pajek edge (A_30_GLY,A_35_GLY)
printing pajek edge (A_30_GLY,A_31_GLU)
printing pajek edge (A_51_GLY,A_52_GLU)
printing pajek edge (A_40_PHE,A_41_ILE)
printing pajek edge (A_65_VAL,A_66_ASP)
printing pajek edge (A_98_SER,A_104_SER)
printing pajek edge (A_98_SER,A_99_ARG)
printing pajek edge (A_98_SER,A_101_GLU)
printing pajek edge (A_59_ILE,A_60_LEU)
printing pajek edge (A_42_LEU,A_43_ALA)
printing pajek edge (A_42_LEU,A_45_GLY)
printing pajek edge (A_13_ARG,A_14_ILE)
printing pajek edge (A_16_ILE,A_86_VAL)
printing pajek edge (A_16_ILE,A_17_HIS)
printing pajek edge (A_82_ALA,A_83_GLY)
printing pajek edge (A_53_LEU,A_54_ARG)
printing pajek edge (A_61_SER,A_89_ILE)
printing pajek edge (A_61_SER,A_62_VAL)
printing pajek edge (A_57_ASP,A_58_GLN)
printing pajek edge (A_102_ALA,A_103_ASN)
printing pajek edge (A_74_GLN,A_75_ALA)
printing pajek edge (A_74_GLN,A_78_ALA)
printing pajek edge (A_74_GLN,A_77_ILE)
printing pajek edge (A_67_LEU,A_70_ALA)
printing pajek edge (A_67_LEU,A_68_ARG)
printing pajek edge (A_46_PRO,A_50_SER)
printing pajek edge (A_46_PRO,A_47_ALA)
printing pajek edge (A_46_PRO,A_49_LEU)
printing pajek edge (A_87_THR,A_88_ILE)
printing pajek edge (A_77_ILE,A_78_ALA)
printing pajek edge (A_77_ILE,A_81_ASN)
printing pajek edge (A_77_ILE,A_80_LYS)
printing pajek edge (A_20_SER,A_21_THR)
printing pajek edge (A_63_ASN,A_82_ALA)
printing pajek edge (A_63_ASN,A_85_THR)
printing pajek edge (A_63_ASN,A_64_GLY)
printing pajek edge (A_63_ASN,A_65_VAL)
printing pajek edge (A_63_ASN,A_87_THR)
printing pajek edge (A_55_LYS,A_101_GLU)
printing pajek edge (A_55_LYS,A_56_GLY)
printing pajek edge (A_68_ARG,A_69_ASN)
printing pajek edge (A_71_SER,A_75_ALA)
printing pajek edge (A_71_SER,A_72_HIS)
printing pajek edge (A_71_SER,A_74_GLN)
printing pajek edge (A_69_ASN,A_70_ALA)
printing pajek edge (A_3_GLY,A_4_GLU)
printing pajek edge (A_3_GLY,A_111_ARG)
printing pajek edge (A_18_ARG,A_19_GLY)
printing pajek edge (A_18_ARG,A_84_GLN)
printing pajek edge (A_18_ARG,A_79_LEU)
printing pajek edge (A_18_ARG,A_83_GLY)
printing pajek edge (A_18_ARG,A_21_THR)
printing pajek edge (A_2_LEU,A_5_GLU)
printing pajek edge (A_2_LEU,A_4_GLU)
printing pajek edge (A_2_LEU,A_3_GLY)
printing pajek edge (A_89_ILE,A_90_ALA)
printing pajek edge (A_31_GLU,A_34_GLU)
printing pajek edge (A_31_GLU,A_32_ASP)
printing pajek edge (A_101_GLU,A_104_SER)
printing pajek edge (A_101_GLU,A_102_ALA)
printing pajek edge (A_111_ARG,A_112_ILE)
printing pajek edge (A_83_GLY,A_84_GLN)
printing pajek edge (A_26_ASN,A_39_SER)
printing pajek edge (A_26_ASN,A_40_PHE)
printing pajek edge (A_26_ASN,A_27_ILE)
printing pajek edge (A_29_GLY,A_30_GLY)
printing pajek edge (A_84_GLN,A_85_THR)
printing pajek edge (A_76_ALA,A_77_ILE)
printing pajek edge (A_76_ALA,A_79_LEU)
printing pajek edge (A_76_ALA,A_80_LYS)
printing pajek edge (A_41_ILE,A_42_LEU)
printing pajek edge (A_15_VAL,A_16_ILE)
printing pajek edge (A_113_VAL,A_114_THR)
printing pajek edge (A_70_ALA,A_71_SER)
printing pajek edge (A_60_LEU,A_61_SER)
printing pajek edge (A_60_LEU,A_89_ILE)
printing pajek edge (A_60_LEU,A_67_LEU)
printing pajek edge (A_50_SER,A_51_GLY)
printing pajek edge (A_50_SER,A_52_GLU)
printing pajek edge (A_25_PHE,A_26_ASN)
printing pajek edge (A_105_ARG,A_113_VAL)
printing pajek edge (A_105_ARG,A_115_ASP)
printing pajek edge (A_105_ARG,A_106_VAL)
printing pajek edge (A_54_ARG,A_57_ASP)
printing pajek edge (A_54_ARG,A_55_LYS)
printing pajek edge (A_80_LYS,A_81_ASN)
printing pajek edge (A_23_LEU,A_47_ALA)
printing pajek edge (A_23_LEU,A_24_GLY)
printing pajek edge (A_43_ALA,A_44_GLY)
printing pajek edge (A_1_PHE,A_2_LEU)
printing pajek edge (A_47_ALA,A_51_GLY)
printing pajek edge (A_47_ALA,A_50_SER)
printing pajek edge (A_47_ALA,A_48_ASP)
printing pajek edge (A_24_GLY,A_25_PHE)
printing pajek edge (A_24_GLY,A_42_LEU)
printing pajek edge (A_14_ILE,A_88_ILE)
printing pajek edge (A_14_ILE,A_15_VAL)
printing pajek edge (A_106_VAL,A_107_ASP)
printing pajek edge (A_97_TYR,A_99_ARG)
printing pajek edge (A_97_TYR,A_100_PHE)
printing pajek edge (A_97_TYR,A_98_SER)
printing pajek edge (A_97_TYR,A_101_GLU)
printing pajek edge (A_7_ILE,A_8_PRO)
printing pajek edge (A_7_ILE,A_109_SER)
printing pajek edge (A_86_VAL,A_87_THR)
printing pajek edge (A_4_GLU,A_5_GLU)
printing pajek edge (A_37_PHE,A_38_ILE)
printing pajek edge (A_95_GLU,A_99_ARG)
printing pajek edge (A_95_GLU,A_96_GLU)
printing pajek edge (A_95_GLU,A_98_SER)
printing pajek edge (A_112_ILE,A_113_VAL)
printing pajek edge (A_10_GLU,A_11_PRO)
printing pajek edge (A_52_GLU,A_53_LEU)
printing pajek edge (A_48_ASP,A_51_GLY)
printing pajek edge (A_48_ASP,A_49_LEU)
printing pajek edge (A_9_ARG,A_91_GLN)
printing pajek edge (A_9_ARG,A_95_GLU)
printing pajek edge (A_9_ARG,A_10_GLU)
printing pajek edge (A_39_SER,A_40_PHE)
printing pajek edge (A_99_ARG,A_100_PHE)
printing pajek edge (A_5_GLU,A_111_ARG)
printing pajek edge (A_5_GLU,A_6_ASP)
printing pajek edge (A_35_GLY,A_36_ILE)
printing pajek edge (A_38_ILE,A_39_SER)
printing pajek edge (A_38_ILE,A_57_ASP)
printing pajek edge (A_38_ILE,A_56_GLY)
printing pajek edge (A_44_GLY,A_45_GLY)
printing pajek edge (A_44_GLY,A_48_ASP)
printing pajek edge (A_6_ASP,A_7_ILE)
