Graph START

Adding vertex (chain-A, position-1, res-ILE)
New vertex id: 0
1 2 3 4 5 6 7 8 
Adding vertex (chain-A, position-2, res-VAL)
New vertex id: 1
9 10 11 12 13 14 15 
Adding vertex (chain-A, position-3, res-GLY)
New vertex id: 2
16 17 18 19 
Adding vertex (chain-A, position-4, res-GLY)
New vertex id: 3
20 21 22 23 
Adding vertex (chain-A, position-5, res-TYR)
New vertex id: 4
24 25 26 27 28 29 30 31 32 33 34 35 
Adding vertex (chain-A, position-6, res-THR)
New vertex id: 5
36 37 38 39 40 41 42 
Adding vertex (chain-A, position-7, res-CYS)
New vertex id: 6
43 44 45 46 47 48 
Adding vertex (chain-A, position-8, res-GLY)
New vertex id: 7
49 50 51 52 
Adding vertex (chain-A, position-9, res-ALA)
New vertex id: 8
53 54 55 56 57 
Adding vertex (chain-A, position-10, res-ASN)
New vertex id: 9
58 59 60 61 62 63 64 65 
Adding vertex (chain-A, position-11, res-THR)
New vertex id: 10
66 67 68 69 70 71 72 
Adding vertex (chain-A, position-12, res-VAL)
New vertex id: 11
73 74 75 76 77 78 79 
Adding vertex (chain-A, position-13, res-PRO)
New vertex id: 12
80 81 82 83 84 85 86 
Adding vertex (chain-A, position-14, res-TYR)
New vertex id: 13
87 88 89 90 91 92 93 94 95 96 97 98 
Adding vertex (chain-A, position-15, res-GLN)
New vertex id: 14
99 100 101 102 103 104 105 106 107 
Adding vertex (chain-A, position-16, res-VAL)
New vertex id: 15
108 109 110 111 112 113 114 
Adding vertex (chain-A, position-17, res-SER)
New vertex id: 16
115 116 117 118 119 120 
Adding vertex (chain-A, position-18, res-LEU)
New vertex id: 17
121 122 123 124 125 126 127 128 
Adding vertex (chain-A, position-19, res-ASN)
New vertex id: 18
129 130 131 132 133 134 135 136 
Adding vertex (chain-A, position-20, res-SER)
New vertex id: 19
137 138 139 140 141 142 
Adding vertex (chain-A, position-21, res-GLY)
New vertex id: 20
143 144 145 146 
Adding vertex (chain-A, position-22, res-TYR)
New vertex id: 21
147 148 149 150 151 152 153 154 155 156 157 158 
Adding vertex (chain-A, position-23, res-HIS)
New vertex id: 22
159 160 161 162 163 164 165 166 167 168 
Adding vertex (chain-A, position-24, res-PHE)
New vertex id: 23
169 170 171 172 173 174 175 176 177 178 179 
Adding vertex (chain-A, position-25, res-CYS)
New vertex id: 24
180 181 182 183 184 185 
Adding vertex (chain-A, position-26, res-GLY)
New vertex id: 25
186 187 188 189 
Adding vertex (chain-A, position-27, res-GLY)
New vertex id: 26
190 191 192 193 
Adding vertex (chain-A, position-28, res-SER)
New vertex id: 27
194 195 196 197 198 199 
Adding vertex (chain-A, position-29, res-LEU)
New vertex id: 28
200 201 202 203 204 205 206 207 
Adding vertex (chain-A, position-30, res-ILE)
New vertex id: 29
208 209 210 211 212 213 214 215 
Adding vertex (chain-A, position-31, res-ASN)
New vertex id: 30
216 217 218 219 220 221 222 223 
Adding vertex (chain-A, position-32, res-SER)
New vertex id: 31
224 225 226 227 228 229 
Adding vertex (chain-A, position-33, res-GLN)
New vertex id: 32
230 231 232 233 234 235 236 237 238 
Adding vertex (chain-A, position-34, res-TRP)
New vertex id: 33
239 240 241 242 243 244 245 246 247 248 249 250 251 252 
Adding vertex (chain-A, position-35, res-VAL)
New vertex id: 34
253 254 255 256 257 258 259 
Adding vertex (chain-A, position-36, res-VAL)
New vertex id: 35
260 261 262 263 264 265 266 
Adding vertex (chain-A, position-37, res-SER)
New vertex id: 36
267 268 269 270 271 272 
Adding vertex (chain-A, position-38, res-ALA)
New vertex id: 37
273 274 275 276 277 
Adding vertex (chain-A, position-39, res-ALA)
New vertex id: 38
278 279 280 281 282 
Adding vertex (chain-A, position-40, res-HIS)
New vertex id: 39
283 284 285 286 287 288 289 290 291 292 
Adding vertex (chain-A, position-41, res-CYS)
New vertex id: 40
293 294 295 296 297 298 
Adding vertex (chain-A, position-42, res-TYR)
New vertex id: 41
299 300 301 302 303 304 305 306 307 308 309 310 
Adding vertex (chain-A, position-43, res-LYS)
New vertex id: 42
311 312 313 314 315 316 317 318 319 
Adding vertex (chain-A, position-44, res-SER)
New vertex id: 43
320 321 322 323 324 325 
Adding vertex (chain-A, position-45, res-GLY)
New vertex id: 44
326 327 328 329 
Adding vertex (chain-A, position-46, res-ILE)
New vertex id: 45
330 331 332 333 334 335 336 337 
Adding vertex (chain-A, position-47, res-GLN)
New vertex id: 46
338 339 340 341 342 343 344 345 346 
Adding vertex (chain-A, position-48, res-VAL)
New vertex id: 47
347 348 349 350 351 352 353 
Adding vertex (chain-A, position-49, res-ARG)
New vertex id: 48
354 355 356 357 358 359 360 361 362 363 364 
Adding vertex (chain-A, position-50, res-LEU)
New vertex id: 49
365 366 367 368 369 370 371 372 
Adding vertex (chain-A, position-51, res-GLY)
New vertex id: 50
373 374 375 376 
Adding vertex (chain-A, position-52, res-GLU)
New vertex id: 51
377 378 379 380 381 382 383 384 385 
Adding vertex (chain-A, position-53, res-ASP)
New vertex id: 52
386 387 388 389 390 391 392 393 
Adding vertex (chain-A, position-54, res-ASN)
New vertex id: 53
394 395 396 397 398 399 400 401 
Adding vertex (chain-A, position-55, res-ILE)
New vertex id: 54
402 403 404 405 406 407 408 409 
Adding vertex (chain-A, position-56, res-ASN)
New vertex id: 55
410 411 412 413 414 415 416 417 
Adding vertex (chain-A, position-57, res-VAL)
New vertex id: 56
418 419 420 421 422 423 424 
Adding vertex (chain-A, position-58, res-VAL)
New vertex id: 57
425 426 427 428 429 430 431 
Adding vertex (chain-A, position-59, res-GLU)
New vertex id: 58
432 433 434 435 436 437 438 439 440 
Adding vertex (chain-A, position-60, res-GLY)
New vertex id: 59
441 442 443 444 
Adding vertex (chain-A, position-61, res-ASN)
New vertex id: 60
445 446 447 448 449 450 451 452 
Adding vertex (chain-A, position-62, res-GLU)
New vertex id: 61
453 454 455 456 457 458 459 460 461 
Adding vertex (chain-A, position-63, res-GLN)
New vertex id: 62
462 463 464 465 466 467 468 469 470 
Adding vertex (chain-A, position-64, res-PHE)
New vertex id: 63
471 472 473 474 475 476 477 478 479 480 481 
Adding vertex (chain-A, position-65, res-ILE)
New vertex id: 64
482 483 484 485 486 487 488 489 
Adding vertex (chain-A, position-66, res-SER)
New vertex id: 65
490 491 492 493 494 495 
Adding vertex (chain-A, position-67, res-ALA)
New vertex id: 66
496 497 498 499 500 
Adding vertex (chain-A, position-68, res-SER)
New vertex id: 67
501 502 503 504 505 506 
Adding vertex (chain-A, position-69, res-LYS)
New vertex id: 68
507 508 509 510 511 512 513 514 515 
Adding vertex (chain-A, position-70, res-SER)
New vertex id: 69
516 517 518 519 520 521 
Adding vertex (chain-A, position-71, res-ILE)
New vertex id: 70
522 523 524 525 526 527 528 529 
Adding vertex (chain-A, position-72, res-VAL)
New vertex id: 71
530 531 532 533 534 535 536 
Adding vertex (chain-A, position-73, res-HIS)
New vertex id: 72
537 538 539 540 541 542 543 544 545 546 
Adding vertex (chain-A, position-74, res-PRO)
New vertex id: 73
547 548 549 550 551 552 553 
Adding vertex (chain-A, position-75, res-SER)
New vertex id: 74
554 555 556 557 558 559 
Adding vertex (chain-A, position-76, res-TYR)
New vertex id: 75
560 561 562 563 564 565 566 567 568 569 570 571 
Adding vertex (chain-A, position-77, res-ASN)
New vertex id: 76
572 573 574 575 576 577 578 579 
Adding vertex (chain-A, position-78, res-SER)
New vertex id: 77
580 581 582 583 584 585 
Adding vertex (chain-A, position-79, res-ASN)
New vertex id: 78
586 587 588 589 590 591 592 593 
Adding vertex (chain-A, position-80, res-THR)
New vertex id: 79
594 595 596 597 598 599 600 
Adding vertex (chain-A, position-81, res-LEU)
New vertex id: 80
601 602 603 604 605 606 607 608 
Adding vertex (chain-A, position-82, res-ASN)
New vertex id: 81
609 610 611 612 613 614 615 616 
Adding vertex (chain-A, position-83, res-ASN)
New vertex id: 82
617 618 619 620 621 622 623 624 
Adding vertex (chain-A, position-84, res-ASP)
New vertex id: 83
625 626 627 628 629 630 631 632 
Adding vertex (chain-A, position-85, res-ILE)
New vertex id: 84
633 634 635 636 637 638 639 640 
Adding vertex (chain-A, position-86, res-MET)
New vertex id: 85
641 642 643 644 645 646 647 648 
Adding vertex (chain-A, position-87, res-LEU)
New vertex id: 86
649 650 651 652 653 654 655 656 
Adding vertex (chain-A, position-88, res-ILE)
New vertex id: 87
657 658 659 660 661 662 663 664 
Adding vertex (chain-A, position-89, res-LYS)
New vertex id: 88
665 666 667 668 669 670 671 672 673 
Adding vertex (chain-A, position-90, res-LEU)
New vertex id: 89
674 675 676 677 678 679 680 681 
Adding vertex (chain-A, position-91, res-LYS)
New vertex id: 90
682 683 684 685 686 687 688 689 690 
Adding vertex (chain-A, position-92, res-SER)
New vertex id: 91
691 692 693 694 695 696 
Adding vertex (chain-A, position-93, res-ALA)
New vertex id: 92
697 698 699 700 701 
Adding vertex (chain-A, position-94, res-ALA)
New vertex id: 93
702 703 704 705 706 
Adding vertex (chain-A, position-95, res-SER)
New vertex id: 94
707 708 709 710 711 712 
Adding vertex (chain-A, position-96, res-LEU)
New vertex id: 95
713 714 715 716 717 718 719 720 
Adding vertex (chain-A, position-97, res-ASN)
New vertex id: 96
721 722 723 724 725 726 727 728 
Adding vertex (chain-A, position-98, res-SER)
New vertex id: 97
729 730 731 732 733 734 
Adding vertex (chain-A, position-99, res-ARG)
New vertex id: 98
735 736 737 738 739 740 741 742 743 744 745 
Adding vertex (chain-A, position-100, res-VAL)
New vertex id: 99
746 747 748 749 750 751 752 
Adding vertex (chain-A, position-101, res-ALA)
New vertex id: 100
753 754 755 756 757 
Adding vertex (chain-A, position-102, res-SER)
New vertex id: 101
758 759 760 761 762 763 
Adding vertex (chain-A, position-103, res-ILE)
New vertex id: 102
764 765 766 767 768 769 770 771 
Adding vertex (chain-A, position-104, res-SER)
New vertex id: 103
772 773 774 775 776 777 
Adding vertex (chain-A, position-105, res-LEU)
New vertex id: 104
778 779 780 781 782 783 784 785 
Adding vertex (chain-A, position-106, res-PRO)
New vertex id: 105
786 787 788 789 790 791 792 
Adding vertex (chain-A, position-107, res-THR)
New vertex id: 106
793 794 795 796 797 798 799 
Adding vertex (chain-A, position-108, res-SER)
New vertex id: 107
800 801 802 803 804 805 
Adding vertex (chain-A, position-109, res-CYS)
New vertex id: 108
806 807 808 809 810 811 
Adding vertex (chain-A, position-110, res-ALA)
New vertex id: 109
812 813 814 815 816 
Adding vertex (chain-A, position-111, res-SER)
New vertex id: 110
817 818 819 820 821 822 
Adding vertex (chain-A, position-112, res-ALA)
New vertex id: 111
823 824 825 826 827 
Adding vertex (chain-A, position-113, res-GLY)
New vertex id: 112
828 829 830 831 
Adding vertex (chain-A, position-114, res-THR)
New vertex id: 113
832 833 834 835 836 837 838 
Adding vertex (chain-A, position-115, res-GLN)
New vertex id: 114
839 840 841 842 843 844 845 846 847 
Adding vertex (chain-A, position-116, res-CYS)
New vertex id: 115
848 849 850 851 852 853 
Adding vertex (chain-A, position-117, res-LEU)
New vertex id: 116
854 855 856 857 858 859 860 861 
Adding vertex (chain-A, position-118, res-ILE)
New vertex id: 117
862 863 864 865 866 867 868 869 
Adding vertex (chain-A, position-119, res-SER)
New vertex id: 118
870 871 872 873 874 875 
Adding vertex (chain-A, position-120, res-GLY)
New vertex id: 119
876 877 878 879 
Adding vertex (chain-A, position-121, res-TRP)
New vertex id: 120
880 881 882 883 884 885 886 887 888 889 890 891 892 893 
Adding vertex (chain-A, position-122, res-GLY)
New vertex id: 121
894 895 896 897 
Adding vertex (chain-A, position-123, res-ASN)
New vertex id: 122
898 899 900 901 902 903 904 905 
Adding vertex (chain-A, position-124, res-THR)
New vertex id: 123
906 907 908 909 910 911 912 
Adding vertex (chain-A, position-125, res-LYS)
New vertex id: 124
913 914 915 916 917 918 919 920 921 
Adding vertex (chain-A, position-126, res-SER)
New vertex id: 125
922 923 924 925 926 927 
Adding vertex (chain-A, position-127, res-SER)
New vertex id: 126
928 929 930 931 932 933 
Adding vertex (chain-A, position-128, res-GLY)
New vertex id: 127
934 935 936 937 
Adding vertex (chain-A, position-129, res-THR)
New vertex id: 128
938 939 940 941 942 943 944 
Adding vertex (chain-A, position-130, res-SER)
New vertex id: 129
945 946 947 948 949 950 
Adding vertex (chain-A, position-131, res-TYR)
New vertex id: 130
951 952 953 954 955 956 957 958 959 960 961 962 
Adding vertex (chain-A, position-132, res-PRO)
New vertex id: 131
963 964 965 966 967 968 969 
Adding vertex (chain-A, position-133, res-ASP)
New vertex id: 132
970 971 972 973 974 975 976 977 
Adding vertex (chain-A, position-134, res-VAL)
New vertex id: 133
978 979 980 981 982 983 984 
Adding vertex (chain-A, position-135, res-LEU)
New vertex id: 134
985 986 987 988 989 990 991 992 
Adding vertex (chain-A, position-136, res-LYS)
New vertex id: 135
993 994 995 996 997 998 999 1000 1001 
Adding vertex (chain-A, position-137, res-CYS)
New vertex id: 136
1002 1003 1004 1005 1006 1007 
Adding vertex (chain-A, position-138, res-LEU)
New vertex id: 137
1008 1009 1010 1011 1012 1013 1014 1015 
Adding vertex (chain-A, position-139, res-LYS)
New vertex id: 138
1016 1017 1018 1019 1020 1021 1022 1023 1024 
Adding vertex (chain-A, position-140, res-ALA)
New vertex id: 139
1025 1026 1027 1028 1029 
Adding vertex (chain-A, position-141, res-PRO)
New vertex id: 140
1030 1031 1032 1033 1034 1035 1036 
Adding vertex (chain-A, position-142, res-ILE)
New vertex id: 141
1037 1038 1039 1040 1041 1042 1043 1044 
Adding vertex (chain-A, position-143, res-LEU)
New vertex id: 142
1045 1046 1047 1048 1049 1050 1051 1052 
Adding vertex (chain-A, position-144, res-SER)
New vertex id: 143
1053 1054 1055 1056 1057 1058 
Adding vertex (chain-A, position-145, res-ASP)
New vertex id: 144
1059 1060 1061 1062 1063 1064 1065 1066 
Adding vertex (chain-A, position-146, res-SER)
New vertex id: 145
1067 1068 1069 1070 1071 1072 
Adding vertex (chain-A, position-147, res-SER)
New vertex id: 146
1073 1074 1075 1076 1077 1078 
Adding vertex (chain-A, position-148, res-CYS)
New vertex id: 147
1079 1080 1081 1082 1083 1084 
Adding vertex (chain-A, position-149, res-LYS)
New vertex id: 148
1085 1086 1087 1088 1089 1090 1091 1092 1093 
Adding vertex (chain-A, position-150, res-SER)
New vertex id: 149
1094 1095 1096 1097 1098 1099 
Adding vertex (chain-A, position-151, res-ALA)
New vertex id: 150
1100 1101 1102 1103 1104 
Adding vertex (chain-A, position-152, res-TYR)
New vertex id: 151
1105 1106 1107 1108 1109 1110 1111 1112 1113 1114 1115 1116 
Adding vertex (chain-A, position-153, res-PRO)
New vertex id: 152
1117 1118 1119 1120 1121 1122 1123 
Adding vertex (chain-A, position-154, res-GLY)
New vertex id: 153
1124 1125 1126 1127 
Adding vertex (chain-A, position-155, res-GLN)
New vertex id: 154
1128 1129 1130 1131 1132 1133 1134 1135 1136 
Adding vertex (chain-A, position-156, res-ILE)
New vertex id: 155
1137 1138 1139 1140 1141 1142 1143 1144 
Adding vertex (chain-A, position-157, res-THR)
New vertex id: 156
1145 1146 1147 1148 1149 1150 1151 
Adding vertex (chain-A, position-158, res-SER)
New vertex id: 157
1152 1153 1154 1155 1156 1157 
Adding vertex (chain-A, position-159, res-ASN)
New vertex id: 158
1158 1159 1160 1161 1162 1163 1164 1165 
Adding vertex (chain-A, position-160, res-MET)
New vertex id: 159
1166 1167 1168 1169 1170 1171 1172 1173 
Adding vertex (chain-A, position-161, res-PHE)
New vertex id: 160
1174 1175 1176 1177 1178 1179 1180 1181 1182 1183 1184 
Adding vertex (chain-A, position-162, res-CYS)
New vertex id: 161
1185 1186 1187 1188 1189 1190 
Adding vertex (chain-A, position-163, res-ALA)
New vertex id: 162
1191 1192 1193 1194 1195 
Adding vertex (chain-A, position-164, res-GLY)
New vertex id: 163
1196 1197 1198 1199 
Adding vertex (chain-A, position-165, res-TYR)
New vertex id: 164
1200 1201 1202 1203 1204 1205 1206 1207 1208 1209 1210 1211 
Adding vertex (chain-A, position-166, res-LEU)
New vertex id: 165
1212 1213 1214 1215 1216 1217 1218 1219 
Adding vertex (chain-A, position-167, res-GLU)
New vertex id: 166
1220 1221 1222 1223 1224 1225 1226 1227 1228 
Adding vertex (chain-A, position-168, res-GLY)
New vertex id: 167
1229 1230 1231 1232 
Adding vertex (chain-A, position-169, res-GLY)
New vertex id: 168
1233 1234 1235 1236 
Adding vertex (chain-A, position-170, res-LYS)
New vertex id: 169
1237 1238 1239 1240 1241 1242 1243 1244 1245 
Adding vertex (chain-A, position-171, res-ASP)
New vertex id: 170
1246 1247 1248 1249 1250 1251 1252 1253 
Adding vertex (chain-A, position-172, res-SER)
New vertex id: 171
1254 1255 1256 1257 1258 1259 
Adding vertex (chain-A, position-173, res-CYS)
New vertex id: 172
1260 1261 1262 1263 1264 1265 
Adding vertex (chain-A, position-174, res-GLN)
New vertex id: 173
1266 1267 1268 1269 1270 1271 1272 1273 1274 
Adding vertex (chain-A, position-175, res-GLY)
New vertex id: 174
1275 1276 1277 1278 
Adding vertex (chain-A, position-176, res-ASP)
New vertex id: 175
1279 1280 1281 1282 1283 1284 1285 1286 
Adding vertex (chain-A, position-177, res-SER)
New vertex id: 176
1287 1288 1289 1290 1291 1292 
Adding vertex (chain-A, position-178, res-GLY)
New vertex id: 177
1293 1294 1295 1296 
Adding vertex (chain-A, position-179, res-GLY)
New vertex id: 178
1297 1298 1299 1300 
Adding vertex (chain-A, position-180, res-PRO)
New vertex id: 179
1301 1302 1303 1304 1305 1306 1307 
Adding vertex (chain-A, position-181, res-VAL)
New vertex id: 180
1308 1309 1310 1311 1312 1313 1314 
Adding vertex (chain-A, position-182, res-VAL)
New vertex id: 181
1315 1316 1317 1318 1319 1320 1321 
Adding vertex (chain-A, position-183, res-CYS)
New vertex id: 182
1322 1323 1324 1325 1326 1327 
Adding vertex (chain-A, position-184, res-SER)
New vertex id: 183
1328 1329 1330 1331 1332 1333 
Adding vertex (chain-A, position-185, res-GLY)
New vertex id: 184
1334 1335 1336 1337 
Adding vertex (chain-A, position-186, res-LYS)
New vertex id: 185
1338 1339 1340 1341 1342 1343 1344 1345 1346 
Adding vertex (chain-A, position-187, res-LEU)
New vertex id: 186
1347 1348 1349 1350 1351 1352 1353 1354 
Adding vertex (chain-A, position-188, res-GLN)
New vertex id: 187
1355 1356 1357 1358 1359 1360 1361 1362 1363 
Adding vertex (chain-A, position-189, res-GLY)
New vertex id: 188
1364 1365 1366 1367 
Adding vertex (chain-A, position-190, res-ILE)
New vertex id: 189
1368 1369 1370 1371 1372 1373 1374 1375 
Adding vertex (chain-A, position-191, res-VAL)
New vertex id: 190
1376 1377 1378 1379 1380 1381 1382 
Adding vertex (chain-A, position-192, res-SER)
New vertex id: 191
1383 1384 1385 1386 1387 1388 
Adding vertex (chain-A, position-193, res-TRP)
New vertex id: 192
1389 1390 1391 1392 1393 1394 1395 1396 1397 1398 1399 1400 1401 1402 
Adding vertex (chain-A, position-194, res-GLY)
New vertex id: 193
1403 1404 1405 1406 
Adding vertex (chain-A, position-195, res-SER)
New vertex id: 194
1407 1408 1409 1410 1411 1412 
Adding vertex (chain-A, position-196, res-GLY)
New vertex id: 195
1413 1414 1415 1416 
Adding vertex (chain-A, position-197, res-CYS)
New vertex id: 196
1417 1418 1419 1420 1421 1422 
Adding vertex (chain-A, position-198, res-ALA)
New vertex id: 197
1423 1424 1425 1426 1427 
Adding vertex (chain-A, position-199, res-GLN)
New vertex id: 198
1428 1429 1430 1431 1432 1433 1434 1435 1436 
Adding vertex (chain-A, position-200, res-LYS)
New vertex id: 199
1437 1438 1439 1440 1441 1442 1443 1444 1445 
Adding vertex (chain-A, position-201, res-ASN)
New vertex id: 200
1446 1447 1448 1449 1450 1451 1452 1453 
Adding vertex (chain-A, position-202, res-LYS)
New vertex id: 201
1454 1455 1456 1457 1458 1459 1460 1461 1462 
Adding vertex (chain-A, position-203, res-PRO)
New vertex id: 202
1463 1464 1465 1466 1467 1468 1469 
Adding vertex (chain-A, position-204, res-GLY)
New vertex id: 203
1470 1471 1472 1473 
Adding vertex (chain-A, position-205, res-VAL)
New vertex id: 204
1474 1475 1476 1477 1478 1479 1480 
Adding vertex (chain-A, position-206, res-TYR)
New vertex id: 205
1481 1482 1483 1484 1485 1486 1487 1488 1489 1490 1491 1492 
Adding vertex (chain-A, position-207, res-THR)
New vertex id: 206
1493 1494 1495 1496 1497 1498 1499 
Adding vertex (chain-A, position-208, res-LYS)
New vertex id: 207
1500 1501 1502 1503 1504 1505 1506 1507 1508 
Adding vertex (chain-A, position-209, res-VAL)
New vertex id: 208
1509 1510 1511 1512 1513 1514 1515 
Adding vertex (chain-A, position-210, res-CYS)
New vertex id: 209
1516 1517 1518 1519 1520 1521 
Adding vertex (chain-A, position-211, res-ASN)
New vertex id: 210
1522 1523 1524 1525 1526 1527 1528 1529 
Adding vertex (chain-A, position-212, res-TYR)
New vertex id: 211
1530 1531 1532 1533 1534 1535 1536 1537 1538 1539 1540 1541 
Adding vertex (chain-A, position-213, res-VAL)
New vertex id: 212
1542 1543 1544 1545 1546 1547 1548 
Adding vertex (chain-A, position-214, res-SER)
New vertex id: 213
1549 1550 1551 1552 1553 1554 
Adding vertex (chain-A, position-215, res-TRP)
New vertex id: 214
1555 1556 1557 1558 1559 1560 1561 1562 1563 1564 1565 1566 1567 1568 
Adding vertex (chain-A, position-216, res-ILE)
New vertex id: 215
1569 1570 1571 1572 1573 1574 1575 1576 
Adding vertex (chain-A, position-217, res-LYS)
New vertex id: 216
1577 1578 1579 1580 1581 1582 1583 1584 1585 
Adding vertex (chain-A, position-218, res-GLN)
New vertex id: 217
1586 1587 1588 1589 1590 1591 1592 1593 1594 
Adding vertex (chain-A, position-219, res-THR)
New vertex id: 218
1595 1596 1597 1598 1599 1600 1601 
Adding vertex (chain-A, position-220, res-ILE)
New vertex id: 219
1602 1603 1604 1605 1606 1607 1608 1609 
Adding vertex (chain-A, position-221, res-ALA)
New vertex id: 220
1610 1611 1612 1613 1614 
Adding vertex (chain-A, position-222, res-SER)
New vertex id: 221
1615 1616 1617 1618 1619 1620 
Adding vertex (chain-A, position-223, res-ASN)
New vertex id: 222
1621 1622 1623 1624 1625 1626 1627 1628 1629 
Graph DONE

( reduce -FLIPs 1SFI.pdb > 1SFI.H.pdb ) >& /dev/null
Reduce (-FLIPs) returned 0
( bndlst -Radius0.3 1SFI.H.pdb > 1SFI.H.bndlst ) >& /dev/null
BndLst returned 0
Parsing 1SFI.H.bndlst

bndlst START
Adding bndlst edge: (A_I1_MC -> A_V2_MC) type[cov], weight[1.00] from 0 to 1 dist[1.31]
Adding bndlst edge: (A_I1_MC -> A_D176_SC) type[salt], weight[1.26] from 0 to 175 dist[1.70]
Adding bndlst edge: (A_I1_MC -> A_D176_SC) type[salt], weight[0.46] from 0 to 175 dist[2.79]
Adding bndlst edge: (A_I1_MC -> A_G122_MC) type[hb], weight[0.45] from 0 to 121 dist[2.99]
Adding bndlst edge: (A_I1_MC -> A_N123_MC) type[hb], weight[1.10] from 0 to 122 dist[1.91]
Adding bndlst edge: (A_I1_MC -> A_G122_MC) type[hb], weight[0.46] from 0 to 121 dist[2.95]
Adding bndlst edge: (A_V2_MC -> A_G3_MC) type[cov], weight[1.00] from 1 to 2 dist[1.33]
Adding bndlst edge: (A_V2_MC -> A_D171_MC) type[hb], weight[0.85] from 1 to 170 dist[2.17]
Adding bndlst edge: (A_V2_MC -> A_D171_MC) type[hb], weight[1.19] from 1 to 170 dist[1.83]
Adding bndlst edge: (A_G3_MC -> A_G4_MC) type[cov], weight[1.00] from 2 to 3 dist[1.34]
Adding bndlst edge: (A_G4_MC -> A_Y5_MC) type[cov], weight[1.00] from 3 to 4 dist[1.31]
Adding bndlst edge: (A_Y5_MC -> A_T6_MC) type[cov], weight[1.00] from 4 to 5 dist[1.32]
Adding bndlst edge: (A_Y5_MC -> A_C137_MC) type[hb], weight[1.19] from 4 to 136 dist[1.83]
Adding bndlst edge: (A_Y5_MC -> A_C137_MC) type[hb], weight[1.02] from 4 to 136 dist[1.99]
Adding bndlst edge: (A_T6_MC -> A_C7_MC) type[cov], weight[1.00] from 5 to 6 dist[1.35]
Adding bndlst edge: (A_T6_SC -> A_K136_SC) type[hb], weight[1.16] from 5 to 135 dist[1.85]
Adding bndlst edge: (A_C7_MC -> A_G8_MC) type[cov], weight[1.00] from 6 to 7 dist[1.32]
Adding bndlst edge: (A_C7_MC -> A_L135_MC) type[hb], weight[0.90] from 6 to 134 dist[2.11]
Adding bndlst edge: (A_G8_MC -> A_A9_MC) type[cov], weight[1.00] from 7 to 8 dist[1.34]
Adding bndlst edge: (A_G8_MC -> A_T11_MC) type[hb], weight[0.77] from 7 to 10 dist[2.27]
Adding bndlst edge: (A_G8_MC -> A_T11_SC) type[hb], weight[1.25] from 7 to 10 dist[1.79]
Adding bndlst edge: (A_A9_MC -> A_N10_MC) type[cov], weight[1.00] from 8 to 9 dist[1.36]
Adding bndlst edge: (A_A9_MC -> A_T11_MC) type[hb], weight[0.48] from 8 to 10 dist[2.90]
Adding bndlst edge: (A_N10_MC -> A_T11_MC) type[cov], weight[1.00] from 9 to 10 dist[1.35]
Adding bndlst edge: (A_N10_SC -> A_G51_MC) type[hb], weight[0.79] from 9 to 50 dist[2.25]
Adding bndlst edge: (A_T11_MC -> A_V12_MC) type[cov], weight[1.00] from 10 to 11 dist[1.35]
Adding bndlst edge: (A_V12_MC -> A_P13_MC) type[cov], weight[1.00] from 11 to 12 dist[1.31]
Adding bndlst edge: (A_V12_MC -> A_Q15_MC) type[hb], weight[0.97] from 11 to 14 dist[2.03]
Adding bndlst edge: (A_V12_MC -> A_Y14_MC) type[hb], weight[0.48] from 11 to 13 dist[2.88]
Adding bndlst edge: (A_P13_MC -> A_Y14_MC) type[cov], weight[1.00] from 12 to 13 dist[1.32]
Adding bndlst edge: (A_P13_MC -> A_A101_MC) type[hb], weight[0.79] from 12 to 100 dist[2.25]
Adding bndlst edge: (A_Y14_MC -> A_Q15_MC) type[cov], weight[1.00] from 13 to 14 dist[1.32]
Adding bndlst edge: (A_Y14_MC -> A_L29_MC) type[hb], weight[1.08] from 13 to 28 dist[1.92]
Adding bndlst edge: (A_Q15_MC -> A_V16_MC) type[cov], weight[1.00] from 14 to 15 dist[1.34]
Adding bndlst edge: (A_Q15_SC -> A_S119_SC) type[hb], weight[1.29] from 14 to 118 dist[1.76]
Adding bndlst edge: (A_Q15_SC -> A_V16_MC) type[hb], weight[0.84] from 14 to 15 dist[2.18]
Adding bndlst edge: (A_Q15_SC -> A_W121_SC) type[hb], weight[0.37] from 14 to 120 dist[3.30]
Adding bndlst edge: (A_V16_MC -> A_S17_MC) type[cov], weight[1.00] from 15 to 16 dist[1.34]
Adding bndlst edge: (A_V16_MC -> A_G27_MC) type[hb], weight[0.66] from 15 to 26 dist[2.47]
Adding bndlst edge: (A_V16_MC -> A_G27_MC) type[hb], weight[1.04] from 15 to 26 dist[1.96]
Adding bndlst edge: (A_S17_MC -> A_L18_MC) type[cov], weight[1.00] from 16 to 17 dist[1.34]
Adding bndlst edge: (A_S17_MC -> A_R49_MC) type[hb], weight[1.11] from 16 to 48 dist[1.90]
Adding bndlst edge: (A_S17_MC -> A_R49_MC) type[hb], weight[0.96] from 16 to 48 dist[2.04]
Adding bndlst edge: (A_S17_SC -> A_H23_SC) type[hb], weight[1.27] from 16 to 22 dist[1.78]
Adding bndlst edge: (A_S17_SC -> A_H23_SC) type[hb], weight[0.49] from 16 to 22 dist[2.86]
Adding bndlst edge: (A_S17_SC -> A_H23_SC) type[hb], weight[0.55] from 16 to 22 dist[2.70]
Adding bndlst edge: (A_L18_MC -> A_N19_MC) type[cov], weight[1.00] from 17 to 18 dist[1.35]
Adding bndlst edge: (A_L18_MC -> A_C25_MC) type[hb], weight[0.50] from 17 to 24 dist[2.82]
Adding bndlst edge: (A_L18_MC -> A_F24_MC) type[hb], weight[0.91] from 17 to 23 dist[2.10]
Adding bndlst edge: (A_L18_MC -> A_C25_MC) type[hb], weight[1.15] from 17 to 24 dist[1.87]
Adding bndlst edge: (A_N19_MC -> A_S20_MC) type[cov], weight[1.00] from 18 to 19 dist[1.34]
Adding bndlst edge: (A_N19_MC -> A_Q47_MC) type[hb], weight[0.97] from 18 to 46 dist[2.03]
Adding bndlst edge: (A_N19_SC -> A_Y22_MC) type[hb], weight[0.46] from 18 to 21 dist[2.95]
Adding bndlst edge: (A_N19_SC -> A_G21_MC) type[hb], weight[1.02] from 18 to 20 dist[1.98]
Adding bndlst edge: (A_N19_MC -> A_Q47_MC) type[hb], weight[1.02] from 18 to 46 dist[1.99]
Adding bndlst edge: (A_S20_MC -> A_G21_MC) type[cov], weight[1.00] from 19 to 20 dist[1.34]
Adding bndlst edge: (A_S20_SC -> A_K43_SC) type[hb], weight[1.01] from 19 to 42 dist[1.99]
Adding bndlst edge: (A_S20_MC -> A_Y22_MC) type[hb], weight[1.00] from 19 to 21 dist[2.00]
Adding bndlst edge: (A_S20_SC -> A_Y22_SC) type[hb], weight[0.51] from 19 to 21 dist[2.81]
Adding bndlst edge: (A_S20_SC -> A_Y22_SC) type[hb], weight[0.64] from 19 to 21 dist[2.51]
Adding bndlst edge: (A_S20_SC -> A_Y22_SC) type[hb], weight[0.43] from 19 to 21 dist[3.05]
Adding bndlst edge: (A_G21_MC -> A_Y22_MC) type[cov], weight[1.00] from 20 to 21 dist[1.35]
Adding bndlst edge: (A_Y22_MC -> A_H23_MC) type[cov], weight[1.00] from 21 to 22 dist[1.35]
Adding bndlst edge: (A_Y22_SC -> A_K43_SC) type[hb], weight[0.59] from 21 to 42 dist[2.60]
Adding bndlst edge: (A_Y22_SC -> A_K43_SC) type[hb], weight[0.55] from 21 to 42 dist[2.71]
Adding bndlst edge: (A_H23_MC -> A_F24_MC) type[cov], weight[1.00] from 22 to 23 dist[1.34]
Adding bndlst edge: (A_H23_SC -> A_C25_MC) type[hb], weight[0.49] from 22 to 24 dist[2.85]
Adding bndlst edge: (A_H23_SC -> A_W121_SC) type[hb], weight[0.37] from 22 to 120 dist[3.31]
Adding bndlst edge: (A_F24_MC -> A_C25_MC) type[cov], weight[1.00] from 23 to 24 dist[1.33]
Adding bndlst edge: (A_F24_SC -> A_K43_SC) type[hb], weight[0.36] from 23 to 42 dist[3.32]
Adding bndlst edge: (A_C25_MC -> A_G26_MC) type[cov], weight[1.00] from 24 to 25 dist[1.35]
Adding bndlst edge: (A_G26_MC -> A_G27_MC) type[cov], weight[1.00] from 25 to 26 dist[1.35]
Adding bndlst edge: (A_G26_MC -> A_S37_SC) type[hb], weight[1.14] from 25 to 36 dist[1.87]
Adding bndlst edge: (A_G26_MC -> A_S177_MC) type[hb], weight[1.16] from 25 to 176 dist[1.85]
Adding bndlst edge: (A_G27_MC -> A_S28_MC) type[cov], weight[1.00] from 26 to 27 dist[1.31]
Adding bndlst edge: (A_S28_MC -> A_L29_MC) type[cov], weight[1.00] from 27 to 28 dist[1.34]
Adding bndlst edge: (A_S28_MC -> A_V36_MC) type[hb], weight[1.13] from 27 to 35 dist[1.88]
Adding bndlst edge: (A_S28_MC -> A_V36_MC) type[hb], weight[1.06] from 27 to 35 dist[1.94]
Adding bndlst edge: (A_L29_MC -> A_I30_MC) type[cov], weight[1.00] from 28 to 29 dist[1.32]
Adding bndlst edge: (A_L29_MC -> A_I103_MC) type[hb], weight[0.94] from 28 to 102 dist[2.06]
Adding bndlst edge: (A_I30_MC -> A_N31_MC) type[cov], weight[1.00] from 29 to 30 dist[1.33]
Adding bndlst edge: (A_I30_MC -> A_W34_MC) type[hb], weight[1.02] from 29 to 33 dist[1.99]
Adding bndlst edge: (A_N31_MC -> A_S32_MC) type[cov], weight[1.00] from 30 to 31 dist[1.34]
Adding bndlst edge: (A_N31_MC -> A_Q33_MC) type[hb], weight[0.46] from 30 to 32 dist[2.94]
Adding bndlst edge: (A_N31_MC -> A_W34_MC) type[hb], weight[0.66] from 30 to 33 dist[2.46]
Adding bndlst edge: (A_N31_SC -> A_Q33_MC) type[hb], weight[1.12] from 30 to 32 dist[1.89]
Adding bndlst edge: (A_N31_SC -> A_W34_MC) type[hb], weight[0.72] from 30 to 33 dist[2.36]
Adding bndlst edge: (A_N31_MC -> A_W34_MC) type[hb], weight[0.58] from 30 to 33 dist[2.62]
Adding bndlst edge: (A_N31_SC -> A_W34_SC) type[hb], weight[0.48] from 30 to 33 dist[2.87]
Adding bndlst edge: (A_S32_MC -> A_Q33_MC) type[cov], weight[1.00] from 31 to 32 dist[1.34]
Adding bndlst edge: (A_S32_MC -> A_A94_MC) type[hb], weight[1.14] from 31 to 93 dist[1.87]
Adding bndlst edge: (A_Q33_MC -> A_W34_MC) type[cov], weight[1.00] from 32 to 33 dist[1.34]
Adding bndlst edge: (A_Q33_MC -> A_L90_MC) type[hb], weight[1.13] from 32 to 89 dist[1.89]
Adding bndlst edge: (A_W34_MC -> A_V35_MC) type[cov], weight[1.00] from 33 to 34 dist[1.34]
Adding bndlst edge: (A_V35_MC -> A_V36_MC) type[cov], weight[1.00] from 34 to 35 dist[1.33]
Adding bndlst edge: (A_V35_MC -> A_I88_MC) type[hb], weight[1.15] from 34 to 87 dist[1.86]
Adding bndlst edge: (A_V35_MC -> A_I88_MC) type[hb], weight[1.10] from 34 to 87 dist[1.91]
Adding bndlst edge: (A_V36_MC -> A_S37_MC) type[cov], weight[1.00] from 35 to 36 dist[1.34]
Adding bndlst edge: (A_S37_MC -> A_A38_MC) type[cov], weight[1.00] from 36 to 37 dist[1.31]
Adding bndlst edge: (A_S37_MC -> A_M86_MC) type[hb], weight[1.00] from 36 to 85 dist[2.00]
Adding bndlst edge: (A_S37_SC -> A_A38_MC) type[hb], weight[0.91] from 36 to 37 dist[2.10]
Adding bndlst edge: (A_S37_MC -> A_M86_MC) type[hb], weight[1.03] from 36 to 85 dist[1.97]
Adding bndlst edge: (A_A38_MC -> A_A39_MC) type[cov], weight[1.00] from 37 to 38 dist[1.32]
Adding bndlst edge: (A_A38_MC -> A_C41_MC) type[hb], weight[0.92] from 37 to 40 dist[2.09]
Adding bndlst edge: (A_A39_MC -> A_H40_MC) type[cov], weight[1.00] from 38 to 39 dist[1.34]
Adding bndlst edge: (A_A39_MC -> A_Y42_MC) type[hb], weight[0.93] from 38 to 41 dist[2.07]
Adding bndlst edge: (A_A39_MC -> A_C41_MC) type[hb], weight[0.45] from 38 to 40 dist[2.97]
Adding bndlst edge: (A_A39_MC -> A_D84_SC) type[hb], weight[0.68] from 38 to 83 dist[2.42]
Adding bndlst edge: (A_A39_MC -> A_D84_MC) type[hb], weight[0.45] from 38 to 83 dist[2.98]
Adding bndlst edge: (A_H40_MC -> A_C41_MC) type[cov], weight[1.00] from 39 to 40 dist[1.32]
Adding bndlst edge: (A_H40_SC -> A_S177_SC) type[hb], weight[0.42] from 39 to 176 dist[3.09]
Adding bndlst edge: (A_H40_SC -> A_S177_SC) type[hb], weight[0.68] from 39 to 176 dist[2.43]
Adding bndlst edge: (A_H40_SC -> A_S177_SC) type[hb], weight[1.23] from 39 to 176 dist[1.81]
Adding bndlst edge: (A_H40_MC -> A_D84_SC) type[hb], weight[0.95] from 39 to 83 dist[2.05]
Adding bndlst edge: (A_H40_SC -> A_S192_MC) type[hb], weight[0.57] from 39 to 191 dist[2.66]
Adding bndlst edge: (A_H40_SC -> A_S177_SC) type[hb], weight[0.52] from 39 to 176 dist[2.77]
Adding bndlst edge: (A_C41_MC -> A_Y42_MC) type[cov], weight[1.00] from 40 to 41 dist[1.35]
Adding bndlst edge: (A_Y42_MC -> A_K43_MC) type[cov], weight[1.00] from 41 to 42 dist[1.32]
Adding bndlst edge: (A_Y42_SC -> A_K43_MC) type[hb], weight[0.42] from 41 to 42 dist[3.10]
Adding bndlst edge: (A_Y42_SC -> A_K43_MC) type[hb], weight[0.41] from 41 to 42 dist[3.11]
Adding bndlst edge: (A_K43_MC -> A_S44_MC) type[cov], weight[1.00] from 42 to 43 dist[1.36]
Adding bndlst edge: (A_S44_MC -> A_G45_MC) type[cov], weight[1.00] from 43 to 44 dist[1.33]
Adding bndlst edge: (A_G45_MC -> A_I46_MC) type[cov], weight[1.00] from 44 to 45 dist[1.33]
Adding bndlst edge: (A_I46_MC -> A_Q47_MC) type[cov], weight[1.00] from 45 to 46 dist[1.34]
Adding bndlst edge: (A_I46_MC -> A_A67_MC) type[hb], weight[1.04] from 45 to 66 dist[1.96]
Adding bndlst edge: (A_Q47_MC -> A_V48_MC) type[cov], weight[1.00] from 46 to 47 dist[1.33]
Adding bndlst edge: (A_Q47_SC -> A_R49_SC) type[hb], weight[0.98] from 46 to 48 dist[2.02]
Adding bndlst edge: (A_Q47_SC -> A_R49_SC) type[hb], weight[1.22] from 46 to 48 dist[1.81]
Adding bndlst edge: (A_V48_MC -> A_R49_MC) type[cov], weight[1.00] from 47 to 48 dist[1.33]
Adding bndlst edge: (A_V48_MC -> A_I65_MC) type[hb], weight[1.02] from 47 to 64 dist[1.98]
Adding bndlst edge: (A_V48_MC -> A_I65_MC) type[hb], weight[1.15] from 47 to 64 dist[1.86]
Adding bndlst edge: (A_R49_MC -> A_L50_MC) type[cov], weight[1.00] from 48 to 49 dist[1.34]
Adding bndlst edge: (A_L50_MC -> A_G51_MC) type[cov], weight[1.00] from 49 to 50 dist[1.35]
Adding bndlst edge: (A_L50_MC -> A_Q63_MC) type[hb], weight[0.90] from 49 to 62 dist[2.11]
Adding bndlst edge: (A_L50_MC -> A_Q63_MC) type[hb], weight[1.13] from 49 to 62 dist[1.88]
Adding bndlst edge: (A_G51_MC -> A_E52_MC) type[cov], weight[1.00] from 50 to 51 dist[1.34]
Adding bndlst edge: (A_E52_MC -> A_D53_MC) type[cov], weight[1.00] from 51 to 52 dist[1.33]
Adding bndlst edge: (A_D53_MC -> A_N54_MC) type[cov], weight[1.00] from 52 to 53 dist[1.35]
Adding bndlst edge: (A_D53_MC -> A_W121_SC) type[hb], weight[1.02] from 52 to 120 dist[1.98]
Adding bndlst edge: (A_D53_SC -> A_L135_MC) type[hb], weight[0.62] from 52 to 134 dist[2.55]
Adding bndlst edge: (A_N54_MC -> A_I55_MC) type[cov], weight[1.00] from 53 to 54 dist[1.30]
Adding bndlst edge: (A_N54_MC -> A_V57_MC) type[hb], weight[0.67] from 53 to 56 dist[2.45]
Adding bndlst edge: (A_N54_MC -> A_N56_MC) type[hb], weight[0.48] from 53 to 55 dist[2.88]
Adding bndlst edge: (A_N54_SC -> A_V57_MC) type[hb], weight[0.46] from 53 to 56 dist[2.93]
Adding bndlst edge: (A_N54_SC -> A_N56_MC) type[hb], weight[1.14] from 53 to 55 dist[1.88]
Adding bndlst edge: (A_N54_MC -> A_E59_SC) type[hb], weight[0.96] from 53 to 58 dist[2.04]
Adding bndlst edge: (A_I55_MC -> A_N56_MC) type[cov], weight[1.00] from 54 to 55 dist[1.33]
Adding bndlst edge: (A_I55_MC -> A_D133_MC) type[hb], weight[0.98] from 54 to 132 dist[2.02]
Adding bndlst edge: (A_N56_MC -> A_V57_MC) type[cov], weight[1.00] from 55 to 56 dist[1.32]
Adding bndlst edge: (A_N56_SC -> A_D133_SC) type[hb], weight[1.07] from 55 to 132 dist[1.94]
Adding bndlst edge: (A_V57_MC -> A_V58_MC) type[cov], weight[1.00] from 56 to 57 dist[1.32]
Adding bndlst edge: (A_V58_MC -> A_E59_MC) type[cov], weight[1.00] from 57 to 58 dist[1.32]
Adding bndlst edge: (A_E59_MC -> A_G60_MC) type[cov], weight[1.00] from 58 to 59 dist[1.33]
Adding bndlst edge: (A_E59_MC -> A_E62_SC) type[hb], weight[0.55] from 58 to 61 dist[2.69]
Adding bndlst edge: (A_E59_MC -> A_E62_SC) type[hb], weight[1.31] from 58 to 61 dist[1.75]
Adding bndlst edge: (A_G60_MC -> A_N61_MC) type[cov], weight[1.00] from 59 to 60 dist[1.33]
Adding bndlst edge: (A_G60_MC -> A_E62_SC) type[hb], weight[1.14] from 59 to 61 dist[1.87]
Adding bndlst edge: (A_N61_MC -> A_E62_MC) type[cov], weight[1.00] from 60 to 61 dist[1.32]
Adding bndlst edge: (A_N61_MC -> A_E62_SC) type[hb], weight[0.55] from 60 to 61 dist[2.70]
Adding bndlst edge: (A_E62_MC -> A_Q63_MC) type[cov], weight[1.00] from 61 to 62 dist[1.33]
Adding bndlst edge: (A_Q63_MC -> A_F64_MC) type[cov], weight[1.00] from 62 to 63 dist[1.33]
Adding bndlst edge: (A_Q63_SC -> A_S95_MC) type[hb], weight[1.21] from 62 to 94 dist[1.82]
Adding bndlst edge: (A_Q63_SC -> A_S95_MC) type[hb], weight[1.04] from 62 to 94 dist[1.96]
Adding bndlst edge: (A_F64_MC -> A_I65_MC) type[cov], weight[1.00] from 63 to 64 dist[1.31]
Adding bndlst edge: (A_I65_MC -> A_S66_MC) type[cov], weight[1.00] from 64 to 65 dist[1.32]
Adding bndlst edge: (A_S66_MC -> A_A67_MC) type[cov], weight[1.00] from 65 to 66 dist[1.33]
Adding bndlst edge: (A_S66_MC -> A_K91_MC) type[hb], weight[1.01] from 65 to 90 dist[1.99]
Adding bndlst edge: (A_A67_MC -> A_S68_MC) type[cov], weight[1.00] from 66 to 67 dist[1.32]
Adding bndlst edge: (A_S68_MC -> A_K69_MC) type[cov], weight[1.00] from 67 to 68 dist[1.32]
Adding bndlst edge: (A_S68_MC -> A_K89_MC) type[hb], weight[1.22] from 67 to 88 dist[1.81]
Adding bndlst edge: (A_K69_MC -> A_S70_MC) type[cov], weight[1.00] from 68 to 69 dist[1.34]
Adding bndlst edge: (A_K69_MC -> A_K89_MC) type[hb], weight[1.07] from 68 to 88 dist[1.93]
Adding bndlst edge: (A_K69_MC -> A_K89_MC) type[hb], weight[0.62] from 68 to 88 dist[2.54]
Adding bndlst edge: (A_K69_SC -> A_N223_MC) type[salt], weight[0.88] from 68 to 222 dist[2.02]
Adding bndlst edge: (A_K69_SC -> A_N223_SC) type[hb], weight[0.64] from 68 to 222 dist[2.51]
Adding bndlst edge: (A_S70_MC -> A_I71_MC) type[cov], weight[1.00] from 69 to 70 dist[1.33]
Adding bndlst edge: (A_I71_MC -> A_V72_MC) type[cov], weight[1.00] from 70 to 71 dist[1.34]
Adding bndlst edge: (A_I71_MC -> A_L87_MC) type[hb], weight[1.03] from 70 to 86 dist[1.97]
Adding bndlst edge: (A_I71_MC -> A_L87_MC) type[hb], weight[1.36] from 70 to 86 dist[1.72]
Adding bndlst edge: (A_V72_MC -> A_H73_MC) type[cov], weight[1.00] from 71 to 72 dist[1.34]
Adding bndlst edge: (A_H73_MC -> A_P74_MC) type[cov], weight[1.00] from 72 to 73 dist[1.32]
Adding bndlst edge: (A_H73_MC -> A_Y76_MC) type[hb], weight[0.95] from 72 to 75 dist[2.05]
Adding bndlst edge: (A_H73_SC -> A_S75_MC) type[hb], weight[0.42] from 72 to 74 dist[3.10]
Adding bndlst edge: (A_H73_SC -> A_S75_MC) type[hb], weight[0.98] from 72 to 74 dist[2.02]
Adding bndlst edge: (A_H73_SC -> A_S75_MC) type[hb], weight[0.50] from 72 to 74 dist[2.83]
Adding bndlst edge: (A_H73_MC -> A_I85_MC) type[hb], weight[0.86] from 72 to 84 dist[2.15]
Adding bndlst edge: (A_H73_SC -> A_W215_SC) type[hb], weight[0.41] from 72 to 214 dist[3.11]
Adding bndlst edge: (A_H73_SC -> A_W215_SC) type[hb], weight[0.44] from 72 to 214 dist[3.01]
Adding bndlst edge: (A_H73_SC -> A_W215_SC) type[hb], weight[0.36] from 72 to 214 dist[3.33]
Adding bndlst edge: (A_H73_SC -> A_W215_SC) type[hb], weight[0.36] from 72 to 214 dist[3.35]
Adding bndlst edge: (A_H73_SC -> A_W215_SC) type[hb], weight[0.39] from 72 to 214 dist[3.20]
Adding bndlst edge: (A_H73_SC -> A_W215_SC) type[hb], weight[0.44] from 72 to 214 dist[3.03]
Adding bndlst edge: (A_P74_MC -> A_S75_MC) type[cov], weight[1.00] from 73 to 74 dist[1.33]
Adding bndlst edge: (A_S75_MC -> A_Y76_MC) type[cov], weight[1.00] from 74 to 75 dist[1.35]
Adding bndlst edge: (A_S75_MC -> A_N83_SC) type[hb], weight[0.94] from 74 to 82 dist[2.06]
Adding bndlst edge: (A_Y76_MC -> A_N77_MC) type[cov], weight[1.00] from 75 to 76 dist[1.31]
Adding bndlst edge: (A_Y76_SC -> A_N77_MC) type[hb], weight[0.37] from 75 to 76 dist[3.28]
Adding bndlst edge: (A_N77_MC -> A_S78_MC) type[cov], weight[1.00] from 76 to 77 dist[1.34]
Adding bndlst edge: (A_N77_MC -> A_L81_MC) type[hb], weight[1.00] from 76 to 80 dist[2.00]
Adding bndlst edge: (A_N77_SC -> A_T80_MC) type[hb], weight[0.92] from 76 to 79 dist[2.09]
Adding bndlst edge: (A_N77_SC -> A_N79_MC) type[hb], weight[1.06] from 76 to 78 dist[1.94]
Adding bndlst edge: (A_N77_MC -> A_N82_MC) type[hb], weight[0.87] from 76 to 81 dist[2.15]
Adding bndlst edge: (A_S78_MC -> A_N79_MC) type[cov], weight[1.00] from 77 to 78 dist[1.33]
Adding bndlst edge: (A_N79_MC -> A_T80_MC) type[cov], weight[1.00] from 78 to 79 dist[1.32]
Adding bndlst edge: (A_T80_MC -> A_L81_MC) type[cov], weight[1.00] from 79 to 80 dist[1.33]
Adding bndlst edge: (A_T80_SC -> A_N82_MC) type[hb], weight[0.80] from 79 to 81 dist[2.23]
Adding bndlst edge: (A_L81_MC -> A_N82_MC) type[cov], weight[1.00] from 80 to 81 dist[1.34]
Adding bndlst edge: (A_N82_MC -> A_N83_MC) type[cov], weight[1.00] from 81 to 82 dist[1.33]
Adding bndlst edge: (A_N82_SC -> A_N83_MC) type[hb], weight[0.52] from 81 to 82 dist[2.77]
Adding bndlst edge: (A_N82_SC -> A_N159_SC) type[hb], weight[1.01] from 81 to 158 dist[1.99]
Adding bndlst edge: (A_N82_SC -> A_T157_SC) type[hb], weight[1.28] from 81 to 156 dist[1.77]
Adding bndlst edge: (A_N83_MC -> A_D84_MC) type[cov], weight[1.00] from 82 to 83 dist[1.32]
Adding bndlst edge: (A_N83_MC -> A_I85_MC) type[hb], weight[0.83] from 82 to 84 dist[2.20]
Adding bndlst edge: (A_N83_SC -> A_Y212_SC) type[hb], weight[1.34] from 82 to 211 dist[1.73]
Adding bndlst edge: (A_D84_MC -> A_I85_MC) type[cov], weight[1.00] from 83 to 84 dist[1.32]
Adding bndlst edge: (A_D84_MC -> A_T207_SC) type[hb], weight[1.15] from 83 to 206 dist[1.86]
Adding bndlst edge: (A_D84_SC -> A_S192_SC) type[hb], weight[1.41] from 83 to 191 dist[1.69]
Adding bndlst edge: (A_I85_MC -> A_M86_MC) type[cov], weight[1.00] from 84 to 85 dist[1.32]
Adding bndlst edge: (A_M86_MC -> A_L87_MC) type[cov], weight[1.00] from 85 to 86 dist[1.32]
Adding bndlst edge: (A_L87_MC -> A_I88_MC) type[cov], weight[1.00] from 86 to 87 dist[1.33]
Adding bndlst edge: (A_I88_MC -> A_K89_MC) type[cov], weight[1.00] from 87 to 88 dist[1.34]
Adding bndlst edge: (A_K89_MC -> A_L90_MC) type[cov], weight[1.00] from 88 to 89 dist[1.31]
Adding bndlst edge: (A_K89_SC -> A_N223_MC) type[salt], weight[1.13] from 88 to 222 dist[1.78]
Adding bndlst edge: (A_L90_MC -> A_K91_MC) type[cov], weight[1.00] from 89 to 90 dist[1.34]
Adding bndlst edge: (A_K91_MC -> A_S92_MC) type[cov], weight[1.00] from 90 to 91 dist[1.32]
Adding bndlst edge: (A_S92_MC -> A_A93_MC) type[cov], weight[1.00] from 91 to 92 dist[1.34]
Adding bndlst edge: (A_A93_MC -> A_A94_MC) type[cov], weight[1.00] from 92 to 93 dist[1.34]
Adding bndlst edge: (A_A94_MC -> A_S95_MC) type[cov], weight[1.00] from 93 to 94 dist[1.33]
Adding bndlst edge: (A_S95_MC -> A_L96_MC) type[cov], weight[1.00] from 94 to 95 dist[1.33]
Adding bndlst edge: (A_L96_MC -> A_N97_MC) type[cov], weight[1.00] from 95 to 96 dist[1.31]
Adding bndlst edge: (A_N97_MC -> A_S98_MC) type[cov], weight[1.00] from 96 to 97 dist[1.34]
Adding bndlst edge: (A_N97_SC -> A_V100_MC) type[hb], weight[0.72] from 96 to 99 dist[2.35]
Adding bndlst edge: (A_N97_SC -> A_R99_MC) type[hb], weight[0.85] from 96 to 98 dist[2.17]
Adding bndlst edge: (A_N97_MC -> A_V100_MC) type[hb], weight[1.02] from 96 to 99 dist[1.98]
Adding bndlst edge: (A_S98_MC -> A_R99_MC) type[cov], weight[1.00] from 97 to 98 dist[1.32]
Adding bndlst edge: (A_R99_MC -> A_V100_MC) type[cov], weight[1.00] from 98 to 99 dist[1.31]
Adding bndlst edge: (A_V100_MC -> A_A101_MC) type[cov], weight[1.00] from 99 to 100 dist[1.35]
Adding bndlst edge: (A_A101_MC -> A_S102_MC) type[cov], weight[1.00] from 100 to 101 dist[1.33]
Adding bndlst edge: (A_S102_MC -> A_I103_MC) type[cov], weight[1.00] from 101 to 102 dist[1.34]
Adding bndlst edge: (A_I103_MC -> A_S104_MC) type[cov], weight[1.00] from 102 to 103 dist[1.36]
Adding bndlst edge: (A_S104_MC -> A_L105_MC) type[cov], weight[1.00] from 103 to 104 dist[1.33]
Adding bndlst edge: (A_S104_MC -> A_L187_MC) type[hb], weight[1.08] from 103 to 186 dist[1.92]
Adding bndlst edge: (A_L105_MC -> A_P106_MC) type[cov], weight[1.00] from 104 to 105 dist[1.31]
Adding bndlst edge: (A_P106_MC -> A_T107_MC) type[cov], weight[1.00] from 105 to 106 dist[1.34]
Adding bndlst edge: (A_T107_MC -> A_S108_MC) type[cov], weight[1.00] from 106 to 107 dist[1.31]
Adding bndlst edge: (A_S108_MC -> A_C109_MC) type[cov], weight[1.00] from 107 to 108 dist[1.32]
Adding bndlst edge: (A_S108_MC -> A_Q188_SC) type[hb], weight[0.92] from 107 to 187 dist[2.09]
Adding bndlst edge: (A_C109_MC -> A_A110_MC) type[cov], weight[1.00] from 108 to 109 dist[1.32]
Adding bndlst edge: (A_A110_MC -> A_S111_MC) type[cov], weight[1.00] from 109 to 110 dist[1.33]
Adding bndlst edge: (A_S111_MC -> A_A112_MC) type[cov], weight[1.00] from 110 to 111 dist[1.34]
Adding bndlst edge: (A_S111_MC -> A_T114_MC) type[hb], weight[0.84] from 110 to 113 dist[2.19]
Adding bndlst edge: (A_A112_MC -> A_G113_MC) type[cov], weight[1.00] from 111 to 112 dist[1.32]
Adding bndlst edge: (A_G113_MC -> A_T114_MC) type[cov], weight[1.00] from 112 to 113 dist[1.33]
Adding bndlst edge: (A_G113_MC -> A_I142_MC) type[hb], weight[1.20] from 112 to 141 dist[1.82]
Adding bndlst edge: (A_T114_MC -> A_Q115_MC) type[cov], weight[1.00] from 113 to 114 dist[1.32]
Adding bndlst edge: (A_T114_MC -> A_I142_MC) type[hb], weight[0.91] from 113 to 141 dist[2.09]
Adding bndlst edge: (A_Q115_MC -> A_C116_MC) type[cov], weight[1.00] from 114 to 115 dist[1.35]
Adding bndlst edge: (A_C116_MC -> A_L117_MC) type[cov], weight[1.00] from 115 to 116 dist[1.34]
Adding bndlst edge: (A_C116_MC -> A_A140_MC) type[hb], weight[1.03] from 115 to 139 dist[1.97]
Adding bndlst edge: (A_C116_MC -> A_A140_MC) type[hb], weight[1.05] from 115 to 139 dist[1.95]
Adding bndlst edge: (A_L117_MC -> A_I118_MC) type[cov], weight[1.00] from 116 to 117 dist[1.33]
Adding bndlst edge: (A_L117_MC -> A_V182_MC) type[hb], weight[1.00] from 116 to 181 dist[2.00]
Adding bndlst edge: (A_L117_MC -> A_V182_MC) type[hb], weight[1.16] from 116 to 181 dist[1.86]
Adding bndlst edge: (A_I118_MC -> A_S119_MC) type[cov], weight[1.00] from 117 to 118 dist[1.35]
Adding bndlst edge: (A_I118_MC -> A_L138_MC) type[hb], weight[0.92] from 117 to 137 dist[2.08]
Adding bndlst edge: (A_I118_MC -> A_L138_MC) type[hb], weight[1.06] from 117 to 137 dist[1.94]
Adding bndlst edge: (A_S119_MC -> A_G120_MC) type[cov], weight[1.00] from 118 to 119 dist[1.33]
Adding bndlst edge: (A_S119_MC -> A_P180_MC) type[hb], weight[0.53] from 118 to 179 dist[2.75]
Adding bndlst edge: (A_G120_MC -> A_W121_MC) type[cov], weight[1.00] from 119 to 120 dist[1.36]
Adding bndlst edge: (A_G120_MC -> A_K136_MC) type[hb], weight[0.83] from 119 to 135 dist[2.19]
Adding bndlst edge: (A_G120_MC -> A_K136_MC) type[hb], weight[0.84] from 119 to 135 dist[2.19]
Adding bndlst edge: (A_W121_MC -> A_G122_MC) type[cov], weight[1.00] from 120 to 121 dist[1.33]
Adding bndlst edge: (A_G122_MC -> A_N123_MC) type[cov], weight[1.00] from 121 to 122 dist[1.35]
Adding bndlst edge: (A_G122_MC -> A_D176_SC) type[hb], weight[1.17] from 121 to 175 dist[1.85]
Adding bndlst edge: (A_N123_MC -> A_T124_MC) type[cov], weight[1.00] from 122 to 123 dist[1.32]
Adding bndlst edge: (A_N123_SC -> A_T124_MC) type[hb], weight[0.57] from 122 to 123 dist[2.65]
Adding bndlst edge: (A_N123_SC -> A_S130_MC) type[hb], weight[1.07] from 122 to 129 dist[1.93]
Adding bndlst edge: (A_N123_SC -> A_K125_MC) type[hb], weight[0.87] from 122 to 124 dist[2.15]
Adding bndlst edge: (A_N123_MC -> A_Q174_MC) type[hb], weight[1.23] from 122 to 173 dist[1.80]
Adding bndlst edge: (A_N123_SC -> A_G128_MC) type[hb], weight[0.96] from 122 to 127 dist[2.04]
Adding bndlst edge: (A_T124_MC -> A_K125_MC) type[cov], weight[1.00] from 123 to 124 dist[1.33]
Adding bndlst edge: (A_T124_MC -> A_S130_MC) type[hb], weight[0.96] from 123 to 129 dist[2.04]
Adding bndlst edge: (A_K125_MC -> A_S126_MC) type[cov], weight[1.00] from 124 to 125 dist[1.34]
Adding bndlst edge: (A_S126_MC -> A_S127_MC) type[cov], weight[1.00] from 125 to 126 dist[1.33]
Adding bndlst edge: (A_S127_MC -> A_G128_MC) type[cov], weight[1.00] from 126 to 127 dist[1.32]
Adding bndlst edge: (A_G128_MC -> A_T129_MC) type[cov], weight[1.00] from 127 to 128 dist[1.33]
Adding bndlst edge: (A_T129_MC -> A_S130_MC) type[cov], weight[1.00] from 128 to 129 dist[1.32]
Adding bndlst edge: (A_S130_MC -> A_Y131_MC) type[cov], weight[1.00] from 129 to 130 dist[1.32]
Adding bndlst edge: (A_Y131_MC -> A_P132_MC) type[cov], weight[1.00] from 130 to 131 dist[1.32]
Adding bndlst edge: (A_P132_MC -> A_D133_MC) type[cov], weight[1.00] from 131 to 132 dist[1.35]
Adding bndlst edge: (A_D133_MC -> A_V134_MC) type[cov], weight[1.00] from 132 to 133 dist[1.33]
Adding bndlst edge: (A_V134_MC -> A_L135_MC) type[cov], weight[1.00] from 133 to 134 dist[1.32]
Adding bndlst edge: (A_L135_MC -> A_K136_MC) type[cov], weight[1.00] from 134 to 135 dist[1.31]
Adding bndlst edge: (A_K136_MC -> A_C137_MC) type[cov], weight[1.00] from 135 to 136 dist[1.34]
Adding bndlst edge: (A_C137_MC -> A_L138_MC) type[cov], weight[1.00] from 136 to 137 dist[1.33]
Adding bndlst edge: (A_L138_MC -> A_K139_MC) type[cov], weight[1.00] from 137 to 138 dist[1.37]
Adding bndlst edge: (A_K139_MC -> A_A140_MC) type[cov], weight[1.00] from 138 to 139 dist[1.34]
Adding bndlst edge: (A_K139_MC -> A_Y165_SC) type[hb], weight[1.30] from 138 to 164 dist[1.75]
Adding bndlst edge: (A_A140_MC -> A_P141_MC) type[cov], weight[1.00] from 139 to 140 dist[1.36]
Adding bndlst edge: (A_P141_MC -> A_I142_MC) type[cov], weight[1.00] from 140 to 141 dist[1.31]
Adding bndlst edge: (A_P141_MC -> A_G164_MC) type[hb], weight[1.01] from 140 to 163 dist[1.99]
Adding bndlst edge: (A_I142_MC -> A_L143_MC) type[cov], weight[1.00] from 141 to 142 dist[1.35]
Adding bndlst edge: (A_L143_MC -> A_S144_MC) type[cov], weight[1.00] from 142 to 143 dist[1.33]
Adding bndlst edge: (A_L143_MC -> A_C162_MC) type[hb], weight[1.05] from 142 to 161 dist[1.95]
Adding bndlst edge: (A_S144_MC -> A_D145_MC) type[cov], weight[1.00] from 143 to 144 dist[1.32]
Adding bndlst edge: (A_S144_MC -> A_C148_MC) type[hb], weight[0.86] from 143 to 147 dist[2.15]
Adding bndlst edge: (A_S144_MC -> A_S147_MC) type[hb], weight[0.58] from 143 to 146 dist[2.63]
Adding bndlst edge: (A_S144_SC -> A_S147_MC) type[hb], weight[0.81] from 143 to 146 dist[2.23]
Adding bndlst edge: (A_S144_SC -> A_S146_SC) type[hb], weight[0.47] from 143 to 145 dist[2.93]
Adding bndlst edge: (A_D145_MC -> A_S146_MC) type[cov], weight[1.00] from 144 to 145 dist[1.33]
Adding bndlst edge: (A_D145_MC -> A_K149_MC) type[hb], weight[1.09] from 144 to 148 dist[1.92]
Adding bndlst edge: (A_D145_MC -> A_C148_MC) type[hb], weight[0.53] from 144 to 147 dist[2.75]
Adding bndlst edge: (A_S146_MC -> A_S147_MC) type[cov], weight[1.00] from 145 to 146 dist[1.35]
Adding bndlst edge: (A_S146_MC -> A_S150_SC) type[hb], weight[0.82] from 145 to 149 dist[2.21]
Adding bndlst edge: (A_S146_MC -> A_S150_MC) type[hb], weight[1.01] from 145 to 149 dist[1.99]
Adding bndlst edge: (A_S146_MC -> A_K149_MC) type[hb], weight[0.48] from 145 to 148 dist[2.90]
Adding bndlst edge: (A_S146_SC -> A_S147_MC) type[hb], weight[0.49] from 145 to 146 dist[2.86]
Adding bndlst edge: (A_S147_MC -> A_C148_MC) type[cov], weight[1.00] from 146 to 147 dist[1.33]
Adding bndlst edge: (A_S147_MC -> A_A151_MC) type[hb], weight[0.84] from 146 to 150 dist[2.19]
Adding bndlst edge: (A_S147_MC -> A_S150_MC) type[hb], weight[0.51] from 146 to 149 dist[2.81]
Adding bndlst edge: (A_C148_MC -> A_K149_MC) type[cov], weight[1.00] from 147 to 148 dist[1.32]
Adding bndlst edge: (A_C148_MC -> A_Y152_MC) type[hb], weight[0.86] from 147 to 151 dist[2.16]
Adding bndlst edge: (A_C148_MC -> A_A151_MC) type[hb], weight[0.66] from 147 to 150 dist[2.47]
Adding bndlst edge: (A_C148_SC -> A_C162_MC) type[hb], weight[0.42] from 147 to 161 dist[3.08]
Adding bndlst edge: (A_K149_MC -> A_S150_MC) type[cov], weight[1.00] from 148 to 149 dist[1.35]
Adding bndlst edge: (A_K149_MC -> A_Y152_MC) type[hb], weight[0.54] from 148 to 151 dist[2.72]
Adding bndlst edge: (A_S150_MC -> A_A151_MC) type[cov], weight[1.00] from 149 to 150 dist[1.34]
Adding bndlst edge: (A_A151_MC -> A_Y152_MC) type[cov], weight[1.00] from 150 to 151 dist[1.31]
Adding bndlst edge: (A_A151_MC -> A_K202_SC) type[hb], weight[0.91] from 150 to 201 dist[2.09]
Adding bndlst edge: (A_Y152_MC -> A_P153_MC) type[cov], weight[1.00] from 151 to 152 dist[1.35]
Adding bndlst edge: (A_Y152_MC -> A_Q155_MC) type[hb], weight[0.87] from 151 to 154 dist[2.14]
Adding bndlst edge: (A_Y152_SC -> A_S195_MC) type[hb], weight[0.40] from 151 to 194 dist[3.17]
Adding bndlst edge: (A_Y152_SC -> A_S195_MC) type[hb], weight[0.43] from 151 to 194 dist[3.04]
Adding bndlst edge: (A_Y152_SC -> A_S195_MC) type[hb], weight[0.85] from 151 to 194 dist[2.16]
Adding bndlst edge: (A_Y152_SC -> A_P203_MC) type[hb], weight[1.36] from 151 to 202 dist[1.71]
Adding bndlst edge: (A_P153_MC -> A_G154_MC) type[cov], weight[1.00] from 152 to 153 dist[1.30]
Adding bndlst edge: (A_G154_MC -> A_Q155_MC) type[cov], weight[1.00] from 153 to 154 dist[1.34]
Adding bndlst edge: (A_Q155_MC -> A_I156_MC) type[cov], weight[1.00] from 154 to 155 dist[1.33]
Adding bndlst edge: (A_I156_MC -> A_T157_MC) type[cov], weight[1.00] from 155 to 156 dist[1.35]
Adding bndlst edge: (A_T157_MC -> A_S158_MC) type[cov], weight[1.00] from 156 to 157 dist[1.33]
Adding bndlst edge: (A_T157_MC -> A_M160_MC) type[hb], weight[0.75] from 156 to 159 dist[2.30]
Adding bndlst edge: (A_T157_MC -> A_N159_MC) type[hb], weight[0.47] from 156 to 158 dist[2.92]
Adding bndlst edge: (A_T157_SC -> A_N159_MC) type[hb], weight[0.82] from 156 to 158 dist[2.21]
Adding bndlst edge: (A_T157_MC -> A_M160_SC) type[hb], weight[0.58] from 156 to 159 dist[2.63]
Adding bndlst edge: (A_S158_MC -> A_N159_MC) type[cov], weight[1.00] from 157 to 158 dist[1.33]
Adding bndlst edge: (A_S158_MC -> A_N211_SC) type[hb], weight[0.81] from 157 to 210 dist[2.23]
Adding bndlst edge: (A_N159_MC -> A_M160_MC) type[cov], weight[1.00] from 158 to 159 dist[1.31]
Adding bndlst edge: (A_N159_MC -> A_K208_MC) type[hb], weight[1.07] from 158 to 207 dist[1.93]
Adding bndlst edge: (A_N159_SC -> A_N211_SC) type[hb], weight[1.10] from 158 to 210 dist[1.91]
Adding bndlst edge: (A_M160_MC -> A_F161_MC) type[cov], weight[1.00] from 159 to 160 dist[1.32]
Adding bndlst edge: (A_M160_SC -> A_W193_SC) type[hb], weight[0.53] from 159 to 192 dist[2.76]
Adding bndlst edge: (A_F161_MC -> A_C162_MC) type[cov], weight[1.00] from 160 to 161 dist[1.34]
Adding bndlst edge: (A_F161_MC -> A_Y206_MC) type[hb], weight[1.08] from 160 to 205 dist[1.92]
Adding bndlst edge: (A_F161_MC -> A_Y206_MC) type[hb], weight[0.93] from 160 to 205 dist[2.07]
Adding bndlst edge: (A_C162_MC -> A_A163_MC) type[cov], weight[1.00] from 161 to 162 dist[1.32]
Adding bndlst edge: (A_A163_MC -> A_G164_MC) type[cov], weight[1.00] from 162 to 163 dist[1.34]
Adding bndlst edge: (A_A163_MC -> A_G204_MC) type[hb], weight[0.56] from 162 to 203 dist[2.68]
Adding bndlst edge: (A_A163_MC -> A_G204_MC) type[hb], weight[0.81] from 162 to 203 dist[2.23]
Adding bndlst edge: (A_A163_MC -> A_Y206_SC) type[hb], weight[0.41] from 162 to 205 dist[3.14]
Adding bndlst edge: (A_A163_MC -> A_Y206_SC) type[hb], weight[0.36] from 162 to 205 dist[3.33]
Adding bndlst edge: (A_G164_MC -> A_Y165_MC) type[cov], weight[1.00] from 163 to 164 dist[1.32]
Adding bndlst edge: (A_Y165_MC -> A_L166_MC) type[cov], weight[1.00] from 164 to 165 dist[1.34]
Adding bndlst edge: (A_Y165_SC -> A_K170_SC) type[hb], weight[0.57] from 164 to 169 dist[2.65]
Adding bndlst edge: (A_Y165_SC -> A_K170_SC) type[hb], weight[0.58] from 164 to 169 dist[2.64]
Adding bndlst edge: (A_Y165_SC -> A_K170_SC) type[hb], weight[0.52] from 164 to 169 dist[2.77]
Adding bndlst edge: (A_L166_MC -> A_E167_MC) type[cov], weight[1.00] from 165 to 166 dist[1.35]
Adding bndlst edge: (A_L166_MC -> A_N201_MC) type[hb], weight[1.20] from 165 to 200 dist[1.83]
Adding bndlst edge: (A_L166_MC -> A_E167_SC) type[hb], weight[0.55] from 165 to 166 dist[2.71]
Adding bndlst edge: (A_E167_MC -> A_G168_MC) type[cov], weight[1.00] from 166 to 167 dist[1.33]
Adding bndlst edge: (A_G168_MC -> A_G169_MC) type[cov], weight[1.00] from 167 to 168 dist[1.34]
Adding bndlst edge: (A_G169_MC -> A_K170_MC) type[cov], weight[1.00] from 168 to 169 dist[1.32]
Adding bndlst edge: (A_G169_MC -> A_A198_MC) type[hb], weight[1.05] from 168 to 197 dist[1.95]
Adding bndlst edge: (A_K170_MC -> A_D171_MC) type[cov], weight[1.00] from 169 to 170 dist[1.33]
Adding bndlst edge: (A_D171_MC -> A_S172_MC) type[cov], weight[1.00] from 170 to 171 dist[1.31]
Adding bndlst edge: (A_D171_SC -> A_S172_MC) type[hb], weight[0.94] from 170 to 171 dist[2.06]
Adding bndlst edge: (A_D171_SC -> A_A198_MC) type[hb], weight[1.10] from 170 to 197 dist[1.91]
Adding bndlst edge: (A_S172_MC -> A_C173_MC) type[cov], weight[1.00] from 171 to 172 dist[1.33]
Adding bndlst edge: (A_S172_SC -> A_Y206_SC) type[hb], weight[1.12] from 171 to 205 dist[1.89]
Adding bndlst edge: (A_S172_SC -> A_Y206_SC) type[hb], weight[0.52] from 171 to 205 dist[2.77]
Adding bndlst edge: (A_S172_SC -> A_Y206_SC) type[hb], weight[0.42] from 171 to 205 dist[3.10]
Adding bndlst edge: (A_C173_MC -> A_Q174_MC) type[cov], weight[1.00] from 172 to 173 dist[1.35]
Adding bndlst edge: (A_C173_MC -> A_D176_MC) type[hb], weight[1.07] from 172 to 175 dist[1.94]
Adding bndlst edge: (A_C173_SC -> A_Q174_MC) type[hb], weight[0.69] from 172 to 173 dist[2.40]
Adding bndlst edge: (A_C173_MC -> A_D176_SC) type[hb], weight[1.07] from 172 to 175 dist[1.94]
Adding bndlst edge: (A_Q174_MC -> A_G175_MC) type[cov], weight[1.00] from 173 to 174 dist[1.34]
Adding bndlst edge: (A_Q174_MC -> A_C197_SC) type[hb], weight[0.35] from 173 to 196 dist[3.39]
Adding bndlst edge: (A_G175_MC -> A_D176_MC) type[cov], weight[1.00] from 174 to 175 dist[1.34]
Adding bndlst edge: (A_D176_MC -> A_S177_MC) type[cov], weight[1.00] from 175 to 176 dist[1.33]
Adding bndlst edge: (A_D176_MC -> A_G179_MC) type[hb], weight[0.91] from 175 to 178 dist[2.10]
Adding bndlst edge: (A_S177_MC -> A_G178_MC) type[cov], weight[1.00] from 176 to 177 dist[1.34]
Adding bndlst edge: (A_S177_MC -> A_G179_MC) type[hb], weight[0.52] from 176 to 178 dist[2.77]
Adding bndlst edge: (A_G178_MC -> A_G179_MC) type[cov], weight[1.00] from 177 to 178 dist[1.33]
Adding bndlst edge: (A_G178_MC -> A_V191_MC) type[hb], weight[1.09] from 177 to 190 dist[1.91]
Adding bndlst edge: (A_G179_MC -> A_P180_MC) type[cov], weight[1.00] from 178 to 179 dist[1.35]
Adding bndlst edge: (A_G179_MC -> A_V191_MC) type[hb], weight[0.94] from 178 to 190 dist[2.06]
Adding bndlst edge: (A_P180_MC -> A_V181_MC) type[cov], weight[1.00] from 179 to 180 dist[1.33]
Adding bndlst edge: (A_V181_MC -> A_V182_MC) type[cov], weight[1.00] from 180 to 181 dist[1.32]
Adding bndlst edge: (A_V181_MC -> A_Q188_MC) type[hb], weight[0.91] from 180 to 187 dist[2.10]
Adding bndlst edge: (A_V181_MC -> A_G189_MC) type[hb], weight[0.82] from 180 to 188 dist[2.21]
Adding bndlst edge: (A_V181_MC -> A_G189_MC) type[hb], weight[0.78] from 180 to 188 dist[2.26]
Adding bndlst edge: (A_V182_MC -> A_C183_MC) type[cov], weight[1.00] from 181 to 182 dist[1.34]
Adding bndlst edge: (A_C183_MC -> A_S184_MC) type[cov], weight[1.00] from 182 to 183 dist[1.35]
Adding bndlst edge: (A_C183_MC -> A_K186_MC) type[hb], weight[0.97] from 182 to 185 dist[2.03]
Adding bndlst edge: (A_C183_MC -> A_K186_MC) type[hb], weight[1.03] from 182 to 185 dist[1.98]
Adding bndlst edge: (A_S184_MC -> A_G185_MC) type[cov], weight[1.00] from 183 to 184 dist[1.34]
Adding bndlst edge: (A_G185_MC -> A_K186_MC) type[cov], weight[1.00] from 184 to 185 dist[1.32]
Adding bndlst edge: (A_K186_MC -> A_L187_MC) type[cov], weight[1.00] from 185 to 186 dist[1.34]
Adding bndlst edge: (A_K186_MC -> A_Q188_MC) type[hb], weight[0.53] from 185 to 187 dist[2.74]
Adding bndlst edge: (A_L187_MC -> A_Q188_MC) type[cov], weight[1.00] from 186 to 187 dist[1.32]
Adding bndlst edge: (A_Q188_MC -> A_G189_MC) type[cov], weight[1.00] from 187 to 188 dist[1.34]
Adding bndlst edge: (A_Q188_MC -> A_V209_MC) type[hb], weight[0.89] from 187 to 208 dist[2.12]
Adding bndlst edge: (A_G189_MC -> A_I190_MC) type[cov], weight[1.00] from 188 to 189 dist[1.34]
Adding bndlst edge: (A_I190_MC -> A_V191_MC) type[cov], weight[1.00] from 189 to 190 dist[1.34]
Adding bndlst edge: (A_I190_MC -> A_T207_MC) type[hb], weight[0.93] from 189 to 206 dist[2.08]
Adding bndlst edge: (A_I190_MC -> A_T207_MC) type[hb], weight[0.62] from 189 to 206 dist[2.54]
Adding bndlst edge: (A_V191_MC -> A_S192_MC) type[cov], weight[1.00] from 190 to 191 dist[1.33]
Adding bndlst edge: (A_S192_MC -> A_W193_MC) type[cov], weight[1.00] from 191 to 192 dist[1.35]
Adding bndlst edge: (A_S192_MC -> A_V205_MC) type[hb], weight[0.69] from 191 to 204 dist[2.40]
Adding bndlst edge: (A_W193_MC -> A_G194_MC) type[cov], weight[1.00] from 192 to 193 dist[1.31]
Adding bndlst edge: (A_W193_MC -> A_V205_MC) type[hb], weight[1.04] from 192 to 204 dist[1.96]
Adding bndlst edge: (A_W193_MC -> A_V205_MC) type[hb], weight[0.80] from 192 to 204 dist[2.24]
Adding bndlst edge: (A_G194_MC -> A_S195_MC) type[cov], weight[1.00] from 193 to 194 dist[1.34]
Adding bndlst edge: (A_S195_MC -> A_G196_MC) type[cov], weight[1.00] from 194 to 195 dist[1.34]
Adding bndlst edge: (A_G196_MC -> A_C197_MC) type[cov], weight[1.00] from 195 to 196 dist[1.31]
Adding bndlst edge: (A_C197_MC -> A_A198_MC) type[cov], weight[1.00] from 196 to 197 dist[1.34]
Adding bndlst edge: (A_C197_MC -> A_Q199_SC) type[hb], weight[0.95] from 196 to 198 dist[2.05]
Adding bndlst edge: (A_A198_MC -> A_Q199_MC) type[cov], weight[1.00] from 197 to 198 dist[1.33]
Adding bndlst edge: (A_Q199_MC -> A_K200_MC) type[cov], weight[1.00] from 198 to 199 dist[1.34]
Adding bndlst edge: (A_Q199_MC -> A_K202_MC) type[hb], weight[0.84] from 198 to 201 dist[2.18]
Adding bndlst edge: (A_K200_MC -> A_N201_MC) type[cov], weight[1.00] from 199 to 200 dist[1.33]
Adding bndlst edge: (A_K200_MC -> A_K202_MC) type[hb], weight[0.49] from 199 to 201 dist[2.84]
Adding bndlst edge: (A_N201_MC -> A_K202_MC) type[cov], weight[1.00] from 200 to 201 dist[1.33]
Adding bndlst edge: (A_K202_MC -> A_P203_MC) type[cov], weight[1.00] from 201 to 202 dist[1.33]
Adding bndlst edge: (A_P203_MC -> A_G204_MC) type[cov], weight[1.00] from 202 to 203 dist[1.33]
Adding bndlst edge: (A_G204_MC -> A_V205_MC) type[cov], weight[1.00] from 203 to 204 dist[1.35]
Adding bndlst edge: (A_V205_MC -> A_Y206_MC) type[cov], weight[1.00] from 204 to 205 dist[1.34]
Adding bndlst edge: (A_Y206_MC -> A_T207_MC) type[cov], weight[1.00] from 205 to 206 dist[1.34]
Adding bndlst edge: (A_T207_MC -> A_K208_MC) type[cov], weight[1.00] from 206 to 207 dist[1.31]
Adding bndlst edge: (A_T207_MC -> A_V209_MC) type[hb], weight[0.54] from 206 to 208 dist[2.72]
Adding bndlst edge: (A_K208_MC -> A_V209_MC) type[cov], weight[1.00] from 207 to 208 dist[1.36]
Adding bndlst edge: (A_K208_MC -> A_N211_MC) type[hb], weight[0.86] from 207 to 210 dist[2.16]
Adding bndlst edge: (A_V209_MC -> A_C210_MC) type[cov], weight[1.00] from 208 to 209 dist[1.33]
Adding bndlst edge: (A_V209_MC -> A_Y212_MC) type[hb], weight[1.16] from 208 to 211 dist[1.85]
Adding bndlst edge: (A_V209_MC -> A_N211_MC) type[hb], weight[0.49] from 208 to 210 dist[2.86]
Adding bndlst edge: (A_C210_MC -> A_N211_MC) type[cov], weight[1.00] from 209 to 210 dist[1.33]
Adding bndlst edge: (A_C210_MC -> A_V213_MC) type[hb], weight[0.46] from 209 to 212 dist[2.95]
Adding bndlst edge: (A_N211_MC -> A_Y212_MC) type[cov], weight[1.00] from 210 to 211 dist[1.32]
Adding bndlst edge: (A_Y212_MC -> A_V213_MC) type[cov], weight[1.00] from 211 to 212 dist[1.35]
Adding bndlst edge: (A_Y212_MC -> A_I216_MC) type[hb], weight[1.17] from 211 to 215 dist[1.85]
Adding bndlst edge: (A_Y212_MC -> A_W215_MC) type[hb], weight[0.60] from 211 to 214 dist[2.59]
Adding bndlst edge: (A_V213_MC -> A_S214_MC) type[cov], weight[1.00] from 212 to 213 dist[1.34]
Adding bndlst edge: (A_V213_MC -> A_K217_MC) type[hb], weight[0.91] from 212 to 216 dist[2.09]
Adding bndlst edge: (A_V213_MC -> A_I216_MC) type[hb], weight[0.53] from 212 to 215 dist[2.76]
Adding bndlst edge: (A_S214_MC -> A_W215_MC) type[cov], weight[1.00] from 213 to 214 dist[1.32]
Adding bndlst edge: (A_S214_MC -> A_Q218_MC) type[hb], weight[0.97] from 213 to 217 dist[2.03]
Adding bndlst edge: (A_S214_MC -> A_K217_MC) type[hb], weight[0.45] from 213 to 216 dist[2.97]
Adding bndlst edge: (A_W215_MC -> A_I216_MC) type[cov], weight[1.00] from 214 to 215 dist[1.35]
Adding bndlst edge: (A_W215_MC -> A_T219_MC) type[hb], weight[1.00] from 214 to 218 dist[2.00]
Adding bndlst edge: (A_W215_MC -> A_Q218_MC) type[hb], weight[0.47] from 214 to 217 dist[2.91]
Adding bndlst edge: (A_W215_MC -> A_T219_SC) type[hb], weight[1.24] from 214 to 218 dist[1.80]
Adding bndlst edge: (A_W215_SC -> A_T219_SC) type[hb], weight[0.39] from 214 to 218 dist[3.22]
Adding bndlst edge: (A_W215_SC -> A_T219_SC) type[hb], weight[0.37] from 214 to 218 dist[3.30]
Adding bndlst edge: (A_I216_MC -> A_K217_MC) type[cov], weight[1.00] from 215 to 216 dist[1.35]
Adding bndlst edge: (A_I216_MC -> A_I220_MC) type[hb], weight[0.97] from 215 to 219 dist[2.03]
Adding bndlst edge: (A_I216_MC -> A_T219_MC) type[hb], weight[0.54] from 215 to 218 dist[2.73]
Adding bndlst edge: (A_K217_MC -> A_Q218_MC) type[cov], weight[1.00] from 216 to 217 dist[1.34]
Adding bndlst edge: (A_K217_MC -> A_A221_MC) type[hb], weight[0.94] from 216 to 220 dist[2.06]
Adding bndlst edge: (A_Q218_MC -> A_T219_MC) type[cov], weight[1.00] from 217 to 218 dist[1.32]
Adding bndlst edge: (A_Q218_MC -> A_S222_SC) type[hb], weight[0.95] from 217 to 221 dist[2.05]
Adding bndlst edge: (A_Q218_MC -> A_S222_MC) type[hb], weight[0.80] from 217 to 221 dist[2.24]
Adding bndlst edge: (A_Q218_MC -> A_A221_MC) type[hb], weight[0.49] from 217 to 220 dist[2.87]
Adding bndlst edge: (A_T219_MC -> A_I220_MC) type[cov], weight[1.00] from 218 to 219 dist[1.34]
Adding bndlst edge: (A_T219_MC -> A_N223_SC) type[hb], weight[1.01] from 218 to 222 dist[1.99]
Adding bndlst edge: (A_T219_MC -> A_N223_MC) type[hb], weight[0.49] from 218 to 222 dist[2.86]
Adding bndlst edge: (A_T219_MC -> A_S222_SC) type[hb], weight[0.46] from 218 to 221 dist[2.95]
Adding bndlst edge: (A_T219_MC -> A_S222_MC) type[hb], weight[0.56] from 218 to 221 dist[2.66]
Adding bndlst edge: (A_I220_MC -> A_A221_MC) type[cov], weight[1.00] from 219 to 220 dist[1.35]
Adding bndlst edge: (A_I220_MC -> A_N223_MC) type[hb], weight[0.80] from 219 to 222 dist[2.24]
Adding bndlst edge: (A_A221_MC -> A_S222_MC) type[cov], weight[1.00] from 220 to 221 dist[1.33]
Adding bndlst edge: (A_S222_MC -> A_N223_MC) type[cov], weight[1.00] from 221 to 222 dist[1.34]
Adding bndlst edge: (A_S222_SC -> A_N223_SC) type[hb], weight[0.45] from 221 to 222 dist[2.98]

bndlst DONE

Producing PAJEK network
printing pajek edge (A_128_GLY,A_129_THR)
printing pajek edge (A_33_GLN,A_34_TRP)
printing pajek edge (A_33_GLN,A_90_LEU)
printing pajek edge (A_91_LYS,A_92_SER)
printing pajek edge (A_207_THR,A_208_LYS)
printing pajek edge (A_207_THR,A_209_VAL)
printing pajek edge (A_119_SER,A_120_GLY)
printing pajek edge (A_119_SER,A_180_PRO)
printing pajek edge (A_72_VAL,A_73_HIS)
printing pajek edge (A_103_ILE,A_104_SER)
printing pajek edge (A_201_ASN,A_202_LYS)
printing pajek edge (A_19_ASN,A_22_TYR)
printing pajek edge (A_19_ASN,A_47_GLN)
printing pajek edge (A_19_ASN,A_20_SER)
printing pajek edge (A_19_ASN,A_21_GLY)
printing pajek edge (A_126_SER,A_127_SER)
printing pajek edge (A_17_SER,A_23_HIS)
printing pajek edge (A_17_SER,A_18_LEU)
printing pajek edge (A_17_SER,A_49_ARG)
printing pajek edge (A_45_GLY,A_46_ILE)
printing pajek edge (A_56_ASN,A_57_VAL)
printing pajek edge (A_56_ASN,A_133_ASP)
printing pajek edge (A_85_ILE,A_86_MET)
printing pajek edge (A_28_SER,A_36_VAL)
printing pajek edge (A_28_SER,A_29_LEU)
printing pajek edge (A_191_VAL,A_192_SER)
printing pajek edge (A_162_CYS,A_163_ALA)
printing pajek edge (A_195_SER,A_196_GLY)
printing pajek edge (A_96_LEU,A_97_ASN)
printing pajek edge (A_58_VAL,A_59_GLU)
printing pajek edge (A_221_ALA,A_222_SER)
printing pajek edge (A_21_GLY,A_22_TYR)
printing pajek edge (A_164_GLY,A_165_TYR)
printing pajek edge (A_110_ALA,A_111_SER)
printing pajek edge (A_152_TYR,A_153_PRO)
printing pajek edge (A_152_TYR,A_155_GLN)
printing pajek edge (A_152_TYR,A_195_SER)
printing pajek edge (A_152_TYR,A_203_PRO)
printing pajek edge (A_90_LEU,A_91_LYS)
printing pajek edge (A_176_ASP,A_179_GLY)
printing pajek edge (A_176_ASP,A_177_SER)
printing pajek edge (A_149_LYS,A_150_SER)
printing pajek edge (A_149_LYS,A_152_TYR)
printing pajek edge (A_32_SER,A_33_GLN)
printing pajek edge (A_32_SER,A_94_ALA)
printing pajek edge (A_36_VAL,A_37_SER)
printing pajek edge (A_12_VAL,A_14_TYR)
printing pajek edge (A_12_VAL,A_13_PRO)
printing pajek edge (A_12_VAL,A_15_GLN)
printing pajek edge (A_209_VAL,A_210_CYS)
printing pajek edge (A_209_VAL,A_211_ASN)
printing pajek edge (A_209_VAL,A_212_TYR)
printing pajek edge (A_79_ASN,A_80_THR)
printing pajek edge (A_94_ALA,A_95_SER)
printing pajek edge (A_107_THR,A_108_SER)
printing pajek edge (A_158_SER,A_159_ASN)
printing pajek edge (A_158_SER,A_211_ASN)
printing pajek edge (A_66_SER,A_91_LYS)
printing pajek edge (A_66_SER,A_67_ALA)
printing pajek edge (A_30_ILE,A_34_TRP)
printing pajek edge (A_30_ILE,A_31_ASN)
printing pajek edge (A_198_ALA,A_199_GLN)
printing pajek edge (A_204_GLY,A_205_VAL)
printing pajek edge (A_139_LYS,A_165_TYR)
printing pajek edge (A_139_LYS,A_140_ALA)
printing pajek edge (A_200_LYS,A_201_ASN)
printing pajek edge (A_200_LYS,A_202_LYS)
printing pajek edge (A_115_GLN,A_116_CYS)
printing pajek edge (A_59_GLU,A_60_GLY)
printing pajek edge (A_59_GLU,A_62_GLU)
printing pajek edge (A_212_TYR,A_216_ILE)
printing pajek edge (A_212_TYR,A_213_VAL)
printing pajek edge (A_212_TYR,A_215_TRP)
printing pajek edge (A_154_GLY,A_155_GLN)
printing pajek edge (A_16_VAL,A_27_GLY)
printing pajek edge (A_16_VAL,A_17_SER)
printing pajek edge (A_138_LEU,A_139_LYS)
printing pajek edge (A_82_ASN,A_159_ASN)
printing pajek edge (A_82_ASN,A_157_THR)
printing pajek edge (A_82_ASN,A_83_ASN)
printing pajek edge (A_82_ASN,A_83_ASN)
printing pajek edge (A_61_ASN,A_62_GLU)
printing pajek edge (A_61_ASN,A_62_GLU)
printing pajek edge (A_102_SER,A_103_ILE)
printing pajek edge (A_74_PRO,A_75_SER)
printing pajek edge (A_87_LEU,A_88_ILE)
printing pajek edge (A_77_ASN,A_82_ASN)
printing pajek edge (A_77_ASN,A_78_SER)
printing pajek edge (A_77_ASN,A_81_LEU)
printing pajek edge (A_77_ASN,A_79_ASN)
printing pajek edge (A_77_ASN,A_80_THR)
printing pajek edge (A_63_GLN,A_64_PHE)
printing pajek edge (A_63_GLN,A_95_SER)
printing pajek edge (A_68_SER,A_89_LYS)
printing pajek edge (A_68_SER,A_69_LYS)
printing pajek edge (A_205_VAL,A_206_TYR)
printing pajek edge (A_166_LEU,A_201_ASN)
printing pajek edge (A_166_LEU,A_167_GLU)
printing pajek edge (A_166_LEU,A_167_GLU)
printing pajek edge (A_199_GLN,A_202_LYS)
printing pajek edge (A_199_GLN,A_200_LYS)
printing pajek edge (A_140_ALA,A_141_PRO)
printing pajek edge (A_130_SER,A_131_TYR)
printing pajek edge (A_3_GLY,A_4_GLY)
printing pajek edge (A_18_LEU,A_19_ASN)
printing pajek edge (A_18_LEU,A_25_CYS)
printing pajek edge (A_18_LEU,A_24_PHE)
printing pajek edge (A_187_LEU,A_188_GLN)
printing pajek edge (A_111_SER,A_112_ALA)
printing pajek edge (A_111_SER,A_114_THR)
printing pajek edge (A_83_ASN,A_85_ILE)
printing pajek edge (A_83_ASN,A_84_ASP)
printing pajek edge (A_83_ASN,A_212_TYR)
printing pajek edge (A_148_CYS,A_162_CYS)
printing pajek edge (A_148_CYS,A_152_TYR)
printing pajek edge (A_148_CYS,A_149_LYS)
printing pajek edge (A_148_CYS,A_151_ALA)
printing pajek edge (A_219_THR,A_222_SER)
printing pajek edge (A_219_THR,A_220_ILE)
printing pajek edge (A_219_THR,A_223_ASN)
printing pajek edge (A_203_PRO,A_204_GLY)
printing pajek edge (A_169_GLY,A_198_ALA)
printing pajek edge (A_169_GLY,A_170_LYS)
printing pajek edge (A_185_GLY,A_186_LYS)
printing pajek edge (A_136_LYS,A_137_CYS)
printing pajek edge (A_15_GLN,A_121_TRP)
printing pajek edge (A_15_GLN,A_119_SER)
printing pajek edge (A_15_GLN,A_16_VAL)
printing pajek edge (A_15_GLN,A_16_VAL)
printing pajek edge (A_113_GLY,A_142_ILE)
printing pajek edge (A_113_GLY,A_114_THR)
printing pajek edge (A_70_SER,A_71_ILE)
printing pajek edge (A_192_SER,A_205_VAL)
printing pajek edge (A_192_SER,A_193_TRP)
printing pajek edge (A_173_CYS,A_174_GLN)
printing pajek edge (A_173_CYS,A_174_GLN)
printing pajek edge (A_173_CYS,A_176_ASP)
printing pajek edge (A_146_SER,A_150_SER)
printing pajek edge (A_146_SER,A_149_LYS)
printing pajek edge (A_146_SER,A_147_SER)
printing pajek edge (A_146_SER,A_147_SER)
printing pajek edge (A_50_LEU,A_51_GLY)
printing pajek edge (A_50_LEU,A_63_GLN)
printing pajek edge (A_179_GLY,A_191_VAL)
printing pajek edge (A_179_GLY,A_180_PRO)
printing pajek edge (A_25_CYS,A_26_GLY)
printing pajek edge (A_188_GLN,A_209_VAL)
printing pajek edge (A_188_GLN,A_189_GLY)
printing pajek edge (A_141_PRO,A_164_GLY)
printing pajek edge (A_141_PRO,A_142_ILE)
printing pajek edge (A_125_LYS,A_126_SER)
printing pajek edge (A_105_LEU,A_106_PRO)
printing pajek edge (A_132_PRO,A_133_ASP)
printing pajek edge (A_182_VAL,A_183_CYS)
printing pajek edge (A_122_GLY,A_176_ASP)
printing pajek edge (A_122_GLY,A_123_ASN)
printing pajek edge (A_80_THR,A_82_ASN)
printing pajek edge (A_80_THR,A_81_LEU)
printing pajek edge (A_213_VAL,A_216_ILE)
printing pajek edge (A_213_VAL,A_217_LYS)
printing pajek edge (A_213_VAL,A_214_SER)
printing pajek edge (A_155_GLN,A_156_ILE)
printing pajek edge (A_1_ILE,A_2_VAL)
printing pajek edge (A_1_ILE,A_123_ASN)
printing pajek edge (A_1_ILE,A_176_ASP)
printing pajek edge (A_1_ILE,A_122_GLY)
printing pajek edge (A_24_PHE,A_43_LYS)
printing pajek edge (A_24_PHE,A_25_CYS)
printing pajek edge (A_97_ASN,A_99_ARG)
printing pajek edge (A_97_ASN,A_100_VAL)
printing pajek edge (A_97_ASN,A_98_SER)
printing pajek edge (A_127_SER,A_128_GLY)
printing pajek edge (A_160_MET,A_193_TRP)
printing pajek edge (A_160_MET,A_161_PHE)
printing pajek edge (A_161_PHE,A_206_TYR)
printing pajek edge (A_161_PHE,A_162_CYS)
printing pajek edge (A_177_SER,A_179_GLY)
printing pajek edge (A_177_SER,A_178_GLY)
printing pajek edge (A_48_VAL,A_65_ILE)
printing pajek edge (A_48_VAL,A_49_ARG)
printing pajek edge (A_9_ALA,A_11_THR)
printing pajek edge (A_9_ALA,A_10_ASN)
printing pajek edge (A_210_CYS,A_213_VAL)
printing pajek edge (A_210_CYS,A_211_ASN)
printing pajek edge (A_99_ARG,A_100_VAL)
printing pajek edge (A_217_LYS,A_218_GLN)
printing pajek edge (A_217_LYS,A_221_ALA)
printing pajek edge (A_38_ALA,A_39_ALA)
printing pajek edge (A_38_ALA,A_41_CYS)
printing pajek edge (A_118_ILE,A_138_LEU)
printing pajek edge (A_118_ILE,A_119_SER)
printing pajek edge (A_44_SER,A_45_GLY)
printing pajek edge (A_196_GLY,A_197_CYS)
printing pajek edge (A_6_THR,A_7_CYS)
printing pajek edge (A_6_THR,A_136_LYS)
printing pajek edge (A_171_ASP,A_198_ALA)
printing pajek edge (A_171_ASP,A_172_SER)
printing pajek edge (A_171_ASP,A_172_SER)
printing pajek edge (A_34_TRP,A_35_VAL)
printing pajek edge (A_22_TYR,A_43_LYS)
printing pajek edge (A_22_TYR,A_23_HIS)
printing pajek edge (A_64_PHE,A_65_ILE)
printing pajek edge (A_8_GLY,A_9_ALA)
printing pajek edge (A_8_GLY,A_11_THR)
printing pajek edge (A_27_GLY,A_28_SER)
printing pajek edge (A_81_LEU,A_82_ASN)
printing pajek edge (A_194_GLY,A_195_SER)
printing pajek edge (A_120_GLY,A_121_TRP)
printing pajek edge (A_120_GLY,A_136_LYS)
printing pajek edge (A_181_VAL,A_182_VAL)
printing pajek edge (A_181_VAL,A_189_GLY)
printing pajek edge (A_181_VAL,A_188_GLN)
printing pajek edge (A_100_VAL,A_101_ALA)
printing pajek edge (A_180_PRO,A_181_VAL)
printing pajek edge (A_163_ALA,A_206_TYR)
printing pajek edge (A_163_ALA,A_164_GLY)
printing pajek edge (A_163_ALA,A_204_GLY)
printing pajek edge (A_73_HIS,A_85_ILE)
printing pajek edge (A_73_HIS,A_75_SER)
printing pajek edge (A_73_HIS,A_76_TYR)
printing pajek edge (A_73_HIS,A_215_TRP)
printing pajek edge (A_73_HIS,A_74_PRO)
printing pajek edge (A_75_SER,A_76_TYR)
printing pajek edge (A_75_SER,A_83_ASN)
printing pajek edge (A_183_CYS,A_186_LYS)
printing pajek edge (A_183_CYS,A_184_SER)
printing pajek edge (A_62_GLU,A_63_GLN)
printing pajek edge (A_109_CYS,A_110_ALA)
printing pajek edge (A_116_CYS,A_117_LEU)
printing pajek edge (A_116_CYS,A_140_ALA)
printing pajek edge (A_93_ALA,A_94_ALA)
printing pajek edge (A_104_SER,A_105_LEU)
printing pajek edge (A_104_SER,A_187_LEU)
printing pajek edge (A_202_LYS,A_203_PRO)
printing pajek edge (A_11_THR,A_12_VAL)
printing pajek edge (A_114_THR,A_142_ILE)
printing pajek edge (A_114_THR,A_115_GLN)
printing pajek edge (A_153_PRO,A_154_GLY)
printing pajek edge (A_190_ILE,A_191_VAL)
printing pajek edge (A_190_ILE,A_207_THR)
printing pajek edge (A_208_LYS,A_211_ASN)
printing pajek edge (A_208_LYS,A_209_VAL)
printing pajek edge (A_143_LEU,A_162_CYS)
printing pajek edge (A_143_LEU,A_144_SER)
printing pajek edge (A_92_SER,A_93_ALA)
printing pajek edge (A_168_GLY,A_169_GLY)
printing pajek edge (A_49_ARG,A_50_LEU)
printing pajek edge (A_108_SER,A_109_CYS)
printing pajek edge (A_108_SER,A_188_GLN)
printing pajek edge (A_88_ILE,A_89_LYS)
printing pajek edge (A_175_GLY,A_176_ASP)
printing pajek edge (A_78_SER,A_79_ASN)
printing pajek edge (A_215_TRP,A_216_ILE)
printing pajek edge (A_215_TRP,A_218_GLN)
printing pajek edge (A_215_TRP,A_219_THR)
printing pajek edge (A_134_VAL,A_135_LEU)
printing pajek edge (A_150_SER,A_151_ALA)
printing pajek edge (A_124_THR,A_125_LYS)
printing pajek edge (A_124_THR,A_130_SER)
printing pajek edge (A_222_SER,A_223_ASN)
printing pajek edge (A_222_SER,A_223_ASN)
printing pajek edge (A_51_GLY,A_52_GLU)
printing pajek edge (A_40_HIS,A_192_SER)
printing pajek edge (A_40_HIS,A_84_ASP)
printing pajek edge (A_40_HIS,A_41_CYS)
printing pajek edge (A_40_HIS,A_177_SER)
printing pajek edge (A_211_ASN,A_212_TYR)
printing pajek edge (A_65_ILE,A_66_SER)
printing pajek edge (A_98_SER,A_99_ARG)
printing pajek edge (A_13_PRO,A_14_TYR)
printing pajek edge (A_13_PRO,A_101_ALA)
printing pajek edge (A_42_TYR,A_43_LYS)
printing pajek edge (A_42_TYR,A_43_LYS)
printing pajek edge (A_53_ASP,A_121_TRP)
printing pajek edge (A_53_ASP,A_54_ASN)
printing pajek edge (A_53_ASP,A_135_LEU)
printing pajek edge (A_174_GLN,A_175_GLY)
printing pajek edge (A_174_GLN,A_197_CYS)
printing pajek edge (A_57_VAL,A_58_VAL)
printing pajek edge (A_46_ILE,A_47_GLN)
printing pajek edge (A_46_ILE,A_67_ALA)
printing pajek edge (A_67_ALA,A_68_SER)
printing pajek edge (A_20_SER,A_43_LYS)
printing pajek edge (A_20_SER,A_22_TYR)
printing pajek edge (A_20_SER,A_21_GLY)
printing pajek edge (A_55_ILE,A_133_ASP)
printing pajek edge (A_55_ILE,A_56_ASN)
printing pajek edge (A_71_ILE,A_72_VAL)
printing pajek edge (A_71_ILE,A_87_LEU)
printing pajek edge (A_189_GLY,A_190_ILE)
printing pajek edge (A_69_LYS,A_70_SER)
printing pajek edge (A_69_LYS,A_89_LYS)
printing pajek edge (A_69_LYS,A_223_ASN)
printing pajek edge (A_69_LYS,A_223_ASN)
printing pajek edge (A_167_GLU,A_168_GLY)
printing pajek edge (A_2_VAL,A_171_ASP)
printing pajek edge (A_2_VAL,A_3_GLY)
printing pajek edge (A_137_CYS,A_138_LEU)
printing pajek edge (A_89_LYS,A_90_LEU)
printing pajek edge (A_89_LYS,A_223_ASN)
printing pajek edge (A_117_LEU,A_182_VAL)
printing pajek edge (A_117_LEU,A_118_ILE)
printing pajek edge (A_145_ASP,A_148_CYS)
printing pajek edge (A_145_ASP,A_146_SER)
printing pajek edge (A_145_ASP,A_149_LYS)
printing pajek edge (A_142_ILE,A_143_LEU)
printing pajek edge (A_31_ASN,A_34_TRP)
printing pajek edge (A_31_ASN,A_33_GLN)
printing pajek edge (A_31_ASN,A_32_SER)
printing pajek edge (A_101_ALA,A_102_SER)
printing pajek edge (A_129_THR,A_130_SER)
printing pajek edge (A_26_GLY,A_37_SER)
printing pajek edge (A_26_GLY,A_27_GLY)
printing pajek edge (A_26_GLY,A_177_SER)
printing pajek edge (A_29_LEU,A_103_ILE)
printing pajek edge (A_29_LEU,A_30_ILE)
printing pajek edge (A_121_TRP,A_122_GLY)
printing pajek edge (A_157_THR,A_159_ASN)
printing pajek edge (A_157_THR,A_160_MET)
printing pajek edge (A_157_THR,A_158_SER)
printing pajek edge (A_135_LEU,A_136_LYS)
printing pajek edge (A_41_CYS,A_42_TYR)
printing pajek edge (A_76_TYR,A_77_ASN)
printing pajek edge (A_76_TYR,A_77_ASN)
printing pajek edge (A_84_ASP,A_85_ILE)
printing pajek edge (A_84_ASP,A_192_SER)
printing pajek edge (A_84_ASP,A_207_THR)
printing pajek edge (A_193_TRP,A_205_VAL)
printing pajek edge (A_193_TRP,A_194_GLY)
printing pajek edge (A_60_GLY,A_61_ASN)
printing pajek edge (A_60_GLY,A_62_GLU)
printing pajek edge (A_216_ILE,A_220_ILE)
printing pajek edge (A_216_ILE,A_217_LYS)
printing pajek edge (A_216_ILE,A_219_THR)
printing pajek edge (A_178_GLY,A_191_VAL)
printing pajek edge (A_178_GLY,A_179_GLY)
printing pajek edge (A_151_ALA,A_202_LYS)
printing pajek edge (A_151_ALA,A_152_TYR)
printing pajek edge (A_156_ILE,A_157_THR)
printing pajek edge (A_131_TYR,A_132_PRO)
printing pajek edge (A_218_GLN,A_222_SER)
printing pajek edge (A_218_GLN,A_221_ALA)
printing pajek edge (A_218_GLN,A_219_THR)
printing pajek edge (A_54_ASN,A_57_VAL)
printing pajek edge (A_54_ASN,A_59_GLU)
printing pajek edge (A_54_ASN,A_56_ASN)
printing pajek edge (A_54_ASN,A_55_ILE)
printing pajek edge (A_123_ASN,A_125_LYS)
printing pajek edge (A_123_ASN,A_124_THR)
printing pajek edge (A_123_ASN,A_124_THR)
printing pajek edge (A_123_ASN,A_128_GLY)
printing pajek edge (A_123_ASN,A_174_GLN)
printing pajek edge (A_123_ASN,A_130_SER)
printing pajek edge (A_144_SER,A_148_CYS)
printing pajek edge (A_144_SER,A_146_SER)
printing pajek edge (A_144_SER,A_145_ASP)
printing pajek edge (A_144_SER,A_147_SER)
printing pajek edge (A_206_TYR,A_207_THR)
printing pajek edge (A_159_ASN,A_160_MET)
printing pajek edge (A_159_ASN,A_211_ASN)
printing pajek edge (A_159_ASN,A_208_LYS)
printing pajek edge (A_43_LYS,A_44_SER)
printing pajek edge (A_23_HIS,A_121_TRP)
printing pajek edge (A_23_HIS,A_25_CYS)
printing pajek edge (A_23_HIS,A_24_PHE)
printing pajek edge (A_220_ILE,A_221_ALA)
printing pajek edge (A_220_ILE,A_223_ASN)
printing pajek edge (A_47_GLN,A_49_ARG)
printing pajek edge (A_47_GLN,A_48_VAL)
printing pajek edge (A_14_TYR,A_29_LEU)
printing pajek edge (A_14_TYR,A_15_GLN)
printing pajek edge (A_106_PRO,A_107_THR)
printing pajek edge (A_7_CYS,A_135_LEU)
printing pajek edge (A_7_CYS,A_8_GLY)
printing pajek edge (A_86_MET,A_87_LEU)
printing pajek edge (A_186_LYS,A_187_LEU)
printing pajek edge (A_186_LYS,A_188_GLN)
printing pajek edge (A_37_SER,A_86_MET)
printing pajek edge (A_37_SER,A_38_ALA)
printing pajek edge (A_37_SER,A_38_ALA)
printing pajek edge (A_4_GLY,A_5_TYR)
printing pajek edge (A_214_SER,A_218_GLN)
printing pajek edge (A_214_SER,A_217_LYS)
printing pajek edge (A_214_SER,A_215_TRP)
printing pajek edge (A_184_SER,A_185_GLY)
printing pajek edge (A_95_SER,A_96_LEU)
printing pajek edge (A_147_SER,A_150_SER)
printing pajek edge (A_147_SER,A_148_CYS)
printing pajek edge (A_147_SER,A_151_ALA)
printing pajek edge (A_52_GLU,A_53_ASP)
printing pajek edge (A_10_ASN,A_51_GLY)
printing pajek edge (A_10_ASN,A_11_THR)
printing pajek edge (A_112_ALA,A_113_GLY)
printing pajek edge (A_39_ALA,A_40_HIS)
printing pajek edge (A_39_ALA,A_84_ASP)
printing pajek edge (A_39_ALA,A_41_CYS)
printing pajek edge (A_39_ALA,A_42_TYR)
printing pajek edge (A_5_TYR,A_137_CYS)
printing pajek edge (A_5_TYR,A_6_THR)
printing pajek edge (A_35_VAL,A_36_VAL)
printing pajek edge (A_35_VAL,A_88_ILE)
printing pajek edge (A_170_LYS,A_171_ASP)
printing pajek edge (A_165_TYR,A_166_LEU)
printing pajek edge (A_165_TYR,A_170_LYS)
printing pajek edge (A_133_ASP,A_134_VAL)
printing pajek edge (A_197_CYS,A_198_ALA)
printing pajek edge (A_197_CYS,A_199_GLN)
printing pajek edge (A_172_SER,A_206_TYR)
printing pajek edge (A_172_SER,A_173_CYS)
