Graph START

Adding vertex (chain-A, position-1, res-GLY)
New vertex id: 0
1 2 3 4 
Adding vertex (chain-A, position-2, res-SER)
New vertex id: 1
5 6 7 8 9 10 
Adding vertex (chain-A, position-3, res-SER)
New vertex id: 2
11 12 13 14 15 16 
Adding vertex (chain-A, position-4, res-GLU)
New vertex id: 3
17 18 19 20 21 22 23 24 25 
Adding vertex (chain-A, position-5, res-GLN)
New vertex id: 4
26 27 28 29 30 31 32 33 34 
Adding vertex (chain-A, position-6, res-GLU)
New vertex id: 5
35 36 37 38 39 40 41 42 43 
Adding vertex (chain-A, position-7, res-LEU)
New vertex id: 6
44 45 46 47 48 49 50 51 
Adding vertex (chain-A, position-8, res-LYS)
New vertex id: 7
52 53 54 55 56 57 58 59 60 
Adding vertex (chain-A, position-9, res-ALA)
New vertex id: 8
61 62 63 64 65 
Adding vertex (chain-A, position-10, res-ILE)
New vertex id: 9
66 67 68 69 70 71 72 73 
Adding vertex (chain-A, position-11, res-VAL)
New vertex id: 10
74 75 76 77 78 79 80 
Adding vertex (chain-A, position-12, res-LYS)
New vertex id: 11
81 82 83 84 85 86 87 88 89 
Adding vertex (chain-A, position-13, res-ASP)
New vertex id: 12
90 91 92 93 94 95 96 97 
Adding vertex (chain-A, position-14, res-LEU)
New vertex id: 13
98 99 100 101 102 103 104 105 
Adding vertex (chain-A, position-15, res-GLY)
New vertex id: 14
106 107 108 109 
Adding vertex (chain-A, position-16, res-CYS)
New vertex id: 15
110 111 112 113 114 115 
Adding vertex (chain-A, position-17, res-GLY)
New vertex id: 16
116 117 118 119 
Adding vertex (chain-A, position-18, res-PRO)
New vertex id: 17
120 121 122 123 124 125 126 
Adding vertex (chain-A, position-19, res-TYR)
New vertex id: 18
127 128 129 130 131 132 133 134 135 136 137 138 
Adding vertex (chain-A, position-20, res-PHE)
New vertex id: 19
139 140 141 142 143 144 145 146 147 148 149 
Adding vertex (chain-A, position-21, res-LEU)
New vertex id: 20
150 151 152 153 154 155 156 157 
Adding vertex (chain-A, position-22, res-GLY)
New vertex id: 21
158 159 160 161 
Adding vertex (chain-A, position-23, res-THR)
New vertex id: 22
162 163 164 165 166 167 168 
Adding vertex (chain-A, position-24, res-TYR)
New vertex id: 23
169 170 171 172 173 174 175 176 177 178 179 180 
Adding vertex (chain-A, position-25, res-ASP)
New vertex id: 24
181 182 183 184 185 186 187 188 
Adding vertex (chain-A, position-26, res-LYS)
New vertex id: 25
189 190 191 192 193 194 195 196 197 
Adding vertex (chain-A, position-27, res-ARG)
New vertex id: 26
198 199 200 201 202 203 204 205 206 207 208 
Adding vertex (chain-A, position-28, res-PHE)
New vertex id: 27
209 210 211 212 213 214 215 216 217 218 219 
Adding vertex (chain-A, position-29, res-PRO)
New vertex id: 28
220 221 222 223 224 225 226 
Adding vertex (chain-A, position-30, res-GLY)
New vertex id: 29
227 228 229 230 
Adding vertex (chain-A, position-31, res-PHE)
New vertex id: 30
231 232 233 234 235 236 237 238 239 240 241 
Adding vertex (chain-A, position-32, res-VAL)
New vertex id: 31
242 243 244 245 246 247 248 
Adding vertex (chain-A, position-33, res-SER)
New vertex id: 32
249 250 251 252 253 254 
Adding vertex (chain-A, position-34, res-PRO)
New vertex id: 33
255 256 257 258 259 260 261 
Adding vertex (chain-A, position-35, res-HIS)
New vertex id: 34
262 263 264 265 266 267 268 269 270 271 
Adding vertex (chain-A, position-36, res-LYS)
New vertex id: 35
272 273 274 275 276 277 278 279 280 
Adding vertex (chain-A, position-37, res-LEU)
New vertex id: 36
281 282 283 284 285 286 287 288 
Adding vertex (chain-A, position-38, res-ALA)
New vertex id: 37
289 290 291 292 293 
Adding vertex (chain-A, position-39, res-CYS)
New vertex id: 38
294 295 296 297 298 299 
Adding vertex (chain-A, position-40, res-ALA)
New vertex id: 39
300 301 302 303 304 
Adding vertex (chain-A, position-41, res-ILE)
New vertex id: 40
305 306 307 308 309 310 311 312 
Adding vertex (chain-A, position-42, res-VAL)
New vertex id: 41
313 314 315 316 317 318 319 
Adding vertex (chain-A, position-43, res-ASN)
New vertex id: 42
320 321 322 323 324 325 326 327 
Adding vertex (chain-A, position-44, res-THR)
New vertex id: 43
328 329 330 331 332 333 334 
Adding vertex (chain-A, position-45, res-ALA)
New vertex id: 44
335 336 337 338 339 
Adding vertex (chain-A, position-46, res-GLY)
New vertex id: 45
340 341 342 343 
Adding vertex (chain-A, position-47, res-ARG)
New vertex id: 46
344 345 346 347 348 349 350 351 352 353 354 
Adding vertex (chain-A, position-48, res-GLU)
New vertex id: 47
355 356 357 358 359 360 361 362 363 
Adding vertex (chain-A, position-49, res-THR)
New vertex id: 48
364 365 366 367 368 369 370 
Adding vertex (chain-A, position-50, res-GLY)
New vertex id: 49
371 372 373 374 
Adding vertex (chain-A, position-51, res-GLY)
New vertex id: 50
375 376 377 378 
Adding vertex (chain-A, position-52, res-VAL)
New vertex id: 51
379 380 381 382 383 384 385 
Adding vertex (chain-A, position-53, res-HIS)
New vertex id: 52
386 387 388 389 390 391 392 393 394 395 
Adding vertex (chain-A, position-54, res-TRP)
New vertex id: 53
396 397 398 399 400 401 402 403 404 405 406 407 408 409 
Adding vertex (chain-A, position-55, res-MET)
New vertex id: 54
410 411 412 413 414 415 416 417 
Adding vertex (chain-A, position-56, res-ALA)
New vertex id: 55
418 419 420 421 422 
Adding vertex (chain-A, position-57, res-PHE)
New vertex id: 56
423 424 425 426 427 428 429 430 431 432 433 
Adding vertex (chain-A, position-58, res-ALA)
New vertex id: 57
434 435 436 437 438 
Adding vertex (chain-A, position-59, res-TRP)
New vertex id: 58
439 440 441 442 443 444 445 446 447 448 449 450 451 452 
Adding vertex (chain-A, position-60, res-ASN)
New vertex id: 59
453 454 455 456 457 458 459 460 
Adding vertex (chain-A, position-61, res-PRO)
New vertex id: 60
461 462 463 464 465 466 467 
Adding vertex (chain-A, position-62, res-ARG)
New vertex id: 61
468 469 470 471 472 473 474 475 476 477 478 
Adding vertex (chain-A, position-63, res-SER)
New vertex id: 62
479 480 481 482 483 484 
Adding vertex (chain-A, position-64, res-LYS)
New vertex id: 63
485 486 487 488 489 490 491 492 493 
Adding vertex (chain-A, position-65, res-THR)
New vertex id: 64
494 495 496 497 498 499 500 
Adding vertex (chain-A, position-66, res-CYS)
New vertex id: 65
501 502 503 504 505 506 
Adding vertex (chain-A, position-67, res-TYR)
New vertex id: 66
507 508 509 510 511 512 513 514 515 516 517 518 
Adding vertex (chain-A, position-68, res-LEU)
New vertex id: 67
519 520 521 522 523 524 525 526 
Adding vertex (chain-A, position-69, res-PHE)
New vertex id: 68
527 528 529 530 531 532 533 534 535 536 537 
Adding vertex (chain-A, position-70, res-GLU)
New vertex id: 69
538 539 540 541 542 543 544 545 546 
Adding vertex (chain-A, position-71, res-PRO)
New vertex id: 70
547 548 549 550 551 552 553 
Adding vertex (chain-A, position-72, res-PHE)
New vertex id: 71
554 555 556 557 558 559 560 561 562 563 564 
Adding vertex (chain-A, position-73, res-GLY)
New vertex id: 72
565 566 567 568 
Adding vertex (chain-A, position-74, res-PHE)
New vertex id: 73
569 570 571 572 573 574 575 576 577 578 579 
Adding vertex (chain-A, position-75, res-SER)
New vertex id: 74
580 581 582 583 584 585 
Adding vertex (chain-A, position-76, res-ASP)
New vertex id: 75
586 587 588 589 590 591 592 593 
Adding vertex (chain-A, position-77, res-GLN)
New vertex id: 76
594 595 596 597 598 599 600 601 602 
Adding vertex (chain-A, position-78, res-ARG)
New vertex id: 77
603 604 605 606 607 608 609 610 611 612 613 
Adding vertex (chain-A, position-79, res-LEU)
New vertex id: 78
614 615 616 617 618 619 620 621 
Adding vertex (chain-A, position-80, res-LYS)
New vertex id: 79
622 623 624 625 626 627 628 629 630 
Adding vertex (chain-A, position-81, res-GLN)
New vertex id: 80
631 632 633 634 635 636 637 638 639 
Adding vertex (chain-A, position-82, res-VAL)
New vertex id: 81
640 641 642 643 644 645 646 
Adding vertex (chain-A, position-83, res-TYR)
New vertex id: 82
647 648 649 650 651 652 653 654 655 656 657 658 
Adding vertex (chain-A, position-84, res-GLN)
New vertex id: 83
659 660 661 662 663 664 665 666 667 
Adding vertex (chain-A, position-85, res-PHE)
New vertex id: 84
668 669 670 671 672 673 674 675 676 677 678 
Adding vertex (chain-A, position-86, res-GLU)
New vertex id: 85
679 680 681 682 683 684 685 686 687 
Adding vertex (chain-A, position-87, res-TYR)
New vertex id: 86
688 689 690 691 692 693 694 695 696 697 698 699 
Adding vertex (chain-A, position-88, res-GLU)
New vertex id: 87
700 701 702 703 704 705 706 707 708 
Adding vertex (chain-A, position-89, res-SER)
New vertex id: 88
709 710 711 712 713 714 
Adding vertex (chain-A, position-90, res-LEU)
New vertex id: 89
715 716 717 718 719 720 721 722 
Adding vertex (chain-A, position-91, res-LEU)
New vertex id: 90
723 724 725 726 727 728 729 730 
Adding vertex (chain-A, position-92, res-ARG)
New vertex id: 91
731 732 733 734 735 736 737 738 739 740 741 
Adding vertex (chain-A, position-93, res-ARG)
New vertex id: 92
742 743 744 745 746 747 748 749 750 751 752 
Adding vertex (chain-A, position-94, res-SER)
New vertex id: 93
753 754 755 756 757 758 
Adding vertex (chain-A, position-95, res-ALA)
New vertex id: 94
759 760 761 762 763 
Adding vertex (chain-A, position-96, res-ILE)
New vertex id: 95
764 765 766 767 768 769 770 771 
Adding vertex (chain-A, position-97, res-ALA)
New vertex id: 96
772 773 774 775 776 
Adding vertex (chain-A, position-98, res-SER)
New vertex id: 97
777 778 779 780 781 782 
Adding vertex (chain-A, position-99, res-SER)
New vertex id: 98
783 784 785 786 787 788 
Adding vertex (chain-A, position-100, res-PRO)
New vertex id: 99
789 790 791 792 793 794 795 
Adding vertex (chain-A, position-101, res-ASP)
New vertex id: 100
796 797 798 799 800 801 802 803 
Adding vertex (chain-A, position-102, res-ARG)
New vertex id: 101
804 805 806 807 808 809 810 811 812 813 814 
Adding vertex (chain-A, position-103, res-CYS)
New vertex id: 102
815 816 817 818 819 820 
Adding vertex (chain-A, position-104, res-ILE)
New vertex id: 103
821 822 823 824 825 826 827 828 
Adding vertex (chain-A, position-105, res-THR)
New vertex id: 104
829 830 831 832 833 834 835 
Adding vertex (chain-A, position-106, res-LEU)
New vertex id: 105
836 837 838 839 840 841 842 843 
Adding vertex (chain-A, position-107, res-GLU)
New vertex id: 106
844 845 846 847 848 849 850 851 852 
Adding vertex (chain-A, position-108, res-LYS)
New vertex id: 107
853 854 855 856 857 858 859 860 861 
Adding vertex (chain-A, position-109, res-SER)
New vertex id: 108
862 863 864 865 866 867 
Adding vertex (chain-A, position-110, res-THR)
New vertex id: 109
868 869 870 871 872 873 874 
Adding vertex (chain-A, position-111, res-GLN)
New vertex id: 110
875 876 877 878 879 880 881 882 883 
Adding vertex (chain-A, position-112, res-SER)
New vertex id: 111
884 885 886 887 888 889 
Adding vertex (chain-A, position-113, res-VAL)
New vertex id: 112
890 891 892 893 894 895 896 
Adding vertex (chain-A, position-114, res-GLN)
New vertex id: 113
897 898 899 900 901 902 903 904 905 
Adding vertex (chain-A, position-115, res-GLY)
New vertex id: 114
906 907 908 909 
Adding vertex (chain-A, position-116, res-PRO)
New vertex id: 115
910 911 912 913 914 915 916 
Adding vertex (chain-A, position-117, res-ASN)
New vertex id: 116
917 918 919 920 921 922 923 924 
Adding vertex (chain-A, position-118, res-SER)
New vertex id: 117
925 926 927 928 929 930 
Adding vertex (chain-A, position-119, res-ALA)
New vertex id: 118
931 932 933 934 935 
Adding vertex (chain-A, position-120, res-ALA)
New vertex id: 119
936 937 938 939 940 
Adding vertex (chain-A, position-121, res-CYS)
New vertex id: 120
941 942 943 944 945 946 
Adding vertex (chain-A, position-122, res-GLY)
New vertex id: 121
947 948 949 950 
Adding vertex (chain-A, position-123, res-LEU)
New vertex id: 122
951 952 953 954 955 956 957 958 
Adding vertex (chain-A, position-124, res-PHE)
New vertex id: 123
959 960 961 962 963 964 965 966 967 968 969 
Adding vertex (chain-A, position-125, res-CYS)
New vertex id: 124
970 971 972 973 974 975 
Adding vertex (chain-A, position-126, res-CYS)
New vertex id: 125
976 977 978 979 980 981 
Adding vertex (chain-A, position-127, res-MET)
New vertex id: 126
982 983 984 985 986 987 988 989 
Adding vertex (chain-A, position-128, res-PHE)
New vertex id: 127
990 991 992 993 994 995 996 997 998 999 1000 
Adding vertex (chain-A, position-129, res-LEU)
New vertex id: 128
1001 1002 1003 1004 1005 1006 1007 1008 
Adding vertex (chain-A, position-130, res-HIS)
New vertex id: 129
1009 1010 1011 1012 1013 1014 1015 1016 1017 1018 
Adding vertex (chain-A, position-131, res-ALA)
New vertex id: 130
1019 1020 1021 1022 1023 
Adding vertex (chain-A, position-132, res-PHE)
New vertex id: 131
1024 1025 1026 1027 1028 1029 1030 1031 1032 1033 1034 
Adding vertex (chain-A, position-133, res-ALA)
New vertex id: 132
1035 1036 1037 1038 1039 
Adding vertex (chain-A, position-134, res-ASN)
New vertex id: 133
1040 1041 1042 1043 1044 1045 1046 1047 
Adding vertex (chain-A, position-135, res-TRP)
New vertex id: 134
1048 1049 1050 1051 1052 1053 1054 1055 1056 1057 1058 1059 1060 1061 
Adding vertex (chain-A, position-136, res-PRO)
New vertex id: 135
1062 1063 1064 1065 1066 1067 1068 
Adding vertex (chain-A, position-137, res-GLN)
New vertex id: 136
1069 1070 1071 1072 1073 1074 1075 1076 1077 
Adding vertex (chain-A, position-138, res-THR)
New vertex id: 137
1078 1079 1080 1081 1082 1083 1084 
Adding vertex (chain-A, position-139, res-PRO)
New vertex id: 138
1085 1086 1087 1088 1089 1090 1091 
Adding vertex (chain-A, position-140, res-MET)
New vertex id: 139
1092 1093 1094 1095 1096 1097 1098 1099 
Adding vertex (chain-A, position-141, res-ASP)
New vertex id: 140
1100 1101 1102 1103 1104 1105 1106 1107 
Adding vertex (chain-A, position-142, res-HIS)
New vertex id: 141
1108 1109 1110 1111 1112 1113 1114 1115 1116 1117 
Adding vertex (chain-A, position-143, res-ASN)
New vertex id: 142
1118 1119 1120 1121 1122 1123 1124 1125 
Adding vertex (chain-A, position-144, res-PRO)
New vertex id: 143
1126 1127 1128 1129 1130 1131 1132 
Adding vertex (chain-A, position-145, res-THR)
New vertex id: 144
1133 1134 1135 1136 1137 1138 1139 
Adding vertex (chain-A, position-146, res-MET)
New vertex id: 145
1140 1141 1142 1143 1144 1145 1146 1147 
Adding vertex (chain-A, position-147, res-ASN)
New vertex id: 146
1148 1149 1150 1151 1152 1153 1154 1155 
Adding vertex (chain-A, position-148, res-LEU)
New vertex id: 147
1156 1157 1158 1159 1160 1161 1162 1163 
Adding vertex (chain-A, position-149, res-ILE)
New vertex id: 148
1164 1165 1166 1167 1168 1169 1170 1171 
Adding vertex (chain-A, position-150, res-THR)
New vertex id: 149
1172 1173 1174 1175 1176 1177 1178 
Adding vertex (chain-A, position-151, res-GLY)
New vertex id: 150
1179 1180 1181 1182 
Adding vertex (chain-A, position-152, res-VAL)
New vertex id: 151
1183 1184 1185 1186 1187 1188 1189 
Adding vertex (chain-A, position-153, res-PRO)
New vertex id: 152
1190 1191 1192 1193 1194 1195 1196 
Adding vertex (chain-A, position-154, res-ASN)
New vertex id: 153
1197 1198 1199 1200 1201 1202 1203 1204 
Adding vertex (chain-A, position-155, res-SER)
New vertex id: 154
1205 1206 1207 1208 1209 1210 
Adding vertex (chain-A, position-156, res-MET)
New vertex id: 155
1211 1212 1213 1214 1215 1216 1217 1218 
Adding vertex (chain-A, position-157, res-LEU)
New vertex id: 156
1219 1220 1221 1222 1223 1224 1225 1226 
Adding vertex (chain-A, position-158, res-ASN)
New vertex id: 157
1227 1228 1229 1230 1231 1232 1233 1234 
Adding vertex (chain-A, position-159, res-SER)
New vertex id: 158
1235 1236 1237 1238 1239 1240 
Adding vertex (chain-A, position-160, res-PRO)
New vertex id: 159
1241 1242 1243 1244 1245 1246 1247 
Adding vertex (chain-A, position-161, res-GLN)
New vertex id: 160
1248 1249 1250 1251 1252 1253 1254 1255 1256 
Adding vertex (chain-A, position-162, res-VAL)
New vertex id: 161
1257 1258 1259 1260 1261 1262 1263 
Adding vertex (chain-A, position-163, res-GLN)
New vertex id: 162
1264 1265 1266 1267 1268 1269 1270 1271 1272 
Adding vertex (chain-A, position-164, res-PRO)
New vertex id: 163
1273 1274 1275 1276 1277 1278 1279 
Adding vertex (chain-A, position-165, res-THR)
New vertex id: 164
1280 1281 1282 1283 1284 1285 1286 
Adding vertex (chain-A, position-166, res-LEU)
New vertex id: 165
1287 1288 1289 1290 1291 1292 1293 1294 
Adding vertex (chain-A, position-167, res-ARG)
New vertex id: 166
1295 1296 1297 1298 1299 1300 1301 1302 1303 1304 1305 
Adding vertex (chain-A, position-168, res-ARG)
New vertex id: 167
1306 1307 1308 1309 1310 1311 1312 1313 1314 1315 1316 
Adding vertex (chain-A, position-169, res-ASN)
New vertex id: 168
1317 1318 1319 1320 1321 1322 1323 1324 
Adding vertex (chain-A, position-170, res-GLN)
New vertex id: 169
1325 1326 1327 1328 1329 1330 1331 1332 1333 
Adding vertex (chain-A, position-171, res-GLU)
New vertex id: 170
1334 1335 1336 1337 1338 1339 1340 1341 1342 
Adding vertex (chain-A, position-172, res-GLN)
New vertex id: 171
1343 1344 1345 1346 1347 1348 1349 1350 1351 
Adding vertex (chain-A, position-173, res-LEU)
New vertex id: 172
1352 1353 1354 1355 1356 1357 1358 1359 
Adding vertex (chain-A, position-174, res-TYR)
New vertex id: 173
1360 1361 1362 1363 1364 1365 1366 1367 1368 1369 1370 1371 
Adding vertex (chain-A, position-175, res-SER)
New vertex id: 174
1372 1373 1374 1375 1376 1377 
Adding vertex (chain-A, position-176, res-PHE)
New vertex id: 175
1378 1379 1380 1381 1382 1383 1384 1385 1386 1387 1388 
Adding vertex (chain-A, position-177, res-LEU)
New vertex id: 176
1389 1390 1391 1392 1393 1394 1395 1396 
Adding vertex (chain-A, position-178, res-GLU)
New vertex id: 177
1397 1398 1399 1400 1401 1402 1403 1404 1405 
Adding vertex (chain-A, position-179, res-ARG)
New vertex id: 178
1406 1407 1408 1409 1410 1411 1412 1413 1414 1415 1416 
Adding vertex (chain-A, position-180, res-HIS)
New vertex id: 179
1417 1418 1419 1420 1421 1422 1423 1424 1425 1426 
Adding vertex (chain-A, position-181, res-SER)
New vertex id: 180
1427 1428 1429 1430 1431 1432 
Adding vertex (chain-A, position-182, res-PRO)
New vertex id: 181
1433 1434 1435 1436 1437 1438 1439 
Adding vertex (chain-A, position-183, res-TYR)
New vertex id: 182
1440 1441 1442 1443 1444 1445 1446 1447 1448 1449 1450 1451 
Adding vertex (chain-A, position-184, res-PHE)
New vertex id: 183
1452 1453 1454 1455 1456 1457 1458 1459 1460 1461 1462 
Adding vertex (chain-A, position-185, res-ARG)
New vertex id: 184
1463 1464 1465 1466 1467 1468 1469 1470 1471 1472 1473 
Adding vertex (chain-A, position-186, res-SER)
New vertex id: 185
1474 1475 1476 1477 1478 1479 
Adding vertex (chain-A, position-187, res-HIS)
New vertex id: 186
1480 1481 1482 1483 1484 1485 1486 1487 1488 1489 
Adding vertex (chain-A, position-188, res-SER)
New vertex id: 187
1490 1491 1492 1493 1494 1495 
Adding vertex (chain-A, position-189, res-ALA)
New vertex id: 188
1496 1497 1498 1499 1500 
Adding vertex (chain-A, position-190, res-GLN)
New vertex id: 189
1501 1502 1503 1504 1505 1506 1507 1508 1509 
Adding vertex (chain-A, position-191, res-ILE)
New vertex id: 190
1510 1511 1512 1513 1514 1515 1516 1517 
Adding vertex (chain-A, position-192, res-ARG)
New vertex id: 191
1518 1519 1520 1521 1522 1523 1524 1525 1526 1527 1528 
Adding vertex (chain-A, position-193, res-SER)
New vertex id: 192
1529 1530 1531 1532 1533 1534 
Adding vertex (chain-A, position-194, res-ALA)
New vertex id: 193
1535 1536 1537 1538 1539 
Adding vertex (chain-A, position-195, res-THR)
New vertex id: 194
1540 1541 1542 1543 1544 1545 1546 
Adding vertex (chain-A, position-196, res-SER)
New vertex id: 195
1547 1548 1549 1550 1551 1552 
Adding vertex (chain-A, position-197, res-PHE)
New vertex id: 196
1553 1554 1555 1556 1557 1558 1559 1560 1561 1562 1563 
Adding vertex (chain-A, position-198, res-CYS)
New vertex id: 197
1564 1565 1566 1567 1568 1569 
Adding vertex (chain-A, position-199, res-HIS)
New vertex id: 198
1570 1571 1572 1573 1574 1575 1576 1577 1578 1579 
Adding vertex (chain-A, position-200, res-LEU)
New vertex id: 199
1580 1581 1582 1583 1584 1585 1586 1587 
Adding vertex (chain-A, position-201, res-LYS)
New vertex id: 200
1588 1589 1590 1591 1592 1593 1594 1595 1596 
Adding vertex (chain-A, position-202, res-ASN)
New vertex id: 201
1597 1598 1599 1600 1601 1602 1603 1604 
Adding vertex (chain-A, position-203, res-MET)
New vertex id: 202
1605 1606 1607 1608 1609 1610 1611 1612 1613 
Graph DONE

( reduce -FLIPs 1NLN.pdb > 1NLN.H.pdb ) >& /dev/null
Reduce (-FLIPs) returned 0
( bndlst -Radius0.3 1NLN.H.pdb > 1NLN.H.bndlst ) >& /dev/null
BndLst returned 0
Parsing 1NLN.H.bndlst

bndlst START
Adding bndlst edge: (A_G1_MC -> A_S2_MC) type[cov], weight[1.00] from 0 to 1 dist[1.35]
Adding bndlst edge: (A_G1_MC -> A_A194_MC) type[hb], weight[1.22] from 0 to 193 dist[1.81]
Adding bndlst edge: (A_S2_MC -> A_S3_MC) type[cov], weight[1.00] from 1 to 2 dist[1.34]
Adding bndlst edge: (A_S2_MC -> A_W54_SC) type[hb], weight[0.88] from 1 to 53 dist[2.13]
Adding bndlst edge: (A_S2_SC -> A_E6_SC) type[hb], weight[1.45] from 1 to 5 dist[1.66]
Adding bndlst edge: (A_S3_MC -> A_E4_MC) type[cov], weight[1.00] from 2 to 3 dist[1.33]
Adding bndlst edge: (A_S3_MC -> A_L7_MC) type[hb], weight[0.89] from 2 to 6 dist[2.12]
Adding bndlst edge: (A_S3_MC -> A_E6_MC) type[hb], weight[0.62] from 2 to 5 dist[2.55]
Adding bndlst edge: (A_S3_SC -> A_E6_MC) type[hb], weight[0.88] from 2 to 5 dist[2.13]
Adding bndlst edge: (A_S3_SC -> A_Q5_MC) type[hb], weight[0.45] from 2 to 4 dist[2.98]
Adding bndlst edge: (A_E4_MC -> A_Q5_MC) type[cov], weight[1.00] from 3 to 4 dist[1.33]
Adding bndlst edge: (A_E4_MC -> A_L7_MC) type[hb], weight[0.55] from 3 to 6 dist[2.71]
Adding bndlst edge: (A_E4_MC -> A_K8_MC) type[hb], weight[1.21] from 3 to 7 dist[1.82]
Adding bndlst edge: (A_E4_SC -> A_R47_SC) type[salt], weight[1.20] from 3 to 46 dist[1.74]
Adding bndlst edge: (A_E4_SC -> A_T23_SC) type[cov], weight[1.00] from 3 to 22 dist[1.63]
Adding bndlst edge: (A_E4_SC -> A_R47_SC) type[salt], weight[1.05] from 3 to 46 dist[1.86]
Adding bndlst edge: (A_E4_SC -> A_R47_SC) type[salt], weight[0.53] from 3 to 46 dist[2.61]
Adding bndlst edge: (A_Q5_MC -> A_E6_MC) type[cov], weight[1.00] from 4 to 5 dist[1.34]
Adding bndlst edge: (A_Q5_MC -> A_A9_MC) type[hb], weight[0.86] from 4 to 8 dist[2.15]
Adding bndlst edge: (A_Q5_MC -> A_K8_MC) type[hb], weight[0.46] from 4 to 7 dist[2.96]
Adding bndlst edge: (A_E6_MC -> A_L7_MC) type[cov], weight[1.00] from 5 to 6 dist[1.32]
Adding bndlst edge: (A_E6_MC -> A_I10_MC) type[hb], weight[0.90] from 5 to 9 dist[2.10]
Adding bndlst edge: (A_E6_MC -> A_A9_MC) type[hb], weight[0.51] from 5 to 8 dist[2.79]
Adding bndlst edge: (A_L7_MC -> A_K8_MC) type[cov], weight[1.00] from 6 to 7 dist[1.32]
Adding bndlst edge: (A_L7_MC -> A_I10_MC) type[hb], weight[0.54] from 6 to 9 dist[2.71]
Adding bndlst edge: (A_L7_MC -> A_V11_MC) type[hb], weight[1.16] from 6 to 10 dist[1.86]
Adding bndlst edge: (A_K8_MC -> A_A9_MC) type[cov], weight[1.00] from 7 to 8 dist[1.36]
Adding bndlst edge: (A_K8_MC -> A_K12_MC) type[hb], weight[0.84] from 7 to 11 dist[2.18]
Adding bndlst edge: (A_A9_MC -> A_I10_MC) type[cov], weight[1.00] from 8 to 9 dist[1.35]
Adding bndlst edge: (A_A9_MC -> A_D13_MC) type[hb], weight[0.94] from 8 to 12 dist[2.07]
Adding bndlst edge: (A_A9_MC -> A_K12_MC) type[hb], weight[0.50] from 8 to 11 dist[2.83]
Adding bndlst edge: (A_I10_MC -> A_V11_MC) type[cov], weight[1.00] from 9 to 10 dist[1.33]
Adding bndlst edge: (A_I10_MC -> A_L14_MC) type[hb], weight[0.90] from 9 to 13 dist[2.11]
Adding bndlst edge: (A_I10_MC -> A_D13_MC) type[hb], weight[0.60] from 9 to 12 dist[2.58]
Adding bndlst edge: (A_V11_MC -> A_K12_MC) type[cov], weight[1.00] from 10 to 11 dist[1.35]
Adding bndlst edge: (A_V11_MC -> A_C16_MC) type[hb], weight[0.80] from 10 to 15 dist[2.23]
Adding bndlst edge: (A_V11_MC -> A_L14_MC) type[hb], weight[0.59] from 10 to 13 dist[2.60]
Adding bndlst edge: (A_K12_MC -> A_D13_MC) type[cov], weight[1.00] from 11 to 12 dist[1.34]
Adding bndlst edge: (A_K12_MC -> A_G15_MC) type[hb], weight[0.90] from 11 to 14 dist[2.10]
Adding bndlst edge: (A_D13_MC -> A_L14_MC) type[cov], weight[1.00] from 12 to 13 dist[1.32]
Adding bndlst edge: (A_D13_MC -> A_G15_MC) type[hb], weight[0.46] from 12 to 14 dist[2.93]
Adding bndlst edge: (A_D13_SC -> A_Y183_MC) type[hb], weight[1.14] from 12 to 182 dist[1.88]
Adding bndlst edge: (A_D13_SC -> A_S181_SC) type[hb], weight[1.34] from 12 to 180 dist[1.73]
Adding bndlst edge: (A_L14_MC -> A_G15_MC) type[cov], weight[1.00] from 13 to 14 dist[1.35]
Adding bndlst edge: (A_L14_MC -> A_H130_SC) type[hb], weight[0.77] from 13 to 129 dist[2.28]
Adding bndlst edge: (A_G15_MC -> A_C16_MC) type[cov], weight[1.00] from 14 to 15 dist[1.34]
Adding bndlst edge: (A_C16_MC -> A_G17_MC) type[cov], weight[1.00] from 15 to 16 dist[1.32]
Adding bndlst edge: (A_C16_MC -> A_Y19_MC) type[hb], weight[0.99] from 15 to 18 dist[2.01]
Adding bndlst edge: (A_C16_MC -> A_F20_MC) type[hb], weight[0.67] from 15 to 19 dist[2.44]
Adding bndlst edge: (A_C16_SC -> A_L129_MC) type[hb], weight[0.79] from 15 to 128 dist[2.24]
Adding bndlst edge: (A_G17_MC -> A_P18_MC) type[cov], weight[1.00] from 16 to 17 dist[1.34]
Adding bndlst edge: (A_G17_MC -> A_Y19_MC) type[hb], weight[0.47] from 16 to 18 dist[2.92]
Adding bndlst edge: (A_G17_MC -> A_F20_MC) type[hb], weight[0.71] from 16 to 19 dist[2.38]
Adding bndlst edge: (A_P18_MC -> A_Y19_MC) type[cov], weight[1.00] from 17 to 18 dist[1.33]
Adding bndlst edge: (A_P18_MC -> A_K36_SC) type[hb], weight[0.47] from 17 to 35 dist[2.90]
Adding bndlst edge: (A_Y19_MC -> A_F20_MC) type[cov], weight[1.00] from 18 to 19 dist[1.33]
Adding bndlst edge: (A_Y19_MC -> A_C39_MC) type[hb], weight[0.86] from 18 to 38 dist[2.15]
Adding bndlst edge: (A_F20_MC -> A_L21_MC) type[cov], weight[1.00] from 19 to 20 dist[1.33]
Adding bndlst edge: (A_F20_SC -> A_G22_MC) type[hb], weight[0.43] from 19 to 21 dist[3.04]
Adding bndlst edge: (A_F20_SC -> A_G22_MC) type[hb], weight[0.45] from 19 to 21 dist[3.00]
Adding bndlst edge: (A_F20_SC -> A_G22_MC) type[hb], weight[0.40] from 19 to 21 dist[3.18]
Adding bndlst edge: (A_F20_SC -> A_I41_MC) type[hb], weight[0.38] from 19 to 40 dist[3.24]
Adding bndlst edge: (A_F20_SC -> A_G22_MC) type[hb], weight[0.41] from 19 to 21 dist[3.13]
Adding bndlst edge: (A_F20_SC -> A_G22_MC) type[hb], weight[0.36] from 19 to 21 dist[3.34]
Adding bndlst edge: (A_F20_SC -> A_G22_MC) type[hb], weight[0.36] from 19 to 21 dist[3.33]
Adding bndlst edge: (A_L21_MC -> A_G22_MC) type[cov], weight[1.00] from 20 to 21 dist[1.32]
Adding bndlst edge: (A_L21_MC -> A_C39_MC) type[hb], weight[1.12] from 20 to 38 dist[1.89]
Adding bndlst edge: (A_G22_MC -> A_T23_MC) type[cov], weight[1.00] from 21 to 22 dist[1.33]
Adding bndlst edge: (A_G22_MC -> A_I41_MC) type[hb], weight[0.79] from 21 to 40 dist[2.25]
Adding bndlst edge: (A_T23_MC -> A_Y24_MC) type[cov], weight[1.00] from 22 to 23 dist[1.33]
Adding bndlst edge: (A_T23_MC -> A_R47_SC) type[hb], weight[0.46] from 22 to 46 dist[2.95]
Adding bndlst edge: (A_T23_MC -> A_R47_SC) type[hb], weight[0.51] from 22 to 46 dist[2.79]
Adding bndlst edge: (A_Y24_MC -> A_D25_MC) type[cov], weight[1.00] from 23 to 24 dist[1.34]
Adding bndlst edge: (A_Y24_MC -> A_N43_MC) type[hb], weight[1.12] from 23 to 42 dist[1.89]
Adding bndlst edge: (A_Y24_MC -> A_I41_MC) type[hb], weight[1.04] from 23 to 40 dist[1.96]
Adding bndlst edge: (A_D25_MC -> A_K26_MC) type[cov], weight[1.00] from 24 to 25 dist[1.32]
Adding bndlst edge: (A_D25_MC -> A_F28_MC) type[hb], weight[0.84] from 24 to 27 dist[2.19]
Adding bndlst edge: (A_D25_MC -> A_R27_MC) type[hb], weight[0.54] from 24 to 26 dist[2.73]
Adding bndlst edge: (A_D25_SC -> A_R27_MC) type[hb], weight[1.12] from 24 to 26 dist[1.89]
Adding bndlst edge: (A_D25_SC -> A_R47_MC) type[hb], weight[1.08] from 24 to 46 dist[1.93]
Adding bndlst edge: (A_D25_SC -> A_R27_SC) type[salt], weight[0.42] from 24 to 26 dist[2.92]
Adding bndlst edge: (A_D25_SC -> A_R27_SC) type[salt], weight[0.71] from 24 to 26 dist[2.25]
Adding bndlst edge: (A_K26_MC -> A_R27_MC) type[cov], weight[1.00] from 25 to 26 dist[1.34]
Adding bndlst edge: (A_K26_MC -> A_A45_MC) type[hb], weight[0.88] from 25 to 44 dist[2.13]
Adding bndlst edge: (A_K26_SC -> A_Q84_MC) type[hb], weight[0.91] from 25 to 83 dist[2.09]
Adding bndlst edge: (A_R27_MC -> A_F28_MC) type[cov], weight[1.00] from 26 to 27 dist[1.31]
Adding bndlst edge: (A_R27_SC -> A_E48_SC) type[salt], weight[0.49] from 26 to 47 dist[2.70]
Adding bndlst edge: (A_R27_SC -> A_E48_SC) type[salt], weight[0.95] from 26 to 47 dist[1.95]
Adding bndlst edge: (A_F28_MC -> A_P29_MC) type[cov], weight[1.00] from 27 to 28 dist[1.34]
Adding bndlst edge: (A_F28_SC -> A_G30_MC) type[hb], weight[0.42] from 27 to 29 dist[3.10]
Adding bndlst edge: (A_F28_SC -> A_G30_MC) type[hb], weight[0.43] from 27 to 29 dist[3.06]
Adding bndlst edge: (A_F28_SC -> A_G30_MC) type[hb], weight[0.39] from 27 to 29 dist[3.21]
Adding bndlst edge: (A_F28_SC -> A_G30_MC) type[hb], weight[0.43] from 27 to 29 dist[3.06]
Adding bndlst edge: (A_F28_SC -> A_G30_MC) type[hb], weight[0.39] from 27 to 29 dist[3.19]
Adding bndlst edge: (A_F28_SC -> A_G30_MC) type[hb], weight[0.41] from 27 to 29 dist[3.12]
Adding bndlst edge: (A_P29_MC -> A_G30_MC) type[cov], weight[1.00] from 28 to 29 dist[1.32]
Adding bndlst edge: (A_P29_MC -> A_R93_SC) type[hb], weight[0.81] from 28 to 92 dist[2.22]
Adding bndlst edge: (A_G30_MC -> A_F31_MC) type[cov], weight[1.00] from 29 to 30 dist[1.32]
Adding bndlst edge: (A_F31_MC -> A_V32_MC) type[cov], weight[1.00] from 30 to 31 dist[1.32]
Adding bndlst edge: (A_F31_MC -> A_S98_SC) type[hb], weight[1.01] from 30 to 97 dist[1.99]
Adding bndlst edge: (A_F31_MC -> A_S94_SC) type[hb], weight[1.21] from 30 to 93 dist[1.82]
Adding bndlst edge: (A_V32_MC -> A_S33_MC) type[cov], weight[1.00] from 31 to 32 dist[1.34]
Adding bndlst edge: (A_S33_MC -> A_P34_MC) type[cov], weight[1.00] from 32 to 33 dist[1.35]
Adding bndlst edge: (A_S33_MC -> A_K36_MC) type[hb], weight[0.57] from 32 to 35 dist[2.66]
Adding bndlst edge: (A_S33_MC -> A_H35_MC) type[hb], weight[0.45] from 32 to 34 dist[2.99]
Adding bndlst edge: (A_S33_MC -> A_W59_SC) type[hb], weight[1.10] from 32 to 58 dist[1.91]
Adding bndlst edge: (A_S33_SC -> A_K36_MC) type[hb], weight[0.45] from 32 to 35 dist[2.98]
Adding bndlst edge: (A_S33_MC -> A_S98_SC) type[hb], weight[1.07] from 32 to 97 dist[1.93]
Adding bndlst edge: (A_S33_SC -> A_K36_MC) type[hb], weight[1.30] from 32 to 35 dist[1.75]
Adding bndlst edge: (A_P34_MC -> A_H35_MC) type[cov], weight[1.00] from 33 to 34 dist[1.33]
Adding bndlst edge: (A_P34_MC -> A_K64_SC) type[hb], weight[0.50] from 33 to 63 dist[2.83]
Adding bndlst edge: (A_P34_MC -> A_K64_SC) type[hb], weight[0.62] from 33 to 63 dist[2.54]
Adding bndlst edge: (A_H35_MC -> A_K36_MC) type[cov], weight[1.00] from 34 to 35 dist[1.33]
Adding bndlst edge: (A_K36_MC -> A_L37_MC) type[cov], weight[1.00] from 35 to 36 dist[1.34]
Adding bndlst edge: (A_L37_MC -> A_A38_MC) type[cov], weight[1.00] from 36 to 37 dist[1.34]
Adding bndlst edge: (A_A38_MC -> A_C39_MC) type[cov], weight[1.00] from 37 to 38 dist[1.32]
Adding bndlst edge: (A_A38_MC -> A_W59_MC) type[hb], weight[1.11] from 37 to 58 dist[1.90]
Adding bndlst edge: (A_A38_MC -> A_W59_MC) type[hb], weight[0.80] from 37 to 58 dist[2.24]
Adding bndlst edge: (A_C39_MC -> A_A40_MC) type[cov], weight[1.00] from 38 to 39 dist[1.33]
Adding bndlst edge: (A_A40_MC -> A_I41_MC) type[cov], weight[1.00] from 39 to 40 dist[1.32]
Adding bndlst edge: (A_A40_MC -> A_F57_MC) type[hb], weight[0.99] from 39 to 56 dist[2.01]
Adding bndlst edge: (A_A40_MC -> A_F57_MC) type[hb], weight[1.06] from 39 to 56 dist[1.94]
Adding bndlst edge: (A_I41_MC -> A_V42_MC) type[cov], weight[1.00] from 40 to 41 dist[1.33]
Adding bndlst edge: (A_V42_MC -> A_N43_MC) type[cov], weight[1.00] from 41 to 42 dist[1.33]
Adding bndlst edge: (A_V42_MC -> A_M55_MC) type[hb], weight[0.96] from 41 to 54 dist[2.04]
Adding bndlst edge: (A_V42_MC -> A_M55_MC) type[hb], weight[1.16] from 41 to 54 dist[1.86]
Adding bndlst edge: (A_N43_MC -> A_T44_MC) type[cov], weight[1.00] from 42 to 43 dist[1.33]
Adding bndlst edge: (A_N43_SC -> A_H53_MC) type[hb], weight[0.75] from 42 to 52 dist[2.31]
Adding bndlst edge: (A_N43_SC -> A_T44_MC) type[hb], weight[0.51] from 42 to 43 dist[2.81]
Adding bndlst edge: (A_N43_SC -> A_A45_MC) type[hb], weight[0.91] from 42 to 44 dist[2.10]
Adding bndlst edge: (A_N43_SC -> A_V52_MC) type[hb], weight[1.15] from 42 to 51 dist[1.86]
Adding bndlst edge: (A_N43_SC -> A_W54_SC) type[hb], weight[0.54] from 42 to 53 dist[2.73]
Adding bndlst edge: (A_N43_SC -> A_W54_SC) type[hb], weight[0.57] from 42 to 53 dist[2.65]
Adding bndlst edge: (A_N43_SC -> A_W54_SC) type[hb], weight[0.51] from 42 to 53 dist[2.79]
Adding bndlst edge: (A_N43_SC -> A_W54_SC) type[hb], weight[0.49] from 42 to 53 dist[2.86]
Adding bndlst edge: (A_N43_SC -> A_W54_SC) type[hb], weight[0.49] from 42 to 53 dist[2.85]
Adding bndlst edge: (A_N43_SC -> A_W54_SC) type[hb], weight[0.58] from 42 to 53 dist[2.62]
Adding bndlst edge: (A_T44_MC -> A_A45_MC) type[cov], weight[1.00] from 43 to 44 dist[1.33]
Adding bndlst edge: (A_T44_SC -> A_H53_MC) type[hb], weight[0.45] from 43 to 52 dist[2.98]
Adding bndlst edge: (A_T44_MC -> A_H53_MC) type[hb], weight[1.00] from 43 to 52 dist[2.00]
Adding bndlst edge: (A_T44_SC -> A_Y83_SC) type[hb], weight[0.48] from 43 to 82 dist[2.87]
Adding bndlst edge: (A_T44_SC -> A_Y83_SC) type[hb], weight[0.38] from 43 to 82 dist[3.26]
Adding bndlst edge: (A_A45_MC -> A_G46_MC) type[cov], weight[1.00] from 44 to 45 dist[1.34]
Adding bndlst edge: (A_G46_MC -> A_R47_MC) type[cov], weight[1.00] from 45 to 46 dist[1.32]
Adding bndlst edge: (A_G46_MC -> A_G50_MC) type[hb], weight[0.60] from 45 to 49 dist[2.59]
Adding bndlst edge: (A_G46_MC -> A_T49_MC) type[hb], weight[0.66] from 45 to 48 dist[2.46]
Adding bndlst edge: (A_R47_MC -> A_E48_MC) type[cov], weight[1.00] from 46 to 47 dist[1.32]
Adding bndlst edge: (A_R47_MC -> A_G50_MC) type[hb], weight[0.65] from 46 to 49 dist[2.48]
Adding bndlst edge: (A_E48_MC -> A_T49_MC) type[cov], weight[1.00] from 47 to 48 dist[1.29]
Adding bndlst edge: (A_T49_MC -> A_G50_MC) type[cov], weight[1.00] from 48 to 49 dist[1.31]
Adding bndlst edge: (A_G50_MC -> A_G51_MC) type[cov], weight[1.00] from 49 to 50 dist[1.29]
Adding bndlst edge: (A_G51_MC -> A_V52_MC) type[cov], weight[1.00] from 50 to 51 dist[1.34]
Adding bndlst edge: (A_V52_MC -> A_H53_MC) type[cov], weight[1.00] from 51 to 52 dist[1.34]
Adding bndlst edge: (A_H53_MC -> A_W54_MC) type[cov], weight[1.00] from 52 to 53 dist[1.35]
Adding bndlst edge: (A_H53_SC -> A_C121_SC) type[hb], weight[0.46] from 52 to 120 dist[2.96]
Adding bndlst edge: (A_H53_SC -> A_Q114_SC) type[hb], weight[0.50] from 52 to 113 dist[2.84]
Adding bndlst edge: (A_H53_SC -> A_F72_SC) type[hb], weight[0.41] from 52 to 71 dist[3.13]
Adding bndlst edge: (A_H53_SC -> A_F72_SC) type[hb], weight[0.39] from 52 to 71 dist[3.21]
Adding bndlst edge: (A_W54_MC -> A_M55_MC) type[cov], weight[1.00] from 53 to 54 dist[1.32]
Adding bndlst edge: (A_W54_MC -> A_C121_SC) type[hb], weight[0.59] from 53 to 120 dist[2.60]
Adding bndlst edge: (A_M55_MC -> A_A56_MC) type[cov], weight[1.00] from 54 to 55 dist[1.34]
Adding bndlst edge: (A_A56_MC -> A_F57_MC) type[cov], weight[1.00] from 55 to 56 dist[1.33]
Adding bndlst edge: (A_A56_MC -> A_F69_MC) type[hb], weight[1.14] from 55 to 68 dist[1.87]
Adding bndlst edge: (A_A56_MC -> A_F69_MC) type[hb], weight[1.10] from 55 to 68 dist[1.91]
Adding bndlst edge: (A_F57_MC -> A_A58_MC) type[cov], weight[1.00] from 56 to 57 dist[1.32]
Adding bndlst edge: (A_A58_MC -> A_W59_MC) type[cov], weight[1.00] from 57 to 58 dist[1.33]
Adding bndlst edge: (A_A58_MC -> A_Y67_MC) type[hb], weight[1.21] from 57 to 66 dist[1.82]
Adding bndlst edge: (A_A58_MC -> A_Y67_MC) type[hb], weight[0.93] from 57 to 66 dist[2.08]
Adding bndlst edge: (A_W59_MC -> A_N60_MC) type[cov], weight[1.00] from 58 to 59 dist[1.35]
Adding bndlst edge: (A_W59_MC -> A_F132_SC) type[hb], weight[0.40] from 58 to 131 dist[3.15]
Adding bndlst edge: (A_N60_MC -> A_P61_MC) type[cov], weight[1.00] from 59 to 60 dist[1.35]
Adding bndlst edge: (A_N60_MC -> A_S63_MC) type[hb], weight[0.45] from 59 to 62 dist[2.97]
Adding bndlst edge: (A_N60_MC -> A_T65_MC) type[hb], weight[0.75] from 59 to 64 dist[2.30]
Adding bndlst edge: (A_N60_MC -> A_K64_MC) type[hb], weight[0.78] from 59 to 63 dist[2.27]
Adding bndlst edge: (A_N60_SC -> A_S63_MC) type[hb], weight[0.72] from 59 to 62 dist[2.35]
Adding bndlst edge: (A_N60_SC -> A_R62_MC) type[hb], weight[1.01] from 59 to 61 dist[1.99]
Adding bndlst edge: (A_N60_MC -> A_T65_MC) type[hb], weight[1.13] from 59 to 64 dist[1.89]
Adding bndlst edge: (A_N60_SC -> A_P136_MC) type[hb], weight[0.91] from 59 to 135 dist[2.09]
Adding bndlst edge: (A_P61_MC -> A_R62_MC) type[cov], weight[1.00] from 60 to 61 dist[1.32]
Adding bndlst edge: (A_P61_MC -> A_K64_SC) type[hb], weight[0.86] from 60 to 63 dist[2.15]
Adding bndlst edge: (A_R62_MC -> A_S63_MC) type[cov], weight[1.00] from 61 to 62 dist[1.36]
Adding bndlst edge: (A_S63_MC -> A_K64_MC) type[cov], weight[1.00] from 62 to 63 dist[1.31]
Adding bndlst edge: (A_S63_SC -> A_T65_SC) type[hb], weight[0.93] from 62 to 64 dist[2.07]
Adding bndlst edge: (A_S63_SC -> A_T65_MC) type[hb], weight[0.45] from 62 to 64 dist[2.97]
Adding bndlst edge: (A_S63_SC -> A_T65_SC) type[hb], weight[0.48] from 62 to 64 dist[2.89]
Adding bndlst edge: (A_K64_MC -> A_T65_MC) type[cov], weight[1.00] from 63 to 64 dist[1.33]
Adding bndlst edge: (A_K64_MC -> A_T105_MC) type[hb], weight[1.07] from 63 to 104 dist[1.93]
Adding bndlst edge: (A_K64_SC -> A_S98_MC) type[hb], weight[1.03] from 63 to 97 dist[1.97]
Adding bndlst edge: (A_T65_MC -> A_C66_MC) type[cov], weight[1.00] from 64 to 65 dist[1.34]
Adding bndlst edge: (A_C66_MC -> A_Y67_MC) type[cov], weight[1.00] from 65 to 66 dist[1.33]
Adding bndlst edge: (A_C66_MC -> A_E107_MC) type[hb], weight[0.99] from 65 to 106 dist[2.01]
Adding bndlst edge: (A_C66_MC -> A_T105_MC) type[hb], weight[1.10] from 65 to 104 dist[1.90]
Adding bndlst edge: (A_Y67_MC -> A_L68_MC) type[cov], weight[1.00] from 66 to 67 dist[1.33]
Adding bndlst edge: (A_Y67_SC -> A_P136_MC) type[hb], weight[0.92] from 66 to 135 dist[2.08]
Adding bndlst edge: (A_L68_MC -> A_F69_MC) type[cov], weight[1.00] from 67 to 68 dist[1.30]
Adding bndlst edge: (A_L68_MC -> A_S109_MC) type[hb], weight[0.96] from 67 to 108 dist[2.04]
Adding bndlst edge: (A_L68_MC -> A_E107_MC) type[hb], weight[1.00] from 67 to 106 dist[2.00]
Adding bndlst edge: (A_F69_MC -> A_E70_MC) type[cov], weight[1.00] from 68 to 69 dist[1.32]
Adding bndlst edge: (A_E70_MC -> A_P71_MC) type[cov], weight[1.00] from 69 to 70 dist[1.33]
Adding bndlst edge: (A_E70_MC -> A_G73_MC) type[hb], weight[1.04] from 69 to 72 dist[1.96]
Adding bndlst edge: (A_E70_MC -> A_F72_MC) type[hb], weight[0.45] from 69 to 71 dist[2.97]
Adding bndlst edge: (A_E70_SC -> A_F74_MC) type[hb], weight[1.00] from 69 to 73 dist[2.00]
Adding bndlst edge: (A_E70_SC -> A_G73_MC) type[hb], weight[0.57] from 69 to 72 dist[2.65]
Adding bndlst edge: (A_E70_SC -> A_F72_MC) type[hb], weight[1.19] from 69 to 71 dist[1.83]
Adding bndlst edge: (A_P71_MC -> A_F72_MC) type[cov], weight[1.00] from 70 to 71 dist[1.34]
Adding bndlst edge: (A_P71_MC -> A_V113_MC) type[hb], weight[1.07] from 70 to 112 dist[1.94]
Adding bndlst edge: (A_P71_MC -> A_Q114_MC) type[hb], weight[0.56] from 70 to 113 dist[2.67]
Adding bndlst edge: (A_F72_MC -> A_G73_MC) type[cov], weight[1.00] from 71 to 72 dist[1.34]
Adding bndlst edge: (A_F72_MC -> A_N154_SC) type[hb], weight[1.14] from 71 to 153 dist[1.88]
Adding bndlst edge: (A_F72_MC -> A_S112_SC) type[hb], weight[1.44] from 71 to 111 dist[1.67]
Adding bndlst edge: (A_G73_MC -> A_F74_MC) type[cov], weight[1.00] from 72 to 73 dist[1.35]
Adding bndlst edge: (A_F74_MC -> A_S75_MC) type[cov], weight[1.00] from 73 to 74 dist[1.35]
Adding bndlst edge: (A_F74_MC -> A_K108_SC) type[hb], weight[1.07] from 73 to 107 dist[1.93]
Adding bndlst edge: (A_F74_SC -> A_N154_SC) type[hb], weight[0.46] from 73 to 153 dist[2.94]
Adding bndlst edge: (A_F74_SC -> A_N154_SC) type[hb], weight[0.80] from 73 to 153 dist[2.23]
Adding bndlst edge: (A_F74_SC -> A_N154_SC) type[hb], weight[0.65] from 73 to 153 dist[2.48]
Adding bndlst edge: (A_F74_SC -> A_N154_SC) type[hb], weight[0.37] from 73 to 153 dist[3.31]
Adding bndlst edge: (A_S75_MC -> A_D76_MC) type[cov], weight[1.00] from 74 to 75 dist[1.35]
Adding bndlst edge: (A_S75_MC -> A_L79_MC) type[hb], weight[1.04] from 74 to 78 dist[1.97]
Adding bndlst edge: (A_S75_MC -> A_R78_MC) type[hb], weight[0.58] from 74 to 77 dist[2.63]
Adding bndlst edge: (A_S75_SC -> A_R78_MC) type[hb], weight[0.99] from 74 to 77 dist[2.01]
Adding bndlst edge: (A_D76_MC -> A_Q77_MC) type[cov], weight[1.00] from 75 to 76 dist[1.33]
Adding bndlst edge: (A_D76_MC -> A_L79_MC) type[hb], weight[0.57] from 75 to 78 dist[2.66]
Adding bndlst edge: (A_D76_MC -> A_K80_MC) type[hb], weight[0.82] from 75 to 79 dist[2.21]
Adding bndlst edge: (A_D76_SC -> A_Y87_SC) type[hb], weight[0.51] from 75 to 86 dist[2.80]
Adding bndlst edge: (A_D76_SC -> A_K108_SC) type[salt], weight[1.06] from 75 to 107 dist[1.84]
Adding bndlst edge: (A_D76_SC -> A_Y87_SC) type[cov], weight[1.00] from 75 to 86 dist[1.63]
Adding bndlst edge: (A_Q77_MC -> A_R78_MC) type[cov], weight[1.00] from 76 to 77 dist[1.34]
Adding bndlst edge: (A_Q77_MC -> A_Q81_MC) type[hb], weight[1.16] from 76 to 80 dist[1.85]
Adding bndlst edge: (A_Q77_MC -> A_K80_MC) type[hb], weight[0.55] from 76 to 79 dist[2.69]
Adding bndlst edge: (A_Q77_SC -> A_Q81_SC) type[hb], weight[0.47] from 76 to 80 dist[2.90]
Adding bndlst edge: (A_R78_MC -> A_L79_MC) type[cov], weight[1.00] from 77 to 78 dist[1.35]
Adding bndlst edge: (A_R78_MC -> A_V82_MC) type[hb], weight[1.27] from 77 to 81 dist[1.77]
Adding bndlst edge: (A_R78_MC -> A_Q81_MC) type[hb], weight[0.47] from 77 to 80 dist[2.92]
Adding bndlst edge: (A_R78_SC -> A_Q81_SC) type[hb], weight[1.09] from 77 to 80 dist[1.91]
Adding bndlst edge: (A_L79_MC -> A_K80_MC) type[cov], weight[1.00] from 78 to 79 dist[1.32]
Adding bndlst edge: (A_L79_MC -> A_Y83_MC) type[hb], weight[1.01] from 78 to 82 dist[1.99]
Adding bndlst edge: (A_L79_MC -> A_F85_MC) type[hb], weight[0.79] from 78 to 84 dist[2.25]
Adding bndlst edge: (A_L79_MC -> A_Q84_MC) type[hb], weight[0.46] from 78 to 83 dist[2.96]
Adding bndlst edge: (A_K80_MC -> A_Q81_MC) type[cov], weight[1.00] from 79 to 80 dist[1.32]
Adding bndlst edge: (A_K80_MC -> A_Q84_MC) type[hb], weight[0.91] from 79 to 83 dist[2.10]
Adding bndlst edge: (A_Q81_MC -> A_V82_MC) type[cov], weight[1.00] from 80 to 81 dist[1.31]
Adding bndlst edge: (A_Q81_MC -> A_Q84_SC) type[hb], weight[0.48] from 80 to 83 dist[2.88]
Adding bndlst edge: (A_V82_MC -> A_Y83_MC) type[cov], weight[1.00] from 81 to 82 dist[1.36]
Adding bndlst edge: (A_Y83_MC -> A_Q84_MC) type[cov], weight[1.00] from 82 to 83 dist[1.29]
Adding bndlst edge: (A_Q84_MC -> A_F85_MC) type[cov], weight[1.00] from 83 to 84 dist[1.33]
Adding bndlst edge: (A_F85_MC -> A_E86_MC) type[cov], weight[1.00] from 84 to 85 dist[1.32]
Adding bndlst edge: (A_E86_MC -> A_Y87_MC) type[cov], weight[1.00] from 85 to 86 dist[1.33]
Adding bndlst edge: (A_Y87_MC -> A_E88_MC) type[cov], weight[1.00] from 86 to 87 dist[1.33]
Adding bndlst edge: (A_Y87_MC -> A_L91_MC) type[hb], weight[0.80] from 86 to 90 dist[2.23]
Adding bndlst edge: (A_Y87_MC -> A_L90_MC) type[hb], weight[0.49] from 86 to 89 dist[2.86]
Adding bndlst edge: (A_E88_MC -> A_S89_MC) type[cov], weight[1.00] from 87 to 88 dist[1.35]
Adding bndlst edge: (A_E88_MC -> A_R92_MC) type[hb], weight[1.01] from 87 to 91 dist[1.99]
Adding bndlst edge: (A_E88_MC -> A_L91_MC) type[hb], weight[0.61] from 87 to 90 dist[2.55]
Adding bndlst edge: (A_S89_MC -> A_L90_MC) type[cov], weight[1.00] from 88 to 89 dist[1.33]
Adding bndlst edge: (A_S89_MC -> A_R92_MC) type[hb], weight[0.51] from 88 to 91 dist[2.80]
Adding bndlst edge: (A_S89_MC -> A_R93_MC) type[hb], weight[1.04] from 88 to 92 dist[1.96]
Adding bndlst edge: (A_S89_SC -> A_R92_SC) type[hb], weight[0.76] from 88 to 91 dist[2.30]
Adding bndlst edge: (A_L90_MC -> A_L91_MC) type[cov], weight[1.00] from 89 to 90 dist[1.34]
Adding bndlst edge: (A_L90_MC -> A_S94_SC) type[hb], weight[1.16] from 89 to 93 dist[1.85]
Adding bndlst edge: (A_L90_MC -> A_S94_MC) type[hb], weight[0.97] from 89 to 93 dist[2.03]
Adding bndlst edge: (A_L91_MC -> A_R92_MC) type[cov], weight[1.00] from 90 to 91 dist[1.34]
Adding bndlst edge: (A_L91_MC -> A_A95_MC) type[hb], weight[0.95] from 90 to 94 dist[2.06]
Adding bndlst edge: (A_L91_MC -> A_S94_MC) type[hb], weight[0.52] from 90 to 93 dist[2.78]
Adding bndlst edge: (A_R92_MC -> A_R93_MC) type[cov], weight[1.00] from 91 to 92 dist[1.32]
Adding bndlst edge: (A_R92_MC -> A_A95_MC) type[hb], weight[0.57] from 91 to 94 dist[2.64]
Adding bndlst edge: (A_R92_MC -> A_I96_MC) type[hb], weight[0.97] from 91 to 95 dist[2.03]
Adding bndlst edge: (A_R93_MC -> A_S94_MC) type[cov], weight[1.00] from 92 to 93 dist[1.34]
Adding bndlst edge: (A_R93_MC -> A_A97_MC) type[hb], weight[0.94] from 92 to 96 dist[2.06]
Adding bndlst edge: (A_R93_MC -> A_I96_MC) type[hb], weight[0.46] from 92 to 95 dist[2.96]
Adding bndlst edge: (A_S94_MC -> A_A95_MC) type[cov], weight[1.00] from 93 to 94 dist[1.30]
Adding bndlst edge: (A_S94_MC -> A_S98_SC) type[hb], weight[0.56] from 93 to 97 dist[2.68]
Adding bndlst edge: (A_S94_MC -> A_S98_MC) type[hb], weight[0.99] from 93 to 97 dist[2.01]
Adding bndlst edge: (A_S94_MC -> A_A97_MC) type[hb], weight[0.45] from 93 to 96 dist[2.97]
Adding bndlst edge: (A_A95_MC -> A_I96_MC) type[cov], weight[1.00] from 94 to 95 dist[1.36]
Adding bndlst edge: (A_A95_MC -> A_S98_MC) type[hb], weight[0.49] from 94 to 97 dist[2.87]
Adding bndlst edge: (A_A95_MC -> A_S99_MC) type[hb], weight[0.87] from 94 to 98 dist[2.15]
Adding bndlst edge: (A_I96_MC -> A_A97_MC) type[cov], weight[1.00] from 95 to 96 dist[1.33]
Adding bndlst edge: (A_A97_MC -> A_S98_MC) type[cov], weight[1.00] from 96 to 97 dist[1.34]
Adding bndlst edge: (A_S98_MC -> A_S99_MC) type[cov], weight[1.00] from 97 to 98 dist[1.32]
Adding bndlst edge: (A_S99_MC -> A_P100_MC) type[cov], weight[1.00] from 98 to 99 dist[1.35]
Adding bndlst edge: (A_S99_MC -> A_R102_MC) type[hb], weight[1.27] from 98 to 101 dist[1.78]
Adding bndlst edge: (A_S99_SC -> A_C103_MC) type[hb], weight[0.53] from 98 to 102 dist[2.74]
Adding bndlst edge: (A_S99_SC -> A_D101_SC) type[hb], weight[1.34] from 98 to 100 dist[1.73]
Adding bndlst edge: (A_P100_MC -> A_D101_MC) type[cov], weight[1.00] from 99 to 100 dist[1.35]
Adding bndlst edge: (A_D101_MC -> A_R102_MC) type[cov], weight[1.00] from 100 to 101 dist[1.32]
Adding bndlst edge: (A_D101_MC -> A_C103_MC) type[hb], weight[0.45] from 100 to 102 dist[2.99]
Adding bndlst edge: (A_D101_MC -> A_C103_SC) type[hb], weight[0.90] from 100 to 102 dist[2.10]
Adding bndlst edge: (A_D101_SC -> A_C103_MC) type[hb], weight[1.15] from 100 to 102 dist[1.87]
Adding bndlst edge: (A_R102_MC -> A_C103_MC) type[cov], weight[1.00] from 101 to 102 dist[1.31]
Adding bndlst edge: (A_C103_MC -> A_I104_MC) type[cov], weight[1.00] from 102 to 103 dist[1.34]
Adding bndlst edge: (A_I104_MC -> A_T105_MC) type[cov], weight[1.00] from 103 to 104 dist[1.34]
Adding bndlst edge: (A_T105_MC -> A_L106_MC) type[cov], weight[1.00] from 104 to 105 dist[1.31]
Adding bndlst edge: (A_L106_MC -> A_E107_MC) type[cov], weight[1.00] from 105 to 106 dist[1.33]
Adding bndlst edge: (A_E107_MC -> A_K108_MC) type[cov], weight[1.00] from 106 to 107 dist[1.34]
Adding bndlst edge: (A_K108_MC -> A_S109_MC) type[cov], weight[1.00] from 107 to 108 dist[1.35]
Adding bndlst edge: (A_S109_MC -> A_T110_MC) type[cov], weight[1.00] from 108 to 109 dist[1.36]
Adding bndlst edge: (A_S109_SC -> A_Q111_MC) type[hb], weight[0.74] from 108 to 110 dist[2.32]
Adding bndlst edge: (A_S109_SC -> A_Q111_MC) type[hb], weight[0.48] from 108 to 110 dist[2.88]
Adding bndlst edge: (A_T110_MC -> A_Q111_MC) type[cov], weight[1.00] from 109 to 110 dist[1.34]
Adding bndlst edge: (A_Q111_MC -> A_S112_MC) type[cov], weight[1.00] from 110 to 111 dist[1.33]
Adding bndlst edge: (A_S112_MC -> A_V113_MC) type[cov], weight[1.00] from 111 to 112 dist[1.34]
Adding bndlst edge: (A_S112_MC -> A_V152_MC) type[hb], weight[0.99] from 111 to 151 dist[2.01]
Adding bndlst edge: (A_S112_SC -> A_N154_SC) type[hb], weight[0.46] from 111 to 153 dist[2.95]
Adding bndlst edge: (A_S112_MC -> A_V152_MC) type[hb], weight[1.14] from 111 to 151 dist[1.88]
Adding bndlst edge: (A_V113_MC -> A_Q114_MC) type[cov], weight[1.00] from 112 to 113 dist[1.35]
Adding bndlst edge: (A_V113_MC -> A_N169_SC) type[hb], weight[1.06] from 112 to 168 dist[1.95]
Adding bndlst edge: (A_Q114_MC -> A_G115_MC) type[cov], weight[1.00] from 113 to 114 dist[1.35]
Adding bndlst edge: (A_Q114_SC -> A_S118_MC) type[hb], weight[0.90] from 113 to 117 dist[2.10]
Adding bndlst edge: (A_G115_MC -> A_P116_MC) type[cov], weight[1.00] from 114 to 115 dist[1.35]
Adding bndlst edge: (A_G115_MC -> A_S118_MC) type[hb], weight[1.04] from 114 to 117 dist[1.96]
Adding bndlst edge: (A_P116_MC -> A_N117_MC) type[cov], weight[1.00] from 115 to 116 dist[1.33]
Adding bndlst edge: (A_N117_MC -> A_S118_MC) type[cov], weight[1.00] from 116 to 117 dist[1.33]
Adding bndlst edge: (A_N117_MC -> A_H199_MC) type[hb], weight[0.45] from 116 to 198 dist[2.99]
Adding bndlst edge: (A_N117_MC -> A_L200_MC) type[hb], weight[1.06] from 116 to 199 dist[1.95]
Adding bndlst edge: (A_S118_MC -> A_A119_MC) type[cov], weight[1.00] from 117 to 118 dist[1.36]
Adding bndlst edge: (A_S118_SC -> A_Q170_SC) type[hb], weight[0.51] from 117 to 169 dist[2.79]
Adding bndlst edge: (A_S118_SC -> A_A120_MC) type[hb], weight[0.81] from 117 to 119 dist[2.22]
Adding bndlst edge: (A_S118_SC -> A_A119_MC) type[hb], weight[0.47] from 117 to 118 dist[2.91]
Adding bndlst edge: (A_S118_SC -> A_Q170_SC) type[hb], weight[1.32] from 117 to 169 dist[1.74]
Adding bndlst edge: (A_A119_MC -> A_A120_MC) type[cov], weight[1.00] from 118 to 119 dist[1.35]
Adding bndlst edge: (A_A119_MC -> A_S196_MC) type[hb], weight[0.64] from 118 to 195 dist[2.49]
Adding bndlst edge: (A_A119_MC -> A_T195_MC) type[hb], weight[0.73] from 118 to 194 dist[2.34]
Adding bndlst edge: (A_A120_MC -> A_C121_MC) type[cov], weight[1.00] from 119 to 120 dist[1.33]
Adding bndlst edge: (A_A120_MC -> A_F124_MC) type[hb], weight[1.04] from 119 to 123 dist[1.96]
Adding bndlst edge: (A_A120_MC -> A_L123_MC) type[hb], weight[0.62] from 119 to 122 dist[2.54]
Adding bndlst edge: (A_C121_MC -> A_G122_MC) type[cov], weight[1.00] from 120 to 121 dist[1.31]
Adding bndlst edge: (A_C121_MC -> A_F124_MC) type[hb], weight[0.48] from 120 to 123 dist[2.88]
Adding bndlst edge: (A_C121_MC -> A_C125_SC) type[hb], weight[0.80] from 120 to 124 dist[2.24]
Adding bndlst edge: (A_C121_MC -> A_C125_MC) type[hb], weight[0.92] from 120 to 124 dist[2.08]
Adding bndlst edge: (A_C121_SC -> A_G122_MC) type[hb], weight[0.48] from 120 to 121 dist[2.88]
Adding bndlst edge: (A_G122_MC -> A_L123_MC) type[cov], weight[1.00] from 121 to 122 dist[1.37]
Adding bndlst edge: (A_G122_MC -> A_C126_MC) type[hb], weight[0.89] from 121 to 125 dist[2.12]
Adding bndlst edge: (A_G122_MC -> A_C125_MC) type[hb], weight[0.54] from 121 to 124 dist[2.72]
Adding bndlst edge: (A_L123_MC -> A_F124_MC) type[cov], weight[1.00] from 122 to 123 dist[1.33]
Adding bndlst edge: (A_L123_MC -> A_M127_MC) type[hb], weight[0.94] from 122 to 126 dist[2.06]
Adding bndlst edge: (A_L123_MC -> A_C126_MC) type[hb], weight[0.64] from 122 to 125 dist[2.50]
Adding bndlst edge: (A_F124_MC -> A_C125_MC) type[cov], weight[1.00] from 123 to 124 dist[1.33]
Adding bndlst edge: (A_F124_MC -> A_F128_MC) type[hb], weight[1.01] from 123 to 127 dist[1.99]
Adding bndlst edge: (A_F124_MC -> A_M127_MC) type[hb], weight[0.55] from 123 to 126 dist[2.70]
Adding bndlst edge: (A_C125_MC -> A_C126_MC) type[cov], weight[1.00] from 124 to 125 dist[1.35]
Adding bndlst edge: (A_C125_MC -> A_L129_MC) type[hb], weight[0.92] from 124 to 128 dist[2.09]
Adding bndlst edge: (A_C125_MC -> A_F128_MC) type[hb], weight[0.48] from 124 to 127 dist[2.88]
Adding bndlst edge: (A_C126_MC -> A_M127_MC) type[cov], weight[1.00] from 125 to 126 dist[1.34]
Adding bndlst edge: (A_C126_MC -> A_H130_MC) type[hb], weight[0.87] from 125 to 129 dist[2.15]
Adding bndlst edge: (A_C126_MC -> A_L129_MC) type[hb], weight[0.62] from 125 to 128 dist[2.54]
Adding bndlst edge: (A_M127_MC -> A_F128_MC) type[cov], weight[1.00] from 126 to 127 dist[1.33]
Adding bndlst edge: (A_M127_MC -> A_A131_MC) type[hb], weight[0.80] from 126 to 130 dist[2.24]
Adding bndlst edge: (A_M127_MC -> A_H130_MC) type[hb], weight[0.61] from 126 to 129 dist[2.57]
Adding bndlst edge: (A_F128_MC -> A_L129_MC) type[cov], weight[1.00] from 127 to 128 dist[1.36]
Adding bndlst edge: (A_F128_MC -> A_F132_MC) type[hb], weight[1.06] from 127 to 131 dist[1.94]
Adding bndlst edge: (A_F128_MC -> A_A131_MC) type[hb], weight[0.58] from 127 to 130 dist[2.62]
Adding bndlst edge: (A_L129_MC -> A_H130_MC) type[cov], weight[1.00] from 128 to 129 dist[1.31]
Adding bndlst edge: (A_L129_MC -> A_F132_MC) type[hb], weight[0.48] from 128 to 131 dist[2.88]
Adding bndlst edge: (A_L129_MC -> A_A133_MC) type[hb], weight[1.08] from 128 to 132 dist[1.93]
Adding bndlst edge: (A_H130_MC -> A_A131_MC) type[cov], weight[1.00] from 129 to 130 dist[1.32]
Adding bndlst edge: (A_H130_MC -> A_N134_MC) type[hb], weight[0.75] from 129 to 133 dist[2.31]
Adding bndlst edge: (A_H130_MC -> A_N134_SC) type[hb], weight[0.91] from 129 to 133 dist[2.10]
Adding bndlst edge: (A_H130_MC -> A_A133_MC) type[hb], weight[0.49] from 129 to 132 dist[2.87]
Adding bndlst edge: (A_H130_SC -> A_T145_SC) type[hb], weight[0.40] from 129 to 144 dist[3.17]
Adding bndlst edge: (A_H130_SC -> A_N134_SC) type[hb], weight[0.37] from 129 to 133 dist[3.31]
Adding bndlst edge: (A_H130_SC -> A_T145_SC) type[hb], weight[1.13] from 129 to 144 dist[1.88]
Adding bndlst edge: (A_H130_SC -> A_N134_SC) type[hb], weight[0.38] from 129 to 133 dist[3.26]
Adding bndlst edge: (A_H130_SC -> A_N134_SC) type[hb], weight[0.37] from 129 to 133 dist[3.28]
Adding bndlst edge: (A_H130_SC -> A_T145_SC) type[hb], weight[0.63] from 129 to 144 dist[2.53]
Adding bndlst edge: (A_H130_SC -> A_N134_SC) type[hb], weight[0.38] from 129 to 133 dist[3.24]
Adding bndlst edge: (A_H130_SC -> A_N134_SC) type[hb], weight[0.43] from 129 to 133 dist[3.06]
Adding bndlst edge: (A_H130_SC -> A_T145_SC) type[hb], weight[0.47] from 129 to 144 dist[2.93]
Adding bndlst edge: (A_A131_MC -> A_F132_MC) type[cov], weight[1.00] from 130 to 131 dist[1.34]
Adding bndlst edge: (A_A131_MC -> A_W135_MC) type[hb], weight[1.27] from 130 to 134 dist[1.78]
Adding bndlst edge: (A_A131_MC -> A_N134_MC) type[hb], weight[0.60] from 130 to 133 dist[2.58]
Adding bndlst edge: (A_F132_MC -> A_A133_MC) type[cov], weight[1.00] from 131 to 132 dist[1.32]
Adding bndlst edge: (A_F132_MC -> A_W135_MC) type[hb], weight[0.48] from 131 to 134 dist[2.89]
Adding bndlst edge: (A_A133_MC -> A_N134_MC) type[cov], weight[1.00] from 132 to 133 dist[1.34]
Adding bndlst edge: (A_N134_MC -> A_W135_MC) type[cov], weight[1.00] from 133 to 134 dist[1.34]
Adding bndlst edge: (A_W135_MC -> A_P136_MC) type[cov], weight[1.00] from 134 to 135 dist[1.35]
Adding bndlst edge: (A_W135_MC -> A_Q137_MC) type[hb], weight[0.51] from 134 to 136 dist[2.81]
Adding bndlst edge: (A_W135_MC -> A_T138_MC) type[hb], weight[0.98] from 134 to 137 dist[2.02]
Adding bndlst edge: (A_W135_SC -> A_T145_MC) type[hb], weight[0.43] from 134 to 144 dist[3.05]
Adding bndlst edge: (A_P136_MC -> A_Q137_MC) type[cov], weight[1.00] from 135 to 136 dist[1.34]
Adding bndlst edge: (A_Q137_MC -> A_T138_MC) type[cov], weight[1.00] from 136 to 137 dist[1.31]
Adding bndlst edge: (A_T138_MC -> A_P139_MC) type[cov], weight[1.00] from 137 to 138 dist[1.35]
Adding bndlst edge: (A_T138_MC -> A_N143_SC) type[hb], weight[1.03] from 137 to 142 dist[1.97]
Adding bndlst edge: (A_T138_SC -> A_D141_MC) type[hb], weight[0.94] from 137 to 140 dist[2.06]
Adding bndlst edge: (A_P139_MC -> A_M140_MC) type[cov], weight[1.00] from 138 to 139 dist[1.33]
Adding bndlst edge: (A_P139_MC -> A_N143_SC) type[hb], weight[0.81] from 138 to 142 dist[2.22]
Adding bndlst edge: (A_M140_MC -> A_D141_MC) type[cov], weight[1.00] from 139 to 140 dist[1.33]
Adding bndlst edge: (A_D141_MC -> A_H142_MC) type[cov], weight[1.00] from 140 to 141 dist[1.32]
Adding bndlst edge: (A_D141_MC -> A_N143_SC) type[hb], weight[0.47] from 140 to 142 dist[2.90]
Adding bndlst edge: (A_D141_SC -> A_H142_MC) type[hb], weight[0.85] from 140 to 141 dist[2.17]
Adding bndlst edge: (A_H142_MC -> A_N143_MC) type[cov], weight[1.00] from 141 to 142 dist[1.32]
Adding bndlst edge: (A_H142_MC -> A_N147_SC) type[hb], weight[0.53] from 141 to 146 dist[2.74]
Adding bndlst edge: (A_N143_MC -> A_P144_MC) type[cov], weight[1.00] from 142 to 143 dist[1.33]
Adding bndlst edge: (A_N143_MC -> A_N147_MC) type[hb], weight[1.04] from 142 to 146 dist[1.96]
Adding bndlst edge: (A_N143_SC -> A_M146_MC) type[hb], weight[1.18] from 142 to 145 dist[1.84]
Adding bndlst edge: (A_N143_SC -> A_T145_MC) type[hb], weight[0.74] from 142 to 144 dist[2.32]
Adding bndlst edge: (A_N143_MC -> A_N147_SC) type[hb], weight[0.56] from 142 to 146 dist[2.68]
Adding bndlst edge: (A_P144_MC -> A_T145_MC) type[cov], weight[1.00] from 143 to 144 dist[1.34]
Adding bndlst edge: (A_T145_MC -> A_M146_MC) type[cov], weight[1.00] from 144 to 145 dist[1.35]
Adding bndlst edge: (A_T145_MC -> A_L148_MC) type[hb], weight[0.90] from 144 to 147 dist[2.11]
Adding bndlst edge: (A_M146_MC -> A_N147_MC) type[cov], weight[1.00] from 145 to 146 dist[1.36]
Adding bndlst edge: (A_M146_MC -> A_I149_MC) type[hb], weight[0.81] from 145 to 148 dist[2.22]
Adding bndlst edge: (A_N147_MC -> A_L148_MC) type[cov], weight[1.00] from 146 to 147 dist[1.32]
Adding bndlst edge: (A_L148_MC -> A_I149_MC) type[cov], weight[1.00] from 147 to 148 dist[1.33]
Adding bndlst edge: (A_I149_MC -> A_T150_MC) type[cov], weight[1.00] from 148 to 149 dist[1.33]
Adding bndlst edge: (A_T150_MC -> A_G151_MC) type[cov], weight[1.00] from 149 to 150 dist[1.33]
Adding bndlst edge: (A_T150_MC -> A_N169_SC) type[hb], weight[1.11] from 149 to 168 dist[1.90]
Adding bndlst edge: (A_T150_MC -> A_N169_SC) type[hb], weight[1.08] from 149 to 168 dist[1.93]
Adding bndlst edge: (A_G151_MC -> A_V152_MC) type[cov], weight[1.00] from 150 to 151 dist[1.32]
Adding bndlst edge: (A_V152_MC -> A_P153_MC) type[cov], weight[1.00] from 151 to 152 dist[1.35]
Adding bndlst edge: (A_P153_MC -> A_N154_MC) type[cov], weight[1.00] from 152 to 153 dist[1.33]
Adding bndlst edge: (A_P153_MC -> A_M156_MC) type[hb], weight[1.07] from 152 to 155 dist[1.93]
Adding bndlst edge: (A_N154_MC -> A_S155_MC) type[cov], weight[1.00] from 153 to 154 dist[1.31]
Adding bndlst edge: (A_N154_MC -> A_L157_MC) type[hb], weight[0.88] from 153 to 156 dist[2.14]
Adding bndlst edge: (A_N154_MC -> A_M156_MC) type[hb], weight[0.48] from 153 to 155 dist[2.89]
Adding bndlst edge: (A_S155_MC -> A_M156_MC) type[cov], weight[1.00] from 154 to 155 dist[1.32]
Adding bndlst edge: (A_M156_MC -> A_L157_MC) type[cov], weight[1.00] from 155 to 156 dist[1.32]
Adding bndlst edge: (A_M156_MC -> A_S159_SC) type[hb], weight[1.13] from 155 to 158 dist[1.88]
Adding bndlst edge: (A_M156_MC -> A_S159_MC) type[hb], weight[1.06] from 155 to 158 dist[1.94]
Adding bndlst edge: (A_L157_MC -> A_N158_MC) type[cov], weight[1.00] from 156 to 157 dist[1.33]
Adding bndlst edge: (A_L157_MC -> A_Q163_SC) type[hb], weight[0.88] from 156 to 162 dist[2.13]
Adding bndlst edge: (A_N158_MC -> A_S159_MC) type[cov], weight[1.00] from 157 to 158 dist[1.34]
Adding bndlst edge: (A_S159_MC -> A_P160_MC) type[cov], weight[1.00] from 158 to 159 dist[1.32]
Adding bndlst edge: (A_S159_MC -> A_V162_MC) type[hb], weight[0.68] from 158 to 161 dist[2.43]
Adding bndlst edge: (A_S159_MC -> A_Q163_SC) type[hb], weight[1.02] from 158 to 162 dist[1.98]
Adding bndlst edge: (A_S159_SC -> A_V162_MC) type[hb], weight[0.50] from 158 to 161 dist[2.82]
Adding bndlst edge: (A_P160_MC -> A_Q161_MC) type[cov], weight[1.00] from 159 to 160 dist[1.35]
Adding bndlst edge: (A_P160_MC -> A_Q163_MC) type[hb], weight[0.92] from 159 to 162 dist[2.09]
Adding bndlst edge: (A_Q161_MC -> A_V162_MC) type[cov], weight[1.00] from 160 to 161 dist[1.33]
Adding bndlst edge: (A_V162_MC -> A_Q163_MC) type[cov], weight[1.00] from 161 to 162 dist[1.35]
Adding bndlst edge: (A_V162_MC -> A_T165_MC) type[hb], weight[0.61] from 161 to 164 dist[2.56]
Adding bndlst edge: (A_V162_MC -> A_L166_MC) type[hb], weight[0.87] from 161 to 165 dist[2.14]
Adding bndlst edge: (A_Q163_MC -> A_P164_MC) type[cov], weight[1.00] from 162 to 163 dist[1.34]
Adding bndlst edge: (A_Q163_MC -> A_L166_MC) type[hb], weight[0.53] from 162 to 165 dist[2.75]
Adding bndlst edge: (A_Q163_MC -> A_R167_MC) type[hb], weight[1.17] from 162 to 166 dist[1.85]
Adding bndlst edge: (A_P164_MC -> A_T165_MC) type[cov], weight[1.00] from 163 to 164 dist[1.32]
Adding bndlst edge: (A_P164_MC -> A_R168_MC) type[hb], weight[1.15] from 163 to 167 dist[1.87]
Adding bndlst edge: (A_P164_MC -> A_R167_MC) type[hb], weight[0.48] from 163 to 166 dist[2.88]
Adding bndlst edge: (A_T165_MC -> A_L166_MC) type[cov], weight[1.00] from 164 to 165 dist[1.32]
Adding bndlst edge: (A_T165_MC -> A_R168_MC) type[hb], weight[0.50] from 164 to 167 dist[2.84]
Adding bndlst edge: (A_T165_MC -> A_N169_MC) type[hb], weight[1.03] from 164 to 168 dist[1.97]
Adding bndlst edge: (A_L166_MC -> A_R167_MC) type[cov], weight[1.00] from 165 to 166 dist[1.33]
Adding bndlst edge: (A_L166_MC -> A_Q170_MC) type[hb], weight[0.81] from 165 to 169 dist[2.22]
Adding bndlst edge: (A_L166_MC -> A_N169_MC) type[hb], weight[0.51] from 165 to 168 dist[2.81]
Adding bndlst edge: (A_R167_MC -> A_R168_MC) type[cov], weight[1.00] from 166 to 167 dist[1.34]
Adding bndlst edge: (A_R167_MC -> A_E171_MC) type[hb], weight[0.94] from 166 to 170 dist[2.06]
Adding bndlst edge: (A_R167_MC -> A_Q170_MC) type[hb], weight[0.62] from 166 to 169 dist[2.54]
Adding bndlst edge: (A_R167_SC -> A_C198_SC) type[hb], weight[0.37] from 166 to 197 dist[3.30]
Adding bndlst edge: (A_R168_MC -> A_N169_MC) type[cov], weight[1.00] from 167 to 168 dist[1.32]
Adding bndlst edge: (A_R168_MC -> A_Q172_MC) type[hb], weight[1.09] from 167 to 171 dist[1.92]
Adding bndlst edge: (A_R168_MC -> A_E171_MC) type[hb], weight[0.53] from 167 to 170 dist[2.76]
Adding bndlst edge: (A_N169_MC -> A_Q170_MC) type[cov], weight[1.00] from 168 to 169 dist[1.32]
Adding bndlst edge: (A_N169_MC -> A_L173_MC) type[hb], weight[1.07] from 168 to 172 dist[1.93]
Adding bndlst edge: (A_N169_MC -> A_Q172_MC) type[hb], weight[0.52] from 168 to 171 dist[2.77]
Adding bndlst edge: (A_Q170_MC -> A_E171_MC) type[cov], weight[1.00] from 169 to 170 dist[1.32]
Adding bndlst edge: (A_Q170_MC -> A_L173_MC) type[hb], weight[0.55] from 169 to 172 dist[2.69]
Adding bndlst edge: (A_Q170_MC -> A_Y174_MC) type[hb], weight[0.96] from 169 to 173 dist[2.04]
Adding bndlst edge: (A_Q170_SC -> A_T195_MC) type[hb], weight[0.97] from 169 to 194 dist[2.03]
Adding bndlst edge: (A_Q170_SC -> A_Y174_SC) type[hb], weight[1.05] from 169 to 173 dist[1.96]
Adding bndlst edge: (A_Q170_SC -> A_Y174_SC) type[hb], weight[0.58] from 169 to 173 dist[2.63]
Adding bndlst edge: (A_Q170_SC -> A_Y174_SC) type[hb], weight[0.44] from 169 to 173 dist[3.00]
Adding bndlst edge: (A_Q170_SC -> A_T195_MC) type[hb], weight[0.46] from 169 to 194 dist[2.95]
Adding bndlst edge: (A_E171_MC -> A_Q172_MC) type[cov], weight[1.00] from 170 to 171 dist[1.36]
Adding bndlst edge: (A_E171_MC -> A_S175_SC) type[hb], weight[0.84] from 170 to 174 dist[2.19]
Adding bndlst edge: (A_E171_MC -> A_S175_MC) type[hb], weight[0.98] from 170 to 174 dist[2.02]
Adding bndlst edge: (A_E171_MC -> A_Y174_MC) type[hb], weight[0.48] from 170 to 173 dist[2.89]
Adding bndlst edge: (A_Q172_MC -> A_L173_MC) type[cov], weight[1.00] from 171 to 172 dist[1.32]
Adding bndlst edge: (A_Q172_MC -> A_F176_MC) type[hb], weight[1.12] from 171 to 175 dist[1.89]
Adding bndlst edge: (A_Q172_MC -> A_S175_MC) type[hb], weight[0.47] from 171 to 174 dist[2.92]
Adding bndlst edge: (A_L173_MC -> A_Y174_MC) type[cov], weight[1.00] from 172 to 173 dist[1.34]
Adding bndlst edge: (A_L173_MC -> A_F176_MC) type[hb], weight[0.53] from 172 to 175 dist[2.75]
Adding bndlst edge: (A_L173_MC -> A_L177_MC) type[hb], weight[0.92] from 172 to 176 dist[2.09]
Adding bndlst edge: (A_Y174_MC -> A_S175_MC) type[cov], weight[1.00] from 173 to 174 dist[1.34]
Adding bndlst edge: (A_Y174_MC -> A_E178_MC) type[hb], weight[1.01] from 173 to 177 dist[1.99]
Adding bndlst edge: (A_Y174_MC -> A_L177_MC) type[hb], weight[0.56] from 173 to 176 dist[2.66]
Adding bndlst edge: (A_Y174_SC -> A_R192_SC) type[hb], weight[0.37] from 173 to 191 dist[3.28]
Adding bndlst edge: (A_Y174_SC -> A_T195_SC) type[hb], weight[1.32] from 173 to 194 dist[1.74]
Adding bndlst edge: (A_S175_MC -> A_F176_MC) type[cov], weight[1.00] from 174 to 175 dist[1.34]
Adding bndlst edge: (A_S175_MC -> A_R179_MC) type[hb], weight[0.83] from 174 to 178 dist[2.20]
Adding bndlst edge: (A_S175_MC -> A_E178_MC) type[hb], weight[0.58] from 174 to 177 dist[2.62]
Adding bndlst edge: (A_F176_MC -> A_L177_MC) type[cov], weight[1.00] from 175 to 176 dist[1.33]
Adding bndlst edge: (A_F176_MC -> A_H180_MC) type[hb], weight[0.68] from 175 to 179 dist[2.42]
Adding bndlst edge: (A_F176_MC -> A_R179_MC) type[hb], weight[0.62] from 175 to 178 dist[2.54]
Adding bndlst edge: (A_L177_MC -> A_E178_MC) type[cov], weight[1.00] from 176 to 177 dist[1.34]
Adding bndlst edge: (A_L177_MC -> A_H180_MC) type[hb], weight[0.67] from 176 to 179 dist[2.44]
Adding bndlst edge: (A_L177_MC -> A_S181_MC) type[hb], weight[0.94] from 176 to 180 dist[2.07]
Adding bndlst edge: (A_E178_MC -> A_R179_MC) type[cov], weight[1.00] from 177 to 178 dist[1.38]
Adding bndlst edge: (A_E178_MC -> A_R185_SC) type[hb], weight[1.05] from 177 to 184 dist[1.96]
Adding bndlst edge: (A_E178_SC -> A_R192_SC) type[salt], weight[1.02] from 177 to 191 dist[1.88]
Adding bndlst edge: (A_E178_SC -> A_R192_SC) type[salt], weight[0.49] from 177 to 191 dist[2.70]
Adding bndlst edge: (A_E178_SC -> A_S188_SC) type[hb], weight[1.40] from 177 to 187 dist[1.69]
Adding bndlst edge: (A_R179_MC -> A_H180_MC) type[cov], weight[1.00] from 178 to 179 dist[1.34]
Adding bndlst edge: (A_H180_MC -> A_S181_MC) type[cov], weight[1.00] from 179 to 180 dist[1.35]
Adding bndlst edge: (A_S181_MC -> A_P182_MC) type[cov], weight[1.00] from 180 to 181 dist[1.35]
Adding bndlst edge: (A_S181_MC -> A_R185_MC) type[hb], weight[1.08] from 180 to 184 dist[1.92]
Adding bndlst edge: (A_S181_MC -> A_F184_MC) type[hb], weight[0.54] from 180 to 183 dist[2.72]
Adding bndlst edge: (A_S181_SC -> A_Y183_MC) type[hb], weight[0.46] from 180 to 182 dist[2.96]
Adding bndlst edge: (A_S181_SC -> A_F184_MC) type[hb], weight[1.04] from 180 to 183 dist[1.96]
Adding bndlst edge: (A_P182_MC -> A_Y183_MC) type[cov], weight[1.00] from 181 to 182 dist[1.32]
Adding bndlst edge: (A_P182_MC -> A_R185_MC) type[hb], weight[0.45] from 181 to 184 dist[2.98]
Adding bndlst edge: (A_P182_MC -> A_S186_MC) type[hb], weight[0.93] from 181 to 185 dist[2.07]
Adding bndlst edge: (A_Y183_MC -> A_F184_MC) type[cov], weight[1.00] from 182 to 183 dist[1.35]
Adding bndlst edge: (A_Y183_MC -> A_S186_MC) type[hb], weight[0.59] from 182 to 185 dist[2.61]
Adding bndlst edge: (A_Y183_MC -> A_H187_MC) type[hb], weight[0.64] from 182 to 186 dist[2.50]
Adding bndlst edge: (A_Y183_MC -> A_S186_SC) type[hb], weight[0.78] from 182 to 185 dist[2.27]
Adding bndlst edge: (A_Y183_SC -> A_H187_SC) type[hb], weight[0.41] from 182 to 186 dist[3.14]
Adding bndlst edge: (A_Y183_SC -> A_H187_SC) type[hb], weight[0.40] from 182 to 186 dist[3.15]
Adding bndlst edge: (A_F184_MC -> A_R185_MC) type[cov], weight[1.00] from 183 to 184 dist[1.33]
Adding bndlst edge: (A_F184_MC -> A_S188_MC) type[hb], weight[0.51] from 183 to 187 dist[2.81]
Adding bndlst edge: (A_F184_MC -> A_H187_MC) type[hb], weight[0.86] from 183 to 186 dist[2.16]
Adding bndlst edge: (A_R185_MC -> A_S186_MC) type[cov], weight[1.00] from 184 to 185 dist[1.33]
Adding bndlst edge: (A_R185_MC -> A_S188_MC) type[hb], weight[0.62] from 184 to 187 dist[2.54]
Adding bndlst edge: (A_S186_MC -> A_H187_MC) type[cov], weight[1.00] from 185 to 186 dist[1.32]
Adding bndlst edge: (A_S186_SC -> A_H187_SC) type[hb], weight[0.68] from 185 to 186 dist[2.42]
Adding bndlst edge: (A_S186_SC -> A_H187_SC) type[hb], weight[0.45] from 185 to 186 dist[2.97]
Adding bndlst edge: (A_H187_MC -> A_S188_MC) type[cov], weight[1.00] from 186 to 187 dist[1.32]
Adding bndlst edge: (A_H187_MC -> A_I191_MC) type[hb], weight[1.17] from 186 to 190 dist[1.85]
Adding bndlst edge: (A_H187_MC -> A_Q190_MC) type[hb], weight[0.50] from 186 to 189 dist[2.82]
Adding bndlst edge: (A_S188_MC -> A_A189_MC) type[cov], weight[1.00] from 187 to 188 dist[1.35]
Adding bndlst edge: (A_S188_MC -> A_R192_MC) type[hb], weight[1.11] from 187 to 191 dist[1.90]
Adding bndlst edge: (A_S188_MC -> A_I191_MC) type[hb], weight[0.45] from 187 to 190 dist[2.96]
Adding bndlst edge: (A_S188_SC -> A_R192_SC) type[hb], weight[0.89] from 187 to 191 dist[2.12]
Adding bndlst edge: (A_A189_MC -> A_Q190_MC) type[cov], weight[1.00] from 188 to 189 dist[1.34]
Adding bndlst edge: (A_A189_MC -> A_R192_MC) type[hb], weight[0.46] from 188 to 191 dist[2.95]
Adding bndlst edge: (A_A189_MC -> A_S193_MC) type[hb], weight[0.94] from 188 to 192 dist[2.06]
Adding bndlst edge: (A_Q190_MC -> A_I191_MC) type[cov], weight[1.00] from 189 to 190 dist[1.35]
Adding bndlst edge: (A_Q190_MC -> A_A194_MC) type[hb], weight[0.93] from 189 to 193 dist[2.07]
Adding bndlst edge: (A_Q190_MC -> A_S193_MC) type[hb], weight[0.54] from 189 to 192 dist[2.72]
Adding bndlst edge: (A_I191_MC -> A_R192_MC) type[cov], weight[1.00] from 190 to 191 dist[1.33]
Adding bndlst edge: (A_I191_MC -> A_T195_SC) type[hb], weight[1.34] from 190 to 194 dist[1.73]
Adding bndlst edge: (A_I191_MC -> A_T195_MC) type[hb], weight[0.75] from 190 to 194 dist[2.31]
Adding bndlst edge: (A_I191_MC -> A_A194_MC) type[hb], weight[0.57] from 190 to 193 dist[2.65]
Adding bndlst edge: (A_R192_MC -> A_S193_MC) type[cov], weight[1.00] from 191 to 192 dist[1.33]
Adding bndlst edge: (A_R192_MC -> A_T195_MC) type[hb], weight[0.62] from 191 to 194 dist[2.54]
Adding bndlst edge: (A_R192_MC -> A_S196_MC) type[hb], weight[0.51] from 191 to 195 dist[2.79]
Adding bndlst edge: (A_S193_MC -> A_A194_MC) type[cov], weight[1.00] from 192 to 193 dist[1.34]
Adding bndlst edge: (A_S193_MC -> A_H199_SC) type[hb], weight[0.71] from 192 to 198 dist[2.38]
Adding bndlst edge: (A_S193_MC -> A_S196_MC) type[hb], weight[0.51] from 192 to 195 dist[2.80]
Adding bndlst edge: (A_A194_MC -> A_T195_MC) type[cov], weight[1.00] from 193 to 194 dist[1.36]
Adding bndlst edge: (A_T195_MC -> A_S196_MC) type[cov], weight[1.00] from 194 to 195 dist[1.30]
Adding bndlst edge: (A_S196_MC -> A_F197_MC) type[cov], weight[1.00] from 195 to 196 dist[1.34]
Adding bndlst edge: (A_S196_MC -> A_H199_MC) type[hb], weight[0.92] from 195 to 198 dist[2.08]
Adding bndlst edge: (A_S196_SC -> A_H199_SC) type[hb], weight[0.53] from 195 to 198 dist[2.74]
Adding bndlst edge: (A_F197_MC -> A_C198_MC) type[cov], weight[1.00] from 196 to 197 dist[1.35]
Adding bndlst edge: (A_F197_MC -> A_C198_SC) type[hb], weight[0.48] from 196 to 197 dist[2.88]
Adding bndlst edge: (A_F197_SC -> A_C198_SC) type[hb], weight[0.40] from 196 to 197 dist[3.16]
Adding bndlst edge: (A_F197_SC -> A_C198_SC) type[hb], weight[0.72] from 196 to 197 dist[2.36]
Adding bndlst edge: (A_F197_SC -> A_C198_SC) type[hb], weight[0.41] from 196 to 197 dist[3.13]
Adding bndlst edge: (A_C198_MC -> A_H199_MC) type[cov], weight[1.00] from 197 to 198 dist[1.32]
Adding bndlst edge: (A_C198_MC -> A_K201_MC) type[hb], weight[0.88] from 197 to 200 dist[2.13]
Adding bndlst edge: (A_H199_MC -> A_L200_MC) type[cov], weight[1.00] from 198 to 199 dist[1.33]
Adding bndlst edge: (A_L200_MC -> A_K201_MC) type[cov], weight[1.00] from 199 to 200 dist[1.32]
Adding bndlst edge: (A_K201_MC -> A_N202_MC) type[cov], weight[1.00] from 200 to 201 dist[1.32]
Adding bndlst edge: (A_N202_MC -> A_M203_MC) type[cov], weight[1.00] from 201 to 202 dist[1.34]

bndlst DONE

Producing PAJEK network
printing pajek edge (A_128_PHE,A_129_LEU)
printing pajek edge (A_128_PHE,A_131_ALA)
printing pajek edge (A_128_PHE,A_132_PHE)
printing pajek edge (A_33_SER,A_36_LYS)
printing pajek edge (A_33_SER,A_34_PRO)
printing pajek edge (A_33_SER,A_35_HIS)
printing pajek edge (A_33_SER,A_98_SER)
printing pajek edge (A_33_SER,A_59_TRP)
printing pajek edge (A_91_LEU,A_94_SER)
printing pajek edge (A_91_LEU,A_95_ALA)
printing pajek edge (A_91_LEU,A_92_ARG)
printing pajek edge (A_119_ALA,A_120_ALA)
printing pajek edge (A_119_ALA,A_195_THR)
printing pajek edge (A_119_ALA,A_196_SER)
printing pajek edge (A_72_PHE,A_73_GLY)
printing pajek edge (A_72_PHE,A_112_SER)
printing pajek edge (A_72_PHE,A_154_ASN)
printing pajek edge (A_103_CYS,A_104_ILE)
printing pajek edge (A_201_LYS,A_202_ASN)
printing pajek edge (A_19_TYR,A_39_CYS)
printing pajek edge (A_19_TYR,A_20_PHE)
printing pajek edge (A_126_CYS,A_129_LEU)
printing pajek edge (A_126_CYS,A_130_HIS)
printing pajek edge (A_126_CYS,A_127_MET)
printing pajek edge (A_17_GLY,A_19_TYR)
printing pajek edge (A_17_GLY,A_20_PHE)
printing pajek edge (A_17_GLY,A_18_PRO)
printing pajek edge (A_45_ALA,A_46_GLY)
printing pajek edge (A_56_ALA,A_57_PHE)
printing pajek edge (A_56_ALA,A_69_PHE)
printing pajek edge (A_85_PHE,A_86_GLU)
printing pajek edge (A_28_PHE,A_29_PRO)
printing pajek edge (A_28_PHE,A_30_GLY)
printing pajek edge (A_191_ILE,A_192_ARG)
printing pajek edge (A_191_ILE,A_195_THR)
printing pajek edge (A_191_ILE,A_194_ALA)
printing pajek edge (A_162_VAL,A_166_LEU)
printing pajek edge (A_162_VAL,A_163_GLN)
printing pajek edge (A_162_VAL,A_165_THR)
printing pajek edge (A_195_THR,A_196_SER)
printing pajek edge (A_96_ILE,A_97_ALA)
printing pajek edge (A_58_ALA,A_67_TYR)
printing pajek edge (A_58_ALA,A_59_TRP)
printing pajek edge (A_21_LEU,A_39_CYS)
printing pajek edge (A_21_LEU,A_22_GLY)
printing pajek edge (A_164_PRO,A_167_ARG)
printing pajek edge (A_164_PRO,A_165_THR)
printing pajek edge (A_164_PRO,A_168_ARG)
printing pajek edge (A_110_THR,A_111_GLN)
printing pajek edge (A_152_VAL,A_153_PRO)
printing pajek edge (A_90_LEU,A_94_SER)
printing pajek edge (A_90_LEU,A_91_LEU)
printing pajek edge (A_176_PHE,A_180_HIS)
printing pajek edge (A_176_PHE,A_179_ARG)
printing pajek edge (A_176_PHE,A_177_LEU)
printing pajek edge (A_149_ILE,A_150_THR)
printing pajek edge (A_32_VAL,A_33_SER)
printing pajek edge (A_36_LYS,A_37_LEU)
printing pajek edge (A_12_LYS,A_13_ASP)
printing pajek edge (A_12_LYS,A_15_GLY)
printing pajek edge (A_79_LEU,A_85_PHE)
printing pajek edge (A_79_LEU,A_84_GLN)
printing pajek edge (A_79_LEU,A_83_TYR)
printing pajek edge (A_79_LEU,A_80_LYS)
printing pajek edge (A_94_SER,A_98_SER)
printing pajek edge (A_94_SER,A_95_ALA)
printing pajek edge (A_94_SER,A_97_ALA)
printing pajek edge (A_107_GLU,A_108_LYS)
printing pajek edge (A_158_ASN,A_159_SER)
printing pajek edge (A_66_CYS,A_105_THR)
printing pajek edge (A_66_CYS,A_107_GLU)
printing pajek edge (A_66_CYS,A_67_TYR)
printing pajek edge (A_30_GLY,A_31_PHE)
printing pajek edge (A_198_CYS,A_201_LYS)
printing pajek edge (A_198_CYS,A_199_HIS)
printing pajek edge (A_139_PRO,A_143_ASN)
printing pajek edge (A_139_PRO,A_140_MET)
printing pajek edge (A_200_LEU,A_201_LYS)
printing pajek edge (A_115_GLY,A_118_SER)
printing pajek edge (A_115_GLY,A_116_PRO)
printing pajek edge (A_59_TRP,A_60_ASN)
printing pajek edge (A_59_TRP,A_132_PHE)
printing pajek edge (A_154_ASN,A_156_MET)
printing pajek edge (A_154_ASN,A_155_SER)
printing pajek edge (A_154_ASN,A_157_LEU)
printing pajek edge (A_16_CYS,A_129_LEU)
printing pajek edge (A_16_CYS,A_19_TYR)
printing pajek edge (A_16_CYS,A_20_PHE)
printing pajek edge (A_16_CYS,A_17_GLY)
printing pajek edge (A_138_THR,A_143_ASN)
printing pajek edge (A_138_THR,A_139_PRO)
printing pajek edge (A_138_THR,A_141_ASP)
printing pajek edge (A_82_VAL,A_83_TYR)
printing pajek edge (A_61_PRO,A_64_LYS)
printing pajek edge (A_61_PRO,A_62_ARG)
printing pajek edge (A_102_ARG,A_103_CYS)
printing pajek edge (A_74_PHE,A_75_SER)
printing pajek edge (A_74_PHE,A_154_ASN)
printing pajek edge (A_74_PHE,A_108_LYS)
printing pajek edge (A_87_TYR,A_88_GLU)
printing pajek edge (A_87_TYR,A_91_LEU)
printing pajek edge (A_87_TYR,A_90_LEU)
printing pajek edge (A_77_GLN,A_78_ARG)
printing pajek edge (A_77_GLN,A_81_GLN)
printing pajek edge (A_77_GLN,A_80_LYS)
printing pajek edge (A_63_SER,A_64_LYS)
printing pajek edge (A_63_SER,A_65_THR)
printing pajek edge (A_68_LEU,A_107_GLU)
printing pajek edge (A_68_LEU,A_109_SER)
printing pajek edge (A_68_LEU,A_69_PHE)
printing pajek edge (A_166_LEU,A_167_ARG)
printing pajek edge (A_166_LEU,A_170_GLN)
printing pajek edge (A_166_LEU,A_169_ASN)
printing pajek edge (A_199_HIS,A_200_LEU)
printing pajek edge (A_140_MET,A_141_ASP)
printing pajek edge (A_130_HIS,A_131_ALA)
printing pajek edge (A_130_HIS,A_145_THR)
printing pajek edge (A_130_HIS,A_133_ALA)
printing pajek edge (A_130_HIS,A_134_ASN)
printing pajek edge (A_3_SER,A_7_LEU)
printing pajek edge (A_3_SER,A_5_GLN)
printing pajek edge (A_3_SER,A_4_GLU)
printing pajek edge (A_3_SER,A_6_GLU)
printing pajek edge (A_18_PRO,A_36_LYS)
printing pajek edge (A_18_PRO,A_19_TYR)
printing pajek edge (A_187_HIS,A_190_GLN)
printing pajek edge (A_187_HIS,A_191_ILE)
printing pajek edge (A_187_HIS,A_188_SER)
printing pajek edge (A_111_GLN,A_112_SER)
printing pajek edge (A_83_TYR,A_84_GLN)
printing pajek edge (A_148_LEU,A_149_ILE)
printing pajek edge (A_169_ASN,A_173_LEU)
printing pajek edge (A_169_ASN,A_170_GLN)
printing pajek edge (A_169_ASN,A_172_GLN)
printing pajek edge (A_185_ARG,A_186_SER)
printing pajek edge (A_185_ARG,A_188_SER)
printing pajek edge (A_136_PRO,A_137_GLN)
printing pajek edge (A_15_GLY,A_16_CYS)
printing pajek edge (A_113_VAL,A_169_ASN)
printing pajek edge (A_113_VAL,A_114_GLN)
printing pajek edge (A_70_GLU,A_72_PHE)
printing pajek edge (A_70_GLU,A_73_GLY)
printing pajek edge (A_70_GLU,A_71_PRO)
printing pajek edge (A_70_GLU,A_74_PHE)
printing pajek edge (A_192_ARG,A_195_THR)
printing pajek edge (A_192_ARG,A_193_SER)
printing pajek edge (A_192_ARG,A_196_SER)
printing pajek edge (A_173_LEU,A_174_TYR)
printing pajek edge (A_173_LEU,A_176_PHE)
printing pajek edge (A_173_LEU,A_177_LEU)
printing pajek edge (A_146_MET,A_149_ILE)
printing pajek edge (A_146_MET,A_147_ASN)
printing pajek edge (A_50_GLY,A_51_GLY)
printing pajek edge (A_179_ARG,A_180_HIS)
printing pajek edge (A_25_ASP,A_28_PHE)
printing pajek edge (A_25_ASP,A_26_LYS)
printing pajek edge (A_25_ASP,A_47_ARG)
printing pajek edge (A_25_ASP,A_27_ARG)
printing pajek edge (A_25_ASP,A_27_ARG)
printing pajek edge (A_188_SER,A_191_ILE)
printing pajek edge (A_188_SER,A_192_ARG)
printing pajek edge (A_188_SER,A_189_ALA)
printing pajek edge (A_141_ASP,A_143_ASN)
printing pajek edge (A_141_ASP,A_142_HIS)
printing pajek edge (A_141_ASP,A_142_HIS)
printing pajek edge (A_125_CYS,A_129_LEU)
printing pajek edge (A_125_CYS,A_128_PHE)
printing pajek edge (A_125_CYS,A_126_CYS)
printing pajek edge (A_105_THR,A_106_LEU)
printing pajek edge (A_132_PHE,A_135_TRP)
printing pajek edge (A_132_PHE,A_133_ALA)
printing pajek edge (A_182_PRO,A_183_TYR)
printing pajek edge (A_182_PRO,A_186_SER)
printing pajek edge (A_182_PRO,A_185_ARG)
printing pajek edge (A_122_GLY,A_125_CYS)
printing pajek edge (A_122_GLY,A_126_CYS)
printing pajek edge (A_122_GLY,A_123_LEU)
printing pajek edge (A_80_LYS,A_84_GLN)
printing pajek edge (A_80_LYS,A_81_GLN)
printing pajek edge (A_155_SER,A_156_MET)
printing pajek edge (A_1_GLY,A_2_SER)
printing pajek edge (A_1_GLY,A_194_ALA)
printing pajek edge (A_24_TYR,A_43_ASN)
printing pajek edge (A_24_TYR,A_41_ILE)
printing pajek edge (A_24_TYR,A_25_ASP)
printing pajek edge (A_97_ALA,A_98_SER)
printing pajek edge (A_127_MET,A_131_ALA)
printing pajek edge (A_127_MET,A_128_PHE)
printing pajek edge (A_127_MET,A_130_HIS)
printing pajek edge (A_160_PRO,A_163_GLN)
printing pajek edge (A_160_PRO,A_161_GLN)
printing pajek edge (A_161_GLN,A_162_VAL)
printing pajek edge (A_177_LEU,A_181_SER)
printing pajek edge (A_177_LEU,A_180_HIS)
printing pajek edge (A_177_LEU,A_178_GLU)
printing pajek edge (A_48_GLU,A_49_THR)
printing pajek edge (A_9_ALA,A_12_LYS)
printing pajek edge (A_9_ALA,A_10_ILE)
printing pajek edge (A_9_ALA,A_13_ASP)
printing pajek edge (A_99_SER,A_100_PRO)
printing pajek edge (A_99_SER,A_103_CYS)
printing pajek edge (A_99_SER,A_102_ARG)
printing pajek edge (A_99_SER,A_101_ASP)
printing pajek edge (A_38_ALA,A_39_CYS)
printing pajek edge (A_38_ALA,A_59_TRP)
printing pajek edge (A_118_SER,A_120_ALA)
printing pajek edge (A_118_SER,A_119_ALA)
printing pajek edge (A_118_SER,A_119_ALA)
printing pajek edge (A_118_SER,A_170_GLN)
printing pajek edge (A_44_THR,A_53_HIS)
printing pajek edge (A_44_THR,A_45_ALA)
printing pajek edge (A_44_THR,A_83_TYR)
printing pajek edge (A_196_SER,A_199_HIS)
printing pajek edge (A_196_SER,A_197_PHE)
printing pajek edge (A_6_GLU,A_9_ALA)
printing pajek edge (A_6_GLU,A_7_LEU)
printing pajek edge (A_6_GLU,A_10_ILE)
printing pajek edge (A_171_GLU,A_174_TYR)
printing pajek edge (A_171_GLU,A_175_SER)
printing pajek edge (A_171_GLU,A_172_GLN)
printing pajek edge (A_34_PRO,A_64_LYS)
printing pajek edge (A_34_PRO,A_35_HIS)
printing pajek edge (A_22_GLY,A_23_THR)
printing pajek edge (A_22_GLY,A_41_ILE)
printing pajek edge (A_64_LYS,A_105_THR)
printing pajek edge (A_64_LYS,A_65_THR)
printing pajek edge (A_64_LYS,A_98_SER)
printing pajek edge (A_8_LYS,A_9_ALA)
printing pajek edge (A_8_LYS,A_12_LYS)
printing pajek edge (A_27_ARG,A_28_PHE)
printing pajek edge (A_27_ARG,A_48_GLU)
printing pajek edge (A_81_GLN,A_82_VAL)
printing pajek edge (A_81_GLN,A_84_GLN)
printing pajek edge (A_194_ALA,A_195_THR)
printing pajek edge (A_120_ALA,A_124_PHE)
printing pajek edge (A_120_ALA,A_121_CYS)
printing pajek edge (A_120_ALA,A_123_LEU)
printing pajek edge (A_181_SER,A_183_TYR)
printing pajek edge (A_181_SER,A_182_PRO)
printing pajek edge (A_181_SER,A_184_PHE)
printing pajek edge (A_181_SER,A_185_ARG)
printing pajek edge (A_100_PRO,A_101_ASP)
printing pajek edge (A_180_HIS,A_181_SER)
printing pajek edge (A_163_GLN,A_164_PRO)
printing pajek edge (A_163_GLN,A_167_ARG)
printing pajek edge (A_163_GLN,A_166_LEU)
printing pajek edge (A_73_GLY,A_74_PHE)
printing pajek edge (A_75_SER,A_78_ARG)
printing pajek edge (A_75_SER,A_76_ASP)
printing pajek edge (A_75_SER,A_79_LEU)
printing pajek edge (A_183_TYR,A_186_SER)
printing pajek edge (A_183_TYR,A_187_HIS)
printing pajek edge (A_183_TYR,A_184_PHE)
printing pajek edge (A_62_ARG,A_63_SER)
printing pajek edge (A_109_SER,A_110_THR)
printing pajek edge (A_109_SER,A_111_GLN)
printing pajek edge (A_116_PRO,A_117_ASN)
printing pajek edge (A_93_ARG,A_94_SER)
printing pajek edge (A_93_ARG,A_96_ILE)
printing pajek edge (A_93_ARG,A_97_ALA)
printing pajek edge (A_104_ILE,A_105_THR)
printing pajek edge (A_202_ASN,A_203_MET)
printing pajek edge (A_11_VAL,A_12_LYS)
printing pajek edge (A_11_VAL,A_14_LEU)
printing pajek edge (A_11_VAL,A_16_CYS)
printing pajek edge (A_114_GLN,A_118_SER)
printing pajek edge (A_114_GLN,A_115_GLY)
printing pajek edge (A_153_PRO,A_156_MET)
printing pajek edge (A_153_PRO,A_154_ASN)
printing pajek edge (A_190_GLN,A_191_ILE)
printing pajek edge (A_190_GLN,A_193_SER)
printing pajek edge (A_190_GLN,A_194_ALA)
printing pajek edge (A_143_ASN,A_146_MET)
printing pajek edge (A_143_ASN,A_145_THR)
printing pajek edge (A_143_ASN,A_147_ASN)
printing pajek edge (A_143_ASN,A_144_PRO)
printing pajek edge (A_92_ARG,A_93_ARG)
printing pajek edge (A_92_ARG,A_96_ILE)
printing pajek edge (A_92_ARG,A_95_ALA)
printing pajek edge (A_168_ARG,A_171_GLU)
printing pajek edge (A_168_ARG,A_172_GLN)
printing pajek edge (A_168_ARG,A_169_ASN)
printing pajek edge (A_49_THR,A_50_GLY)
printing pajek edge (A_108_LYS,A_109_SER)
printing pajek edge (A_88_GLU,A_91_LEU)
printing pajek edge (A_88_GLU,A_89_SER)
printing pajek edge (A_88_GLU,A_92_ARG)
printing pajek edge (A_175_SER,A_178_GLU)
printing pajek edge (A_175_SER,A_179_ARG)
printing pajek edge (A_175_SER,A_176_PHE)
printing pajek edge (A_78_ARG,A_82_VAL)
printing pajek edge (A_78_ARG,A_81_GLN)
printing pajek edge (A_78_ARG,A_79_LEU)
printing pajek edge (A_134_ASN,A_135_TRP)
printing pajek edge (A_150_THR,A_169_ASN)
printing pajek edge (A_150_THR,A_151_GLY)
printing pajek edge (A_124_PHE,A_125_CYS)
printing pajek edge (A_124_PHE,A_128_PHE)
printing pajek edge (A_124_PHE,A_127_MET)
printing pajek edge (A_51_GLY,A_52_VAL)
printing pajek edge (A_40_ALA,A_57_PHE)
printing pajek edge (A_40_ALA,A_41_ILE)
printing pajek edge (A_65_THR,A_66_CYS)
printing pajek edge (A_98_SER,A_99_SER)
printing pajek edge (A_13_ASP,A_181_SER)
printing pajek edge (A_13_ASP,A_183_TYR)
printing pajek edge (A_13_ASP,A_14_LEU)
printing pajek edge (A_13_ASP,A_15_GLY)
printing pajek edge (A_42_VAL,A_43_ASN)
printing pajek edge (A_42_VAL,A_55_MET)
printing pajek edge (A_53_HIS,A_121_CYS)
printing pajek edge (A_53_HIS,A_54_TRP)
printing pajek edge (A_53_HIS,A_72_PHE)
printing pajek edge (A_53_HIS,A_114_GLN)
printing pajek edge (A_174_TYR,A_192_ARG)
printing pajek edge (A_174_TYR,A_175_SER)
printing pajek edge (A_174_TYR,A_195_THR)
printing pajek edge (A_174_TYR,A_178_GLU)
printing pajek edge (A_174_TYR,A_177_LEU)
printing pajek edge (A_57_PHE,A_58_ALA)
printing pajek edge (A_46_GLY,A_50_GLY)
printing pajek edge (A_46_GLY,A_47_ARG)
printing pajek edge (A_46_GLY,A_49_THR)
printing pajek edge (A_67_TYR,A_68_LEU)
printing pajek edge (A_67_TYR,A_136_PRO)
printing pajek edge (A_20_PHE,A_22_GLY)
printing pajek edge (A_20_PHE,A_41_ILE)
printing pajek edge (A_20_PHE,A_21_LEU)
printing pajek edge (A_55_MET,A_56_ALA)
printing pajek edge (A_71_PRO,A_113_VAL)
printing pajek edge (A_71_PRO,A_72_PHE)
printing pajek edge (A_71_PRO,A_114_GLN)
printing pajek edge (A_189_ALA,A_192_ARG)
printing pajek edge (A_189_ALA,A_190_GLN)
printing pajek edge (A_189_ALA,A_193_SER)
printing pajek edge (A_69_PHE,A_70_GLU)
printing pajek edge (A_167_ARG,A_198_CYS)
printing pajek edge (A_167_ARG,A_171_GLU)
printing pajek edge (A_167_ARG,A_170_GLN)
printing pajek edge (A_167_ARG,A_168_ARG)
printing pajek edge (A_2_SER,A_54_TRP)
printing pajek edge (A_2_SER,A_3_SER)
printing pajek edge (A_2_SER,A_6_GLU)
printing pajek edge (A_137_GLN,A_138_THR)
printing pajek edge (A_89_SER,A_93_ARG)
printing pajek edge (A_89_SER,A_90_LEU)
printing pajek edge (A_89_SER,A_92_ARG)
printing pajek edge (A_117_ASN,A_199_HIS)
printing pajek edge (A_117_ASN,A_200_LEU)
printing pajek edge (A_117_ASN,A_118_SER)
printing pajek edge (A_145_THR,A_148_LEU)
printing pajek edge (A_145_THR,A_146_MET)
printing pajek edge (A_142_HIS,A_143_ASN)
printing pajek edge (A_142_HIS,A_147_ASN)
printing pajek edge (A_31_PHE,A_94_SER)
printing pajek edge (A_31_PHE,A_98_SER)
printing pajek edge (A_31_PHE,A_32_VAL)
printing pajek edge (A_101_ASP,A_103_CYS)
printing pajek edge (A_101_ASP,A_102_ARG)
printing pajek edge (A_129_LEU,A_132_PHE)
printing pajek edge (A_129_LEU,A_133_ALA)
printing pajek edge (A_129_LEU,A_130_HIS)
printing pajek edge (A_26_LYS,A_84_GLN)
printing pajek edge (A_26_LYS,A_27_ARG)
printing pajek edge (A_26_LYS,A_45_ALA)
printing pajek edge (A_29_PRO,A_93_ARG)
printing pajek edge (A_29_PRO,A_30_GLY)
printing pajek edge (A_121_CYS,A_125_CYS)
printing pajek edge (A_121_CYS,A_124_PHE)
printing pajek edge (A_121_CYS,A_122_GLY)
printing pajek edge (A_121_CYS,A_122_GLY)
printing pajek edge (A_157_LEU,A_163_GLN)
printing pajek edge (A_157_LEU,A_158_ASN)
printing pajek edge (A_135_TRP,A_138_THR)
printing pajek edge (A_135_TRP,A_137_GLN)
printing pajek edge (A_135_TRP,A_145_THR)
printing pajek edge (A_135_TRP,A_136_PRO)
printing pajek edge (A_41_ILE,A_42_VAL)
printing pajek edge (A_76_ASP,A_87_TYR)
printing pajek edge (A_76_ASP,A_87_TYR)
printing pajek edge (A_76_ASP,A_77_GLN)
printing pajek edge (A_76_ASP,A_79_LEU)
printing pajek edge (A_76_ASP,A_108_LYS)
printing pajek edge (A_76_ASP,A_80_LYS)
printing pajek edge (A_84_GLN,A_85_PHE)
printing pajek edge (A_193_SER,A_199_HIS)
printing pajek edge (A_193_SER,A_194_ALA)
printing pajek edge (A_193_SER,A_196_SER)
printing pajek edge (A_60_ASN,A_61_PRO)
printing pajek edge (A_60_ASN,A_64_LYS)
printing pajek edge (A_60_ASN,A_65_THR)
printing pajek edge (A_60_ASN,A_62_ARG)
printing pajek edge (A_60_ASN,A_63_SER)
printing pajek edge (A_60_ASN,A_136_PRO)
printing pajek edge (A_178_GLU,A_192_ARG)
printing pajek edge (A_178_GLU,A_179_ARG)
printing pajek edge (A_178_GLU,A_188_SER)
printing pajek edge (A_178_GLU,A_185_ARG)
printing pajek edge (A_151_GLY,A_152_VAL)
printing pajek edge (A_156_MET,A_159_SER)
printing pajek edge (A_156_MET,A_157_LEU)
printing pajek edge (A_131_ALA,A_132_PHE)
printing pajek edge (A_131_ALA,A_135_TRP)
printing pajek edge (A_131_ALA,A_134_ASN)
printing pajek edge (A_54_TRP,A_121_CYS)
printing pajek edge (A_54_TRP,A_55_MET)
printing pajek edge (A_123_LEU,A_124_PHE)
printing pajek edge (A_123_LEU,A_126_CYS)
printing pajek edge (A_123_LEU,A_127_MET)
printing pajek edge (A_144_PRO,A_145_THR)
printing pajek edge (A_159_SER,A_160_PRO)
printing pajek edge (A_159_SER,A_162_VAL)
printing pajek edge (A_159_SER,A_163_GLN)
printing pajek edge (A_43_ASN,A_53_HIS)
printing pajek edge (A_43_ASN,A_54_TRP)
printing pajek edge (A_43_ASN,A_52_VAL)
printing pajek edge (A_43_ASN,A_44_THR)
printing pajek edge (A_43_ASN,A_44_THR)
printing pajek edge (A_43_ASN,A_45_ALA)
printing pajek edge (A_23_THR,A_47_ARG)
printing pajek edge (A_23_THR,A_24_TYR)
printing pajek edge (A_47_ARG,A_50_GLY)
printing pajek edge (A_47_ARG,A_48_GLU)
printing pajek edge (A_14_LEU,A_130_HIS)
printing pajek edge (A_14_LEU,A_15_GLY)
printing pajek edge (A_106_LEU,A_107_GLU)
printing pajek edge (A_7_LEU,A_8_LYS)
printing pajek edge (A_7_LEU,A_11_VAL)
printing pajek edge (A_7_LEU,A_10_ILE)
printing pajek edge (A_86_GLU,A_87_TYR)
printing pajek edge (A_186_SER,A_187_HIS)
printing pajek edge (A_186_SER,A_187_HIS)
printing pajek edge (A_37_LEU,A_38_ALA)
printing pajek edge (A_4_GLU,A_23_THR)
printing pajek edge (A_4_GLU,A_7_LEU)
printing pajek edge (A_4_GLU,A_5_GLN)
printing pajek edge (A_4_GLU,A_47_ARG)
printing pajek edge (A_4_GLU,A_8_LYS)
printing pajek edge (A_184_PHE,A_187_HIS)
printing pajek edge (A_184_PHE,A_188_SER)
printing pajek edge (A_184_PHE,A_185_ARG)
printing pajek edge (A_95_ALA,A_99_SER)
printing pajek edge (A_95_ALA,A_96_ILE)
printing pajek edge (A_95_ALA,A_98_SER)
printing pajek edge (A_147_ASN,A_148_LEU)
printing pajek edge (A_52_VAL,A_53_HIS)
printing pajek edge (A_10_ILE,A_14_LEU)
printing pajek edge (A_10_ILE,A_11_VAL)
printing pajek edge (A_10_ILE,A_13_ASP)
printing pajek edge (A_112_SER,A_113_VAL)
printing pajek edge (A_112_SER,A_152_VAL)
printing pajek edge (A_112_SER,A_154_ASN)
printing pajek edge (A_39_CYS,A_40_ALA)
printing pajek edge (A_5_GLN,A_9_ALA)
printing pajek edge (A_5_GLN,A_8_LYS)
printing pajek edge (A_5_GLN,A_6_GLU)
printing pajek edge (A_35_HIS,A_36_LYS)
printing pajek edge (A_170_GLN,A_171_GLU)
printing pajek edge (A_170_GLN,A_173_LEU)
printing pajek edge (A_170_GLN,A_174_TYR)
printing pajek edge (A_170_GLN,A_195_THR)
printing pajek edge (A_165_THR,A_166_LEU)
printing pajek edge (A_165_THR,A_169_ASN)
printing pajek edge (A_165_THR,A_168_ARG)
printing pajek edge (A_133_ALA,A_134_ASN)
printing pajek edge (A_197_PHE,A_198_CYS)
printing pajek edge (A_197_PHE,A_198_CYS)
printing pajek edge (A_172_GLN,A_173_LEU)
printing pajek edge (A_172_GLN,A_175_SER)
printing pajek edge (A_172_GLN,A_176_PHE)
