Graph START

Adding vertex (chain-A, position-1, res-ASP)
New vertex id: 0
1 2 3 4 5 6 7 8 
Adding vertex (chain-A, position-2, res-ARG)
New vertex id: 1
9 10 11 12 13 
Adding vertex (chain-A, position-3, res-LYS)
New vertex id: 2
14 15 16 17 18 19 20 21 22 
Adding vertex (chain-A, position-4, res-ALA)
New vertex id: 3
23 24 25 26 27 
Adding vertex (chain-A, position-5, res-VAL)
New vertex id: 4
28 29 30 31 32 33 34 
Adding vertex (chain-A, position-6, res-ILE)
New vertex id: 5
35 36 37 38 39 40 41 42 
Adding vertex (chain-A, position-7, res-LYS)
New vertex id: 6
43 44 45 46 47 48 49 50 51 
Adding vertex (chain-A, position-8, res-ASN)
New vertex id: 7
52 53 54 55 56 57 58 59 
Adding vertex (chain-A, position-9, res-ALA)
New vertex id: 8
60 61 62 63 64 
Adding vertex (chain-A, position-10, res-ASP)
New vertex id: 9
65 66 67 68 69 70 71 72 
Adding vertex (chain-A, position-11, res-MET)
New vertex id: 10
73 74 75 76 77 78 79 80 
Adding vertex (chain-A, position-12, res-SER)
New vertex id: 11
81 82 83 84 85 86 
Adding vertex (chain-A, position-13, res-GLU)
New vertex id: 12
87 88 89 90 91 92 93 94 95 
Adding vertex (chain-A, position-14, res-GLU)
New vertex id: 13
96 97 98 99 100 101 102 103 104 
Adding vertex (chain-A, position-15, res-MET)
New vertex id: 14
105 106 107 108 109 110 111 112 
Adding vertex (chain-A, position-16, res-GLN)
New vertex id: 15
113 114 115 116 117 118 119 120 121 
Adding vertex (chain-A, position-17, res-GLN)
New vertex id: 16
122 123 124 125 126 127 128 129 130 
Adding vertex (chain-A, position-18, res-ASP)
New vertex id: 17
131 132 133 134 135 136 137 138 
Adding vertex (chain-A, position-19, res-ALA)
New vertex id: 18
139 140 141 142 143 
Adding vertex (chain-A, position-20, res-VAL)
New vertex id: 19
144 145 146 147 148 149 150 
Adding vertex (chain-A, position-21, res-ASP)
New vertex id: 20
151 152 153 154 155 156 157 158 
Adding vertex (chain-A, position-22, res-CYS)
New vertex id: 21
159 160 161 162 163 164 
Adding vertex (chain-A, position-23, res-ALA)
New vertex id: 22
165 166 167 168 169 
Adding vertex (chain-A, position-24, res-THR)
New vertex id: 23
170 171 172 173 174 175 176 
Adding vertex (chain-A, position-25, res-GLN)
New vertex id: 24
177 178 179 180 181 182 183 184 185 
Adding vertex (chain-A, position-26, res-ALA)
New vertex id: 25
186 187 188 189 190 
Adding vertex (chain-A, position-27, res-LEU)
New vertex id: 26
191 192 193 194 195 196 197 198 
Adding vertex (chain-A, position-28, res-GLU)
New vertex id: 27
199 200 201 202 203 204 205 206 207 
Adding vertex (chain-A, position-29, res-LYS)
New vertex id: 28
208 209 210 211 212 213 214 215 216 
Adding vertex (chain-A, position-30, res-TYR)
New vertex id: 29
217 218 219 220 221 222 223 224 225 226 227 228 
Adding vertex (chain-A, position-31, res-ASN)
New vertex id: 30
229 230 231 232 233 234 235 236 
Adding vertex (chain-A, position-32, res-ILE)
New vertex id: 31
237 238 239 240 241 242 243 244 
Adding vertex (chain-A, position-33, res-GLU)
New vertex id: 32
245 246 247 248 249 250 251 252 253 
Adding vertex (chain-A, position-34, res-LYS)
New vertex id: 33
254 255 256 257 258 259 260 261 262 
Adding vertex (chain-A, position-35, res-ASP)
New vertex id: 34
263 264 265 266 267 268 269 270 
Adding vertex (chain-A, position-36, res-ILE)
New vertex id: 35
271 272 273 274 275 276 277 278 
Adding vertex (chain-A, position-37, res-ALA)
New vertex id: 36
279 280 281 282 283 
Adding vertex (chain-A, position-38, res-ALA)
New vertex id: 37
284 285 286 287 288 
Adding vertex (chain-A, position-39, res-TYR)
New vertex id: 38
289 290 291 292 293 294 295 296 297 298 299 300 
Adding vertex (chain-A, position-40, res-ILE)
New vertex id: 39
301 302 303 304 305 306 307 308 
Adding vertex (chain-A, position-41, res-LYS)
New vertex id: 40
309 310 311 312 313 314 315 316 317 
Adding vertex (chain-A, position-42, res-LYS)
New vertex id: 41
318 319 320 321 322 323 324 325 326 
Adding vertex (chain-A, position-43, res-GLU)
New vertex id: 42
327 328 329 330 331 332 333 334 335 
Adding vertex (chain-A, position-44, res-PHE)
New vertex id: 43
336 337 338 339 340 341 342 343 344 345 346 
Adding vertex (chain-A, position-45, res-ASP)
New vertex id: 44
347 348 349 350 351 352 353 354 
Adding vertex (chain-A, position-46, res-LYS)
New vertex id: 45
355 356 357 358 359 360 361 362 363 
Adding vertex (chain-A, position-47, res-LYS)
New vertex id: 46
364 365 366 367 368 369 370 371 372 
Adding vertex (chain-A, position-48, res-TYR)
New vertex id: 47
373 374 375 376 377 378 379 380 381 382 383 384 
Adding vertex (chain-A, position-49, res-ASN)
New vertex id: 48
385 386 387 388 389 390 391 392 
Adding vertex (chain-A, position-50, res-PRO)
New vertex id: 49
393 394 395 396 397 398 399 
Adding vertex (chain-A, position-51, res-THR)
New vertex id: 50
400 401 402 403 404 405 406 
Adding vertex (chain-A, position-52, res-TRP)
New vertex id: 51
407 408 409 410 411 412 413 414 415 416 417 418 419 420 
Adding vertex (chain-A, position-53, res-HIS)
New vertex id: 52
421 422 423 424 425 426 427 428 429 430 
Adding vertex (chain-A, position-54, res-CYS)
New vertex id: 53
431 432 433 434 435 436 
Adding vertex (chain-A, position-55, res-ILE)
New vertex id: 54
437 438 439 440 441 442 443 444 
Adding vertex (chain-A, position-56, res-VAL)
New vertex id: 55
445 446 447 448 449 450 451 
Adding vertex (chain-A, position-57, res-GLY)
New vertex id: 56
452 453 454 455 
Adding vertex (chain-A, position-58, res-ARG)
New vertex id: 57
456 457 458 459 460 461 462 463 464 465 466 
Adding vertex (chain-A, position-59, res-ASN)
New vertex id: 58
467 468 469 470 471 472 473 474 
Adding vertex (chain-A, position-60, res-PHE)
New vertex id: 59
475 476 477 478 479 480 481 482 483 484 485 
Adding vertex (chain-A, position-61, res-GLY)
New vertex id: 60
486 487 488 489 
Adding vertex (chain-A, position-62, res-SER)
New vertex id: 61
490 491 492 493 494 495 
Adding vertex (chain-A, position-63, res-TYR)
New vertex id: 62
496 497 498 499 500 501 502 503 504 505 506 507 
Adding vertex (chain-A, position-64, res-VAL)
New vertex id: 63
508 509 510 511 512 513 514 
Adding vertex (chain-A, position-65, res-THR)
New vertex id: 64
515 516 517 518 519 520 521 
Adding vertex (chain-A, position-66, res-HIS)
New vertex id: 65
522 523 524 525 526 527 528 529 530 531 
Adding vertex (chain-A, position-67, res-GLU)
New vertex id: 66
532 533 534 535 536 537 538 539 540 
Adding vertex (chain-A, position-68, res-THR)
New vertex id: 67
541 542 543 544 545 546 547 
Adding vertex (chain-A, position-69, res-ARG)
New vertex id: 68
548 549 550 551 552 553 554 555 556 557 558 
Adding vertex (chain-A, position-70, res-HIS)
New vertex id: 69
559 560 561 562 563 564 565 566 567 568 
Adding vertex (chain-A, position-71, res-PHE)
New vertex id: 70
569 570 571 572 573 574 575 576 577 578 579 
Adding vertex (chain-A, position-72, res-ILE)
New vertex id: 71
580 581 582 583 584 585 586 587 
Adding vertex (chain-A, position-73, res-TYR)
New vertex id: 72
588 589 590 591 592 593 594 595 596 597 598 599 
Adding vertex (chain-A, position-74, res-PHE)
New vertex id: 73
600 601 602 603 604 605 606 607 608 609 610 
Adding vertex (chain-A, position-75, res-TYR)
New vertex id: 74
611 612 613 614 615 616 617 618 619 620 621 622 
Adding vertex (chain-A, position-76, res-LEU)
New vertex id: 75
623 624 625 626 627 628 629 630 
Adding vertex (chain-A, position-77, res-GLY)
New vertex id: 76
631 632 633 634 
Adding vertex (chain-A, position-78, res-GLN)
New vertex id: 77
635 636 637 638 639 640 641 642 643 
Adding vertex (chain-A, position-79, res-VAL)
New vertex id: 78
644 645 646 647 648 649 650 
Adding vertex (chain-A, position-80, res-ALA)
New vertex id: 79
651 652 653 654 655 
Adding vertex (chain-A, position-81, res-ILE)
New vertex id: 80
656 657 658 659 660 661 662 663 
Adding vertex (chain-A, position-82, res-LEU)
New vertex id: 81
664 665 666 667 668 669 670 671 
Adding vertex (chain-A, position-83, res-LEU)
New vertex id: 82
672 673 674 675 676 677 678 679 
Adding vertex (chain-A, position-84, res-PHE)
New vertex id: 83
680 681 682 683 684 685 686 687 688 689 690 
Adding vertex (chain-A, position-85, res-LYS)
New vertex id: 84
691 692 693 694 695 696 697 698 699 
Adding vertex (chain-A, position-86, res-SER)
New vertex id: 85
700 701 702 703 704 705 
Adding vertex (chain-A, position-87, res-GLY)
New vertex id: 86
706 707 708 709 710 
Graph DONE

( reduce -FLIPs 2P1K.pdb > 2P1K.H.pdb ) >& /dev/null
Reduce (-FLIPs) returned 0
( bndlst -Radius0.3 2P1K.H.pdb > 2P1K.H.bndlst ) >& /dev/null
BndLst returned 0
Parsing 2P1K.H.bndlst

bndlst START
Adding bndlst edge: (A_D1_MC -> A_R2_MC) type[cov], weight[1.00] from 0 to 1 dist[1.33]
Adding bndlst edge: (A_R2_MC -> A_K3_MC) type[cov], weight[1.00] from 1 to 2 dist[1.33]
Adding bndlst edge: (A_K3_MC -> A_A4_MC) type[cov], weight[1.00] from 2 to 3 dist[1.33]
Adding bndlst edge: (A_K3_MC -> A_G77_MC) type[hb], weight[0.77] from 2 to 76 dist[2.28]
Adding bndlst edge: (A_A4_MC -> A_V5_MC) type[cov], weight[1.00] from 3 to 4 dist[1.33]
Adding bndlst edge: (A_V5_MC -> A_I6_MC) type[cov], weight[1.00] from 4 to 5 dist[1.33]
Adding bndlst edge: (A_V5_MC -> A_Y75_MC) type[hb], weight[1.14] from 4 to 74 dist[1.87]
Adding bndlst edge: (A_V5_MC -> A_Y75_MC) type[hb], weight[1.31] from 4 to 74 dist[1.75]
Adding bndlst edge: (A_I6_MC -> A_K7_MC) type[cov], weight[1.00] from 5 to 6 dist[1.33]
Adding bndlst edge: (A_K7_MC -> A_N8_MC) type[cov], weight[1.00] from 6 to 7 dist[1.32]
Adding bndlst edge: (A_K7_MC -> A_Y73_MC) type[hb], weight[1.04] from 6 to 72 dist[1.96]
Adding bndlst edge: (A_N8_MC -> A_A9_MC) type[cov], weight[1.00] from 7 to 8 dist[1.32]
Adding bndlst edge: (A_N8_MC -> A_Y73_MC) type[hb], weight[1.18] from 7 to 72 dist[1.84]
Adding bndlst edge: (A_N8_SC -> A_A9_MC) type[hb], weight[0.66] from 7 to 8 dist[2.46]
Adding bndlst edge: (A_N8_MC -> A_Y73_MC) type[hb], weight[0.82] from 7 to 72 dist[2.20]
Adding bndlst edge: (A_A9_MC -> A_D10_MC) type[cov], weight[1.00] from 8 to 9 dist[1.33]
Adding bndlst edge: (A_D10_MC -> A_M11_MC) type[cov], weight[1.00] from 9 to 10 dist[1.33]
Adding bndlst edge: (A_D10_MC -> A_F71_MC) type[hb], weight[1.15] from 9 to 70 dist[1.87]
Adding bndlst edge: (A_D10_SC -> A_R69_MC) type[hb], weight[0.68] from 9 to 68 dist[2.42]
Adding bndlst edge: (A_D10_SC -> A_H66_SC) type[hb], weight[0.73] from 9 to 65 dist[2.34]
Adding bndlst edge: (A_D10_SC -> A_R69_MC) type[hb], weight[1.23] from 9 to 68 dist[1.81]
Adding bndlst edge: (A_D10_MC -> A_F71_MC) type[hb], weight[1.32] from 9 to 70 dist[1.74]
Adding bndlst edge: (A_M11_MC -> A_S12_MC) type[cov], weight[1.00] from 10 to 11 dist[1.33]
Adding bndlst edge: (A_M11_MC -> A_Q16_SC) type[hb], weight[1.00] from 10 to 15 dist[2.00]
Adding bndlst edge: (A_S12_MC -> A_E13_MC) type[cov], weight[1.00] from 11 to 12 dist[1.33]
Adding bndlst edge: (A_S12_MC -> A_Q16_MC) type[hb], weight[0.79] from 11 to 15 dist[2.25]
Adding bndlst edge: (A_S12_MC -> A_M15_MC) type[hb], weight[0.78] from 11 to 14 dist[2.27]
Adding bndlst edge: (A_S12_SC -> A_M15_MC) type[hb], weight[0.59] from 11 to 14 dist[2.61]
Adding bndlst edge: (A_S12_SC -> A_M15_SC) type[hb], weight[0.54] from 11 to 14 dist[2.73]
Adding bndlst edge: (A_E13_MC -> A_E14_MC) type[cov], weight[1.00] from 12 to 13 dist[1.33]
Adding bndlst edge: (A_E13_MC -> A_Q16_MC) type[hb], weight[0.50] from 12 to 15 dist[2.81]
Adding bndlst edge: (A_E13_MC -> A_Q17_MC) type[hb], weight[0.74] from 12 to 16 dist[2.32]
Adding bndlst edge: (A_E14_MC -> A_M15_MC) type[cov], weight[1.00] from 13 to 14 dist[1.33]
Adding bndlst edge: (A_E14_MC -> A_D18_MC) type[hb], weight[0.71] from 13 to 17 dist[2.37]
Adding bndlst edge: (A_M15_MC -> A_Q16_MC) type[cov], weight[1.00] from 14 to 15 dist[1.33]
Adding bndlst edge: (A_M15_MC -> A_A19_MC) type[hb], weight[1.09] from 14 to 18 dist[1.92]
Adding bndlst edge: (A_M15_MC -> A_D18_MC) type[hb], weight[0.54] from 14 to 17 dist[2.72]
Adding bndlst edge: (A_Q16_MC -> A_Q17_MC) type[cov], weight[1.00] from 15 to 16 dist[1.33]
Adding bndlst edge: (A_Q16_MC -> A_A19_MC) type[hb], weight[0.57] from 15 to 18 dist[2.65]
Adding bndlst edge: (A_Q16_MC -> A_V20_MC) type[hb], weight[0.91] from 15 to 19 dist[2.10]
Adding bndlst edge: (A_Q17_MC -> A_D18_MC) type[cov], weight[1.00] from 16 to 17 dist[1.33]
Adding bndlst edge: (A_Q17_MC -> A_D21_MC) type[hb], weight[1.18] from 16 to 20 dist[1.84]
Adding bndlst edge: (A_Q17_MC -> A_V20_MC) type[hb], weight[0.52] from 16 to 19 dist[2.78]
Adding bndlst edge: (A_Q17_SC -> A_D21_SC) type[hb], weight[0.81] from 16 to 20 dist[2.22]
Adding bndlst edge: (A_D18_MC -> A_A19_MC) type[cov], weight[1.00] from 17 to 18 dist[1.33]
Adding bndlst edge: (A_D18_MC -> A_C22_MC) type[hb], weight[1.03] from 17 to 21 dist[1.97]
Adding bndlst edge: (A_D18_SC -> A_Y48_SC) type[hb], weight[1.21] from 17 to 47 dist[1.82]
Adding bndlst edge: (A_A19_MC -> A_V20_MC) type[cov], weight[1.00] from 18 to 19 dist[1.33]
Adding bndlst edge: (A_A19_MC -> A_C22_MC) type[hb], weight[0.45] from 18 to 21 dist[2.98]
Adding bndlst edge: (A_A19_MC -> A_A23_MC) type[hb], weight[1.06] from 18 to 22 dist[1.94]
Adding bndlst edge: (A_V20_MC -> A_D21_MC) type[cov], weight[1.00] from 19 to 20 dist[1.33]
Adding bndlst edge: (A_V20_MC -> A_T24_SC) type[hb], weight[1.11] from 19 to 23 dist[1.90]
Adding bndlst edge: (A_V20_MC -> A_T24_MC) type[hb], weight[1.03] from 19 to 23 dist[1.97]
Adding bndlst edge: (A_V20_MC -> A_A23_MC) type[hb], weight[0.48] from 19 to 22 dist[2.88]
Adding bndlst edge: (A_D21_MC -> A_C22_MC) type[cov], weight[1.00] from 20 to 21 dist[1.33]
Adding bndlst edge: (A_D21_MC -> A_Q25_MC) type[hb], weight[0.98] from 20 to 24 dist[2.02]
Adding bndlst edge: (A_D21_MC -> A_T24_MC) type[hb], weight[0.60] from 20 to 23 dist[2.59]
Adding bndlst edge: (A_C22_MC -> A_A23_MC) type[cov], weight[1.00] from 21 to 22 dist[1.33]
Adding bndlst edge: (A_C22_MC -> A_A26_MC) type[hb], weight[1.10] from 21 to 25 dist[1.90]
Adding bndlst edge: (A_C22_MC -> A_Q25_MC) type[hb], weight[0.55] from 21 to 24 dist[2.70]
Adding bndlst edge: (A_C22_SC -> A_Y39_SC) type[hb], weight[0.57] from 21 to 38 dist[2.66]
Adding bndlst edge: (A_C22_SC -> A_Y39_SC) type[hb], weight[0.47] from 21 to 38 dist[2.91]
Adding bndlst edge: (A_A23_MC -> A_T24_MC) type[cov], weight[1.00] from 22 to 23 dist[1.33]
Adding bndlst edge: (A_A23_MC -> A_L27_MC) type[hb], weight[1.03] from 22 to 26 dist[1.97]
Adding bndlst edge: (A_A23_MC -> A_A26_MC) type[hb], weight[0.53] from 22 to 25 dist[2.75]
Adding bndlst edge: (A_T24_MC -> A_Q25_MC) type[cov], weight[1.00] from 23 to 24 dist[1.33]
Adding bndlst edge: (A_T24_MC -> A_E28_MC) type[hb], weight[0.78] from 23 to 27 dist[2.27]
Adding bndlst edge: (A_T24_MC -> A_L27_MC) type[hb], weight[0.46] from 23 to 26 dist[2.94]
Adding bndlst edge: (A_Q25_MC -> A_A26_MC) type[cov], weight[1.00] from 24 to 25 dist[1.33]
Adding bndlst edge: (A_Q25_MC -> A_K29_MC) type[hb], weight[0.74] from 24 to 28 dist[2.33]
Adding bndlst edge: (A_Q25_MC -> A_E28_MC) type[hb], weight[0.64] from 24 to 27 dist[2.49]
Adding bndlst edge: (A_A26_MC -> A_L27_MC) type[cov], weight[1.00] from 25 to 26 dist[1.33]
Adding bndlst edge: (A_A26_MC -> A_Y30_MC) type[hb], weight[1.14] from 25 to 29 dist[1.87]
Adding bndlst edge: (A_A26_MC -> A_K29_MC) type[hb], weight[0.72] from 25 to 28 dist[2.36]
Adding bndlst edge: (A_L27_MC -> A_E28_MC) type[cov], weight[1.00] from 26 to 27 dist[1.33]
Adding bndlst edge: (A_E28_MC -> A_K29_MC) type[cov], weight[1.00] from 27 to 28 dist[1.33]
Adding bndlst edge: (A_K29_MC -> A_Y30_MC) type[cov], weight[1.00] from 28 to 29 dist[1.33]
Adding bndlst edge: (A_Y30_MC -> A_N31_MC) type[cov], weight[1.00] from 29 to 30 dist[1.33]
Adding bndlst edge: (A_N31_MC -> A_I32_MC) type[cov], weight[1.00] from 30 to 31 dist[1.34]
Adding bndlst edge: (A_I32_MC -> A_E33_MC) type[cov], weight[1.00] from 31 to 32 dist[1.33]
Adding bndlst edge: (A_I32_MC -> A_D35_MC) type[hb], weight[0.65] from 31 to 34 dist[2.48]
Adding bndlst edge: (A_I32_MC -> A_I36_MC) type[hb], weight[0.99] from 31 to 35 dist[2.01]
Adding bndlst edge: (A_E33_MC -> A_K34_MC) type[cov], weight[1.00] from 32 to 33 dist[1.33]
Adding bndlst edge: (A_E33_MC -> A_A37_MC) type[hb], weight[1.23] from 32 to 36 dist[1.80]
Adding bndlst edge: (A_E33_MC -> A_I36_MC) type[hb], weight[0.58] from 32 to 35 dist[2.63]
Adding bndlst edge: (A_K34_MC -> A_D35_MC) type[cov], weight[1.00] from 33 to 34 dist[1.34]
Adding bndlst edge: (A_K34_MC -> A_A38_MC) type[hb], weight[0.99] from 33 to 37 dist[2.01]
Adding bndlst edge: (A_D35_MC -> A_I36_MC) type[cov], weight[1.00] from 34 to 35 dist[1.33]
Adding bndlst edge: (A_D35_MC -> A_Y39_MC) type[hb], weight[0.92] from 34 to 38 dist[2.09]
Adding bndlst edge: (A_D35_MC -> A_A38_MC) type[hb], weight[0.49] from 34 to 37 dist[2.86]
Adding bndlst edge: (A_I36_MC -> A_A37_MC) type[cov], weight[1.00] from 35 to 36 dist[1.33]
Adding bndlst edge: (A_I36_MC -> A_Y39_MC) type[hb], weight[0.48] from 35 to 38 dist[2.90]
Adding bndlst edge: (A_I36_MC -> A_I40_MC) type[hb], weight[0.80] from 35 to 39 dist[2.24]
Adding bndlst edge: (A_A37_MC -> A_A38_MC) type[cov], weight[1.00] from 36 to 37 dist[1.33]
Adding bndlst edge: (A_A37_MC -> A_K41_MC) type[hb], weight[0.94] from 36 to 40 dist[2.07]
Adding bndlst edge: (A_A38_MC -> A_Y39_MC) type[cov], weight[1.00] from 37 to 38 dist[1.33]
Adding bndlst edge: (A_A38_MC -> A_K42_MC) type[hb], weight[0.90] from 37 to 41 dist[2.11]
Adding bndlst edge: (A_A38_MC -> A_K41_MC) type[hb], weight[0.48] from 37 to 40 dist[2.89]
Adding bndlst edge: (A_Y39_MC -> A_I40_MC) type[cov], weight[1.00] from 38 to 39 dist[1.33]
Adding bndlst edge: (A_Y39_MC -> A_E43_MC) type[hb], weight[0.73] from 38 to 42 dist[2.35]
Adding bndlst edge: (A_Y39_MC -> A_K42_MC) type[hb], weight[0.51] from 38 to 41 dist[2.80]
Adding bndlst edge: (A_I40_MC -> A_K41_MC) type[cov], weight[1.00] from 39 to 40 dist[1.33]
Adding bndlst edge: (A_I40_MC -> A_E43_MC) type[hb], weight[0.53] from 39 to 42 dist[2.74]
Adding bndlst edge: (A_I40_MC -> A_F44_MC) type[hb], weight[0.81] from 39 to 43 dist[2.22]
Adding bndlst edge: (A_K41_MC -> A_K42_MC) type[cov], weight[1.00] from 40 to 41 dist[1.33]
Adding bndlst edge: (A_K41_MC -> A_D45_MC) type[hb], weight[1.06] from 40 to 44 dist[1.95]
Adding bndlst edge: (A_K41_MC -> A_F44_MC) type[hb], weight[0.53] from 40 to 43 dist[2.76]
Adding bndlst edge: (A_K41_SC -> A_W52_MC) type[hb], weight[0.50] from 40 to 51 dist[2.82]
Adding bndlst edge: (A_K41_SC -> A_D45_SC) type[salt], weight[1.30] from 40 to 44 dist[1.67]
Adding bndlst edge: (A_K41_SC -> A_D45_SC) type[salt], weight[0.44] from 40 to 44 dist[2.87]
Adding bndlst edge: (A_K41_SC -> A_W52_MC) type[hb], weight[1.46] from 40 to 51 dist[1.66]
Adding bndlst edge: (A_K42_MC -> A_E43_MC) type[cov], weight[1.00] from 41 to 42 dist[1.33]
Adding bndlst edge: (A_K42_MC -> A_K46_MC) type[hb], weight[0.73] from 41 to 45 dist[2.34]
Adding bndlst edge: (A_E43_MC -> A_F44_MC) type[cov], weight[1.00] from 42 to 43 dist[1.33]
Adding bndlst edge: (A_E43_MC -> A_K46_MC) type[hb], weight[0.56] from 42 to 45 dist[2.66]
Adding bndlst edge: (A_E43_MC -> A_K47_MC) type[hb], weight[1.26] from 42 to 46 dist[1.78]
Adding bndlst edge: (A_E43_SC -> A_K47_SC) type[salt], weight[0.57] from 42 to 46 dist[2.51]
Adding bndlst edge: (A_E43_SC -> A_K47_SC) type[salt], weight[0.47] from 42 to 46 dist[2.78]
Adding bndlst edge: (A_E43_SC -> A_K47_SC) type[salt], weight[1.31] from 42 to 46 dist[1.66]
Adding bndlst edge: (A_F44_MC -> A_D45_MC) type[cov], weight[1.00] from 43 to 44 dist[1.33]
Adding bndlst edge: (A_F44_MC -> A_Y48_MC) type[hb], weight[0.87] from 43 to 47 dist[2.14]
Adding bndlst edge: (A_F44_MC -> A_W52_SC) type[hb], weight[0.45] from 43 to 51 dist[2.99]
Adding bndlst edge: (A_D45_MC -> A_K46_MC) type[cov], weight[1.00] from 44 to 45 dist[1.33]
Adding bndlst edge: (A_D45_SC -> A_W52_MC) type[hb], weight[1.12] from 44 to 51 dist[1.89]
Adding bndlst edge: (A_K46_MC -> A_K47_MC) type[cov], weight[1.00] from 45 to 46 dist[1.33]
Adding bndlst edge: (A_K47_MC -> A_Y48_MC) type[cov], weight[1.00] from 46 to 47 dist[1.33]
Adding bndlst edge: (A_Y48_MC -> A_N49_MC) type[cov], weight[1.00] from 47 to 48 dist[1.32]
Adding bndlst edge: (A_N49_MC -> A_P50_MC) type[cov], weight[1.00] from 48 to 49 dist[1.34]
Adding bndlst edge: (A_N49_MC -> A_W52_SC) type[hb], weight[0.75] from 48 to 51 dist[2.31]
Adding bndlst edge: (A_P50_MC -> A_T51_MC) type[cov], weight[1.00] from 49 to 50 dist[1.33]
Adding bndlst edge: (A_P50_MC -> A_T51_MC) type[hb], weight[0.62] from 49 to 50 dist[2.55]
Adding bndlst edge: (A_T51_MC -> A_W52_MC) type[cov], weight[1.00] from 50 to 51 dist[1.33]
Adding bndlst edge: (A_T51_MC -> A_S86_MC) type[hb], weight[0.89] from 50 to 85 dist[2.12]
Adding bndlst edge: (A_T51_MC -> A_G87_MC) type[hb], weight[0.85] from 50 to 86 dist[2.17]
Adding bndlst edge: (A_W52_MC -> A_H53_MC) type[cov], weight[1.00] from 51 to 52 dist[1.33]
Adding bndlst edge: (A_W52_SC -> A_H70_SC) type[hb], weight[0.44] from 51 to 69 dist[3.01]
Adding bndlst edge: (A_W52_SC -> A_H70_SC) type[hb], weight[0.48] from 51 to 69 dist[2.88]
Adding bndlst edge: (A_H53_MC -> A_C54_MC) type[cov], weight[1.00] from 52 to 53 dist[1.33]
Adding bndlst edge: (A_H53_MC -> A_F84_MC) type[hb], weight[0.79] from 52 to 83 dist[2.26]
Adding bndlst edge: (A_H53_SC -> A_S86_MC) type[hb], weight[0.39] from 52 to 85 dist[3.20]
Adding bndlst edge: (A_H53_SC -> A_S86_MC) type[hb], weight[0.40] from 52 to 85 dist[3.15]
Adding bndlst edge: (A_H53_MC -> A_F84_MC) type[hb], weight[0.93] from 52 to 83 dist[2.08]
Adding bndlst edge: (A_H53_SC -> A_F84_SC) type[hb], weight[0.43] from 52 to 83 dist[3.07]
Adding bndlst edge: (A_H53_SC -> A_F84_SC) type[hb], weight[0.55] from 52 to 83 dist[2.71]
Adding bndlst edge: (A_H53_SC -> A_F84_SC) type[hb], weight[0.41] from 52 to 83 dist[3.11]
Adding bndlst edge: (A_C54_MC -> A_I55_MC) type[cov], weight[1.00] from 53 to 54 dist[1.33]
Adding bndlst edge: (A_I55_MC -> A_V56_MC) type[cov], weight[1.00] from 54 to 55 dist[1.33]
Adding bndlst edge: (A_I55_MC -> A_L82_MC) type[hb], weight[1.22] from 54 to 81 dist[1.81]
Adding bndlst edge: (A_I55_MC -> A_L82_MC) type[hb], weight[1.11] from 54 to 81 dist[1.90]
Adding bndlst edge: (A_V56_MC -> A_G57_MC) type[cov], weight[1.00] from 55 to 56 dist[1.33]
Adding bndlst edge: (A_G57_MC -> A_R58_MC) type[cov], weight[1.00] from 56 to 57 dist[1.33]
Adding bndlst edge: (A_G57_MC -> A_A80_MC) type[hb], weight[0.97] from 56 to 79 dist[2.03]
Adding bndlst edge: (A_G57_MC -> A_A80_MC) type[hb], weight[0.84] from 56 to 79 dist[2.18]
Adding bndlst edge: (A_R58_MC -> A_N59_MC) type[cov], weight[1.00] from 57 to 58 dist[1.33]
Adding bndlst edge: (A_N59_MC -> A_F60_MC) type[cov], weight[1.00] from 58 to 59 dist[1.33]
Adding bndlst edge: (A_F60_MC -> A_G61_MC) type[cov], weight[1.00] from 59 to 60 dist[1.32]
Adding bndlst edge: (A_G61_MC -> A_S62_MC) type[cov], weight[1.00] from 60 to 61 dist[1.32]
Adding bndlst edge: (A_S62_MC -> A_Y63_MC) type[cov], weight[1.00] from 61 to 62 dist[1.32]
Adding bndlst edge: (A_Y63_MC -> A_V64_MC) type[cov], weight[1.00] from 62 to 63 dist[1.33]
Adding bndlst edge: (A_V64_MC -> A_T65_MC) type[cov], weight[1.00] from 63 to 64 dist[1.33]
Adding bndlst edge: (A_T65_MC -> A_H66_MC) type[cov], weight[1.00] from 64 to 65 dist[1.33]
Adding bndlst edge: (A_T65_MC -> A_S86_SC) type[hb], weight[0.49] from 64 to 85 dist[2.85]
Adding bndlst edge: (A_H66_MC -> A_E67_MC) type[cov], weight[1.00] from 65 to 66 dist[1.33]
Adding bndlst edge: (A_H66_SC -> A_F71_SC) type[hb], weight[0.39] from 65 to 70 dist[3.19]
Adding bndlst edge: (A_E67_MC -> A_T68_MC) type[cov], weight[1.00] from 66 to 67 dist[1.33]
Adding bndlst edge: (A_E67_MC -> A_H70_MC) type[hb], weight[0.86] from 66 to 69 dist[2.16]
Adding bndlst edge: (A_E67_SC -> A_K85_SC) type[salt], weight[0.58] from 66 to 84 dist[2.49]
Adding bndlst edge: (A_E67_SC -> A_K85_SC) type[salt], weight[0.69] from 66 to 84 dist[2.28]
Adding bndlst edge: (A_E67_SC -> A_K85_SC) type[salt], weight[0.42] from 66 to 84 dist[2.92]
Adding bndlst edge: (A_E67_MC -> A_K85_MC) type[hb], weight[1.06] from 66 to 84 dist[1.95]
Adding bndlst edge: (A_T68_MC -> A_R69_MC) type[cov], weight[1.00] from 67 to 68 dist[1.33]
Adding bndlst edge: (A_T68_MC -> A_H70_MC) type[hb], weight[0.48] from 67 to 69 dist[2.89]
Adding bndlst edge: (A_R69_MC -> A_H70_MC) type[cov], weight[1.00] from 68 to 69 dist[1.33]
Adding bndlst edge: (A_H70_MC -> A_F71_MC) type[cov], weight[1.00] from 69 to 70 dist[1.33]
Adding bndlst edge: (A_H70_MC -> A_K85_MC) type[hb], weight[0.93] from 69 to 84 dist[2.07]
Adding bndlst edge: (A_F71_MC -> A_I72_MC) type[cov], weight[1.00] from 70 to 71 dist[1.33]
Adding bndlst edge: (A_I72_MC -> A_Y73_MC) type[cov], weight[1.00] from 71 to 72 dist[1.32]
Adding bndlst edge: (A_I72_MC -> A_L83_MC) type[hb], weight[0.90] from 71 to 82 dist[2.11]
Adding bndlst edge: (A_I72_MC -> A_L83_MC) type[hb], weight[0.92] from 71 to 82 dist[2.09]
Adding bndlst edge: (A_Y73_MC -> A_F74_MC) type[cov], weight[1.00] from 72 to 73 dist[1.33]
Adding bndlst edge: (A_F74_MC -> A_Y75_MC) type[cov], weight[1.00] from 73 to 74 dist[1.33]
Adding bndlst edge: (A_F74_MC -> A_I81_MC) type[hb], weight[1.41] from 73 to 80 dist[1.68]
Adding bndlst edge: (A_F74_MC -> A_I81_MC) type[hb], weight[1.01] from 73 to 80 dist[1.99]
Adding bndlst edge: (A_Y75_MC -> A_L76_MC) type[cov], weight[1.00] from 74 to 75 dist[1.32]
Adding bndlst edge: (A_L76_MC -> A_G77_MC) type[cov], weight[1.00] from 75 to 76 dist[1.33]
Adding bndlst edge: (A_L76_MC -> A_V79_MC) type[hb], weight[0.48] from 75 to 78 dist[2.89]
Adding bndlst edge: (A_L76_MC -> A_V79_MC) type[hb], weight[0.95] from 75 to 78 dist[2.05]
Adding bndlst edge: (A_G77_MC -> A_Q78_MC) type[cov], weight[1.00] from 76 to 77 dist[1.33]
Adding bndlst edge: (A_Q78_MC -> A_V79_MC) type[cov], weight[1.00] from 77 to 78 dist[1.33]
Adding bndlst edge: (A_V79_MC -> A_A80_MC) type[cov], weight[1.00] from 78 to 79 dist[1.32]
Adding bndlst edge: (A_A80_MC -> A_I81_MC) type[cov], weight[1.00] from 79 to 80 dist[1.32]
Adding bndlst edge: (A_I81_MC -> A_L82_MC) type[cov], weight[1.00] from 80 to 81 dist[1.33]
Adding bndlst edge: (A_L82_MC -> A_L83_MC) type[cov], weight[1.00] from 81 to 82 dist[1.33]
Adding bndlst edge: (A_L83_MC -> A_F84_MC) type[cov], weight[1.00] from 82 to 83 dist[1.32]
Adding bndlst edge: (A_F84_MC -> A_K85_MC) type[cov], weight[1.00] from 83 to 84 dist[1.33]
Adding bndlst edge: (A_K85_MC -> A_S86_MC) type[cov], weight[1.00] from 84 to 85 dist[1.33]
Adding bndlst edge: (A_S86_MC -> A_G87_MC) type[cov], weight[1.00] from 85 to 86 dist[1.33]

bndlst DONE

Producing PAJEK network
printing pajek edge (A_34_LYS,A_35_ASP)
printing pajek edge (A_34_LYS,A_38_ALA)
printing pajek edge (A_33_GLU,A_36_ILE)
printing pajek edge (A_33_GLU,A_34_LYS)
printing pajek edge (A_33_GLU,A_37_ALA)
printing pajek edge (A_64_VAL,A_65_THR)
printing pajek edge (A_22_CYS,A_39_TYR)
printing pajek edge (A_22_CYS,A_26_ALA)
printing pajek edge (A_22_CYS,A_23_ALA)
printing pajek edge (A_22_CYS,A_25_GLN)
printing pajek edge (A_72_ILE,A_73_TYR)
printing pajek edge (A_72_ILE,A_83_LEU)
printing pajek edge (A_8_ASN,A_9_ALA)
printing pajek edge (A_8_ASN,A_9_ALA)
printing pajek edge (A_8_ASN,A_73_TYR)
printing pajek edge (A_81_ILE,A_82_LEU)
printing pajek edge (A_27_LEU,A_28_GLU)
printing pajek edge (A_19_ALA,A_23_ALA)
printing pajek edge (A_19_ALA,A_22_CYS)
printing pajek edge (A_19_ALA,A_20_VAL)
printing pajek edge (A_73_TYR,A_74_PHE)
printing pajek edge (A_17_GLN,A_20_VAL)
printing pajek edge (A_17_GLN,A_18_ASP)
printing pajek edge (A_17_GLN,A_21_ASP)
printing pajek edge (A_45_ASP,A_46_LYS)
printing pajek edge (A_45_ASP,A_52_TRP)
printing pajek edge (A_56_VAL,A_57_GLY)
printing pajek edge (A_85_LYS,A_86_SER)
printing pajek edge (A_75_TYR,A_76_LEU)
printing pajek edge (A_28_GLU,A_29_LYS)
printing pajek edge (A_58_ARG,A_59_ASN)
printing pajek edge (A_62_SER,A_63_TYR)
printing pajek edge (A_21_ASP,A_22_CYS)
printing pajek edge (A_21_ASP,A_25_GLN)
printing pajek edge (A_21_ASP,A_24_THR)
printing pajek edge (A_11_MET,A_12_SER)
printing pajek edge (A_11_MET,A_16_GLN)
printing pajek edge (A_32_ILE,A_36_ILE)
printing pajek edge (A_32_ILE,A_33_GLU)
printing pajek edge (A_32_ILE,A_35_ASP)
printing pajek edge (A_36_ILE,A_39_TYR)
printing pajek edge (A_36_ILE,A_40_ILE)
printing pajek edge (A_36_ILE,A_37_ALA)
printing pajek edge (A_12_SER,A_13_GLU)
printing pajek edge (A_12_SER,A_15_MET)
printing pajek edge (A_12_SER,A_16_GLN)
printing pajek edge (A_79_VAL,A_80_ALA)
printing pajek edge (A_49_ASN,A_50_PRO)
printing pajek edge (A_49_ASN,A_52_TRP)
printing pajek edge (A_78_GLN,A_79_VAL)
printing pajek edge (A_66_HIS,A_71_PHE)
printing pajek edge (A_66_HIS,A_67_GLU)
printing pajek edge (A_30_TYR,A_31_ASN)
printing pajek edge (A_51_THR,A_86_SER)
printing pajek edge (A_51_THR,A_87_GLY)
printing pajek edge (A_51_THR,A_52_TRP)
printing pajek edge (A_40_ILE,A_43_GLU)
printing pajek edge (A_40_ILE,A_41_LYS)
printing pajek edge (A_40_ILE,A_44_PHE)
printing pajek edge (A_65_THR,A_86_SER)
printing pajek edge (A_65_THR,A_66_HIS)
printing pajek edge (A_59_ASN,A_60_PHE)
printing pajek edge (A_42_LYS,A_43_GLU)
printing pajek edge (A_42_LYS,A_46_LYS)
printing pajek edge (A_13_GLU,A_17_GLN)
printing pajek edge (A_13_GLU,A_14_GLU)
printing pajek edge (A_13_GLU,A_16_GLN)
printing pajek edge (A_16_GLN,A_19_ALA)
printing pajek edge (A_16_GLN,A_20_VAL)
printing pajek edge (A_16_GLN,A_17_GLN)
printing pajek edge (A_82_LEU,A_83_LEU)
printing pajek edge (A_53_HIS,A_86_SER)
printing pajek edge (A_53_HIS,A_54_CYS)
printing pajek edge (A_53_HIS,A_84_PHE)
printing pajek edge (A_61_GLY,A_62_SER)
printing pajek edge (A_57_GLY,A_58_ARG)
printing pajek edge (A_57_GLY,A_80_ALA)
printing pajek edge (A_74_PHE,A_75_TYR)
printing pajek edge (A_74_PHE,A_81_ILE)
printing pajek edge (A_67_GLU,A_85_LYS)
printing pajek edge (A_67_GLU,A_85_LYS)
printing pajek edge (A_67_GLU,A_70_HIS)
printing pajek edge (A_67_GLU,A_68_THR)
printing pajek edge (A_46_LYS,A_47_LYS)
printing pajek edge (A_77_GLY,A_78_GLN)
printing pajek edge (A_20_VAL,A_23_ALA)
printing pajek edge (A_20_VAL,A_24_THR)
printing pajek edge (A_20_VAL,A_21_ASP)
printing pajek edge (A_63_TYR,A_64_VAL)
printing pajek edge (A_55_ILE,A_82_LEU)
printing pajek edge (A_55_ILE,A_56_VAL)
printing pajek edge (A_68_THR,A_70_HIS)
printing pajek edge (A_68_THR,A_69_ARG)
printing pajek edge (A_71_PHE,A_72_ILE)
printing pajek edge (A_69_ARG,A_70_HIS)
printing pajek edge (A_3_LYS,A_4_ALA)
printing pajek edge (A_3_LYS,A_77_GLY)
printing pajek edge (A_18_ASP,A_22_CYS)
printing pajek edge (A_18_ASP,A_19_ALA)
printing pajek edge (A_18_ASP,A_48_TYR)
printing pajek edge (A_2_ARG,A_3_LYS)
printing pajek edge (A_31_ASN,A_32_ILE)
printing pajek edge (A_83_LEU,A_84_PHE)
printing pajek edge (A_26_ALA,A_29_LYS)
printing pajek edge (A_26_ALA,A_27_LEU)
printing pajek edge (A_26_ALA,A_30_TYR)
printing pajek edge (A_29_LYS,A_30_TYR)
printing pajek edge (A_84_PHE,A_85_LYS)
printing pajek edge (A_76_LEU,A_77_GLY)
printing pajek edge (A_76_LEU,A_79_VAL)
printing pajek edge (A_41_LYS,A_52_TRP)
printing pajek edge (A_41_LYS,A_44_PHE)
printing pajek edge (A_41_LYS,A_45_ASP)
printing pajek edge (A_41_LYS,A_45_ASP)
printing pajek edge (A_41_LYS,A_42_LYS)
printing pajek edge (A_15_MET,A_19_ALA)
printing pajek edge (A_15_MET,A_18_ASP)
printing pajek edge (A_15_MET,A_16_GLN)
printing pajek edge (A_70_HIS,A_85_LYS)
printing pajek edge (A_70_HIS,A_71_PHE)
printing pajek edge (A_60_PHE,A_61_GLY)
printing pajek edge (A_50_PRO,A_51_THR)
printing pajek edge (A_50_PRO,A_51_THR)
printing pajek edge (A_25_GLN,A_28_GLU)
printing pajek edge (A_25_GLN,A_26_ALA)
printing pajek edge (A_25_GLN,A_29_LYS)
printing pajek edge (A_54_CYS,A_55_ILE)
printing pajek edge (A_80_ALA,A_81_ILE)
printing pajek edge (A_23_ALA,A_26_ALA)
printing pajek edge (A_23_ALA,A_27_LEU)
printing pajek edge (A_23_ALA,A_24_THR)
printing pajek edge (A_43_GLU,A_47_LYS)
printing pajek edge (A_43_GLU,A_47_LYS)
printing pajek edge (A_43_GLU,A_46_LYS)
printing pajek edge (A_43_GLU,A_44_PHE)
printing pajek edge (A_1_ASP,A_2_ARG)
printing pajek edge (A_47_LYS,A_48_TYR)
printing pajek edge (A_24_THR,A_28_GLU)
printing pajek edge (A_24_THR,A_25_GLN)
printing pajek edge (A_24_THR,A_27_LEU)
printing pajek edge (A_14_GLU,A_18_ASP)
printing pajek edge (A_14_GLU,A_15_MET)
printing pajek edge (A_7_LYS,A_73_TYR)
printing pajek edge (A_7_LYS,A_8_ASN)
printing pajek edge (A_86_SER,A_87_GLY)
printing pajek edge (A_4_ALA,A_5_VAL)
printing pajek edge (A_37_ALA,A_41_LYS)
printing pajek edge (A_37_ALA,A_38_ALA)
printing pajek edge (A_10_ASP,A_71_PHE)
printing pajek edge (A_10_ASP,A_69_ARG)
printing pajek edge (A_10_ASP,A_11_MET)
printing pajek edge (A_10_ASP,A_66_HIS)
printing pajek edge (A_52_TRP,A_70_HIS)
printing pajek edge (A_52_TRP,A_53_HIS)
printing pajek edge (A_48_TYR,A_49_ASN)
printing pajek edge (A_9_ALA,A_10_ASP)
printing pajek edge (A_39_TYR,A_43_GLU)
printing pajek edge (A_39_TYR,A_40_ILE)
printing pajek edge (A_39_TYR,A_42_LYS)
printing pajek edge (A_5_VAL,A_75_TYR)
printing pajek edge (A_5_VAL,A_6_ILE)
printing pajek edge (A_35_ASP,A_39_TYR)
printing pajek edge (A_35_ASP,A_36_ILE)
printing pajek edge (A_35_ASP,A_38_ALA)
printing pajek edge (A_38_ALA,A_39_TYR)
printing pajek edge (A_38_ALA,A_41_LYS)
printing pajek edge (A_38_ALA,A_42_LYS)
printing pajek edge (A_44_PHE,A_52_TRP)
printing pajek edge (A_44_PHE,A_45_ASP)
printing pajek edge (A_44_PHE,A_48_TYR)
printing pajek edge (A_6_ILE,A_7_LYS)
