Graph START

Adding vertex (chain-A, position-460, res-ILE)
New vertex id: 0
1 2 3 4 5 6 7 8 
Adding vertex (chain-A, position-461, res-THR)
New vertex id: 1
9 10 11 12 13 14 15 16 17 
Adding vertex (chain-A, position-462, res-ARG)
New vertex id: 2
18 19 20 21 22 23 24 25 26 27 28 29 30 31 32 33 34 
Adding vertex (chain-A, position-463, res-GLU)
New vertex id: 3
35 36 37 38 39 40 41 42 43 44 
Adding vertex (chain-A, position-464, res-PRO)
New vertex id: 4
45 46 47 48 49 50 51 
Adding vertex (chain-A, position-465, res-ARG)
New vertex id: 5
52 53 54 55 56 57 58 59 60 61 62 63 64 65 66 67 68 
Adding vertex (chain-A, position-466, res-LYS)
New vertex id: 6
69 70 71 72 73 74 75 76 77 78 79 80 81 
Adding vertex (chain-A, position-467, res-VAL)
New vertex id: 7
82 83 84 85 86 87 88 89 
Adding vertex (chain-A, position-468, res-VAL)
New vertex id: 8
90 91 92 93 94 95 96 97 
Adding vertex (chain-A, position-469, res-LEU)
New vertex id: 9
98 99 100 101 102 103 104 105 106 
Adding vertex (chain-A, position-470, res-HIS)
New vertex id: 10
107 108 109 110 111 112 113 114 115 116 117 118 119 
Adding vertex (chain-A, position-471, res-ARG)
New vertex id: 11
120 121 122 123 124 125 126 127 128 129 130 131 132 133 134 135 136 
Adding vertex (chain-A, position-472, res-GLY)
New vertex id: 12
137 138 139 140 141 
Adding vertex (chain-A, position-473, res-SER)
New vertex id: 13
142 143 144 145 146 147 148 149 
Adding vertex (chain-A, position-474, res-THR)
New vertex id: 14
150 151 152 153 154 155 156 157 158 
Adding vertex (chain-A, position-475, res-GLY)
New vertex id: 15
159 160 161 162 163 
Adding vertex (chain-A, position-476, res-LEU)
New vertex id: 16
164 165 166 167 168 169 170 171 172 
Adding vertex (chain-A, position-477, res-GLY)
New vertex id: 17
173 174 175 176 177 
Adding vertex (chain-A, position-478, res-PHE)
New vertex id: 18
178 179 180 181 182 183 184 185 186 187 188 189 
Adding vertex (chain-A, position-479, res-ASN)
New vertex id: 19
190 191 192 193 194 195 196 197 198 199 200 
Adding vertex (chain-A, position-480, res-ILE)
New vertex id: 20
201 202 203 204 205 206 207 208 209 
Adding vertex (chain-A, position-481, res-VAL)
New vertex id: 21
210 211 212 213 214 215 216 217 
Adding vertex (chain-A, position-482, res-GLY)
New vertex id: 22
218 219 220 221 222 
Adding vertex (chain-A, position-483, res-GLY)
New vertex id: 23
223 224 225 226 227 
Adding vertex (chain-A, position-484, res-GLU)
New vertex id: 24
228 229 230 231 232 233 234 235 236 237 
Adding vertex (chain-A, position-485, res-ASP)
New vertex id: 25
238 239 240 241 242 243 244 245 246 
Adding vertex (chain-A, position-486, res-GLY)
New vertex id: 26
247 248 249 250 251 
Adding vertex (chain-A, position-487, res-GLU)
New vertex id: 27
252 253 254 255 256 257 258 259 260 261 
Adding vertex (chain-A, position-488, res-GLY)
New vertex id: 28
262 263 264 265 266 
Adding vertex (chain-A, position-489, res-ILE)
New vertex id: 29
267 268 269 270 271 272 273 274 275 
Adding vertex (chain-A, position-490, res-PHE)
New vertex id: 30
276 277 278 279 280 281 282 283 284 285 286 287 
Adding vertex (chain-A, position-491, res-ILE)
New vertex id: 31
288 289 290 291 292 293 294 295 296 
Adding vertex (chain-A, position-492, res-SER)
New vertex id: 32
297 298 299 300 301 302 303 304 
Adding vertex (chain-A, position-493, res-PHE)
New vertex id: 33
305 306 307 308 309 310 311 312 313 314 315 316 
Adding vertex (chain-A, position-494, res-ILE)
New vertex id: 34
317 318 319 320 321 322 323 324 325 
Adding vertex (chain-A, position-495, res-LEU)
New vertex id: 35
326 327 328 329 330 331 332 333 334 
Adding vertex (chain-A, position-496, res-ALA)
New vertex id: 36
335 336 337 338 339 340 
Adding vertex (chain-A, position-497, res-GLY)
New vertex id: 37
341 342 343 344 345 
Adding vertex (chain-A, position-498, res-GLY)
New vertex id: 38
346 347 348 349 350 
Adding vertex (chain-A, position-499, res-PRO)
New vertex id: 39
351 352 353 354 355 356 357 
Adding vertex (chain-A, position-500, res-ALA)
New vertex id: 40
358 359 360 361 362 363 
Adding vertex (chain-A, position-501, res-ASP)
New vertex id: 41
364 365 366 367 368 369 370 371 372 
Adding vertex (chain-A, position-502, res-LEU)
New vertex id: 42
373 374 375 376 377 378 379 380 381 
Adding vertex (chain-A, position-503, res-SER)
New vertex id: 43
382 383 384 385 386 387 388 389 
Adding vertex (chain-A, position-504, res-GLY)
New vertex id: 44
390 391 392 393 394 
Adding vertex (chain-A, position-505, res-GLU)
New vertex id: 45
395 396 397 398 399 400 401 402 403 404 
Adding vertex (chain-A, position-506, res-LEU)
New vertex id: 46
405 406 407 408 409 410 411 412 413 
Adding vertex (chain-A, position-507, res-ARG)
New vertex id: 47
414 415 416 417 418 419 420 421 422 423 424 425 426 427 428 429 430 
Adding vertex (chain-A, position-508, res-LYS)
New vertex id: 48
431 432 433 434 435 436 437 438 439 440 441 442 443 
Adding vertex (chain-A, position-509, res-GLY)
New vertex id: 49
444 445 446 447 448 
Adding vertex (chain-A, position-510, res-ASP)
New vertex id: 50
449 450 451 452 453 454 455 456 457 
Adding vertex (chain-A, position-511, res-ARG)
New vertex id: 51
458 459 460 461 462 463 464 465 466 467 468 469 470 471 472 473 474 
Adding vertex (chain-A, position-512, res-ILE)
New vertex id: 52
475 476 477 478 479 480 481 482 483 
Adding vertex (chain-A, position-513, res-ILE)
New vertex id: 53
484 485 486 487 488 489 490 491 492 
Adding vertex (chain-A, position-514, res-SER)
New vertex id: 54
493 494 495 496 497 498 499 500 
Adding vertex (chain-A, position-515, res-VAL)
New vertex id: 55
501 502 503 504 505 506 507 508 
Adding vertex (chain-A, position-516, res-ASN)
New vertex id: 56
509 510 511 512 513 514 515 516 517 518 519 
Adding vertex (chain-A, position-517, res-SER)
New vertex id: 57
520 521 522 523 524 525 526 527 
Adding vertex (chain-A, position-518, res-VAL)
New vertex id: 58
528 529 530 531 532 533 534 535 
Adding vertex (chain-A, position-519, res-ASP)
New vertex id: 59
536 537 538 539 540 541 542 543 544 
Adding vertex (chain-A, position-520, res-LEU)
New vertex id: 60
545 546 547 548 549 550 551 552 553 
Adding vertex (chain-A, position-521, res-ARG)
New vertex id: 61
554 555 556 557 558 559 560 561 562 563 564 565 566 567 568 569 570 
Adding vertex (chain-A, position-522, res-ALA)
New vertex id: 62
571 572 573 574 575 576 
Adding vertex (chain-A, position-523, res-ALA)
New vertex id: 63
577 578 579 580 581 582 
Adding vertex (chain-A, position-524, res-SER)
New vertex id: 64
583 584 585 586 587 588 589 590 
Adding vertex (chain-A, position-525, res-HIS)
New vertex id: 65
591 592 593 594 595 596 597 598 599 600 601 602 603 
Adding vertex (chain-A, position-526, res-GLU)
New vertex id: 66
604 605 606 607 608 609 610 611 612 613 
Adding vertex (chain-A, position-527, res-GLN)
New vertex id: 67
614 615 616 617 618 619 620 621 622 623 624 625 
Adding vertex (chain-A, position-528, res-ALA)
New vertex id: 68
626 627 628 629 630 631 
Adding vertex (chain-A, position-529, res-ALA)
New vertex id: 69
632 633 634 635 636 637 
Adding vertex (chain-A, position-530, res-ALA)
New vertex id: 70
638 639 640 641 642 643 
Adding vertex (chain-A, position-531, res-ALA)
New vertex id: 71
644 645 646 647 648 649 
Adding vertex (chain-A, position-532, res-LEU)
New vertex id: 72
650 651 652 653 654 655 656 657 658 
Adding vertex (chain-A, position-533, res-LYS)
New vertex id: 73
659 660 661 662 663 664 665 666 667 668 669 670 671 
Adding vertex (chain-A, position-534, res-ASN)
New vertex id: 74
672 673 674 675 676 677 678 679 680 681 682 
Adding vertex (chain-A, position-535, res-ALA)
New vertex id: 75
683 684 685 686 687 688 
Adding vertex (chain-A, position-536, res-GLY)
New vertex id: 76
689 690 691 692 693 
Adding vertex (chain-A, position-537, res-GLN)
New vertex id: 77
694 695 696 697 698 699 700 701 702 703 704 705 
Adding vertex (chain-A, position-538, res-ALA)
New vertex id: 78
706 707 708 709 710 711 
Adding vertex (chain-A, position-539, res-VAL)
New vertex id: 79
712 713 714 715 716 717 718 719 
Adding vertex (chain-A, position-540, res-THR)
New vertex id: 80
720 721 722 723 724 725 726 727 728 
Adding vertex (chain-A, position-541, res-ILE)
New vertex id: 81
729 730 731 732 733 734 735 736 737 
Adding vertex (chain-A, position-542, res-VAL)
New vertex id: 82
738 739 740 741 742 743 744 745 
Adding vertex (chain-A, position-543, res-ALA)
New vertex id: 83
746 747 748 749 750 751 
Adding vertex (chain-A, position-544, res-GLN)
New vertex id: 84
752 753 754 755 756 757 758 759 760 761 762 763 
Adding vertex (chain-A, position-545, res-TYR)
New vertex id: 85
764 765 766 767 768 769 770 771 772 773 774 775 776 777 
Adding vertex (chain-A, position-546, res-ARG)
New vertex id: 86
778 779 780 781 782 783 784 785 786 787 788 789 790 791 792 793 794 
Adding vertex (chain-A, position-547, res-PRO)
New vertex id: 87
795 796 797 798 799 800 801 
Adding vertex (chain-A, position-548, res-GLU)
New vertex id: 88
802 803 804 805 806 807 808 809 810 811 
Adding vertex (chain-A, position-549, res-GLU)
New vertex id: 89
812 813 814 815 816 817 818 819 820 821 
Adding vertex (chain-A, position-550, res-TYR)
New vertex id: 90
822 823 824 825 826 827 828 829 830 831 832 833 834 835 
Adding vertex (chain-A, position-551, res-SER)
New vertex id: 91
836 837 838 839 840 841 842 843 
Adding vertex (chain-A, position-552, res-ARG)
New vertex id: 92
844 845 846 847 848 849 850 851 852 853 854 855 856 857 858 859 860 
Adding vertex (chain-A, position-553, res-GLN)
New vertex id: 93
861 862 863 864 865 866 867 868 869 870 871 872 
Adding vertex (chain-A, position-554, res-HIS)
New vertex id: 94
873 874 875 876 877 878 879 880 881 882 883 884 885 
Adding vertex (chain-A, position-555, res-ALA)
New vertex id: 95
886 887 888 889 890 891 892 
Graph DONE

( reduce -FLIPs 1TP5.pdb > 1TP5.H.pdb ) >& /dev/null
Reduce (-FLIPs) returned 0
( bndlst -Radius0.3 1TP5.H.pdb > 1TP5.H.bndlst ) >& /dev/null
BndLst returned 0
Parsing 1TP5.H.bndlst

bndlst START
Adding bndlst edge: (A_I460_MC -> A_T461_MC) type[cov], weight[1.00] from 0 to 1 dist[1.33]
Adding bndlst edge: (A_I460_MC -> A_R462_SC) type[hb], weight[0.56] from 0 to 2 dist[2.68]
Adding bndlst edge: (A_T461_MC -> A_R462_MC) type[cov], weight[1.00] from 1 to 2 dist[1.33]
Adding bndlst edge: (A_R462_MC -> A_E463_MC) type[cov], weight[1.00] from 2 to 3 dist[1.33]
Adding bndlst edge: (A_R462_MC -> A_Q544_SC) type[hb], weight[0.56] from 2 to 84 dist[2.67]
Adding bndlst edge: (A_R462_SC -> A_E548_SC) type[salt], weight[0.65] from 2 to 88 dist[2.36]
Adding bndlst edge: (A_R462_SC -> A_E548_SC) type[salt], weight[0.86] from 2 to 88 dist[2.05]
Adding bndlst edge: (A_R462_SC -> A_E548_SC) type[salt], weight[0.91] from 2 to 88 dist[1.99]
Adding bndlst edge: (A_R462_SC -> A_E548_SC) type[salt], weight[0.65] from 2 to 88 dist[2.36]
Adding bndlst edge: (A_R462_SC -> A_E548_SC) type[salt], weight[0.85] from 2 to 88 dist[2.06]
Adding bndlst edge: (A_R462_SC -> A_E548_SC) type[salt], weight[0.91] from 2 to 88 dist[1.99]
Adding bndlst edge: (A_E463_MC -> A_P464_MC) type[cov], weight[1.00] from 3 to 4 dist[1.34]
Adding bndlst edge: (A_P464_MC -> A_R465_MC) type[cov], weight[1.00] from 4 to 5 dist[1.33]
Adding bndlst edge: (A_R465_MC -> A_K466_MC) type[cov], weight[1.00] from 5 to 6 dist[1.32]
Adding bndlst edge: (A_R465_MC -> A_A543_MC) type[hb], weight[1.00] from 5 to 83 dist[2.00]
Adding bndlst edge: (A_R465_MC -> A_A543_MC) type[hb], weight[1.15] from 5 to 83 dist[1.86]
Adding bndlst edge: (A_R465_SC -> A_E505_MC) type[hb], weight[0.52] from 5 to 45 dist[2.76]
Adding bndlst edge: (A_R465_SC -> A_E505_MC) type[hb], weight[0.79] from 5 to 45 dist[2.25]
Adding bndlst edge: (A_R465_SC -> A_D510_SC) type[salt], weight[0.49] from 5 to 50 dist[2.71]
Adding bndlst edge: (A_R465_SC -> A_D510_SC) type[salt], weight[0.83] from 5 to 50 dist[2.08]
Adding bndlst edge: (A_R465_SC -> A_D510_SC) type[salt], weight[0.96] from 5 to 50 dist[1.94]
Adding bndlst edge: (A_R465_SC -> A_E505_MC) type[hb], weight[0.52] from 5 to 45 dist[2.77]
Adding bndlst edge: (A_R465_SC -> A_E505_MC) type[hb], weight[0.79] from 5 to 45 dist[2.24]
Adding bndlst edge: (A_R465_SC -> A_D510_SC) type[salt], weight[0.49] from 5 to 50 dist[2.71]
Adding bndlst edge: (A_R465_SC -> A_D510_SC) type[salt], weight[0.82] from 5 to 50 dist[2.10]
Adding bndlst edge: (A_R465_SC -> A_D510_SC) type[salt], weight[0.99] from 5 to 50 dist[1.91]
Adding bndlst edge: (A_K466_MC -> A_V467_MC) type[cov], weight[1.00] from 6 to 7 dist[1.33]
Adding bndlst edge: (A_V467_MC -> A_V468_MC) type[cov], weight[1.00] from 7 to 8 dist[1.33]
Adding bndlst edge: (A_V467_MC -> A_I541_MC) type[hb], weight[1.20] from 7 to 81 dist[1.82]
Adding bndlst edge: (A_V467_MC -> A_I541_MC) type[hb], weight[1.29] from 7 to 81 dist[1.76]
Adding bndlst edge: (A_V468_MC -> A_L469_MC) type[cov], weight[1.00] from 8 to 9 dist[1.33]
Adding bndlst edge: (A_L469_MC -> A_H470_MC) type[cov], weight[1.00] from 9 to 10 dist[1.32]
Adding bndlst edge: (A_L469_MC -> A_V539_MC) type[hb], weight[1.18] from 9 to 79 dist[1.84]
Adding bndlst edge: (A_L469_MC -> A_V539_MC) type[hb], weight[1.14] from 9 to 79 dist[1.87]
Adding bndlst edge: (A_H470_MC -> A_R471_MC) type[cov], weight[1.00] from 10 to 11 dist[1.33]
Adding bndlst edge: (A_R471_MC -> A_G472_MC) type[cov], weight[1.00] from 11 to 12 dist[1.33]
Adding bndlst edge: (A_R471_MC -> A_Q537_SC) type[hb], weight[1.03] from 11 to 77 dist[1.97]
Adding bndlst edge: (A_R471_MC -> A_Q537_MC) type[hb], weight[0.95] from 11 to 77 dist[2.05]
Adding bndlst edge: (A_R471_SC -> A_G536_MC) type[hb], weight[1.17] from 11 to 76 dist[1.85]
Adding bndlst edge: (A_R471_SC -> A_T474_MC) type[hb], weight[1.11] from 11 to 14 dist[1.90]
Adding bndlst edge: (A_R471_SC -> A_L532_MC) type[hb], weight[0.56] from 11 to 72 dist[2.68]
Adding bndlst edge: (A_R471_SC -> A_T474_MC) type[hb], weight[0.45] from 11 to 14 dist[2.99]
Adding bndlst edge: (A_R471_SC -> A_G536_MC) type[hb], weight[0.94] from 11 to 76 dist[2.07]
Adding bndlst edge: (A_R471_SC -> A_L532_MC) type[hb], weight[1.09] from 11 to 72 dist[1.92]
Adding bndlst edge: (A_R471_SC -> A_K533_MC) type[hb], weight[0.46] from 11 to 73 dist[2.96]
Adding bndlst edge: (A_R471_SC -> A_T474_MC) type[hb], weight[1.12] from 11 to 14 dist[1.89]
Adding bndlst edge: (A_R471_SC -> A_L532_MC) type[hb], weight[0.55] from 11 to 72 dist[2.69]
Adding bndlst edge: (A_R471_SC -> A_T474_MC) type[hb], weight[0.45] from 11 to 14 dist[2.99]
Adding bndlst edge: (A_R471_SC -> A_G536_MC) type[hb], weight[0.94] from 11 to 76 dist[2.07]
Adding bndlst edge: (A_R471_SC -> A_L532_MC) type[hb], weight[1.10] from 11 to 72 dist[1.91]
Adding bndlst edge: (A_R471_SC -> A_K533_MC) type[hb], weight[0.46] from 11 to 73 dist[2.96]
Adding bndlst edge: (A_G472_MC -> A_S473_MC) type[cov], weight[1.00] from 12 to 13 dist[1.33]
Adding bndlst edge: (A_S473_MC -> A_T474_MC) type[cov], weight[1.00] from 13 to 14 dist[1.33]
Adding bndlst edge: (A_S473_MC -> A_G475_MC) type[hb], weight[0.45] from 13 to 15 dist[2.98]
Adding bndlst edge: (A_T474_MC -> A_G475_MC) type[cov], weight[1.00] from 14 to 15 dist[1.33]
Adding bndlst edge: (A_G475_MC -> A_L476_MC) type[cov], weight[1.00] from 15 to 16 dist[1.33]
Adding bndlst edge: (A_L476_MC -> A_G477_MC) type[cov], weight[1.00] from 16 to 17 dist[1.32]
Adding bndlst edge: (A_L476_MC -> A_A500_MC) type[hb], weight[1.03] from 16 to 40 dist[1.97]
Adding bndlst edge: (A_G477_MC -> A_F478_MC) type[cov], weight[1.00] from 17 to 18 dist[1.33]
Adding bndlst edge: (A_G477_MC -> A_L495_MC) type[hb], weight[1.17] from 17 to 35 dist[1.85]
Adding bndlst edge: (A_F478_MC -> A_N479_MC) type[cov], weight[1.00] from 18 to 19 dist[1.32]
Adding bndlst edge: (A_N479_MC -> A_I480_MC) type[cov], weight[1.00] from 19 to 20 dist[1.33]
Adding bndlst edge: (A_N479_MC -> A_S492_MC) type[hb], weight[1.16] from 19 to 32 dist[1.85]
Adding bndlst edge: (A_N479_MC -> A_F493_MC) type[hb], weight[0.54] from 19 to 33 dist[2.71]
Adding bndlst edge: (A_N479_MC -> A_S492_SC) type[hb], weight[0.61] from 19 to 32 dist[2.55]
Adding bndlst edge: (A_N479_MC -> A_F493_MC) type[hb], weight[1.13] from 19 to 33 dist[1.88]
Adding bndlst edge: (A_N479_SC -> A_S492_SC) type[hb], weight[1.05] from 19 to 32 dist[1.96]
Adding bndlst edge: (A_I480_MC -> A_V481_MC) type[cov], weight[1.00] from 20 to 21 dist[1.33]
Adding bndlst edge: (A_I480_MC -> A_H525_SC) type[hb], weight[0.77] from 20 to 65 dist[2.28]
Adding bndlst edge: (A_V481_MC -> A_G482_MC) type[cov], weight[1.00] from 21 to 22 dist[1.33]
Adding bndlst edge: (A_V481_MC -> A_F490_MC) type[hb], weight[0.98] from 21 to 30 dist[2.02]
Adding bndlst edge: (A_V481_MC -> A_F490_MC) type[hb], weight[1.12] from 21 to 30 dist[1.89]
Adding bndlst edge: (A_G482_MC -> A_G483_MC) type[cov], weight[1.00] from 22 to 23 dist[1.33]
Adding bndlst edge: (A_G482_MC -> A_H525_SC) type[hb], weight[0.91] from 22 to 65 dist[2.09]
Adding bndlst edge: (A_G483_MC -> A_E484_MC) type[cov], weight[1.00] from 23 to 24 dist[1.33]
Adding bndlst edge: (A_G483_MC -> A_H525_MC) type[hb], weight[0.89] from 23 to 65 dist[2.12]
Adding bndlst edge: (A_G483_MC -> A_G488_MC) type[hb], weight[0.72] from 23 to 28 dist[2.35]
Adding bndlst edge: (A_G483_MC -> A_E487_SC) type[hb], weight[0.56] from 23 to 27 dist[2.68]
Adding bndlst edge: (A_E484_MC -> A_D485_MC) type[cov], weight[1.00] from 24 to 25 dist[1.33]
Adding bndlst edge: (A_E484_MC -> A_E487_SC) type[hb], weight[0.95] from 24 to 27 dist[2.06]
Adding bndlst edge: (A_E484_MC -> A_E487_SC) type[hb], weight[0.45] from 24 to 27 dist[2.99]
Adding bndlst edge: (A_D485_MC -> A_G486_MC) type[cov], weight[1.00] from 25 to 26 dist[1.33]
Adding bndlst edge: (A_D485_MC -> A_E487_MC) type[hb], weight[0.45] from 25 to 27 dist[2.99]
Adding bndlst edge: (A_D485_MC -> A_E487_SC) type[hb], weight[1.18] from 25 to 27 dist[1.84]
Adding bndlst edge: (A_G486_MC -> A_E487_MC) type[cov], weight[1.00] from 26 to 27 dist[1.32]
Adding bndlst edge: (A_E487_MC -> A_G488_MC) type[cov], weight[1.00] from 27 to 28 dist[1.33]
Adding bndlst edge: (A_G488_MC -> A_I489_MC) type[cov], weight[1.00] from 28 to 29 dist[1.33]
Adding bndlst edge: (A_I489_MC -> A_F490_MC) type[cov], weight[1.00] from 29 to 30 dist[1.34]
Adding bndlst edge: (A_I489_MC -> A_I512_MC) type[hb], weight[1.12] from 29 to 52 dist[1.89]
Adding bndlst edge: (A_F490_MC -> A_I491_MC) type[cov], weight[1.00] from 30 to 31 dist[1.33]
Adding bndlst edge: (A_F490_SC -> A_H554_SC) type[hb], weight[0.60] from 30 to 94 dist[2.57]
Adding bndlst edge: (A_F490_SC -> A_H554_SC) type[hb], weight[0.50] from 30 to 94 dist[2.84]
Adding bndlst edge: (A_I491_MC -> A_S492_MC) type[cov], weight[1.00] from 31 to 32 dist[1.33]
Adding bndlst edge: (A_I491_MC -> A_G509_MC) type[hb], weight[0.97] from 31 to 49 dist[2.03]
Adding bndlst edge: (A_I491_MC -> A_D510_MC) type[hb], weight[1.05] from 31 to 50 dist[1.95]
Adding bndlst edge: (A_S492_MC -> A_F493_MC) type[cov], weight[1.00] from 32 to 33 dist[1.33]
Adding bndlst edge: (A_F493_MC -> A_I494_MC) type[cov], weight[1.00] from 33 to 34 dist[1.33]
Adding bndlst edge: (A_I494_MC -> A_L495_MC) type[cov], weight[1.00] from 34 to 35 dist[1.33]
Adding bndlst edge: (A_L495_MC -> A_A496_MC) type[cov], weight[1.00] from 35 to 36 dist[1.33]
Adding bndlst edge: (A_L495_MC -> A_G498_MC) type[hb], weight[0.72] from 35 to 38 dist[2.36]
Adding bndlst edge: (A_A496_MC -> A_G497_MC) type[cov], weight[1.00] from 36 to 37 dist[1.32]
Adding bndlst edge: (A_A496_MC -> A_G498_MC) type[hb], weight[0.57] from 36 to 38 dist[2.66]
Adding bndlst edge: (A_G497_MC -> A_G498_MC) type[cov], weight[1.00] from 37 to 38 dist[1.33]
Adding bndlst edge: (A_G497_MC -> A_D501_SC) type[hb], weight[1.16] from 37 to 41 dist[1.86]
Adding bndlst edge: (A_G498_MC -> A_P499_MC) type[cov], weight[1.00] from 38 to 39 dist[1.34]
Adding bndlst edge: (A_G498_MC -> A_L502_MC) type[hb], weight[1.10] from 38 to 42 dist[1.91]
Adding bndlst edge: (A_G498_MC -> A_D501_MC) type[hb], weight[0.68] from 38 to 41 dist[2.43]
Adding bndlst edge: (A_P499_MC -> A_A500_MC) type[cov], weight[1.00] from 39 to 40 dist[1.33]
Adding bndlst edge: (A_P499_MC -> A_S503_MC) type[hb], weight[0.96] from 39 to 43 dist[2.04]
Adding bndlst edge: (A_P499_MC -> A_L502_MC) type[hb], weight[0.47] from 39 to 42 dist[2.91]
Adding bndlst edge: (A_A500_MC -> A_D501_MC) type[cov], weight[1.00] from 40 to 41 dist[1.33]
Adding bndlst edge: (A_A500_MC -> A_S503_MC) type[hb], weight[0.54] from 40 to 43 dist[2.72]
Adding bndlst edge: (A_A500_MC -> A_G504_MC) type[hb], weight[0.73] from 40 to 44 dist[2.34]
Adding bndlst edge: (A_D501_MC -> A_L502_MC) type[cov], weight[1.00] from 41 to 42 dist[1.33]
Adding bndlst edge: (A_D501_MC -> A_G504_MC) type[hb], weight[0.62] from 41 to 44 dist[2.53]
Adding bndlst edge: (A_L502_MC -> A_S503_MC) type[cov], weight[1.00] from 42 to 43 dist[1.34]
Adding bndlst edge: (A_S503_MC -> A_G504_MC) type[cov], weight[1.00] from 43 to 44 dist[1.33]
Adding bndlst edge: (A_S503_SC -> A_E505_MC) type[hb], weight[0.67] from 43 to 45 dist[2.44]
Adding bndlst edge: (A_S503_SC -> A_G504_MC) type[hb], weight[0.59] from 43 to 44 dist[2.61]
Adding bndlst edge: (A_G504_MC -> A_E505_MC) type[cov], weight[1.00] from 44 to 45 dist[1.33]
Adding bndlst edge: (A_E505_MC -> A_L506_MC) type[cov], weight[1.00] from 45 to 46 dist[1.32]
Adding bndlst edge: (A_E505_MC -> A_R507_SC) type[hb], weight[0.69] from 45 to 47 dist[2.41]
Adding bndlst edge: (A_E505_MC -> A_R507_SC) type[hb], weight[0.47] from 45 to 47 dist[2.92]
Adding bndlst edge: (A_E505_MC -> A_R507_SC) type[hb], weight[0.69] from 45 to 47 dist[2.41]
Adding bndlst edge: (A_E505_MC -> A_R507_SC) type[hb], weight[0.47] from 45 to 47 dist[2.92]
Adding bndlst edge: (A_L506_MC -> A_R507_MC) type[cov], weight[1.00] from 46 to 47 dist[1.33]
Adding bndlst edge: (A_R507_MC -> A_K508_MC) type[cov], weight[1.00] from 47 to 48 dist[1.33]
Adding bndlst edge: (A_R507_MC -> A_D510_MC) type[hb], weight[0.80] from 47 to 50 dist[2.24]
Adding bndlst edge: (A_R507_MC -> A_D510_SC) type[hb], weight[0.90] from 47 to 50 dist[2.11]
Adding bndlst edge: (A_K508_MC -> A_G509_MC) type[cov], weight[1.00] from 48 to 49 dist[1.33]
Adding bndlst edge: (A_G509_MC -> A_D510_MC) type[cov], weight[1.00] from 49 to 50 dist[1.32]
Adding bndlst edge: (A_G509_MC -> A_R546_MC) type[hb], weight[0.68] from 49 to 86 dist[2.43]
Adding bndlst edge: (A_D510_MC -> A_R511_MC) type[cov], weight[1.00] from 50 to 51 dist[1.32]
Adding bndlst edge: (A_R511_MC -> A_I512_MC) type[cov], weight[1.00] from 51 to 52 dist[1.32]
Adding bndlst edge: (A_R511_MC -> A_Q544_MC) type[hb], weight[1.07] from 51 to 84 dist[1.93]
Adding bndlst edge: (A_R511_MC -> A_Q544_MC) type[hb], weight[1.13] from 51 to 84 dist[1.88]
Adding bndlst edge: (A_R511_SC -> A_E549_SC) type[salt], weight[0.51] from 51 to 89 dist[2.65]
Adding bndlst edge: (A_R511_SC -> A_E549_SC) type[salt], weight[0.41] from 51 to 89 dist[2.97]
Adding bndlst edge: (A_R511_SC -> A_R521_MC) type[hb], weight[0.69] from 51 to 61 dist[2.40]
Adding bndlst edge: (A_R511_SC -> A_E549_SC) type[salt], weight[0.51] from 51 to 89 dist[2.66]
Adding bndlst edge: (A_R511_SC -> A_E549_SC) type[salt], weight[0.41] from 51 to 89 dist[2.96]
Adding bndlst edge: (A_R511_SC -> A_R521_MC) type[hb], weight[0.69] from 51 to 61 dist[2.40]
Adding bndlst edge: (A_I512_MC -> A_I513_MC) type[cov], weight[1.00] from 52 to 53 dist[1.33]
Adding bndlst edge: (A_I513_MC -> A_S514_MC) type[cov], weight[1.00] from 53 to 54 dist[1.34]
Adding bndlst edge: (A_I513_MC -> A_R521_MC) type[hb], weight[0.47] from 53 to 61 dist[2.91]
Adding bndlst edge: (A_I513_MC -> A_L520_MC) type[hb], weight[1.13] from 53 to 60 dist[1.88]
Adding bndlst edge: (A_I513_MC -> A_V542_MC) type[hb], weight[1.05] from 53 to 82 dist[1.96]
Adding bndlst edge: (A_S514_MC -> A_V515_MC) type[cov], weight[1.00] from 54 to 55 dist[1.32]
Adding bndlst edge: (A_S514_MC -> A_V542_MC) type[hb], weight[0.92] from 54 to 82 dist[2.09]
Adding bndlst edge: (A_S514_MC -> A_V542_MC) type[hb], weight[0.62] from 54 to 82 dist[2.53]
Adding bndlst edge: (A_V515_MC -> A_N516_MC) type[cov], weight[1.00] from 55 to 56 dist[1.33]
Adding bndlst edge: (A_V515_MC -> A_V518_MC) type[hb], weight[0.64] from 55 to 58 dist[2.50]
Adding bndlst edge: (A_V515_MC -> A_V518_MC) type[hb], weight[0.81] from 55 to 58 dist[2.22]
Adding bndlst edge: (A_N516_MC -> A_S517_MC) type[cov], weight[1.00] from 56 to 57 dist[1.33]
Adding bndlst edge: (A_N516_MC -> A_S517_SC) type[hb], weight[0.98] from 56 to 57 dist[2.02]
Adding bndlst edge: (A_N516_MC -> A_V518_MC) type[hb], weight[1.08] from 56 to 58 dist[1.93]
Adding bndlst edge: (A_N516_SC -> A_T540_MC) type[hb], weight[1.21] from 56 to 80 dist[1.81]
Adding bndlst edge: (A_N516_MC -> A_T540_MC) type[hb], weight[1.14] from 56 to 80 dist[1.88]
Adding bndlst edge: (A_N516_SC -> A_A538_MC) type[hb], weight[0.49] from 56 to 78 dist[2.86]
Adding bndlst edge: (A_N516_SC -> A_A535_MC) type[hb], weight[0.75] from 56 to 75 dist[2.31]
Adding bndlst edge: (A_N516_SC -> A_A538_MC) type[hb], weight[0.48] from 56 to 78 dist[2.89]
Adding bndlst edge: (A_N516_SC -> A_A535_MC) type[hb], weight[0.79] from 56 to 75 dist[2.25]
Adding bndlst edge: (A_S517_MC -> A_V518_MC) type[cov], weight[1.00] from 57 to 58 dist[1.33]
Adding bndlst edge: (A_V518_MC -> A_D519_MC) type[cov], weight[1.00] from 58 to 59 dist[1.33]
Adding bndlst edge: (A_D519_MC -> A_L520_MC) type[cov], weight[1.00] from 59 to 60 dist[1.33]
Adding bndlst edge: (A_D519_SC -> A_R521_SC) type[salt], weight[0.46] from 59 to 61 dist[2.81]
Adding bndlst edge: (A_D519_SC -> A_R521_SC) type[salt], weight[0.46] from 59 to 61 dist[2.81]
Adding bndlst edge: (A_D519_SC -> A_R521_MC) type[hb], weight[0.89] from 59 to 61 dist[2.12]
Adding bndlst edge: (A_D519_SC -> A_L520_MC) type[hb], weight[0.48] from 59 to 60 dist[2.90]
Adding bndlst edge: (A_D519_SC -> A_R521_SC) type[salt], weight[0.78] from 59 to 61 dist[2.15]
Adding bndlst edge: (A_D519_SC -> A_R521_SC) type[salt], weight[0.79] from 59 to 61 dist[2.14]
Adding bndlst edge: (A_L520_MC -> A_R521_MC) type[cov], weight[1.00] from 60 to 61 dist[1.33]
Adding bndlst edge: (A_L520_MC -> A_A523_MC) type[hb], weight[0.86] from 60 to 63 dist[2.15]
Adding bndlst edge: (A_R521_MC -> A_A522_MC) type[cov], weight[1.00] from 61 to 62 dist[1.33]
Adding bndlst edge: (A_R521_MC -> A_A523_MC) type[hb], weight[0.45] from 61 to 63 dist[2.98]
Adding bndlst edge: (A_A522_MC -> A_A523_MC) type[cov], weight[1.00] from 62 to 63 dist[1.33]
Adding bndlst edge: (A_A523_MC -> A_S524_MC) type[cov], weight[1.00] from 63 to 64 dist[1.32]
Adding bndlst edge: (A_S524_MC -> A_H525_MC) type[cov], weight[1.00] from 64 to 65 dist[1.32]
Adding bndlst edge: (A_S524_MC -> A_A528_MC) type[hb], weight[0.99] from 64 to 68 dist[2.01]
Adding bndlst edge: (A_S524_MC -> A_Q527_MC) type[hb], weight[0.91] from 64 to 67 dist[2.10]
Adding bndlst edge: (A_S524_SC -> A_Q527_MC) type[hb], weight[0.61] from 64 to 67 dist[2.57]
Adding bndlst edge: (A_S524_MC -> A_Q527_SC) type[hb], weight[1.06] from 64 to 67 dist[1.94]
Adding bndlst edge: (A_H525_MC -> A_E526_MC) type[cov], weight[1.00] from 65 to 66 dist[1.33]
Adding bndlst edge: (A_H525_MC -> A_A529_MC) type[hb], weight[1.04] from 65 to 69 dist[1.96]
Adding bndlst edge: (A_H525_MC -> A_A528_MC) type[hb], weight[0.58] from 65 to 68 dist[2.63]
Adding bndlst edge: (A_E526_MC -> A_Q527_MC) type[cov], weight[1.00] from 66 to 67 dist[1.33]
Adding bndlst edge: (A_E526_MC -> A_A530_MC) type[hb], weight[0.80] from 66 to 70 dist[2.23]
Adding bndlst edge: (A_Q527_MC -> A_A528_MC) type[cov], weight[1.00] from 67 to 68 dist[1.33]
Adding bndlst edge: (A_Q527_MC -> A_A531_MC) type[hb], weight[1.07] from 67 to 71 dist[1.93]
Adding bndlst edge: (A_Q527_MC -> A_A530_MC) type[hb], weight[0.55] from 67 to 70 dist[2.69]
Adding bndlst edge: (A_A528_MC -> A_A529_MC) type[cov], weight[1.00] from 68 to 69 dist[1.33]
Adding bndlst edge: (A_A528_MC -> A_A531_MC) type[hb], weight[0.53] from 68 to 71 dist[2.74]
Adding bndlst edge: (A_A528_MC -> A_L532_MC) type[hb], weight[0.95] from 68 to 72 dist[2.05]
Adding bndlst edge: (A_A529_MC -> A_A530_MC) type[cov], weight[1.00] from 69 to 70 dist[1.33]
Adding bndlst edge: (A_A529_MC -> A_K533_MC) type[hb], weight[0.99] from 69 to 73 dist[2.01]
Adding bndlst edge: (A_A530_MC -> A_A531_MC) type[cov], weight[1.00] from 70 to 71 dist[1.33]
Adding bndlst edge: (A_A530_MC -> A_N534_SC) type[hb], weight[0.65] from 70 to 74 dist[2.48]
Adding bndlst edge: (A_A530_MC -> A_N534_MC) type[hb], weight[0.81] from 70 to 74 dist[2.23]
Adding bndlst edge: (A_A530_MC -> A_K533_MC) type[hb], weight[0.47] from 70 to 73 dist[2.90]
Adding bndlst edge: (A_A531_MC -> A_L532_MC) type[cov], weight[1.00] from 71 to 72 dist[1.33]
Adding bndlst edge: (A_A531_MC -> A_N534_MC) type[hb], weight[0.58] from 71 to 74 dist[2.63]
Adding bndlst edge: (A_A531_MC -> A_A535_MC) type[hb], weight[0.53] from 71 to 75 dist[2.74]
Adding bndlst edge: (A_L532_MC -> A_K533_MC) type[cov], weight[1.00] from 72 to 73 dist[1.33]
Adding bndlst edge: (A_L532_MC -> A_A535_MC) type[hb], weight[0.79] from 72 to 75 dist[2.26]
Adding bndlst edge: (A_K533_MC -> A_N534_MC) type[cov], weight[1.00] from 73 to 74 dist[1.33]
Adding bndlst edge: (A_N534_MC -> A_A535_MC) type[cov], weight[1.00] from 74 to 75 dist[1.33]
Adding bndlst edge: (A_N534_MC -> A_G536_MC) type[hb], weight[0.51] from 74 to 76 dist[2.80]
Adding bndlst edge: (A_A535_MC -> A_G536_MC) type[cov], weight[1.00] from 75 to 76 dist[1.33]
Adding bndlst edge: (A_G536_MC -> A_Q537_MC) type[cov], weight[1.00] from 76 to 77 dist[1.33]
Adding bndlst edge: (A_Q537_MC -> A_A538_MC) type[cov], weight[1.00] from 77 to 78 dist[1.33]
Adding bndlst edge: (A_A538_MC -> A_V539_MC) type[cov], weight[1.00] from 78 to 79 dist[1.32]
Adding bndlst edge: (A_V539_MC -> A_T540_MC) type[cov], weight[1.00] from 79 to 80 dist[1.33]
Adding bndlst edge: (A_T540_MC -> A_I541_MC) type[cov], weight[1.00] from 80 to 81 dist[1.32]
Adding bndlst edge: (A_I541_MC -> A_V542_MC) type[cov], weight[1.00] from 81 to 82 dist[1.33]
Adding bndlst edge: (A_V542_MC -> A_A543_MC) type[cov], weight[1.00] from 82 to 83 dist[1.32]
Adding bndlst edge: (A_A543_MC -> A_Q544_MC) type[cov], weight[1.00] from 83 to 84 dist[1.32]
Adding bndlst edge: (A_Q544_MC -> A_Y545_MC) type[cov], weight[1.00] from 84 to 85 dist[1.32]
Adding bndlst edge: (A_Q544_MC -> A_R546_MC) type[hb], weight[0.52] from 84 to 86 dist[2.77]
Adding bndlst edge: (A_Q544_SC -> A_R546_SC) type[hb], weight[0.68] from 84 to 86 dist[2.43]
Adding bndlst edge: (A_Q544_SC -> A_R546_SC) type[hb], weight[0.68] from 84 to 86 dist[2.43]
Adding bndlst edge: (A_Y545_MC -> A_R546_MC) type[cov], weight[1.00] from 85 to 86 dist[1.33]
Adding bndlst edge: (A_R546_MC -> A_P547_MC) type[cov], weight[1.00] from 86 to 87 dist[1.34]
Adding bndlst edge: (A_R546_MC -> A_Y550_MC) type[hb], weight[0.70] from 86 to 90 dist[2.39]
Adding bndlst edge: (A_R546_SC -> A_E549_SC) type[salt], weight[0.58] from 86 to 89 dist[2.50]
Adding bndlst edge: (A_R546_SC -> A_E549_SC) type[salt], weight[0.47] from 86 to 89 dist[2.79]
Adding bndlst edge: (A_R546_SC -> A_E549_SC) type[salt], weight[0.46] from 86 to 89 dist[2.79]
Adding bndlst edge: (A_P547_MC -> A_E548_MC) type[cov], weight[1.00] from 87 to 88 dist[1.33]
Adding bndlst edge: (A_P547_MC -> A_S551_MC) type[hb], weight[1.25] from 87 to 91 dist[1.79]
Adding bndlst edge: (A_P547_MC -> A_Y550_MC) type[hb], weight[0.67] from 87 to 90 dist[2.45]
Adding bndlst edge: (A_E548_MC -> A_E549_MC) type[cov], weight[1.00] from 88 to 89 dist[1.32]
Adding bndlst edge: (A_E548_MC -> A_S551_MC) type[hb], weight[0.46] from 88 to 91 dist[2.95]
Adding bndlst edge: (A_E548_MC -> A_R552_MC) type[hb], weight[1.20] from 88 to 92 dist[1.82]
Adding bndlst edge: (A_E549_MC -> A_Y550_MC) type[cov], weight[1.00] from 89 to 90 dist[1.33]
Adding bndlst edge: (A_E549_MC -> A_Q553_SC) type[hb], weight[0.46] from 89 to 93 dist[2.95]
Adding bndlst edge: (A_E549_MC -> A_Q553_MC) type[hb], weight[0.91] from 89 to 93 dist[2.09]
Adding bndlst edge: (A_Y550_MC -> A_S551_MC) type[cov], weight[1.00] from 90 to 91 dist[1.33]
Adding bndlst edge: (A_Y550_MC -> A_Q553_MC) type[hb], weight[0.64] from 90 to 93 dist[2.50]
Adding bndlst edge: (A_Y550_MC -> A_H554_SC) type[hb], weight[0.51] from 90 to 94 dist[2.79]
Adding bndlst edge: (A_Y550_MC -> A_H554_MC) type[hb], weight[1.07] from 90 to 94 dist[1.93]
Adding bndlst edge: (A_Y550_MC -> A_A555_MC) type[hb], weight[0.52] from 90 to 95 dist[2.77]
Adding bndlst edge: (A_Y550_SC -> A_H554_SC) type[hb], weight[0.46] from 90 to 94 dist[2.93]
Adding bndlst edge: (A_S551_MC -> A_R552_MC) type[cov], weight[1.00] from 91 to 92 dist[1.32]
Adding bndlst edge: (A_S551_MC -> A_Q553_MC) type[hb], weight[0.67] from 91 to 93 dist[2.45]
Adding bndlst edge: (A_S551_MC -> A_H554_MC) type[hb], weight[0.96] from 91 to 94 dist[2.04]
Adding bndlst edge: (A_S551_MC -> A_A555_MC) type[hb], weight[0.88] from 91 to 95 dist[2.13]
Adding bndlst edge: (A_R552_MC -> A_Q553_MC) type[cov], weight[1.00] from 92 to 93 dist[1.33]
Adding bndlst edge: (A_Q553_MC -> A_H554_MC) type[cov], weight[1.00] from 93 to 94 dist[1.33]
Adding bndlst edge: (A_H554_MC -> A_A555_MC) type[cov], weight[1.00] from 94 to 95 dist[1.33]

bndlst DONE

Producing PAJEK network
printing pajek edge (A_493_PHE,A_494_ILE)
printing pajek edge (A_492_SER,A_493_PHE)
printing pajek edge (A_550_TYR,A_553_GLN)
printing pajek edge (A_550_TYR,A_555_ALA)
printing pajek edge (A_550_TYR,A_554_HIS)
printing pajek edge (A_550_TYR,A_551_SER)
printing pajek edge (A_523_ALA,A_524_SER)
printing pajek edge (A_481_VAL,A_482_GLY)
printing pajek edge (A_481_VAL,A_490_PHE)
printing pajek edge (A_531_ALA,A_534_ASN)
printing pajek edge (A_531_ALA,A_535_ALA)
printing pajek edge (A_531_ALA,A_532_LEU)
printing pajek edge (A_467_VAL,A_541_ILE)
printing pajek edge (A_467_VAL,A_468_VAL)
printing pajek edge (A_540_THR,A_541_ILE)
printing pajek edge (A_486_GLY,A_487_GLU)
printing pajek edge (A_478_PHE,A_479_ASN)
printing pajek edge (A_532_LEU,A_535_ALA)
printing pajek edge (A_532_LEU,A_533_LYS)
printing pajek edge (A_476_LEU,A_500_ALA)
printing pajek edge (A_476_LEU,A_477_GLY)
printing pajek edge (A_504_GLY,A_505_GLU)
printing pajek edge (A_515_VAL,A_516_ASN)
printing pajek edge (A_515_VAL,A_518_VAL)
printing pajek edge (A_544_GLN,A_545_TYR)
printing pajek edge (A_544_GLN,A_546_ARG)
printing pajek edge (A_534_ASN,A_535_ALA)
printing pajek edge (A_534_ASN,A_536_GLY)
printing pajek edge (A_487_GLU,A_488_GLY)
printing pajek edge (A_517_SER,A_518_VAL)
printing pajek edge (A_521_ARG,A_523_ALA)
printing pajek edge (A_521_ARG,A_522_ALA)
printing pajek edge (A_480_ILE,A_481_VAL)
printing pajek edge (A_480_ILE,A_525_HIS)
printing pajek edge (A_552_ARG,A_553_GLN)
printing pajek edge (A_549_GLU,A_553_GLN)
printing pajek edge (A_549_GLU,A_550_TYR)
printing pajek edge (A_470_HIS,A_471_ARG)
printing pajek edge (A_491_ILE,A_510_ASP)
printing pajek edge (A_491_ILE,A_492_SER)
printing pajek edge (A_491_ILE,A_509_GLY)
printing pajek edge (A_495_LEU,A_498_GLY)
printing pajek edge (A_495_LEU,A_496_ALA)
printing pajek edge (A_471_ARG,A_537_GLN)
printing pajek edge (A_471_ARG,A_532_LEU)
printing pajek edge (A_471_ARG,A_533_LYS)
printing pajek edge (A_471_ARG,A_536_GLY)
printing pajek edge (A_471_ARG,A_472_GLY)
printing pajek edge (A_471_ARG,A_474_THR)
printing pajek edge (A_551_SER,A_552_ARG)
printing pajek edge (A_551_SER,A_553_GLN)
printing pajek edge (A_551_SER,A_555_ALA)
printing pajek edge (A_551_SER,A_554_HIS)
printing pajek edge (A_538_ALA,A_539_VAL)
printing pajek edge (A_508_LYS,A_509_GLY)
printing pajek edge (A_547_PRO,A_550_TYR)
printing pajek edge (A_547_PRO,A_548_GLU)
printing pajek edge (A_547_PRO,A_551_SER)
printing pajek edge (A_553_GLN,A_554_HIS)
printing pajek edge (A_537_GLN,A_538_ALA)
printing pajek edge (A_525_HIS,A_529_ALA)
printing pajek edge (A_525_HIS,A_526_GLU)
printing pajek edge (A_525_HIS,A_528_ALA)
printing pajek edge (A_489_ILE,A_512_ILE)
printing pajek edge (A_489_ILE,A_490_PHE)
printing pajek edge (A_510_ASP,A_511_ARG)
printing pajek edge (A_499_PRO,A_502_LEU)
printing pajek edge (A_499_PRO,A_500_ALA)
printing pajek edge (A_499_PRO,A_503_SER)
printing pajek edge (A_524_SER,A_527_GLN)
printing pajek edge (A_524_SER,A_528_ALA)
printing pajek edge (A_524_SER,A_525_HIS)
printing pajek edge (A_518_VAL,A_519_ASP)
printing pajek edge (A_501_ASP,A_502_LEU)
printing pajek edge (A_501_ASP,A_504_GLY)
printing pajek edge (A_472_GLY,A_473_SER)
printing pajek edge (A_475_GLY,A_476_LEU)
printing pajek edge (A_541_ILE,A_542_VAL)
printing pajek edge (A_512_ILE,A_513_ILE)
printing pajek edge (A_520_LEU,A_523_ALA)
printing pajek edge (A_520_LEU,A_521_ARG)
printing pajek edge (A_516_ASN,A_535_ALA)
printing pajek edge (A_516_ASN,A_517_SER)
printing pajek edge (A_516_ASN,A_517_SER)
printing pajek edge (A_516_ASN,A_540_THR)
printing pajek edge (A_516_ASN,A_538_ALA)
printing pajek edge (A_516_ASN,A_518_VAL)
printing pajek edge (A_533_LYS,A_534_ASN)
printing pajek edge (A_526_GLU,A_527_GLN)
printing pajek edge (A_526_GLU,A_530_ALA)
printing pajek edge (A_505_GLU,A_506_LEU)
printing pajek edge (A_505_GLU,A_507_ARG)
printing pajek edge (A_546_ARG,A_547_PRO)
printing pajek edge (A_546_ARG,A_550_TYR)
printing pajek edge (A_546_ARG,A_549_GLU)
printing pajek edge (A_536_GLY,A_537_GLN)
printing pajek edge (A_479_ASN,A_493_PHE)
printing pajek edge (A_479_ASN,A_492_SER)
printing pajek edge (A_479_ASN,A_480_ILE)
printing pajek edge (A_522_ALA,A_523_ALA)
printing pajek edge (A_514_SER,A_542_VAL)
printing pajek edge (A_514_SER,A_515_VAL)
printing pajek edge (A_527_GLN,A_530_ALA)
printing pajek edge (A_527_GLN,A_531_ALA)
printing pajek edge (A_527_GLN,A_528_ALA)
printing pajek edge (A_530_ALA,A_534_ASN)
printing pajek edge (A_530_ALA,A_531_ALA)
printing pajek edge (A_530_ALA,A_533_LYS)
printing pajek edge (A_528_ALA,A_529_ALA)
printing pajek edge (A_528_ALA,A_532_LEU)
printing pajek edge (A_528_ALA,A_531_ALA)
printing pajek edge (A_462_ARG,A_544_GLN)
printing pajek edge (A_462_ARG,A_548_GLU)
printing pajek edge (A_462_ARG,A_463_GLU)
printing pajek edge (A_477_GLY,A_495_LEU)
printing pajek edge (A_477_GLY,A_478_PHE)
printing pajek edge (A_461_THR,A_462_ARG)
printing pajek edge (A_548_GLU,A_552_ARG)
printing pajek edge (A_548_GLU,A_549_GLU)
printing pajek edge (A_548_GLU,A_551_SER)
printing pajek edge (A_490_PHE,A_554_HIS)
printing pajek edge (A_490_PHE,A_491_ILE)
printing pajek edge (A_542_VAL,A_543_ALA)
printing pajek edge (A_485_ASP,A_487_GLU)
printing pajek edge (A_485_ASP,A_486_GLY)
printing pajek edge (A_488_GLY,A_489_ILE)
printing pajek edge (A_543_ALA,A_544_GLN)
printing pajek edge (A_535_ALA,A_536_GLY)
printing pajek edge (A_500_ALA,A_503_SER)
printing pajek edge (A_500_ALA,A_504_GLY)
printing pajek edge (A_500_ALA,A_501_ASP)
printing pajek edge (A_474_THR,A_475_GLY)
printing pajek edge (A_529_ALA,A_530_ALA)
printing pajek edge (A_529_ALA,A_533_LYS)
printing pajek edge (A_519_ASP,A_520_LEU)
printing pajek edge (A_519_ASP,A_520_LEU)
printing pajek edge (A_519_ASP,A_521_ARG)
printing pajek edge (A_519_ASP,A_521_ARG)
printing pajek edge (A_509_GLY,A_510_ASP)
printing pajek edge (A_509_GLY,A_546_ARG)
printing pajek edge (A_484_GLU,A_487_GLU)
printing pajek edge (A_484_GLU,A_485_ASP)
printing pajek edge (A_513_ILE,A_520_LEU)
printing pajek edge (A_513_ILE,A_521_ARG)
printing pajek edge (A_513_ILE,A_542_VAL)
printing pajek edge (A_513_ILE,A_514_SER)
printing pajek edge (A_539_VAL,A_540_THR)
printing pajek edge (A_482_GLY,A_483_GLY)
printing pajek edge (A_482_GLY,A_525_HIS)
printing pajek edge (A_502_LEU,A_503_SER)
printing pajek edge (A_460_ILE,A_461_THR)
printing pajek edge (A_460_ILE,A_462_ARG)
printing pajek edge (A_506_LEU,A_507_ARG)
printing pajek edge (A_483_GLY,A_487_GLU)
printing pajek edge (A_483_GLY,A_488_GLY)
printing pajek edge (A_483_GLY,A_484_GLU)
printing pajek edge (A_483_GLY,A_525_HIS)
printing pajek edge (A_473_SER,A_475_GLY)
printing pajek edge (A_473_SER,A_474_THR)
printing pajek edge (A_466_LYS,A_467_VAL)
printing pajek edge (A_545_TYR,A_546_ARG)
printing pajek edge (A_463_GLU,A_464_PRO)
printing pajek edge (A_496_ALA,A_498_GLY)
printing pajek edge (A_496_ALA,A_497_GLY)
printing pajek edge (A_554_HIS,A_555_ALA)
printing pajek edge (A_469_LEU,A_470_HIS)
printing pajek edge (A_469_LEU,A_539_VAL)
printing pajek edge (A_511_ARG,A_544_GLN)
printing pajek edge (A_511_ARG,A_512_ILE)
printing pajek edge (A_511_ARG,A_521_ARG)
printing pajek edge (A_511_ARG,A_549_GLU)
printing pajek edge (A_507_ARG,A_510_ASP)
printing pajek edge (A_507_ARG,A_508_LYS)
printing pajek edge (A_468_VAL,A_469_LEU)
printing pajek edge (A_498_GLY,A_502_LEU)
printing pajek edge (A_498_GLY,A_499_PRO)
printing pajek edge (A_498_GLY,A_501_ASP)
printing pajek edge (A_464_PRO,A_465_ARG)
printing pajek edge (A_494_ILE,A_495_LEU)
printing pajek edge (A_497_GLY,A_498_GLY)
printing pajek edge (A_497_GLY,A_501_ASP)
printing pajek edge (A_503_SER,A_505_GLU)
printing pajek edge (A_503_SER,A_504_GLY)
printing pajek edge (A_503_SER,A_504_GLY)
printing pajek edge (A_465_ARG,A_466_LYS)
printing pajek edge (A_465_ARG,A_510_ASP)
printing pajek edge (A_465_ARG,A_543_ALA)
printing pajek edge (A_465_ARG,A_505_GLU)
