Graph START

Adding vertex (chain-A, position-999, res-GLU)
New vertex id: 0
1 2 3 4 5 6 7 8 9 
Adding vertex (chain-A, position-1000, res-PHE)
New vertex id: 1
10 11 12 13 14 15 16 17 18 19 20 
Adding vertex (chain-A, position-1001, res-MET)
New vertex id: 2
21 22 23 24 25 26 27 
Adding vertex (chain-A, position-1002, res-GLY)
New vertex id: 3
28 29 30 31 
Adding vertex (chain-A, position-1003, res-GLU)
New vertex id: 4
32 33 34 35 36 37 38 39 40 
Adding vertex (chain-A, position-1004, res-GLN)
New vertex id: 5
41 42 43 44 45 46 47 48 49 
Adding vertex (chain-A, position-1005, res-PRO)
New vertex id: 6
50 51 52 53 54 55 56 
Adding vertex (chain-A, position-1006, res-ILE)
New vertex id: 7
57 58 59 60 61 62 63 64 
Adding vertex (chain-A, position-1007, res-PHE)
New vertex id: 8
65 66 67 68 69 70 71 72 73 74 75 
Adding vertex (chain-A, position-1008, res-SER)
New vertex id: 9
76 77 78 79 80 81 
Adding vertex (chain-A, position-1009, res-THR)
New vertex id: 10
82 83 84 85 86 87 88 
Adding vertex (chain-A, position-1010, res-ARG)
New vertex id: 11
89 90 91 92 93 94 95 96 97 98 99 
Adding vertex (chain-A, position-1011, res-ALA)
New vertex id: 12
100 101 102 103 104 
Adding vertex (chain-A, position-1012, res-HIS)
New vertex id: 13
105 106 107 108 109 110 111 112 113 114 
Adding vertex (chain-A, position-1013, res-VAL)
New vertex id: 14
115 116 117 118 119 120 121 
Adding vertex (chain-A, position-1014, res-PHE)
New vertex id: 15
122 123 124 125 126 127 128 129 130 131 132 
Adding vertex (chain-A, position-1015, res-GLN)
New vertex id: 16
133 134 135 136 137 138 139 140 141 
Adding vertex (chain-A, position-1016, res-ILE)
New vertex id: 17
142 143 144 145 146 147 148 149 
Adding vertex (chain-A, position-1017, res-ASP)
New vertex id: 18
150 151 152 153 154 155 156 157 
Adding vertex (chain-A, position-1018, res-PRO)
New vertex id: 19
158 159 160 161 162 163 164 
Adding vertex (chain-A, position-1019, res-ASN)
New vertex id: 20
165 166 167 168 169 170 171 172 
Adding vertex (chain-A, position-1020, res-THR)
New vertex id: 21
173 174 175 176 177 178 179 
Adding vertex (chain-A, position-1021, res-LYS)
New vertex id: 22
180 181 182 183 184 185 186 187 
Adding vertex (chain-A, position-1022, res-LYS)
New vertex id: 23
188 189 190 191 192 193 194 195 196 
Adding vertex (chain-A, position-1023, res-ASN)
New vertex id: 24
197 198 199 200 201 202 203 204 
Adding vertex (chain-A, position-1024, res-TRP)
New vertex id: 25
205 206 207 208 209 210 211 212 213 214 215 216 217 218 
Adding vertex (chain-A, position-1025, res-VAL)
New vertex id: 26
219 220 221 222 223 224 225 
Adding vertex (chain-A, position-1026, res-PRO)
New vertex id: 27
226 227 228 229 230 231 232 
Adding vertex (chain-A, position-1027, res-THR)
New vertex id: 28
233 234 235 236 237 238 239 
Adding vertex (chain-A, position-1028, res-SER)
New vertex id: 29
240 241 242 243 244 245 
Adding vertex (chain-A, position-1029, res-LYS)
New vertex id: 30
246 247 248 249 250 
Adding vertex (chain-A, position-1030, res-HIS)
New vertex id: 31
251 252 253 254 255 
Adding vertex (chain-A, position-1031, res-ALA)
New vertex id: 32
256 257 258 259 260 
Adding vertex (chain-A, position-1032, res-VAL)
New vertex id: 33
261 262 263 264 265 266 267 
Adding vertex (chain-A, position-1033, res-THR)
New vertex id: 34
268 269 270 271 272 273 274 
Adding vertex (chain-A, position-1034, res-VAL)
New vertex id: 35
275 276 277 278 279 280 281 
Adding vertex (chain-A, position-1035, res-SER)
New vertex id: 36
282 283 284 285 286 287 
Adding vertex (chain-A, position-1036, res-TYR)
New vertex id: 37
288 289 290 291 292 293 294 295 296 297 298 299 
Adding vertex (chain-A, position-1037, res-PHE)
New vertex id: 38
300 301 302 303 304 305 306 307 308 309 310 
Adding vertex (chain-A, position-1038, res-TYR)
New vertex id: 39
311 312 313 314 315 316 317 318 319 320 321 322 
Adding vertex (chain-A, position-1039, res-ASP)
New vertex id: 40
323 324 325 326 327 328 329 330 
Adding vertex (chain-A, position-1040, res-SER)
New vertex id: 41
331 332 333 334 335 336 
Adding vertex (chain-A, position-1041, res-THR)
New vertex id: 42
337 338 339 340 341 342 343 
Adding vertex (chain-A, position-1042, res-ARG)
New vertex id: 43
344 345 346 347 348 349 350 351 352 353 354 
Adding vertex (chain-A, position-1043, res-ASN)
New vertex id: 44
355 356 357 358 359 360 361 362 
Adding vertex (chain-A, position-1044, res-VAL)
New vertex id: 45
363 364 365 366 367 368 369 
Adding vertex (chain-A, position-1045, res-TYR)
New vertex id: 46
370 371 372 373 374 375 376 377 378 379 380 381 
Adding vertex (chain-A, position-1046, res-ARG)
New vertex id: 47
382 383 384 385 386 387 388 389 390 391 392 
Adding vertex (chain-A, position-1047, res-ILE)
New vertex id: 48
393 394 395 396 397 398 399 400 
Adding vertex (chain-A, position-1048, res-ILE)
New vertex id: 49
401 402 403 404 405 406 407 408 
Adding vertex (chain-A, position-1049, res-SER)
New vertex id: 50
409 410 411 412 413 414 
Adding vertex (chain-A, position-1050, res-LEU)
New vertex id: 51
415 416 417 418 419 420 421 422 
Adding vertex (chain-A, position-1051, res-ASP)
New vertex id: 52
423 424 425 426 427 428 429 430 
Adding vertex (chain-A, position-1052, res-GLY)
New vertex id: 53
431 432 433 434 
Adding vertex (chain-A, position-1053, res-SER)
New vertex id: 54
435 436 437 438 439 440 
Adding vertex (chain-A, position-1054, res-LYS)
New vertex id: 55
441 442 443 444 445 446 447 448 449 
Adding vertex (chain-A, position-1055, res-ALA)
New vertex id: 56
450 451 452 453 454 
Adding vertex (chain-A, position-1056, res-ILE)
New vertex id: 57
455 456 457 458 459 460 461 462 
Adding vertex (chain-A, position-1057, res-ILE)
New vertex id: 58
463 464 465 466 467 468 469 470 
Adding vertex (chain-A, position-1058, res-ASN)
New vertex id: 59
471 472 473 474 475 476 477 478 
Adding vertex (chain-A, position-1059, res-SER)
New vertex id: 60
479 480 481 482 483 484 
Adding vertex (chain-A, position-1060, res-THR)
New vertex id: 61
485 486 487 488 489 490 491 
Adding vertex (chain-A, position-1061, res-ILE)
New vertex id: 62
492 493 494 495 496 497 498 499 
Adding vertex (chain-A, position-1062, res-THR)
New vertex id: 63
500 501 502 503 504 505 506 
Adding vertex (chain-A, position-1063, res-PRO)
New vertex id: 64
507 508 509 510 511 512 513 
Adding vertex (chain-A, position-1064, res-ASN)
New vertex id: 65
514 515 516 517 518 519 
Adding vertex (chain-A, position-1065, res-MET)
New vertex id: 66
520 521 522 523 524 525 526 527 
Adding vertex (chain-A, position-1066, res-THR)
New vertex id: 67
528 529 530 531 532 533 534 
Adding vertex (chain-A, position-1067, res-PHE)
New vertex id: 68
535 536 537 538 539 540 541 542 543 544 545 
Adding vertex (chain-A, position-1068, res-THR)
New vertex id: 69
546 547 548 549 550 551 552 
Adding vertex (chain-A, position-1069, res-LYS)
New vertex id: 70
553 554 555 556 557 558 559 560 561 
Adding vertex (chain-A, position-1070, res-THR)
New vertex id: 71
562 563 564 565 566 567 568 
Adding vertex (chain-A, position-1071, res-SER)
New vertex id: 72
569 570 571 572 573 574 
Adding vertex (chain-A, position-1072, res-GLN)
New vertex id: 73
575 576 577 578 579 580 581 582 583 
Adding vertex (chain-A, position-1073, res-LYS)
New vertex id: 74
584 585 586 587 588 589 590 591 592 
Adding vertex (chain-A, position-1074, res-PHE)
New vertex id: 75
593 594 595 596 597 598 599 600 601 602 603 
Adding vertex (chain-A, position-1075, res-GLY)
New vertex id: 76
604 605 606 607 
Adding vertex (chain-A, position-1076, res-GLN)
New vertex id: 77
608 609 610 611 612 613 614 615 616 
Adding vertex (chain-A, position-1077, res-TRP)
New vertex id: 78
617 618 619 620 621 622 623 624 625 626 627 628 629 630 
Adding vertex (chain-A, position-1078, res-ALA)
New vertex id: 79
631 632 633 634 635 
Adding vertex (chain-A, position-1079, res-ASP)
New vertex id: 80
636 637 638 639 640 641 642 643 
Adding vertex (chain-A, position-1080, res-SER)
New vertex id: 81
644 645 646 647 648 649 
Adding vertex (chain-A, position-1081, res-ARG)
New vertex id: 82
650 651 652 653 654 655 656 657 658 659 660 
Adding vertex (chain-A, position-1082, res-ALA)
New vertex id: 83
661 662 663 664 665 
Adding vertex (chain-A, position-1083, res-ASN)
New vertex id: 84
666 667 668 669 670 671 672 673 
Adding vertex (chain-A, position-1084, res-THR)
New vertex id: 85
674 675 676 677 678 679 680 
Adding vertex (chain-A, position-1085, res-VAL)
New vertex id: 86
681 682 683 684 685 686 687 
Adding vertex (chain-A, position-1086, res-TYR)
New vertex id: 87
688 689 690 691 692 693 694 695 696 697 698 699 
Adding vertex (chain-A, position-1087, res-GLY)
New vertex id: 88
700 701 702 703 
Adding vertex (chain-A, position-1088, res-LEU)
New vertex id: 89
704 705 706 707 708 709 710 711 
Adding vertex (chain-A, position-1089, res-GLY)
New vertex id: 90
712 713 714 715 
Adding vertex (chain-A, position-1090, res-PHE)
New vertex id: 91
716 717 718 719 720 721 722 723 724 725 726 
Adding vertex (chain-A, position-1091, res-SER)
New vertex id: 92
727 728 729 730 731 732 
Adding vertex (chain-A, position-1092, res-SER)
New vertex id: 93
733 734 735 736 737 738 
Adding vertex (chain-A, position-1093, res-GLU)
New vertex id: 94
739 740 741 742 743 744 745 746 747 
Adding vertex (chain-A, position-1094, res-HIS)
New vertex id: 95
748 749 750 751 752 753 754 755 756 757 
Adding vertex (chain-A, position-1095, res-HIS)
New vertex id: 96
758 759 760 761 762 763 764 765 766 767 
Adding vertex (chain-A, position-1096, res-LEU)
New vertex id: 97
768 769 770 771 772 773 774 775 
Adding vertex (chain-A, position-1097, res-SER)
New vertex id: 98
776 777 778 779 780 781 
Adding vertex (chain-A, position-1098, res-LYS)
New vertex id: 99
782 783 784 785 786 787 788 789 
Adding vertex (chain-A, position-1099, res-PHE)
New vertex id: 100
790 791 792 793 794 795 796 797 798 799 800 
Adding vertex (chain-A, position-1100, res-ALA)
New vertex id: 101
801 802 803 804 805 
Adding vertex (chain-A, position-1101, res-GLU)
New vertex id: 102
806 807 808 809 810 811 812 813 814 
Adding vertex (chain-A, position-1102, res-LYS)
New vertex id: 103
815 816 817 818 819 820 821 822 823 
Adding vertex (chain-A, position-1103, res-PHE)
New vertex id: 104
824 825 826 827 828 829 830 831 832 833 834 
Adding vertex (chain-A, position-1104, res-GLN)
New vertex id: 105
835 836 837 838 839 840 841 
Adding vertex (chain-A, position-1105, res-GLU)
New vertex id: 106
842 843 844 845 846 847 848 849 850 
Adding vertex (chain-A, position-1106, res-PHE)
New vertex id: 107
851 852 853 854 855 856 857 858 859 860 861 
Adding vertex (chain-A, position-1107, res-LYS)
New vertex id: 108
862 863 864 865 866 867 868 869 870 
Adding vertex (chain-A, position-1108, res-GLU)
New vertex id: 109
871 872 873 874 875 876 
Adding vertex (chain-A, position-1109, res-ALA)
New vertex id: 110
877 878 879 880 881 
Adding vertex (chain-A, position-1110, res-ALA)
New vertex id: 111
882 883 884 885 886 
Adding vertex (chain-A, position-1111, res-ARG)
New vertex id: 112
887 888 889 890 891 892 893 894 
Adding vertex (chain-A, position-1112, res-LEU)
New vertex id: 113
895 896 897 898 899 
Adding vertex (chain-A, position-1113, res-ALA)
New vertex id: 114
900 901 902 903 904 
Adding vertex (chain-A, position-1114, res-LYS)
New vertex id: 115
905 906 907 908 909 910 
Adding vertex (chain-A, position-1115, res-GLU)
New vertex id: 116
911 912 913 914 915 
Adding vertex (chain-A, position-1116, res-LYS)
New vertex id: 117
916 917 918 919 920 921 922 
Adding vertex (chain-A, position-1117, res-SER)
New vertex id: 118
923 924 925 926 927 928 
Graph DONE

( reduce -FLIPs 1DDV.pdb > 1DDV.H.pdb ) >& /dev/null
Reduce (-FLIPs) returned 0
( bndlst -Radius0.3 1DDV.H.pdb > 1DDV.H.bndlst ) >& /dev/null
BndLst returned 0
Parsing 1DDV.H.bndlst

bndlst START
Adding bndlst edge: (A_E999_MC -> A_F1000_MC) type[cov], weight[1.00] from 0 to 1 dist[1.33]
Adding bndlst edge: (A_F1000_MC -> A_M1001_MC) type[cov], weight[1.00] from 1 to 2 dist[1.33]
Adding bndlst edge: (A_F1000_MC -> A_Q1004_SC) type[hb], weight[1.29] from 1 to 5 dist[1.76]
Adding bndlst edge: (A_F1000_SC -> A_S1035_SC) type[hb], weight[0.51] from 1 to 36 dist[2.80]
Adding bndlst edge: (A_F1000_SC -> A_S1035_SC) type[hb], weight[0.45] from 1 to 36 dist[3.00]
Adding bndlst edge: (A_M1001_MC -> A_G1002_MC) type[cov], weight[1.00] from 2 to 3 dist[1.33]
Adding bndlst edge: (A_G1002_MC -> A_E1003_MC) type[cov], weight[1.00] from 3 to 4 dist[1.33]
Adding bndlst edge: (A_G1002_MC -> A_Q1004_SC) type[hb], weight[0.49] from 3 to 5 dist[2.84]
Adding bndlst edge: (A_E1003_MC -> A_Q1004_MC) type[cov], weight[1.00] from 4 to 5 dist[1.33]
Adding bndlst edge: (A_Q1004_MC -> A_P1005_MC) type[cov], weight[1.00] from 5 to 6 dist[1.33]
Adding bndlst edge: (A_P1005_MC -> A_I1006_MC) type[cov], weight[1.00] from 6 to 7 dist[1.33]
Adding bndlst edge: (A_I1006_MC -> A_F1007_MC) type[cov], weight[1.00] from 7 to 8 dist[1.33]
Adding bndlst edge: (A_I1006_MC -> A_Y1036_MC) type[hb], weight[0.97] from 7 to 37 dist[2.03]
Adding bndlst edge: (A_F1007_MC -> A_S1008_MC) type[cov], weight[1.00] from 8 to 9 dist[1.33]
Adding bndlst edge: (A_F1007_MC -> A_Y1036_MC) type[hb], weight[1.11] from 8 to 37 dist[1.90]
Adding bndlst edge: (A_F1007_MC -> A_Y1036_MC) type[hb], weight[0.51] from 8 to 37 dist[2.79]
Adding bndlst edge: (A_S1008_MC -> A_T1009_MC) type[cov], weight[1.00] from 9 to 10 dist[1.33]
Adding bndlst edge: (A_S1008_SC -> A_S1035_SC) type[hb], weight[0.52] from 9 to 36 dist[2.76]
Adding bndlst edge: (A_S1008_SC -> A_S1035_SC) type[cov], weight[1.00] from 9 to 36 dist[1.64]
Adding bndlst edge: (A_T1009_MC -> A_R1010_MC) type[cov], weight[1.00] from 10 to 11 dist[1.33]
Adding bndlst edge: (A_T1009_MC -> A_V1034_MC) type[hb], weight[1.25] from 10 to 35 dist[1.79]
Adding bndlst edge: (A_T1009_SC -> A_R1010_MC) type[hb], weight[0.85] from 10 to 11 dist[2.17]
Adding bndlst edge: (A_T1009_MC -> A_V1034_MC) type[hb], weight[1.16] from 10 to 35 dist[1.85]
Adding bndlst edge: (A_T1009_SC -> A_F1090_SC) type[hb], weight[0.36] from 10 to 91 dist[3.34]
Adding bndlst edge: (A_T1009_SC -> A_F1090_SC) type[hb], weight[0.36] from 10 to 91 dist[3.35]
Adding bndlst edge: (A_R1010_MC -> A_A1011_MC) type[cov], weight[1.00] from 11 to 12 dist[1.33]
Adding bndlst edge: (A_R1010_SC -> A_T1033_SC) type[hb], weight[0.93] from 11 to 34 dist[2.08]
Adding bndlst edge: (A_A1011_MC -> A_H1012_MC) type[cov], weight[1.00] from 12 to 13 dist[1.33]
Adding bndlst edge: (A_A1011_MC -> A_V1032_MC) type[hb], weight[1.04] from 12 to 33 dist[1.96]
Adding bndlst edge: (A_A1011_MC -> A_V1032_MC) type[hb], weight[0.95] from 12 to 33 dist[2.05]
Adding bndlst edge: (A_H1012_MC -> A_V1013_MC) type[cov], weight[1.00] from 13 to 14 dist[1.33]
Adding bndlst edge: (A_H1012_MC -> A_G1089_MC) type[hb], weight[1.19] from 13 to 90 dist[1.83]
Adding bndlst edge: (A_H1012_MC -> A_G1089_MC) type[hb], weight[1.05] from 13 to 90 dist[1.95]
Adding bndlst edge: (A_H1012_SC -> A_K1029_MC) type[hb], weight[0.47] from 13 to 30 dist[2.92]
Adding bndlst edge: (A_V1013_MC -> A_F1014_MC) type[cov], weight[1.00] from 14 to 15 dist[1.33]
Adding bndlst edge: (A_V1013_MC -> A_S1028_MC) type[hb], weight[0.74] from 14 to 29 dist[2.33]
Adding bndlst edge: (A_V1013_MC -> A_T1027_MC) type[hb], weight[1.22] from 14 to 28 dist[1.81]
Adding bndlst edge: (A_V1013_MC -> A_S1028_SC) type[hb], weight[1.05] from 14 to 29 dist[1.95]
Adding bndlst edge: (A_F1014_MC -> A_Q1015_MC) type[cov], weight[1.00] from 15 to 16 dist[1.33]
Adding bndlst edge: (A_F1014_MC -> A_G1087_MC) type[hb], weight[1.17] from 15 to 88 dist[1.85]
Adding bndlst edge: (A_F1014_MC -> A_G1087_MC) type[hb], weight[1.19] from 15 to 88 dist[1.84]
Adding bndlst edge: (A_Q1015_MC -> A_I1016_MC) type[cov], weight[1.00] from 16 to 17 dist[1.33]
Adding bndlst edge: (A_Q1015_MC -> A_V1025_MC) type[hb], weight[1.01] from 16 to 26 dist[1.99]
Adding bndlst edge: (A_Q1015_SC -> A_T1027_SC) type[hb], weight[1.38] from 16 to 28 dist[1.70]
Adding bndlst edge: (A_Q1015_MC -> A_V1025_MC) type[hb], weight[1.11] from 16 to 26 dist[1.90]
Adding bndlst edge: (A_Q1015_SC -> A_D1017_SC) type[hb], weight[0.67] from 16 to 18 dist[2.45]
Adding bndlst edge: (A_Q1015_SC -> A_D1017_SC) type[hb], weight[1.20] from 16 to 18 dist[1.83]
Adding bndlst edge: (A_I1016_MC -> A_D1017_MC) type[cov], weight[1.00] from 17 to 18 dist[1.32]
Adding bndlst edge: (A_I1016_MC -> A_V1085_MC) type[hb], weight[0.97] from 17 to 86 dist[2.03]
Adding bndlst edge: (A_I1016_MC -> A_V1085_MC) type[hb], weight[1.12] from 17 to 86 dist[1.89]
Adding bndlst edge: (A_D1017_MC -> A_P1018_MC) type[cov], weight[1.00] from 18 to 19 dist[1.33]
Adding bndlst edge: (A_D1017_MC -> A_T1020_MC) type[hb], weight[0.72] from 18 to 21 dist[2.35]
Adding bndlst edge: (A_P1018_MC -> A_N1019_MC) type[cov], weight[1.00] from 19 to 20 dist[1.33]
Adding bndlst edge: (A_N1019_MC -> A_T1020_MC) type[cov], weight[1.00] from 20 to 21 dist[1.33]
Adding bndlst edge: (A_T1020_MC -> A_K1021_MC) type[cov], weight[1.00] from 21 to 22 dist[1.33]
Adding bndlst edge: (A_K1021_MC -> A_K1022_MC) type[cov], weight[1.00] from 22 to 23 dist[1.33]
Adding bndlst edge: (A_K1022_MC -> A_N1023_MC) type[cov], weight[1.00] from 23 to 24 dist[1.33]
Adding bndlst edge: (A_N1023_MC -> A_W1024_MC) type[cov], weight[1.00] from 24 to 25 dist[1.33]
Adding bndlst edge: (A_W1024_MC -> A_V1025_MC) type[cov], weight[1.00] from 25 to 26 dist[1.33]
Adding bndlst edge: (A_V1025_MC -> A_P1026_MC) type[cov], weight[1.00] from 26 to 27 dist[1.33]
Adding bndlst edge: (A_P1026_MC -> A_T1027_MC) type[cov], weight[1.00] from 27 to 28 dist[1.33]
Adding bndlst edge: (A_T1027_MC -> A_S1028_MC) type[cov], weight[1.00] from 28 to 29 dist[1.33]
Adding bndlst edge: (A_S1028_MC -> A_K1029_MC) type[cov], weight[1.00] from 29 to 30 dist[1.33]
Adding bndlst edge: (A_S1028_SC -> A_H1030_MC) type[hb], weight[0.92] from 29 to 31 dist[2.08]
Adding bndlst edge: (A_K1029_MC -> A_H1030_MC) type[cov], weight[1.00] from 30 to 31 dist[1.33]
Adding bndlst edge: (A_H1030_MC -> A_A1031_MC) type[cov], weight[1.00] from 31 to 32 dist[1.33]
Adding bndlst edge: (A_A1031_MC -> A_V1032_MC) type[cov], weight[1.00] from 32 to 33 dist[1.33]
Adding bndlst edge: (A_V1032_MC -> A_T1033_MC) type[cov], weight[1.00] from 33 to 34 dist[1.33]
Adding bndlst edge: (A_T1033_MC -> A_V1034_MC) type[cov], weight[1.00] from 34 to 35 dist[1.33]
Adding bndlst edge: (A_T1033_MC -> A_S1049_SC) type[hb], weight[0.97] from 34 to 50 dist[2.03]
Adding bndlst edge: (A_V1034_MC -> A_S1035_MC) type[cov], weight[1.00] from 35 to 36 dist[1.33]
Adding bndlst edge: (A_S1035_MC -> A_Y1036_MC) type[cov], weight[1.00] from 36 to 37 dist[1.33]
Adding bndlst edge: (A_S1035_MC -> A_I1048_MC) type[hb], weight[1.18] from 36 to 49 dist[1.84]
Adding bndlst edge: (A_S1035_MC -> A_I1048_MC) type[hb], weight[1.03] from 36 to 49 dist[1.97]
Adding bndlst edge: (A_Y1036_MC -> A_F1037_MC) type[cov], weight[1.00] from 37 to 38 dist[1.33]
Adding bndlst edge: (A_Y1036_SC -> A_F1099_SC) type[hb], weight[0.74] from 37 to 100 dist[2.33]
Adding bndlst edge: (A_Y1036_SC -> A_F1099_SC) type[hb], weight[0.76] from 37 to 100 dist[2.29]
Adding bndlst edge: (A_Y1036_SC -> A_F1099_SC) type[hb], weight[0.54] from 37 to 100 dist[2.72]
Adding bndlst edge: (A_Y1036_SC -> A_F1099_SC) type[hb], weight[0.41] from 37 to 100 dist[3.12]
Adding bndlst edge: (A_Y1036_SC -> A_F1099_SC) type[hb], weight[0.52] from 37 to 100 dist[2.77]
Adding bndlst edge: (A_Y1036_SC -> A_F1099_SC) type[hb], weight[0.41] from 37 to 100 dist[3.13]
Adding bndlst edge: (A_F1037_MC -> A_Y1038_MC) type[cov], weight[1.00] from 38 to 39 dist[1.33]
Adding bndlst edge: (A_F1037_MC -> A_R1046_MC) type[hb], weight[1.31] from 38 to 47 dist[1.75]
Adding bndlst edge: (A_F1037_MC -> A_R1046_MC) type[hb], weight[1.17] from 38 to 47 dist[1.85]
Adding bndlst edge: (A_Y1038_MC -> A_D1039_MC) type[cov], weight[1.00] from 39 to 40 dist[1.33]
Adding bndlst edge: (A_Y1038_SC -> A_N1043_SC) type[hb], weight[1.29] from 39 to 44 dist[1.76]
Adding bndlst edge: (A_D1039_MC -> A_S1040_MC) type[cov], weight[1.00] from 40 to 41 dist[1.33]
Adding bndlst edge: (A_D1039_MC -> A_N1043_MC) type[hb], weight[0.83] from 40 to 44 dist[2.20]
Adding bndlst edge: (A_D1039_MC -> A_V1044_MC) type[hb], weight[0.68] from 40 to 45 dist[2.42]
Adding bndlst edge: (A_D1039_MC -> A_R1042_MC) type[hb], weight[0.55] from 40 to 43 dist[2.70]
Adding bndlst edge: (A_D1039_SC -> A_R1042_MC) type[hb], weight[0.74] from 40 to 43 dist[2.32]
Adding bndlst edge: (A_D1039_SC -> A_T1041_SC) type[hb], weight[1.12] from 40 to 42 dist[1.89]
Adding bndlst edge: (A_D1039_SC -> A_T1041_MC) type[hb], weight[0.51] from 40 to 42 dist[2.79]
Adding bndlst edge: (A_D1039_MC -> A_V1044_MC) type[hb], weight[1.02] from 40 to 45 dist[1.99]
Adding bndlst edge: (A_S1040_MC -> A_T1041_MC) type[cov], weight[1.00] from 41 to 42 dist[1.33]
Adding bndlst edge: (A_S1040_MC -> A_N1043_MC) type[hb], weight[0.60] from 41 to 44 dist[2.58]
Adding bndlst edge: (A_S1040_SC -> A_T1041_MC) type[hb], weight[0.48] from 41 to 42 dist[2.89]
Adding bndlst edge: (A_T1041_MC -> A_R1042_MC) type[cov], weight[1.00] from 42 to 43 dist[1.33]
Adding bndlst edge: (A_T1041_SC -> A_R1042_MC) type[hb], weight[0.51] from 42 to 43 dist[2.80]
Adding bndlst edge: (A_R1042_MC -> A_N1043_MC) type[cov], weight[1.00] from 43 to 44 dist[1.32]
Adding bndlst edge: (A_N1043_MC -> A_V1044_MC) type[cov], weight[1.00] from 44 to 45 dist[1.33]
Adding bndlst edge: (A_N1043_SC -> A_S1117_SC) type[hb], weight[0.47] from 44 to 118 dist[2.91]
Adding bndlst edge: (A_N1043_SC -> A_A1113_MC) type[hb], weight[0.64] from 44 to 114 dist[2.50]
Adding bndlst edge: (A_N1043_SC -> A_S1117_SC) type[hb], weight[1.21] from 44 to 118 dist[1.82]
Adding bndlst edge: (A_V1044_MC -> A_Y1045_MC) type[cov], weight[1.00] from 45 to 46 dist[1.33]
Adding bndlst edge: (A_Y1045_MC -> A_R1046_MC) type[cov], weight[1.00] from 46 to 47 dist[1.33]
Adding bndlst edge: (A_Y1045_MC -> A_I1061_MC) type[hb], weight[1.17] from 46 to 62 dist[1.85]
Adding bndlst edge: (A_R1046_MC -> A_I1047_MC) type[cov], weight[1.00] from 47 to 48 dist[1.33]
Adding bndlst edge: (A_R1046_SC -> A_T1060_SC) type[hb], weight[0.54] from 47 to 61 dist[2.71]
Adding bndlst edge: (A_I1047_MC -> A_I1048_MC) type[cov], weight[1.00] from 48 to 49 dist[1.33]
Adding bndlst edge: (A_I1047_MC -> A_S1059_MC) type[hb], weight[0.99] from 48 to 60 dist[2.01]
Adding bndlst edge: (A_I1047_MC -> A_S1059_MC) type[hb], weight[1.26] from 48 to 60 dist[1.78]
Adding bndlst edge: (A_I1048_MC -> A_S1049_MC) type[cov], weight[1.00] from 49 to 50 dist[1.33]
Adding bndlst edge: (A_S1049_MC -> A_L1050_MC) type[cov], weight[1.00] from 50 to 51 dist[1.33]
Adding bndlst edge: (A_S1049_MC -> A_I1057_MC) type[hb], weight[0.84] from 50 to 58 dist[2.18]
Adding bndlst edge: (A_S1049_MC -> A_I1056_MC) type[hb], weight[1.19] from 50 to 57 dist[1.83]
Adding bndlst edge: (A_S1049_MC -> A_I1057_MC) type[hb], weight[0.95] from 50 to 58 dist[2.05]
Adding bndlst edge: (A_L1050_MC -> A_D1051_MC) type[cov], weight[1.00] from 51 to 52 dist[1.33]
Adding bndlst edge: (A_D1051_MC -> A_G1052_MC) type[cov], weight[1.00] from 52 to 53 dist[1.33]
Adding bndlst edge: (A_D1051_MC -> A_K1054_MC) type[hb], weight[0.59] from 52 to 55 dist[2.60]
Adding bndlst edge: (A_D1051_MC -> A_K1054_MC) type[hb], weight[0.98] from 52 to 55 dist[2.02]
Adding bndlst edge: (A_G1052_MC -> A_S1053_MC) type[cov], weight[1.00] from 53 to 54 dist[1.33]
Adding bndlst edge: (A_S1053_MC -> A_K1054_MC) type[cov], weight[1.00] from 54 to 55 dist[1.33]
Adding bndlst edge: (A_K1054_MC -> A_A1055_MC) type[cov], weight[1.00] from 55 to 56 dist[1.33]
Adding bndlst edge: (A_A1055_MC -> A_I1056_MC) type[cov], weight[1.00] from 56 to 57 dist[1.33]
Adding bndlst edge: (A_I1056_MC -> A_I1057_MC) type[cov], weight[1.00] from 57 to 58 dist[1.33]
Adding bndlst edge: (A_I1057_MC -> A_N1058_MC) type[cov], weight[1.00] from 58 to 59 dist[1.32]
Adding bndlst edge: (A_N1058_MC -> A_S1059_MC) type[cov], weight[1.00] from 59 to 60 dist[1.33]
Adding bndlst edge: (A_S1059_MC -> A_T1060_MC) type[cov], weight[1.00] from 60 to 61 dist[1.33]
Adding bndlst edge: (A_S1059_SC -> A_W1077_SC) type[hb], weight[0.90] from 60 to 78 dist[2.11]
Adding bndlst edge: (A_S1059_SC -> A_D1079_SC) type[hb], weight[1.34] from 60 to 80 dist[1.73]
Adding bndlst edge: (A_T1060_MC -> A_I1061_MC) type[cov], weight[1.00] from 61 to 62 dist[1.33]
Adding bndlst edge: (A_I1061_MC -> A_T1062_MC) type[cov], weight[1.00] from 62 to 63 dist[1.33]
Adding bndlst edge: (A_T1062_MC -> A_P1063_MC) type[cov], weight[1.00] from 63 to 64 dist[1.33]
Adding bndlst edge: (A_T1062_MC -> A_M1065_MC) type[hb], weight[0.76] from 63 to 66 dist[2.30]
Adding bndlst edge: (A_T1062_SC -> A_M1065_MC) type[hb], weight[0.45] from 63 to 66 dist[3.00]
Adding bndlst edge: (A_T1062_MC -> A_M1065_SC) type[hb], weight[0.55] from 63 to 66 dist[2.69]
Adding bndlst edge: (A_P1063_MC -> A_N1064_MC) type[cov], weight[1.00] from 64 to 65 dist[1.33]
Adding bndlst edge: (A_N1064_MC -> A_M1065_MC) type[cov], weight[1.00] from 65 to 66 dist[1.33]
Adding bndlst edge: (A_M1065_MC -> A_T1066_MC) type[cov], weight[1.00] from 66 to 67 dist[1.33]
Adding bndlst edge: (A_M1065_MC -> A_K1107_SC) type[hb], weight[0.61] from 66 to 108 dist[2.56]
Adding bndlst edge: (A_T1066_MC -> A_F1067_MC) type[cov], weight[1.00] from 67 to 68 dist[1.33]
Adding bndlst edge: (A_F1067_MC -> A_T1068_MC) type[cov], weight[1.00] from 68 to 69 dist[1.33]
Adding bndlst edge: (A_T1068_MC -> A_K1069_MC) type[cov], weight[1.00] from 69 to 70 dist[1.33]
Adding bndlst edge: (A_T1068_MC -> A_Q1076_MC) type[hb], weight[0.93] from 69 to 77 dist[2.07]
Adding bndlst edge: (A_T1068_MC -> A_Q1076_MC) type[hb], weight[1.12] from 69 to 77 dist[1.89]
Adding bndlst edge: (A_K1069_MC -> A_T1070_MC) type[cov], weight[1.00] from 70 to 71 dist[1.33]
Adding bndlst edge: (A_K1069_SC -> A_S1097_SC) type[hb], weight[0.74] from 70 to 98 dist[2.33]
Adding bndlst edge: (A_T1070_MC -> A_S1071_MC) type[cov], weight[1.00] from 71 to 72 dist[1.33]
Adding bndlst edge: (A_T1070_MC -> A_F1074_MC) type[hb], weight[0.74] from 71 to 75 dist[2.33]
Adding bndlst edge: (A_T1070_SC -> A_Q1076_SC) type[hb], weight[0.83] from 71 to 77 dist[2.20]
Adding bndlst edge: (A_S1071_MC -> A_Q1072_MC) type[cov], weight[1.00] from 72 to 73 dist[1.33]
Adding bndlst edge: (A_S1071_MC -> A_F1074_MC) type[hb], weight[0.85] from 72 to 75 dist[2.17]
Adding bndlst edge: (A_S1071_MC -> A_F1074_MC) type[hb], weight[0.56] from 72 to 75 dist[2.68]
Adding bndlst edge: (A_Q1072_MC -> A_K1073_MC) type[cov], weight[1.00] from 73 to 74 dist[1.33]
Adding bndlst edge: (A_Q1072_MC -> A_F1074_MC) type[hb], weight[0.49] from 73 to 75 dist[2.84]
Adding bndlst edge: (A_K1073_MC -> A_F1074_MC) type[cov], weight[1.00] from 74 to 75 dist[1.32]
Adding bndlst edge: (A_K1073_MC -> A_F1090_MC) type[hb], weight[1.40] from 74 to 91 dist[1.69]
Adding bndlst edge: (A_F1074_MC -> A_G1075_MC) type[cov], weight[1.00] from 75 to 76 dist[1.33]
Adding bndlst edge: (A_F1074_SC -> A_G1075_MC) type[hb], weight[0.37] from 75 to 76 dist[3.27]
Adding bndlst edge: (A_G1075_MC -> A_Q1076_MC) type[cov], weight[1.00] from 76 to 77 dist[1.33]
Adding bndlst edge: (A_G1075_MC -> A_L1088_MC) type[hb], weight[1.12] from 76 to 89 dist[1.89]
Adding bndlst edge: (A_G1075_MC -> A_L1088_MC) type[hb], weight[0.79] from 76 to 89 dist[2.25]
Adding bndlst edge: (A_Q1076_MC -> A_W1077_MC) type[cov], weight[1.00] from 77 to 78 dist[1.33]
Adding bndlst edge: (A_W1077_MC -> A_A1078_MC) type[cov], weight[1.00] from 78 to 79 dist[1.33]
Adding bndlst edge: (A_W1077_MC -> A_Y1086_MC) type[hb], weight[1.02] from 78 to 87 dist[1.98]
Adding bndlst edge: (A_W1077_MC -> A_Y1086_MC) type[hb], weight[0.93] from 78 to 87 dist[2.08]
Adding bndlst edge: (A_A1078_MC -> A_D1079_MC) type[cov], weight[1.00] from 79 to 80 dist[1.33]
Adding bndlst edge: (A_D1079_MC -> A_S1080_MC) type[cov], weight[1.00] from 80 to 81 dist[1.33]
Adding bndlst edge: (A_D1079_MC -> A_T1084_MC) type[hb], weight[0.79] from 80 to 85 dist[2.25]
Adding bndlst edge: (A_D1079_MC -> A_N1083_MC) type[hb], weight[0.76] from 80 to 84 dist[2.30]
Adding bndlst edge: (A_D1079_MC -> A_A1082_MC) type[hb], weight[0.48] from 80 to 83 dist[2.89]
Adding bndlst edge: (A_D1079_SC -> A_R1081_MC) type[hb], weight[0.66] from 80 to 82 dist[2.46]
Adding bndlst edge: (A_D1079_SC -> A_A1082_MC) type[hb], weight[1.08] from 80 to 83 dist[1.93]
Adding bndlst edge: (A_D1079_MC -> A_T1084_MC) type[hb], weight[1.10] from 80 to 85 dist[1.91]
Adding bndlst edge: (A_S1080_MC -> A_R1081_MC) type[cov], weight[1.00] from 81 to 82 dist[1.33]
Adding bndlst edge: (A_S1080_MC -> A_N1083_MC) type[hb], weight[0.65] from 81 to 84 dist[2.47]
Adding bndlst edge: (A_R1081_MC -> A_A1082_MC) type[cov], weight[1.00] from 82 to 83 dist[1.33]
Adding bndlst edge: (A_A1082_MC -> A_N1083_MC) type[cov], weight[1.00] from 83 to 84 dist[1.33]
Adding bndlst edge: (A_A1082_MC -> A_T1084_SC) type[hb], weight[0.98] from 83 to 85 dist[2.02]
Adding bndlst edge: (A_N1083_MC -> A_T1084_MC) type[cov], weight[1.00] from 84 to 85 dist[1.33]
Adding bndlst edge: (A_N1083_MC -> A_T1084_SC) type[hb], weight[0.50] from 84 to 85 dist[2.83]
Adding bndlst edge: (A_T1084_MC -> A_V1085_MC) type[cov], weight[1.00] from 85 to 86 dist[1.32]
Adding bndlst edge: (A_V1085_MC -> A_Y1086_MC) type[cov], weight[1.00] from 86 to 87 dist[1.33]
Adding bndlst edge: (A_Y1086_MC -> A_G1087_MC) type[cov], weight[1.00] from 87 to 88 dist[1.33]
Adding bndlst edge: (A_G1087_MC -> A_L1088_MC) type[cov], weight[1.00] from 88 to 89 dist[1.33]
Adding bndlst edge: (A_L1088_MC -> A_G1089_MC) type[cov], weight[1.00] from 89 to 90 dist[1.33]
Adding bndlst edge: (A_G1089_MC -> A_F1090_MC) type[cov], weight[1.00] from 90 to 91 dist[1.33]
Adding bndlst edge: (A_F1090_MC -> A_S1091_MC) type[cov], weight[1.00] from 91 to 92 dist[1.33]
Adding bndlst edge: (A_S1091_MC -> A_S1092_MC) type[cov], weight[1.00] from 92 to 93 dist[1.33]
Adding bndlst edge: (A_S1091_SC -> A_H1095_SC) type[hb], weight[0.80] from 92 to 96 dist[2.24]
Adding bndlst edge: (A_S1091_SC -> A_H1095_SC) type[hb], weight[0.37] from 92 to 96 dist[3.30]
Adding bndlst edge: (A_S1092_MC -> A_E1093_MC) type[cov], weight[1.00] from 93 to 94 dist[1.33]
Adding bndlst edge: (A_S1092_MC -> A_L1096_MC) type[hb], weight[0.79] from 93 to 97 dist[2.25]
Adding bndlst edge: (A_S1092_MC -> A_H1095_MC) type[hb], weight[0.58] from 93 to 96 dist[2.63]
Adding bndlst edge: (A_S1092_SC -> A_H1095_MC) type[hb], weight[0.67] from 93 to 96 dist[2.45]
Adding bndlst edge: (A_S1092_SC -> A_H1095_SC) type[hb], weight[0.50] from 93 to 96 dist[2.82]
Adding bndlst edge: (A_S1092_SC -> A_H1095_SC) type[hb], weight[0.36] from 93 to 96 dist[3.34]
Adding bndlst edge: (A_E1093_MC -> A_H1094_MC) type[cov], weight[1.00] from 94 to 95 dist[1.33]
Adding bndlst edge: (A_E1093_MC -> A_S1097_SC) type[hb], weight[0.46] from 94 to 98 dist[2.96]
Adding bndlst edge: (A_E1093_MC -> A_S1097_MC) type[hb], weight[1.00] from 94 to 98 dist[2.00]
Adding bndlst edge: (A_E1093_MC -> A_L1096_MC) type[hb], weight[0.47] from 94 to 97 dist[2.90]
Adding bndlst edge: (A_E1093_SC -> A_S1097_SC) type[hb], weight[0.56] from 94 to 98 dist[2.68]
Adding bndlst edge: (A_E1093_SC -> A_S1097_SC) type[hb], weight[1.13] from 94 to 98 dist[1.89]
Adding bndlst edge: (A_H1094_MC -> A_H1095_MC) type[cov], weight[1.00] from 95 to 96 dist[1.33]
Adding bndlst edge: (A_H1094_MC -> A_K1098_MC) type[hb], weight[0.99] from 95 to 99 dist[2.01]
Adding bndlst edge: (A_H1094_MC -> A_S1097_MC) type[hb], weight[0.46] from 95 to 98 dist[2.96]
Adding bndlst edge: (A_H1095_MC -> A_L1096_MC) type[cov], weight[1.00] from 96 to 97 dist[1.33]
Adding bndlst edge: (A_H1095_MC -> A_F1099_MC) type[hb], weight[0.98] from 96 to 100 dist[2.02]
Adding bndlst edge: (A_H1095_MC -> A_K1098_MC) type[hb], weight[0.45] from 96 to 99 dist[2.99]
Adding bndlst edge: (A_L1096_MC -> A_S1097_MC) type[cov], weight[1.00] from 97 to 98 dist[1.33]
Adding bndlst edge: (A_L1096_MC -> A_A1100_MC) type[hb], weight[0.91] from 97 to 101 dist[2.10]
Adding bndlst edge: (A_L1096_MC -> A_F1099_MC) type[hb], weight[0.47] from 97 to 100 dist[2.92]
Adding bndlst edge: (A_S1097_MC -> A_K1098_MC) type[cov], weight[1.00] from 98 to 99 dist[1.33]
Adding bndlst edge: (A_S1097_MC -> A_E1101_MC) type[hb], weight[1.03] from 98 to 102 dist[1.97]
Adding bndlst edge: (A_S1097_MC -> A_A1100_MC) type[hb], weight[0.48] from 98 to 101 dist[2.89]
Adding bndlst edge: (A_K1098_MC -> A_F1099_MC) type[cov], weight[1.00] from 99 to 100 dist[1.33]
Adding bndlst edge: (A_K1098_MC -> A_K1102_MC) type[hb], weight[1.03] from 99 to 103 dist[1.97]
Adding bndlst edge: (A_K1098_MC -> A_E1101_MC) type[hb], weight[0.52] from 99 to 102 dist[2.76]
Adding bndlst edge: (A_F1099_MC -> A_A1100_MC) type[cov], weight[1.00] from 100 to 101 dist[1.33]
Adding bndlst edge: (A_F1099_MC -> A_F1103_MC) type[hb], weight[1.01] from 100 to 104 dist[1.99]
Adding bndlst edge: (A_F1099_MC -> A_K1102_MC) type[hb], weight[0.48] from 100 to 103 dist[2.90]
Adding bndlst edge: (A_A1100_MC -> A_E1101_MC) type[cov], weight[1.00] from 101 to 102 dist[1.33]
Adding bndlst edge: (A_A1100_MC -> A_Q1104_MC) type[hb], weight[0.70] from 101 to 105 dist[2.38]
Adding bndlst edge: (A_A1100_MC -> A_F1103_MC) type[hb], weight[0.52] from 101 to 104 dist[2.77]
Adding bndlst edge: (A_E1101_MC -> A_K1102_MC) type[cov], weight[1.00] from 102 to 103 dist[1.33]
Adding bndlst edge: (A_E1101_MC -> A_E1105_MC) type[hb], weight[0.85] from 102 to 106 dist[2.17]
Adding bndlst edge: (A_E1101_MC -> A_Q1104_MC) type[hb], weight[0.53] from 102 to 105 dist[2.74]
Adding bndlst edge: (A_K1102_MC -> A_F1103_MC) type[cov], weight[1.00] from 103 to 104 dist[1.33]
Adding bndlst edge: (A_K1102_MC -> A_F1106_MC) type[hb], weight[1.18] from 103 to 107 dist[1.84]
Adding bndlst edge: (A_K1102_MC -> A_E1105_MC) type[hb], weight[0.59] from 103 to 106 dist[2.60]
Adding bndlst edge: (A_K1102_SC -> A_E1105_SC) type[salt], weight[0.77] from 103 to 106 dist[2.17]
Adding bndlst edge: (A_F1103_MC -> A_Q1104_MC) type[cov], weight[1.00] from 104 to 105 dist[1.33]
Adding bndlst edge: (A_F1103_MC -> A_K1107_MC) type[hb], weight[1.10] from 104 to 108 dist[1.91]
Adding bndlst edge: (A_F1103_MC -> A_F1106_MC) type[hb], weight[0.52] from 104 to 107 dist[2.77]
Adding bndlst edge: (A_Q1104_MC -> A_E1105_MC) type[cov], weight[1.00] from 105 to 106 dist[1.33]
Adding bndlst edge: (A_Q1104_MC -> A_E1108_MC) type[hb], weight[0.85] from 105 to 109 dist[2.16]
Adding bndlst edge: (A_Q1104_MC -> A_K1107_MC) type[hb], weight[0.50] from 105 to 108 dist[2.82]
Adding bndlst edge: (A_E1105_MC -> A_F1106_MC) type[cov], weight[1.00] from 106 to 107 dist[1.33]
Adding bndlst edge: (A_E1105_MC -> A_A1109_MC) type[hb], weight[0.86] from 106 to 110 dist[2.16]
Adding bndlst edge: (A_E1105_MC -> A_E1108_MC) type[hb], weight[0.50] from 106 to 109 dist[2.83]
Adding bndlst edge: (A_F1106_MC -> A_K1107_MC) type[cov], weight[1.00] from 107 to 108 dist[1.33]
Adding bndlst edge: (A_F1106_MC -> A_A1110_MC) type[hb], weight[1.14] from 107 to 111 dist[1.87]
Adding bndlst edge: (A_K1107_MC -> A_E1108_MC) type[cov], weight[1.00] from 108 to 109 dist[1.33]
Adding bndlst edge: (A_K1107_MC -> A_R1111_MC) type[hb], weight[0.86] from 108 to 112 dist[2.16]
Adding bndlst edge: (A_K1107_MC -> A_A1110_MC) type[hb], weight[0.46] from 108 to 111 dist[2.94]
Adding bndlst edge: (A_E1108_MC -> A_A1109_MC) type[cov], weight[1.00] from 109 to 110 dist[1.33]
Adding bndlst edge: (A_E1108_MC -> A_L1112_MC) type[hb], weight[0.95] from 109 to 113 dist[2.06]
Adding bndlst edge: (A_E1108_MC -> A_R1111_MC) type[hb], weight[0.57] from 109 to 112 dist[2.64]
Adding bndlst edge: (A_A1109_MC -> A_A1110_MC) type[cov], weight[1.00] from 110 to 111 dist[1.33]
Adding bndlst edge: (A_A1109_MC -> A_L1112_MC) type[hb], weight[0.47] from 110 to 113 dist[2.92]
Adding bndlst edge: (A_A1109_MC -> A_A1113_MC) type[hb], weight[1.20] from 110 to 114 dist[1.82]
Adding bndlst edge: (A_A1110_MC -> A_R1111_MC) type[cov], weight[1.00] from 111 to 112 dist[1.33]
Adding bndlst edge: (A_A1110_MC -> A_K1114_MC) type[hb], weight[0.96] from 111 to 115 dist[2.04]
Adding bndlst edge: (A_A1110_MC -> A_A1113_MC) type[hb], weight[0.45] from 111 to 114 dist[2.99]
Adding bndlst edge: (A_R1111_MC -> A_L1112_MC) type[cov], weight[1.00] from 112 to 113 dist[1.33]
Adding bndlst edge: (A_R1111_MC -> A_E1115_MC) type[hb], weight[0.83] from 112 to 116 dist[2.19]
Adding bndlst edge: (A_R1111_MC -> A_K1114_MC) type[hb], weight[0.48] from 112 to 115 dist[2.88]
Adding bndlst edge: (A_L1112_MC -> A_A1113_MC) type[cov], weight[1.00] from 113 to 114 dist[1.33]
Adding bndlst edge: (A_L1112_MC -> A_E1115_MC) type[hb], weight[0.48] from 113 to 116 dist[2.88]
Adding bndlst edge: (A_L1112_MC -> A_K1116_MC) type[hb], weight[0.99] from 113 to 117 dist[2.01]
Adding bndlst edge: (A_A1113_MC -> A_K1114_MC) type[cov], weight[1.00] from 114 to 115 dist[1.33]
Adding bndlst edge: (A_A1113_MC -> A_K1116_MC) type[hb], weight[0.54] from 114 to 117 dist[2.72]
Adding bndlst edge: (A_A1113_MC -> A_S1117_MC) type[hb], weight[0.97] from 114 to 118 dist[2.03]
Adding bndlst edge: (A_K1114_MC -> A_E1115_MC) type[cov], weight[1.00] from 115 to 116 dist[1.33]
Adding bndlst edge: (A_K1114_MC -> A_S1117_MC) type[hb], weight[0.61] from 115 to 118 dist[2.57]
Adding bndlst edge: (A_E1115_MC -> A_K1116_MC) type[cov], weight[1.00] from 116 to 117 dist[1.33]
Adding bndlst edge: (A_K1116_MC -> A_S1117_MC) type[cov], weight[1.00] from 117 to 118 dist[1.33]

bndlst DONE

Producing PAJEK network
printing pajek edge (A_1032_VAL,A_1033_THR)
printing pajek edge (A_1031_ALA,A_1032_VAL)
printing pajek edge (A_1089_GLY,A_1090_PHE)
printing pajek edge (A_1062_THR,A_1063_PRO)
printing pajek edge (A_1062_THR,A_1065_MET)
printing pajek edge (A_1020_THR,A_1021_LYS)
printing pajek edge (A_1070_THR,A_1076_GLN)
printing pajek edge (A_1070_THR,A_1074_PHE)
printing pajek edge (A_1070_THR,A_1071_SER)
printing pajek edge (A_1101_GLU,A_1102_LYS)
printing pajek edge (A_1101_GLU,A_1105_GLU)
printing pajek edge (A_1101_GLU,A_1104_GLN)
printing pajek edge (A_1006_ILE,A_1007_PHE)
printing pajek edge (A_1006_ILE,A_1036_TYR)
printing pajek edge (A_1079_ASP,A_1083_ASN)
printing pajek edge (A_1079_ASP,A_1080_SER)
printing pajek edge (A_1079_ASP,A_1084_THR)
printing pajek edge (A_1079_ASP,A_1082_ALA)
printing pajek edge (A_1079_ASP,A_1081_ARG)
printing pajek edge (A_1025_VAL,A_1026_PRO)
printing pajek edge (A_1098_LYS,A_1102_LYS)
printing pajek edge (A_1098_LYS,A_1101_GLU)
printing pajek edge (A_1098_LYS,A_1099_PHE)
printing pajek edge (A_1017_ASP,A_1020_THR)
printing pajek edge (A_1017_ASP,A_1018_PRO)
printing pajek edge (A_1071_SER,A_1074_PHE)
printing pajek edge (A_1071_SER,A_1072_GLN)
printing pajek edge (A_1015_GLN,A_1017_ASP)
printing pajek edge (A_1015_GLN,A_1027_THR)
printing pajek edge (A_1015_GLN,A_1025_VAL)
printing pajek edge (A_1015_GLN,A_1016_ILE)
printing pajek edge (A_1043_ASN,A_1117_SER)
printing pajek edge (A_1043_ASN,A_1044_VAL)
printing pajek edge (A_1043_ASN,A_1113_ALA)
printing pajek edge (A_1054_LYS,A_1055_ALA)
printing pajek edge (A_1083_ASN,A_1084_THR)
printing pajek edge (A_1083_ASN,A_1084_THR)
printing pajek edge (A_1073_LYS,A_1074_PHE)
printing pajek edge (A_1073_LYS,A_1090_PHE)
printing pajek edge (A_1026_PRO,A_1027_THR)
printing pajek edge (A_1094_HIS,A_1097_SER)
printing pajek edge (A_1094_HIS,A_1098_LYS)
printing pajek edge (A_1094_HIS,A_1095_HIS)
printing pajek edge (A_1056_ILE,A_1057_ILE)
printing pajek edge (A_1060_THR,A_1061_ILE)
printing pajek edge (A_1107_LYS,A_1111_ARG)
printing pajek edge (A_1107_LYS,A_1108_GLU)
printing pajek edge (A_1107_LYS,A_1110_ALA)
printing pajek edge (A_1114_LYS,A_1115_GLU)
printing pajek edge (A_1114_LYS,A_1117_SER)
printing pajek edge (A_1019_ASN,A_1020_THR)
printing pajek edge (A_1108_GLU,A_1111_ARG)
printing pajek edge (A_1108_GLU,A_1112_LEU)
printing pajek edge (A_1108_GLU,A_1109_ALA)
printing pajek edge (A_1091_SER,A_1092_SER)
printing pajek edge (A_1091_SER,A_1095_HIS)
printing pajek edge (A_1102_LYS,A_1103_PHE)
printing pajek edge (A_1102_LYS,A_1105_GLU)
printing pajek edge (A_1102_LYS,A_1105_GLU)
printing pajek edge (A_1102_LYS,A_1106_PHE)
printing pajek edge (A_1088_LEU,A_1089_GLY)
printing pajek edge (A_1009_THR,A_1034_VAL)
printing pajek edge (A_1009_THR,A_1010_ARG)
printing pajek edge (A_1009_THR,A_1010_ARG)
printing pajek edge (A_1009_THR,A_1090_PHE)
printing pajek edge (A_1030_HIS,A_1031_ALA)
printing pajek edge (A_1112_LEU,A_1115_GLU)
printing pajek edge (A_1112_LEU,A_1116_LYS)
printing pajek edge (A_1112_LEU,A_1113_ALA)
printing pajek edge (A_1034_VAL,A_1035_SER)
printing pajek edge (A_1010_ARG,A_1033_THR)
printing pajek edge (A_1010_ARG,A_1011_ALA)
printing pajek edge (A_1090_PHE,A_1091_SER)
printing pajek edge (A_1077_TRP,A_1086_TYR)
printing pajek edge (A_1077_TRP,A_1078_ALA)
printing pajek edge (A_1106_PHE,A_1110_ALA)
printing pajek edge (A_1106_PHE,A_1107_LYS)
printing pajek edge (A_1047_ILE,A_1059_SER)
printing pajek edge (A_1047_ILE,A_1048_ILE)
printing pajek edge (A_1086_TYR,A_1087_GLY)
printing pajek edge (A_1092_SER,A_1096_LEU)
printing pajek edge (A_1092_SER,A_1093_GLU)
printing pajek edge (A_1092_SER,A_1095_HIS)
printing pajek edge (A_1076_GLN,A_1077_TRP)
printing pajek edge (A_1105_GLU,A_1108_GLU)
printing pajek edge (A_1105_GLU,A_1109_ALA)
printing pajek edge (A_1105_GLU,A_1106_PHE)
printing pajek edge (A_1064_ASN,A_1065_MET)
printing pajek edge (A_1028_SER,A_1029_LYS)
printing pajek edge (A_1028_SER,A_1030_HIS)
printing pajek edge (A_1049_SER,A_1056_ILE)
printing pajek edge (A_1049_SER,A_1050_LEU)
printing pajek edge (A_1049_SER,A_1057_ILE)
printing pajek edge (A_1038_TYR,A_1039_ASP)
printing pajek edge (A_1038_TYR,A_1043_ASN)
printing pajek edge (A_1063_PRO,A_1064_ASN)
printing pajek edge (A_1096_LEU,A_1097_SER)
printing pajek edge (A_1096_LEU,A_1100_ALA)
printing pajek edge (A_1096_LEU,A_1099_PHE)
printing pajek edge (A_1113_ALA,A_1117_SER)
printing pajek edge (A_1113_ALA,A_1116_LYS)
printing pajek edge (A_1113_ALA,A_1114_LYS)
printing pajek edge (A_1057_ILE,A_1058_ASN)
printing pajek edge (A_1040_SER,A_1041_THR)
printing pajek edge (A_1040_SER,A_1041_THR)
printing pajek edge (A_1040_SER,A_1043_ASN)
printing pajek edge (A_1011_ALA,A_1032_VAL)
printing pajek edge (A_1011_ALA,A_1012_HIS)
printing pajek edge (A_1014_PHE,A_1087_GLY)
printing pajek edge (A_1014_PHE,A_1015_GLN)
printing pajek edge (A_1080_SER,A_1083_ASN)
printing pajek edge (A_1080_SER,A_1081_ARG)
printing pajek edge (A_1051_ASP,A_1052_GLY)
printing pajek edge (A_1051_ASP,A_1054_LYS)
printing pajek edge (A_1059_SER,A_1060_THR)
printing pajek edge (A_1059_SER,A_1079_ASP)
printing pajek edge (A_1059_SER,A_1077_TRP)
printing pajek edge (A_1055_ALA,A_1056_ILE)
printing pajek edge (A_1100_ALA,A_1103_PHE)
printing pajek edge (A_1100_ALA,A_1101_GLU)
printing pajek edge (A_1100_ALA,A_1104_GLN)
printing pajek edge (A_1072_GLN,A_1073_LYS)
printing pajek edge (A_1072_GLN,A_1074_PHE)
printing pajek edge (A_1065_MET,A_1066_THR)
printing pajek edge (A_1065_MET,A_1107_LYS)
printing pajek edge (A_1044_VAL,A_1045_TYR)
printing pajek edge (A_1085_VAL,A_1086_TYR)
printing pajek edge (A_1075_GLY,A_1076_GLN)
printing pajek edge (A_1075_GLY,A_1088_LEU)
printing pajek edge (A_1018_PRO,A_1019_ASN)
printing pajek edge (A_1061_ILE,A_1062_THR)
printing pajek edge (A_1053_SER,A_1054_LYS)
printing pajek edge (A_1066_THR,A_1067_PHE)
printing pajek edge (A_1069_LYS,A_1097_SER)
printing pajek edge (A_1069_LYS,A_1070_THR)
printing pajek edge (A_1067_PHE,A_1068_THR)
printing pajek edge (A_1001_MET,A_1002_GLY)
printing pajek edge (A_1016_ILE,A_1017_ASP)
printing pajek edge (A_1016_ILE,A_1085_VAL)
printing pajek edge (A_1000_PHE,A_1035_SER)
printing pajek edge (A_1000_PHE,A_1001_MET)
printing pajek edge (A_1000_PHE,A_1004_GLN)
printing pajek edge (A_1115_GLU,A_1116_LYS)
printing pajek edge (A_1087_GLY,A_1088_LEU)
printing pajek edge (A_1029_LYS,A_1030_HIS)
printing pajek edge (A_1099_PHE,A_1103_PHE)
printing pajek edge (A_1099_PHE,A_1102_LYS)
printing pajek edge (A_1099_PHE,A_1100_ALA)
printing pajek edge (A_1109_ALA,A_1113_ALA)
printing pajek edge (A_1109_ALA,A_1110_ALA)
printing pajek edge (A_1109_ALA,A_1112_LEU)
printing pajek edge (A_1081_ARG,A_1082_ALA)
printing pajek edge (A_1024_TRP,A_1025_VAL)
printing pajek edge (A_1027_THR,A_1028_SER)
printing pajek edge (A_1082_ALA,A_1083_ASN)
printing pajek edge (A_1082_ALA,A_1084_THR)
printing pajek edge (A_1074_PHE,A_1075_GLY)
printing pajek edge (A_1074_PHE,A_1075_GLY)
printing pajek edge (A_1039_ASP,A_1041_THR)
printing pajek edge (A_1039_ASP,A_1044_VAL)
printing pajek edge (A_1039_ASP,A_1042_ARG)
printing pajek edge (A_1039_ASP,A_1043_ASN)
printing pajek edge (A_1039_ASP,A_1040_SER)
printing pajek edge (A_1013_VAL,A_1027_THR)
printing pajek edge (A_1013_VAL,A_1028_SER)
printing pajek edge (A_1013_VAL,A_1014_PHE)
printing pajek edge (A_1111_ARG,A_1115_GLU)
printing pajek edge (A_1111_ARG,A_1114_LYS)
printing pajek edge (A_1111_ARG,A_1112_LEU)
printing pajek edge (A_1068_THR,A_1076_GLN)
printing pajek edge (A_1068_THR,A_1069_LYS)
printing pajek edge (A_1058_ASN,A_1059_SER)
printing pajek edge (A_1048_ILE,A_1049_SER)
printing pajek edge (A_1023_ASN,A_1024_TRP)
printing pajek edge (A_1103_PHE,A_1107_LYS)
printing pajek edge (A_1103_PHE,A_1104_GLN)
printing pajek edge (A_1103_PHE,A_1106_PHE)
printing pajek edge (A_1052_GLY,A_1053_SER)
printing pajek edge (A_1078_ALA,A_1079_ASP)
printing pajek edge (A_1021_LYS,A_1022_LYS)
printing pajek edge (A_1041_THR,A_1042_ARG)
printing pajek edge (A_1041_THR,A_1042_ARG)
printing pajek edge (A_999_GLU,A_1000_PHE)
printing pajek edge (A_1045_TYR,A_1061_ILE)
printing pajek edge (A_1045_TYR,A_1046_ARG)
printing pajek edge (A_1022_LYS,A_1023_ASN)
printing pajek edge (A_1012_HIS,A_1089_GLY)
printing pajek edge (A_1012_HIS,A_1029_LYS)
printing pajek edge (A_1012_HIS,A_1013_VAL)
printing pajek edge (A_1104_GLN,A_1108_GLU)
printing pajek edge (A_1104_GLN,A_1105_GLU)
printing pajek edge (A_1104_GLN,A_1107_LYS)
printing pajek edge (A_1095_HIS,A_1098_LYS)
printing pajek edge (A_1095_HIS,A_1096_LEU)
printing pajek edge (A_1095_HIS,A_1099_PHE)
printing pajek edge (A_1005_PRO,A_1006_ILE)
printing pajek edge (A_1084_THR,A_1085_VAL)
printing pajek edge (A_1002_GLY,A_1003_GLU)
printing pajek edge (A_1002_GLY,A_1004_GLN)
printing pajek edge (A_1035_SER,A_1048_ILE)
printing pajek edge (A_1035_SER,A_1036_TYR)
printing pajek edge (A_1093_GLU,A_1097_SER)
printing pajek edge (A_1093_GLU,A_1094_HIS)
printing pajek edge (A_1093_GLU,A_1096_LEU)
printing pajek edge (A_1110_ALA,A_1111_ARG)
printing pajek edge (A_1110_ALA,A_1113_ALA)
printing pajek edge (A_1110_ALA,A_1114_LYS)
printing pajek edge (A_1008_SER,A_1035_SER)
printing pajek edge (A_1008_SER,A_1035_SER)
printing pajek edge (A_1008_SER,A_1009_THR)
printing pajek edge (A_1050_LEU,A_1051_ASP)
printing pajek edge (A_1046_ARG,A_1060_THR)
printing pajek edge (A_1046_ARG,A_1047_ILE)
printing pajek edge (A_1007_PHE,A_1036_TYR)
printing pajek edge (A_1007_PHE,A_1008_SER)
printing pajek edge (A_1037_PHE,A_1038_TYR)
printing pajek edge (A_1037_PHE,A_1046_ARG)
printing pajek edge (A_1097_SER,A_1098_LYS)
printing pajek edge (A_1097_SER,A_1100_ALA)
printing pajek edge (A_1097_SER,A_1101_GLU)
printing pajek edge (A_1003_GLU,A_1004_GLN)
printing pajek edge (A_1033_THR,A_1034_VAL)
printing pajek edge (A_1033_THR,A_1049_SER)
printing pajek edge (A_1036_TYR,A_1037_PHE)
printing pajek edge (A_1036_TYR,A_1099_PHE)
printing pajek edge (A_1116_LYS,A_1117_SER)
printing pajek edge (A_1042_ARG,A_1043_ASN)
printing pajek edge (A_1004_GLN,A_1005_PRO)
