Graph START

Adding vertex (chain-A, position-1, res-MET)
New vertex id: 0
1 2 3 4 5 6 7 8 9 10 11 12 13 14 15 16 17 18 19 
Adding vertex (chain-A, position-2, res-PRO)
New vertex id: 1
20 21 22 23 24 25 26 27 28 29 30 31 32 33 
Adding vertex (chain-A, position-3, res-SER)
New vertex id: 2
34 35 36 37 38 39 40 41 42 43 44 
Adding vertex (chain-A, position-4, res-GLU)
New vertex id: 3
45 46 47 48 49 50 51 52 53 54 55 56 57 58 59 
Adding vertex (chain-A, position-5, res-LYS)
New vertex id: 4
60 61 62 63 64 65 66 67 68 69 70 71 72 73 74 75 76 77 78 79 80 81 
Adding vertex (chain-A, position-6, res-THR)
New vertex id: 5
82 83 84 85 86 87 88 89 90 91 92 93 94 95 
Adding vertex (chain-A, position-7, res-PHE)
New vertex id: 6
96 97 98 99 100 101 102 103 104 105 106 107 108 109 110 111 112 113 114 115 
Adding vertex (chain-A, position-8, res-LYS)
New vertex id: 7
116 117 118 119 120 121 122 123 124 125 126 127 128 129 130 131 132 133 134 135 136 137 
Adding vertex (chain-A, position-9, res-GLN)
New vertex id: 8
138 139 140 141 142 143 144 145 146 147 148 149 150 151 152 153 154 
Adding vertex (chain-A, position-10, res-ARG)
New vertex id: 9
155 156 157 158 159 160 161 162 163 164 165 166 167 168 169 170 171 172 173 174 175 176 177 178 
Adding vertex (chain-A, position-11, res-ARG)
New vertex id: 10
179 180 181 182 183 184 185 186 187 188 189 190 191 192 193 194 195 196 197 198 199 200 201 202 
Adding vertex (chain-A, position-12, res-THR)
New vertex id: 11
203 204 205 206 207 208 209 210 211 212 213 214 215 216 
Adding vertex (chain-A, position-13, res-PHE)
New vertex id: 12
217 218 219 220 221 222 223 224 225 226 227 228 229 230 231 232 233 234 235 236 
Adding vertex (chain-A, position-14, res-GLU)
New vertex id: 13
237 238 239 240 241 242 243 244 245 246 247 248 249 250 251 
Adding vertex (chain-A, position-15, res-GLN)
New vertex id: 14
252 253 254 255 256 257 258 259 260 261 262 263 264 265 266 267 268 
Adding vertex (chain-A, position-16, res-ARG)
New vertex id: 15
269 270 271 272 273 274 275 276 277 278 279 280 281 282 283 284 285 286 287 288 289 290 291 292 
Adding vertex (chain-A, position-17, res-VAL)
New vertex id: 16
293 294 295 296 297 298 299 300 301 302 303 304 305 306 307 308 
Adding vertex (chain-A, position-18, res-GLU)
New vertex id: 17
309 310 311 312 313 314 315 316 317 318 319 320 321 322 323 
Adding vertex (chain-A, position-19, res-ASP)
New vertex id: 18
324 325 326 327 328 329 330 331 332 333 334 335 
Adding vertex (chain-A, position-20, res-VAL)
New vertex id: 19
336 337 338 339 340 341 342 343 344 345 346 347 348 349 350 351 
Adding vertex (chain-A, position-21, res-ARG)
New vertex id: 20
352 353 354 355 356 357 358 359 360 361 362 363 364 365 366 367 368 369 370 371 372 373 374 375 
Adding vertex (chain-A, position-22, res-LEU)
New vertex id: 21
376 377 378 379 380 381 382 383 384 385 386 387 388 389 390 391 392 393 394 
Adding vertex (chain-A, position-23, res-ILE)
New vertex id: 22
395 396 397 398 399 400 401 402 403 404 405 406 407 408 409 410 411 412 413 
Adding vertex (chain-A, position-24, res-ARG)
New vertex id: 23
414 415 416 417 418 419 420 421 422 423 424 425 426 427 428 429 430 431 432 433 434 435 436 437 
Adding vertex (chain-A, position-25, res-GLU)
New vertex id: 24
438 439 440 441 442 443 444 445 446 447 448 449 450 451 452 
Adding vertex (chain-A, position-26, res-GLN)
New vertex id: 25
453 454 455 456 457 458 459 460 461 462 463 464 465 466 467 468 469 
Adding vertex (chain-A, position-27, res-HIS)
New vertex id: 26
470 471 472 473 474 475 476 477 478 479 480 481 482 483 484 485 486 
Adding vertex (chain-A, position-28, res-PRO)
New vertex id: 27
487 488 489 490 491 492 493 494 495 496 497 498 499 500 
Adding vertex (chain-A, position-29, res-THR)
New vertex id: 28
501 502 503 504 505 506 507 508 509 510 511 512 513 514 
Adding vertex (chain-A, position-30, res-LYS)
New vertex id: 29
515 516 517 518 519 520 521 522 523 524 525 526 527 528 529 530 531 532 533 534 535 536 
Adding vertex (chain-A, position-31, res-ILE)
New vertex id: 30
537 538 539 540 541 542 543 544 545 546 547 548 549 550 551 552 553 554 555 
Adding vertex (chain-A, position-32, res-PRO)
New vertex id: 31
556 557 558 559 560 561 562 563 564 565 566 567 568 569 
Adding vertex (chain-A, position-33, res-VAL)
New vertex id: 32
570 571 572 573 574 575 576 577 578 579 580 581 582 583 584 585 
Adding vertex (chain-A, position-34, res-ILE)
New vertex id: 33
586 587 588 589 590 591 592 593 594 595 596 597 598 599 600 601 602 603 604 
Adding vertex (chain-A, position-35, res-ILE)
New vertex id: 34
605 606 607 608 609 610 611 612 613 614 615 616 617 618 619 620 621 622 623 
Adding vertex (chain-A, position-36, res-GLU)
New vertex id: 35
624 625 626 627 628 629 630 631 632 633 634 635 636 637 638 
Adding vertex (chain-A, position-37, res-ARG)
New vertex id: 36
639 640 641 642 643 644 645 646 647 648 649 650 651 652 653 654 655 656 657 658 659 660 661 662 
Adding vertex (chain-A, position-38, res-TYR)
New vertex id: 37
663 664 665 666 667 668 669 670 671 672 673 674 675 676 677 678 679 680 681 682 683 
Adding vertex (chain-A, position-39, res-LYS)
New vertex id: 38
684 685 686 687 688 689 690 691 692 693 694 695 696 697 698 699 700 701 702 703 704 705 
Adding vertex (chain-A, position-40, res-GLY)
New vertex id: 39
706 707 708 709 710 711 712 
Adding vertex (chain-A, position-41, res-GLU)
New vertex id: 40
713 714 715 716 717 718 719 720 721 722 723 724 725 726 727 
Adding vertex (chain-A, position-42, res-LYS)
New vertex id: 41
728 729 730 731 732 733 734 735 736 737 738 739 740 741 742 743 744 745 746 747 748 749 
Adding vertex (chain-A, position-43, res-GLN)
New vertex id: 42
750 751 752 753 754 755 756 757 758 759 760 761 762 763 764 765 766 
Adding vertex (chain-A, position-44, res-LEU)
New vertex id: 43
767 768 769 770 771 772 773 774 775 776 777 778 779 780 781 782 783 784 785 
Adding vertex (chain-A, position-45, res-PRO)
New vertex id: 44
786 787 788 789 790 791 792 793 794 795 796 797 798 799 
Adding vertex (chain-A, position-46, res-VAL)
New vertex id: 45
800 801 802 803 804 805 806 807 808 809 810 811 812 813 814 815 
Adding vertex (chain-A, position-47, res-LEU)
New vertex id: 46
816 817 818 819 820 821 822 823 824 825 826 827 828 829 830 831 832 833 834 
Adding vertex (chain-A, position-48, res-ASP)
New vertex id: 47
835 836 837 838 839 840 841 842 843 844 845 846 
Adding vertex (chain-A, position-49, res-LYS)
New vertex id: 48
847 848 849 850 851 852 853 854 855 856 857 858 859 860 861 862 863 864 865 866 867 868 
Adding vertex (chain-A, position-50, res-THR)
New vertex id: 49
869 870 871 872 873 874 875 876 877 878 879 880 881 882 
Adding vertex (chain-A, position-51, res-LYS)
New vertex id: 50
883 884 885 886 887 888 889 890 891 892 893 894 895 896 897 898 899 900 901 902 903 904 
Adding vertex (chain-A, position-52, res-PHE)
New vertex id: 51
905 906 907 908 909 910 911 912 913 914 915 916 917 918 919 920 921 922 923 924 
Adding vertex (chain-A, position-53, res-LEU)
New vertex id: 52
925 926 927 928 929 930 931 932 933 934 935 936 937 938 939 940 941 942 943 
Adding vertex (chain-A, position-54, res-VAL)
New vertex id: 53
944 945 946 947 948 949 950 951 952 953 954 955 956 957 958 959 
Adding vertex (chain-A, position-55, res-PRO)
New vertex id: 54
960 961 962 963 964 965 966 967 968 969 970 971 972 973 
Adding vertex (chain-A, position-56, res-ASP)
New vertex id: 55
974 975 976 977 978 979 980 981 982 983 984 985 
Adding vertex (chain-A, position-57, res-HIS)
New vertex id: 56
986 987 988 989 990 991 992 993 994 995 996 997 998 999 1000 1001 1002 
Adding vertex (chain-A, position-58, res-VAL)
New vertex id: 57
1003 1004 1005 1006 1007 1008 1009 1010 1011 1012 1013 1014 1015 1016 1017 1018 
Adding vertex (chain-A, position-59, res-ASN)
New vertex id: 58
1019 1020 1021 1022 1023 1024 1025 1026 1027 1028 1029 1030 1031 1032 
Adding vertex (chain-A, position-60, res-MET)
New vertex id: 59
1033 1034 1035 1036 1037 1038 1039 1040 1041 1042 1043 1044 1045 1046 1047 1048 1049 
Adding vertex (chain-A, position-61, res-SER)
New vertex id: 60
1050 1051 1052 1053 1054 1055 1056 1057 1058 1059 1060 
Adding vertex (chain-A, position-62, res-GLU)
New vertex id: 61
1061 1062 1063 1064 1065 1066 1067 1068 1069 1070 1071 1072 1073 1074 1075 
Adding vertex (chain-A, position-63, res-LEU)
New vertex id: 62
1076 1077 1078 1079 1080 1081 1082 1083 1084 1085 1086 1087 1088 1089 1090 1091 1092 1093 1094 
Adding vertex (chain-A, position-64, res-ILE)
New vertex id: 63
1095 1096 1097 1098 1099 1100 1101 1102 1103 1104 1105 1106 1107 1108 1109 1110 1111 1112 1113 
Adding vertex (chain-A, position-65, res-LYS)
New vertex id: 64
1114 1115 1116 1117 1118 1119 1120 1121 1122 1123 1124 1125 1126 1127 1128 1129 1130 1131 1132 1133 1134 1135 
Adding vertex (chain-A, position-66, res-ILE)
New vertex id: 65
1136 1137 1138 1139 1140 1141 1142 1143 1144 1145 1146 1147 1148 1149 1150 1151 1152 1153 1154 
Adding vertex (chain-A, position-67, res-ILE)
New vertex id: 66
1155 1156 1157 1158 1159 1160 1161 1162 1163 1164 1165 1166 1167 1168 1169 1170 1171 1172 1173 
Adding vertex (chain-A, position-68, res-ARG)
New vertex id: 67
1174 1175 1176 1177 1178 1179 1180 1181 1182 1183 1184 1185 1186 1187 1188 1189 1190 1191 1192 1193 1194 1195 1196 1197 
Adding vertex (chain-A, position-69, res-ARG)
New vertex id: 68
1198 1199 1200 1201 1202 1203 1204 1205 1206 1207 1208 1209 1210 1211 1212 1213 1214 1215 1216 1217 1218 1219 1220 1221 
Adding vertex (chain-A, position-70, res-ARG)
New vertex id: 69
1222 1223 1224 1225 1226 1227 1228 1229 1230 1231 1232 1233 1234 1235 1236 1237 1238 1239 1240 1241 1242 1243 1244 1245 
Adding vertex (chain-A, position-71, res-LEU)
New vertex id: 70
1246 1247 1248 1249 1250 1251 1252 1253 1254 1255 1256 1257 1258 1259 1260 1261 1262 1263 1264 
Adding vertex (chain-A, position-72, res-GLN)
New vertex id: 71
1265 1266 1267 1268 1269 1270 1271 1272 1273 1274 1275 1276 1277 1278 1279 1280 1281 
Adding vertex (chain-A, position-73, res-LEU)
New vertex id: 72
1282 1283 1284 1285 1286 1287 1288 1289 1290 1291 1292 1293 1294 1295 1296 1297 1298 1299 1300 
Adding vertex (chain-A, position-74, res-ASN)
New vertex id: 73
1301 1302 1303 1304 1305 1306 1307 1308 1309 1310 1311 1312 1313 1314 
Adding vertex (chain-A, position-75, res-ALA)
New vertex id: 74
1315 1316 1317 1318 1319 1320 1321 1322 1323 1324 
Adding vertex (chain-A, position-76, res-ASN)
New vertex id: 75
1325 1326 1327 1328 1329 1330 1331 1332 1333 1334 1335 1336 1337 1338 
Adding vertex (chain-A, position-77, res-GLN)
New vertex id: 76
1339 1340 1341 1342 1343 1344 1345 1346 1347 1348 1349 1350 1351 1352 1353 1354 1355 
Adding vertex (chain-A, position-78, res-ALA)
New vertex id: 77
1356 1357 1358 1359 1360 1361 1362 1363 1364 1365 
Adding vertex (chain-A, position-79, res-PHE)
New vertex id: 78
1366 1367 1368 1369 1370 1371 1372 1373 1374 1375 1376 1377 1378 1379 1380 1381 1382 1383 1384 1385 
Adding vertex (chain-A, position-80, res-PHE)
New vertex id: 79
1386 1387 1388 1389 1390 1391 1392 1393 1394 1395 1396 1397 1398 1399 1400 1401 1402 1403 1404 1405 
Adding vertex (chain-A, position-81, res-LEU)
New vertex id: 80
1406 1407 1408 1409 1410 1411 1412 1413 1414 1415 1416 1417 1418 1419 1420 1421 1422 1423 1424 
Adding vertex (chain-A, position-82, res-LEU)
New vertex id: 81
1425 1426 1427 1428 1429 1430 1431 1432 1433 1434 1435 1436 1437 1438 1439 1440 1441 1442 1443 
Adding vertex (chain-A, position-83, res-VAL)
New vertex id: 82
1444 1445 1446 1447 1448 1449 1450 1451 1452 1453 1454 1455 1456 1457 1458 1459 
Adding vertex (chain-A, position-84, res-ASN)
New vertex id: 83
1460 1461 1462 1463 1464 1465 1466 1467 1468 1469 1470 1471 1472 1473 
Adding vertex (chain-A, position-85, res-GLY)
New vertex id: 84
1474 1475 1476 1477 1478 1479 1480 
Adding vertex (chain-A, position-86, res-HIS)
New vertex id: 85
1481 1482 1483 1484 1485 1486 1487 1488 1489 1490 1491 1492 1493 1494 1495 1496 1497 
Adding vertex (chain-A, position-87, res-SER)
New vertex id: 86
1498 1499 1500 1501 1502 1503 1504 1505 1506 1507 1508 
Adding vertex (chain-A, position-88, res-MET)
New vertex id: 87
1509 1510 1511 1512 1513 1514 1515 1516 1517 1518 1519 1520 1521 1522 1523 1524 1525 
Adding vertex (chain-A, position-89, res-VAL)
New vertex id: 88
1526 1527 1528 1529 1530 1531 1532 1533 1534 1535 1536 1537 1538 1539 1540 1541 
Adding vertex (chain-A, position-90, res-SER)
New vertex id: 89
1542 1543 1544 1545 1546 1547 1548 1549 1550 1551 1552 
Adding vertex (chain-A, position-91, res-VAL)
New vertex id: 90
1553 1554 1555 1556 1557 1558 1559 1560 1561 1562 1563 1564 1565 1566 1567 1568 
Adding vertex (chain-A, position-92, res-SER)
New vertex id: 91
1569 1570 1571 1572 1573 1574 1575 1576 1577 1578 1579 
Adding vertex (chain-A, position-93, res-THR)
New vertex id: 92
1580 1581 1582 1583 1584 1585 1586 1587 1588 1589 1590 1591 1592 1593 
Adding vertex (chain-A, position-94, res-PRO)
New vertex id: 93
1594 1595 1596 1597 1598 1599 1600 1601 1602 1603 1604 1605 1606 1607 
Adding vertex (chain-A, position-95, res-ILE)
New vertex id: 94
1608 1609 1610 1611 1612 1613 1614 1615 1616 1617 1618 1619 1620 1621 1622 1623 1624 1625 1626 
Adding vertex (chain-A, position-96, res-SER)
New vertex id: 95
1627 1628 1629 1630 1631 1632 1633 1634 1635 1636 1637 
Adding vertex (chain-A, position-97, res-GLU)
New vertex id: 96
1638 1639 1640 1641 1642 1643 1644 1645 1646 1647 1648 1649 1650 1651 1652 
Adding vertex (chain-A, position-98, res-VAL)
New vertex id: 97
1653 1654 1655 1656 1657 1658 1659 1660 1661 1662 1663 1664 1665 1666 1667 1668 
Adding vertex (chain-A, position-99, res-TYR)
New vertex id: 98
1669 1670 1671 1672 1673 1674 1675 1676 1677 1678 1679 1680 1681 1682 1683 1684 1685 1686 1687 1688 1689 
Adding vertex (chain-A, position-100, res-GLU)
New vertex id: 99
1690 1691 1692 1693 1694 1695 1696 1697 1698 1699 1700 1701 1702 1703 1704 
Adding vertex (chain-A, position-101, res-SER)
New vertex id: 100
1705 1706 1707 1708 1709 1710 1711 1712 1713 1714 1715 
Adding vertex (chain-A, position-102, res-GLU)
New vertex id: 101
1716 1717 1718 1719 1720 1721 1722 1723 1724 1725 1726 1727 1728 1729 1730 
Adding vertex (chain-A, position-103, res-LYS)
New vertex id: 102
1731 1732 1733 1734 1735 1736 1737 1738 1739 1740 1741 1742 1743 1744 1745 1746 1747 1748 1749 1750 1751 1752 
Adding vertex (chain-A, position-104, res-ASP)
New vertex id: 103
1753 1754 1755 1756 1757 1758 1759 1760 1761 1762 1763 1764 
Adding vertex (chain-A, position-105, res-GLU)
New vertex id: 104
1765 1766 1767 1768 1769 1770 1771 1772 1773 1774 1775 1776 1777 1778 1779 
Adding vertex (chain-A, position-106, res-ASP)
New vertex id: 105
1780 1781 1782 1783 1784 1785 1786 1787 1788 1789 1790 1791 
Adding vertex (chain-A, position-107, res-GLY)
New vertex id: 106
1792 1793 1794 1795 1796 1797 1798 
Adding vertex (chain-A, position-108, res-PHE)
New vertex id: 107
1799 1800 1801 1802 1803 1804 1805 1806 1807 1808 1809 1810 1811 1812 1813 1814 1815 1816 1817 1818 
Adding vertex (chain-A, position-109, res-LEU)
New vertex id: 108
1819 1820 1821 1822 1823 1824 1825 1826 1827 1828 1829 1830 1831 1832 1833 1834 1835 1836 1837 
Adding vertex (chain-A, position-110, res-TYR)
New vertex id: 109
1838 1839 1840 1841 1842 1843 1844 1845 1846 1847 1848 1849 1850 1851 1852 1853 1854 1855 1856 1857 1858 
Adding vertex (chain-A, position-111, res-MET)
New vertex id: 110
1859 1860 1861 1862 1863 1864 1865 1866 1867 1868 1869 1870 1871 1872 1873 1874 1875 
Adding vertex (chain-A, position-112, res-VAL)
New vertex id: 111
1876 1877 1878 1879 1880 1881 1882 1883 1884 1885 1886 1887 1888 1889 1890 1891 
Adding vertex (chain-A, position-113, res-TYR)
New vertex id: 112
1892 1893 1894 1895 1896 1897 1898 1899 1900 1901 1902 1903 1904 1905 1906 1907 1908 1909 1910 1911 1912 
Adding vertex (chain-A, position-114, res-ALA)
New vertex id: 113
1913 1914 1915 1916 1917 1918 1919 1920 1921 1922 
Adding vertex (chain-A, position-115, res-SER)
New vertex id: 114
1923 1924 1925 1926 1927 1928 1929 1930 1931 1932 1933 
Adding vertex (chain-A, position-116, res-GLN)
New vertex id: 115
1934 1935 1936 1937 1938 1939 1940 1941 1942 1943 1944 1945 1946 1947 1948 1949 1950 
Adding vertex (chain-A, position-117, res-GLU)
New vertex id: 116
1951 1952 1953 1954 1955 1956 1957 1958 1959 1960 1961 1962 1963 1964 1965 
Adding vertex (chain-A, position-118, res-THR)
New vertex id: 117
1966 1967 1968 1969 1970 1971 1972 1973 1974 1975 1976 1977 1978 1979 
Adding vertex (chain-A, position-119, res-PHE)
New vertex id: 118
1980 1981 1982 1983 1984 1985 1986 1987 1988 1989 1990 1991 1992 1993 1994 1995 1996 1997 1998 1999 
Adding vertex (chain-A, position-120, res-GLY)
New vertex id: 119
2000 2001 2002 2003 2004 2005 2006 2007 
Graph DONE

( reduce -FLIPs 2ZJD.pdb > 2ZJD.H.pdb ) >& /dev/null
Reduce (-FLIPs) returned 0
( bndlst -Radius0.3 2ZJD.H.pdb > 2ZJD.H.bndlst ) >& /dev/null
BndLst returned 0
Parsing 2ZJD.H.bndlst

bndlst START
Adding bndlst edge: (A_M1_MC -> A_P2_MC) type[cov], weight[1.00] from 0 to 1 dist[1.32]
Adding bndlst edge: (A_P2_MC -> A_S3_MC) type[cov], weight[1.00] from 1 to 2 dist[1.32]
Adding bndlst edge: (A_S3_MC -> A_E4_MC) type[cov], weight[1.00] from 2 to 3 dist[1.31]
Adding bndlst edge: (A_E4_MC -> A_K5_MC) type[cov], weight[1.00] from 3 to 4 dist[1.30]
Adding bndlst edge: (A_K5_MC -> A_T6_MC) type[cov], weight[1.00] from 4 to 5 dist[1.31]
Adding bndlst edge: (A_K5_MC -> A_R37_SC) type[hb], weight[0.58] from 4 to 36 dist[2.63]
Adding bndlst edge: (A_K5_MC -> A_R37_SC) type[hb], weight[0.54] from 4 to 36 dist[2.72]
Adding bndlst edge: (A_K5_MC -> A_R37_SC) type[hb], weight[0.58] from 4 to 36 dist[2.63]
Adding bndlst edge: (A_K5_MC -> A_R37_SC) type[hb], weight[0.54] from 4 to 36 dist[2.72]
Adding bndlst edge: (A_T6_MC -> A_F7_MC) type[cov], weight[1.00] from 5 to 6 dist[1.31]
Adding bndlst edge: (A_T6_MC -> A_R10_MC) type[hb], weight[1.11] from 5 to 9 dist[1.90]
Adding bndlst edge: (A_T6_MC -> A_Q9_MC) type[hb], weight[0.53] from 5 to 8 dist[2.73]
Adding bndlst edge: (A_T6_SC -> A_Q9_MC) type[hb], weight[0.66] from 5 to 8 dist[2.47]
Adding bndlst edge: (A_F7_MC -> A_K8_MC) type[cov], weight[1.00] from 6 to 7 dist[1.31]
Adding bndlst edge: (A_F7_MC -> A_R11_MC) type[hb], weight[1.11] from 6 to 10 dist[1.90]
Adding bndlst edge: (A_F7_MC -> A_R10_MC) type[hb], weight[0.47] from 6 to 9 dist[2.91]
Adding bndlst edge: (A_F7_MC -> A_R16_SC) type[hb], weight[0.63] from 6 to 15 dist[2.52]
Adding bndlst edge: (A_F7_SC -> A_R16_SC) type[hb], weight[0.39] from 6 to 15 dist[3.21]
Adding bndlst edge: (A_F7_MC -> A_E36_SC) type[hb], weight[0.46] from 6 to 35 dist[2.96]
Adding bndlst edge: (A_K8_MC -> A_Q9_MC) type[cov], weight[1.00] from 7 to 8 dist[1.31]
Adding bndlst edge: (A_Q9_MC -> A_R10_MC) type[cov], weight[1.00] from 8 to 9 dist[1.32]
Adding bndlst edge: (A_R10_MC -> A_R11_MC) type[cov], weight[1.00] from 9 to 10 dist[1.31]
Adding bndlst edge: (A_R11_MC -> A_T12_MC) type[cov], weight[1.00] from 10 to 11 dist[1.31]
Adding bndlst edge: (A_R11_MC -> A_R16_SC) type[hb], weight[0.85] from 10 to 15 dist[2.17]
Adding bndlst edge: (A_R11_MC -> A_R16_SC) type[hb], weight[0.85] from 10 to 15 dist[2.17]
Adding bndlst edge: (A_R11_SC -> A_Q15_SC) type[hb], weight[0.47] from 10 to 14 dist[2.90]
Adding bndlst edge: (A_R11_SC -> A_D19_SC) type[salt], weight[0.42] from 10 to 18 dist[2.94]
Adding bndlst edge: (A_R11_SC -> A_D19_SC) type[salt], weight[0.42] from 10 to 18 dist[2.94]
Adding bndlst edge: (A_T12_MC -> A_F13_MC) type[cov], weight[1.00] from 11 to 12 dist[1.31]
Adding bndlst edge: (A_T12_MC -> A_R16_SC) type[hb], weight[0.52] from 11 to 15 dist[2.77]
Adding bndlst edge: (A_T12_MC -> A_R16_SC) type[hb], weight[0.52] from 11 to 15 dist[2.77]
Adding bndlst edge: (A_T12_MC -> A_Q15_MC) type[hb], weight[0.56] from 11 to 14 dist[2.66]
Adding bndlst edge: (A_T12_MC -> A_R16_MC) type[hb], weight[1.06] from 11 to 15 dist[1.95]
Adding bndlst edge: (A_F13_MC -> A_E14_MC) type[cov], weight[1.00] from 12 to 13 dist[1.31]
Adding bndlst edge: (A_F13_MC -> A_V17_MC) type[hb], weight[1.16] from 12 to 16 dist[1.86]
Adding bndlst edge: (A_F13_MC -> A_R16_MC) type[hb], weight[0.59] from 12 to 15 dist[2.60]
Adding bndlst edge: (A_E14_MC -> A_Q15_MC) type[cov], weight[1.00] from 13 to 14 dist[1.32]
Adding bndlst edge: (A_E14_MC -> A_E18_MC) type[hb], weight[1.15] from 13 to 17 dist[1.87]
Adding bndlst edge: (A_E14_MC -> A_V17_MC) type[hb], weight[0.54] from 13 to 16 dist[2.72]
Adding bndlst edge: (A_Q15_MC -> A_R16_MC) type[cov], weight[1.00] from 14 to 15 dist[1.31]
Adding bndlst edge: (A_Q15_MC -> A_E18_MC) type[hb], weight[0.52] from 14 to 17 dist[2.76]
Adding bndlst edge: (A_Q15_MC -> A_D19_MC) type[hb], weight[0.75] from 14 to 18 dist[2.31]
Adding bndlst edge: (A_Q15_SC -> A_E18_SC) type[hb], weight[0.47] from 14 to 17 dist[2.92]
Adding bndlst edge: (A_Q15_SC -> A_E18_SC) type[hb], weight[0.76] from 14 to 17 dist[2.29]
Adding bndlst edge: (A_R16_MC -> A_V17_MC) type[cov], weight[1.00] from 15 to 16 dist[1.31]
Adding bndlst edge: (A_R16_MC -> A_V20_MC) type[hb], weight[0.67] from 15 to 19 dist[2.44]
Adding bndlst edge: (A_R16_MC -> A_D19_MC) type[hb], weight[0.62] from 15 to 18 dist[2.53]
Adding bndlst edge: (A_R16_SC -> A_Y110_SC) type[hb], weight[0.82] from 15 to 109 dist[2.21]
Adding bndlst edge: (A_R16_SC -> A_Y110_SC) type[hb], weight[0.41] from 15 to 109 dist[3.11]
Adding bndlst edge: (A_R16_SC -> A_D106_SC) type[salt], weight[0.52] from 15 to 105 dist[2.64]
Adding bndlst edge: (A_R16_SC -> A_Y110_SC) type[hb], weight[0.82] from 15 to 109 dist[2.20]
Adding bndlst edge: (A_R16_SC -> A_Y110_SC) type[hb], weight[0.41] from 15 to 109 dist[3.10]
Adding bndlst edge: (A_R16_SC -> A_D106_SC) type[salt], weight[0.52] from 15 to 105 dist[2.64]
Adding bndlst edge: (A_V17_MC -> A_E18_MC) type[cov], weight[1.00] from 16 to 17 dist[1.32]
Adding bndlst edge: (A_V17_MC -> A_R21_MC) type[hb], weight[0.66] from 16 to 20 dist[2.46]
Adding bndlst edge: (A_V17_MC -> A_V20_MC) type[hb], weight[0.64] from 16 to 19 dist[2.50]
Adding bndlst edge: (A_E18_MC -> A_D19_MC) type[cov], weight[1.00] from 17 to 18 dist[1.31]
Adding bndlst edge: (A_E18_MC -> A_R21_MC) type[hb], weight[0.66] from 17 to 20 dist[2.46]
Adding bndlst edge: (A_E18_MC -> A_L22_MC) type[hb], weight[0.55] from 17 to 21 dist[2.69]
Adding bndlst edge: (A_D19_MC -> A_V20_MC) type[cov], weight[1.00] from 18 to 19 dist[1.32]
Adding bndlst edge: (A_D19_MC -> A_L22_MC) type[hb], weight[0.59] from 18 to 21 dist[2.60]
Adding bndlst edge: (A_D19_MC -> A_I23_MC) type[hb], weight[0.90] from 18 to 22 dist[2.11]
Adding bndlst edge: (A_D19_SC -> A_K51_SC) type[salt], weight[0.43] from 18 to 50 dist[2.90]
Adding bndlst edge: (A_D19_SC -> A_K51_SC) type[salt], weight[0.45] from 18 to 50 dist[2.82]
Adding bndlst edge: (A_V20_MC -> A_R21_MC) type[cov], weight[1.00] from 19 to 20 dist[1.31]
Adding bndlst edge: (A_V20_MC -> A_R24_MC) type[hb], weight[0.99] from 19 to 23 dist[2.01]
Adding bndlst edge: (A_V20_MC -> A_I23_MC) type[hb], weight[0.49] from 19 to 22 dist[2.86]
Adding bndlst edge: (A_R21_MC -> A_L22_MC) type[cov], weight[1.00] from 20 to 21 dist[1.31]
Adding bndlst edge: (A_R21_MC -> A_E25_MC) type[hb], weight[0.88] from 20 to 24 dist[2.13]
Adding bndlst edge: (A_L22_MC -> A_I23_MC) type[cov], weight[1.00] from 21 to 22 dist[1.31]
Adding bndlst edge: (A_L22_MC -> A_E25_MC) type[hb], weight[0.49] from 21 to 24 dist[2.87]
Adding bndlst edge: (A_L22_MC -> A_Q26_MC) type[hb], weight[1.11] from 21 to 25 dist[1.90]
Adding bndlst edge: (A_I23_MC -> A_R24_MC) type[cov], weight[1.00] from 22 to 23 dist[1.31]
Adding bndlst edge: (A_I23_MC -> A_H27_MC) type[hb], weight[1.19] from 22 to 26 dist[1.83]
Adding bndlst edge: (A_R24_MC -> A_E25_MC) type[cov], weight[1.00] from 23 to 24 dist[1.31]
Adding bndlst edge: (A_R24_SC -> A_K30_MC) type[hb], weight[0.91] from 23 to 29 dist[2.10]
Adding bndlst edge: (A_R24_SC -> A_Y99_SC) type[hb], weight[0.45] from 23 to 98 dist[2.98]
Adding bndlst edge: (A_R24_SC -> A_Y99_SC) type[hb], weight[0.42] from 23 to 98 dist[3.10]
Adding bndlst edge: (A_R24_SC -> A_K30_MC) type[hb], weight[0.91] from 23 to 29 dist[2.10]
Adding bndlst edge: (A_R24_SC -> A_Y99_SC) type[hb], weight[0.45] from 23 to 98 dist[2.97]
Adding bndlst edge: (A_R24_SC -> A_Y99_SC) type[hb], weight[0.42] from 23 to 98 dist[3.09]
Adding bndlst edge: (A_E25_MC -> A_Q26_MC) type[cov], weight[1.00] from 24 to 25 dist[1.31]
Adding bndlst edge: (A_Q26_MC -> A_H27_MC) type[cov], weight[1.00] from 25 to 26 dist[1.31]
Adding bndlst edge: (A_H27_MC -> A_P28_MC) type[cov], weight[1.00] from 26 to 27 dist[1.31]
Adding bndlst edge: (A_H27_MC -> A_K30_MC) type[hb], weight[0.51] from 26 to 29 dist[2.80]
Adding bndlst edge: (A_P28_MC -> A_T29_MC) type[cov], weight[1.00] from 27 to 28 dist[1.31]
Adding bndlst edge: (A_T29_MC -> A_K30_MC) type[cov], weight[1.00] from 28 to 29 dist[1.32]
Adding bndlst edge: (A_T29_MC -> A_D56_MC) type[hb], weight[0.51] from 28 to 55 dist[2.79]
Adding bndlst edge: (A_K30_MC -> A_I31_MC) type[cov], weight[1.00] from 29 to 30 dist[1.31]
Adding bndlst edge: (A_I31_MC -> A_P32_MC) type[cov], weight[1.00] from 30 to 31 dist[1.31]
Adding bndlst edge: (A_I31_MC -> A_V54_MC) type[hb], weight[1.02] from 30 to 53 dist[1.98]
Adding bndlst edge: (A_I31_MC -> A_V54_MC) type[cov], weight[1.00] from 30 to 53 dist[1.58]
Adding bndlst edge: (A_P32_MC -> A_V33_MC) type[cov], weight[1.00] from 31 to 32 dist[1.32]
Adding bndlst edge: (A_P32_MC -> A_L109_MC) type[hb], weight[0.75] from 31 to 108 dist[2.31]
Adding bndlst edge: (A_V33_MC -> A_I34_MC) type[cov], weight[1.00] from 32 to 33 dist[1.32]
Adding bndlst edge: (A_V33_MC -> A_F52_MC) type[hb], weight[1.04] from 32 to 51 dist[1.97]
Adding bndlst edge: (A_V33_MC -> A_F52_MC) type[hb], weight[0.86] from 32 to 51 dist[2.16]
Adding bndlst edge: (A_I34_MC -> A_I35_MC) type[cov], weight[1.00] from 33 to 34 dist[1.31]
Adding bndlst edge: (A_I34_MC -> A_M111_MC) type[hb], weight[0.91] from 33 to 110 dist[2.09]
Adding bndlst edge: (A_I34_MC -> A_L109_MC) type[hb], weight[1.01] from 33 to 108 dist[2.00]
Adding bndlst edge: (A_I35_MC -> A_E36_MC) type[cov], weight[1.00] from 34 to 35 dist[1.31]
Adding bndlst edge: (A_I35_MC -> A_F52_SC) type[hb], weight[0.53] from 34 to 51 dist[2.75]
Adding bndlst edge: (A_I35_MC -> A_T50_MC) type[hb], weight[0.85] from 34 to 49 dist[2.17]
Adding bndlst edge: (A_I35_MC -> A_F52_SC) type[hb], weight[0.49] from 34 to 51 dist[2.84]
Adding bndlst edge: (A_E36_MC -> A_R37_MC) type[cov], weight[1.00] from 35 to 36 dist[1.31]
Adding bndlst edge: (A_E36_MC -> A_Y113_MC) type[hb], weight[0.84] from 35 to 112 dist[2.18]
Adding bndlst edge: (A_E36_SC -> A_R37_SC) type[salt], weight[0.47] from 35 to 36 dist[2.77]
Adding bndlst edge: (A_E36_MC -> A_M111_MC) type[hb], weight[0.95] from 35 to 110 dist[2.05]
Adding bndlst edge: (A_R37_MC -> A_Y38_MC) type[cov], weight[1.00] from 36 to 37 dist[1.31]
Adding bndlst edge: (A_Y38_MC -> A_K39_MC) type[cov], weight[1.00] from 37 to 38 dist[1.31]
Adding bndlst edge: (A_Y38_MC -> A_E41_MC) type[hb], weight[0.51] from 37 to 40 dist[2.80]
Adding bndlst edge: (A_Y38_SC -> A_E41_MC) type[hb], weight[0.47] from 37 to 40 dist[2.91]
Adding bndlst edge: (A_Y38_SC -> A_G40_MC) type[hb], weight[0.42] from 37 to 39 dist[3.09]
Adding bndlst edge: (A_Y38_SC -> A_K39_MC) type[hb], weight[0.37] from 37 to 38 dist[3.31]
Adding bndlst edge: (A_Y38_SC -> A_G40_MC) type[hb], weight[0.47] from 37 to 39 dist[2.90]
Adding bndlst edge: (A_Y38_SC -> A_K39_MC) type[hb], weight[0.54] from 37 to 38 dist[2.71]
Adding bndlst edge: (A_Y38_SC -> A_E41_MC) type[hb], weight[0.63] from 37 to 40 dist[2.53]
Adding bndlst edge: (A_Y38_SC -> A_G40_MC) type[hb], weight[0.38] from 37 to 39 dist[3.24]
Adding bndlst edge: (A_Y38_SC -> A_G40_MC) type[hb], weight[0.48] from 37 to 39 dist[2.88]
Adding bndlst edge: (A_Y38_SC -> A_E41_MC) type[hb], weight[0.38] from 37 to 40 dist[3.26]
Adding bndlst edge: (A_Y38_SC -> A_G40_MC) type[hb], weight[0.39] from 37 to 39 dist[3.21]
Adding bndlst edge: (A_Y38_SC -> A_G40_MC) type[hb], weight[0.43] from 37 to 39 dist[3.04]
Adding bndlst edge: (A_Y38_MC -> A_Y113_MC) type[hb], weight[0.75] from 37 to 112 dist[2.31]
Adding bndlst edge: (A_K39_MC -> A_G40_MC) type[cov], weight[1.00] from 38 to 39 dist[1.31]
Adding bndlst edge: (A_G40_MC -> A_E41_MC) type[cov], weight[1.00] from 39 to 40 dist[1.31]
Adding bndlst edge: (A_E41_MC -> A_K42_MC) type[cov], weight[1.00] from 40 to 41 dist[1.31]
Adding bndlst edge: (A_E41_MC -> A_Q43_MC) type[hb], weight[0.56] from 40 to 42 dist[2.68]
Adding bndlst edge: (A_E41_SC -> A_Q116_MC) type[hb], weight[0.50] from 40 to 115 dist[2.82]
Adding bndlst edge: (A_K42_MC -> A_Q43_MC) type[cov], weight[1.00] from 41 to 42 dist[1.31]
Adding bndlst edge: (A_Q43_MC -> A_L44_MC) type[cov], weight[1.00] from 42 to 43 dist[1.31]
Adding bndlst edge: (A_Q43_SC -> A_Q116_SC) type[hb], weight[0.45] from 42 to 115 dist[2.98]
Adding bndlst edge: (A_Q43_SC -> A_Q116_SC) type[hb], weight[0.55] from 42 to 115 dist[2.70]
Adding bndlst edge: (A_Q43_SC -> A_Q116_SC) type[hb], weight[0.88] from 42 to 115 dist[2.14]
Adding bndlst edge: (A_L44_MC -> A_P45_MC) type[cov], weight[1.00] from 43 to 44 dist[1.32]
Adding bndlst edge: (A_P45_MC -> A_V46_MC) type[cov], weight[1.00] from 44 to 45 dist[1.31]
Adding bndlst edge: (A_V46_MC -> A_L47_MC) type[cov], weight[1.00] from 45 to 46 dist[1.31]
Adding bndlst edge: (A_L47_MC -> A_D48_MC) type[cov], weight[1.00] from 46 to 47 dist[1.31]
Adding bndlst edge: (A_L47_MC -> A_Y113_SC) type[hb], weight[0.61] from 46 to 112 dist[2.56]
Adding bndlst edge: (A_D48_MC -> A_K49_MC) type[cov], weight[1.00] from 47 to 48 dist[1.31]
Adding bndlst edge: (A_K49_MC -> A_T50_MC) type[cov], weight[1.00] from 48 to 49 dist[1.31]
Adding bndlst edge: (A_T50_MC -> A_K51_MC) type[cov], weight[1.00] from 49 to 50 dist[1.31]
Adding bndlst edge: (A_K51_MC -> A_F52_MC) type[cov], weight[1.00] from 50 to 51 dist[1.31]
Adding bndlst edge: (A_F52_MC -> A_L53_MC) type[cov], weight[1.00] from 51 to 52 dist[1.31]
Adding bndlst edge: (A_F52_SC -> A_R70_SC) type[hb], weight[0.44] from 51 to 69 dist[3.03]
Adding bndlst edge: (A_F52_SC -> A_R70_SC) type[hb], weight[0.42] from 51 to 69 dist[3.07]
Adding bndlst edge: (A_F52_SC -> A_R70_SC) type[hb], weight[0.42] from 51 to 69 dist[3.07]
Adding bndlst edge: (A_F52_SC -> A_R70_SC) type[hb], weight[0.48] from 51 to 69 dist[2.89]
Adding bndlst edge: (A_L53_MC -> A_V54_MC) type[cov], weight[1.00] from 52 to 53 dist[1.30]
Adding bndlst edge: (A_V54_MC -> A_P55_MC) type[cov], weight[1.00] from 53 to 54 dist[1.31]
Adding bndlst edge: (A_P55_MC -> A_D56_MC) type[cov], weight[1.00] from 54 to 55 dist[1.31]
Adding bndlst edge: (A_P55_MC -> A_V58_MC) type[hb], weight[0.76] from 54 to 57 dist[2.29]
Adding bndlst edge: (A_D56_MC -> A_H57_MC) type[cov], weight[1.00] from 55 to 56 dist[1.31]
Adding bndlst edge: (A_D56_MC -> A_V58_MC) type[hb], weight[0.53] from 55 to 57 dist[2.74]
Adding bndlst edge: (A_H57_MC -> A_V58_MC) type[cov], weight[1.00] from 56 to 57 dist[1.31]
Adding bndlst edge: (A_V58_MC -> A_N59_MC) type[cov], weight[1.00] from 57 to 58 dist[1.32]
Adding bndlst edge: (A_V58_MC -> A_I95_MC) type[hb], weight[0.95] from 57 to 94 dist[2.05]
Adding bndlst edge: (A_N59_MC -> A_M60_MC) type[cov], weight[1.00] from 58 to 59 dist[1.31]
Adding bndlst edge: (A_N59_MC -> A_L63_MC) type[hb], weight[0.75] from 58 to 62 dist[2.31]
Adding bndlst edge: (A_N59_MC -> A_E62_MC) type[hb], weight[0.66] from 58 to 61 dist[2.46]
Adding bndlst edge: (A_M60_MC -> A_S61_MC) type[cov], weight[1.00] from 59 to 60 dist[1.31]
Adding bndlst edge: (A_M60_MC -> A_I64_MC) type[hb], weight[1.12] from 59 to 63 dist[1.89]
Adding bndlst edge: (A_M60_MC -> A_L63_MC) type[hb], weight[0.58] from 59 to 62 dist[2.63]
Adding bndlst edge: (A_M60_MC -> A_T93_MC) type[hb], weight[1.04] from 59 to 92 dist[1.96]
Adding bndlst edge: (A_S61_MC -> A_E62_MC) type[cov], weight[1.00] from 60 to 61 dist[1.31]
Adding bndlst edge: (A_S61_MC -> A_I64_MC) type[hb], weight[0.54] from 60 to 63 dist[2.73]
Adding bndlst edge: (A_S61_MC -> A_K65_MC) type[hb], weight[1.15] from 60 to 64 dist[1.86]
Adding bndlst edge: (A_S61_SC -> A_E62_MC) type[hb], weight[0.73] from 60 to 61 dist[2.34]
Adding bndlst edge: (A_E62_MC -> A_L63_MC) type[cov], weight[1.00] from 61 to 62 dist[1.31]
Adding bndlst edge: (A_E62_MC -> A_K65_MC) type[hb], weight[0.52] from 61 to 64 dist[2.77]
Adding bndlst edge: (A_E62_MC -> A_I66_MC) type[hb], weight[0.94] from 61 to 65 dist[2.06]
Adding bndlst edge: (A_L63_MC -> A_I64_MC) type[cov], weight[1.00] from 62 to 63 dist[1.32]
Adding bndlst edge: (A_L63_MC -> A_I67_MC) type[hb], weight[0.82] from 62 to 66 dist[2.20]
Adding bndlst edge: (A_L63_MC -> A_I66_MC) type[hb], weight[0.59] from 62 to 65 dist[2.60]
Adding bndlst edge: (A_I64_MC -> A_K65_MC) type[cov], weight[1.00] from 63 to 64 dist[1.31]
Adding bndlst edge: (A_I64_MC -> A_R68_MC) type[hb], weight[0.75] from 63 to 67 dist[2.31]
Adding bndlst edge: (A_I64_MC -> A_I67_MC) type[hb], weight[0.61] from 63 to 66 dist[2.57]
Adding bndlst edge: (A_K65_MC -> A_I66_MC) type[cov], weight[1.00] from 64 to 65 dist[1.32]
Adding bndlst edge: (A_K65_MC -> A_R69_MC) type[hb], weight[0.57] from 64 to 68 dist[2.64]
Adding bndlst edge: (A_K65_MC -> A_R68_MC) type[hb], weight[0.60] from 64 to 67 dist[2.57]
Adding bndlst edge: (A_I66_MC -> A_I67_MC) type[cov], weight[1.00] from 65 to 66 dist[1.31]
Adding bndlst edge: (A_I66_MC -> A_R70_MC) type[hb], weight[1.11] from 65 to 69 dist[1.90]
Adding bndlst edge: (A_I66_MC -> A_R69_MC) type[hb], weight[0.56] from 65 to 68 dist[2.68]
Adding bndlst edge: (A_I67_MC -> A_R68_MC) type[cov], weight[1.00] from 66 to 67 dist[1.32]
Adding bndlst edge: (A_I67_MC -> A_R70_MC) type[hb], weight[0.47] from 66 to 69 dist[2.91]
Adding bndlst edge: (A_I67_MC -> A_L71_MC) type[hb], weight[1.02] from 66 to 70 dist[1.98]
Adding bndlst edge: (A_R68_MC -> A_R69_MC) type[cov], weight[1.00] from 67 to 68 dist[1.31]
Adding bndlst edge: (A_R68_MC -> A_L71_MC) type[hb], weight[0.61] from 67 to 70 dist[2.57]
Adding bndlst edge: (A_R68_SC -> A_F79_SC) type[hb], weight[0.42] from 67 to 78 dist[3.09]
Adding bndlst edge: (A_R68_SC -> A_F79_SC) type[hb], weight[0.48] from 67 to 78 dist[2.88]
Adding bndlst edge: (A_R68_SC -> A_F79_SC) type[hb], weight[0.37] from 67 to 78 dist[3.27]
Adding bndlst edge: (A_R68_SC -> A_F79_SC) type[hb], weight[0.49] from 67 to 78 dist[2.86]
Adding bndlst edge: (A_R68_SC -> A_F79_SC) type[hb], weight[0.38] from 67 to 78 dist[3.25]
Adding bndlst edge: (A_R68_SC -> A_F79_SC) type[hb], weight[0.43] from 67 to 78 dist[3.06]
Adding bndlst edge: (A_R69_MC -> A_R70_MC) type[cov], weight[1.00] from 68 to 69 dist[1.32]
Adding bndlst edge: (A_R70_MC -> A_L71_MC) type[cov], weight[1.00] from 69 to 70 dist[1.31]
Adding bndlst edge: (A_L71_MC -> A_Q72_MC) type[cov], weight[1.00] from 70 to 71 dist[1.31]
Adding bndlst edge: (A_L71_MC -> A_L73_MC) type[hb], weight[0.47] from 70 to 72 dist[2.93]
Adding bndlst edge: (A_Q72_MC -> A_L73_MC) type[cov], weight[1.00] from 71 to 72 dist[1.31]
Adding bndlst edge: (A_L73_MC -> A_N74_MC) type[cov], weight[1.00] from 72 to 73 dist[1.31]
Adding bndlst edge: (A_L73_MC -> A_N74_SC) type[hb], weight[0.50] from 72 to 73 dist[2.82]
Adding bndlst edge: (A_N74_MC -> A_A75_MC) type[cov], weight[1.00] from 73 to 74 dist[1.31]
Adding bndlst edge: (A_N74_MC -> A_A78_MC) type[hb], weight[0.49] from 73 to 77 dist[2.87]
Adding bndlst edge: (A_N74_MC -> A_Q77_MC) type[hb], weight[0.60] from 73 to 76 dist[2.59]
Adding bndlst edge: (A_N74_MC -> A_Q77_SC) type[hb], weight[0.78] from 73 to 76 dist[2.26]
Adding bndlst edge: (A_A75_MC -> A_N76_MC) type[cov], weight[1.00] from 74 to 75 dist[1.31]
Adding bndlst edge: (A_N76_MC -> A_Q77_MC) type[cov], weight[1.00] from 75 to 76 dist[1.31]
Adding bndlst edge: (A_Q77_MC -> A_A78_MC) type[cov], weight[1.00] from 76 to 77 dist[1.31]
Adding bndlst edge: (A_A78_MC -> A_F79_MC) type[cov], weight[1.00] from 77 to 78 dist[1.31]
Adding bndlst edge: (A_F79_MC -> A_F80_MC) type[cov], weight[1.00] from 78 to 79 dist[1.31]
Adding bndlst edge: (A_F79_MC -> A_F80_SC) type[hb], weight[0.46] from 78 to 79 dist[2.95]
Adding bndlst edge: (A_F79_MC -> A_F80_SC) type[hb], weight[0.40] from 78 to 79 dist[3.17]
Adding bndlst edge: (A_F80_MC -> A_L81_MC) type[cov], weight[1.00] from 79 to 80 dist[1.31]
Adding bndlst edge: (A_F80_MC -> A_A114_MC) type[hb], weight[1.08] from 79 to 113 dist[1.92]
Adding bndlst edge: (A_F80_MC -> A_A114_MC) type[hb], weight[0.76] from 79 to 113 dist[2.29]
Adding bndlst edge: (A_L81_MC -> A_L82_MC) type[cov], weight[1.00] from 80 to 81 dist[1.31]
Adding bndlst edge: (A_L82_MC -> A_V83_MC) type[cov], weight[1.00] from 81 to 82 dist[1.31]
Adding bndlst edge: (A_L82_MC -> A_V112_MC) type[hb], weight[0.98] from 81 to 111 dist[2.02]
Adding bndlst edge: (A_L82_MC -> A_V112_MC) type[hb], weight[1.00] from 81 to 111 dist[2.00]
Adding bndlst edge: (A_V83_MC -> A_N84_MC) type[cov], weight[1.00] from 82 to 83 dist[1.32]
Adding bndlst edge: (A_V83_MC -> A_H86_MC) type[hb], weight[0.87] from 82 to 85 dist[2.14]
Adding bndlst edge: (A_V83_MC -> A_G85_MC) type[hb], weight[0.51] from 82 to 84 dist[2.81]
Adding bndlst edge: (A_N84_MC -> A_G85_MC) type[cov], weight[1.00] from 83 to 84 dist[1.32]
Adding bndlst edge: (A_N84_MC -> A_H86_SC) type[hb], weight[0.52] from 83 to 85 dist[2.77]
Adding bndlst edge: (A_N84_MC -> A_H86_MC) type[hb], weight[0.45] from 83 to 85 dist[3.00]
Adding bndlst edge: (A_G85_MC -> A_H86_MC) type[cov], weight[1.00] from 84 to 85 dist[1.31]
Adding bndlst edge: (A_H86_MC -> A_S87_MC) type[cov], weight[1.00] from 85 to 86 dist[1.31]
Adding bndlst edge: (A_S87_MC -> A_M88_MC) type[cov], weight[1.00] from 86 to 87 dist[1.31]
Adding bndlst edge: (A_S87_SC -> A_M88_MC) type[hb], weight[0.63] from 86 to 87 dist[2.52]
Adding bndlst edge: (A_M88_MC -> A_V89_MC) type[cov], weight[1.00] from 87 to 88 dist[1.31]
Adding bndlst edge: (A_M88_MC -> A_S90_MC) type[hb], weight[0.54] from 87 to 89 dist[2.73]
Adding bndlst edge: (A_V89_MC -> A_S90_MC) type[cov], weight[1.00] from 88 to 89 dist[1.31]
Adding bndlst edge: (A_S90_MC -> A_V91_MC) type[cov], weight[1.00] from 89 to 90 dist[1.31]
Adding bndlst edge: (A_S90_SC -> A_V91_MC) type[hb], weight[0.45] from 89 to 90 dist[2.99]
Adding bndlst edge: (A_V91_MC -> A_S92_MC) type[cov], weight[1.00] from 90 to 91 dist[1.31]
Adding bndlst edge: (A_S92_MC -> A_T93_MC) type[cov], weight[1.00] from 91 to 92 dist[1.31]
Adding bndlst edge: (A_T93_MC -> A_P94_MC) type[cov], weight[1.00] from 92 to 93 dist[1.32]
Adding bndlst edge: (A_P94_MC -> A_I95_MC) type[cov], weight[1.00] from 93 to 94 dist[1.31]
Adding bndlst edge: (A_P94_MC -> A_V98_MC) type[hb], weight[1.02] from 93 to 97 dist[1.98]
Adding bndlst edge: (A_P94_MC -> A_E97_MC) type[hb], weight[0.72] from 93 to 96 dist[2.37]
Adding bndlst edge: (A_P94_MC -> A_S96_MC) type[hb], weight[0.52] from 93 to 95 dist[2.78]
Adding bndlst edge: (A_I95_MC -> A_S96_MC) type[cov], weight[1.00] from 94 to 95 dist[1.32]
Adding bndlst edge: (A_I95_MC -> A_Y99_MC) type[hb], weight[1.10] from 94 to 98 dist[1.91]
Adding bndlst edge: (A_S96_MC -> A_E97_MC) type[cov], weight[1.00] from 95 to 96 dist[1.31]
Adding bndlst edge: (A_S96_MC -> A_E100_MC) type[hb], weight[0.48] from 95 to 99 dist[2.90]
Adding bndlst edge: (A_E97_MC -> A_V98_MC) type[cov], weight[1.00] from 96 to 97 dist[1.32]
Adding bndlst edge: (A_E97_MC -> A_S101_MC) type[hb], weight[0.79] from 96 to 100 dist[2.25]
Adding bndlst edge: (A_V98_MC -> A_Y99_MC) type[cov], weight[1.00] from 97 to 98 dist[1.31]
Adding bndlst edge: (A_V98_MC -> A_E102_MC) type[hb], weight[0.93] from 97 to 101 dist[2.08]
Adding bndlst edge: (A_V98_MC -> A_S101_MC) type[hb], weight[0.63] from 97 to 100 dist[2.53]
Adding bndlst edge: (A_Y99_MC -> A_E100_MC) type[cov], weight[1.00] from 98 to 99 dist[1.31]
Adding bndlst edge: (A_Y99_MC -> A_K103_MC) type[hb], weight[0.71] from 98 to 102 dist[2.38]
Adding bndlst edge: (A_Y99_MC -> A_E102_MC) type[hb], weight[0.96] from 98 to 101 dist[2.04]
Adding bndlst edge: (A_Y99_SC -> A_K103_SC) type[hb], weight[0.40] from 98 to 102 dist[3.17]
Adding bndlst edge: (A_Y99_SC -> A_K103_SC) type[hb], weight[0.39] from 98 to 102 dist[3.21]
Adding bndlst edge: (A_Y99_SC -> A_L109_MC) type[hb], weight[0.36] from 98 to 108 dist[3.33]
Adding bndlst edge: (A_Y99_SC -> A_K103_SC) type[hb], weight[0.71] from 98 to 102 dist[2.38]
Adding bndlst edge: (A_Y99_SC -> A_K103_SC) type[hb], weight[0.71] from 98 to 102 dist[2.37]
Adding bndlst edge: (A_Y99_SC -> A_K103_SC) type[hb], weight[0.43] from 98 to 102 dist[3.06]
Adding bndlst edge: (A_Y99_SC -> A_K103_SC) type[hb], weight[0.45] from 98 to 102 dist[2.99]
Adding bndlst edge: (A_E100_MC -> A_S101_MC) type[cov], weight[1.00] from 99 to 100 dist[1.31]
Adding bndlst edge: (A_S101_MC -> A_E102_MC) type[cov], weight[1.00] from 100 to 101 dist[1.32]
Adding bndlst edge: (A_E102_MC -> A_K103_MC) type[cov], weight[1.00] from 101 to 102 dist[1.32]
Adding bndlst edge: (A_K103_MC -> A_D104_MC) type[cov], weight[1.00] from 102 to 103 dist[1.31]
Adding bndlst edge: (A_D104_MC -> A_E105_MC) type[cov], weight[1.00] from 103 to 104 dist[1.31]
Adding bndlst edge: (A_D104_MC -> A_G107_MC) type[hb], weight[1.01] from 103 to 106 dist[1.99]
Adding bndlst edge: (A_D104_SC -> A_E105_MC) type[hb], weight[0.61] from 103 to 104 dist[2.56]
Adding bndlst edge: (A_D104_SC -> A_D106_MC) type[hb], weight[0.56] from 103 to 105 dist[2.67]
Adding bndlst edge: (A_E105_MC -> A_D106_MC) type[cov], weight[1.00] from 104 to 105 dist[1.31]
Adding bndlst edge: (A_D106_MC -> A_G107_MC) type[cov], weight[1.00] from 105 to 106 dist[1.32]
Adding bndlst edge: (A_G107_MC -> A_F108_MC) type[cov], weight[1.00] from 106 to 107 dist[1.31]
Adding bndlst edge: (A_F108_MC -> A_L109_MC) type[cov], weight[1.00] from 107 to 108 dist[1.31]
Adding bndlst edge: (A_F108_MC -> A_Y110_MC) type[hb], weight[0.81] from 107 to 109 dist[2.22]
Adding bndlst edge: (A_L109_MC -> A_Y110_MC) type[cov], weight[1.00] from 108 to 109 dist[1.31]
Adding bndlst edge: (A_Y110_MC -> A_M111_MC) type[cov], weight[1.00] from 109 to 110 dist[1.31]
Adding bndlst edge: (A_M111_MC -> A_V112_MC) type[cov], weight[1.00] from 110 to 111 dist[1.31]
Adding bndlst edge: (A_V112_MC -> A_Y113_MC) type[cov], weight[1.00] from 111 to 112 dist[1.31]
Adding bndlst edge: (A_Y113_MC -> A_A114_MC) type[cov], weight[1.00] from 112 to 113 dist[1.31]
Adding bndlst edge: (A_A114_MC -> A_S115_MC) type[cov], weight[1.00] from 113 to 114 dist[1.31]
Adding bndlst edge: (A_S115_MC -> A_Q116_MC) type[cov], weight[1.00] from 114 to 115 dist[1.32]
Adding bndlst edge: (A_Q116_MC -> A_E117_MC) type[cov], weight[1.00] from 115 to 116 dist[1.31]
Adding bndlst edge: (A_E117_MC -> A_T118_MC) type[cov], weight[1.00] from 116 to 117 dist[1.31]
Adding bndlst edge: (A_T118_MC -> A_F119_MC) type[cov], weight[1.00] from 117 to 118 dist[1.31]
Adding bndlst edge: (A_F119_MC -> A_G120_MC) type[cov], weight[1.00] from 118 to 119 dist[1.31]

bndlst DONE

Producing PAJEK network
printing pajek edge (A_34_ILE,A_35_ILE)
printing pajek edge (A_34_ILE,A_109_LEU)
printing pajek edge (A_34_ILE,A_111_MET)
printing pajek edge (A_33_VAL,A_34_ILE)
printing pajek edge (A_33_VAL,A_52_PHE)
printing pajek edge (A_91_VAL,A_92_SER)
printing pajek edge (A_64_ILE,A_68_ARG)
printing pajek edge (A_64_ILE,A_65_LYS)
printing pajek edge (A_64_ILE,A_67_ILE)
printing pajek edge (A_22_LEU,A_26_GLN)
printing pajek edge (A_22_LEU,A_23_ILE)
printing pajek edge (A_22_LEU,A_25_GLU)
printing pajek edge (A_119_PHE,A_120_GLY)
printing pajek edge (A_72_GLN,A_73_LEU)
printing pajek edge (A_103_LYS,A_104_ASP)
printing pajek edge (A_8_LYS,A_9_GLN)
printing pajek edge (A_81_LEU,A_82_LEU)
printing pajek edge (A_27_HIS,A_28_PRO)
printing pajek edge (A_27_HIS,A_30_LYS)
printing pajek edge (A_100_GLU,A_101_SER)
printing pajek edge (A_19_ASP,A_23_ILE)
printing pajek edge (A_19_ASP,A_51_LYS)
printing pajek edge (A_19_ASP,A_22_LEU)
printing pajek edge (A_19_ASP,A_20_VAL)
printing pajek edge (A_73_LEU,A_74_ASN)
printing pajek edge (A_73_LEU,A_74_ASN)
printing pajek edge (A_17_VAL,A_20_VAL)
printing pajek edge (A_17_VAL,A_18_GLU)
printing pajek edge (A_17_VAL,A_21_ARG)
printing pajek edge (A_45_PRO,A_46_VAL)
printing pajek edge (A_56_ASP,A_58_VAL)
printing pajek edge (A_56_ASP,A_57_HIS)
printing pajek edge (A_85_GLY,A_86_HIS)
printing pajek edge (A_75_ALA,A_76_ASN)
printing pajek edge (A_28_PRO,A_29_THR)
printing pajek edge (A_96_SER,A_100_GLU)
printing pajek edge (A_96_SER,A_97_GLU)
printing pajek edge (A_58_VAL,A_95_ILE)
printing pajek edge (A_58_VAL,A_59_ASN)
printing pajek edge (A_62_GLU,A_65_LYS)
printing pajek edge (A_62_GLU,A_66_ILE)
printing pajek edge (A_62_GLU,A_63_LEU)
printing pajek edge (A_109_LEU,A_110_TYR)
printing pajek edge (A_116_GLN,A_117_GLU)
printing pajek edge (A_21_ARG,A_22_LEU)
printing pajek edge (A_21_ARG,A_25_GLU)
printing pajek edge (A_110_TYR,A_111_MET)
printing pajek edge (A_93_THR,A_94_PRO)
printing pajek edge (A_104_ASP,A_105_GLU)
printing pajek edge (A_104_ASP,A_105_GLU)
printing pajek edge (A_104_ASP,A_107_GLY)
printing pajek edge (A_104_ASP,A_106_ASP)
printing pajek edge (A_90_SER,A_91_VAL)
printing pajek edge (A_90_SER,A_91_VAL)
printing pajek edge (A_11_ARG,A_12_THR)
printing pajek edge (A_11_ARG,A_19_ASP)
printing pajek edge (A_11_ARG,A_15_GLN)
printing pajek edge (A_11_ARG,A_16_ARG)
printing pajek edge (A_32_PRO,A_33_VAL)
printing pajek edge (A_32_PRO,A_109_LEU)
printing pajek edge (A_114_ALA,A_115_SER)
printing pajek edge (A_36_GLU,A_113_TYR)
printing pajek edge (A_36_GLU,A_37_ARG)
printing pajek edge (A_36_GLU,A_37_ARG)
printing pajek edge (A_36_GLU,A_111_MET)
printing pajek edge (A_12_THR,A_13_PHE)
printing pajek edge (A_12_THR,A_15_GLN)
printing pajek edge (A_12_THR,A_16_ARG)
printing pajek edge (A_92_SER,A_93_THR)
printing pajek edge (A_79_PHE,A_80_PHE)
printing pajek edge (A_79_PHE,A_80_PHE)
printing pajek edge (A_108_PHE,A_110_TYR)
printing pajek edge (A_108_PHE,A_109_LEU)
printing pajek edge (A_49_LYS,A_50_THR)
printing pajek edge (A_88_MET,A_89_VAL)
printing pajek edge (A_88_MET,A_90_SER)
printing pajek edge (A_94_PRO,A_96_SER)
printing pajek edge (A_94_PRO,A_98_VAL)
printing pajek edge (A_94_PRO,A_95_ILE)
printing pajek edge (A_94_PRO,A_97_GLU)
printing pajek edge (A_78_ALA,A_79_PHE)
printing pajek edge (A_107_GLY,A_108_PHE)
printing pajek edge (A_66_ILE,A_70_ARG)
printing pajek edge (A_66_ILE,A_67_ILE)
printing pajek edge (A_66_ILE,A_69_ARG)
printing pajek edge (A_30_LYS,A_31_ILE)
printing pajek edge (A_51_LYS,A_52_PHE)
printing pajek edge (A_40_GLY,A_41_GLU)
printing pajek edge (A_65_LYS,A_68_ARG)
printing pajek edge (A_65_LYS,A_69_ARG)
printing pajek edge (A_65_LYS,A_66_ILE)
printing pajek edge (A_98_VAL,A_99_TYR)
printing pajek edge (A_98_VAL,A_102_GLU)
printing pajek edge (A_98_VAL,A_101_SER)
printing pajek edge (A_115_SER,A_116_GLN)
printing pajek edge (A_59_ASN,A_60_MET)
printing pajek edge (A_59_ASN,A_62_GLU)
printing pajek edge (A_59_ASN,A_63_LEU)
printing pajek edge (A_42_LYS,A_43_GLN)
printing pajek edge (A_13_PHE,A_17_VAL)
printing pajek edge (A_13_PHE,A_14_GLU)
printing pajek edge (A_13_PHE,A_16_ARG)
printing pajek edge (A_16_ARG,A_110_TYR)
printing pajek edge (A_16_ARG,A_19_ASP)
printing pajek edge (A_16_ARG,A_20_VAL)
printing pajek edge (A_16_ARG,A_17_VAL)
printing pajek edge (A_16_ARG,A_106_ASP)
printing pajek edge (A_82_LEU,A_112_VAL)
printing pajek edge (A_82_LEU,A_83_VAL)
printing pajek edge (A_53_LEU,A_54_VAL)
printing pajek edge (A_61_SER,A_64_ILE)
printing pajek edge (A_61_SER,A_65_LYS)
printing pajek edge (A_61_SER,A_62_GLU)
printing pajek edge (A_61_SER,A_62_GLU)
printing pajek edge (A_57_HIS,A_58_VAL)
printing pajek edge (A_102_GLU,A_103_LYS)
printing pajek edge (A_74_ASN,A_75_ALA)
printing pajek edge (A_74_ASN,A_78_ALA)
printing pajek edge (A_74_ASN,A_77_GLN)
printing pajek edge (A_67_ILE,A_70_ARG)
printing pajek edge (A_67_ILE,A_68_ARG)
printing pajek edge (A_67_ILE,A_71_LEU)
printing pajek edge (A_46_VAL,A_47_LEU)
printing pajek edge (A_87_SER,A_88_MET)
printing pajek edge (A_87_SER,A_88_MET)
printing pajek edge (A_77_GLN,A_78_ALA)
printing pajek edge (A_20_VAL,A_23_ILE)
printing pajek edge (A_20_VAL,A_24_ARG)
printing pajek edge (A_20_VAL,A_21_ARG)
printing pajek edge (A_63_LEU,A_64_ILE)
printing pajek edge (A_63_LEU,A_67_ILE)
printing pajek edge (A_63_LEU,A_66_ILE)
printing pajek edge (A_55_PRO,A_58_VAL)
printing pajek edge (A_55_PRO,A_56_ASP)
printing pajek edge (A_68_ARG,A_71_LEU)
printing pajek edge (A_68_ARG,A_69_ARG)
printing pajek edge (A_68_ARG,A_79_PHE)
printing pajek edge (A_71_LEU,A_73_LEU)
printing pajek edge (A_71_LEU,A_72_GLN)
printing pajek edge (A_69_ARG,A_70_ARG)
printing pajek edge (A_3_SER,A_4_GLU)
printing pajek edge (A_18_GLU,A_22_LEU)
printing pajek edge (A_18_GLU,A_19_ASP)
printing pajek edge (A_18_GLU,A_21_ARG)
printing pajek edge (A_2_PRO,A_3_SER)
printing pajek edge (A_117_GLU,A_118_THR)
printing pajek edge (A_89_VAL,A_90_SER)
printing pajek edge (A_31_ILE,A_54_VAL)
printing pajek edge (A_31_ILE,A_54_VAL)
printing pajek edge (A_31_ILE,A_32_PRO)
printing pajek edge (A_101_SER,A_102_GLU)
printing pajek edge (A_111_MET,A_112_VAL)
printing pajek edge (A_83_VAL,A_85_GLY)
printing pajek edge (A_83_VAL,A_86_HIS)
printing pajek edge (A_83_VAL,A_84_ASN)
printing pajek edge (A_26_GLN,A_27_HIS)
printing pajek edge (A_29_THR,A_30_LYS)
printing pajek edge (A_29_THR,A_56_ASP)
printing pajek edge (A_84_ASN,A_85_GLY)
printing pajek edge (A_84_ASN,A_86_HIS)
printing pajek edge (A_76_ASN,A_77_GLN)
printing pajek edge (A_41_GLU,A_43_GLN)
printing pajek edge (A_41_GLU,A_116_GLN)
printing pajek edge (A_41_GLU,A_42_LYS)
printing pajek edge (A_15_GLN,A_19_ASP)
printing pajek edge (A_15_GLN,A_18_GLU)
printing pajek edge (A_15_GLN,A_16_ARG)
printing pajek edge (A_113_TYR,A_114_ALA)
printing pajek edge (A_70_ARG,A_71_LEU)
printing pajek edge (A_60_MET,A_93_THR)
printing pajek edge (A_60_MET,A_61_SER)
printing pajek edge (A_60_MET,A_64_ILE)
printing pajek edge (A_60_MET,A_63_LEU)
printing pajek edge (A_50_THR,A_51_LYS)
printing pajek edge (A_25_GLU,A_26_GLN)
printing pajek edge (A_105_GLU,A_106_ASP)
printing pajek edge (A_54_VAL,A_55_PRO)
printing pajek edge (A_80_PHE,A_81_LEU)
printing pajek edge (A_80_PHE,A_114_ALA)
printing pajek edge (A_23_ILE,A_27_HIS)
printing pajek edge (A_23_ILE,A_24_ARG)
printing pajek edge (A_43_GLN,A_44_LEU)
printing pajek edge (A_43_GLN,A_116_GLN)
printing pajek edge (A_1_MET,A_2_PRO)
printing pajek edge (A_47_LEU,A_113_TYR)
printing pajek edge (A_47_LEU,A_48_ASP)
printing pajek edge (A_24_ARG,A_99_TYR)
printing pajek edge (A_24_ARG,A_25_GLU)
printing pajek edge (A_24_ARG,A_30_LYS)
printing pajek edge (A_14_GLU,A_17_VAL)
printing pajek edge (A_14_GLU,A_18_GLU)
printing pajek edge (A_14_GLU,A_15_GLN)
printing pajek edge (A_106_ASP,A_107_GLY)
printing pajek edge (A_97_GLU,A_98_VAL)
printing pajek edge (A_97_GLU,A_101_SER)
printing pajek edge (A_7_PHE,A_36_GLU)
printing pajek edge (A_7_PHE,A_8_LYS)
printing pajek edge (A_7_PHE,A_10_ARG)
printing pajek edge (A_7_PHE,A_11_ARG)
printing pajek edge (A_7_PHE,A_16_ARG)
printing pajek edge (A_86_HIS,A_87_SER)
printing pajek edge (A_4_GLU,A_5_LYS)
printing pajek edge (A_37_ARG,A_38_TYR)
printing pajek edge (A_95_ILE,A_99_TYR)
printing pajek edge (A_95_ILE,A_96_SER)
printing pajek edge (A_112_VAL,A_113_TYR)
printing pajek edge (A_10_ARG,A_11_ARG)
printing pajek edge (A_52_PHE,A_70_ARG)
printing pajek edge (A_52_PHE,A_53_LEU)
printing pajek edge (A_48_ASP,A_49_LYS)
printing pajek edge (A_9_GLN,A_10_ARG)
printing pajek edge (A_39_LYS,A_40_GLY)
printing pajek edge (A_99_TYR,A_100_GLU)
printing pajek edge (A_99_TYR,A_102_GLU)
printing pajek edge (A_99_TYR,A_103_LYS)
printing pajek edge (A_99_TYR,A_109_LEU)
printing pajek edge (A_5_LYS,A_37_ARG)
printing pajek edge (A_5_LYS,A_6_THR)
printing pajek edge (A_35_ILE,A_36_GLU)
printing pajek edge (A_35_ILE,A_50_THR)
printing pajek edge (A_35_ILE,A_52_PHE)
printing pajek edge (A_38_TYR,A_113_TYR)
printing pajek edge (A_38_TYR,A_39_LYS)
printing pajek edge (A_38_TYR,A_39_LYS)
printing pajek edge (A_38_TYR,A_40_GLY)
printing pajek edge (A_38_TYR,A_41_GLU)
printing pajek edge (A_118_THR,A_119_PHE)
printing pajek edge (A_44_LEU,A_45_PRO)
printing pajek edge (A_6_THR,A_9_GLN)
printing pajek edge (A_6_THR,A_7_PHE)
printing pajek edge (A_6_THR,A_10_ARG)
