Graph START

Adding vertex (chain-A, position-1, res-PRO)
New vertex id: 0
1 2 3 4 5 6 7 
Adding vertex (chain-A, position-2, res-GLU)
New vertex id: 1
8 9 10 11 12 13 14 15 16 
Adding vertex (chain-A, position-3, res-THR)
New vertex id: 2
17 18 19 20 21 22 23 
Adding vertex (chain-A, position-4, res-LEU)
New vertex id: 3
24 25 26 27 28 29 30 31 
Adding vertex (chain-A, position-5, res-GLU)
New vertex id: 4
32 33 34 35 36 37 38 39 40 
Adding vertex (chain-A, position-6, res-ALA)
New vertex id: 5
41 42 43 44 45 
Adding vertex (chain-A, position-7, res-ARG)
New vertex id: 6
46 47 48 49 50 51 52 53 54 55 56 
Adding vertex (chain-A, position-8, res-ILE)
New vertex id: 7
57 58 59 60 61 62 63 64 
Adding vertex (chain-A, position-9, res-ASN)
New vertex id: 8
65 66 67 68 69 70 71 72 
Adding vertex (chain-A, position-10, res-ARG)
New vertex id: 9
73 74 75 76 77 78 79 80 81 82 83 
Adding vertex (chain-A, position-11, res-ALA)
New vertex id: 10
84 85 86 87 88 
Adding vertex (chain-A, position-12, res-THR)
New vertex id: 11
89 90 91 92 93 94 95 
Adding vertex (chain-A, position-13, res-ASN)
New vertex id: 12
96 97 98 99 100 101 102 103 
Adding vertex (chain-A, position-14, res-PRO)
New vertex id: 13
104 105 106 107 108 109 110 
Adding vertex (chain-A, position-15, res-LEU)
New vertex id: 14
111 112 113 114 115 116 117 118 
Adding vertex (chain-A, position-16, res-ASN)
New vertex id: 15
119 120 121 122 123 124 125 126 
Adding vertex (chain-A, position-17, res-LYS)
New vertex id: 16
127 128 129 130 131 132 133 134 135 
Adding vertex (chain-A, position-18, res-GLU)
New vertex id: 17
136 137 138 139 140 141 142 143 144 
Adding vertex (chain-A, position-19, res-LEU)
New vertex id: 18
145 146 147 148 149 150 151 152 
Adding vertex (chain-A, position-20, res-ASP)
New vertex id: 19
153 154 155 156 157 158 159 160 
Adding vertex (chain-A, position-21, res-TRP)
New vertex id: 20
161 162 163 164 165 166 167 168 169 170 171 172 173 174 
Adding vertex (chain-A, position-22, res-ALA)
New vertex id: 21
175 176 177 178 179 
Adding vertex (chain-A, position-23, res-SER)
New vertex id: 22
180 181 182 183 184 185 
Adding vertex (chain-A, position-24, res-ILE)
New vertex id: 23
186 187 188 189 190 191 192 193 
Adding vertex (chain-A, position-25, res-ASN)
New vertex id: 24
194 195 196 197 198 199 200 201 
Adding vertex (chain-A, position-26, res-GLY)
New vertex id: 25
202 203 204 205 
Adding vertex (chain-A, position-27, res-PHE)
New vertex id: 26
206 207 208 209 210 211 212 213 214 215 216 
Adding vertex (chain-A, position-28, res-CYS)
New vertex id: 27
217 218 219 220 221 222 
Adding vertex (chain-A, position-29, res-GLU)
New vertex id: 28
223 224 225 226 227 228 229 230 231 
Adding vertex (chain-A, position-30, res-GLN)
New vertex id: 29
232 233 234 235 236 237 238 239 240 
Adding vertex (chain-A, position-31, res-LEU)
New vertex id: 30
241 242 243 244 245 246 247 248 
Adding vertex (chain-A, position-32, res-ASN)
New vertex id: 31
249 250 251 252 253 254 255 256 
Adding vertex (chain-A, position-33, res-GLU)
New vertex id: 32
257 258 259 260 261 262 263 264 265 
Adding vertex (chain-A, position-34, res-ASP)
New vertex id: 33
266 267 268 269 270 271 272 273 
Adding vertex (chain-A, position-35, res-PHE)
New vertex id: 34
274 275 276 277 278 279 280 281 282 283 284 
Adding vertex (chain-A, position-36, res-GLU)
New vertex id: 35
285 286 287 288 289 290 291 292 293 
Adding vertex (chain-A, position-37, res-GLY)
New vertex id: 36
294 295 296 297 
Adding vertex (chain-A, position-38, res-PRO)
New vertex id: 37
298 299 300 301 302 303 304 
Adding vertex (chain-A, position-39, res-PRO)
New vertex id: 38
305 306 307 308 309 310 311 
Adding vertex (chain-A, position-40, res-LEU)
New vertex id: 39
312 313 314 315 316 317 318 319 
Adding vertex (chain-A, position-41, res-ALA)
New vertex id: 40
320 321 322 323 324 
Adding vertex (chain-A, position-42, res-THR)
New vertex id: 41
325 326 327 328 329 330 331 
Adding vertex (chain-A, position-43, res-ARG)
New vertex id: 42
332 333 334 335 336 337 338 339 340 341 342 
Adding vertex (chain-A, position-44, res-LEU)
New vertex id: 43
343 344 345 346 347 348 349 350 
Adding vertex (chain-A, position-45, res-LEU)
New vertex id: 44
351 352 353 354 355 356 357 358 
Adding vertex (chain-A, position-46, res-ALA)
New vertex id: 45
359 360 361 362 363 
Adding vertex (chain-A, position-47, res-HIS)
New vertex id: 46
364 365 366 367 368 369 370 371 372 373 
Adding vertex (chain-A, position-48, res-LYS)
New vertex id: 47
374 375 376 377 378 379 380 381 382 
Adding vertex (chain-A, position-49, res-ILE)
New vertex id: 48
383 384 385 386 387 388 389 390 
Adding vertex (chain-A, position-50, res-GLN)
New vertex id: 49
391 392 393 394 395 396 397 398 399 
Adding vertex (chain-A, position-51, res-SER)
New vertex id: 50
400 401 402 403 404 405 
Adding vertex (chain-A, position-52, res-PRO)
New vertex id: 51
406 407 408 409 410 411 412 
Adding vertex (chain-A, position-53, res-GLN)
New vertex id: 52
413 414 415 416 417 418 419 420 421 
Adding vertex (chain-A, position-54, res-GLU)
New vertex id: 53
422 423 424 425 426 427 428 429 430 
Adding vertex (chain-A, position-55, res-TRP)
New vertex id: 54
431 432 433 434 435 436 437 438 439 440 441 442 443 444 
Adding vertex (chain-A, position-56, res-GLU)
New vertex id: 55
445 446 447 448 449 450 451 452 453 
Adding vertex (chain-A, position-57, res-ALA)
New vertex id: 56
454 455 456 457 458 
Adding vertex (chain-A, position-58, res-ILE)
New vertex id: 57
459 460 461 462 463 464 465 466 
Adding vertex (chain-A, position-59, res-GLN)
New vertex id: 58
467 468 469 470 471 472 473 474 475 
Adding vertex (chain-A, position-60, res-ALA)
New vertex id: 59
476 477 478 479 480 
Adding vertex (chain-A, position-61, res-LEU)
New vertex id: 60
481 482 483 484 485 486 487 488 
Adding vertex (chain-A, position-62, res-THR)
New vertex id: 61
489 490 491 492 493 494 495 
Adding vertex (chain-A, position-63, res-VAL)
New vertex id: 62
496 497 498 499 500 501 502 
Adding vertex (chain-A, position-64, res-LEU)
New vertex id: 63
503 504 505 506 507 508 509 510 
Adding vertex (chain-A, position-65, res-GLU)
New vertex id: 64
511 512 513 514 515 516 517 518 519 
Adding vertex (chain-A, position-66, res-THR)
New vertex id: 65
520 521 522 523 524 525 526 
Adding vertex (chain-A, position-67, res-CYS)
New vertex id: 66
527 528 529 530 531 532 
Adding vertex (chain-A, position-68, res-MET)
New vertex id: 67
533 534 535 536 537 538 539 540 
Adding vertex (chain-A, position-69, res-LYS)
New vertex id: 68
541 542 543 544 545 546 547 548 549 
Adding vertex (chain-A, position-70, res-SER)
New vertex id: 69
550 551 552 553 554 555 
Adding vertex (chain-A, position-71, res-CYS)
New vertex id: 70
556 557 558 559 560 561 
Adding vertex (chain-A, position-72, res-GLY)
New vertex id: 71
562 563 564 565 
Adding vertex (chain-A, position-73, res-LYS)
New vertex id: 72
566 567 568 569 570 571 572 573 574 
Adding vertex (chain-A, position-74, res-ARG)
New vertex id: 73
575 576 577 578 579 580 581 582 583 584 585 
Adding vertex (chain-A, position-75, res-PHE)
New vertex id: 74
586 587 588 589 590 591 592 593 594 595 596 
Adding vertex (chain-A, position-76, res-HIS)
New vertex id: 75
597 598 599 600 601 602 603 604 605 606 
Adding vertex (chain-A, position-77, res-ASP)
New vertex id: 76
607 608 609 610 611 612 613 614 
Adding vertex (chain-A, position-78, res-GLU)
New vertex id: 77
615 616 617 618 619 620 621 622 623 
Adding vertex (chain-A, position-79, res-VAL)
New vertex id: 78
624 625 626 627 628 629 630 
Adding vertex (chain-A, position-80, res-GLY)
New vertex id: 79
631 632 633 634 
Adding vertex (chain-A, position-81, res-LYS)
New vertex id: 80
635 636 637 638 639 640 641 642 643 
Adding vertex (chain-A, position-82, res-PHE)
New vertex id: 81
644 645 646 647 648 649 650 651 652 653 654 
Adding vertex (chain-A, position-83, res-ARG)
New vertex id: 82
655 656 657 658 659 660 661 662 663 664 665 
Adding vertex (chain-A, position-84, res-PHE)
New vertex id: 83
666 667 668 669 670 671 672 673 674 675 676 
Adding vertex (chain-A, position-85, res-LEU)
New vertex id: 84
677 678 679 680 681 682 683 684 
Adding vertex (chain-A, position-86, res-ASN)
New vertex id: 85
685 686 687 688 689 690 691 692 
Adding vertex (chain-A, position-87, res-GLU)
New vertex id: 86
693 694 695 696 697 698 699 700 701 
Adding vertex (chain-A, position-88, res-LEU)
New vertex id: 87
702 703 704 705 706 707 708 709 
Adding vertex (chain-A, position-89, res-ILE)
New vertex id: 88
710 711 712 713 714 715 716 717 
Adding vertex (chain-A, position-90, res-LYS)
New vertex id: 89
718 719 720 721 722 723 724 725 726 
Adding vertex (chain-A, position-91, res-VAL)
New vertex id: 90
727 728 729 730 731 732 733 
Adding vertex (chain-A, position-92, res-VAL)
New vertex id: 91
734 735 736 737 738 739 740 
Adding vertex (chain-A, position-93, res-SER)
New vertex id: 92
741 742 743 744 745 746 
Adding vertex (chain-A, position-94, res-PRO)
New vertex id: 93
747 748 749 750 751 752 753 
Adding vertex (chain-A, position-95, res-LYS)
New vertex id: 94
754 755 756 757 758 759 760 761 762 
Adding vertex (chain-A, position-96, res-TYR)
New vertex id: 95
763 764 765 766 767 768 769 770 771 772 773 774 
Adding vertex (chain-A, position-97, res-LEU)
New vertex id: 96
775 776 777 778 779 780 781 782 
Adding vertex (chain-A, position-98, res-GLY)
New vertex id: 97
783 784 785 786 
Adding vertex (chain-A, position-99, res-SER)
New vertex id: 98
787 788 789 790 791 792 
Adding vertex (chain-A, position-100, res-ARG)
New vertex id: 99
793 794 795 796 797 798 799 800 801 802 803 
Adding vertex (chain-A, position-101, res-THR)
New vertex id: 100
804 805 806 807 808 809 810 
Adding vertex (chain-A, position-102, res-SER)
New vertex id: 101
811 812 813 814 815 816 
Adding vertex (chain-A, position-103, res-GLU)
New vertex id: 102
817 818 819 820 821 822 823 824 825 
Adding vertex (chain-A, position-104, res-LYS)
New vertex id: 103
826 827 828 829 830 831 832 833 834 
Adding vertex (chain-A, position-105, res-VAL)
New vertex id: 104
835 836 837 838 839 840 841 
Adding vertex (chain-A, position-106, res-LYS)
New vertex id: 105
842 843 844 845 846 847 848 849 850 
Adding vertex (chain-A, position-107, res-ASN)
New vertex id: 106
851 852 853 854 855 856 857 858 
Adding vertex (chain-A, position-108, res-LYS)
New vertex id: 107
859 860 861 862 863 864 865 866 867 
Adding vertex (chain-A, position-109, res-ILE)
New vertex id: 108
868 869 870 871 872 873 874 875 
Adding vertex (chain-A, position-110, res-LEU)
New vertex id: 109
876 877 878 879 880 881 882 883 
Adding vertex (chain-A, position-111, res-GLU)
New vertex id: 110
884 885 886 887 888 889 890 891 892 
Adding vertex (chain-A, position-112, res-LEU)
New vertex id: 111
893 894 895 896 897 898 899 900 
Adding vertex (chain-A, position-113, res-LEU)
New vertex id: 112
901 902 903 904 905 906 907 908 
Adding vertex (chain-A, position-114, res-TYR)
New vertex id: 113
909 910 911 912 913 914 915 916 917 918 919 920 
Adding vertex (chain-A, position-115, res-SER)
New vertex id: 114
921 922 923 924 925 926 
Adding vertex (chain-A, position-116, res-TRP)
New vertex id: 115
927 928 929 930 931 932 933 934 935 936 937 938 939 940 
Adding vertex (chain-A, position-117, res-THR)
New vertex id: 116
941 942 943 944 945 946 947 
Adding vertex (chain-A, position-118, res-VAL)
New vertex id: 117
948 949 950 951 952 953 954 
Adding vertex (chain-A, position-119, res-GLY)
New vertex id: 118
955 956 957 958 
Adding vertex (chain-A, position-120, res-LEU)
New vertex id: 119
959 960 961 962 963 964 965 966 
Adding vertex (chain-A, position-121, res-PRO)
New vertex id: 120
967 968 969 970 971 972 973 
Adding vertex (chain-A, position-122, res-GLU)
New vertex id: 121
974 975 976 977 978 979 980 981 982 
Adding vertex (chain-A, position-123, res-GLU)
New vertex id: 122
983 984 985 986 987 988 989 990 991 
Adding vertex (chain-A, position-124, res-VAL)
New vertex id: 123
992 993 994 995 996 997 998 
Adding vertex (chain-A, position-125, res-LYS)
New vertex id: 124
999 1000 1001 1002 1003 1004 1005 1006 1007 
Adding vertex (chain-A, position-126, res-ILE)
New vertex id: 125
1008 1009 1010 1011 1012 1013 1014 1015 
Adding vertex (chain-A, position-127, res-ALA)
New vertex id: 126
1016 1017 1018 1019 1020 
Adding vertex (chain-A, position-128, res-GLU)
New vertex id: 127
1021 1022 1023 1024 1025 1026 1027 1028 1029 
Adding vertex (chain-A, position-129, res-ALA)
New vertex id: 128
1030 1031 1032 1033 1034 
Adding vertex (chain-A, position-130, res-TYR)
New vertex id: 129
1035 1036 1037 1038 1039 1040 1041 1042 1043 1044 1045 1046 
Adding vertex (chain-A, position-131, res-GLN)
New vertex id: 130
1047 1048 1049 1050 1051 1052 1053 1054 1055 
Adding vertex (chain-A, position-132, res-MET)
New vertex id: 131
1056 1057 1058 1059 1060 1061 1062 1063 
Adding vertex (chain-A, position-133, res-LEU)
New vertex id: 132
1064 1065 1066 1067 1068 1069 1070 1071 
Adding vertex (chain-A, position-134, res-LYS)
New vertex id: 133
1072 1073 1074 1075 1076 1077 1078 1079 1080 
Adding vertex (chain-A, position-135, res-LYS)
New vertex id: 134
1081 1082 1083 1084 1085 1086 1087 1088 1089 
Adding vertex (chain-A, position-136, res-GLN)
New vertex id: 135
1090 1091 1092 1093 1094 1095 1096 1097 1098 
Adding vertex (chain-A, position-137, res-GLY)
New vertex id: 136
1099 1100 1101 1102 
Adding vertex (chain-A, position-138, res-ILE)
New vertex id: 137
1103 1104 1105 1106 1107 1108 1109 1110 
Adding vertex (chain-A, position-139, res-VAL)
New vertex id: 138
1111 1112 1113 1114 1115 1116 1117 
Adding vertex (chain-A, position-140, res-LYS)
New vertex id: 139
1118 1119 1120 1121 1122 1123 1124 1125 1126 
Graph DONE

( reduce -FLIPs 1JWG.pdb > 1JWG.H.pdb ) >& /dev/null
Reduce (-FLIPs) returned 0
( bndlst -Radius0.3 1JWG.H.pdb > 1JWG.H.bndlst ) >& /dev/null
BndLst returned 0
Parsing 1JWG.H.bndlst

bndlst START
Adding bndlst edge: (A_P1_MC -> A_E2_MC) type[cov], weight[1.00] from 0 to 1 dist[1.32]
Adding bndlst edge: (A_P1_MC -> A_R10_SC) type[hb], weight[0.75] from 0 to 9 dist[2.32]
Adding bndlst edge: (A_E2_MC -> A_T3_MC) type[cov], weight[1.00] from 1 to 2 dist[1.34]
Adding bndlst edge: (A_E2_MC -> A_R7_SC) type[hb], weight[0.93] from 1 to 6 dist[2.08]
Adding bndlst edge: (A_T3_MC -> A_L4_MC) type[cov], weight[1.00] from 2 to 3 dist[1.32]
Adding bndlst edge: (A_T3_MC -> A_A6_MC) type[hb], weight[0.49] from 2 to 5 dist[2.87]
Adding bndlst edge: (A_T3_MC -> A_R7_MC) type[hb], weight[1.04] from 2 to 6 dist[1.96]
Adding bndlst edge: (A_T3_SC -> A_A6_MC) type[hb], weight[0.96] from 2 to 5 dist[2.05]
Adding bndlst edge: (A_L4_MC -> A_E5_MC) type[cov], weight[1.00] from 3 to 4 dist[1.33]
Adding bndlst edge: (A_L4_MC -> A_I8_MC) type[hb], weight[1.23] from 3 to 7 dist[1.81]
Adding bndlst edge: (A_L4_MC -> A_R7_MC) type[hb], weight[0.56] from 3 to 6 dist[2.67]
Adding bndlst edge: (A_E5_MC -> A_A6_MC) type[cov], weight[1.00] from 4 to 5 dist[1.33]
Adding bndlst edge: (A_E5_MC -> A_N9_MC) type[hb], weight[0.92] from 4 to 8 dist[2.08]
Adding bndlst edge: (A_A6_MC -> A_R7_MC) type[cov], weight[1.00] from 5 to 6 dist[1.34]
Adding bndlst edge: (A_A6_MC -> A_N9_MC) type[hb], weight[0.53] from 5 to 8 dist[2.74]
Adding bndlst edge: (A_A6_MC -> A_R10_MC) type[hb], weight[0.77] from 5 to 9 dist[2.28]
Adding bndlst edge: (A_R7_MC -> A_I8_MC) type[cov], weight[1.00] from 6 to 7 dist[1.33]
Adding bndlst edge: (A_R7_MC -> A_A11_MC) type[hb], weight[1.13] from 6 to 10 dist[1.88]
Adding bndlst edge: (A_R7_MC -> A_R10_MC) type[hb], weight[0.57] from 6 to 9 dist[2.64]
Adding bndlst edge: (A_I8_MC -> A_N9_MC) type[cov], weight[1.00] from 7 to 8 dist[1.33]
Adding bndlst edge: (A_I8_MC -> A_A11_MC) type[hb], weight[0.48] from 7 to 10 dist[2.88]
Adding bndlst edge: (A_I8_MC -> A_T12_MC) type[hb], weight[0.92] from 7 to 11 dist[2.08]
Adding bndlst edge: (A_I8_MC -> A_T12_SC) type[hb], weight[1.30] from 7 to 11 dist[1.75]
Adding bndlst edge: (A_N9_MC -> A_R10_MC) type[cov], weight[1.00] from 8 to 9 dist[1.33]
Adding bndlst edge: (A_N9_MC -> A_N13_MC) type[hb], weight[0.57] from 8 to 12 dist[2.65]
Adding bndlst edge: (A_N9_MC -> A_T12_MC) type[hb], weight[0.52] from 8 to 11 dist[2.79]
Adding bndlst edge: (A_N9_SC -> A_K48_SC) type[hb], weight[1.15] from 8 to 47 dist[1.86]
Adding bndlst edge: (A_R10_MC -> A_A11_MC) type[cov], weight[1.00] from 9 to 10 dist[1.34]
Adding bndlst edge: (A_R10_MC -> A_N13_MC) type[hb], weight[0.70] from 9 to 12 dist[2.38]
Adding bndlst edge: (A_R10_MC -> A_N16_SC) type[hb], weight[1.05] from 9 to 15 dist[1.95]
Adding bndlst edge: (A_R10_SC -> A_S23_SC) type[hb], weight[0.57] from 9 to 22 dist[2.65]
Adding bndlst edge: (A_A11_MC -> A_T12_MC) type[cov], weight[1.00] from 10 to 11 dist[1.33]
Adding bndlst edge: (A_T12_MC -> A_N13_MC) type[cov], weight[1.00] from 11 to 12 dist[1.32]
Adding bndlst edge: (A_N13_MC -> A_P14_MC) type[cov], weight[1.00] from 12 to 13 dist[1.33]
Adding bndlst edge: (A_N13_MC -> A_N16_MC) type[hb], weight[0.98] from 12 to 15 dist[2.02]
Adding bndlst edge: (A_N13_MC -> A_L15_MC) type[hb], weight[0.48] from 12 to 14 dist[2.90]
Adding bndlst edge: (A_N13_MC -> A_Q59_SC) type[hb], weight[1.05] from 12 to 58 dist[1.96]
Adding bndlst edge: (A_N13_SC -> A_L15_MC) type[hb], weight[1.28] from 12 to 14 dist[1.77]
Adding bndlst edge: (A_P14_MC -> A_L15_MC) type[cov], weight[1.00] from 13 to 14 dist[1.32]
Adding bndlst edge: (A_L15_MC -> A_N16_MC) type[cov], weight[1.00] from 14 to 15 dist[1.34]
Adding bndlst edge: (A_N16_MC -> A_K17_MC) type[cov], weight[1.00] from 15 to 16 dist[1.32]
Adding bndlst edge: (A_N16_MC -> A_W55_SC) type[hb], weight[1.13] from 15 to 54 dist[1.88]
Adding bndlst edge: (A_N16_SC -> A_Q59_SC) type[hb], weight[1.02] from 15 to 58 dist[1.98]
Adding bndlst edge: (A_K17_MC -> A_E18_MC) type[cov], weight[1.00] from 16 to 17 dist[1.33]
Adding bndlst edge: (A_E18_MC -> A_L19_MC) type[cov], weight[1.00] from 17 to 18 dist[1.33]
Adding bndlst edge: (A_L19_MC -> A_D20_MC) type[cov], weight[1.00] from 18 to 19 dist[1.33]
Adding bndlst edge: (A_L19_MC -> A_W21_MC) type[hb], weight[0.55] from 18 to 20 dist[2.70]
Adding bndlst edge: (A_D20_MC -> A_W21_MC) type[cov], weight[1.00] from 19 to 20 dist[1.33]
Adding bndlst edge: (A_D20_MC -> A_I24_MC) type[hb], weight[1.15] from 19 to 23 dist[1.87]
Adding bndlst edge: (A_D20_MC -> A_S23_MC) type[hb], weight[0.66] from 19 to 22 dist[2.46]
Adding bndlst edge: (A_D20_SC -> A_S23_SC) type[hb], weight[1.39] from 19 to 22 dist[1.70]
Adding bndlst edge: (A_D20_SC -> A_S23_MC) type[hb], weight[0.85] from 19 to 22 dist[2.17]
Adding bndlst edge: (A_W21_MC -> A_A22_MC) type[cov], weight[1.00] from 20 to 21 dist[1.33]
Adding bndlst edge: (A_W21_MC -> A_N25_MC) type[hb], weight[1.37] from 20 to 24 dist[1.71]
Adding bndlst edge: (A_W21_MC -> A_I24_MC) type[hb], weight[0.50] from 20 to 23 dist[2.84]
Adding bndlst edge: (A_A22_MC -> A_S23_MC) type[cov], weight[1.00] from 21 to 22 dist[1.34]
Adding bndlst edge: (A_A22_MC -> A_G26_MC) type[hb], weight[0.93] from 21 to 25 dist[2.07]
Adding bndlst edge: (A_S23_MC -> A_I24_MC) type[cov], weight[1.00] from 22 to 23 dist[1.32]
Adding bndlst edge: (A_S23_MC -> A_F27_MC) type[hb], weight[0.81] from 22 to 26 dist[2.23]
Adding bndlst edge: (A_S23_MC -> A_G26_MC) type[hb], weight[0.50] from 22 to 25 dist[2.81]
Adding bndlst edge: (A_I24_MC -> A_N25_MC) type[cov], weight[1.00] from 23 to 24 dist[1.33]
Adding bndlst edge: (A_I24_MC -> A_F27_MC) type[hb], weight[0.69] from 23 to 26 dist[2.42]
Adding bndlst edge: (A_I24_MC -> A_C28_MC) type[hb], weight[0.79] from 23 to 27 dist[2.25]
Adding bndlst edge: (A_N25_MC -> A_G26_MC) type[cov], weight[1.00] from 24 to 25 dist[1.33]
Adding bndlst edge: (A_N25_MC -> A_E29_MC) type[hb], weight[1.07] from 24 to 28 dist[1.93]
Adding bndlst edge: (A_N25_MC -> A_C28_MC) type[hb], weight[0.50] from 24 to 27 dist[2.83]
Adding bndlst edge: (A_G26_MC -> A_F27_MC) type[cov], weight[1.00] from 25 to 26 dist[1.33]
Adding bndlst edge: (A_G26_MC -> A_Q30_MC) type[hb], weight[0.64] from 25 to 29 dist[2.49]
Adding bndlst edge: (A_G26_MC -> A_E29_MC) type[hb], weight[0.47] from 25 to 28 dist[2.91]
Adding bndlst edge: (A_F27_MC -> A_C28_MC) type[cov], weight[1.00] from 26 to 27 dist[1.33]
Adding bndlst edge: (A_F27_MC -> A_L31_MC) type[hb], weight[0.65] from 26 to 30 dist[2.49]
Adding bndlst edge: (A_F27_MC -> A_Q30_MC) type[hb], weight[0.78] from 26 to 29 dist[2.26]
Adding bndlst edge: (A_C28_MC -> A_E29_MC) type[cov], weight[1.00] from 27 to 28 dist[1.33]
Adding bndlst edge: (A_C28_MC -> A_L31_MC) type[hb], weight[0.56] from 27 to 30 dist[2.68]
Adding bndlst edge: (A_C28_SC -> A_C67_MC) type[hb], weight[0.35] from 27 to 66 dist[3.39]
Adding bndlst edge: (A_E29_MC -> A_Q30_MC) type[cov], weight[1.00] from 28 to 29 dist[1.33]
Adding bndlst edge: (A_Q30_MC -> A_L31_MC) type[cov], weight[1.00] from 29 to 30 dist[1.33]
Adding bndlst edge: (A_Q30_MC -> A_E33_MC) type[hb], weight[0.85] from 29 to 32 dist[2.17]
Adding bndlst edge: (A_Q30_SC -> A_E33_SC) type[hb], weight[0.81] from 29 to 32 dist[2.23]
Adding bndlst edge: (A_L31_MC -> A_N32_MC) type[cov], weight[1.00] from 30 to 31 dist[1.33]
Adding bndlst edge: (A_N32_MC -> A_E33_MC) type[cov], weight[1.00] from 31 to 32 dist[1.32]
Adding bndlst edge: (A_E33_MC -> A_D34_MC) type[cov], weight[1.00] from 32 to 33 dist[1.33]
Adding bndlst edge: (A_D34_MC -> A_F35_MC) type[cov], weight[1.00] from 33 to 34 dist[1.33]
Adding bndlst edge: (A_D34_MC -> A_G37_MC) type[hb], weight[0.74] from 33 to 36 dist[2.33]
Adding bndlst edge: (A_D34_SC -> A_F35_MC) type[hb], weight[0.52] from 33 to 34 dist[2.79]
Adding bndlst edge: (A_F35_MC -> A_E36_MC) type[cov], weight[1.00] from 34 to 35 dist[1.33]
Adding bndlst edge: (A_F35_MC -> A_G37_MC) type[hb], weight[0.49] from 34 to 36 dist[2.86]
Adding bndlst edge: (A_F35_SC -> A_E36_MC) type[hb], weight[0.39] from 34 to 35 dist[3.20]
Adding bndlst edge: (A_E36_MC -> A_G37_MC) type[cov], weight[1.00] from 35 to 36 dist[1.33]
Adding bndlst edge: (A_E36_MC -> A_L40_MC) type[hb], weight[0.78] from 35 to 39 dist[2.27]
Adding bndlst edge: (A_G37_MC -> A_P38_MC) type[cov], weight[1.00] from 36 to 37 dist[1.33]
Adding bndlst edge: (A_G37_MC -> A_A41_MC) type[hb], weight[1.26] from 36 to 40 dist[1.78]
Adding bndlst edge: (A_G37_MC -> A_L40_MC) type[hb], weight[0.67] from 36 to 39 dist[2.44]
Adding bndlst edge: (A_P38_MC -> A_P39_MC) type[cov], weight[1.00] from 37 to 38 dist[1.33]
Adding bndlst edge: (A_P38_MC -> A_T42_MC) type[hb], weight[0.82] from 37 to 41 dist[2.21]
Adding bndlst edge: (A_P38_MC -> A_A41_MC) type[hb], weight[0.47] from 37 to 40 dist[2.92]
Adding bndlst edge: (A_P39_MC -> A_L40_MC) type[cov], weight[1.00] from 38 to 39 dist[1.33]
Adding bndlst edge: (A_P39_MC -> A_T42_MC) type[hb], weight[0.48] from 38 to 41 dist[2.88]
Adding bndlst edge: (A_P39_MC -> A_R43_MC) type[hb], weight[0.86] from 38 to 42 dist[2.16]
Adding bndlst edge: (A_P39_MC -> A_T42_SC) type[hb], weight[0.92] from 38 to 41 dist[2.08]
Adding bndlst edge: (A_L40_MC -> A_A41_MC) type[cov], weight[1.00] from 39 to 40 dist[1.33]
Adding bndlst edge: (A_L40_MC -> A_L44_MC) type[hb], weight[1.11] from 39 to 43 dist[1.90]
Adding bndlst edge: (A_L40_MC -> A_R43_MC) type[hb], weight[0.63] from 39 to 42 dist[2.52]
Adding bndlst edge: (A_A41_MC -> A_T42_MC) type[cov], weight[1.00] from 40 to 41 dist[1.33]
Adding bndlst edge: (A_A41_MC -> A_L44_MC) type[hb], weight[0.47] from 40 to 43 dist[2.92]
Adding bndlst edge: (A_A41_MC -> A_L45_MC) type[hb], weight[0.97] from 40 to 44 dist[2.03]
Adding bndlst edge: (A_T42_MC -> A_R43_MC) type[cov], weight[1.00] from 41 to 42 dist[1.33]
Adding bndlst edge: (A_T42_MC -> A_L45_MC) type[hb], weight[0.46] from 41 to 44 dist[2.95]
Adding bndlst edge: (A_T42_MC -> A_A46_MC) type[hb], weight[1.00] from 41 to 45 dist[2.00]
Adding bndlst edge: (A_R43_MC -> A_L44_MC) type[cov], weight[1.00] from 42 to 43 dist[1.33]
Adding bndlst edge: (A_R43_MC -> A_A46_MC) type[hb], weight[0.46] from 42 to 45 dist[2.96]
Adding bndlst edge: (A_R43_MC -> A_H47_MC) type[hb], weight[0.69] from 42 to 46 dist[2.40]
Adding bndlst edge: (A_L44_MC -> A_L45_MC) type[cov], weight[1.00] from 43 to 44 dist[1.32]
Adding bndlst edge: (A_L44_MC -> A_K48_MC) type[hb], weight[0.75] from 43 to 47 dist[2.30]
Adding bndlst edge: (A_L44_MC -> A_H47_MC) type[hb], weight[0.53] from 43 to 46 dist[2.75]
Adding bndlst edge: (A_L45_MC -> A_A46_MC) type[cov], weight[1.00] from 44 to 45 dist[1.32]
Adding bndlst edge: (A_L45_MC -> A_K48_MC) type[hb], weight[0.51] from 44 to 47 dist[2.80]
Adding bndlst edge: (A_L45_MC -> A_I49_MC) type[hb], weight[1.08] from 44 to 48 dist[1.93]
Adding bndlst edge: (A_A46_MC -> A_H47_MC) type[cov], weight[1.00] from 45 to 46 dist[1.33]
Adding bndlst edge: (A_A46_MC -> A_Q50_MC) type[hb], weight[0.69] from 45 to 49 dist[2.41]
Adding bndlst edge: (A_A46_MC -> A_I49_MC) type[hb], weight[0.47] from 45 to 48 dist[2.92]
Adding bndlst edge: (A_H47_MC -> A_K48_MC) type[cov], weight[1.00] from 46 to 47 dist[1.33]
Adding bndlst edge: (A_H47_MC -> A_Q50_MC) type[hb], weight[0.68] from 46 to 49 dist[2.42]
Adding bndlst edge: (A_K48_MC -> A_I49_MC) type[cov], weight[1.00] from 47 to 48 dist[1.33]
Adding bndlst edge: (A_K48_MC -> A_S51_MC) type[hb], weight[0.88] from 47 to 50 dist[2.13]
Adding bndlst edge: (A_I49_MC -> A_Q50_MC) type[cov], weight[1.00] from 48 to 49 dist[1.32]
Adding bndlst edge: (A_I49_MC -> A_S51_MC) type[hb], weight[0.46] from 48 to 50 dist[2.96]
Adding bndlst edge: (A_Q50_MC -> A_S51_MC) type[cov], weight[1.00] from 49 to 50 dist[1.32]
Adding bndlst edge: (A_Q50_SC -> A_E87_SC) type[hb], weight[0.88] from 49 to 86 dist[2.13]
Adding bndlst edge: (A_Q50_SC -> A_E87_MC) type[hb], weight[1.02] from 49 to 86 dist[1.98]
Adding bndlst edge: (A_S51_MC -> A_P52_MC) type[cov], weight[1.00] from 50 to 51 dist[1.32]
Adding bndlst edge: (A_S51_SC -> A_Q53_MC) type[hb], weight[0.98] from 50 to 52 dist[2.02]
Adding bndlst edge: (A_S51_SC -> A_E56_SC) type[hb], weight[1.43] from 50 to 55 dist[1.67]
Adding bndlst edge: (A_P52_MC -> A_Q53_MC) type[cov], weight[1.00] from 51 to 52 dist[1.33]
Adding bndlst edge: (A_P52_MC -> A_E54_MC) type[hb], weight[0.46] from 51 to 53 dist[2.95]
Adding bndlst edge: (A_Q53_MC -> A_E54_MC) type[cov], weight[1.00] from 52 to 53 dist[1.33]
Adding bndlst edge: (A_Q53_MC -> A_E56_MC) type[hb], weight[0.78] from 52 to 55 dist[2.26]
Adding bndlst edge: (A_Q53_MC -> A_A57_MC) type[hb], weight[0.79] from 52 to 56 dist[2.25]
Adding bndlst edge: (A_E54_MC -> A_W55_MC) type[cov], weight[1.00] from 53 to 54 dist[1.32]
Adding bndlst edge: (A_E54_MC -> A_I58_MC) type[hb], weight[1.17] from 53 to 57 dist[1.85]
Adding bndlst edge: (A_E54_MC -> A_A57_MC) type[hb], weight[0.57] from 53 to 56 dist[2.65]
Adding bndlst edge: (A_E54_SC -> A_S102_SC) type[cov], weight[1.00] from 53 to 101 dist[1.27]
Adding bndlst edge: (A_W55_MC -> A_E56_MC) type[cov], weight[1.00] from 54 to 55 dist[1.33]
Adding bndlst edge: (A_W55_MC -> A_Q59_SC) type[hb], weight[0.80] from 54 to 58 dist[2.24]
Adding bndlst edge: (A_W55_MC -> A_Q59_MC) type[hb], weight[0.91] from 54 to 58 dist[2.10]
Adding bndlst edge: (A_W55_SC -> A_Q59_SC) type[hb], weight[0.38] from 54 to 58 dist[3.25]
Adding bndlst edge: (A_W55_SC -> A_Q59_SC) type[hb], weight[0.36] from 54 to 58 dist[3.34]
Adding bndlst edge: (A_W55_SC -> A_Q59_SC) type[hb], weight[0.36] from 54 to 58 dist[3.35]
Adding bndlst edge: (A_E56_MC -> A_A57_MC) type[cov], weight[1.00] from 55 to 56 dist[1.32]
Adding bndlst edge: (A_E56_MC -> A_A60_MC) type[hb], weight[0.90] from 55 to 59 dist[2.10]
Adding bndlst edge: (A_E56_MC -> A_Q59_MC) type[hb], weight[0.45] from 55 to 58 dist[3.00]
Adding bndlst edge: (A_A57_MC -> A_I58_MC) type[cov], weight[1.00] from 56 to 57 dist[1.33]
Adding bndlst edge: (A_A57_MC -> A_A60_MC) type[hb], weight[0.57] from 56 to 59 dist[2.65]
Adding bndlst edge: (A_A57_MC -> A_L61_MC) type[hb], weight[0.97] from 56 to 60 dist[2.03]
Adding bndlst edge: (A_I58_MC -> A_Q59_MC) type[cov], weight[1.00] from 57 to 58 dist[1.33]
Adding bndlst edge: (A_I58_MC -> A_T62_MC) type[hb], weight[0.82] from 57 to 61 dist[2.21]
Adding bndlst edge: (A_I58_MC -> A_L61_MC) type[hb], weight[0.54] from 57 to 60 dist[2.71]
Adding bndlst edge: (A_Q59_MC -> A_A60_MC) type[cov], weight[1.00] from 58 to 59 dist[1.34]
Adding bndlst edge: (A_Q59_MC -> A_V63_MC) type[hb], weight[1.11] from 58 to 62 dist[1.90]
Adding bndlst edge: (A_Q59_MC -> A_T62_MC) type[hb], weight[0.64] from 58 to 61 dist[2.51]
Adding bndlst edge: (A_A60_MC -> A_L61_MC) type[cov], weight[1.00] from 59 to 60 dist[1.33]
Adding bndlst edge: (A_A60_MC -> A_V63_MC) type[hb], weight[0.60] from 59 to 62 dist[2.59]
Adding bndlst edge: (A_A60_MC -> A_L64_MC) type[hb], weight[1.33] from 59 to 63 dist[1.74]
Adding bndlst edge: (A_L61_MC -> A_T62_MC) type[cov], weight[1.00] from 60 to 61 dist[1.33]
Adding bndlst edge: (A_L61_MC -> A_E65_MC) type[hb], weight[1.17] from 60 to 64 dist[1.85]
Adding bndlst edge: (A_L61_MC -> A_L64_MC) type[hb], weight[0.46] from 60 to 63 dist[2.94]
Adding bndlst edge: (A_T62_MC -> A_V63_MC) type[cov], weight[1.00] from 61 to 62 dist[1.33]
Adding bndlst edge: (A_T62_MC -> A_T66_MC) type[hb], weight[1.06] from 61 to 65 dist[1.94]
Adding bndlst edge: (A_T62_MC -> A_E65_MC) type[hb], weight[0.49] from 61 to 64 dist[2.85]
Adding bndlst edge: (A_T62_MC -> A_T66_SC) type[hb], weight[1.26] from 61 to 65 dist[1.78]
Adding bndlst edge: (A_V63_MC -> A_L64_MC) type[cov], weight[1.00] from 62 to 63 dist[1.33]
Adding bndlst edge: (A_V63_MC -> A_C67_MC) type[hb], weight[1.04] from 62 to 66 dist[1.96]
Adding bndlst edge: (A_V63_MC -> A_T66_MC) type[hb], weight[0.58] from 62 to 65 dist[2.63]
Adding bndlst edge: (A_L64_MC -> A_E65_MC) type[cov], weight[1.00] from 63 to 64 dist[1.33]
Adding bndlst edge: (A_L64_MC -> A_M68_MC) type[hb], weight[0.81] from 63 to 67 dist[2.23]
Adding bndlst edge: (A_L64_MC -> A_C67_MC) type[hb], weight[0.48] from 63 to 66 dist[2.90]
Adding bndlst edge: (A_E65_MC -> A_T66_MC) type[cov], weight[1.00] from 64 to 65 dist[1.33]
Adding bndlst edge: (A_E65_MC -> A_K69_MC) type[hb], weight[0.72] from 64 to 68 dist[2.35]
Adding bndlst edge: (A_E65_MC -> A_M68_MC) type[hb], weight[0.57] from 64 to 67 dist[2.65]
Adding bndlst edge: (A_E65_SC -> A_K108_SC) type[salt], weight[0.86] from 64 to 107 dist[2.05]
Adding bndlst edge: (A_T66_MC -> A_C67_MC) type[cov], weight[1.00] from 65 to 66 dist[1.34]
Adding bndlst edge: (A_T66_MC -> A_S70_SC) type[hb], weight[1.24] from 65 to 69 dist[1.80]
Adding bndlst edge: (A_T66_MC -> A_S70_MC) type[hb], weight[0.91] from 65 to 69 dist[2.09]
Adding bndlst edge: (A_T66_MC -> A_K69_MC) type[hb], weight[0.63] from 65 to 68 dist[2.52]
Adding bndlst edge: (A_C67_MC -> A_M68_MC) type[cov], weight[1.00] from 66 to 67 dist[1.33]
Adding bndlst edge: (A_C67_MC -> A_C71_SC) type[hb], weight[0.56] from 66 to 70 dist[2.66]
Adding bndlst edge: (A_C67_MC -> A_C71_MC) type[hb], weight[1.06] from 66 to 70 dist[1.95]
Adding bndlst edge: (A_C67_MC -> A_S70_MC) type[hb], weight[0.50] from 66 to 69 dist[2.83]
Adding bndlst edge: (A_M68_MC -> A_K69_MC) type[cov], weight[1.00] from 67 to 68 dist[1.31]
Adding bndlst edge: (A_M68_MC -> A_H76_SC) type[hb], weight[1.39] from 67 to 75 dist[1.70]
Adding bndlst edge: (A_K69_MC -> A_S70_MC) type[cov], weight[1.00] from 68 to 69 dist[1.33]
Adding bndlst edge: (A_S70_MC -> A_C71_MC) type[cov], weight[1.00] from 69 to 70 dist[1.32]
Adding bndlst edge: (A_C71_MC -> A_G72_MC) type[cov], weight[1.00] from 70 to 71 dist[1.33]
Adding bndlst edge: (A_G72_MC -> A_K73_MC) type[cov], weight[1.00] from 71 to 72 dist[1.33]
Adding bndlst edge: (A_G72_MC -> A_F75_MC) type[hb], weight[0.58] from 71 to 74 dist[2.63]
Adding bndlst edge: (A_G72_MC -> A_H76_MC) type[hb], weight[0.93] from 71 to 75 dist[2.08]
Adding bndlst edge: (A_K73_MC -> A_R74_MC) type[cov], weight[1.00] from 72 to 73 dist[1.32]
Adding bndlst edge: (A_K73_MC -> A_D77_MC) type[hb], weight[1.28] from 72 to 76 dist[1.77]
Adding bndlst edge: (A_K73_MC -> A_H76_MC) type[hb], weight[0.49] from 72 to 75 dist[2.86]
Adding bndlst edge: (A_K73_SC -> A_D77_SC) type[salt], weight[0.54] from 72 to 76 dist[2.58]
Adding bndlst edge: (A_K73_SC -> A_D77_SC) type[salt], weight[0.59] from 72 to 76 dist[2.48]
Adding bndlst edge: (A_K73_SC -> A_D77_SC) type[salt], weight[1.00] from 72 to 76 dist[1.90]
Adding bndlst edge: (A_R74_MC -> A_F75_MC) type[cov], weight[1.00] from 73 to 74 dist[1.34]
Adding bndlst edge: (A_R74_MC -> A_E78_MC) type[hb], weight[0.69] from 73 to 77 dist[2.40]
Adding bndlst edge: (A_F75_MC -> A_H76_MC) type[cov], weight[1.00] from 74 to 75 dist[1.33]
Adding bndlst edge: (A_F75_MC -> A_V79_MC) type[hb], weight[0.93] from 74 to 78 dist[2.07]
Adding bndlst edge: (A_F75_MC -> A_E78_MC) type[hb], weight[0.56] from 74 to 77 dist[2.67]
Adding bndlst edge: (A_H76_MC -> A_D77_MC) type[cov], weight[1.00] from 75 to 76 dist[1.33]
Adding bndlst edge: (A_H76_MC -> A_V79_MC) type[hb], weight[0.51] from 75 to 78 dist[2.80]
Adding bndlst edge: (A_H76_MC -> A_G80_MC) type[hb], weight[1.00] from 75 to 79 dist[2.00]
Adding bndlst edge: (A_D77_MC -> A_E78_MC) type[cov], weight[1.00] from 76 to 77 dist[1.33]
Adding bndlst edge: (A_D77_MC -> A_G80_MC) type[hb], weight[0.53] from 76 to 79 dist[2.74]
Adding bndlst edge: (A_E78_MC -> A_V79_MC) type[cov], weight[1.00] from 77 to 78 dist[1.32]
Adding bndlst edge: (A_E78_MC -> A_K81_MC) type[hb], weight[0.67] from 77 to 80 dist[2.45]
Adding bndlst edge: (A_E78_SC -> A_K81_SC) type[salt], weight[0.60] from 77 to 80 dist[2.46]
Adding bndlst edge: (A_E78_SC -> A_K81_SC) type[salt], weight[0.77] from 77 to 80 dist[2.16]
Adding bndlst edge: (A_V79_MC -> A_G80_MC) type[cov], weight[1.00] from 78 to 79 dist[1.33]
Adding bndlst edge: (A_V79_MC -> A_K81_MC) type[hb], weight[0.47] from 78 to 80 dist[2.90]
Adding bndlst edge: (A_G80_MC -> A_K81_MC) type[cov], weight[1.00] from 79 to 80 dist[1.33]
Adding bndlst edge: (A_K81_MC -> A_F82_MC) type[cov], weight[1.00] from 80 to 81 dist[1.34]
Adding bndlst edge: (A_K81_MC -> A_L85_MC) type[hb], weight[1.07] from 80 to 84 dist[1.94]
Adding bndlst edge: (A_K81_MC -> A_F84_MC) type[hb], weight[0.97] from 80 to 83 dist[2.03]
Adding bndlst edge: (A_F82_MC -> A_R83_MC) type[cov], weight[1.00] from 81 to 82 dist[1.33]
Adding bndlst edge: (A_F82_MC -> A_N86_MC) type[hb], weight[1.26] from 81 to 85 dist[1.78]
Adding bndlst edge: (A_R83_MC -> A_F84_MC) type[cov], weight[1.00] from 82 to 83 dist[1.32]
Adding bndlst edge: (A_F84_MC -> A_L85_MC) type[cov], weight[1.00] from 83 to 84 dist[1.32]
Adding bndlst edge: (A_F84_MC -> A_L88_MC) type[hb], weight[0.59] from 83 to 87 dist[2.61]
Adding bndlst edge: (A_F84_MC -> A_E87_MC) type[hb], weight[0.73] from 83 to 86 dist[2.34]
Adding bndlst edge: (A_L85_MC -> A_N86_MC) type[cov], weight[1.00] from 84 to 85 dist[1.33]
Adding bndlst edge: (A_L85_MC -> A_L88_MC) type[hb], weight[0.87] from 84 to 87 dist[2.15]
Adding bndlst edge: (A_L85_MC -> A_I89_MC) type[hb], weight[1.00] from 84 to 88 dist[2.00]
Adding bndlst edge: (A_N86_MC -> A_E87_MC) type[cov], weight[1.00] from 85 to 86 dist[1.33]
Adding bndlst edge: (A_N86_MC -> A_K90_MC) type[hb], weight[1.03] from 85 to 89 dist[1.97]
Adding bndlst edge: (A_N86_MC -> A_I89_MC) type[hb], weight[0.56] from 85 to 88 dist[2.67]
Adding bndlst edge: (A_E87_MC -> A_L88_MC) type[cov], weight[1.00] from 86 to 87 dist[1.32]
Adding bndlst edge: (A_E87_MC -> A_V91_MC) type[hb], weight[0.46] from 86 to 90 dist[2.96]
Adding bndlst edge: (A_E87_SC -> A_K90_SC) type[salt], weight[0.52] from 86 to 89 dist[2.64]
Adding bndlst edge: (A_E87_SC -> A_K90_SC) type[salt], weight[0.89] from 86 to 89 dist[2.01]
Adding bndlst edge: (A_L88_MC -> A_I89_MC) type[cov], weight[1.00] from 87 to 88 dist[1.33]
Adding bndlst edge: (A_L88_MC -> A_V91_MC) type[hb], weight[0.80] from 87 to 90 dist[2.24]
Adding bndlst edge: (A_L88_MC -> A_V92_MC) type[hb], weight[0.64] from 87 to 91 dist[2.50]
Adding bndlst edge: (A_I89_MC -> A_K90_MC) type[cov], weight[1.00] from 88 to 89 dist[1.33]
Adding bndlst edge: (A_I89_MC -> A_V92_MC) type[hb], weight[0.69] from 88 to 91 dist[2.40]
Adding bndlst edge: (A_I89_MC -> A_S93_MC) type[hb], weight[0.93] from 88 to 92 dist[2.08]
Adding bndlst edge: (A_K90_MC -> A_V91_MC) type[cov], weight[1.00] from 89 to 90 dist[1.33]
Adding bndlst edge: (A_K90_MC -> A_L97_MC) type[hb], weight[1.03] from 89 to 96 dist[1.97]
Adding bndlst edge: (A_K90_MC -> A_S93_MC) type[hb], weight[0.49] from 89 to 92 dist[2.86]
Adding bndlst edge: (A_V91_MC -> A_V92_MC) type[cov], weight[1.00] from 90 to 91 dist[1.32]
Adding bndlst edge: (A_V92_MC -> A_S93_MC) type[cov], weight[1.00] from 91 to 92 dist[1.33]
Adding bndlst edge: (A_S93_MC -> A_P94_MC) type[cov], weight[1.00] from 92 to 93 dist[1.33]
Adding bndlst edge: (A_S93_MC -> A_G98_MC) type[hb], weight[1.24] from 92 to 97 dist[1.79]
Adding bndlst edge: (A_S93_MC -> A_Y96_MC) type[hb], weight[0.96] from 92 to 95 dist[2.04]
Adding bndlst edge: (A_S93_SC -> A_K95_MC) type[hb], weight[0.73] from 92 to 94 dist[2.34]
Adding bndlst edge: (A_S93_SC -> A_Y96_SC) type[hb], weight[0.42] from 92 to 95 dist[3.10]
Adding bndlst edge: (A_P94_MC -> A_K95_MC) type[cov], weight[1.00] from 93 to 94 dist[1.33]
Adding bndlst edge: (A_K95_MC -> A_Y96_MC) type[cov], weight[1.00] from 94 to 95 dist[1.33]
Adding bndlst edge: (A_Y96_MC -> A_L97_MC) type[cov], weight[1.00] from 95 to 96 dist[1.33]
Adding bndlst edge: (A_L97_MC -> A_G98_MC) type[cov], weight[1.00] from 96 to 97 dist[1.33]
Adding bndlst edge: (A_L97_MC -> A_T101_SC) type[hb], weight[1.23] from 96 to 100 dist[1.80]
Adding bndlst edge: (A_L97_MC -> A_T101_MC) type[hb], weight[0.54] from 96 to 100 dist[2.72]
Adding bndlst edge: (A_L97_MC -> A_R100_MC) type[hb], weight[1.03] from 96 to 99 dist[1.97]
Adding bndlst edge: (A_G98_MC -> A_S99_MC) type[cov], weight[1.00] from 97 to 98 dist[1.32]
Adding bndlst edge: (A_G98_MC -> A_T101_MC) type[hb], weight[0.76] from 97 to 100 dist[2.30]
Adding bndlst edge: (A_G98_MC -> A_R100_MC) type[hb], weight[0.55] from 97 to 99 dist[2.70]
Adding bndlst edge: (A_G98_MC -> A_K106_SC) type[hb], weight[1.26] from 97 to 105 dist[1.78]
Adding bndlst edge: (A_S99_MC -> A_R100_MC) type[cov], weight[1.00] from 98 to 99 dist[1.33]
Adding bndlst edge: (A_R100_MC -> A_T101_MC) type[cov], weight[1.00] from 99 to 100 dist[1.33]
Adding bndlst edge: (A_T101_MC -> A_S102_MC) type[cov], weight[1.00] from 100 to 101 dist[1.34]
Adding bndlst edge: (A_S102_MC -> A_E103_MC) type[cov], weight[1.00] from 101 to 102 dist[1.33]
Adding bndlst edge: (A_S102_MC -> A_K106_MC) type[hb], weight[0.79] from 101 to 105 dist[2.25]
Adding bndlst edge: (A_S102_MC -> A_V105_MC) type[hb], weight[0.48] from 101 to 104 dist[2.88]
Adding bndlst edge: (A_S102_SC -> A_V105_MC) type[hb], weight[0.65] from 101 to 104 dist[2.48]
Adding bndlst edge: (A_E103_MC -> A_K104_MC) type[cov], weight[1.00] from 102 to 103 dist[1.32]
Adding bndlst edge: (A_E103_MC -> A_K106_MC) type[hb], weight[0.50] from 102 to 105 dist[2.83]
Adding bndlst edge: (A_E103_MC -> A_N107_MC) type[hb], weight[0.93] from 102 to 106 dist[2.08]
Adding bndlst edge: (A_E103_SC -> A_N107_SC) type[hb], weight[0.63] from 102 to 106 dist[2.52]
Adding bndlst edge: (A_K104_MC -> A_V105_MC) type[cov], weight[1.00] from 103 to 104 dist[1.33]
Adding bndlst edge: (A_K104_MC -> A_K108_MC) type[hb], weight[0.79] from 103 to 107 dist[2.25]
Adding bndlst edge: (A_K104_MC -> A_N107_MC) type[hb], weight[0.48] from 103 to 106 dist[2.88]
Adding bndlst edge: (A_V105_MC -> A_K106_MC) type[cov], weight[1.00] from 104 to 105 dist[1.33]
Adding bndlst edge: (A_V105_MC -> A_I109_MC) type[hb], weight[0.78] from 104 to 108 dist[2.26]
Adding bndlst edge: (A_V105_MC -> A_K108_MC) type[hb], weight[0.51] from 104 to 107 dist[2.81]
Adding bndlst edge: (A_K106_MC -> A_N107_MC) type[cov], weight[1.00] from 105 to 106 dist[1.33]
Adding bndlst edge: (A_K106_MC -> A_I109_MC) type[hb], weight[0.50] from 105 to 108 dist[2.84]
Adding bndlst edge: (A_K106_MC -> A_L110_MC) type[hb], weight[0.90] from 105 to 109 dist[2.10]
Adding bndlst edge: (A_N107_MC -> A_K108_MC) type[cov], weight[1.00] from 106 to 107 dist[1.32]
Adding bndlst edge: (A_N107_MC -> A_E111_MC) type[hb], weight[1.26] from 106 to 110 dist[1.78]
Adding bndlst edge: (A_N107_MC -> A_L110_MC) type[hb], weight[0.52] from 106 to 109 dist[2.77]
Adding bndlst edge: (A_K108_MC -> A_I109_MC) type[cov], weight[1.00] from 107 to 108 dist[1.33]
Adding bndlst edge: (A_K108_MC -> A_L112_MC) type[hb], weight[1.11] from 107 to 111 dist[1.90]
Adding bndlst edge: (A_K108_MC -> A_E111_MC) type[hb], weight[0.55] from 107 to 110 dist[2.69]
Adding bndlst edge: (A_I109_MC -> A_L110_MC) type[cov], weight[1.00] from 108 to 109 dist[1.32]
Adding bndlst edge: (A_I109_MC -> A_L112_MC) type[hb], weight[0.50] from 108 to 111 dist[2.83]
Adding bndlst edge: (A_I109_MC -> A_L113_MC) type[hb], weight[1.10] from 108 to 112 dist[1.91]
Adding bndlst edge: (A_L110_MC -> A_E111_MC) type[cov], weight[1.00] from 109 to 110 dist[1.33]
Adding bndlst edge: (A_L110_MC -> A_Y114_MC) type[hb], weight[0.98] from 109 to 113 dist[2.02]
Adding bndlst edge: (A_L110_MC -> A_L113_MC) type[hb], weight[0.53] from 109 to 112 dist[2.74]
Adding bndlst edge: (A_E111_MC -> A_L112_MC) type[cov], weight[1.00] from 110 to 111 dist[1.33]
Adding bndlst edge: (A_E111_MC -> A_S115_MC) type[hb], weight[1.02] from 110 to 114 dist[1.98]
Adding bndlst edge: (A_E111_MC -> A_Y114_MC) type[hb], weight[0.54] from 110 to 113 dist[2.73]
Adding bndlst edge: (A_L112_MC -> A_L113_MC) type[cov], weight[1.00] from 111 to 112 dist[1.33]
Adding bndlst edge: (A_L112_MC -> A_W116_MC) type[hb], weight[0.83] from 111 to 115 dist[2.19]
Adding bndlst edge: (A_L112_MC -> A_S115_SC) type[hb], weight[1.33] from 111 to 114 dist[1.73]
Adding bndlst edge: (A_L112_MC -> A_S115_MC) type[hb], weight[0.48] from 111 to 114 dist[2.88]
Adding bndlst edge: (A_L113_MC -> A_Y114_MC) type[cov], weight[1.00] from 112 to 113 dist[1.32]
Adding bndlst edge: (A_L113_MC -> A_T117_MC) type[hb], weight[0.70] from 112 to 116 dist[2.40]
Adding bndlst edge: (A_L113_MC -> A_W116_MC) type[hb], weight[0.61] from 112 to 115 dist[2.57]
Adding bndlst edge: (A_Y114_MC -> A_S115_MC) type[cov], weight[1.00] from 113 to 114 dist[1.33]
Adding bndlst edge: (A_Y114_MC -> A_V118_MC) type[hb], weight[0.83] from 113 to 117 dist[2.19]
Adding bndlst edge: (A_Y114_MC -> A_T117_SC) type[cov], weight[1.00] from 113 to 116 dist[1.41]
Adding bndlst edge: (A_Y114_MC -> A_T117_MC) type[hb], weight[1.01] from 113 to 116 dist[1.99]
Adding bndlst edge: (A_S115_MC -> A_W116_MC) type[cov], weight[1.00] from 114 to 115 dist[1.33]
Adding bndlst edge: (A_S115_MC -> A_G119_MC) type[hb], weight[1.17] from 114 to 118 dist[1.85]
Adding bndlst edge: (A_S115_MC -> A_V118_MC) type[hb], weight[0.52] from 114 to 117 dist[2.76]
Adding bndlst edge: (A_S115_SC -> A_W116_MC) type[hb], weight[0.51] from 114 to 115 dist[2.81]
Adding bndlst edge: (A_S115_SC -> A_W116_SC) type[hb], weight[0.37] from 114 to 115 dist[3.29]
Adding bndlst edge: (A_W116_MC -> A_T117_MC) type[cov], weight[1.00] from 115 to 116 dist[1.33]
Adding bndlst edge: (A_W116_MC -> A_L120_MC) type[hb], weight[1.27] from 115 to 119 dist[1.77]
Adding bndlst edge: (A_T117_MC -> A_V118_MC) type[cov], weight[1.00] from 116 to 117 dist[1.34]
Adding bndlst edge: (A_T117_SC -> A_V118_MC) type[hb], weight[0.52] from 116 to 117 dist[2.77]
Adding bndlst edge: (A_V118_MC -> A_G119_MC) type[cov], weight[1.00] from 117 to 118 dist[1.33]
Adding bndlst edge: (A_G119_MC -> A_L120_MC) type[cov], weight[1.00] from 118 to 119 dist[1.33]
Adding bndlst edge: (A_L120_MC -> A_P121_MC) type[cov], weight[1.00] from 119 to 120 dist[1.33]
Adding bndlst edge: (A_L120_MC -> A_E123_MC) type[hb], weight[1.19] from 119 to 122 dist[1.83]
Adding bndlst edge: (A_L120_MC -> A_E122_MC) type[hb], weight[0.70] from 119 to 121 dist[2.38]
Adding bndlst edge: (A_P121_MC -> A_E122_MC) type[cov], weight[1.00] from 120 to 121 dist[1.33]
Adding bndlst edge: (A_E122_MC -> A_E123_MC) type[cov], weight[1.00] from 121 to 122 dist[1.33]
Adding bndlst edge: (A_E122_MC -> A_V124_MC) type[hb], weight[0.51] from 121 to 123 dist[2.79]
Adding bndlst edge: (A_E123_MC -> A_V124_MC) type[cov], weight[1.00] from 122 to 123 dist[1.33]
Adding bndlst edge: (A_E123_MC -> A_I126_MC) type[hb], weight[0.47] from 122 to 125 dist[2.91]
Adding bndlst edge: (A_E123_MC -> A_A127_MC) type[hb], weight[0.47] from 122 to 126 dist[2.91]
Adding bndlst edge: (A_V124_MC -> A_K125_MC) type[cov], weight[1.00] from 123 to 124 dist[1.32]
Adding bndlst edge: (A_V124_MC -> A_A127_MC) type[hb], weight[0.78] from 123 to 126 dist[2.27]
Adding bndlst edge: (A_V124_MC -> A_E128_MC) type[hb], weight[1.19] from 123 to 127 dist[1.83]
Adding bndlst edge: (A_K125_MC -> A_I126_MC) type[cov], weight[1.00] from 124 to 125 dist[1.33]
Adding bndlst edge: (A_K125_MC -> A_A129_MC) type[cov], weight[1.00] from 124 to 128 dist[1.55]
Adding bndlst edge: (A_K125_MC -> A_E128_MC) type[hb], weight[0.62] from 124 to 127 dist[2.54]
Adding bndlst edge: (A_I126_MC -> A_A127_MC) type[cov], weight[1.00] from 125 to 126 dist[1.33]
Adding bndlst edge: (A_I126_MC -> A_Y130_MC) type[hb], weight[1.07] from 125 to 129 dist[1.93]
Adding bndlst edge: (A_A127_MC -> A_E128_MC) type[cov], weight[1.00] from 126 to 127 dist[1.33]
Adding bndlst edge: (A_A127_MC -> A_Q131_MC) type[hb], weight[1.36] from 126 to 130 dist[1.72]
Adding bndlst edge: (A_A127_MC -> A_Y130_MC) type[hb], weight[0.51] from 126 to 129 dist[2.79]
Adding bndlst edge: (A_E128_MC -> A_A129_MC) type[cov], weight[1.00] from 127 to 128 dist[1.33]
Adding bndlst edge: (A_E128_MC -> A_M132_MC) type[hb], weight[1.00] from 127 to 131 dist[2.00]
Adding bndlst edge: (A_E128_MC -> A_Q131_MC) type[hb], weight[0.66] from 127 to 130 dist[2.45]
Adding bndlst edge: (A_A129_MC -> A_Y130_MC) type[cov], weight[1.00] from 128 to 129 dist[1.33]
Adding bndlst edge: (A_A129_MC -> A_L133_MC) type[hb], weight[0.79] from 128 to 132 dist[2.25]
Adding bndlst edge: (A_Y130_MC -> A_Q131_MC) type[cov], weight[1.00] from 129 to 130 dist[1.33]
Adding bndlst edge: (A_Y130_MC -> A_K134_MC) type[hb], weight[0.82] from 129 to 133 dist[2.21]
Adding bndlst edge: (A_Y130_MC -> A_L133_MC) type[hb], weight[0.61] from 129 to 132 dist[2.56]
Adding bndlst edge: (A_Q131_MC -> A_M132_MC) type[cov], weight[1.00] from 130 to 131 dist[1.33]
Adding bndlst edge: (A_Q131_MC -> A_K134_MC) type[hb], weight[1.02] from 130 to 133 dist[1.98]
Adding bndlst edge: (A_Q131_MC -> A_K135_MC) type[hb], weight[0.92] from 130 to 134 dist[2.09]
Adding bndlst edge: (A_M132_MC -> A_L133_MC) type[cov], weight[1.00] from 131 to 132 dist[1.33]
Adding bndlst edge: (A_M132_MC -> A_K135_MC) type[hb], weight[0.49] from 131 to 134 dist[2.85]
Adding bndlst edge: (A_M132_MC -> A_Q136_MC) type[hb], weight[1.12] from 131 to 135 dist[1.89]
Adding bndlst edge: (A_L133_MC -> A_K134_MC) type[cov], weight[1.00] from 132 to 133 dist[1.32]
Adding bndlst edge: (A_L133_MC -> A_I138_MC) type[hb], weight[0.93] from 132 to 137 dist[2.08]
Adding bndlst edge: (A_L133_MC -> A_V139_MC) type[hb], weight[0.70] from 132 to 138 dist[2.40]
Adding bndlst edge: (A_L133_MC -> A_G137_MC) type[hb], weight[0.62] from 132 to 136 dist[2.54]
Adding bndlst edge: (A_K134_MC -> A_K135_MC) type[cov], weight[1.00] from 133 to 134 dist[1.33]
Adding bndlst edge: (A_K134_MC -> A_G137_MC) type[hb], weight[0.68] from 133 to 136 dist[2.42]
Adding bndlst edge: (A_K135_MC -> A_Q136_MC) type[cov], weight[1.00] from 134 to 135 dist[1.33]
Adding bndlst edge: (A_K135_MC -> A_G137_MC) type[hb], weight[0.45] from 134 to 136 dist[2.98]
Adding bndlst edge: (A_Q136_MC -> A_G137_MC) type[cov], weight[1.00] from 135 to 136 dist[1.33]
Adding bndlst edge: (A_G137_MC -> A_I138_MC) type[cov], weight[1.00] from 136 to 137 dist[1.33]
Adding bndlst edge: (A_I138_MC -> A_V139_MC) type[cov], weight[1.00] from 137 to 138 dist[1.33]
Adding bndlst edge: (A_I138_MC -> A_K140_SC) type[hb], weight[0.54] from 137 to 139 dist[2.72]
Adding bndlst edge: (A_V139_MC -> A_K140_MC) type[cov], weight[1.00] from 138 to 139 dist[1.33]

bndlst DONE

Producing PAJEK network
printing pajek edge (A_128_GLU,A_129_ALA)
printing pajek edge (A_128_GLU,A_131_GLN)
printing pajek edge (A_128_GLU,A_132_MET)
printing pajek edge (A_33_GLU,A_34_ASP)
printing pajek edge (A_91_VAL,A_92_VAL)
printing pajek edge (A_119_GLY,A_120_LEU)
printing pajek edge (A_72_GLY,A_75_PHE)
printing pajek edge (A_72_GLY,A_76_HIS)
printing pajek edge (A_72_GLY,A_73_LYS)
printing pajek edge (A_103_GLU,A_104_LYS)
printing pajek edge (A_103_GLU,A_107_ASN)
printing pajek edge (A_103_GLU,A_106_LYS)
printing pajek edge (A_19_LEU,A_20_ASP)
printing pajek edge (A_19_LEU,A_21_TRP)
printing pajek edge (A_126_ILE,A_130_TYR)
printing pajek edge (A_126_ILE,A_127_ALA)
printing pajek edge (A_17_LYS,A_18_GLU)
printing pajek edge (A_45_LEU,A_46_ALA)
printing pajek edge (A_45_LEU,A_49_ILE)
printing pajek edge (A_45_LEU,A_48_LYS)
printing pajek edge (A_56_GLU,A_60_ALA)
printing pajek edge (A_56_GLU,A_57_ALA)
printing pajek edge (A_56_GLU,A_59_GLN)
printing pajek edge (A_85_LEU,A_88_LEU)
printing pajek edge (A_85_LEU,A_89_ILE)
printing pajek edge (A_85_LEU,A_86_ASN)
printing pajek edge (A_28_CYS,A_29_GLU)
printing pajek edge (A_28_CYS,A_67_CYS)
printing pajek edge (A_28_CYS,A_31_LEU)
printing pajek edge (A_96_TYR,A_97_LEU)
printing pajek edge (A_58_ILE,A_61_LEU)
printing pajek edge (A_58_ILE,A_62_THR)
printing pajek edge (A_58_ILE,A_59_GLN)
printing pajek edge (A_21_TRP,A_22_ALA)
printing pajek edge (A_21_TRP,A_25_ASN)
printing pajek edge (A_21_TRP,A_24_ILE)
printing pajek edge (A_110_LEU,A_113_LEU)
printing pajek edge (A_110_LEU,A_114_TYR)
printing pajek edge (A_110_LEU,A_111_GLU)
printing pajek edge (A_90_LYS,A_93_SER)
printing pajek edge (A_90_LYS,A_91_VAL)
printing pajek edge (A_90_LYS,A_97_LEU)
printing pajek edge (A_32_ASN,A_33_GLU)
printing pajek edge (A_36_GLU,A_40_LEU)
printing pajek edge (A_36_GLU,A_37_GLY)
printing pajek edge (A_12_THR,A_13_ASN)
printing pajek edge (A_79_VAL,A_81_LYS)
printing pajek edge (A_79_VAL,A_80_GLY)
printing pajek edge (A_94_PRO,A_95_LYS)
printing pajek edge (A_107_ASN,A_110_LEU)
printing pajek edge (A_107_ASN,A_111_GLU)
printing pajek edge (A_107_ASN,A_108_LYS)
printing pajek edge (A_66_THR,A_70_SER)
printing pajek edge (A_66_THR,A_67_CYS)
printing pajek edge (A_66_THR,A_69_LYS)
printing pajek edge (A_30_GLN,A_33_GLU)
printing pajek edge (A_30_GLN,A_31_LEU)
printing pajek edge (A_139_VAL,A_140_LYS)
printing pajek edge (A_115_SER,A_119_GLY)
printing pajek edge (A_115_SER,A_118_VAL)
printing pajek edge (A_115_SER,A_116_TRP)
printing pajek edge (A_115_SER,A_116_TRP)
printing pajek edge (A_59_GLN,A_60_ALA)
printing pajek edge (A_59_GLN,A_62_THR)
printing pajek edge (A_59_GLN,A_63_VAL)
printing pajek edge (A_16_ASN,A_17_LYS)
printing pajek edge (A_16_ASN,A_59_GLN)
printing pajek edge (A_16_ASN,A_55_TRP)
printing pajek edge (A_138_ILE,A_140_LYS)
printing pajek edge (A_138_ILE,A_139_VAL)
printing pajek edge (A_82_PHE,A_86_ASN)
printing pajek edge (A_82_PHE,A_83_ARG)
printing pajek edge (A_61_LEU,A_64_LEU)
printing pajek edge (A_61_LEU,A_65_GLU)
printing pajek edge (A_61_LEU,A_62_THR)
printing pajek edge (A_102_SER,A_105_VAL)
printing pajek edge (A_102_SER,A_103_GLU)
printing pajek edge (A_102_SER,A_106_LYS)
printing pajek edge (A_74_ARG,A_75_PHE)
printing pajek edge (A_74_ARG,A_78_GLU)
printing pajek edge (A_87_GLU,A_88_LEU)
printing pajek edge (A_87_GLU,A_91_VAL)
printing pajek edge (A_87_GLU,A_90_LYS)
printing pajek edge (A_77_ASP,A_78_GLU)
printing pajek edge (A_77_ASP,A_80_GLY)
printing pajek edge (A_63_VAL,A_64_LEU)
printing pajek edge (A_63_VAL,A_67_CYS)
printing pajek edge (A_63_VAL,A_66_THR)
printing pajek edge (A_68_MET,A_76_HIS)
printing pajek edge (A_68_MET,A_69_LYS)
printing pajek edge (A_130_TYR,A_131_GLN)
printing pajek edge (A_130_TYR,A_133_LEU)
printing pajek edge (A_130_TYR,A_134_LYS)
printing pajek edge (A_3_THR,A_7_ARG)
printing pajek edge (A_3_THR,A_4_LEU)
printing pajek edge (A_3_THR,A_6_ALA)
printing pajek edge (A_18_GLU,A_19_LEU)
printing pajek edge (A_111_GLU,A_115_SER)
printing pajek edge (A_111_GLU,A_112_LEU)
printing pajek edge (A_111_GLU,A_114_TYR)
printing pajek edge (A_83_ARG,A_84_PHE)
printing pajek edge (A_136_GLN,A_137_GLY)
printing pajek edge (A_15_LEU,A_16_ASN)
printing pajek edge (A_113_LEU,A_117_THR)
printing pajek edge (A_113_LEU,A_116_TRP)
printing pajek edge (A_113_LEU,A_114_TYR)
printing pajek edge (A_70_SER,A_71_CYS)
printing pajek edge (A_50_GLN,A_51_SER)
printing pajek edge (A_50_GLN,A_87_GLU)
printing pajek edge (A_25_ASN,A_28_CYS)
printing pajek edge (A_25_ASN,A_26_GLY)
printing pajek edge (A_25_ASN,A_29_GLU)
printing pajek edge (A_125_LYS,A_129_ALA)
printing pajek edge (A_125_LYS,A_128_GLU)
printing pajek edge (A_125_LYS,A_126_ILE)
printing pajek edge (A_105_VAL,A_109_ILE)
printing pajek edge (A_105_VAL,A_106_LYS)
printing pajek edge (A_105_VAL,A_108_LYS)
printing pajek edge (A_132_MET,A_135_LYS)
printing pajek edge (A_132_MET,A_133_LEU)
printing pajek edge (A_132_MET,A_136_GLN)
printing pajek edge (A_122_GLU,A_124_VAL)
printing pajek edge (A_122_GLU,A_123_GLU)
printing pajek edge (A_80_GLY,A_81_LYS)
printing pajek edge (A_1_PRO,A_2_GLU)
printing pajek edge (A_1_PRO,A_10_ARG)
printing pajek edge (A_24_ILE,A_28_CYS)
printing pajek edge (A_24_ILE,A_25_ASN)
printing pajek edge (A_24_ILE,A_27_PHE)
printing pajek edge (A_97_LEU,A_100_ARG)
printing pajek edge (A_97_LEU,A_98_GLY)
printing pajek edge (A_97_LEU,A_101_THR)
printing pajek edge (A_127_ALA,A_131_GLN)
printing pajek edge (A_127_ALA,A_128_GLU)
printing pajek edge (A_127_ALA,A_130_TYR)
printing pajek edge (A_48_LYS,A_51_SER)
printing pajek edge (A_48_LYS,A_49_ILE)
printing pajek edge (A_9_ASN,A_12_THR)
printing pajek edge (A_9_ASN,A_10_ARG)
printing pajek edge (A_9_ASN,A_13_ASN)
printing pajek edge (A_9_ASN,A_48_LYS)
printing pajek edge (A_99_SER,A_100_ARG)
printing pajek edge (A_38_PRO,A_39_PRO)
printing pajek edge (A_38_PRO,A_41_ALA)
printing pajek edge (A_38_PRO,A_42_THR)
printing pajek edge (A_118_VAL,A_119_GLY)
printing pajek edge (A_44_LEU,A_47_HIS)
printing pajek edge (A_44_LEU,A_45_LEU)
printing pajek edge (A_44_LEU,A_48_LYS)
printing pajek edge (A_6_ALA,A_9_ASN)
printing pajek edge (A_6_ALA,A_7_ARG)
printing pajek edge (A_6_ALA,A_10_ARG)
printing pajek edge (A_34_ASP,A_35_PHE)
printing pajek edge (A_34_ASP,A_35_PHE)
printing pajek edge (A_34_ASP,A_37_GLY)
printing pajek edge (A_22_ALA,A_26_GLY)
printing pajek edge (A_22_ALA,A_23_SER)
printing pajek edge (A_64_LEU,A_68_MET)
printing pajek edge (A_64_LEU,A_65_GLU)
printing pajek edge (A_64_LEU,A_67_CYS)
printing pajek edge (A_8_ILE,A_9_ASN)
printing pajek edge (A_8_ILE,A_12_THR)
printing pajek edge (A_8_ILE,A_11_ALA)
printing pajek edge (A_27_PHE,A_28_CYS)
printing pajek edge (A_27_PHE,A_31_LEU)
printing pajek edge (A_27_PHE,A_30_GLN)
printing pajek edge (A_81_LYS,A_85_LEU)
printing pajek edge (A_81_LYS,A_82_PHE)
printing pajek edge (A_81_LYS,A_84_PHE)
printing pajek edge (A_120_LEU,A_121_PRO)
printing pajek edge (A_120_LEU,A_123_GLU)
printing pajek edge (A_120_LEU,A_122_GLU)
printing pajek edge (A_100_ARG,A_101_THR)
printing pajek edge (A_73_LYS,A_76_HIS)
printing pajek edge (A_73_LYS,A_74_ARG)
printing pajek edge (A_73_LYS,A_77_ASP)
printing pajek edge (A_73_LYS,A_77_ASP)
printing pajek edge (A_75_PHE,A_78_GLU)
printing pajek edge (A_75_PHE,A_76_HIS)
printing pajek edge (A_75_PHE,A_79_VAL)
printing pajek edge (A_62_THR,A_65_GLU)
printing pajek edge (A_62_THR,A_66_THR)
printing pajek edge (A_62_THR,A_63_VAL)
printing pajek edge (A_109_ILE,A_113_LEU)
printing pajek edge (A_109_ILE,A_110_LEU)
printing pajek edge (A_109_ILE,A_112_LEU)
printing pajek edge (A_116_TRP,A_120_LEU)
printing pajek edge (A_116_TRP,A_117_THR)
printing pajek edge (A_93_SER,A_94_PRO)
printing pajek edge (A_93_SER,A_96_TYR)
printing pajek edge (A_93_SER,A_95_LYS)
printing pajek edge (A_93_SER,A_98_GLY)
printing pajek edge (A_104_LYS,A_105_VAL)
printing pajek edge (A_104_LYS,A_107_ASN)
printing pajek edge (A_104_LYS,A_108_LYS)
printing pajek edge (A_11_ALA,A_12_THR)
printing pajek edge (A_114_TYR,A_117_THR)
printing pajek edge (A_114_TYR,A_117_THR)
printing pajek edge (A_114_TYR,A_118_VAL)
printing pajek edge (A_114_TYR,A_115_SER)
printing pajek edge (A_92_VAL,A_93_SER)
printing pajek edge (A_49_ILE,A_51_SER)
printing pajek edge (A_49_ILE,A_50_GLN)
printing pajek edge (A_108_LYS,A_112_LEU)
printing pajek edge (A_108_LYS,A_109_ILE)
printing pajek edge (A_108_LYS,A_111_GLU)
printing pajek edge (A_88_LEU,A_91_VAL)
printing pajek edge (A_88_LEU,A_89_ILE)
printing pajek edge (A_88_LEU,A_92_VAL)
printing pajek edge (A_78_GLU,A_81_LYS)
printing pajek edge (A_78_GLU,A_81_LYS)
printing pajek edge (A_78_GLU,A_79_VAL)
printing pajek edge (A_134_LYS,A_137_GLY)
printing pajek edge (A_134_LYS,A_135_LYS)
printing pajek edge (A_124_VAL,A_125_LYS)
printing pajek edge (A_124_VAL,A_128_GLU)
printing pajek edge (A_124_VAL,A_127_ALA)
printing pajek edge (A_51_SER,A_53_GLN)
printing pajek edge (A_51_SER,A_52_PRO)
printing pajek edge (A_51_SER,A_56_GLU)
printing pajek edge (A_40_LEU,A_43_ARG)
printing pajek edge (A_40_LEU,A_41_ALA)
printing pajek edge (A_40_LEU,A_44_LEU)
printing pajek edge (A_65_GLU,A_68_MET)
printing pajek edge (A_65_GLU,A_69_LYS)
printing pajek edge (A_65_GLU,A_66_THR)
printing pajek edge (A_65_GLU,A_108_LYS)
printing pajek edge (A_98_GLY,A_100_ARG)
printing pajek edge (A_98_GLY,A_99_SER)
printing pajek edge (A_98_GLY,A_106_LYS)
printing pajek edge (A_98_GLY,A_101_THR)
printing pajek edge (A_13_ASN,A_14_PRO)
printing pajek edge (A_13_ASN,A_59_GLN)
printing pajek edge (A_13_ASN,A_15_LEU)
printing pajek edge (A_13_ASN,A_16_ASN)
printing pajek edge (A_42_THR,A_43_ARG)
printing pajek edge (A_42_THR,A_46_ALA)
printing pajek edge (A_42_THR,A_45_LEU)
printing pajek edge (A_53_GLN,A_54_GLU)
printing pajek edge (A_53_GLN,A_57_ALA)
printing pajek edge (A_53_GLN,A_56_GLU)
printing pajek edge (A_57_ALA,A_60_ALA)
printing pajek edge (A_57_ALA,A_61_LEU)
printing pajek edge (A_57_ALA,A_58_ILE)
printing pajek edge (A_46_ALA,A_50_GLN)
printing pajek edge (A_46_ALA,A_47_HIS)
printing pajek edge (A_46_ALA,A_49_ILE)
printing pajek edge (A_67_CYS,A_70_SER)
printing pajek edge (A_67_CYS,A_68_MET)
printing pajek edge (A_67_CYS,A_71_CYS)
printing pajek edge (A_20_ASP,A_23_SER)
printing pajek edge (A_20_ASP,A_24_ILE)
printing pajek edge (A_20_ASP,A_21_TRP)
printing pajek edge (A_55_TRP,A_59_GLN)
printing pajek edge (A_55_TRP,A_56_GLU)
printing pajek edge (A_71_CYS,A_72_GLY)
printing pajek edge (A_69_LYS,A_70_SER)
printing pajek edge (A_2_GLU,A_7_ARG)
printing pajek edge (A_2_GLU,A_3_THR)
printing pajek edge (A_137_GLY,A_138_ILE)
printing pajek edge (A_89_ILE,A_93_SER)
printing pajek edge (A_89_ILE,A_90_LYS)
printing pajek edge (A_89_ILE,A_92_VAL)
printing pajek edge (A_117_THR,A_118_VAL)
printing pajek edge (A_117_THR,A_118_VAL)
printing pajek edge (A_31_LEU,A_32_ASN)
printing pajek edge (A_101_THR,A_102_SER)
printing pajek edge (A_129_ALA,A_133_LEU)
printing pajek edge (A_129_ALA,A_130_TYR)
printing pajek edge (A_26_GLY,A_29_GLU)
printing pajek edge (A_26_GLY,A_27_PHE)
printing pajek edge (A_26_GLY,A_30_GLN)
printing pajek edge (A_29_GLU,A_30_GLN)
printing pajek edge (A_121_PRO,A_122_GLU)
printing pajek edge (A_135_LYS,A_137_GLY)
printing pajek edge (A_135_LYS,A_136_GLN)
printing pajek edge (A_41_ALA,A_44_LEU)
printing pajek edge (A_41_ALA,A_45_LEU)
printing pajek edge (A_41_ALA,A_42_THR)
printing pajek edge (A_76_HIS,A_77_ASP)
printing pajek edge (A_76_HIS,A_79_VAL)
printing pajek edge (A_76_HIS,A_80_GLY)
printing pajek edge (A_84_PHE,A_85_LEU)
printing pajek edge (A_84_PHE,A_88_LEU)
printing pajek edge (A_84_PHE,A_87_GLU)
printing pajek edge (A_60_ALA,A_61_LEU)
printing pajek edge (A_60_ALA,A_64_LEU)
printing pajek edge (A_60_ALA,A_63_VAL)
printing pajek edge (A_131_GLN,A_132_MET)
printing pajek edge (A_131_GLN,A_135_LYS)
printing pajek edge (A_131_GLN,A_134_LYS)
printing pajek edge (A_54_GLU,A_57_ALA)
printing pajek edge (A_54_GLU,A_58_ILE)
printing pajek edge (A_54_GLU,A_102_SER)
printing pajek edge (A_54_GLU,A_55_TRP)
printing pajek edge (A_123_GLU,A_124_VAL)
printing pajek edge (A_123_GLU,A_126_ILE)
printing pajek edge (A_123_GLU,A_127_ALA)
printing pajek edge (A_43_ARG,A_47_HIS)
printing pajek edge (A_43_ARG,A_46_ALA)
printing pajek edge (A_43_ARG,A_44_LEU)
printing pajek edge (A_23_SER,A_26_GLY)
printing pajek edge (A_23_SER,A_27_PHE)
printing pajek edge (A_23_SER,A_24_ILE)
printing pajek edge (A_47_HIS,A_50_GLN)
printing pajek edge (A_47_HIS,A_48_LYS)
printing pajek edge (A_14_PRO,A_15_LEU)
printing pajek edge (A_106_LYS,A_110_LEU)
printing pajek edge (A_106_LYS,A_107_ASN)
printing pajek edge (A_106_LYS,A_109_ILE)
printing pajek edge (A_7_ARG,A_8_ILE)
printing pajek edge (A_7_ARG,A_10_ARG)
printing pajek edge (A_7_ARG,A_11_ALA)
printing pajek edge (A_86_ASN,A_89_ILE)
printing pajek edge (A_86_ASN,A_90_LYS)
printing pajek edge (A_86_ASN,A_87_GLU)
printing pajek edge (A_37_GLY,A_40_LEU)
printing pajek edge (A_37_GLY,A_41_ALA)
printing pajek edge (A_37_GLY,A_38_PRO)
printing pajek edge (A_4_LEU,A_7_ARG)
printing pajek edge (A_4_LEU,A_5_GLU)
printing pajek edge (A_4_LEU,A_8_ILE)
printing pajek edge (A_95_LYS,A_96_TYR)
printing pajek edge (A_52_PRO,A_53_GLN)
printing pajek edge (A_52_PRO,A_54_GLU)
printing pajek edge (A_10_ARG,A_23_SER)
printing pajek edge (A_10_ARG,A_11_ALA)
printing pajek edge (A_10_ARG,A_13_ASN)
printing pajek edge (A_10_ARG,A_16_ASN)
printing pajek edge (A_112_LEU,A_113_LEU)
printing pajek edge (A_112_LEU,A_115_SER)
printing pajek edge (A_112_LEU,A_116_TRP)
printing pajek edge (A_39_PRO,A_43_ARG)
printing pajek edge (A_39_PRO,A_40_LEU)
printing pajek edge (A_39_PRO,A_42_THR)
printing pajek edge (A_5_GLU,A_9_ASN)
printing pajek edge (A_5_GLU,A_6_ALA)
printing pajek edge (A_35_PHE,A_36_GLU)
printing pajek edge (A_35_PHE,A_36_GLU)
printing pajek edge (A_35_PHE,A_37_GLY)
printing pajek edge (A_133_LEU,A_138_ILE)
printing pajek edge (A_133_LEU,A_137_GLY)
printing pajek edge (A_133_LEU,A_139_VAL)
printing pajek edge (A_133_LEU,A_134_LYS)
