core.init: command: /cs/alum/londonir/lab/rosetta/mini/bin/holes.linuxgccrelease -database /vol/ek/londonir/rosetta/minirosetta_database/ -holes:dalphaball /vol/ek/share/bin/DAlphaBall -holes:make_pdb -holes:make_voids -s 1CE1.pdb
core.init: 'RNG device' seed mode, using '/dev/urandom', seed=-1336083806 seed_offset=0 real_seed=-1336083806
core.init.random: RandomGenerator:init: Normal mode, seed=-1336083806 RG_type=mt19937
core.scoring.ScoreFunctionFactory: SCOREFUNCTION: standard
core.scoring.ScoreFunctionFactory: SCOREFUNCTION PATCH: score12
core.scoring.etable: Starting energy table calculation
core.scoring.etable: smooth_etable: changing atr/rep split to bottom of energy well
core.scoring.etable: smooth_etable: spline smoothing lj etables (maxdis = 6)
core.scoring.etable: smooth_etable: spline smoothing solvation etables (max_dis = 6)
core.scoring.etable: Finished calculating energy tables.
core.io.database: Database file opened: /vol/ek/londonir/rosetta/minirosetta_database/pdb_pair_stats_fine
core.io.database: Database file opened: /vol/ek/londonir/rosetta/minirosetta_database/P_AA
core.io.database: Database file opened: /vol/ek/londonir/rosetta/minirosetta_database/P_AA_n
core.io.database: Database file opened: /vol/ek/londonir/rosetta/minirosetta_database/P_AA_pp
core.io.database: Database file opened: /vol/ek/londonir/rosetta/minirosetta_database/Rama_smooth_dyn.dat_ss_6.4
core.scoring.ScoreFunctionFactory: SCOREFUNCTION: standard
core.scoring.ScoreFunctionFactory: SCOREFUNCTION PATCH: score12
core.conformation.Conformation: [ WARNING ] missing heavyatom:  OXT on residue ARG_p:CtermProteinFull 431
core.conformation.Conformation: [ WARNING ] missing heavyatom:  OXT on residue ASP_p:CtermProteinFull 438
core.conformation.Conformation: Found disulfide between residues 22 98
core.conformation.Conformation: Found disulfide between residues 148 204
core.conformation.Conformation: Found disulfide between residues 243 308
core.conformation.Conformation: Found disulfide between residues 354 414
core.pack.task: Packer task: initialize from command line() 
RosettaHoles: 1CE1.pdb 1.86256 1.8625 -2.71012core.scoring.dunbrack: Dunbrack library took 0.04 seconds to load from binary
 -94.5576
dumping pdb to 1CE1.pdb_cavs.pdb
dumping cavities 
protocols.packstat: prune raduis 1.4 18717 10886 7355 5576 4571 3944 3549 3283 3104 3000 2946 2911 2890 2878 2870 2868 2867 2865 2864 2864 
protocols.packstat: Cavity: 1 volume 4.67678 surf 14.7445 Nballs 3 center -4.74178, 27.5146, 49.2536
protocols.packstat: Cavity: 2 volume 4.88149 surf 15.3899 Nballs 2 center -2.43313, 23.4549, 56.1122
protocols.packstat: Cavity: 3 volume 35.5455 surf 101.925 Nballs 72 center 0.297158, 21.8181, 62.0133
protocols.packstat: Cavity: 4 volume 22.854 surf 67.7963 Nballs 32 center -0.544568, 27.1049, 60.1091
protocols.packstat: Cavity: 5 volume 3.98393 surf 12.5602 Nballs 3 center -1.54866, 11.9695, 65.928
protocols.packstat: Cavity: 6 volume 18.4378 surf 51.391 Nballs 34 center 0.284816, 14.4669, 62.5566
protocols.packstat: Cavity: 7 volume 2.55097 surf 8.04248 Nballs 1 center -0.255328, 17.8793, 67.0168
protocols.packstat: Cavity: 8 volume 11.5661 surf 33.8927 Nballs 31 center 0.680856, 24.1173, 58.517
protocols.packstat: Cavity: 9 volume 8.73107 surf 26.6392 Nballs 7 center 0.637174, 26.3365, 46.9195
protocols.packstat: Cavity: 10 volume 18.9288 surf 50.6495 Nballs 44 center 1.76742, 22.8921, 50.9664
protocols.packstat: Cavity: 11 volume 5.88928 surf 18.5672 Nballs 4 center 1.32442, 16.8709, 50.3367
protocols.packstat: Cavity: 12 volume 3.56885 surf 10.1788 Nballs 1 center 0.75958, 26.0782, 54.9313
protocols.packstat: Cavity: 13 volume 2.55097 surf 8.04248 Nballs 1 center 1.09595, 17.4795, 60.5823
protocols.packstat: Cavity: 14 volume 3.61958 surf 10.4844 Nballs 2 center 1.2166, 28.2293, 52.4549
protocols.packstat: Cavity: 15 volume 2.55097 surf 8.04248 Nballs 1 center 1.60102, 10.6535, 68.7043
protocols.packstat: Cavity: 16 volume 6.41032 surf 19.4616 Nballs 5 center 2.09833, 8.47993, 61.0242
protocols.packstat: Cavity: 17 volume 2.53523 surf 7.99283 Nballs 1 center 1.87209, 29.4393, 51.4638
protocols.packstat: Cavity: 18 volume 7.41912 surf 23.0725 Nballs 7 center 3.52549, 29.0694, 57.4692
protocols.packstat: Cavity: 19 volume 4.25915 surf 12.6067 Nballs 2 center 2.99466, 16.5453, 55.5971
protocols.packstat: Cavity: 20 volume 5.97244 surf 17.8163 Nballs 6 center 3.29922, 13.2529, 58.3386
protocols.packstat: Cavity: 21 volume 18.4548 surf 54.9073 Nballs 33 center 3.79665, 22.9623, 49.5487
protocols.packstat: Cavity: 22 volume 3.85974 surf 10.8288 Nballs 2 center 3.0219, 12.8479, 60.0041
protocols.packstat: Cavity: 23 volume 1.29123 surf 4.07088 Nballs 1 center 3.0342, 28.4295, 41.9831
protocols.packstat: Cavity: 24 volume 2.55097 surf 8.04248 Nballs 1 center 3.11883, 16.3571, 68.6221
protocols.packstat: Cavity: 25 volume 31.6197 surf 90.7059 Nballs 49 center 5.34919, 24.3485, 44.0838
protocols.packstat: Cavity: 26 volume 2.55097 surf 8.04248 Nballs 1 center 3.1729, 15.3374, 52.2496
protocols.packstat: Cavity: 27 volume 2.55097 surf 8.04248 Nballs 1 center 3.19389, 32.4346, 42.5531
protocols.packstat: Cavity: 28 volume 1.49594 surf 4.71627 Nballs 1 center 3.30777, 28.0142, 57.1712
protocols.packstat: Cavity: 29 volume 21.9287 surf 66.7996 Nballs 49 center 4.77756, 20.9495, 54.4801
protocols.packstat: Cavity: 30 volume 10.2645 surf 31.3345 Nballs 14 center 4.01687, 28.0826, 41.8892
protocols.packstat: Cavity: 31 volume 19.6488 surf 60.4698 Nballs 36 center 5.18589, 24.524, 71.1474
protocols.packstat: Cavity: 32 volume 2.55097 surf 8.04248 Nballs 1 center 3.78236, 7.26916, 67.6957
protocols.packstat: Cavity: 33 volume 2.55097 surf 8.04248 Nballs 1 center 3.87874, 13.0837, 69.3862
protocols.packstat: Cavity: 34 volume 6.2264 surf 16.5256 Nballs 3 center 4.4491, 27.1067, 69.8433
protocols.packstat: Cavity: 35 volume 3.65325 surf 11.5176 Nballs 2 center 5.07027, 29.0042, 63.2358
protocols.packstat: Cavity: 36 volume 5.23971 surf 16.1749 Nballs 7 center 5.19421, 24.9717, 68.4701
protocols.packstat: Cavity: 37 volume 6.97581 surf 21.9927 Nballs 5 center 5.81432, 15.2801, 62.0028
protocols.packstat: Cavity: 38 volume 10.4716 surf 33.0139 Nballs 8 center 7.2175, 20.88, 66.1066
protocols.packstat: Cavity: 39 volume 2.40925 surf 7.59567 Nballs 1 center 5.38788, 19.214, 66.7222
protocols.packstat: Cavity: 40 volume 6.83913 surf 19.6501 Nballs 3 center 5.65512, 12.6785, 57.8971
protocols.packstat: Cavity: 41 volume 0.755844 surf 2.38296 Nballs 1 center 5.4084, 25.2133, 44.3724
protocols.packstat: Cavity: 42 volume 17.2666 surf 51.1839 Nballs 40 center 6.45715, 23.7745, 56.2303
protocols.packstat: Cavity: 43 volume 2.55097 surf 8.04248 Nballs 1 center 5.76283, 12.9327, 51.3649
protocols.packstat: Cavity: 44 volume 2.55097 surf 8.04248 Nballs 1 center 5.87986, 19.8448, 51.2965
protocols.packstat: Cavity: 45 volume 2.55097 surf 8.04248 Nballs 1 center 5.9622, 29.2535, 54.8439
protocols.packstat: Cavity: 46 volume 1.62192 surf 5.11343 Nballs 1 center 6.19811, 27.7919, 44.8465
protocols.packstat: Cavity: 47 volume 16.503 surf 47.9849 Nballs 19 center 8.37953, 10.0722, 69.0143
protocols.packstat: Cavity: 48 volume 3.54682 surf 10.1159 Nballs 1 center 6.94947, 18.8433, 66.7603
protocols.packstat: Cavity: 49 volume 4.89724 surf 15.4396 Nballs 3 center 7.19836, 29.2552, 65.1515
protocols.packstat: Cavity: 50 volume 4.33036 surf 13.6524 Nballs 3 center 7.38669, 29.3439, 39.7826
protocols.packstat: Cavity: 51 volume 11.4172 surf 34.9818 Nballs 15 center 8.71641, 17.0962, 43.8923
protocols.packstat: Cavity: 52 volume 4.91299 surf 15.4892 Nballs 3 center 8.1802, 28.5919, 49.8091
protocols.packstat: Cavity: 53 volume 7.40819 surf 22.4023 Nballs 4 center 7.78377, 10.3113, 63.0597
protocols.packstat: Cavity: 54 volume 20.2316 surf 58.6051 Nballs 25 center 9.50291, 26.4858, 66.1269
protocols.packstat: Cavity: 55 volume 2.51948 surf 7.94319 Nballs 1 center 7.59852, 10.167, 61.0185
protocols.packstat: Cavity: 56 volume 11.5373 surf 35.5659 Nballs 13 center 10.0089, 19.9184, 60.04
protocols.packstat: Cavity: 57 volume 6.96107 surf 21.0324 Nballs 6 center 8.67903, 23.5333, 29.778
protocols.packstat: Cavity: 58 volume 4.82549 surf 12.5664 Nballs 1 center 8.06888, 24.1505, 62.0382
protocols.packstat: Cavity: 59 volume 2.55097 surf 8.04248 Nballs 1 center 8.14811, 16.2379, 71.0925
protocols.packstat: Cavity: 60 volume 2.55097 surf 8.04248 Nballs 1 center 8.71688, 25.2719, 36.8373
protocols.packstat: Cavity: 61 volume 15.4102 surf 45.2568 Nballs 11 center 10.8652, 15.9266, 58.4252
protocols.packstat: Cavity: 62 volume 16.3322 surf 48.0012 Nballs 28 center 10.4436, 27.6649, 41.7462
protocols.packstat: Cavity: 63 volume 5.05471 surf 15.936 Nballs 3 center 9.32203, 31.246, 57.2918
protocols.packstat: Cavity: 64 volume 4.40909 surf 13.9006 Nballs 2 center 9.375, 23.3723, 53.2985
protocols.packstat: Cavity: 65 volume 23.4785 surf 67.1998 Nballs 27 center 10.8812, 17.7975, 67.1708
protocols.packstat: Cavity: 66 volume 2.37923 surf 6.78584 Nballs 1 center 9.66328, 25.8271, 40.5367
protocols.packstat: Cavity: 67 volume 10.1178 surf 30.4967 Nballs 15 center 10.3722, 27.5275, 49.521
protocols.packstat: Cavity: 68 volume 3.56885 surf 10.1788 Nballs 1 center 9.77009, 30.188, 65.8161
protocols.packstat: Cavity: 69 volume 4.62954 surf 14.5956 Nballs 2 center 10.4175, 22.0026, 27.3373
protocols.packstat: Cavity: 70 volume 6.44151 surf 19.4275 Nballs 6 center 10.6719, 29.9041, 64.1839
protocols.packstat: Cavity: 71 volume 3.56885 surf 10.1788 Nballs 1 center 10.2115, 21.142, 65.8701
protocols.packstat: Cavity: 72 volume 4.92392 surf 14.8151 Nballs 3 center 10.5694, 29.0166, 55.4732
protocols.packstat: Cavity: 73 volume 4.16156 surf 12.3189 Nballs 2 center 10.5127, 14.6988, 72.1733
protocols.packstat: Cavity: 74 volume 16.6809 surf 44.948 Nballs 37 center 12.0341, 21.2725, 56.9949
protocols.packstat: Cavity: 75 volume 2.55097 surf 8.04248 Nballs 1 center 11.1029, 21.352, 40.7974
protocols.packstat: Cavity: 76 volume 2.55097 surf 8.04248 Nballs 1 center 11.275, 16.6613, 73.0576
protocols.packstat: Cavity: 77 volume 1.05503 surf 3.32621 Nballs 2 center 11.5021, 11.541, 56.9329
protocols.packstat: Cavity: 78 volume 1.25974 surf 3.97159 Nballs 1 center 11.5972, 15.7103, 65.4944
protocols.packstat: Cavity: 79 volume 21.6072 surf 60.1689 Nballs 53 center 12.5281, 12.9845, 57.2405
protocols.packstat: Cavity: 80 volume 2.55097 surf 8.04248 Nballs 1 center 11.7202, 28.0979, 46.4077
protocols.packstat: Cavity: 81 volume 6.60898 surf 18.8496 Nballs 2 center 12.2491, 27.4432, 34.238
protocols.packstat: Cavity: 82 volume 30.6818 surf 88.4192 Nballs 48 center 14.9218, 20.325, 58.2398
protocols.packstat: Cavity: 83 volume 5.79806 surf 16.9817 Nballs 3 center 12.9922, 19.9812, 28.069
protocols.packstat: Cavity: 84 volume 2.44075 surf 7.69496 Nballs 1 center 12.648, 23.7849, 75.7486
protocols.packstat: Cavity: 85 volume 16.1642 surf 48.9809 Nballs 27 center 14.0808, 21.8603, 74.288
protocols.packstat: Cavity: 86 volume 2.55097 surf 8.04248 Nballs 1 center 12.7763, 31.3385, 71.0353
protocols.packstat: Cavity: 87 volume 7.84188 surf 24.7232 Nballs 9 center 13.1439, 23.9959, 34.3389
protocols.packstat: Cavity: 88 volume 5.07045 surf 15.9857 Nballs 3 center 13.3739, 6.999, 70.5745
protocols.packstat: Cavity: 89 volume 6.45958 surf 19.1335 Nballs 5 center 12.9582, 27.6713, 62.5252
protocols.packstat: Cavity: 90 volume 3.52727 surf 11.1205 Nballs 2 center 13.2116, 24.8428, 60.4019
protocols.packstat: Cavity: 91 volume 2.55097 surf 8.04248 Nballs 1 center 13.5709, 18.774, 39.4061
protocols.packstat: Cavity: 92 volume 4.94285 surf 14.888 Nballs 3 center 14.0087, 24.321, 48.7375
protocols.packstat: Cavity: 93 volume 2.55097 surf 8.04248 Nballs 1 center 14.0365, 12.2536, 66.9933
protocols.packstat: Cavity: 94 volume 2.55097 surf 8.04248 Nballs 1 center 14.1821, 29.1468, 74.786
protocols.packstat: Cavity: 95 volume 2.55097 surf 8.04248 Nballs 1 center 14.1932, 18.2278, 41.4197
protocols.packstat: Cavity: 96 volume 4.88149 surf 15.3899 Nballs 2 center 15.2976, 27.554, 73.5921
protocols.packstat: Cavity: 97 volume 3.56885 surf 10.1788 Nballs 1 center 15.0636, 18.7218, 61.3457
protocols.packstat: Cavity: 98 volume 4.85411 surf 13.0814 Nballs 2 center 15.2651, 23.8959, 68.1311
protocols.packstat: Cavity: 99 volume 2.55097 surf 8.04248 Nballs 1 center 15.114, 22.2903, 33.1512
protocols.packstat: Cavity: 100 volume 4.26613 surf 12.9201 Nballs 3 center 15.5044, 24.0937, 24.2109
protocols.packstat: Cavity: 101 volume 5.35483 surf 15.9352 Nballs 2 center 15.9713, 25.6999, 65.3256
protocols.packstat: Cavity: 102 volume 9.01901 surf 28.1231 Nballs 10 center 17.2474, 25.0184, 38.0155
protocols.packstat: Cavity: 103 volume 2.33052 surf 7.34745 Nballs 1 center 16.2059, 19.3014, 38.3116
protocols.packstat: Cavity: 104 volume 2.55097 surf 8.04248 Nballs 1 center 16.3379, 24.8003, 53.9599
protocols.packstat: Cavity: 105 volume 28.6083 surf 87.3595 Nballs 28 center 19.0473, 30.7156, 67.4816
protocols.packstat: Cavity: 106 volume 5.55752 surf 17.0577 Nballs 5 center 17.478, 19.9449, 34.1782
protocols.packstat: Cavity: 107 volume 8.75519 surf 27.6026 Nballs 9 center 17.4453, 19.211, 37.1892
protocols.packstat: Cavity: 108 volume 2.56672 surf 8.09212 Nballs 3 center 17.4896, 19.7843, 59.8491
protocols.packstat: Cavity: 109 volume 3.65325 surf 11.5176 Nballs 2 center 17.3431, 18.6977, 68.363
protocols.packstat: Cavity: 110 volume 1.41721 surf 4.46804 Nballs 1 center 17.3754, 27.2441, 37.5379
protocols.packstat: Cavity: 111 volume 5.22924 surf 15.7049 Nballs 5 center 17.7754, 29.2129, 37.2372
protocols.packstat: Cavity: 112 volume 14.389 surf 42.4922 Nballs 19 center 18.8743, 12.391, 59.8075
protocols.packstat: Cavity: 113 volume 6.91228 surf 19.5392 Nballs 4 center 18.065, 18.899, 77.9285
protocols.packstat: Cavity: 114 volume 15.3848 surf 35.2045 Nballs 8 center 18.4411, 21.274, 20.7772
protocols.packstat: Cavity: 115 volume 15.4618 surf 46.7469 Nballs 23 center 19.2124, 18.3005, 60.4377
protocols.packstat: Cavity: 116 volume 22.146 surf 61.4767 Nballs 23 center 19.7911, 11.0629, 67.1966
protocols.packstat: Cavity: 117 volume 10.9493 surf 32.9922 Nballs 15 center 18.7097, 27.6765, 36.2312
protocols.packstat: Cavity: 118 volume 11.2192 surf 31.5113 Nballs 12 center 19.244, 21.2946, 64.783
protocols.packstat: Cavity: 119 volume 16.0335 surf 47.1681 Nballs 32 center 20.2204, 28.3022, 72.9969
protocols.packstat: Cavity: 120 volume 1.25974 surf 3.97159 Nballs 1 center 18.968, 28.836, 66.842
protocols.packstat: Cavity: 121 volume 28.4915 surf 75.1329 Nballs 23 center 21.6715, 17.8261, 28.9895
protocols.packstat: Cavity: 122 volume 2.55097 surf 8.04248 Nballs 1 center 19.3387, 22.0914, 81.9233
protocols.packstat: Cavity: 123 volume 6.3198 surf 19.5205 Nballs 5 center 19.9996, 25.2289, 23.5788
protocols.packstat: Cavity: 124 volume 2.55097 surf 8.04248 Nballs 1 center 19.5643, 13.0923, 64.2209
protocols.packstat: Cavity: 125 volume 24.7539 surf 78.0418 Nballs 25 center 22.1571, 21.2647, 71.7544
protocols.packstat: Cavity: 126 volume 15.0556 surf 45.8463 Nballs 11 center 20.692, 14.6487, 73.0797
protocols.packstat: Cavity: 127 volume 0.503896 surf 1.58864 Nballs 1 center 19.8352, 26.5429, 77.6346
protocols.packstat: Cavity: 128 volume 42.7419 surf 115.877 Nballs 71 center 21.9846, 26.5424, 77.2934
protocols.packstat: Cavity: 129 volume 2.55097 surf 8.04248 Nballs 1 center 20.3968, 8.5498, 65.3811
protocols.packstat: Cavity: 130 volume 7.00048 surf 20.501 Nballs 7 center 21.2449, 24.5239, 62.06
protocols.packstat: Cavity: 131 volume 10.1833 surf 30.0522 Nballs 7 center 21.8296, 8.9479, 73.0676
protocols.packstat: Cavity: 132 volume 1.59252 surf 4.57044 Nballs 2 center 21.1632, 17.4796, 29.8014
protocols.packstat: Cavity: 133 volume 2.55097 surf 8.04248 Nballs 1 center 21.804, 25.4775, 83.5603
protocols.packstat: Cavity: 134 volume 2.55097 surf 8.04248 Nballs 1 center 21.8122, 18.6982, 20.2278
protocols.packstat: Cavity: 135 volume 8.65233 surf 26.3909 Nballs 9 center 22.4046, 15.5123, 22.8297
protocols.packstat: Cavity: 136 volume 2.55097 surf 8.04248 Nballs 1 center 21.903, 24.6305, 55.8277
protocols.packstat: Cavity: 137 volume 2.55097 surf 8.04248 Nballs 1 center 22.0591, 21.0524, 67.087
protocols.packstat: Cavity: 138 volume 9.93744 surf 30.5153 Nballs 8 center 23.6625, 23.0432, 40.9444
protocols.packstat: Cavity: 139 volume 4.02349 surf 12.0955 Nballs 3 center 22.4014, 20.4852, 19.5497
protocols.packstat: Cavity: 140 volume 11.8523 surf 30.0142 Nballs 11 center 22.8854, 17.6492, 64.7177
protocols.packstat: Cavity: 141 volume 19.5512 surf 50.6332 Nballs 22 center 23.8003, 11.0129, 60.2948
protocols.packstat: Cavity: 142 volume 6.22423 surf 18.7557 Nballs 4 center 22.9258, 31.5187, 36.0828
protocols.packstat: Cavity: 143 volume 7.59156 surf 21.9896 Nballs 4 center 23.7467, 19.0703, 24.9695
protocols.packstat: Cavity: 144 volume 3.56885 surf 10.1788 Nballs 1 center 23.1789, 6.58875, 67.5912
protocols.packstat: Cavity: 145 volume 56.7116 surf 165.909 Nballs 136 center 26.1077, 13.0539, 66.6582
protocols.packstat: Cavity: 146 volume 2.44075 surf 7.69496 Nballs 1 center 23.4707, 21.3112, 37.4543
protocols.packstat: Cavity: 147 volume 4.74776 surf 14.3458 Nballs 7 center 23.9375, 15.5858, 68.0342
protocols.packstat: Cavity: 148 volume 3.41704 surf 10.7729 Nballs 2 center 23.7332, 22.082, 38.8975
protocols.packstat: Cavity: 149 volume 2.55097 surf 8.04248 Nballs 1 center 23.701, 7.84905, 62.101
protocols.packstat: Cavity: 150 volume 15.5761 surf 46.1667 Nballs 12 center 26.1616, 14.4921, 55.5641
protocols.packstat: Cavity: 151 volume 2.55097 surf 8.04248 Nballs 1 center 23.7512, 34.0143, 73.4425
protocols.packstat: Cavity: 152 volume 2.55097 surf 8.04248 Nballs 1 center 23.8007, 24.5795, 27.1801
protocols.packstat: Cavity: 153 volume 9.96769 surf 31.4252 Nballs 9 center 24.749, 27.2458, 62.8659
protocols.packstat: Cavity: 154 volume 1.9211 surf 6.05668 Nballs 1 center 24.1294, 25.3882, 70.0218
protocols.packstat: Cavity: 155 volume 37.3235 surf 108.984 Nballs 76 center 26.1219, 28.7937, 72.9081
protocols.packstat: Cavity: 156 volume 25.6622 surf 74.8521 Nballs 40 center 26.8983, 31.479, 23.9995
protocols.packstat: Cavity: 157 volume 26.2875 surf 79.2457 Nballs 40 center 26.6667, 23.9599, 23.1489
protocols.packstat: Cavity: 158 volume 9.77873 surf 30.8295 Nballs 6 center 25.5118, 20.017, 73.3312
protocols.packstat: Cavity: 159 volume 3.66899 surf 11.5673 Nballs 3 center 25.0427, 18.1667, 70.992
protocols.packstat: Cavity: 160 volume 2.55097 surf 8.04248 Nballs 1 center 24.8842, 25.4855, 39.4589
protocols.packstat: Cavity: 161 volume 1.76364 surf 5.56023 Nballs 1 center 24.9687, 30.8925, 37.1193
protocols.packstat: Cavity: 162 volume 2.55097 surf 8.04248 Nballs 1 center 25.0771, 27.558, 35.0277
protocols.packstat: Cavity: 163 volume 13.0136 surf 38.4469 Nballs 13 center 25.7032, 35.0721, 29.9875
protocols.packstat: Cavity: 164 volume 0.062987 surf 0.19858 Nballs 1 center 25.1019, 29.5899, 72.6923
protocols.packstat: Cavity: 165 volume 14.0442 surf 38.7719 Nballs 18 center 26.0362, 20.8361, 29.0721
protocols.packstat: Cavity: 166 volume 14.7733 surf 41.1665 Nballs 18 center 26.0241, 31.1642, 35.2261
protocols.packstat: Cavity: 167 volume 4.74179 surf 14.4661 Nballs 4 center 25.3688, 26.4995, 20.7961
protocols.packstat: Cavity: 168 volume 1.98409 surf 6.25526 Nballs 2 center 25.716, 27.9139, 74.8913
protocols.packstat: Cavity: 169 volume 2.55097 surf 8.04248 Nballs 1 center 25.7089, 23.6149, 27.0573
protocols.packstat: Cavity: 170 volume 19.2345 surf 53.5925 Nballs 31 center 28.0974, 18.7089, 18.7826
protocols.packstat: Cavity: 171 volume 14.5958 surf 44.0762 Nballs 13 center 27.4394, 37.8153, 25.0724
protocols.packstat: Cavity: 172 volume 4.82549 surf 12.5664 Nballs 1 center 26.1195, 40.5209, 29.6207
protocols.packstat: Cavity: 173 volume 23.6302 surf 71.8633 Nballs 29 center 28.0289, 17.1752, 64.5337
protocols.packstat: Cavity: 174 volume 14.0911 surf 38.1048 Nballs 13 center 27.5666, 13.1405, 20.2484
protocols.packstat: Cavity: 175 volume 21.713 surf 63.8597 Nballs 32 center 28.0893, 21.2231, 63.8448
protocols.packstat: Cavity: 176 volume 2.50373 surf 7.89354 Nballs 1 center 26.5863, 17.2118, 72.0555
protocols.packstat: Cavity: 177 volume 2.44075 surf 7.69496 Nballs 1 center 26.704, 23.5178, 66.0903
protocols.packstat: Cavity: 178 volume 7.865 surf 23.9087 Nballs 6 center 28.1982, 18.0588, 24.6436
protocols.packstat: Cavity: 179 volume 4.82549 surf 12.5664 Nballs 1 center 27.0008, 23.5049, 32.0928
protocols.packstat: Cavity: 180 volume 3.29107 surf 10.3758 Nballs 2 center 27.186, 24.9514, 65.6438
protocols.packstat: Cavity: 181 volume 2.55097 surf 8.04248 Nballs 1 center 27.0314, 15.0614, 71.5589
protocols.packstat: Cavity: 182 volume 18.078 surf 53.1557 Nballs 51 center 28.8181, 30.6307, 33.139
protocols.packstat: Cavity: 183 volume 3.65325 surf 11.5176 Nballs 2 center 28.0343, 5.00109, 64.7758
protocols.packstat: Cavity: 184 volume 1.92033 surf 5.72313 Nballs 2 center 28.3056, 18.8087, 61.6747
protocols.packstat: Cavity: 185 volume 34.7974 surf 93.0067 Nballs 52 center 30.3939, 26.2541, 33.6736
protocols.packstat: Cavity: 186 volume 13.7427 surf 38.9682 Nballs 22 center 29.7601, 17.5502, 73.7694
protocols.packstat: Cavity: 187 volume 26.0872 surf 75.7481 Nballs 57 center 30.0988, 11.555, 61.5469
protocols.packstat: Cavity: 188 volume 5.95297 surf 16.8048 Nballs 5 center 29.1846, 32.3921, 39.6845
protocols.packstat: Cavity: 189 volume 6.4609 surf 19.7005 Nballs 4 center 29.5198, 13.3353, 16.2083
protocols.packstat: Cavity: 190 volume 3.6261 surf 10.5976 Nballs 2 center 29.4987, 35.9543, 33.6205
protocols.packstat: Cavity: 191 volume 2.55097 surf 8.04248 Nballs 1 center 29.4933, 22.0758, 40.4405
protocols.packstat: Cavity: 192 volume 3.68924 surf 10.8629 Nballs 2 center 29.7354, 30.65, 43.1264
protocols.packstat: Cavity: 193 volume 13.6807 surf 41.7739 Nballs 21 center 31.2496, 42.0209, 33.1561
protocols.packstat: Cavity: 194 volume 2.55097 surf 8.04248 Nballs 1 center 30.3567, 26.9045, 66.6141
protocols.packstat: Cavity: 195 volume 2.55097 surf 8.04248 Nballs 1 center 30.4439, 39.5657, 30.5313
protocols.packstat: Cavity: 196 volume 3.51152 surf 11.0708 Nballs 2 center 30.7624, 25.7808, 42.2414
protocols.packstat: Cavity: 197 volume 10.881 surf 34.3046 Nballs 9 center 31.6381, 18.5696, 47.114
protocols.packstat: Cavity: 198 volume 12.2937 surf 36.6263 Nballs 20 center 31.7993, 36.9557, 37.9374
protocols.packstat: Cavity: 199 volume 4.15714 surf 13.1063 Nballs 2 center 31.2283, 27.4699, 21.156
protocols.packstat: Cavity: 200 volume 12.8514 surf 34.6467 Nballs 11 center 31.994, 37.0973, 31.4529
protocols.packstat: Cavity: 201 volume 5.87051 surf 17.2167 Nballs 4 center 31.733, 35.7176, 27.2465
protocols.packstat: Cavity: 202 volume 6.17273 surf 19.4608 Nballs 3 center 31.7572, 20.098, 61.6235
protocols.packstat: Cavity: 203 volume 3.68474 surf 11.6169 Nballs 2 center 31.5646, 18.6314, 59.3463
protocols.packstat: Cavity: 204 volume 2.55097 surf 8.04248 Nballs 1 center 31.4222, 31.6172, 37.1858
protocols.packstat: Cavity: 205 volume 9.26467 surf 27.5599 Nballs 4 center 31.8803, 13.0882, 26.6297
protocols.packstat: Cavity: 206 volume 2.31477 surf 7.2978 Nballs 1 center 31.5074, 34.8986, 28.8075
protocols.packstat: Cavity: 207 volume 14.2609 surf 38.2367 Nballs 20 center 33.1786, 17.3714, 55.5773
protocols.packstat: Cavity: 208 volume 7.36948 surf 23.2338 Nballs 5 center 32.2613, 27.8011, 35.9906
protocols.packstat: Cavity: 209 volume 32.7297 surf 97.9285 Nballs 52 center 33.8906, 24.1889, 53.0588
protocols.packstat: Cavity: 210 volume 3.79768 surf 10.9436 Nballs 3 center 32.347, 16.077, 55.4153
protocols.packstat: Cavity: 211 volume 2.55097 surf 8.04248 Nballs 1 center 32.1563, 16.8399, 58.741
protocols.packstat: Cavity: 212 volume 2.55097 surf 8.04248 Nballs 1 center 32.2105, 4.70335, 61.186
protocols.packstat: Cavity: 213 volume 71.6218 surf 185.412 Nballs 140 center 36.5636, 24.0041, 32.763
protocols.packstat: Cavity: 214 volume 6.91135 surf 21.1604 Nballs 10 center 33.0028, 37.7201, 40.277
protocols.packstat: Cavity: 215 volume 24.6266 surf 70.336 Nballs 35 center 33.8222, 27.2208, 41.4105
protocols.packstat: Cavity: 216 volume 7.24529 surf 20.8772 Nballs 4 center 33.7754, 21.2454, 23.0933
protocols.packstat: Cavity: 217 volume 1.27549 surf 4.02124 Nballs 1 center 33.1666, 29.7837, 27.4311
protocols.packstat: Cavity: 218 volume 7.30649 surf 23.0352 Nballs 6 center 33.5881, 12.6438, 44.0994
protocols.packstat: Cavity: 219 volume 2.55097 surf 8.04248 Nballs 1 center 33.2256, 14.0448, 24.7103
protocols.packstat: Cavity: 220 volume 3.41898 surf 10.2625 Nballs 3 center 33.3981, 30.196, 26.0406
protocols.packstat: Cavity: 221 volume 46.9033 surf 134.725 Nballs 89 center 37.0652, 17.8461, 24.7119
protocols.packstat: Cavity: 222 volume 2.55097 surf 8.04248 Nballs 1 center 33.39, 8.97897, 61.4129
protocols.packstat: Cavity: 223 volume 4.03117 surf 12.7091 Nballs 2 center 33.6073, 18.2338, 17.5739
protocols.packstat: Cavity: 224 volume 1.02354 surf 3.22692 Nballs 1 center 33.4599, 29.358, 41.5543
protocols.packstat: Cavity: 225 volume 2.26753 surf 7.14887 Nballs 2 center 33.5174, 29.2027, 40.3423
protocols.packstat: Cavity: 226 volume 5.84204 surf 18.4183 Nballs 3 center 34.4261, 16.3168, 47.5089
protocols.packstat: Cavity: 227 volume 2.55097 surf 8.04248 Nballs 1 center 33.5301, 24.3771, 44.2037
protocols.packstat: Cavity: 228 volume 2.44075 surf 7.69496 Nballs 1 center 33.5552, 26.7423, 21.641
protocols.packstat: Cavity: 229 volume 23.0235 surf 61.4503 Nballs 28 center 34.8643, 28.9276, 25.916
protocols.packstat: Cavity: 230 volume 2.55097 surf 8.04248 Nballs 1 center 34.1406, 32.6687, 36.0991
protocols.packstat: Cavity: 231 volume 3.56885 surf 10.1788 Nballs 1 center 34.1482, 24.1465, 37.6487
protocols.packstat: Cavity: 232 volume 10.0297 surf 29.1563 Nballs 22 center 34.783, 26.746, 24.0203
protocols.packstat: Cavity: 233 volume 2.55097 surf 8.04248 Nballs 1 center 34.8101, 35.0009, 44.671
protocols.packstat: Cavity: 234 volume 2.55097 surf 8.04248 Nballs 1 center 35.1286, 12.6804, 18.6481
protocols.packstat: Cavity: 235 volume 2.55097 surf 8.04248 Nballs 1 center 35.2377, 14.1637, 48.7218
protocols.packstat: Cavity: 236 volume 4.82549 surf 12.5664 Nballs 1 center 35.2867, 11.4963, 54.1385
protocols.packstat: Cavity: 237 volume 15.6911 surf 48.5489 Nballs 13 center 37.1333, 35.1114, 33.151
protocols.packstat: Cavity: 238 volume 11.2626 surf 33.3645 Nballs 14 center 36.2075, 14.0579, 24.3766
protocols.packstat: Cavity: 239 volume 4.00875 surf 11.7658 Nballs 9 center 36.0605, 23.9193, 30.5842
protocols.packstat: Cavity: 240 volume 4.47999 surf 13.4685 Nballs 3 center 36.0326, 13.3607, 46.9452
protocols.packstat: Cavity: 241 volume 8.11446 surf 24.9799 Nballs 6 center 36.9008, 15.9629, 55.6201
protocols.packstat: Cavity: 242 volume 5.61748 surf 17.2997 Nballs 6 center 36.2292, 28.427, 30.2586
protocols.packstat: Cavity: 243 volume 4.56772 surf 13.5531 Nballs 2 center 36.9257, 21.4713, 47.8243
protocols.packstat: Cavity: 244 volume 3.98393 surf 12.5602 Nballs 2 center 36.827, 33.6437, 39.6155
protocols.packstat: Cavity: 245 volume 2.55097 surf 8.04248 Nballs 1 center 37.0565, 13.12, 27.8675
protocols.packstat: Cavity: 246 volume 3.62175 surf 11.4183 Nballs 3 center 37.4572, 22.5806, 28.0605
protocols.packstat: Cavity: 247 volume 6.03558 surf 18.2934 Nballs 8 center 38.2014, 38.7803, 36.7003
protocols.packstat: Cavity: 248 volume 7.86104 surf 22.4093 Nballs 5 center 37.9765, 17.6564, 18.4891
protocols.packstat: Cavity: 249 volume 3.56885 surf 10.1788 Nballs 1 center 38.0964, 9.82389, 55.3585
protocols.packstat: Cavity: 250 volume 19.3673 surf 54.258 Nballs 43 center 39.8568, 25.5944, 48.1087
protocols.packstat: Cavity: 251 volume 1.93685 surf 6.10632 Nballs 1 center 38.2104, 32.1341, 32.9829
protocols.packstat: Cavity: 252 volume 16.5891 surf 51.0334 Nballs 24 center 39.926, 29.6336, 43.3322
protocols.packstat: Cavity: 253 volume 9.75499 surf 25.9232 Nballs 7 center 38.8092, 13.9266, 53.0131
protocols.packstat: Cavity: 254 volume 4.45439 surf 13.2156 Nballs 2 center 38.4703, 22.0897, 20.3959
protocols.packstat: Cavity: 255 volume 5.53424 surf 16.4612 Nballs 2 center 38.7141, 29.5293, 38.183
protocols.packstat: Cavity: 256 volume 2.55097 surf 8.04248 Nballs 1 center 38.5542, 24.4982, 41.5498
protocols.packstat: Cavity: 257 volume 7.03468 surf 21.7677 Nballs 8 center 38.9594, 39.3064, 38.157
protocols.packstat: Cavity: 258 volume 2.55097 surf 8.04248 Nballs 1 center 38.7793, 22.1623, 14.9619
protocols.packstat: Cavity: 259 volume 2.55097 surf 8.04248 Nballs 1 center 38.7909, 30.0362, 50.901
protocols.packstat: Cavity: 260 volume 7.26453 surf 22.4659 Nballs 7 center 39.4053, 7.45904, 58.8079
protocols.packstat: Cavity: 261 volume 2.55097 surf 8.04248 Nballs 1 center 38.8894, 22.0145, 25.4247
protocols.packstat: Cavity: 262 volume 7.74244 surf 23.6349 Nballs 10 center 39.8199, 22.6831, 38.9848
protocols.packstat: Cavity: 263 volume 3.51152 surf 11.0708 Nballs 2 center 39.5377, 20.6327, 36.6468
protocols.packstat: Cavity: 264 volume 2.55097 surf 8.04248 Nballs 1 center 39.4576, 19.6427, 48.564
protocols.packstat: Cavity: 265 volume 3.79947 surf 11.2104 Nballs 2 center 39.8859, 21.6552, 21.5906
protocols.packstat: Cavity: 266 volume 2.55097 surf 8.04248 Nballs 1 center 39.9889, 13.3973, 50.9424
protocols.packstat: Cavity: 267 volume 3.49578 surf 11.0212 Nballs 2 center 40.8046, 31.4432, 49.0737
protocols.packstat: Cavity: 268 volume 4.78701 surf 15.0921 Nballs 4 center 41.6193, 24.8345, 45.0428
protocols.packstat: Cavity: 269 volume 2.55097 surf 8.04248 Nballs 1 center 41.3078, 21.7121, 49.6586
protocols.packstat: Cavity: 270 volume 5.75617 surf 17.7899 Nballs 6 center 42.121, 19.3136, 40.5571
protocols.packstat: Cavity: 271 volume 7.46016 surf 21.7584 Nballs 7 center 42.6921, 19.2918, 43.1661
protocols.packstat: Cavity: 272 volume 8.81787 surf 21.1239 Nballs 2 center 42.294, 24.0279, 46.8538
protocols.packstat: Cavity: 273 volume 13.135 surf 35.7025 Nballs 15 center 43.2161, 28.0652, 37.2923
protocols.packstat: Cavity: 274 volume 2.55097 surf 8.04248 Nballs 1 center 43.3054, 20.0715, 16.4347
protocols.packstat: Cavity: 275 volume 4.17785 surf 12.6021 Nballs 3 center 43.9445, 21.6055, 30.1783
protocols.packstat: Cavity: 276 volume 20.2303 surf 61.9592 Nballs 25 center 45.7088, 19.176, 27.6185
protocols.packstat: Cavity: 277 volume 3.96818 surf 12.5105 Nballs 2 center 45.4763, 19.0408, 24.1776
protocols.packstat: Cavity: 278 volume 2.55097 surf 8.04248 Nballs 1 center 45.4533, 25.8064, 28.4891
protocols.packstat: Cavity: 279 volume 3.49578 surf 11.0212 Nballs 2 center 45.928, 22.31, 35.971
