core.init: command: /vol/ek/share/rosetta/mini/build/src/release/linux/2.6/32/x86/gcc/holes.linuxgccrelease -database /vol/ek/share/rosetta/minirosetta_database/ -holes:dalphaball /vol/ek/share/bin/DAlphaBall -holes:make_pdb -holes:make_voids -s 1CZY.mainChain.pdb
core.init: 'RNG device' seed mode, using '/dev/urandom', seed=-483459707 seed_offset=0 real_seed=-483459707
core.init.random: RandomGenerator:init: Normal mode, seed=-483459707 RG_type=mt19937
core.scoring.ScoreFunctionFactory: SCOREFUNCTION: standard
core.scoring.ScoreFunctionFactory: SCOREFUNCTION PATCH: score12
core.scoring.etable: Starting energy table calculation
core.scoring.etable: smooth_etable: changing atr/rep split to bottom of energy well
core.scoring.etable: smooth_etable: spline smoothing lj etables (maxdis = 6)
core.scoring.etable: smooth_etable: spline smoothing solvation etables (max_dis = 6)
core.scoring.etable: Finished calculating energy tables.
core.io.database: Database file opened: /vol/ek/share/rosetta/minirosetta_database/pdb_pair_stats_fine
core.io.database: Database file opened: /vol/ek/share/rosetta/minirosetta_database/P_AA
core.io.database: Database file opened: /vol/ek/share/rosetta/minirosetta_database/P_AA_n
core.io.database: Database file opened: /vol/ek/share/rosetta/minirosetta_database/P_AA_pp
core.io.database: Database file opened: /vol/ek/share/rosetta/minirosetta_database/Rama_smooth_dyn.dat_ss_6.4
core.scoring.ScoreFunctionFactory: SCOREFUNCTION: standard
core.scoring.ScoreFunctionFactory: SCOREFUNCTION PATCH: score12
core.conformation.Conformation: [ WARNING ] missing heavyatom:  CG  on residue MET 2
core.conformation.Conformation: [ WARNING ] missing heavyatom:  SD  on residue MET 2
core.conformation.Conformation: [ WARNING ] missing heavyatom:  CE  on residue MET 2
core.conformation.Conformation: [ WARNING ] missing heavyatom:  CG  on residue ASP 4
core.conformation.Conformation: [ WARNING ] missing heavyatom:  OD1 on residue ASP 4
core.conformation.Conformation: [ WARNING ] missing heavyatom:  OD2 on residue ASP 4
core.conformation.Conformation: [ WARNING ] missing heavyatom:  CG  on residue GLU 6
core.conformation.Conformation: [ WARNING ] missing heavyatom:  CD  on residue GLU 6
core.conformation.Conformation: [ WARNING ] missing heavyatom:  OE1 on residue GLU 6
core.conformation.Conformation: [ WARNING ] missing heavyatom:  OE2 on residue GLU 6
core.conformation.Conformation: [ WARNING ] missing heavyatom:  CG  on residue GLN 7
core.conformation.Conformation: [ WARNING ] missing heavyatom:  CD  on residue GLN 7
core.conformation.Conformation: [ WARNING ] missing heavyatom:  OE1 on residue GLN 7
core.conformation.Conformation: [ WARNING ] missing heavyatom:  NE2 on residue GLN 7
core.conformation.Conformation: [ WARNING ] missing heavyatom:  CG  on residue LYS 8
core.conformation.Conformation: [ WARNING ] missing heavyatom:  CD  on residue LYS 8
core.conformation.Conformation: [ WARNING ] missing heavyatom:  CE  on residue LYS 8
core.conformation.Conformation: [ WARNING ] missing heavyatom:  NZ  on residue LYS 8
core.conformation.Conformation: [ WARNING ] missing heavyatom:  CG  on residue GLU 11
core.conformation.Conformation: [ WARNING ] missing heavyatom:  CD  on residue GLU 11
core.conformation.Conformation: [ WARNING ] missing heavyatom:  OE1 on residue GLU 11
core.conformation.Conformation: [ WARNING ] missing heavyatom:  OE2 on residue GLU 11
core.conformation.Conformation: [ WARNING ] missing heavyatom:  CG  on residue PRO 29
core.conformation.Conformation: [ WARNING ] missing heavyatom:  CD  on residue PRO 29
core.conformation.Conformation: [ WARNING ] missing heavyatom:  CG  on residue ARG 70
core.conformation.Conformation: [ WARNING ] missing heavyatom:  CD  on residue ARG 70
core.conformation.Conformation: [ WARNING ] missing heavyatom:  NE  on residue ARG 70
core.conformation.Conformation: [ WARNING ] missing heavyatom:  CZ  on residue ARG 70
core.conformation.Conformation: [ WARNING ] missing heavyatom:  NH1 on residue ARG 70
core.conformation.Conformation: [ WARNING ] missing heavyatom:  NH2 on residue ARG 70
core.conformation.Conformation: [ WARNING ] missing heavyatom:  CG  on residue ARG 90
core.conformation.Conformation: [ WARNING ] missing heavyatom:  CD  on residue ARG 90
core.conformation.Conformation: [ WARNING ] missing heavyatom:  NE  on residue ARG 90
core.conformation.Conformation: [ WARNING ] missing heavyatom:  CZ  on residue ARG 90
core.conformation.Conformation: [ WARNING ] missing heavyatom:  NH1 on residue ARG 90
core.conformation.Conformation: [ WARNING ] missing heavyatom:  NH2 on residue ARG 90
core.conformation.Conformation: [ WARNING ] missing heavyatom:  CG  on residue ARG 107
core.conformation.Conformation: [ WARNING ] missing heavyatom:  CD  on residue ARG 107
core.conformation.Conformation: [ WARNING ] missing heavyatom:  NE  on residue ARG 107
core.conformation.Conformation: [ WARNING ] missing heavyatom:  CZ  on residue ARG 107
core.conformation.Conformation: [ WARNING ] missing heavyatom:  NH1 on residue ARG 107
core.conformation.Conformation: [ WARNING ] missing heavyatom:  NH2 on residue ARG 107
core.conformation.Conformation: [ WARNING ] missing heavyatom:  CG  on residue GLU 108
core.conformation.Conformation: [ WARNING ] missing heavyatom:  CD  on residue GLU 108
core.conformation.Conformation: [ WARNING ] missing heavyatom:  OE1 on residue GLU 108
core.conformation.Conformation: [ WARNING ] missing heavyatom:  OE2 on residue GLU 108
core.conformation.Conformation: [ WARNING ] missing heavyatom:  CG  on residue GLU 146
core.conformation.Conformation: [ WARNING ] missing heavyatom:  CD  on residue GLU 146
core.conformation.Conformation: [ WARNING ] missing heavyatom:  OE1 on residue GLU 146
core.conformation.Conformation: [ WARNING ] missing heavyatom:  OE2 on residue GLU 146
core.conformation.Conformation: [ WARNING ] missing heavyatom:  CG  on residue LYS 148
core.conformation.Conformation: [ WARNING ] missing heavyatom:  CD  on residue LYS 148
core.conformation.Conformation: [ WARNING ] missing heavyatom:  CE  on residue LYS 148
core.conformation.Conformation: [ WARNING ] missing heavyatom:  NZ  on residue LYS 148
core.pack.task: Packer task: initialize from command line() 
core.pack.pack_missing_sidechains: packing residue number 2 because of missing atom number 6 atom name  CG 
core.pack.pack_missing_sidechains: packing residue number 4 because of missing atom number 6 atom name  CG 
core.pack.pack_missing_sidechains: packing residue number 6 because of missing atom number 6 atom name  CG 
core.pack.pack_missing_sidechains: packing residue number 7 because of missing atom number 6 atom name  CG 
core.pack.pack_missing_sidechains: packing residue number 8 because of missing atom number 6 atom name  CG 
core.pack.pack_missing_sidechains: packing residue number 11 because of missing atom number 6 atom name  CG 
core.pack.pack_missing_sidechains: packing residue number 29 because of missing atom number 6 atom name  CG 
core.pack.pack_missing_sidechains: packing residue number 70 because of missing atom number 6 atom name  CG 
core.pack.pack_missing_sidechains: packing residue number 90 because of missing atom number 6 atom name  CG 
core.pack.pack_missing_sidechains: packing residue number 107 because of missing atom number 6 atom name  CG 
core.pack.pack_missing_sidechains: packing residue number 108 because of missing atom number 6 atom name  CG 
core.pack.pack_missing_sidechains: packing residue number 146 because of missing atom number 6 atom name  CG 
core.pack.pack_missing_sidechains: packing residue number 148 because of missing atom number 6 atom name  CG 
core.scoring.dunbrack: Dunbrack library took 0.05 seconds to load from binary
core.pack.interaction_graph.interaction_graph_factory: Instantiating DensePDInteractionGraph
core.pack.pack_rotamers: built 176 rotamers at 13 positions.
core.pack.pack_rotamers: IG: 15200 bytes
core.scoring.packing.compute_holes_score: compute_holes_surfs try: 1
core.scoring.packing.compute_holes_score: compute_holes_surfs completed successfully
core.scoring.packing.compute_holes_score: compute_rosettaholes_score done: 2.02253
RosettaHoles: 1CZY.mainChain.pdb 2.02253 1.9952 -1.08922 294.347
dumping pdb to 1CZY.mainChain.pdb_cavs.pdb
dumping cavities 
protocols.packstat: prune raduis 1.4 8861 4943 3263 2459 2047 1809 1667 1580 1537 1515 1503 1493 1486 1476 1472 1468 1466 1466 
core.conformation.util: Non-ideal residue detected:  Residue #1 atom #1:  Ideal D=1.458, Inspected D=1.49711
core.io.silent: ERROR: trying to use a 'protein' type silent file for a non-ideal pose
core.io.silent: consider using the '-out:file:silent_struct_type binary' flag
