core.init: command: /vol/ek/share/rosetta/mini/build/src/release/linux/2.6/32/x86/gcc/holes.linuxgccrelease -database /vol/ek/share/rosetta/minirosetta_database/ -holes:dalphaball /vol/ek/share/bin/DAlphaBall -holes:make_pdb -holes:make_voids -s 1DKX.mainChain.pdb
core.init: 'RNG device' seed mode, using '/dev/urandom', seed=-34440630 seed_offset=0 real_seed=-34440630
core.init.random: RandomGenerator:init: Normal mode, seed=-34440630 RG_type=mt19937
core.scoring.ScoreFunctionFactory: SCOREFUNCTION: standard
core.scoring.ScoreFunctionFactory: SCOREFUNCTION PATCH: score12
core.scoring.etable: Starting energy table calculation
core.scoring.etable: smooth_etable: changing atr/rep split to bottom of energy well
core.scoring.etable: smooth_etable: spline smoothing lj etables (maxdis = 6)
core.scoring.etable: smooth_etable: spline smoothing solvation etables (max_dis = 6)
core.scoring.etable: Finished calculating energy tables.
core.io.database: Database file opened: /vol/ek/share/rosetta/minirosetta_database/pdb_pair_stats_fine
core.io.database: Database file opened: /vol/ek/share/rosetta/minirosetta_database/P_AA
core.io.database: Database file opened: /vol/ek/share/rosetta/minirosetta_database/P_AA_n
core.io.database: Database file opened: /vol/ek/share/rosetta/minirosetta_database/P_AA_pp
core.io.database: Database file opened: /vol/ek/share/rosetta/minirosetta_database/Rama_smooth_dyn.dat_ss_6.4
core.scoring.ScoreFunctionFactory: SCOREFUNCTION: standard
core.scoring.ScoreFunctionFactory: SCOREFUNCTION PATCH: score12
core.conformation.Conformation: [ WARNING ] missing heavyatom:  CG  on residue LEU 3
core.conformation.Conformation: [ WARNING ] missing heavyatom:  CD1 on residue LEU 3
core.conformation.Conformation: [ WARNING ] missing heavyatom:  CD2 on residue LEU 3
core.conformation.Conformation: [ WARNING ] missing heavyatom:  CG  on residue GLN 216
core.conformation.Conformation: [ WARNING ] missing heavyatom:  CD  on residue GLN 216
core.conformation.Conformation: [ WARNING ] missing heavyatom:  OE1 on residue GLN 216
core.conformation.Conformation: [ WARNING ] missing heavyatom:  NE2 on residue GLN 216
core.conformation.Conformation: [ WARNING ] missing heavyatom:  CG  on residue GLN 217
core.conformation.Conformation: [ WARNING ] missing heavyatom:  CD  on residue GLN 217
core.conformation.Conformation: [ WARNING ] missing heavyatom:  OE1 on residue GLN 217
core.conformation.Conformation: [ WARNING ] missing heavyatom:  NE2 on residue GLN 217
core.conformation.Conformation: [ WARNING ] missing heavyatom:  CG  on residue HIS 218
core.conformation.Conformation: [ WARNING ] missing heavyatom:  ND1 on residue HIS 218
core.conformation.Conformation: [ WARNING ] missing heavyatom:  CD2 on residue HIS 218
core.conformation.Conformation: [ WARNING ] missing heavyatom:  CE1 on residue HIS 218
core.conformation.Conformation: [ WARNING ] missing heavyatom:  NE2 on residue HIS 218
core.conformation.Conformation: [ WARNING ] missing heavyatom:  CD2 on residue HIS 218
core.conformation.Conformation: [ WARNING ] missing heavyatom:  OXT on residue ALA_p:CtermProteinFull 219
core.pack.task: Packer task: initialize from command line() 
core.pack.pack_missing_sidechains: packing residue number 3 because of missing atom number 6 atom name  CG 
core.pack.pack_missing_sidechains: packing residue number 216 because of missing atom number 6 atom name  CG 
core.pack.pack_missing_sidechains: packing residue number 217 because of missing atom number 6 atom name  CG 
core.pack.pack_missing_sidechains: packing residue number 218 because of missing atom number 6 atom name  CG 
core.scoring.dunbrack: Dunbrack library took 0.05 seconds to load from binary
core.pack.interaction_graph.interaction_graph_factory: Instantiating DensePDInteractionGraph
core.pack.pack_rotamers: built 38 rotamers at 4 positions.
core.pack.pack_rotamers: IG: 3356 bytes
core.scoring.packing.compute_holes_score: compute_holes_surfs try: 1
core.scoring.packing.compute_holes_score: compute_holes_surfs completed successfully
core.scoring.packing.compute_holes_score: compute_rosettaholes_score done: 1.70517
RosettaHoles: 1DKX.mainChain.pdb 1.70517 1.70139 -1.61641 -162.455
dumping pdb to 1DKX.mainChain.pdb_cavs.pdb
dumping cavities 
protocols.packstat: prune raduis 1.4 12378 6810 4250 3007 2313 1899 1657 1510 1423 1353 1311 1291 1285 1281 1277 1274 1270 1270 
core.conformation.util: Non-ideal residue detected:  Residue #1 atom #1:  Ideal D=1.458, Inspected D=1.48951
core.io.silent: ERROR: trying to use a 'protein' type silent file for a non-ideal pose
core.io.silent: consider using the '-out:file:silent_struct_type binary' flag
