core.init: command: /vol/ek/share/rosetta/mini/build/src/release/linux/2.6/32/x86/gcc/holes.linuxgccrelease -database /vol/ek/share/rosetta/minirosetta_database/ -holes:dalphaball /vol/ek/share/bin/DAlphaBall -holes:make_pdb -holes:make_voids -s 1H6W.mainChain.pdb
core.init: 'RNG device' seed mode, using '/dev/urandom', seed=-1206183682 seed_offset=0 real_seed=-1206183682
core.init.random: RandomGenerator:init: Normal mode, seed=-1206183682 RG_type=mt19937
core.scoring.ScoreFunctionFactory: SCOREFUNCTION: standard
core.scoring.ScoreFunctionFactory: SCOREFUNCTION PATCH: score12
core.scoring.etable: Starting energy table calculation
core.scoring.etable: smooth_etable: changing atr/rep split to bottom of energy well
core.scoring.etable: smooth_etable: spline smoothing lj etables (maxdis = 6)
core.scoring.etable: smooth_etable: spline smoothing solvation etables (max_dis = 6)
core.scoring.etable: Finished calculating energy tables.
core.io.database: Database file opened: /vol/ek/share/rosetta/minirosetta_database/pdb_pair_stats_fine
core.io.database: Database file opened: /vol/ek/share/rosetta/minirosetta_database/P_AA
core.io.database: Database file opened: /vol/ek/share/rosetta/minirosetta_database/P_AA_n
core.io.database: Database file opened: /vol/ek/share/rosetta/minirosetta_database/P_AA_pp
core.io.database: Database file opened: /vol/ek/share/rosetta/minirosetta_database/Rama_smooth_dyn.dat_ss_6.4
core.scoring.ScoreFunctionFactory: SCOREFUNCTION: standard
core.scoring.ScoreFunctionFactory: SCOREFUNCTION PATCH: score12
core.conformation.Conformation: [ WARNING ] missing heavyatom:  OXT on residue ARG_p:CtermProteinFull 151
core.pack.task: Packer task: initialize from command line() 
RosettaHoles: 1H6W.mainChain.pdb 2.09614 1.444 -0.184855core.scoring.dunbrack: Dunbrack library took 0.06 seconds to load from binary
 39.6935
dumping pdb to 1H6W.mainChain.pdb_cavs.pdb
dumping cavities 
protocols.packstat: prune raduis 1.4 8086 3402 1525 768 459 320 239 196 164 144 132 120 114 111 111 
protocols.packstat: Cavity: 1 volume 3.76471 surf 11.0545 Nballs 2 center -9.98936, 22.6347, 148.859
protocols.packstat: Cavity: 2 volume 8.1434 surf 22.6901 Nballs 7 center -9.28967, 15.5121, 146.23
protocols.packstat: Cavity: 3 volume 7.13429 surf 21.0471 Nballs 6 center -7.53161, 16.2809, 156.676
protocols.packstat: Cavity: 4 volume 2.55097 surf 8.04248 Nballs 1 center -7.16336, 26.6743, 85.3169
protocols.packstat: Cavity: 5 volume 3.56885 surf 10.1788 Nballs 1 center -6.49285, 11.1251, 147.213
protocols.packstat: Cavity: 6 volume 12.1341 surf 35.4829 Nballs 9 center -3.69013, 24.1535, 86.5787
protocols.packstat: Cavity: 7 volume 3.56885 surf 10.1788 Nballs 1 center -4.031, 26.1915, 90.0124
protocols.packstat: Cavity: 8 volume 2.55097 surf 8.04248 Nballs 1 center -3.9989, 16.5542, 75.9999
protocols.packstat: Cavity: 9 volume 14.8824 surf 36.8722 Nballs 9 center -3.06565, 9.89022, 148.359
protocols.packstat: Cavity: 10 volume 2.55097 surf 8.04248 Nballs 1 center -2.85262, 23.3987, 80.6167
protocols.packstat: Cavity: 11 volume 2.55097 surf 8.04248 Nballs 1 center -2.44639, 26.7975, 78.8621
protocols.packstat: Cavity: 12 volume 2.55097 surf 8.04248 Nballs 1 center -2.24359, 26.4182, 88.1335
protocols.packstat: Cavity: 13 volume 3.56885 surf 10.1788 Nballs 1 center -1.88235, 21.3645, 75.435
protocols.packstat: Cavity: 14 volume 9.3026 surf 25.149 Nballs 3 center -0.50989, 10.02, 156.007
protocols.packstat: Cavity: 15 volume 12.0945 surf 31.2554 Nballs 6 center 0.00139967, 10.4626, 150.789
protocols.packstat: Cavity: 16 volume 21.6861 surf 59.1674 Nballs 39 center 1.7732, 15.7875, 149.56
protocols.packstat: Cavity: 17 volume 4.9963 surf 15.0168 Nballs 3 center 2.05827, 25.9822, 135.661
protocols.packstat: Cavity: 18 volume 2.55097 surf 8.04248 Nballs 1 center 4.65553, 13.102, 154.463
protocols.packstat: Cavity: 19 volume 13.1513 surf 39.9657 Nballs 13 center 6.14745, 25.0652, 70.7806
protocols.packstat: Cavity: 20 volume 7.05625 surf 21.6304 Nballs 5 center 5.79849, 30.2452, 132.612
