core.init: command: /cs/alum/londonir/lab/rosetta/mini/bin/holes.linuxgccrelease -database /vol/ek/londonir/rosetta/minirosetta_database/ -holes:dalphaball /vol/ek/share/bin/DAlphaBall -holes:make_pdb -holes:make_voids -s 1KLU.pdb
core.init: 'RNG device' seed mode, using '/dev/urandom', seed=-1401253484 seed_offset=0 real_seed=-1401253484
core.init.random: RandomGenerator:init: Normal mode, seed=-1401253484 RG_type=mt19937
core.scoring.ScoreFunctionFactory: SCOREFUNCTION: standard
core.scoring.ScoreFunctionFactory: SCOREFUNCTION PATCH: score12
core.scoring.etable: Starting energy table calculation
core.scoring.etable: smooth_etable: changing atr/rep split to bottom of energy well
core.scoring.etable: smooth_etable: spline smoothing lj etables (maxdis = 6)
core.scoring.etable: smooth_etable: spline smoothing solvation etables (max_dis = 6)
core.scoring.etable: Finished calculating energy tables.
core.io.database: Database file opened: /vol/ek/londonir/rosetta/minirosetta_database/pdb_pair_stats_fine
core.io.database: Database file opened: /vol/ek/londonir/rosetta/minirosetta_database/P_AA
core.io.database: Database file opened: /vol/ek/londonir/rosetta/minirosetta_database/P_AA_n
core.io.database: Database file opened: /vol/ek/londonir/rosetta/minirosetta_database/P_AA_pp
core.io.database: Database file opened: /vol/ek/londonir/rosetta/minirosetta_database/Rama_smooth_dyn.dat_ss_6.4
core.scoring.ScoreFunctionFactory: SCOREFUNCTION: standard
core.scoring.ScoreFunctionFactory: SCOREFUNCTION PATCH: score12
core.io.pdb.file_data: [ WARNING ] discarding 1 atoms at position 179 in file 1KLU.pdb. Best match rsd_type:  ALA
core.conformation.Conformation: Found disulfide between residues 104 160
core.conformation.Conformation: Found disulfide between residues 194 258
core.conformation.Conformation: Found disulfide between residues 296 352
core.pack.task: Packer task: initialize from command line() 
core.io.pdb.file_data: [ WARNING ] can't find atom for res 179 atom  OXT (trying to set temp)
RosettaHoles: 1KLU.pdb 2.02437 2.02431 -2.72301core.scoring.dunbrack: Dunbrack library took 0.05 seconds to load from binary
 220.051
dumping pdb to 1KLU.pdb_cavs.pdb
dumping cavities 
protocols.packstat: prune raduis 1.4 19300 10975 7273 5437 4405 3829 3467 3266 3136 3065 3019 2997 2984 2976 2975 2975 
protocols.packstat: Cavity: 1 volume 6.31033 surf 18.7999 Nballs 7 center 105.595, 70.4382, 6.18178
protocols.packstat: Cavity: 2 volume 17.4175 surf 50.4509 Nballs 55 center 107.243, 71.4247, 12.9251
protocols.packstat: Cavity: 3 volume 3.73198 surf 11.7658 Nballs 2 center 106.795, 76.9904, 9.20573
protocols.packstat: Cavity: 4 volume 38.0144 surf 106.91 Nballs 92 center 109.014, 74.0144, 13.1249
protocols.packstat: Cavity: 5 volume 5.05471 surf 15.936 Nballs 3 center 109.617, 69.4072, 17.0871
protocols.packstat: Cavity: 6 volume 18.9842 surf 56.5983 Nballs 27 center 110.649, 62.4838, 9.21359
protocols.packstat: Cavity: 7 volume 3.54302 surf 11.1701 Nballs 3 center 110.328, 73.908, 7.04462
protocols.packstat: Cavity: 8 volume 2.55097 surf 8.04248 Nballs 1 center 110.869, 64.5437, 13.1925
protocols.packstat: Cavity: 9 volume 7.11908 surf 18.5393 Nballs 3 center 111.079, 78.1919, 11.2133
protocols.packstat: Cavity: 10 volume 2.55097 surf 8.04248 Nballs 1 center 111.106, 96.4982, -7.36849
protocols.packstat: Cavity: 11 volume 2.55097 surf 8.04248 Nballs 1 center 111.27, 61.0694, 10.8228
protocols.packstat: Cavity: 12 volume 2.425 surf 7.64532 Nballs 1 center 111.341, 74.4967, 8.06828
protocols.packstat: Cavity: 13 volume 4.03117 surf 12.7091 Nballs 2 center 111.655, 70.4263, 11.836
protocols.packstat: Cavity: 14 volume 4.82649 surf 14.5941 Nballs 3 center 112.076, 67.9297, 11.6379
protocols.packstat: Cavity: 15 volume 2.37776 surf 7.49638 Nballs 1 center 111.944, 90.9051, -5.14749
protocols.packstat: Cavity: 16 volume 18.0591 surf 55.9087 Nballs 18 center 113.428, 92.0645, 0.493938
protocols.packstat: Cavity: 17 volume 3.84461 surf 11.8031 Nballs 6 center 112.669, 80.8669, -3.13641
protocols.packstat: Cavity: 18 volume 12.5401 surf 36.5371 Nballs 17 center 113.263, 65.7758, 15.009
protocols.packstat: Cavity: 19 volume 17.209 surf 47.2643 Nballs 23 center 113.577, 79.6175, -2.36856
protocols.packstat: Cavity: 20 volume 2.55097 surf 8.04248 Nballs 1 center 112.797, 96.0096, -6.63564
protocols.packstat: Cavity: 21 volume 8.87597 surf 27.1092 Nballs 7 center 113.173, 98.2161, -2.88803
protocols.packstat: Cavity: 22 volume 5.68504 surf 16.7047 Nballs 10 center 113.662, 97.6328, 1.97814
protocols.packstat: Cavity: 23 volume 15.7572 surf 46.1 Nballs 24 center 114.311, 91.9191, -4.4538
protocols.packstat: Cavity: 24 volume 6.39318 surf 20.1558 Nballs 6 center 113.682, 68.0179, 20.1155
protocols.packstat: Cavity: 25 volume 20.4625 surf 56.4757 Nballs 39 center 114.568, 97.2294, 0.463028
protocols.packstat: Cavity: 26 volume 6.00797 surf 17.0623 Nballs 3 center 113.977, 62.0299, 5.88648
protocols.packstat: Cavity: 27 volume 2.55097 surf 8.04248 Nballs 1 center 113.656, 91.9813, -11.4363
protocols.packstat: Cavity: 28 volume 0.818831 surf 2.58154 Nballs 1 center 113.737, 96.2329, 1.40652
protocols.packstat: Cavity: 29 volume 2.55097 surf 8.04248 Nballs 1 center 113.836, 64.546, 5.32049
protocols.packstat: Cavity: 30 volume 7.41292 surf 21.0712 Nballs 4 center 114.097, 67.4332, 12.6962
protocols.packstat: Cavity: 31 volume 3.96818 surf 12.5105 Nballs 2 center 114.291, 86.0593, 0.00813843
protocols.packstat: Cavity: 32 volume 6.56492 surf 18.7239 Nballs 2 center 114.187, 93.3337, 3.85823
protocols.packstat: Cavity: 33 volume 4.88149 surf 15.3899 Nballs 2 center 114.714, 86.3734, -4.59228
protocols.packstat: Cavity: 34 volume 3.65325 surf 11.5176 Nballs 2 center 114.665, 87.6007, 6.26455
protocols.packstat: Cavity: 35 volume 5.09225 surf 15.3232 Nballs 9 center 115.426, 85.8142, -9.11826
protocols.packstat: Cavity: 36 volume 25.2755 surf 74.0648 Nballs 46 center 116.971, 69.9076, 14.2684
protocols.packstat: Cavity: 37 volume 16.3084 surf 48.5721 Nballs 33 center 116.428, 86.2723, -8.1559
protocols.packstat: Cavity: 38 volume 13.015 surf 39.1652 Nballs 16 center 117.67, 102.07, 6.07885
protocols.packstat: Cavity: 39 volume 14.3322 surf 43.6224 Nballs 18 center 116.717, 100.6, -4.98243
protocols.packstat: Cavity: 40 volume 30.3628 surf 80.4193 Nballs 45 center 117.709, 95.0936, 9.29648
protocols.packstat: Cavity: 41 volume 9.57759 surf 25.2033 Nballs 19 center 116.833, 97.1322, 9.72719
protocols.packstat: Cavity: 42 volume 10.2899 surf 30.1764 Nballs 11 center 117.418, 97.4761, -9.02069
protocols.packstat: Cavity: 43 volume 0.771591 surf 2.4326 Nballs 1 center 116.725, 94.3086, 8.79455
protocols.packstat: Cavity: 44 volume 5.11769 surf 16.1346 Nballs 6 center 117.323, 74.4239, 9.86859
protocols.packstat: Cavity: 45 volume 2.55097 surf 8.04248 Nballs 1 center 117.187, 66.9242, 5.1289
protocols.packstat: Cavity: 46 volume 10.9386 surf 33.228 Nballs 11 center 117.97, 73.756, -0.269401
protocols.packstat: Cavity: 47 volume 16.1137 surf 47.7848 Nballs 28 center 118.665, 80.8708, -12.7232
protocols.packstat: Cavity: 48 volume 10.6648 surf 29.8203 Nballs 12 center 117.933, 95.0097, -1.10985
protocols.packstat: Cavity: 49 volume 0.614123 surf 1.93615 Nballs 1 center 117.593, 74.0305, -1.24545
protocols.packstat: Cavity: 50 volume 1.98409 surf 6.25526 Nballs 1 center 117.819, 64.7505, 15.1191
protocols.packstat: Cavity: 51 volume 6.20034 surf 19.2366 Nballs 7 center 118.412, 90.3769, 5.3806
protocols.packstat: Cavity: 52 volume 7.78401 surf 22.7281 Nballs 4 center 118.912, 79.0572, -0.0926364
protocols.packstat: Cavity: 53 volume 3.76471 surf 11.0545 Nballs 2 center 118.28, 70.3296, 0.142803
protocols.packstat: Cavity: 54 volume 6.9786 surf 20.3001 Nballs 5 center 118.702, 64.2642, 13.935
protocols.packstat: Cavity: 55 volume 2.73993 surf 8.63822 Nballs 2 center 118.515, 65.2872, 18.8878
protocols.packstat: Cavity: 56 volume 2.55097 surf 8.04248 Nballs 1 center 118.588, 82.5448, -0.23826
protocols.packstat: Cavity: 57 volume 6.76986 surf 19.8238 Nballs 5 center 119.257, 72.6797, 4.24704
protocols.packstat: Cavity: 58 volume 11.5338 surf 32.4251 Nballs 12 center 119.863, 96.4155, -4.09423
protocols.packstat: Cavity: 59 volume 4.03117 surf 12.7091 Nballs 2 center 119.24, 92.0479, -9.62735
protocols.packstat: Cavity: 60 volume 4.48899 surf 13.3048 Nballs 2 center 119.545, 62.6888, -11.4213
protocols.packstat: Cavity: 61 volume 16.3364 surf 49.9056 Nballs 25 center 120.553, 83.6351, -15.7363
protocols.packstat: Cavity: 62 volume 5.09977 surf 15.151 Nballs 2 center 119.327, 89.5171, 0.667947
protocols.packstat: Cavity: 63 volume 4.81432 surf 14.7345 Nballs 5 center 120.102, 85.2294, -3.42998
protocols.packstat: Cavity: 64 volume 3.05487 surf 9.63111 Nballs 2 center 119.522, 95.5122, 4.59383
protocols.packstat: Cavity: 65 volume 4.98016 surf 14.8004 Nballs 2 center 119.941, 67.3832, 0.717842
protocols.packstat: Cavity: 66 volume 5.02321 surf 15.8367 Nballs 5 center 120.145, 99.77, 6.19116
protocols.packstat: Cavity: 67 volume 3.08636 surf 9.7304 Nballs 2 center 119.974, 67.4516, 18.95
protocols.packstat: Cavity: 68 volume 13.5879 surf 38.6098 Nballs 17 center 121.124, 83.8239, -2.7264
protocols.packstat: Cavity: 69 volume 3.81071 surf 12.0141 Nballs 2 center 120.302, 61.723, 5.27939
protocols.packstat: Cavity: 70 volume 13.1959 surf 39.3141 Nballs 17 center 121.208, 59.8661, -13.6731
protocols.packstat: Cavity: 71 volume 1.87386 surf 5.90775 Nballs 1 center 120.209, 89.8709, -4.60305
protocols.packstat: Cavity: 72 volume 79.4412 surf 221.43 Nballs 204 center 125.911, 63.5588, -1.56116
protocols.packstat: Cavity: 73 volume 15.8182 surf 44.6114 Nballs 15 center 122.029, 88.9595, -4.14408
protocols.packstat: Cavity: 74 volume 8.77094 surf 27.6522 Nballs 6 center 120.851, 79.1458, -9.05232
protocols.packstat: Cavity: 75 volume 3.52727 surf 11.1205 Nballs 2 center 121.039, 65.5795, 5.61532
protocols.packstat: Cavity: 76 volume 2.55097 surf 8.04248 Nballs 1 center 120.969, 84.9758, -18.6604
protocols.packstat: Cavity: 77 volume 4.87001 surf 14.4862 Nballs 2 center 121.195, 69.8979, 2.76096
protocols.packstat: Cavity: 78 volume 5.68706 surf 16.714 Nballs 7 center 121.431, 74.6661, 4.18238
protocols.packstat: Cavity: 79 volume 21.1058 surf 62.2532 Nballs 30 center 122.954, 60.6234, 18.7401
protocols.packstat: Cavity: 80 volume 2.55097 surf 8.04248 Nballs 1 center 121.354, 52.3978, -16.2583
protocols.packstat: Cavity: 81 volume 2.44075 surf 7.69496 Nballs 1 center 121.427, 82.2703, -7.09482
protocols.packstat: Cavity: 82 volume 7.42804 surf 22.8754 Nballs 5 center 122.578, 64.2168, -10.6569
protocols.packstat: Cavity: 83 volume 2.55097 surf 8.04248 Nballs 1 center 121.735, 45.9447, -1.27726
protocols.packstat: Cavity: 84 volume 2.44075 surf 7.69496 Nballs 2 center 121.922, 81.7463, -5.60328
protocols.packstat: Cavity: 85 volume 4.51932 surf 14.2481 Nballs 3 center 122.24, 80.6465, -5.98389
protocols.packstat: Cavity: 86 volume 19.5222 surf 56.1856 Nballs 44 center 123.315, 87.7736, -11.1867
protocols.packstat: Cavity: 87 volume 16.6497 surf 47.3876 Nballs 28 center 123.856, 68.7146, -3.36366
protocols.packstat: Cavity: 88 volume 3.56885 surf 10.1788 Nballs 1 center 122.549, 72.9784, -0.886774
protocols.packstat: Cavity: 89 volume 2.55097 surf 8.04248 Nballs 1 center 122.666, 71.018, -6.76135
protocols.packstat: Cavity: 90 volume 11.6199 surf 34.0968 Nballs 11 center 123.981, 63.8144, 9.11774
protocols.packstat: Cavity: 91 volume 2.55097 surf 8.04248 Nballs 1 center 122.896, 68.1657, 15.4034
protocols.packstat: Cavity: 92 volume 2.55097 surf 8.04248 Nballs 1 center 122.947, 69.8916, 13.3663
protocols.packstat: Cavity: 93 volume 2.55097 surf 8.04248 Nballs 1 center 122.991, 99.2304, -6.36731
protocols.packstat: Cavity: 94 volume 2.55097 surf 8.04248 Nballs 1 center 123.299, 74.0134, -7.25168
protocols.packstat: Cavity: 95 volume 3.56885 surf 10.1788 Nballs 1 center 123.415, 47.8646, -2.69335
protocols.packstat: Cavity: 96 volume 22.3527 surf 63.357 Nballs 22 center 126.387, 67.2202, 6.09081
protocols.packstat: Cavity: 97 volume 6.53614 surf 18.1041 Nballs 3 center 124.287, 67.324, 16.8071
protocols.packstat: Cavity: 98 volume 3.68924 surf 10.8629 Nballs 2 center 123.873, 59.8843, 6.8015
protocols.packstat: Cavity: 99 volume 2.55097 surf 8.04248 Nballs 1 center 123.962, 62.2165, 15.3585
protocols.packstat: Cavity: 100 volume 1.25974 surf 3.97159 Nballs 1 center 124.032, 64.121, 20.5915
protocols.packstat: Cavity: 101 volume 77.4185 surf 184.207 Nballs 104 center 129.093, 59.1538, -13.3793
protocols.packstat: Cavity: 102 volume 2.55097 surf 8.04248 Nballs 1 center 124.229, 79.4683, -4.54328
protocols.packstat: Cavity: 103 volume 2.55097 surf 8.04248 Nballs 1 center 124.282, 76.2311, -11.9437
protocols.packstat: Cavity: 104 volume 4.27388 surf 12.8689 Nballs 13 center 124.916, 63.1838, 0.0837605
protocols.packstat: Cavity: 105 volume 5.84018 surf 17.6177 Nballs 4 center 124.826, 66.0472, -12.345
protocols.packstat: Cavity: 106 volume 10.7602 surf 31.7658 Nballs 11 center 125.31, 61.4012, -11.0543
protocols.packstat: Cavity: 107 volume 2.44075 surf 7.69496 Nballs 2 center 124.903, 71.3614, -13.8162
protocols.packstat: Cavity: 108 volume 5.20077 surf 15.5621 Nballs 5 center 124.969, 56.8444, -4.26903
protocols.packstat: Cavity: 109 volume 20.424 surf 60.8972 Nballs 34 center 125.852, 57.6028, -19.0766
protocols.packstat: Cavity: 110 volume 22.7361 surf 61.4185 Nballs 33 center 127.01, 69.8029, -13.3273
protocols.packstat: Cavity: 111 volume 1.77659 surf 5.44077 Nballs 8 center 125.853, 66.4607, -1.40961
protocols.packstat: Cavity: 112 volume 3.2232 surf 9.36117 Nballs 5 center 126.192, 61.4781, 10.3925
protocols.packstat: Cavity: 113 volume 14.9603 surf 42.7947 Nballs 21 center 127.199, 62.023, 11.4704
protocols.packstat: Cavity: 114 volume 4.62954 surf 14.5956 Nballs 2 center 126.588, 75.0819, -5.57723
protocols.packstat: Cavity: 115 volume 2.55097 surf 8.04248 Nballs 1 center 126.04, 52.2693, -5.78028
protocols.packstat: Cavity: 116 volume 3.41464 surf 9.73894 Nballs 1 center 126.439, 61.2212, 14.783
protocols.packstat: Cavity: 117 volume 10.474 surf 32.7036 Nballs 11 center 128.134, 63.5343, 20.6407
protocols.packstat: Cavity: 118 volume 3.8737 surf 12.2126 Nballs 2 center 127.035, 59.3917, 1.30641
protocols.packstat: Cavity: 119 volume 3.62175 surf 11.4183 Nballs 2 center 127.046, 67.5402, 12.1379
protocols.packstat: Cavity: 120 volume 3.90969 surf 11.558 Nballs 2 center 127.098, 49.4229, -5.06416
protocols.packstat: Cavity: 121 volume 2.55097 surf 8.04248 Nballs 1 center 127.134, 65.4481, 13.7748
protocols.packstat: Cavity: 122 volume 1.48019 surf 4.66662 Nballs 1 center 127.353, 67.5461, -7.95374
protocols.packstat: Cavity: 123 volume 9.89873 surf 29.2727 Nballs 10 center 128.02, 68.5197, -7.31866
protocols.packstat: Cavity: 124 volume 3.52727 surf 11.1205 Nballs 2 center 127.762, 58.0081, 6.66406
protocols.packstat: Cavity: 125 volume 14.6902 surf 43.8559 Nballs 14 center 129.466, 66.8828, 16.9714
protocols.packstat: Cavity: 126 volume 3.44854 surf 10.8722 Nballs 2 center 127.882, 67.3899, -19.6281
protocols.packstat: Cavity: 127 volume 1.93685 surf 6.10632 Nballs 1 center 127.703, 56.7463, -15.3943
protocols.packstat: Cavity: 128 volume 1.39999 surf 3.6458 Nballs 1 center 127.706, 59.3439, -12.4953
protocols.packstat: Cavity: 129 volume 2.53523 surf 7.99283 Nballs 1 center 127.73, 50.8513, -5.69655
protocols.packstat: Cavity: 130 volume 2.55097 surf 8.04248 Nballs 1 center 127.875, 57.4652, -20.7191
protocols.packstat: Cavity: 131 volume 4.01542 surf 12.6595 Nballs 3 center 128.124, 53.317, -12.097
protocols.packstat: Cavity: 132 volume 3.6375 surf 11.468 Nballs 2 center 128.213, 50.3029, -7.39382
protocols.packstat: Cavity: 133 volume 0.425162 surf 1.34041 Nballs 1 center 128.166, 59.3391, -14.5548
protocols.packstat: Cavity: 134 volume 2.55097 surf 8.04248 Nballs 1 center 128.24, 95.881, -6.86954
protocols.packstat: Cavity: 135 volume 17.9172 surf 54.476 Nballs 30 center 129.487, 44.5729, -2.02295
protocols.packstat: Cavity: 136 volume 2.55097 surf 8.04248 Nballs 1 center 128.435, 53.6936, -15.9389
protocols.packstat: Cavity: 137 volume 13.0779 surf 38.0288 Nballs 14 center 129.785, 62.874, 13.8051
protocols.packstat: Cavity: 138 volume 11.0837 surf 34.0828 Nballs 11 center 129.389, 57.8453, -0.380894
protocols.packstat: Cavity: 139 volume 2.55097 surf 8.04248 Nballs 1 center 129.351, 57.7083, -3.79921
protocols.packstat: Cavity: 140 volume 5.2131 surf 15.4884 Nballs 2 center 129.525, 61.0246, -6.10358
protocols.packstat: Cavity: 141 volume 18.6354 surf 57.699 Nballs 43 center 130.978, 63.567, -0.994203
protocols.packstat: Cavity: 142 volume 2.95899 surf 8.73285 Nballs 2 center 129.741, 62.2331, -12.0264
protocols.packstat: Cavity: 143 volume 5.5586 surf 17.5247 Nballs 5 center 130.185, 60.601, 6.65721
protocols.packstat: Cavity: 144 volume 7.07029 surf 22.2906 Nballs 4 center 130.325, 51.7184, -0.559198
protocols.packstat: Cavity: 145 volume 0.535389 surf 1.68793 Nballs 1 center 130.163, 63.2694, -16.037
protocols.packstat: Cavity: 146 volume 1.90536 surf 6.00704 Nballs 1 center 130.205, 54.0272, -4.3669
protocols.packstat: Cavity: 147 volume 5.51307 surf 16.7652 Nballs 3 center 130.262, 50.1302, -13.2968
protocols.packstat: Cavity: 148 volume 4.69253 surf 14.7942 Nballs 5 center 130.575, 52.5922, -4.63058
protocols.packstat: Cavity: 149 volume 2.55097 surf 8.04248 Nballs 1 center 130.612, 46.5118, -14.7267
protocols.packstat: Cavity: 150 volume 1.76364 surf 5.56023 Nballs 2 center 131.43, 54.906, -16.3076
protocols.packstat: Cavity: 151 volume 3.76347 surf 11.8651 Nballs 2 center 131.753, 53.813, -5.9064
protocols.packstat: Cavity: 152 volume 10.2534 surf 30.5976 Nballs 17 center 132.047, 55.4909, -16.2468
protocols.packstat: Cavity: 153 volume 2.55097 surf 8.04248 Nballs 1 center 131.947, 70.9739, 9.81295
protocols.packstat: Cavity: 154 volume 7.10178 surf 22.3899 Nballs 5 center 133.183, 59.2267, -8.79358
protocols.packstat: Cavity: 155 volume 12.6072 surf 35.2409 Nballs 15 center 133.986, 53.7323, 9.75029
protocols.packstat: Cavity: 156 volume 3.57971 surf 10.3642 Nballs 5 center 133.288, 58.577, 0.983229
protocols.packstat: Cavity: 157 volume 1.13377 surf 3.57443 Nballs 1 center 133.099, 53.0463, 10.5314
protocols.packstat: Cavity: 158 volume 3.92094 surf 12.3616 Nballs 2 center 133.319, 66.1892, -11.2911
protocols.packstat: Cavity: 159 volume 13.109 surf 38.4267 Nballs 16 center 134.824, 53.9351, -4.43125
protocols.packstat: Cavity: 160 volume 14.9652 surf 45.5981 Nballs 18 center 134.389, 58.3855, 15.75
protocols.packstat: Cavity: 161 volume 69.504 surf 191.744 Nballs 132 center 137.373, 59.6221, 2.31722
protocols.packstat: Cavity: 162 volume 1.13377 surf 3.57443 Nballs 1 center 133.501, 55.1418, -0.0737636
protocols.packstat: Cavity: 163 volume 3.52727 surf 11.1205 Nballs 2 center 133.58, 68.6343, 12.4182
protocols.packstat: Cavity: 164 volume 19.1283 surf 47.5172 Nballs 40 center 134.387, 56.6922, 0.654692
protocols.packstat: Cavity: 165 volume 6.76397 surf 20.9672 Nballs 9 center 134.602, 60.3655, 9.56486
protocols.packstat: Cavity: 166 volume 5.93745 surf 17.7721 Nballs 5 center 134.198, 65.1309, -14.7282
protocols.packstat: Cavity: 167 volume 2.55097 surf 8.04248 Nballs 1 center 133.962, 46.2877, -1.25325
protocols.packstat: Cavity: 168 volume 6.35626 surf 17.3548 Nballs 10 center 134.946, 60.3097, -14.3448
protocols.packstat: Cavity: 169 volume 4.04691 surf 12.7587 Nballs 3 center 134.362, 63.9596, -7.38074
protocols.packstat: Cavity: 170 volume 2.55097 surf 8.04248 Nballs 1 center 134.079, 48.7511, -7.67142
protocols.packstat: Cavity: 171 volume 13.5123 surf 40.781 Nballs 19 center 134.91, 60.4306, -3.5268
protocols.packstat: Cavity: 172 volume 11.5706 surf 31.2073 Nballs 13 center 135.629, 69.365, -17.4139
protocols.packstat: Cavity: 173 volume 2.55097 surf 8.04248 Nballs 1 center 134.762, 64.0286, 4.00132
protocols.packstat: Cavity: 174 volume 46.0136 surf 127.271 Nballs 69 center 137.518, 50.1238, -0.663755
protocols.packstat: Cavity: 175 volume 13.2446 surf 35.8297 Nballs 31 center 136.183, 59.389, -13.461
protocols.packstat: Cavity: 176 volume 3.74711 surf 11.5486 Nballs 7 center 135.722, 61.7096, 3.71405
protocols.packstat: Cavity: 177 volume 2.425 surf 7.64532 Nballs 1 center 135.415, 54.9341, 11.5718
protocols.packstat: Cavity: 178 volume 3.99967 surf 12.6098 Nballs 2 center 136.081, 63.3244, 17.6186
protocols.packstat: Cavity: 179 volume 9.23605 surf 28.6948 Nballs 12 center 136.547, 53.9604, 13.8201
protocols.packstat: Cavity: 180 volume 25.8496 surf 70.7937 Nballs 51 center 137.227, 58.5226, -11.0692
protocols.packstat: Cavity: 181 volume 4.3461 surf 13.702 Nballs 3 center 136.731, 54.5983, -16.8502
protocols.packstat: Cavity: 182 volume 2.55097 surf 8.04248 Nballs 1 center 136.492, 49.0689, 4.5717
protocols.packstat: Cavity: 183 volume 6.29428 surf 19.301 Nballs 5 center 137.826, 56.0845, 6.34539
protocols.packstat: Cavity: 184 volume 9.78323 surf 30.0755 Nballs 8 center 137.708, 64.2633, -19.4037
protocols.packstat: Cavity: 185 volume 20.2419 surf 62.8962 Nballs 29 center 139.458, 55.5868, 11.4479
protocols.packstat: Cavity: 186 volume 3.56885 surf 10.1788 Nballs 1 center 137.735, 60.6608, -1.53873
protocols.packstat: Cavity: 187 volume 11.1442 surf 32.9076 Nballs 22 center 139.508, 54.6094, -4.68225
protocols.packstat: Cavity: 188 volume 7.275 surf 22.936 Nballs 5 center 139.424, 60.2275, 14.9509
protocols.packstat: Cavity: 189 volume 40.2624 surf 118.318 Nballs 100 center 141.451, 60.0147, 7.80973
protocols.packstat: Cavity: 190 volume 2.55097 surf 8.04248 Nballs 1 center 139.287, 50.9852, 17.7013
protocols.packstat: Cavity: 191 volume 2.55097 surf 8.04248 Nballs 1 center 139.482, 54.157, -9.29403
protocols.packstat: Cavity: 192 volume 1.43295 surf 4.51769 Nballs 1 center 139.572, 55.0529, 13.0906
protocols.packstat: Cavity: 193 volume 2.55097 surf 8.04248 Nballs 1 center 140.706, 49.4617, -2.92299
protocols.packstat: Cavity: 194 volume 5.82816 surf 16.894 Nballs 7 center 141.205, 64.6488, -0.111334
protocols.packstat: Cavity: 195 volume 2.55097 surf 8.04248 Nballs 1 center 140.934, 50.8612, -4.0948
protocols.packstat: Cavity: 196 volume 23.3854 surf 66.1425 Nballs 38 center 142.403, 62.2934, -0.862178
protocols.packstat: Cavity: 197 volume 2.55097 surf 8.04248 Nballs 1 center 141.099, 59.5095, -10.285
protocols.packstat: Cavity: 198 volume 3.92094 surf 12.3616 Nballs 2 center 141.401, 46.0889, -3.80399
protocols.packstat: Cavity: 199 volume 7.30657 surf 21.6793 Nballs 5 center 141.647, 50.6569, 4.21382
protocols.packstat: Cavity: 200 volume 3.27656 surf 8.53272 Nballs 1 center 141.362, 46.6439, 8.22048
protocols.packstat: Cavity: 201 volume 4.50357 surf 14.1984 Nballs 2 center 141.549, 50.0504, 15.6398
protocols.packstat: Cavity: 202 volume 9.60389 surf 28.9058 Nballs 7 center 142.101, 47.0142, 7.15893
protocols.packstat: Cavity: 203 volume 2.69269 surf 8.48928 Nballs 3 center 141.591, 61.7857, -2.88381
protocols.packstat: Cavity: 204 volume 9.09464 surf 27.0371 Nballs 7 center 142.161, 62.6911, 12.8477
protocols.packstat: Cavity: 205 volume 2.55097 surf 8.04248 Nballs 1 center 141.725, 51.4935, 8.60466
protocols.packstat: Cavity: 206 volume 8.95641 surf 25.6719 Nballs 15 center 142.587, 57.2817, -13.3192
protocols.packstat: Cavity: 207 volume 2.53523 surf 7.99283 Nballs 3 center 142.498, 56.839, -10.5332
protocols.packstat: Cavity: 208 volume 2.23604 surf 7.04958 Nballs 1 center 142.551, 55.3012, -13.3141
protocols.packstat: Cavity: 209 volume 2.55097 surf 8.04248 Nballs 1 center 142.736, 60.6748, -4.7936
protocols.packstat: Cavity: 210 volume 2.55097 surf 8.04248 Nballs 1 center 142.747, 62.082, -14.984
protocols.packstat: Cavity: 211 volume 46.5051 surf 136.596 Nballs 82 center 145.733, 55.1112, -11.1555
protocols.packstat: Cavity: 212 volume 9.05151 surf 27.3117 Nballs 15 center 143.273, 58.3418, -14.3265
protocols.packstat: Cavity: 213 volume 10.5147 surf 32.7393 Nballs 14 center 144.209, 65.2453, -9.64092
protocols.packstat: Cavity: 214 volume 2.31082 surf 6.94098 Nballs 3 center 143.641, 50.529, -1.91357
protocols.packstat: Cavity: 215 volume 1.10227 surf 3.47514 Nballs 1 center 143.519, 48.509, -1.61192
protocols.packstat: Cavity: 216 volume 68.6739 surf 176.251 Nballs 130 center 147.006, 53.4269, -2.75739
protocols.packstat: Cavity: 217 volume 6.21477 surf 18.5005 Nballs 5 center 144.214, 68.0513, -11.215
protocols.packstat: Cavity: 218 volume 6.34602 surf 15.2053 Nballs 1 center 143.776, 56.0414, -5.38907
protocols.packstat: Cavity: 219 volume 8.89172 surf 24.7728 Nballs 19 center 145.236, 52.191, -5.4299
protocols.packstat: Cavity: 220 volume 1.62192 surf 5.11343 Nballs 1 center 143.998, 66.1431, -10.8625
protocols.packstat: Cavity: 221 volume 16.751 surf 49.2253 Nballs 28 center 145.95, 68.3974, -14.8954
protocols.packstat: Cavity: 222 volume 4.00417 surf 11.8558 Nballs 2 center 144.762, 54.0369, -0.239599
protocols.packstat: Cavity: 223 volume 0.771591 surf 2.4326 Nballs 1 center 144.876, 55.3992, -12.0558
protocols.packstat: Cavity: 224 volume 7.67619 surf 20.6088 Nballs 7 center 145.395, 53.993, 13.3801
protocols.packstat: Cavity: 225 volume 16.8532 surf 51.2289 Nballs 21 center 146.707, 44.4009, -0.0135834
protocols.packstat: Cavity: 226 volume 2.58495 surf 7.4064 Nballs 5 center 145.137, 53.3419, -12.7156
protocols.packstat: Cavity: 227 volume 2.55097 surf 8.04248 Nballs 1 center 145.085, 54.0518, 10.4833
protocols.packstat: Cavity: 228 volume 12.0273 surf 31.3306 Nballs 14 center 146.068, 51.6035, 7.2088
protocols.packstat: Cavity: 229 volume 2.55097 surf 8.04248 Nballs 1 center 145.279, 54.9149, 2.38676
protocols.packstat: Cavity: 230 volume 3.79722 surf 11.5874 Nballs 6 center 146.196, 55.5341, -3.45852
protocols.packstat: Cavity: 231 volume 2.55097 surf 8.04248 Nballs 1 center 145.75, 62.9979, -15.6498
protocols.packstat: Cavity: 232 volume 2.44075 surf 7.69496 Nballs 1 center 145.912, 61.2925, -15.4513
protocols.packstat: Cavity: 233 volume 20.1336 surf 55.1788 Nballs 36 center 147.269, 58.7084, -15.287
protocols.packstat: Cavity: 234 volume 2.55097 surf 8.04248 Nballs 1 center 147.236, 59.8162, -12.0677
protocols.packstat: Cavity: 235 volume 5.65642 surf 16.5682 Nballs 3 center 147.445, 63.6751, -9.39828
protocols.packstat: Cavity: 236 volume 3.4013 surf 10.7233 Nballs 2 center 148.114, 61.0688, -6.16288
protocols.packstat: Cavity: 237 volume 4.50357 surf 14.1984 Nballs 2 center 148.226, 50.2777, 3.84549
protocols.packstat: Cavity: 238 volume 5.63633 surf 17.3393 Nballs 4 center 148.855, 50.6934, -8.25979
protocols.packstat: Cavity: 239 volume 2.53523 surf 7.99283 Nballs 1 center 148.314, 50.2756, -0.949012
protocols.packstat: Cavity: 240 volume 3.30682 surf 10.4254 Nballs 2 center 148.554, 57.5996, 4.07873
protocols.packstat: Cavity: 241 volume 2.55097 surf 8.04248 Nballs 1 center 148.484, 51.6028, 13.4553
protocols.packstat: Cavity: 242 volume 7.03709 surf 20.8462 Nballs 7 center 149.049, 52.3586, -5.6861
protocols.packstat: Cavity: 243 volume 3.56885 surf 10.1788 Nballs 1 center 148.773, 46.1097, 3.83424
protocols.packstat: Cavity: 244 volume 16.8271 surf 50.6107 Nballs 24 center 149.801, 56.9163, 5.77091
protocols.packstat: Cavity: 245 volume 2.55097 surf 8.04248 Nballs 1 center 148.988, 52.0149, -9.90748
protocols.packstat: Cavity: 246 volume 17.0638 surf 51.0295 Nballs 27 center 150.858, 53.4686, 2.09237
protocols.packstat: Cavity: 247 volume 3.73198 surf 11.7658 Nballs 2 center 149.621, 64.5869, -6.84946
protocols.packstat: Cavity: 248 volume 4.69253 surf 14.7942 Nballs 2 center 150.276, 62.0518, -6.61823
protocols.packstat: Cavity: 249 volume 15.4774 surf 44.5051 Nballs 26 center 151.569, 53.1669, 8.99529
protocols.packstat: Cavity: 250 volume 4.76614 surf 14.1853 Nballs 7 center 150.454, 54.5077, 3.4808
protocols.packstat: Cavity: 251 volume 2.50373 surf 7.89354 Nballs 1 center 150.483, 51.1759, -6.99321
protocols.packstat: Cavity: 252 volume 2.55097 surf 8.04248 Nballs 1 center 150.999, 48.7078, -6.80596
protocols.packstat: Cavity: 253 volume 1.38571 surf 4.36875 Nballs 1 center 151.205, 54.2322, -10.9501
protocols.packstat: Cavity: 254 volume 12.99 surf 36.9762 Nballs 24 center 151.945, 54.0559, -12.1542
protocols.packstat: Cavity: 255 volume 1.10227 surf 3.47514 Nballs 1 center 151.669, 55.2225, -13.4483
protocols.packstat: Cavity: 256 volume 7.66905 surf 22.9996 Nballs 5 center 153.146, 48.481, -7.95378
protocols.packstat: Cavity: 257 volume 2.55097 surf 8.04248 Nballs 1 center 152.126, 49.183, 3.56304
protocols.packstat: Cavity: 258 volume 4.72402 surf 14.8935 Nballs 4 center 152.724, 45.6615, 8.45486
protocols.packstat: Cavity: 259 volume 6.50581 surf 18.8488 Nballs 3 center 152.564, 49.4089, 6.10459
protocols.packstat: Cavity: 260 volume 17.8278 surf 48.1626 Nballs 22 center 153.097, 61.0417, -7.68814
protocols.packstat: Cavity: 261 volume 4.40909 surf 13.9006 Nballs 4 center 152.673, 59.9706, -10.6762
protocols.packstat: Cavity: 262 volume 5.62927 surf 16.9925 Nballs 3 center 152.631, 43.5326, 3.28184
protocols.packstat: Cavity: 263 volume 5.85306 surf 17.7775 Nballs 6 center 152.821, 54.8393, 3.03025
protocols.packstat: Cavity: 264 volume 11.4093 surf 34.3015 Nballs 15 center 153.949, 49.3005, -2.26201
protocols.packstat: Cavity: 265 volume 5.99982 surf 16.8079 Nballs 3 center 153.343, 47.6366, 2.84972
protocols.packstat: Cavity: 266 volume 2.55097 surf 8.04248 Nballs 1 center 153.341, 47.9959, -17.5242
protocols.packstat: Cavity: 267 volume 4.53506 surf 14.2977 Nballs 2 center 153.564, 51.4087, -10.5473
protocols.packstat: Cavity: 268 volume 3.96818 surf 12.5105 Nballs 2 center 154.403, 53.8154, -4.9459
protocols.packstat: Cavity: 269 volume 3.99967 surf 12.6098 Nballs 3 center 154.397, 55.7422, -10.9706
protocols.packstat: Cavity: 270 volume 3.8737 surf 12.2126 Nballs 2 center 155.146, 57.4123, -0.957552
protocols.packstat: Cavity: 271 volume 7.79914 surf 23.8203 Nballs 10 center 156.792, 50.883, -12.9949
protocols.packstat: Cavity: 272 volume 2.55097 surf 8.04248 Nballs 1 center 156.194, 56.0063, -12.7509
protocols.packstat: Cavity: 273 volume 3.11786 surf 9.82969 Nballs 3 center 156.613, 50.9166, -14.799
protocols.packstat: Cavity: 274 volume 4.09881 surf 12.2204 Nballs 2 center 156.965, 52.7571, -15.2789
protocols.packstat: Cavity: 275 volume 2.55097 surf 8.04248 Nballs 1 center 157.191, 46.3522, -7.11208
