core.init: command: /vol/ek/share/rosetta/mini/build/src/release/linux/2.6/32/x86/gcc/holes.linuxgccrelease -database /vol/ek/share/rosetta/minirosetta_database/ -holes:dalphaball /vol/ek/share/bin/DAlphaBall -holes:make_pdb -holes:make_voids -s 1LVM.mainChain.pdb
core.init: 'RNG device' seed mode, using '/dev/urandom', seed=321804459 seed_offset=0 real_seed=321804459
core.init.random: RandomGenerator:init: Normal mode, seed=321804459 RG_type=mt19937
core.scoring.ScoreFunctionFactory: SCOREFUNCTION: standard
core.scoring.ScoreFunctionFactory: SCOREFUNCTION PATCH: score12
core.scoring.etable: Starting energy table calculation
core.scoring.etable: smooth_etable: changing atr/rep split to bottom of energy well
core.scoring.etable: smooth_etable: spline smoothing lj etables (maxdis = 6)
core.scoring.etable: smooth_etable: spline smoothing solvation etables (max_dis = 6)
core.scoring.etable: Finished calculating energy tables.
core.io.database: Database file opened: /vol/ek/share/rosetta/minirosetta_database/pdb_pair_stats_fine
core.io.database: Database file opened: /vol/ek/share/rosetta/minirosetta_database/P_AA
core.io.database: Database file opened: /vol/ek/share/rosetta/minirosetta_database/P_AA_n
core.io.database: Database file opened: /vol/ek/share/rosetta/minirosetta_database/P_AA_pp
core.io.database: Database file opened: /vol/ek/share/rosetta/minirosetta_database/Rama_smooth_dyn.dat_ss_6.4
core.scoring.ScoreFunctionFactory: SCOREFUNCTION: standard
core.scoring.ScoreFunctionFactory: SCOREFUNCTION PATCH: score12
core.conformation.Conformation: [ WARNING ] missing heavyatom:  CG  on residue GLU 2
core.conformation.Conformation: [ WARNING ] missing heavyatom:  CD  on residue GLU 2
core.conformation.Conformation: [ WARNING ] missing heavyatom:  OE1 on residue GLU 2
core.conformation.Conformation: [ WARNING ] missing heavyatom:  OE2 on residue GLU 2
core.conformation.Conformation: [ WARNING ] missing heavyatom:  OG1 on residue THR 118
core.conformation.Conformation: [ WARNING ] missing heavyatom:  CG2 on residue THR 118
core.conformation.Conformation: [ WARNING ] missing heavyatom:  CG  on residue LYS 119
core.conformation.Conformation: [ WARNING ] missing heavyatom:  CD  on residue LYS 119
core.conformation.Conformation: [ WARNING ] missing heavyatom:  CE  on residue LYS 119
core.conformation.Conformation: [ WARNING ] missing heavyatom:  NZ  on residue LYS 119
core.conformation.Conformation: [ WARNING ] missing heavyatom:  OG  on residue SER 120
core.conformation.Conformation: [ WARNING ] missing heavyatom:  CG  on residue ASN 205
core.conformation.Conformation: [ WARNING ] missing heavyatom:  OD1 on residue ASN 205
core.conformation.Conformation: [ WARNING ] missing heavyatom:  ND2 on residue ASN 205
core.conformation.Conformation: [ WARNING ] missing heavyatom:  OXT on residue PRO_p:CtermProteinFull 221
core.pack.task: Packer task: initialize from command line() 
core.pack.pack_missing_sidechains: packing residue number 2 because of missing atom number 6 atom name  CG 
core.pack.pack_missing_sidechains: packing residue number 118 because of missing atom number 6 atom name  OG1
core.pack.pack_missing_sidechains: packing residue number 119 because of missing atom number 6 atom name  CG 
core.pack.pack_missing_sidechains: packing residue number 120 because of missing atom number 6 atom name  OG 
core.pack.pack_missing_sidechains: packing residue number 205 because of missing atom number 6 atom name  CG 
core.scoring.dunbrack: Dunbrack library took 0.06 seconds to load from binary
core.pack.interaction_graph.interaction_graph_factory: Instantiating DensePDInteractionGraph
core.pack.pack_rotamers: built 71 rotamers at 5 positions.
core.pack.pack_rotamers: IG: 3868 bytes
core.scoring.packing.compute_holes_score: compute_holes_surfs try: 1
core.scoring.packing.compute_holes_score: compute_holes_surfs completed successfully
core.scoring.packing.compute_holes_score: compute_rosettaholes_score done: 1.87082
RosettaHoles: 1LVM.mainChain.pdb 1.87082 1.87021 -2.10263 -28.5562
dumping pdb to 1LVM.mainChain.pdb_cavs.pdb
dumping cavities 
protocols.packstat: prune raduis 1.4 11351 6162 4068 3067 2525 2240 2057 1942 1870 1828 1804 1786 1774 1764 1758 1755 1754 1752 1752 
core.conformation.util: Non-ideal residue detected:  Residue #1 atom #3:  Ideal theta=1.20079, Inspected theta=1.22162 (in Radians)
core.io.silent: ERROR: trying to use a 'protein' type silent file for a non-ideal pose
core.io.silent: consider using the '-out:file:silent_struct_type binary' flag
