core.init: command: /vol/ek/share/rosetta/mini/build/src/release/linux/2.6/32/x86/gcc/holes.linuxgccrelease -database /vol/ek/share/rosetta/minirosetta_database/ -holes:dalphaball /vol/ek/share/bin/DAlphaBall -holes:make_pdb -holes:make_voids -s 1NVR.mainChain.pdb
core.init: 'RNG device' seed mode, using '/dev/urandom', seed=-194921448 seed_offset=0 real_seed=-194921448
core.init.random: RandomGenerator:init: Normal mode, seed=-194921448 RG_type=mt19937
core.scoring.ScoreFunctionFactory: SCOREFUNCTION: standard
core.scoring.ScoreFunctionFactory: SCOREFUNCTION PATCH: score12
core.scoring.etable: Starting energy table calculation
core.scoring.etable: smooth_etable: changing atr/rep split to bottom of energy well
core.scoring.etable: smooth_etable: spline smoothing lj etables (maxdis = 6)
core.scoring.etable: smooth_etable: spline smoothing solvation etables (max_dis = 6)
core.scoring.etable: Finished calculating energy tables.
core.io.database: Database file opened: /vol/ek/share/rosetta/minirosetta_database/pdb_pair_stats_fine
core.io.database: Database file opened: /vol/ek/share/rosetta/minirosetta_database/P_AA
core.io.database: Database file opened: /vol/ek/share/rosetta/minirosetta_database/P_AA_n
core.io.database: Database file opened: /vol/ek/share/rosetta/minirosetta_database/P_AA_pp
core.io.database: Database file opened: /vol/ek/share/rosetta/minirosetta_database/Rama_smooth_dyn.dat_ss_6.4
core.scoring.ScoreFunctionFactory: SCOREFUNCTION: standard
core.scoring.ScoreFunctionFactory: SCOREFUNCTION PATCH: score12
core.conformation.Conformation: [ WARNING ] missing heavyatom:  CG  on residue LYS 51
core.conformation.Conformation: [ WARNING ] missing heavyatom:  CD  on residue LYS 51
core.conformation.Conformation: [ WARNING ] missing heavyatom:  CE  on residue LYS 51
core.conformation.Conformation: [ WARNING ] missing heavyatom:  NZ  on residue LYS 51
core.conformation.Conformation: [ WARNING ] missing heavyatom:  OXT on residue ALA_p:CtermProteinFull 264
core.pack.task: Packer task: initialize from command line() 
core.pack.pack_missing_sidechains: packing residue number 51 because of missing atom number 6 atom name  CG 
core.scoring.dunbrack: Dunbrack library took 0.05 seconds to load from binary
core.pack.interaction_graph.interaction_graph_factory: Instantiating DensePDInteractionGraph
core.pack.pack_rotamers: built 19 rotamers at 1 positions.
core.pack.pack_rotamers: IG: 524 bytes
core.scoring.packing.compute_holes_score: compute_holes_surfs try: 1
core.scoring.packing.compute_holes_score: compute_holes_surfs completed successfully
core.scoring.packing.compute_holes_score: compute_rosettaholes_score done: 1.72866
RosettaHoles: 1NVR.mainChain.pdb 1.72866 1.72838 -2.3136 -207.787
dumping pdb to 1NVR.mainChain.pdb_cavs.pdb
dumping cavities 
protocols.packstat: prune raduis 1.4 14845 8346 5586 4251 3515 3108 2874 2730 2627 2572 2542 2522 2513 2506 2499 2493 2488 2482 2479 2477 2477 
core.conformation.util: Non-ideal residue detected:  Residue #1 atom #1:  Ideal D=1.458, Inspected D=1.50191
core.io.silent: ERROR: trying to use a 'protein' type silent file for a non-ideal pose
core.io.silent: consider using the '-out:file:silent_struct_type binary' flag
