core.init: command: /cs/alum/londonir/lab/rosetta/mini/bin/holes.linuxgccrelease -database /vol/ek/londonir/rosetta/minirosetta_database/ -holes:dalphaball /vol/ek/share/bin/DAlphaBall -holes:make_pdb -holes:make_voids -s 1PZ5.pdb
core.init: 'RNG device' seed mode, using '/dev/urandom', seed=-1887863630 seed_offset=0 real_seed=-1887863630
core.init.random: RandomGenerator:init: Normal mode, seed=-1887863630 RG_type=mt19937
core.scoring.ScoreFunctionFactory: SCOREFUNCTION: standard
core.scoring.ScoreFunctionFactory: SCOREFUNCTION PATCH: score12
core.scoring.etable: Starting energy table calculation
core.scoring.etable: smooth_etable: changing atr/rep split to bottom of energy well
core.scoring.etable: smooth_etable: spline smoothing lj etables (maxdis = 6)
core.scoring.etable: smooth_etable: spline smoothing solvation etables (max_dis = 6)
core.scoring.etable: Finished calculating energy tables.
core.io.database: Database file opened: /vol/ek/londonir/rosetta/minirosetta_database/pdb_pair_stats_fine
core.io.database: Database file opened: /vol/ek/londonir/rosetta/minirosetta_database/P_AA
core.io.database: Database file opened: /vol/ek/londonir/rosetta/minirosetta_database/P_AA_n
core.io.database: Database file opened: /vol/ek/londonir/rosetta/minirosetta_database/P_AA_pp
core.io.database: Database file opened: /vol/ek/londonir/rosetta/minirosetta_database/Rama_smooth_dyn.dat_ss_6.4
core.scoring.ScoreFunctionFactory: SCOREFUNCTION: standard
core.scoring.ScoreFunctionFactory: SCOREFUNCTION PATCH: score12
core.io.pdb.file_data: [ WARNING ] discarding 1 atoms at position 215 in file 1PZ5.pdb. Best match rsd_type:  ARG
core.conformation.Conformation: Found disulfide between residues 237 313
core.conformation.Conformation: Found disulfide between residues 362 417
core.pack.task: Packer task: initialize from command line() 
core.io.pdb.file_data: [ WARNING ] can't find atom for res 215 atom  OXT (trying to set temp)
RosettaHoles: 1PZ5.pdb 1.91696 1.91685 -2.53911core.scoring.dunbrack: Dunbrack library took 0.05 seconds to load from binary
 -115.135
dumping pdb to 1PZ5.pdb_cavs.pdb
dumping cavities 
protocols.packstat: prune raduis 1.4 20144 11558 7790 5892 4870 4268 3852 3565 3388 3283 3212 3158 3125 3094 3067 3050 3037 3024 3013 3001 2995 2991 2983 2974 2968 2964 2961 2960 2960 
protocols.packstat: Cavity: 1 volume 3.65325 surf 11.5176 Nballs 2 center -13.8134, 18.1398, 30.5076
protocols.packstat: Cavity: 2 volume 11.2726 surf 33.5406 Nballs 12 center -9.87092, 27.7256, 46.0509
protocols.packstat: Cavity: 3 volume 5.51136 surf 17.3757 Nballs 6 center -10.3688, 28.4408, 47.2595
protocols.packstat: Cavity: 4 volume 6.21997 surf 19.6097 Nballs 3 center -9.81418, 28.7956, 35.3929
protocols.packstat: Cavity: 5 volume 28.1515 surf 80.0043 Nballs 67 center -8.66626, 17.3581, 30.5205
protocols.packstat: Cavity: 6 volume 2.47224 surf 7.79425 Nballs 4 center -9.75223, 15.8923, 31.6124
protocols.packstat: Cavity: 7 volume 2.53523 surf 7.99283 Nballs 1 center -9.86902, 22.5037, 23.6652
protocols.packstat: Cavity: 8 volume 3.99967 surf 12.6098 Nballs 2 center -9.63851, 15.731, 37.8615
protocols.packstat: Cavity: 9 volume 2.55097 surf 8.04248 Nballs 1 center -9.57069, 28.0823, 26.3908
protocols.packstat: Cavity: 10 volume 5.97577 surf 18.1181 Nballs 3 center -8.0757, 24.6958, 27.6223
protocols.packstat: Cavity: 11 volume 2.55097 surf 8.04248 Nballs 1 center -8.85542, 28.4993, 43.5899
protocols.packstat: Cavity: 12 volume 2.53523 surf 7.99283 Nballs 1 center -8.82082, 22.2878, 24.8078
protocols.packstat: Cavity: 13 volume 4.89065 surf 13.9487 Nballs 2 center -8.53549, 17.6554, 24.9815
protocols.packstat: Cavity: 14 volume 73.516 surf 199.455 Nballs 155 center -4.61275, 23.4152, 34.4907
protocols.packstat: Cavity: 15 volume 5.92597 surf 18.2127 Nballs 4 center -7.83564, 25.6673, 42.5406
protocols.packstat: Cavity: 16 volume 18.9129 surf 56.0576 Nballs 17 center -5.85647, 13.533, 24.5152
protocols.packstat: Cavity: 17 volume 5.21047 surf 15.6987 Nballs 3 center -7.16003, 32.9738, 47.7217
protocols.packstat: Cavity: 18 volume 3.56885 surf 10.1788 Nballs 1 center -7.31646, 15.5205, 36.5849
protocols.packstat: Cavity: 19 volume 8.45019 surf 25.502 Nballs 10 center -6.84006, 31.2823, 34.773
protocols.packstat: Cavity: 20 volume 4.47642 surf 13.2785 Nballs 2 center -6.50962, 23.2171, 24.3189
protocols.packstat: Cavity: 21 volume 2.55097 surf 8.04248 Nballs 1 center -6.40241, 15.4614, 38.5091
protocols.packstat: Cavity: 22 volume 4.88149 surf 15.3899 Nballs 2 center -5.80774, 30.1435, 31.8749
protocols.packstat: Cavity: 23 volume 2.55097 surf 8.04248 Nballs 1 center -6.34665, 26.3809, 26.8252
protocols.packstat: Cavity: 24 volume 5.96429 surf 18.5587 Nballs 6 center -5.03057, 24.8072, 37.4404
protocols.packstat: Cavity: 25 volume 2.55097 surf 8.04248 Nballs 1 center -6.26867, 31.9678, 27.6306
protocols.packstat: Cavity: 26 volume 8.31467 surf 25.035 Nballs 10 center -5.40269, 19.0754, 42.1029
protocols.packstat: Cavity: 27 volume 9.38692 surf 27.954 Nballs 18 center -5.23305, 30.842, 42.5592
protocols.packstat: Cavity: 28 volume 13.5529 surf 36.0507 Nballs 14 center -4.28557, 35.7959, 43.769
protocols.packstat: Cavity: 29 volume 3.65325 surf 11.5176 Nballs 2 center -4.06017, 31.3695, 26.675
protocols.packstat: Cavity: 30 volume 4.86575 surf 15.3403 Nballs 3 center -3.87765, 17.5894, 39.1909
protocols.packstat: Cavity: 31 volume 11.4061 surf 31.7285 Nballs 18 center -3.56567, 13.9839, 19.2587
protocols.packstat: Cavity: 32 volume 1.03929 surf 3.27656 Nballs 1 center -4.17408, 19.4607, 35.8268
protocols.packstat: Cavity: 33 volume 2.39351 surf 7.54603 Nballs 3 center -3.97739, 37.3844, 42.4212
protocols.packstat: Cavity: 34 volume 2.55097 surf 8.04248 Nballs 1 center -4.06812, 21.0029, 16.3033
protocols.packstat: Cavity: 35 volume 11.1222 surf 34.4955 Nballs 9 center -2.19613, 29.1485, 29.8466
protocols.packstat: Cavity: 36 volume 4.04691 surf 12.7587 Nballs 3 center -3.66015, 17.05, 25.232
protocols.packstat: Cavity: 37 volume 1.6849 surf 5.31201 Nballs 1 center -3.82192, 15.7383, 20.0882
protocols.packstat: Cavity: 38 volume 8.63984 surf 26.3979 Nballs 8 center -3.1068, 30.8279, 17.6321
protocols.packstat: Cavity: 39 volume 14.5199 surf 44.4105 Nballs 13 center -2.15038, 33.9831, 37.6189
protocols.packstat: Cavity: 40 volume 3.56885 surf 10.1788 Nballs 1 center -3.57616, 31.4079, 23.9661
protocols.packstat: Cavity: 41 volume 2.55097 surf 8.04248 Nballs 1 center -3.52759, 23.5634, 30.1858
protocols.packstat: Cavity: 42 volume 3.96446 surf 12.2538 Nballs 6 center -2.90446, 26.1536, 21.5096
protocols.packstat: Cavity: 43 volume 2.53523 surf 7.99283 Nballs 2 center -2.82183, 22.4479, 17.0547
protocols.packstat: Cavity: 44 volume 10.8424 surf 32.481 Nballs 16 center -1.95721, 12.8091, 23.9464
protocols.packstat: Cavity: 45 volume 2.55097 surf 8.04248 Nballs 1 center -2.85232, 18.8312, 23.5993
protocols.packstat: Cavity: 46 volume 43.25 surf 123.521 Nballs 82 center -1.22163, 25.4853, 18.7007
protocols.packstat: Cavity: 47 volume 6.1939 surf 17.4688 Nballs 3 center -2.34916, 27.851, 26.5022
protocols.packstat: Cavity: 48 volume 2.55097 surf 8.04248 Nballs 1 center -2.23723, 32.0129, 40.1455
protocols.packstat: Cavity: 49 volume 5.45489 surf 15.9461 Nballs 3 center -1.90538, 25.7317, 36.4694
protocols.packstat: Cavity: 50 volume 35.4822 surf 95.5316 Nballs 82 center 0.581893, 22.6911, 30.6216
protocols.packstat: Cavity: 51 volume 1.29085 surf 3.90411 Nballs 3 center -1.10767, 27.6028, 18.2284
protocols.packstat: Cavity: 52 volume 16.6445 surf 50.2663 Nballs 28 center 0.465421, 13.079, 30.6042
protocols.packstat: Cavity: 53 volume 5.4739 surf 14.8368 Nballs 7 center -1.00651, 23.3377, 29.1053
protocols.packstat: Cavity: 54 volume 6.27372 surf 18.6355 Nballs 8 center 0.120153, 33.024, 19.9846
protocols.packstat: Cavity: 55 volume 2.55097 surf 8.04248 Nballs 1 center -0.706578, 18.1088, 44.5548
protocols.packstat: Cavity: 56 volume 3.56885 surf 10.1788 Nballs 1 center -0.655901, 27.7667, 49.7469
protocols.packstat: Cavity: 57 volume 35.7154 surf 102.276 Nballs 61 center 1.76035, 24.3149, 42.9077
protocols.packstat: Cavity: 58 volume 5.96127 surf 17.3726 Nballs 5 center 0.0578785, 15.8041, 23.9121
protocols.packstat: Cavity: 59 volume 10.8074 surf 30.1895 Nballs 11 center 0.193268, 31.6706, 45.1652
protocols.packstat: Cavity: 60 volume 2.5592 surf 7.54525 Nballs 2 center 0.101706, 18.1142, 23.5052
protocols.packstat: Cavity: 61 volume 4.50357 surf 14.1984 Nballs 2 center 0.517498, 29.0903, 34.6569
protocols.packstat: Cavity: 62 volume 0.72435 surf 2.28367 Nballs 1 center 0.129544, 26.1327, 42.7891
protocols.packstat: Cavity: 63 volume 0.834578 surf 2.63118 Nballs 1 center 0.221189, 27.5548, 41.5386
protocols.packstat: Cavity: 64 volume 21.6747 surf 65.7237 Nballs 45 center 1.06515, 17.9603, 20.9184
protocols.packstat: Cavity: 65 volume 8.46872 surf 25.0366 Nballs 9 center 0.963834, 31.0771, 39.2312
protocols.packstat: Cavity: 66 volume 2.55097 surf 8.04248 Nballs 1 center 0.699643, 22.2807, 23.4853
protocols.packstat: Cavity: 67 volume 17.4933 surf 52.0287 Nballs 23 center 3.10984, 30.427, 30.7284
protocols.packstat: Cavity: 68 volume 3.8737 surf 12.2126 Nballs 2 center 1.00558, 32.6082, 42.0262
protocols.packstat: Cavity: 69 volume 45.9914 surf 131.82 Nballs 101 center 3.66144, 30.7852, 19.5118
protocols.packstat: Cavity: 70 volume 2.55097 surf 8.04248 Nballs 1 center 1.58743, 9.37313, 41.2696
protocols.packstat: Cavity: 71 volume 1.60617 surf 5.06378 Nballs 1 center 1.81435, 29.6438, 21.0253
protocols.packstat: Cavity: 72 volume 10.8166 surf 33.5057 Nballs 7 center 2.93553, 37.4606, 43.2393
protocols.packstat: Cavity: 73 volume 7.10628 surf 21.6359 Nballs 8 center 2.33702, 22.6569, 50.5748
protocols.packstat: Cavity: 74 volume 2.29903 surf 7.24816 Nballs 1 center 2.27527, 16.5499, 16.1522
protocols.packstat: Cavity: 75 volume 2.55097 surf 8.04248 Nballs 1 center 2.29003, 19.6419, 13.8702
protocols.packstat: Cavity: 76 volume 3.33831 surf 10.5247 Nballs 2 center 2.34643, 32.7356, 12.3154
protocols.packstat: Cavity: 77 volume 2.3572 surf 6.72301 Nballs 1 center 2.5618, 12.373, 45.6399
protocols.packstat: Cavity: 78 volume 2.55097 surf 8.04248 Nballs 1 center 2.58057, 25.1413, 34.6259
protocols.packstat: Cavity: 79 volume 12.6226 surf 37.454 Nballs 22 center 3.37043, 14.061, 46.1462
protocols.packstat: Cavity: 80 volume 3.81071 surf 12.0141 Nballs 2 center 2.81986, 34.9214, 21.1836
protocols.packstat: Cavity: 81 volume 3.51152 surf 11.0708 Nballs 2 center 3.03853, 19.5041, 45.8892
protocols.packstat: Cavity: 82 volume 2.55097 surf 8.04248 Nballs 1 center 2.9928, 21.971, 47.5375
protocols.packstat: Cavity: 83 volume 4.17289 surf 13.1559 Nballs 3 center 3.35915, 24.9803, 26.106
protocols.packstat: Cavity: 84 volume 6.43057 surf 18.7922 Nballs 5 center 3.22289, 18.1185, 15.1151
protocols.packstat: Cavity: 85 volume 13.0132 surf 38.3647 Nballs 17 center 4.09155, 17.8456, 44.5829
protocols.packstat: Cavity: 86 volume 2.55097 surf 8.04248 Nballs 1 center 3.26085, 25.4159, 38.4026
protocols.packstat: Cavity: 87 volume 4.36309 surf 12.941 Nballs 2 center 3.46955, 31.2169, 49.5197
protocols.packstat: Cavity: 88 volume 2.55097 surf 8.04248 Nballs 1 center 3.91177, 22.9133, 16.0243
protocols.packstat: Cavity: 89 volume 3.98393 surf 12.5602 Nballs 2 center 4.45827, 32.591, 48.7457
protocols.packstat: Cavity: 90 volume 2.83441 surf 8.93609 Nballs 2 center 4.15956, 16.683, 21.2058
protocols.packstat: Cavity: 91 volume 6.28295 surf 19.8083 Nballs 5 center 4.73956, 36.0513, 15.0916
protocols.packstat: Cavity: 92 volume 2.55097 surf 8.04248 Nballs 1 center 4.69458, 35.6129, 45.1994
protocols.packstat: Cavity: 93 volume 2.55097 surf 8.04248 Nballs 1 center 4.8062, 22.0784, 13.585
protocols.packstat: Cavity: 94 volume 3.56885 surf 10.1788 Nballs 1 center 5.09308, 25.7772, 37.235
protocols.packstat: Cavity: 95 volume 4.15714 surf 13.1063 Nballs 2 center 5.49218, 17.2445, 51.3501
protocols.packstat: Cavity: 96 volume 6.54677 surf 20.3288 Nballs 7 center 6.05969, 34.3381, 21.6803
protocols.packstat: Cavity: 97 volume 2.55097 surf 8.04248 Nballs 1 center 5.45454, 17.6877, 20.7001
protocols.packstat: Cavity: 98 volume 7.14902 surf 22.5388 Nballs 6 center 6.24982, 29.8685, 36.9875
protocols.packstat: Cavity: 99 volume 2.55097 surf 8.04248 Nballs 1 center 5.75196, 32.6201, 41.2266
protocols.packstat: Cavity: 100 volume 16.9025 surf 49.1989 Nballs 28 center 7.1057, 15.8416, 39.1046
protocols.packstat: Cavity: 101 volume 3.8737 surf 12.2126 Nballs 2 center 6.47174, 30.3444, 27.8492
protocols.packstat: Cavity: 102 volume 10.2765 surf 31.1274 Nballs 10 center 7.19973, 22.3286, 26.9289
protocols.packstat: Cavity: 103 volume 2.55097 surf 8.04248 Nballs 1 center 6.31503, 18.9255, 21.2141
protocols.packstat: Cavity: 104 volume 4.52048 surf 13.4041 Nballs 2 center 6.72506, 17.861, 16.6041
protocols.packstat: Cavity: 105 volume 2.65073 surf 7.91992 Nballs 5 center 6.7296, 21.5784, 42.4581
protocols.packstat: Cavity: 106 volume 9.79448 surf 30.8791 Nballs 8 center 7.09071, 26.6533, 19.4936
protocols.packstat: Cavity: 107 volume 42.627 surf 114.728 Nballs 100 center 9.46655, 29.3043, 16.4738
protocols.packstat: Cavity: 108 volume 3.18084 surf 10.0283 Nballs 2 center 6.8038, 22.2483, 19.4084
protocols.packstat: Cavity: 109 volume 1.43295 surf 4.51769 Nballs 1 center 6.71236, 22.8982, 43.1926
protocols.packstat: Cavity: 110 volume 11.1074 surf 31.9108 Nballs 23 center 7.42005, 22.4491, 41.4494
protocols.packstat: Cavity: 111 volume 2.55097 surf 8.04248 Nballs 1 center 7.04835, 24.7348, 21.5863
protocols.packstat: Cavity: 112 volume 6.23695 surf 18.8488 Nballs 3 center 7.89223, 23.3393, 44.4544
protocols.packstat: Cavity: 113 volume 5.04695 surf 15.2891 Nballs 4 center 7.74017, 34.6104, 40.2977
protocols.packstat: Cavity: 114 volume 3.93669 surf 12.4112 Nballs 3 center 7.97142, 13.9837, 46.1248
protocols.packstat: Cavity: 115 volume 23.0463 surf 63.3904 Nballs 26 center 9.38654, 26.7014, 31.7232
protocols.packstat: Cavity: 116 volume 13.6217 surf 35.5876 Nballs 13 center 8.50324, 34.8079, 29.1137
protocols.packstat: Cavity: 117 volume 12.3764 surf 34.7421 Nballs 11 center 8.76511, 24.2646, 35.4449
protocols.packstat: Cavity: 118 volume 8.53668 surf 24.077 Nballs 10 center 8.5188, 28.7198, 45.5115
protocols.packstat: Cavity: 119 volume 4.04691 surf 12.7587 Nballs 3 center 8.35999, 28.7161, 25.7068
protocols.packstat: Cavity: 120 volume 3.33831 surf 10.5247 Nballs 2 center 8.671, 30.5759, 23.3312
protocols.packstat: Cavity: 121 volume 13.9162 surf 42.9111 Nballs 25 center 9.40203, 34.1968, 16.3605
protocols.packstat: Cavity: 122 volume 2.55097 surf 8.04248 Nballs 1 center 8.84053, 12.109, 51.2724
protocols.packstat: Cavity: 123 volume 3.56885 surf 10.1788 Nballs 1 center 9.36702, 20.6839, 28.8388
protocols.packstat: Cavity: 124 volume 13.3236 surf 40.1255 Nballs 20 center 10.5077, 32.4617, 34.6262
protocols.packstat: Cavity: 125 volume 9.29477 surf 28.4031 Nballs 14 center 10.4904, 35.7195, 22.7374
protocols.packstat: Cavity: 126 volume 6.57167 surf 20.2815 Nballs 4 center 10.2991, 32.3958, 42.2041
protocols.packstat: Cavity: 127 volume 2.44075 surf 7.69496 Nballs 1 center 10.0384, 26.6361, 25.556
protocols.packstat: Cavity: 128 volume 2.77577 surf 7.91681 Nballs 1 center 10.0441, 14.4596, 42.5082
protocols.packstat: Cavity: 129 volume 5.30425 surf 15.6963 Nballs 4 center 10.3751, 27.9196, 26.8826
protocols.packstat: Cavity: 130 volume 7.42626 surf 22.1083 Nballs 7 center 10.676, 24.8746, 15.5858
protocols.packstat: Cavity: 131 volume 17.8896 surf 53.511 Nballs 25 center 12.5877, 12.9576, 42.5698
protocols.packstat: Cavity: 132 volume 2.55097 surf 8.04248 Nballs 1 center 10.4283, 27.9939, 49.3659
protocols.packstat: Cavity: 133 volume 5.16672 surf 14.9493 Nballs 5 center 10.7734, 28.1274, 19.317
protocols.packstat: Cavity: 134 volume 2.55097 surf 8.04248 Nballs 1 center 10.7247, 17.0779, 33.3994
protocols.packstat: Cavity: 135 volume 35.5527 surf 93.0951 Nballs 68 center 12.402, 17.8021, 37.0906
protocols.packstat: Cavity: 136 volume 6.23587 surf 17.15 Nballs 8 center 11.4161, 14.9009, 37.2752
protocols.packstat: Cavity: 137 volume 35.2746 surf 93.8894 Nballs 55 center 14.5216, 19.9421, 46.2722
protocols.packstat: Cavity: 138 volume 12.3955 surf 36.6938 Nballs 7 center 12.5891, 35.6037, 17.2324
protocols.packstat: Cavity: 139 volume 9.84172 surf 31.0281 Nballs 10 center 13.7008, 21.5318, 20.1087
protocols.packstat: Cavity: 140 volume 16.6641 surf 50.4206 Nballs 23 center 13.2262, 37.5961, 23.8332
protocols.packstat: Cavity: 141 volume 11.0079 surf 33.7578 Nballs 19 center 14.1545, 35.1573, 24.878
protocols.packstat: Cavity: 142 volume 7.54261 surf 21.8189 Nballs 5 center 13.3269, 26.8131, 45.4005
protocols.packstat: Cavity: 143 volume 20.134 surf 55.4658 Nballs 37 center 13.4223, 19.6536, 38.7808
protocols.packstat: Cavity: 144 volume 5.41688 surf 17.0779 Nballs 5 center 14.3196, 36.2743, 13.082
protocols.packstat: Cavity: 145 volume 8.73944 surf 27.5529 Nballs 6 center 15.8508, 34.3767, 18.5461
protocols.packstat: Cavity: 146 volume 1.48019 surf 4.66662 Nballs 1 center 14.4114, 21.1277, 48.0664
protocols.packstat: Cavity: 147 volume 4.39334 surf 13.8509 Nballs 3 center 15.2022, 26.4426, 40.2474
protocols.packstat: Cavity: 148 volume 19.4712 surf 54.5962 Nballs 29 center 17.3764, 38.4243, 19.38
protocols.packstat: Cavity: 149 volume 4.74443 surf 14.2558 Nballs 3 center 16.378, 20.2765, 43.5454
protocols.packstat: Cavity: 150 volume 1.57871 surf 4.11122 Nballs 1 center 16.4882, 37.7124, 19.4883
protocols.packstat: Cavity: 151 volume 48.5677 surf 110.475 Nballs 64 center 18.6462, 27.7311, 44.1342
protocols.packstat: Cavity: 152 volume 4.63071 surf 13.7516 Nballs 2 center 17.3545, 36.0565, 24.1815
protocols.packstat: Cavity: 153 volume 2.55097 surf 8.04248 Nballs 1 center 17.2651, 28.9729, 16.7448
protocols.packstat: Cavity: 154 volume 4.89065 surf 13.9487 Nballs 2 center 17.6252, 17.9032, 49.1473
protocols.packstat: Cavity: 155 volume 4.39334 surf 13.8509 Nballs 4 center 18.4212, 39.4229, 13.0453
protocols.packstat: Cavity: 156 volume 6.43328 surf 18.5804 Nballs 5 center 19.3906, 32.8734, 13.3399
protocols.packstat: Cavity: 157 volume 3.56885 surf 10.1788 Nballs 1 center 19.4627, 32.6792, 19.3365
protocols.packstat: Cavity: 158 volume 15.9588 surf 37.447 Nballs 8 center 20.414, 33.9371, 41.7041
protocols.packstat: Cavity: 159 volume 2.55097 surf 8.04248 Nballs 1 center 20.2215, 15.2116, 45.3636
protocols.packstat: Cavity: 160 volume 4.48782 surf 14.1488 Nballs 3 center 20.7992, 32.1467, 23.7453
protocols.packstat: Cavity: 161 volume 0.299188 surf 0.943253 Nballs 1 center 20.5599, 35.5772, 42.2312
protocols.packstat: Cavity: 162 volume 5.8422 surf 17.1407 Nballs 3 center 20.7042, 24.9935, 45.5136
protocols.packstat: Cavity: 163 volume 7.37033 surf 22.2564 Nballs 5 center 20.8564, 32.4692, 21.4961
protocols.packstat: Cavity: 164 volume 2.55097 surf 8.04248 Nballs 1 center 20.9179, 15.0779, 47.0293
protocols.packstat: Cavity: 165 volume 3.65325 surf 11.5176 Nballs 2 center 22.0689, 29.8761, 44.2023
protocols.packstat: Cavity: 166 volume 2.55097 surf 8.04248 Nballs 1 center 22.2006, 19.794, 48.8628
protocols.packstat: Cavity: 167 volume 3.52727 surf 11.1205 Nballs 2 center 22.3453, 45.478, 46.4267
protocols.packstat: Cavity: 168 volume 4.73977 surf 14.9431 Nballs 4 center 22.7701, 28.4292, 44.5347
protocols.packstat: Cavity: 169 volume 4.51932 surf 14.2481 Nballs 2 center 23.3259, 36.85, 17.8483
protocols.packstat: Cavity: 170 volume 11.6036 surf 34.0657 Nballs 12 center 24.1155, 37.4113, 22.4085
protocols.packstat: Cavity: 171 volume 2.55097 surf 8.04248 Nballs 1 center 23.2815, 43.5513, 21.8193
protocols.packstat: Cavity: 172 volume 7.25917 surf 21.5087 Nballs 7 center 24.0256, 39.7574, 22.9882
protocols.packstat: Cavity: 173 volume 11.4092 surf 34.2348 Nballs 18 center 24.4002, 41.606, 35.1934
protocols.packstat: Cavity: 174 volume 2.55097 surf 8.04248 Nballs 1 center 23.9988, 16.0712, 50.4188
protocols.packstat: Cavity: 175 volume 3.73322 surf 10.9552 Nballs 2 center 24.1895, 39.2427, 15.8581
protocols.packstat: Cavity: 176 volume 2.55097 surf 8.04248 Nballs 1 center 24.2182, 20.0918, 47.7938
protocols.packstat: Cavity: 177 volume 4.7068 surf 14.2101 Nballs 3 center 24.7681, 47.8033, 33.6035
protocols.packstat: Cavity: 178 volume 2.55097 surf 8.04248 Nballs 1 center 24.8108, 30.8616, 38.485
protocols.packstat: Cavity: 179 volume 3.4013 surf 10.7233 Nballs 2 center 25.1605, 21.9265, 50.3913
protocols.packstat: Cavity: 180 volume 2.55097 surf 8.04248 Nballs 1 center 25.1604, 24.0913, 42.3757
protocols.packstat: Cavity: 181 volume 11.1082 surf 33.8687 Nballs 7 center 26.1036, 45.2231, 44.3635
protocols.packstat: Cavity: 182 volume 24.7813 surf 72.0805 Nballs 43 center 27.1143, 50.3338, 35.6401
protocols.packstat: Cavity: 183 volume 17.2771 surf 49.9149 Nballs 13 center 26.5756, 36.7823, 45.1409
protocols.packstat: Cavity: 184 volume 4.88149 surf 15.3899 Nballs 2 center 25.8545, 40.4833, 14.6065
protocols.packstat: Cavity: 185 volume 5.32124 surf 14.8904 Nballs 3 center 25.7792, 36.0358, 36.9398
protocols.packstat: Cavity: 186 volume 3.49686 surf 10.1439 Nballs 2 center 25.7957, 24.6133, 47.4271
protocols.packstat: Cavity: 187 volume 3.74773 surf 11.8155 Nballs 2 center 26.0942, 37.5607, 11.4058
protocols.packstat: Cavity: 188 volume 4.39334 surf 13.8509 Nballs 3 center 26.1373, 44.8359, 32.9128
protocols.packstat: Cavity: 189 volume 3.44854 surf 10.8722 Nballs 2 center 26.2455, 48.8671, 28.6806
protocols.packstat: Cavity: 190 volume 1.30698 surf 4.12053 Nballs 1 center 26.3913, 48.7661, 34.656
protocols.packstat: Cavity: 191 volume 2.55097 surf 8.04248 Nballs 1 center 26.4154, 22.3196, 47.5744
protocols.packstat: Cavity: 192 volume 3.05487 surf 9.63111 Nballs 2 center 27.1851, 27.4618, 41.9897
protocols.packstat: Cavity: 193 volume 2.55097 surf 8.04248 Nballs 1 center 27.245, 26.6712, 35.4291
protocols.packstat: Cavity: 194 volume 2.55097 surf 8.04248 Nballs 1 center 27.3329, 41.3284, 16.2461
protocols.packstat: Cavity: 195 volume 2.55097 surf 8.04248 Nballs 1 center 27.9193, 35.2789, 34.0345
protocols.packstat: Cavity: 196 volume 19.2958 surf 49.5332 Nballs 34 center 29.3133, 44.4375, 28.1419
protocols.packstat: Cavity: 197 volume 2.55097 surf 8.04248 Nballs 1 center 28.0196, 22.2061, 47.2395
protocols.packstat: Cavity: 198 volume 5.35832 surf 15.8662 Nballs 9 center 28.614, 38.9983, 37.4916
protocols.packstat: Cavity: 199 volume 14.8331 surf 43.9629 Nballs 24 center 29.4148, 39.0833, 29.8415
protocols.packstat: Cavity: 200 volume 10.6923 surf 32.3119 Nballs 16 center 29.5802, 42.604, 43.6091
protocols.packstat: Cavity: 201 volume 17.3774 surf 54.4613 Nballs 29 center 29.3775, 39.9152, 37.6895
protocols.packstat: Cavity: 202 volume 2.55097 surf 8.04248 Nballs 1 center 28.8219, 29.9909, 37.1724
protocols.packstat: Cavity: 203 volume 8.09305 surf 23.8396 Nballs 8 center 29.4464, 24.1095, 41.2596
protocols.packstat: Cavity: 204 volume 21.3442 surf 61.1075 Nballs 28 center 30.7408, 51.1379, 32.9903
protocols.packstat: Cavity: 205 volume 2.55097 surf 8.04248 Nballs 1 center 29.5179, 37.2995, 26.779
protocols.packstat: Cavity: 206 volume 11.6028 surf 33.0627 Nballs 16 center 30.4904, 36.3094, 10.5137
protocols.packstat: Cavity: 207 volume 2.55097 surf 8.04248 Nballs 1 center 29.743, 25.29, 47.3673
protocols.packstat: Cavity: 208 volume 2.55097 surf 8.04248 Nballs 1 center 29.9359, 25.6946, 37.9772
protocols.packstat: Cavity: 209 volume 13.1252 surf 39.4793 Nballs 9 center 30.5943, 47.1105, 39.9722
protocols.packstat: Cavity: 210 volume 5.98376 surf 18.8651 Nballs 5 center 31.0264, 45.0802, 21.1342
protocols.packstat: Cavity: 211 volume 7.88912 surf 24.8721 Nballs 6 center 31.0983, 55.9972, 35.6658
protocols.packstat: Cavity: 212 volume 2.96039 surf 9.33324 Nballs 2 center 30.5179, 25.3113, 43.1219
protocols.packstat: Cavity: 213 volume 3.27532 surf 10.3261 Nballs 2 center 30.6285, 53.8621, 34.132
protocols.packstat: Cavity: 214 volume 42.3556 surf 123.092 Nballs 78 center 34.1272, 38.868, 31.1026
protocols.packstat: Cavity: 215 volume 41.5316 surf 106.535 Nballs 99 center 33.3642, 45.4958, 24.7114
protocols.packstat: Cavity: 216 volume 4.05351 surf 11.5611 Nballs 3 center 31.6152, 46.7504, 22.3526
protocols.packstat: Cavity: 217 volume 2.55097 surf 8.04248 Nballs 1 center 31.4045, 39.2336, 39.6777
protocols.packstat: Cavity: 218 volume 6.52063 surf 19.8425 Nballs 4 center 31.8512, 47.9234, 36.5479
protocols.packstat: Cavity: 219 volume 1.70918 surf 4.99785 Nballs 2 center 31.5338, 47.9247, 24.5945
protocols.packstat: Cavity: 220 volume 5.27958 surf 15.8437 Nballs 4 center 32.4611, 40.3546, 34.1556
protocols.packstat: Cavity: 221 volume 2.55097 surf 8.04248 Nballs 1 center 32.5404, 50.8858, 38.4813
protocols.packstat: Cavity: 222 volume 2.55097 surf 8.04248 Nballs 1 center 32.5855, 37.4706, 16.6558
protocols.packstat: Cavity: 223 volume 9.26072 surf 27.7104 Nballs 8 center 33.2481, 27.405, 34.9793
protocols.packstat: Cavity: 224 volume 13.9826 surf 42.6341 Nballs 21 center 33.8179, 43.0257, 40.538
protocols.packstat: Cavity: 225 volume 3.99967 surf 12.6098 Nballs 2 center 33.3956, 35.9596, 20.5722
protocols.packstat: Cavity: 226 volume 9.64981 surf 28.7134 Nballs 11 center 33.6407, 28.1443, 30.9946
protocols.packstat: Cavity: 227 volume 7.52974 surf 21.3535 Nballs 3 center 33.8935, 55.8835, 31.4614
protocols.packstat: Cavity: 228 volume 3.90961 surf 11.5246 Nballs 2 center 33.4351, 34.0058, 36.6938
protocols.packstat: Cavity: 229 volume 2.55097 surf 8.04248 Nballs 1 center 33.3931, 50.9255, 37.0713
protocols.packstat: Cavity: 230 volume 3.4013 surf 10.7233 Nballs 2 center 33.9494, 46.7001, 42.0589
protocols.packstat: Cavity: 231 volume 1.55893 surf 4.91485 Nballs 1 center 34.0317, 44.3212, 38.9461
protocols.packstat: Cavity: 232 volume 6.31949 surf 19.3871 Nballs 4 center 34.593, 43.4369, 32.2426
protocols.packstat: Cavity: 233 volume 5.07868 surf 15.4884 Nballs 4 center 34.7227, 25.3323, 33.5906
protocols.packstat: Cavity: 234 volume 5.29091 surf 16.6807 Nballs 3 center 34.5104, 31.0753, 21.3307
protocols.packstat: Cavity: 235 volume 9.98662 surf 30.1539 Nballs 9 center 35.34, 35.5844, 41.6492
protocols.packstat: Cavity: 236 volume 30.8173 surf 73.0098 Nballs 13 center 36.5893, 39.0929, 14.8637
protocols.packstat: Cavity: 237 volume 4.88149 surf 15.3899 Nballs 2 center 35.5535, 40.6212, 21.5555
protocols.packstat: Cavity: 238 volume 2.55097 surf 8.04248 Nballs 1 center 35.3903, 33.9951, 21.7882
protocols.packstat: Cavity: 239 volume 10.6485 surf 32.0869 Nballs 13 center 37.2072, 35.8124, 24.6125
protocols.packstat: Cavity: 240 volume 3.56885 surf 10.1788 Nballs 1 center 35.4701, 51.6543, 32.4687
protocols.packstat: Cavity: 241 volume 8.11136 surf 24.2329 Nballs 6 center 36.4198, 48.4408, 35.1944
protocols.packstat: Cavity: 242 volume 2.55097 surf 8.04248 Nballs 1 center 36.3281, 54.4764, 38.2834
protocols.packstat: Cavity: 243 volume 16.6517 surf 47.6498 Nballs 19 center 38.4062, 40.8881, 42.9565
protocols.packstat: Cavity: 244 volume 2.55097 surf 8.04248 Nballs 1 center 36.972, 36.205, 29.0622
protocols.packstat: Cavity: 245 volume 3.52727 surf 11.1205 Nballs 2 center 37.1819, 35.0275, 19.7513
protocols.packstat: Cavity: 246 volume 4.64529 surf 14.6453 Nballs 4 center 37.3194, 40.2267, 29.2171
protocols.packstat: Cavity: 247 volume 2.81983 surf 8.04248 Nballs 1 center 37.3215, 39.8679, 18.055
protocols.packstat: Cavity: 248 volume 5.83964 surf 17.3843 Nballs 2 center 38.0451, 47.1662, 21.5664
protocols.packstat: Cavity: 249 volume 6.59455 surf 16.6706 Nballs 2 center 37.5244, 34.3326, 35.7243
protocols.packstat: Cavity: 250 volume 49.6031 surf 117.301 Nballs 108 center 39.5622, 38.8423, 37.3999
protocols.packstat: Cavity: 251 volume 2.68517 surf 7.94241 Nballs 4 center 38.3646, 36.5118, 21.8918
protocols.packstat: Cavity: 252 volume 13.1563 surf 39.4119 Nballs 14 center 39.9312, 35.9863, 12.221
protocols.packstat: Cavity: 253 volume 17.3288 surf 48.417 Nballs 47 center 39.936, 38.1032, 21.5784
protocols.packstat: Cavity: 254 volume 6.78685 surf 21.397 Nballs 4 center 39.1721, 29.1621, 32.6362
protocols.packstat: Cavity: 255 volume 3.26563 surf 10.1896 Nballs 3 center 38.9881, 36.4852, 39.2928
protocols.packstat: Cavity: 256 volume 6.35083 surf 19.4197 Nballs 8 center 39.745, 36.3882, 21.3033
protocols.packstat: Cavity: 257 volume 3.56885 surf 10.1788 Nballs 1 center 39.8812, 44.2029, 20.1515
protocols.packstat: Cavity: 258 volume 25.0623 surf 73.9539 Nballs 43 center 42.9195, 44.9799, 31.2869
protocols.packstat: Cavity: 259 volume 2.81867 surf 8.88644 Nballs 2 center 40.6186, 35.6736, 45.0819
protocols.packstat: Cavity: 260 volume 2.55097 surf 8.04248 Nballs 1 center 41.0943, 41.8401, 24.7752
protocols.packstat: Cavity: 261 volume 8.03689 surf 23.8877 Nballs 9 center 41.6436, 40.5317, 21.1561
protocols.packstat: Cavity: 262 volume 2.55097 surf 8.04248 Nballs 1 center 41.3571, 31.5211, 24.2274
protocols.packstat: Cavity: 263 volume 13.5417 surf 40.8516 Nballs 15 center 43.5521, 34.1014, 17.021
protocols.packstat: Cavity: 264 volume 2.55097 surf 8.04248 Nballs 1 center 42.2319, 38.3507, 27.0343
protocols.packstat: Cavity: 265 volume 16.3082 surf 48.4651 Nballs 17 center 44.5252, 36.5624, 40.1465
protocols.packstat: Cavity: 266 volume 3.26857 surf 10.1128 Nballs 3 center 43.914, 42.7291, 30.3349
protocols.packstat: Cavity: 267 volume 4.62954 surf 14.5956 Nballs 2 center 44.9097, 38.9917, 33.2608
protocols.packstat: Cavity: 268 volume 16.9624 surf 46.4684 Nballs 13 center 46.4722, 29.4423, 31.3002
protocols.packstat: Cavity: 269 volume 31.2796 surf 95.3283 Nballs 47 center 47.4847, 33.1699, 27.7111
protocols.packstat: Cavity: 270 volume 14.3034 surf 40.124 Nballs 17 center 45.9846, 34.0152, 35.0417
protocols.packstat: Cavity: 271 volume 6.98054 surf 19.9945 Nballs 4 center 45.3718, 38.041, 27.0089
protocols.packstat: Cavity: 272 volume 25.6147 surf 76.2034 Nballs 46 center 46.7928, 34.575, 31.3468
protocols.packstat: Cavity: 273 volume 1.4487 surf 4.56733 Nballs 1 center 45.8699, 34.8152, 42.8538
protocols.packstat: Cavity: 274 volume 19.9493 surf 57.0606 Nballs 29 center 47.3179, 34.6756, 41.1433
protocols.packstat: Cavity: 275 volume 2.55097 surf 8.04248 Nballs 1 center 46.003, 33.8559, 20.0004
protocols.packstat: Cavity: 276 volume 2.55097 surf 8.04248 Nballs 1 center 46.2543, 29.481, 23.129
protocols.packstat: Cavity: 277 volume 10.7696 surf 29.1912 Nballs 10 center 47.5604, 35.77, 21.6853
protocols.packstat: Cavity: 278 volume 4.51125 surf 13.4677 Nballs 3 center 49.5633, 36.9619, 42.2281
protocols.packstat: Cavity: 279 volume 6.45128 surf 19.5973 Nballs 5 center 50.3925, 40.2602, 30.9096
protocols.packstat: Cavity: 280 volume 16.9713 surf 47.1448 Nballs 43 center 50.9972, 31.728, 32.3758
protocols.packstat: Cavity: 281 volume 5.31139 surf 14.8469 Nballs 4 center 50.4117, 40.9418, 26.3796
protocols.packstat: Cavity: 282 volume 2.55097 surf 8.04248 Nballs 1 center 50.5994, 36.933, 25.4677
protocols.packstat: Cavity: 283 volume 5.5586 surf 17.5247 Nballs 4 center 54.5571, 30.1335, 34.967
