core.init: command: /cs/alum/londonir/lab/rosetta/mini/bin/holes.linuxgccrelease -database /vol/ek/londonir/rosetta/minirosetta_database/ -holes:dalphaball /vol/ek/share/bin/DAlphaBall -holes:make_pdb -holes:make_voids -s 1U8I.pdb
core.init: 'RNG device' seed mode, using '/dev/urandom', seed=-14170298 seed_offset=0 real_seed=-14170298
core.init.random: RandomGenerator:init: Normal mode, seed=-14170298 RG_type=mt19937
core.scoring.ScoreFunctionFactory: SCOREFUNCTION: standard
core.scoring.ScoreFunctionFactory: SCOREFUNCTION PATCH: score12
core.scoring.etable: Starting energy table calculation
core.scoring.etable: smooth_etable: changing atr/rep split to bottom of energy well
core.scoring.etable: smooth_etable: spline smoothing lj etables (maxdis = 6)
core.scoring.etable: smooth_etable: spline smoothing solvation etables (max_dis = 6)
core.scoring.etable: Finished calculating energy tables.
core.io.database: Database file opened: /vol/ek/londonir/rosetta/minirosetta_database/pdb_pair_stats_fine
core.io.database: Database file opened: /vol/ek/londonir/rosetta/minirosetta_database/P_AA
core.io.database: Database file opened: /vol/ek/londonir/rosetta/minirosetta_database/P_AA_n
core.io.database: Database file opened: /vol/ek/londonir/rosetta/minirosetta_database/P_AA_pp
core.io.database: Database file opened: /vol/ek/londonir/rosetta/minirosetta_database/Rama_smooth_dyn.dat_ss_6.4
core.scoring.ScoreFunctionFactory: SCOREFUNCTION: standard
core.scoring.ScoreFunctionFactory: SCOREFUNCTION PATCH: score12
core.io.pdb.file_data: [ WARNING ] discarding 1 atoms at position 214 in file 1U8I.pdb. Best match rsd_type:  CYS
core.conformation.Conformation: Found disulfide between residues 23 88
core.conformation.Conformation: Found disulfide between residues 134 194
core.conformation.Conformation: Found disulfide between residues 236 311
core.conformation.Conformation: Found disulfide between residues 367 421
core.pack.task: Packer task: initialize from command line() 
core.io.pdb.file_data: [ WARNING ] can't find atom for res 214 atom  OXT (trying to set temp)
RosettaHoles: 1U8I.pdb 1.94572 1.9457 -3.00509core.scoring.dunbrack: Dunbrack library took 0.05 seconds to load from binary
 260.9
dumping pdb to 1U8I.pdb_cavs.pdb
dumping cavities 
protocols.packstat: prune raduis 1.4 20650 11947 8014 5971 4837 4158 3753 3492 3327 3224 3152 3103 3068 3038 3013 2996 2983 2980 2977 2973 2970 2968 2967 2967 
protocols.packstat: Cavity: 1 volume 2.55097 surf 8.04248 Nballs 1 center -16.9158, 27.8289, 58.661
protocols.packstat: Cavity: 2 volume 3.56885 surf 10.1788 Nballs 1 center -16.4257, 41.7616, 61.0468
protocols.packstat: Cavity: 3 volume 19.4191 surf 59.2946 Nballs 14 center -12.0864, 22.8411, 53.718
protocols.packstat: Cavity: 4 volume 3.8737 surf 12.2126 Nballs 2 center -14.3075, 35.2222, 68.2606
protocols.packstat: Cavity: 5 volume 39.6246 surf 112.459 Nballs 80 center -9.45808, 35.9321, 66.0622
protocols.packstat: Cavity: 6 volume 2.55097 surf 8.04248 Nballs 1 center -13.8421, 45.514, 71.3356
protocols.packstat: Cavity: 7 volume 1.98409 surf 6.25526 Nballs 1 center -13.7757, 45.3025, 77.8163
protocols.packstat: Cavity: 8 volume 2.55097 surf 8.04248 Nballs 1 center -13.7444, 35.0527, 70.3387
protocols.packstat: Cavity: 9 volume 9.71442 surf 27.8935 Nballs 12 center -13.0403, 43.6544, 76.6993
protocols.packstat: Cavity: 10 volume 1.6849 surf 5.31201 Nballs 1 center -13.3911, 42.4191, 77.245
protocols.packstat: Cavity: 11 volume 2.53523 surf 7.99283 Nballs 1 center -13.2232, 38.4142, 84.3173
protocols.packstat: Cavity: 12 volume 5.49018 surf 16.3355 Nballs 2 center -12.6147, 23.1811, 60.2895
protocols.packstat: Cavity: 13 volume 9.23458 surf 27.6096 Nballs 8 center -12.1091, 40.4808, 82.9237
protocols.packstat: Cavity: 14 volume 7.70287 surf 22.7552 Nballs 8 center -11.5254, 47.3014, 82.543
protocols.packstat: Cavity: 15 volume 9.59008 surf 27.6476 Nballs 12 center -11.3368, 29.4472, 61.9118
protocols.packstat: Cavity: 16 volume 3.51152 surf 11.0708 Nballs 2 center -11.5658, 29.6764, 54.6412
protocols.packstat: Cavity: 17 volume 6.80259 surf 21.4466 Nballs 3 center -10.8704, 34.0296, 73.2994
protocols.packstat: Cavity: 18 volume 32.5945 surf 89.0459 Nballs 51 center -8.79277, 40.158, 70.9494
protocols.packstat: Cavity: 19 volume 2.55097 surf 8.04248 Nballs 1 center -10.7205, 43.9117, 69.9439
protocols.packstat: Cavity: 20 volume 4.66104 surf 14.6949 Nballs 2 center -10.2089, 31.3687, 66.4105
protocols.packstat: Cavity: 21 volume 2.55097 surf 8.04248 Nballs 1 center -10.4566, 42.1926, 61.9383
protocols.packstat: Cavity: 22 volume 23.9077 surf 66.7996 Nballs 16 center -8.89009, 31.6901, 70.8924
protocols.packstat: Cavity: 23 volume 3.05487 surf 9.63111 Nballs 2 center -9.74293, 44.4077, 72.9543
protocols.packstat: Cavity: 24 volume 20.4377 surf 62.4277 Nballs 31 center -7.00995, 48.4674, 70.8083
protocols.packstat: Cavity: 25 volume 3.52727 surf 11.1205 Nballs 2 center -9.62954, 29.1503, 64.6127
protocols.packstat: Cavity: 26 volume 2.05274 surf 5.81466 Nballs 3 center -9.454, 42.6772, 87.1015
protocols.packstat: Cavity: 27 volume 24.3494 surf 66.7189 Nballs 37 center -8.71912, 41.2083, 88.632
protocols.packstat: Cavity: 28 volume 2.55097 surf 8.04248 Nballs 1 center -9.35563, 43.1244, 76.2623
protocols.packstat: Cavity: 29 volume 14.9266 surf 45.1521 Nballs 18 center -7.91396, 43.9234, 66.5841
protocols.packstat: Cavity: 30 volume 4.99172 surf 15.7374 Nballs 4 center -8.73082, 48.4691, 84.946
protocols.packstat: Cavity: 31 volume 3.56885 surf 10.1788 Nballs 1 center -9.10692, 26.1453, 62.3277
protocols.packstat: Cavity: 32 volume 3.56885 surf 10.1788 Nballs 1 center -8.70389, 25.7514, 55.7901
protocols.packstat: Cavity: 33 volume 2.55097 surf 8.04248 Nballs 1 center -8.61999, 35.3174, 69.6158
protocols.packstat: Cavity: 34 volume 15.5956 surf 43.4765 Nballs 10 center -7.72343, 30.3764, 58.1942
protocols.packstat: Cavity: 35 volume 6.29265 surf 19.0869 Nballs 8 center -7.92958, 28.7548, 57.6211
protocols.packstat: Cavity: 36 volume 6.80291 surf 20.2357 Nballs 7 center -7.52879, 45.8561, 73.367
protocols.packstat: Cavity: 37 volume 7.65207 surf 23.7605 Nballs 7 center -7.41889, 34.018, 76.2095
protocols.packstat: Cavity: 38 volume 6.45617 surf 20.3544 Nballs 3 center -6.61987, 48.8126, 76.8702
protocols.packstat: Cavity: 39 volume 24.9797 surf 70.9503 Nballs 48 center -4.17041, 39.2026, 72.4949
protocols.packstat: Cavity: 40 volume 6.73961 surf 21.248 Nballs 4 center -6.6705, 44.3678, 84.4639
protocols.packstat: Cavity: 41 volume 3.14935 surf 9.92898 Nballs 3 center -7.10396, 17.7325, 41.7555
protocols.packstat: Cavity: 42 volume 17.3608 surf 52.3622 Nballs 26 center -4.82642, 43.9538, 77.046
protocols.packstat: Cavity: 43 volume 7.57333 surf 20.4413 Nballs 4 center -6.59096, 44.4147, 72.0654
protocols.packstat: Cavity: 44 volume 5.77688 surf 16.3828 Nballs 4 center -6.63221, 22.89, 57.6328
protocols.packstat: Cavity: 45 volume 3.44854 surf 10.8722 Nballs 2 center -6.64015, 18.8591, 60.9399
protocols.packstat: Cavity: 46 volume 2.55097 surf 8.04248 Nballs 1 center -6.77967, 26.0902, 39.0517
protocols.packstat: Cavity: 47 volume 0.850324 surf 2.68083 Nballs 1 center -6.69074, 11.5541, 53.6869
protocols.packstat: Cavity: 48 volume 21.7314 surf 62.9373 Nballs 44 center -5.54681, 12.6973, 54.2408
protocols.packstat: Cavity: 49 volume 2.55097 surf 8.04248 Nballs 1 center -6.20504, 20.6349, 46.8842
protocols.packstat: Cavity: 50 volume 2.83441 surf 8.93609 Nballs 3 center -6.08951, 13.3918, 51.7719
protocols.packstat: Cavity: 51 volume 12.5442 surf 36.9467 Nballs 24 center -4.39747, 38.7228, 83.7265
protocols.packstat: Cavity: 52 volume 10.6598 surf 32.5453 Nballs 11 center -4.71307, 45.6221, 85.1423
protocols.packstat: Cavity: 53 volume 31.8367 surf 95.8356 Nballs 67 center -3.818, 44.2879, 68.4009
protocols.packstat: Cavity: 54 volume 26.3975 surf 74.9173 Nballs 37 center -4.27715, 22.9048, 34.7224
protocols.packstat: Cavity: 55 volume 9.92224 surf 30.6992 Nballs 15 center -4.98786, 17.3794, 55.8135
protocols.packstat: Cavity: 56 volume 3.96818 surf 12.5105 Nballs 2 center -5.57028, 34.6124, 79.4341
protocols.packstat: Cavity: 57 volume 5.95227 surf 18.7658 Nballs 4 center -5.23121, 15.5774, 61.1609
protocols.packstat: Cavity: 58 volume 2.82658 surf 7.49871 Nballs 3 center -5.48347, 40.0492, 79.7781
protocols.packstat: Cavity: 59 volume 3.70049 surf 11.6666 Nballs 3 center -4.87183, 31.6453, 31.327
protocols.packstat: Cavity: 60 volume 2.55097 surf 8.04248 Nballs 1 center -5.1571, 18.7595, 47.4902
protocols.packstat: Cavity: 61 volume 13.5603 surf 39.3234 Nballs 18 center -4.58337, 41.5951, 79.2653
protocols.packstat: Cavity: 62 volume 3.33831 surf 10.5247 Nballs 2 center -4.61989, 40.9679, 62.4557
protocols.packstat: Cavity: 63 volume 2.55097 surf 8.04248 Nballs 1 center -4.82601, 16.5365, 59.1574
protocols.packstat: Cavity: 64 volume 8.24346 surf 25.3336 Nballs 5 center -4.35071, 13.814, 61.3469
protocols.packstat: Cavity: 65 volume 1.49563 surf 4.58285 Nballs 4 center -4.50973, 21.6388, 32.8472
protocols.packstat: Cavity: 66 volume 7.41261 surf 22.9592 Nballs 9 center -4.07558, 50.7275, 80.2682
protocols.packstat: Cavity: 67 volume 11.3171 surf 33.2481 Nballs 16 center -3.43817, 29.9154, 77.2365
protocols.packstat: Cavity: 68 volume 2.55097 surf 8.04248 Nballs 1 center -3.86367, 35.4184, 83.5059
protocols.packstat: Cavity: 69 volume 16.4326 surf 47.1355 Nballs 23 center -2.6075, 38.4817, 63.8726
protocols.packstat: Cavity: 70 volume 3.65325 surf 11.5176 Nballs 2 center -3.04735, 36.6691, 89.6208
protocols.packstat: Cavity: 71 volume 2.55097 surf 8.04248 Nballs 1 center -3.29823, 45.0005, 89.8891
protocols.packstat: Cavity: 72 volume 8.67498 surf 25.3763 Nballs 10 center -2.69824, 21.0463, 38.8881
protocols.packstat: Cavity: 73 volume 8.5463 surf 24.4269 Nballs 8 center -2.71869, 13.627, 42.7913
protocols.packstat: Cavity: 74 volume 2.26753 surf 7.14887 Nballs 1 center -3.129, 16.3268, 50.6735
protocols.packstat: Cavity: 75 volume 3.65325 surf 11.5176 Nballs 2 center -2.85401, 17.9551, 46.9591
protocols.packstat: Cavity: 76 volume 50.6219 surf 124.888 Nballs 82 center 0.159412, 19.4575, 43.3048
protocols.packstat: Cavity: 77 volume 2.55097 surf 8.04248 Nballs 1 center -2.77895, 17.3922, 34.8585
protocols.packstat: Cavity: 78 volume 2.55097 surf 8.04248 Nballs 1 center -2.53189, 49.9131, 88.0238
protocols.packstat: Cavity: 79 volume 23.8502 surf 67.3728 Nballs 54 center -0.292757, 23.435, 46.5799
protocols.packstat: Cavity: 80 volume 14.525 surf 36.1081 Nballs 6 center -1.15631, 52.4859, 73.4371
protocols.packstat: Cavity: 81 volume 4.85 surf 15.2906 Nballs 3 center -1.86911, 15.8985, 49.8193
protocols.packstat: Cavity: 82 volume 8.97565 surf 28.2976 Nballs 9 center -1.40356, 32.1688, 79.6652
protocols.packstat: Cavity: 83 volume 4.19135 surf 12.1847 Nballs 4 center -1.79105, 33.4491, 79.8668
protocols.packstat: Cavity: 84 volume 3.96818 surf 12.5105 Nballs 2 center -1.71483, 47.6838, 83.2126
protocols.packstat: Cavity: 85 volume 6.72386 surf 21.1984 Nballs 5 center -1.07852, 42.4501, 90.8932
protocols.packstat: Cavity: 86 volume 13.3885 surf 35.8002 Nballs 10 center -1.125, 10.3969, 50.7456
protocols.packstat: Cavity: 87 volume 2.55097 surf 8.04248 Nballs 1 center -1.38447, 35.6298, 87.5853
protocols.packstat: Cavity: 88 volume 2.55097 surf 8.04248 Nballs 1 center -1.30914, 51.2926, 70.5085
protocols.packstat: Cavity: 89 volume 3.5742 surf 9.64896 Nballs 9 center -0.682535, 18.3856, 41.6586
protocols.packstat: Cavity: 90 volume 3.56885 surf 10.1788 Nballs 1 center -1.22208, 54.0366, 81.9848
protocols.packstat: Cavity: 91 volume 10.0809 surf 29.9801 Nballs 24 center -0.0211892, 30.3399, 34.261
protocols.packstat: Cavity: 92 volume 3.52727 surf 11.1205 Nballs 2 center -0.818594, 42.3773, 86.2786
protocols.packstat: Cavity: 93 volume 2.55097 surf 8.04248 Nballs 1 center -0.889611, 18.1636, 35.5157
protocols.packstat: Cavity: 94 volume 5.78162 surf 16.5938 Nballs 3 center -0.739259, 40.3987, 84.0085
protocols.packstat: Cavity: 95 volume 6.76862 surf 20.2799 Nballs 7 center -0.188594, 44.6745, 76.1742
protocols.packstat: Cavity: 96 volume 21.8671 surf 64.5136 Nballs 42 center 0.753218, 27.0277, 37.7442
protocols.packstat: Cavity: 97 volume 3.90294 surf 11.3446 Nballs 3 center -0.331202, 45.6116, 77.3945
protocols.packstat: Cavity: 98 volume 2.55097 surf 8.04248 Nballs 1 center -0.193038, 20.5341, 35.1185
protocols.packstat: Cavity: 99 volume 2.55097 surf 8.04248 Nballs 1 center -0.142759, 33.4091, 73.0683
protocols.packstat: Cavity: 100 volume 3.56885 surf 10.1788 Nballs 1 center 0.138813, 31.4633, 40.1225
protocols.packstat: Cavity: 101 volume 4.45501 surf 12.4058 Nballs 3 center 0.265812, 44.7564, 81.5836
protocols.packstat: Cavity: 102 volume 46.1588 surf 138.429 Nballs 93 center 3.41811, 45.5007, 78.4935
protocols.packstat: Cavity: 103 volume 2.55097 surf 8.04248 Nballs 1 center 0.328617, 36.7665, 89.6947
protocols.packstat: Cavity: 104 volume 9.44169 surf 27.646 Nballs 7 center 1.20867, 40.2562, 65.6885
protocols.packstat: Cavity: 105 volume 6.04132 surf 17.0903 Nballs 4 center 0.841966, 37.0615, 81.4828
protocols.packstat: Cavity: 106 volume 11.7518 surf 35.1579 Nballs 14 center 1.71173, 12.287, 46.0305
protocols.packstat: Cavity: 107 volume 115.192 surf 326.204 Nballs 233 center 7.47504, 20.3657, 47.9643
protocols.packstat: Cavity: 108 volume 21.9261 surf 65.4142 Nballs 29 center 2.63517, 48.744, 85.7649
protocols.packstat: Cavity: 109 volume 2.44075 surf 7.69496 Nballs 1 center 0.762857, 10.6426, 43.8594
protocols.packstat: Cavity: 110 volume 2.44075 surf 7.69496 Nballs 1 center 0.780419, 40.5291, 77.5527
protocols.packstat: Cavity: 111 volume 2.75568 surf 8.68786 Nballs 3 center 0.983475, 42.1004, 78.505
protocols.packstat: Cavity: 112 volume 3.56885 surf 10.1788 Nballs 1 center 0.918901, 16.8346, 57.4503
protocols.packstat: Cavity: 113 volume 2.55097 surf 8.04248 Nballs 1 center 0.970032, 49.3177, 79.6219
protocols.packstat: Cavity: 114 volume 6.97565 surf 20.5817 Nballs 6 center 1.46711, 39.0428, 76.4302
protocols.packstat: Cavity: 115 volume 2.55097 surf 8.04248 Nballs 1 center 1.02931, 6.13442, 52.3899
protocols.packstat: Cavity: 116 volume 1.80296 surf 4.70386 Nballs 2 center 1.20877, 32.0496, 38.1896
protocols.packstat: Cavity: 117 volume 16.0857 surf 47.234 Nballs 24 center 1.88157, 31.3307, 37.216
protocols.packstat: Cavity: 118 volume 10.126 surf 29.6 Nballs 9 center 2.04837, 50.7561, 90.9811
protocols.packstat: Cavity: 119 volume 6.55786 surf 19.7214 Nballs 4 center 2.11009, 14.6782, 51.8603
protocols.packstat: Cavity: 120 volume 2.55097 surf 8.04248 Nballs 1 center 1.83724, 33.9999, 83.0865
protocols.packstat: Cavity: 121 volume 0.877086 surf 2.56912 Nballs 3 center 2.09972, 24.974, 52.5921
protocols.packstat: Cavity: 122 volume 42.0286 surf 76.1809 Nballs 21 center 2.62937, 25.0561, 52.3134
protocols.packstat: Cavity: 123 volume 3.56885 surf 10.1788 Nballs 1 center 2.17636, 44.4416, 88.5204
protocols.packstat: Cavity: 124 volume 12.3755 surf 37.0762 Nballs 18 center 3.33721, 37.7745, 71.8512
protocols.packstat: Cavity: 125 volume 3.73198 surf 11.7658 Nballs 3 center 2.50878, 9.61831, 44.07
protocols.packstat: Cavity: 126 volume 8.1738 surf 24.9551 Nballs 5 center 3.05627, 16.9088, 55.9042
protocols.packstat: Cavity: 127 volume 2.55097 surf 8.04248 Nballs 1 center 2.36331, 24.2984, 43.9409
protocols.packstat: Cavity: 128 volume 6.12548 surf 19.3119 Nballs 6 center 2.65173, 16.5014, 52.288
protocols.packstat: Cavity: 129 volume 4.52048 surf 13.4041 Nballs 2 center 2.97307, 34.6466, 76.4537
protocols.packstat: Cavity: 130 volume 1.70065 surf 5.36165 Nballs 1 center 2.80871, 19.3316, 48.9237
protocols.packstat: Cavity: 131 volume 3.56885 surf 10.1788 Nballs 1 center 2.81838, 52.7322, 90.7422
protocols.packstat: Cavity: 132 volume 6.20507 surf 18.5827 Nballs 3 center 3.3794, 53.7646, 76.7795
protocols.packstat: Cavity: 133 volume 18.4546 surf 51.0932 Nballs 43 center 3.99301, 44.2685, 76.4481
protocols.packstat: Cavity: 134 volume 4.12565 surf 13.007 Nballs 3 center 3.69038, 24.443, 27.8714
protocols.packstat: Cavity: 135 volume 2.55097 surf 8.04248 Nballs 1 center 3.6106, 23.1167, 37.4384
protocols.packstat: Cavity: 136 volume 2.40925 surf 7.59567 Nballs 1 center 3.71122, 53.7736, 68.8605
protocols.packstat: Cavity: 137 volume 2.55097 surf 8.04248 Nballs 1 center 3.77934, 36.9454, 64.651
protocols.packstat: Cavity: 138 volume 4.80276 surf 15.1417 Nballs 3 center 4.14438, 3.88289, 53.4354
protocols.packstat: Cavity: 139 volume 7.46675 surf 23.3882 Nballs 9 center 4.47983, 32.3867, 41.9529
protocols.packstat: Cavity: 140 volume 16.2338 surf 48.8584 Nballs 28 center 5.90502, 53.8558, 70.7191
protocols.packstat: Cavity: 141 volume 3.81071 surf 12.0141 Nballs 2 center 4.26102, 21.6907, 54.2509
protocols.packstat: Cavity: 142 volume 2.55097 surf 8.04248 Nballs 1 center 4.24125, 31.1, 87.7018
protocols.packstat: Cavity: 143 volume 2.55097 surf 8.04248 Nballs 1 center 4.33478, 45.3283, 70.3172
protocols.packstat: Cavity: 144 volume 4.75412 surf 14.3924 Nballs 3 center 4.70479, 39.4934, 80.9579
protocols.packstat: Cavity: 145 volume 3.90519 surf 12.3119 Nballs 2 center 4.60947, 17.5696, 42.4194
protocols.packstat: Cavity: 146 volume 2.55097 surf 8.04248 Nballs 1 center 4.38329, 20.8594, 42.1723
protocols.packstat: Cavity: 147 volume 6.20422 surf 19.5601 Nballs 5 center 4.84521, 29.2213, 31.4813
protocols.packstat: Cavity: 148 volume 8.85122 surf 23.9925 Nballs 11 center 5.47173, 28.0484, 37.1256
protocols.packstat: Cavity: 149 volume 5.23599 surf 15.9182 Nballs 3 center 5.35138, 5.22649, 43.2841
protocols.packstat: Cavity: 150 volume 1.98409 surf 6.25526 Nballs 1 center 5.1356, 53.5301, 68.3569
protocols.packstat: Cavity: 151 volume 2.55097 surf 8.04248 Nballs 1 center 5.14273, 57.8433, 75.5874
protocols.packstat: Cavity: 152 volume 1.02912 surf 2.93991 Nballs 2 center 5.22527, 29.6426, 37.1061
protocols.packstat: Cavity: 153 volume 3.4013 surf 10.7233 Nballs 2 center 5.4019, 3.15661, 47.3639
protocols.packstat: Cavity: 154 volume 4.03117 surf 12.7091 Nballs 2 center 5.68951, 52.4743, 94.0009
protocols.packstat: Cavity: 155 volume 9.33798 surf 28.1619 Nballs 8 center 6.033, 35.7229, 71.4934
protocols.packstat: Cavity: 156 volume 4.86799 surf 14.9633 Nballs 5 center 5.82394, 24.7962, 32.4999
protocols.packstat: Cavity: 157 volume 2.74754 surf 7.87415 Nballs 2 center 5.70169, 29.5493, 33.9171
protocols.packstat: Cavity: 158 volume 5.14919 surf 16.2339 Nballs 5 center 5.93268, 51.676, 74.9255
protocols.packstat: Cavity: 159 volume 3.55822 surf 9.90261 Nballs 4 center 5.82111, 43.4535, 84.025
protocols.packstat: Cavity: 160 volume 16.7728 surf 47.2775 Nballs 24 center 6.30133, 29.2979, 36.7243
protocols.packstat: Cavity: 161 volume 2.55097 surf 8.04248 Nballs 1 center 5.84233, 13.5852, 56.7437
protocols.packstat: Cavity: 162 volume 4.9347 surf 14.0743 Nballs 2 center 6.2849, 53.5021, 87.7449
protocols.packstat: Cavity: 163 volume 41.1579 surf 119.575 Nballs 79 center 8.52054, 44.3907, 84.5849
protocols.packstat: Cavity: 164 volume 4.39769 surf 13.0302 Nballs 2 center 6.46456, 11.3686, 46.7424
protocols.packstat: Cavity: 165 volume 3.46428 surf 10.9219 Nballs 2 center 6.72925, 42.3505, 77.2203
protocols.packstat: Cavity: 166 volume 5.18844 surf 15.6358 Nballs 6 center 7.46047, 16.5582, 47.2001
protocols.packstat: Cavity: 167 volume 2.55097 surf 8.04248 Nballs 1 center 7.1022, 47.6606, 88.448
protocols.packstat: Cavity: 168 volume 2.55097 surf 8.04248 Nballs 1 center 7.23538, 56.5167, 70.8451
protocols.packstat: Cavity: 169 volume 12.5879 surf 35.2277 Nballs 19 center 8.18364, 50.0056, 89.2427
protocols.packstat: Cavity: 170 volume 48.3785 surf 130.709 Nballs 98 center 11.1776, 10.3091, 42.7992
protocols.packstat: Cavity: 171 volume 3.9764 surf 12.0133 Nballs 3 center 7.59627, 42.0562, 67.8035
protocols.packstat: Cavity: 172 volume 3.33831 surf 10.5247 Nballs 2 center 7.67509, 53.1755, 93.2618
protocols.packstat: Cavity: 173 volume 2.55097 surf 8.04248 Nballs 1 center 7.70687, 49.6561, 81.2297
protocols.packstat: Cavity: 174 volume 3.87254 surf 11.7123 Nballs 3 center 8.33931, 17.2369, 37.7881
protocols.packstat: Cavity: 175 volume 3.35406 surf 10.5744 Nballs 2 center 8.27391, 39.9488, 74.596
protocols.packstat: Cavity: 176 volume 3.44854 surf 10.8722 Nballs 2 center 8.49952, 21.0198, 37.6378
protocols.packstat: Cavity: 177 volume 5.22792 surf 16.4821 Nballs 3 center 8.46253, 37.5751, 77.9641
protocols.packstat: Cavity: 178 volume 3.56885 surf 10.1788 Nballs 1 center 8.3945, 38.5369, 80.3371
protocols.packstat: Cavity: 179 volume 15.5918 surf 48.8715 Nballs 26 center 9.26298, 41.5368, 71.4714
protocols.packstat: Cavity: 180 volume 5.88153 surf 17.9203 Nballs 4 center 8.79723, 23.8731, 56.1708
protocols.packstat: Cavity: 181 volume 2.55097 surf 8.04248 Nballs 1 center 8.50776, 6.79024, 52.0953
protocols.packstat: Cavity: 182 volume 5.85213 surf 17.3773 Nballs 4 center 9.02683, 17.9009, 39.3778
protocols.packstat: Cavity: 183 volume 16.501 surf 47.8422 Nballs 22 center 9.39899, 31.8735, 32.2287
protocols.packstat: Cavity: 184 volume 3.52727 surf 11.1205 Nballs 2 center 8.95724, 51.4716, 68.3993
protocols.packstat: Cavity: 185 volume 2.55097 surf 8.04248 Nballs 1 center 8.74496, 57.5933, 69.7671
protocols.packstat: Cavity: 186 volume 2.55097 surf 8.04248 Nballs 1 center 9.15461, 7.33648, 45.0026
protocols.packstat: Cavity: 187 volume 3.35406 surf 10.5744 Nballs 2 center 9.50758, 36.6305, 72.2906
protocols.packstat: Cavity: 188 volume 1.62192 surf 5.11343 Nballs 1 center 9.38349, 28.6869, 44.3942
protocols.packstat: Cavity: 189 volume 21.135 surf 63.6999 Nballs 18 center 11.1496, 8.64425, 49.5299
protocols.packstat: Cavity: 190 volume 7.63632 surf 22.3666 Nballs 4 center 9.75153, 31.7417, 73.9799
protocols.packstat: Cavity: 191 volume 4.31787 surf 12.315 Nballs 2 center 9.70738, 41.6792, 80.6134
protocols.packstat: Cavity: 192 volume 2.55097 surf 8.04248 Nballs 1 center 9.58034, 20.4894, 55.051
protocols.packstat: Cavity: 193 volume 18.9283 surf 56.2756 Nballs 19 center 11.1921, 37.4595, 72.9462
protocols.packstat: Cavity: 194 volume 12.0964 surf 35.1308 Nballs 12 center 9.93494, 29.508, 42.6135
protocols.packstat: Cavity: 195 volume 3.62175 surf 11.4183 Nballs 2 center 10.0599, 38.9893, 84.1999
protocols.packstat: Cavity: 196 volume 2.55097 surf 8.04248 Nballs 1 center 9.92856, 46.6384, 77.019
protocols.packstat: Cavity: 197 volume 8.01781 surf 25.0924 Nballs 8 center 10.4006, 42.6226, 72.2658
protocols.packstat: Cavity: 198 volume 5.35483 surf 15.9352 Nballs 2 center 10.283, 9.76341, 52.6705
protocols.packstat: Cavity: 199 volume 14.6397 surf 38.246 Nballs 21 center 11.1077, 26.8729, 46.9843
protocols.packstat: Cavity: 200 volume 2.55097 surf 8.04248 Nballs 1 center 10.5348, 47.0407, 71.4953
protocols.packstat: Cavity: 201 volume 2.55097 surf 8.04248 Nballs 1 center 10.5584, 30.3242, 52.6624
protocols.packstat: Cavity: 202 volume 6.97581 surf 21.9927 Nballs 5 center 11.8856, 24.3621, 41.6426
protocols.packstat: Cavity: 203 volume 2.55097 surf 8.04248 Nballs 1 center 10.7961, 53.3529, 76.6323
protocols.packstat: Cavity: 204 volume 2.55097 surf 8.04248 Nballs 1 center 10.9332, 47.5227, 78.7118
protocols.packstat: Cavity: 205 volume 2.83441 surf 8.93609 Nballs 2 center 10.9796, 25.6736, 31.8032
protocols.packstat: Cavity: 206 volume 7.02033 surf 20.9742 Nballs 6 center 11.8293, 52.2958, 71.475
protocols.packstat: Cavity: 207 volume 15.0083 surf 44.2072 Nballs 23 center 12.359, 32.1279, 37.5054
protocols.packstat: Cavity: 208 volume 14.5006 surf 37.5548 Nballs 10 center 13.0307, 31.7107, 49.5752
protocols.packstat: Cavity: 209 volume 5.70156 surf 17.1609 Nballs 3 center 12.0472, 25.5429, 39.1218
protocols.packstat: Cavity: 210 volume 2.53523 surf 7.99283 Nballs 1 center 11.6677, 42.7422, 69.6479
protocols.packstat: Cavity: 211 volume 27.0566 surf 73.5552 Nballs 55 center 14.6355, 50.9376, 72.2103
protocols.packstat: Cavity: 212 volume 9.57402 surf 30.1841 Nballs 7 center 12.8696, 15.8349, 42.5657
protocols.packstat: Cavity: 213 volume 7.39958 surf 20.885 Nballs 12 center 12.3285, 9.55574, 44.7871
protocols.packstat: Cavity: 214 volume 9.82 surf 30.074 Nballs 16 center 12.8054, 49.6248, 72.5334
protocols.packstat: Cavity: 215 volume 7.92061 surf 24.9714 Nballs 7 center 13.4524, 16.6023, 52.5775
protocols.packstat: Cavity: 216 volume 4.50357 surf 14.1984 Nballs 2 center 12.8167, 52.306, 68.5474
protocols.packstat: Cavity: 217 volume 10.0669 surf 29.7249 Nballs 8 center 13.2036, 20.4609, 51.4312
protocols.packstat: Cavity: 218 volume 17.5288 surf 47.6056 Nballs 21 center 14.3614, 52.8056, 64.952
protocols.packstat: Cavity: 219 volume 12.5908 surf 36.9436 Nballs 13 center 13.9697, 47.1738, 67.7897
protocols.packstat: Cavity: 220 volume 7.18548 surf 22.0842 Nballs 8 center 14.3055, 41.9061, 83.6342
protocols.packstat: Cavity: 221 volume 12.4697 surf 38.585 Nballs 15 center 15.2209, 30.5081, 47.8131
protocols.packstat: Cavity: 222 volume 6.34602 surf 15.2053 Nballs 1 center 13.6582, 30.3436, 69.4801
protocols.packstat: Cavity: 223 volume 13.3276 surf 40.0898 Nballs 13 center 14.981, 29.1091, 54.5904
protocols.packstat: Cavity: 224 volume 2.55097 surf 8.04248 Nballs 1 center 13.6907, 11.6684, 47.0452
protocols.packstat: Cavity: 225 volume 1.55893 surf 4.91485 Nballs 1 center 13.9855, 35.2188, 78.2601
protocols.packstat: Cavity: 226 volume 6.9091 surf 21.5374 Nballs 10 center 14.5461, 33.9598, 78.4702
protocols.packstat: Cavity: 227 volume 2.55097 surf 8.04248 Nballs 1 center 14.1755, 27.898, 58.9323
protocols.packstat: Cavity: 228 volume 21.3772 surf 60.3155 Nballs 32 center 15.6297, 34.017, 80.4355
protocols.packstat: Cavity: 229 volume 19.2645 surf 54.4294 Nballs 34 center 15.4213, 34.8548, 42.695
protocols.packstat: Cavity: 230 volume 2.55097 surf 8.04248 Nballs 1 center 14.4519, 7.19965, 44.9434
protocols.packstat: Cavity: 231 volume 2.55097 surf 8.04248 Nballs 1 center 14.4696, 52.7951, 76.9013
protocols.packstat: Cavity: 232 volume 0.850324 surf 2.68083 Nballs 1 center 14.5926, 35.9197, 41.9147
protocols.packstat: Cavity: 233 volume 2.55097 surf 8.04248 Nballs 1 center 14.8135, 9.51033, 52.2958
protocols.packstat: Cavity: 234 volume 2.55097 surf 8.04248 Nballs 1 center 15.0147, 56.5484, 65.2387
protocols.packstat: Cavity: 235 volume 2.53344 surf 7.22566 Nballs 1 center 15.169, 25.1296, 58.7404
protocols.packstat: Cavity: 236 volume 8.19645 surf 25.2848 Nballs 10 center 15.6976, 23.5543, 58.2573
protocols.packstat: Cavity: 237 volume 33.8899 surf 96.0699 Nballs 60 center 17.5528, 47.2611, 77.7009
protocols.packstat: Cavity: 238 volume 2.55097 surf 8.04248 Nballs 1 center 15.572, 56.0721, 71.3135
protocols.packstat: Cavity: 239 volume 22.5015 surf 67.5869 Nballs 33 center 17.8291, 31.4048, 60.7839
protocols.packstat: Cavity: 240 volume 39.1775 surf 113.016 Nballs 41 center 18.536, 39.2103, 76.2896
protocols.packstat: Cavity: 241 volume 11.2944 surf 33.4514 Nballs 15 center 17.131, 15.9254, 46.7225
protocols.packstat: Cavity: 242 volume 7.03306 surf 21.0673 Nballs 7 center 16.526, 48.3104, 72.6129
protocols.packstat: Cavity: 243 volume 3.56885 surf 10.1788 Nballs 1 center 16.4271, 24.4919, 46.2872
protocols.packstat: Cavity: 244 volume 7.13692 surf 19.6004 Nballs 3 center 16.7398, 27.2111, 40.5265
protocols.packstat: Cavity: 245 volume 3.65325 surf 11.5176 Nballs 2 center 16.7524, 41.8097, 63.3804
protocols.packstat: Cavity: 246 volume 2.55097 surf 8.04248 Nballs 1 center 16.6952, 8.90718, 44.1424
protocols.packstat: Cavity: 247 volume 11.6304 surf 35.2634 Nballs 16 center 17.7749, 40.5245, 70.8127
protocols.packstat: Cavity: 248 volume 18.7398 surf 53.0875 Nballs 18 center 17.6828, 20.4458, 55.9805
protocols.packstat: Cavity: 249 volume 1.82662 surf 5.75881 Nballs 1 center 16.862, 39.5036, 68.8339
protocols.packstat: Cavity: 250 volume 13.7318 surf 40.1488 Nballs 20 center 17.8507, 28.6736, 49.2679
protocols.packstat: Cavity: 251 volume 0.944805 surf 2.9787 Nballs 1 center 17.1833, 17.6338, 48.1596
protocols.packstat: Cavity: 252 volume 2.55097 surf 8.04248 Nballs 1 center 17.2914, 34.4226, 77.2302
protocols.packstat: Cavity: 253 volume 6.09399 surf 19.2126 Nballs 5 center 18.0974, 31.3403, 74.2487
protocols.packstat: Cavity: 254 volume 4.51932 surf 14.2481 Nballs 2 center 18.6214, 41.3151, 83.0611
protocols.packstat: Cavity: 255 volume 2.55097 surf 8.04248 Nballs 1 center 18.0564, 24.5205, 49.93
protocols.packstat: Cavity: 256 volume 13.9115 surf 41.9484 Nballs 17 center 19.7843, 27.3243, 56.2712
protocols.packstat: Cavity: 257 volume 12.9705 surf 38.8084 Nballs 10 center 20.6003, 38.3519, 82.3105
protocols.packstat: Cavity: 258 volume 2.53523 surf 7.99283 Nballs 1 center 18.8929, 32.5242, 75.4866
protocols.packstat: Cavity: 259 volume 5.62842 surf 16.6256 Nballs 4 center 19.3743, 37.7107, 75.326
protocols.packstat: Cavity: 260 volume 16.9286 surf 52.3909 Nballs 30 center 19.9722, 44.4958, 77.5391
protocols.packstat: Cavity: 261 volume 36.6926 surf 107.919 Nballs 67 center 21.4629, 39.2009, 66.5288
protocols.packstat: Cavity: 262 volume 5.284 surf 14.8516 Nballs 5 center 19.7104, 32.9112, 63.1337
protocols.packstat: Cavity: 263 volume 2.88165 surf 9.08502 Nballs 2 center 19.7191, 25.6536, 59.2005
protocols.packstat: Cavity: 264 volume 1.25974 surf 3.97159 Nballs 1 center 19.8591, 26.631, 57.0979
protocols.packstat: Cavity: 265 volume 23.6798 surf 65.9285 Nballs 48 center 21.4715, 38.149, 72.5031
protocols.packstat: Cavity: 266 volume 2.55097 surf 8.04248 Nballs 1 center 20.0969, 26.8564, 44.1244
protocols.packstat: Cavity: 267 volume 2.55097 surf 8.04248 Nballs 1 center 20.3035, 24.036, 50.0283
protocols.packstat: Cavity: 268 volume 13.5672 surf 39.3451 Nballs 21 center 21.3267, 32.8239, 43.3324
protocols.packstat: Cavity: 269 volume 2.55097 surf 8.04248 Nballs 1 center 20.707, 40.1851, 82.2655
protocols.packstat: Cavity: 270 volume 1.03929 surf 3.27656 Nballs 2 center 20.8195, 39.721, 67.054
protocols.packstat: Cavity: 271 volume 24.5062 surf 66.7197 Nballs 36 center 21.6893, 34.2668, 71.447
protocols.packstat: Cavity: 272 volume 7.9134 surf 24.5579 Nballs 6 center 21.3487, 32.523, 51.8695
protocols.packstat: Cavity: 273 volume 4.82549 surf 12.5664 Nballs 1 center 21.0898, 50.5742, 68.0671
protocols.packstat: Cavity: 274 volume 2.55097 surf 8.04248 Nballs 1 center 21.8274, 49.2093, 70.0176
protocols.packstat: Cavity: 275 volume 3.74773 surf 11.8155 Nballs 3 center 22.0368, 26.2491, 45.5974
protocols.packstat: Cavity: 276 volume 5.17874 surf 15.4993 Nballs 2 center 22.2683, 30.3218, 70.6673
protocols.packstat: Cavity: 277 volume 2.55097 surf 8.04248 Nballs 1 center 22.5659, 23.7148, 53.8054
protocols.packstat: Cavity: 278 volume 3.65325 surf 11.5176 Nballs 2 center 23.1165, 36.1061, 67.9978
protocols.packstat: Cavity: 279 volume 2.44075 surf 7.69496 Nballs 1 center 23.0783, 24.5633, 57.1916
protocols.packstat: Cavity: 280 volume 3.4013 surf 10.7233 Nballs 2 center 23.4672, 31.5637, 66.5915
protocols.packstat: Cavity: 281 volume 2.53523 surf 7.99283 Nballs 1 center 23.4578, 28.899, 71.7101
protocols.packstat: Cavity: 282 volume 4.72402 surf 14.8935 Nballs 3 center 23.871, 24.3819, 55.4791
protocols.packstat: Cavity: 283 volume 2.55097 surf 8.04248 Nballs 1 center 23.9724, 43.9562, 76.2521
protocols.packstat: Cavity: 284 volume 1.7164 surf 5.4113 Nballs 2 center 24.039, 43.7036, 72.066
protocols.packstat: Cavity: 285 volume 5.88222 surf 18.2205 Nballs 8 center 24.5125, 44.1728, 71.5711
protocols.packstat: Cavity: 286 volume 6.73961 surf 21.248 Nballs 5 center 25.539, 28.3485, 72.2106
protocols.packstat: Cavity: 287 volume 2.55097 surf 8.04248 Nballs 1 center 24.9024, 31.5563, 76.7723
protocols.packstat: Cavity: 288 volume 6.85984 surf 20.5212 Nballs 5 center 25.6744, 31.4215, 52.6512
protocols.packstat: Cavity: 289 volume 11.6171 surf 32.9425 Nballs 13 center 26.567, 34.3755, 73.1289
protocols.packstat: Cavity: 290 volume 2.55097 surf 8.04248 Nballs 1 center 26.1023, 39.245, 78.5354
protocols.packstat: Cavity: 291 volume 2.55097 surf 8.04248 Nballs 1 center 26.111, 29.0002, 54.9977
protocols.packstat: Cavity: 292 volume 7.52555 surf 20.0457 Nballs 3 center 26.9604, 32.1958, 70.0403
