core.init: command: /vol/ek/share/rosetta/mini/build/src/release/linux/2.6/32/x86/gcc/holes.linuxgccrelease -database /vol/ek/share/rosetta/minirosetta_database/ -holes:dalphaball /vol/ek/share/bin/DAlphaBall -holes:make_pdb -holes:make_voids -s 2AK5.mainChain.pdb
core.init: 'RNG device' seed mode, using '/dev/urandom', seed=-108519740 seed_offset=0 real_seed=-108519740
core.init.random: RandomGenerator:init: Normal mode, seed=-108519740 RG_type=mt19937
core.scoring.ScoreFunctionFactory: SCOREFUNCTION: standard
core.scoring.ScoreFunctionFactory: SCOREFUNCTION PATCH: score12
core.scoring.etable: Starting energy table calculation
core.scoring.etable: smooth_etable: changing atr/rep split to bottom of energy well
core.scoring.etable: smooth_etable: spline smoothing lj etables (maxdis = 6)
core.scoring.etable: smooth_etable: spline smoothing solvation etables (max_dis = 6)
core.scoring.etable: Finished calculating energy tables.
core.io.database: Database file opened: /vol/ek/share/rosetta/minirosetta_database/pdb_pair_stats_fine
core.io.database: Database file opened: /vol/ek/share/rosetta/minirosetta_database/P_AA
core.io.database: Database file opened: /vol/ek/share/rosetta/minirosetta_database/P_AA_n
core.io.database: Database file opened: /vol/ek/share/rosetta/minirosetta_database/P_AA_pp
core.io.database: Database file opened: /vol/ek/share/rosetta/minirosetta_database/Rama_smooth_dyn.dat_ss_6.4
core.scoring.ScoreFunctionFactory: SCOREFUNCTION: standard
core.scoring.ScoreFunctionFactory: SCOREFUNCTION PATCH: score12
core.conformation.Conformation: [ WARNING ] missing heavyatom:  CG  on residue GLU 20
core.conformation.Conformation: [ WARNING ] missing heavyatom:  CD  on residue GLU 20
core.conformation.Conformation: [ WARNING ] missing heavyatom:  OE1 on residue GLU 20
core.conformation.Conformation: [ WARNING ] missing heavyatom:  OE2 on residue GLU 20
core.conformation.Conformation: [ WARNING ] missing heavyatom:  CD  on residue GLU 38
core.conformation.Conformation: [ WARNING ] missing heavyatom:  OE1 on residue GLU 38
core.conformation.Conformation: [ WARNING ] missing heavyatom:  OE2 on residue GLU 38
core.conformation.Conformation: [ WARNING ] missing heavyatom:  CB  on residue ASN 47
core.conformation.Conformation: [ WARNING ] missing heavyatom:  CG  on residue ASN 47
core.conformation.Conformation: [ WARNING ] missing heavyatom:  OD1 on residue ASN 47
core.conformation.Conformation: [ WARNING ] missing heavyatom:  ND2 on residue ASN 47
core.conformation.Conformation: [ WARNING ] missing heavyatom:  NE  on residue ARG 59
core.conformation.Conformation: [ WARNING ] missing heavyatom:  CZ  on residue ARG 59
core.conformation.Conformation: [ WARNING ] missing heavyatom:  NH1 on residue ARG 59
core.conformation.Conformation: [ WARNING ] missing heavyatom:  NH2 on residue ARG 59
core.conformation.Conformation: [ WARNING ] missing heavyatom:  OXT on residue SER_p:CtermProteinFull 64
core.pack.task: Packer task: initialize from command line() 
core.pack.pack_missing_sidechains: packing residue number 20 because of missing atom number 6 atom name  CG 
core.pack.pack_missing_sidechains: packing residue number 38 because of missing atom number 7 atom name  CD 
core.pack.pack_missing_sidechains: packing residue number 47 because of missing atom number 5 atom name  CB 
core.pack.pack_missing_sidechains: packing residue number 59 because of missing atom number 8 atom name  NE 
core.scoring.dunbrack: Dunbrack library took 0.04 seconds to load from binary
core.pack.interaction_graph.interaction_graph_factory: Instantiating DensePDInteractionGraph
core.pack.pack_rotamers: built 63 rotamers at 4 positions.
core.pack.pack_rotamers: IG: 1216 bytes
core.scoring.packing.compute_holes_score: compute_holes_surfs try: 1
core.scoring.packing.compute_holes_score: compute_holes_surfs completed successfully
core.scoring.packing.compute_holes_score: compute_rosettaholes_score done: 1.70859
RosettaHoles: 2AK5.mainChain.pdb 1.70859 1.70793 -2.08154 -44.4265
dumping pdb to 2AK5.mainChain.pdb_cavs.pdb
dumping cavities 
protocols.packstat: prune raduis 1.4 2424 1109 586 358 255 202 167 152 140 136 135 134 134 
core.conformation.util: Non-ideal residue detected:  Residue #1 atom #1:  Ideal D=1.458, Inspected D=1.49836
core.io.silent: ERROR: trying to use a 'protein' type silent file for a non-ideal pose
core.io.silent: consider using the '-out:file:silent_struct_type binary' flag
