core.init: command: /cs/alum/londonir/lab/rosetta/mini/bin/holes.linuxgccrelease -database /vol/ek/londonir/rosetta/minirosetta_database/ -holes:dalphaball /vol/ek/share/bin/DAlphaBall -holes:make_pdb -holes:make_voids -s 2D5W.pdb
core.init: 'RNG device' seed mode, using '/dev/urandom', seed=-1432928313 seed_offset=0 real_seed=-1432928313
core.init.random: RandomGenerator:init: Normal mode, seed=-1432928313 RG_type=mt19937
core.scoring.ScoreFunctionFactory: SCOREFUNCTION: standard
core.scoring.ScoreFunctionFactory: SCOREFUNCTION PATCH: score12
core.scoring.etable: Starting energy table calculation
core.scoring.etable: smooth_etable: changing atr/rep split to bottom of energy well
core.scoring.etable: smooth_etable: spline smoothing lj etables (maxdis = 6)
core.scoring.etable: smooth_etable: spline smoothing solvation etables (max_dis = 6)
core.scoring.etable: Finished calculating energy tables.
core.io.database: Database file opened: /vol/ek/londonir/rosetta/minirosetta_database/pdb_pair_stats_fine
core.io.database: Database file opened: /vol/ek/londonir/rosetta/minirosetta_database/P_AA
core.io.database: Database file opened: /vol/ek/londonir/rosetta/minirosetta_database/P_AA_n
core.io.database: Database file opened: /vol/ek/londonir/rosetta/minirosetta_database/P_AA_pp
core.io.database: Database file opened: /vol/ek/londonir/rosetta/minirosetta_database/Rama_smooth_dyn.dat_ss_6.4
core.scoring.ScoreFunctionFactory: SCOREFUNCTION: standard
core.scoring.ScoreFunctionFactory: SCOREFUNCTION PATCH: score12
core.conformation.Conformation: [ WARNING ] missing heavyatom:  OXT on residue THR_p:CtermProteinFull 602
core.conformation.Conformation: Found disulfide between residues 314 458
core.pack.task: Packer task: initialize from command line() 
RosettaHoles: 2D5W.pdb 1.77978 1.77978 -3.2347core.scoring.dunbrack: Dunbrack library took 0.04 seconds to load from binary
 -927.144
dumping pdb to 2D5W.pdb_cavs.pdb
dumping cavities 
protocols.packstat: prune raduis 1.4 28521 18317 13823 11433 9971 9140 8605 8236 7988 7813 7716 7625 7551 7498 7451 7417 7396 7385 7378 7376 7375 7375 
protocols.packstat: Cavity: 1 volume 3.56885 surf 10.1788 Nballs 1 center -51.7616, 29.9369, 27.8127
protocols.packstat: Cavity: 2 volume 10.1168 surf 30.2438 Nballs 13 center -50.3333, 7.27776, 21.9934
protocols.packstat: Cavity: 3 volume 2.55097 surf 8.04248 Nballs 1 center -49.1161, 13.11, 23.0721
protocols.packstat: Cavity: 4 volume 2.55097 surf 8.04248 Nballs 1 center -49.0058, 6.99402, 16.6226
protocols.packstat: Cavity: 5 volume 6.69237 surf 21.0991 Nballs 4 center -48.2401, 18.8383, 29.8218
protocols.packstat: Cavity: 6 volume 4.56656 surf 14.397 Nballs 2 center -48.3807, 9.65329, 18.7447
protocols.packstat: Cavity: 7 volume 10.2336 surf 31.502 Nballs 12 center -47.3359, 14.9654, 24.526
protocols.packstat: Cavity: 8 volume 3.8737 surf 12.2126 Nballs 2 center -47.1263, 3.0467, 31.6189
protocols.packstat: Cavity: 9 volume 7.60591 surf 22.7343 Nballs 5 center -46.3727, 31.6211, 24.5192
protocols.packstat: Cavity: 10 volume 64.9957 surf 191.651 Nballs 86 center -44.8576, 35.864, 18.9444
protocols.packstat: Cavity: 11 volume 2.55097 surf 8.04248 Nballs 1 center -46.7359, 3.11791, 10.5685
protocols.packstat: Cavity: 12 volume 4.50357 surf 14.1984 Nballs 2 center -46.3491, 8.03207, 12.1854
protocols.packstat: Cavity: 13 volume 10.0549 surf 31.2763 Nballs 8 center -45.8967, 12.9522, 12.6072
protocols.packstat: Cavity: 14 volume 2.76964 surf 7.97732 Nballs 5 center -46.4324, 35.3322, 17.2778
protocols.packstat: Cavity: 15 volume 3.56885 surf 10.1788 Nballs 1 center -46.4898, 4.89302, 12.0106
protocols.packstat: Cavity: 16 volume 2.34627 surf 7.39709 Nballs 1 center -46.4035, 33.0363, 20.1943
protocols.packstat: Cavity: 17 volume 2.55097 surf 8.04248 Nballs 1 center -46.3242, 11.999, 25.4143
protocols.packstat: Cavity: 18 volume 5.91232 surf 17.7194 Nballs 5 center -45.9444, 23.8721, 26.8025
protocols.packstat: Cavity: 19 volume 9.63616 surf 30.0158 Nballs 11 center -45.9054, 3.02608, 17.7373
protocols.packstat: Cavity: 20 volume 2.55097 surf 8.04248 Nballs 1 center -45.8642, 8.11686, 14.797
protocols.packstat: Cavity: 21 volume 22.1053 surf 66.2729 Nballs 26 center -41.9969, 6.66248, 28.7274
protocols.packstat: Cavity: 22 volume 4.18863 surf 13.2055 Nballs 2 center -45.1502, 17.228, 12.96
protocols.packstat: Cavity: 23 volume 2.55097 surf 8.04248 Nballs 1 center -45.3033, 8.01368, 31.9434
protocols.packstat: Cavity: 24 volume 4.84829 surf 14.5568 Nballs 3 center -44.8452, 11.372, 20.1111
protocols.packstat: Cavity: 25 volume 5.44837 surf 17.1771 Nballs 3 center -44.2218, 42.4142, 18.9497
protocols.packstat: Cavity: 26 volume 2.55097 surf 8.04248 Nballs 1 center -44.2538, 4.4586, 3.83094
protocols.packstat: Cavity: 27 volume 4.70828 surf 14.8438 Nballs 5 center -44.1284, 39.3779, 19.1234
protocols.packstat: Cavity: 28 volume 5.64695 surf 16.5318 Nballs 3 center -43.2585, 12.2116, 23.0698
protocols.packstat: Cavity: 29 volume 2.55097 surf 8.04248 Nballs 1 center -43.9073, 30.3272, 30.0724
protocols.packstat: Cavity: 30 volume 6.9537 surf 20.3335 Nballs 12 center -43.5612, 7.23505, 22.4508
protocols.packstat: Cavity: 31 volume 6.80259 surf 21.4466 Nballs 5 center -42.8905, 17.9286, 35.5724
protocols.packstat: Cavity: 32 volume 12.6501 surf 38.5004 Nballs 13 center -42.1415, 17.9881, 16.6539
protocols.packstat: Cavity: 33 volume 5.95227 surf 18.7658 Nballs 4 center -43.1275, 11.821, 17.6569
protocols.packstat: Cavity: 34 volume 3.56885 surf 10.1788 Nballs 1 center -43.2956, 2.51589, 5.03995
protocols.packstat: Cavity: 35 volume 2.55097 surf 8.04248 Nballs 1 center -43.1772, -2.9775, 16.423
protocols.packstat: Cavity: 36 volume 2.55097 surf 8.04248 Nballs 1 center -43.0131, 2.32984, 33.5428
protocols.packstat: Cavity: 37 volume 14.6105 surf 42.6318 Nballs 28 center -42.2868, 12.5201, 30.8074
protocols.packstat: Cavity: 38 volume 6.00091 surf 18.1708 Nballs 4 center -42.3857, 19.2267, 29.2225
protocols.packstat: Cavity: 39 volume 1.46445 surf 4.61698 Nballs 1 center -42.442, 17.8921, 15.1457
protocols.packstat: Cavity: 40 volume 5.18673 surf 14.2388 Nballs 3 center -42.2109, 7.18577, 39.7828
protocols.packstat: Cavity: 41 volume 4.75715 surf 14.3489 Nballs 3 center -42.3423, 7.80871, 35.738
protocols.packstat: Cavity: 42 volume 4.64645 surf 13.8013 Nballs 2 center -42.2862, 15.9938, 24.1805
protocols.packstat: Cavity: 43 volume 20.137 surf 57.1072 Nballs 32 center -41.008, 30.2461, 25.5691
protocols.packstat: Cavity: 44 volume 3.96818 surf 12.5105 Nballs 2 center -42.0789, 21.7352, 27.5248
protocols.packstat: Cavity: 45 volume 2.55097 surf 8.04248 Nballs 1 center -41.9493, 12.0706, 25.7957
protocols.packstat: Cavity: 46 volume 10.2511 surf 30.3773 Nballs 12 center -40.7036, 32.0712, 31.697
protocols.packstat: Cavity: 47 volume 34.3465 surf 99.3736 Nballs 75 center -38.9488, 33.9531, 18.265
protocols.packstat: Cavity: 48 volume 16.8497 surf 40.9625 Nballs 8 center -40.7083, 4.86179, 8.16775
protocols.packstat: Cavity: 49 volume 4.69129 surf 14.2605 Nballs 4 center -41.5521, 13.0286, 11.8236
protocols.packstat: Cavity: 50 volume 7.0388 surf 22.1913 Nballs 6 center -40.9772, 4.09772, 15.6022
protocols.packstat: Cavity: 51 volume 10.1882 surf 29.8265 Nballs 8 center -40.3842, 13.7147, 3.07834
protocols.packstat: Cavity: 52 volume 2.55097 surf 8.04248 Nballs 1 center -41.4597, 1.64634, 12.9272
protocols.packstat: Cavity: 53 volume 8.05566 surf 21.3543 Nballs 5 center -41.1238, 12.1866, 18.9609
protocols.packstat: Cavity: 54 volume 3.45769 surf 10.0841 Nballs 5 center -41.2228, 2.45913, 24.2851
protocols.packstat: Cavity: 55 volume 8.99597 surf 25.8588 Nballs 9 center -40.4342, 15.8759, 6.86917
protocols.packstat: Cavity: 56 volume 5.34908 surf 14.7073 Nballs 2 center -41.0936, 40.9817, 13.1507
protocols.packstat: Cavity: 57 volume 58.879 surf 163.289 Nballs 138 center -38.6015, 3.63947, 23.399
protocols.packstat: Cavity: 58 volume 4.97597 surf 15.6878 Nballs 3 center -40.6136, 11.6046, 22.2266
protocols.packstat: Cavity: 59 volume 4.28932 surf 11.1701 Nballs 1 center -40.859, 37.1086, 11.4603
protocols.packstat: Cavity: 60 volume 3.82646 surf 12.0637 Nballs 2 center -40.5607, 35.7732, 12.0076
protocols.packstat: Cavity: 61 volume 0.787337 surf 2.48225 Nballs 1 center -40.5544, 10.7572, 3.55081
protocols.packstat: Cavity: 62 volume 25.6804 surf 63.6843 Nballs 18 center -39.8512, 8.47076, 4.54741
protocols.packstat: Cavity: 63 volume 18.3682 surf 48.1672 Nballs 16 center -38.8175, 9.16873, 3.59001
protocols.packstat: Cavity: 64 volume 9.66726 surf 28.0277 Nballs 10 center -39.9709, 21.4285, 23.06
protocols.packstat: Cavity: 65 volume 10.4834 surf 30.074 Nballs 16 center -39.8392, 9.73913, 24.0341
protocols.packstat: Cavity: 66 volume 1.14556 surf 3.26726 Nballs 1 center -40.1371, 33.3578, 19.1628
protocols.packstat: Cavity: 67 volume 2.55097 surf 8.04248 Nballs 1 center -39.8755, 17.7841, 40.2356
protocols.packstat: Cavity: 68 volume 9.61715 surf 27.4296 Nballs 10 center -38.4338, 22.8951, 20.424
protocols.packstat: Cavity: 69 volume 12.9815 surf 37.1049 Nballs 17 center -39.0204, 9.51319, 32.9521
protocols.packstat: Cavity: 70 volume 1.96834 surf 6.20561 Nballs 1 center -39.5591, 7.59753, 31.2335
protocols.packstat: Cavity: 71 volume 5.52114 surf 15.6909 Nballs 3 center -39.3019, 3.26033, 14.7764
protocols.packstat: Cavity: 72 volume 2.55097 surf 8.04248 Nballs 1 center -39.3807, 40.7945, 14.0287
protocols.packstat: Cavity: 73 volume 14.3998 surf 41.5466 Nballs 12 center -37.9185, 28.0375, 30.3046
protocols.packstat: Cavity: 74 volume 9.45883 surf 28.2821 Nballs 15 center -38.6768, 35.7907, 14.8335
protocols.packstat: Cavity: 75 volume 10.1007 surf 30.8248 Nballs 7 center -36.8977, 22.9443, 30.9773
protocols.packstat: Cavity: 76 volume 4.8448 surf 14.4001 Nballs 2 center -38.5094, 8.53578, 20.8159
protocols.packstat: Cavity: 77 volume 3.09482 surf 9.33324 Nballs 2 center -38.5381, 5.83782, 21.5221
protocols.packstat: Cavity: 78 volume 4.63071 surf 13.7516 Nballs 2 center -38.2346, 15.9614, 12.7079
protocols.packstat: Cavity: 79 volume 6.42824 surf 15.9981 Nballs 2 center -38.2659, 12.9793, 13.69
protocols.packstat: Cavity: 80 volume 7.80721 surf 23.2563 Nballs 6 center -37.907, 22.4283, 36.971
protocols.packstat: Cavity: 81 volume 2.48799 surf 7.8439 Nballs 2 center -38.0768, 5.52349, 36.1093
protocols.packstat: Cavity: 82 volume 4.03117 surf 12.7091 Nballs 2 center -37.873, 19.2957, 28.0758
protocols.packstat: Cavity: 83 volume 48.3139 surf 142.714 Nballs 104 center -34.1441, 32.1544, 21.5302
protocols.packstat: Cavity: 84 volume 5.7661 surf 16.6629 Nballs 8 center -37.809, 2.78705, 18.6384
protocols.packstat: Cavity: 85 volume 10.0699 surf 29.6481 Nballs 6 center -37.2286, 6.55149, 11.3729
protocols.packstat: Cavity: 86 volume 26.9129 surf 78.8656 Nballs 36 center -35.2467, 5.42404, 34.8612
protocols.packstat: Cavity: 87 volume 2.55097 surf 8.04248 Nballs 1 center -37.8553, 10.9163, 25.0517
protocols.packstat: Cavity: 88 volume 5.52711 surf 17.4254 Nballs 5 center -37.4569, 26.6903, 22.628
protocols.packstat: Cavity: 89 volume 4.96023 surf 15.6381 Nballs 5 center -37.3838, 13.7751, 37.055
protocols.packstat: Cavity: 90 volume 3.8737 surf 12.2126 Nballs 2 center -37.2901, 39.339, 14.5527
protocols.packstat: Cavity: 91 volume 2.55097 surf 8.04248 Nballs 1 center -37.438, 26.2498, 20.374
protocols.packstat: Cavity: 92 volume 36.8622 surf 94.1105 Nballs 50 center -35.5006, 9.90794, 37.1932
protocols.packstat: Cavity: 93 volume 6.2392 surf 17.3292 Nballs 7 center -37.1039, 7.74013, 37.6748
protocols.packstat: Cavity: 94 volume 6.47579 surf 18.3865 Nballs 5 center -36.8794, 10.0348, 30.166
protocols.packstat: Cavity: 95 volume 8.22562 surf 23.4875 Nballs 9 center -36.2998, 11.6983, 27.1859
protocols.packstat: Cavity: 96 volume 2.53523 surf 7.99283 Nballs 1 center -37.005, 35.4924, 13.3808
protocols.packstat: Cavity: 97 volume 39.7887 surf 113.768 Nballs 80 center -33.8749, 5.54453, 20.5614
protocols.packstat: Cavity: 98 volume 2.55097 surf 8.04248 Nballs 1 center -36.5641, 11.9905, -0.092633
protocols.packstat: Cavity: 99 volume 5.4213 surf 16.2905 Nballs 3 center -35.8257, 28.0821, 3.38845
protocols.packstat: Cavity: 100 volume 10.05 surf 21.8244 Nballs 3 center -36.0092, 15.9529, 32.7296
protocols.packstat: Cavity: 101 volume 12.3646 surf 28.4109 Nballs 7 center -35.3317, 16.2961, 10.8884
protocols.packstat: Cavity: 102 volume 10.7948 surf 33.5429 Nballs 12 center -34.7024, 25.3234, 19.6006
protocols.packstat: Cavity: 103 volume 10.5094 surf 31.0568 Nballs 15 center -35.2137, 26.0704, 25.031
protocols.packstat: Cavity: 104 volume 3.87641 surf 12.0358 Nballs 5 center -34.4091, 16.6049, 3.91812
protocols.packstat: Cavity: 105 volume 5.71607 surf 18.0211 Nballs 3 center -34.5438, 3.06279, 26.5559
protocols.packstat: Cavity: 106 volume 2.55097 surf 8.04248 Nballs 1 center -34.8153, 23.1092, -0.117456
protocols.packstat: Cavity: 107 volume 3.24383 surf 10.2269 Nballs 2 center -34.6024, 7.558, 5.16409
protocols.packstat: Cavity: 108 volume 0.598376 surf 1.88651 Nballs 1 center -34.7169, 19.7041, 7.77421
protocols.packstat: Cavity: 109 volume 3.97035 surf 11.0305 Nballs 5 center -34.4416, 19.389, 7.81449
protocols.packstat: Cavity: 110 volume 18.5881 surf 49.3928 Nballs 43 center -33.5998, 18.5106, 9.43491
protocols.packstat: Cavity: 111 volume 12.4577 surf 36.8575 Nballs 24 center -33.326, 25.3285, 10.7522
protocols.packstat: Cavity: 112 volume 2.55097 surf 8.04248 Nballs 1 center -34.5502, 36.2359, 27.232
protocols.packstat: Cavity: 113 volume 11.1959 surf 35.2975 Nballs 11 center -33.0711, 13.8256, 44.3174
protocols.packstat: Cavity: 114 volume 9.79533 surf 27.2729 Nballs 43 center -33.4912, 16.7519, 6.34251
protocols.packstat: Cavity: 115 volume 2.4876 surf 6.67336 Nballs 3 center -33.8846, 33.3837, 18.4067
protocols.packstat: Cavity: 116 volume 1.57467 surf 4.96449 Nballs 2 center -33.8945, 30.9017, 20.7763
protocols.packstat: Cavity: 117 volume 3.75222 surf 11.0615 Nballs 2 center -33.6159, 13.9466, 30.0344
protocols.packstat: Cavity: 118 volume 13.6918 surf 40.0751 Nballs 20 center -32.7044, 25.899, 39.3669
protocols.packstat: Cavity: 119 volume 3.60601 surf 11.3687 Nballs 2 center -33.3687, 22.1618, 4.88722
protocols.packstat: Cavity: 120 volume 16.7946 surf 47.6149 Nballs 24 center -31.8972, 14.522, -4.02526
protocols.packstat: Cavity: 121 volume 22.5344 surf 61.472 Nballs 60 center -32.44, 17.231, 6.1603
protocols.packstat: Cavity: 122 volume 2.39351 surf 7.54603 Nballs 1 center -33.5043, 21.0851, 3.46739
protocols.packstat: Cavity: 123 volume 0.535389 surf 1.68793 Nballs 1 center -33.3585, 29.451, 16.8813
protocols.packstat: Cavity: 124 volume 135.283 surf 341.723 Nballs 305 center -29.1187, 27.9403, 17.5539
protocols.packstat: Cavity: 125 volume 3.38555 surf 10.6737 Nballs 2 center -33.162, 10.4819, 8.18322
protocols.packstat: Cavity: 126 volume 2.55097 surf 8.04248 Nballs 1 center -33.3159, 12.4105, 8.04599
protocols.packstat: Cavity: 127 volume 0.818831 surf 2.58154 Nballs 1 center -33.1981, 30.0898, 28.742
protocols.packstat: Cavity: 128 volume 21.7399 surf 62.0965 Nballs 33 center -32.0492, 30.5324, 29.5738
protocols.packstat: Cavity: 129 volume 6.33477 surf 19.2366 Nballs 8 center -32.6149, 20.8522, 1.87119
protocols.packstat: Cavity: 130 volume 2.55097 surf 8.04248 Nballs 1 center -33.1278, 28.1853, 37.1063
protocols.packstat: Cavity: 131 volume 7.09015 surf 20.131 Nballs 3 center -32.5277, 26.8643, -1.15017
protocols.packstat: Cavity: 132 volume 10.0949 surf 31.0118 Nballs 8 center -31.7498, 9.27327, 4.95293
protocols.packstat: Cavity: 133 volume 3.96818 surf 12.5105 Nballs 2 center -32.681, 4.42637, -0.355021
protocols.packstat: Cavity: 134 volume 54.1989 surf 146.781 Nballs 74 center -28.944, 22.7646, 11.6284
protocols.packstat: Cavity: 135 volume 3.55876 surf 11.2198 Nballs 4 center -31.6535, 36.8875, 12.4014
protocols.packstat: Cavity: 136 volume 22.8193 surf 62.4851 Nballs 41 center -30.7331, 35.3573, 13.7038
protocols.packstat: Cavity: 137 volume 5.9072 surf 18.2065 Nballs 6 center -31.5162, 14.5838, 38.8338
protocols.packstat: Cavity: 138 volume 73.9472 surf 214.446 Nballs 127 center -27.5245, 32.5405, 26.6595
protocols.packstat: Cavity: 139 volume 12.5079 surf 37.5199 Nballs 8 center -30.7975, 24.8191, 29.3287
protocols.packstat: Cavity: 140 volume 71.4755 surf 196.464 Nballs 143 center -28.0417, 7.11666, 41.2335
protocols.packstat: Cavity: 141 volume 2.04708 surf 6.45384 Nballs 1 center -31.1044, 4.66777, 40.925
protocols.packstat: Cavity: 142 volume 6.45415 surf 19.4872 Nballs 6 center -30.7162, 9.27138, 0.0584046
protocols.packstat: Cavity: 143 volume 1.18101 surf 3.72337 Nballs 1 center -30.6383, 6.02959, 40.1518
protocols.packstat: Cavity: 144 volume 26.424 surf 80.2937 Nballs 33 center -28.0975, 24.1495, 36.5654
protocols.packstat: Cavity: 145 volume 3.78046 surf 11.1042 Nballs 2 center -30.2375, 23.9659, 40.5359
protocols.packstat: Cavity: 146 volume 20.5767 surf 58.4786 Nballs 40 center -28.5368, 25.3333, 0.579056
protocols.packstat: Cavity: 147 volume 9.95365 surf 30.7651 Nballs 8 center -29.636, 14.7569, 3.61632
protocols.packstat: Cavity: 148 volume 14.5086 surf 44.2251 Nballs 10 center -27.9591, 20.4084, 33.1499
protocols.packstat: Cavity: 149 volume 12.3019 surf 34.0665 Nballs 8 center -29.2071, 11.4052, 34.0216
protocols.packstat: Cavity: 150 volume 3.8972 surf 11.5649 Nballs 6 center -29.6583, 8.85096, 33.4297
protocols.packstat: Cavity: 151 volume 2.55097 surf 8.04248 Nballs 1 center -29.9326, 16.9872, 37.845
protocols.packstat: Cavity: 152 volume 1.24399 surf 3.92195 Nballs 1 center -29.7909, 33.094, 31.2639
protocols.packstat: Cavity: 153 volume 2.45649 surf 7.74461 Nballs 1 center -29.5591, 21.2583, 34.9484
protocols.packstat: Cavity: 154 volume 16.7932 surf 50.5727 Nballs 50 center -28.3316, 33.5269, 10.8664
protocols.packstat: Cavity: 155 volume 2.31431 surf 7.09767 Nballs 4 center -29.2162, 32.5776, 9.48832
protocols.packstat: Cavity: 156 volume 2.55097 surf 8.04248 Nballs 1 center -29.3785, 21.2895, 18.8189
protocols.packstat: Cavity: 157 volume 0.757938 surf 2.25884 Nballs 2 center -29.3324, 10.0418, 33.5278
protocols.packstat: Cavity: 158 volume 4.89065 surf 13.9487 Nballs 2 center -29.2214, 15.1928, 15.0668
protocols.packstat: Cavity: 159 volume 2.62156 surf 7.47699 Nballs 1 center -29.115, 9.90618, 16.9294
protocols.packstat: Cavity: 160 volume 2.55097 surf 8.04248 Nballs 1 center -28.9712, 19.2335, 3.81364
protocols.packstat: Cavity: 161 volume 16.4028 surf 47.5241 Nballs 30 center -27.4444, 14.6242, 0.55961
protocols.packstat: Cavity: 162 volume 10.3321 surf 30.5471 Nballs 16 center -28.0201, 9.60067, 15.8469
protocols.packstat: Cavity: 163 volume 22.1607 surf 63.9295 Nballs 48 center -26.6653, 8.17249, 17.659
protocols.packstat: Cavity: 164 volume 3.60717 surf 10.5247 Nballs 2 center -28.5871, 38.8884, 7.17121
protocols.packstat: Cavity: 165 volume 0.409415 surf 1.29077 Nballs 1 center -28.6271, 34.896, 10.2461
protocols.packstat: Cavity: 166 volume 7.52912 surf 21.691 Nballs 11 center -27.8167, 19.6114, 19.9644
protocols.packstat: Cavity: 167 volume 1.96834 surf 6.20561 Nballs 2 center -28.4203, 29.0204, 13.1637
protocols.packstat: Cavity: 168 volume 1.9211 surf 6.05668 Nballs 1 center -28.4295, 23.6417, 23.1553
protocols.packstat: Cavity: 169 volume 7.995 surf 16.5178 Nballs 2 center -28.1165, 21.1282, 26.4594
protocols.packstat: Cavity: 170 volume 1.70926 surf 5.0312 Nballs 3 center -28.1573, 26.1216, 16.6435
protocols.packstat: Cavity: 171 volume 3.59026 surf 11.319 Nballs 2 center -27.8045, 25.9872, 42.3654
protocols.packstat: Cavity: 172 volume 28.4811 surf 77.4562 Nballs 60 center -26.8676, 21.8214, 24.5883
protocols.packstat: Cavity: 173 volume 2.55097 surf 8.04248 Nballs 1 center -27.9591, 0.29118, 24.3436
protocols.packstat: Cavity: 174 volume 2.85016 surf 8.98573 Nballs 2 center -27.6689, 26.1299, 37.8876
protocols.packstat: Cavity: 175 volume 13.1322 surf 37.9729 Nballs 22 center -27.1555, 26.7166, 39.4594
protocols.packstat: Cavity: 176 volume 1.30698 surf 4.12053 Nballs 1 center -27.5663, 18.8556, -3.05034
protocols.packstat: Cavity: 177 volume 31.8127 surf 97.3925 Nballs 63 center -25.6418, 19.3711, -2.96169
protocols.packstat: Cavity: 178 volume 19.7294 surf 54.5443 Nballs 45 center -26.4887, 33.1052, 12.0187
protocols.packstat: Cavity: 179 volume 4.21191 surf 12.4578 Nballs 2 center -27.2069, 12.7427, -4.33425
protocols.packstat: Cavity: 180 volume 4.70378 surf 14.2535 Nballs 3 center -27.0896, 1.44767, 43.1188
protocols.packstat: Cavity: 181 volume 9.80045 surf 28.3589 Nballs 20 center -26.7328, 9.65077, 19.7246
protocols.packstat: Cavity: 182 volume 6.85131 surf 19.5407 Nballs 3 center -26.7218, 3.06428, 38.5126
protocols.packstat: Cavity: 183 volume 3.6105 surf 10.6147 Nballs 2 center -27.1097, 12.035, 21.3413
protocols.packstat: Cavity: 184 volume 23.6307 surf 71.0582 Nballs 35 center -24.0333, 14.8419, 2.74613
protocols.packstat: Cavity: 185 volume 3.61834 surf 11.3749 Nballs 5 center -26.2453, 21.1888, 37.5612
protocols.packstat: Cavity: 186 volume 4.94308 surf 13.46 Nballs 2 center -26.9075, 9.00639, 5.64136
protocols.packstat: Cavity: 187 volume 2.20454 surf 6.95029 Nballs 2 center -26.6227, 10.9402, 33.4942
protocols.packstat: Cavity: 188 volume 10.6361 surf 29.8001 Nballs 15 center -26.406, 17.1924, -7.1886
protocols.packstat: Cavity: 189 volume 24.6081 surf 62.4285 Nballs 34 center -25.3696, 15.7162, 14.0471
protocols.packstat: Cavity: 190 volume 4.59029 surf 13.8494 Nballs 3 center -26.5729, 19.044, 43.9335
protocols.packstat: Cavity: 191 volume 1.81088 surf 5.70917 Nballs 1 center -26.6466, 15.0703, 12.762
protocols.packstat: Cavity: 192 volume 5.302 surf 16.0733 Nballs 4 center -26.1908, 34.3517, 4.45467
protocols.packstat: Cavity: 193 volume 8.35128 surf 24.3694 Nballs 9 center -25.3476, 26.8054, 27.8047
protocols.packstat: Cavity: 194 volume 2.55097 surf 8.04248 Nballs 1 center -26.2206, 16.8492, 38.5376
protocols.packstat: Cavity: 195 volume 12.6721 surf 38.2297 Nballs 9 center -25.4944, 11.2377, 33.3216
protocols.packstat: Cavity: 196 volume 40.6458 surf 110.541 Nballs 108 center -23.5491, 19.3374, 8.41502
protocols.packstat: Cavity: 197 volume 11.6025 surf 33.4521 Nballs 19 center -25.4261, 21.4219, 36.5606
protocols.packstat: Cavity: 198 volume 95.3475 surf 241.841 Nballs 186 center -20.1968, 14.719, 11.2987
protocols.packstat: Cavity: 199 volume 42.5477 surf 113.39 Nballs 91 center -22.5147, 28.1965, 5.95366
protocols.packstat: Cavity: 200 volume 10.8246 surf 31.0607 Nballs 12 center -24.1223, 22.5251, 30.8981
protocols.packstat: Cavity: 201 volume 1.88961 surf 5.95739 Nballs 2 center -25.0113, 24.9716, 10.285
protocols.packstat: Cavity: 202 volume 1.45762 surf 4.5301 Nballs 4 center -24.7504, 25.742, 9.59956
protocols.packstat: Cavity: 203 volume 8.566 surf 20.0418 Nballs 4 center -24.7428, 26.7071, 21.4005
protocols.packstat: Cavity: 204 volume 2.55097 surf 8.04248 Nballs 1 center -24.6815, 24.1323, 39.3772
protocols.packstat: Cavity: 205 volume 62.3967 surf 165.39 Nballs 121 center -22.3915, 25.4853, 9.2033
protocols.packstat: Cavity: 206 volume 18.2208 surf 52.2342 Nballs 36 center -23.4398, 25.0686, 33.6857
protocols.packstat: Cavity: 207 volume 4.73977 surf 14.9431 Nballs 5 center -23.7892, 12.5925, 4.87688
protocols.packstat: Cavity: 208 volume 1.73214 surf 5.46094 Nballs 1 center -24.2742, 26.9865, 11.7087
protocols.packstat: Cavity: 209 volume 0.62987 surf 1.9858 Nballs 1 center -24.2639, 22.8751, 32.8762
protocols.packstat: Cavity: 210 volume 6.83339 surf 21.2457 Nballs 6 center -23.8095, 6.14774, 21.9914
protocols.packstat: Cavity: 211 volume 2.53523 surf 7.99283 Nballs 3 center -24.2119, 23.3113, 33.7068
protocols.packstat: Cavity: 212 volume 5.3563 surf 16.569 Nballs 6 center -23.5314, 10.097, 12.8312
protocols.packstat: Cavity: 213 volume 12.4741 surf 37.4121 Nballs 25 center -23.2676, 34.2398, 7.90676
protocols.packstat: Cavity: 214 volume 7.61064 surf 22.2021 Nballs 5 center -23.4937, 41.5671, 1.13203
protocols.packstat: Cavity: 215 volume 6.93989 surf 21.3365 Nballs 6 center -23.2867, 6.99831, 44.3575
protocols.packstat: Cavity: 216 volume 12.5619 surf 37.8822 Nballs 17 center -23.4932, 37.7702, 12.6301
protocols.packstat: Cavity: 217 volume 13.0642 surf 38.1544 Nballs 22 center -23.0341, 9.24402, 1.86443
protocols.packstat: Cavity: 218 volume 6.56663 surf 19.9511 Nballs 9 center -23.3, 12.0935, 7.39765
protocols.packstat: Cavity: 219 volume 5.69218 surf 17.1577 Nballs 3 center -23.4217, 19.1064, 44.6777
protocols.packstat: Cavity: 220 volume 3.56885 surf 10.1788 Nballs 1 center -23.8707, 15.4225, 27.9716
protocols.packstat: Cavity: 221 volume 4.45633 surf 14.0495 Nballs 3 center -23.3459, 28.0144, 14.3939
protocols.packstat: Cavity: 222 volume 1.76364 surf 5.56023 Nballs 1 center -23.6314, 14.0311, 37.6611
protocols.packstat: Cavity: 223 volume 2.44075 surf 7.69496 Nballs 1 center -23.5143, 8.99514, 45.0026
protocols.packstat: Cavity: 224 volume 2.55097 surf 8.04248 Nballs 1 center -23.5076, 15.3998, 40.8833
protocols.packstat: Cavity: 225 volume 3.52727 surf 11.1205 Nballs 2 center -23.4336, 15.7326, 45.3307
protocols.packstat: Cavity: 226 volume 5.5586 surf 17.5247 Nballs 5 center -23.2189, 15.1203, 38.2539
protocols.packstat: Cavity: 227 volume 2.55097 surf 8.04248 Nballs 1 center -23.2779, 14.6285, 43.578
protocols.packstat: Cavity: 228 volume 8.11035 surf 24.5564 Nballs 11 center -22.529, 17.4014, 33.878
protocols.packstat: Cavity: 229 volume 2.01558 surf 6.35455 Nballs 1 center -23.1063, 30.5687, 38.6856
protocols.packstat: Cavity: 230 volume 3.76471 surf 11.0545 Nballs 2 center -23.0386, 6.24775, 25.5539
protocols.packstat: Cavity: 231 volume 2.55097 surf 8.04248 Nballs 1 center -23.01, 21.3532, 13.17
protocols.packstat: Cavity: 232 volume 9.61459 surf 27.5343 Nballs 7 center -22.5425, 10.9049, -4.89443
protocols.packstat: Cavity: 233 volume 5.45078 surf 16.8669 Nballs 7 center -22.7989, 30.8054, 37.3965
protocols.packstat: Cavity: 234 volume 10.1724 surf 30.7263 Nballs 11 center -22.1319, 40.4781, 9.08328
protocols.packstat: Cavity: 235 volume 12.2483 surf 37.4897 Nballs 13 center -21.7705, 29.2366, 18.4633
protocols.packstat: Cavity: 236 volume 1.93863 surf 5.5292 Nballs 1 center -22.8518, -0.116876, 38.9677
protocols.packstat: Cavity: 237 volume 12.388 surf 33.7593 Nballs 21 center -21.8677, -1.40364, 38.0635
protocols.packstat: Cavity: 238 volume 8.03286 surf 24.8419 Nballs 7 center -22.3301, 10.5096, 26.6048
protocols.packstat: Cavity: 239 volume 7.52089 surf 20.4087 Nballs 6 center -22.2299, 31.7436, 14.0016
protocols.packstat: Cavity: 240 volume 2.55097 surf 8.04248 Nballs 1 center -22.5957, 25.1416, 39.0304
protocols.packstat: Cavity: 241 volume 1.9526 surf 6.15597 Nballs 2 center -22.2997, 22.1436, 35.0859
protocols.packstat: Cavity: 242 volume 2.55097 surf 8.04248 Nballs 1 center -22.3504, 25.3075, 27.6516
protocols.packstat: Cavity: 243 volume 4.79128 surf 14.238 Nballs 2 center -22.0236, 33.6795, 15.5961
protocols.packstat: Cavity: 244 volume 2.55097 surf 8.04248 Nballs 1 center -22.2369, 23.9202, -2.74577
protocols.packstat: Cavity: 245 volume 10.2418 surf 31.0048 Nballs 8 center -21.4317, 29.4335, 0.10487
protocols.packstat: Cavity: 246 volume 28.5257 surf 77.7641 Nballs 42 center -19.0654, 12.3556, 17.5357
protocols.packstat: Cavity: 247 volume 9.73343 surf 27.034 Nballs 13 center -21.4588, 0.150217, 36.4751
protocols.packstat: Cavity: 248 volume 2.44075 surf 7.69496 Nballs 1 center -22.0581, 7.5754, 10.508
protocols.packstat: Cavity: 249 volume 15.4704 surf 42.1672 Nballs 19 center -20.7675, 10.08, 37.3211
protocols.packstat: Cavity: 250 volume 7.0184 surf 21.4846 Nballs 5 center -21.1005, 18.1092, -6.8677
protocols.packstat: Cavity: 251 volume 18.5678 surf 56.8768 Nballs 32 center -21.0573, 20.6213, 36.3285
protocols.packstat: Cavity: 252 volume 2.55097 surf 8.04248 Nballs 1 center -21.838, 36.3778, 1.79805
protocols.packstat: Cavity: 253 volume 3.8737 surf 12.2126 Nballs 2 center -21.4772, 46.543, 1.26731
protocols.packstat: Cavity: 254 volume 2.55097 surf 8.04248 Nballs 1 center -21.7921, 33.7394, 0.0497094
protocols.packstat: Cavity: 255 volume 2.9289 surf 9.23395 Nballs 2 center -21.5267, 19.8702, 38.6613
protocols.packstat: Cavity: 256 volume 5.91519 surf 17.6092 Nballs 7 center -20.5383, 8.7586, 32.5732
protocols.packstat: Cavity: 257 volume 3.56885 surf 10.1788 Nballs 1 center -21.4996, 5.44397, 21.766
protocols.packstat: Cavity: 258 volume 2.44075 surf 7.69496 Nballs 1 center -21.4886, 8.22534, 11.7346
protocols.packstat: Cavity: 259 volume 1.13377 surf 3.57443 Nballs 1 center -21.3174, 25.2873, 43.179
protocols.packstat: Cavity: 260 volume 1.98409 surf 6.25526 Nballs 1 center -21.2865, 27.4207, -0.599292
protocols.packstat: Cavity: 261 volume 11.9739 surf 35.4426 Nballs 11 center -20.5126, -1.07347, 43.4958
protocols.packstat: Cavity: 262 volume 7.83746 surf 22.8219 Nballs 6 center -21.0369, 24.2478, -0.640115
protocols.packstat: Cavity: 263 volume 4.26737 surf 13.4538 Nballs 3 center -21.0615, 42.5296, 8.04378
protocols.packstat: Cavity: 264 volume 16.1747 surf 48.1176 Nballs 21 center -20.4287, 25.2889, 42.1891
protocols.packstat: Cavity: 265 volume 4.50357 surf 14.1984 Nballs 3 center -20.8031, 18.2834, 21.4722
protocols.packstat: Cavity: 266 volume 4.13007 surf 12.2196 Nballs 2 center -20.7533, 38.9093, 0.412299
protocols.packstat: Cavity: 267 volume 1.35422 surf 4.26946 Nballs 1 center -20.8986, 17.9118, 26.0713
protocols.packstat: Cavity: 268 volume 6.01208 surf 17.5968 Nballs 8 center -20.5271, 30.8714, 12.4854
protocols.packstat: Cavity: 269 volume 95.6572 surf 250.286 Nballs 236 center -16.6564, 14.1206, 21.4913
protocols.packstat: Cavity: 270 volume 3.05487 surf 9.63111 Nballs 2 center -20.6098, 26.712, 44.9982
protocols.packstat: Cavity: 271 volume 8.56623 surf 27.0068 Nballs 6 center -19.1575, 12.7935, 4.59151
protocols.packstat: Cavity: 272 volume 0.740097 surf 2.33331 Nballs 1 center -20.3967, 24.2337, 24.4937
protocols.packstat: Cavity: 273 volume 14.8119 surf 40.7189 Nballs 33 center -19.3319, 7.69037, 30.5067
protocols.packstat: Cavity: 274 volume 22.6798 surf 64.3716 Nballs 33 center -19.3405, 24.1605, 24.2552
protocols.packstat: Cavity: 275 volume 4.95425 surf 14.4141 Nballs 3 center -19.9875, 19.027, 30.3435
protocols.packstat: Cavity: 276 volume 8.67483 surf 26.6539 Nballs 9 center -19.2644, 28.2321, 36.8616
protocols.packstat: Cavity: 277 volume 10.0737 surf 28.4256 Nballs 11 center -19.2584, 19.1916, 27.1845
protocols.packstat: Cavity: 278 volume 5.77906 surf 18.2197 Nballs 3 center -19.1669, 36.2183, 21.2418
protocols.packstat: Cavity: 279 volume 1.02354 surf 3.22692 Nballs 1 center -19.848, 6.01633, 29.8249
protocols.packstat: Cavity: 280 volume 16.3106 surf 48.4883 Nballs 17 center -17.6454, 29.9062, 3.01336
protocols.packstat: Cavity: 281 volume 34.5045 surf 95.0568 Nballs 76 center -17.7494, 13.6467, 31.5323
protocols.packstat: Cavity: 282 volume 33.8683 surf 102.573 Nballs 43 center -18.2178, 3.45909, 29.0157
protocols.packstat: Cavity: 283 volume 2.40126 surf 6.84867 Nballs 1 center -19.2846, 11.0713, 32.9915
protocols.packstat: Cavity: 284 volume 11.7167 surf 34.2775 Nballs 14 center -17.593, 18.4166, 0.868381
protocols.packstat: Cavity: 285 volume 7.13328 surf 22.4891 Nballs 5 center -18.6035, 37.2767, 6.32302
protocols.packstat: Cavity: 286 volume 2.55097 surf 8.04248 Nballs 1 center -19.1382, 21.487, 19.3289
protocols.packstat: Cavity: 287 volume 12.1587 surf 34.1596 Nballs 14 center -18.2678, 39.044, 15.679
protocols.packstat: Cavity: 288 volume 4.12565 surf 13.007 Nballs 3 center -19.018, 27.0532, 27.2343
protocols.packstat: Cavity: 289 volume 4.80276 surf 15.1417 Nballs 3 center -18.7052, 25.9713, -6.8706
protocols.packstat: Cavity: 290 volume 21.8898 surf 59.6305 Nballs 37 center -17.0165, 29.7989, 28.1648
protocols.packstat: Cavity: 291 volume 228.782 surf 672.916 Nballs 543 center -10.3119, 33.5939, 4.9757
protocols.packstat: Cavity: 292 volume 22.4019 surf 65.4273 Nballs 54 center -17.2273, 5.53189, 43.6018
protocols.packstat: Cavity: 293 volume 15.3819 surf 46.5041 Nballs 23 center -17.1012, 16.1556, 43.0654
protocols.packstat: Cavity: 294 volume 2.40925 surf 7.59567 Nballs 3 center -18.5198, 5.81676, 26.0397
protocols.packstat: Cavity: 295 volume 2.53523 surf 7.99283 Nballs 1 center -18.4352, 34.998, 14.3909
protocols.packstat: Cavity: 296 volume 4.59371 surf 13.9727 Nballs 4 center -18.0627, 5.43368, 46.099
protocols.packstat: Cavity: 297 volume 1.60617 surf 5.06378 Nballs 1 center -18.2273, 11.5016, 20.2154
protocols.packstat: Cavity: 298 volume 15.0905 surf 43.0088 Nballs 22 center -17.1154, 23.9544, 0.985409
protocols.packstat: Cavity: 299 volume 8.08623 surf 24.9373 Nballs 10 center -16.8831, 27.6138, 12.4608
protocols.packstat: Cavity: 300 volume 15.9832 surf 43.6379 Nballs 32 center -16.7073, 36.9706, 12.0897
protocols.packstat: Cavity: 301 volume 0.456656 surf 1.4397 Nballs 1 center -17.612, 35.6883, 13.1979
protocols.packstat: Cavity: 302 volume 3.49578 surf 11.0212 Nballs 2 center -17.3209, 17.9434, -3.37357
protocols.packstat: Cavity: 303 volume 3.56885 surf 10.1788 Nballs 1 center -17.3985, 15.0903, 1.32196
protocols.packstat: Cavity: 304 volume 2.55097 surf 8.04248 Nballs 1 center -17.1683, 29.7906, 22.7007
protocols.packstat: Cavity: 305 volume 8.46865 surf 24.6704 Nballs 22 center -16.0946, 35.1629, 1.70174
protocols.packstat: Cavity: 306 volume 16.6832 surf 45.8448 Nballs 24 center -15.6567, 28.8676, 32.8025
protocols.packstat: Cavity: 307 volume 3.32443 surf 9.93131 Nballs 2 center -16.9759, 29.9228, -2.11506
protocols.packstat: Cavity: 308 volume 6.17172 surf 18.9543 Nballs 12 center -16.2231, 21.7401, 34.1706
protocols.packstat: Cavity: 309 volume 2.55097 surf 8.04248 Nballs 1 center -16.9183, 20.0666, 17.5792
protocols.packstat: Cavity: 310 volume 8.97425 surf 27.6972 Nballs 6 center -16.4982, 36.8539, 18.9138
protocols.packstat: Cavity: 311 volume 3.44854 surf 10.8722 Nballs 2 center -16.8126, 14.1813, -3.8717
protocols.packstat: Cavity: 312 volume 8.52822 surf 25.6238 Nballs 12 center -16.2259, 22.6009, 28.7212
protocols.packstat: Cavity: 313 volume 9.64802 surf 29.742 Nballs 10 center -16.0629, 28.0095, -3.61741
protocols.packstat: Cavity: 314 volume 3.76347 surf 11.8651 Nballs 2 center -16.2749, 20.3355, -4.76745
protocols.packstat: Cavity: 315 volume 2.80587 surf 8.22166 Nballs 6 center -16.0506, 9.45607, 39.1464
protocols.packstat: Cavity: 316 volume 7.60281 surf 21.3683 Nballs 8 center -16.0691, 35.2707, 6.1782
protocols.packstat: Cavity: 317 volume 2.55097 surf 8.04248 Nballs 1 center -16.3363, 27.6104, -6.30562
protocols.packstat: Cavity: 318 volume 1.2125 surf 3.82266 Nballs 1 center -16.3287, 33.6517, 7.46234
protocols.packstat: Cavity: 319 volume 21.5979 surf 64.8657 Nballs 43 center -13.8253, 10.154, 39.368
protocols.packstat: Cavity: 320 volume 0.960552 surf 3.02834 Nballs 2 center -15.9537, 27.6919, 32.0027
protocols.packstat: Cavity: 321 volume 6.04675 surf 19.0636 Nballs 3 center -15.7492, 32.0971, 18.8079
protocols.packstat: Cavity: 322 volume 14.8099 surf 41.7661 Nballs 24 center -15.4514, 10.1462, 38.0315
protocols.packstat: Cavity: 323 volume 6.91554 surf 20.7733 Nballs 8 center -15.5724, 20.3953, 33.5707
protocols.packstat: Cavity: 324 volume 9.68231 surf 26.7524 Nballs 7 center -15.2514, 29.1765, 18.3838
protocols.packstat: Cavity: 325 volume 2.55097 surf 8.04248 Nballs 1 center -15.718, 38.9473, -2.9661
protocols.packstat: Cavity: 326 volume 2.55097 surf 8.04248 Nballs 1 center -15.5566, 27.4, 2.31914
protocols.packstat: Cavity: 327 volume 2.55097 surf 8.04248 Nballs 1 center -15.5523, 8.89614, -1.74951
protocols.packstat: Cavity: 328 volume 2.55097 surf 8.04248 Nballs 1 center -15.4987, -0.978848, 26.7353
protocols.packstat: Cavity: 329 volume 3.57381 surf 10.9692 Nballs 6 center -15.2087, 9.30563, 29.3749
protocols.packstat: Cavity: 330 volume 4.01542 surf 12.6595 Nballs 3 center -15.2758, 31.9814, 21.8048
protocols.packstat: Cavity: 331 volume 4.40909 surf 13.9006 Nballs 3 center -14.953, 48.3703, -3.75596
protocols.packstat: Cavity: 332 volume 3.88945 surf 12.2623 Nballs 2 center -15.3148, 22.1241, -5.58293
protocols.packstat: Cavity: 333 volume 7.60653 surf 22.3309 Nballs 4 center -14.8258, 40.0592, -3.89671
protocols.packstat: Cavity: 334 volume 6.23447 surf 17.7814 Nballs 4 center -14.7046, 8.448, 45.9263
protocols.packstat: Cavity: 335 volume 40.4285 surf 106.2 Nballs 82 center -13.2299, 29.208, 25.7121
protocols.packstat: Cavity: 336 volume 10.2503 surf 29.6178 Nballs 21 center -14.3748, 26.6463, 31.5742
protocols.packstat: Cavity: 337 volume 46.2473 surf 124.61 Nballs 105 center -12.4995, 9.29756, 27.9935
protocols.packstat: Cavity: 338 volume 9.21937 surf 26.8377 Nballs 26 center -13.8408, 23.4636, 22.2565
protocols.packstat: Cavity: 339 volume 2.55097 surf 8.04248 Nballs 1 center -14.7516, 20.15, 40.1117
protocols.packstat: Cavity: 340 volume 2.55097 surf 8.04248 Nballs 1 center -14.7128, 24.1478, 33.2641
protocols.packstat: Cavity: 341 volume 2.55097 surf 8.04248 Nballs 1 center -14.7085, 8.09395, 16.3024
protocols.packstat: Cavity: 342 volume 4.62954 surf 14.5956 Nballs 2 center -14.541, 14.2353, 34.1978
protocols.packstat: Cavity: 343 volume 2.55097 surf 8.04248 Nballs 1 center -14.6411, 12.911, 7.52612
protocols.packstat: Cavity: 344 volume 17.7681 surf 53.0557 Nballs 22 center -12.578, 25.665, 2.95225
protocols.packstat: Cavity: 345 volume 3.11786 surf 9.82969 Nballs 2 center -14.1602, 38.8096, 1.25156
protocols.packstat: Cavity: 346 volume 2.55097 surf 8.04248 Nballs 1 center -14.1043, 20.1673, 38.2236
protocols.packstat: Cavity: 347 volume 3.17231 surf 9.04779 Nballs 1 center -14.0514, 22.5029, 19.2282
protocols.packstat: Cavity: 348 volume 7.44821 surf 23.482 Nballs 10 center -13.5834, 18.1632, 11.0892
protocols.packstat: Cavity: 349 volume 8.82027 surf 27.3575 Nballs 10 center -12.9569, 44.3563, 1.62006
protocols.packstat: Cavity: 350 volume 1.25974 surf 3.97159 Nballs 1 center -13.8541, 31.4888, 6.68006
protocols.packstat: Cavity: 351 volume 2.55097 surf 8.04248 Nballs 1 center -13.8404, 13.7881, 36.8831
protocols.packstat: Cavity: 352 volume 2.55097 surf 8.04248 Nballs 1 center -13.7676, 6.19307, 22.7897
protocols.packstat: Cavity: 353 volume 28.1289 surf 76.1778 Nballs 53 center -11.9044, 21.7522, 0.555668
protocols.packstat: Cavity: 354 volume 41.6072 surf 103.946 Nballs 64 center -12.8549, 25.2054, 23.568
protocols.packstat: Cavity: 355 volume 9.3884 surf 26.9898 Nballs 7 center -12.3923, 38.4275, -2.74185
protocols.packstat: Cavity: 356 volume 6.06343 surf 14.3458 Nballs 4 center -13.213, 22.1209, 0.970463
protocols.packstat: Cavity: 357 volume 12.2618 surf 33.9688 Nballs 22 center -12.1995, 17.1328, 19.5981
protocols.packstat: Cavity: 358 volume 1.11802 surf 3.52479 Nballs 1 center -13.4025, 26.6953, 22.3348
protocols.packstat: Cavity: 359 volume 7.21356 surf 22.0602 Nballs 6 center -12.0597, 6.64138, 45.5817
protocols.packstat: Cavity: 360 volume 75.7483 surf 205.164 Nballs 185 center -9.05067, 18.1219, 20.8674
protocols.packstat: Cavity: 361 volume 6.36169 surf 20.0565 Nballs 5 center -12.6648, 19.1422, 14.4984
protocols.packstat: Cavity: 362 volume 3.8737 surf 12.2126 Nballs 2 center -12.7186, 20.6854, 9.31619
protocols.packstat: Cavity: 363 volume 3.1651 surf 9.97863 Nballs 2 center -12.7382, 6.72449, 34.4512
protocols.packstat: Cavity: 364 volume 2.55097 surf 8.04248 Nballs 1 center -12.5567, 27.9639, 17.3173
protocols.packstat: Cavity: 365 volume 6.07072 surf 18.6161 Nballs 4 center -12.0741, 41.662, 14.8382
protocols.packstat: Cavity: 366 volume 3.60601 surf 11.3687 Nballs 2 center -12.2236, 31.5996, -6.36656
protocols.packstat: Cavity: 367 volume 7.60785 surf 19.8968 Nballs 5 center -12.0475, 34.409, -8.73296
protocols.packstat: Cavity: 368 volume 65.9899 surf 197.588 Nballs 181 center -10.0393, 21.8559, 35.3612
protocols.packstat: Cavity: 369 volume 2.55097 surf 8.04248 Nballs 1 center -12.2301, 42.3642, -5.34126
protocols.packstat: Cavity: 370 volume 1.62192 surf 5.11343 Nballs 3 center -12.1247, 18.2511, 22.6783
protocols.packstat: Cavity: 371 volume 1.56157 surf 4.70463 Nballs 3 center -11.7368, 23.5092, 34.0084
protocols.packstat: Cavity: 372 volume 1.9211 surf 6.05668 Nballs 1 center -11.8217, 36.4208, 1.11707
protocols.packstat: Cavity: 373 volume 2.55097 surf 8.04248 Nballs 1 center -11.7642, 14.6215, -1.54502
protocols.packstat: Cavity: 374 volume 5.84204 surf 18.4183 Nballs 3 center -11.2245, 34.986, -5.27241
protocols.packstat: Cavity: 375 volume 25.767 surf 72.4668 Nballs 58 center -9.65733, 36.0351, -0.430556
protocols.packstat: Cavity: 376 volume 6.37743 surf 20.1062 Nballs 5 center -11.1181, 6.97789, 21.0963
protocols.packstat: Cavity: 377 volume 6.17102 surf 18.727 Nballs 8 center -11.5004, 12.1413, 30.9453
protocols.packstat: Cavity: 378 volume 9.9348 surf 28.1332 Nballs 16 center -10.8848, 9.95591, 37.2287
protocols.packstat: Cavity: 379 volume 9.45992 surf 26.3172 Nballs 10 center -10.1374, 36.7457, 9.33339
protocols.packstat: Cavity: 380 volume 2.55097 surf 8.04248 Nballs 1 center -11.4101, 32.2083, 10.1164
protocols.packstat: Cavity: 381 volume 1.22825 surf 3.8723 Nballs 1 center -11.3397, 24.7194, 37.4068
protocols.packstat: Cavity: 382 volume 2.55097 surf 8.04248 Nballs 1 center -11.3347, 14.5342, 28.4907
protocols.packstat: Cavity: 383 volume 5.57714 surf 16.4239 Nballs 10 center -10.8446, 26.3737, 6.61885
protocols.packstat: Cavity: 384 volume 87.8983 surf 257.889 Nballs 273 center -7.54575, 24.0489, 14.7587
protocols.packstat: Cavity: 385 volume 20.743 surf 60.8701 Nballs 48 center -8.84957, 29.7391, 15.3349
protocols.packstat: Cavity: 386 volume 1.46445 surf 4.61698 Nballs 1 center -10.685, 28.4552, 3.65955
protocols.packstat: Cavity: 387 volume 2.55097 surf 8.04248 Nballs 1 center -10.4604, 16.9333, 8.73852
protocols.packstat: Cavity: 388 volume 0.992045 surf 3.12763 Nballs 1 center -10.3608, 22.0871, 16.7827
protocols.packstat: Cavity: 389 volume 5.95692 surf 18.0785 Nballs 4 center -9.82872, 15.6853, 41.6308
protocols.packstat: Cavity: 390 volume 5.94956 surf 17.5983 Nballs 6 center -10.0903, 28.9803, 4.01802
protocols.packstat: Cavity: 391 volume 2.60628 surf 7.56154 Nballs 6 center -10.0555, 20.1985, 31.8525
protocols.packstat: Cavity: 392 volume 4.03117 surf 12.7091 Nballs 2 center -9.77572, 50.588, -3.07662
protocols.packstat: Cavity: 393 volume 4.87327 surf 14.5429 Nballs 3 center -10.0351, 23.2982, -4.90267
protocols.packstat: Cavity: 394 volume 3.18084 surf 10.0283 Nballs 2 center -10.0165, 27.778, -4.75072
protocols.packstat: Cavity: 395 volume 3.87866 surf 11.6588 Nballs 3 center -9.85827, 15.3487, 7.98139
protocols.packstat: Cavity: 396 volume 0.976298 surf 3.07798 Nballs 1 center -9.97646, 33.0072, 20.5513
protocols.packstat: Cavity: 397 volume 16.0819 surf 48.8289 Nballs 30 center -9.32049, 32.4472, 21.3149
protocols.packstat: Cavity: 398 volume 11.5722 surf 35.7886 Nballs 15 center -8.91941, 40.1347, -1.39806
protocols.packstat: Cavity: 399 volume 4.05141 surf 12.0048 Nballs 2 center -9.52378, 40.4819, 5.08524
protocols.packstat: Cavity: 400 volume 2.55097 surf 8.04248 Nballs 1 center -9.66301, 9.4362, 17.758
protocols.packstat: Cavity: 401 volume 2.55097 surf 8.04248 Nballs 1 center -9.52901, 11.9869, 34.6625
protocols.packstat: Cavity: 402 volume 2.53523 surf 7.99283 Nballs 1 center -9.47896, 28.2391, 11.0175
protocols.packstat: Cavity: 403 volume 3.56885 surf 10.1788 Nballs 1 center -9.32334, 50.2381, -0.0179635
protocols.packstat: Cavity: 404 volume 2.55097 surf 8.04248 Nballs 1 center -9.25988, 27.3859, -2.90944
protocols.packstat: Cavity: 405 volume 2.53523 surf 7.99283 Nballs 1 center -9.15598, 27.9197, 9.53205
protocols.packstat: Cavity: 406 volume 1.9166 surf 5.46637 Nballs 1 center -9.11587, 16.6515, 34.1463
protocols.packstat: Cavity: 407 volume 1.87386 surf 5.90775 Nballs 1 center -9.09679, 17.196, 26.4626
protocols.packstat: Cavity: 408 volume 60.2571 surf 173.45 Nballs 144 center -4.86044, 16.1789, 27.9436
protocols.packstat: Cavity: 409 volume 70.9287 surf 193.963 Nballs 156 center -4.41948, 15.0237, 35.4335
protocols.packstat: Cavity: 410 volume 1.88961 surf 5.95739 Nballs 1 center -8.89201, 25.7152, 29.306
protocols.packstat: Cavity: 411 volume 5.94777 surf 18.1755 Nballs 4 center -8.32791, 22.8848, 24.9041
protocols.packstat: Cavity: 412 volume 8.45042 surf 25.602 Nballs 10 center -7.97266, 9.06447, 30.4989
protocols.packstat: Cavity: 413 volume 3.64479 surf 10.4386 Nballs 4 center -8.31219, 15.04, 28.4869
protocols.packstat: Cavity: 414 volume 13.4562 surf 38.6315 Nballs 24 center -7.88494, 23.2081, 28.4256
protocols.packstat: Cavity: 415 volume 13.1664 surf 36.2811 Nballs 17 center -7.63328, 46.0369, 5.5701
protocols.packstat: Cavity: 416 volume 2.17305 surf 6.851 Nballs 1 center -8.32786, 27.1017, 12.1886
protocols.packstat: Cavity: 417 volume 0.755844 surf 2.38296 Nballs 1 center -8.16477, 25.4788, 12.7824
protocols.packstat: Cavity: 418 volume 5.3117 surf 15.286 Nballs 5 center -7.74765, 13.121, 20.7282
protocols.packstat: Cavity: 419 volume 4.72402 surf 14.8935 Nballs 3 center -7.93606, 32.592, 19.0006
protocols.packstat: Cavity: 420 volume 5.66883 surf 17.8722 Nballs 3 center -7.83303, 31.5424, -4.00417
protocols.packstat: Cavity: 421 volume 0.377922 surf 1.19148 Nballs 1 center -7.63495, 24.2328, 9.58274
protocols.packstat: Cavity: 422 volume 21.0092 surf 58.3972 Nballs 39 center -6.22886, 34.9383, 11.0302
protocols.packstat: Cavity: 423 volume 19.7418 surf 57.5656 Nballs 50 center -5.63618, 24.7905, 23.4434
protocols.packstat: Cavity: 424 volume 2.55097 surf 8.04248 Nballs 1 center -7.09157, 44.5248, -3.55869
protocols.packstat: Cavity: 425 volume 2.55097 surf 8.04248 Nballs 1 center -7.03226, 7.22518, 21.9926
protocols.packstat: Cavity: 426 volume 8.23873 surf 24.6433 Nballs 9 center -5.80169, 6.62945, 35.3281
protocols.packstat: Cavity: 427 volume 2.97614 surf 9.38289 Nballs 3 center -6.32123, 26.0048, -0.382852
protocols.packstat: Cavity: 428 volume 10.2299 surf 28.7754 Nballs 7 center -5.87623, 48.242, 0.586124
protocols.packstat: Cavity: 429 volume 3.96818 surf 12.5105 Nballs 2 center -5.81889, 12.0546, 24.6354
protocols.packstat: Cavity: 430 volume 2.55097 surf 8.04248 Nballs 1 center -6.09169, 18.8219, 12.938
protocols.packstat: Cavity: 431 volume 3.44854 surf 10.8722 Nballs 2 center -5.69781, 30.7653, 25.8136
protocols.packstat: Cavity: 432 volume 1.55784 surf 4.44787 Nballs 2 center -5.57479, 39.2571, -3.48488
protocols.packstat: Cavity: 433 volume 6.88629 surf 20.7624 Nballs 21 center -4.5582, 19.3584, 31.1363
protocols.packstat: Cavity: 434 volume 26.0494 surf 68.1539 Nballs 43 center -4.3667, 37.4452, -3.39956
protocols.packstat: Cavity: 435 volume 2.55097 surf 8.04248 Nballs 1 center -4.65561, 15.412, 23.9533
protocols.packstat: Cavity: 436 volume 0.913311 surf 2.87941 Nballs 1 center -4.64774, 17.0517, 30.9038
protocols.packstat: Cavity: 437 volume 5.12258 surf 15.5474 Nballs 4 center -4.11488, 21.0271, 28.1631
protocols.packstat: Cavity: 438 volume 25.6314 surf 75.6643 Nballs 48 center -2.62287, 30.3775, 6.45891
protocols.packstat: Cavity: 439 volume 2.99188 surf 9.43253 Nballs 2 center -4.19951, 25.5113, -3.99667
protocols.packstat: Cavity: 440 volume 8.49952 surf 25.4678 Nballs 10 center -3.2542, 27.7906, 11.3192
protocols.packstat: Cavity: 441 volume 5.46412 surf 17.2268 Nballs 4 center -2.80642, 20.8839, 12.9969
protocols.packstat: Cavity: 442 volume 1.40146 surf 4.4184 Nballs 2 center -3.15331, 41.7899, 4.3915
protocols.packstat: Cavity: 443 volume 14.0224 surf 42.3231 Nballs 19 center -2.69961, 31.4116, -0.778263
protocols.packstat: Cavity: 444 volume 1.74789 surf 5.51059 Nballs 1 center -3.0031, 13.9311, 31.3531
protocols.packstat: Cavity: 445 volume 2.06849 surf 4.98001 Nballs 2 center -2.75943, 13.5288, 33.6986
protocols.packstat: Cavity: 446 volume 2.55097 surf 8.04248 Nballs 1 center -2.7672, 34.8925, -3.16116
protocols.packstat: Cavity: 447 volume 18.2317 surf 52.4925 Nballs 33 center -1.82881, 42.1811, 4.08755
protocols.packstat: Cavity: 448 volume 3.56885 surf 10.1788 Nballs 1 center -2.62301, 16.3621, 12.7547
protocols.packstat: Cavity: 449 volume 8.83439 surf 21.9601 Nballs 14 center -2.16812, 12.6661, 32.8878
protocols.packstat: Cavity: 450 volume 2.55097 surf 8.04248 Nballs 1 center -2.51555, 42.7272, -0.252006
protocols.packstat: Cavity: 451 volume 6.08282 surf 18.4423 Nballs 6 center -2.20088, 33.3874, 2.12985
protocols.packstat: Cavity: 452 volume 4.64102 surf 14.155 Nballs 4 center -2.37892, 26.0929, 20.5411
protocols.packstat: Cavity: 453 volume 3.74773 surf 11.8155 Nballs 2 center -2.30498, 13.3315, 20.4123
protocols.packstat: Cavity: 454 volume 10.6141 surf 31.9046 Nballs 20 center -1.41475, 22.5748, 18.1334
protocols.packstat: Cavity: 455 volume 1.46445 surf 4.61698 Nballs 1 center -2.21578, 42.9923, 2.59362
protocols.packstat: Cavity: 456 volume 14.5778 surf 39.8563 Nballs 21 center -1.16701, 17.3624, 18.5499
protocols.packstat: Cavity: 457 volume 10.2039 surf 32.1699 Nballs 8 center 0.591228, 33.1786, 2.50534
protocols.packstat: Cavity: 458 volume 2.55097 surf 8.04248 Nballs 1 center -0.132237, 21.5642, 33.9236
protocols.packstat: Cavity: 459 volume 4.44531 surf 13.346 Nballs 3 center 0.239559, 14.6848, 27.3175
protocols.packstat: Cavity: 460 volume 5.81862 surf 17.755 Nballs 6 center 0.379703, 19.2026, 29.7399
protocols.packstat: Cavity: 461 volume 2.55097 surf 8.04248 Nballs 1 center 0.769204, 11.9425, 30.0902
protocols.packstat: Cavity: 462 volume 6.88862 surf 19.2483 Nballs 4 center 1.15611, 24.2011, 11.3511
protocols.packstat: Cavity: 463 volume 2.55097 surf 8.04248 Nballs 1 center 4.65794, 15.3419, 32.584
