core.init: command: /vol/ek/share/rosetta/mini/build/src/release/linux/2.6/32/x86/gcc/holes.linuxgccrelease -database /vol/ek/share/rosetta/minirosetta_database/ -holes:dalphaball /vol/ek/share/bin/DAlphaBall -holes:make_pdb -holes:make_voids -s 2JAM.mainChain.pdb
core.init: 'RNG device' seed mode, using '/dev/urandom', seed=-1272946950 seed_offset=0 real_seed=-1272946950
core.init.random: RandomGenerator:init: Normal mode, seed=-1272946950 RG_type=mt19937
core.scoring.ScoreFunctionFactory: SCOREFUNCTION: standard
core.scoring.ScoreFunctionFactory: SCOREFUNCTION PATCH: score12
core.scoring.etable: Starting energy table calculation
core.scoring.etable: smooth_etable: changing atr/rep split to bottom of energy well
core.scoring.etable: smooth_etable: spline smoothing lj etables (maxdis = 6)
core.scoring.etable: smooth_etable: spline smoothing solvation etables (max_dis = 6)
core.scoring.etable: Finished calculating energy tables.
core.io.database: Database file opened: /vol/ek/share/rosetta/minirosetta_database/pdb_pair_stats_fine
core.io.database: Database file opened: /vol/ek/share/rosetta/minirosetta_database/P_AA
core.io.database: Database file opened: /vol/ek/share/rosetta/minirosetta_database/P_AA_n
core.io.database: Database file opened: /vol/ek/share/rosetta/minirosetta_database/P_AA_pp
core.io.database: Database file opened: /vol/ek/share/rosetta/minirosetta_database/Rama_smooth_dyn.dat_ss_6.4
core.scoring.ScoreFunctionFactory: SCOREFUNCTION: standard
core.scoring.ScoreFunctionFactory: SCOREFUNCTION PATCH: score12
core.conformation.Conformation: [ WARNING ] missing heavyatom:  CG  on residue ARG 3
core.conformation.Conformation: [ WARNING ] missing heavyatom:  CD  on residue ARG 3
core.conformation.Conformation: [ WARNING ] missing heavyatom:  NE  on residue ARG 3
core.conformation.Conformation: [ WARNING ] missing heavyatom:  CZ  on residue ARG 3
core.conformation.Conformation: [ WARNING ] missing heavyatom:  NH1 on residue ARG 3
core.conformation.Conformation: [ WARNING ] missing heavyatom:  NH2 on residue ARG 3
core.conformation.Conformation: [ WARNING ] missing heavyatom:  CG  on residue LYS 4
core.conformation.Conformation: [ WARNING ] missing heavyatom:  CD  on residue LYS 4
core.conformation.Conformation: [ WARNING ] missing heavyatom:  CE  on residue LYS 4
core.conformation.Conformation: [ WARNING ] missing heavyatom:  NZ  on residue LYS 4
core.conformation.Conformation: [ WARNING ] missing heavyatom:  CE  on residue LYS 30
core.conformation.Conformation: [ WARNING ] missing heavyatom:  NZ  on residue LYS 30
core.conformation.Conformation: [ WARNING ] missing heavyatom:  CD  on residue LYS 38
core.conformation.Conformation: [ WARNING ] missing heavyatom:  CE  on residue LYS 38
core.conformation.Conformation: [ WARNING ] missing heavyatom:  NZ  on residue LYS 38
core.conformation.Conformation: [ WARNING ] missing heavyatom:  CD  on residue LYS 51
core.conformation.Conformation: [ WARNING ] missing heavyatom:  CE  on residue LYS 51
core.conformation.Conformation: [ WARNING ] missing heavyatom:  NZ  on residue LYS 51
core.conformation.Conformation: [ WARNING ] missing heavyatom:  CE  on residue LYS 53
core.conformation.Conformation: [ WARNING ] missing heavyatom:  NZ  on residue LYS 53
core.conformation.Conformation: [ WARNING ] missing heavyatom:  CD  on residue GLU 132
core.conformation.Conformation: [ WARNING ] missing heavyatom:  OE1 on residue GLU 132
core.conformation.Conformation: [ WARNING ] missing heavyatom:  OE2 on residue GLU 132
core.conformation.Conformation: [ WARNING ] missing heavyatom:  CE  on residue LYS 203
core.conformation.Conformation: [ WARNING ] missing heavyatom:  NZ  on residue LYS 203
core.conformation.Conformation: [ WARNING ] missing heavyatom:  CD  on residue GLU 206
core.conformation.Conformation: [ WARNING ] missing heavyatom:  OE1 on residue GLU 206
core.conformation.Conformation: [ WARNING ] missing heavyatom:  OE2 on residue GLU 206
core.conformation.Conformation: [ WARNING ] missing heavyatom:  CZ  on residue ARG 262
core.conformation.Conformation: [ WARNING ] missing heavyatom:  NH1 on residue ARG 262
core.conformation.Conformation: [ WARNING ] missing heavyatom:  NH2 on residue ARG 262
core.conformation.Conformation: [ WARNING ] missing heavyatom:  CG  on residue LYS 278
core.conformation.Conformation: [ WARNING ] missing heavyatom:  CD  on residue LYS 278
core.conformation.Conformation: [ WARNING ] missing heavyatom:  CE  on residue LYS 278
core.conformation.Conformation: [ WARNING ] missing heavyatom:  NZ  on residue LYS 278
core.conformation.Conformation: [ WARNING ] missing heavyatom:  OXT on residue SER_p:CtermProteinFull 279
core.pack.task: Packer task: initialize from command line() 
core.pack.pack_missing_sidechains: packing residue number 3 because of missing atom number 6 atom name  CG 
core.pack.pack_missing_sidechains: packing residue number 4 because of missing atom number 6 atom name  CG 
core.pack.pack_missing_sidechains: packing residue number 30 because of missing atom number 8 atom name  CE 
core.pack.pack_missing_sidechains: packing residue number 38 because of missing atom number 7 atom name  CD 
core.pack.pack_missing_sidechains: packing residue number 51 because of missing atom number 7 atom name  CD 
core.pack.pack_missing_sidechains: packing residue number 53 because of missing atom number 8 atom name  CE 
core.pack.pack_missing_sidechains: packing residue number 132 because of missing atom number 7 atom name  CD 
core.pack.pack_missing_sidechains: packing residue number 203 because of missing atom number 8 atom name  CE 
core.pack.pack_missing_sidechains: packing residue number 206 because of missing atom number 7 atom name  CD 
core.pack.pack_missing_sidechains: packing residue number 262 because of missing atom number 9 atom name  CZ 
core.pack.pack_missing_sidechains: packing residue number 278 because of missing atom number 6 atom name  CG 
core.scoring.dunbrack: Dunbrack library took 0.06 seconds to load from binary
core.pack.interaction_graph.interaction_graph_factory: Instantiating DensePDInteractionGraph
core.pack.pack_rotamers: built 212 rotamers at 11 positions.
core.pack.pack_rotamers: IG: 9052 bytes
core.scoring.packing.compute_holes_score: compute_holes_surfs try: 1
core.scoring.packing.compute_holes_score: compute_holes_surfs completed successfully
core.scoring.packing.compute_holes_score: compute_rosettaholes_score done: 1.70676
RosettaHoles: 2JAM.mainChain.pdb 1.70676 1.7031 -1.6246 -280.708
dumping pdb to 2JAM.mainChain.pdb_cavs.pdb
dumping cavities 
protocols.packstat: prune raduis 1.4 17518 10127 6954 5351 4436 3839 3466 3226 3083 2979 2923 2873 2837 2800 2773 2745 2718 2694 2674 2651 2630 2622 2610 2604 2597 2593 2590 2586 2584 2583 2581 2581 
core.conformation.util: Non-ideal residue detected:  Residue #1 atom #1:  Ideal D=1.458, Inspected D=1.49157
core.io.silent: ERROR: trying to use a 'protein' type silent file for a non-ideal pose
core.io.silent: consider using the '-out:file:silent_struct_type binary' flag
