core.init: command: /vol/ek/share/rosetta/mini/build/src/release/linux/2.6/32/x86/gcc/holes.linuxgccrelease -database /vol/ek/share/rosetta/minirosetta_database/ -holes:dalphaball /vol/ek/share/bin/DAlphaBall -holes:make_pdb -holes:make_voids -s 2O4J.mainChain.pdb
core.init: 'RNG device' seed mode, using '/dev/urandom', seed=-1853258264 seed_offset=0 real_seed=-1853258264
core.init.random: RandomGenerator:init: Normal mode, seed=-1853258264 RG_type=mt19937
core.scoring.ScoreFunctionFactory: SCOREFUNCTION: standard
core.scoring.ScoreFunctionFactory: SCOREFUNCTION PATCH: score12
core.scoring.etable: Starting energy table calculation
core.scoring.etable: smooth_etable: changing atr/rep split to bottom of energy well
core.scoring.etable: smooth_etable: spline smoothing lj etables (maxdis = 6)
core.scoring.etable: smooth_etable: spline smoothing solvation etables (max_dis = 6)
core.scoring.etable: Finished calculating energy tables.
core.io.database: Database file opened: /vol/ek/share/rosetta/minirosetta_database/pdb_pair_stats_fine
core.io.database: Database file opened: /vol/ek/share/rosetta/minirosetta_database/P_AA
core.io.database: Database file opened: /vol/ek/share/rosetta/minirosetta_database/P_AA_n
core.io.database: Database file opened: /vol/ek/share/rosetta/minirosetta_database/P_AA_pp
core.io.database: Database file opened: /vol/ek/share/rosetta/minirosetta_database/Rama_smooth_dyn.dat_ss_6.4
core.scoring.ScoreFunctionFactory: SCOREFUNCTION: standard
core.scoring.ScoreFunctionFactory: SCOREFUNCTION PATCH: score12
core.conformation.Conformation: [ WARNING ] missing heavyatom:  CG  on residue LYS_p:NtermProteinFull 1
core.conformation.Conformation: [ WARNING ] missing heavyatom:  CD  on residue LYS_p:NtermProteinFull 1
core.conformation.Conformation: [ WARNING ] missing heavyatom:  CE  on residue LYS_p:NtermProteinFull 1
core.conformation.Conformation: [ WARNING ] missing heavyatom:  NZ  on residue LYS_p:NtermProteinFull 1
core.conformation.Conformation: [ WARNING ] missing heavyatom:  CG  on residue ARG 29
core.conformation.Conformation: [ WARNING ] missing heavyatom:  CD  on residue ARG 29
core.conformation.Conformation: [ WARNING ] missing heavyatom:  NE  on residue ARG 29
core.conformation.Conformation: [ WARNING ] missing heavyatom:  CZ  on residue ARG 29
core.conformation.Conformation: [ WARNING ] missing heavyatom:  NH1 on residue ARG 29
core.conformation.Conformation: [ WARNING ] missing heavyatom:  NH2 on residue ARG 29
core.conformation.Conformation: [ WARNING ] missing heavyatom:  CG  on residue MET 37
core.conformation.Conformation: [ WARNING ] missing heavyatom:  SD  on residue MET 37
core.conformation.Conformation: [ WARNING ] missing heavyatom:  CE  on residue MET 37
core.conformation.Conformation: [ WARNING ] missing heavyatom:  CG  on residue GLN 222
core.conformation.Conformation: [ WARNING ] missing heavyatom:  CD  on residue GLN 222
core.conformation.Conformation: [ WARNING ] missing heavyatom:  OE1 on residue GLN 222
core.conformation.Conformation: [ WARNING ] missing heavyatom:  NE2 on residue GLN 222
core.conformation.Conformation: [ WARNING ] missing heavyatom:  OXT on residue GLU_p:CtermProteinFull 240
core.pack.task: Packer task: initialize from command line() 
core.pack.pack_missing_sidechains: packing residue number 1 because of missing atom number 6 atom name  CG 
core.pack.pack_missing_sidechains: packing residue number 29 because of missing atom number 6 atom name  CG 
core.pack.pack_missing_sidechains: packing residue number 37 because of missing atom number 6 atom name  CG 
core.pack.pack_missing_sidechains: packing residue number 222 because of missing atom number 6 atom name  CG 
core.scoring.dunbrack: Dunbrack library took 0.04 seconds to load from binary
core.pack.interaction_graph.interaction_graph_factory: Instantiating DensePDInteractionGraph
core.pack.pack_rotamers: built 66 rotamers at 4 positions.
core.pack.pack_rotamers: IG: 1228 bytes
core.scoring.packing.compute_holes_score: compute_holes_surfs try: 1
core.scoring.packing.compute_holes_score: compute_holes_surfs completed successfully
core.scoring.packing.compute_holes_score: compute_rosettaholes_score done: 1.71418
RosettaHoles: 2O4J.mainChain.pdb 1.71418 1.71417 -3.29695 -138.405
dumping pdb to 2O4J.mainChain.pdb_cavs.pdb
dumping cavities 
protocols.packstat: prune raduis 1.4 14600 8222 5408 4027 3186 2687 2410 2228 2112 2025 1975 1952 1941 1932 1925 1924 1923 1922 1921 1921 
core.conformation.util: Non-ideal residue detected:  Residue #1 atom #1:  Ideal D=1.458, Inspected D=1.49592
core.io.silent: ERROR: trying to use a 'protein' type silent file for a non-ideal pose
core.io.silent: consider using the '-out:file:silent_struct_type binary' flag
