core.init: command: /vol/ek/share/rosetta/mini/build/src/release/linux/2.6/32/x86/gcc/holes.linuxgccrelease -database /vol/ek/share/rosetta/minirosetta_database/ -holes:dalphaball /vol/ek/share/bin/DAlphaBall -holes:make_pdb -holes:make_voids -s 2P54.mainChain.pdb
core.init: 'RNG device' seed mode, using '/dev/urandom', seed=-1985924821 seed_offset=0 real_seed=-1985924821
core.init.random: RandomGenerator:init: Normal mode, seed=-1985924821 RG_type=mt19937
core.scoring.ScoreFunctionFactory: SCOREFUNCTION: standard
core.scoring.ScoreFunctionFactory: SCOREFUNCTION PATCH: score12
core.scoring.etable: Starting energy table calculation
core.scoring.etable: smooth_etable: changing atr/rep split to bottom of energy well
core.scoring.etable: smooth_etable: spline smoothing lj etables (maxdis = 6)
core.scoring.etable: smooth_etable: spline smoothing solvation etables (max_dis = 6)
core.scoring.etable: Finished calculating energy tables.
core.io.database: Database file opened: /vol/ek/share/rosetta/minirosetta_database/pdb_pair_stats_fine
core.io.database: Database file opened: /vol/ek/share/rosetta/minirosetta_database/P_AA
core.io.database: Database file opened: /vol/ek/share/rosetta/minirosetta_database/P_AA_n
core.io.database: Database file opened: /vol/ek/share/rosetta/minirosetta_database/P_AA_pp
core.io.database: Database file opened: /vol/ek/share/rosetta/minirosetta_database/Rama_smooth_dyn.dat_ss_6.4
core.scoring.ScoreFunctionFactory: SCOREFUNCTION: standard
core.scoring.ScoreFunctionFactory: SCOREFUNCTION PATCH: score12
core.conformation.Conformation: [ WARNING ] missing heavyatom:  CG  on residue ASP_p:NtermProteinFull 1
core.conformation.Conformation: [ WARNING ] missing heavyatom:  OD1 on residue ASP_p:NtermProteinFull 1
core.conformation.Conformation: [ WARNING ] missing heavyatom:  OD2 on residue ASP_p:NtermProteinFull 1
core.conformation.Conformation: [ WARNING ] missing heavyatom:  CG  on residue ASN 34
core.conformation.Conformation: [ WARNING ] missing heavyatom:  OD1 on residue ASN 34
core.conformation.Conformation: [ WARNING ] missing heavyatom:  ND2 on residue ASN 34
core.conformation.Conformation: [ WARNING ] missing heavyatom:  CG  on residue ASN 60
core.conformation.Conformation: [ WARNING ] missing heavyatom:  OD1 on residue ASN 60
core.conformation.Conformation: [ WARNING ] missing heavyatom:  ND2 on residue ASN 60
core.conformation.Conformation: [ WARNING ] missing heavyatom:  CG  on residue ASN 192
core.conformation.Conformation: [ WARNING ] missing heavyatom:  OD1 on residue ASN 192
core.conformation.Conformation: [ WARNING ] missing heavyatom:  ND2 on residue ASN 192
core.conformation.Conformation: [ WARNING ] missing heavyatom:  CG  on residue TYR_p:CtermProteinFull 267
core.conformation.Conformation: [ WARNING ] missing heavyatom:  CD1 on residue TYR_p:CtermProteinFull 267
core.conformation.Conformation: [ WARNING ] missing heavyatom:  CD2 on residue TYR_p:CtermProteinFull 267
core.conformation.Conformation: [ WARNING ] missing heavyatom:  CE1 on residue TYR_p:CtermProteinFull 267
core.conformation.Conformation: [ WARNING ] missing heavyatom:  CE2 on residue TYR_p:CtermProteinFull 267
core.conformation.Conformation: [ WARNING ] missing heavyatom:  CZ  on residue TYR_p:CtermProteinFull 267
core.conformation.Conformation: [ WARNING ] missing heavyatom:  OH  on residue TYR_p:CtermProteinFull 267
core.pack.task: Packer task: initialize from command line() 
core.pack.pack_missing_sidechains: packing residue number 1 because of missing atom number 6 atom name  CG 
core.pack.pack_missing_sidechains: packing residue number 34 because of missing atom number 6 atom name  CG 
core.pack.pack_missing_sidechains: packing residue number 60 because of missing atom number 6 atom name  CG 
core.pack.pack_missing_sidechains: packing residue number 192 because of missing atom number 6 atom name  CG 
core.pack.pack_missing_sidechains: packing residue number 267 because of missing atom number 7 atom name  CG 
core.scoring.dunbrack: Dunbrack library took 0.05 seconds to load from binary
core.pack.interaction_graph.interaction_graph_factory: Instantiating DensePDInteractionGraph
core.pack.pack_rotamers: built 32 rotamers at 5 positions.
core.pack.pack_rotamers: IG: 1264 bytes
core.scoring.packing.compute_holes_score: compute_holes_surfs try: 1
core.scoring.packing.compute_holes_score: compute_holes_surfs completed successfully
core.scoring.packing.compute_holes_score: compute_rosettaholes_score done: 1.80324
RosettaHoles: 2P54.mainChain.pdb 1.80324 1.78797 -1.24458 -264.05
dumping pdb to 2P54.mainChain.pdb_cavs.pdb
dumping cavities 
protocols.packstat: prune raduis 1.4 16919 10795 7951 6433 5451 4788 4299 3961 3729 3553 3420 3329 3271 3226 3193 3177 3164 3149 3138 3130 3126 3121 3119 3116 3113 3112 3111 3107 3105 3105 
core.conformation.util: Non-ideal residue detected:  Residue #1 atom #1:  Ideal D=1.458, Inspected D=1.48953
core.io.silent: ERROR: trying to use a 'protein' type silent file for a non-ideal pose
core.io.silent: consider using the '-out:file:silent_struct_type binary' flag
