core.init: command: /vol/ek/share/rosetta/mini/build/src/release/linux/2.6/32/x86/gcc/holes.linuxgccrelease -database /vol/ek/share/rosetta/minirosetta_database/ -holes:dalphaball /vol/ek/share/bin/DAlphaBall -holes:make_pdb -holes:make_voids -s 2PUY.mainChain.pdb
core.init: 'RNG device' seed mode, using '/dev/urandom', seed=-763392582 seed_offset=0 real_seed=-763392582
core.init.random: RandomGenerator:init: Normal mode, seed=-763392582 RG_type=mt19937
core.scoring.ScoreFunctionFactory: SCOREFUNCTION: standard
core.scoring.ScoreFunctionFactory: SCOREFUNCTION PATCH: score12
core.scoring.etable: Starting energy table calculation
core.scoring.etable: smooth_etable: changing atr/rep split to bottom of energy well
core.scoring.etable: smooth_etable: spline smoothing lj etables (maxdis = 6)
core.scoring.etable: smooth_etable: spline smoothing solvation etables (max_dis = 6)
core.scoring.etable: Finished calculating energy tables.
core.io.database: Database file opened: /vol/ek/share/rosetta/minirosetta_database/pdb_pair_stats_fine
core.io.database: Database file opened: /vol/ek/share/rosetta/minirosetta_database/P_AA
core.io.database: Database file opened: /vol/ek/share/rosetta/minirosetta_database/P_AA_n
core.io.database: Database file opened: /vol/ek/share/rosetta/minirosetta_database/P_AA_pp
core.io.database: Database file opened: /vol/ek/share/rosetta/minirosetta_database/Rama_smooth_dyn.dat_ss_6.4
core.scoring.ScoreFunctionFactory: SCOREFUNCTION: standard
core.scoring.ScoreFunctionFactory: SCOREFUNCTION PATCH: score12
core.conformation.Conformation: [ WARNING ] missing heavyatom:  CG  on residue GLU 58
core.conformation.Conformation: [ WARNING ] missing heavyatom:  CD  on residue GLU 58
core.conformation.Conformation: [ WARNING ] missing heavyatom:  OE1 on residue GLU 58
core.conformation.Conformation: [ WARNING ] missing heavyatom:  OE2 on residue GLU 58
core.conformation.Conformation: [ WARNING ] missing heavyatom:  CG1 on residue ILE_p:CtermProteinFull 60
core.conformation.Conformation: [ WARNING ] missing heavyatom:  CG2 on residue ILE_p:CtermProteinFull 60
core.conformation.Conformation: [ WARNING ] missing heavyatom:  CD1 on residue ILE_p:CtermProteinFull 60
core.pack.task: Packer task: initialize from command line() 
core.pack.pack_missing_sidechains: packing residue number 58 because of missing atom number 6 atom name  CG 
core.pack.pack_missing_sidechains: packing residue number 60 because of missing atom number 7 atom name  CG1
core.scoring.dunbrack: Dunbrack library took 0.05 seconds to load from binary
core.pack.interaction_graph.interaction_graph_factory: Instantiating DensePDInteractionGraph
core.pack.pack_rotamers: built 12 rotamers at 2 positions.
core.pack.pack_rotamers: IG: 952 bytes
core.scoring.packing.compute_holes_score: compute_holes_surfs try: 1
core.scoring.packing.compute_holes_score: compute_holes_surfs completed successfully
core.scoring.packing.compute_holes_score: compute_rosettaholes_score done: 2.48224
RosettaHoles: 2PUY.mainChain.pdb 2.48224 1.59593 -0.0755766 60.2335
dumping pdb to 2PUY.mainChain.pdb_cavs.pdb
dumping cavities 
protocols.packstat: prune raduis 1.4 3018 1488 844 536 367 262 195 157 133 120 117 113 109 109 
core.conformation.util: Non-ideal residue detected:  Residue #1 atom #1:  Ideal D=1.458, Inspected D=1.49112
core.io.silent: ERROR: trying to use a 'protein' type silent file for a non-ideal pose
core.io.silent: consider using the '-out:file:silent_struct_type binary' flag
