core.init: command: /vol/ek/share/rosetta/mini/build/src/release/linux/2.6/32/x86/gcc/holes.linuxgccrelease -database /vol/ek/share/rosetta/minirosetta_database/ -holes:dalphaball /vol/ek/share/bin/DAlphaBall -holes:make_pdb -holes:make_voids -s 2QOS.mainChain.pdb
core.init: 'RNG device' seed mode, using '/dev/urandom', seed=-1383917952 seed_offset=0 real_seed=-1383917952
core.init.random: RandomGenerator:init: Normal mode, seed=-1383917952 RG_type=mt19937
core.scoring.ScoreFunctionFactory: SCOREFUNCTION: standard
core.scoring.ScoreFunctionFactory: SCOREFUNCTION PATCH: score12
core.scoring.etable: Starting energy table calculation
core.scoring.etable: smooth_etable: changing atr/rep split to bottom of energy well
core.scoring.etable: smooth_etable: spline smoothing lj etables (maxdis = 6)
core.scoring.etable: smooth_etable: spline smoothing solvation etables (max_dis = 6)
core.scoring.etable: Finished calculating energy tables.
core.io.database: Database file opened: /vol/ek/share/rosetta/minirosetta_database/pdb_pair_stats_fine
core.io.database: Database file opened: /vol/ek/share/rosetta/minirosetta_database/P_AA
core.io.database: Database file opened: /vol/ek/share/rosetta/minirosetta_database/P_AA_n
core.io.database: Database file opened: /vol/ek/share/rosetta/minirosetta_database/P_AA_pp
core.io.database: Database file opened: /vol/ek/share/rosetta/minirosetta_database/Rama_smooth_dyn.dat_ss_6.4
core.scoring.ScoreFunctionFactory: SCOREFUNCTION: standard
core.scoring.ScoreFunctionFactory: SCOREFUNCTION PATCH: score12
core.conformation.Conformation: [ WARNING ] missing heavyatom:  CB  on residue ARG 172
core.conformation.Conformation: [ WARNING ] missing heavyatom:  CG  on residue ARG 172
core.conformation.Conformation: [ WARNING ] missing heavyatom:  CD  on residue ARG 172
core.conformation.Conformation: [ WARNING ] missing heavyatom:  NE  on residue ARG 172
core.conformation.Conformation: [ WARNING ] missing heavyatom:  CZ  on residue ARG 172
core.conformation.Conformation: [ WARNING ] missing heavyatom:  NH1 on residue ARG 172
core.conformation.Conformation: [ WARNING ] missing heavyatom:  NH2 on residue ARG 172
core.conformation.Conformation: [ WARNING ] missing heavyatom:  OXT on residue ARG_p:CtermProteinFull 173
core.conformation.Conformation: [ WARNING ] missing heavyatom:  CB  on residue ARG_p:CtermProteinFull 173
core.conformation.Conformation: [ WARNING ] missing heavyatom:  CG  on residue ARG_p:CtermProteinFull 173
core.conformation.Conformation: [ WARNING ] missing heavyatom:  CD  on residue ARG_p:CtermProteinFull 173
core.conformation.Conformation: [ WARNING ] missing heavyatom:  NE  on residue ARG_p:CtermProteinFull 173
core.conformation.Conformation: [ WARNING ] missing heavyatom:  CZ  on residue ARG_p:CtermProteinFull 173
core.conformation.Conformation: [ WARNING ] missing heavyatom:  NH1 on residue ARG_p:CtermProteinFull 173
core.conformation.Conformation: [ WARNING ] missing heavyatom:  NH2 on residue ARG_p:CtermProteinFull 173
core.conformation.Conformation: Found disulfide between residues 67 159
core.pack.task: Packer task: initialize from command line() 
core.pack.pack_missing_sidechains: packing residue number 172 because of missing atom number 5 atom name  CB 
core.pack.pack_missing_sidechains: packing residue number 173 because of missing atom number 6 atom name  CB 
core.io.database: Database file opened: /vol/ek/share/rosetta/minirosetta_database/scoring/score_functions/disulfides/fa_SS_distance_score
core.io.database: Database file opened: /vol/ek/share/rosetta/minirosetta_database/scoring/score_functions/disulfides/fa_CaCbS_angle_score
core.io.database: Database file opened: /vol/ek/share/rosetta/minirosetta_database/scoring/score_functions/disulfides/fa_CbSSCb_dihedral_score
core.scoring.dunbrack: Dunbrack library took 0.05 seconds to load from binary
core.pack.interaction_graph.interaction_graph_factory: Instantiating DensePDInteractionGraph
core.pack.pack_rotamers: built 43 rotamers at 2 positions.
core.pack.pack_rotamers: IG: 2760 bytes
core.conformation.Conformation: Found disulfide between residues 67 159
core.scoring.packing.compute_holes_score: compute_holes_surfs try: 1
core.scoring.packing.compute_holes_score: compute_holes_surfs completed successfully
core.scoring.packing.compute_holes_score: compute_rosettaholes_score done: 1.86146
RosettaHoles: 2QOS.mainChain.pdb 1.86146 1.83124 -1.06218 -227.65
dumping pdb to 2QOS.mainChain.pdb_cavs.pdb
dumping cavities 
protocols.packstat: prune raduis 1.4 9152 5118 3326 2422 1893 1614 1448 1328 1256 1202 1168 1148 1139 1129 1123 1119 1115 1111 1109 1108 1108 
core.conformation.util: Non-ideal residue detected:  Residue #1 atom #1:  Ideal D=1.458, Inspected D=1.48915
core.io.silent: ERROR: trying to use a 'protein' type silent file for a non-ideal pose
core.io.silent: consider using the '-out:file:silent_struct_type binary' flag
