core.init: command: /vol/ek/share/rosetta/mini/build/src/release/linux/2.6/32/x86/gcc/holes.linuxgccrelease -database /vol/ek/share/rosetta/minirosetta_database/ -holes:dalphaball /vol/ek/share/bin/DAlphaBall -holes:make_pdb -holes:make_voids -s 3BU3.mainChain.pdb
core.init: 'RNG device' seed mode, using '/dev/urandom', seed=-1903078289 seed_offset=0 real_seed=-1903078289
core.init.random: RandomGenerator:init: Normal mode, seed=-1903078289 RG_type=mt19937
core.scoring.ScoreFunctionFactory: SCOREFUNCTION: standard
core.scoring.ScoreFunctionFactory: SCOREFUNCTION PATCH: score12
core.scoring.etable: Starting energy table calculation
core.scoring.etable: smooth_etable: changing atr/rep split to bottom of energy well
core.scoring.etable: smooth_etable: spline smoothing lj etables (maxdis = 6)
core.scoring.etable: smooth_etable: spline smoothing solvation etables (max_dis = 6)
core.scoring.etable: Finished calculating energy tables.
core.io.database: Database file opened: /vol/ek/share/rosetta/minirosetta_database/pdb_pair_stats_fine
core.io.database: Database file opened: /vol/ek/share/rosetta/minirosetta_database/P_AA
core.io.database: Database file opened: /vol/ek/share/rosetta/minirosetta_database/P_AA_n
core.io.database: Database file opened: /vol/ek/share/rosetta/minirosetta_database/P_AA_pp
core.io.database: Database file opened: /vol/ek/share/rosetta/minirosetta_database/Rama_smooth_dyn.dat_ss_6.4
core.scoring.ScoreFunctionFactory: SCOREFUNCTION: standard
core.scoring.ScoreFunctionFactory: SCOREFUNCTION PATCH: score12
core.conformation.Conformation: [ WARNING ] missing heavyatom:  CG  on residue ASP_p:NtermProteinFull 1
core.conformation.Conformation: [ WARNING ] missing heavyatom:  OD1 on residue ASP_p:NtermProteinFull 1
core.conformation.Conformation: [ WARNING ] missing heavyatom:  OD2 on residue ASP_p:NtermProteinFull 1
core.conformation.Conformation: [ WARNING ] missing heavyatom:  CG  on residue GLU 2
core.conformation.Conformation: [ WARNING ] missing heavyatom:  CD  on residue GLU 2
core.conformation.Conformation: [ WARNING ] missing heavyatom:  OE1 on residue GLU 2
core.conformation.Conformation: [ WARNING ] missing heavyatom:  OE2 on residue GLU 2
core.conformation.Conformation: [ WARNING ] missing heavyatom:  CG  on residue GLU 48
core.conformation.Conformation: [ WARNING ] missing heavyatom:  CD  on residue GLU 48
core.conformation.Conformation: [ WARNING ] missing heavyatom:  OE1 on residue GLU 48
core.conformation.Conformation: [ WARNING ] missing heavyatom:  OE2 on residue GLU 48
core.conformation.Conformation: [ WARNING ] missing heavyatom:  CG  on residue LYS 82
core.conformation.Conformation: [ WARNING ] missing heavyatom:  CD  on residue LYS 82
core.conformation.Conformation: [ WARNING ] missing heavyatom:  CE  on residue LYS 82
core.conformation.Conformation: [ WARNING ] missing heavyatom:  NZ  on residue LYS 82
core.conformation.Conformation: [ WARNING ] missing heavyatom:  CG  on residue GLU 108
core.conformation.Conformation: [ WARNING ] missing heavyatom:  CD  on residue GLU 108
core.conformation.Conformation: [ WARNING ] missing heavyatom:  OE1 on residue GLU 108
core.conformation.Conformation: [ WARNING ] missing heavyatom:  OE2 on residue GLU 108
core.conformation.Conformation: [ WARNING ] missing heavyatom:  CG  on residue GLU 110
core.conformation.Conformation: [ WARNING ] missing heavyatom:  CD  on residue GLU 110
core.conformation.Conformation: [ WARNING ] missing heavyatom:  OE1 on residue GLU 110
core.conformation.Conformation: [ WARNING ] missing heavyatom:  OE2 on residue GLU 110
core.conformation.Conformation: [ WARNING ] missing heavyatom:  CG  on residue GLU 172
core.conformation.Conformation: [ WARNING ] missing heavyatom:  CD  on residue GLU 172
core.conformation.Conformation: [ WARNING ] missing heavyatom:  OE1 on residue GLU 172
core.conformation.Conformation: [ WARNING ] missing heavyatom:  OE2 on residue GLU 172
core.conformation.Conformation: [ WARNING ] missing heavyatom:  CG  on residue LYS 179
core.conformation.Conformation: [ WARNING ] missing heavyatom:  CD  on residue LYS 179
core.conformation.Conformation: [ WARNING ] missing heavyatom:  CE  on residue LYS 179
core.conformation.Conformation: [ WARNING ] missing heavyatom:  NZ  on residue LYS 179
core.conformation.Conformation: [ WARNING ] missing heavyatom:  CG  on residue ARG 254
core.conformation.Conformation: [ WARNING ] missing heavyatom:  CD  on residue ARG 254
core.conformation.Conformation: [ WARNING ] missing heavyatom:  NE  on residue ARG 254
core.conformation.Conformation: [ WARNING ] missing heavyatom:  CZ  on residue ARG 254
core.conformation.Conformation: [ WARNING ] missing heavyatom:  NH1 on residue ARG 254
core.conformation.Conformation: [ WARNING ] missing heavyatom:  NH2 on residue ARG 254
core.conformation.Conformation: [ WARNING ] missing heavyatom:  CG  on residue GLU 291
core.conformation.Conformation: [ WARNING ] missing heavyatom:  CD  on residue GLU 291
core.conformation.Conformation: [ WARNING ] missing heavyatom:  OE1 on residue GLU 291
core.conformation.Conformation: [ WARNING ] missing heavyatom:  OE2 on residue GLU 291
core.conformation.Conformation: [ WARNING ] missing heavyatom:  OXT on residue LYS_p:CtermProteinFull 294
core.conformation.Conformation: [ WARNING ] missing heavyatom:  CG  on residue LYS_p:CtermProteinFull 294
core.conformation.Conformation: [ WARNING ] missing heavyatom:  CD  on residue LYS_p:CtermProteinFull 294
core.conformation.Conformation: [ WARNING ] missing heavyatom:  CE  on residue LYS_p:CtermProteinFull 294
core.conformation.Conformation: [ WARNING ] missing heavyatom:  NZ  on residue LYS_p:CtermProteinFull 294
core.pack.task: Packer task: initialize from command line() 
core.pack.pack_missing_sidechains: packing residue number 1 because of missing atom number 6 atom name  CG 
core.pack.pack_missing_sidechains: packing residue number 2 because of missing atom number 6 atom name  CG 
core.pack.pack_missing_sidechains: packing residue number 48 because of missing atom number 6 atom name  CG 
core.pack.pack_missing_sidechains: packing residue number 82 because of missing atom number 6 atom name  CG 
core.pack.pack_missing_sidechains: packing residue number 108 because of missing atom number 6 atom name  CG 
core.pack.pack_missing_sidechains: packing residue number 110 because of missing atom number 6 atom name  CG 
core.pack.pack_missing_sidechains: packing residue number 172 because of missing atom number 6 atom name  CG 
core.pack.pack_missing_sidechains: packing residue number 179 because of missing atom number 6 atom name  CG 
core.pack.pack_missing_sidechains: packing residue number 254 because of missing atom number 6 atom name  CG 
core.pack.pack_missing_sidechains: packing residue number 291 because of missing atom number 6 atom name  CG 
core.pack.pack_missing_sidechains: packing residue number 294 because of missing atom number 7 atom name  CG 
core.scoring.dunbrack: Dunbrack library took 0.05 seconds to load from binary
core.pack.interaction_graph.interaction_graph_factory: Instantiating DensePDInteractionGraph
core.pack.pack_rotamers: built 188 rotamers at 11 positions.
core.pack.pack_rotamers: IG: 6396 bytes
core.scoring.packing.compute_holes_score: compute_holes_surfs try: 1
core.scoring.packing.compute_holes_score: compute_holes_surfs completed successfully
core.scoring.packing.compute_holes_score: compute_rosettaholes_score done: 1.69448
RosettaHoles: 3BU3.mainChain.pdb 1.69448 1.69366 -2.01908 -244.035
dumping pdb to 3BU3.mainChain.pdb_cavs.pdb
dumping cavities 
protocols.packstat: prune raduis 1.4 17563 10244 7114 5603 4697 4147 3811 3573 3415 3310 3219 3138 3097 3058 3032 3008 2989 2977 2970 2966 2964 2964 
core.conformation.util: Non-ideal residue detected:  Residue #1 atom #1:  Ideal D=1.458, Inspected D=1.49015
core.io.silent: ERROR: trying to use a 'protein' type silent file for a non-ideal pose
core.io.silent: consider using the '-out:file:silent_struct_type binary' flag
