core.init: command: /vol/ek/share/rosetta/mini/build/src/release/linux/2.6/32/x86/gcc/holes.linuxgccrelease -database /vol/ek/share/rosetta/minirosetta_database/ -holes:dalphaball /vol/ek/share/bin/DAlphaBall -holes:make_pdb -holes:make_voids -s 3BWA.mainChain.pdb
core.init: 'RNG device' seed mode, using '/dev/urandom', seed=506351826 seed_offset=0 real_seed=506351826
core.init.random: RandomGenerator:init: Normal mode, seed=506351826 RG_type=mt19937
core.scoring.ScoreFunctionFactory: SCOREFUNCTION: standard
core.scoring.ScoreFunctionFactory: SCOREFUNCTION PATCH: score12
core.scoring.etable: Starting energy table calculation
core.scoring.etable: smooth_etable: changing atr/rep split to bottom of energy well
core.scoring.etable: smooth_etable: spline smoothing lj etables (maxdis = 6)
core.scoring.etable: smooth_etable: spline smoothing solvation etables (max_dis = 6)
core.scoring.etable: Finished calculating energy tables.
core.io.database: Database file opened: /vol/ek/share/rosetta/minirosetta_database/pdb_pair_stats_fine
core.io.database: Database file opened: /vol/ek/share/rosetta/minirosetta_database/P_AA
core.io.database: Database file opened: /vol/ek/share/rosetta/minirosetta_database/P_AA_n
core.io.database: Database file opened: /vol/ek/share/rosetta/minirosetta_database/P_AA_pp
core.io.database: Database file opened: /vol/ek/share/rosetta/minirosetta_database/Rama_smooth_dyn.dat_ss_6.4
core.scoring.ScoreFunctionFactory: SCOREFUNCTION: standard
core.scoring.ScoreFunctionFactory: SCOREFUNCTION PATCH: score12
core.conformation.Conformation: Found disulfide between residues 101 164
core.conformation.Conformation: Found disulfide between residues 203 259
core.pack.task: Packer task: initialize from command line() 
core.conformation.Conformation: Found disulfide between residues 101 164
core.conformation.Conformation: Found disulfide between residues 203 259
core.scoring.packing.compute_holes_score: compute_holes_surfs try: 1
core.scoring.packing.compute_holes_score: compute_holes_surfs completed successfully
core.scoring.packing.compute_holes_score: compute_rosettaholes_score done: 1.73257
RosettaHoles: 3BWA.mainChain.pdb 1.73257 1.72317 -1.3737core.io.database: Database file opened: /vol/ek/share/rosetta/minirosetta_database/scoring/score_functions/disulfides/fa_SS_distance_score
core.io.database: Database file opened: /vol/ek/share/rosetta/minirosetta_database/scoring/score_functions/disulfides/fa_CaCbS_angle_score
core.io.database: Database file opened: /vol/ek/share/rosetta/minirosetta_database/scoring/score_functions/disulfides/fa_CbSSCb_dihedral_score
core.scoring.dunbrack: Dunbrack library took 0.04 seconds to load from binary
 -339.189
dumping pdb to 3BWA.mainChain.pdb_cavs.pdb
dumping cavities 
protocols.packstat: prune raduis 1.4 15171 8339 5288 3754 2903 2388 2066 1850 1700 1606 1549 1524 1512 1503 1503 
core.conformation.util: Non-ideal residue detected:  Residue #1 atom #1:  Ideal D=1.458, Inspected D=1.48879
core.io.silent: ERROR: trying to use a 'protein' type silent file for a non-ideal pose
core.io.silent: consider using the '-out:file:silent_struct_type binary' flag
