core.init: command: /cs/alum/londonir/lab/rosetta/mini/bin/holes.linuxgccrelease -database /vol/ek/londonir/rosetta/minirosetta_database/ -holes:dalphaball /vol/ek/share/bin/DAlphaBall -holes:make_pdb -holes:make_voids -s 1ELW.pdb
core.init: 'RNG device' seed mode, using '/dev/urandom', seed=-2055701548 seed_offset=0 real_seed=-2055701548
core.init.random: RandomGenerator:init: Normal mode, seed=-2055701548 RG_type=mt19937
core.scoring.ScoreFunctionFactory: SCOREFUNCTION: standard
core.scoring.ScoreFunctionFactory: SCOREFUNCTION PATCH: score12
core.scoring.etable: Starting energy table calculation
core.scoring.etable: smooth_etable: changing atr/rep split to bottom of energy well
core.scoring.etable: smooth_etable: spline smoothing lj etables (maxdis = 6)
core.scoring.etable: smooth_etable: spline smoothing solvation etables (max_dis = 6)
core.scoring.etable: Finished calculating energy tables.
core.io.database: Database file opened: /vol/ek/londonir/rosetta/minirosetta_database/pdb_pair_stats_fine
core.io.database: Database file opened: /vol/ek/londonir/rosetta/minirosetta_database/P_AA
core.io.database: Database file opened: /vol/ek/londonir/rosetta/minirosetta_database/P_AA_n
core.io.database: Database file opened: /vol/ek/londonir/rosetta/minirosetta_database/P_AA_pp
core.io.database: Database file opened: /vol/ek/londonir/rosetta/minirosetta_database/Rama_smooth_dyn.dat_ss_6.4
core.scoring.ScoreFunctionFactory: SCOREFUNCTION: standard
core.scoring.ScoreFunctionFactory: SCOREFUNCTION PATCH: score12
core.conformation.Conformation: [ WARNING ] missing heavyatom:  CG  on residue PRO_p:NtermProteinFull 1
core.conformation.Conformation: [ WARNING ] missing heavyatom:  CD  on residue PRO_p:NtermProteinFull 1
core.conformation.Conformation: [ WARNING ] missing heavyatom:  OXT on residue VAL_p:CtermProteinFull 107
core.pack.task: Packer task: initialize from command line() 
core.pack.pack_missing_sidechains: packing residue number 1 because of missing atom number 6 atom name  CG 
core.scoring.dunbrack: Dunbrack library took 0.06 seconds to load from binary
core.pack.interaction_graph.interaction_graph_factory: Instantiating DensePDInteractionGraph
core.pack.pack_rotamers: built 1 rotamers at 1 positions.
core.pack.pack_rotamers: IG: 452 bytes
RosettaHoles: 1ELW.pdb 2.13791 2.1379 -3.26814 -30.0576
dumping pdb to 1ELW.pdb_cavs.pdb
dumping cavities 
protocols.packstat: prune raduis 1.4 5860 2974 1846 1319 1067 932 839 774 736 718 706 700 695 693 691 690 690 
protocols.packstat: Cavity: 1 volume 3.56885 surf 10.1788 Nballs 1 center 28.7555, 50.7038, 23.2081
protocols.packstat: Cavity: 2 volume 12.73 surf 35.991 Nballs 24 center 31.0746, 52.6866, 26.0831
protocols.packstat: Cavity: 3 volume 17.2591 surf 51.1731 Nballs 28 center 31.8192, 55.2381, 24.9022
protocols.packstat: Cavity: 4 volume 2.25178 surf 7.09922 Nballs 1 center 31.1314, 58.3641, 26.1048
protocols.packstat: Cavity: 5 volume 13.4698 surf 39.7539 Nballs 10 center 33.1645, 63.6482, 18.96
protocols.packstat: Cavity: 6 volume 2.55097 surf 8.04248 Nballs 1 center 31.9681, 60.9168, 25.9881
protocols.packstat: Cavity: 7 volume 3.77922 surf 11.9148 Nballs 3 center 33.0483, 64.393, 17.2959
protocols.packstat: Cavity: 8 volume 8.23881 surf 24.6766 Nballs 7 center 34.1144, 66.9832, 8.35672
protocols.packstat: Cavity: 9 volume 3.52727 surf 11.1205 Nballs 2 center 33.5297, 53.6216, 34.701
protocols.packstat: Cavity: 10 volume 8.40124 surf 23.036 Nballs 6 center 34.5584, 51.4057, 31.2039
protocols.packstat: Cavity: 11 volume 8.15945 surf 25.5059 Nballs 10 center 35.7279, 56.3267, 27.577
protocols.packstat: Cavity: 12 volume 13.9325 surf 43.8124 Nballs 27 center 36.822, 58.9612, 17.2462
protocols.packstat: Cavity: 13 volume 5.26787 surf 14.729 Nballs 3 center 35.4759, 54.058, 23.5134
protocols.packstat: Cavity: 14 volume 2.55097 surf 8.04248 Nballs 1 center 35.4361, 67.1729, 16.9233
protocols.packstat: Cavity: 15 volume 2.55097 surf 8.04248 Nballs 1 center 35.921, 70.3963, 13.2253
protocols.packstat: Cavity: 16 volume 2.55097 surf 8.04248 Nballs 1 center 36.2569, 67.9377, 14.6316
protocols.packstat: Cavity: 17 volume 8.17132 surf 25.232 Nballs 8 center 37.8478, 49.7336, 35.5905
protocols.packstat: Cavity: 18 volume 7.64462 surf 23.1811 Nballs 10 center 37.4871, 61.7335, 22.5569
protocols.packstat: Cavity: 19 volume 2.55097 surf 8.04248 Nballs 1 center 37.1601, 60.6871, 28.7877
protocols.packstat: Cavity: 20 volume 6.56787 surf 19.9914 Nballs 5 center 38.4703, 66.215, 14.724
protocols.packstat: Cavity: 21 volume 8.44026 surf 26.6097 Nballs 8 center 39.1059, 53.3597, 35.1245
protocols.packstat: Cavity: 22 volume 12.9213 surf 37.7744 Nballs 16 center 39.5681, 64.895, 10.0004
protocols.packstat: Cavity: 23 volume 8.0455 surf 24.9016 Nballs 9 center 39.8066, 55.2554, 14.3521
protocols.packstat: Cavity: 24 volume 2.55097 surf 8.04248 Nballs 1 center 39.09, 62.7327, 4.61473
protocols.packstat: Cavity: 25 volume 2.55097 surf 8.04248 Nballs 1 center 39.2649, 62.1642, 2.96691
protocols.packstat: Cavity: 26 volume 3.41464 surf 9.73894 Nballs 1 center 39.6694, 58.9116, 9.96161
protocols.packstat: Cavity: 27 volume 4.69253 surf 14.7942 Nballs 2 center 40.3109, 64.9611, 16.9493
protocols.packstat: Cavity: 28 volume 1.05503 surf 3.32621 Nballs 1 center 39.7862, 52.7886, 29.906
protocols.packstat: Cavity: 29 volume 31.5824 surf 87.5046 Nballs 73 center 41.6846, 52.6133, 27.6565
protocols.packstat: Cavity: 30 volume 2.55097 surf 8.04248 Nballs 1 center 39.9528, 48.4435, 35.1606
protocols.packstat: Cavity: 31 volume 10.9592 surf 32.4577 Nballs 9 center 41.2595, 57.0132, 28.1288
protocols.packstat: Cavity: 32 volume 3.62175 surf 11.4183 Nballs 3 center 40.6321, 49.2495, 25.3181
protocols.packstat: Cavity: 33 volume 20.2945 surf 58.0652 Nballs 16 center 41.9302, 58.1821, 8.83983
protocols.packstat: Cavity: 34 volume 74.0824 surf 213.271 Nballs 199 center 44.1309, 56.8523, 17.6793
protocols.packstat: Cavity: 35 volume 2.6166 surf 8.03084 Nballs 5 center 41.1111, 53.8197, 26.141
protocols.packstat: Cavity: 36 volume 10.8353 surf 31.0676 Nballs 20 center 41.8239, 59.2776, 19.2559
protocols.packstat: Cavity: 37 volume 10.6826 surf 30.6635 Nballs 15 center 41.7541, 59.2209, 25.9889
protocols.packstat: Cavity: 38 volume 1.32901 surf 4.18336 Nballs 5 center 41.4385, 52.565, 26.4061
protocols.packstat: Cavity: 39 volume 4.72402 surf 14.8935 Nballs 2 center 41.9681, 59.3793, 30.9585
protocols.packstat: Cavity: 40 volume 3.96818 surf 12.5105 Nballs 2 center 42.3633, 53.9352, 11.9162
protocols.packstat: Cavity: 41 volume 2.55097 surf 8.04248 Nballs 1 center 43.4235, 62.3237, 23.7617
protocols.packstat: Cavity: 42 volume 2.55097 surf 8.04248 Nballs 1 center 43.5172, 65.0869, 2.43991
protocols.packstat: Cavity: 43 volume 12.3972 surf 36.4751 Nballs 14 center 45.0972, 52.6216, 34.6104
protocols.packstat: Cavity: 44 volume 5.18239 surf 15.7227 Nballs 3 center 44.5698, 62.1107, 12.0592
protocols.packstat: Cavity: 45 volume 2.55097 surf 8.04248 Nballs 1 center 44.8113, 51.1737, 36.4809
protocols.packstat: Cavity: 46 volume 9.22209 surf 27.8562 Nballs 8 center 45.4078, 61.4926, 8.35095
protocols.packstat: Cavity: 47 volume 2.55097 surf 8.04248 Nballs 1 center 44.9986, 49.04, 29.1883
protocols.packstat: Cavity: 48 volume 4.25162 surf 13.4041 Nballs 3 center 45.8063, 57.3213, 26.4607
protocols.packstat: Cavity: 49 volume 25.6973 surf 66.4102 Nballs 52 center 47.7762, 56.8919, 9.25014
protocols.packstat: Cavity: 50 volume 4.42484 surf 13.9502 Nballs 7 center 46.9615, 56.8731, 7.62889
protocols.packstat: Cavity: 51 volume 12.098 surf 34.9143 Nballs 23 center 47.2844, 58.8241, 22.5779
protocols.packstat: Cavity: 52 volume 7.62251 surf 21.6297 Nballs 5 center 47.3842, 57.7619, 28.404
protocols.packstat: Cavity: 53 volume 1.54318 surf 4.8652 Nballs 1 center 46.7989, 57.7, 23.7154
protocols.packstat: Cavity: 54 volume 1.55893 surf 4.91485 Nballs 1 center 46.8555, 58.6665, 8.95072
protocols.packstat: Cavity: 55 volume 2.55097 surf 8.04248 Nballs 1 center 47.4521, 59.7533, 28.9478
protocols.packstat: Cavity: 56 volume 2.55097 surf 8.04248 Nballs 1 center 47.6042, 54.4015, 19.622
protocols.packstat: Cavity: 57 volume 3.95693 surf 11.7069 Nballs 2 center 47.8795, 49.239, 30.5907
protocols.packstat: Cavity: 58 volume 2.55097 surf 8.04248 Nballs 1 center 48.3955, 64.8336, 22.2933
protocols.packstat: Cavity: 59 volume 8.58081 surf 24.9411 Nballs 9 center 49.4694, 61.5102, 26.055
protocols.packstat: Cavity: 60 volume 2.55097 surf 8.04248 Nballs 1 center 49.0374, 54.5787, 18.7863
protocols.packstat: Cavity: 61 volume 6.36921 surf 19.2591 Nballs 7 center 49.9626, 50.9686, 31.8958
protocols.packstat: Cavity: 62 volume 3.97268 surf 11.7565 Nballs 2 center 50.5257, 52.9259, 33.5365
protocols.packstat: Cavity: 63 volume 5.65308 surf 17.8225 Nballs 5 center 52.9242, 61.9786, 17.2208
protocols.packstat: Cavity: 64 volume 2.55097 surf 8.04248 Nballs 1 center 54.7897, 47.4505, 33.8582
