core.init: command: /vol/ek/share/rosetta/mini/build/src/release/linux/2.6/32/x86/gcc/holes.linuxgccrelease -database /vol/ek/share/rosetta/minirosetta_database/ -holes:dalphaball /vol/ek/share/bin/DAlphaBall -holes:make_pdb -holes:make_voids -s 1JWG.mainChain.pdb
core.init: 'RNG device' seed mode, using '/dev/urandom', seed=831508698 seed_offset=0 real_seed=831508698
core.init.random: RandomGenerator:init: Normal mode, seed=831508698 RG_type=mt19937
core.scoring.ScoreFunctionFactory: SCOREFUNCTION: standard
core.scoring.ScoreFunctionFactory: SCOREFUNCTION PATCH: score12
core.scoring.etable: Starting energy table calculation
core.scoring.etable: smooth_etable: changing atr/rep split to bottom of energy well
core.scoring.etable: smooth_etable: spline smoothing lj etables (maxdis = 6)
core.scoring.etable: smooth_etable: spline smoothing solvation etables (max_dis = 6)
core.scoring.etable: Finished calculating energy tables.
core.io.database: Database file opened: /vol/ek/share/rosetta/minirosetta_database/pdb_pair_stats_fine
core.io.database: Database file opened: /vol/ek/share/rosetta/minirosetta_database/P_AA
core.io.database: Database file opened: /vol/ek/share/rosetta/minirosetta_database/P_AA_n
core.io.database: Database file opened: /vol/ek/share/rosetta/minirosetta_database/P_AA_pp
core.io.database: Database file opened: /vol/ek/share/rosetta/minirosetta_database/Rama_smooth_dyn.dat_ss_6.4
core.scoring.ScoreFunctionFactory: SCOREFUNCTION: standard
core.scoring.ScoreFunctionFactory: SCOREFUNCTION PATCH: score12
core.conformation.Conformation: [ WARNING ] missing heavyatom:  OXT on residue LEU_p:CtermProteinFull 143
core.conformation.Conformation: Found disulfide between residues 26 65
core.pack.task: Packer task: initialize from command line() 
core.conformation.Conformation: Found disulfide between residues 26 65
core.scoring.packing.compute_holes_score: compute_holes_surfs try: 1
core.scoring.packing.compute_holes_score: compute_holes_surfs completed successfully
core.scoring.packing.compute_holes_score: compute_rosettaholes_score done: 2.14512
RosettaHoles: 1JWG.mainChain.pdb 2.14512 2.11788 -1.09004core.io.database: Database file opened: /vol/ek/share/rosetta/minirosetta_database/scoring/score_functions/disulfides/fa_SS_distance_score
core.io.database: Database file opened: /vol/ek/share/rosetta/minirosetta_database/scoring/score_functions/disulfides/fa_CaCbS_angle_score
core.io.database: Database file opened: /vol/ek/share/rosetta/minirosetta_database/scoring/score_functions/disulfides/fa_CbSSCb_dihedral_score
core.scoring.dunbrack: Dunbrack library took 0.06 seconds to load from binary
 81.7737
dumping pdb to 1JWG.mainChain.pdb_cavs.pdb
dumping cavities 
protocols.packstat: prune raduis 1.4 8959 5322 3674 2874 2381 2098 1942 1825 1761 1713 1687 1672 1667 1660 1653 1649 1646 1641 1638 1636 1634 1634 
core.conformation.util: Non-ideal residue detected:  Residue #1 atom #1:  Ideal D=1.458, Inspected D=1.49535
core.io.silent: ERROR: trying to use a 'protein' type silent file for a non-ideal pose
core.io.silent: consider using the '-out:file:silent_struct_type binary' flag
