core.init: command: /vol/ek/share/rosetta/mini/build/src/release/linux/2.6/32/x86/gcc/holes.linuxgccrelease -database /vol/ek/share/rosetta/minirosetta_database/ -holes:dalphaball /vol/ek/share/bin/DAlphaBall -holes:make_pdb -holes:make_voids -s 1OU8.mainChain.pdb
core.init: 'RNG device' seed mode, using '/dev/urandom', seed=311145892 seed_offset=0 real_seed=311145892
core.init.random: RandomGenerator:init: Normal mode, seed=311145892 RG_type=mt19937
core.scoring.ScoreFunctionFactory: SCOREFUNCTION: standard
core.scoring.ScoreFunctionFactory: SCOREFUNCTION PATCH: score12
core.scoring.etable: Starting energy table calculation
core.scoring.etable: smooth_etable: changing atr/rep split to bottom of energy well
core.scoring.etable: smooth_etable: spline smoothing lj etables (maxdis = 6)
core.scoring.etable: smooth_etable: spline smoothing solvation etables (max_dis = 6)
core.scoring.etable: Finished calculating energy tables.
core.io.database: Database file opened: /vol/ek/share/rosetta/minirosetta_database/pdb_pair_stats_fine
core.io.database: Database file opened: /vol/ek/share/rosetta/minirosetta_database/P_AA
core.io.database: Database file opened: /vol/ek/share/rosetta/minirosetta_database/P_AA_n
core.io.database: Database file opened: /vol/ek/share/rosetta/minirosetta_database/P_AA_pp
core.io.database: Database file opened: /vol/ek/share/rosetta/minirosetta_database/Rama_smooth_dyn.dat_ss_6.4
core.scoring.ScoreFunctionFactory: SCOREFUNCTION: standard
core.scoring.ScoreFunctionFactory: SCOREFUNCTION PATCH: score12
core.conformation.Conformation: [ WARNING ] missing heavyatom:  OXT on residue PRO_p:CtermProteinFull 121
core.pack.task: Packer task: initialize from command line() 
RosettaHoles: 1OU8.mainChain.pdb 1.95817 1.95394 -1.5858core.scoring.dunbrack: Dunbrack library took 0.06 seconds to load from binary
 -91.4968
dumping pdb to 1OU8.mainChain.pdb_cavs.pdb
dumping cavities 
protocols.packstat: prune raduis 1.4 6787 3462 2109 1434 1087 882 763 696 667 653 648 645 644 642 640 640 
protocols.packstat: Cavity: 1 volume 5.12312 surf 15.7809 Nballs 6 center -14.0526, 20.5186, 44.6806
protocols.packstat: Cavity: 2 volume 2.55097 surf 8.04248 Nballs 1 center -10.9726, 17.4773, 49.3776
protocols.packstat: Cavity: 3 volume 2.55097 surf 8.04248 Nballs 1 center -10.7797, 24.2289, 43.0043
protocols.packstat: Cavity: 4 volume 2.86591 surf 9.03538 Nballs 2 center -10.6616, 11.9559, 37.3775
protocols.packstat: Cavity: 5 volume 5.48817 surf 16.8126 Nballs 4 center -9.6801, 18.9882, 42.3551
protocols.packstat: Cavity: 6 volume 2.55097 surf 8.04248 Nballs 1 center -9.93463, 14.305, 42.1374
protocols.packstat: Cavity: 7 volume 17.6369 surf 52.4181 Nballs 17 center -8.70773, 14.8161, 53.3576
protocols.packstat: Cavity: 8 volume 2.55097 surf 8.04248 Nballs 1 center -9.19708, 10.8679, 38.2163
protocols.packstat: Cavity: 9 volume 56.4377 surf 166.966 Nballs 74 center -4.00196, 19.3285, 36.2268
protocols.packstat: Cavity: 10 volume 5.62159 surf 17.7232 Nballs 4 center -7.46255, 20.7742, 39.5967
protocols.packstat: Cavity: 11 volume 4.03117 surf 12.7091 Nballs 3 center -7.91631, 12.4449, 44.0061
protocols.packstat: Cavity: 12 volume 5.11094 surf 14.577 Nballs 2 center -7.16732, 10.4924, 37.6527
protocols.packstat: Cavity: 13 volume 4.88149 surf 15.3899 Nballs 2 center -6.47517, 14.6059, 47.9719
protocols.packstat: Cavity: 14 volume 3.56885 surf 10.1788 Nballs 1 center -6.64055, 17.0232, 30.2196
protocols.packstat: Cavity: 15 volume 5.5586 surf 17.5247 Nballs 5 center -5.01647, 3.64199, 46.6453
protocols.packstat: Cavity: 16 volume 5.22885 surf 15.5381 Nballs 2 center -5.26049, 25.8808, 35.6116
protocols.packstat: Cavity: 17 volume 8.03883 surf 24.7216 Nballs 5 center -4.50912, 10.8022, 34.5916
protocols.packstat: Cavity: 18 volume 5.85314 surf 17.8109 Nballs 4 center -4.55092, 19.3045, 29.5014
protocols.packstat: Cavity: 19 volume 40.4443 surf 117.798 Nballs 62 center -3.16154, 16.736, 43.3029
protocols.packstat: Cavity: 20 volume 2.55097 surf 8.04248 Nballs 1 center -4.70156, 22.9632, 33.8366
protocols.packstat: Cavity: 21 volume 2.55097 surf 8.04248 Nballs 1 center -3.96508, 17.8449, 51.0113
protocols.packstat: Cavity: 22 volume 11.3416 surf 32.9821 Nballs 12 center -2.05347, 13.7233, 46.3282
protocols.packstat: Cavity: 23 volume 3.33831 surf 10.5247 Nballs 2 center -3.20292, 24.4935, 42.4275
protocols.packstat: Cavity: 24 volume 7.30649 surf 23.0352 Nballs 4 center -2.0289, 24.1793, 26.5471
protocols.packstat: Cavity: 25 volume 2.55097 surf 8.04248 Nballs 1 center -3.01949, 27.0816, 38.5789
protocols.packstat: Cavity: 26 volume 4.2818 surf 12.9364 Nballs 3 center -2.71017, 26.9342, 42.9106
protocols.packstat: Cavity: 27 volume 2.55097 surf 8.04248 Nballs 1 center -2.50949, 24.0272, 30.1721
protocols.packstat: Cavity: 28 volume 123.861 surf 359.279 Nballs 262 center 2.3273, 17.101, 42.6745
protocols.packstat: Cavity: 29 volume 6.80259 surf 21.4466 Nballs 5 center -2.07744, 17.9904, 55.1406
protocols.packstat: Cavity: 30 volume 4.50357 surf 14.1984 Nballs 2 center -1.05837, 8.07815, 44.8038
protocols.packstat: Cavity: 31 volume 3.96818 surf 12.5105 Nballs 2 center -1.03077, 11.0019, 49.9137
protocols.packstat: Cavity: 32 volume 5.46412 surf 17.2268 Nballs 3 center -0.501835, 24.2894, 32.1879
protocols.packstat: Cavity: 33 volume 2.55097 surf 8.04248 Nballs 1 center -0.268008, 24.557, 28.3206
protocols.packstat: Cavity: 34 volume 4.14139 surf 13.0566 Nballs 4 center 0.0740853, 20.7631, 32.9619
protocols.packstat: Cavity: 35 volume 13.6421 surf 41.2945 Nballs 12 center 0.507927, 8.63278, 38.314
protocols.packstat: Cavity: 36 volume 6.44585 surf 18.2631 Nballs 3 center 0.463159, 24.0871, 44.4845
protocols.packstat: Cavity: 37 volume 3.52727 surf 11.1205 Nballs 2 center 0.346508, 12.3407, 42.9036
protocols.packstat: Cavity: 38 volume 14.3223 surf 42.0748 Nballs 12 center 2.30566, 9.1166, 47.7439
protocols.packstat: Cavity: 39 volume 4.86055 surf 14.4498 Nballs 2 center 2.61109, 18.166, 35.296
protocols.packstat: Cavity: 40 volume 5.79891 surf 16.0601 Nballs 2 center 2.82261, 21.6866, 41.6779
protocols.packstat: Cavity: 41 volume 30.2715 surf 81.8777 Nballs 52 center 5.84838, 6.61909, 43.081
protocols.packstat: Cavity: 42 volume 5.51586 surf 16.6217 Nballs 5 center 5.20953, 16.0936, 46.2611
protocols.packstat: Cavity: 43 volume 2.55097 surf 8.04248 Nballs 1 center 5.16396, 10.9752, 43.9282
protocols.packstat: Cavity: 44 volume 3.56885 surf 10.1788 Nballs 1 center 5.98191, 10.4962, 39.3765
protocols.packstat: Cavity: 45 volume 15.823 surf 41.4364 Nballs 11 center 7.34039, 12.206, 42.0747
protocols.packstat: Cavity: 46 volume 2.55097 surf 8.04248 Nballs 1 center 6.50168, 23.581, 37.6876
protocols.packstat: Cavity: 47 volume 2.55097 surf 8.04248 Nballs 1 center 6.78745, 19.7899, 38.3157
protocols.packstat: Cavity: 48 volume 3.81513 surf 11.2267 Nballs 2 center 7.58983, 14.0139, 35.7664
protocols.packstat: Cavity: 49 volume 6.3658 surf 19.1358 Nballs 3 center 8.12009, 9.64744, 38.6912
protocols.packstat: Cavity: 50 volume 12.3012 surf 37.3516 Nballs 14 center 9.8095, 4.37617, 40.1164
protocols.packstat: Cavity: 51 volume 5.11094 surf 14.577 Nballs 2 center 9.61982, 9.1539, 32.0877
protocols.packstat: Cavity: 52 volume 4.88258 surf 14.5126 Nballs 5 center 9.73025, 16.1906, 38.4168
protocols.packstat: Cavity: 53 volume 6.28955 surf 18.6106 Nballs 5 center 10.4832, 12.1785, 39.4678
protocols.packstat: Cavity: 54 volume 2.55097 surf 8.04248 Nballs 1 center 10.5711, 7.29122, 40.6605
protocols.packstat: Cavity: 55 volume 3.97268 surf 11.7565 Nballs 2 center 12.3003, 7.2628, 41.8807
