core.init: command: /vol/ek/share/rosetta/mini/build/src/release/linux/2.6/32/x86/gcc/holes.linuxgccrelease -database /vol/ek/share/rosetta/minirosetta_database/ -holes:dalphaball /vol/ek/share/bin/DAlphaBall -holes:make_pdb -holes:make_voids -s 1SFI.mainChain.pdb
core.init: 'RNG device' seed mode, using '/dev/urandom', seed=-1582218333 seed_offset=0 real_seed=-1582218333
core.init.random: RandomGenerator:init: Normal mode, seed=-1582218333 RG_type=mt19937
core.scoring.ScoreFunctionFactory: SCOREFUNCTION: standard
core.scoring.ScoreFunctionFactory: SCOREFUNCTION PATCH: score12
core.scoring.etable: Starting energy table calculation
core.scoring.etable: smooth_etable: changing atr/rep split to bottom of energy well
core.scoring.etable: smooth_etable: spline smoothing lj etables (maxdis = 6)
core.scoring.etable: smooth_etable: spline smoothing solvation etables (max_dis = 6)
core.scoring.etable: Finished calculating energy tables.
core.io.database: Database file opened: /vol/ek/share/rosetta/minirosetta_database/pdb_pair_stats_fine
core.io.database: Database file opened: /vol/ek/share/rosetta/minirosetta_database/P_AA
core.io.database: Database file opened: /vol/ek/share/rosetta/minirosetta_database/P_AA_n
core.io.database: Database file opened: /vol/ek/share/rosetta/minirosetta_database/P_AA_pp
core.io.database: Database file opened: /vol/ek/share/rosetta/minirosetta_database/Rama_smooth_dyn.dat_ss_6.4
core.scoring.ScoreFunctionFactory: SCOREFUNCTION: standard
core.scoring.ScoreFunctionFactory: SCOREFUNCTION PATCH: score12
core.io.pdb.file_data: [ WARNING ] discarding 11 atoms at position 1 in file 1SFI.mainChain.pdb. Best match rsd_type:  ILE_p:NtermProteinFull
core.io.pdb.file_data: [ WARNING ] discarding 6 atoms at position 2 in file 1SFI.mainChain.pdb. Best match rsd_type:  VAL
core.io.pdb.file_data: [ WARNING ] discarding 2 atoms at position 3 in file 1SFI.mainChain.pdb. Best match rsd_type:  GLY
core.io.pdb.file_data: [ WARNING ] discarding 2 atoms at position 4 in file 1SFI.mainChain.pdb. Best match rsd_type:  GLY
core.io.pdb.file_data: [ WARNING ] discarding 2 atoms at position 5 in file 1SFI.mainChain.pdb. Best match rsd_type:  TYR
core.io.pdb.file_data: [ WARNING ] discarding 3 atoms at position 6 in file 1SFI.mainChain.pdb. Best match rsd_type:  THR
core.io.pdb.file_data: [ WARNING ] discarding 2 atoms at position 7 in file 1SFI.mainChain.pdb. Best match rsd_type:  CYS
core.io.pdb.file_data: [ WARNING ] discarding 2 atoms at position 8 in file 1SFI.mainChain.pdb. Best match rsd_type:  GLY
core.io.pdb.file_data: [ WARNING ] discarding 3 atoms at position 9 in file 1SFI.mainChain.pdb. Best match rsd_type:  ALA
core.io.pdb.file_data: [ WARNING ] discarding 4 atoms at position 10 in file 1SFI.mainChain.pdb. Best match rsd_type:  ASN
core.io.pdb.file_data: [ WARNING ] discarding 3 atoms at position 11 in file 1SFI.mainChain.pdb. Best match rsd_type:  THR
core.io.pdb.file_data: [ WARNING ] discarding 6 atoms at position 12 in file 1SFI.mainChain.pdb. Best match rsd_type:  VAL
core.io.pdb.file_data: [ WARNING ] discarding 6 atoms at position 13 in file 1SFI.mainChain.pdb. Best match rsd_type:  PRO
core.io.pdb.file_data: [ WARNING ] discarding 2 atoms at position 14 in file 1SFI.mainChain.pdb. Best match rsd_type:  TYR
core.io.pdb.file_data: [ WARNING ] discarding 6 atoms at position 15 in file 1SFI.mainChain.pdb. Best match rsd_type:  GLN
core.io.pdb.file_data: [ WARNING ] discarding 6 atoms at position 16 in file 1SFI.mainChain.pdb. Best match rsd_type:  VAL
core.io.pdb.file_data: [ WARNING ] discarding 2 atoms at position 17 in file 1SFI.mainChain.pdb. Best match rsd_type:  SER
core.io.pdb.file_data: [ WARNING ] discarding 8 atoms at position 18 in file 1SFI.mainChain.pdb. Best match rsd_type:  LEU
core.io.pdb.file_data: [ WARNING ] discarding 4 atoms at position 19 in file 1SFI.mainChain.pdb. Best match rsd_type:  ASN
core.io.pdb.file_data: [ WARNING ] discarding 2 atoms at position 20 in file 1SFI.mainChain.pdb. Best match rsd_type:  SER
core.io.pdb.file_data: [ WARNING ] discarding 2 atoms at position 21 in file 1SFI.mainChain.pdb. Best match rsd_type:  GLY
core.io.pdb.file_data: [ WARNING ] discarding 2 atoms at position 22 in file 1SFI.mainChain.pdb. Best match rsd_type:  TYR
core.io.pdb.file_data: [ WARNING ] discarding 2 atoms at position 23 in file 1SFI.mainChain.pdb. Best match rsd_type:  HIS
core.io.pdb.file_data: [ WARNING ] discarding 2 atoms at position 24 in file 1SFI.mainChain.pdb. Best match rsd_type:  PHE
core.io.pdb.file_data: [ WARNING ] discarding 2 atoms at position 25 in file 1SFI.mainChain.pdb. Best match rsd_type:  CYS
core.io.pdb.file_data: [ WARNING ] discarding 2 atoms at position 26 in file 1SFI.mainChain.pdb. Best match rsd_type:  GLY
core.io.pdb.file_data: [ WARNING ] discarding 2 atoms at position 27 in file 1SFI.mainChain.pdb. Best match rsd_type:  GLY
core.io.pdb.file_data: [ WARNING ] discarding 2 atoms at position 28 in file 1SFI.mainChain.pdb. Best match rsd_type:  SER
core.io.pdb.file_data: [ WARNING ] discarding 8 atoms at position 29 in file 1SFI.mainChain.pdb. Best match rsd_type:  LEU
core.io.pdb.file_data: [ WARNING ] discarding 8 atoms at position 30 in file 1SFI.mainChain.pdb. Best match rsd_type:  ILE
core.io.pdb.file_data: [ WARNING ] discarding 4 atoms at position 31 in file 1SFI.mainChain.pdb. Best match rsd_type:  ASN
core.io.pdb.file_data: [ WARNING ] discarding 2 atoms at position 32 in file 1SFI.mainChain.pdb. Best match rsd_type:  SER
core.io.pdb.file_data: [ WARNING ] discarding 6 atoms at position 33 in file 1SFI.mainChain.pdb. Best match rsd_type:  GLN
core.io.pdb.file_data: [ WARNING ] discarding 2 atoms at position 34 in file 1SFI.mainChain.pdb. Best match rsd_type:  TRP
core.io.pdb.file_data: [ WARNING ] discarding 6 atoms at position 35 in file 1SFI.mainChain.pdb. Best match rsd_type:  VAL
core.io.pdb.file_data: [ WARNING ] discarding 6 atoms at position 36 in file 1SFI.mainChain.pdb. Best match rsd_type:  VAL
core.io.pdb.file_data: [ WARNING ] discarding 2 atoms at position 37 in file 1SFI.mainChain.pdb. Best match rsd_type:  SER
core.io.pdb.file_data: [ WARNING ] discarding 3 atoms at position 38 in file 1SFI.mainChain.pdb. Best match rsd_type:  ALA
core.io.pdb.file_data: [ WARNING ] discarding 3 atoms at position 39 in file 1SFI.mainChain.pdb. Best match rsd_type:  ALA
core.io.pdb.file_data: [ WARNING ] discarding 2 atoms at position 40 in file 1SFI.mainChain.pdb. Best match rsd_type:  HIS
core.io.pdb.file_data: [ WARNING ] discarding 2 atoms at position 41 in file 1SFI.mainChain.pdb. Best match rsd_type:  CYS
core.io.pdb.file_data: [ WARNING ] discarding 2 atoms at position 42 in file 1SFI.mainChain.pdb. Best match rsd_type:  TYR
core.io.pdb.file_data: [ WARNING ] discarding 11 atoms at position 43 in file 1SFI.mainChain.pdb. Best match rsd_type:  LYS
core.io.pdb.file_data: [ WARNING ] discarding 2 atoms at position 44 in file 1SFI.mainChain.pdb. Best match rsd_type:  SER
core.io.pdb.file_data: [ WARNING ] discarding 2 atoms at position 45 in file 1SFI.mainChain.pdb. Best match rsd_type:  GLY
core.io.pdb.file_data: [ WARNING ] discarding 8 atoms at position 46 in file 1SFI.mainChain.pdb. Best match rsd_type:  ILE
core.io.pdb.file_data: [ WARNING ] discarding 6 atoms at position 47 in file 1SFI.mainChain.pdb. Best match rsd_type:  GLN
core.io.pdb.file_data: [ WARNING ] discarding 6 atoms at position 48 in file 1SFI.mainChain.pdb. Best match rsd_type:  VAL
core.io.pdb.file_data: [ WARNING ] discarding 10 atoms at position 49 in file 1SFI.mainChain.pdb. Best match rsd_type:  ARG
core.io.pdb.file_data: [ WARNING ] discarding 8 atoms at position 50 in file 1SFI.mainChain.pdb. Best match rsd_type:  LEU
core.io.pdb.file_data: [ WARNING ] discarding 2 atoms at position 51 in file 1SFI.mainChain.pdb. Best match rsd_type:  GLY
core.io.pdb.file_data: [ WARNING ] discarding 4 atoms at position 52 in file 1SFI.mainChain.pdb. Best match rsd_type:  GLU
core.io.pdb.file_data: [ WARNING ] discarding 2 atoms at position 53 in file 1SFI.mainChain.pdb. Best match rsd_type:  ASP
core.io.pdb.file_data: [ WARNING ] discarding 4 atoms at position 54 in file 1SFI.mainChain.pdb. Best match rsd_type:  ASN
core.io.pdb.file_data: [ WARNING ] discarding 8 atoms at position 55 in file 1SFI.mainChain.pdb. Best match rsd_type:  ILE
core.io.pdb.file_data: [ WARNING ] discarding 4 atoms at position 56 in file 1SFI.mainChain.pdb. Best match rsd_type:  ASN
core.io.pdb.file_data: [ WARNING ] discarding 6 atoms at position 57 in file 1SFI.mainChain.pdb. Best match rsd_type:  VAL
core.io.pdb.file_data: [ WARNING ] discarding 6 atoms at position 58 in file 1SFI.mainChain.pdb. Best match rsd_type:  VAL
core.io.pdb.file_data: [ WARNING ] discarding 4 atoms at position 59 in file 1SFI.mainChain.pdb. Best match rsd_type:  GLU
core.io.pdb.file_data: [ WARNING ] discarding 2 atoms at position 60 in file 1SFI.mainChain.pdb. Best match rsd_type:  GLY
core.io.pdb.file_data: [ WARNING ] discarding 4 atoms at position 61 in file 1SFI.mainChain.pdb. Best match rsd_type:  ASN
core.io.pdb.file_data: [ WARNING ] discarding 4 atoms at position 62 in file 1SFI.mainChain.pdb. Best match rsd_type:  GLU
core.io.pdb.file_data: [ WARNING ] discarding 6 atoms at position 63 in file 1SFI.mainChain.pdb. Best match rsd_type:  GLN
core.io.pdb.file_data: [ WARNING ] discarding 2 atoms at position 64 in file 1SFI.mainChain.pdb. Best match rsd_type:  PHE
core.io.pdb.file_data: [ WARNING ] discarding 8 atoms at position 65 in file 1SFI.mainChain.pdb. Best match rsd_type:  ILE
core.io.pdb.file_data: [ WARNING ] discarding 2 atoms at position 66 in file 1SFI.mainChain.pdb. Best match rsd_type:  SER
core.io.pdb.file_data: [ WARNING ] discarding 3 atoms at position 67 in file 1SFI.mainChain.pdb. Best match rsd_type:  ALA
core.io.pdb.file_data: [ WARNING ] discarding 2 atoms at position 68 in file 1SFI.mainChain.pdb. Best match rsd_type:  SER
core.io.pdb.file_data: [ WARNING ] discarding 11 atoms at position 69 in file 1SFI.mainChain.pdb. Best match rsd_type:  LYS
core.io.pdb.file_data: [ WARNING ] discarding 2 atoms at position 70 in file 1SFI.mainChain.pdb. Best match rsd_type:  SER
core.io.pdb.file_data: [ WARNING ] discarding 8 atoms at position 71 in file 1SFI.mainChain.pdb. Best match rsd_type:  ILE
core.io.pdb.file_data: [ WARNING ] discarding 6 atoms at position 72 in file 1SFI.mainChain.pdb. Best match rsd_type:  VAL
core.io.pdb.file_data: [ WARNING ] discarding 2 atoms at position 73 in file 1SFI.mainChain.pdb. Best match rsd_type:  HIS
core.io.pdb.file_data: [ WARNING ] discarding 6 atoms at position 74 in file 1SFI.mainChain.pdb. Best match rsd_type:  PRO
core.io.pdb.file_data: [ WARNING ] discarding 2 atoms at position 75 in file 1SFI.mainChain.pdb. Best match rsd_type:  SER
core.io.pdb.file_data: [ WARNING ] discarding 2 atoms at position 76 in file 1SFI.mainChain.pdb. Best match rsd_type:  TYR
core.io.pdb.file_data: [ WARNING ] discarding 4 atoms at position 77 in file 1SFI.mainChain.pdb. Best match rsd_type:  ASN
core.io.pdb.file_data: [ WARNING ] discarding 2 atoms at position 78 in file 1SFI.mainChain.pdb. Best match rsd_type:  SER
core.io.pdb.file_data: [ WARNING ] discarding 4 atoms at position 79 in file 1SFI.mainChain.pdb. Best match rsd_type:  ASN
core.io.pdb.file_data: [ WARNING ] discarding 3 atoms at position 80 in file 1SFI.mainChain.pdb. Best match rsd_type:  THR
core.io.pdb.file_data: [ WARNING ] discarding 8 atoms at position 81 in file 1SFI.mainChain.pdb. Best match rsd_type:  LEU
core.io.pdb.file_data: [ WARNING ] discarding 4 atoms at position 82 in file 1SFI.mainChain.pdb. Best match rsd_type:  ASN
core.io.pdb.file_data: [ WARNING ] discarding 4 atoms at position 83 in file 1SFI.mainChain.pdb. Best match rsd_type:  ASN
core.io.pdb.file_data: [ WARNING ] discarding 2 atoms at position 84 in file 1SFI.mainChain.pdb. Best match rsd_type:  ASP
core.io.pdb.file_data: [ WARNING ] discarding 8 atoms at position 85 in file 1SFI.mainChain.pdb. Best match rsd_type:  ILE
core.io.pdb.file_data: [ WARNING ] discarding 7 atoms at position 86 in file 1SFI.mainChain.pdb. Best match rsd_type:  MET
core.io.pdb.file_data: [ WARNING ] discarding 8 atoms at position 87 in file 1SFI.mainChain.pdb. Best match rsd_type:  LEU
core.io.pdb.file_data: [ WARNING ] discarding 8 atoms at position 88 in file 1SFI.mainChain.pdb. Best match rsd_type:  ILE
core.io.pdb.file_data: [ WARNING ] discarding 11 atoms at position 89 in file 1SFI.mainChain.pdb. Best match rsd_type:  LYS
core.io.pdb.file_data: [ WARNING ] discarding 8 atoms at position 90 in file 1SFI.mainChain.pdb. Best match rsd_type:  LEU
core.io.pdb.file_data: [ WARNING ] discarding 11 atoms at position 91 in file 1SFI.mainChain.pdb. Best match rsd_type:  LYS
core.io.pdb.file_data: [ WARNING ] discarding 2 atoms at position 92 in file 1SFI.mainChain.pdb. Best match rsd_type:  SER
core.io.pdb.file_data: [ WARNING ] discarding 3 atoms at position 93 in file 1SFI.mainChain.pdb. Best match rsd_type:  ALA
core.io.pdb.file_data: [ WARNING ] discarding 3 atoms at position 94 in file 1SFI.mainChain.pdb. Best match rsd_type:  ALA
core.io.pdb.file_data: [ WARNING ] discarding 2 atoms at position 95 in file 1SFI.mainChain.pdb. Best match rsd_type:  SER
core.io.pdb.file_data: [ WARNING ] discarding 8 atoms at position 96 in file 1SFI.mainChain.pdb. Best match rsd_type:  LEU
core.io.pdb.file_data: [ WARNING ] discarding 2 atoms at position 97 in file 1SFI.mainChain.pdb. Best match rsd_type:  ASN
core.io.pdb.file_data: [ WARNING ] discarding 2 atoms at position 98 in file 1SFI.mainChain.pdb. Best match rsd_type:  SER
core.io.pdb.file_data: [ WARNING ] discarding 10 atoms at position 99 in file 1SFI.mainChain.pdb. Best match rsd_type:  ARG
core.io.pdb.file_data: [ WARNING ] discarding 6 atoms at position 100 in file 1SFI.mainChain.pdb. Best match rsd_type:  VAL
core.io.pdb.file_data: [ WARNING ] discarding 3 atoms at position 101 in file 1SFI.mainChain.pdb. Best match rsd_type:  ALA
core.io.pdb.file_data: [ WARNING ] discarding 2 atoms at position 102 in file 1SFI.mainChain.pdb. Best match rsd_type:  SER
core.io.pdb.file_data: [ WARNING ] discarding 8 atoms at position 103 in file 1SFI.mainChain.pdb. Best match rsd_type:  ILE
core.io.pdb.file_data: [ WARNING ] discarding 2 atoms at position 104 in file 1SFI.mainChain.pdb. Best match rsd_type:  SER
core.io.pdb.file_data: [ WARNING ] discarding 8 atoms at position 105 in file 1SFI.mainChain.pdb. Best match rsd_type:  LEU
core.io.pdb.file_data: [ WARNING ] discarding 6 atoms at position 106 in file 1SFI.mainChain.pdb. Best match rsd_type:  PRO
core.io.pdb.file_data: [ WARNING ] discarding 3 atoms at position 107 in file 1SFI.mainChain.pdb. Best match rsd_type:  THR
core.io.pdb.file_data: [ WARNING ] discarding 2 atoms at position 108 in file 1SFI.mainChain.pdb. Best match rsd_type:  SER
core.io.pdb.file_data: [ WARNING ] discarding 2 atoms at position 109 in file 1SFI.mainChain.pdb. Best match rsd_type:  CYS
core.io.pdb.file_data: [ WARNING ] discarding 3 atoms at position 110 in file 1SFI.mainChain.pdb. Best match rsd_type:  ALA
core.io.pdb.file_data: [ WARNING ] discarding 2 atoms at position 111 in file 1SFI.mainChain.pdb. Best match rsd_type:  SER
core.io.pdb.file_data: [ WARNING ] discarding 3 atoms at position 112 in file 1SFI.mainChain.pdb. Best match rsd_type:  ALA
core.io.pdb.file_data: [ WARNING ] discarding 2 atoms at position 113 in file 1SFI.mainChain.pdb. Best match rsd_type:  GLY
core.io.pdb.file_data: [ WARNING ] discarding 3 atoms at position 114 in file 1SFI.mainChain.pdb. Best match rsd_type:  THR
core.io.pdb.file_data: [ WARNING ] discarding 6 atoms at position 115 in file 1SFI.mainChain.pdb. Best match rsd_type:  GLN
core.io.pdb.file_data: [ WARNING ] discarding 2 atoms at position 116 in file 1SFI.mainChain.pdb. Best match rsd_type:  CYS
core.io.pdb.file_data: [ WARNING ] discarding 8 atoms at position 117 in file 1SFI.mainChain.pdb. Best match rsd_type:  LEU
core.io.pdb.file_data: [ WARNING ] discarding 8 atoms at position 118 in file 1SFI.mainChain.pdb. Best match rsd_type:  ILE
core.io.pdb.file_data: [ WARNING ] discarding 2 atoms at position 119 in file 1SFI.mainChain.pdb. Best match rsd_type:  SER
core.io.pdb.file_data: [ WARNING ] discarding 2 atoms at position 120 in file 1SFI.mainChain.pdb. Best match rsd_type:  GLY
core.io.pdb.file_data: [ WARNING ] discarding 2 atoms at position 121 in file 1SFI.mainChain.pdb. Best match rsd_type:  TRP
core.io.pdb.file_data: [ WARNING ] discarding 2 atoms at position 122 in file 1SFI.mainChain.pdb. Best match rsd_type:  GLY
core.io.pdb.file_data: [ WARNING ] discarding 4 atoms at position 123 in file 1SFI.mainChain.pdb. Best match rsd_type:  ASN
core.io.pdb.file_data: [ WARNING ] discarding 3 atoms at position 124 in file 1SFI.mainChain.pdb. Best match rsd_type:  THR
core.io.pdb.file_data: [ WARNING ] discarding 4 atoms at position 125 in file 1SFI.mainChain.pdb. Best match rsd_type:  LYS
core.io.pdb.file_data: [ WARNING ] discarding 2 atoms at position 126 in file 1SFI.mainChain.pdb. Best match rsd_type:  SER
core.io.pdb.file_data: [ WARNING ] discarding 2 atoms at position 127 in file 1SFI.mainChain.pdb. Best match rsd_type:  SER
core.io.pdb.file_data: [ WARNING ] discarding 2 atoms at position 128 in file 1SFI.mainChain.pdb. Best match rsd_type:  GLY
core.io.pdb.file_data: [ WARNING ] discarding 3 atoms at position 129 in file 1SFI.mainChain.pdb. Best match rsd_type:  THR
core.io.pdb.file_data: [ WARNING ] discarding 2 atoms at position 130 in file 1SFI.mainChain.pdb. Best match rsd_type:  SER
core.io.pdb.file_data: [ WARNING ] discarding 2 atoms at position 131 in file 1SFI.mainChain.pdb. Best match rsd_type:  TYR
core.io.pdb.file_data: [ WARNING ] discarding 6 atoms at position 132 in file 1SFI.mainChain.pdb. Best match rsd_type:  PRO
core.io.pdb.file_data: [ WARNING ] discarding 2 atoms at position 133 in file 1SFI.mainChain.pdb. Best match rsd_type:  ASP
core.io.pdb.file_data: [ WARNING ] discarding 6 atoms at position 134 in file 1SFI.mainChain.pdb. Best match rsd_type:  VAL
core.io.pdb.file_data: [ WARNING ] discarding 8 atoms at position 135 in file 1SFI.mainChain.pdb. Best match rsd_type:  LEU
core.io.pdb.file_data: [ WARNING ] discarding 11 atoms at position 136 in file 1SFI.mainChain.pdb. Best match rsd_type:  LYS
core.io.pdb.file_data: [ WARNING ] discarding 2 atoms at position 137 in file 1SFI.mainChain.pdb. Best match rsd_type:  CYS
core.io.pdb.file_data: [ WARNING ] discarding 8 atoms at position 138 in file 1SFI.mainChain.pdb. Best match rsd_type:  LEU
core.io.pdb.file_data: [ WARNING ] discarding 11 atoms at position 139 in file 1SFI.mainChain.pdb. Best match rsd_type:  LYS
core.io.pdb.file_data: [ WARNING ] discarding 3 atoms at position 140 in file 1SFI.mainChain.pdb. Best match rsd_type:  ALA
core.io.pdb.file_data: [ WARNING ] discarding 6 atoms at position 141 in file 1SFI.mainChain.pdb. Best match rsd_type:  PRO
core.io.pdb.file_data: [ WARNING ] discarding 8 atoms at position 142 in file 1SFI.mainChain.pdb. Best match rsd_type:  ILE
core.io.pdb.file_data: [ WARNING ] discarding 8 atoms at position 143 in file 1SFI.mainChain.pdb. Best match rsd_type:  LEU
core.io.pdb.file_data: [ WARNING ] discarding 2 atoms at position 144 in file 1SFI.mainChain.pdb. Best match rsd_type:  SER
core.io.pdb.file_data: [ WARNING ] discarding 2 atoms at position 145 in file 1SFI.mainChain.pdb. Best match rsd_type:  ASP
core.io.pdb.file_data: [ WARNING ] discarding 2 atoms at position 146 in file 1SFI.mainChain.pdb. Best match rsd_type:  SER
core.io.pdb.file_data: [ WARNING ] discarding 2 atoms at position 147 in file 1SFI.mainChain.pdb. Best match rsd_type:  SER
core.io.pdb.file_data: [ WARNING ] discarding 2 atoms at position 148 in file 1SFI.mainChain.pdb. Best match rsd_type:  CYS
core.io.pdb.file_data: [ WARNING ] discarding 6 atoms at position 149 in file 1SFI.mainChain.pdb. Best match rsd_type:  LYS
core.io.pdb.file_data: [ WARNING ] discarding 2 atoms at position 150 in file 1SFI.mainChain.pdb. Best match rsd_type:  SER
core.io.pdb.file_data: [ WARNING ] discarding 3 atoms at position 151 in file 1SFI.mainChain.pdb. Best match rsd_type:  ALA
core.io.pdb.file_data: [ WARNING ] discarding 2 atoms at position 152 in file 1SFI.mainChain.pdb. Best match rsd_type:  TYR
core.io.pdb.file_data: [ WARNING ] discarding 6 atoms at position 153 in file 1SFI.mainChain.pdb. Best match rsd_type:  PRO
core.io.pdb.file_data: [ WARNING ] discarding 2 atoms at position 154 in file 1SFI.mainChain.pdb. Best match rsd_type:  GLY
core.io.pdb.file_data: [ WARNING ] discarding 6 atoms at position 155 in file 1SFI.mainChain.pdb. Best match rsd_type:  GLN
core.io.pdb.file_data: [ WARNING ] discarding 8 atoms at position 156 in file 1SFI.mainChain.pdb. Best match rsd_type:  ILE
core.io.pdb.file_data: [ WARNING ] discarding 3 atoms at position 157 in file 1SFI.mainChain.pdb. Best match rsd_type:  THR
core.io.pdb.file_data: [ WARNING ] discarding 2 atoms at position 158 in file 1SFI.mainChain.pdb. Best match rsd_type:  SER
core.io.pdb.file_data: [ WARNING ] discarding 4 atoms at position 159 in file 1SFI.mainChain.pdb. Best match rsd_type:  ASN
core.io.pdb.file_data: [ WARNING ] discarding 7 atoms at position 160 in file 1SFI.mainChain.pdb. Best match rsd_type:  MET
core.io.pdb.file_data: [ WARNING ] discarding 2 atoms at position 161 in file 1SFI.mainChain.pdb. Best match rsd_type:  PHE
core.io.pdb.file_data: [ WARNING ] discarding 2 atoms at position 162 in file 1SFI.mainChain.pdb. Best match rsd_type:  CYS
core.io.pdb.file_data: [ WARNING ] discarding 3 atoms at position 163 in file 1SFI.mainChain.pdb. Best match rsd_type:  ALA
core.io.pdb.file_data: [ WARNING ] discarding 2 atoms at position 164 in file 1SFI.mainChain.pdb. Best match rsd_type:  GLY
core.io.pdb.file_data: [ WARNING ] discarding 2 atoms at position 165 in file 1SFI.mainChain.pdb. Best match rsd_type:  TYR
core.io.pdb.file_data: [ WARNING ] discarding 8 atoms at position 166 in file 1SFI.mainChain.pdb. Best match rsd_type:  LEU
core.io.pdb.file_data: [ WARNING ] discarding 2 atoms at position 167 in file 1SFI.mainChain.pdb. Best match rsd_type:  GLU
core.io.pdb.file_data: [ WARNING ] discarding 2 atoms at position 168 in file 1SFI.mainChain.pdb. Best match rsd_type:  GLY
core.io.pdb.file_data: [ WARNING ] discarding 2 atoms at position 169 in file 1SFI.mainChain.pdb. Best match rsd_type:  GLY
core.io.pdb.file_data: [ WARNING ] discarding 11 atoms at position 170 in file 1SFI.mainChain.pdb. Best match rsd_type:  LYS
core.io.pdb.file_data: [ WARNING ] discarding 2 atoms at position 171 in file 1SFI.mainChain.pdb. Best match rsd_type:  ASP
core.io.pdb.file_data: [ WARNING ] discarding 2 atoms at position 172 in file 1SFI.mainChain.pdb. Best match rsd_type:  SER
core.io.pdb.file_data: [ WARNING ] discarding 2 atoms at position 173 in file 1SFI.mainChain.pdb. Best match rsd_type:  CYS
core.io.pdb.file_data: [ WARNING ] discarding 6 atoms at position 174 in file 1SFI.mainChain.pdb. Best match rsd_type:  GLN
core.io.pdb.file_data: [ WARNING ] discarding 2 atoms at position 175 in file 1SFI.mainChain.pdb. Best match rsd_type:  GLY
core.io.pdb.file_data: [ WARNING ] discarding 2 atoms at position 176 in file 1SFI.mainChain.pdb. Best match rsd_type:  ASP
core.io.pdb.file_data: [ WARNING ] discarding 2 atoms at position 177 in file 1SFI.mainChain.pdb. Best match rsd_type:  SER
core.io.pdb.file_data: [ WARNING ] discarding 2 atoms at position 178 in file 1SFI.mainChain.pdb. Best match rsd_type:  GLY
core.io.pdb.file_data: [ WARNING ] discarding 2 atoms at position 179 in file 1SFI.mainChain.pdb. Best match rsd_type:  GLY
core.io.pdb.file_data: [ WARNING ] discarding 6 atoms at position 180 in file 1SFI.mainChain.pdb. Best match rsd_type:  PRO
core.io.pdb.file_data: [ WARNING ] discarding 6 atoms at position 181 in file 1SFI.mainChain.pdb. Best match rsd_type:  VAL
core.io.pdb.file_data: [ WARNING ] discarding 6 atoms at position 182 in file 1SFI.mainChain.pdb. Best match rsd_type:  VAL
core.io.pdb.file_data: [ WARNING ] discarding 2 atoms at position 183 in file 1SFI.mainChain.pdb. Best match rsd_type:  CYS
core.io.pdb.file_data: [ WARNING ] discarding 2 atoms at position 184 in file 1SFI.mainChain.pdb. Best match rsd_type:  SER
core.io.pdb.file_data: [ WARNING ] discarding 2 atoms at position 185 in file 1SFI.mainChain.pdb. Best match rsd_type:  GLY
core.io.pdb.file_data: [ WARNING ] discarding 11 atoms at position 186 in file 1SFI.mainChain.pdb. Best match rsd_type:  LYS
core.io.pdb.file_data: [ WARNING ] discarding 8 atoms at position 187 in file 1SFI.mainChain.pdb. Best match rsd_type:  LEU
core.io.pdb.file_data: [ WARNING ] discarding 6 atoms at position 188 in file 1SFI.mainChain.pdb. Best match rsd_type:  GLN
core.io.pdb.file_data: [ WARNING ] discarding 2 atoms at position 189 in file 1SFI.mainChain.pdb. Best match rsd_type:  GLY
core.io.pdb.file_data: [ WARNING ] discarding 8 atoms at position 190 in file 1SFI.mainChain.pdb. Best match rsd_type:  ILE
core.io.pdb.file_data: [ WARNING ] discarding 6 atoms at position 191 in file 1SFI.mainChain.pdb. Best match rsd_type:  VAL
core.io.pdb.file_data: [ WARNING ] discarding 2 atoms at position 192 in file 1SFI.mainChain.pdb. Best match rsd_type:  SER
core.io.pdb.file_data: [ WARNING ] discarding 2 atoms at position 193 in file 1SFI.mainChain.pdb. Best match rsd_type:  TRP
core.io.pdb.file_data: [ WARNING ] discarding 2 atoms at position 194 in file 1SFI.mainChain.pdb. Best match rsd_type:  GLY
core.io.pdb.file_data: [ WARNING ] discarding 2 atoms at position 195 in file 1SFI.mainChain.pdb. Best match rsd_type:  SER
core.io.pdb.file_data: [ WARNING ] discarding 2 atoms at position 196 in file 1SFI.mainChain.pdb. Best match rsd_type:  GLY
core.io.pdb.file_data: [ WARNING ] discarding 2 atoms at position 197 in file 1SFI.mainChain.pdb. Best match rsd_type:  CYS
core.io.pdb.file_data: [ WARNING ] discarding 3 atoms at position 198 in file 1SFI.mainChain.pdb. Best match rsd_type:  ALA
core.io.pdb.file_data: [ WARNING ] discarding 6 atoms at position 199 in file 1SFI.mainChain.pdb. Best match rsd_type:  GLN
core.io.pdb.file_data: [ WARNING ] discarding 4 atoms at position 200 in file 1SFI.mainChain.pdb. Best match rsd_type:  LYS
core.io.pdb.file_data: [ WARNING ] discarding 4 atoms at position 201 in file 1SFI.mainChain.pdb. Best match rsd_type:  ASN
core.io.pdb.file_data: [ WARNING ] discarding 11 atoms at position 202 in file 1SFI.mainChain.pdb. Best match rsd_type:  LYS
core.io.pdb.file_data: [ WARNING ] discarding 6 atoms at position 203 in file 1SFI.mainChain.pdb. Best match rsd_type:  PRO
core.io.pdb.file_data: [ WARNING ] discarding 2 atoms at position 204 in file 1SFI.mainChain.pdb. Best match rsd_type:  GLY
core.io.pdb.file_data: [ WARNING ] discarding 6 atoms at position 205 in file 1SFI.mainChain.pdb. Best match rsd_type:  VAL
core.io.pdb.file_data: [ WARNING ] discarding 2 atoms at position 206 in file 1SFI.mainChain.pdb. Best match rsd_type:  TYR
core.io.pdb.file_data: [ WARNING ] discarding 3 atoms at position 207 in file 1SFI.mainChain.pdb. Best match rsd_type:  THR
core.io.pdb.file_data: [ WARNING ] discarding 11 atoms at position 208 in file 1SFI.mainChain.pdb. Best match rsd_type:  LYS
core.io.pdb.file_data: [ WARNING ] discarding 6 atoms at position 209 in file 1SFI.mainChain.pdb. Best match rsd_type:  VAL
core.io.pdb.file_data: [ WARNING ] discarding 2 atoms at position 210 in file 1SFI.mainChain.pdb. Best match rsd_type:  CYS
core.io.pdb.file_data: [ WARNING ] discarding 4 atoms at position 211 in file 1SFI.mainChain.pdb. Best match rsd_type:  ASN
core.io.pdb.file_data: [ WARNING ] discarding 2 atoms at position 212 in file 1SFI.mainChain.pdb. Best match rsd_type:  TYR
core.io.pdb.file_data: [ WARNING ] discarding 6 atoms at position 213 in file 1SFI.mainChain.pdb. Best match rsd_type:  VAL
core.io.pdb.file_data: [ WARNING ] discarding 2 atoms at position 214 in file 1SFI.mainChain.pdb. Best match rsd_type:  SER
core.io.pdb.file_data: [ WARNING ] discarding 2 atoms at position 215 in file 1SFI.mainChain.pdb. Best match rsd_type:  TRP
core.io.pdb.file_data: [ WARNING ] discarding 8 atoms at position 216 in file 1SFI.mainChain.pdb. Best match rsd_type:  ILE
core.io.pdb.file_data: [ WARNING ] discarding 8 atoms at position 217 in file 1SFI.mainChain.pdb. Best match rsd_type:  LYS
core.io.pdb.file_data: [ WARNING ] discarding 6 atoms at position 218 in file 1SFI.mainChain.pdb. Best match rsd_type:  GLN
core.io.pdb.file_data: [ WARNING ] discarding 3 atoms at position 219 in file 1SFI.mainChain.pdb. Best match rsd_type:  THR
core.io.pdb.file_data: [ WARNING ] discarding 8 atoms at position 220 in file 1SFI.mainChain.pdb. Best match rsd_type:  ILE
core.io.pdb.file_data: [ WARNING ] discarding 3 atoms at position 221 in file 1SFI.mainChain.pdb. Best match rsd_type:  ALA
core.io.pdb.file_data: [ WARNING ] discarding 2 atoms at position 222 in file 1SFI.mainChain.pdb. Best match rsd_type:  SER
core.io.pdb.file_data: [ WARNING ] discarding 4 atoms at position 223 in file 1SFI.mainChain.pdb. Best match rsd_type:  ASN_p:CtermProteinFull
core.conformation.Conformation: [ WARNING ] missing heavyatom:  CB  on residue ASN 97
core.conformation.Conformation: [ WARNING ] missing heavyatom:  CG  on residue ASN 97
core.conformation.Conformation: [ WARNING ] missing heavyatom:  OD1 on residue ASN 97
core.conformation.Conformation: [ WARNING ] missing heavyatom:  CD  on residue LYS 125
core.conformation.Conformation: [ WARNING ] missing heavyatom:  CE  on residue LYS 125
core.conformation.Conformation: [ WARNING ] missing heavyatom:  NZ  on residue LYS 125
core.conformation.Conformation: [ WARNING ] missing heavyatom:  OD1 on residue ASP 133
core.conformation.Conformation: [ WARNING ] missing heavyatom:  CE  on residue LYS 149
core.conformation.Conformation: [ WARNING ] missing heavyatom:  NZ  on residue LYS 149
core.conformation.Conformation: [ WARNING ] missing heavyatom:  CG  on residue GLU 167
core.conformation.Conformation: [ WARNING ] missing heavyatom:  CD  on residue GLU 167
core.conformation.Conformation: [ WARNING ] missing heavyatom:  OE1 on residue GLU 167
core.conformation.Conformation: [ WARNING ] missing heavyatom:  OE2 on residue GLU 167
core.conformation.Conformation: [ WARNING ] missing heavyatom:  CD  on residue LYS 200
core.conformation.Conformation: [ WARNING ] missing heavyatom:  CE  on residue LYS 200
core.conformation.Conformation: [ WARNING ] missing heavyatom:  NZ  on residue LYS 200
core.conformation.Conformation: [ WARNING ] missing heavyatom:  NZ  on residue LYS 217
core.conformation.Conformation: Found disulfide between residues 7 137
core.conformation.Conformation: Found disulfide between residues 25 41
core.conformation.Conformation: Found disulfide between residues 109 210
core.conformation.Conformation: Found disulfide between residues 116 183
core.conformation.Conformation: Found disulfide between residues 148 162
core.conformation.Conformation: Found disulfide between residues 173 197
core.pack.task: Packer task: initialize from command line() 
core.pack.pack_missing_sidechains: packing residue number 97 because of missing atom number 5 atom name  CB 
core.pack.pack_missing_sidechains: packing residue number 125 because of missing atom number 7 atom name  CD 
core.pack.pack_missing_sidechains: packing residue number 133 because of missing atom number 7 atom name  OD1
core.pack.pack_missing_sidechains: packing residue number 149 because of missing atom number 8 atom name  CE 
core.pack.pack_missing_sidechains: packing residue number 167 because of missing atom number 6 atom name  CG 
core.pack.pack_missing_sidechains: packing residue number 200 because of missing atom number 7 atom name  CD 
core.pack.pack_missing_sidechains: packing residue number 217 because of missing atom number 9 atom name  NZ 
core.io.database: Database file opened: /vol/ek/share/rosetta/minirosetta_database/scoring/score_functions/disulfides/fa_SS_distance_score
core.io.database: Database file opened: /vol/ek/share/rosetta/minirosetta_database/scoring/score_functions/disulfides/fa_CaCbS_angle_score
core.io.database: Database file opened: /vol/ek/share/rosetta/minirosetta_database/scoring/score_functions/disulfides/fa_CbSSCb_dihedral_score
core.scoring.dunbrack: Dunbrack library took 0.05 seconds to load from binary
core.pack.interaction_graph.interaction_graph_factory: Instantiating DensePDInteractionGraph
core.pack.pack_rotamers: built 100 rotamers at 7 positions.
core.pack.pack_rotamers: IG: 3276 bytes
core.conformation.Conformation: Found disulfide between residues 7 137
core.conformation.Conformation: Found disulfide between residues 25 41
core.conformation.Conformation: Found disulfide between residues 109 210
core.conformation.Conformation: Found disulfide between residues 116 183
core.conformation.Conformation: Found disulfide between residues 148 162
core.conformation.Conformation: Found disulfide between residues 173 197
core.scoring.packing.compute_holes_score: compute_holes_surfs try: 1
core.scoring.packing.compute_holes_score: compute_holes_surfs completed successfully
core.scoring.packing.compute_holes_score: compute_rosettaholes_score done: 1.4656
RosettaHoles: 1SFI.mainChain.pdb 1.4656 1.46531 -2.29381 -272.726
dumping pdb to 1SFI.mainChain.pdb_cavs.pdb
dumping cavities 
protocols.packstat: prune raduis 1.4 10291 6001 4171 3320 2860 2607 2441 2339 2275 2232 2200 2179 2161 2151 2145 2139 2138 2137 2137 
core.conformation.util: Non-ideal residue detected:  Residue #1 atom #1:  Ideal D=1.458, Inspected D=1.48056
core.io.silent: ERROR: trying to use a 'protein' type silent file for a non-ideal pose
core.io.silent: consider using the '-out:file:silent_struct_type binary' flag
