core.init: command: /vol/ek/share/rosetta/mini/build/src/release/linux/2.6/32/x86/gcc/holes.linuxgccrelease -database /vol/ek/share/rosetta/minirosetta_database/ -holes:dalphaball /vol/ek/share/bin/DAlphaBall -holes:make_pdb -holes:make_voids -s 1U00.mainChain.pdb
core.init: 'RNG device' seed mode, using '/dev/urandom', seed=888811496 seed_offset=0 real_seed=888811496
core.init.random: RandomGenerator:init: Normal mode, seed=888811496 RG_type=mt19937
core.scoring.ScoreFunctionFactory: SCOREFUNCTION: standard
core.scoring.ScoreFunctionFactory: SCOREFUNCTION PATCH: score12
core.scoring.etable: Starting energy table calculation
core.scoring.etable: smooth_etable: changing atr/rep split to bottom of energy well
core.scoring.etable: smooth_etable: spline smoothing lj etables (maxdis = 6)
core.scoring.etable: smooth_etable: spline smoothing solvation etables (max_dis = 6)
core.scoring.etable: Finished calculating energy tables.
core.io.database: Database file opened: /vol/ek/share/rosetta/minirosetta_database/pdb_pair_stats_fine
core.io.database: Database file opened: /vol/ek/share/rosetta/minirosetta_database/P_AA
core.io.database: Database file opened: /vol/ek/share/rosetta/minirosetta_database/P_AA_n
core.io.database: Database file opened: /vol/ek/share/rosetta/minirosetta_database/P_AA_pp
core.io.database: Database file opened: /vol/ek/share/rosetta/minirosetta_database/Rama_smooth_dyn.dat_ss_6.4
core.scoring.ScoreFunctionFactory: SCOREFUNCTION: standard
core.scoring.ScoreFunctionFactory: SCOREFUNCTION PATCH: score12
core.conformation.Conformation: [ WARNING ] missing heavyatom:  CG  on residue ARG 75
core.conformation.Conformation: [ WARNING ] missing heavyatom:  CD  on residue ARG 75
core.conformation.Conformation: [ WARNING ] missing heavyatom:  NE  on residue ARG 75
core.conformation.Conformation: [ WARNING ] missing heavyatom:  CZ  on residue ARG 75
core.conformation.Conformation: [ WARNING ] missing heavyatom:  NH1 on residue ARG 75
core.conformation.Conformation: [ WARNING ] missing heavyatom:  NH2 on residue ARG 75
core.conformation.Conformation: [ WARNING ] missing heavyatom:  CG  on residue LYS 103
core.conformation.Conformation: [ WARNING ] missing heavyatom:  CD  on residue LYS 103
core.conformation.Conformation: [ WARNING ] missing heavyatom:  CE  on residue LYS 103
core.conformation.Conformation: [ WARNING ] missing heavyatom:  NZ  on residue LYS 103
core.conformation.Conformation: [ WARNING ] missing heavyatom:  CG  on residue LYS 110
core.conformation.Conformation: [ WARNING ] missing heavyatom:  CD  on residue LYS 110
core.conformation.Conformation: [ WARNING ] missing heavyatom:  CE  on residue LYS 110
core.conformation.Conformation: [ WARNING ] missing heavyatom:  NZ  on residue LYS 110
core.conformation.Conformation: [ WARNING ] missing heavyatom:  OG  on residue SER 111
core.conformation.Conformation: [ WARNING ] missing heavyatom:  OG  on residue SER 112
core.conformation.Conformation: [ WARNING ] missing heavyatom:  OG  on residue SER 113
core.conformation.Conformation: [ WARNING ] missing heavyatom:  CG  on residue LEU 115
core.conformation.Conformation: [ WARNING ] missing heavyatom:  CD1 on residue LEU 115
core.conformation.Conformation: [ WARNING ] missing heavyatom:  CD2 on residue LEU 115
core.conformation.Conformation: [ WARNING ] missing heavyatom:  CG  on residue GLU 117
core.conformation.Conformation: [ WARNING ] missing heavyatom:  CD  on residue GLU 117
core.conformation.Conformation: [ WARNING ] missing heavyatom:  OE1 on residue GLU 117
core.conformation.Conformation: [ WARNING ] missing heavyatom:  OE2 on residue GLU 117
core.conformation.Conformation: [ WARNING ] missing heavyatom:  CG  on residue GLU 118
core.conformation.Conformation: [ WARNING ] missing heavyatom:  CD  on residue GLU 118
core.conformation.Conformation: [ WARNING ] missing heavyatom:  OE1 on residue GLU 118
core.conformation.Conformation: [ WARNING ] missing heavyatom:  OE2 on residue GLU 118
core.conformation.Conformation: [ WARNING ] missing heavyatom:  CG  on residue GLU 119
core.conformation.Conformation: [ WARNING ] missing heavyatom:  CD  on residue GLU 119
core.conformation.Conformation: [ WARNING ] missing heavyatom:  OE1 on residue GLU 119
core.conformation.Conformation: [ WARNING ] missing heavyatom:  OE2 on residue GLU 119
core.conformation.Conformation: [ WARNING ] missing heavyatom:  CG1 on residue ILE 120
core.conformation.Conformation: [ WARNING ] missing heavyatom:  CG2 on residue ILE 120
core.conformation.Conformation: [ WARNING ] missing heavyatom:  CD1 on residue ILE 120
core.conformation.Conformation: [ WARNING ] missing heavyatom:  CG  on residue ARG 122
core.conformation.Conformation: [ WARNING ] missing heavyatom:  CD  on residue ARG 122
core.conformation.Conformation: [ WARNING ] missing heavyatom:  NE  on residue ARG 122
core.conformation.Conformation: [ WARNING ] missing heavyatom:  CZ  on residue ARG 122
core.conformation.Conformation: [ WARNING ] missing heavyatom:  NH1 on residue ARG 122
core.conformation.Conformation: [ WARNING ] missing heavyatom:  NH2 on residue ARG 122
core.conformation.Conformation: [ WARNING ] missing heavyatom:  CG  on residue MET 123
core.conformation.Conformation: [ WARNING ] missing heavyatom:  SD  on residue MET 123
core.conformation.Conformation: [ WARNING ] missing heavyatom:  CE  on residue MET 123
core.conformation.Conformation: [ WARNING ] missing heavyatom:  CG1 on residue ILE 124
core.conformation.Conformation: [ WARNING ] missing heavyatom:  CG2 on residue ILE 124
core.conformation.Conformation: [ WARNING ] missing heavyatom:  CD1 on residue ILE 124
core.conformation.Conformation: [ WARNING ] missing heavyatom:  CG  on residue LYS 125
core.conformation.Conformation: [ WARNING ] missing heavyatom:  CD  on residue LYS 125
core.conformation.Conformation: [ WARNING ] missing heavyatom:  CE  on residue LYS 125
core.conformation.Conformation: [ WARNING ] missing heavyatom:  NZ  on residue LYS 125
core.conformation.Conformation: [ WARNING ] missing heavyatom:  CG  on residue GLU 126
core.conformation.Conformation: [ WARNING ] missing heavyatom:  CD  on residue GLU 126
core.conformation.Conformation: [ WARNING ] missing heavyatom:  OE1 on residue GLU 126
core.conformation.Conformation: [ WARNING ] missing heavyatom:  OE2 on residue GLU 126
core.conformation.Conformation: [ WARNING ] missing heavyatom:  CG  on residue GLU 129
core.conformation.Conformation: [ WARNING ] missing heavyatom:  CD  on residue GLU 129
core.conformation.Conformation: [ WARNING ] missing heavyatom:  OE1 on residue GLU 129
core.conformation.Conformation: [ WARNING ] missing heavyatom:  OE2 on residue GLU 129
core.conformation.Conformation: [ WARNING ] missing heavyatom:  CG  on residue ASN 130
core.conformation.Conformation: [ WARNING ] missing heavyatom:  OD1 on residue ASN 130
core.conformation.Conformation: [ WARNING ] missing heavyatom:  ND2 on residue ASN 130
core.conformation.Conformation: [ WARNING ] missing heavyatom:  CG  on residue GLU 132
core.conformation.Conformation: [ WARNING ] missing heavyatom:  CD  on residue GLU 132
core.conformation.Conformation: [ WARNING ] missing heavyatom:  OE1 on residue GLU 132
core.conformation.Conformation: [ WARNING ] missing heavyatom:  OE2 on residue GLU 132
core.conformation.Conformation: [ WARNING ] missing heavyatom:  CG  on residue ASP 134
core.conformation.Conformation: [ WARNING ] missing heavyatom:  OD1 on residue ASP 134
core.conformation.Conformation: [ WARNING ] missing heavyatom:  OD2 on residue ASP 134
core.conformation.Conformation: [ WARNING ] missing heavyatom:  CG  on residue ARG 135
core.conformation.Conformation: [ WARNING ] missing heavyatom:  CD  on residue ARG 135
core.conformation.Conformation: [ WARNING ] missing heavyatom:  NE  on residue ARG 135
core.conformation.Conformation: [ WARNING ] missing heavyatom:  CZ  on residue ARG 135
core.conformation.Conformation: [ WARNING ] missing heavyatom:  NH1 on residue ARG 135
core.conformation.Conformation: [ WARNING ] missing heavyatom:  NH2 on residue ARG 135
core.conformation.Conformation: [ WARNING ] missing heavyatom:  CG  on residue LYS 136
core.conformation.Conformation: [ WARNING ] missing heavyatom:  CD  on residue LYS 136
core.conformation.Conformation: [ WARNING ] missing heavyatom:  CE  on residue LYS 136
core.conformation.Conformation: [ WARNING ] missing heavyatom:  NZ  on residue LYS 136
core.conformation.Conformation: [ WARNING ] missing heavyatom:  CG  on residue ARG 137
core.conformation.Conformation: [ WARNING ] missing heavyatom:  CD  on residue ARG 137
core.conformation.Conformation: [ WARNING ] missing heavyatom:  NE  on residue ARG 137
core.conformation.Conformation: [ WARNING ] missing heavyatom:  CZ  on residue ARG 137
core.conformation.Conformation: [ WARNING ] missing heavyatom:  NH1 on residue ARG 137
core.conformation.Conformation: [ WARNING ] missing heavyatom:  NH2 on residue ARG 137
core.conformation.Conformation: [ WARNING ] missing heavyatom:  CG  on residue LYS 138
core.conformation.Conformation: [ WARNING ] missing heavyatom:  CD  on residue LYS 138
core.conformation.Conformation: [ WARNING ] missing heavyatom:  CE  on residue LYS 138
core.conformation.Conformation: [ WARNING ] missing heavyatom:  NZ  on residue LYS 138
core.conformation.Conformation: [ WARNING ] missing heavyatom:  CG  on residue GLU 139
core.conformation.Conformation: [ WARNING ] missing heavyatom:  CD  on residue GLU 139
core.conformation.Conformation: [ WARNING ] missing heavyatom:  OE1 on residue GLU 139
core.conformation.Conformation: [ WARNING ] missing heavyatom:  OE2 on residue GLU 139
core.conformation.Conformation: [ WARNING ] missing heavyatom:  CG  on residue GLU 142
core.conformation.Conformation: [ WARNING ] missing heavyatom:  CD  on residue GLU 142
core.conformation.Conformation: [ WARNING ] missing heavyatom:  OE1 on residue GLU 142
core.conformation.Conformation: [ WARNING ] missing heavyatom:  OE2 on residue GLU 142
core.conformation.Conformation: [ WARNING ] missing heavyatom:  OXT on residue LEU_p:CtermProteinFull 143
core.conformation.Conformation: [ WARNING ] missing heavyatom:  CG  on residue LEU_p:CtermProteinFull 143
core.conformation.Conformation: [ WARNING ] missing heavyatom:  CD1 on residue LEU_p:CtermProteinFull 143
core.conformation.Conformation: [ WARNING ] missing heavyatom:  CD2 on residue LEU_p:CtermProteinFull 143
core.pack.task: Packer task: initialize from command line() 
core.pack.pack_missing_sidechains: packing residue number 75 because of missing atom number 6 atom name  CG 
core.pack.pack_missing_sidechains: packing residue number 103 because of missing atom number 6 atom name  CG 
core.pack.pack_missing_sidechains: packing residue number 110 because of missing atom number 6 atom name  CG 
core.pack.pack_missing_sidechains: packing residue number 111 because of missing atom number 6 atom name  OG 
core.pack.pack_missing_sidechains: packing residue number 112 because of missing atom number 6 atom name  OG 
core.pack.pack_missing_sidechains: packing residue number 113 because of missing atom number 6 atom name  OG 
core.pack.pack_missing_sidechains: packing residue number 115 because of missing atom number 6 atom name  CG 
core.pack.pack_missing_sidechains: packing residue number 117 because of missing atom number 6 atom name  CG 
core.pack.pack_missing_sidechains: packing residue number 118 because of missing atom number 6 atom name  CG 
core.pack.pack_missing_sidechains: packing residue number 119 because of missing atom number 6 atom name  CG 
core.pack.pack_missing_sidechains: packing residue number 120 because of missing atom number 6 atom name  CG1
core.pack.pack_missing_sidechains: packing residue number 122 because of missing atom number 6 atom name  CG 
core.pack.pack_missing_sidechains: packing residue number 123 because of missing atom number 6 atom name  CG 
core.pack.pack_missing_sidechains: packing residue number 124 because of missing atom number 6 atom name  CG1
core.pack.pack_missing_sidechains: packing residue number 125 because of missing atom number 6 atom name  CG 
core.pack.pack_missing_sidechains: packing residue number 126 because of missing atom number 6 atom name  CG 
core.pack.pack_missing_sidechains: packing residue number 129 because of missing atom number 6 atom name  CG 
core.pack.pack_missing_sidechains: packing residue number 130 because of missing atom number 6 atom name  CG 
core.pack.pack_missing_sidechains: packing residue number 132 because of missing atom number 6 atom name  CG 
core.pack.pack_missing_sidechains: packing residue number 134 because of missing atom number 6 atom name  CG 
core.pack.pack_missing_sidechains: packing residue number 135 because of missing atom number 6 atom name  CG 
core.pack.pack_missing_sidechains: packing residue number 136 because of missing atom number 6 atom name  CG 
core.pack.pack_missing_sidechains: packing residue number 137 because of missing atom number 6 atom name  CG 
core.pack.pack_missing_sidechains: packing residue number 138 because of missing atom number 6 atom name  CG 
core.pack.pack_missing_sidechains: packing residue number 139 because of missing atom number 6 atom name  CG 
core.pack.pack_missing_sidechains: packing residue number 142 because of missing atom number 6 atom name  CG 
core.pack.pack_missing_sidechains: packing residue number 143 because of missing atom number 7 atom name  CG 
core.scoring.dunbrack: Dunbrack library took 0.05 seconds to load from binary
core.pack.interaction_graph.interaction_graph_factory: Instantiating DensePDInteractionGraph
core.pack.pack_rotamers: built 273 rotamers at 27 positions.
core.pack.pack_rotamers: IG: 64204 bytes
core.scoring.packing.compute_holes_score: compute_holes_surfs try: 1
core.scoring.packing.compute_holes_score: compute_holes_surfs completed successfully
core.scoring.packing.compute_holes_score: compute_rosettaholes_score done: 2.5811
RosettaHoles: 1U00.mainChain.pdb 2.5811 2.49816 -0.789583 846.924
dumping pdb to 1U00.mainChain.pdb_cavs.pdb
dumping cavities 
protocols.packstat: prune raduis 1.4 7844 4225 2651 1850 1464 1255 1138 1072 1027 996 968 946 929 912 901 893 890 888 888 
core.conformation.util: Non-ideal residue detected:  Residue #1 atom #3:  Ideal theta=1.20079, Inspected theta=1.24925 (in Radians)
core.io.silent: ERROR: trying to use a 'protein' type silent file for a non-ideal pose
core.io.silent: consider using the '-out:file:silent_struct_type binary' flag
