core.init: command: /vol/ek/share/rosetta/mini/build/src/release/linux/2.6/32/x86/gcc/holes.linuxgccrelease -database /vol/ek/share/rosetta/minirosetta_database/ -holes:dalphaball /vol/ek/share/bin/DAlphaBall -holes:make_pdb -holes:make_voids -s 1W9E.mainChain.pdb
core.init: 'RNG device' seed mode, using '/dev/urandom', seed=1166546043 seed_offset=0 real_seed=1166546043
core.init.random: RandomGenerator:init: Normal mode, seed=1166546043 RG_type=mt19937
core.scoring.ScoreFunctionFactory: SCOREFUNCTION: standard
core.scoring.ScoreFunctionFactory: SCOREFUNCTION PATCH: score12
core.scoring.etable: Starting energy table calculation
core.scoring.etable: smooth_etable: changing atr/rep split to bottom of energy well
core.scoring.etable: smooth_etable: spline smoothing lj etables (maxdis = 6)
core.scoring.etable: smooth_etable: spline smoothing solvation etables (max_dis = 6)
core.scoring.etable: Finished calculating energy tables.
core.io.database: Database file opened: /vol/ek/share/rosetta/minirosetta_database/pdb_pair_stats_fine
core.io.database: Database file opened: /vol/ek/share/rosetta/minirosetta_database/P_AA
core.io.database: Database file opened: /vol/ek/share/rosetta/minirosetta_database/P_AA_n
core.io.database: Database file opened: /vol/ek/share/rosetta/minirosetta_database/P_AA_pp
core.io.database: Database file opened: /vol/ek/share/rosetta/minirosetta_database/Rama_smooth_dyn.dat_ss_6.4
core.scoring.ScoreFunctionFactory: SCOREFUNCTION: standard
core.scoring.ScoreFunctionFactory: SCOREFUNCTION PATCH: score12
core.pack.task: Packer task: initialize from command line() 
core.scoring.packing.compute_holes_score: compute_holes_surfs try: 1
core.scoring.packing.compute_holes_score: compute_holes_surfs completed successfully
core.scoring.packing.compute_holes_score: compute_rosettaholes_score done: 1.37439
RosettaHoles: 1W9E.mainChain.pdb 1.37439 1.30277 -0.829585core.scoring.dunbrack: Dunbrack library took 0.05 seconds to load from binary
 -103.729
dumping pdb to 1W9E.mainChain.pdb_cavs.pdb
dumping cavities 
protocols.packstat: prune raduis 1.4 3709 1844 1081 752 577 491 439 411 398 393 390 388 387 387 
core.conformation.util: Non-ideal residue detected:  Residue #1 atom #1:  Ideal D=1.458, Inspected D=1.43703
core.io.silent: ERROR: trying to use a 'protein' type silent file for a non-ideal pose
core.io.silent: consider using the '-out:file:silent_struct_type binary' flag
