core.init: command: /vol/ek/share/rosetta/mini/build/src/release/linux/2.6/32/x86/gcc/holes.linuxgccrelease -database /vol/ek/share/rosetta/minirosetta_database/ -holes:dalphaball /vol/ek/share/bin/DAlphaBall -holes:make_pdb -holes:make_voids -s 1YMT.mainChain.pdb
core.init: 'RNG device' seed mode, using '/dev/urandom', seed=-1410698973 seed_offset=0 real_seed=-1410698973
core.init.random: RandomGenerator:init: Normal mode, seed=-1410698973 RG_type=mt19937
core.scoring.ScoreFunctionFactory: SCOREFUNCTION: standard
core.scoring.ScoreFunctionFactory: SCOREFUNCTION PATCH: score12
core.scoring.etable: Starting energy table calculation
core.scoring.etable: smooth_etable: changing atr/rep split to bottom of energy well
core.scoring.etable: smooth_etable: spline smoothing lj etables (maxdis = 6)
core.scoring.etable: smooth_etable: spline smoothing solvation etables (max_dis = 6)
core.scoring.etable: Finished calculating energy tables.
core.io.database: Database file opened: /vol/ek/share/rosetta/minirosetta_database/pdb_pair_stats_fine
core.io.database: Database file opened: /vol/ek/share/rosetta/minirosetta_database/P_AA
core.io.database: Database file opened: /vol/ek/share/rosetta/minirosetta_database/P_AA_n
core.io.database: Database file opened: /vol/ek/share/rosetta/minirosetta_database/P_AA_pp
core.io.database: Database file opened: /vol/ek/share/rosetta/minirosetta_database/Rama_smooth_dyn.dat_ss_6.4
core.scoring.ScoreFunctionFactory: SCOREFUNCTION: standard
core.scoring.ScoreFunctionFactory: SCOREFUNCTION PATCH: score12
core.conformation.Conformation: [ WARNING ] missing heavyatom:  OXT on residue ARG_p:CtermProteinFull 242
core.conformation.Conformation: [ WARNING ] missing heavyatom:  CG  on residue ARG_p:CtermProteinFull 242
core.conformation.Conformation: [ WARNING ] missing heavyatom:  CD  on residue ARG_p:CtermProteinFull 242
core.conformation.Conformation: [ WARNING ] missing heavyatom:  NE  on residue ARG_p:CtermProteinFull 242
core.conformation.Conformation: [ WARNING ] missing heavyatom:  CZ  on residue ARG_p:CtermProteinFull 242
core.conformation.Conformation: [ WARNING ] missing heavyatom:  NH1 on residue ARG_p:CtermProteinFull 242
core.conformation.Conformation: [ WARNING ] missing heavyatom:  NH2 on residue ARG_p:CtermProteinFull 242
core.pack.task: Packer task: initialize from command line() 
core.pack.pack_missing_sidechains: packing residue number 242 because of missing atom number 7 atom name  CG 
core.scoring.dunbrack: Dunbrack library took 0.05 seconds to load from binary
core.pack.interaction_graph.interaction_graph_factory: Instantiating DensePDInteractionGraph
core.pack.pack_rotamers: built 18 rotamers at 1 positions.
core.pack.pack_rotamers: IG: 520 bytes
core.scoring.packing.compute_holes_score: compute_holes_surfs try: 1
core.scoring.packing.compute_holes_score: compute_holes_surfs completed successfully
core.scoring.packing.compute_holes_score: compute_rosettaholes_score done: 2.50837
RosettaHoles: 1YMT.mainChain.pdb 2.50837 2.50503 -1.64872 351.987
dumping pdb to 1YMT.mainChain.pdb_cavs.pdb
dumping cavities 
protocols.packstat: prune raduis 1.4 16501 10316 7608 6132 5253 4702 4375 4167 4022 3907 3833 3784 3746 3717 3694 3670 3649 3640 3632 3627 3623 3621 3621 
core.conformation.util: Non-ideal residue detected:  Residue #1 atom #1:  Ideal D=1.458, Inspected D=1.49613
core.io.silent: ERROR: trying to use a 'protein' type silent file for a non-ideal pose
core.io.silent: consider using the '-out:file:silent_struct_type binary' flag
