core.init: command: /vol/ek/share/rosetta/mini/build/src/release/linux/2.6/32/x86/gcc/holes.linuxgccrelease -database /vol/ek/share/rosetta/minirosetta_database/ -holes:dalphaball /vol/ek/share/bin/DAlphaBall -holes:make_pdb -holes:make_voids -s 2A3I.mainChain.pdb
core.init: 'RNG device' seed mode, using '/dev/urandom', seed=899040038 seed_offset=0 real_seed=899040038
core.init.random: RandomGenerator:init: Normal mode, seed=899040038 RG_type=mt19937
core.scoring.ScoreFunctionFactory: SCOREFUNCTION: standard
core.scoring.ScoreFunctionFactory: SCOREFUNCTION PATCH: score12
core.scoring.etable: Starting energy table calculation
core.scoring.etable: smooth_etable: changing atr/rep split to bottom of energy well
core.scoring.etable: smooth_etable: spline smoothing lj etables (maxdis = 6)
core.scoring.etable: smooth_etable: spline smoothing solvation etables (max_dis = 6)
core.scoring.etable: Finished calculating energy tables.
core.io.database: Database file opened: /vol/ek/share/rosetta/minirosetta_database/pdb_pair_stats_fine
core.io.database: Database file opened: /vol/ek/share/rosetta/minirosetta_database/P_AA
core.io.database: Database file opened: /vol/ek/share/rosetta/minirosetta_database/P_AA_n
core.io.database: Database file opened: /vol/ek/share/rosetta/minirosetta_database/P_AA_pp
core.io.database: Database file opened: /vol/ek/share/rosetta/minirosetta_database/Rama_smooth_dyn.dat_ss_6.4
core.scoring.ScoreFunctionFactory: SCOREFUNCTION: standard
core.scoring.ScoreFunctionFactory: SCOREFUNCTION PATCH: score12
core.conformation.Conformation: [ WARNING ] missing heavyatom:  CG  on residue LEU_p:NtermProteinFull 1
core.conformation.Conformation: [ WARNING ] missing heavyatom:  CD1 on residue LEU_p:NtermProteinFull 1
core.conformation.Conformation: [ WARNING ] missing heavyatom:  CD2 on residue LEU_p:NtermProteinFull 1
core.conformation.Conformation: [ WARNING ] missing heavyatom:  CG  on residue ARG 6
core.conformation.Conformation: [ WARNING ] missing heavyatom:  CD  on residue ARG 6
core.conformation.Conformation: [ WARNING ] missing heavyatom:  NE  on residue ARG 6
core.conformation.Conformation: [ WARNING ] missing heavyatom:  CZ  on residue ARG 6
core.conformation.Conformation: [ WARNING ] missing heavyatom:  NH1 on residue ARG 6
core.conformation.Conformation: [ WARNING ] missing heavyatom:  NH2 on residue ARG 6
core.conformation.Conformation: [ WARNING ] missing heavyatom:  CG  on residue GLU 37
core.conformation.Conformation: [ WARNING ] missing heavyatom:  CD  on residue GLU 37
core.conformation.Conformation: [ WARNING ] missing heavyatom:  OE1 on residue GLU 37
core.conformation.Conformation: [ WARNING ] missing heavyatom:  OE2 on residue GLU 37
core.conformation.Conformation: [ WARNING ] missing heavyatom:  CG  on residue GLU 121
core.conformation.Conformation: [ WARNING ] missing heavyatom:  CD  on residue GLU 121
core.conformation.Conformation: [ WARNING ] missing heavyatom:  OE1 on residue GLU 121
core.conformation.Conformation: [ WARNING ] missing heavyatom:  OE2 on residue GLU 121
core.conformation.Conformation: [ WARNING ] missing heavyatom:  CG  on residue ARG 135
core.conformation.Conformation: [ WARNING ] missing heavyatom:  CD  on residue ARG 135
core.conformation.Conformation: [ WARNING ] missing heavyatom:  NE  on residue ARG 135
core.conformation.Conformation: [ WARNING ] missing heavyatom:  CZ  on residue ARG 135
core.conformation.Conformation: [ WARNING ] missing heavyatom:  NH1 on residue ARG 135
core.conformation.Conformation: [ WARNING ] missing heavyatom:  NH2 on residue ARG 135
core.conformation.Conformation: [ WARNING ] missing heavyatom:  CG  on residue LYS 161
core.conformation.Conformation: [ WARNING ] missing heavyatom:  CD  on residue LYS 161
core.conformation.Conformation: [ WARNING ] missing heavyatom:  CE  on residue LYS 161
core.conformation.Conformation: [ WARNING ] missing heavyatom:  NZ  on residue LYS 161
core.conformation.Conformation: [ WARNING ] missing heavyatom:  OG  on residue SER 162
core.conformation.Conformation: [ WARNING ] missing heavyatom:  CG  on residue LYS 179
core.conformation.Conformation: [ WARNING ] missing heavyatom:  CD  on residue LYS 179
core.conformation.Conformation: [ WARNING ] missing heavyatom:  CE  on residue LYS 179
core.conformation.Conformation: [ WARNING ] missing heavyatom:  NZ  on residue LYS 179
core.conformation.Conformation: [ WARNING ] missing heavyatom:  OG  on residue SER 183
core.conformation.Conformation: [ WARNING ] missing heavyatom:  CG  on residue GLN 185
core.conformation.Conformation: [ WARNING ] missing heavyatom:  CD  on residue GLN 185
core.conformation.Conformation: [ WARNING ] missing heavyatom:  OE1 on residue GLN 185
core.conformation.Conformation: [ WARNING ] missing heavyatom:  NE2 on residue GLN 185
core.conformation.Conformation: [ WARNING ] missing heavyatom:  OXT on residue ARG_p:CtermProteinFull 252
core.pack.task: Packer task: initialize from command line() 
core.pack.pack_missing_sidechains: packing residue number 1 because of missing atom number 6 atom name  CG 
core.pack.pack_missing_sidechains: packing residue number 6 because of missing atom number 6 atom name  CG 
core.pack.pack_missing_sidechains: packing residue number 37 because of missing atom number 6 atom name  CG 
core.pack.pack_missing_sidechains: packing residue number 121 because of missing atom number 6 atom name  CG 
core.pack.pack_missing_sidechains: packing residue number 135 because of missing atom number 6 atom name  CG 
core.pack.pack_missing_sidechains: packing residue number 161 because of missing atom number 6 atom name  CG 
core.pack.pack_missing_sidechains: packing residue number 162 because of missing atom number 6 atom name  OG 
core.pack.pack_missing_sidechains: packing residue number 179 because of missing atom number 6 atom name  CG 
core.pack.pack_missing_sidechains: packing residue number 183 because of missing atom number 6 atom name  OG 
core.pack.pack_missing_sidechains: packing residue number 185 because of missing atom number 6 atom name  CG 
core.scoring.dunbrack: Dunbrack library took 0.05 seconds to load from binary
core.pack.interaction_graph.interaction_graph_factory: Instantiating DensePDInteractionGraph
core.pack.pack_rotamers: built 148 rotamers at 10 positions.
core.pack.pack_rotamers: IG: 5500 bytes
core.scoring.packing.compute_holes_score: compute_holes_surfs try: 1
core.scoring.packing.compute_holes_score: compute_holes_surfs completed successfully
core.scoring.packing.compute_holes_score: compute_rosettaholes_score done: 1.95471
RosettaHoles: 2A3I.mainChain.pdb 1.95471 1.94751 -1.44484 -128.396
dumping pdb to 2A3I.mainChain.pdb_cavs.pdb
dumping cavities 
protocols.packstat: prune raduis 1.4 15919 9677 7064 5657 4824 4319 3982 3721 3550 3431 3338 3270 3235 3210 3189 3176 3170 3167 3166 3164 3163 3159 3154 3151 3149 3148 3147 3146 3146 
core.conformation.util: Non-ideal residue detected:  Residue #1 atom #1:  Ideal D=1.458, Inspected D=1.49079
core.io.silent: ERROR: trying to use a 'protein' type silent file for a non-ideal pose
core.io.silent: consider using the '-out:file:silent_struct_type binary' flag
