core.init: command: /vol/ek/share/rosetta/mini/build/src/release/linux/2.6/32/x86/gcc/holes.linuxgccrelease -database /vol/ek/share/rosetta/minirosetta_database/ -holes:dalphaball /vol/ek/share/bin/DAlphaBall -holes:make_pdb -holes:make_voids -s 2H9M.mainChain.pdb
core.init: 'RNG device' seed mode, using '/dev/urandom', seed=-563921883 seed_offset=0 real_seed=-563921883
core.init.random: RandomGenerator:init: Normal mode, seed=-563921883 RG_type=mt19937
core.scoring.ScoreFunctionFactory: SCOREFUNCTION: standard
core.scoring.ScoreFunctionFactory: SCOREFUNCTION PATCH: score12
core.scoring.etable: Starting energy table calculation
core.scoring.etable: smooth_etable: changing atr/rep split to bottom of energy well
core.scoring.etable: smooth_etable: spline smoothing lj etables (maxdis = 6)
core.scoring.etable: smooth_etable: spline smoothing solvation etables (max_dis = 6)
core.scoring.etable: Finished calculating energy tables.
core.io.database: Database file opened: /vol/ek/share/rosetta/minirosetta_database/pdb_pair_stats_fine
core.io.database: Database file opened: /vol/ek/share/rosetta/minirosetta_database/P_AA
core.io.database: Database file opened: /vol/ek/share/rosetta/minirosetta_database/P_AA_n
core.io.database: Database file opened: /vol/ek/share/rosetta/minirosetta_database/P_AA_pp
core.io.database: Database file opened: /vol/ek/share/rosetta/minirosetta_database/Rama_smooth_dyn.dat_ss_6.4
core.scoring.ScoreFunctionFactory: SCOREFUNCTION: standard
core.scoring.ScoreFunctionFactory: SCOREFUNCTION PATCH: score12
core.conformation.Conformation: [ WARNING ] missing heavyatom:  CD  on residue LYS_p:NtermProteinFull 1
core.conformation.Conformation: [ WARNING ] missing heavyatom:  CE  on residue LYS_p:NtermProteinFull 1
core.conformation.Conformation: [ WARNING ] missing heavyatom:  NZ  on residue LYS_p:NtermProteinFull 1
core.conformation.Conformation: [ WARNING ] missing heavyatom:  CD  on residue LYS 47
core.conformation.Conformation: [ WARNING ] missing heavyatom:  CE  on residue LYS 47
core.conformation.Conformation: [ WARNING ] missing heavyatom:  NZ  on residue LYS 47
core.conformation.Conformation: [ WARNING ] missing heavyatom:  OG  on residue SER 213
core.conformation.Conformation: [ WARNING ] missing heavyatom:  CE  on residue LYS 214
core.conformation.Conformation: [ WARNING ] missing heavyatom:  NZ  on residue LYS 214
core.conformation.Conformation: [ WARNING ] missing heavyatom:  CE  on residue LYS 216
core.conformation.Conformation: [ WARNING ] missing heavyatom:  NZ  on residue LYS 216
core.pack.task: Packer task: initialize from command line() 
core.pack.pack_missing_sidechains: packing residue number 1 because of missing atom number 7 atom name  CD 
core.pack.pack_missing_sidechains: packing residue number 47 because of missing atom number 7 atom name  CD 
core.pack.pack_missing_sidechains: packing residue number 213 because of missing atom number 6 atom name  OG 
core.pack.pack_missing_sidechains: packing residue number 214 because of missing atom number 8 atom name  CE 
core.pack.pack_missing_sidechains: packing residue number 216 because of missing atom number 8 atom name  CE 
core.scoring.dunbrack: Dunbrack library took 0.06 seconds to load from binary
core.pack.interaction_graph.interaction_graph_factory: Instantiating DensePDInteractionGraph
core.pack.pack_rotamers: built 89 rotamers at 5 positions.
core.pack.pack_rotamers: IG: 6100 bytes
core.scoring.packing.compute_holes_score: compute_holes_surfs try: 1
core.scoring.packing.compute_holes_score: compute_holes_surfs completed successfully
core.scoring.packing.compute_holes_score: compute_rosettaholes_score done: 1.4833
RosettaHoles: 2H9M.mainChain.pdb 1.4833 1.48319 -2.55025 -206.2
dumping pdb to 2H9M.mainChain.pdb_cavs.pdb
dumping cavities 
protocols.packstat: prune raduis 1.4 11872 7022 4841 3760 3163 2767 2522 2381 2281 2240 2208 2171 2150 2136 2124 2121 2117 2115 2114 2114 
core.conformation.util: Non-ideal residue detected:  Residue #1 atom #1:  Ideal D=1.458, Inspected D=1.48759
core.io.silent: ERROR: trying to use a 'protein' type silent file for a non-ideal pose
core.io.silent: consider using the '-out:file:silent_struct_type binary' flag
