core.init: command: /vol/ek/share/rosetta/mini/build/src/release/linux/2.6/32/x86/gcc/holes.linuxgccrelease -database /vol/ek/share/rosetta/minirosetta_database/ -holes:dalphaball /vol/ek/share/bin/DAlphaBall -holes:make_pdb -holes:make_voids -s 2JAM.mainChain.pdb
core.init: 'RNG device' seed mode, using '/dev/urandom', seed=-87154338 seed_offset=0 real_seed=-87154338
core.init.random: RandomGenerator:init: Normal mode, seed=-87154338 RG_type=mt19937
core.scoring.ScoreFunctionFactory: SCOREFUNCTION: standard
core.scoring.ScoreFunctionFactory: SCOREFUNCTION PATCH: score12
core.scoring.etable: Starting energy table calculation
core.scoring.etable: smooth_etable: changing atr/rep split to bottom of energy well
core.scoring.etable: smooth_etable: spline smoothing lj etables (maxdis = 6)
core.scoring.etable: smooth_etable: spline smoothing solvation etables (max_dis = 6)
core.scoring.etable: Finished calculating energy tables.
core.io.database: Database file opened: /vol/ek/share/rosetta/minirosetta_database/pdb_pair_stats_fine
core.io.database: Database file opened: /vol/ek/share/rosetta/minirosetta_database/P_AA
core.io.database: Database file opened: /vol/ek/share/rosetta/minirosetta_database/P_AA_n
core.io.database: Database file opened: /vol/ek/share/rosetta/minirosetta_database/P_AA_pp
core.io.database: Database file opened: /vol/ek/share/rosetta/minirosetta_database/Rama_smooth_dyn.dat_ss_6.4
core.scoring.ScoreFunctionFactory: SCOREFUNCTION: standard
core.scoring.ScoreFunctionFactory: SCOREFUNCTION PATCH: score12
core.conformation.Conformation: [ WARNING ] missing heavyatom:  CG  on residue LEU_p:NtermProteinFull 1
core.conformation.Conformation: [ WARNING ] missing heavyatom:  CD1 on residue LEU_p:NtermProteinFull 1
core.conformation.Conformation: [ WARNING ] missing heavyatom:  CD2 on residue LEU_p:NtermProteinFull 1
core.conformation.Conformation: [ WARNING ] missing heavyatom:  OG  on residue SER 13
core.conformation.Conformation: [ WARNING ] missing heavyatom:  CD  on residue LYS 21
core.conformation.Conformation: [ WARNING ] missing heavyatom:  CE  on residue LYS 21
core.conformation.Conformation: [ WARNING ] missing heavyatom:  NZ  on residue LYS 21
core.conformation.Conformation: [ WARNING ] missing heavyatom:  CE  on residue LYS 23
core.conformation.Conformation: [ WARNING ] missing heavyatom:  NZ  on residue LYS 23
core.conformation.Conformation: [ WARNING ] missing heavyatom:  OG1 on residue THR 24
core.conformation.Conformation: [ WARNING ] missing heavyatom:  CG2 on residue THR 24
core.conformation.Conformation: [ WARNING ] missing heavyatom:  CE  on residue LYS 31
core.conformation.Conformation: [ WARNING ] missing heavyatom:  NZ  on residue LYS 31
core.conformation.Conformation: [ WARNING ] missing heavyatom:  CG  on residue LYS 34
core.conformation.Conformation: [ WARNING ] missing heavyatom:  CD  on residue LYS 34
core.conformation.Conformation: [ WARNING ] missing heavyatom:  CE  on residue LYS 34
core.conformation.Conformation: [ WARNING ] missing heavyatom:  NZ  on residue LYS 34
core.conformation.Conformation: [ WARNING ] missing heavyatom:  OG  on residue SER 37
core.conformation.Conformation: [ WARNING ] missing heavyatom:  OG1 on residue THR 39
core.conformation.Conformation: [ WARNING ] missing heavyatom:  CG2 on residue THR 39
core.conformation.Conformation: [ WARNING ] missing heavyatom:  OG1 on residue THR 41
core.conformation.Conformation: [ WARNING ] missing heavyatom:  CG2 on residue THR 41
core.conformation.Conformation: [ WARNING ] missing heavyatom:  CG  on residue LEU 48
core.conformation.Conformation: [ WARNING ] missing heavyatom:  CD1 on residue LEU 48
core.conformation.Conformation: [ WARNING ] missing heavyatom:  CD2 on residue LEU 48
core.conformation.Conformation: [ WARNING ] missing heavyatom:  CG  on residue ASP 49
core.conformation.Conformation: [ WARNING ] missing heavyatom:  OD1 on residue ASP 49
core.conformation.Conformation: [ WARNING ] missing heavyatom:  OD2 on residue ASP 49
core.conformation.Conformation: [ WARNING ] missing heavyatom:  CG  on residue LYS 72
core.conformation.Conformation: [ WARNING ] missing heavyatom:  CD  on residue LYS 72
core.conformation.Conformation: [ WARNING ] missing heavyatom:  CE  on residue LYS 72
core.conformation.Conformation: [ WARNING ] missing heavyatom:  NZ  on residue LYS 72
core.conformation.Conformation: [ WARNING ] missing heavyatom:  OG  on residue SER 137
core.conformation.Conformation: [ WARNING ] missing heavyatom:  CG  on residue ASP 138
core.conformation.Conformation: [ WARNING ] missing heavyatom:  OD1 on residue ASP 138
core.conformation.Conformation: [ WARNING ] missing heavyatom:  OD2 on residue ASP 138
core.conformation.Conformation: [ WARNING ] missing heavyatom:  CG  on residue GLU 153
core.conformation.Conformation: [ WARNING ] missing heavyatom:  CD  on residue GLU 153
core.conformation.Conformation: [ WARNING ] missing heavyatom:  OE1 on residue GLU 153
core.conformation.Conformation: [ WARNING ] missing heavyatom:  OE2 on residue GLU 153
core.conformation.Conformation: [ WARNING ] missing heavyatom:  CG  on residue LYS 168
core.conformation.Conformation: [ WARNING ] missing heavyatom:  CD  on residue LYS 168
core.conformation.Conformation: [ WARNING ] missing heavyatom:  CE  on residue LYS 168
core.conformation.Conformation: [ WARNING ] missing heavyatom:  NZ  on residue LYS 168
core.conformation.Conformation: [ WARNING ] missing heavyatom:  CG  on residue LYS 169
core.conformation.Conformation: [ WARNING ] missing heavyatom:  CD  on residue LYS 169
core.conformation.Conformation: [ WARNING ] missing heavyatom:  CE  on residue LYS 169
core.conformation.Conformation: [ WARNING ] missing heavyatom:  NZ  on residue LYS 169
core.conformation.Conformation: [ WARNING ] missing heavyatom:  CG  on residue GLN 196
core.conformation.Conformation: [ WARNING ] missing heavyatom:  CD  on residue GLN 196
core.conformation.Conformation: [ WARNING ] missing heavyatom:  OE1 on residue GLN 196
core.conformation.Conformation: [ WARNING ] missing heavyatom:  NE2 on residue GLN 196
core.conformation.Conformation: [ WARNING ] missing heavyatom:  CG  on residue LYS 207
core.conformation.Conformation: [ WARNING ] missing heavyatom:  CD  on residue LYS 207
core.conformation.Conformation: [ WARNING ] missing heavyatom:  CE  on residue LYS 207
core.conformation.Conformation: [ WARNING ] missing heavyatom:  NZ  on residue LYS 207
core.conformation.Conformation: [ WARNING ] missing heavyatom:  CD  on residue LYS 209
core.conformation.Conformation: [ WARNING ] missing heavyatom:  CE  on residue LYS 209
core.conformation.Conformation: [ WARNING ] missing heavyatom:  NZ  on residue LYS 209
core.conformation.Conformation: [ WARNING ] missing heavyatom:  CG  on residue LYS 238
core.conformation.Conformation: [ WARNING ] missing heavyatom:  CD  on residue LYS 238
core.conformation.Conformation: [ WARNING ] missing heavyatom:  CE  on residue LYS 238
core.conformation.Conformation: [ WARNING ] missing heavyatom:  NZ  on residue LYS 238
core.conformation.Conformation: [ WARNING ] missing heavyatom:  CG  on residue GLN 257
core.conformation.Conformation: [ WARNING ] missing heavyatom:  CD  on residue GLN 257
core.conformation.Conformation: [ WARNING ] missing heavyatom:  OE1 on residue GLN 257
core.conformation.Conformation: [ WARNING ] missing heavyatom:  NE2 on residue GLN 257
core.conformation.Conformation: [ WARNING ] missing heavyatom:  OXT on residue LYS_p:CtermProteinFull 258
core.pack.task: Packer task: initialize from command line() 
core.pack.pack_missing_sidechains: packing residue number 1 because of missing atom number 6 atom name  CG 
core.pack.pack_missing_sidechains: packing residue number 13 because of missing atom number 6 atom name  OG 
core.pack.pack_missing_sidechains: packing residue number 21 because of missing atom number 7 atom name  CD 
core.pack.pack_missing_sidechains: packing residue number 23 because of missing atom number 8 atom name  CE 
core.pack.pack_missing_sidechains: packing residue number 24 because of missing atom number 6 atom name  OG1
core.pack.pack_missing_sidechains: packing residue number 31 because of missing atom number 8 atom name  CE 
core.pack.pack_missing_sidechains: packing residue number 34 because of missing atom number 6 atom name  CG 
core.pack.pack_missing_sidechains: packing residue number 37 because of missing atom number 6 atom name  OG 
core.pack.pack_missing_sidechains: packing residue number 39 because of missing atom number 6 atom name  OG1
core.pack.pack_missing_sidechains: packing residue number 41 because of missing atom number 6 atom name  OG1
core.pack.pack_missing_sidechains: packing residue number 48 because of missing atom number 6 atom name  CG 
core.pack.pack_missing_sidechains: packing residue number 49 because of missing atom number 6 atom name  CG 
core.pack.pack_missing_sidechains: packing residue number 72 because of missing atom number 6 atom name  CG 
core.pack.pack_missing_sidechains: packing residue number 137 because of missing atom number 6 atom name  OG 
core.pack.pack_missing_sidechains: packing residue number 138 because of missing atom number 6 atom name  CG 
core.pack.pack_missing_sidechains: packing residue number 153 because of missing atom number 6 atom name  CG 
core.pack.pack_missing_sidechains: packing residue number 168 because of missing atom number 6 atom name  CG 
core.pack.pack_missing_sidechains: packing residue number 169 because of missing atom number 6 atom name  CG 
core.pack.pack_missing_sidechains: packing residue number 196 because of missing atom number 6 atom name  CG 
core.pack.pack_missing_sidechains: packing residue number 207 because of missing atom number 6 atom name  CG 
core.pack.pack_missing_sidechains: packing residue number 209 because of missing atom number 7 atom name  CD 
core.pack.pack_missing_sidechains: packing residue number 238 because of missing atom number 6 atom name  CG 
core.pack.pack_missing_sidechains: packing residue number 257 because of missing atom number 6 atom name  CG 
core.scoring.dunbrack: Dunbrack library took 0.06 seconds to load from binary
core.pack.interaction_graph.interaction_graph_factory: Instantiating DensePDInteractionGraph
core.pack.pack_rotamers: built 251 rotamers at 23 positions.
core.pack.pack_rotamers: IG: 14632 bytes
core.scoring.packing.compute_holes_score: compute_holes_surfs try: 1
core.scoring.packing.compute_holes_score: compute_holes_surfs completed successfully
core.scoring.packing.compute_holes_score: compute_rosettaholes_score done: 2.05886
RosettaHoles: 2JAM.mainChain.pdb 2.05886 2.0564 -1.72988 195.255
dumping pdb to 2JAM.mainChain.pdb_cavs.pdb
dumping cavities 
protocols.packstat: prune raduis 1.4 16016 9189 6369 4944 4148 3654 3341 3145 3041 2976 2932 2899 2872 2853 2833 2824 2819 2815 2813 2811 2810 2810 
core.conformation.util: Non-ideal residue detected:  Residue #1 atom #1:  Ideal D=1.458, Inspected D=1.49392
core.io.silent: ERROR: trying to use a 'protein' type silent file for a non-ideal pose
core.io.silent: consider using the '-out:file:silent_struct_type binary' flag
