Scanning examples...done
Reading examples into memory...100..200..300..400..500..600..700..800..900..1000..1100..1200..1300..1400..1500..1600..1700..1800..1900..2000..2100..2200..2300..2400..2500..2600..2700..2800..2900..3000..3100..3200..3300..3400..3500..3600..3700..3800..3900..4000..4100..4200..4300..4400..4500..4600..4700..4800..4900..5000..5100..5200..5300..5400..5500..5600..5700..5800..5900..6000..6100..6200..6300..6400..6500..OK. (6507 examples read)
Setting default regularization parameter C=0.3156

Deactivating Shrinking due to an incompatibility with the transductive 
learner in the current version.

Optimizing.................................................................................................................................................................................................................................................................................................................................................................................................................................................................................................................................................................................................................................................................................................................................................................................................................................................................................................................................................................................................................................................................................................................................................................................................................................................................................................................................................................................................................................................................................................................................................................................................................................................................................................................................................................................................................................................................................................................................................................................................................................................................................................................................................................................................................................................................................................................................................................................................................................................................................................................................................................................................................................................................................................................................................................................................................................................................................................................................................................................................................................................................................................................................................................................................................................................................................................................................................................................................................................................................................................................................................................................................
WARNING: Relaxing epsilon on KT-Conditions (0.010000).
...................................................
WARNING: Relaxing epsilon on KT-Conditions (0.100000).
....................................................
WARNING: Relaxing epsilon on KT-Conditions (1.000000).
...................................................
WARNING: Relaxing epsilon on KT-Conditions (10.000000).
.done
Classifying unlabeled data as 16 POS / 102 NEG.
Retraining...done
Increasing influence of unlabeled examples to 0.001500% ..............................................................................................................................................................................................................................................................................................................................................................................................................................................................................................................................................................................................................................................................................................................................................................................................................................................................................................................................................................................................................................................................................................................................................................................................................................................................................................................................................................................done
Retraining....................................................................................................................................................................................................................................................................................................................................................................................................................................................................................................................................................................................................................................................................................................................................................................................................................................................................................................................................................................................................................................................................................................................................................................................................................................................................................................................................................................................................................................................................................................................................................................................................................................................................................................................................................................................................................................................................................................................................................................................................................................................................................................................................................done
87 positive -> Switching labels of 1 POS / 1 NEG unlabeled examples...done
Retraining........done
86 positive -> Switching labels of 1 POS / 1 NEG unlabeled examples...done
Retraining...done
Increasing influence of unlabeled examples to 0.002250% ....................................................................................done
Retraining............................................done
Increasing influence of unlabeled examples to 0.003375% ....................................................................................done
Retraining..............................done
Increasing influence of unlabeled examples to 0.005063% ....................................................................................done
Retraining.................done
Increasing influence of unlabeled examples to 0.007594% ....................................................................................done
Retraining....................................................done
Increasing influence of unlabeled examples to 0.011391% ....................................................................................done
Retraining...........................done
Increasing influence of unlabeled examples to 0.017086% .....................................................................................done
Retraining....................done
Increasing influence of unlabeled examples to 0.025629% .....................................................................................done
Retraining................done
Increasing influence of unlabeled examples to 0.038443% .....................................................................................done
Retraining...........................done
Increasing influence of unlabeled examples to 0.057665% .....................................................................................done
Retraining.............................done
Increasing influence of unlabeled examples to 0.086498% .....................................................................................done
Retraining....................done
Increasing influence of unlabeled examples to 0.129746% .....................................................................................done
Retraining..................done
Increasing influence of unlabeled examples to 0.194620% .....................................................................................done
Retraining.................done
Increasing influence of unlabeled examples to 0.291929% .....................................................................................done
Retraining..............done
Increasing influence of unlabeled examples to 0.437894% .....................................................................................done
Retraining..............done
Increasing influence of unlabeled examples to 0.656841% .....................................................................................done
Retraining..............done
Increasing influence of unlabeled examples to 0.985261% .....................................................................................done
Retraining..............done
Increasing influence of unlabeled examples to 1.477892% .....................................................................................done
Retraining...................done
Increasing influence of unlabeled examples to 2.216838% ......................................................................................done
Retraining......................done
Increasing influence of unlabeled examples to 3.325257% .......................................................................................done
Retraining..................done
Increasing influence of unlabeled examples to 4.987885% .....................................................................................done
Retraining........................done
Increasing influence of unlabeled examples to 7.481828% .....................................................................................done
Retraining......................done
Increasing influence of unlabeled examples to 11.222741% .....................................................................................done
Retraining...................................done
Increasing influence of unlabeled examples to 16.834112% .......................................................................................done
Retraining....................................................done
Increasing influence of unlabeled examples to 25.251168% ......................................................................................done
Retraining........................................................done
Increasing influence of unlabeled examples to 37.876752% ..........................................................................................done
Retraining.......................done
Increasing influence of unlabeled examples to 56.815129% ........................................................................................done
Retraining............................................................................done
Increasing influence of unlabeled examples to 85.222693% ..........................................................................................done
Retraining..........................................................................................................................................................done
Increasing influence of unlabeled examples to 100.000000% ........................................................................................done
Retraining....................................................................................................................................................................................................................................................................................................................................................................................................................................................................................................................................................................................................................................done
Writing prediction file...done
Number of switches: 4
done. (10847 iterations)
Optimization finished (2387 misclassified, maxdiff=0.00097).
Runtime in cpu-seconds: 1962.64
Number of SV: 4579 (including 4568 at upper bound)
L1 loss: loss=5328.87077
Norm of weight vector: |w|=3.85079
Norm of longest example vector: |x|=2.23607
Estimated VCdim of classifier: VCdim<=75.14294
xacrit>=1: labeledpos=5.54077 labeledneg=64.61105 default=13.24151
xacrit>=1: unlabelpos=0.00000 unlabelneg=78.81356
xacrit>=1: labeled=70.15182 unlabled=78.81356 all=70.30890
xacritsum: labeled=287.37182 unlabled=246.52286 all=286.63105
r_delta_sq=5.00000 xisum=5328.87390 asum=2664.44176
Number of kernel evaluations: 114939
Writing model file...done
