Graph START

Adding vertex (chain-B, position-33, res-GLU)
New vertex id: 0
1170 1171 1172 1173 1174 1175 1176 1177 1178 
Adding vertex (chain-B, position-34, res-LYS)
New vertex id: 1
1179 1180 1181 1182 1183 1184 1185 1186 1187 
Adding vertex (chain-B, position-35, res-THR)
New vertex id: 2
1188 1189 1190 1191 1192 1193 1194 
Adding vertex (chain-B, position-36, res-ASP)
New vertex id: 3
1195 1196 1197 1198 1199 1200 1201 1202 
Adding vertex (chain-B, position-37, res-GLU)
New vertex id: 4
1203 1204 1205 1206 1207 1208 1209 1210 1211 
Adding vertex (chain-B, position-38, res-TYR)
New vertex id: 5
1212 1213 1214 1215 1216 1217 1218 1219 1220 1221 1222 1223 
Adding vertex (chain-B, position-39, res-LEU)
New vertex id: 6
1224 1225 1226 1227 1228 1229 1230 1231 
Adding vertex (chain-B, position-40, res-LEU)
New vertex id: 7
1232 1233 1234 1235 1236 1237 1238 1239 
Adding vertex (chain-B, position-41, res-ALA)
New vertex id: 8
1240 1241 1242 1243 1244 
Adding vertex (chain-B, position-42, res-ARG)
New vertex id: 9
1245 1246 1247 1248 1249 1250 1251 1252 1253 1254 1255 
Adding vertex (chain-B, position-43, res-PHE)
New vertex id: 10
1256 1257 1258 1259 1260 1261 1262 1263 1264 1265 1266 
Adding vertex (chain-B, position-44, res-LYS)
New vertex id: 11
1267 1268 1269 1270 1271 1272 1273 1274 1275 
Adding vertex (chain-B, position-45, res-GLY)
New vertex id: 12
1276 1277 1278 1279 
Adding vertex (chain-B, position-46, res-ASP)
New vertex id: 13
1280 1281 1282 1283 1284 1285 1286 1287 
Adding vertex (chain-B, position-47, res-GLY)
New vertex id: 14
1288 1289 1290 1291 
Adding vertex (chain-B, position-48, res-VAL)
New vertex id: 15
1292 1293 1294 1295 1296 1297 1298 
Adding vertex (chain-B, position-49, res-LYS)
New vertex id: 16
1299 1300 1301 1302 1303 1304 1305 1306 1307 
Adding vertex (chain-B, position-50, res-TYR)
New vertex id: 17
1308 1309 1310 1311 1312 1313 1314 1315 1316 1317 1318 1319 
Adding vertex (chain-B, position-51, res-LYS)
New vertex id: 18
1320 1321 1322 1323 1324 1325 1326 1327 1328 
Adding vertex (chain-B, position-52, res-ALA)
New vertex id: 19
1329 1330 1331 1332 1333 
Adding vertex (chain-B, position-53, res-LYS)
New vertex id: 20
1334 1335 1336 1337 1338 1339 1340 1341 1342 
Adding vertex (chain-B, position-54, res-LEU)
New vertex id: 21
1343 1344 1345 1346 1347 1348 1349 1350 
Adding vertex (chain-B, position-55, res-ILE)
New vertex id: 22
1351 1352 1353 1354 1355 1356 1357 1358 
Adding vertex (chain-B, position-56, res-GLY)
New vertex id: 23
1359 1360 1361 1362 
Adding vertex (chain-B, position-57, res-ILE)
New vertex id: 24
1363 1364 1365 1366 1367 1368 1369 1370 
Adding vertex (chain-B, position-58, res-ASP)
New vertex id: 25
1371 1372 1373 1374 1375 1376 1377 1378 
Adding vertex (chain-B, position-59, res-ASP)
New vertex id: 26
1379 1380 1381 1382 1383 1384 1385 1386 
Adding vertex (chain-B, position-60, res-VAL)
New vertex id: 27
1387 1388 1389 1390 1391 1392 1393 
Adding vertex (chain-B, position-61, res-PRO)
New vertex id: 28
1394 1395 1396 1397 1398 1399 1400 
Adding vertex (chain-B, position-62, res-ASP)
New vertex id: 29
1401 1402 1403 1404 1405 1406 1407 1408 
Adding vertex (chain-B, position-63, res-ALA)
New vertex id: 30
1409 1410 1411 1412 1413 
Adding vertex (chain-B, position-64, res-ARG)
New vertex id: 31
1414 1415 1416 1417 1418 1419 1420 1421 1422 1423 1424 
Adding vertex (chain-B, position-65, res-GLY)
New vertex id: 32
1425 1426 1427 1428 
Adding vertex (chain-B, position-66, res-ASP)
New vertex id: 33
1429 1430 1431 1432 1433 1434 1435 1436 
Adding vertex (chain-B, position-67, res-LYS)
New vertex id: 34
1437 1438 1439 1440 1441 1442 1443 1444 1445 
Adding vertex (chain-B, position-68, res-MET)
New vertex id: 35
1446 1447 1448 1449 1450 1451 1452 1453 
Adding vertex (chain-B, position-69, res-SER)
New vertex id: 36
1454 1455 1456 1457 1458 1459 
Adding vertex (chain-B, position-70, res-GLN)
New vertex id: 37
1460 1461 1462 1463 1464 1465 1466 1467 1468 
Adding vertex (chain-B, position-71, res-ASP)
New vertex id: 38
1469 1470 1471 1472 1473 1474 1475 1476 
Adding vertex (chain-B, position-72, res-SER)
New vertex id: 39
1477 1478 1479 1480 1481 1482 
Adding vertex (chain-B, position-73, res-MET)
New vertex id: 40
1483 1484 1485 1486 1487 1488 1489 1490 
Adding vertex (chain-B, position-74, res-MET)
New vertex id: 41
1491 1492 1493 1494 1495 1496 1497 1498 
Adding vertex (chain-B, position-75, res-LYS)
New vertex id: 42
1499 1500 1501 1502 1503 1504 1505 1506 1507 
Adding vertex (chain-B, position-76, res-LEU)
New vertex id: 43
1508 1509 1510 1511 1512 1513 1514 1515 
Adding vertex (chain-B, position-77, res-LYS)
New vertex id: 44
1516 1517 1518 1519 1520 1521 1522 1523 1524 
Adding vertex (chain-B, position-78, res-GLY)
New vertex id: 45
1525 1526 1527 1528 
Adding vertex (chain-B, position-79, res-MET)
New vertex id: 46
1529 1530 1531 1532 1533 1534 1535 1536 
Adding vertex (chain-B, position-80, res-ALA)
New vertex id: 47
1537 1538 1539 1540 1541 
Adding vertex (chain-B, position-81, res-ALA)
New vertex id: 48
1542 1543 1544 1545 1546 
Adding vertex (chain-B, position-82, res-ALA)
New vertex id: 49
1547 1548 1549 1550 1551 
Adding vertex (chain-B, position-83, res-GLY)
New vertex id: 50
1552 1553 1554 1555 
Adding vertex (chain-B, position-84, res-ARG)
New vertex id: 51
1556 1557 1558 1559 1560 1561 1562 1563 1564 1565 1566 
Adding vertex (chain-B, position-85, res-SER)
New vertex id: 52
1567 1568 1569 1570 1571 1572 
Adding vertex (chain-B, position-86, res-GLN)
New vertex id: 53
1573 1574 1575 1576 1577 1578 1579 1580 1581 
Adding vertex (chain-B, position-87, res-GLY)
New vertex id: 54
1582 1583 1584 1585 
Adding vertex (chain-B, position-88, res-GLN)
New vertex id: 55
1586 1587 1588 1589 1590 1591 1592 1593 1594 
Adding vertex (chain-B, position-89, res-HIS)
New vertex id: 56
1595 1596 1597 1598 1599 1600 1601 1602 1603 1604 
Adding vertex (chain-B, position-90, res-LYS)
New vertex id: 57
1605 1606 1607 1608 1609 1610 1611 1612 1613 
Adding vertex (chain-B, position-91, res-GLN)
New vertex id: 58
1614 1615 1616 1617 1618 1619 1620 1621 1622 
Adding vertex (chain-B, position-92, res-ARG)
New vertex id: 59
1623 1624 1625 1626 1627 1628 1629 1630 1631 1632 1633 
Adding vertex (chain-B, position-93, res-ILE)
New vertex id: 60
1634 1635 1636 1637 1638 1639 1640 1641 
Adding vertex (chain-B, position-94, res-TRP)
New vertex id: 61
1642 1643 1644 1645 1646 1647 1648 1649 1650 1651 1652 1653 1654 1655 
Adding vertex (chain-B, position-95, res-VAL)
New vertex id: 62
1656 1657 1658 1659 1660 1661 1662 
Adding vertex (chain-B, position-96, res-ASN)
New vertex id: 63
1663 1664 1665 1666 1667 1668 1669 1670 
Adding vertex (chain-B, position-97, res-ILE)
New vertex id: 64
1671 1672 1673 1674 1675 1676 1677 1678 
Adding vertex (chain-B, position-98, res-SER)
New vertex id: 65
1679 1680 1681 1682 1683 1684 
Adding vertex (chain-B, position-99, res-LEU)
New vertex id: 66
1685 1686 1687 1688 1689 1690 1691 1692 
Adding vertex (chain-B, position-100, res-SER)
New vertex id: 67
1693 1694 1695 1696 1697 1698 
Adding vertex (chain-B, position-101, res-GLY)
New vertex id: 68
1699 1700 1701 1702 
Adding vertex (chain-B, position-102, res-ILE)
New vertex id: 69
1703 1704 1705 1706 1707 1708 1709 1710 
Adding vertex (chain-B, position-103, res-LYS)
New vertex id: 70
1711 1712 1713 1714 1715 1716 1717 1718 1719 
Adding vertex (chain-B, position-104, res-ILE)
New vertex id: 71
1720 1721 1722 1723 1724 1725 1726 1727 
Adding vertex (chain-B, position-105, res-ILE)
New vertex id: 72
1728 1729 1730 1731 1732 1733 1734 1735 
Adding vertex (chain-B, position-106, res-ASP)
New vertex id: 73
1736 1737 1738 1739 1740 1741 1742 1743 
Adding vertex (chain-B, position-107, res-GLU)
New vertex id: 74
1744 1745 1746 1747 1748 1749 1750 1751 1752 
Adding vertex (chain-B, position-108, res-LYS)
New vertex id: 75
1753 1754 1755 1756 1757 1758 1759 1760 1761 
Adding vertex (chain-B, position-109, res-THR)
New vertex id: 76
1762 1763 1764 1765 1766 1767 1768 
Adding vertex (chain-B, position-110, res-GLY)
New vertex id: 77
1769 1770 1771 1772 
Adding vertex (chain-B, position-111, res-VAL)
New vertex id: 78
1773 1774 1775 1776 1777 1778 1779 
Adding vertex (chain-B, position-112, res-ILE)
New vertex id: 79
1780 1781 1782 1783 1784 1785 1786 1787 
Adding vertex (chain-B, position-113, res-GLU)
New vertex id: 80
1788 1789 1790 1791 1792 1793 1794 1795 1796 
Adding vertex (chain-B, position-114, res-HIS)
New vertex id: 81
1797 1798 1799 1800 1801 1802 1803 1804 1805 1806 
Adding vertex (chain-B, position-115, res-GLU)
New vertex id: 82
1807 1808 1809 1810 1811 1812 1813 1814 1815 
Adding vertex (chain-B, position-116, res-HIS)
New vertex id: 83
1816 1817 1818 1819 1820 1821 1822 1823 1824 1825 
Adding vertex (chain-B, position-117, res-PRO)
New vertex id: 84
1826 1827 1828 1829 1830 1831 1832 
Adding vertex (chain-B, position-118, res-VAL)
New vertex id: 85
1833 1834 1835 1836 1837 1838 1839 
Adding vertex (chain-B, position-119, res-ASN)
New vertex id: 86
1840 1841 1842 1843 1844 1845 1846 1847 
Adding vertex (chain-B, position-120, res-LYS)
New vertex id: 87
1848 1849 1850 1851 1852 1853 1854 1855 1856 
Adding vertex (chain-B, position-121, res-ILE)
New vertex id: 88
1857 1858 1859 1860 1861 1862 1863 1864 
Adding vertex (chain-B, position-122, res-SER)
New vertex id: 89
1865 1866 1867 1868 1869 1870 
Adding vertex (chain-B, position-123, res-PHE)
New vertex id: 90
1871 1872 1873 1874 1875 1876 1877 1878 1879 1880 1881 
Adding vertex (chain-B, position-124, res-ILE)
New vertex id: 91
1882 1883 1884 1885 1886 1887 1888 1889 
Adding vertex (chain-B, position-125, res-ALA)
New vertex id: 92
1890 1891 1892 1893 1894 
Adding vertex (chain-B, position-126, res-ARG)
New vertex id: 93
1895 1896 1897 1898 1899 1900 1901 1902 1903 1904 1905 
Adding vertex (chain-B, position-127, res-ASP)
New vertex id: 94
1906 1907 1908 1909 1910 1911 1912 1913 
Adding vertex (chain-B, position-128, res-VAL)
New vertex id: 95
1914 1915 1916 1917 1918 1919 1920 
Adding vertex (chain-B, position-129, res-THR)
New vertex id: 96
1921 1922 1923 1924 1925 1926 1927 
Adding vertex (chain-B, position-130, res-ASP)
New vertex id: 97
1928 1929 1930 1931 1932 1933 1934 1935 
Adding vertex (chain-B, position-131, res-ASN)
New vertex id: 98
1936 1937 1938 1939 1940 1941 1942 1943 
Adding vertex (chain-B, position-132, res-ARG)
New vertex id: 99
1944 1945 1946 1947 1948 1949 1950 1951 1952 1953 1954 
Adding vertex (chain-B, position-133, res-ALA)
New vertex id: 100
1955 1956 1957 1958 1959 
Adding vertex (chain-B, position-134, res-PHE)
New vertex id: 101
1960 1961 1962 1963 1964 1965 1966 1967 1968 1969 1970 
Adding vertex (chain-B, position-135, res-GLY)
New vertex id: 102
1971 1972 1973 1974 
Adding vertex (chain-B, position-136, res-TYR)
New vertex id: 103
1975 1976 1977 1978 1979 1980 1981 1982 1983 1984 1985 1986 
Adding vertex (chain-B, position-137, res-VAL)
New vertex id: 104
1987 1988 1989 1990 1991 1992 1993 
Adding vertex (chain-B, position-138, res-CYS)
New vertex id: 105
1994 1995 1996 1997 1998 1999 
Adding vertex (chain-B, position-139, res-GLY)
New vertex id: 106
2000 2001 2002 2003 
Adding vertex (chain-B, position-140, res-GLY)
New vertex id: 107
2004 2005 2006 2007 
Adding vertex (chain-B, position-141, res-GLU)
New vertex id: 108
2008 2009 2010 2011 2012 2013 2014 2015 2016 
Adding vertex (chain-B, position-142, res-GLY)
New vertex id: 109
2017 2018 2019 2020 
Adding vertex (chain-B, position-143, res-GLN)
New vertex id: 110
2021 2022 2023 2024 2025 2026 2027 2028 2029 
Adding vertex (chain-B, position-144, res-HIS)
New vertex id: 111
2030 2031 2032 2033 2034 2035 2036 2037 2038 2039 
Adding vertex (chain-B, position-145, res-GLN)
New vertex id: 112
2040 2041 2042 2043 2044 2045 2046 2047 2048 
Adding vertex (chain-B, position-146, res-PHE)
New vertex id: 113
2049 2050 2051 2052 2053 2054 2055 2056 2057 2058 2059 
Adding vertex (chain-B, position-147, res-PHE)
New vertex id: 114
2060 2061 2062 2063 2064 2065 2066 2067 2068 2069 2070 
Adding vertex (chain-B, position-148, res-ALA)
New vertex id: 115
2071 2072 2073 2074 2075 
Adding vertex (chain-B, position-149, res-ILE)
New vertex id: 116
2076 2077 2078 2079 2080 2081 2082 2083 
Adding vertex (chain-B, position-150, res-LYS)
New vertex id: 117
2084 2085 2086 2087 2088 2089 2090 2091 2092 
Adding vertex (chain-B, position-151, res-THR)
New vertex id: 118
2093 2094 2095 2096 2097 2098 2099 
Adding vertex (chain-B, position-152, res-GLY)
New vertex id: 119
2100 2101 2102 2103 
Adding vertex (chain-B, position-153, res-GLN)
New vertex id: 120
2104 2105 2106 2107 2108 2109 2110 2111 2112 
Adding vertex (chain-B, position-154, res-GLN)
New vertex id: 121
2113 2114 2115 2116 2117 2118 2119 2120 2121 
Adding vertex (chain-B, position-155, res-ALA)
New vertex id: 122
2122 2123 2124 2125 2126 
Adding vertex (chain-B, position-156, res-GLU)
New vertex id: 123
2127 2128 2129 2130 2131 2132 2133 2134 2135 
Adding vertex (chain-B, position-157, res-PRO)
New vertex id: 124
2136 2137 2138 2139 2140 2141 2142 
Adding vertex (chain-B, position-158, res-LEU)
New vertex id: 125
2143 2144 2145 2146 2147 2148 2149 2150 
Adding vertex (chain-B, position-159, res-VAL)
New vertex id: 126
2151 2152 2153 2154 2155 2156 2157 
Adding vertex (chain-B, position-160, res-VAL)
New vertex id: 127
2158 2159 2160 2161 2162 2163 2164 
Adding vertex (chain-B, position-161, res-ASP)
New vertex id: 128
2165 2166 2167 2168 2169 2170 2171 2172 
Adding vertex (chain-B, position-162, res-LEU)
New vertex id: 129
2173 2174 2175 2176 2177 2178 2179 2180 
Adding vertex (chain-B, position-163, res-LYS)
New vertex id: 130
2181 2182 2183 2184 2185 2186 2187 2188 2189 
Adding vertex (chain-B, position-164, res-ASP)
New vertex id: 131
2190 2191 2192 2193 2194 2195 2196 2197 
Adding vertex (chain-B, position-165, res-LEU)
New vertex id: 132
2198 2199 2200 2201 2202 2203 2204 2205 
Adding vertex (chain-B, position-166, res-PHE)
New vertex id: 133
2206 2207 2208 2209 2210 2211 2212 2213 2214 2215 2216 
Adding vertex (chain-B, position-167, res-GLN)
New vertex id: 134
2217 2218 2219 2220 2221 2222 2223 2224 2225 
Adding vertex (chain-B, position-168, res-VAL)
New vertex id: 135
2226 2227 2228 2229 2230 2231 2232 
Adding vertex (chain-B, position-169, res-ILE)
New vertex id: 136
2233 2234 2235 2236 2237 2238 2239 2240 
Adding vertex (chain-B, position-170, res-TYR)
New vertex id: 137
2241 2242 2243 2244 2245 2246 2247 2248 2249 2250 2251 2252 
Adding vertex (chain-B, position-171, res-ASN)
New vertex id: 138
2253 2254 2255 2256 2257 2258 2259 2260 
Adding vertex (chain-B, position-172, res-VAL)
New vertex id: 139
2261 2262 2263 2264 2265 2266 2267 
Adding vertex (chain-B, position-173, res-LYS)
New vertex id: 140
2268 2269 2270 2271 2272 2273 2274 2275 2276 
Adding vertex (chain-B, position-174, res-LYS)
New vertex id: 141
2277 2278 2279 2280 2281 2282 2283 2284 2285 
Adding vertex (chain-B, position-175, res-LYS)
New vertex id: 142
2286 2287 2288 2289 2290 2291 2292 2293 2294 
Adding vertex (chain-B, position-176, res-GLU)
New vertex id: 143
2295 2296 2297 2298 2299 2300 2301 2302 2303 
Adding vertex (chain-B, position-177, res-GLU)
New vertex id: 144
2304 2305 2306 2307 2308 2309 2310 2311 2312 
Adding vertex (chain-B, position-178, res-ASP)
New vertex id: 145
2313 2314 2315 2316 2317 2318 2319 2320 
Adding vertex (chain-B, position-179, res-LYS)
New vertex id: 146
2321 2322 2323 2324 2325 2326 2327 2328 2329 
Adding vertex (chain-B, position-180, res-LYS)
New vertex id: 147
2330 2331 2332 2333 2334 2335 2336 2337 2338 
Graph DONE

( reduce -FLIPs 1NTV.pdb > 1NTV.H.pdb ) >& /dev/null
Reduce (-FLIPs) returned 256
( bndlst -Radius0.3 1NTV.H.pdb > 1NTV.H.bndlst ) >& /dev/null
BndLst returned 0
Parsing 1NTV.H.bndlst

bndlst START
Adding bndlst edge: (B_E33_MC -> B_K34_MC) type[cov], weight[1.00] from 0 to 1 dist[1.33]
Adding bndlst edge: (B_E33_MC -> B_T35_MC) type[hb], weight[0.58] from 0 to 2 dist[2.62]
Adding bndlst edge: (B_E33_SC -> B_K34_MC) type[hb], weight[0.84] from 0 to 1 dist[2.18]
Adding bndlst edge: (B_K34_MC -> B_T35_MC) type[cov], weight[1.00] from 1 to 2 dist[1.32]
Adding bndlst edge: (B_K34_SC -> B_D164_SC) type[salt], weight[1.05] from 1 to 131 dist[1.86]
Adding bndlst edge: (B_K34_SC -> B_D164_SC) type[salt], weight[0.52] from 1 to 131 dist[2.63]
Adding bndlst edge: (B_T35_MC -> B_D36_MC) type[cov], weight[1.00] from 2 to 3 dist[1.34]
Adding bndlst edge: (B_T35_MC -> B_L39_MC) type[hb], weight[1.01] from 2 to 6 dist[1.99]
Adding bndlst edge: (B_T35_MC -> B_Y38_MC) type[hb], weight[0.87] from 2 to 5 dist[2.14]
Adding bndlst edge: (B_T35_MC -> B_E37_MC) type[hb], weight[0.46] from 2 to 4 dist[2.94]
Adding bndlst edge: (B_T35_SC -> B_Y38_MC) type[hb], weight[0.84] from 2 to 5 dist[2.18]
Adding bndlst edge: (B_D36_MC -> B_E37_MC) type[cov], weight[1.00] from 3 to 4 dist[1.33]
Adding bndlst edge: (B_D36_MC -> B_L40_MC) type[hb], weight[0.89] from 3 to 7 dist[2.12]
Adding bndlst edge: (B_D36_SC -> B_N171_SC) type[hb], weight[0.85] from 3 to 138 dist[2.17]
Adding bndlst edge: (B_D36_SC -> B_N171_SC) type[hb], weight[0.59] from 3 to 138 dist[2.60]
Adding bndlst edge: (B_E37_MC -> B_Y38_MC) type[cov], weight[1.00] from 4 to 5 dist[1.33]
Adding bndlst edge: (B_E37_MC -> B_A41_MC) type[hb], weight[0.73] from 4 to 8 dist[2.34]
Adding bndlst edge: (B_E37_MC -> B_L40_MC) type[hb], weight[0.45] from 4 to 7 dist[3.00]
Adding bndlst edge: (B_Y38_MC -> B_L39_MC) type[cov], weight[1.00] from 5 to 6 dist[1.33]
Adding bndlst edge: (B_Y38_MC -> B_R42_MC) type[hb], weight[0.88] from 5 to 9 dist[2.13]
Adding bndlst edge: (B_Y38_MC -> B_A41_MC) type[hb], weight[0.62] from 5 to 8 dist[2.55]
Adding bndlst edge: (B_L39_MC -> B_L40_MC) type[cov], weight[1.00] from 6 to 7 dist[1.33]
Adding bndlst edge: (B_L39_MC -> B_F43_MC) type[hb], weight[1.00] from 6 to 10 dist[2.00]
Adding bndlst edge: (B_L39_MC -> B_R42_MC) type[hb], weight[0.63] from 6 to 9 dist[2.51]
Adding bndlst edge: (B_L40_MC -> B_A41_MC) type[cov], weight[1.00] from 7 to 8 dist[1.33]
Adding bndlst edge: (B_L40_MC -> B_K44_MC) type[hb], weight[0.65] from 7 to 11 dist[2.47]
Adding bndlst edge: (B_A41_MC -> B_R42_MC) type[cov], weight[1.00] from 8 to 9 dist[1.33]
Adding bndlst edge: (B_A41_MC -> B_K44_MC) type[hb], weight[0.49] from 8 to 11 dist[2.86]
Adding bndlst edge: (B_R42_MC -> B_F43_MC) type[cov], weight[1.00] from 9 to 10 dist[1.33]
Adding bndlst edge: (B_R42_SC -> B_D161_SC) type[salt], weight[1.09] from 9 to 128 dist[1.82]
Adding bndlst edge: (B_R42_SC -> B_Y50_SC) type[hb], weight[0.45] from 9 to 17 dist[2.97]
Adding bndlst edge: (B_R42_SC -> B_D161_SC) type[salt], weight[1.01] from 9 to 128 dist[1.89]
Adding bndlst edge: (B_R42_SC -> B_D161_SC) type[salt], weight[0.71] from 9 to 128 dist[2.25]
Adding bndlst edge: (B_F43_MC -> B_K44_MC) type[cov], weight[1.00] from 10 to 11 dist[1.32]
Adding bndlst edge: (B_F43_MC -> B_L99_MC) type[hb], weight[0.96] from 10 to 66 dist[2.04]
Adding bndlst edge: (B_K44_MC -> B_G45_MC) type[cov], weight[1.00] from 11 to 12 dist[1.33]
Adding bndlst edge: (B_K44_MC -> B_G47_MC) type[hb], weight[0.83] from 11 to 14 dist[2.19]
Adding bndlst edge: (B_G45_MC -> B_D46_MC) type[cov], weight[1.00] from 12 to 13 dist[1.33]
Adding bndlst edge: (B_G45_MC -> B_G47_MC) type[hb], weight[0.45] from 12 to 14 dist[2.98]
Adding bndlst edge: (B_D46_MC -> B_G47_MC) type[cov], weight[1.00] from 13 to 14 dist[1.33]
Adding bndlst edge: (B_D46_MC -> B_N96_SC) type[hb], weight[0.58] from 13 to 63 dist[2.64]
Adding bndlst edge: (B_G47_MC -> B_V48_MC) type[cov], weight[1.00] from 14 to 15 dist[1.33]
Adding bndlst edge: (B_V48_MC -> B_K49_MC) type[cov], weight[1.00] from 15 to 16 dist[1.33]
Adding bndlst edge: (B_V48_MC -> B_I97_MC) type[hb], weight[1.12] from 15 to 64 dist[1.89]
Adding bndlst edge: (B_V48_MC -> B_I97_MC) type[hb], weight[1.12] from 15 to 64 dist[1.89]
Adding bndlst edge: (B_K49_MC -> B_Y50_MC) type[cov], weight[1.00] from 16 to 17 dist[1.33]
Adding bndlst edge: (B_Y50_MC -> B_K51_MC) type[cov], weight[1.00] from 17 to 18 dist[1.32]
Adding bndlst edge: (B_Y50_MC -> B_V95_MC) type[hb], weight[1.29] from 17 to 62 dist[1.76]
Adding bndlst edge: (B_Y50_MC -> B_V95_MC) type[hb], weight[1.04] from 17 to 62 dist[1.96]
Adding bndlst edge: (B_Y50_SC -> B_D161_SC) type[hb], weight[1.45] from 17 to 128 dist[1.66]
Adding bndlst edge: (B_K51_MC -> B_A52_MC) type[cov], weight[1.00] from 18 to 19 dist[1.33]
Adding bndlst edge: (B_K51_MC -> B_G152_MC) type[hb], weight[0.91] from 18 to 119 dist[2.10]
Adding bndlst edge: (B_K51_SC -> B_E107_SC) type[salt], weight[0.45] from 18 to 74 dist[2.83]
Adding bndlst edge: (B_K51_SC -> B_E107_SC) type[salt], weight[0.72] from 18 to 74 dist[2.24]
Adding bndlst edge: (B_A52_MC -> B_K53_MC) type[cov], weight[1.00] from 19 to 20 dist[1.33]
Adding bndlst edge: (B_A52_MC -> B_I93_MC) type[hb], weight[1.15] from 19 to 60 dist[1.86]
Adding bndlst edge: (B_A52_MC -> B_I93_MC) type[hb], weight[1.02] from 19 to 60 dist[1.98]
Adding bndlst edge: (B_K53_MC -> B_L54_MC) type[cov], weight[1.00] from 20 to 21 dist[1.33]
Adding bndlst edge: (B_K53_MC -> B_K150_MC) type[hb], weight[1.03] from 20 to 117 dist[1.97]
Adding bndlst edge: (B_K53_MC -> B_K150_MC) type[hb], weight[1.02] from 20 to 117 dist[1.99]
Adding bndlst edge: (B_L54_MC -> B_I55_MC) type[cov], weight[1.00] from 21 to 22 dist[1.33]
Adding bndlst edge: (B_L54_MC -> B_Q91_MC) type[hb], weight[0.97] from 21 to 58 dist[2.03]
Adding bndlst edge: (B_I55_MC -> B_G56_MC) type[cov], weight[1.00] from 22 to 23 dist[1.33]
Adding bndlst edge: (B_I55_MC -> B_A148_MC) type[hb], weight[0.97] from 22 to 115 dist[2.03]
Adding bndlst edge: (B_G56_MC -> B_I57_MC) type[cov], weight[1.00] from 23 to 24 dist[1.33]
Adding bndlst edge: (B_G56_MC -> B_A148_MC) type[hb], weight[0.97] from 23 to 115 dist[2.03]
Adding bndlst edge: (B_G56_MC -> B_A148_MC) type[hb], weight[0.59] from 23 to 115 dist[2.60]
Adding bndlst edge: (B_I57_MC -> B_D58_MC) type[cov], weight[1.00] from 24 to 25 dist[1.33]
Adding bndlst edge: (B_D58_MC -> B_D59_MC) type[cov], weight[1.00] from 25 to 26 dist[1.33]
Adding bndlst edge: (B_D58_MC -> B_F146_MC) type[hb], weight[1.37] from 25 to 113 dist[1.71]
Adding bndlst edge: (B_D58_SC -> B_K75_SC) type[salt], weight[0.98] from 25 to 42 dist[1.92]
Adding bndlst edge: (B_D58_SC -> B_K75_SC) type[salt], weight[0.45] from 25 to 42 dist[2.82]
Adding bndlst edge: (B_D58_SC -> B_S72_SC) type[hb], weight[1.10] from 25 to 39 dist[1.91]
Adding bndlst edge: (B_D58_MC -> B_F146_MC) type[hb], weight[0.91] from 25 to 113 dist[2.09]
Adding bndlst edge: (B_D59_MC -> B_V60_MC) type[cov], weight[1.00] from 26 to 27 dist[1.33]
Adding bndlst edge: (B_D59_SC -> B_Q145_SC) type[hb], weight[0.67] from 26 to 112 dist[2.44]
Adding bndlst edge: (B_V60_MC -> B_P61_MC) type[cov], weight[1.00] from 27 to 28 dist[1.34]
Adding bndlst edge: (B_V60_MC -> B_H144_MC) type[hb], weight[1.01] from 27 to 111 dist[1.99]
Adding bndlst edge: (B_P61_MC -> B_D62_MC) type[cov], weight[1.00] from 28 to 29 dist[1.33]
Adding bndlst edge: (B_P61_MC -> B_H144_SC) type[hb], weight[0.50] from 28 to 111 dist[2.82]
Adding bndlst edge: (B_D62_MC -> B_A63_MC) type[cov], weight[1.00] from 29 to 30 dist[1.33]
Adding bndlst edge: (B_D62_MC -> B_M68_SC) type[hb], weight[0.54] from 29 to 35 dist[2.73]
Adding bndlst edge: (B_A63_MC -> B_R64_MC) type[cov], weight[1.00] from 30 to 31 dist[1.33]
Adding bndlst edge: (B_A63_MC -> B_S122_SC) type[hb], weight[1.18] from 30 to 89 dist[1.84]
Adding bndlst edge: (B_R64_MC -> B_G65_MC) type[cov], weight[1.00] from 31 to 32 dist[1.33]
Adding bndlst edge: (B_R64_SC -> B_F123_SC) type[hb], weight[0.40] from 31 to 90 dist[3.16]
Adding bndlst edge: (B_G65_MC -> B_D66_MC) type[cov], weight[1.00] from 32 to 33 dist[1.33]
Adding bndlst edge: (B_G65_MC -> B_S69_MC) type[hb], weight[0.94] from 32 to 36 dist[2.07]
Adding bndlst edge: (B_G65_MC -> B_S69_SC) type[hb], weight[1.26] from 32 to 36 dist[1.78]
Adding bndlst edge: (B_G65_MC -> B_F123_SC) type[hb], weight[0.51] from 32 to 90 dist[2.81]
Adding bndlst edge: (B_G65_MC -> B_F123_SC) type[hb], weight[0.44] from 32 to 90 dist[3.03]
Adding bndlst edge: (B_G65_MC -> B_F123_SC) type[hb], weight[0.37] from 32 to 90 dist[3.28]
Adding bndlst edge: (B_G65_MC -> B_F123_SC) type[hb], weight[0.48] from 32 to 90 dist[2.88]
Adding bndlst edge: (B_G65_MC -> B_F123_SC) type[hb], weight[0.40] from 32 to 90 dist[3.15]
Adding bndlst edge: (B_D66_MC -> B_K67_MC) type[cov], weight[1.00] from 33 to 34 dist[1.33]
Adding bndlst edge: (B_D66_MC -> B_S69_MC) type[hb], weight[0.47] from 33 to 36 dist[2.91]
Adding bndlst edge: (B_D66_MC -> B_Q70_MC) type[hb], weight[0.98] from 33 to 37 dist[2.02]
Adding bndlst edge: (B_K67_MC -> B_M68_MC) type[cov], weight[1.00] from 34 to 35 dist[1.33]
Adding bndlst edge: (B_K67_MC -> B_D71_MC) type[hb], weight[1.00] from 34 to 38 dist[2.00]
Adding bndlst edge: (B_K67_MC -> B_Q70_MC) type[hb], weight[0.51] from 34 to 37 dist[2.80]
Adding bndlst edge: (B_K67_SC -> B_D71_SC) type[salt], weight[0.88] from 34 to 38 dist[2.03]
Adding bndlst edge: (B_K67_SC -> B_D71_SC) type[salt], weight[0.46] from 34 to 38 dist[2.79]
Adding bndlst edge: (B_M68_MC -> B_S69_MC) type[cov], weight[1.00] from 35 to 36 dist[1.33]
Adding bndlst edge: (B_M68_MC -> B_S72_MC) type[hb], weight[0.76] from 35 to 39 dist[2.29]
Adding bndlst edge: (B_S69_MC -> B_Q70_MC) type[cov], weight[1.00] from 36 to 37 dist[1.33]
Adding bndlst edge: (B_S69_MC -> B_S72_MC) type[hb], weight[0.48] from 36 to 39 dist[2.88]
Adding bndlst edge: (B_S69_MC -> B_M73_MC) type[hb], weight[0.99] from 36 to 40 dist[2.01]
Adding bndlst edge: (B_S69_SC -> B_F123_SC) type[hb], weight[0.48] from 36 to 90 dist[2.89]
Adding bndlst edge: (B_S69_SC -> B_F123_SC) type[hb], weight[0.38] from 36 to 90 dist[3.24]
Adding bndlst edge: (B_Q70_MC -> B_D71_MC) type[cov], weight[1.00] from 37 to 38 dist[1.33]
Adding bndlst edge: (B_Q70_MC -> B_M74_MC) type[hb], weight[1.15] from 37 to 41 dist[1.87]
Adding bndlst edge: (B_Q70_MC -> B_M73_MC) type[hb], weight[0.49] from 37 to 40 dist[2.84]
Adding bndlst edge: (B_D71_MC -> B_S72_MC) type[cov], weight[1.00] from 38 to 39 dist[1.34]
Adding bndlst edge: (B_D71_MC -> B_K75_MC) type[hb], weight[0.92] from 38 to 42 dist[2.08]
Adding bndlst edge: (B_D71_MC -> B_M74_MC) type[hb], weight[0.45] from 38 to 41 dist[3.00]
Adding bndlst edge: (B_S72_MC -> B_M73_MC) type[cov], weight[1.00] from 39 to 40 dist[1.33]
Adding bndlst edge: (B_S72_MC -> B_K75_MC) type[hb], weight[0.55] from 39 to 42 dist[2.71]
Adding bndlst edge: (B_S72_MC -> B_L76_MC) type[hb], weight[1.15] from 39 to 43 dist[1.86]
Adding bndlst edge: (B_M73_MC -> B_M74_MC) type[cov], weight[1.00] from 40 to 41 dist[1.33]
Adding bndlst edge: (B_M73_MC -> B_K77_MC) type[hb], weight[1.01] from 40 to 44 dist[1.99]
Adding bndlst edge: (B_M73_MC -> B_L76_MC) type[hb], weight[0.45] from 40 to 43 dist[2.99]
Adding bndlst edge: (B_M74_MC -> B_K75_MC) type[cov], weight[1.00] from 41 to 42 dist[1.33]
Adding bndlst edge: (B_M74_MC -> B_G78_MC) type[hb], weight[0.94] from 41 to 45 dist[2.06]
Adding bndlst edge: (B_M74_MC -> B_K77_MC) type[hb], weight[0.46] from 41 to 44 dist[2.95]
Adding bndlst edge: (B_K75_MC -> B_L76_MC) type[cov], weight[1.00] from 42 to 43 dist[1.33]
Adding bndlst edge: (B_K75_MC -> B_M79_MC) type[hb], weight[0.98] from 42 to 46 dist[2.02]
Adding bndlst edge: (B_K75_MC -> B_G78_MC) type[hb], weight[0.60] from 42 to 45 dist[2.59]
Adding bndlst edge: (B_L76_MC -> B_K77_MC) type[cov], weight[1.00] from 43 to 44 dist[1.33]
Adding bndlst edge: (B_L76_MC -> B_M79_MC) type[hb], weight[0.50] from 43 to 46 dist[2.81]
Adding bndlst edge: (B_L76_MC -> B_A80_MC) type[hb], weight[1.10] from 43 to 47 dist[1.91]
Adding bndlst edge: (B_K77_MC -> B_G78_MC) type[cov], weight[1.00] from 44 to 45 dist[1.33]
Adding bndlst edge: (B_K77_MC -> B_A81_MC) type[hb], weight[0.90] from 44 to 48 dist[2.11]
Adding bndlst edge: (B_K77_MC -> B_A80_MC) type[hb], weight[0.47] from 44 to 47 dist[2.93]
Adding bndlst edge: (B_K77_SC -> B_D127_SC) type[salt], weight[1.30] from 44 to 94 dist[1.67]
Adding bndlst edge: (B_K77_SC -> B_D130_SC) type[salt], weight[0.80] from 44 to 97 dist[2.12]
Adding bndlst edge: (B_G78_MC -> B_M79_MC) type[cov], weight[1.00] from 45 to 46 dist[1.33]
Adding bndlst edge: (B_G78_MC -> B_A82_MC) type[hb], weight[0.85] from 45 to 49 dist[2.17]
Adding bndlst edge: (B_G78_MC -> B_A81_MC) type[hb], weight[0.58] from 45 to 48 dist[2.63]
Adding bndlst edge: (B_M79_MC -> B_A80_MC) type[cov], weight[1.00] from 46 to 47 dist[1.33]
Adding bndlst edge: (B_M79_MC -> B_A82_MC) type[hb], weight[0.58] from 46 to 49 dist[2.63]
Adding bndlst edge: (B_M79_MC -> B_G83_MC) type[hb], weight[0.85] from 46 to 50 dist[2.17]
Adding bndlst edge: (B_A80_MC -> B_A81_MC) type[cov], weight[1.00] from 47 to 48 dist[1.33]
Adding bndlst edge: (B_A80_MC -> B_G83_MC) type[hb], weight[0.53] from 47 to 50 dist[2.75]
Adding bndlst edge: (B_A80_MC -> B_R84_MC) type[hb], weight[0.95] from 47 to 51 dist[2.05]
Adding bndlst edge: (B_A81_MC -> B_A82_MC) type[cov], weight[1.00] from 48 to 49 dist[1.33]
Adding bndlst edge: (B_A81_MC -> B_S85_MC) type[hb], weight[0.78] from 48 to 52 dist[2.26]
Adding bndlst edge: (B_A81_MC -> B_R84_MC) type[hb], weight[0.53] from 48 to 51 dist[2.75]
Adding bndlst edge: (B_A82_MC -> B_G83_MC) type[cov], weight[1.00] from 49 to 50 dist[1.33]
Adding bndlst edge: (B_A82_MC -> B_S85_SC) type[hb], weight[0.92] from 49 to 52 dist[2.08]
Adding bndlst edge: (B_A82_MC -> B_S85_MC) type[hb], weight[0.52] from 49 to 52 dist[2.77]
Adding bndlst edge: (B_G83_MC -> B_R84_MC) type[cov], weight[1.00] from 50 to 51 dist[1.33]
Adding bndlst edge: (B_G83_MC -> B_Q88_MC) type[hb], weight[0.99] from 50 to 55 dist[2.01]
Adding bndlst edge: (B_G83_MC -> B_Q86_MC) type[hb], weight[1.04] from 50 to 53 dist[1.96]
Adding bndlst edge: (B_R84_MC -> B_S85_MC) type[cov], weight[1.00] from 51 to 52 dist[1.33]
Adding bndlst edge: (B_R84_MC -> B_G87_MC) type[hb], weight[0.83] from 51 to 54 dist[2.19]
Adding bndlst edge: (B_R84_MC -> B_Q86_MC) type[hb], weight[0.45] from 51 to 53 dist[2.97]
Adding bndlst edge: (B_S85_MC -> B_Q86_MC) type[cov], weight[1.00] from 52 to 53 dist[1.33]
Adding bndlst edge: (B_Q86_MC -> B_G87_MC) type[cov], weight[1.00] from 53 to 54 dist[1.33]
Adding bndlst edge: (B_Q86_MC -> B_Q88_SC) type[hb], weight[0.69] from 53 to 55 dist[2.41]
Adding bndlst edge: (B_G87_MC -> B_Q88_MC) type[cov], weight[1.00] from 54 to 55 dist[1.33]
Adding bndlst edge: (B_Q88_MC -> B_H89_MC) type[cov], weight[1.00] from 55 to 56 dist[1.33]
Adding bndlst edge: (B_H89_MC -> B_K90_MC) type[cov], weight[1.00] from 56 to 57 dist[1.33]
Adding bndlst edge: (B_K90_MC -> B_Q91_MC) type[cov], weight[1.00] from 57 to 58 dist[1.33]
Adding bndlst edge: (B_Q91_MC -> B_R92_MC) type[cov], weight[1.00] from 58 to 59 dist[1.33]
Adding bndlst edge: (B_Q91_SC -> B_E113_SC) type[hb], weight[0.88] from 58 to 80 dist[2.13]
Adding bndlst edge: (B_Q91_SC -> B_D106_SC) type[hb], weight[1.46] from 58 to 73 dist[1.65]
Adding bndlst edge: (B_R92_MC -> B_I93_MC) type[cov], weight[1.00] from 59 to 60 dist[1.33]
Adding bndlst edge: (B_R92_MC -> B_E107_MC) type[hb], weight[0.89] from 59 to 74 dist[2.12]
Adding bndlst edge: (B_R92_SC -> B_E107_SC) type[salt], weight[0.41] from 59 to 74 dist[2.98]
Adding bndlst edge: (B_I93_MC -> B_W94_MC) type[cov], weight[1.00] from 60 to 61 dist[1.33]
Adding bndlst edge: (B_W94_MC -> B_V95_MC) type[cov], weight[1.00] from 61 to 62 dist[1.32]
Adding bndlst edge: (B_W94_MC -> B_I105_MC) type[hb], weight[0.95] from 61 to 72 dist[2.05]
Adding bndlst edge: (B_W94_MC -> B_I105_MC) type[hb], weight[1.04] from 61 to 72 dist[1.97]
Adding bndlst edge: (B_V95_MC -> B_N96_MC) type[cov], weight[1.00] from 62 to 63 dist[1.33]
Adding bndlst edge: (B_N96_MC -> B_I97_MC) type[cov], weight[1.00] from 63 to 64 dist[1.33]
Adding bndlst edge: (B_N96_MC -> B_K103_MC) type[hb], weight[0.99] from 63 to 70 dist[2.01]
Adding bndlst edge: (B_N96_MC -> B_K103_MC) type[hb], weight[1.04] from 63 to 70 dist[1.96]
Adding bndlst edge: (B_I97_MC -> B_S98_MC) type[cov], weight[1.00] from 64 to 65 dist[1.33]
Adding bndlst edge: (B_S98_MC -> B_L99_MC) type[cov], weight[1.00] from 65 to 66 dist[1.33]
Adding bndlst edge: (B_S98_MC -> B_G101_MC) type[hb], weight[1.11] from 65 to 68 dist[1.90]
Adding bndlst edge: (B_S98_SC -> B_S100_MC) type[hb], weight[0.79] from 65 to 67 dist[2.25]
Adding bndlst edge: (B_S98_MC -> B_G101_MC) type[hb], weight[0.89] from 65 to 68 dist[2.12]
Adding bndlst edge: (B_S98_SC -> B_S100_SC) type[hb], weight[0.55] from 65 to 67 dist[2.69]
Adding bndlst edge: (B_L99_MC -> B_S100_MC) type[cov], weight[1.00] from 66 to 67 dist[1.33]
Adding bndlst edge: (B_S100_MC -> B_G101_MC) type[cov], weight[1.00] from 67 to 68 dist[1.33]
Adding bndlst edge: (B_G101_MC -> B_I102_MC) type[cov], weight[1.00] from 68 to 69 dist[1.33]
Adding bndlst edge: (B_I102_MC -> B_K103_MC) type[cov], weight[1.00] from 69 to 70 dist[1.33]
Adding bndlst edge: (B_I102_MC -> B_H116_MC) type[hb], weight[1.29] from 69 to 83 dist[1.76]
Adding bndlst edge: (B_I102_MC -> B_H116_MC) type[hb], weight[1.03] from 69 to 83 dist[1.97]
Adding bndlst edge: (B_K103_MC -> B_I104_MC) type[cov], weight[1.00] from 70 to 71 dist[1.33]
Adding bndlst edge: (B_I104_MC -> B_I105_MC) type[cov], weight[1.00] from 71 to 72 dist[1.32]
Adding bndlst edge: (B_I104_MC -> B_H114_MC) type[hb], weight[0.72] from 71 to 81 dist[2.36]
Adding bndlst edge: (B_I104_MC -> B_E113_MC) type[hb], weight[1.02] from 71 to 80 dist[1.99]
Adding bndlst edge: (B_I104_MC -> B_H114_MC) type[hb], weight[1.14] from 71 to 81 dist[1.88]
Adding bndlst edge: (B_I105_MC -> B_D106_MC) type[cov], weight[1.00] from 72 to 73 dist[1.33]
Adding bndlst edge: (B_D106_MC -> B_E107_MC) type[cov], weight[1.00] from 73 to 74 dist[1.32]
Adding bndlst edge: (B_D106_MC -> B_G110_MC) type[hb], weight[0.98] from 73 to 77 dist[2.02]
Adding bndlst edge: (B_D106_SC -> B_T109_MC) type[hb], weight[1.36] from 73 to 76 dist[1.71]
Adding bndlst edge: (B_D106_SC -> B_K108_MC) type[hb], weight[0.70] from 73 to 75 dist[2.39]
Adding bndlst edge: (B_D106_MC -> B_V111_MC) type[hb], weight[0.98] from 73 to 78 dist[2.02]
Adding bndlst edge: (B_E107_MC -> B_K108_MC) type[cov], weight[1.00] from 74 to 75 dist[1.33]
Adding bndlst edge: (B_K108_MC -> B_T109_MC) type[cov], weight[1.00] from 75 to 76 dist[1.33]
Adding bndlst edge: (B_T109_MC -> B_G110_MC) type[cov], weight[1.00] from 76 to 77 dist[1.33]
Adding bndlst edge: (B_T109_SC -> B_V111_MC) type[hb], weight[0.77] from 76 to 78 dist[2.28]
Adding bndlst edge: (B_G110_MC -> B_V111_MC) type[cov], weight[1.00] from 77 to 78 dist[1.33]
Adding bndlst edge: (B_V111_MC -> B_I112_MC) type[cov], weight[1.00] from 78 to 79 dist[1.33]
Adding bndlst edge: (B_V111_MC -> B_E113_MC) type[hb], weight[0.49] from 78 to 80 dist[2.86]
Adding bndlst edge: (B_I112_MC -> B_E113_MC) type[cov], weight[1.00] from 79 to 80 dist[1.33]
Adding bndlst edge: (B_E113_MC -> B_H114_MC) type[cov], weight[1.00] from 80 to 81 dist[1.33]
Adding bndlst edge: (B_H114_MC -> B_E115_MC) type[cov], weight[1.00] from 81 to 82 dist[1.33]
Adding bndlst edge: (B_E115_MC -> B_H116_MC) type[cov], weight[1.00] from 82 to 83 dist[1.33]
Adding bndlst edge: (B_H116_MC -> B_P117_MC) type[cov], weight[1.00] from 83 to 84 dist[1.35]
Adding bndlst edge: (B_H116_SC -> B_Y136_SC) type[hb], weight[0.40] from 83 to 103 dist[3.15]
Adding bndlst edge: (B_H116_SC -> B_Y136_SC) type[hb], weight[1.09] from 83 to 103 dist[1.91]
Adding bndlst edge: (B_H116_SC -> B_Y136_SC) type[hb], weight[0.60] from 83 to 103 dist[2.58]
Adding bndlst edge: (B_H116_SC -> B_F147_SC) type[hb], weight[0.38] from 83 to 114 dist[3.22]
Adding bndlst edge: (B_H116_SC -> B_F147_SC) type[hb], weight[0.59] from 83 to 114 dist[2.60]
Adding bndlst edge: (B_H116_SC -> B_F147_SC) type[hb], weight[0.49] from 83 to 114 dist[2.85]
Adding bndlst edge: (B_H116_SC -> B_F147_SC) type[hb], weight[0.41] from 83 to 114 dist[3.13]
Adding bndlst edge: (B_H116_SC -> B_F147_SC) type[hb], weight[0.36] from 83 to 114 dist[3.34]
Adding bndlst edge: (B_H116_SC -> B_F147_SC) type[hb], weight[0.52] from 83 to 114 dist[2.76]
Adding bndlst edge: (B_P117_MC -> B_V118_MC) type[cov], weight[1.00] from 84 to 85 dist[1.33]
Adding bndlst edge: (B_P117_MC -> B_I121_MC) type[hb], weight[0.45] from 84 to 88 dist[2.99]
Adding bndlst edge: (B_P117_MC -> B_K120_MC) type[hb], weight[1.14] from 84 to 87 dist[1.87]
Adding bndlst edge: (B_V118_MC -> B_N119_MC) type[cov], weight[1.00] from 85 to 86 dist[1.33]
Adding bndlst edge: (B_V118_MC -> B_I121_MC) type[hb], weight[0.75] from 85 to 88 dist[2.30]
Adding bndlst edge: (B_V118_MC -> B_K120_MC) type[hb], weight[0.52] from 85 to 87 dist[2.76]
Adding bndlst edge: (B_N119_MC -> B_K120_MC) type[cov], weight[1.00] from 86 to 87 dist[1.33]
Adding bndlst edge: (B_K120_MC -> B_I121_MC) type[cov], weight[1.00] from 87 to 88 dist[1.33]
Adding bndlst edge: (B_K120_MC -> B_G139_MC) type[hb], weight[1.04] from 87 to 106 dist[1.96]
Adding bndlst edge: (B_I121_MC -> B_S122_MC) type[cov], weight[1.00] from 88 to 89 dist[1.33]
Adding bndlst edge: (B_S122_MC -> B_F123_MC) type[cov], weight[1.00] from 89 to 90 dist[1.32]
Adding bndlst edge: (B_S122_MC -> B_V137_MC) type[hb], weight[0.86] from 89 to 104 dist[2.16]
Adding bndlst edge: (B_F123_MC -> B_I124_MC) type[cov], weight[1.00] from 90 to 91 dist[1.33]
Adding bndlst edge: (B_F123_MC -> B_V137_MC) type[hb], weight[1.08] from 90 to 104 dist[1.92]
Adding bndlst edge: (B_F123_MC -> B_V137_MC) type[hb], weight[0.58] from 90 to 104 dist[2.62]
Adding bndlst edge: (B_I124_MC -> B_A125_MC) type[cov], weight[1.00] from 91 to 92 dist[1.33]
Adding bndlst edge: (B_A125_MC -> B_R126_MC) type[cov], weight[1.00] from 92 to 93 dist[1.32]
Adding bndlst edge: (B_A125_MC -> B_G135_MC) type[hb], weight[1.13] from 92 to 102 dist[1.89]
Adding bndlst edge: (B_A125_MC -> B_G135_MC) type[hb], weight[1.40] from 92 to 102 dist[1.69]
Adding bndlst edge: (B_R126_MC -> B_D127_MC) type[cov], weight[1.00] from 93 to 94 dist[1.32]
Adding bndlst edge: (B_R126_SC -> B_E156_SC) type[salt], weight[0.60] from 93 to 123 dist[2.45]
Adding bndlst edge: (B_R126_SC -> B_E156_SC) type[salt], weight[0.49] from 93 to 123 dist[2.71]
Adding bndlst edge: (B_D127_MC -> B_V128_MC) type[cov], weight[1.00] from 94 to 95 dist[1.33]
Adding bndlst edge: (B_D127_MC -> B_D130_MC) type[hb], weight[0.89] from 94 to 97 dist[2.12]
Adding bndlst edge: (B_D127_MC -> B_T129_MC) type[hb], weight[0.46] from 94 to 96 dist[2.93]
Adding bndlst edge: (B_D127_SC -> B_T129_SC) type[hb], weight[0.49] from 94 to 96 dist[2.86]
Adding bndlst edge: (B_D127_SC -> B_T129_SC) type[hb], weight[1.26] from 94 to 96 dist[1.78]
Adding bndlst edge: (B_D127_SC -> B_T129_MC) type[hb], weight[0.84] from 94 to 96 dist[2.19]
Adding bndlst edge: (B_V128_MC -> B_T129_MC) type[cov], weight[1.00] from 95 to 96 dist[1.33]
Adding bndlst edge: (B_T129_MC -> B_D130_MC) type[cov], weight[1.00] from 96 to 97 dist[1.33]
Adding bndlst edge: (B_D130_MC -> B_N131_MC) type[cov], weight[1.00] from 97 to 98 dist[1.33]
Adding bndlst edge: (B_D130_MC -> B_A133_MC) type[hb], weight[0.52] from 97 to 100 dist[2.77]
Adding bndlst edge: (B_D130_MC -> B_R132_MC) type[hb], weight[0.45] from 97 to 99 dist[2.99]
Adding bndlst edge: (B_D130_SC -> B_K150_SC) type[salt], weight[0.40] from 97 to 117 dist[2.99]
Adding bndlst edge: (B_D130_SC -> B_R132_MC) type[hb], weight[1.35] from 97 to 99 dist[1.72]
Adding bndlst edge: (B_D130_SC -> B_N131_MC) type[hb], weight[0.47] from 97 to 98 dist[2.91]
Adding bndlst edge: (B_D130_SC -> B_K150_SC) type[salt], weight[1.13] from 97 to 117 dist[1.79]
Adding bndlst edge: (B_N131_MC -> B_R132_MC) type[cov], weight[1.00] from 98 to 99 dist[1.33]
Adding bndlst edge: (B_N131_MC -> B_A155_MC) type[hb], weight[1.00] from 98 to 122 dist[2.00]
Adding bndlst edge: (B_R132_MC -> B_A133_MC) type[cov], weight[1.00] from 99 to 100 dist[1.33]
Adding bndlst edge: (B_R132_MC -> B_T151_MC) type[hb], weight[0.85] from 99 to 118 dist[2.17]
Adding bndlst edge: (B_R132_SC -> B_G152_MC) type[hb], weight[0.54] from 99 to 119 dist[2.73]
Adding bndlst edge: (B_R132_SC -> B_T151_MC) type[hb], weight[0.52] from 99 to 118 dist[2.78]
Adding bndlst edge: (B_R132_SC -> B_Q153_MC) type[hb], weight[0.45] from 99 to 120 dist[3.00]
Adding bndlst edge: (B_R132_SC -> B_G152_MC) type[hb], weight[0.51] from 99 to 119 dist[2.81]
Adding bndlst edge: (B_R132_SC -> B_T151_MC) type[hb], weight[0.73] from 99 to 118 dist[2.35]
Adding bndlst edge: (B_A133_MC -> B_F134_MC) type[cov], weight[1.00] from 100 to 101 dist[1.33]
Adding bndlst edge: (B_F134_MC -> B_G135_MC) type[cov], weight[1.00] from 101 to 102 dist[1.32]
Adding bndlst edge: (B_F134_MC -> B_I149_MC) type[hb], weight[1.13] from 101 to 116 dist[1.88]
Adding bndlst edge: (B_F134_SC -> B_G135_MC) type[hb], weight[0.39] from 101 to 102 dist[3.19]
Adding bndlst edge: (B_F134_MC -> B_I149_MC) type[hb], weight[0.85] from 101 to 116 dist[2.17]
Adding bndlst edge: (B_G135_MC -> B_Y136_MC) type[cov], weight[1.00] from 102 to 103 dist[1.33]
Adding bndlst edge: (B_Y136_MC -> B_V137_MC) type[cov], weight[1.00] from 103 to 104 dist[1.33]
Adding bndlst edge: (B_Y136_MC -> B_F147_MC) type[hb], weight[1.08] from 103 to 114 dist[1.93]
Adding bndlst edge: (B_Y136_MC -> B_F147_MC) type[hb], weight[0.77] from 103 to 114 dist[2.28]
Adding bndlst edge: (B_V137_MC -> B_C138_MC) type[cov], weight[1.00] from 104 to 105 dist[1.33]
Adding bndlst edge: (B_C138_MC -> B_G139_MC) type[cov], weight[1.00] from 105 to 106 dist[1.33]
Adding bndlst edge: (B_C138_MC -> B_Q145_MC) type[hb], weight[0.84] from 105 to 112 dist[2.19]
Adding bndlst edge: (B_C138_MC -> B_Q145_MC) type[hb], weight[0.88] from 105 to 112 dist[2.14]
Adding bndlst edge: (B_C138_SC -> B_F147_SC) type[hb], weight[0.50] from 105 to 114 dist[2.83]
Adding bndlst edge: (B_C138_SC -> B_F147_SC) type[hb], weight[0.60] from 105 to 114 dist[2.58]
Adding bndlst edge: (B_G139_MC -> B_G140_MC) type[cov], weight[1.00] from 106 to 107 dist[1.33]
Adding bndlst edge: (B_G140_MC -> B_E141_MC) type[cov], weight[1.00] from 107 to 108 dist[1.33]
Adding bndlst edge: (B_G140_MC -> B_Q143_MC) type[hb], weight[0.76] from 107 to 110 dist[2.30]
Adding bndlst edge: (B_E141_MC -> B_G142_MC) type[cov], weight[1.00] from 108 to 109 dist[1.33]
Adding bndlst edge: (B_E141_MC -> B_Q143_MC) type[hb], weight[0.53] from 108 to 110 dist[2.75]
Adding bndlst edge: (B_G142_MC -> B_Q143_MC) type[cov], weight[1.00] from 109 to 110 dist[1.33]
Adding bndlst edge: (B_G142_MC -> B_H144_SC) type[hb], weight[0.46] from 109 to 111 dist[2.94]
Adding bndlst edge: (B_G142_MC -> B_H144_SC) type[hb], weight[0.37] from 109 to 111 dist[3.27]
Adding bndlst edge: (B_Q143_MC -> B_H144_MC) type[cov], weight[1.00] from 110 to 111 dist[1.33]
Adding bndlst edge: (B_H144_MC -> B_Q145_MC) type[cov], weight[1.00] from 111 to 112 dist[1.33]
Adding bndlst edge: (B_Q145_MC -> B_F146_MC) type[cov], weight[1.00] from 112 to 113 dist[1.33]
Adding bndlst edge: (B_F146_MC -> B_F147_MC) type[cov], weight[1.00] from 113 to 114 dist[1.33]
Adding bndlst edge: (B_F147_MC -> B_A148_MC) type[cov], weight[1.00] from 114 to 115 dist[1.33]
Adding bndlst edge: (B_A148_MC -> B_I149_MC) type[cov], weight[1.00] from 115 to 116 dist[1.33]
Adding bndlst edge: (B_I149_MC -> B_K150_MC) type[cov], weight[1.00] from 116 to 117 dist[1.33]
Adding bndlst edge: (B_K150_MC -> B_T151_MC) type[cov], weight[1.00] from 117 to 118 dist[1.33]
Adding bndlst edge: (B_T151_MC -> B_G152_MC) type[cov], weight[1.00] from 118 to 119 dist[1.33]
Adding bndlst edge: (B_T151_SC -> B_Q153_MC) type[hb], weight[1.42] from 118 to 120 dist[1.68]
Adding bndlst edge: (B_G152_MC -> B_Q153_MC) type[cov], weight[1.00] from 119 to 120 dist[1.33]
Adding bndlst edge: (B_Q153_MC -> B_Q154_MC) type[cov], weight[1.00] from 120 to 121 dist[1.32]
Adding bndlst edge: (B_Q154_MC -> B_A155_MC) type[cov], weight[1.00] from 121 to 122 dist[1.32]
Adding bndlst edge: (B_A155_MC -> B_E156_MC) type[cov], weight[1.00] from 122 to 123 dist[1.33]
Adding bndlst edge: (B_A155_MC -> B_V159_MC) type[hb], weight[0.86] from 122 to 126 dist[2.15]
Adding bndlst edge: (B_A155_MC -> B_L158_MC) type[hb], weight[0.81] from 122 to 125 dist[2.22]
Adding bndlst edge: (B_E156_MC -> B_P157_MC) type[cov], weight[1.00] from 123 to 124 dist[1.34]
Adding bndlst edge: (B_E156_MC -> B_V159_MC) type[hb], weight[0.67] from 123 to 126 dist[2.45]
Adding bndlst edge: (B_E156_MC -> B_V160_MC) type[hb], weight[1.12] from 123 to 127 dist[1.89]
Adding bndlst edge: (B_P157_MC -> B_L158_MC) type[cov], weight[1.00] from 124 to 125 dist[1.33]
Adding bndlst edge: (B_P157_MC -> B_D161_MC) type[hb], weight[0.86] from 124 to 128 dist[2.15]
Adding bndlst edge: (B_L158_MC -> B_V159_MC) type[cov], weight[1.00] from 125 to 126 dist[1.33]
Adding bndlst edge: (B_L158_MC -> B_L162_MC) type[hb], weight[0.85] from 125 to 129 dist[2.17]
Adding bndlst edge: (B_L158_MC -> B_D161_MC) type[hb], weight[0.50] from 125 to 128 dist[2.82]
Adding bndlst edge: (B_V159_MC -> B_V160_MC) type[cov], weight[1.00] from 126 to 127 dist[1.33]
Adding bndlst edge: (B_V159_MC -> B_K163_MC) type[hb], weight[0.84] from 126 to 130 dist[2.18]
Adding bndlst edge: (B_V159_MC -> B_L162_MC) type[hb], weight[0.49] from 126 to 129 dist[2.85]
Adding bndlst edge: (B_V160_MC -> B_D161_MC) type[cov], weight[1.00] from 127 to 128 dist[1.33]
Adding bndlst edge: (B_V160_MC -> B_K163_MC) type[hb], weight[0.61] from 127 to 130 dist[2.56]
Adding bndlst edge: (B_V160_MC -> B_D164_MC) type[hb], weight[1.12] from 127 to 131 dist[1.89]
Adding bndlst edge: (B_D161_MC -> B_L162_MC) type[cov], weight[1.00] from 128 to 129 dist[1.33]
Adding bndlst edge: (B_D161_MC -> B_D164_MC) type[hb], weight[0.52] from 128 to 131 dist[2.77]
Adding bndlst edge: (B_D161_MC -> B_L165_MC) type[hb], weight[1.16] from 128 to 132 dist[1.86]
Adding bndlst edge: (B_L162_MC -> B_K163_MC) type[cov], weight[1.00] from 129 to 130 dist[1.33]
Adding bndlst edge: (B_L162_MC -> B_F166_MC) type[hb], weight[0.85] from 129 to 133 dist[2.16]
Adding bndlst edge: (B_L162_MC -> B_L165_MC) type[hb], weight[0.50] from 129 to 132 dist[2.84]
Adding bndlst edge: (B_K163_MC -> B_D164_MC) type[cov], weight[1.00] from 130 to 131 dist[1.33]
Adding bndlst edge: (B_K163_MC -> B_Q167_MC) type[hb], weight[0.92] from 130 to 134 dist[2.08]
Adding bndlst edge: (B_D164_MC -> B_L165_MC) type[cov], weight[1.00] from 131 to 132 dist[1.33]
Adding bndlst edge: (B_D164_MC -> B_Q167_MC) type[hb], weight[0.57] from 131 to 134 dist[2.65]
Adding bndlst edge: (B_D164_MC -> B_V168_MC) type[hb], weight[1.11] from 131 to 135 dist[1.90]
Adding bndlst edge: (B_L165_MC -> B_F166_MC) type[cov], weight[1.00] from 132 to 133 dist[1.33]
Adding bndlst edge: (B_L165_MC -> B_V168_MC) type[hb], weight[0.61] from 132 to 135 dist[2.57]
Adding bndlst edge: (B_L165_MC -> B_I169_MC) type[hb], weight[0.97] from 132 to 136 dist[2.03]
Adding bndlst edge: (B_F166_MC -> B_Q167_MC) type[cov], weight[1.00] from 133 to 134 dist[1.33]
Adding bndlst edge: (B_F166_MC -> B_Y170_MC) type[hb], weight[0.79] from 133 to 137 dist[2.25]
Adding bndlst edge: (B_Q167_MC -> B_V168_MC) type[cov], weight[1.00] from 134 to 135 dist[1.33]
Adding bndlst edge: (B_Q167_MC -> B_N171_MC) type[hb], weight[1.08] from 134 to 138 dist[1.92]
Adding bndlst edge: (B_Q167_MC -> B_Y170_MC) type[hb], weight[0.56] from 134 to 137 dist[2.67]
Adding bndlst edge: (B_Q167_SC -> B_N171_SC) type[hb], weight[0.75] from 134 to 138 dist[2.31]
Adding bndlst edge: (B_V168_MC -> B_I169_MC) type[cov], weight[1.00] from 135 to 136 dist[1.33]
Adding bndlst edge: (B_V168_MC -> B_N171_MC) type[hb], weight[0.49] from 135 to 138 dist[2.86]
Adding bndlst edge: (B_V168_MC -> B_V172_MC) type[hb], weight[1.06] from 135 to 139 dist[1.94]
Adding bndlst edge: (B_I169_MC -> B_Y170_MC) type[cov], weight[1.00] from 136 to 137 dist[1.33]
Adding bndlst edge: (B_I169_MC -> B_K173_MC) type[hb], weight[0.87] from 136 to 140 dist[2.15]
Adding bndlst edge: (B_Y170_MC -> B_N171_MC) type[cov], weight[1.00] from 137 to 138 dist[1.33]
Adding bndlst edge: (B_Y170_MC -> B_K174_MC) type[hb], weight[1.22] from 137 to 141 dist[1.81]
Adding bndlst edge: (B_Y170_MC -> B_K173_MC) type[hb], weight[0.57] from 137 to 140 dist[2.64]
Adding bndlst edge: (B_N171_MC -> B_V172_MC) type[cov], weight[1.00] from 138 to 139 dist[1.33]
Adding bndlst edge: (B_N171_MC -> B_K175_MC) type[hb], weight[0.77] from 138 to 142 dist[2.29]
Adding bndlst edge: (B_V172_MC -> B_K173_MC) type[cov], weight[1.00] from 139 to 140 dist[1.33]
Adding bndlst edge: (B_V172_MC -> B_E176_MC) type[hb], weight[0.92] from 139 to 143 dist[2.08]
Adding bndlst edge: (B_V172_MC -> B_K175_MC) type[hb], weight[0.53] from 139 to 142 dist[2.74]
Adding bndlst edge: (B_K173_MC -> B_K174_MC) type[cov], weight[1.00] from 140 to 141 dist[1.33]
Adding bndlst edge: (B_K173_MC -> B_E176_MC) type[hb], weight[0.55] from 140 to 143 dist[2.70]
Adding bndlst edge: (B_K173_MC -> B_E177_MC) type[hb], weight[0.84] from 140 to 144 dist[2.19]
Adding bndlst edge: (B_K173_SC -> B_E176_SC) type[salt], weight[0.65] from 140 to 143 dist[2.35]
Adding bndlst edge: (B_K174_MC -> B_K175_MC) type[cov], weight[1.00] from 141 to 142 dist[1.33]
Adding bndlst edge: (B_K174_MC -> B_D178_MC) type[hb], weight[0.78] from 141 to 145 dist[2.26]
Adding bndlst edge: (B_K174_MC -> B_E177_MC) type[hb], weight[0.57] from 141 to 144 dist[2.64]
Adding bndlst edge: (B_K174_SC -> B_D178_SC) type[salt], weight[0.52] from 141 to 145 dist[2.63]
Adding bndlst edge: (B_K174_SC -> B_E177_SC) type[salt], weight[0.55] from 141 to 144 dist[2.56]
Adding bndlst edge: (B_K175_MC -> B_E176_MC) type[cov], weight[1.00] from 142 to 143 dist[1.32]
Adding bndlst edge: (B_K175_MC -> B_D178_MC) type[hb], weight[0.46] from 142 to 145 dist[2.95]
Adding bndlst edge: (B_E176_MC -> B_E177_MC) type[cov], weight[1.00] from 143 to 144 dist[1.34]
Adding bndlst edge: (B_E176_MC -> B_K179_MC) type[hb], weight[0.57] from 143 to 146 dist[2.65]
Adding bndlst edge: (B_E177_MC -> B_D178_MC) type[cov], weight[1.00] from 144 to 145 dist[1.33]
Adding bndlst edge: (B_E177_MC -> B_K179_MC) type[hb], weight[0.57] from 144 to 146 dist[2.64]
Adding bndlst edge: (B_D178_MC -> B_K179_MC) type[cov], weight[1.00] from 145 to 146 dist[1.33]
Adding bndlst edge: (B_D178_MC -> B_K180_MC) type[hb], weight[0.48] from 145 to 147 dist[2.88]
Adding bndlst edge: (B_K179_MC -> B_K180_MC) type[cov], weight[1.00] from 146 to 147 dist[1.33]

bndlst DONE

Producing PAJEK network
printing pajek edge (B_160_VAL,B_161_ASP)
printing pajek edge (B_160_VAL,B_164_ASP)
printing pajek edge (B_160_VAL,B_163_LYS)
printing pajek edge (B_65_GLY,B_66_ASP)
printing pajek edge (B_65_GLY,B_123_PHE)
printing pajek edge (B_65_GLY,B_69_SER)
printing pajek edge (B_123_PHE,B_137_VAL)
printing pajek edge (B_123_PHE,B_124_ILE)
printing pajek edge (B_151_THR,B_152_GLY)
printing pajek edge (B_151_THR,B_153_GLN)
printing pajek edge (B_104_ILE,B_114_HIS)
printing pajek edge (B_104_ILE,B_105_ILE)
printing pajek edge (B_104_ILE,B_113_GLU)
printing pajek edge (B_135_GLY,B_136_TYR)
printing pajek edge (B_51_LYS,B_107_GLU)
printing pajek edge (B_51_LYS,B_152_GLY)
printing pajek edge (B_51_LYS,B_52_ALA)
printing pajek edge (B_158_LEU,B_161_ASP)
printing pajek edge (B_158_LEU,B_162_LEU)
printing pajek edge (B_158_LEU,B_159_VAL)
printing pajek edge (B_49_LYS,B_50_TYR)
printing pajek edge (B_77_LYS,B_130_ASP)
printing pajek edge (B_77_LYS,B_127_ASP)
printing pajek edge (B_77_LYS,B_78_GLY)
printing pajek edge (B_77_LYS,B_80_ALA)
printing pajek edge (B_77_LYS,B_81_ALA)
printing pajek edge (B_88_GLN,B_89_HIS)
printing pajek edge (B_117_PRO,B_120_LYS)
printing pajek edge (B_117_PRO,B_121_ILE)
printing pajek edge (B_117_PRO,B_118_VAL)
printing pajek edge (B_60_VAL,B_61_PRO)
printing pajek edge (B_60_VAL,B_144_HIS)
printing pajek edge (B_128_VAL,B_129_THR)
printing pajek edge (B_90_LYS,B_91_GLN)
printing pajek edge (B_53_LYS,B_54_LEU)
printing pajek edge (B_53_LYS,B_150_LYS)
printing pajek edge (B_142_GLY,B_144_HIS)
printing pajek edge (B_142_GLY,B_143_GLN)
printing pajek edge (B_122_SER,B_137_VAL)
printing pajek edge (B_122_SER,B_123_PHE)
printing pajek edge (B_64_ARG,B_65_GLY)
printing pajek edge (B_64_ARG,B_123_PHE)
printing pajek edge (B_68_MET,B_72_SER)
printing pajek edge (B_68_MET,B_69_SER)
printing pajek edge (B_44_LYS,B_45_GLY)
printing pajek edge (B_44_LYS,B_47_GLY)
printing pajek edge (B_111_VAL,B_113_GLU)
printing pajek edge (B_111_VAL,B_112_ILE)
printing pajek edge (B_126_ARG,B_156_GLU)
printing pajek edge (B_126_ARG,B_127_ASP)
printing pajek edge (B_139_GLY,B_140_GLY)
printing pajek edge (B_98_SER,B_100_SER)
printing pajek edge (B_98_SER,B_99_LEU)
printing pajek edge (B_98_SER,B_101_GLY)
printing pajek edge (B_62_ASP,B_68_MET)
printing pajek edge (B_62_ASP,B_63_ALA)
printing pajek edge (B_171_ASN,B_175_LYS)
printing pajek edge (B_171_ASN,B_172_VAL)
printing pajek edge (B_147_PHE,B_148_ALA)
printing pajek edge (B_91_GLN,B_92_ARG)
printing pajek edge (B_91_GLN,B_106_ASP)
printing pajek edge (B_91_GLN,B_113_GLU)
printing pajek edge (B_48_VAL,B_97_ILE)
printing pajek edge (B_48_VAL,B_49_LYS)
printing pajek edge (B_170_TYR,B_174_LYS)
printing pajek edge (B_170_TYR,B_171_ASN)
printing pajek edge (B_170_TYR,B_173_LYS)
printing pajek edge (B_114_HIS,B_115_GLU)
printing pajek edge (B_93_ILE,B_94_TRP)
printing pajek edge (B_134_PHE,B_149_ILE)
printing pajek edge (B_134_PHE,B_135_GLY)
printing pajek edge (B_134_PHE,B_135_GLY)
printing pajek edge (B_106_ASP,B_107_GLU)
printing pajek edge (B_106_ASP,B_110_GLY)
printing pajek edge (B_106_ASP,B_108_LYS)
printing pajek edge (B_106_ASP,B_109_THR)
printing pajek edge (B_106_ASP,B_111_VAL)
printing pajek edge (B_119_ASN,B_120_LYS)
printing pajek edge (B_109_THR,B_110_GLY)
printing pajek edge (B_109_THR,B_111_VAL)
printing pajek edge (B_95_VAL,B_96_ASN)
printing pajek edge (B_100_SER,B_101_GLY)
printing pajek edge (B_172_VAL,B_175_LYS)
printing pajek edge (B_172_VAL,B_173_LYS)
printing pajek edge (B_172_VAL,B_176_GLU)
printing pajek edge (B_162_LEU,B_163_LYS)
printing pajek edge (B_162_LEU,B_165_LEU)
printing pajek edge (B_162_LEU,B_166_PHE)
printing pajek edge (B_35_THR,B_39_LEU)
printing pajek edge (B_35_THR,B_37_GLU)
printing pajek edge (B_35_THR,B_36_ASP)
printing pajek edge (B_35_THR,B_38_TYR)
printing pajek edge (B_50_TYR,B_161_ASP)
printing pajek edge (B_50_TYR,B_51_LYS)
printing pajek edge (B_50_TYR,B_95_VAL)
printing pajek edge (B_143_GLN,B_144_HIS)
printing pajek edge (B_115_GLU,B_116_HIS)
printing pajek edge (B_168_VAL,B_169_ILE)
printing pajek edge (B_168_VAL,B_172_VAL)
printing pajek edge (B_168_VAL,B_171_ASN)
printing pajek edge (B_47_GLY,B_48_VAL)
printing pajek edge (B_145_GLN,B_146_PHE)
printing pajek edge (B_102_ILE,B_116_HIS)
printing pajek edge (B_102_ILE,B_103_LYS)
printing pajek edge (B_178_ASP,B_180_LYS)
printing pajek edge (B_178_ASP,B_179_LYS)
printing pajek edge (B_82_ALA,B_85_SER)
printing pajek edge (B_82_ALA,B_83_GLY)
printing pajek edge (B_57_ILE,B_58_ASP)
printing pajek edge (B_173_LYS,B_177_GLU)
printing pajek edge (B_173_LYS,B_174_LYS)
printing pajek edge (B_173_LYS,B_176_GLU)
printing pajek edge (B_173_LYS,B_176_GLU)
printing pajek edge (B_157_PRO,B_161_ASP)
printing pajek edge (B_157_PRO,B_158_LEU)
printing pajek edge (B_137_VAL,B_138_CYS)
printing pajek edge (B_164_ASP,B_167_GLN)
printing pajek edge (B_164_ASP,B_165_LEU)
printing pajek edge (B_164_ASP,B_168_VAL)
printing pajek edge (B_154_GLN,B_155_ALA)
printing pajek edge (B_112_ILE,B_113_GLU)
printing pajek edge (B_33_GLU,B_34_LYS)
printing pajek edge (B_33_GLU,B_34_LYS)
printing pajek edge (B_33_GLU,B_35_THR)
printing pajek edge (B_56_GLY,B_57_ILE)
printing pajek edge (B_56_GLY,B_148_ALA)
printing pajek edge (B_129_THR,B_130_ASP)
printing pajek edge (B_159_VAL,B_163_LYS)
printing pajek edge (B_159_VAL,B_160_VAL)
printing pajek edge (B_159_VAL,B_162_LEU)
printing pajek edge (B_80_ALA,B_83_GLY)
printing pajek edge (B_80_ALA,B_84_ARG)
printing pajek edge (B_80_ALA,B_81_ALA)
printing pajek edge (B_41_ALA,B_44_LYS)
printing pajek edge (B_41_ALA,B_42_ARG)
printing pajek edge (B_131_ASN,B_132_ARG)
printing pajek edge (B_131_ASN,B_155_ALA)
printing pajek edge (B_70_GLN,B_71_ASP)
printing pajek edge (B_70_GLN,B_73_MET)
printing pajek edge (B_70_GLN,B_74_MET)
printing pajek edge (B_150_LYS,B_151_THR)
printing pajek edge (B_76_LEU,B_79_MET)
printing pajek edge (B_76_LEU,B_77_LYS)
printing pajek edge (B_76_LEU,B_80_ALA)
printing pajek edge (B_38_TYR,B_41_ALA)
printing pajek edge (B_38_TYR,B_39_LEU)
printing pajek edge (B_38_TYR,B_42_ARG)
printing pajek edge (B_66_ASP,B_67_LYS)
printing pajek edge (B_66_ASP,B_69_SER)
printing pajek edge (B_66_ASP,B_70_GLN)
printing pajek edge (B_54_LEU,B_55_ILE)
printing pajek edge (B_54_LEU,B_91_GLN)
printing pajek edge (B_96_ASN,B_103_LYS)
printing pajek edge (B_96_ASN,B_97_ILE)
printing pajek edge (B_40_LEU,B_41_ALA)
printing pajek edge (B_40_LEU,B_44_LYS)
printing pajek edge (B_59_ASP,B_145_GLN)
printing pajek edge (B_59_ASP,B_60_VAL)
printing pajek edge (B_113_GLU,B_114_HIS)
printing pajek edge (B_152_GLY,B_153_GLN)
printing pajek edge (B_132_ARG,B_152_GLY)
printing pajek edge (B_132_ARG,B_153_GLN)
printing pajek edge (B_132_ARG,B_151_THR)
printing pajek edge (B_132_ARG,B_133_ALA)
printing pajek edge (B_105_ILE,B_106_ASP)
printing pajek edge (B_107_GLU,B_108_LYS)
printing pajek edge (B_94_TRP,B_105_ILE)
printing pajek edge (B_94_TRP,B_95_VAL)
printing pajek edge (B_141_GLU,B_142_GLY)
printing pajek edge (B_141_GLU,B_143_GLN)
printing pajek edge (B_148_ALA,B_149_ILE)
printing pajek edge (B_125_ALA,B_126_ARG)
printing pajek edge (B_125_ALA,B_135_GLY)
printing pajek edge (B_136_TYR,B_137_VAL)
printing pajek edge (B_136_TYR,B_147_PHE)
printing pajek edge (B_43_PHE,B_44_LYS)
printing pajek edge (B_43_PHE,B_99_LEU)
printing pajek edge (B_146_PHE,B_147_PHE)
printing pajek edge (B_175_LYS,B_178_ASP)
printing pajek edge (B_175_LYS,B_176_GLU)
printing pajek edge (B_124_ILE,B_125_ALA)
printing pajek edge (B_81_ALA,B_85_SER)
printing pajek edge (B_81_ALA,B_82_ALA)
printing pajek edge (B_81_ALA,B_84_ARG)
printing pajek edge (B_140_GLY,B_141_GLU)
printing pajek edge (B_140_GLY,B_143_GLN)
printing pajek edge (B_120_LYS,B_121_ILE)
printing pajek edge (B_120_LYS,B_139_GLY)
printing pajek edge (B_110_GLY,B_111_VAL)
printing pajek edge (B_166_PHE,B_170_TYR)
printing pajek edge (B_166_PHE,B_167_GLN)
printing pajek edge (B_156_GLU,B_157_PRO)
printing pajek edge (B_156_GLU,B_160_VAL)
printing pajek edge (B_156_GLU,B_159_VAL)
printing pajek edge (B_83_GLY,B_86_GLN)
printing pajek edge (B_83_GLY,B_84_ARG)
printing pajek edge (B_83_GLY,B_88_GLN)
printing pajek edge (B_72_SER,B_75_LYS)
printing pajek edge (B_72_SER,B_73_MET)
printing pajek edge (B_72_SER,B_76_LEU)
printing pajek edge (B_97_ILE,B_98_SER)
printing pajek edge (B_130_ASP,B_132_ARG)
printing pajek edge (B_130_ASP,B_131_ASN)
printing pajek edge (B_130_ASP,B_131_ASN)
printing pajek edge (B_130_ASP,B_150_LYS)
printing pajek edge (B_130_ASP,B_133_ALA)
printing pajek edge (B_45_GLY,B_46_ASP)
printing pajek edge (B_45_GLY,B_47_GLY)
printing pajek edge (B_74_MET,B_75_LYS)
printing pajek edge (B_74_MET,B_78_GLY)
printing pajek edge (B_74_MET,B_77_LYS)
printing pajek edge (B_85_SER,B_86_GLN)
printing pajek edge (B_89_HIS,B_90_LYS)
printing pajek edge (B_78_GLY,B_82_ALA)
printing pajek edge (B_78_GLY,B_79_MET)
printing pajek edge (B_78_GLY,B_81_ALA)
printing pajek edge (B_99_LEU,B_100_SER)
printing pajek edge (B_52_ALA,B_93_ILE)
printing pajek edge (B_52_ALA,B_53_LYS)
printing pajek edge (B_87_GLY,B_88_GLN)
printing pajek edge (B_103_LYS,B_104_ILE)
printing pajek edge (B_101_GLY,B_102_ILE)
printing pajek edge (B_34_LYS,B_164_ASP)
printing pajek edge (B_34_LYS,B_35_THR)
printing pajek edge (B_169_ILE,B_170_TYR)
printing pajek edge (B_169_ILE,B_173_LYS)
printing pajek edge (B_121_ILE,B_122_SER)
printing pajek edge (B_149_ILE,B_150_LYS)
printing pajek edge (B_177_GLU,B_178_ASP)
printing pajek edge (B_177_GLU,B_179_LYS)
printing pajek edge (B_174_LYS,B_178_ASP)
printing pajek edge (B_174_LYS,B_178_ASP)
printing pajek edge (B_174_LYS,B_175_LYS)
printing pajek edge (B_174_LYS,B_177_GLU)
printing pajek edge (B_174_LYS,B_177_GLU)
printing pajek edge (B_63_ALA,B_122_SER)
printing pajek edge (B_63_ALA,B_64_ARG)
printing pajek edge (B_133_ALA,B_134_PHE)
printing pajek edge (B_161_ASP,B_164_ASP)
printing pajek edge (B_161_ASP,B_165_LEU)
printing pajek edge (B_161_ASP,B_162_LEU)
printing pajek edge (B_58_ASP,B_75_LYS)
printing pajek edge (B_58_ASP,B_72_SER)
printing pajek edge (B_58_ASP,B_59_ASP)
printing pajek edge (B_58_ASP,B_146_PHE)
printing pajek edge (B_61_PRO,B_144_HIS)
printing pajek edge (B_61_PRO,B_62_ASP)
printing pajek edge (B_153_GLN,B_154_GLN)
printing pajek edge (B_167_GLN,B_170_TYR)
printing pajek edge (B_167_GLN,B_171_ASN)
printing pajek edge (B_167_GLN,B_168_VAL)
printing pajek edge (B_73_MET,B_76_LEU)
printing pajek edge (B_73_MET,B_77_LYS)
printing pajek edge (B_73_MET,B_74_MET)
printing pajek edge (B_108_LYS,B_109_THR)
printing pajek edge (B_116_HIS,B_117_PRO)
printing pajek edge (B_116_HIS,B_136_TYR)
printing pajek edge (B_116_HIS,B_147_PHE)
printing pajek edge (B_92_ARG,B_107_GLU)
printing pajek edge (B_92_ARG,B_107_GLU)
printing pajek edge (B_92_ARG,B_93_ILE)
printing pajek edge (B_163_LYS,B_164_ASP)
printing pajek edge (B_163_LYS,B_167_GLN)
printing pajek edge (B_86_GLN,B_88_GLN)
printing pajek edge (B_86_GLN,B_87_GLY)
printing pajek edge (B_155_ALA,B_156_GLU)
printing pajek edge (B_155_ALA,B_158_LEU)
printing pajek edge (B_155_ALA,B_159_VAL)
printing pajek edge (B_176_GLU,B_177_GLU)
printing pajek edge (B_176_GLU,B_179_LYS)
printing pajek edge (B_75_LYS,B_79_MET)
printing pajek edge (B_75_LYS,B_78_GLY)
printing pajek edge (B_75_LYS,B_76_LEU)
printing pajek edge (B_55_ILE,B_56_GLY)
printing pajek edge (B_55_ILE,B_148_ALA)
printing pajek edge (B_79_MET,B_83_GLY)
printing pajek edge (B_79_MET,B_82_ALA)
printing pajek edge (B_79_MET,B_80_ALA)
printing pajek edge (B_46_ASP,B_96_ASN)
printing pajek edge (B_46_ASP,B_47_GLY)
printing pajek edge (B_138_CYS,B_145_GLN)
printing pajek edge (B_138_CYS,B_139_GLY)
printing pajek edge (B_138_CYS,B_147_PHE)
printing pajek edge (B_39_LEU,B_40_LEU)
printing pajek edge (B_39_LEU,B_42_ARG)
printing pajek edge (B_39_LEU,B_43_PHE)
printing pajek edge (B_118_VAL,B_120_LYS)
printing pajek edge (B_118_VAL,B_121_ILE)
printing pajek edge (B_118_VAL,B_119_ASN)
printing pajek edge (B_69_SER,B_123_PHE)
printing pajek edge (B_69_SER,B_72_SER)
printing pajek edge (B_69_SER,B_73_MET)
printing pajek edge (B_69_SER,B_70_GLN)
printing pajek edge (B_36_ASP,B_37_GLU)
printing pajek edge (B_36_ASP,B_171_ASN)
printing pajek edge (B_36_ASP,B_40_LEU)
printing pajek edge (B_127_ASP,B_128_VAL)
printing pajek edge (B_127_ASP,B_130_ASP)
printing pajek edge (B_127_ASP,B_129_THR)
printing pajek edge (B_179_LYS,B_180_LYS)
printing pajek edge (B_84_ARG,B_85_SER)
printing pajek edge (B_84_ARG,B_86_GLN)
printing pajek edge (B_84_ARG,B_87_GLY)
printing pajek edge (B_42_ARG,B_161_ASP)
printing pajek edge (B_42_ARG,B_43_PHE)
printing pajek edge (B_42_ARG,B_50_TYR)
printing pajek edge (B_144_HIS,B_145_GLN)
printing pajek edge (B_71_ASP,B_75_LYS)
printing pajek edge (B_71_ASP,B_72_SER)
printing pajek edge (B_71_ASP,B_74_MET)
printing pajek edge (B_37_GLU,B_41_ALA)
printing pajek edge (B_37_GLU,B_40_LEU)
printing pajek edge (B_37_GLU,B_38_TYR)
printing pajek edge (B_67_LYS,B_71_ASP)
printing pajek edge (B_67_LYS,B_71_ASP)
printing pajek edge (B_67_LYS,B_68_MET)
printing pajek edge (B_67_LYS,B_70_GLN)
printing pajek edge (B_165_LEU,B_169_ILE)
printing pajek edge (B_165_LEU,B_166_PHE)
printing pajek edge (B_165_LEU,B_168_VAL)
