Graph START

Adding vertex (chain-A, position-1, res-GLY)
New vertex id: 0
1 2 3 4 
Adding vertex (chain-A, position-2, res-GLN)
New vertex id: 1
5 6 7 8 9 10 11 12 13 
Adding vertex (chain-A, position-3, res-ASP)
New vertex id: 2
14 15 16 17 18 19 20 21 
Adding vertex (chain-A, position-4, res-ARG)
New vertex id: 3
22 23 24 25 26 27 28 29 30 31 32 
Adding vertex (chain-A, position-5, res-SER)
New vertex id: 4
33 34 35 36 37 38 
Adding vertex (chain-A, position-6, res-GLU)
New vertex id: 5
39 40 41 42 43 44 45 46 47 
Adding vertex (chain-A, position-7, res-ALA)
New vertex id: 6
48 49 50 51 52 
Adding vertex (chain-A, position-8, res-THR)
New vertex id: 7
53 54 55 56 57 58 59 
Adding vertex (chain-A, position-9, res-LEU)
New vertex id: 8
60 61 62 63 64 65 66 67 
Adding vertex (chain-A, position-10, res-ILE)
New vertex id: 9
68 69 70 71 72 73 74 75 
Adding vertex (chain-A, position-11, res-LYS)
New vertex id: 10
76 77 78 79 80 81 82 83 84 
Adding vertex (chain-A, position-12, res-ARG)
New vertex id: 11
85 86 87 88 89 90 91 92 93 94 95 
Adding vertex (chain-A, position-13, res-PHE)
New vertex id: 12
96 97 98 99 100 101 102 103 104 105 106 
Adding vertex (chain-A, position-14, res-LYS)
New vertex id: 13
107 108 109 110 111 112 113 114 115 
Adding vertex (chain-A, position-15, res-GLY)
New vertex id: 14
116 117 118 119 
Adding vertex (chain-A, position-16, res-GLU)
New vertex id: 15
120 121 122 123 124 125 126 127 128 
Adding vertex (chain-A, position-17, res-GLY)
New vertex id: 16
129 130 131 132 
Adding vertex (chain-A, position-18, res-VAL)
New vertex id: 17
133 134 135 136 137 138 139 
Adding vertex (chain-A, position-19, res-ARG)
New vertex id: 18
140 141 142 143 144 145 146 147 148 149 150 
Adding vertex (chain-A, position-20, res-TYR)
New vertex id: 19
151 152 153 154 155 156 157 158 159 160 161 162 
Adding vertex (chain-A, position-21, res-LYS)
New vertex id: 20
163 164 165 166 167 168 169 170 171 
Adding vertex (chain-A, position-22, res-ALA)
New vertex id: 21
172 173 174 175 176 
Adding vertex (chain-A, position-23, res-LYS)
New vertex id: 22
177 178 179 180 181 182 183 184 185 
Adding vertex (chain-A, position-24, res-LEU)
New vertex id: 23
186 187 188 189 190 191 192 193 
Adding vertex (chain-A, position-25, res-ILE)
New vertex id: 24
194 195 196 197 198 199 200 201 
Adding vertex (chain-A, position-26, res-GLY)
New vertex id: 25
202 203 204 205 
Adding vertex (chain-A, position-27, res-ILE)
New vertex id: 26
206 207 208 209 210 211 212 213 
Adding vertex (chain-A, position-28, res-ASP)
New vertex id: 27
214 215 216 217 218 219 220 221 
Adding vertex (chain-A, position-29, res-GLU)
New vertex id: 28
222 223 224 225 226 227 228 229 230 
Adding vertex (chain-A, position-30, res-VAL)
New vertex id: 29
231 232 233 234 235 236 237 
Adding vertex (chain-A, position-31, res-SER)
New vertex id: 30
238 239 240 241 242 243 
Adding vertex (chain-A, position-32, res-ALA)
New vertex id: 31
244 245 246 247 248 
Adding vertex (chain-A, position-33, res-ALA)
New vertex id: 32
249 250 251 252 253 
Adding vertex (chain-A, position-34, res-ARG)
New vertex id: 33
254 255 256 257 258 259 260 261 262 263 264 
Adding vertex (chain-A, position-35, res-GLY)
New vertex id: 34
265 266 267 268 
Adding vertex (chain-A, position-36, res-ASP)
New vertex id: 35
269 270 271 272 273 274 275 276 
Adding vertex (chain-A, position-37, res-LYS)
New vertex id: 36
277 278 279 280 281 282 283 284 285 
Adding vertex (chain-A, position-38, res-LEU)
New vertex id: 37
286 287 288 289 290 291 292 293 
Adding vertex (chain-A, position-39, res-CYS)
New vertex id: 38
294 295 296 297 298 299 
Adding vertex (chain-A, position-40, res-GLN)
New vertex id: 39
300 301 302 303 304 305 306 307 308 
Adding vertex (chain-A, position-41, res-ASP)
New vertex id: 40
309 310 311 312 313 314 315 316 
Adding vertex (chain-A, position-42, res-SER)
New vertex id: 41
317 318 319 320 321 322 
Adding vertex (chain-A, position-43, res-MET)
New vertex id: 42
323 324 325 326 327 328 329 330 
Adding vertex (chain-A, position-44, res-MET)
New vertex id: 43
331 332 333 334 335 336 337 338 
Adding vertex (chain-A, position-45, res-LYS)
New vertex id: 44
339 340 341 342 343 344 345 346 347 
Adding vertex (chain-A, position-46, res-LEU)
New vertex id: 45
348 349 350 351 352 353 354 355 
Adding vertex (chain-A, position-47, res-LYS)
New vertex id: 46
356 357 358 359 360 361 362 363 364 
Adding vertex (chain-A, position-48, res-GLY)
New vertex id: 47
365 366 367 368 
Adding vertex (chain-A, position-49, res-VAL)
New vertex id: 48
369 370 371 372 373 374 375 
Adding vertex (chain-A, position-50, res-VAL)
New vertex id: 49
376 377 378 379 380 381 382 
Adding vertex (chain-A, position-51, res-ALA)
New vertex id: 50
383 384 385 386 387 
Adding vertex (chain-A, position-52, res-GLY)
New vertex id: 51
388 389 390 391 
Adding vertex (chain-A, position-53, res-ALA)
New vertex id: 52
392 393 394 395 396 
Adding vertex (chain-A, position-54, res-ARG)
New vertex id: 53
397 398 399 400 401 402 403 404 405 406 407 
Adding vertex (chain-A, position-55, res-SER)
New vertex id: 54
408 409 410 411 412 413 
Adding vertex (chain-A, position-56, res-LYS)
New vertex id: 55
414 415 416 417 418 419 420 421 422 
Adding vertex (chain-A, position-57, res-GLY)
New vertex id: 56
423 424 425 426 
Adding vertex (chain-A, position-58, res-GLU)
New vertex id: 57
427 428 429 430 431 432 433 434 435 
Adding vertex (chain-A, position-59, res-HIS)
New vertex id: 58
436 437 438 439 440 441 442 443 444 445 
Adding vertex (chain-A, position-60, res-LYS)
New vertex id: 59
446 447 448 449 450 451 452 453 454 
Adding vertex (chain-A, position-61, res-GLN)
New vertex id: 60
455 456 457 458 459 460 461 462 463 
Adding vertex (chain-A, position-62, res-LYS)
New vertex id: 61
464 465 466 467 468 469 470 471 472 
Adding vertex (chain-A, position-63, res-ILE)
New vertex id: 62
473 474 475 476 477 478 479 480 
Adding vertex (chain-A, position-64, res-PHE)
New vertex id: 63
481 482 483 484 485 486 487 488 489 490 491 
Adding vertex (chain-A, position-65, res-LEU)
New vertex id: 64
492 493 494 495 496 497 498 499 
Adding vertex (chain-A, position-66, res-THR)
New vertex id: 65
500 501 502 503 504 505 506 
Adding vertex (chain-A, position-67, res-ILE)
New vertex id: 66
507 508 509 510 511 512 513 514 
Adding vertex (chain-A, position-68, res-SER)
New vertex id: 67
515 516 517 518 519 520 
Adding vertex (chain-A, position-69, res-PHE)
New vertex id: 68
521 522 523 524 525 526 527 528 529 530 531 
Adding vertex (chain-A, position-70, res-GLY)
New vertex id: 69
532 533 534 535 
Adding vertex (chain-A, position-71, res-GLY)
New vertex id: 70
536 537 538 539 
Adding vertex (chain-A, position-72, res-ILE)
New vertex id: 71
540 541 542 543 544 545 546 547 
Adding vertex (chain-A, position-73, res-LYS)
New vertex id: 72
548 549 550 551 552 553 554 555 556 
Adding vertex (chain-A, position-74, res-ILE)
New vertex id: 73
557 558 559 560 561 562 563 564 
Adding vertex (chain-A, position-75, res-PHE)
New vertex id: 74
565 566 567 568 569 570 571 572 573 574 575 
Adding vertex (chain-A, position-76, res-ASP)
New vertex id: 75
576 577 578 579 580 581 582 583 
Adding vertex (chain-A, position-77, res-GLU)
New vertex id: 76
584 585 586 587 588 589 590 591 592 
Adding vertex (chain-A, position-78, res-LYS)
New vertex id: 77
593 594 595 596 597 598 599 600 601 
Adding vertex (chain-A, position-79, res-THR)
New vertex id: 78
602 603 604 605 606 607 608 
Adding vertex (chain-A, position-80, res-GLY)
New vertex id: 79
609 610 611 612 
Adding vertex (chain-A, position-81, res-ALA)
New vertex id: 80
613 614 615 616 617 
Adding vertex (chain-A, position-82, res-LEU)
New vertex id: 81
618 619 620 621 622 623 624 625 
Adding vertex (chain-A, position-83, res-GLN)
New vertex id: 82
626 627 628 629 630 631 632 633 634 
Adding vertex (chain-A, position-84, res-HIS)
New vertex id: 83
635 636 637 638 639 640 641 642 643 644 
Adding vertex (chain-A, position-85, res-HIS)
New vertex id: 84
645 646 647 648 649 650 651 652 653 654 
Adding vertex (chain-A, position-86, res-HIS)
New vertex id: 85
655 656 657 658 659 660 661 662 663 664 
Adding vertex (chain-A, position-87, res-ALA)
New vertex id: 86
665 666 667 668 669 
Adding vertex (chain-A, position-88, res-VAL)
New vertex id: 87
670 671 672 673 674 675 676 
Adding vertex (chain-A, position-89, res-HIS)
New vertex id: 88
677 678 679 680 681 682 683 684 685 686 
Adding vertex (chain-A, position-90, res-GLU)
New vertex id: 89
687 688 689 690 691 692 693 694 695 
Adding vertex (chain-A, position-91, res-ILE)
New vertex id: 90
696 697 698 699 700 701 702 703 
Adding vertex (chain-A, position-92, res-SER)
New vertex id: 91
704 705 706 707 708 709 
Adding vertex (chain-A, position-93, res-TYR)
New vertex id: 92
710 711 712 713 714 715 716 717 718 719 720 721 
Adding vertex (chain-A, position-94, res-ILE)
New vertex id: 93
722 723 724 725 726 727 728 729 
Adding vertex (chain-A, position-95, res-ALA)
New vertex id: 94
730 731 732 733 734 
Adding vertex (chain-A, position-96, res-LYS)
New vertex id: 95
735 736 737 738 739 740 741 742 743 
Adding vertex (chain-A, position-97, res-ASP)
New vertex id: 96
744 745 746 747 748 749 750 751 
Adding vertex (chain-A, position-98, res-ILE)
New vertex id: 97
752 753 754 755 756 757 758 759 
Adding vertex (chain-A, position-99, res-THR)
New vertex id: 98
760 761 762 763 764 765 766 
Adding vertex (chain-A, position-100, res-ASP)
New vertex id: 99
767 768 769 770 771 772 773 774 
Adding vertex (chain-A, position-101, res-HIS)
New vertex id: 100
775 776 777 778 779 780 781 782 783 784 
Adding vertex (chain-A, position-102, res-ARG)
New vertex id: 101
785 786 787 788 789 790 791 792 793 794 795 
Adding vertex (chain-A, position-103, res-ALA)
New vertex id: 102
796 797 798 799 800 
Adding vertex (chain-A, position-104, res-PHE)
New vertex id: 103
801 802 803 804 805 806 807 808 809 810 811 
Adding vertex (chain-A, position-105, res-GLY)
New vertex id: 104
812 813 814 815 
Adding vertex (chain-A, position-106, res-TYR)
New vertex id: 105
816 817 818 819 820 821 822 823 824 825 826 827 
Adding vertex (chain-A, position-107, res-VAL)
New vertex id: 106
828 829 830 831 832 833 834 
Adding vertex (chain-A, position-108, res-CYS)
New vertex id: 107
835 836 837 838 839 840 
Adding vertex (chain-A, position-109, res-GLY)
New vertex id: 108
841 842 843 844 
Adding vertex (chain-A, position-110, res-LYS)
New vertex id: 109
845 846 847 848 849 850 851 852 853 
Adding vertex (chain-A, position-111, res-GLU)
New vertex id: 110
854 855 856 857 858 859 860 861 862 
Adding vertex (chain-A, position-112, res-GLY)
New vertex id: 111
863 864 865 866 
Adding vertex (chain-A, position-113, res-ASN)
New vertex id: 112
867 868 869 870 871 872 873 874 
Adding vertex (chain-A, position-114, res-HIS)
New vertex id: 113
875 876 877 878 879 880 881 882 883 884 
Adding vertex (chain-A, position-115, res-ARG)
New vertex id: 114
885 886 887 888 889 890 891 892 893 894 895 
Adding vertex (chain-A, position-116, res-PHE)
New vertex id: 115
896 897 898 899 900 901 902 903 904 905 906 
Adding vertex (chain-A, position-117, res-VAL)
New vertex id: 116
907 908 909 910 911 912 913 
Adding vertex (chain-A, position-118, res-ALA)
New vertex id: 117
914 915 916 917 918 
Adding vertex (chain-A, position-119, res-ILE)
New vertex id: 118
919 920 921 922 923 924 925 926 
Adding vertex (chain-A, position-120, res-LYS)
New vertex id: 119
927 928 929 930 931 932 933 934 935 
Adding vertex (chain-A, position-121, res-THR)
New vertex id: 120
936 937 938 939 940 941 942 
Adding vertex (chain-A, position-122, res-ALA)
New vertex id: 121
943 944 945 946 947 
Adding vertex (chain-A, position-123, res-GLN)
New vertex id: 122
948 949 950 951 952 953 954 955 956 
Adding vertex (chain-A, position-124, res-ALA)
New vertex id: 123
957 958 959 960 961 
Adding vertex (chain-A, position-125, res-ALA)
New vertex id: 124
962 963 964 965 966 
Adding vertex (chain-A, position-126, res-GLU)
New vertex id: 125
967 968 969 970 971 972 973 974 975 
Adding vertex (chain-A, position-127, res-PRO)
New vertex id: 126
976 977 978 979 980 981 982 
Adding vertex (chain-A, position-128, res-VAL)
New vertex id: 127
983 984 985 986 987 988 989 
Adding vertex (chain-A, position-129, res-ILE)
New vertex id: 128
990 991 992 993 994 995 996 997 
Adding vertex (chain-A, position-130, res-LEU)
New vertex id: 129
998 999 1000 1001 1002 1003 1004 1005 
Adding vertex (chain-A, position-131, res-ASP)
New vertex id: 130
1006 1007 1008 1009 1010 1011 1012 1013 
Adding vertex (chain-A, position-132, res-LEU)
New vertex id: 131
1014 1015 1016 1017 1018 1019 1020 1021 
Adding vertex (chain-A, position-133, res-ARG)
New vertex id: 132
1022 1023 1024 1025 1026 1027 1028 1029 1030 1031 1032 
Adding vertex (chain-A, position-134, res-ASP)
New vertex id: 133
1033 1034 1035 1036 1037 1038 1039 1040 
Adding vertex (chain-A, position-135, res-LEU)
New vertex id: 134
1041 1042 1043 1044 1045 1046 1047 1048 
Adding vertex (chain-A, position-136, res-PHE)
New vertex id: 135
1049 1050 1051 1052 1053 1054 1055 1056 1057 1058 1059 
Adding vertex (chain-A, position-137, res-GLN)
New vertex id: 136
1060 1061 1062 1063 1064 1065 1066 1067 1068 
Adding vertex (chain-A, position-138, res-LEU)
New vertex id: 137
1069 1070 1071 1072 1073 1074 1075 1076 
Adding vertex (chain-A, position-139, res-ILE)
New vertex id: 138
1077 1078 1079 1080 1081 1082 1083 1084 
Adding vertex (chain-A, position-140, res-TYR)
New vertex id: 139
1085 1086 1087 1088 1089 1090 1091 1092 1093 1094 1095 1096 
Adding vertex (chain-A, position-141, res-GLU)
New vertex id: 140
1097 1098 1099 1100 1101 1102 1103 1104 1105 
Adding vertex (chain-A, position-142, res-LEU)
New vertex id: 141
1106 1107 1108 1109 1110 1111 1112 1113 
Adding vertex (chain-A, position-143, res-LYS)
New vertex id: 142
1114 1115 1116 1117 1118 1119 1120 1121 1122 
Adding vertex (chain-A, position-144, res-GLN)
New vertex id: 143
1123 1124 1125 1126 1127 1128 1129 1130 1131 
Adding vertex (chain-A, position-145, res-ARG)
New vertex id: 144
1132 1133 1134 1135 1136 1137 1138 1139 1140 1141 1142 
Adding vertex (chain-A, position-146, res-GLU)
New vertex id: 145
1143 1144 1145 1146 1147 1148 1149 1150 1151 
Adding vertex (chain-A, position-147, res-GLU)
New vertex id: 146
1152 1153 1154 1155 1156 1157 1158 1159 1160 
Adding vertex (chain-A, position-148, res-LEU)
New vertex id: 147
1161 1162 1163 1164 1165 1166 1167 1168 
Adding vertex (chain-A, position-149, res-GLU)
New vertex id: 148
1169 1170 1171 1172 1173 1174 1175 1176 1177 
Adding vertex (chain-A, position-150, res-LYS)
New vertex id: 149
1178 1179 1180 1181 1182 1183 1184 1185 1186 
Adding vertex (chain-A, position-151, res-LYS)
New vertex id: 150
1187 1188 1189 1190 1191 1192 1193 1194 1195 
Adding vertex (chain-A, position-152, res-ALA)
New vertex id: 151
1196 1197 1198 1199 1200 1201 
Graph DONE

( reduce -FLIPs 1NTV.pdb > 1NTV.H.pdb ) >& /dev/null
Reduce (-FLIPs) returned 0
( bndlst -Radius0.3 1NTV.H.pdb > 1NTV.H.bndlst ) >& /dev/null
BndLst returned 0
Parsing 1NTV.H.bndlst

bndlst START
Adding bndlst edge: (A_G1_MC -> A_Q2_MC) type[cov], weight[1.00] from 0 to 1 dist[1.33]
Adding bndlst edge: (A_Q2_MC -> A_D3_MC) type[cov], weight[1.00] from 1 to 2 dist[1.33]
Adding bndlst edge: (A_D3_MC -> A_R4_MC) type[cov], weight[1.00] from 2 to 3 dist[1.33]
Adding bndlst edge: (A_D3_SC -> A_S5_SC) type[hb], weight[0.53] from 2 to 4 dist[2.75]
Adding bndlst edge: (A_D3_SC -> A_S5_MC) type[hb], weight[0.92] from 2 to 4 dist[2.09]
Adding bndlst edge: (A_D3_SC -> A_R4_MC) type[hb], weight[0.53] from 2 to 3 dist[2.76]
Adding bndlst edge: (A_D3_SC -> A_T8_SC) type[cov], weight[1.00] from 2 to 7 dist[1.61]
Adding bndlst edge: (A_D3_SC -> A_S5_SC) type[hb], weight[0.76] from 2 to 4 dist[2.29]
Adding bndlst edge: (A_R4_MC -> A_S5_MC) type[cov], weight[1.00] from 3 to 4 dist[1.33]
Adding bndlst edge: (A_R4_SC -> A_D134_SC) type[salt], weight[0.98] from 3 to 133 dist[1.92]
Adding bndlst edge: (A_S5_MC -> A_E6_MC) type[cov], weight[1.00] from 4 to 5 dist[1.33]
Adding bndlst edge: (A_S5_MC -> A_L9_MC) type[hb], weight[1.03] from 4 to 8 dist[1.97]
Adding bndlst edge: (A_S5_MC -> A_T8_MC) type[hb], weight[0.60] from 4 to 7 dist[2.57]
Adding bndlst edge: (A_S5_SC -> A_T8_MC) type[hb], weight[0.68] from 4 to 7 dist[2.43]
Adding bndlst edge: (A_S5_SC -> A_T8_SC) type[hb], weight[0.67] from 4 to 7 dist[2.44]
Adding bndlst edge: (A_E6_MC -> A_A7_MC) type[cov], weight[1.00] from 5 to 6 dist[1.33]
Adding bndlst edge: (A_E6_MC -> A_L9_MC) type[hb], weight[0.55] from 5 to 8 dist[2.71]
Adding bndlst edge: (A_E6_MC -> A_I10_MC) type[hb], weight[0.95] from 5 to 9 dist[2.05]
Adding bndlst edge: (A_E6_SC -> A_R145_SC) type[salt], weight[0.65] from 5 to 144 dist[2.35]
Adding bndlst edge: (A_E6_SC -> A_R145_SC) type[salt], weight[0.60] from 5 to 144 dist[2.45]
Adding bndlst edge: (A_E6_SC -> A_R145_SC) type[salt], weight[0.59] from 5 to 144 dist[2.48]
Adding bndlst edge: (A_A7_MC -> A_T8_MC) type[cov], weight[1.00] from 6 to 7 dist[1.33]
Adding bndlst edge: (A_A7_MC -> A_K11_MC) type[hb], weight[0.71] from 6 to 10 dist[2.37]
Adding bndlst edge: (A_A7_MC -> A_I10_MC) type[hb], weight[0.47] from 6 to 9 dist[2.91]
Adding bndlst edge: (A_T8_MC -> A_L9_MC) type[cov], weight[1.00] from 7 to 8 dist[1.33]
Adding bndlst edge: (A_T8_MC -> A_R12_MC) type[hb], weight[0.91] from 7 to 11 dist[2.10]
Adding bndlst edge: (A_T8_MC -> A_K11_MC) type[hb], weight[0.52] from 7 to 10 dist[2.77]
Adding bndlst edge: (A_L9_MC -> A_I10_MC) type[cov], weight[1.00] from 8 to 9 dist[1.32]
Adding bndlst edge: (A_L9_MC -> A_F13_MC) type[hb], weight[0.94] from 8 to 12 dist[2.06]
Adding bndlst edge: (A_L9_MC -> A_R12_MC) type[hb], weight[0.61] from 8 to 11 dist[2.55]
Adding bndlst edge: (A_I10_MC -> A_K11_MC) type[cov], weight[1.00] from 9 to 10 dist[1.33]
Adding bndlst edge: (A_I10_MC -> A_K14_MC) type[hb], weight[0.79] from 9 to 13 dist[2.25]
Adding bndlst edge: (A_I10_MC -> A_F13_MC) type[hb], weight[0.52] from 9 to 12 dist[2.77]
Adding bndlst edge: (A_K11_MC -> A_R12_MC) type[cov], weight[1.00] from 10 to 11 dist[1.32]
Adding bndlst edge: (A_R12_MC -> A_F13_MC) type[cov], weight[1.00] from 11 to 12 dist[1.33]
Adding bndlst edge: (A_R12_SC -> A_D131_SC) type[salt], weight[0.47] from 11 to 130 dist[2.78]
Adding bndlst edge: (A_R12_SC -> A_D131_SC) type[salt], weight[1.10] from 11 to 130 dist[1.81]
Adding bndlst edge: (A_R12_SC -> A_Y20_SC) type[hb], weight[0.45] from 11 to 19 dist[2.98]
Adding bndlst edge: (A_R12_SC -> A_D131_SC) type[salt], weight[0.87] from 11 to 130 dist[2.04]
Adding bndlst edge: (A_R12_SC -> A_D131_SC) type[salt], weight[0.47] from 11 to 130 dist[2.76]
Adding bndlst edge: (A_F13_MC -> A_K14_MC) type[cov], weight[1.00] from 12 to 13 dist[1.33]
Adding bndlst edge: (A_F13_MC -> A_F69_MC) type[hb], weight[0.71] from 12 to 68 dist[2.38]
Adding bndlst edge: (A_K14_MC -> A_G15_MC) type[cov], weight[1.00] from 13 to 14 dist[1.33]
Adding bndlst edge: (A_K14_MC -> A_G17_MC) type[hb], weight[0.86] from 13 to 16 dist[2.16]
Adding bndlst edge: (A_G15_MC -> A_E16_MC) type[cov], weight[1.00] from 14 to 15 dist[1.33]
Adding bndlst edge: (A_E16_MC -> A_G17_MC) type[cov], weight[1.00] from 15 to 16 dist[1.33]
Adding bndlst edge: (A_G17_MC -> A_V18_MC) type[cov], weight[1.00] from 16 to 17 dist[1.33]
Adding bndlst edge: (A_V18_MC -> A_R19_MC) type[cov], weight[1.00] from 17 to 18 dist[1.33]
Adding bndlst edge: (A_V18_MC -> A_I67_MC) type[hb], weight[1.05] from 17 to 66 dist[1.95]
Adding bndlst edge: (A_V18_MC -> A_I67_MC) type[hb], weight[1.04] from 17 to 66 dist[1.96]
Adding bndlst edge: (A_R19_MC -> A_Y20_MC) type[cov], weight[1.00] from 18 to 19 dist[1.33]
Adding bndlst edge: (A_R19_SC -> A_F64_SC) type[hb], weight[0.50] from 18 to 63 dist[2.83]
Adding bndlst edge: (A_R19_SC -> A_F64_SC) type[hb], weight[0.41] from 18 to 63 dist[3.11]
Adding bndlst edge: (A_R19_SC -> A_F64_SC) type[hb], weight[0.49] from 18 to 63 dist[2.84]
Adding bndlst edge: (A_R19_SC -> A_F64_SC) type[hb], weight[0.56] from 18 to 63 dist[2.68]
Adding bndlst edge: (A_R19_SC -> A_F64_SC) type[hb], weight[0.38] from 18 to 63 dist[3.25]
Adding bndlst edge: (A_R19_SC -> A_F64_SC) type[hb], weight[0.41] from 18 to 63 dist[3.13]
Adding bndlst edge: (A_Y20_MC -> A_K21_MC) type[cov], weight[1.00] from 19 to 20 dist[1.33]
Adding bndlst edge: (A_Y20_MC -> A_L65_MC) type[hb], weight[1.03] from 19 to 64 dist[1.97]
Adding bndlst edge: (A_Y20_MC -> A_L65_MC) type[hb], weight[1.13] from 19 to 64 dist[1.89]
Adding bndlst edge: (A_Y20_SC -> A_D131_SC) type[cov], weight[1.00] from 19 to 130 dist[1.65]
Adding bndlst edge: (A_K21_MC -> A_A22_MC) type[cov], weight[1.00] from 20 to 21 dist[1.33]
Adding bndlst edge: (A_K21_MC -> A_A122_MC) type[hb], weight[0.92] from 20 to 121 dist[2.08]
Adding bndlst edge: (A_A22_MC -> A_K23_MC) type[cov], weight[1.00] from 21 to 22 dist[1.33]
Adding bndlst edge: (A_A22_MC -> A_I63_MC) type[hb], weight[1.18] from 21 to 62 dist[1.84]
Adding bndlst edge: (A_A22_MC -> A_I63_MC) type[hb], weight[1.00] from 21 to 62 dist[2.00]
Adding bndlst edge: (A_K23_MC -> A_L24_MC) type[cov], weight[1.00] from 22 to 23 dist[1.33]
Adding bndlst edge: (A_K23_MC -> A_K120_MC) type[hb], weight[1.12] from 22 to 119 dist[1.89]
Adding bndlst edge: (A_K23_MC -> A_K120_MC) type[hb], weight[1.07] from 22 to 119 dist[1.94]
Adding bndlst edge: (A_L24_MC -> A_I25_MC) type[cov], weight[1.00] from 23 to 24 dist[1.33]
Adding bndlst edge: (A_L24_MC -> A_Q61_MC) type[hb], weight[0.97] from 23 to 60 dist[2.03]
Adding bndlst edge: (A_I25_MC -> A_G26_MC) type[cov], weight[1.00] from 24 to 25 dist[1.33]
Adding bndlst edge: (A_I25_MC -> A_A118_MC) type[hb], weight[1.02] from 24 to 117 dist[1.98]
Adding bndlst edge: (A_G26_MC -> A_I27_MC) type[cov], weight[1.00] from 25 to 26 dist[1.33]
Adding bndlst edge: (A_G26_MC -> A_A118_MC) type[hb], weight[1.13] from 25 to 117 dist[1.88]
Adding bndlst edge: (A_G26_MC -> A_A118_MC) type[hb], weight[0.63] from 25 to 117 dist[2.52]
Adding bndlst edge: (A_I27_MC -> A_D28_MC) type[cov], weight[1.00] from 26 to 27 dist[1.33]
Adding bndlst edge: (A_D28_MC -> A_E29_MC) type[cov], weight[1.00] from 27 to 28 dist[1.33]
Adding bndlst edge: (A_D28_MC -> A_F116_MC) type[hb], weight[1.34] from 27 to 115 dist[1.73]
Adding bndlst edge: (A_D28_SC -> A_S42_SC) type[hb], weight[1.07] from 27 to 41 dist[1.94]
Adding bndlst edge: (A_D28_SC -> A_K45_SC) type[salt], weight[0.57] from 27 to 44 dist[2.52]
Adding bndlst edge: (A_D28_SC -> A_E29_MC) type[hb], weight[0.70] from 27 to 28 dist[2.39]
Adding bndlst edge: (A_D28_MC -> A_F116_MC) type[hb], weight[1.05] from 27 to 115 dist[1.95]
Adding bndlst edge: (A_E29_MC -> A_V30_MC) type[cov], weight[1.00] from 28 to 29 dist[1.33]
Adding bndlst edge: (A_V30_MC -> A_S31_MC) type[cov], weight[1.00] from 29 to 30 dist[1.33]
Adding bndlst edge: (A_V30_MC -> A_H114_MC) type[hb], weight[1.01] from 29 to 113 dist[1.99]
Adding bndlst edge: (A_S31_MC -> A_A32_MC) type[cov], weight[1.00] from 30 to 31 dist[1.33]
Adding bndlst edge: (A_A32_MC -> A_A33_MC) type[cov], weight[1.00] from 31 to 32 dist[1.33]
Adding bndlst edge: (A_A33_MC -> A_R34_MC) type[cov], weight[1.00] from 32 to 33 dist[1.33]
Adding bndlst edge: (A_A33_MC -> A_S92_SC) type[hb], weight[1.40] from 32 to 91 dist[1.69]
Adding bndlst edge: (A_R34_MC -> A_G35_MC) type[cov], weight[1.00] from 33 to 34 dist[1.33]
Adding bndlst edge: (A_G35_MC -> A_D36_MC) type[cov], weight[1.00] from 34 to 35 dist[1.33]
Adding bndlst edge: (A_G35_MC -> A_C39_MC) type[hb], weight[0.96] from 34 to 38 dist[2.04]
Adding bndlst edge: (A_G35_MC -> A_L38_MC) type[hb], weight[0.49] from 34 to 37 dist[2.84]
Adding bndlst edge: (A_G35_MC -> A_Y93_SC) type[hb], weight[0.51] from 34 to 92 dist[2.80]
Adding bndlst edge: (A_G35_MC -> A_Y93_SC) type[hb], weight[0.45] from 34 to 92 dist[2.99]
Adding bndlst edge: (A_G35_MC -> A_Y93_SC) type[hb], weight[0.37] from 34 to 92 dist[3.29]
Adding bndlst edge: (A_G35_MC -> A_Y93_SC) type[hb], weight[0.46] from 34 to 92 dist[2.94]
Adding bndlst edge: (A_G35_MC -> A_Y93_SC) type[hb], weight[0.38] from 34 to 92 dist[3.24]
Adding bndlst edge: (A_D36_MC -> A_K37_MC) type[cov], weight[1.00] from 35 to 36 dist[1.33]
Adding bndlst edge: (A_D36_MC -> A_Q40_MC) type[hb], weight[0.98] from 35 to 39 dist[2.02]
Adding bndlst edge: (A_D36_MC -> A_C39_MC) type[hb], weight[0.49] from 35 to 38 dist[2.85]
Adding bndlst edge: (A_D36_SC -> A_Y93_SC) type[hb], weight[1.43] from 35 to 92 dist[1.68]
Adding bndlst edge: (A_K37_MC -> A_L38_MC) type[cov], weight[1.00] from 36 to 37 dist[1.33]
Adding bndlst edge: (A_K37_MC -> A_D41_MC) type[hb], weight[1.08] from 36 to 40 dist[1.93]
Adding bndlst edge: (A_K37_MC -> A_Q40_MC) type[hb], weight[0.46] from 36 to 39 dist[2.94]
Adding bndlst edge: (A_L38_MC -> A_C39_MC) type[cov], weight[1.00] from 37 to 38 dist[1.33]
Adding bndlst edge: (A_L38_MC -> A_S42_MC) type[hb], weight[0.82] from 37 to 41 dist[2.21]
Adding bndlst edge: (A_C39_MC -> A_Q40_MC) type[cov], weight[1.00] from 38 to 39 dist[1.33]
Adding bndlst edge: (A_C39_MC -> A_S42_MC) type[hb], weight[0.54] from 38 to 41 dist[2.72]
Adding bndlst edge: (A_C39_MC -> A_M43_MC) type[hb], weight[1.16] from 38 to 42 dist[1.86]
Adding bndlst edge: (A_C39_SC -> A_F116_SC) type[hb], weight[0.55] from 38 to 115 dist[2.69]
Adding bndlst edge: (A_C39_SC -> A_F116_SC) type[hb], weight[0.58] from 38 to 115 dist[2.62]
Adding bndlst edge: (A_Q40_MC -> A_D41_MC) type[cov], weight[1.00] from 39 to 40 dist[1.33]
Adding bndlst edge: (A_Q40_MC -> A_M44_MC) type[hb], weight[1.09] from 39 to 43 dist[1.92]
Adding bndlst edge: (A_Q40_MC -> A_M43_MC) type[hb], weight[0.45] from 39 to 42 dist[2.99]
Adding bndlst edge: (A_Q40_SC -> A_I98_MC) type[hb], weight[0.80] from 39 to 97 dist[2.24]
Adding bndlst edge: (A_Q40_SC -> A_D97_SC) type[hb], weight[0.87] from 39 to 96 dist[2.15]
Adding bndlst edge: (A_D41_MC -> A_S42_MC) type[cov], weight[1.00] from 40 to 41 dist[1.33]
Adding bndlst edge: (A_D41_MC -> A_K45_MC) type[hb], weight[0.94] from 40 to 44 dist[2.06]
Adding bndlst edge: (A_D41_MC -> A_M44_MC) type[hb], weight[0.46] from 40 to 43 dist[2.96]
Adding bndlst edge: (A_S42_MC -> A_M43_MC) type[cov], weight[1.00] from 41 to 42 dist[1.33]
Adding bndlst edge: (A_S42_MC -> A_K45_MC) type[hb], weight[0.58] from 41 to 44 dist[2.63]
Adding bndlst edge: (A_S42_MC -> A_L46_MC) type[hb], weight[1.11] from 41 to 45 dist[1.90]
Adding bndlst edge: (A_M43_MC -> A_M44_MC) type[cov], weight[1.00] from 42 to 43 dist[1.33]
Adding bndlst edge: (A_M43_MC -> A_K47_MC) type[hb], weight[1.05] from 42 to 46 dist[1.95]
Adding bndlst edge: (A_M43_MC -> A_L46_MC) type[hb], weight[0.47] from 42 to 45 dist[2.93]
Adding bndlst edge: (A_M44_MC -> A_K45_MC) type[cov], weight[1.00] from 43 to 44 dist[1.33]
Adding bndlst edge: (A_M44_MC -> A_G48_MC) type[hb], weight[0.87] from 43 to 47 dist[2.15]
Adding bndlst edge: (A_K45_MC -> A_L46_MC) type[cov], weight[1.00] from 44 to 45 dist[1.33]
Adding bndlst edge: (A_K45_MC -> A_V49_MC) type[hb], weight[0.82] from 44 to 48 dist[2.20]
Adding bndlst edge: (A_K45_MC -> A_G48_MC) type[hb], weight[0.61] from 44 to 47 dist[2.56]
Adding bndlst edge: (A_L46_MC -> A_K47_MC) type[cov], weight[1.00] from 45 to 46 dist[1.33]
Adding bndlst edge: (A_L46_MC -> A_V50_MC) type[hb], weight[0.95] from 45 to 49 dist[2.05]
Adding bndlst edge: (A_L46_MC -> A_V49_MC) type[hb], weight[0.60] from 45 to 48 dist[2.58]
Adding bndlst edge: (A_K47_MC -> A_G48_MC) type[cov], weight[1.00] from 46 to 47 dist[1.33]
Adding bndlst edge: (A_K47_MC -> A_A51_MC) type[hb], weight[1.13] from 46 to 50 dist[1.88]
Adding bndlst edge: (A_K47_MC -> A_V50_MC) type[hb], weight[0.52] from 46 to 49 dist[2.77]
Adding bndlst edge: (A_K47_SC -> A_D100_SC) type[salt], weight[0.96] from 46 to 99 dist[1.94]
Adding bndlst edge: (A_K47_SC -> A_D97_SC) type[cov], weight[1.00] from 46 to 96 dist[1.57]
Adding bndlst edge: (A_G48_MC -> A_V49_MC) type[cov], weight[1.00] from 47 to 48 dist[1.33]
Adding bndlst edge: (A_G48_MC -> A_G52_MC) type[hb], weight[0.85] from 47 to 51 dist[2.17]
Adding bndlst edge: (A_G48_MC -> A_A51_MC) type[hb], weight[0.48] from 47 to 50 dist[2.89]
Adding bndlst edge: (A_V49_MC -> A_V50_MC) type[cov], weight[1.00] from 48 to 49 dist[1.33]
Adding bndlst edge: (A_V49_MC -> A_A53_MC) type[hb], weight[0.86] from 48 to 52 dist[2.16]
Adding bndlst edge: (A_V49_MC -> A_G52_MC) type[hb], weight[0.59] from 48 to 51 dist[2.60]
Adding bndlst edge: (A_V50_MC -> A_A51_MC) type[cov], weight[1.00] from 49 to 50 dist[1.33]
Adding bndlst edge: (A_V50_MC -> A_A53_MC) type[hb], weight[0.65] from 49 to 52 dist[2.48]
Adding bndlst edge: (A_V50_MC -> A_R54_MC) type[hb], weight[1.12] from 49 to 53 dist[1.89]
Adding bndlst edge: (A_A51_MC -> A_G52_MC) type[cov], weight[1.00] from 50 to 51 dist[1.33]
Adding bndlst edge: (A_A51_MC -> A_S55_MC) type[hb], weight[0.66] from 50 to 54 dist[2.46]
Adding bndlst edge: (A_A51_MC -> A_R54_MC) type[hb], weight[0.55] from 50 to 53 dist[2.70]
Adding bndlst edge: (A_G52_MC -> A_A53_MC) type[cov], weight[1.00] from 51 to 52 dist[1.33]
Adding bndlst edge: (A_G52_MC -> A_S55_SC) type[hb], weight[1.36] from 51 to 54 dist[1.72]
Adding bndlst edge: (A_G52_MC -> A_S55_MC) type[hb], weight[0.57] from 51 to 54 dist[2.66]
Adding bndlst edge: (A_A53_MC -> A_R54_MC) type[cov], weight[1.00] from 52 to 53 dist[1.33]
Adding bndlst edge: (A_A53_MC -> A_K56_MC) type[hb], weight[0.91] from 52 to 55 dist[2.10]
Adding bndlst edge: (A_A53_MC -> A_E58_MC) type[hb], weight[1.20] from 52 to 57 dist[1.82]
Adding bndlst edge: (A_A53_MC -> A_G57_MC) type[hb], weight[0.50] from 52 to 56 dist[2.81]
Adding bndlst edge: (A_R54_MC -> A_S55_MC) type[cov], weight[1.00] from 53 to 54 dist[1.33]
Adding bndlst edge: (A_R54_MC -> A_G57_MC) type[hb], weight[0.68] from 53 to 56 dist[2.42]
Adding bndlst edge: (A_S55_MC -> A_K56_MC) type[cov], weight[1.00] from 54 to 55 dist[1.33]
Adding bndlst edge: (A_K56_MC -> A_G57_MC) type[cov], weight[1.00] from 55 to 56 dist[1.33]
Adding bndlst edge: (A_G57_MC -> A_E58_MC) type[cov], weight[1.00] from 56 to 57 dist[1.33]
Adding bndlst edge: (A_E58_MC -> A_H59_MC) type[cov], weight[1.00] from 57 to 58 dist[1.33]
Adding bndlst edge: (A_H59_MC -> A_K60_MC) type[cov], weight[1.00] from 58 to 59 dist[1.33]
Adding bndlst edge: (A_K60_MC -> A_Q61_MC) type[cov], weight[1.00] from 59 to 60 dist[1.33]
Adding bndlst edge: (A_Q61_MC -> A_K62_MC) type[cov], weight[1.00] from 60 to 61 dist[1.33]
Adding bndlst edge: (A_Q61_SC -> A_Q83_SC) type[hb], weight[1.05] from 60 to 82 dist[1.96]
Adding bndlst edge: (A_Q61_SC -> A_Q83_SC) type[hb], weight[1.33] from 60 to 82 dist[1.74]
Adding bndlst edge: (A_Q61_SC -> A_D76_SC) type[hb], weight[1.02] from 60 to 75 dist[1.99]
Adding bndlst edge: (A_K62_MC -> A_I63_MC) type[cov], weight[1.00] from 61 to 62 dist[1.33]
Adding bndlst edge: (A_K62_MC -> A_E77_MC) type[hb], weight[0.98] from 61 to 76 dist[2.02]
Adding bndlst edge: (A_I63_MC -> A_F64_MC) type[cov], weight[1.00] from 62 to 63 dist[1.32]
Adding bndlst edge: (A_F64_MC -> A_L65_MC) type[cov], weight[1.00] from 63 to 64 dist[1.32]
Adding bndlst edge: (A_F64_MC -> A_F75_MC) type[hb], weight[1.16] from 63 to 74 dist[1.85]
Adding bndlst edge: (A_F64_MC -> A_F75_MC) type[hb], weight[0.89] from 63 to 74 dist[2.12]
Adding bndlst edge: (A_L65_MC -> A_T66_MC) type[cov], weight[1.00] from 64 to 65 dist[1.32]
Adding bndlst edge: (A_T66_MC -> A_I67_MC) type[cov], weight[1.00] from 65 to 66 dist[1.33]
Adding bndlst edge: (A_T66_MC -> A_K73_MC) type[hb], weight[0.86] from 65 to 72 dist[2.15]
Adding bndlst edge: (A_T66_MC -> A_K73_MC) type[hb], weight[1.03] from 65 to 72 dist[1.97]
Adding bndlst edge: (A_I67_MC -> A_S68_MC) type[cov], weight[1.00] from 66 to 67 dist[1.33]
Adding bndlst edge: (A_S68_MC -> A_F69_MC) type[cov], weight[1.00] from 67 to 68 dist[1.33]
Adding bndlst edge: (A_S68_MC -> A_G71_MC) type[hb], weight[1.16] from 67 to 70 dist[1.85]
Adding bndlst edge: (A_S68_MC -> A_G70_MC) type[hb], weight[0.48] from 67 to 69 dist[2.88]
Adding bndlst edge: (A_S68_SC -> A_G70_MC) type[hb], weight[0.87] from 67 to 69 dist[2.14]
Adding bndlst edge: (A_S68_MC -> A_G71_MC) type[hb], weight[0.88] from 67 to 70 dist[2.13]
Adding bndlst edge: (A_F69_MC -> A_G70_MC) type[cov], weight[1.00] from 68 to 69 dist[1.33]
Adding bndlst edge: (A_G70_MC -> A_G71_MC) type[cov], weight[1.00] from 69 to 70 dist[1.33]
Adding bndlst edge: (A_G70_MC -> A_H85_SC) type[hb], weight[1.37] from 69 to 84 dist[1.71]
Adding bndlst edge: (A_G71_MC -> A_I72_MC) type[cov], weight[1.00] from 70 to 71 dist[1.33]
Adding bndlst edge: (A_I72_MC -> A_K73_MC) type[cov], weight[1.00] from 71 to 72 dist[1.33]
Adding bndlst edge: (A_I72_MC -> A_H86_MC) type[hb], weight[1.18] from 71 to 85 dist[1.84]
Adding bndlst edge: (A_I72_MC -> A_H86_MC) type[hb], weight[1.05] from 71 to 85 dist[1.96]
Adding bndlst edge: (A_K73_MC -> A_I74_MC) type[cov], weight[1.00] from 72 to 73 dist[1.33]
Adding bndlst edge: (A_I74_MC -> A_F75_MC) type[cov], weight[1.00] from 73 to 74 dist[1.33]
Adding bndlst edge: (A_I74_MC -> A_H84_MC) type[hb], weight[0.79] from 73 to 83 dist[2.25]
Adding bndlst edge: (A_I74_MC -> A_Q83_MC) type[hb], weight[1.27] from 73 to 82 dist[1.78]
Adding bndlst edge: (A_I74_MC -> A_H84_MC) type[hb], weight[1.14] from 73 to 83 dist[1.88]
Adding bndlst edge: (A_F75_MC -> A_D76_MC) type[cov], weight[1.00] from 74 to 75 dist[1.33]
Adding bndlst edge: (A_D76_MC -> A_E77_MC) type[cov], weight[1.00] from 75 to 76 dist[1.33]
Adding bndlst edge: (A_D76_MC -> A_G80_MC) type[hb], weight[1.11] from 75 to 79 dist[1.90]
Adding bndlst edge: (A_D76_MC -> A_T79_MC) type[hb], weight[0.45] from 75 to 78 dist[2.98]
Adding bndlst edge: (A_D76_SC -> A_T79_SC) type[hb], weight[1.07] from 75 to 78 dist[1.93]
Adding bndlst edge: (A_D76_SC -> A_T79_MC) type[hb], weight[0.91] from 75 to 78 dist[2.09]
Adding bndlst edge: (A_D76_SC -> A_K78_MC) type[hb], weight[0.47] from 75 to 77 dist[2.90]
Adding bndlst edge: (A_D76_MC -> A_A81_MC) type[hb], weight[1.14] from 75 to 80 dist[1.87]
Adding bndlst edge: (A_E77_MC -> A_K78_MC) type[cov], weight[1.00] from 76 to 77 dist[1.33]
Adding bndlst edge: (A_K78_MC -> A_T79_MC) type[cov], weight[1.00] from 77 to 78 dist[1.33]
Adding bndlst edge: (A_T79_MC -> A_G80_MC) type[cov], weight[1.00] from 78 to 79 dist[1.33]
Adding bndlst edge: (A_T79_SC -> A_A81_MC) type[hb], weight[0.81] from 78 to 80 dist[2.23]
Adding bndlst edge: (A_G80_MC -> A_A81_MC) type[cov], weight[1.00] from 79 to 80 dist[1.33]
Adding bndlst edge: (A_A81_MC -> A_L82_MC) type[cov], weight[1.00] from 80 to 81 dist[1.33]
Adding bndlst edge: (A_L82_MC -> A_Q83_MC) type[cov], weight[1.00] from 81 to 82 dist[1.33]
Adding bndlst edge: (A_Q83_MC -> A_H84_MC) type[cov], weight[1.00] from 82 to 83 dist[1.33]
Adding bndlst edge: (A_Q83_SC -> A_H84_SC) type[hb], weight[0.85] from 82 to 83 dist[2.17]
Adding bndlst edge: (A_Q83_SC -> A_H84_SC) type[hb], weight[0.37] from 82 to 83 dist[3.30]
Adding bndlst edge: (A_Q83_SC -> A_H84_SC) type[hb], weight[0.54] from 82 to 83 dist[2.73]
Adding bndlst edge: (A_H84_MC -> A_H85_MC) type[cov], weight[1.00] from 83 to 84 dist[1.33]
Adding bndlst edge: (A_H85_MC -> A_H86_MC) type[cov], weight[1.00] from 84 to 85 dist[1.33]
Adding bndlst edge: (A_H86_MC -> A_A87_MC) type[cov], weight[1.00] from 85 to 86 dist[1.33]
Adding bndlst edge: (A_H86_SC -> A_Y106_SC) type[hb], weight[0.50] from 85 to 105 dist[2.83]
Adding bndlst edge: (A_H86_SC -> A_R115_SC) type[hb], weight[0.40] from 85 to 114 dist[3.17]
Adding bndlst edge: (A_H86_SC -> A_R115_SC) type[hb], weight[0.39] from 85 to 114 dist[3.19]
Adding bndlst edge: (A_H86_SC -> A_Y106_SC) type[hb], weight[0.49] from 85 to 105 dist[2.86]
Adding bndlst edge: (A_H86_SC -> A_Y106_SC) type[hb], weight[1.32] from 85 to 105 dist[1.74]
Adding bndlst edge: (A_H86_SC -> A_Y106_SC) type[hb], weight[0.57] from 85 to 105 dist[2.64]
Adding bndlst edge: (A_A87_MC -> A_V88_MC) type[cov], weight[1.00] from 86 to 87 dist[1.33]
Adding bndlst edge: (A_A87_MC -> A_I91_MC) type[hb], weight[0.52] from 86 to 90 dist[2.77]
Adding bndlst edge: (A_A87_MC -> A_E90_MC) type[hb], weight[1.08] from 86 to 89 dist[1.92]
Adding bndlst edge: (A_A87_MC -> A_E90_SC) type[hb], weight[0.94] from 86 to 89 dist[2.07]
Adding bndlst edge: (A_V88_MC -> A_H89_MC) type[cov], weight[1.00] from 87 to 88 dist[1.33]
Adding bndlst edge: (A_V88_MC -> A_I91_MC) type[hb], weight[0.75] from 87 to 90 dist[2.31]
Adding bndlst edge: (A_V88_MC -> A_E90_MC) type[hb], weight[0.48] from 87 to 89 dist[2.87]
Adding bndlst edge: (A_H89_MC -> A_E90_MC) type[cov], weight[1.00] from 88 to 89 dist[1.33]
Adding bndlst edge: (A_H89_MC -> A_K110_SC) type[hb], weight[0.70] from 88 to 109 dist[2.39]
Adding bndlst edge: (A_H89_SC -> A_K110_SC) type[hb], weight[0.54] from 88 to 109 dist[2.72]
Adding bndlst edge: (A_H89_SC -> A_K110_SC) type[hb], weight[0.62] from 88 to 109 dist[2.55]
Adding bndlst edge: (A_E90_MC -> A_I91_MC) type[cov], weight[1.00] from 89 to 90 dist[1.33]
Adding bndlst edge: (A_E90_MC -> A_G109_MC) type[hb], weight[1.12] from 89 to 108 dist[1.89]
Adding bndlst edge: (A_I91_MC -> A_S92_MC) type[cov], weight[1.00] from 90 to 91 dist[1.33]
Adding bndlst edge: (A_S92_MC -> A_Y93_MC) type[cov], weight[1.00] from 91 to 92 dist[1.33]
Adding bndlst edge: (A_S92_MC -> A_V107_MC) type[hb], weight[1.03] from 91 to 106 dist[1.97]
Adding bndlst edge: (A_Y93_MC -> A_I94_MC) type[cov], weight[1.00] from 92 to 93 dist[1.33]
Adding bndlst edge: (A_Y93_MC -> A_V107_MC) type[hb], weight[1.06] from 92 to 106 dist[1.94]
Adding bndlst edge: (A_Y93_SC -> A_I94_MC) type[hb], weight[0.36] from 92 to 93 dist[3.32]
Adding bndlst edge: (A_Y93_MC -> A_V107_MC) type[hb], weight[0.54] from 92 to 106 dist[2.72]
Adding bndlst edge: (A_I94_MC -> A_A95_MC) type[cov], weight[1.00] from 93 to 94 dist[1.33]
Adding bndlst edge: (A_A95_MC -> A_K96_MC) type[cov], weight[1.00] from 94 to 95 dist[1.33]
Adding bndlst edge: (A_A95_MC -> A_G105_MC) type[hb], weight[1.03] from 94 to 104 dist[1.97]
Adding bndlst edge: (A_A95_MC -> A_G105_MC) type[hb], weight[1.08] from 94 to 104 dist[1.93]
Adding bndlst edge: (A_K96_MC -> A_D97_MC) type[cov], weight[1.00] from 95 to 96 dist[1.33]
Adding bndlst edge: (A_K96_MC -> A_I98_MC) type[hb], weight[0.45] from 95 to 97 dist[2.99]
Adding bndlst edge: (A_D97_MC -> A_I98_MC) type[cov], weight[1.00] from 96 to 97 dist[1.33]
Adding bndlst edge: (A_D97_MC -> A_D100_MC) type[hb], weight[0.95] from 96 to 99 dist[2.05]
Adding bndlst edge: (A_D97_MC -> A_T99_MC) type[hb], weight[0.46] from 96 to 98 dist[2.95]
Adding bndlst edge: (A_D97_SC -> A_T99_SC) type[hb], weight[1.05] from 96 to 98 dist[1.96]
Adding bndlst edge: (A_D97_SC -> A_T99_MC) type[hb], weight[1.02] from 96 to 98 dist[1.98]
Adding bndlst edge: (A_D97_MC -> A_A103_MC) type[hb], weight[0.99] from 96 to 102 dist[2.01]
Adding bndlst edge: (A_I98_MC -> A_T99_MC) type[cov], weight[1.00] from 97 to 98 dist[1.33]
Adding bndlst edge: (A_T99_MC -> A_D100_MC) type[cov], weight[1.00] from 98 to 99 dist[1.33]
Adding bndlst edge: (A_D100_MC -> A_H101_MC) type[cov], weight[1.00] from 99 to 100 dist[1.33]
Adding bndlst edge: (A_D100_MC -> A_A103_MC) type[hb], weight[0.68] from 99 to 102 dist[2.42]
Adding bndlst edge: (A_D100_MC -> A_R102_MC) type[hb], weight[0.48] from 99 to 101 dist[2.89]
Adding bndlst edge: (A_D100_SC -> A_R102_MC) type[hb], weight[1.12] from 99 to 101 dist[1.89]
Adding bndlst edge: (A_H101_MC -> A_R102_MC) type[cov], weight[1.00] from 100 to 101 dist[1.33]
Adding bndlst edge: (A_H101_MC -> A_A125_MC) type[hb], weight[1.07] from 100 to 124 dist[1.94]
Adding bndlst edge: (A_R102_MC -> A_A103_MC) type[cov], weight[1.00] from 101 to 102 dist[1.33]
Adding bndlst edge: (A_R102_MC -> A_T121_MC) type[hb], weight[0.90] from 101 to 120 dist[2.11]
Adding bndlst edge: (A_R102_SC -> A_T121_MC) type[hb], weight[0.76] from 101 to 120 dist[2.29]
Adding bndlst edge: (A_R102_SC -> A_A122_MC) type[hb], weight[0.54] from 101 to 121 dist[2.73]
Adding bndlst edge: (A_R102_SC -> A_T121_MC) type[hb], weight[0.65] from 101 to 120 dist[2.48]
Adding bndlst edge: (A_A103_MC -> A_F104_MC) type[cov], weight[1.00] from 102 to 103 dist[1.33]
Adding bndlst edge: (A_F104_MC -> A_G105_MC) type[cov], weight[1.00] from 103 to 104 dist[1.32]
Adding bndlst edge: (A_F104_MC -> A_I119_MC) type[hb], weight[1.25] from 103 to 118 dist[1.79]
Adding bndlst edge: (A_F104_SC -> A_G105_MC) type[hb], weight[0.39] from 103 to 104 dist[3.22]
Adding bndlst edge: (A_F104_MC -> A_I119_MC) type[hb], weight[0.90] from 103 to 118 dist[2.10]
Adding bndlst edge: (A_G105_MC -> A_Y106_MC) type[cov], weight[1.00] from 104 to 105 dist[1.32]
Adding bndlst edge: (A_Y106_MC -> A_V107_MC) type[cov], weight[1.00] from 105 to 106 dist[1.33]
Adding bndlst edge: (A_Y106_MC -> A_V117_MC) type[hb], weight[1.12] from 105 to 116 dist[1.89]
Adding bndlst edge: (A_Y106_MC -> A_V117_MC) type[hb], weight[0.84] from 105 to 116 dist[2.18]
Adding bndlst edge: (A_V107_MC -> A_C108_MC) type[cov], weight[1.00] from 106 to 107 dist[1.33]
Adding bndlst edge: (A_C108_MC -> A_G109_MC) type[cov], weight[1.00] from 107 to 108 dist[1.33]
Adding bndlst edge: (A_C108_MC -> A_R115_MC) type[hb], weight[0.97] from 107 to 114 dist[2.03]
Adding bndlst edge: (A_C108_MC -> A_R115_MC) type[hb], weight[1.07] from 107 to 114 dist[1.94]
Adding bndlst edge: (A_G109_MC -> A_K110_MC) type[cov], weight[1.00] from 108 to 109 dist[1.33]
Adding bndlst edge: (A_K110_MC -> A_E111_MC) type[cov], weight[1.00] from 109 to 110 dist[1.33]
Adding bndlst edge: (A_K110_MC -> A_N113_MC) type[hb], weight[1.03] from 109 to 112 dist[1.97]
Adding bndlst edge: (A_E111_MC -> A_G112_MC) type[cov], weight[1.00] from 110 to 111 dist[1.33]
Adding bndlst edge: (A_G112_MC -> A_N113_MC) type[cov], weight[1.00] from 111 to 112 dist[1.33]
Adding bndlst edge: (A_G112_MC -> A_H114_SC) type[hb], weight[0.49] from 111 to 113 dist[2.84]
Adding bndlst edge: (A_G112_MC -> A_H114_SC) type[hb], weight[0.45] from 111 to 113 dist[3.00]
Adding bndlst edge: (A_N113_MC -> A_H114_MC) type[cov], weight[1.00] from 112 to 113 dist[1.33]
Adding bndlst edge: (A_H114_MC -> A_R115_MC) type[cov], weight[1.00] from 113 to 114 dist[1.33]
Adding bndlst edge: (A_R115_MC -> A_F116_MC) type[cov], weight[1.00] from 114 to 115 dist[1.33]
Adding bndlst edge: (A_F116_MC -> A_V117_MC) type[cov], weight[1.00] from 115 to 116 dist[1.33]
Adding bndlst edge: (A_V117_MC -> A_A118_MC) type[cov], weight[1.00] from 116 to 117 dist[1.33]
Adding bndlst edge: (A_A118_MC -> A_I119_MC) type[cov], weight[1.00] from 117 to 118 dist[1.33]
Adding bndlst edge: (A_I119_MC -> A_K120_MC) type[cov], weight[1.00] from 118 to 119 dist[1.33]
Adding bndlst edge: (A_K120_MC -> A_T121_MC) type[cov], weight[1.00] from 119 to 120 dist[1.33]
Adding bndlst edge: (A_T121_MC -> A_A122_MC) type[cov], weight[1.00] from 120 to 121 dist[1.33]
Adding bndlst edge: (A_T121_SC -> A_Q123_MC) type[cov], weight[1.00] from 120 to 122 dist[1.59]
Adding bndlst edge: (A_A122_MC -> A_Q123_MC) type[cov], weight[1.00] from 121 to 122 dist[1.33]
Adding bndlst edge: (A_Q123_MC -> A_A124_MC) type[cov], weight[1.00] from 122 to 123 dist[1.33]
Adding bndlst edge: (A_A124_MC -> A_A125_MC) type[cov], weight[1.00] from 123 to 124 dist[1.33]
Adding bndlst edge: (A_A125_MC -> A_E126_MC) type[cov], weight[1.00] from 124 to 125 dist[1.33]
Adding bndlst edge: (A_A125_MC -> A_I129_MC) type[hb], weight[0.89] from 124 to 128 dist[2.12]
Adding bndlst edge: (A_A125_MC -> A_V128_MC) type[hb], weight[0.79] from 124 to 127 dist[2.26]
Adding bndlst edge: (A_E126_MC -> A_P127_MC) type[cov], weight[1.00] from 125 to 126 dist[1.34]
Adding bndlst edge: (A_E126_MC -> A_I129_MC) type[hb], weight[0.57] from 125 to 128 dist[2.64]
Adding bndlst edge: (A_E126_MC -> A_L130_MC) type[hb], weight[1.09] from 125 to 129 dist[1.92]
Adding bndlst edge: (A_P127_MC -> A_V128_MC) type[cov], weight[1.00] from 126 to 127 dist[1.33]
Adding bndlst edge: (A_P127_MC -> A_D131_MC) type[hb], weight[0.90] from 126 to 130 dist[2.11]
Adding bndlst edge: (A_V128_MC -> A_I129_MC) type[cov], weight[1.00] from 127 to 128 dist[1.33]
Adding bndlst edge: (A_V128_MC -> A_L132_MC) type[hb], weight[0.87] from 127 to 131 dist[2.14]
Adding bndlst edge: (A_V128_MC -> A_D131_MC) type[hb], weight[0.57] from 127 to 130 dist[2.65]
Adding bndlst edge: (A_I129_MC -> A_L130_MC) type[cov], weight[1.00] from 128 to 129 dist[1.33]
Adding bndlst edge: (A_I129_MC -> A_R133_MC) type[hb], weight[0.99] from 128 to 132 dist[2.01]
Adding bndlst edge: (A_I129_MC -> A_L132_MC) type[hb], weight[0.58] from 128 to 131 dist[2.62]
Adding bndlst edge: (A_L130_MC -> A_D131_MC) type[cov], weight[1.00] from 129 to 130 dist[1.33]
Adding bndlst edge: (A_L130_MC -> A_R133_MC) type[hb], weight[0.48] from 129 to 132 dist[2.89]
Adding bndlst edge: (A_L130_MC -> A_D134_MC) type[hb], weight[1.09] from 129 to 133 dist[1.92]
Adding bndlst edge: (A_D131_MC -> A_L132_MC) type[cov], weight[1.00] from 130 to 131 dist[1.33]
Adding bndlst edge: (A_D131_MC -> A_D134_MC) type[hb], weight[0.46] from 130 to 133 dist[2.95]
Adding bndlst edge: (A_D131_MC -> A_L135_MC) type[hb], weight[1.14] from 130 to 134 dist[1.88]
Adding bndlst edge: (A_L132_MC -> A_R133_MC) type[cov], weight[1.00] from 131 to 132 dist[1.33]
Adding bndlst edge: (A_L132_MC -> A_F136_MC) type[hb], weight[0.99] from 131 to 135 dist[2.01]
Adding bndlst edge: (A_L132_MC -> A_L135_MC) type[hb], weight[0.52] from 131 to 134 dist[2.78]
Adding bndlst edge: (A_R133_MC -> A_D134_MC) type[cov], weight[1.00] from 132 to 133 dist[1.33]
Adding bndlst edge: (A_R133_MC -> A_Q137_MC) type[hb], weight[0.96] from 132 to 136 dist[2.04]
Adding bndlst edge: (A_R133_MC -> A_F136_MC) type[hb], weight[0.45] from 132 to 135 dist[2.98]
Adding bndlst edge: (A_R133_SC -> A_D134_SC) type[salt], weight[0.71] from 132 to 133 dist[2.25]
Adding bndlst edge: (A_R133_SC -> A_D134_SC) type[salt], weight[0.44] from 132 to 133 dist[2.85]
Adding bndlst edge: (A_R133_SC -> A_D134_SC) type[salt], weight[0.87] from 132 to 133 dist[2.04]
Adding bndlst edge: (A_D134_MC -> A_L135_MC) type[cov], weight[1.00] from 133 to 134 dist[1.33]
Adding bndlst edge: (A_D134_MC -> A_L138_MC) type[hb], weight[1.06] from 133 to 137 dist[1.95]
Adding bndlst edge: (A_L135_MC -> A_F136_MC) type[cov], weight[1.00] from 134 to 135 dist[1.33]
Adding bndlst edge: (A_L135_MC -> A_I139_MC) type[hb], weight[1.01] from 134 to 138 dist[1.99]
Adding bndlst edge: (A_L135_MC -> A_L138_MC) type[hb], weight[0.52] from 134 to 137 dist[2.78]
Adding bndlst edge: (A_F136_MC -> A_Q137_MC) type[cov], weight[1.00] from 135 to 136 dist[1.33]
Adding bndlst edge: (A_F136_MC -> A_Y140_MC) type[hb], weight[1.00] from 135 to 139 dist[2.00]
Adding bndlst edge: (A_F136_MC -> A_I139_MC) type[hb], weight[0.48] from 135 to 138 dist[2.90]
Adding bndlst edge: (A_Q137_MC -> A_L138_MC) type[cov], weight[1.00] from 136 to 137 dist[1.33]
Adding bndlst edge: (A_Q137_MC -> A_E141_MC) type[hb], weight[1.00] from 136 to 140 dist[2.00]
Adding bndlst edge: (A_Q137_MC -> A_Y140_MC) type[hb], weight[0.50] from 136 to 139 dist[2.84]
Adding bndlst edge: (A_L138_MC -> A_I139_MC) type[cov], weight[1.00] from 137 to 138 dist[1.33]
Adding bndlst edge: (A_L138_MC -> A_E141_MC) type[hb], weight[0.53] from 137 to 140 dist[2.74]
Adding bndlst edge: (A_L138_MC -> A_L142_MC) type[hb], weight[1.15] from 137 to 141 dist[1.87]
Adding bndlst edge: (A_I139_MC -> A_Y140_MC) type[cov], weight[1.00] from 138 to 139 dist[1.33]
Adding bndlst edge: (A_I139_MC -> A_K143_MC) type[hb], weight[1.05] from 138 to 142 dist[1.95]
Adding bndlst edge: (A_I139_MC -> A_L142_MC) type[hb], weight[0.45] from 138 to 141 dist[2.97]
Adding bndlst edge: (A_Y140_MC -> A_E141_MC) type[cov], weight[1.00] from 139 to 140 dist[1.33]
Adding bndlst edge: (A_Y140_MC -> A_Q144_MC) type[hb], weight[0.94] from 139 to 143 dist[2.06]
Adding bndlst edge: (A_Y140_MC -> A_K143_MC) type[hb], weight[0.52] from 139 to 142 dist[2.78]
Adding bndlst edge: (A_E141_MC -> A_L142_MC) type[cov], weight[1.00] from 140 to 141 dist[1.33]
Adding bndlst edge: (A_E141_MC -> A_R145_MC) type[hb], weight[0.79] from 140 to 144 dist[2.25]
Adding bndlst edge: (A_E141_MC -> A_Q144_MC) type[hb], weight[0.56] from 140 to 143 dist[2.67]
Adding bndlst edge: (A_L142_MC -> A_K143_MC) type[cov], weight[1.00] from 141 to 142 dist[1.33]
Adding bndlst edge: (A_L142_MC -> A_R145_MC) type[hb], weight[0.61] from 141 to 144 dist[2.56]
Adding bndlst edge: (A_L142_MC -> A_L148_MC) type[hb], weight[0.47] from 141 to 147 dist[2.91]
Adding bndlst edge: (A_L142_MC -> A_E147_MC) type[hb], weight[1.23] from 141 to 146 dist[1.80]
Adding bndlst edge: (A_L142_MC -> A_E146_MC) type[hb], weight[0.60] from 141 to 145 dist[2.58]
Adding bndlst edge: (A_K143_MC -> A_Q144_MC) type[cov], weight[1.00] from 142 to 143 dist[1.33]
Adding bndlst edge: (A_K143_MC -> A_E146_MC) type[hb], weight[0.91] from 142 to 145 dist[2.10]
Adding bndlst edge: (A_Q144_MC -> A_R145_MC) type[cov], weight[1.00] from 143 to 144 dist[1.33]
Adding bndlst edge: (A_R145_MC -> A_E146_MC) type[cov], weight[1.00] from 144 to 145 dist[1.33]
Adding bndlst edge: (A_R145_SC -> A_E147_SC) type[salt], weight[0.44] from 144 to 146 dist[2.88]
Adding bndlst edge: (A_R145_SC -> A_E147_SC) type[salt], weight[0.53] from 144 to 146 dist[2.62]
Adding bndlst edge: (A_E146_MC -> A_E147_MC) type[cov], weight[1.00] from 145 to 146 dist[1.33]
Adding bndlst edge: (A_E146_MC -> A_K150_SC) type[hb], weight[0.85] from 145 to 149 dist[2.17]
Adding bndlst edge: (A_E147_MC -> A_L148_MC) type[cov], weight[1.00] from 146 to 147 dist[1.33]
Adding bndlst edge: (A_E147_MC -> A_K151_MC) type[hb], weight[0.52] from 146 to 150 dist[2.77]
Adding bndlst edge: (A_E147_MC -> A_K150_MC) type[hb], weight[0.64] from 146 to 149 dist[2.50]
Adding bndlst edge: (A_L148_MC -> A_E149_MC) type[cov], weight[1.00] from 147 to 148 dist[1.33]
Adding bndlst edge: (A_L148_MC -> A_A152_MC) type[hb], weight[0.87] from 147 to 151 dist[2.14]
Adding bndlst edge: (A_L148_MC -> A_K151_MC) type[hb], weight[0.88] from 147 to 150 dist[2.14]
Adding bndlst edge: (A_E149_MC -> A_K150_MC) type[cov], weight[1.00] from 148 to 149 dist[1.33]
Adding bndlst edge: (A_E149_MC -> A_A152_MC) type[hb], weight[0.51] from 148 to 151 dist[2.80]
Adding bndlst edge: (A_K150_MC -> A_K151_MC) type[cov], weight[1.00] from 149 to 150 dist[1.33]
Adding bndlst edge: (A_K151_MC -> A_A152_MC) type[cov], weight[1.00] from 150 to 151 dist[1.33]

bndlst DONE

Producing PAJEK network
printing pajek edge (A_128_VAL,A_129_ILE)
printing pajek edge (A_128_VAL,A_131_ASP)
printing pajek edge (A_128_VAL,A_132_LEU)
printing pajek edge (A_33_ALA,A_34_ARG)
printing pajek edge (A_33_ALA,A_92_SER)
printing pajek edge (A_91_ILE,A_92_SER)
printing pajek edge (A_119_ILE,A_120_LYS)
printing pajek edge (A_72_ILE,A_86_HIS)
printing pajek edge (A_72_ILE,A_73_LYS)
printing pajek edge (A_103_ALA,A_104_PHE)
printing pajek edge (A_19_ARG,A_64_PHE)
printing pajek edge (A_19_ARG,A_20_TYR)
printing pajek edge (A_126_GLU,A_129_ILE)
printing pajek edge (A_126_GLU,A_130_LEU)
printing pajek edge (A_126_GLU,A_127_PRO)
printing pajek edge (A_17_GLY,A_18_VAL)
printing pajek edge (A_45_LYS,A_46_LEU)
printing pajek edge (A_45_LYS,A_48_GLY)
printing pajek edge (A_45_LYS,A_49_VAL)
printing pajek edge (A_56_LYS,A_57_GLY)
printing pajek edge (A_85_HIS,A_86_HIS)
printing pajek edge (A_28_ASP,A_29_GLU)
printing pajek edge (A_28_ASP,A_29_GLU)
printing pajek edge (A_28_ASP,A_45_LYS)
printing pajek edge (A_28_ASP,A_42_SER)
printing pajek edge (A_28_ASP,A_116_PHE)
printing pajek edge (A_96_LYS,A_98_ILE)
printing pajek edge (A_96_LYS,A_97_ASP)
printing pajek edge (A_58_GLU,A_59_HIS)
printing pajek edge (A_21_LYS,A_22_ALA)
printing pajek edge (A_21_LYS,A_122_ALA)
printing pajek edge (A_110_LYS,A_113_ASN)
printing pajek edge (A_110_LYS,A_111_GLU)
printing pajek edge (A_90_GLU,A_91_ILE)
printing pajek edge (A_90_GLU,A_109_GLY)
printing pajek edge (A_149_GLU,A_150_LYS)
printing pajek edge (A_149_GLU,A_152_ALA)
printing pajek edge (A_32_ALA,A_33_ALA)
printing pajek edge (A_36_ASP,A_93_TYR)
printing pajek edge (A_36_ASP,A_39_CYS)
printing pajek edge (A_36_ASP,A_40_GLN)
printing pajek edge (A_36_ASP,A_37_LYS)
printing pajek edge (A_12_ARG,A_131_ASP)
printing pajek edge (A_12_ARG,A_20_TYR)
printing pajek edge (A_12_ARG,A_13_PHE)
printing pajek edge (A_79_THR,A_81_ALA)
printing pajek edge (A_79_THR,A_80_GLY)
printing pajek edge (A_94_ILE,A_95_ALA)
printing pajek edge (A_107_VAL,A_108_CYS)
printing pajek edge (A_66_THR,A_73_LYS)
printing pajek edge (A_66_THR,A_67_ILE)
printing pajek edge (A_30_VAL,A_31_SER)
printing pajek edge (A_30_VAL,A_114_HIS)
printing pajek edge (A_139_ILE,A_143_LYS)
printing pajek edge (A_139_ILE,A_142_LEU)
printing pajek edge (A_139_ILE,A_140_TYR)
printing pajek edge (A_115_ARG,A_116_PHE)
printing pajek edge (A_59_HIS,A_60_LYS)
printing pajek edge (A_16_GLU,A_17_GLY)
printing pajek edge (A_138_LEU,A_142_LEU)
printing pajek edge (A_138_LEU,A_139_ILE)
printing pajek edge (A_138_LEU,A_141_GLU)
printing pajek edge (A_82_LEU,A_83_GLN)
printing pajek edge (A_61_GLN,A_76_ASP)
printing pajek edge (A_61_GLN,A_62_LYS)
printing pajek edge (A_61_GLN,A_83_GLN)
printing pajek edge (A_102_ARG,A_121_THR)
printing pajek edge (A_102_ARG,A_103_ALA)
printing pajek edge (A_102_ARG,A_122_ALA)
printing pajek edge (A_74_ILE,A_75_PHE)
printing pajek edge (A_74_ILE,A_84_HIS)
printing pajek edge (A_74_ILE,A_83_GLN)
printing pajek edge (A_87_ALA,A_88_VAL)
printing pajek edge (A_87_ALA,A_91_ILE)
printing pajek edge (A_87_ALA,A_90_GLU)
printing pajek edge (A_77_GLU,A_78_LYS)
printing pajek edge (A_63_ILE,A_64_PHE)
printing pajek edge (A_68_SER,A_70_GLY)
printing pajek edge (A_68_SER,A_71_GLY)
printing pajek edge (A_68_SER,A_69_PHE)
printing pajek edge (A_140_TYR,A_143_LYS)
printing pajek edge (A_140_TYR,A_141_GLU)
printing pajek edge (A_140_TYR,A_144_GLN)
printing pajek edge (A_130_LEU,A_131_ASP)
printing pajek edge (A_130_LEU,A_133_ARG)
printing pajek edge (A_130_LEU,A_134_ASP)
printing pajek edge (A_3_ASP,A_5_SER)
printing pajek edge (A_3_ASP,A_4_ARG)
printing pajek edge (A_3_ASP,A_4_ARG)
printing pajek edge (A_3_ASP,A_8_THR)
printing pajek edge (A_18_VAL,A_19_ARG)
printing pajek edge (A_18_VAL,A_67_ILE)
printing pajek edge (A_111_GLU,A_112_GLY)
printing pajek edge (A_83_GLN,A_84_HIS)
printing pajek edge (A_83_GLN,A_84_HIS)
printing pajek edge (A_148_LEU,A_152_ALA)
printing pajek edge (A_148_LEU,A_149_GLU)
printing pajek edge (A_148_LEU,A_151_LYS)
printing pajek edge (A_136_PHE,A_137_GLN)
printing pajek edge (A_136_PHE,A_139_ILE)
printing pajek edge (A_136_PHE,A_140_TYR)
printing pajek edge (A_15_GLY,A_16_GLU)
printing pajek edge (A_113_ASN,A_114_HIS)
printing pajek edge (A_70_GLY,A_85_HIS)
printing pajek edge (A_70_GLY,A_71_GLY)
printing pajek edge (A_146_GLU,A_150_LYS)
printing pajek edge (A_146_GLU,A_147_GLU)
printing pajek edge (A_50_VAL,A_53_ALA)
printing pajek edge (A_50_VAL,A_51_ALA)
printing pajek edge (A_50_VAL,A_54_ARG)
printing pajek edge (A_25_ILE,A_26_GLY)
printing pajek edge (A_25_ILE,A_118_ALA)
printing pajek edge (A_141_GLU,A_145_ARG)
printing pajek edge (A_141_GLU,A_142_LEU)
printing pajek edge (A_141_GLU,A_144_GLN)
printing pajek edge (A_125_ALA,A_129_ILE)
printing pajek edge (A_125_ALA,A_128_VAL)
printing pajek edge (A_125_ALA,A_126_GLU)
printing pajek edge (A_105_GLY,A_106_TYR)
printing pajek edge (A_132_LEU,A_135_LEU)
printing pajek edge (A_132_LEU,A_133_ARG)
printing pajek edge (A_132_LEU,A_136_PHE)
printing pajek edge (A_122_ALA,A_123_GLN)
printing pajek edge (A_80_GLY,A_81_ALA)
printing pajek edge (A_1_GLY,A_2_GLN)
printing pajek edge (A_24_LEU,A_61_GLN)
printing pajek edge (A_24_LEU,A_25_ILE)
printing pajek edge (A_97_ASP,A_99_THR)
printing pajek edge (A_97_ASP,A_100_ASP)
printing pajek edge (A_97_ASP,A_103_ALA)
printing pajek edge (A_97_ASP,A_98_ILE)
printing pajek edge (A_127_PRO,A_131_ASP)
printing pajek edge (A_127_PRO,A_128_VAL)
printing pajek edge (A_48_GLY,A_51_ALA)
printing pajek edge (A_48_GLY,A_52_GLY)
printing pajek edge (A_48_GLY,A_49_VAL)
printing pajek edge (A_9_LEU,A_12_ARG)
printing pajek edge (A_9_LEU,A_10_ILE)
printing pajek edge (A_9_LEU,A_13_PHE)
printing pajek edge (A_99_THR,A_100_ASP)
printing pajek edge (A_38_LEU,A_39_CYS)
printing pajek edge (A_38_LEU,A_42_SER)
printing pajek edge (A_118_ALA,A_119_ILE)
printing pajek edge (A_44_MET,A_45_LYS)
printing pajek edge (A_44_MET,A_48_GLY)
printing pajek edge (A_6_GLU,A_9_LEU)
printing pajek edge (A_6_GLU,A_7_ALA)
printing pajek edge (A_6_GLU,A_145_ARG)
printing pajek edge (A_6_GLU,A_10_ILE)
printing pajek edge (A_34_ARG,A_35_GLY)
printing pajek edge (A_22_ALA,A_23_LYS)
printing pajek edge (A_22_ALA,A_63_ILE)
printing pajek edge (A_64_PHE,A_75_PHE)
printing pajek edge (A_64_PHE,A_65_LEU)
printing pajek edge (A_8_THR,A_9_LEU)
printing pajek edge (A_8_THR,A_12_ARG)
printing pajek edge (A_8_THR,A_11_LYS)
printing pajek edge (A_27_ILE,A_28_ASP)
printing pajek edge (A_81_ALA,A_82_LEU)
printing pajek edge (A_120_LYS,A_121_THR)
printing pajek edge (A_100_ASP,A_102_ARG)
printing pajek edge (A_100_ASP,A_103_ALA)
printing pajek edge (A_100_ASP,A_101_HIS)
printing pajek edge (A_73_LYS,A_74_ILE)
printing pajek edge (A_75_PHE,A_76_ASP)
printing pajek edge (A_62_LYS,A_77_GLU)
printing pajek edge (A_62_LYS,A_63_ILE)
printing pajek edge (A_109_GLY,A_110_LYS)
printing pajek edge (A_116_PHE,A_117_VAL)
printing pajek edge (A_93_TYR,A_94_ILE)
printing pajek edge (A_93_TYR,A_94_ILE)
printing pajek edge (A_93_TYR,A_107_VAL)
printing pajek edge (A_104_PHE,A_105_GLY)
printing pajek edge (A_104_PHE,A_105_GLY)
printing pajek edge (A_104_PHE,A_119_ILE)
printing pajek edge (A_11_LYS,A_12_ARG)
printing pajek edge (A_114_HIS,A_115_ARG)
printing pajek edge (A_143_LYS,A_146_GLU)
printing pajek edge (A_143_LYS,A_144_GLN)
printing pajek edge (A_92_SER,A_93_TYR)
printing pajek edge (A_92_SER,A_107_VAL)
printing pajek edge (A_49_VAL,A_53_ALA)
printing pajek edge (A_49_VAL,A_50_VAL)
printing pajek edge (A_49_VAL,A_52_GLY)
printing pajek edge (A_108_CYS,A_115_ARG)
printing pajek edge (A_108_CYS,A_109_GLY)
printing pajek edge (A_88_VAL,A_91_ILE)
printing pajek edge (A_88_VAL,A_89_HIS)
printing pajek edge (A_88_VAL,A_90_GLU)
printing pajek edge (A_78_LYS,A_79_THR)
printing pajek edge (A_134_ASP,A_138_LEU)
printing pajek edge (A_134_ASP,A_135_LEU)
printing pajek edge (A_150_LYS,A_151_LYS)
printing pajek edge (A_124_ALA,A_125_ALA)
printing pajek edge (A_51_ALA,A_54_ARG)
printing pajek edge (A_51_ALA,A_52_GLY)
printing pajek edge (A_51_ALA,A_55_SER)
printing pajek edge (A_40_GLN,A_43_MET)
printing pajek edge (A_40_GLN,A_41_ASP)
printing pajek edge (A_40_GLN,A_98_ILE)
printing pajek edge (A_40_GLN,A_44_MET)
printing pajek edge (A_40_GLN,A_97_ASP)
printing pajek edge (A_65_LEU,A_66_THR)
printing pajek edge (A_98_ILE,A_99_THR)
printing pajek edge (A_13_PHE,A_69_PHE)
printing pajek edge (A_13_PHE,A_14_LYS)
printing pajek edge (A_42_SER,A_43_MET)
printing pajek edge (A_42_SER,A_46_LEU)
printing pajek edge (A_42_SER,A_45_LYS)
printing pajek edge (A_53_ALA,A_54_ARG)
printing pajek edge (A_53_ALA,A_57_GLY)
printing pajek edge (A_53_ALA,A_58_GLU)
printing pajek edge (A_53_ALA,A_56_LYS)
printing pajek edge (A_57_GLY,A_58_GLU)
printing pajek edge (A_46_LEU,A_50_VAL)
printing pajek edge (A_46_LEU,A_47_LYS)
printing pajek edge (A_46_LEU,A_49_VAL)
printing pajek edge (A_67_ILE,A_68_SER)
printing pajek edge (A_20_TYR,A_131_ASP)
printing pajek edge (A_20_TYR,A_65_LEU)
printing pajek edge (A_20_TYR,A_21_LYS)
printing pajek edge (A_55_SER,A_56_LYS)
printing pajek edge (A_71_GLY,A_72_ILE)
printing pajek edge (A_69_PHE,A_70_GLY)
printing pajek edge (A_2_GLN,A_3_ASP)
printing pajek edge (A_137_GLN,A_138_LEU)
printing pajek edge (A_137_GLN,A_140_TYR)
printing pajek edge (A_137_GLN,A_141_GLU)
printing pajek edge (A_89_HIS,A_110_LYS)
printing pajek edge (A_89_HIS,A_90_GLU)
printing pajek edge (A_117_VAL,A_118_ALA)
printing pajek edge (A_145_ARG,A_146_GLU)
printing pajek edge (A_145_ARG,A_147_GLU)
printing pajek edge (A_142_LEU,A_148_LEU)
printing pajek edge (A_142_LEU,A_146_GLU)
printing pajek edge (A_142_LEU,A_143_LYS)
printing pajek edge (A_142_LEU,A_145_ARG)
printing pajek edge (A_142_LEU,A_147_GLU)
printing pajek edge (A_31_SER,A_32_ALA)
printing pajek edge (A_101_HIS,A_125_ALA)
printing pajek edge (A_101_HIS,A_102_ARG)
printing pajek edge (A_129_ILE,A_132_LEU)
printing pajek edge (A_129_ILE,A_133_ARG)
printing pajek edge (A_129_ILE,A_130_LEU)
printing pajek edge (A_26_GLY,A_118_ALA)
printing pajek edge (A_26_GLY,A_27_ILE)
printing pajek edge (A_29_GLU,A_30_VAL)
printing pajek edge (A_121_THR,A_123_GLN)
printing pajek edge (A_121_THR,A_122_ALA)
printing pajek edge (A_135_LEU,A_138_LEU)
printing pajek edge (A_135_LEU,A_139_ILE)
printing pajek edge (A_135_LEU,A_136_PHE)
printing pajek edge (A_41_ASP,A_44_MET)
printing pajek edge (A_41_ASP,A_45_LYS)
printing pajek edge (A_41_ASP,A_42_SER)
printing pajek edge (A_76_ASP,A_78_LYS)
printing pajek edge (A_76_ASP,A_81_ALA)
printing pajek edge (A_76_ASP,A_77_GLU)
printing pajek edge (A_76_ASP,A_79_THR)
printing pajek edge (A_76_ASP,A_80_GLY)
printing pajek edge (A_84_HIS,A_85_HIS)
printing pajek edge (A_60_LYS,A_61_GLN)
printing pajek edge (A_151_LYS,A_152_ALA)
printing pajek edge (A_131_ASP,A_132_LEU)
printing pajek edge (A_131_ASP,A_135_LEU)
printing pajek edge (A_131_ASP,A_134_ASP)
printing pajek edge (A_54_ARG,A_57_GLY)
printing pajek edge (A_54_ARG,A_55_SER)
printing pajek edge (A_123_GLN,A_124_ALA)
printing pajek edge (A_144_GLN,A_145_ARG)
printing pajek edge (A_43_MET,A_47_LYS)
printing pajek edge (A_43_MET,A_46_LEU)
printing pajek edge (A_43_MET,A_44_MET)
printing pajek edge (A_23_LYS,A_120_LYS)
printing pajek edge (A_23_LYS,A_24_LEU)
printing pajek edge (A_47_LYS,A_100_ASP)
printing pajek edge (A_47_LYS,A_51_ALA)
printing pajek edge (A_47_LYS,A_50_VAL)
printing pajek edge (A_47_LYS,A_97_ASP)
printing pajek edge (A_47_LYS,A_48_GLY)
printing pajek edge (A_14_LYS,A_17_GLY)
printing pajek edge (A_14_LYS,A_15_GLY)
printing pajek edge (A_106_TYR,A_117_VAL)
printing pajek edge (A_106_TYR,A_107_VAL)
printing pajek edge (A_7_ALA,A_8_THR)
printing pajek edge (A_7_ALA,A_10_ILE)
printing pajek edge (A_7_ALA,A_11_LYS)
printing pajek edge (A_86_HIS,A_115_ARG)
printing pajek edge (A_86_HIS,A_87_ALA)
printing pajek edge (A_86_HIS,A_106_TYR)
printing pajek edge (A_37_LYS,A_40_GLN)
printing pajek edge (A_37_LYS,A_41_ASP)
printing pajek edge (A_37_LYS,A_38_LEU)
printing pajek edge (A_4_ARG,A_5_SER)
printing pajek edge (A_4_ARG,A_134_ASP)
printing pajek edge (A_95_ALA,A_105_GLY)
printing pajek edge (A_95_ALA,A_96_LYS)
printing pajek edge (A_147_GLU,A_150_LYS)
printing pajek edge (A_147_GLU,A_148_LEU)
printing pajek edge (A_147_GLU,A_151_LYS)
printing pajek edge (A_52_GLY,A_53_ALA)
printing pajek edge (A_52_GLY,A_55_SER)
printing pajek edge (A_10_ILE,A_14_LYS)
printing pajek edge (A_10_ILE,A_11_LYS)
printing pajek edge (A_10_ILE,A_13_PHE)
printing pajek edge (A_112_GLY,A_113_ASN)
printing pajek edge (A_112_GLY,A_114_HIS)
printing pajek edge (A_39_CYS,A_43_MET)
printing pajek edge (A_39_CYS,A_40_GLN)
printing pajek edge (A_39_CYS,A_116_PHE)
printing pajek edge (A_39_CYS,A_42_SER)
printing pajek edge (A_5_SER,A_9_LEU)
printing pajek edge (A_5_SER,A_8_THR)
printing pajek edge (A_5_SER,A_6_GLU)
printing pajek edge (A_35_GLY,A_93_TYR)
printing pajek edge (A_35_GLY,A_39_CYS)
printing pajek edge (A_35_GLY,A_36_ASP)
printing pajek edge (A_35_GLY,A_38_LEU)
printing pajek edge (A_133_ARG,A_137_GLN)
printing pajek edge (A_133_ARG,A_134_ASP)
printing pajek edge (A_133_ARG,A_134_ASP)
printing pajek edge (A_133_ARG,A_136_PHE)
