Graph START

Adding vertex (chain-A, position-1, res-VAL)
New vertex id: 0
1 2 3 4 5 6 7 
Adding vertex (chain-A, position-2, res-LEU)
New vertex id: 1
8 9 10 11 12 13 14 15 
Adding vertex (chain-A, position-3, res-LEU)
New vertex id: 2
16 17 18 19 20 
Adding vertex (chain-A, position-4, res-LEU)
New vertex id: 3
21 22 23 24 25 26 27 28 
Adding vertex (chain-A, position-5, res-ASP)
New vertex id: 4
29 30 31 32 33 34 35 36 
Adding vertex (chain-A, position-6, res-VAL)
New vertex id: 5
37 38 39 40 41 42 43 
Adding vertex (chain-A, position-7, res-THR)
New vertex id: 6
44 45 46 47 48 49 50 
Adding vertex (chain-A, position-8, res-PRO)
New vertex id: 7
51 52 53 54 55 56 57 
Adding vertex (chain-A, position-9, res-LEU)
New vertex id: 8
58 59 60 61 62 63 64 65 
Adding vertex (chain-A, position-10, res-SER)
New vertex id: 9
66 67 68 69 70 71 
Adding vertex (chain-A, position-11, res-LEU)
New vertex id: 10
72 73 74 75 76 77 78 79 
Adding vertex (chain-A, position-12, res-GLY)
New vertex id: 11
80 81 82 83 
Adding vertex (chain-A, position-13, res-ILE)
New vertex id: 12
84 85 86 87 88 89 90 91 
Adding vertex (chain-A, position-14, res-GLU)
New vertex id: 13
92 93 94 95 96 97 98 99 100 
Adding vertex (chain-A, position-15, res-THR)
New vertex id: 14
101 102 103 104 105 106 107 
Adding vertex (chain-A, position-16, res-MET)
New vertex id: 15
108 109 110 111 112 113 114 115 
Adding vertex (chain-A, position-17, res-GLY)
New vertex id: 16
116 117 118 119 
Adding vertex (chain-A, position-18, res-GLY)
New vertex id: 17
120 121 122 123 
Adding vertex (chain-A, position-19, res-VAL)
New vertex id: 18
124 125 126 127 128 129 130 
Adding vertex (chain-A, position-20, res-MET)
New vertex id: 19
131 132 133 134 135 136 137 138 
Adding vertex (chain-A, position-21, res-THR)
New vertex id: 20
139 140 141 142 143 144 145 
Adding vertex (chain-A, position-22, res-THR)
New vertex id: 21
146 147 148 149 150 151 152 
Adding vertex (chain-A, position-23, res-LEU)
New vertex id: 22
153 154 155 156 157 158 159 160 
Adding vertex (chain-A, position-24, res-ILE)
New vertex id: 23
161 162 163 164 165 166 167 168 
Adding vertex (chain-A, position-25, res-ALA)
New vertex id: 24
169 170 171 172 173 
Adding vertex (chain-A, position-26, res-LYS)
New vertex id: 25
174 175 176 177 178 179 180 181 182 
Adding vertex (chain-A, position-27, res-ASN)
New vertex id: 26
183 184 185 186 187 188 189 190 
Adding vertex (chain-A, position-28, res-THR)
New vertex id: 27
191 192 193 194 195 196 197 
Adding vertex (chain-A, position-29, res-THR)
New vertex id: 28
198 199 200 201 202 203 204 
Adding vertex (chain-A, position-30, res-ILE)
New vertex id: 29
205 206 207 208 209 210 211 212 
Adding vertex (chain-A, position-31, res-PRO)
New vertex id: 30
213 214 215 216 217 218 219 
Adding vertex (chain-A, position-32, res-THR)
New vertex id: 31
220 221 222 223 224 225 226 
Adding vertex (chain-A, position-33, res-LYS)
New vertex id: 32
227 228 229 230 231 232 233 234 235 
Adding vertex (chain-A, position-34, res-HIS)
New vertex id: 33
236 237 238 239 240 241 242 243 244 245 
Adding vertex (chain-A, position-35, res-SER)
New vertex id: 34
246 247 248 249 250 251 
Adding vertex (chain-A, position-36, res-GLN)
New vertex id: 35
252 253 254 255 256 257 258 259 260 
Adding vertex (chain-A, position-37, res-VAL)
New vertex id: 36
261 262 263 264 265 266 267 
Adding vertex (chain-A, position-38, res-PHE)
New vertex id: 37
268 269 270 271 272 273 274 275 276 277 278 
Adding vertex (chain-A, position-39, res-SER)
New vertex id: 38
279 280 281 282 283 284 
Adding vertex (chain-A, position-40, res-THR)
New vertex id: 39
285 286 287 288 289 290 291 
Adding vertex (chain-A, position-41, res-ALA)
New vertex id: 40
292 293 294 295 296 
Adding vertex (chain-A, position-42, res-GLU)
New vertex id: 41
297 298 299 300 301 302 303 304 305 
Adding vertex (chain-A, position-43, res-ASP)
New vertex id: 42
306 307 308 309 310 311 312 313 
Adding vertex (chain-A, position-44, res-ASN)
New vertex id: 43
314 315 316 317 318 319 320 321 
Adding vertex (chain-A, position-45, res-GLN)
New vertex id: 44
322 323 324 325 326 327 328 329 330 
Adding vertex (chain-A, position-46, res-SER)
New vertex id: 45
331 332 333 334 335 336 
Adding vertex (chain-A, position-47, res-ALA)
New vertex id: 46
337 338 339 340 341 
Adding vertex (chain-A, position-48, res-VAL)
New vertex id: 47
342 343 344 345 346 347 348 
Adding vertex (chain-A, position-49, res-THR)
New vertex id: 48
349 350 351 352 353 354 355 
Adding vertex (chain-A, position-50, res-ILE)
New vertex id: 49
356 357 358 359 360 361 362 363 
Adding vertex (chain-A, position-51, res-HIS)
New vertex id: 50
364 365 366 367 368 369 370 371 372 373 
Adding vertex (chain-A, position-52, res-VAL)
New vertex id: 51
374 375 376 377 378 379 380 
Adding vertex (chain-A, position-53, res-LEU)
New vertex id: 52
381 382 383 384 385 386 387 388 
Adding vertex (chain-A, position-54, res-GLN)
New vertex id: 53
389 390 391 392 393 394 395 396 397 
Adding vertex (chain-A, position-55, res-GLY)
New vertex id: 54
398 399 400 401 
Adding vertex (chain-A, position-56, res-GLU)
New vertex id: 55
402 403 404 405 406 407 408 409 410 
Adding vertex (chain-A, position-57, res-ARG)
New vertex id: 56
411 412 413 414 415 416 417 418 419 420 421 
Adding vertex (chain-A, position-58, res-LYS)
New vertex id: 57
422 423 424 425 426 427 428 429 430 
Adding vertex (chain-A, position-59, res-ARG)
New vertex id: 58
431 432 433 434 435 436 437 438 439 440 441 
Adding vertex (chain-A, position-60, res-ALA)
New vertex id: 59
442 443 444 445 446 
Adding vertex (chain-A, position-61, res-ALA)
New vertex id: 60
447 448 449 450 451 
Adding vertex (chain-A, position-62, res-ASP)
New vertex id: 61
452 453 454 455 456 457 458 459 
Adding vertex (chain-A, position-63, res-ASN)
New vertex id: 62
460 461 462 463 464 465 466 467 
Adding vertex (chain-A, position-64, res-LYS)
New vertex id: 63
468 469 470 471 472 473 474 475 476 
Adding vertex (chain-A, position-65, res-SER)
New vertex id: 64
477 478 479 480 481 482 
Adding vertex (chain-A, position-66, res-LEU)
New vertex id: 65
483 484 485 486 487 488 489 490 
Adding vertex (chain-A, position-67, res-GLY)
New vertex id: 66
491 492 493 494 
Adding vertex (chain-A, position-68, res-GLN)
New vertex id: 67
495 496 497 498 499 500 501 502 503 
Adding vertex (chain-A, position-69, res-PHE)
New vertex id: 68
504 505 506 507 508 509 510 511 512 513 514 
Adding vertex (chain-A, position-70, res-ASN)
New vertex id: 69
515 516 517 518 519 520 521 522 
Adding vertex (chain-A, position-71, res-LEU)
New vertex id: 70
523 524 525 526 527 528 529 530 
Adding vertex (chain-A, position-72, res-ASP)
New vertex id: 71
531 532 533 534 535 536 537 538 
Adding vertex (chain-A, position-73, res-GLY)
New vertex id: 72
539 540 541 542 
Adding vertex (chain-A, position-74, res-ILE)
New vertex id: 73
543 544 545 546 547 548 549 550 
Adding vertex (chain-A, position-75, res-ASN)
New vertex id: 74
551 552 553 554 555 556 557 558 
Adding vertex (chain-A, position-76, res-PRO)
New vertex id: 75
559 560 561 562 563 564 565 
Adding vertex (chain-A, position-77, res-ALA)
New vertex id: 76
566 567 568 569 570 
Adding vertex (chain-A, position-78, res-PRO)
New vertex id: 77
571 572 573 574 575 576 577 
Adding vertex (chain-A, position-79, res-ARG)
New vertex id: 78
578 579 580 581 582 583 584 585 586 587 588 
Adding vertex (chain-A, position-80, res-GLY)
New vertex id: 79
589 590 591 592 
Adding vertex (chain-A, position-81, res-MET)
New vertex id: 80
593 594 595 596 597 598 599 600 
Adding vertex (chain-A, position-82, res-PRO)
New vertex id: 81
601 602 603 604 605 606 607 
Adding vertex (chain-A, position-83, res-GLN)
New vertex id: 82
608 609 610 611 612 613 614 615 616 
Adding vertex (chain-A, position-84, res-ILE)
New vertex id: 83
617 618 619 620 621 622 623 624 
Adding vertex (chain-A, position-85, res-GLU)
New vertex id: 84
625 626 627 628 629 630 631 632 633 
Adding vertex (chain-A, position-86, res-VAL)
New vertex id: 85
634 635 636 637 638 639 640 
Adding vertex (chain-A, position-87, res-THR)
New vertex id: 86
641 642 643 644 645 646 647 
Adding vertex (chain-A, position-88, res-PHE)
New vertex id: 87
648 649 650 651 652 653 654 655 656 657 658 
Adding vertex (chain-A, position-89, res-ASP)
New vertex id: 88
659 660 661 662 663 664 665 666 
Adding vertex (chain-A, position-90, res-ILE)
New vertex id: 89
667 668 669 670 671 672 673 674 
Adding vertex (chain-A, position-91, res-ASP)
New vertex id: 90
675 676 677 678 679 680 681 682 
Adding vertex (chain-A, position-92, res-ALA)
New vertex id: 91
683 684 685 686 687 
Adding vertex (chain-A, position-93, res-ASP)
New vertex id: 92
688 689 690 691 692 693 694 695 
Adding vertex (chain-A, position-94, res-GLY)
New vertex id: 93
696 697 698 699 
Adding vertex (chain-A, position-95, res-ILE)
New vertex id: 94
700 701 702 703 704 705 706 707 
Adding vertex (chain-A, position-96, res-LEU)
New vertex id: 95
708 709 710 711 712 713 714 715 
Adding vertex (chain-A, position-97, res-HIS)
New vertex id: 96
716 717 718 719 720 721 722 723 724 725 
Adding vertex (chain-A, position-98, res-VAL)
New vertex id: 97
726 727 728 729 730 731 732 
Adding vertex (chain-A, position-99, res-SER)
New vertex id: 98
733 734 735 736 737 738 
Adding vertex (chain-A, position-100, res-ALA)
New vertex id: 99
739 740 741 742 743 
Adding vertex (chain-A, position-101, res-LYS)
New vertex id: 100
744 745 746 747 748 749 750 751 752 
Adding vertex (chain-A, position-102, res-ASP)
New vertex id: 101
753 754 755 756 757 758 759 760 
Adding vertex (chain-A, position-103, res-LYS)
New vertex id: 102
761 762 763 764 765 766 767 768 769 
Adding vertex (chain-A, position-104, res-ASN)
New vertex id: 103
770 771 772 773 774 775 776 777 
Adding vertex (chain-A, position-105, res-SER)
New vertex id: 104
778 779 780 781 782 783 
Adding vertex (chain-A, position-106, res-GLY)
New vertex id: 105
784 785 786 787 
Adding vertex (chain-A, position-107, res-LYS)
New vertex id: 106
788 789 790 791 792 793 794 795 796 
Adding vertex (chain-A, position-108, res-GLU)
New vertex id: 107
797 798 799 800 801 802 803 804 805 
Adding vertex (chain-A, position-109, res-GLN)
New vertex id: 108
806 807 808 809 810 811 812 813 814 
Adding vertex (chain-A, position-110, res-LYS)
New vertex id: 109
815 816 817 818 819 820 821 822 823 
Adding vertex (chain-A, position-111, res-ILE)
New vertex id: 110
824 825 826 827 828 829 830 831 
Adding vertex (chain-A, position-112, res-THR)
New vertex id: 111
832 833 834 835 836 837 838 
Adding vertex (chain-A, position-113, res-ILE)
New vertex id: 112
839 840 841 842 843 844 845 846 
Adding vertex (chain-A, position-114, res-LYS)
New vertex id: 113
847 848 849 850 851 852 853 854 855 
Adding vertex (chain-A, position-115, res-ALA)
New vertex id: 114
856 857 858 859 860 
Adding vertex (chain-A, position-116, res-SER)
New vertex id: 115
861 862 863 864 865 866 
Adding vertex (chain-A, position-117, res-SER)
New vertex id: 116
867 868 869 870 871 872 
Adding vertex (chain-A, position-118, res-GLY)
New vertex id: 117
873 874 875 876 
Adding vertex (chain-A, position-119, res-LEU)
New vertex id: 118
877 878 879 880 881 882 883 884 
Adding vertex (chain-A, position-120, res-ASN)
New vertex id: 119
885 886 887 888 889 890 891 892 
Adding vertex (chain-A, position-121, res-GLU)
New vertex id: 120
893 894 895 896 897 898 899 900 901 
Adding vertex (chain-A, position-122, res-ASP)
New vertex id: 121
902 903 904 905 906 907 908 909 
Adding vertex (chain-A, position-123, res-GLU)
New vertex id: 122
910 911 912 913 914 915 916 917 918 
Adding vertex (chain-A, position-124, res-ILE)
New vertex id: 123
919 920 921 922 923 924 925 926 
Adding vertex (chain-A, position-125, res-GLN)
New vertex id: 124
927 928 929 930 931 932 933 934 935 
Adding vertex (chain-A, position-126, res-LYS)
New vertex id: 125
936 937 938 939 940 941 942 943 944 
Adding vertex (chain-A, position-127, res-MET)
New vertex id: 126
945 946 947 948 949 950 951 952 
Adding vertex (chain-A, position-128, res-VAL)
New vertex id: 127
953 954 955 956 957 958 959 
Adding vertex (chain-A, position-129, res-ARG)
New vertex id: 128
960 961 962 963 964 965 966 967 968 969 970 
Adding vertex (chain-A, position-130, res-ASP)
New vertex id: 129
971 972 973 974 975 976 977 978 
Adding vertex (chain-A, position-131, res-ALA)
New vertex id: 130
979 980 981 982 983 
Adding vertex (chain-A, position-132, res-GLU)
New vertex id: 131
984 985 986 987 988 989 990 991 992 
Adding vertex (chain-A, position-133, res-ALA)
New vertex id: 132
993 994 995 996 997 
Adding vertex (chain-A, position-134, res-ASN)
New vertex id: 133
998 999 1000 1001 1002 1003 1004 1005 
Adding vertex (chain-A, position-135, res-ALA)
New vertex id: 134
1006 1007 1008 1009 1010 
Adding vertex (chain-A, position-136, res-GLU)
New vertex id: 135
1011 1012 1013 1014 1015 1016 1017 1018 1019 
Adding vertex (chain-A, position-137, res-ALA)
New vertex id: 136
1020 1021 1022 1023 1024 
Adding vertex (chain-A, position-138, res-ASP)
New vertex id: 137
1025 1026 1027 1028 1029 1030 1031 1032 
Adding vertex (chain-A, position-139, res-ARG)
New vertex id: 138
1033 1034 1035 1036 1037 1038 1039 1040 1041 1042 1043 
Adding vertex (chain-A, position-140, res-LYS)
New vertex id: 139
1044 1045 1046 1047 1048 1049 1050 1051 1052 
Adding vertex (chain-A, position-141, res-PHE)
New vertex id: 140
1053 1054 1055 1056 1057 1058 1059 1060 1061 1062 1063 
Adding vertex (chain-A, position-142, res-ASP)
New vertex id: 141
1064 1065 1066 1067 1068 1069 1070 1071 
Adding vertex (chain-A, position-143, res-GLU)
New vertex id: 142
1072 1073 1074 1075 1076 1077 1078 1079 1080 
Adding vertex (chain-A, position-144, res-LEU)
New vertex id: 143
1081 1082 1083 1084 1085 1086 1087 1088 
Adding vertex (chain-A, position-145, res-VAL)
New vertex id: 144
1089 1090 1091 1092 1093 1094 1095 
Adding vertex (chain-A, position-146, res-GLN)
New vertex id: 145
1096 1097 1098 1099 1100 1101 1102 1103 1104 
Adding vertex (chain-A, position-147, res-THR)
New vertex id: 146
1105 1106 1107 1108 1109 1110 1111 
Adding vertex (chain-A, position-148, res-ARG)
New vertex id: 147
1112 1113 1114 1115 1116 1117 1118 1119 1120 1121 1122 
Adding vertex (chain-A, position-149, res-ASN)
New vertex id: 148
1123 1124 1125 1126 1127 1128 1129 1130 
Adding vertex (chain-A, position-150, res-GLN)
New vertex id: 149
1131 1132 1133 1134 1135 1136 1137 1138 1139 
Adding vertex (chain-A, position-151, res-GLY)
New vertex id: 150
1140 1141 1142 1143 
Adding vertex (chain-A, position-152, res-ASP)
New vertex id: 151
1144 1145 1146 1147 1148 1149 1150 1151 
Adding vertex (chain-A, position-153, res-HIS)
New vertex id: 152
1152 1153 1154 1155 1156 1157 1158 1159 1160 1161 
Adding vertex (chain-A, position-154, res-LEU)
New vertex id: 153
1162 1163 1164 1165 1166 1167 1168 1169 
Adding vertex (chain-A, position-155, res-LEU)
New vertex id: 154
1170 1171 1172 1173 1174 1175 1176 1177 
Adding vertex (chain-A, position-156, res-HIS)
New vertex id: 155
1178 1179 1180 1181 1182 1183 1184 1185 1186 1187 
Adding vertex (chain-A, position-157, res-SER)
New vertex id: 156
1188 1189 1190 1191 1192 1193 
Adding vertex (chain-A, position-158, res-THR)
New vertex id: 157
1194 1195 1196 1197 1198 1199 1200 
Adding vertex (chain-A, position-159, res-ARG)
New vertex id: 158
1201 1202 1203 1204 1205 1206 1207 1208 1209 1210 1211 
Adding vertex (chain-A, position-160, res-LYS)
New vertex id: 159
1212 1213 1214 1215 1216 1217 1218 1219 1220 
Adding vertex (chain-A, position-161, res-GLN)
New vertex id: 160
1221 1222 1223 1224 1225 1226 1227 1228 1229 
Adding vertex (chain-A, position-162, res-VAL)
New vertex id: 161
1230 1231 1232 1233 1234 1235 1236 
Adding vertex (chain-A, position-163, res-GLU)
New vertex id: 162
1237 1238 1239 1240 1241 1242 1243 1244 1245 
Adding vertex (chain-A, position-164, res-GLU)
New vertex id: 163
1246 1247 1248 1249 1250 1251 1252 1253 1254 
Adding vertex (chain-A, position-165, res-ALA)
New vertex id: 164
1255 1256 1257 1258 1259 
Adding vertex (chain-A, position-166, res-GLY)
New vertex id: 165
1260 1261 1262 1263 
Adding vertex (chain-A, position-167, res-ASP)
New vertex id: 166
1264 1265 1266 1267 1268 1269 1270 1271 
Adding vertex (chain-A, position-168, res-LYS)
New vertex id: 167
1272 1273 1274 1275 1276 1277 1278 1279 1280 
Adding vertex (chain-A, position-169, res-LEU)
New vertex id: 168
1281 1282 1283 1284 1285 1286 1287 1288 
Adding vertex (chain-A, position-170, res-PRO)
New vertex id: 169
1289 1290 1291 1292 1293 1294 1295 
Adding vertex (chain-A, position-171, res-ALA)
New vertex id: 170
1296 1297 1298 1299 1300 
Adding vertex (chain-A, position-172, res-ASP)
New vertex id: 171
1301 1302 1303 1304 1305 1306 1307 1308 
Adding vertex (chain-A, position-173, res-ASP)
New vertex id: 172
1309 1310 1311 1312 1313 1314 1315 1316 
Adding vertex (chain-A, position-174, res-LYS)
New vertex id: 173
1317 1318 1319 1320 1321 1322 1323 1324 1325 
Adding vertex (chain-A, position-175, res-THR)
New vertex id: 174
1326 1327 1328 1329 1330 1331 1332 
Adding vertex (chain-A, position-176, res-ALA)
New vertex id: 175
1333 1334 1335 1336 1337 
Adding vertex (chain-A, position-177, res-ILE)
New vertex id: 176
1338 1339 1340 1341 1342 1343 1344 1345 
Adding vertex (chain-A, position-178, res-GLU)
New vertex id: 177
1346 1347 1348 1349 1350 1351 1352 1353 1354 
Adding vertex (chain-A, position-179, res-SER)
New vertex id: 178
1355 1356 1357 1358 1359 1360 
Adding vertex (chain-A, position-180, res-ALA)
New vertex id: 179
1361 1362 1363 1364 1365 
Adding vertex (chain-A, position-181, res-LEU)
New vertex id: 180
1366 1367 1368 1369 1370 1371 1372 1373 
Adding vertex (chain-A, position-182, res-THR)
New vertex id: 181
1374 1375 1376 1377 1378 1379 1380 
Adding vertex (chain-A, position-183, res-ALA)
New vertex id: 182
1381 1382 1383 1384 1385 
Adding vertex (chain-A, position-184, res-LEU)
New vertex id: 183
1386 1387 1388 1389 1390 1391 1392 1393 
Adding vertex (chain-A, position-185, res-GLU)
New vertex id: 184
1394 1395 1396 1397 1398 1399 1400 1401 1402 
Adding vertex (chain-A, position-186, res-THR)
New vertex id: 185
1403 1404 1405 1406 1407 1408 1409 
Adding vertex (chain-A, position-187, res-ALA)
New vertex id: 186
1410 1411 1412 1413 1414 
Adding vertex (chain-A, position-188, res-LEU)
New vertex id: 187
1415 1416 1417 1418 1419 1420 1421 1422 
Adding vertex (chain-A, position-189, res-LYS)
New vertex id: 188
1423 1424 1425 1426 1427 1428 1429 1430 1431 
Adding vertex (chain-A, position-190, res-GLY)
New vertex id: 189
1432 1433 1434 1435 
Adding vertex (chain-A, position-191, res-GLU)
New vertex id: 190
1436 1437 1438 1439 1440 1441 1442 1443 1444 
Adding vertex (chain-A, position-192, res-ASP)
New vertex id: 191
1445 1446 1447 1448 1449 1450 1451 1452 
Adding vertex (chain-A, position-193, res-LYS)
New vertex id: 192
1453 1454 1455 1456 1457 1458 1459 1460 1461 
Adding vertex (chain-A, position-194, res-ALA)
New vertex id: 193
1462 1463 1464 1465 1466 
Adding vertex (chain-A, position-195, res-ALA)
New vertex id: 194
1467 1468 1469 1470 1471 
Adding vertex (chain-A, position-196, res-ILE)
New vertex id: 195
1472 1473 1474 1475 1476 1477 1478 1479 
Adding vertex (chain-A, position-197, res-GLU)
New vertex id: 196
1480 1481 1482 1483 1484 1485 1486 1487 1488 
Adding vertex (chain-A, position-198, res-ALA)
New vertex id: 197
1489 1490 1491 1492 1493 
Adding vertex (chain-A, position-199, res-LYS)
New vertex id: 198
1494 1495 1496 1497 1498 1499 1500 1501 1502 
Adding vertex (chain-A, position-200, res-MET)
New vertex id: 199
1503 1504 1505 1506 1507 1508 1509 1510 
Adding vertex (chain-A, position-201, res-GLN)
New vertex id: 200
1511 1512 1513 1514 1515 1516 1517 1518 1519 
Adding vertex (chain-A, position-202, res-GLU)
New vertex id: 201
1520 1521 1522 1523 1524 1525 1526 1527 1528 
Adding vertex (chain-A, position-203, res-LEU)
New vertex id: 202
1529 1530 1531 1532 1533 1534 1535 1536 
Adding vertex (chain-A, position-204, res-ALA)
New vertex id: 203
1537 1538 1539 1540 1541 
Adding vertex (chain-A, position-205, res-GLN)
New vertex id: 204
1542 1543 1544 1545 1546 1547 1548 1549 1550 
Adding vertex (chain-A, position-206, res-VAL)
New vertex id: 205
1551 1552 1553 1554 1555 1556 1557 
Adding vertex (chain-A, position-207, res-SER)
New vertex id: 206
1558 1559 1560 1561 1562 1563 
Adding vertex (chain-A, position-208, res-GLN)
New vertex id: 207
1564 1565 1566 1567 1568 1569 1570 1571 1572 
Adding vertex (chain-A, position-209, res-LYS)
New vertex id: 208
1573 1574 1575 1576 1577 1578 1579 1580 1581 
Adding vertex (chain-A, position-210, res-LEU)
New vertex id: 209
1582 1583 1584 1585 1586 1587 1588 1589 
Adding vertex (chain-A, position-211, res-MET)
New vertex id: 210
1590 1591 1592 1593 1594 1595 1596 1597 
Adding vertex (chain-A, position-212, res-GLU)
New vertex id: 211
1598 1599 1600 1601 1602 1603 1604 1605 1606 
Adding vertex (chain-A, position-213, res-ILE)
New vertex id: 212
1607 1608 1609 1610 1611 1612 1613 1614 
Adding vertex (chain-A, position-214, res-ALA)
New vertex id: 213
1615 1616 1617 1618 1619 
Adding vertex (chain-A, position-215, res-GLN)
New vertex id: 214
1620 1621 1622 1623 1624 1625 1626 1627 1628 
Adding vertex (chain-A, position-216, res-GLN)
New vertex id: 215
1629 1630 1631 1632 1633 
Adding vertex (chain-A, position-217, res-GLN)
New vertex id: 216
1634 1635 1636 1637 1638 
Adding vertex (chain-A, position-218, res-HIS)
New vertex id: 217
1639 1640 1641 1642 1643 
Adding vertex (chain-A, position-219, res-ALA)
New vertex id: 218
1644 1645 1646 1647 1648 
Graph DONE

( reduce -FLIPs 1DKX.pdb > 1DKX.H.pdb ) >& /dev/null
Reduce (-FLIPs) returned 256
( bndlst -Radius0.3 1DKX.H.pdb > 1DKX.H.bndlst ) >& /dev/null
BndLst returned 0
Parsing 1DKX.H.bndlst

bndlst START
Adding bndlst edge: (A_V1_MC -> A_L2_MC) type[cov], weight[1.00] from 0 to 1 dist[1.32]
Adding bndlst edge: (A_V1_MC -> A_L3_MC) type[hb], weight[0.57] from 0 to 2 dist[2.65]
Adding bndlst edge: (A_L2_MC -> A_L3_MC) type[cov], weight[1.00] from 1 to 2 dist[1.33]
Adding bndlst edge: (A_L3_MC -> A_L4_MC) type[cov], weight[1.00] from 2 to 3 dist[1.32]
Adding bndlst edge: (A_L4_MC -> A_D5_MC) type[cov], weight[1.00] from 3 to 4 dist[1.56]
Adding bndlst edge: (A_D5_MC -> A_V6_MC) type[cov], weight[1.00] from 4 to 5 dist[1.28]
Adding bndlst edge: (A_D5_MC -> A_I30_MC) type[hb], weight[0.84] from 4 to 29 dist[2.18]
Adding bndlst edge: (A_D5_SC -> A_V6_MC) type[hb], weight[0.60] from 4 to 5 dist[2.58]
Adding bndlst edge: (A_V6_MC -> A_T7_MC) type[cov], weight[1.00] from 5 to 6 dist[1.33]
Adding bndlst edge: (A_T7_MC -> A_P8_MC) type[cov], weight[1.00] from 6 to 7 dist[1.34]
Adding bndlst edge: (A_T7_MC -> A_N27_SC) type[hb], weight[0.48] from 6 to 26 dist[2.90]
Adding bndlst edge: (A_T7_MC -> A_N27_MC) type[hb], weight[1.36] from 6 to 26 dist[1.72]
Adding bndlst edge: (A_T7_SC -> A_T28_MC) type[hb], weight[1.11] from 6 to 27 dist[1.90]
Adding bndlst edge: (A_T7_MC -> A_T28_MC) type[hb], weight[1.02] from 6 to 27 dist[1.98]
Adding bndlst edge: (A_T7_SC -> A_A25_MC) type[hb], weight[0.76] from 6 to 24 dist[2.30]
Adding bndlst edge: (A_P8_MC -> A_L9_MC) type[cov], weight[1.00] from 7 to 8 dist[1.33]
Adding bndlst edge: (A_L9_MC -> A_S10_MC) type[cov], weight[1.00] from 8 to 9 dist[1.32]
Adding bndlst edge: (A_S10_MC -> A_L11_MC) type[cov], weight[1.00] from 9 to 10 dist[1.33]
Adding bndlst edge: (A_S10_MC -> A_G55_MC) type[hb], weight[0.99] from 9 to 54 dist[2.02]
Adding bndlst edge: (A_S10_SC -> A_K26_MC) type[hb], weight[0.60] from 9 to 25 dist[2.58]
Adding bndlst edge: (A_S10_MC -> A_E56_SC) type[hb], weight[1.38] from 9 to 55 dist[1.70]
Adding bndlst edge: (A_S10_SC -> A_E56_SC) type[hb], weight[0.99] from 9 to 55 dist[2.01]
Adding bndlst edge: (A_S10_SC -> A_E56_SC) type[hb], weight[0.72] from 9 to 55 dist[2.35]
Adding bndlst edge: (A_L11_MC -> A_G12_MC) type[cov], weight[1.00] from 10 to 11 dist[1.33]
Adding bndlst edge: (A_L11_MC -> A_I24_MC) type[hb], weight[1.08] from 10 to 23 dist[1.93]
Adding bndlst edge: (A_L11_MC -> A_L23_MC) type[hb], weight[1.13] from 10 to 22 dist[1.88]
Adding bndlst edge: (A_L11_MC -> A_I24_MC) type[hb], weight[1.24] from 10 to 23 dist[1.79]
Adding bndlst edge: (A_G12_MC -> A_I13_MC) type[cov], weight[1.00] from 11 to 12 dist[1.33]
Adding bndlst edge: (A_G12_MC -> A_L53_MC) type[hb], weight[1.32] from 11 to 52 dist[1.74]
Adding bndlst edge: (A_G12_MC -> A_L53_MC) type[hb], weight[0.96] from 11 to 52 dist[2.05]
Adding bndlst edge: (A_I13_MC -> A_E14_MC) type[cov], weight[1.00] from 12 to 13 dist[1.32]
Adding bndlst edge: (A_I13_MC -> A_T21_MC) type[hb], weight[1.15] from 12 to 20 dist[1.86]
Adding bndlst edge: (A_I13_MC -> A_T21_MC) type[hb], weight[1.01] from 12 to 20 dist[2.00]
Adding bndlst edge: (A_E14_MC -> A_T15_MC) type[cov], weight[1.00] from 13 to 14 dist[1.33]
Adding bndlst edge: (A_E14_MC -> A_H51_MC) type[hb], weight[0.76] from 13 to 50 dist[2.29]
Adding bndlst edge: (A_T15_MC -> A_M16_MC) type[cov], weight[1.00] from 14 to 15 dist[1.33]
Adding bndlst edge: (A_T15_MC -> A_V19_MC) type[hb], weight[0.63] from 14 to 18 dist[2.52]
Adding bndlst edge: (A_T15_MC -> A_G18_MC) type[hb], weight[0.94] from 14 to 17 dist[2.06]
Adding bndlst edge: (A_T15_SC -> A_T21_SC) type[hb], weight[0.52] from 14 to 20 dist[2.77]
Adding bndlst edge: (A_T15_MC -> A_V19_MC) type[hb], weight[1.05] from 14 to 18 dist[1.95]
Adding bndlst edge: (A_T15_SC -> A_T21_SC) type[hb], weight[1.26] from 14 to 20 dist[1.78]
Adding bndlst edge: (A_M16_MC -> A_G17_MC) type[cov], weight[1.00] from 15 to 16 dist[1.33]
Adding bndlst edge: (A_M16_MC -> A_N149_SC) type[hb], weight[0.78] from 15 to 148 dist[2.27]
Adding bndlst edge: (A_G17_MC -> A_G18_MC) type[cov], weight[1.00] from 16 to 17 dist[1.33]
Adding bndlst edge: (A_G18_MC -> A_V19_MC) type[cov], weight[1.00] from 17 to 18 dist[1.32]
Adding bndlst edge: (A_G18_MC -> A_A60_MC) type[hb], weight[1.07] from 17 to 59 dist[1.93]
Adding bndlst edge: (A_V19_MC -> A_M20_MC) type[cov], weight[1.00] from 18 to 19 dist[1.33]
Adding bndlst edge: (A_M20_MC -> A_T21_MC) type[cov], weight[1.00] from 19 to 20 dist[1.33]
Adding bndlst edge: (A_M20_MC -> A_K58_MC) type[hb], weight[1.12] from 19 to 57 dist[1.89]
Adding bndlst edge: (A_T21_MC -> A_T22_MC) type[cov], weight[1.00] from 20 to 21 dist[1.33]
Adding bndlst edge: (A_T22_MC -> A_L23_MC) type[cov], weight[1.00] from 21 to 22 dist[1.33]
Adding bndlst edge: (A_L23_MC -> A_I24_MC) type[cov], weight[1.00] from 22 to 23 dist[1.34]
Adding bndlst edge: (A_I24_MC -> A_A25_MC) type[cov], weight[1.00] from 23 to 24 dist[1.33]
Adding bndlst edge: (A_A25_MC -> A_K26_MC) type[cov], weight[1.00] from 24 to 25 dist[1.33]
Adding bndlst edge: (A_A25_MC -> A_T28_SC) type[hb], weight[1.44] from 24 to 27 dist[1.67]
Adding bndlst edge: (A_K26_MC -> A_N27_MC) type[cov], weight[1.00] from 25 to 26 dist[1.32]
Adding bndlst edge: (A_K26_SC -> A_E56_SC) type[salt], weight[0.41] from 25 to 55 dist[2.97]
Adding bndlst edge: (A_K26_SC -> A_E56_SC) type[salt], weight[1.09] from 25 to 55 dist[1.82]
Adding bndlst edge: (A_N27_MC -> A_T28_MC) type[cov], weight[1.00] from 26 to 27 dist[1.33]
Adding bndlst edge: (A_T28_MC -> A_T29_MC) type[cov], weight[1.00] from 27 to 28 dist[1.33]
Adding bndlst edge: (A_T29_MC -> A_I30_MC) type[cov], weight[1.00] from 28 to 29 dist[1.33]
Adding bndlst edge: (A_I30_MC -> A_P31_MC) type[cov], weight[1.00] from 29 to 30 dist[1.35]
Adding bndlst edge: (A_P31_MC -> A_T32_MC) type[cov], weight[1.00] from 30 to 31 dist[1.33]
Adding bndlst edge: (A_T32_MC -> A_K33_MC) type[cov], weight[1.00] from 31 to 32 dist[1.32]
Adding bndlst edge: (A_T32_MC -> A_I90_MC) type[hb], weight[1.16] from 31 to 89 dist[1.86]
Adding bndlst edge: (A_T32_MC -> A_I90_MC) type[hb], weight[0.92] from 31 to 89 dist[2.09]
Adding bndlst edge: (A_T32_SC -> A_H34_SC) type[hb], weight[0.42] from 31 to 33 dist[3.08]
Adding bndlst edge: (A_K33_MC -> A_H34_MC) type[cov], weight[1.00] from 32 to 33 dist[1.33]
Adding bndlst edge: (A_K33_MC -> A_H34_SC) type[hb], weight[0.83] from 32 to 33 dist[2.20]
Adding bndlst edge: (A_H34_MC -> A_S35_MC) type[cov], weight[1.00] from 33 to 34 dist[1.33]
Adding bndlst edge: (A_H34_MC -> A_F88_MC) type[hb], weight[1.12] from 33 to 87 dist[1.89]
Adding bndlst edge: (A_H34_MC -> A_F88_MC) type[hb], weight[1.06] from 33 to 87 dist[1.95]
Adding bndlst edge: (A_S35_MC -> A_Q36_MC) type[cov], weight[1.00] from 34 to 35 dist[1.33]
Adding bndlst edge: (A_S35_SC -> A_T87_SC) type[hb], weight[1.20] from 34 to 86 dist[1.83]
Adding bndlst edge: (A_S35_SC -> A_T87_SC) type[hb], weight[0.51] from 34 to 86 dist[2.81]
Adding bndlst edge: (A_Q36_MC -> A_V37_MC) type[cov], weight[1.00] from 35 to 36 dist[1.33]
Adding bndlst edge: (A_Q36_MC -> A_V86_MC) type[hb], weight[1.13] from 35 to 85 dist[1.88]
Adding bndlst edge: (A_Q36_MC -> A_V86_MC) type[hb], weight[0.88] from 35 to 85 dist[2.14]
Adding bndlst edge: (A_V37_MC -> A_F38_MC) type[cov], weight[1.00] from 36 to 37 dist[1.32]
Adding bndlst edge: (A_F38_MC -> A_S39_MC) type[cov], weight[1.00] from 37 to 38 dist[1.33]
Adding bndlst edge: (A_F38_MC -> A_I84_MC) type[hb], weight[1.08] from 37 to 83 dist[1.92]
Adding bndlst edge: (A_F38_MC -> A_I84_MC) type[hb], weight[1.21] from 37 to 83 dist[1.82]
Adding bndlst edge: (A_S39_MC -> A_T40_MC) type[cov], weight[1.00] from 38 to 39 dist[1.33]
Adding bndlst edge: (A_S39_SC -> A_G80_MC) type[hb], weight[0.45] from 38 to 79 dist[3.00]
Adding bndlst edge: (A_S39_SC -> A_T40_MC) type[hb], weight[0.98] from 38 to 39 dist[2.02]
Adding bndlst edge: (A_S39_SC -> A_P82_MC) type[hb], weight[1.16] from 38 to 81 dist[1.86]
Adding bndlst edge: (A_T40_MC -> A_A41_MC) type[cov], weight[1.00] from 39 to 40 dist[1.32]
Adding bndlst edge: (A_T40_MC -> A_G80_MC) type[hb], weight[0.74] from 39 to 79 dist[2.32]
Adding bndlst edge: (A_T40_SC -> A_G80_MC) type[hb], weight[0.66] from 39 to 79 dist[2.46]
Adding bndlst edge: (A_A41_MC -> A_E42_MC) type[cov], weight[1.00] from 40 to 41 dist[1.34]
Adding bndlst edge: (A_A41_MC -> A_R79_SC) type[hb], weight[0.90] from 40 to 78 dist[2.11]
Adding bndlst edge: (A_A41_MC -> A_Q45_SC) type[hb], weight[0.84] from 40 to 44 dist[2.18]
Adding bndlst edge: (A_E42_MC -> A_D43_MC) type[cov], weight[1.00] from 41 to 42 dist[1.34]
Adding bndlst edge: (A_E42_MC -> A_Q45_MC) type[hb], weight[0.71] from 41 to 44 dist[2.38]
Adding bndlst edge: (A_E42_MC -> A_Q45_SC) type[hb], weight[0.90] from 41 to 44 dist[2.11]
Adding bndlst edge: (A_D43_MC -> A_N44_MC) type[cov], weight[1.00] from 42 to 43 dist[1.33]
Adding bndlst edge: (A_D43_SC -> A_H156_SC) type[hb], weight[0.68] from 42 to 155 dist[2.42]
Adding bndlst edge: (A_D43_SC -> A_R79_MC) type[hb], weight[1.10] from 42 to 78 dist[1.91]
Adding bndlst edge: (A_D43_SC -> A_H156_SC) type[hb], weight[0.49] from 42 to 155 dist[2.86]
Adding bndlst edge: (A_N44_MC -> A_Q45_MC) type[cov], weight[1.00] from 43 to 44 dist[1.33]
Adding bndlst edge: (A_N44_MC -> A_A77_MC) type[hb], weight[1.10] from 43 to 76 dist[1.90]
Adding bndlst edge: (A_Q45_MC -> A_S46_MC) type[cov], weight[1.00] from 44 to 45 dist[1.33]
Adding bndlst edge: (A_Q45_SC -> A_A47_MC) type[hb], weight[1.29] from 44 to 46 dist[1.76]
Adding bndlst edge: (A_S46_MC -> A_A47_MC) type[cov], weight[1.00] from 45 to 46 dist[1.33]
Adding bndlst edge: (A_S46_MC -> A_I74_MC) type[hb], weight[1.04] from 45 to 73 dist[1.96]
Adding bndlst edge: (A_S46_MC -> A_G73_MC) type[hb], weight[0.56] from 45 to 72 dist[2.67]
Adding bndlst edge: (A_A47_MC -> A_V48_MC) type[cov], weight[1.00] from 46 to 47 dist[1.33]
Adding bndlst edge: (A_V48_MC -> A_T49_MC) type[cov], weight[1.00] from 47 to 48 dist[1.33]
Adding bndlst edge: (A_V48_MC -> A_L71_MC) type[hb], weight[0.99] from 47 to 70 dist[2.01]
Adding bndlst edge: (A_V48_MC -> A_L71_MC) type[hb], weight[0.98] from 47 to 70 dist[2.02]
Adding bndlst edge: (A_T49_MC -> A_I50_MC) type[cov], weight[1.00] from 48 to 49 dist[1.33]
Adding bndlst edge: (A_T49_SC -> A_N70_SC) type[hb], weight[1.16] from 48 to 69 dist[1.86]
Adding bndlst edge: (A_I50_MC -> A_H51_MC) type[cov], weight[1.00] from 49 to 50 dist[1.33]
Adding bndlst edge: (A_I50_MC -> A_F69_MC) type[hb], weight[0.87] from 49 to 68 dist[2.15]
Adding bndlst edge: (A_I50_MC -> A_F69_MC) type[hb], weight[1.33] from 49 to 68 dist[1.73]
Adding bndlst edge: (A_H51_MC -> A_V52_MC) type[cov], weight[1.00] from 50 to 51 dist[1.33]
Adding bndlst edge: (A_H51_SC -> A_S65_SC) type[hb], weight[0.61] from 50 to 64 dist[2.57]
Adding bndlst edge: (A_H51_SC -> A_S65_SC) type[hb], weight[0.44] from 50 to 64 dist[3.02]
Adding bndlst edge: (A_H51_SC -> A_S65_SC) type[hb], weight[1.18] from 50 to 64 dist[1.84]
Adding bndlst edge: (A_H51_SC -> A_G67_MC) type[hb], weight[0.69] from 50 to 66 dist[2.42]
Adding bndlst edge: (A_V52_MC -> A_L53_MC) type[cov], weight[1.00] from 51 to 52 dist[1.33]
Adding bndlst edge: (A_V52_MC -> A_L66_MC) type[hb], weight[1.19] from 51 to 65 dist[1.83]
Adding bndlst edge: (A_V52_MC -> A_G67_MC) type[hb], weight[1.04] from 51 to 66 dist[1.96]
Adding bndlst edge: (A_L53_MC -> A_Q54_MC) type[cov], weight[1.00] from 52 to 53 dist[1.33]
Adding bndlst edge: (A_Q54_MC -> A_G55_MC) type[cov], weight[1.00] from 53 to 54 dist[1.33]
Adding bndlst edge: (A_Q54_MC -> A_K64_MC) type[hb], weight[1.15] from 53 to 63 dist[1.87]
Adding bndlst edge: (A_Q54_SC -> A_L119_MC) type[hb], weight[1.06] from 53 to 118 dist[1.95]
Adding bndlst edge: (A_Q54_MC -> A_K64_MC) type[hb], weight[1.10] from 53 to 63 dist[1.91]
Adding bndlst edge: (A_G55_MC -> A_E56_MC) type[cov], weight[1.00] from 54 to 55 dist[1.33]
Adding bndlst edge: (A_E56_MC -> A_R57_MC) type[cov], weight[1.00] from 55 to 56 dist[1.32]
Adding bndlst edge: (A_E56_MC -> A_M127_SC) type[hb], weight[0.55] from 55 to 126 dist[2.70]
Adding bndlst edge: (A_R57_MC -> A_K58_MC) type[cov], weight[1.00] from 56 to 57 dist[1.32]
Adding bndlst edge: (A_R57_MC -> A_N63_SC) type[hb], weight[0.73] from 56 to 62 dist[2.33]
Adding bndlst edge: (A_R57_MC -> A_N63_SC) type[hb], weight[0.95] from 56 to 62 dist[2.05]
Adding bndlst edge: (A_R57_SC -> A_D138_SC) type[salt], weight[1.00] from 56 to 137 dist[1.90]
Adding bndlst edge: (A_R57_SC -> A_D138_SC) type[salt], weight[0.61] from 56 to 137 dist[2.42]
Adding bndlst edge: (A_R57_SC -> A_D138_SC) type[salt], weight[0.80] from 56 to 137 dist[2.13]
Adding bndlst edge: (A_K58_MC -> A_R59_MC) type[cov], weight[1.00] from 57 to 58 dist[1.33]
Adding bndlst edge: (A_K58_MC -> A_D138_SC) type[hb], weight[0.70] from 57 to 137 dist[2.39]
Adding bndlst edge: (A_R59_MC -> A_A60_MC) type[cov], weight[1.00] from 58 to 59 dist[1.33]
Adding bndlst edge: (A_R59_MC -> A_N63_SC) type[hb], weight[0.48] from 58 to 62 dist[2.87]
Adding bndlst edge: (A_R59_MC -> A_N63_SC) type[hb], weight[0.65] from 58 to 62 dist[2.48]
Adding bndlst edge: (A_R59_MC -> A_D62_MC) type[hb], weight[1.00] from 58 to 61 dist[2.00]
Adding bndlst edge: (A_A60_MC -> A_A61_MC) type[cov], weight[1.00] from 59 to 60 dist[1.33]
Adding bndlst edge: (A_A60_MC -> A_N63_MC) type[hb], weight[0.91] from 59 to 62 dist[2.09]
Adding bndlst edge: (A_A60_MC -> A_N63_SC) type[hb], weight[0.53] from 59 to 62 dist[2.73]
Adding bndlst edge: (A_A60_MC -> A_D62_MC) type[hb], weight[0.46] from 59 to 61 dist[2.95]
Adding bndlst edge: (A_A61_MC -> A_D62_MC) type[cov], weight[1.00] from 60 to 61 dist[1.34]
Adding bndlst edge: (A_D62_MC -> A_N63_MC) type[cov], weight[1.00] from 61 to 62 dist[1.33]
Adding bndlst edge: (A_N63_MC -> A_K64_MC) type[cov], weight[1.00] from 62 to 63 dist[1.32]
Adding bndlst edge: (A_K64_MC -> A_S65_MC) type[cov], weight[1.00] from 63 to 64 dist[1.32]
Adding bndlst edge: (A_S65_MC -> A_L66_MC) type[cov], weight[1.00] from 64 to 65 dist[1.33]
Adding bndlst edge: (A_S65_SC -> A_G67_MC) type[hb], weight[0.50] from 64 to 66 dist[2.83]
Adding bndlst edge: (A_L66_MC -> A_G67_MC) type[cov], weight[1.00] from 65 to 66 dist[1.33]
Adding bndlst edge: (A_G67_MC -> A_Q68_MC) type[cov], weight[1.00] from 66 to 67 dist[1.33]
Adding bndlst edge: (A_Q68_MC -> A_F69_MC) type[cov], weight[1.00] from 67 to 68 dist[1.33]
Adding bndlst edge: (A_F69_MC -> A_N70_MC) type[cov], weight[1.00] from 68 to 69 dist[1.33]
Adding bndlst edge: (A_N70_MC -> A_L71_MC) type[cov], weight[1.00] from 69 to 70 dist[1.32]
Adding bndlst edge: (A_L71_MC -> A_D72_MC) type[cov], weight[1.00] from 70 to 71 dist[1.33]
Adding bndlst edge: (A_D72_MC -> A_G73_MC) type[cov], weight[1.00] from 71 to 72 dist[1.33]
Adding bndlst edge: (A_D72_MC -> A_K107_SC) type[hb], weight[1.12] from 71 to 106 dist[1.89]
Adding bndlst edge: (A_D72_MC -> A_K107_SC) type[hb], weight[0.45] from 71 to 106 dist[2.97]
Adding bndlst edge: (A_D72_SC -> A_K107_SC) type[salt], weight[0.46] from 71 to 106 dist[2.82]
Adding bndlst edge: (A_D72_SC -> A_K107_SC) type[salt], weight[1.29] from 71 to 106 dist[1.67]
Adding bndlst edge: (A_G73_MC -> A_I74_MC) type[cov], weight[1.00] from 72 to 73 dist[1.33]
Adding bndlst edge: (A_I74_MC -> A_N75_MC) type[cov], weight[1.00] from 73 to 74 dist[1.33]
Adding bndlst edge: (A_N75_MC -> A_P76_MC) type[cov], weight[1.00] from 74 to 75 dist[1.34]
Adding bndlst edge: (A_N75_SC -> A_N104_SC) type[hb], weight[0.94] from 74 to 103 dist[2.07]
Adding bndlst edge: (A_P76_MC -> A_A77_MC) type[cov], weight[1.00] from 75 to 76 dist[1.33]
Adding bndlst edge: (A_A77_MC -> A_P78_MC) type[cov], weight[1.00] from 76 to 77 dist[1.33]
Adding bndlst edge: (A_P78_MC -> A_R79_MC) type[cov], weight[1.00] from 77 to 78 dist[1.32]
Adding bndlst edge: (A_P78_MC -> A_M81_MC) type[hb], weight[0.61] from 77 to 80 dist[2.55]
Adding bndlst edge: (A_R79_MC -> A_G80_MC) type[cov], weight[1.00] from 78 to 79 dist[1.33]
Adding bndlst edge: (A_R79_SC -> A_H156_SC) type[hb], weight[0.41] from 78 to 155 dist[3.11]
Adding bndlst edge: (A_R79_SC -> A_D152_SC) type[salt], weight[1.27] from 78 to 151 dist[1.69]
Adding bndlst edge: (A_R79_SC -> A_D152_SC) type[salt], weight[0.47] from 78 to 151 dist[2.78]
Adding bndlst edge: (A_R79_SC -> A_D152_SC) type[salt], weight[1.06] from 78 to 151 dist[1.84]
Adding bndlst edge: (A_G80_MC -> A_M81_MC) type[cov], weight[1.00] from 79 to 80 dist[1.33]
Adding bndlst edge: (A_M81_MC -> A_P82_MC) type[cov], weight[1.00] from 80 to 81 dist[1.34]
Adding bndlst edge: (A_P82_MC -> A_Q83_MC) type[cov], weight[1.00] from 81 to 82 dist[1.33]
Adding bndlst edge: (A_Q83_MC -> A_I84_MC) type[cov], weight[1.00] from 82 to 83 dist[1.32]
Adding bndlst edge: (A_Q83_MC -> A_K103_MC) type[hb], weight[1.30] from 82 to 102 dist[1.75]
Adding bndlst edge: (A_I84_MC -> A_E85_MC) type[cov], weight[1.00] from 83 to 84 dist[1.32]
Adding bndlst edge: (A_E85_MC -> A_V86_MC) type[cov], weight[1.00] from 84 to 85 dist[1.33]
Adding bndlst edge: (A_E85_MC -> A_K101_MC) type[hb], weight[1.14] from 84 to 100 dist[1.87]
Adding bndlst edge: (A_E85_SC -> A_K103_SC) type[salt], weight[0.77] from 84 to 102 dist[2.17]
Adding bndlst edge: (A_E85_MC -> A_K101_MC) type[hb], weight[1.15] from 84 to 100 dist[1.87]
Adding bndlst edge: (A_V86_MC -> A_T87_MC) type[cov], weight[1.00] from 85 to 86 dist[1.33]
Adding bndlst edge: (A_T87_MC -> A_F88_MC) type[cov], weight[1.00] from 86 to 87 dist[1.33]
Adding bndlst edge: (A_T87_MC -> A_S99_MC) type[hb], weight[0.94] from 86 to 98 dist[2.07]
Adding bndlst edge: (A_T87_MC -> A_S99_MC) type[hb], weight[1.11] from 86 to 98 dist[1.90]
Adding bndlst edge: (A_F88_MC -> A_D89_MC) type[cov], weight[1.00] from 87 to 88 dist[1.33]
Adding bndlst edge: (A_D89_MC -> A_I90_MC) type[cov], weight[1.00] from 88 to 89 dist[1.33]
Adding bndlst edge: (A_D89_MC -> A_H97_SC) type[hb], weight[0.58] from 88 to 96 dist[2.64]
Adding bndlst edge: (A_D89_MC -> A_H97_MC) type[hb], weight[1.30] from 88 to 96 dist[1.75]
Adding bndlst edge: (A_D89_SC -> A_H97_SC) type[hb], weight[0.67] from 88 to 96 dist[2.45]
Adding bndlst edge: (A_D89_MC -> A_H97_MC) type[hb], weight[0.93] from 88 to 96 dist[2.07]
Adding bndlst edge: (A_I90_MC -> A_D91_MC) type[cov], weight[1.00] from 89 to 90 dist[1.33]
Adding bndlst edge: (A_D91_MC -> A_A92_MC) type[cov], weight[1.00] from 90 to 91 dist[1.33]
Adding bndlst edge: (A_D91_MC -> A_G94_MC) type[hb], weight[1.14] from 90 to 93 dist[1.87]
Adding bndlst edge: (A_D91_SC -> A_D93_MC) type[hb], weight[0.70] from 90 to 92 dist[2.40]
Adding bndlst edge: (A_D91_SC -> A_I95_MC) type[hb], weight[1.09] from 90 to 94 dist[1.92]
Adding bndlst edge: (A_D91_SC -> A_G94_MC) type[hb], weight[0.50] from 90 to 93 dist[2.83]
Adding bndlst edge: (A_D91_MC -> A_I95_MC) type[hb], weight[0.86] from 90 to 94 dist[2.15]
Adding bndlst edge: (A_A92_MC -> A_D93_MC) type[cov], weight[1.00] from 91 to 92 dist[1.34]
Adding bndlst edge: (A_D93_MC -> A_G94_MC) type[cov], weight[1.00] from 92 to 93 dist[1.33]
Adding bndlst edge: (A_G94_MC -> A_I95_MC) type[cov], weight[1.00] from 93 to 94 dist[1.33]
Adding bndlst edge: (A_I95_MC -> A_L96_MC) type[cov], weight[1.00] from 94 to 95 dist[1.33]
Adding bndlst edge: (A_L96_MC -> A_H97_MC) type[cov], weight[1.00] from 95 to 96 dist[1.33]
Adding bndlst edge: (A_L96_MC -> A_I113_MC) type[hb], weight[1.12] from 95 to 112 dist[1.89]
Adding bndlst edge: (A_L96_MC -> A_I113_MC) type[hb], weight[0.91] from 95 to 112 dist[2.10]
Adding bndlst edge: (A_H97_MC -> A_V98_MC) type[cov], weight[1.00] from 96 to 97 dist[1.33]
Adding bndlst edge: (A_V98_MC -> A_S99_MC) type[cov], weight[1.00] from 97 to 98 dist[1.33]
Adding bndlst edge: (A_V98_MC -> A_I111_MC) type[hb], weight[1.10] from 97 to 110 dist[1.91]
Adding bndlst edge: (A_V98_MC -> A_I111_MC) type[hb], weight[1.08] from 97 to 110 dist[1.92]
Adding bndlst edge: (A_S99_MC -> A_A100_MC) type[cov], weight[1.00] from 98 to 99 dist[1.33]
Adding bndlst edge: (A_A100_MC -> A_K101_MC) type[cov], weight[1.00] from 99 to 100 dist[1.32]
Adding bndlst edge: (A_A100_MC -> A_Q109_MC) type[hb], weight[0.90] from 99 to 108 dist[2.11]
Adding bndlst edge: (A_A100_MC -> A_Q109_MC) type[hb], weight[1.01] from 99 to 108 dist[1.99]
Adding bndlst edge: (A_K101_MC -> A_D102_MC) type[cov], weight[1.00] from 100 to 101 dist[1.33]
Adding bndlst edge: (A_D102_MC -> A_K103_MC) type[cov], weight[1.00] from 101 to 102 dist[1.33]
Adding bndlst edge: (A_D102_MC -> A_G106_MC) type[hb], weight[1.26] from 101 to 105 dist[1.78]
Adding bndlst edge: (A_D102_SC -> A_S105_MC) type[hb], weight[0.65] from 101 to 104 dist[2.48]
Adding bndlst edge: (A_D102_SC -> A_N104_MC) type[hb], weight[1.03] from 101 to 103 dist[1.97]
Adding bndlst edge: (A_D102_MC -> A_K107_MC) type[hb], weight[1.07] from 101 to 106 dist[1.94]
Adding bndlst edge: (A_K103_MC -> A_N104_MC) type[cov], weight[1.00] from 102 to 103 dist[1.33]
Adding bndlst edge: (A_N104_MC -> A_S105_MC) type[cov], weight[1.00] from 103 to 104 dist[1.33]
Adding bndlst edge: (A_S105_MC -> A_G106_MC) type[cov], weight[1.00] from 104 to 105 dist[1.33]
Adding bndlst edge: (A_S105_SC -> A_K107_MC) type[hb], weight[0.66] from 104 to 106 dist[2.46]
Adding bndlst edge: (A_G106_MC -> A_K107_MC) type[cov], weight[1.00] from 105 to 106 dist[1.33]
Adding bndlst edge: (A_K107_MC -> A_E108_MC) type[cov], weight[1.00] from 106 to 107 dist[1.33]
Adding bndlst edge: (A_E108_MC -> A_Q109_MC) type[cov], weight[1.00] from 107 to 108 dist[1.33]
Adding bndlst edge: (A_E108_MC -> A_Q109_SC) type[hb], weight[0.73] from 107 to 108 dist[2.35]
Adding bndlst edge: (A_Q109_MC -> A_K110_MC) type[cov], weight[1.00] from 108 to 109 dist[1.33]
Adding bndlst edge: (A_K110_MC -> A_I111_MC) type[cov], weight[1.00] from 109 to 110 dist[1.33]
Adding bndlst edge: (A_I111_MC -> A_T112_MC) type[cov], weight[1.00] from 110 to 111 dist[1.33]
Adding bndlst edge: (A_T112_MC -> A_I113_MC) type[cov], weight[1.00] from 111 to 112 dist[1.33]
Adding bndlst edge: (A_I113_MC -> A_K114_MC) type[cov], weight[1.00] from 112 to 113 dist[1.33]
Adding bndlst edge: (A_K114_MC -> A_A115_MC) type[cov], weight[1.00] from 113 to 114 dist[1.34]
Adding bndlst edge: (A_K114_MC -> A_S117_MC) type[hb], weight[1.11] from 113 to 116 dist[1.90]
Adding bndlst edge: (A_K114_MC -> A_S116_MC) type[hb], weight[0.50] from 113 to 115 dist[2.83]
Adding bndlst edge: (A_A115_MC -> A_S116_MC) type[cov], weight[1.00] from 114 to 115 dist[1.33]
Adding bndlst edge: (A_S116_MC -> A_S117_MC) type[cov], weight[1.00] from 115 to 116 dist[1.32]
Adding bndlst edge: (A_S117_MC -> A_G118_MC) type[cov], weight[1.00] from 116 to 117 dist[1.33]
Adding bndlst edge: (A_G118_MC -> A_L119_MC) type[cov], weight[1.00] from 117 to 118 dist[1.33]
Adding bndlst edge: (A_L119_MC -> A_N120_MC) type[cov], weight[1.00] from 118 to 119 dist[1.33]
Adding bndlst edge: (A_N120_MC -> A_E121_MC) type[cov], weight[1.00] from 119 to 120 dist[1.33]
Adding bndlst edge: (A_N120_MC -> A_E123_MC) type[hb], weight[0.71] from 119 to 122 dist[2.38]
Adding bndlst edge: (A_N120_MC -> A_D122_MC) type[hb], weight[0.45] from 119 to 121 dist[2.97]
Adding bndlst edge: (A_N120_MC -> A_I124_MC) type[hb], weight[1.20] from 119 to 123 dist[1.82]
Adding bndlst edge: (A_N120_SC -> A_E123_MC) type[hb], weight[1.10] from 119 to 122 dist[1.91]
Adding bndlst edge: (A_N120_SC -> A_D122_MC) type[hb], weight[0.79] from 119 to 121 dist[2.25]
Adding bndlst edge: (A_N120_MC -> A_E123_SC) type[hb], weight[1.07] from 119 to 122 dist[1.93]
Adding bndlst edge: (A_E121_MC -> A_D122_MC) type[cov], weight[1.00] from 120 to 121 dist[1.33]
Adding bndlst edge: (A_E121_MC -> A_Q125_MC) type[hb], weight[0.83] from 120 to 124 dist[2.20]
Adding bndlst edge: (A_D122_MC -> A_E123_MC) type[cov], weight[1.00] from 121 to 122 dist[1.33]
Adding bndlst edge: (A_D122_MC -> A_K126_MC) type[hb], weight[1.18] from 121 to 125 dist[1.84]
Adding bndlst edge: (A_D122_MC -> A_Q125_MC) type[hb], weight[0.65] from 121 to 124 dist[2.48]
Adding bndlst edge: (A_E123_MC -> A_I124_MC) type[cov], weight[1.00] from 122 to 123 dist[1.33]
Adding bndlst edge: (A_E123_MC -> A_K126_MC) type[hb], weight[0.47] from 122 to 125 dist[2.92]
Adding bndlst edge: (A_E123_MC -> A_M127_MC) type[hb], weight[1.15] from 122 to 126 dist[1.86]
Adding bndlst edge: (A_I124_MC -> A_Q125_MC) type[cov], weight[1.00] from 123 to 124 dist[1.33]
Adding bndlst edge: (A_I124_MC -> A_M127_MC) type[hb], weight[0.54] from 123 to 126 dist[2.72]
Adding bndlst edge: (A_I124_MC -> A_V128_MC) type[hb], weight[0.99] from 123 to 127 dist[2.01]
Adding bndlst edge: (A_Q125_MC -> A_K126_MC) type[cov], weight[1.00] from 124 to 125 dist[1.33]
Adding bndlst edge: (A_Q125_MC -> A_R129_MC) type[hb], weight[0.80] from 124 to 128 dist[2.23]
Adding bndlst edge: (A_Q125_MC -> A_V128_MC) type[hb], weight[0.47] from 124 to 127 dist[2.93]
Adding bndlst edge: (A_Q125_SC -> A_R129_SC) type[hb], weight[1.39] from 124 to 128 dist[1.70]
Adding bndlst edge: (A_K126_MC -> A_M127_MC) type[cov], weight[1.00] from 125 to 126 dist[1.34]
Adding bndlst edge: (A_K126_MC -> A_R129_MC) type[hb], weight[0.62] from 125 to 128 dist[2.53]
Adding bndlst edge: (A_K126_MC -> A_D130_MC) type[hb], weight[1.27] from 125 to 129 dist[1.77]
Adding bndlst edge: (A_K126_SC -> A_D130_SC) type[salt], weight[0.53] from 125 to 129 dist[2.60]
Adding bndlst edge: (A_K126_SC -> A_D130_SC) type[salt], weight[0.49] from 125 to 129 dist[2.72]
Adding bndlst edge: (A_K126_SC -> A_D130_SC) type[salt], weight[0.41] from 125 to 129 dist[2.97]
Adding bndlst edge: (A_K126_SC -> A_D130_SC) type[salt], weight[0.60] from 125 to 129 dist[2.45]
Adding bndlst edge: (A_K126_SC -> A_D130_SC) type[salt], weight[1.05] from 125 to 129 dist[1.85]
Adding bndlst edge: (A_M127_MC -> A_V128_MC) type[cov], weight[1.00] from 126 to 127 dist[1.33]
Adding bndlst edge: (A_M127_MC -> A_A131_MC) type[hb], weight[0.94] from 126 to 130 dist[2.07]
Adding bndlst edge: (A_M127_MC -> A_D130_MC) type[hb], weight[0.47] from 126 to 129 dist[2.90]
Adding bndlst edge: (A_V128_MC -> A_R129_MC) type[cov], weight[1.00] from 127 to 128 dist[1.33]
Adding bndlst edge: (A_V128_MC -> A_E132_MC) type[hb], weight[0.68] from 127 to 131 dist[2.42]
Adding bndlst edge: (A_R129_MC -> A_D130_MC) type[cov], weight[1.00] from 128 to 129 dist[1.33]
Adding bndlst edge: (A_R129_MC -> A_E132_MC) type[hb], weight[0.58] from 128 to 131 dist[2.62]
Adding bndlst edge: (A_R129_MC -> A_A133_MC) type[hb], weight[1.19] from 128 to 132 dist[1.84]
Adding bndlst edge: (A_D130_MC -> A_A131_MC) type[cov], weight[1.00] from 129 to 130 dist[1.33]
Adding bndlst edge: (A_D130_MC -> A_N134_SC) type[hb], weight[0.78] from 129 to 133 dist[2.27]
Adding bndlst edge: (A_D130_MC -> A_N134_MC) type[hb], weight[0.87] from 129 to 133 dist[2.14]
Adding bndlst edge: (A_D130_MC -> A_A133_MC) type[hb], weight[0.49] from 129 to 132 dist[2.86]
Adding bndlst edge: (A_A131_MC -> A_E132_MC) type[cov], weight[1.00] from 130 to 131 dist[1.33]
Adding bndlst edge: (A_A131_MC -> A_A135_MC) type[hb], weight[0.51] from 130 to 134 dist[2.79]
Adding bndlst edge: (A_A131_MC -> A_N134_MC) type[hb], weight[0.72] from 130 to 133 dist[2.36]
Adding bndlst edge: (A_E132_MC -> A_A133_MC) type[cov], weight[1.00] from 131 to 132 dist[1.33]
Adding bndlst edge: (A_E132_MC -> A_A135_MC) type[hb], weight[0.66] from 131 to 134 dist[2.46]
Adding bndlst edge: (A_A133_MC -> A_N134_MC) type[cov], weight[1.00] from 132 to 133 dist[1.33]
Adding bndlst edge: (A_N134_MC -> A_A135_MC) type[cov], weight[1.00] from 133 to 134 dist[1.32]
Adding bndlst edge: (A_N134_MC -> A_D138_MC) type[hb], weight[0.99] from 133 to 137 dist[2.01]
Adding bndlst edge: (A_N134_MC -> A_A137_MC) type[hb], weight[0.45] from 133 to 136 dist[2.98]
Adding bndlst edge: (A_A135_MC -> A_E136_MC) type[cov], weight[1.00] from 134 to 135 dist[1.32]
Adding bndlst edge: (A_A135_MC -> A_D138_MC) type[hb], weight[0.45] from 134 to 137 dist[3.00]
Adding bndlst edge: (A_A135_MC -> A_R139_MC) type[hb], weight[0.82] from 134 to 138 dist[2.21]
Adding bndlst edge: (A_E136_MC -> A_A137_MC) type[cov], weight[1.00] from 135 to 136 dist[1.32]
Adding bndlst edge: (A_E136_MC -> A_R139_MC) type[hb], weight[0.80] from 135 to 138 dist[2.24]
Adding bndlst edge: (A_E136_MC -> A_K140_MC) type[hb], weight[0.96] from 135 to 139 dist[2.04]
Adding bndlst edge: (A_A137_MC -> A_D138_MC) type[cov], weight[1.00] from 136 to 137 dist[1.33]
Adding bndlst edge: (A_A137_MC -> A_F141_MC) type[hb], weight[0.97] from 136 to 140 dist[2.03]
Adding bndlst edge: (A_A137_MC -> A_K140_MC) type[hb], weight[0.57] from 136 to 139 dist[2.66]
Adding bndlst edge: (A_D138_MC -> A_R139_MC) type[cov], weight[1.00] from 137 to 138 dist[1.33]
Adding bndlst edge: (A_D138_MC -> A_D142_MC) type[hb], weight[1.08] from 137 to 141 dist[1.92]
Adding bndlst edge: (A_R139_MC -> A_K140_MC) type[cov], weight[1.00] from 138 to 139 dist[1.33]
Adding bndlst edge: (A_R139_MC -> A_D142_MC) type[hb], weight[0.52] from 138 to 141 dist[2.77]
Adding bndlst edge: (A_R139_MC -> A_E143_MC) type[hb], weight[0.90] from 138 to 142 dist[2.11]
Adding bndlst edge: (A_R139_SC -> A_E143_SC) type[salt], weight[1.09] from 138 to 142 dist[1.82]
Adding bndlst edge: (A_K140_MC -> A_F141_MC) type[cov], weight[1.00] from 139 to 140 dist[1.33]
Adding bndlst edge: (A_K140_MC -> A_E143_MC) type[hb], weight[0.62] from 139 to 142 dist[2.53]
Adding bndlst edge: (A_K140_MC -> A_L144_MC) type[hb], weight[0.97] from 139 to 143 dist[2.03]
Adding bndlst edge: (A_F141_MC -> A_D142_MC) type[cov], weight[1.00] from 140 to 141 dist[1.33]
Adding bndlst edge: (A_F141_MC -> A_V145_MC) type[hb], weight[0.98] from 140 to 144 dist[2.02]
Adding bndlst edge: (A_F141_MC -> A_L144_MC) type[hb], weight[0.57] from 140 to 143 dist[2.65]
Adding bndlst edge: (A_D142_MC -> A_E143_MC) type[cov], weight[1.00] from 141 to 142 dist[1.33]
Adding bndlst edge: (A_D142_MC -> A_Q146_MC) type[hb], weight[0.82] from 141 to 145 dist[2.21]
Adding bndlst edge: (A_E143_MC -> A_L144_MC) type[cov], weight[1.00] from 142 to 143 dist[1.33]
Adding bndlst edge: (A_E143_MC -> A_Q146_MC) type[hb], weight[0.47] from 142 to 145 dist[2.90]
Adding bndlst edge: (A_E143_MC -> A_T147_SC) type[hb], weight[1.06] from 142 to 146 dist[1.94]
Adding bndlst edge: (A_E143_MC -> A_T147_MC) type[hb], weight[0.94] from 142 to 146 dist[2.06]
Adding bndlst edge: (A_E143_SC -> A_K193_SC) type[salt], weight[1.20] from 142 to 192 dist[1.73]
Adding bndlst edge: (A_E143_SC -> A_K193_SC) type[salt], weight[0.44] from 142 to 192 dist[2.85]
Adding bndlst edge: (A_L144_MC -> A_V145_MC) type[cov], weight[1.00] from 143 to 144 dist[1.33]
Adding bndlst edge: (A_L144_MC -> A_T147_MC) type[hb], weight[0.68] from 143 to 146 dist[2.43]
Adding bndlst edge: (A_L144_MC -> A_R148_MC) type[hb], weight[1.28] from 143 to 147 dist[1.77]
Adding bndlst edge: (A_V145_MC -> A_Q146_MC) type[cov], weight[1.00] from 144 to 145 dist[1.33]
Adding bndlst edge: (A_V145_MC -> A_N149_MC) type[hb], weight[1.27] from 144 to 148 dist[1.78]
Adding bndlst edge: (A_V145_MC -> A_R148_MC) type[hb], weight[0.50] from 144 to 147 dist[2.83]
Adding bndlst edge: (A_Q146_MC -> A_T147_MC) type[cov], weight[1.00] from 145 to 146 dist[1.33]
Adding bndlst edge: (A_Q146_MC -> A_Q150_MC) type[hb], weight[0.87] from 145 to 149 dist[2.15]
Adding bndlst edge: (A_Q146_SC -> A_Q150_SC) type[hb], weight[0.91] from 145 to 149 dist[2.10]
Adding bndlst edge: (A_T147_MC -> A_R148_MC) type[cov], weight[1.00] from 146 to 147 dist[1.33]
Adding bndlst edge: (A_T147_MC -> A_G151_MC) type[hb], weight[1.11] from 146 to 150 dist[1.90]
Adding bndlst edge: (A_T147_MC -> A_Q150_MC) type[hb], weight[0.59] from 146 to 149 dist[2.60]
Adding bndlst edge: (A_R148_MC -> A_N149_MC) type[cov], weight[1.00] from 147 to 148 dist[1.32]
Adding bndlst edge: (A_R148_MC -> A_D152_MC) type[hb], weight[1.05] from 147 to 151 dist[1.96]
Adding bndlst edge: (A_R148_MC -> A_G151_MC) type[hb], weight[0.57] from 147 to 150 dist[2.64]
Adding bndlst edge: (A_R148_SC -> A_G190_MC) type[hb], weight[0.61] from 147 to 189 dist[2.57]
Adding bndlst edge: (A_R148_SC -> A_E191_SC) type[salt], weight[0.50] from 147 to 190 dist[2.69]
Adding bndlst edge: (A_R148_SC -> A_G190_MC) type[cov], weight[1.00] from 147 to 189 dist[1.62]
Adding bndlst edge: (A_R148_SC -> A_E191_SC) type[salt], weight[0.49] from 147 to 190 dist[2.71]
Adding bndlst edge: (A_N149_MC -> A_Q150_MC) type[cov], weight[1.00] from 148 to 149 dist[1.33]
Adding bndlst edge: (A_N149_MC -> A_H153_MC) type[hb], weight[0.86] from 148 to 152 dist[2.16]
Adding bndlst edge: (A_N149_MC -> A_D152_MC) type[hb], weight[0.53] from 148 to 151 dist[2.75]
Adding bndlst edge: (A_Q150_MC -> A_G151_MC) type[cov], weight[1.00] from 149 to 150 dist[1.32]
Adding bndlst edge: (A_Q150_MC -> A_H153_MC) type[hb], weight[0.56] from 149 to 152 dist[2.68]
Adding bndlst edge: (A_Q150_MC -> A_L154_MC) type[hb], weight[0.91] from 149 to 153 dist[2.10]
Adding bndlst edge: (A_G151_MC -> A_D152_MC) type[cov], weight[1.00] from 150 to 151 dist[1.33]
Adding bndlst edge: (A_G151_MC -> A_L155_MC) type[hb], weight[1.07] from 150 to 154 dist[1.94]
Adding bndlst edge: (A_G151_MC -> A_L154_MC) type[hb], weight[0.51] from 150 to 153 dist[2.79]
Adding bndlst edge: (A_D152_MC -> A_H153_MC) type[cov], weight[1.00] from 151 to 152 dist[1.32]
Adding bndlst edge: (A_D152_MC -> A_H156_MC) type[hb], weight[1.03] from 151 to 155 dist[1.97]
Adding bndlst edge: (A_D152_MC -> A_L155_MC) type[hb], weight[0.45] from 151 to 154 dist[2.99]
Adding bndlst edge: (A_H153_MC -> A_L154_MC) type[cov], weight[1.00] from 152 to 153 dist[1.33]
Adding bndlst edge: (A_H153_MC -> A_S157_SC) type[hb], weight[0.90] from 152 to 156 dist[2.11]
Adding bndlst edge: (A_H153_MC -> A_S157_MC) type[hb], weight[1.16] from 152 to 156 dist[1.86]
Adding bndlst edge: (A_H153_SC -> A_S157_SC) type[hb], weight[0.37] from 152 to 156 dist[3.30]
Adding bndlst edge: (A_H153_SC -> A_S157_SC) type[hb], weight[0.45] from 152 to 156 dist[2.97]
Adding bndlst edge: (A_H153_SC -> A_S157_SC) type[hb], weight[0.43] from 152 to 156 dist[3.05]
Adding bndlst edge: (A_L154_MC -> A_L155_MC) type[cov], weight[1.00] from 153 to 154 dist[1.33]
Adding bndlst edge: (A_L154_MC -> A_T158_SC) type[hb], weight[1.29] from 153 to 157 dist[1.76]
Adding bndlst edge: (A_L154_MC -> A_T158_MC) type[hb], weight[1.02] from 153 to 157 dist[1.98]
Adding bndlst edge: (A_L155_MC -> A_H156_MC) type[cov], weight[1.00] from 154 to 155 dist[1.33]
Adding bndlst edge: (A_L155_MC -> A_R159_MC) type[hb], weight[0.85] from 154 to 158 dist[2.17]
Adding bndlst edge: (A_H156_MC -> A_S157_MC) type[cov], weight[1.00] from 155 to 156 dist[1.33]
Adding bndlst edge: (A_H156_MC -> A_R159_MC) type[hb], weight[0.47] from 155 to 158 dist[2.92]
Adding bndlst edge: (A_H156_MC -> A_K160_MC) type[hb], weight[0.74] from 155 to 159 dist[2.32]
Adding bndlst edge: (A_S157_MC -> A_T158_MC) type[cov], weight[1.00] from 156 to 157 dist[1.33]
Adding bndlst edge: (A_S157_MC -> A_Q161_MC) type[hb], weight[1.07] from 156 to 160 dist[1.94]
Adding bndlst edge: (A_S157_MC -> A_K160_MC) type[hb], weight[0.62] from 156 to 159 dist[2.54]
Adding bndlst edge: (A_T158_MC -> A_R159_MC) type[cov], weight[1.00] from 157 to 158 dist[1.33]
Adding bndlst edge: (A_T158_MC -> A_Q161_MC) type[hb], weight[0.57] from 157 to 160 dist[2.64]
Adding bndlst edge: (A_T158_MC -> A_V162_MC) type[hb], weight[1.06] from 157 to 161 dist[1.95]
Adding bndlst edge: (A_R159_MC -> A_K160_MC) type[cov], weight[1.00] from 158 to 159 dist[1.33]
Adding bndlst edge: (A_R159_MC -> A_E163_MC) type[hb], weight[0.84] from 158 to 162 dist[2.18]
Adding bndlst edge: (A_R159_MC -> A_V162_MC) type[hb], weight[0.56] from 158 to 161 dist[2.68]
Adding bndlst edge: (A_R159_SC -> A_E185_SC) type[salt], weight[0.94] from 158 to 184 dist[1.96]
Adding bndlst edge: (A_R159_SC -> A_E185_SC) type[salt], weight[1.14] from 158 to 184 dist[1.78]
Adding bndlst edge: (A_K160_MC -> A_Q161_MC) type[cov], weight[1.00] from 159 to 160 dist[1.33]
Adding bndlst edge: (A_K160_MC -> A_E163_MC) type[hb], weight[0.55] from 159 to 162 dist[2.69]
Adding bndlst edge: (A_K160_MC -> A_E164_MC) type[hb], weight[1.15] from 159 to 163 dist[1.87]
Adding bndlst edge: (A_Q161_MC -> A_V162_MC) type[cov], weight[1.00] from 160 to 161 dist[1.33]
Adding bndlst edge: (A_Q161_MC -> A_A165_MC) type[hb], weight[1.02] from 160 to 164 dist[1.98]
Adding bndlst edge: (A_V162_MC -> A_E163_MC) type[cov], weight[1.00] from 161 to 162 dist[1.33]
Adding bndlst edge: (A_V162_MC -> A_A165_MC) type[hb], weight[0.62] from 161 to 164 dist[2.54]
Adding bndlst edge: (A_V162_MC -> A_G166_MC) type[hb], weight[1.09] from 161 to 165 dist[1.92]
Adding bndlst edge: (A_E163_MC -> A_E164_MC) type[cov], weight[1.00] from 162 to 163 dist[1.33]
Adding bndlst edge: (A_E163_MC -> A_G166_MC) type[hb], weight[0.51] from 162 to 165 dist[2.80]
Adding bndlst edge: (A_E164_MC -> A_A165_MC) type[cov], weight[1.00] from 163 to 164 dist[1.33]
Adding bndlst edge: (A_A165_MC -> A_G166_MC) type[cov], weight[1.00] from 164 to 165 dist[1.33]
Adding bndlst edge: (A_A165_MC -> A_K168_MC) type[hb], weight[0.84] from 164 to 167 dist[2.18]
Adding bndlst edge: (A_G166_MC -> A_D167_MC) type[cov], weight[1.00] from 165 to 166 dist[1.33]
Adding bndlst edge: (A_G166_MC -> A_L169_MC) type[hb], weight[0.96] from 165 to 168 dist[2.04]
Adding bndlst edge: (A_G166_MC -> A_K168_MC) type[hb], weight[0.46] from 165 to 167 dist[2.95]
Adding bndlst edge: (A_D167_MC -> A_K168_MC) type[cov], weight[1.00] from 166 to 167 dist[1.33]
Adding bndlst edge: (A_K168_MC -> A_L169_MC) type[cov], weight[1.00] from 167 to 168 dist[1.33]
Adding bndlst edge: (A_L169_MC -> A_P170_MC) type[cov], weight[1.00] from 168 to 169 dist[1.35]
Adding bndlst edge: (A_P170_MC -> A_A171_MC) type[cov], weight[1.00] from 169 to 170 dist[1.33]
Adding bndlst edge: (A_P170_MC -> A_K174_MC) type[hb], weight[1.00] from 169 to 173 dist[2.00]
Adding bndlst edge: (A_P170_MC -> A_D173_MC) type[hb], weight[0.55] from 169 to 172 dist[2.70]
Adding bndlst edge: (A_A171_MC -> A_D172_MC) type[cov], weight[1.00] from 170 to 171 dist[1.33]
Adding bndlst edge: (A_A171_MC -> A_T175_SC) type[hb], weight[1.02] from 170 to 174 dist[1.98]
Adding bndlst edge: (A_A171_MC -> A_T175_MC) type[hb], weight[0.85] from 170 to 174 dist[2.16]
Adding bndlst edge: (A_D172_MC -> A_D173_MC) type[cov], weight[1.00] from 171 to 172 dist[1.33]
Adding bndlst edge: (A_D172_MC -> A_A176_MC) type[hb], weight[0.82] from 171 to 175 dist[2.21]
Adding bndlst edge: (A_D172_MC -> A_T175_MC) type[hb], weight[0.54] from 171 to 174 dist[2.71]
Adding bndlst edge: (A_D173_MC -> A_K174_MC) type[cov], weight[1.00] from 172 to 173 dist[1.33]
Adding bndlst edge: (A_D173_MC -> A_I177_MC) type[hb], weight[1.10] from 172 to 176 dist[1.91]
Adding bndlst edge: (A_D173_MC -> A_A176_MC) type[hb], weight[0.66] from 172 to 175 dist[2.46]
Adding bndlst edge: (A_K174_MC -> A_T175_MC) type[cov], weight[1.00] from 173 to 174 dist[1.33]
Adding bndlst edge: (A_K174_MC -> A_E178_MC) type[hb], weight[1.09] from 173 to 177 dist[1.91]
Adding bndlst edge: (A_K174_SC -> A_E178_SC) type[salt], weight[0.81] from 173 to 177 dist[2.12]
Adding bndlst edge: (A_K174_SC -> A_E178_SC) type[salt], weight[0.60] from 173 to 177 dist[2.46]
Adding bndlst edge: (A_K174_SC -> A_E178_SC) type[salt], weight[0.51] from 173 to 177 dist[2.67]
Adding bndlst edge: (A_T175_MC -> A_A176_MC) type[cov], weight[1.00] from 174 to 175 dist[1.33]
Adding bndlst edge: (A_T175_MC -> A_S179_SC) type[hb], weight[1.12] from 174 to 178 dist[1.89]
Adding bndlst edge: (A_T175_MC -> A_S179_MC) type[hb], weight[0.67] from 174 to 178 dist[2.44]
Adding bndlst edge: (A_A176_MC -> A_I177_MC) type[cov], weight[1.00] from 175 to 176 dist[1.33]
Adding bndlst edge: (A_A176_MC -> A_A180_MC) type[hb], weight[0.95] from 175 to 179 dist[2.05]
Adding bndlst edge: (A_A176_MC -> A_S179_MC) type[hb], weight[0.67] from 175 to 178 dist[2.44]
Adding bndlst edge: (A_I177_MC -> A_E178_MC) type[cov], weight[1.00] from 176 to 177 dist[1.32]
Adding bndlst edge: (A_I177_MC -> A_L181_MC) type[hb], weight[0.96] from 176 to 180 dist[2.04]
Adding bndlst edge: (A_I177_MC -> A_A180_MC) type[hb], weight[0.59] from 176 to 179 dist[2.61]
Adding bndlst edge: (A_E178_MC -> A_S179_MC) type[cov], weight[1.00] from 177 to 178 dist[1.33]
Adding bndlst edge: (A_E178_MC -> A_T182_MC) type[hb], weight[0.69] from 177 to 181 dist[2.41]
Adding bndlst edge: (A_E178_MC -> A_T182_SC) type[hb], weight[0.91] from 177 to 181 dist[2.09]
Adding bndlst edge: (A_S179_MC -> A_A180_MC) type[cov], weight[1.00] from 178 to 179 dist[1.33]
Adding bndlst edge: (A_S179_MC -> A_T182_MC) type[hb], weight[0.51] from 178 to 181 dist[2.79]
Adding bndlst edge: (A_S179_MC -> A_A183_MC) type[hb], weight[0.84] from 178 to 182 dist[2.19]
Adding bndlst edge: (A_A180_MC -> A_L181_MC) type[cov], weight[1.00] from 179 to 180 dist[1.33]
Adding bndlst edge: (A_A180_MC -> A_L184_MC) type[hb], weight[1.08] from 179 to 183 dist[1.92]
Adding bndlst edge: (A_L181_MC -> A_T182_MC) type[cov], weight[1.00] from 180 to 181 dist[1.33]
Adding bndlst edge: (A_L181_MC -> A_E185_MC) type[hb], weight[1.07] from 180 to 184 dist[1.94]
Adding bndlst edge: (A_T182_MC -> A_A183_MC) type[cov], weight[1.00] from 181 to 182 dist[1.33]
Adding bndlst edge: (A_T182_MC -> A_T186_MC) type[hb], weight[0.91] from 181 to 185 dist[2.10]
Adding bndlst edge: (A_T182_MC -> A_E185_MC) type[hb], weight[0.51] from 181 to 184 dist[2.80]
Adding bndlst edge: (A_T182_MC -> A_T186_SC) type[hb], weight[1.02] from 181 to 185 dist[1.98]
Adding bndlst edge: (A_A183_MC -> A_L184_MC) type[cov], weight[1.00] from 182 to 183 dist[1.33]
Adding bndlst edge: (A_A183_MC -> A_A187_MC) type[hb], weight[1.04] from 182 to 186 dist[1.96]
Adding bndlst edge: (A_A183_MC -> A_T186_MC) type[hb], weight[0.62] from 182 to 185 dist[2.55]
Adding bndlst edge: (A_L184_MC -> A_E185_MC) type[cov], weight[1.00] from 183 to 184 dist[1.33]
Adding bndlst edge: (A_L184_MC -> A_L188_MC) type[hb], weight[1.01] from 183 to 187 dist[1.99]
Adding bndlst edge: (A_L184_MC -> A_A187_MC) type[hb], weight[0.60] from 183 to 186 dist[2.57]
Adding bndlst edge: (A_E185_MC -> A_T186_MC) type[cov], weight[1.00] from 184 to 185 dist[1.33]
Adding bndlst edge: (A_E185_MC -> A_L188_MC) type[hb], weight[0.45] from 184 to 187 dist[2.98]
Adding bndlst edge: (A_E185_MC -> A_K189_MC) type[hb], weight[0.48] from 184 to 188 dist[2.88]
Adding bndlst edge: (A_T186_MC -> A_A187_MC) type[cov], weight[1.00] from 185 to 186 dist[1.33]
Adding bndlst edge: (A_T186_MC -> A_K189_MC) type[hb], weight[0.80] from 185 to 188 dist[2.23]
Adding bndlst edge: (A_A187_MC -> A_L188_MC) type[cov], weight[1.00] from 186 to 187 dist[1.33]
Adding bndlst edge: (A_A187_MC -> A_G190_MC) type[hb], weight[1.17] from 186 to 189 dist[1.85]
Adding bndlst edge: (A_A187_MC -> A_K189_MC) type[hb], weight[0.46] from 186 to 188 dist[2.94]
Adding bndlst edge: (A_L188_MC -> A_K189_MC) type[cov], weight[1.00] from 187 to 188 dist[1.34]
Adding bndlst edge: (A_L188_MC -> A_G190_MC) type[hb], weight[0.46] from 187 to 189 dist[2.94]
Adding bndlst edge: (A_K189_MC -> A_G190_MC) type[cov], weight[1.00] from 188 to 189 dist[1.33]
Adding bndlst edge: (A_G190_MC -> A_E191_MC) type[cov], weight[1.00] from 189 to 190 dist[1.33]
Adding bndlst edge: (A_E191_MC -> A_D192_MC) type[cov], weight[1.00] from 190 to 191 dist[1.33]
Adding bndlst edge: (A_D192_MC -> A_K193_MC) type[cov], weight[1.00] from 191 to 192 dist[1.33]
Adding bndlst edge: (A_D192_MC -> A_I196_MC) type[hb], weight[0.77] from 191 to 195 dist[2.28]
Adding bndlst edge: (A_D192_MC -> A_A195_MC) type[hb], weight[0.59] from 191 to 194 dist[2.61]
Adding bndlst edge: (A_D192_SC -> A_A194_MC) type[hb], weight[0.70] from 191 to 193 dist[2.40]
Adding bndlst edge: (A_D192_SC -> A_A195_MC) type[hb], weight[0.71] from 191 to 194 dist[2.37]
Adding bndlst edge: (A_K193_MC -> A_A194_MC) type[cov], weight[1.00] from 192 to 193 dist[1.33]
Adding bndlst edge: (A_K193_MC -> A_E197_MC) type[hb], weight[0.94] from 192 to 196 dist[2.06]
Adding bndlst edge: (A_K193_MC -> A_I196_MC) type[hb], weight[0.48] from 192 to 195 dist[2.87]
Adding bndlst edge: (A_A194_MC -> A_A195_MC) type[cov], weight[1.00] from 193 to 194 dist[1.33]
Adding bndlst edge: (A_A194_MC -> A_A198_MC) type[hb], weight[0.93] from 193 to 197 dist[2.07]
Adding bndlst edge: (A_A194_MC -> A_E197_MC) type[hb], weight[0.49] from 193 to 196 dist[2.87]
Adding bndlst edge: (A_A195_MC -> A_I196_MC) type[cov], weight[1.00] from 194 to 195 dist[1.33]
Adding bndlst edge: (A_A195_MC -> A_A198_MC) type[hb], weight[0.65] from 194 to 197 dist[2.48]
Adding bndlst edge: (A_A195_MC -> A_K199_MC) type[hb], weight[0.86] from 194 to 198 dist[2.15]
Adding bndlst edge: (A_I196_MC -> A_E197_MC) type[cov], weight[1.00] from 195 to 196 dist[1.33]
Adding bndlst edge: (A_I196_MC -> A_M200_MC) type[hb], weight[0.88] from 195 to 199 dist[2.14]
Adding bndlst edge: (A_I196_MC -> A_K199_MC) type[hb], weight[0.56] from 195 to 198 dist[2.66]
Adding bndlst edge: (A_E197_MC -> A_A198_MC) type[cov], weight[1.00] from 196 to 197 dist[1.33]
Adding bndlst edge: (A_E197_MC -> A_Q201_MC) type[hb], weight[0.88] from 196 to 200 dist[2.14]
Adding bndlst edge: (A_E197_MC -> A_M200_MC) type[hb], weight[0.48] from 196 to 199 dist[2.88]
Adding bndlst edge: (A_A198_MC -> A_K199_MC) type[cov], weight[1.00] from 197 to 198 dist[1.33]
Adding bndlst edge: (A_A198_MC -> A_Q201_MC) type[hb], weight[0.52] from 197 to 200 dist[2.77]
Adding bndlst edge: (A_A198_MC -> A_E202_MC) type[hb], weight[0.93] from 197 to 201 dist[2.08]
Adding bndlst edge: (A_K199_MC -> A_M200_MC) type[cov], weight[1.00] from 198 to 199 dist[1.33]
Adding bndlst edge: (A_K199_MC -> A_L203_MC) type[hb], weight[0.93] from 198 to 202 dist[2.08]
Adding bndlst edge: (A_K199_MC -> A_E202_MC) type[hb], weight[0.47] from 198 to 201 dist[2.92]
Adding bndlst edge: (A_M200_MC -> A_Q201_MC) type[cov], weight[1.00] from 199 to 200 dist[1.33]
Adding bndlst edge: (A_M200_MC -> A_A204_MC) type[hb], weight[1.09] from 199 to 203 dist[1.92]
Adding bndlst edge: (A_Q201_MC -> A_E202_MC) type[cov], weight[1.00] from 200 to 201 dist[1.33]
Adding bndlst edge: (A_Q201_MC -> A_A204_MC) type[hb], weight[0.51] from 200 to 203 dist[2.81]
Adding bndlst edge: (A_Q201_MC -> A_Q205_MC) type[hb], weight[1.01] from 200 to 204 dist[1.99]
Adding bndlst edge: (A_E202_MC -> A_L203_MC) type[cov], weight[1.00] from 201 to 202 dist[1.33]
Adding bndlst edge: (A_E202_MC -> A_V206_MC) type[hb], weight[0.76] from 201 to 205 dist[2.29]
Adding bndlst edge: (A_E202_MC -> A_Q205_MC) type[hb], weight[0.67] from 201 to 204 dist[2.45]
Adding bndlst edge: (A_L203_MC -> A_A204_MC) type[cov], weight[1.00] from 202 to 203 dist[1.33]
Adding bndlst edge: (A_L203_MC -> A_S207_SC) type[hb], weight[1.04] from 202 to 206 dist[1.96]
Adding bndlst edge: (A_L203_MC -> A_S207_MC) type[hb], weight[0.84] from 202 to 206 dist[2.18]
Adding bndlst edge: (A_L203_MC -> A_V206_MC) type[hb], weight[0.72] from 202 to 205 dist[2.35]
Adding bndlst edge: (A_A204_MC -> A_Q205_MC) type[cov], weight[1.00] from 203 to 204 dist[1.33]
Adding bndlst edge: (A_A204_MC -> A_S207_MC) type[hb], weight[0.47] from 203 to 206 dist[2.91]
Adding bndlst edge: (A_Q205_MC -> A_V206_MC) type[cov], weight[1.00] from 204 to 205 dist[1.33]
Adding bndlst edge: (A_V206_MC -> A_S207_MC) type[cov], weight[1.00] from 205 to 206 dist[1.33]
Adding bndlst edge: (A_S207_MC -> A_Q208_MC) type[cov], weight[1.00] from 206 to 207 dist[1.33]
Adding bndlst edge: (A_S207_MC -> A_M211_MC) type[hb], weight[1.08] from 206 to 210 dist[1.93]
Adding bndlst edge: (A_S207_MC -> A_L210_MC) type[hb], weight[0.53] from 206 to 209 dist[2.74]
Adding bndlst edge: (A_Q208_MC -> A_K209_MC) type[cov], weight[1.00] from 207 to 208 dist[1.33]
Adding bndlst edge: (A_Q208_MC -> A_E212_MC) type[hb], weight[0.69] from 207 to 211 dist[2.42]
Adding bndlst edge: (A_K209_MC -> A_L210_MC) type[cov], weight[1.00] from 208 to 209 dist[1.33]
Adding bndlst edge: (A_K209_MC -> A_I213_MC) type[hb], weight[0.91] from 208 to 212 dist[2.09]
Adding bndlst edge: (A_K209_MC -> A_E212_MC) type[hb], weight[0.66] from 208 to 211 dist[2.47]
Adding bndlst edge: (A_K209_SC -> A_E212_SC) type[salt], weight[0.46] from 208 to 211 dist[2.81]
Adding bndlst edge: (A_K209_SC -> A_E212_SC) type[salt], weight[1.07] from 208 to 211 dist[1.84]
Adding bndlst edge: (A_K209_SC -> A_E212_SC) type[salt], weight[0.46] from 208 to 211 dist[2.79]
Adding bndlst edge: (A_L210_MC -> A_M211_MC) type[cov], weight[1.00] from 209 to 210 dist[1.33]
Adding bndlst edge: (A_L210_MC -> A_A214_MC) type[hb], weight[1.17] from 209 to 213 dist[1.85]
Adding bndlst edge: (A_L210_MC -> A_I213_MC) type[hb], weight[0.50] from 209 to 212 dist[2.84]
Adding bndlst edge: (A_M211_MC -> A_E212_MC) type[cov], weight[1.00] from 210 to 211 dist[1.33]
Adding bndlst edge: (A_M211_MC -> A_Q215_MC) type[hb], weight[0.96] from 210 to 214 dist[2.04]
Adding bndlst edge: (A_E212_MC -> A_I213_MC) type[cov], weight[1.00] from 211 to 212 dist[1.33]
Adding bndlst edge: (A_E212_MC -> A_Q216_MC) type[hb], weight[1.20] from 211 to 215 dist[1.82]
Adding bndlst edge: (A_E212_MC -> A_Q215_MC) type[hb], weight[0.54] from 211 to 214 dist[2.73]
Adding bndlst edge: (A_I213_MC -> A_A214_MC) type[cov], weight[1.00] from 212 to 213 dist[1.33]
Adding bndlst edge: (A_I213_MC -> A_Q216_MC) type[hb], weight[0.68] from 212 to 215 dist[2.43]
Adding bndlst edge: (A_I213_MC -> A_Q217_MC) type[hb], weight[1.30] from 212 to 216 dist[1.76]
Adding bndlst edge: (A_A214_MC -> A_Q215_MC) type[cov], weight[1.00] from 213 to 214 dist[1.33]
Adding bndlst edge: (A_A214_MC -> A_H218_MC) type[hb], weight[0.53] from 213 to 217 dist[2.74]
Adding bndlst edge: (A_A214_MC -> A_Q217_MC) type[hb], weight[0.47] from 213 to 216 dist[2.91]
Adding bndlst edge: (A_Q215_MC -> A_Q216_MC) type[cov], weight[1.00] from 214 to 215 dist[1.33]
Adding bndlst edge: (A_Q215_MC -> A_H218_MC) type[hb], weight[0.66] from 214 to 217 dist[2.46]
Adding bndlst edge: (A_Q216_MC -> A_Q217_MC) type[cov], weight[1.00] from 215 to 216 dist[1.33]
Adding bndlst edge: (A_Q216_MC -> A_A219_MC) type[hb], weight[1.09] from 215 to 218 dist[1.92]
Adding bndlst edge: (A_Q217_MC -> A_H218_MC) type[cov], weight[1.00] from 216 to 217 dist[1.33]
Adding bndlst edge: (A_H218_MC -> A_A219_MC) type[cov], weight[1.00] from 217 to 218 dist[1.33]

bndlst DONE

Producing PAJEK network
printing pajek edge (A_128_VAL,A_129_ARG)
printing pajek edge (A_128_VAL,A_132_GLU)
printing pajek edge (A_33_LYS,A_34_HIS)
printing pajek edge (A_33_LYS,A_34_HIS)
printing pajek edge (A_91_ASP,A_93_ASP)
printing pajek edge (A_91_ASP,A_94_GLY)
printing pajek edge (A_91_ASP,A_95_ILE)
printing pajek edge (A_91_ASP,A_92_ALA)
printing pajek edge (A_207_SER,A_210_LEU)
printing pajek edge (A_207_SER,A_211_MET)
printing pajek edge (A_207_SER,A_208_GLN)
printing pajek edge (A_119_LEU,A_120_ASN)
printing pajek edge (A_72_ASP,A_107_LYS)
printing pajek edge (A_72_ASP,A_107_LYS)
printing pajek edge (A_72_ASP,A_73_GLY)
printing pajek edge (A_103_LYS,A_104_ASN)
printing pajek edge (A_201_GLN,A_204_ALA)
printing pajek edge (A_201_GLN,A_205_GLN)
printing pajek edge (A_201_GLN,A_202_GLU)
printing pajek edge (A_19_VAL,A_20_MET)
printing pajek edge (A_126_LYS,A_129_ARG)
printing pajek edge (A_126_LYS,A_130_ASP)
printing pajek edge (A_126_LYS,A_130_ASP)
printing pajek edge (A_126_LYS,A_127_MET)
printing pajek edge (A_17_GLY,A_18_GLY)
printing pajek edge (A_45_GLN,A_47_ALA)
printing pajek edge (A_45_GLN,A_46_SER)
printing pajek edge (A_56_GLU,A_57_ARG)
printing pajek edge (A_56_GLU,A_127_MET)
printing pajek edge (A_85_GLU,A_86_VAL)
printing pajek edge (A_85_GLU,A_103_LYS)
printing pajek edge (A_85_GLU,A_101_LYS)
printing pajek edge (A_28_THR,A_29_THR)
printing pajek edge (A_191_GLU,A_192_ASP)
printing pajek edge (A_162_VAL,A_166_GLY)
printing pajek edge (A_162_VAL,A_163_GLU)
printing pajek edge (A_162_VAL,A_165_ALA)
printing pajek edge (A_195_ALA,A_198_ALA)
printing pajek edge (A_195_ALA,A_199_LYS)
printing pajek edge (A_195_ALA,A_196_ILE)
printing pajek edge (A_96_LEU,A_113_ILE)
printing pajek edge (A_96_LEU,A_97_HIS)
printing pajek edge (A_58_LYS,A_138_ASP)
printing pajek edge (A_58_LYS,A_59_ARG)
printing pajek edge (A_21_THR,A_22_THR)
printing pajek edge (A_164_GLU,A_165_ALA)
printing pajek edge (A_110_LYS,A_111_ILE)
printing pajek edge (A_152_ASP,A_153_HIS)
printing pajek edge (A_152_ASP,A_156_HIS)
printing pajek edge (A_152_ASP,A_155_LEU)
printing pajek edge (A_90_ILE,A_91_ASP)
printing pajek edge (A_176_ALA,A_180_ALA)
printing pajek edge (A_176_ALA,A_179_SER)
printing pajek edge (A_176_ALA,A_177_ILE)
printing pajek edge (A_149_ASN,A_153_HIS)
printing pajek edge (A_149_ASN,A_150_GLN)
printing pajek edge (A_149_ASN,A_152_ASP)
printing pajek edge (A_32_THR,A_34_HIS)
printing pajek edge (A_32_THR,A_33_LYS)
printing pajek edge (A_32_THR,A_90_ILE)
printing pajek edge (A_36_GLN,A_86_VAL)
printing pajek edge (A_36_GLN,A_37_VAL)
printing pajek edge (A_12_GLY,A_53_LEU)
printing pajek edge (A_12_GLY,A_13_ILE)
printing pajek edge (A_209_LYS,A_213_ILE)
printing pajek edge (A_209_LYS,A_210_LEU)
printing pajek edge (A_209_LYS,A_212_GLU)
printing pajek edge (A_209_LYS,A_212_GLU)
printing pajek edge (A_79_ARG,A_156_HIS)
printing pajek edge (A_79_ARG,A_152_ASP)
printing pajek edge (A_79_ARG,A_80_GLY)
printing pajek edge (A_94_GLY,A_95_ILE)
printing pajek edge (A_107_LYS,A_108_GLU)
printing pajek edge (A_158_THR,A_159_ARG)
printing pajek edge (A_158_THR,A_162_VAL)
printing pajek edge (A_158_THR,A_161_GLN)
printing pajek edge (A_66_LEU,A_67_GLY)
printing pajek edge (A_30_ILE,A_31_PRO)
printing pajek edge (A_198_ALA,A_201_GLN)
printing pajek edge (A_198_ALA,A_202_GLU)
printing pajek edge (A_198_ALA,A_199_LYS)
printing pajek edge (A_204_ALA,A_205_GLN)
printing pajek edge (A_204_ALA,A_207_SER)
printing pajek edge (A_139_ARG,A_143_GLU)
printing pajek edge (A_139_ARG,A_143_GLU)
printing pajek edge (A_139_ARG,A_142_ASP)
printing pajek edge (A_139_ARG,A_140_LYS)
printing pajek edge (A_200_MET,A_204_ALA)
printing pajek edge (A_200_MET,A_201_GLN)
printing pajek edge (A_115_ALA,A_116_SER)
printing pajek edge (A_59_ARG,A_60_ALA)
printing pajek edge (A_59_ARG,A_62_ASP)
printing pajek edge (A_59_ARG,A_63_ASN)
printing pajek edge (A_212_GLU,A_216_GLN)
printing pajek edge (A_212_GLU,A_213_ILE)
printing pajek edge (A_212_GLU,A_215_GLN)
printing pajek edge (A_154_LEU,A_155_LEU)
printing pajek edge (A_154_LEU,A_158_THR)
printing pajek edge (A_16_MET,A_149_ASN)
printing pajek edge (A_16_MET,A_17_GLY)
printing pajek edge (A_138_ASP,A_142_ASP)
printing pajek edge (A_138_ASP,A_139_ARG)
printing pajek edge (A_82_PRO,A_83_GLN)
printing pajek edge (A_61_ALA,A_62_ASP)
printing pajek edge (A_102_ASP,A_105_SER)
printing pajek edge (A_102_ASP,A_104_ASN)
printing pajek edge (A_102_ASP,A_107_LYS)
printing pajek edge (A_102_ASP,A_103_LYS)
printing pajek edge (A_102_ASP,A_106_GLY)
printing pajek edge (A_74_ILE,A_75_ASN)
printing pajek edge (A_87_THR,A_99_SER)
printing pajek edge (A_87_THR,A_88_PHE)
printing pajek edge (A_77_ALA,A_78_PRO)
printing pajek edge (A_63_ASN,A_64_LYS)
printing pajek edge (A_68_GLN,A_69_PHE)
printing pajek edge (A_205_GLN,A_206_VAL)
printing pajek edge (A_166_GLY,A_167_ASP)
printing pajek edge (A_166_GLY,A_168_LYS)
printing pajek edge (A_166_GLY,A_169_LEU)
printing pajek edge (A_199_LYS,A_202_GLU)
printing pajek edge (A_199_LYS,A_200_MET)
printing pajek edge (A_199_LYS,A_203_LEU)
printing pajek edge (A_140_LYS,A_143_GLU)
printing pajek edge (A_140_LYS,A_141_PHE)
printing pajek edge (A_140_LYS,A_144_LEU)
printing pajek edge (A_130_ASP,A_131_ALA)
printing pajek edge (A_130_ASP,A_133_ALA)
printing pajek edge (A_130_ASP,A_134_ASN)
printing pajek edge (A_3_LEU,A_4_LEU)
printing pajek edge (A_18_GLY,A_60_ALA)
printing pajek edge (A_18_GLY,A_19_VAL)
printing pajek edge (A_187_ALA,A_190_GLY)
printing pajek edge (A_187_ALA,A_189_LYS)
printing pajek edge (A_187_ALA,A_188_LEU)
printing pajek edge (A_111_ILE,A_112_THR)
printing pajek edge (A_83_GLN,A_84_ILE)
printing pajek edge (A_83_GLN,A_103_LYS)
printing pajek edge (A_148_ARG,A_191_GLU)
printing pajek edge (A_148_ARG,A_190_GLY)
printing pajek edge (A_148_ARG,A_190_GLY)
printing pajek edge (A_148_ARG,A_152_ASP)
printing pajek edge (A_148_ARG,A_149_ASN)
printing pajek edge (A_148_ARG,A_151_GLY)
printing pajek edge (A_203_LEU,A_206_VAL)
printing pajek edge (A_203_LEU,A_204_ALA)
printing pajek edge (A_203_LEU,A_207_SER)
printing pajek edge (A_169_LEU,A_170_PRO)
printing pajek edge (A_185_GLU,A_186_THR)
printing pajek edge (A_185_GLU,A_189_LYS)
printing pajek edge (A_185_GLU,A_188_LEU)
printing pajek edge (A_136_GLU,A_137_ALA)
printing pajek edge (A_136_GLU,A_140_LYS)
printing pajek edge (A_136_GLU,A_139_ARG)
printing pajek edge (A_15_THR,A_19_VAL)
printing pajek edge (A_15_THR,A_18_GLY)
printing pajek edge (A_15_THR,A_21_THR)
printing pajek edge (A_15_THR,A_16_MET)
printing pajek edge (A_113_ILE,A_114_LYS)
printing pajek edge (A_70_ASN,A_71_LEU)
printing pajek edge (A_192_ASP,A_195_ALA)
printing pajek edge (A_192_ASP,A_193_LYS)
printing pajek edge (A_192_ASP,A_194_ALA)
printing pajek edge (A_192_ASP,A_196_ILE)
printing pajek edge (A_173_ASP,A_174_LYS)
printing pajek edge (A_173_ASP,A_176_ALA)
printing pajek edge (A_173_ASP,A_177_ILE)
printing pajek edge (A_146_GLN,A_150_GLN)
printing pajek edge (A_146_GLN,A_147_THR)
printing pajek edge (A_50_ILE,A_51_HIS)
printing pajek edge (A_50_ILE,A_69_PHE)
printing pajek edge (A_179_SER,A_183_ALA)
printing pajek edge (A_179_SER,A_182_THR)
printing pajek edge (A_179_SER,A_180_ALA)
printing pajek edge (A_25_ALA,A_28_THR)
printing pajek edge (A_25_ALA,A_26_LYS)
printing pajek edge (A_188_LEU,A_190_GLY)
printing pajek edge (A_188_LEU,A_189_LYS)
printing pajek edge (A_141_PHE,A_145_VAL)
printing pajek edge (A_141_PHE,A_142_ASP)
printing pajek edge (A_141_PHE,A_144_LEU)
printing pajek edge (A_125_GLN,A_129_ARG)
printing pajek edge (A_125_GLN,A_128_VAL)
printing pajek edge (A_125_GLN,A_126_LYS)
printing pajek edge (A_105_SER,A_107_LYS)
printing pajek edge (A_105_SER,A_106_GLY)
printing pajek edge (A_132_GLU,A_135_ALA)
printing pajek edge (A_132_GLU,A_133_ALA)
printing pajek edge (A_182_THR,A_183_ALA)
printing pajek edge (A_182_THR,A_186_THR)
printing pajek edge (A_182_THR,A_185_GLU)
printing pajek edge (A_122_ASP,A_125_GLN)
printing pajek edge (A_122_ASP,A_126_LYS)
printing pajek edge (A_122_ASP,A_123_GLU)
printing pajek edge (A_80_GLY,A_81_MET)
printing pajek edge (A_213_ILE,A_216_GLN)
printing pajek edge (A_213_ILE,A_217_GLN)
printing pajek edge (A_213_ILE,A_214_ALA)
printing pajek edge (A_155_LEU,A_159_ARG)
printing pajek edge (A_155_LEU,A_156_HIS)
printing pajek edge (A_1_VAL,A_2_LEU)
printing pajek edge (A_1_VAL,A_3_LEU)
printing pajek edge (A_24_ILE,A_25_ALA)
printing pajek edge (A_97_HIS,A_98_VAL)
printing pajek edge (A_127_MET,A_131_ALA)
printing pajek edge (A_127_MET,A_128_VAL)
printing pajek edge (A_127_MET,A_130_ASP)
printing pajek edge (A_160_LYS,A_164_GLU)
printing pajek edge (A_160_LYS,A_163_GLU)
printing pajek edge (A_160_LYS,A_161_GLN)
printing pajek edge (A_161_GLN,A_162_VAL)
printing pajek edge (A_161_GLN,A_165_ALA)
printing pajek edge (A_177_ILE,A_181_LEU)
printing pajek edge (A_177_ILE,A_180_ALA)
printing pajek edge (A_177_ILE,A_178_GLU)
printing pajek edge (A_48_VAL,A_71_LEU)
printing pajek edge (A_48_VAL,A_49_THR)
printing pajek edge (A_9_LEU,A_10_SER)
printing pajek edge (A_210_LEU,A_213_ILE)
printing pajek edge (A_210_LEU,A_211_MET)
printing pajek edge (A_210_LEU,A_214_ALA)
printing pajek edge (A_99_SER,A_100_ALA)
printing pajek edge (A_217_GLN,A_218_HIS)
printing pajek edge (A_38_PHE,A_39_SER)
printing pajek edge (A_38_PHE,A_84_ILE)
printing pajek edge (A_118_GLY,A_119_LEU)
printing pajek edge (A_44_ASN,A_77_ALA)
printing pajek edge (A_44_ASN,A_45_GLN)
printing pajek edge (A_196_ILE,A_199_LYS)
printing pajek edge (A_196_ILE,A_200_MET)
printing pajek edge (A_196_ILE,A_197_GLU)
printing pajek edge (A_6_VAL,A_7_THR)
printing pajek edge (A_171_ALA,A_175_THR)
printing pajek edge (A_171_ALA,A_172_ASP)
printing pajek edge (A_34_HIS,A_88_PHE)
printing pajek edge (A_34_HIS,A_35_SER)
printing pajek edge (A_22_THR,A_23_LEU)
printing pajek edge (A_64_LYS,A_65_SER)
printing pajek edge (A_8_PRO,A_9_LEU)
printing pajek edge (A_27_ASN,A_28_THR)
printing pajek edge (A_81_MET,A_82_PRO)
printing pajek edge (A_194_ALA,A_198_ALA)
printing pajek edge (A_194_ALA,A_195_ALA)
printing pajek edge (A_194_ALA,A_197_GLU)
printing pajek edge (A_120_ASN,A_124_ILE)
printing pajek edge (A_120_ASN,A_121_GLU)
printing pajek edge (A_120_ASN,A_123_GLU)
printing pajek edge (A_120_ASN,A_122_ASP)
printing pajek edge (A_181_LEU,A_182_THR)
printing pajek edge (A_181_LEU,A_185_GLU)
printing pajek edge (A_100_ALA,A_109_GLN)
printing pajek edge (A_100_ALA,A_101_LYS)
printing pajek edge (A_180_ALA,A_181_LEU)
printing pajek edge (A_180_ALA,A_184_LEU)
printing pajek edge (A_163_GLU,A_164_GLU)
printing pajek edge (A_163_GLU,A_166_GLY)
printing pajek edge (A_73_GLY,A_74_ILE)
printing pajek edge (A_75_ASN,A_104_ASN)
printing pajek edge (A_75_ASN,A_76_PRO)
printing pajek edge (A_183_ALA,A_186_THR)
printing pajek edge (A_183_ALA,A_187_ALA)
printing pajek edge (A_183_ALA,A_184_LEU)
printing pajek edge (A_62_ASP,A_63_ASN)
printing pajek edge (A_109_GLN,A_110_LYS)
printing pajek edge (A_116_SER,A_117_SER)
printing pajek edge (A_93_ASP,A_94_GLY)
printing pajek edge (A_104_ASN,A_105_SER)
printing pajek edge (A_202_GLU,A_206_VAL)
printing pajek edge (A_202_GLU,A_205_GLN)
printing pajek edge (A_202_GLU,A_203_LEU)
printing pajek edge (A_11_LEU,A_23_LEU)
printing pajek edge (A_11_LEU,A_12_GLY)
printing pajek edge (A_11_LEU,A_24_ILE)
printing pajek edge (A_114_LYS,A_117_SER)
printing pajek edge (A_114_LYS,A_115_ALA)
printing pajek edge (A_114_LYS,A_116_SER)
printing pajek edge (A_153_HIS,A_157_SER)
printing pajek edge (A_153_HIS,A_154_LEU)
printing pajek edge (A_190_GLY,A_191_GLU)
printing pajek edge (A_208_GLN,A_209_LYS)
printing pajek edge (A_208_GLN,A_212_GLU)
printing pajek edge (A_143_GLU,A_146_GLN)
printing pajek edge (A_143_GLU,A_193_LYS)
printing pajek edge (A_143_GLU,A_147_THR)
printing pajek edge (A_143_GLU,A_144_LEU)
printing pajek edge (A_92_ALA,A_93_ASP)
printing pajek edge (A_168_LYS,A_169_LEU)
printing pajek edge (A_49_THR,A_70_ASN)
printing pajek edge (A_49_THR,A_50_ILE)
printing pajek edge (A_108_GLU,A_109_GLN)
printing pajek edge (A_108_GLU,A_109_GLN)
printing pajek edge (A_88_PHE,A_89_ASP)
printing pajek edge (A_175_THR,A_179_SER)
printing pajek edge (A_175_THR,A_176_ALA)
printing pajek edge (A_78_PRO,A_81_MET)
printing pajek edge (A_78_PRO,A_79_ARG)
printing pajek edge (A_215_GLN,A_216_GLN)
printing pajek edge (A_215_GLN,A_218_HIS)
printing pajek edge (A_134_ASN,A_138_ASP)
printing pajek edge (A_134_ASN,A_137_ALA)
printing pajek edge (A_134_ASN,A_135_ALA)
printing pajek edge (A_150_GLN,A_153_HIS)
printing pajek edge (A_150_GLN,A_154_LEU)
printing pajek edge (A_150_GLN,A_151_GLY)
printing pajek edge (A_124_ILE,A_125_GLN)
printing pajek edge (A_124_ILE,A_128_VAL)
printing pajek edge (A_124_ILE,A_127_MET)
printing pajek edge (A_51_HIS,A_65_SER)
printing pajek edge (A_51_HIS,A_67_GLY)
printing pajek edge (A_51_HIS,A_52_VAL)
printing pajek edge (A_40_THR,A_41_ALA)
printing pajek edge (A_40_THR,A_80_GLY)
printing pajek edge (A_211_MET,A_215_GLN)
printing pajek edge (A_211_MET,A_212_GLU)
printing pajek edge (A_65_SER,A_67_GLY)
printing pajek edge (A_65_SER,A_66_LEU)
printing pajek edge (A_98_VAL,A_99_SER)
printing pajek edge (A_98_VAL,A_111_ILE)
printing pajek edge (A_13_ILE,A_14_GLU)
printing pajek edge (A_13_ILE,A_21_THR)
printing pajek edge (A_42_GLU,A_43_ASP)
printing pajek edge (A_42_GLU,A_45_GLN)
printing pajek edge (A_53_LEU,A_54_GLN)
printing pajek edge (A_174_LYS,A_175_THR)
printing pajek edge (A_174_LYS,A_178_GLU)
printing pajek edge (A_174_LYS,A_178_GLU)
printing pajek edge (A_57_ARG,A_138_ASP)
printing pajek edge (A_57_ARG,A_58_LYS)
printing pajek edge (A_57_ARG,A_63_ASN)
printing pajek edge (A_46_SER,A_73_GLY)
printing pajek edge (A_46_SER,A_47_ALA)
printing pajek edge (A_46_SER,A_74_ILE)
printing pajek edge (A_67_GLY,A_68_GLN)
printing pajek edge (A_20_MET,A_58_LYS)
printing pajek edge (A_20_MET,A_21_THR)
printing pajek edge (A_55_GLY,A_56_GLU)
printing pajek edge (A_71_LEU,A_72_ASP)
printing pajek edge (A_189_LYS,A_190_GLY)
printing pajek edge (A_69_PHE,A_70_ASN)
printing pajek edge (A_167_ASP,A_168_LYS)
printing pajek edge (A_2_LEU,A_3_LEU)
printing pajek edge (A_137_ALA,A_138_ASP)
printing pajek edge (A_137_ALA,A_140_LYS)
printing pajek edge (A_137_ALA,A_141_PHE)
printing pajek edge (A_89_ASP,A_90_ILE)
printing pajek edge (A_89_ASP,A_97_HIS)
printing pajek edge (A_117_SER,A_118_GLY)
printing pajek edge (A_145_VAL,A_148_ARG)
printing pajek edge (A_145_VAL,A_146_GLN)
printing pajek edge (A_145_VAL,A_149_ASN)
printing pajek edge (A_142_ASP,A_146_GLN)
printing pajek edge (A_142_ASP,A_143_GLU)
printing pajek edge (A_31_PRO,A_32_THR)
printing pajek edge (A_101_LYS,A_102_ASP)
printing pajek edge (A_129_ARG,A_132_GLU)
printing pajek edge (A_129_ARG,A_133_ALA)
printing pajek edge (A_129_ARG,A_130_ASP)
printing pajek edge (A_26_LYS,A_27_ASN)
printing pajek edge (A_26_LYS,A_56_GLU)
printing pajek edge (A_29_THR,A_30_ILE)
printing pajek edge (A_121_GLU,A_125_GLN)
printing pajek edge (A_121_GLU,A_122_ASP)
printing pajek edge (A_157_SER,A_160_LYS)
printing pajek edge (A_157_SER,A_161_GLN)
printing pajek edge (A_157_SER,A_158_THR)
printing pajek edge (A_135_ALA,A_138_ASP)
printing pajek edge (A_135_ALA,A_139_ARG)
printing pajek edge (A_135_ALA,A_136_GLU)
printing pajek edge (A_41_ALA,A_45_GLN)
printing pajek edge (A_41_ALA,A_79_ARG)
printing pajek edge (A_41_ALA,A_42_GLU)
printing pajek edge (A_76_PRO,A_77_ALA)
printing pajek edge (A_84_ILE,A_85_GLU)
printing pajek edge (A_193_LYS,A_197_GLU)
printing pajek edge (A_193_LYS,A_194_ALA)
printing pajek edge (A_193_LYS,A_196_ILE)
printing pajek edge (A_60_ALA,A_61_ALA)
printing pajek edge (A_60_ALA,A_62_ASP)
printing pajek edge (A_60_ALA,A_63_ASN)
printing pajek edge (A_216_GLN,A_217_GLN)
printing pajek edge (A_216_GLN,A_219_ALA)
printing pajek edge (A_178_GLU,A_182_THR)
printing pajek edge (A_178_GLU,A_179_SER)
printing pajek edge (A_151_GLY,A_155_LEU)
printing pajek edge (A_151_GLY,A_152_ASP)
printing pajek edge (A_151_GLY,A_154_LEU)
printing pajek edge (A_156_HIS,A_160_LYS)
printing pajek edge (A_156_HIS,A_159_ARG)
printing pajek edge (A_156_HIS,A_157_SER)
printing pajek edge (A_131_ALA,A_132_GLU)
printing pajek edge (A_131_ALA,A_135_ALA)
printing pajek edge (A_131_ALA,A_134_ASN)
printing pajek edge (A_218_HIS,A_219_ALA)
printing pajek edge (A_54_GLN,A_64_LYS)
printing pajek edge (A_54_GLN,A_119_LEU)
printing pajek edge (A_54_GLN,A_55_GLY)
printing pajek edge (A_123_GLU,A_124_ILE)
printing pajek edge (A_123_GLU,A_126_LYS)
printing pajek edge (A_123_GLU,A_127_MET)
printing pajek edge (A_144_LEU,A_148_ARG)
printing pajek edge (A_144_LEU,A_145_VAL)
printing pajek edge (A_144_LEU,A_147_THR)
printing pajek edge (A_206_VAL,A_207_SER)
printing pajek edge (A_159_ARG,A_160_LYS)
printing pajek edge (A_159_ARG,A_162_VAL)
printing pajek edge (A_159_ARG,A_163_GLU)
printing pajek edge (A_159_ARG,A_185_GLU)
printing pajek edge (A_43_ASP,A_156_HIS)
printing pajek edge (A_43_ASP,A_44_ASN)
printing pajek edge (A_43_ASP,A_79_ARG)
printing pajek edge (A_23_LEU,A_24_ILE)
printing pajek edge (A_47_ALA,A_48_VAL)
printing pajek edge (A_14_GLU,A_51_HIS)
printing pajek edge (A_14_GLU,A_15_THR)
printing pajek edge (A_106_GLY,A_107_LYS)
printing pajek edge (A_7_THR,A_28_THR)
printing pajek edge (A_7_THR,A_25_ALA)
printing pajek edge (A_7_THR,A_8_PRO)
printing pajek edge (A_7_THR,A_27_ASN)
printing pajek edge (A_86_VAL,A_87_THR)
printing pajek edge (A_186_THR,A_187_ALA)
printing pajek edge (A_186_THR,A_189_LYS)
printing pajek edge (A_37_VAL,A_38_PHE)
printing pajek edge (A_4_LEU,A_5_ASP)
printing pajek edge (A_214_ALA,A_218_HIS)
printing pajek edge (A_214_ALA,A_217_GLN)
printing pajek edge (A_214_ALA,A_215_GLN)
printing pajek edge (A_184_LEU,A_187_ALA)
printing pajek edge (A_184_LEU,A_188_LEU)
printing pajek edge (A_184_LEU,A_185_GLU)
printing pajek edge (A_95_ILE,A_96_LEU)
printing pajek edge (A_147_THR,A_150_GLN)
printing pajek edge (A_147_THR,A_148_ARG)
printing pajek edge (A_147_THR,A_151_GLY)
printing pajek edge (A_52_VAL,A_53_LEU)
printing pajek edge (A_52_VAL,A_67_GLY)
printing pajek edge (A_52_VAL,A_66_LEU)
printing pajek edge (A_10_SER,A_26_LYS)
printing pajek edge (A_10_SER,A_11_LEU)
printing pajek edge (A_10_SER,A_56_GLU)
printing pajek edge (A_10_SER,A_55_GLY)
printing pajek edge (A_112_THR,A_113_ILE)
printing pajek edge (A_39_SER,A_82_PRO)
printing pajek edge (A_39_SER,A_40_THR)
printing pajek edge (A_39_SER,A_40_THR)
printing pajek edge (A_39_SER,A_80_GLY)
printing pajek edge (A_5_ASP,A_30_ILE)
printing pajek edge (A_5_ASP,A_6_VAL)
printing pajek edge (A_5_ASP,A_6_VAL)
printing pajek edge (A_35_SER,A_36_GLN)
printing pajek edge (A_35_SER,A_87_THR)
printing pajek edge (A_170_PRO,A_171_ALA)
printing pajek edge (A_170_PRO,A_173_ASP)
printing pajek edge (A_170_PRO,A_174_LYS)
printing pajek edge (A_165_ALA,A_166_GLY)
printing pajek edge (A_165_ALA,A_168_LYS)
printing pajek edge (A_133_ALA,A_134_ASN)
printing pajek edge (A_197_GLU,A_198_ALA)
printing pajek edge (A_197_GLU,A_201_GLN)
printing pajek edge (A_197_GLU,A_200_MET)
printing pajek edge (A_172_ASP,A_173_ASP)
printing pajek edge (A_172_ASP,A_175_THR)
printing pajek edge (A_172_ASP,A_176_ALA)
