Graph START

Adding vertex (chain-C, position-315, res-GLU)
New vertex id: 0
2816 2817 2818 2819 2820 
Adding vertex (chain-C, position-316, res-ALA)
New vertex id: 1
2821 2822 2823 2824 2825 
Adding vertex (chain-C, position-317, res-LEU)
New vertex id: 2
2826 2827 2828 2829 2830 
Adding vertex (chain-C, position-318, res-SER)
New vertex id: 3
2831 2832 2833 2834 2835 
Adding vertex (chain-C, position-319, res-SER)
New vertex id: 4
2836 2837 2838 2839 2840 
Adding vertex (chain-C, position-320, res-LYS)
New vertex id: 5
2841 2842 2843 2844 2845 
Adding vertex (chain-C, position-321, res-VAL)
New vertex id: 6
2846 2847 2848 2849 2850 
Adding vertex (chain-C, position-322, res-GLN)
New vertex id: 7
2851 2852 2853 2854 2855 
Adding vertex (chain-C, position-323, res-GLN)
New vertex id: 8
2856 2857 2858 2859 2860 
Adding vertex (chain-C, position-324, res-LEU)
New vertex id: 9
2861 2862 2863 2864 2865 
Adding vertex (chain-C, position-325, res-GLU)
New vertex id: 10
2866 2867 2868 2869 2870 
Adding vertex (chain-C, position-326, res-ARG)
New vertex id: 11
2871 2872 2873 2874 2875 
Adding vertex (chain-C, position-327, res-SER)
New vertex id: 12
2876 2877 2878 2879 2880 2881 
Adding vertex (chain-C, position-328, res-ILE)
New vertex id: 13
2882 2883 2884 2885 2886 2887 2888 2889 
Adding vertex (chain-C, position-329, res-GLY)
New vertex id: 14
2890 2891 2892 2893 
Adding vertex (chain-C, position-330, res-LEU)
New vertex id: 15
2894 2895 2896 2897 2898 2899 2900 2901 
Adding vertex (chain-C, position-331, res-LYS)
New vertex id: 16
2902 2903 2904 2905 2906 
Adding vertex (chain-C, position-332, res-ASP)
New vertex id: 17
2907 2908 2909 2910 2911 2912 2913 2914 
Adding vertex (chain-C, position-333, res-LEU)
New vertex id: 18
2915 2916 2917 2918 2919 
Adding vertex (chain-C, position-334, res-ALA)
New vertex id: 19
2920 2921 2922 2923 2924 
Adding vertex (chain-C, position-335, res-MET)
New vertex id: 20
2925 2926 2927 2928 2929 2930 2931 2932 
Adding vertex (chain-C, position-336, res-ALA)
New vertex id: 21
2933 2934 2935 2936 2937 
Adding vertex (chain-C, position-337, res-ASP)
New vertex id: 22
2938 2939 2940 2941 2942 
Adding vertex (chain-C, position-338, res-LEU)
New vertex id: 23
2943 2944 2945 2946 2947 2948 2949 2950 
Adding vertex (chain-C, position-339, res-GLU)
New vertex id: 24
2951 2952 2953 2954 2955 2956 2957 2958 2959 
Adding vertex (chain-C, position-340, res-GLN)
New vertex id: 25
2960 2961 2962 2963 2964 2965 2966 2967 2968 
Adding vertex (chain-C, position-341, res-LYS)
New vertex id: 26
2969 2970 2971 2972 2973 
Adding vertex (chain-C, position-342, res-VAL)
New vertex id: 27
2974 2975 2976 2977 2978 2979 2980 
Adding vertex (chain-C, position-343, res-LEU)
New vertex id: 28
2981 2982 2983 2984 2985 2986 2987 2988 
Adding vertex (chain-C, position-344, res-GLU)
New vertex id: 29
2989 2990 2991 2992 2993 
Adding vertex (chain-C, position-345, res-MET)
New vertex id: 30
2994 2995 2996 2997 2998 2999 3000 3001 
Adding vertex (chain-C, position-346, res-GLU)
New vertex id: 31
3002 3003 3004 3005 3006 3007 3008 3009 3010 
Adding vertex (chain-C, position-347, res-ALA)
New vertex id: 32
3011 3012 3013 3014 3015 
Adding vertex (chain-C, position-348, res-SER)
New vertex id: 33
3016 3017 3018 3019 3020 3021 
Adding vertex (chain-C, position-349, res-THR)
New vertex id: 34
3022 3023 3024 3025 3026 3027 3028 
Adding vertex (chain-C, position-350, res-TYR)
New vertex id: 35
3029 3030 3031 3032 3033 3034 3035 3036 3037 3038 3039 3040 
Adding vertex (chain-C, position-351, res-ASP)
New vertex id: 36
3041 3042 3043 3044 3045 3046 3047 3048 
Adding vertex (chain-C, position-352, res-GLY)
New vertex id: 37
3049 3050 3051 3052 
Adding vertex (chain-C, position-353, res-VAL)
New vertex id: 38
3053 3054 3055 3056 3057 3058 3059 
Adding vertex (chain-C, position-354, res-PHE)
New vertex id: 39
3060 3061 3062 3063 3064 3065 3066 3067 3068 3069 3070 
Adding vertex (chain-C, position-355, res-ILE)
New vertex id: 40
3071 3072 3073 3074 3075 3076 3077 3078 
Adding vertex (chain-C, position-356, res-TRP)
New vertex id: 41
3079 3080 3081 3082 3083 3084 3085 3086 3087 3088 3089 3090 3091 3092 
Adding vertex (chain-C, position-357, res-LYS)
New vertex id: 42
3093 3094 3095 3096 3097 3098 3099 3100 3101 
Adding vertex (chain-C, position-358, res-ILE)
New vertex id: 43
3102 3103 3104 3105 3106 3107 3108 3109 
Adding vertex (chain-C, position-359, res-SER)
New vertex id: 44
3110 3111 3112 3113 3114 3115 
Adding vertex (chain-C, position-360, res-ASP)
New vertex id: 45
3116 3117 3118 3119 3120 3121 3122 3123 
Adding vertex (chain-C, position-361, res-PHE)
New vertex id: 46
3124 3125 3126 3127 3128 3129 3130 3131 3132 3133 3134 
Adding vertex (chain-C, position-362, res-PRO)
New vertex id: 47
3135 3136 3137 3138 3139 
Adding vertex (chain-C, position-363, res-ARG)
New vertex id: 48
3140 3141 3142 3143 3144 3145 3146 3147 3148 3149 3150 
Adding vertex (chain-C, position-364, res-LYS)
New vertex id: 49
3151 3152 3153 3154 3155 3156 3157 3158 3159 
Adding vertex (chain-C, position-365, res-ARG)
New vertex id: 50
3160 3161 3162 3163 3164 3165 3166 3167 3168 3169 3170 
Adding vertex (chain-C, position-366, res-GLN)
New vertex id: 51
3171 3172 3173 3174 3175 3176 3177 3178 3179 
Adding vertex (chain-C, position-367, res-GLU)
New vertex id: 52
3180 3181 3182 3183 3184 3185 3186 3187 3188 
Adding vertex (chain-C, position-368, res-ALA)
New vertex id: 53
3189 3190 3191 3192 3193 
Adding vertex (chain-C, position-369, res-VAL)
New vertex id: 54
3194 3195 3196 3197 3198 3199 3200 
Adding vertex (chain-C, position-370, res-ALA)
New vertex id: 55
3201 3202 3203 3204 3205 
Adding vertex (chain-C, position-371, res-GLY)
New vertex id: 56
3206 3207 3208 3209 
Adding vertex (chain-C, position-372, res-ARG)
New vertex id: 57
3210 3211 3212 3213 3214 3215 3216 3217 3218 3219 3220 
Adding vertex (chain-C, position-373, res-ILE)
New vertex id: 58
3221 3222 3223 3224 3225 3226 3227 3228 
Adding vertex (chain-C, position-374, res-PRO)
New vertex id: 59
3229 3230 3231 3232 3233 3234 3235 
Adding vertex (chain-C, position-375, res-ALA)
New vertex id: 60
3236 3237 3238 3239 3240 
Adding vertex (chain-C, position-376, res-ILE)
New vertex id: 61
3241 3242 3243 3244 3245 3246 3247 3248 
Adding vertex (chain-C, position-377, res-PHE)
New vertex id: 62
3249 3250 3251 3252 3253 3254 3255 3256 3257 3258 3259 
Adding vertex (chain-C, position-378, res-SER)
New vertex id: 63
3260 3261 3262 3263 3264 3265 
Adding vertex (chain-C, position-379, res-PRO)
New vertex id: 64
3266 3267 3268 3269 3270 3271 3272 
Adding vertex (chain-C, position-380, res-ALA)
New vertex id: 65
3273 3274 3275 3276 3277 
Adding vertex (chain-C, position-381, res-PHE)
New vertex id: 66
3278 3279 3280 3281 3282 3283 3284 3285 3286 3287 3288 
Adding vertex (chain-C, position-382, res-TYR)
New vertex id: 67
3289 3290 3291 3292 3293 3294 3295 3296 3297 3298 3299 3300 
Adding vertex (chain-C, position-383, res-THR)
New vertex id: 68
3301 3302 3303 3304 3305 3306 3307 
Adding vertex (chain-C, position-384, res-SER)
New vertex id: 69
3308 3309 3310 3311 3312 3313 
Adding vertex (chain-C, position-385, res-ARG)
New vertex id: 70
3314 3315 3316 3317 3318 3319 3320 3321 3322 3323 3324 
Adding vertex (chain-C, position-386, res-TYR)
New vertex id: 71
3325 3326 3327 3328 3329 3330 3331 3332 3333 3334 3335 3336 
Adding vertex (chain-C, position-387, res-GLY)
New vertex id: 72
3337 3338 3339 3340 
Adding vertex (chain-C, position-388, res-TYR)
New vertex id: 73
3341 3342 3343 3344 3345 3346 3347 3348 3349 3350 3351 3352 
Adding vertex (chain-C, position-389, res-LYS)
New vertex id: 74
3353 3354 3355 3356 3357 3358 3359 3360 3361 
Adding vertex (chain-C, position-390, res-MET)
New vertex id: 75
3362 3363 3364 3365 3366 3367 3368 3369 
Adding vertex (chain-C, position-391, res-CYS)
New vertex id: 76
3370 3371 3372 3373 3374 3375 
Adding vertex (chain-C, position-392, res-LEU)
New vertex id: 77
3376 3377 3378 3379 3380 3381 3382 3383 
Adding vertex (chain-C, position-393, res-ARG)
New vertex id: 78
3384 3385 3386 3387 3388 3389 3390 3391 3392 3393 3394 
Adding vertex (chain-C, position-394, res-ILE)
New vertex id: 79
3395 3396 3397 3398 3399 3400 3401 3402 
Adding vertex (chain-C, position-395, res-TYR)
New vertex id: 80
3403 3404 3405 3406 3407 3408 3409 3410 3411 3412 3413 3414 
Adding vertex (chain-C, position-396, res-LEU)
New vertex id: 81
3415 3416 3417 3418 3419 3420 3421 3422 
Adding vertex (chain-C, position-397, res-ASN)
New vertex id: 82
3423 3424 3425 3426 3427 3428 3429 3430 
Adding vertex (chain-C, position-398, res-GLY)
New vertex id: 83
3431 3432 3433 3434 
Adding vertex (chain-C, position-399, res-ASP)
New vertex id: 84
3435 3436 3437 3438 3439 3440 3441 3442 
Adding vertex (chain-C, position-400, res-GLY)
New vertex id: 85
3443 3444 3445 3446 
Adding vertex (chain-C, position-401, res-THR)
New vertex id: 86
3447 3448 3449 3450 3451 3452 3453 
Adding vertex (chain-C, position-402, res-GLY)
New vertex id: 87
3454 3455 3456 3457 
Adding vertex (chain-C, position-403, res-ARG)
New vertex id: 88
3458 3459 3460 3461 3462 
Adding vertex (chain-C, position-404, res-GLY)
New vertex id: 89
3463 3464 3465 3466 
Adding vertex (chain-C, position-405, res-THR)
New vertex id: 90
3467 3468 3469 3470 3471 3472 3473 
Adding vertex (chain-C, position-406, res-HIS)
New vertex id: 91
3474 3475 3476 3477 3478 3479 3480 3481 3482 3483 
Adding vertex (chain-C, position-407, res-LEU)
New vertex id: 92
3484 3485 3486 3487 3488 3489 3490 3491 
Adding vertex (chain-C, position-408, res-SER)
New vertex id: 93
3492 3493 3494 3495 3496 3497 
Adding vertex (chain-C, position-409, res-LEU)
New vertex id: 94
3498 3499 3500 3501 3502 3503 3504 3505 
Adding vertex (chain-C, position-410, res-PHE)
New vertex id: 95
3506 3507 3508 3509 3510 3511 3512 3513 3514 3515 3516 
Adding vertex (chain-C, position-411, res-PHE)
New vertex id: 96
3517 3518 3519 3520 3521 3522 3523 3524 3525 3526 3527 
Adding vertex (chain-C, position-412, res-VAL)
New vertex id: 97
3528 3529 3530 3531 3532 3533 3534 
Adding vertex (chain-C, position-413, res-VAL)
New vertex id: 98
3535 3536 3537 3538 3539 3540 3541 
Adding vertex (chain-C, position-414, res-MET)
New vertex id: 99
3542 3543 3544 3545 3546 3547 3548 3549 
Adding vertex (chain-C, position-415, res-LYS)
New vertex id: 100
3550 3551 3552 3553 3554 3555 3556 3557 3558 
Adding vertex (chain-C, position-416, res-GLY)
New vertex id: 101
3559 3560 3561 3562 
Adding vertex (chain-C, position-417, res-PRO)
New vertex id: 102
3563 3564 3565 3566 3567 3568 3569 
Adding vertex (chain-C, position-418, res-ASN)
New vertex id: 103
3570 3571 3572 3573 3574 3575 3576 3577 
Adding vertex (chain-C, position-419, res-ASP)
New vertex id: 104
3578 3579 3580 3581 3582 3583 3584 3585 
Adding vertex (chain-C, position-420, res-ALA)
New vertex id: 105
3586 3587 3588 3589 3590 
Adding vertex (chain-C, position-421, res-LEU)
New vertex id: 106
3591 3592 3593 3594 3595 3596 3597 3598 
Adding vertex (chain-C, position-422, res-LEU)
New vertex id: 107
3599 3600 3601 3602 3603 3604 3605 3606 
Adding vertex (chain-C, position-423, res-ARG)
New vertex id: 108
3607 3608 3609 3610 3611 
Adding vertex (chain-C, position-424, res-TRP)
New vertex id: 109
3612 3613 3614 3615 3616 3617 3618 3619 3620 3621 3622 3623 3624 3625 
Adding vertex (chain-C, position-425, res-PRO)
New vertex id: 110
3626 3627 3628 3629 3630 3631 3632 
Adding vertex (chain-C, position-426, res-PHE)
New vertex id: 111
3633 3634 3635 3636 3637 3638 3639 3640 3641 3642 3643 
Adding vertex (chain-C, position-427, res-ASN)
New vertex id: 112
3644 3645 3646 3647 3648 3649 3650 3651 
Adding vertex (chain-C, position-428, res-GLN)
New vertex id: 113
3652 3653 3654 3655 3656 3657 3658 3659 3660 
Adding vertex (chain-C, position-429, res-LYS)
New vertex id: 114
3661 3662 3663 3664 3665 3666 3667 3668 3669 
Adding vertex (chain-C, position-430, res-VAL)
New vertex id: 115
3670 3671 3672 3673 3674 3675 3676 
Adding vertex (chain-C, position-431, res-THR)
New vertex id: 116
3677 3678 3679 3680 3681 3682 3683 
Adding vertex (chain-C, position-432, res-LEU)
New vertex id: 117
3684 3685 3686 3687 3688 3689 3690 3691 
Adding vertex (chain-C, position-433, res-MET)
New vertex id: 118
3692 3693 3694 3695 3696 3697 3698 3699 
Adding vertex (chain-C, position-434, res-LEU)
New vertex id: 119
3700 3701 3702 3703 3704 3705 3706 3707 
Adding vertex (chain-C, position-435, res-LEU)
New vertex id: 120
3708 3709 3710 3711 3712 3713 3714 3715 
Adding vertex (chain-C, position-436, res-ASP)
New vertex id: 121
3716 3717 3718 3719 3720 3721 3722 3723 
Adding vertex (chain-C, position-437, res-GLN)
New vertex id: 122
3724 3725 3726 3727 3728 3729 3730 3731 3732 
Adding vertex (chain-C, position-438, res-ASN)
New vertex id: 123
3733 3734 3735 3736 3737 3738 3739 3740 
Adding vertex (chain-C, position-439, res-ASN)
New vertex id: 124
3741 3742 3743 3744 3745 3746 3747 3748 
Adding vertex (chain-C, position-440, res-ARG)
New vertex id: 125
3749 3750 3751 3752 3753 
Adding vertex (chain-C, position-441, res-GLU)
New vertex id: 126
3754 3755 3756 3757 3758 
Adding vertex (chain-C, position-442, res-HIS)
New vertex id: 127
3759 3760 3761 3762 3763 3764 3765 3766 3767 3768 
Adding vertex (chain-C, position-443, res-VAL)
New vertex id: 128
3769 3770 3771 3772 3773 3774 3775 
Adding vertex (chain-C, position-444, res-ILE)
New vertex id: 129
3776 3777 3778 3779 3780 3781 3782 3783 
Adding vertex (chain-C, position-445, res-ASP)
New vertex id: 130
3784 3785 3786 3787 3788 3789 3790 3791 
Adding vertex (chain-C, position-446, res-ALA)
New vertex id: 131
3792 3793 3794 3795 3796 
Adding vertex (chain-C, position-447, res-PHE)
New vertex id: 132
3797 3798 3799 3800 3801 3802 3803 3804 3805 3806 3807 
Adding vertex (chain-C, position-448, res-ARG)
New vertex id: 133
3808 3809 3810 3811 3812 3813 3814 3815 3816 3817 3818 
Adding vertex (chain-C, position-449, res-PRO)
New vertex id: 134
3819 3820 3821 3822 3823 3824 3825 
Adding vertex (chain-C, position-450, res-ASP)
New vertex id: 135
3826 3827 3828 3829 3830 3831 3832 3833 
Adding vertex (chain-C, position-451, res-VAL)
New vertex id: 136
3834 3835 3836 3837 3838 3839 3840 
Adding vertex (chain-C, position-452, res-THR)
New vertex id: 137
3841 3842 3843 3844 3845 3846 3847 
Adding vertex (chain-C, position-453, res-SER)
New vertex id: 138
3848 3849 3850 3851 3852 3853 
Adding vertex (chain-C, position-454, res-SER)
New vertex id: 139
3854 3855 3856 3857 3858 3859 
Adding vertex (chain-C, position-455, res-SER)
New vertex id: 140
3860 3861 3862 3863 3864 3865 
Adding vertex (chain-C, position-456, res-PHE)
New vertex id: 141
3866 3867 3868 3869 3870 3871 3872 3873 3874 3875 3876 
Adding vertex (chain-C, position-457, res-GLN)
New vertex id: 142
3877 3878 3879 3880 3881 3882 3883 3884 3885 
Adding vertex (chain-C, position-458, res-ARG)
New vertex id: 143
3886 3887 3888 3889 3890 3891 3892 3893 3894 3895 3896 
Adding vertex (chain-C, position-459, res-PRO)
New vertex id: 144
3897 3898 3899 3900 3901 3902 3903 
Adding vertex (chain-C, position-460, res-VAL)
New vertex id: 145
3904 3905 3906 3907 3908 3909 3910 
Adding vertex (chain-C, position-461, res-ASN)
New vertex id: 146
3911 3912 3913 3914 3915 3916 3917 3918 
Adding vertex (chain-C, position-462, res-ASP)
New vertex id: 147
3919 3920 3921 3922 3923 3924 3925 3926 
Adding vertex (chain-C, position-463, res-MET)
New vertex id: 148
3927 3928 3929 3930 3931 3932 3933 3934 
Adding vertex (chain-C, position-464, res-ASN)
New vertex id: 149
3935 3936 3937 3938 3939 3940 3941 3942 
Adding vertex (chain-C, position-465, res-ILE)
New vertex id: 150
3943 3944 3945 3946 3947 3948 3949 3950 
Adding vertex (chain-C, position-466, res-ALA)
New vertex id: 151
3951 3952 3953 3954 3955 
Adding vertex (chain-C, position-467, res-SER)
New vertex id: 152
3956 3957 3958 3959 3960 3961 
Adding vertex (chain-C, position-468, res-GLY)
New vertex id: 153
3962 3963 3964 3965 
Adding vertex (chain-C, position-469, res-CYS)
New vertex id: 154
3966 3967 3968 3969 3970 3971 
Adding vertex (chain-C, position-470, res-PRO)
New vertex id: 155
3972 3973 3974 3975 3976 3977 3978 
Adding vertex (chain-C, position-471, res-LEU)
New vertex id: 156
3979 3980 3981 3982 3983 3984 3985 3986 
Adding vertex (chain-C, position-472, res-PHE)
New vertex id: 157
3987 3988 3989 3990 3991 3992 3993 3994 3995 3996 3997 
Adding vertex (chain-C, position-473, res-CYS)
New vertex id: 158
3998 3999 4000 4001 4002 4003 
Adding vertex (chain-C, position-474, res-PRO)
New vertex id: 159
4004 4005 4006 4007 4008 4009 4010 
Adding vertex (chain-C, position-475, res-VAL)
New vertex id: 160
4011 4012 4013 4014 4015 4016 4017 
Adding vertex (chain-C, position-476, res-SER)
New vertex id: 161
4018 4019 4020 4021 4022 4023 
Adding vertex (chain-C, position-477, res-LYS)
New vertex id: 162
4024 4025 4026 4027 4028 4029 4030 4031 4032 
Adding vertex (chain-C, position-478, res-MET)
New vertex id: 163
4033 4034 4035 4036 4037 4038 4039 4040 
Adding vertex (chain-C, position-479, res-GLU)
New vertex id: 164
4041 4042 4043 4044 4045 
Adding vertex (chain-C, position-480, res-ALA)
New vertex id: 165
4046 4047 4048 4049 4050 
Adding vertex (chain-C, position-481, res-LYS)
New vertex id: 166
4051 4052 4053 4054 4055 
Adding vertex (chain-C, position-482, res-ASN)
New vertex id: 167
4056 4057 4058 4059 4060 4061 4062 4063 
Adding vertex (chain-C, position-483, res-SER)
New vertex id: 168
4064 4065 4066 4067 4068 4069 
Adding vertex (chain-C, position-484, res-TYR)
New vertex id: 169
4070 4071 4072 4073 4074 4075 4076 4077 4078 4079 4080 4081 
Adding vertex (chain-C, position-485, res-VAL)
New vertex id: 170
4082 4083 4084 4085 4086 4087 4088 
Adding vertex (chain-C, position-486, res-ARG)
New vertex id: 171
4089 4090 4091 4092 4093 4094 4095 4096 4097 4098 4099 
Adding vertex (chain-C, position-487, res-ASP)
New vertex id: 172
4100 4101 4102 4103 4104 4105 4106 4107 
Adding vertex (chain-C, position-488, res-ASP)
New vertex id: 173
4108 4109 4110 4111 4112 4113 4114 4115 
Adding vertex (chain-C, position-489, res-ALA)
New vertex id: 174
4116 4117 4118 4119 4120 
Adding vertex (chain-C, position-490, res-ILE)
New vertex id: 175
4121 4122 4123 4124 4125 4126 4127 4128 
Adding vertex (chain-C, position-491, res-PHE)
New vertex id: 176
4129 4130 4131 4132 4133 4134 4135 4136 4137 4138 4139 
Adding vertex (chain-C, position-492, res-ILE)
New vertex id: 177
4140 4141 4142 4143 4144 4145 4146 4147 
Adding vertex (chain-C, position-493, res-LYS)
New vertex id: 178
4148 4149 4150 4151 4152 4153 4154 4155 4156 
Adding vertex (chain-C, position-494, res-ALA)
New vertex id: 179
4157 4158 4159 4160 4161 
Adding vertex (chain-C, position-495, res-ILE)
New vertex id: 180
4162 4163 4164 4165 4166 4167 4168 4169 
Adding vertex (chain-C, position-496, res-VAL)
New vertex id: 181
4170 4171 4172 4173 4174 4175 4176 
Adding vertex (chain-C, position-497, res-ASP)
New vertex id: 182
4177 4178 4179 4180 4181 4182 4183 4184 
Adding vertex (chain-C, position-498, res-LEU)
New vertex id: 183
4185 4186 4187 4188 4189 4190 4191 4192 
Adding vertex (chain-C, position-499, res-THR)
New vertex id: 184
4193 4194 4195 4196 4197 4198 4199 
Adding vertex (chain-C, position-500, res-GLY)
New vertex id: 185
4200 4201 4202 4203 
Adding vertex (chain-C, position-501, res-LEU)
New vertex id: 186
4204 4205 4206 4207 4208 4209 4210 4211 4212 
Graph DONE

( reduce -FLIPs 1CZY.pdb > 1CZY.H.pdb ) >& /dev/null
Reduce (-FLIPs) returned 0
( bndlst -Radius0.3 1CZY.H.pdb > 1CZY.H.bndlst ) >& /dev/null
BndLst returned 0
Parsing 1CZY.H.bndlst

bndlst START
Adding bndlst edge: (C_E315_MC -> C_A316_MC) type[cov], weight[1.00] from 0 to 1 dist[1.33]
Adding bndlst edge: (C_E315_MC -> C_S318_MC) type[hb], weight[0.57] from 0 to 3 dist[2.65]
Adding bndlst edge: (C_A316_MC -> C_L317_MC) type[cov], weight[1.00] from 1 to 2 dist[1.33]
Adding bndlst edge: (C_A316_MC -> C_K320_MC) type[hb], weight[0.98] from 1 to 5 dist[2.02]
Adding bndlst edge: (C_A316_MC -> C_S319_MC) type[hb], weight[0.82] from 1 to 4 dist[2.21]
Adding bndlst edge: (C_L317_MC -> C_S318_MC) type[cov], weight[1.00] from 2 to 3 dist[1.33]
Adding bndlst edge: (C_L317_MC -> C_V321_MC) type[hb], weight[0.93] from 2 to 6 dist[2.07]
Adding bndlst edge: (C_L317_MC -> C_K320_MC) type[hb], weight[0.57] from 2 to 5 dist[2.64]
Adding bndlst edge: (C_L317_MC -> C_S319_MC) type[hb], weight[0.45] from 2 to 4 dist[2.98]
Adding bndlst edge: (C_S318_MC -> C_S319_MC) type[cov], weight[1.00] from 3 to 4 dist[1.33]
Adding bndlst edge: (C_S318_MC -> C_Q322_MC) type[hb], weight[0.48] from 3 to 7 dist[2.87]
Adding bndlst edge: (C_S318_MC -> C_V321_MC) type[hb], weight[0.45] from 3 to 6 dist[2.98]
Adding bndlst edge: (C_S319_MC -> C_K320_MC) type[cov], weight[1.00] from 4 to 5 dist[1.34]
Adding bndlst edge: (C_S319_MC -> C_Q323_MC) type[hb], weight[0.76] from 4 to 8 dist[2.29]
Adding bndlst edge: (C_S319_MC -> C_Q322_MC) type[hb], weight[0.76] from 4 to 7 dist[2.30]
Adding bndlst edge: (C_S319_MC -> C_V321_MC) type[hb], weight[0.47] from 4 to 6 dist[2.92]
Adding bndlst edge: (C_K320_MC -> C_V321_MC) type[cov], weight[1.00] from 5 to 6 dist[1.33]
Adding bndlst edge: (C_K320_MC -> C_L324_MC) type[hb], weight[0.69] from 5 to 9 dist[2.40]
Adding bndlst edge: (C_V321_MC -> C_Q322_MC) type[cov], weight[1.00] from 6 to 7 dist[1.33]
Adding bndlst edge: (C_V321_MC -> C_E325_MC) type[hb], weight[0.82] from 6 to 10 dist[2.20]
Adding bndlst edge: (C_Q322_MC -> C_Q323_MC) type[cov], weight[1.00] from 7 to 8 dist[1.33]
Adding bndlst edge: (C_Q322_MC -> C_R326_MC) type[hb], weight[0.92] from 7 to 11 dist[2.08]
Adding bndlst edge: (C_Q322_MC -> C_E325_MC) type[hb], weight[0.47] from 7 to 10 dist[2.93]
Adding bndlst edge: (C_Q323_MC -> C_L324_MC) type[cov], weight[1.00] from 8 to 9 dist[1.34]
Adding bndlst edge: (C_Q323_MC -> C_S327_MC) type[hb], weight[0.93] from 8 to 12 dist[2.07]
Adding bndlst edge: (C_Q323_MC -> C_R326_MC) type[hb], weight[0.59] from 8 to 11 dist[2.61]
Adding bndlst edge: (C_L324_MC -> C_E325_MC) type[cov], weight[1.00] from 9 to 10 dist[1.34]
Adding bndlst edge: (C_L324_MC -> C_I328_MC) type[hb], weight[0.72] from 9 to 13 dist[2.36]
Adding bndlst edge: (C_L324_MC -> C_S327_SC) type[hb], weight[0.86] from 9 to 12 dist[2.16]
Adding bndlst edge: (C_E325_MC -> C_R326_MC) type[cov], weight[1.00] from 10 to 11 dist[1.33]
Adding bndlst edge: (C_E325_MC -> C_G329_MC) type[hb], weight[0.77] from 10 to 14 dist[2.27]
Adding bndlst edge: (C_E325_MC -> C_I328_MC) type[hb], weight[0.50] from 10 to 13 dist[2.82]
Adding bndlst edge: (C_R326_MC -> C_S327_MC) type[cov], weight[1.00] from 11 to 12 dist[1.33]
Adding bndlst edge: (C_R326_MC -> C_L330_MC) type[hb], weight[0.95] from 11 to 15 dist[2.05]
Adding bndlst edge: (C_R326_MC -> C_G329_MC) type[hb], weight[0.66] from 11 to 14 dist[2.47]
Adding bndlst edge: (C_R326_MC -> C_I328_MC) type[hb], weight[0.52] from 11 to 13 dist[2.77]
Adding bndlst edge: (C_S327_MC -> C_I328_MC) type[cov], weight[1.00] from 12 to 13 dist[1.33]
Adding bndlst edge: (C_S327_MC -> C_K331_MC) type[hb], weight[0.83] from 12 to 16 dist[2.20]
Adding bndlst edge: (C_S327_MC -> C_L330_MC) type[hb], weight[0.45] from 12 to 15 dist[3.00]
Adding bndlst edge: (C_I328_MC -> C_G329_MC) type[cov], weight[1.00] from 13 to 14 dist[1.33]
Adding bndlst edge: (C_I328_MC -> C_K331_MC) type[hb], weight[0.59] from 13 to 16 dist[2.60]
Adding bndlst edge: (C_I328_MC -> C_D332_MC) type[hb], weight[1.05] from 13 to 17 dist[1.95]
Adding bndlst edge: (C_G329_MC -> C_L330_MC) type[cov], weight[1.00] from 14 to 15 dist[1.33]
Adding bndlst edge: (C_G329_MC -> C_L333_MC) type[hb], weight[0.76] from 14 to 18 dist[2.29]
Adding bndlst edge: (C_L330_MC -> C_K331_MC) type[cov], weight[1.00] from 15 to 16 dist[1.33]
Adding bndlst edge: (C_L330_MC -> C_A334_MC) type[hb], weight[0.90] from 15 to 19 dist[2.10]
Adding bndlst edge: (C_L330_MC -> C_L333_MC) type[hb], weight[0.73] from 15 to 18 dist[2.34]
Adding bndlst edge: (C_K331_MC -> C_D332_MC) type[cov], weight[1.00] from 16 to 17 dist[1.34]
Adding bndlst edge: (C_K331_MC -> C_A334_MC) type[hb], weight[0.56] from 16 to 19 dist[2.67]
Adding bndlst edge: (C_K331_MC -> C_M335_MC) type[hb], weight[1.16] from 16 to 20 dist[1.86]
Adding bndlst edge: (C_D332_MC -> C_L333_MC) type[cov], weight[1.00] from 17 to 18 dist[1.33]
Adding bndlst edge: (C_D332_MC -> C_A336_MC) type[hb], weight[0.77] from 17 to 21 dist[2.27]
Adding bndlst edge: (C_L333_MC -> C_A334_MC) type[cov], weight[1.00] from 18 to 19 dist[1.33]
Adding bndlst edge: (C_L333_MC -> C_D337_MC) type[hb], weight[1.35] from 18 to 22 dist[1.72]
Adding bndlst edge: (C_L333_MC -> C_A336_MC) type[hb], weight[0.60] from 18 to 21 dist[2.58]
Adding bndlst edge: (C_A334_MC -> C_M335_MC) type[cov], weight[1.00] from 19 to 20 dist[1.33]
Adding bndlst edge: (C_A334_MC -> C_L338_MC) type[hb], weight[1.19] from 19 to 23 dist[1.83]
Adding bndlst edge: (C_A334_MC -> C_D337_MC) type[hb], weight[0.50] from 19 to 22 dist[2.83]
Adding bndlst edge: (C_M335_MC -> C_A336_MC) type[cov], weight[1.00] from 20 to 21 dist[1.32]
Adding bndlst edge: (C_M335_MC -> C_L338_MC) type[hb], weight[0.46] from 20 to 23 dist[2.96]
Adding bndlst edge: (C_M335_MC -> C_E339_MC) type[hb], weight[0.95] from 20 to 24 dist[2.05]
Adding bndlst edge: (C_A336_MC -> C_D337_MC) type[cov], weight[1.00] from 21 to 22 dist[1.33]
Adding bndlst edge: (C_A336_MC -> C_Q340_MC) type[hb], weight[0.73] from 21 to 25 dist[2.34]
Adding bndlst edge: (C_A336_MC -> C_E339_MC) type[hb], weight[0.58] from 21 to 24 dist[2.63]
Adding bndlst edge: (C_D337_MC -> C_L338_MC) type[cov], weight[1.00] from 22 to 23 dist[1.33]
Adding bndlst edge: (C_D337_MC -> C_K341_MC) type[hb], weight[0.81] from 22 to 26 dist[2.22]
Adding bndlst edge: (C_D337_MC -> C_Q340_MC) type[hb], weight[0.62] from 22 to 25 dist[2.55]
Adding bndlst edge: (C_L338_MC -> C_E339_MC) type[cov], weight[1.00] from 23 to 24 dist[1.33]
Adding bndlst edge: (C_L338_MC -> C_K341_MC) type[hb], weight[0.50] from 23 to 26 dist[2.84]
Adding bndlst edge: (C_L338_MC -> C_V342_MC) type[hb], weight[1.02] from 23 to 27 dist[1.98]
Adding bndlst edge: (C_E339_MC -> C_Q340_MC) type[cov], weight[1.00] from 24 to 25 dist[1.33]
Adding bndlst edge: (C_E339_MC -> C_L343_MC) type[hb], weight[1.04] from 24 to 28 dist[1.97]
Adding bndlst edge: (C_E339_MC -> C_V342_MC) type[hb], weight[0.47] from 24 to 27 dist[2.92]
Adding bndlst edge: (C_Q340_MC -> C_K341_MC) type[cov], weight[1.00] from 25 to 26 dist[1.33]
Adding bndlst edge: (C_Q340_MC -> C_E344_MC) type[hb], weight[1.30] from 25 to 29 dist[1.75]
Adding bndlst edge: (C_Q340_MC -> C_L343_MC) type[hb], weight[0.57] from 25 to 28 dist[2.65]
Adding bndlst edge: (C_K341_MC -> C_V342_MC) type[cov], weight[1.00] from 26 to 27 dist[1.33]
Adding bndlst edge: (C_K341_MC -> C_M345_MC) type[hb], weight[1.03] from 26 to 30 dist[1.97]
Adding bndlst edge: (C_K341_MC -> C_E344_MC) type[hb], weight[0.64] from 26 to 29 dist[2.50]
Adding bndlst edge: (C_V342_MC -> C_L343_MC) type[cov], weight[1.00] from 27 to 28 dist[1.33]
Adding bndlst edge: (C_V342_MC -> C_E346_MC) type[hb], weight[0.94] from 27 to 31 dist[2.06]
Adding bndlst edge: (C_V342_MC -> C_M345_MC) type[hb], weight[0.62] from 27 to 30 dist[2.54]
Adding bndlst edge: (C_L343_MC -> C_E344_MC) type[cov], weight[1.00] from 28 to 29 dist[1.33]
Adding bndlst edge: (C_L343_MC -> C_A347_MC) type[hb], weight[0.53] from 28 to 32 dist[2.75]
Adding bndlst edge: (C_L343_MC -> C_E346_MC) type[hb], weight[0.53] from 28 to 31 dist[2.74]
Adding bndlst edge: (C_E344_MC -> C_M345_MC) type[cov], weight[1.00] from 29 to 30 dist[1.33]
Adding bndlst edge: (C_E344_MC -> C_S348_MC) type[hb], weight[0.55] from 29 to 33 dist[2.70]
Adding bndlst edge: (C_E344_MC -> C_A347_MC) type[hb], weight[0.68] from 29 to 32 dist[2.43]
Adding bndlst edge: (C_M345_MC -> C_E346_MC) type[cov], weight[1.00] from 30 to 31 dist[1.32]
Adding bndlst edge: (C_M345_MC -> C_S348_MC) type[hb], weight[0.55] from 30 to 33 dist[2.70]
Adding bndlst edge: (C_E346_MC -> C_A347_MC) type[cov], weight[1.00] from 31 to 32 dist[1.34]
Adding bndlst edge: (C_A347_MC -> C_S348_MC) type[cov], weight[1.00] from 32 to 33 dist[1.33]
Adding bndlst edge: (C_S348_MC -> C_T349_MC) type[cov], weight[1.00] from 33 to 34 dist[1.33]
Adding bndlst edge: (C_S348_SC -> C_Y350_SC) type[hb], weight[0.41] from 33 to 35 dist[3.10]
Adding bndlst edge: (C_S348_SC -> C_Y350_SC) type[hb], weight[0.54] from 33 to 35 dist[2.71]
Adding bndlst edge: (C_S348_SC -> C_Y350_SC) type[hb], weight[0.47] from 33 to 35 dist[2.93]
Adding bndlst edge: (C_T349_MC -> C_Y350_MC) type[cov], weight[1.00] from 34 to 35 dist[1.33]
Adding bndlst edge: (C_T349_MC -> C_Y382_MC) type[hb], weight[1.21] from 34 to 67 dist[1.82]
Adding bndlst edge: (C_T349_SC -> C_V353_MC) type[hb], weight[1.33] from 34 to 38 dist[1.73]
Adding bndlst edge: (C_Y350_MC -> C_D351_MC) type[cov], weight[1.00] from 35 to 36 dist[1.33]
Adding bndlst edge: (C_Y350_SC -> C_R385_SC) type[hb], weight[0.39] from 35 to 70 dist[3.19]
Adding bndlst edge: (C_D351_MC -> C_G352_MC) type[cov], weight[1.00] from 36 to 37 dist[1.33]
Adding bndlst edge: (C_D351_SC -> C_V353_MC) type[hb], weight[1.15] from 36 to 38 dist[1.87]
Adding bndlst edge: (C_D351_SC -> C_G352_MC) type[hb], weight[0.46] from 36 to 37 dist[2.94]
Adding bndlst edge: (C_G352_MC -> C_V353_MC) type[cov], weight[1.00] from 37 to 38 dist[1.33]
Adding bndlst edge: (C_G352_MC -> C_V496_MC) type[hb], weight[0.84] from 37 to 181 dist[2.19]
Adding bndlst edge: (C_G352_MC -> C_Y382_MC) type[hb], weight[0.67] from 37 to 67 dist[2.44]
Adding bndlst edge: (C_V353_MC -> C_F354_MC) type[cov], weight[1.00] from 38 to 39 dist[1.32]
Adding bndlst edge: (C_F354_MC -> C_I355_MC) type[cov], weight[1.00] from 39 to 40 dist[1.33]
Adding bndlst edge: (C_F354_MC -> C_A494_MC) type[hb], weight[1.19] from 39 to 179 dist[1.84]
Adding bndlst edge: (C_F354_SC -> C_S378_SC) type[hb], weight[0.40] from 39 to 63 dist[3.15]
Adding bndlst edge: (C_F354_MC -> C_A494_MC) type[hb], weight[0.94] from 39 to 179 dist[2.06]
Adding bndlst edge: (C_I355_MC -> C_W356_MC) type[cov], weight[1.00] from 40 to 41 dist[1.32]
Adding bndlst edge: (C_W356_MC -> C_K357_MC) type[cov], weight[1.00] from 41 to 42 dist[1.33]
Adding bndlst edge: (C_W356_MC -> C_I492_MC) type[cov], weight[1.00] from 41 to 177 dist[1.63]
Adding bndlst edge: (C_W356_MC -> C_I492_MC) type[hb], weight[1.36] from 41 to 177 dist[1.72]
Adding bndlst edge: (C_K357_MC -> C_I358_MC) type[cov], weight[1.00] from 42 to 43 dist[1.33]
Adding bndlst edge: (C_I358_MC -> C_S359_MC) type[cov], weight[1.00] from 43 to 44 dist[1.33]
Adding bndlst edge: (C_I358_MC -> C_I490_MC) type[hb], weight[0.74] from 43 to 175 dist[2.32]
Adding bndlst edge: (C_I358_MC -> C_I490_MC) type[hb], weight[0.91] from 43 to 175 dist[2.10]
Adding bndlst edge: (C_S359_MC -> C_D360_MC) type[cov], weight[1.00] from 44 to 45 dist[1.33]
Adding bndlst edge: (C_S359_MC -> C_K364_SC) type[hb], weight[0.82] from 44 to 49 dist[2.20]
Adding bndlst edge: (C_D360_MC -> C_F361_MC) type[cov], weight[1.00] from 45 to 46 dist[1.33]
Adding bndlst edge: (C_D360_MC -> C_K364_MC) type[hb], weight[0.89] from 45 to 49 dist[2.12]
Adding bndlst edge: (C_D360_SC -> C_R363_SC) type[salt], weight[1.08] from 45 to 48 dist[1.83]
Adding bndlst edge: (C_D360_SC -> C_R363_SC) type[salt], weight[0.43] from 45 to 48 dist[2.88]
Adding bndlst edge: (C_D360_MC -> C_D488_MC) type[hb], weight[0.60] from 45 to 173 dist[2.58]
Adding bndlst edge: (C_F361_MC -> C_P362_MC) type[cov], weight[1.00] from 46 to 47 dist[1.33]
Adding bndlst edge: (C_F361_MC -> C_R365_MC) type[hb], weight[0.94] from 46 to 50 dist[2.06]
Adding bndlst edge: (C_F361_MC -> C_K364_MC) type[hb], weight[0.55] from 46 to 49 dist[2.69]
Adding bndlst edge: (C_F361_MC -> C_D488_MC) type[hb], weight[0.63] from 46 to 173 dist[2.53]
Adding bndlst edge: (C_F361_MC -> C_D488_SC) type[hb], weight[0.46] from 46 to 173 dist[2.96]
Adding bndlst edge: (C_P362_MC -> C_R363_MC) type[cov], weight[1.00] from 47 to 48 dist[1.33]
Adding bndlst edge: (C_P362_MC -> C_Q366_MC) type[hb], weight[0.90] from 47 to 51 dist[2.11]
Adding bndlst edge: (C_P362_MC -> C_R365_MC) type[hb], weight[0.80] from 47 to 50 dist[2.24]
Adding bndlst edge: (C_R363_MC -> C_K364_MC) type[cov], weight[1.00] from 48 to 49 dist[1.33]
Adding bndlst edge: (C_R363_MC -> C_Q366_MC) type[hb], weight[0.46] from 48 to 51 dist[2.96]
Adding bndlst edge: (C_R363_MC -> C_E367_MC) type[hb], weight[0.85] from 48 to 52 dist[2.17]
Adding bndlst edge: (C_R363_SC -> C_E367_SC) type[salt], weight[1.07] from 48 to 52 dist[1.83]
Adding bndlst edge: (C_K364_MC -> C_R365_MC) type[cov], weight[1.00] from 49 to 50 dist[1.33]
Adding bndlst edge: (C_K364_MC -> C_A368_MC) type[hb], weight[0.51] from 49 to 53 dist[2.81]
Adding bndlst edge: (C_R365_MC -> C_Q366_MC) type[cov], weight[1.00] from 50 to 51 dist[1.33]
Adding bndlst edge: (C_R365_MC -> C_V369_MC) type[hb], weight[0.85] from 50 to 54 dist[2.17]
Adding bndlst edge: (C_R365_MC -> C_A368_MC) type[hb], weight[0.79] from 50 to 53 dist[2.24]
Adding bndlst edge: (C_R365_SC -> C_L396_MC) type[hb], weight[0.60] from 50 to 81 dist[2.58]
Adding bndlst edge: (C_R365_SC -> C_L396_MC) type[hb], weight[0.49] from 50 to 81 dist[2.85]
Adding bndlst edge: (C_R365_SC -> C_N397_SC) type[hb], weight[0.51] from 50 to 82 dist[2.80]
Adding bndlst edge: (C_Q366_MC -> C_E367_MC) type[cov], weight[1.00] from 51 to 52 dist[1.33]
Adding bndlst edge: (C_Q366_MC -> C_V369_MC) type[hb], weight[0.74] from 51 to 54 dist[2.33]
Adding bndlst edge: (C_Q366_MC -> C_A370_MC) type[hb], weight[1.38] from 51 to 55 dist[1.71]
Adding bndlst edge: (C_Q366_MC -> C_A368_MC) type[hb], weight[0.49] from 51 to 53 dist[2.86]
Adding bndlst edge: (C_E367_MC -> C_A368_MC) type[cov], weight[1.00] from 52 to 53 dist[1.33]
Adding bndlst edge: (C_E367_MC -> C_I373_MC) type[hb], weight[1.13] from 52 to 58 dist[1.88]
Adding bndlst edge: (C_E367_MC -> C_R372_MC) type[hb], weight[0.45] from 52 to 57 dist[2.99]
Adding bndlst edge: (C_A368_MC -> C_V369_MC) type[cov], weight[1.00] from 53 to 54 dist[1.33]
Adding bndlst edge: (C_A368_MC -> C_G371_MC) type[hb], weight[0.86] from 53 to 56 dist[2.15]
Adding bndlst edge: (C_V369_MC -> C_A370_MC) type[cov], weight[1.00] from 54 to 55 dist[1.33]
Adding bndlst edge: (C_V369_MC -> C_G371_MC) type[hb], weight[0.67] from 54 to 56 dist[2.44]
Adding bndlst edge: (C_A370_MC -> C_G371_MC) type[cov], weight[1.00] from 55 to 56 dist[1.33]
Adding bndlst edge: (C_A370_MC -> C_R372_MC) type[hb], weight[1.21] from 55 to 57 dist[1.82]
Adding bndlst edge: (C_G371_MC -> C_R372_MC) type[cov], weight[1.00] from 56 to 57 dist[1.33]
Adding bndlst edge: (C_R372_MC -> C_I373_MC) type[cov], weight[1.00] from 57 to 58 dist[1.33]
Adding bndlst edge: (C_I373_MC -> C_P374_MC) type[cov], weight[1.00] from 58 to 59 dist[1.34]
Adding bndlst edge: (C_P374_MC -> C_A375_MC) type[cov], weight[1.00] from 59 to 60 dist[1.34]
Adding bndlst edge: (C_A375_MC -> C_I376_MC) type[cov], weight[1.00] from 60 to 61 dist[1.33]
Adding bndlst edge: (C_I376_MC -> C_F377_MC) type[cov], weight[1.00] from 61 to 62 dist[1.33]
Adding bndlst edge: (C_I376_MC -> C_I394_MC) type[hb], weight[0.93] from 61 to 79 dist[2.08]
Adding bndlst edge: (C_I376_MC -> C_I394_MC) type[hb], weight[0.96] from 61 to 79 dist[2.04]
Adding bndlst edge: (C_F377_MC -> C_S378_MC) type[cov], weight[1.00] from 62 to 63 dist[1.33]
Adding bndlst edge: (C_S378_MC -> C_P379_MC) type[cov], weight[1.00] from 63 to 64 dist[1.34]
Adding bndlst edge: (C_S378_SC -> C_L392_MC) type[hb], weight[1.04] from 63 to 77 dist[1.97]
Adding bndlst edge: (C_S378_MC -> C_L392_MC) type[hb], weight[1.07] from 63 to 77 dist[1.93]
Adding bndlst edge: (C_P379_MC -> C_A380_MC) type[cov], weight[1.00] from 64 to 65 dist[1.33]
Adding bndlst edge: (C_A380_MC -> C_F381_MC) type[cov], weight[1.00] from 65 to 66 dist[1.33]
Adding bndlst edge: (C_F381_MC -> C_Y382_MC) type[cov], weight[1.00] from 66 to 67 dist[1.32]
Adding bndlst edge: (C_F381_MC -> C_M390_MC) type[hb], weight[1.05] from 66 to 75 dist[1.96]
Adding bndlst edge: (C_F381_MC -> C_M390_MC) type[hb], weight[1.05] from 66 to 75 dist[1.96]
Adding bndlst edge: (C_Y382_MC -> C_T383_MC) type[cov], weight[1.00] from 67 to 68 dist[1.33]
Adding bndlst edge: (C_T383_MC -> C_S384_MC) type[cov], weight[1.00] from 68 to 69 dist[1.33]
Adding bndlst edge: (C_T383_SC -> C_Y388_MC) type[hb], weight[0.78] from 68 to 73 dist[2.27]
Adding bndlst edge: (C_T383_MC -> C_Y388_MC) type[hb], weight[0.61] from 68 to 73 dist[2.56]
Adding bndlst edge: (C_T383_SC -> C_Y388_SC) type[hb], weight[0.43] from 68 to 73 dist[3.05]
Adding bndlst edge: (C_S384_MC -> C_R385_MC) type[cov], weight[1.00] from 69 to 70 dist[1.33]
Adding bndlst edge: (C_S384_MC -> C_G387_MC) type[hb], weight[0.83] from 69 to 72 dist[2.19]
Adding bndlst edge: (C_S384_SC -> C_Y386_MC) type[hb], weight[0.50] from 69 to 71 dist[2.84]
Adding bndlst edge: (C_S384_SC -> C_G387_MC) type[hb], weight[0.49] from 69 to 72 dist[2.87]
Adding bndlst edge: (C_R385_MC -> C_Y386_MC) type[cov], weight[1.00] from 70 to 71 dist[1.33]
Adding bndlst edge: (C_Y386_MC -> C_G387_MC) type[cov], weight[1.00] from 71 to 72 dist[1.33]
Adding bndlst edge: (C_Y386_SC -> C_N418_SC) type[hb], weight[0.43] from 71 to 103 dist[3.05]
Adding bndlst edge: (C_G387_MC -> C_Y388_MC) type[cov], weight[1.00] from 72 to 73 dist[1.33]
Adding bndlst edge: (C_Y388_MC -> C_K389_MC) type[cov], weight[1.00] from 73 to 74 dist[1.33]
Adding bndlst edge: (C_Y388_SC -> C_R423_MC) type[hb], weight[1.26] from 73 to 108 dist[1.78]
Adding bndlst edge: (C_K389_MC -> C_M390_MC) type[cov], weight[1.00] from 74 to 75 dist[1.33]
Adding bndlst edge: (C_K389_MC -> C_M414_MC) type[hb], weight[0.98] from 74 to 99 dist[2.02]
Adding bndlst edge: (C_M390_MC -> C_C391_MC) type[cov], weight[1.00] from 75 to 76 dist[1.33]
Adding bndlst edge: (C_C391_MC -> C_L392_MC) type[cov], weight[1.00] from 76 to 77 dist[1.32]
Adding bndlst edge: (C_C391_MC -> C_V412_MC) type[hb], weight[1.01] from 76 to 97 dist[1.99]
Adding bndlst edge: (C_C391_MC -> C_V412_MC) type[hb], weight[0.79] from 76 to 97 dist[2.25]
Adding bndlst edge: (C_C391_SC -> C_M414_SC) type[hb], weight[0.57] from 76 to 99 dist[2.64]
Adding bndlst edge: (C_L392_MC -> C_R393_MC) type[cov], weight[1.00] from 77 to 78 dist[1.33]
Adding bndlst edge: (C_R393_MC -> C_I394_MC) type[cov], weight[1.00] from 78 to 79 dist[1.33]
Adding bndlst edge: (C_R393_MC -> C_F410_MC) type[cov], weight[1.00] from 78 to 95 dist[1.64]
Adding bndlst edge: (C_R393_MC -> C_F410_MC) type[hb], weight[1.02] from 78 to 95 dist[1.98]
Adding bndlst edge: (C_I394_MC -> C_Y395_MC) type[cov], weight[1.00] from 79 to 80 dist[1.33]
Adding bndlst edge: (C_Y395_MC -> C_L396_MC) type[cov], weight[1.00] from 80 to 81 dist[1.33]
Adding bndlst edge: (C_Y395_MC -> C_S408_MC) type[hb], weight[0.74] from 80 to 93 dist[2.33]
Adding bndlst edge: (C_Y395_MC -> C_G398_MC) type[hb], weight[0.71] from 80 to 83 dist[2.37]
Adding bndlst edge: (C_Y395_MC -> C_N397_MC) type[hb], weight[0.65] from 80 to 82 dist[2.48]
Adding bndlst edge: (C_Y395_MC -> C_S408_MC) type[hb], weight[1.06] from 80 to 93 dist[1.94]
Adding bndlst edge: (C_L396_MC -> C_N397_MC) type[cov], weight[1.00] from 81 to 82 dist[1.33]
Adding bndlst edge: (C_N397_MC -> C_G398_MC) type[cov], weight[1.00] from 82 to 83 dist[1.33]
Adding bndlst edge: (C_N397_MC -> C_G404_MC) type[cov], weight[1.00] from 82 to 89 dist[1.55]
Adding bndlst edge: (C_G398_MC -> C_D399_MC) type[cov], weight[1.00] from 83 to 84 dist[1.33]
Adding bndlst edge: (C_D399_MC -> C_G400_MC) type[cov], weight[1.00] from 84 to 85 dist[1.33]
Adding bndlst edge: (C_D399_MC -> C_G402_MC) type[hb], weight[0.61] from 84 to 87 dist[2.56]
Adding bndlst edge: (C_D399_MC -> C_S408_SC) type[hb], weight[0.70] from 84 to 93 dist[2.39]
Adding bndlst edge: (C_G400_MC -> C_T401_MC) type[cov], weight[1.00] from 85 to 86 dist[1.33]
Adding bndlst edge: (C_G400_MC -> C_R403_MC) type[hb], weight[0.66] from 85 to 88 dist[2.45]
Adding bndlst edge: (C_T401_MC -> C_G402_MC) type[cov], weight[1.00] from 86 to 87 dist[1.33]
Adding bndlst edge: (C_G402_MC -> C_R403_MC) type[cov], weight[1.00] from 87 to 88 dist[1.33]
Adding bndlst edge: (C_G402_MC -> C_H406_MC) type[hb], weight[1.32] from 87 to 91 dist[1.74]
Adding bndlst edge: (C_G402_MC -> C_T405_SC) type[hb], weight[1.12] from 87 to 90 dist[1.89]
Adding bndlst edge: (C_G402_MC -> C_T405_MC) type[hb], weight[1.09] from 87 to 90 dist[1.91]
Adding bndlst edge: (C_R403_MC -> C_G404_MC) type[cov], weight[1.00] from 88 to 89 dist[1.33]
Adding bndlst edge: (C_G404_MC -> C_T405_MC) type[cov], weight[1.00] from 89 to 90 dist[1.33]
Adding bndlst edge: (C_T405_MC -> C_H406_MC) type[cov], weight[1.00] from 90 to 91 dist[1.33]
Adding bndlst edge: (C_T405_MC -> C_V475_MC) type[hb], weight[1.46] from 90 to 160 dist[1.66]
Adding bndlst edge: (C_T405_SC -> C_H406_MC) type[hb], weight[0.67] from 90 to 91 dist[2.44]
Adding bndlst edge: (C_H406_MC -> C_L407_MC) type[cov], weight[1.00] from 91 to 92 dist[1.33]
Adding bndlst edge: (C_L407_MC -> C_S408_MC) type[cov], weight[1.00] from 92 to 93 dist[1.33]
Adding bndlst edge: (C_L407_MC -> C_F472_MC) type[hb], weight[0.89] from 92 to 157 dist[2.12]
Adding bndlst edge: (C_L407_MC -> C_C473_MC) type[hb], weight[0.61] from 92 to 158 dist[2.56]
Adding bndlst edge: (C_L407_MC -> C_C473_MC) type[hb], weight[1.22] from 92 to 158 dist[1.81]
Adding bndlst edge: (C_S408_MC -> C_L409_MC) type[cov], weight[1.00] from 93 to 94 dist[1.33]
Adding bndlst edge: (C_S408_SC -> C_P470_MC) type[cov], weight[1.00] from 93 to 155 dist[1.64]
Adding bndlst edge: (C_L409_MC -> C_F410_MC) type[cov], weight[1.00] from 94 to 95 dist[1.34]
Adding bndlst edge: (C_L409_MC -> C_C469_MC) type[hb], weight[0.99] from 94 to 154 dist[2.01]
Adding bndlst edge: (C_L409_MC -> C_C469_MC) type[hb], weight[0.89] from 94 to 154 dist[2.12]
Adding bndlst edge: (C_F410_MC -> C_F411_MC) type[cov], weight[1.00] from 95 to 96 dist[1.33]
Adding bndlst edge: (C_F410_SC -> C_G468_MC) type[hb], weight[0.41] from 95 to 153 dist[3.11]
Adding bndlst edge: (C_F411_MC -> C_V412_MC) type[cov], weight[1.00] from 96 to 97 dist[1.33]
Adding bndlst edge: (C_F411_MC -> C_S467_MC) type[hb], weight[0.88] from 96 to 152 dist[2.13]
Adding bndlst edge: (C_F411_MC -> C_S467_MC) type[hb], weight[0.95] from 96 to 152 dist[2.05]
Adding bndlst edge: (C_V412_MC -> C_V413_MC) type[cov], weight[1.00] from 97 to 98 dist[1.33]
Adding bndlst edge: (C_V413_MC -> C_M414_MC) type[cov], weight[1.00] from 98 to 99 dist[1.33]
Adding bndlst edge: (C_V413_MC -> C_N464_MC) type[hb], weight[0.75] from 98 to 149 dist[2.32]
Adding bndlst edge: (C_M414_MC -> C_K415_MC) type[cov], weight[1.00] from 99 to 100 dist[1.33]
Adding bndlst edge: (C_K415_MC -> C_G416_MC) type[cov], weight[1.00] from 100 to 101 dist[1.32]
Adding bndlst edge: (C_K415_MC -> C_D462_MC) type[hb], weight[0.99] from 100 to 147 dist[2.01]
Adding bndlst edge: (C_K415_SC -> C_V460_MC) type[hb], weight[1.03] from 100 to 145 dist[1.97]
Adding bndlst edge: (C_G416_MC -> C_P417_MC) type[cov], weight[1.00] from 101 to 102 dist[1.34]
Adding bndlst edge: (C_G416_MC -> C_D419_MC) type[hb], weight[0.76] from 101 to 104 dist[2.29]
Adding bndlst edge: (C_G416_MC -> C_N418_MC) type[hb], weight[0.55] from 101 to 103 dist[2.70]
Adding bndlst edge: (C_G416_MC -> C_D419_SC) type[hb], weight[0.77] from 101 to 104 dist[2.28]
Adding bndlst edge: (C_G416_MC -> C_D419_SC) type[hb], weight[1.00] from 101 to 104 dist[2.00]
Adding bndlst edge: (C_P417_MC -> C_N418_MC) type[cov], weight[1.00] from 102 to 103 dist[1.32]
Adding bndlst edge: (C_N418_MC -> C_D419_MC) type[cov], weight[1.00] from 103 to 104 dist[1.34]
Adding bndlst edge: (C_N418_MC -> C_L422_MC) type[hb], weight[0.45] from 103 to 107 dist[3.00]
Adding bndlst edge: (C_N418_MC -> C_L421_MC) type[hb], weight[1.13] from 103 to 106 dist[1.88]
Adding bndlst edge: (C_D419_MC -> C_A420_MC) type[cov], weight[1.00] from 104 to 105 dist[1.32]
Adding bndlst edge: (C_D419_MC -> C_W424_SC) type[hb], weight[1.00] from 104 to 109 dist[2.00]
Adding bndlst edge: (C_D419_MC -> C_L422_MC) type[hb], weight[0.94] from 104 to 107 dist[2.06]
Adding bndlst edge: (C_D419_MC -> C_L421_MC) type[hb], weight[0.45] from 104 to 106 dist[2.99]
Adding bndlst edge: (C_A420_MC -> C_L421_MC) type[cov], weight[1.00] from 105 to 106 dist[1.33]
Adding bndlst edge: (C_L421_MC -> C_L422_MC) type[cov], weight[1.00] from 106 to 107 dist[1.33]
Adding bndlst edge: (C_L422_MC -> C_R423_MC) type[cov], weight[1.00] from 107 to 108 dist[1.33]
Adding bndlst edge: (C_R423_MC -> C_W424_MC) type[cov], weight[1.00] from 108 to 109 dist[1.33]
Adding bndlst edge: (C_W424_MC -> C_P425_MC) type[cov], weight[1.00] from 109 to 110 dist[1.34]
Adding bndlst edge: (C_P425_MC -> C_F426_MC) type[cov], weight[1.00] from 110 to 111 dist[1.33]
Adding bndlst edge: (C_F426_MC -> C_N427_MC) type[cov], weight[1.00] from 111 to 112 dist[1.33]
Adding bndlst edge: (C_F426_SC -> C_Q428_MC) type[hb], weight[0.46] from 111 to 113 dist[2.95]
Adding bndlst edge: (C_F426_SC -> C_Q428_MC) type[hb], weight[0.47] from 111 to 113 dist[2.90]
Adding bndlst edge: (C_F426_MC -> C_F456_MC) type[hb], weight[1.19] from 111 to 141 dist[1.83]
Adding bndlst edge: (C_N427_MC -> C_Q428_MC) type[cov], weight[1.00] from 112 to 113 dist[1.33]
Adding bndlst edge: (C_Q428_MC -> C_K429_MC) type[cov], weight[1.00] from 113 to 114 dist[1.33]
Adding bndlst edge: (C_Q428_SC -> C_T499_MC) type[hb], weight[0.73] from 113 to 184 dist[2.33]
Adding bndlst edge: (C_Q428_SC -> C_D497_MC) type[hb], weight[0.46] from 113 to 182 dist[2.94]
Adding bndlst edge: (C_Q428_SC -> C_D497_MC) type[hb], weight[1.28] from 113 to 182 dist[1.77]
Adding bndlst edge: (C_K429_MC -> C_V430_MC) type[cov], weight[1.00] from 114 to 115 dist[1.33]
Adding bndlst edge: (C_K429_MC -> C_D497_MC) type[hb], weight[1.10] from 114 to 182 dist[1.91]
Adding bndlst edge: (C_K429_SC -> C_T431_SC) type[hb], weight[0.47] from 114 to 116 dist[2.92]
Adding bndlst edge: (C_K429_SC -> C_T431_SC) type[hb], weight[0.86] from 114 to 116 dist[2.15]
Adding bndlst edge: (C_V430_MC -> C_T431_MC) type[cov], weight[1.00] from 115 to 116 dist[1.32]
Adding bndlst edge: (C_V430_MC -> C_F447_MC) type[hb], weight[0.73] from 115 to 132 dist[2.35]
Adding bndlst edge: (C_V430_MC -> C_F447_MC) type[hb], weight[1.02] from 115 to 132 dist[1.98]
Adding bndlst edge: (C_T431_MC -> C_L432_MC) type[cov], weight[1.00] from 116 to 117 dist[1.33]
Adding bndlst edge: (C_T431_MC -> C_I495_MC) type[hb], weight[0.99] from 116 to 180 dist[2.01]
Adding bndlst edge: (C_T431_MC -> C_I495_MC) type[hb], weight[1.20] from 116 to 180 dist[1.82]
Adding bndlst edge: (C_L432_MC -> C_M433_MC) type[cov], weight[1.00] from 117 to 118 dist[1.33]
Adding bndlst edge: (C_L432_MC -> C_D445_MC) type[hb], weight[1.07] from 117 to 130 dist[1.93]
Adding bndlst edge: (C_L432_MC -> C_D445_MC) type[hb], weight[1.11] from 117 to 130 dist[1.90]
Adding bndlst edge: (C_M433_MC -> C_L434_MC) type[cov], weight[1.00] from 118 to 119 dist[1.33]
Adding bndlst edge: (C_M433_MC -> C_K493_MC) type[hb], weight[1.04] from 118 to 178 dist[1.96]
Adding bndlst edge: (C_M433_MC -> C_K493_MC) type[hb], weight[0.96] from 118 to 178 dist[2.04]
Adding bndlst edge: (C_L434_MC -> C_L435_MC) type[cov], weight[1.00] from 119 to 120 dist[1.33]
Adding bndlst edge: (C_L434_MC -> C_V443_MC) type[hb], weight[0.89] from 119 to 128 dist[2.12]
Adding bndlst edge: (C_L434_MC -> C_V443_MC) type[hb], weight[1.04] from 119 to 128 dist[1.96]
Adding bndlst edge: (C_L435_MC -> C_D436_MC) type[cov], weight[1.00] from 120 to 121 dist[1.33]
Adding bndlst edge: (C_L435_MC -> C_F491_MC) type[hb], weight[0.81] from 120 to 176 dist[2.22]
Adding bndlst edge: (C_D436_MC -> C_Q437_MC) type[cov], weight[1.00] from 121 to 122 dist[1.33]
Adding bndlst edge: (C_D436_MC -> C_H442_SC) type[hb], weight[0.61] from 121 to 127 dist[2.56]
Adding bndlst edge: (C_D436_MC -> C_N439_MC) type[hb], weight[1.28] from 121 to 124 dist[1.76]
Adding bndlst edge: (C_D436_MC -> C_N438_MC) type[hb], weight[1.01] from 121 to 123 dist[1.99]
Adding bndlst edge: (C_D436_SC -> C_N438_MC) type[hb], weight[0.51] from 121 to 123 dist[2.81]
Adding bndlst edge: (C_D436_SC -> C_E441_MC) type[hb], weight[0.52] from 121 to 126 dist[2.78]
Adding bndlst edge: (C_D436_SC -> C_R440_MC) type[cov], weight[1.00] from 121 to 125 dist[1.52]
Adding bndlst edge: (C_D436_SC -> C_N438_MC) type[hb], weight[0.48] from 121 to 123 dist[2.90]
Adding bndlst edge: (C_D436_MC -> C_H442_SC) type[hb], weight[0.74] from 121 to 127 dist[2.33]
Adding bndlst edge: (C_D436_MC -> C_H442_SC) type[hb], weight[0.43] from 121 to 127 dist[3.05]
Adding bndlst edge: (C_D436_MC -> C_H442_SC) type[hb], weight[1.29] from 121 to 127 dist[1.76]
Adding bndlst edge: (C_Q437_MC -> C_N438_MC) type[cov], weight[1.00] from 122 to 123 dist[1.33]
Adding bndlst edge: (C_Q437_MC -> C_S483_MC) type[hb], weight[0.90] from 122 to 168 dist[2.11]
Adding bndlst edge: (C_Q437_SC -> C_A489_MC) type[hb], weight[0.92] from 122 to 174 dist[2.08]
Adding bndlst edge: (C_Q437_SC -> C_Y484_MC) type[hb], weight[1.07] from 122 to 169 dist[1.94]
Adding bndlst edge: (C_N438_MC -> C_N439_MC) type[cov], weight[1.00] from 123 to 124 dist[1.33]
Adding bndlst edge: (C_N438_MC -> C_R440_MC) type[hb], weight[0.49] from 123 to 125 dist[2.85]
Adding bndlst edge: (C_N438_SC -> C_R486_SC) type[hb], weight[1.09] from 123 to 171 dist[1.91]
Adding bndlst edge: (C_N439_MC -> C_R440_MC) type[cov], weight[1.00] from 124 to 125 dist[1.33]
Adding bndlst edge: (C_R440_MC -> C_E441_MC) type[cov], weight[1.00] from 125 to 126 dist[1.33]
Adding bndlst edge: (C_E441_MC -> C_H442_MC) type[cov], weight[1.00] from 126 to 127 dist[1.33]
Adding bndlst edge: (C_E441_MC -> C_Y484_SC) type[hb], weight[1.34] from 126 to 169 dist[1.73]
Adding bndlst edge: (C_H442_MC -> C_V443_MC) type[cov], weight[1.00] from 127 to 128 dist[1.33]
Adding bndlst edge: (C_H442_MC -> C_I444_MC) type[hb], weight[0.47] from 127 to 129 dist[2.91]
Adding bndlst edge: (C_V443_MC -> C_I444_MC) type[cov], weight[1.00] from 128 to 129 dist[1.33]
Adding bndlst edge: (C_I444_MC -> C_D445_MC) type[cov], weight[1.00] from 129 to 130 dist[1.33]
Adding bndlst edge: (C_D445_MC -> C_A446_MC) type[cov], weight[1.00] from 130 to 131 dist[1.33]
Adding bndlst edge: (C_D445_SC -> C_C469_SC) type[hb], weight[1.38] from 130 to 154 dist[1.70]
Adding bndlst edge: (C_D445_SC -> C_A446_MC) type[hb], weight[1.14] from 130 to 131 dist[1.88]
Adding bndlst edge: (C_A446_MC -> C_F447_MC) type[cov], weight[1.00] from 131 to 132 dist[1.33]
Adding bndlst edge: (C_F447_MC -> C_R448_MC) type[cov], weight[1.00] from 132 to 133 dist[1.33]
Adding bndlst edge: (C_R448_MC -> C_P449_MC) type[cov], weight[1.00] from 133 to 134 dist[1.34]
Adding bndlst edge: (C_P449_MC -> C_D450_MC) type[cov], weight[1.00] from 134 to 135 dist[1.33]
Adding bndlst edge: (C_P449_MC -> C_V451_MC) type[hb], weight[0.67] from 134 to 136 dist[2.45]
Adding bndlst edge: (C_D450_MC -> C_V451_MC) type[cov], weight[1.00] from 135 to 136 dist[1.33]
Adding bndlst edge: (C_D450_MC -> C_S453_MC) type[cov], weight[1.00] from 135 to 138 dist[1.53]
Adding bndlst edge: (C_D450_MC -> C_T452_MC) type[hb], weight[0.60] from 135 to 137 dist[2.58]
Adding bndlst edge: (C_D450_MC -> C_F456_SC) type[hb], weight[0.37] from 135 to 141 dist[3.30]
Adding bndlst edge: (C_D450_MC -> C_F456_SC) type[hb], weight[0.47] from 135 to 141 dist[2.90]
Adding bndlst edge: (C_V451_MC -> C_T452_MC) type[cov], weight[1.00] from 136 to 137 dist[1.33]
Adding bndlst edge: (C_V451_MC -> C_Q457_SC) type[hb], weight[0.96] from 136 to 142 dist[2.05]
Adding bndlst edge: (C_T452_MC -> C_S453_MC) type[cov], weight[1.00] from 137 to 138 dist[1.33]
Adding bndlst edge: (C_S453_MC -> C_S454_MC) type[cov], weight[1.00] from 138 to 139 dist[1.33]
Adding bndlst edge: (C_S453_MC -> C_Q457_SC) type[hb], weight[0.50] from 138 to 142 dist[2.82]
Adding bndlst edge: (C_S453_MC -> C_Q457_SC) type[cov], weight[1.00] from 138 to 142 dist[1.38]
Adding bndlst edge: (C_S453_MC -> C_F456_MC) type[hb], weight[0.80] from 138 to 141 dist[2.24]
Adding bndlst edge: (C_S453_SC -> C_S455_MC) type[hb], weight[0.59] from 138 to 140 dist[2.61]
Adding bndlst edge: (C_S454_MC -> C_S455_MC) type[cov], weight[1.00] from 139 to 140 dist[1.33]
Adding bndlst edge: (C_S454_MC -> C_Q457_MC) type[hb], weight[0.73] from 139 to 142 dist[2.34]
Adding bndlst edge: (C_S454_MC -> C_F456_MC) type[hb], weight[0.49] from 139 to 141 dist[2.84]
Adding bndlst edge: (C_S455_MC -> C_F456_MC) type[cov], weight[1.00] from 140 to 141 dist[1.33]
Adding bndlst edge: (C_S455_MC -> C_N464_SC) type[hb], weight[0.76] from 140 to 149 dist[2.29]
Adding bndlst edge: (C_S455_SC -> C_I465_MC) type[hb], weight[1.42] from 140 to 150 dist[1.68]
Adding bndlst edge: (C_F456_MC -> C_Q457_MC) type[cov], weight[1.00] from 141 to 142 dist[1.32]
Adding bndlst edge: (C_F456_SC -> C_S467_SC) type[hb], weight[0.44] from 141 to 152 dist[3.00]
Adding bndlst edge: (C_F456_SC -> C_S467_SC) type[hb], weight[0.43] from 141 to 152 dist[3.04]
Adding bndlst edge: (C_Q457_MC -> C_R458_MC) type[cov], weight[1.00] from 142 to 143 dist[1.33]
Adding bndlst edge: (C_Q457_MC -> C_N464_SC) type[hb], weight[0.86] from 142 to 149 dist[2.16]
Adding bndlst edge: (C_R458_MC -> C_P459_MC) type[cov], weight[1.00] from 143 to 144 dist[1.35]
Adding bndlst edge: (C_P459_MC -> C_V460_MC) type[cov], weight[1.00] from 144 to 145 dist[1.33]
Adding bndlst edge: (C_V460_MC -> C_N461_MC) type[cov], weight[1.00] from 145 to 146 dist[1.33]
Adding bndlst edge: (C_N461_MC -> C_D462_MC) type[cov], weight[1.00] from 146 to 147 dist[1.33]
Adding bndlst edge: (C_D462_MC -> C_M463_MC) type[cov], weight[1.00] from 147 to 148 dist[1.33]
Adding bndlst edge: (C_M463_MC -> C_N464_MC) type[cov], weight[1.00] from 148 to 149 dist[1.33]
Adding bndlst edge: (C_N464_MC -> C_I465_MC) type[cov], weight[1.00] from 149 to 150 dist[1.33]
Adding bndlst edge: (C_I465_MC -> C_A466_MC) type[cov], weight[1.00] from 150 to 151 dist[1.33]
Adding bndlst edge: (C_A466_MC -> C_S467_MC) type[cov], weight[1.00] from 151 to 152 dist[1.32]
Adding bndlst edge: (C_S467_MC -> C_G468_MC) type[cov], weight[1.00] from 152 to 153 dist[1.33]
Adding bndlst edge: (C_G468_MC -> C_C469_MC) type[cov], weight[1.00] from 153 to 154 dist[1.33]
Adding bndlst edge: (C_C469_MC -> C_P470_MC) type[cov], weight[1.00] from 154 to 155 dist[1.35]
Adding bndlst edge: (C_P470_MC -> C_L471_MC) type[cov], weight[1.00] from 155 to 156 dist[1.33]
Adding bndlst edge: (C_P470_MC -> C_F472_MC) type[hb], weight[0.47] from 155 to 157 dist[2.93]
Adding bndlst edge: (C_L471_MC -> C_F472_MC) type[cov], weight[1.00] from 156 to 157 dist[1.33]
Adding bndlst edge: (C_F472_MC -> C_C473_MC) type[cov], weight[1.00] from 157 to 158 dist[1.33]
Adding bndlst edge: (C_C473_MC -> C_P474_MC) type[cov], weight[1.00] from 158 to 159 dist[1.35]
Adding bndlst edge: (C_C473_SC -> C_P474_MC) type[hb], weight[0.67] from 158 to 159 dist[2.45]
Adding bndlst edge: (C_P474_MC -> C_V475_MC) type[cov], weight[1.00] from 159 to 160 dist[1.33]
Adding bndlst edge: (C_P474_MC -> C_M478_MC) type[hb], weight[0.62] from 159 to 163 dist[2.54]
Adding bndlst edge: (C_P474_MC -> C_K477_MC) type[hb], weight[0.71] from 159 to 162 dist[2.38]
Adding bndlst edge: (C_V475_MC -> C_S476_MC) type[cov], weight[1.00] from 160 to 161 dist[1.32]
Adding bndlst edge: (C_S476_MC -> C_K477_MC) type[cov], weight[1.00] from 161 to 162 dist[1.33]
Adding bndlst edge: (C_S476_SC -> C_K477_MC) type[hb], weight[0.67] from 161 to 162 dist[2.44]
Adding bndlst edge: (C_K477_MC -> C_M478_MC) type[cov], weight[1.00] from 162 to 163 dist[1.33]
Adding bndlst edge: (C_M478_MC -> C_E479_MC) type[cov], weight[1.00] from 163 to 164 dist[1.33]
Adding bndlst edge: (C_M478_MC -> C_K481_MC) type[hb], weight[0.50] from 163 to 166 dist[2.82]
Adding bndlst edge: (C_M478_MC -> C_A480_MC) type[hb], weight[0.51] from 163 to 165 dist[2.79]
Adding bndlst edge: (C_M478_SC -> C_E479_MC) type[hb], weight[0.51] from 163 to 164 dist[2.81]
Adding bndlst edge: (C_E479_MC -> C_A480_MC) type[cov], weight[1.00] from 164 to 165 dist[1.34]
Adding bndlst edge: (C_E479_MC -> C_K481_MC) type[hb], weight[0.53] from 164 to 166 dist[2.76]
Adding bndlst edge: (C_A480_MC -> C_K481_MC) type[cov], weight[1.00] from 165 to 166 dist[1.33]
Adding bndlst edge: (C_K481_MC -> C_N482_MC) type[cov], weight[1.00] from 166 to 167 dist[1.33]
Adding bndlst edge: (C_N482_MC -> C_S483_MC) type[cov], weight[1.00] from 167 to 168 dist[1.33]
Adding bndlst edge: (C_S483_MC -> C_Y484_MC) type[cov], weight[1.00] from 168 to 169 dist[1.33]
Adding bndlst edge: (C_S483_SC -> C_R486_SC) type[hb], weight[0.46] from 168 to 171 dist[2.96]
Adding bndlst edge: (C_S483_MC -> C_Y484_SC) type[hb], weight[0.36] from 168 to 169 dist[3.34]
Adding bndlst edge: (C_Y484_MC -> C_V485_MC) type[cov], weight[1.00] from 169 to 170 dist[1.33]
Adding bndlst edge: (C_V485_MC -> C_R486_MC) type[cov], weight[1.00] from 170 to 171 dist[1.33]
Adding bndlst edge: (C_R486_MC -> C_D487_MC) type[cov], weight[1.00] from 171 to 172 dist[1.33]
Adding bndlst edge: (C_R486_MC -> C_A489_MC) type[hb], weight[0.58] from 171 to 174 dist[2.63]
Adding bndlst edge: (C_R486_MC -> C_A489_MC) type[hb], weight[0.79] from 171 to 174 dist[2.25]
Adding bndlst edge: (C_D487_MC -> C_D488_MC) type[cov], weight[1.00] from 172 to 173 dist[1.33]
Adding bndlst edge: (C_D488_MC -> C_A489_MC) type[cov], weight[1.00] from 173 to 174 dist[1.34]
Adding bndlst edge: (C_A489_MC -> C_I490_MC) type[cov], weight[1.00] from 174 to 175 dist[1.33]
Adding bndlst edge: (C_I490_MC -> C_F491_MC) type[cov], weight[1.00] from 175 to 176 dist[1.33]
Adding bndlst edge: (C_F491_MC -> C_I492_MC) type[cov], weight[1.00] from 176 to 177 dist[1.33]
Adding bndlst edge: (C_I492_MC -> C_K493_MC) type[cov], weight[1.00] from 177 to 178 dist[1.33]
Adding bndlst edge: (C_K493_MC -> C_A494_MC) type[cov], weight[1.00] from 178 to 179 dist[1.32]
Adding bndlst edge: (C_A494_MC -> C_I495_MC) type[cov], weight[1.00] from 179 to 180 dist[1.32]
Adding bndlst edge: (C_I495_MC -> C_V496_MC) type[cov], weight[1.00] from 180 to 181 dist[1.33]
Adding bndlst edge: (C_V496_MC -> C_D497_MC) type[cov], weight[1.00] from 181 to 182 dist[1.33]
Adding bndlst edge: (C_D497_MC -> C_L498_MC) type[cov], weight[1.00] from 182 to 183 dist[1.33]
Adding bndlst edge: (C_D497_SC -> C_T499_SC) type[hb], weight[1.00] from 182 to 184 dist[2.00]
Adding bndlst edge: (C_D497_SC -> C_T499_MC) type[cov], weight[1.00] from 182 to 184 dist[1.62]
Adding bndlst edge: (C_D497_SC -> C_L498_MC) type[hb], weight[0.46] from 182 to 183 dist[2.95]
Adding bndlst edge: (C_D497_SC -> C_T499_SC) type[hb], weight[0.55] from 182 to 184 dist[2.69]
Adding bndlst edge: (C_L498_MC -> C_T499_MC) type[cov], weight[1.00] from 183 to 184 dist[1.33]
Adding bndlst edge: (C_L498_MC -> C_L501_MC) type[hb], weight[1.12] from 183 to 186 dist[1.89]
Adding bndlst edge: (C_T499_MC -> C_G500_MC) type[cov], weight[1.00] from 184 to 185 dist[1.33]
Adding bndlst edge: (C_T499_MC -> C_L501_MC) type[hb], weight[0.50] from 184 to 186 dist[2.83]
Adding bndlst edge: (C_G500_MC -> C_L501_MC) type[cov], weight[1.00] from 185 to 186 dist[1.33]

bndlst DONE

Producing PAJEK network
printing pajek edge (C_442_HIS,C_443_VAL)
printing pajek edge (C_442_HIS,C_444_ILE)
printing pajek edge (C_347_ALA,C_348_SER)
printing pajek edge (C_405_THR,C_475_VAL)
printing pajek edge (C_405_THR,C_406_HIS)
printing pajek edge (C_405_THR,C_406_HIS)
printing pajek edge (C_433_MET,C_434_LEU)
printing pajek edge (C_433_MET,C_493_LYS)
printing pajek edge (C_386_TYR,C_418_ASN)
printing pajek edge (C_386_TYR,C_387_GLY)
printing pajek edge (C_417_PRO,C_418_ASN)
printing pajek edge (C_333_LEU,C_337_ASP)
printing pajek edge (C_333_LEU,C_336_ALA)
printing pajek edge (C_333_LEU,C_334_ALA)
printing pajek edge (C_440_ARG,C_441_GLU)
printing pajek edge (C_331_LYS,C_334_ALA)
printing pajek edge (C_331_LYS,C_332_ASP)
printing pajek edge (C_331_LYS,C_335_MET)
printing pajek edge (C_359_SER,C_364_LYS)
printing pajek edge (C_359_SER,C_360_ASP)
printing pajek edge (C_370_ALA,C_372_ARG)
printing pajek edge (C_370_ALA,C_371_GLY)
printing pajek edge (C_399_ASP,C_402_GLY)
printing pajek edge (C_399_ASP,C_408_SER)
printing pajek edge (C_399_ASP,C_400_GLY)
printing pajek edge (C_342_VAL,C_343_LEU)
printing pajek edge (C_342_VAL,C_345_MET)
printing pajek edge (C_342_VAL,C_346_GLU)
printing pajek edge (C_476_SER,C_477_LYS)
printing pajek edge (C_476_SER,C_477_LYS)
printing pajek edge (C_410_PHE,C_411_PHE)
printing pajek edge (C_410_PHE,C_468_GLY)
printing pajek edge (C_372_ARG,C_373_ILE)
printing pajek edge (C_335_MET,C_336_ALA)
printing pajek edge (C_335_MET,C_339_GLU)
printing pajek edge (C_335_MET,C_338_LEU)
printing pajek edge (C_478_MET,C_481_LYS)
printing pajek edge (C_478_MET,C_480_ALA)
printing pajek edge (C_478_MET,C_479_GLU)
printing pajek edge (C_478_MET,C_479_GLU)
printing pajek edge (C_424_TRP,C_425_PRO)
printing pajek edge (C_466_ALA,C_467_SER)
printing pajek edge (C_404_GLY,C_405_THR)
printing pajek edge (C_490_ILE,C_491_PHE)
printing pajek edge (C_463_MET,C_464_ASN)
printing pajek edge (C_346_GLU,C_347_ALA)
printing pajek edge (C_350_TYR,C_385_ARG)
printing pajek edge (C_350_TYR,C_351_ASP)
printing pajek edge (C_326_ARG,C_328_ILE)
printing pajek edge (C_326_ARG,C_327_SER)
printing pajek edge (C_326_ARG,C_329_GLY)
printing pajek edge (C_326_ARG,C_330_LEU)
printing pajek edge (C_393_ARG,C_410_PHE)
printing pajek edge (C_393_ARG,C_410_PHE)
printing pajek edge (C_393_ARG,C_394_ILE)
printing pajek edge (C_408_SER,C_470_PRO)
printing pajek edge (C_408_SER,C_409_LEU)
printing pajek edge (C_421_LEU,C_422_LEU)
printing pajek edge (C_472_PHE,C_473_CYS)
printing pajek edge (C_380_ALA,C_381_PHE)
printing pajek edge (C_344_GLU,C_347_ALA)
printing pajek edge (C_344_GLU,C_348_SER)
printing pajek edge (C_344_GLU,C_345_MET)
printing pajek edge (C_453_SER,C_457_GLN)
printing pajek edge (C_453_SER,C_457_GLN)
printing pajek edge (C_453_SER,C_456_PHE)
printing pajek edge (C_453_SER,C_454_SER)
printing pajek edge (C_453_SER,C_455_SER)
printing pajek edge (C_429_LYS,C_431_THR)
printing pajek edge (C_429_LYS,C_497_ASP)
printing pajek edge (C_429_LYS,C_430_VAL)
printing pajek edge (C_373_ILE,C_374_PRO)
printing pajek edge (C_468_GLY,C_469_CYS)
printing pajek edge (C_330_LEU,C_333_LEU)
printing pajek edge (C_330_LEU,C_334_ALA)
printing pajek edge (C_330_LEU,C_331_LYS)
printing pajek edge (C_452_THR,C_453_SER)
printing pajek edge (C_396_LEU,C_397_ASN)
printing pajek edge (C_375_ALA,C_376_ILE)
printing pajek edge (C_416_GLY,C_419_ASP)
printing pajek edge (C_416_GLY,C_418_ASN)
printing pajek edge (C_416_GLY,C_417_PRO)
printing pajek edge (C_388_TYR,C_389_LYS)
printing pajek edge (C_388_TYR,C_423_ARG)
printing pajek edge (C_401_THR,C_402_GLY)
printing pajek edge (C_391_CYS,C_414_MET)
printing pajek edge (C_391_CYS,C_392_LEU)
printing pajek edge (C_391_CYS,C_412_VAL)
printing pajek edge (C_377_PHE,C_378_SER)
printing pajek edge (C_382_TYR,C_383_THR)
printing pajek edge (C_480_ALA,C_481_LYS)
printing pajek edge (C_454_SER,C_457_GLN)
printing pajek edge (C_454_SER,C_456_PHE)
printing pajek edge (C_454_SER,C_455_SER)
printing pajek edge (C_444_ILE,C_445_ASP)
printing pajek edge (C_317_LEU,C_321_VAL)
printing pajek edge (C_317_LEU,C_319_SER)
printing pajek edge (C_317_LEU,C_318_SER)
printing pajek edge (C_317_LEU,C_320_LYS)
printing pajek edge (C_332_ASP,C_336_ALA)
printing pajek edge (C_332_ASP,C_333_LEU)
printing pajek edge (C_425_PRO,C_426_PHE)
printing pajek edge (C_397_ASN,C_398_GLY)
printing pajek edge (C_397_ASN,C_404_GLY)
printing pajek edge (C_462_ASP,C_463_MET)
printing pajek edge (C_483_SER,C_484_TYR)
printing pajek edge (C_483_SER,C_484_TYR)
printing pajek edge (C_483_SER,C_486_ARG)
printing pajek edge (C_499_THR,C_500_GLY)
printing pajek edge (C_499_THR,C_501_LEU)
printing pajek edge (C_450_ASP,C_452_THR)
printing pajek edge (C_450_ASP,C_451_VAL)
printing pajek edge (C_450_ASP,C_456_PHE)
printing pajek edge (C_450_ASP,C_453_SER)
printing pajek edge (C_329_GLY,C_333_LEU)
printing pajek edge (C_329_GLY,C_330_LEU)
printing pajek edge (C_427_ASN,C_428_GLN)
printing pajek edge (C_384_SER,C_386_TYR)
printing pajek edge (C_384_SER,C_387_GLY)
printing pajek edge (C_384_SER,C_385_ARG)
printing pajek edge (C_487_ASP,C_488_ASP)
printing pajek edge (C_460_VAL,C_461_ASN)
printing pajek edge (C_364_LYS,C_365_ARG)
printing pajek edge (C_364_LYS,C_368_ALA)
printing pajek edge (C_493_LYS,C_494_ALA)
printing pajek edge (C_339_GLU,C_342_VAL)
printing pajek edge (C_339_GLU,C_340_GLN)
printing pajek edge (C_339_GLU,C_343_LEU)
printing pajek edge (C_455_SER,C_464_ASN)
printing pajek edge (C_455_SER,C_456_PHE)
printing pajek edge (C_455_SER,C_465_ILE)
printing pajek edge (C_439_ASN,C_440_ARG)
printing pajek edge (C_419_ASP,C_424_TRP)
printing pajek edge (C_419_ASP,C_421_LEU)
printing pajek edge (C_419_ASP,C_420_ALA)
printing pajek edge (C_419_ASP,C_422_LEU)
printing pajek edge (C_446_ALA,C_447_PHE)
printing pajek edge (C_496_VAL,C_497_ASP)
printing pajek edge (C_436_ASP,C_438_ASN)
printing pajek edge (C_436_ASP,C_439_ASN)
printing pajek edge (C_436_ASP,C_442_HIS)
printing pajek edge (C_436_ASP,C_440_ARG)
printing pajek edge (C_436_ASP,C_437_GLN)
printing pajek edge (C_436_ASP,C_441_GLU)
printing pajek edge (C_394_ILE,C_395_TYR)
printing pajek edge (C_469_CYS,C_470_PRO)
printing pajek edge (C_315_GLU,C_316_ALA)
printing pajek edge (C_315_GLU,C_318_SER)
printing pajek edge (C_338_LEU,C_342_VAL)
printing pajek edge (C_338_LEU,C_339_GLU)
printing pajek edge (C_338_LEU,C_341_LYS)
printing pajek edge (C_411_PHE,C_467_SER)
printing pajek edge (C_411_PHE,C_412_VAL)
printing pajek edge (C_441_GLU,C_442_HIS)
printing pajek edge (C_441_GLU,C_484_TYR)
printing pajek edge (C_474_PRO,C_478_MET)
printing pajek edge (C_474_PRO,C_477_LYS)
printing pajek edge (C_474_PRO,C_475_VAL)
printing pajek edge (C_475_VAL,C_476_SER)
printing pajek edge (C_491_PHE,C_492_ILE)
printing pajek edge (C_362_PRO,C_365_ARG)
printing pajek edge (C_362_PRO,C_366_GLN)
printing pajek edge (C_362_PRO,C_363_ARG)
printing pajek edge (C_323_GLN,C_326_ARG)
printing pajek edge (C_323_GLN,C_324_LEU)
printing pajek edge (C_323_GLN,C_327_SER)
printing pajek edge (C_413_VAL,C_464_ASN)
printing pajek edge (C_413_VAL,C_414_MET)
printing pajek edge (C_352_GLY,C_353_VAL)
printing pajek edge (C_352_GLY,C_382_TYR)
printing pajek edge (C_352_GLY,C_496_VAL)
printing pajek edge (C_432_LEU,C_445_ASP)
printing pajek edge (C_432_LEU,C_433_MET)
printing pajek edge (C_358_ILE,C_490_ILE)
printing pajek edge (C_358_ILE,C_359_SER)
printing pajek edge (C_320_LYS,C_321_VAL)
printing pajek edge (C_320_LYS,C_324_LEU)
printing pajek edge (C_485_VAL,C_486_ARG)
printing pajek edge (C_348_SER,C_350_TYR)
printing pajek edge (C_348_SER,C_349_THR)
printing pajek edge (C_336_ALA,C_340_GLN)
printing pajek edge (C_336_ALA,C_337_ASP)
printing pajek edge (C_336_ALA,C_339_GLU)
printing pajek edge (C_378_SER,C_392_LEU)
printing pajek edge (C_378_SER,C_379_PRO)
printing pajek edge (C_322_GLN,C_323_GLN)
printing pajek edge (C_322_GLN,C_326_ARG)
printing pajek edge (C_322_GLN,C_325_GLU)
printing pajek edge (C_341_LYS,C_342_VAL)
printing pajek edge (C_341_LYS,C_345_MET)
printing pajek edge (C_341_LYS,C_344_GLU)
printing pajek edge (C_395_TYR,C_396_LEU)
printing pajek edge (C_395_TYR,C_408_SER)
printing pajek edge (C_395_TYR,C_398_GLY)
printing pajek edge (C_395_TYR,C_397_ASN)
printing pajek edge (C_434_LEU,C_443_VAL)
printing pajek edge (C_434_LEU,C_435_LEU)
printing pajek edge (C_495_ILE,C_496_VAL)
printing pajek edge (C_414_MET,C_415_LYS)
printing pajek edge (C_494_ALA,C_495_ILE)
printing pajek edge (C_477_LYS,C_478_MET)
printing pajek edge (C_387_GLY,C_388_TYR)
printing pajek edge (C_389_LYS,C_414_MET)
printing pajek edge (C_389_LYS,C_390_MET)
printing pajek edge (C_497_ASP,C_498_LEU)
printing pajek edge (C_497_ASP,C_498_LEU)
printing pajek edge (C_497_ASP,C_499_THR)
printing pajek edge (C_497_ASP,C_499_THR)
printing pajek edge (C_376_ILE,C_377_PHE)
printing pajek edge (C_376_ILE,C_394_ILE)
printing pajek edge (C_423_ARG,C_424_TRP)
printing pajek edge (C_430_VAL,C_431_THR)
printing pajek edge (C_430_VAL,C_447_PHE)
printing pajek edge (C_407_LEU,C_473_CYS)
printing pajek edge (C_407_LEU,C_408_SER)
printing pajek edge (C_407_LEU,C_472_PHE)
printing pajek edge (C_418_ASN,C_419_ASP)
printing pajek edge (C_418_ASN,C_421_LEU)
printing pajek edge (C_418_ASN,C_422_LEU)
printing pajek edge (C_325_GLU,C_326_ARG)
printing pajek edge (C_325_GLU,C_328_ILE)
printing pajek edge (C_325_GLU,C_329_GLY)
printing pajek edge (C_428_GLN,C_497_ASP)
printing pajek edge (C_428_GLN,C_429_LYS)
printing pajek edge (C_428_GLN,C_499_THR)
printing pajek edge (C_467_SER,C_468_GLY)
printing pajek edge (C_457_GLN,C_464_ASN)
printing pajek edge (C_457_GLN,C_458_ARG)
printing pajek edge (C_406_HIS,C_407_LEU)
printing pajek edge (C_482_ASN,C_483_SER)
printing pajek edge (C_363_ARG,C_367_GLU)
printing pajek edge (C_363_ARG,C_367_GLU)
printing pajek edge (C_363_ARG,C_364_LYS)
printing pajek edge (C_363_ARG,C_366_GLN)
printing pajek edge (C_422_LEU,C_423_ARG)
printing pajek edge (C_402_GLY,C_405_THR)
printing pajek edge (C_402_GLY,C_403_ARG)
printing pajek edge (C_402_GLY,C_406_HIS)
printing pajek edge (C_489_ALA,C_490_ILE)
printing pajek edge (C_392_LEU,C_393_ARG)
printing pajek edge (C_448_ARG,C_449_PRO)
printing pajek edge (C_464_ASN,C_465_ILE)
printing pajek edge (C_438_ASN,C_439_ASN)
printing pajek edge (C_438_ASN,C_440_ARG)
printing pajek edge (C_438_ASN,C_486_ARG)
printing pajek edge (C_365_ARG,C_396_LEU)
printing pajek edge (C_365_ARG,C_368_ALA)
printing pajek edge (C_365_ARG,C_366_GLN)
printing pajek edge (C_365_ARG,C_397_ASN)
printing pajek edge (C_365_ARG,C_369_VAL)
printing pajek edge (C_354_PHE,C_378_SER)
printing pajek edge (C_354_PHE,C_494_ALA)
printing pajek edge (C_354_PHE,C_355_ILE)
printing pajek edge (C_379_PRO,C_380_ALA)
printing pajek edge (C_412_VAL,C_413_VAL)
printing pajek edge (C_327_SER,C_331_LYS)
printing pajek edge (C_327_SER,C_328_ILE)
printing pajek edge (C_327_SER,C_330_LEU)
printing pajek edge (C_356_TRP,C_357_LYS)
printing pajek edge (C_356_TRP,C_492_ILE)
printing pajek edge (C_356_TRP,C_492_ILE)
printing pajek edge (C_367_GLU,C_368_ALA)
printing pajek edge (C_367_GLU,C_372_ARG)
printing pajek edge (C_367_GLU,C_373_ILE)
printing pajek edge (C_488_ASP,C_489_ALA)
printing pajek edge (C_371_GLY,C_372_ARG)
printing pajek edge (C_360_ASP,C_488_ASP)
printing pajek edge (C_360_ASP,C_364_LYS)
printing pajek edge (C_360_ASP,C_361_PHE)
printing pajek edge (C_360_ASP,C_363_ARG)
printing pajek edge (C_381_PHE,C_382_TYR)
printing pajek edge (C_381_PHE,C_390_MET)
printing pajek edge (C_334_ALA,C_337_ASP)
printing pajek edge (C_334_ALA,C_338_LEU)
printing pajek edge (C_334_ALA,C_335_MET)
printing pajek edge (C_369_VAL,C_371_GLY)
printing pajek edge (C_369_VAL,C_370_ALA)
printing pajek edge (C_385_ARG,C_386_TYR)
printing pajek edge (C_383_THR,C_384_SER)
printing pajek edge (C_383_THR,C_388_TYR)
printing pajek edge (C_481_LYS,C_482_ASN)
printing pajek edge (C_316_ALA,C_319_SER)
printing pajek edge (C_316_ALA,C_317_LEU)
printing pajek edge (C_316_ALA,C_320_LYS)
printing pajek edge (C_451_VAL,C_452_THR)
printing pajek edge (C_451_VAL,C_457_GLN)
printing pajek edge (C_403_ARG,C_404_GLY)
printing pajek edge (C_431_THR,C_495_ILE)
printing pajek edge (C_431_THR,C_432_LEU)
printing pajek edge (C_459_PRO,C_460_VAL)
printing pajek edge (C_456_PHE,C_467_SER)
printing pajek edge (C_456_PHE,C_457_GLN)
printing pajek edge (C_345_MET,C_348_SER)
printing pajek edge (C_345_MET,C_346_GLU)
printing pajek edge (C_415_LYS,C_462_ASP)
printing pajek edge (C_415_LYS,C_460_VAL)
printing pajek edge (C_415_LYS,C_416_GLY)
printing pajek edge (C_443_VAL,C_444_ILE)
printing pajek edge (C_340_GLN,C_343_LEU)
printing pajek edge (C_340_GLN,C_341_LYS)
printing pajek edge (C_340_GLN,C_344_GLU)
printing pajek edge (C_343_LEU,C_347_ALA)
printing pajek edge (C_343_LEU,C_346_GLU)
printing pajek edge (C_343_LEU,C_344_GLU)
printing pajek edge (C_435_LEU,C_491_PHE)
printing pajek edge (C_435_LEU,C_436_ASP)
printing pajek edge (C_471_LEU,C_472_PHE)
printing pajek edge (C_449_PRO,C_451_VAL)
printing pajek edge (C_449_PRO,C_450_ASP)
printing pajek edge (C_355_ILE,C_356_TRP)
printing pajek edge (C_390_MET,C_391_CYS)
printing pajek edge (C_398_GLY,C_399_ASP)
printing pajek edge (C_374_PRO,C_375_ALA)
printing pajek edge (C_492_ILE,C_493_LYS)
printing pajek edge (C_465_ILE,C_466_ALA)
printing pajek edge (C_470_PRO,C_471_LEU)
printing pajek edge (C_470_PRO,C_472_PHE)
printing pajek edge (C_445_ASP,C_446_ALA)
printing pajek edge (C_445_ASP,C_446_ALA)
printing pajek edge (C_445_ASP,C_469_CYS)
printing pajek edge (C_368_ALA,C_371_GLY)
printing pajek edge (C_368_ALA,C_369_VAL)
printing pajek edge (C_437_GLN,C_438_ASN)
printing pajek edge (C_437_GLN,C_489_ALA)
printing pajek edge (C_437_GLN,C_484_TYR)
printing pajek edge (C_437_GLN,C_483_SER)
printing pajek edge (C_458_ARG,C_459_PRO)
printing pajek edge (C_473_CYS,C_474_PRO)
printing pajek edge (C_473_CYS,C_474_PRO)
printing pajek edge (C_357_LYS,C_358_ILE)
printing pajek edge (C_337_ASP,C_340_GLN)
printing pajek edge (C_337_ASP,C_341_LYS)
printing pajek edge (C_337_ASP,C_338_LEU)
printing pajek edge (C_361_PHE,C_365_ARG)
printing pajek edge (C_361_PHE,C_488_ASP)
printing pajek edge (C_361_PHE,C_364_LYS)
printing pajek edge (C_361_PHE,C_362_PRO)
printing pajek edge (C_328_ILE,C_331_LYS)
printing pajek edge (C_328_ILE,C_332_ASP)
printing pajek edge (C_328_ILE,C_329_GLY)
printing pajek edge (C_420_ALA,C_421_LEU)
printing pajek edge (C_321_VAL,C_322_GLN)
printing pajek edge (C_321_VAL,C_325_GLU)
printing pajek edge (C_400_GLY,C_403_ARG)
printing pajek edge (C_400_GLY,C_401_THR)
printing pajek edge (C_500_GLY,C_501_LEU)
printing pajek edge (C_351_ASP,C_353_VAL)
printing pajek edge (C_351_ASP,C_352_GLY)
printing pajek edge (C_351_ASP,C_352_GLY)
printing pajek edge (C_318_SER,C_321_VAL)
printing pajek edge (C_318_SER,C_319_SER)
printing pajek edge (C_318_SER,C_322_GLN)
printing pajek edge (C_498_LEU,C_501_LEU)
printing pajek edge (C_498_LEU,C_499_THR)
printing pajek edge (C_409_LEU,C_469_CYS)
printing pajek edge (C_409_LEU,C_410_PHE)
printing pajek edge (C_461_ASN,C_462_ASP)
printing pajek edge (C_366_GLN,C_367_GLU)
printing pajek edge (C_366_GLN,C_368_ALA)
printing pajek edge (C_366_GLN,C_370_ALA)
printing pajek edge (C_366_GLN,C_369_VAL)
printing pajek edge (C_324_LEU,C_328_ILE)
printing pajek edge (C_324_LEU,C_325_GLU)
printing pajek edge (C_324_LEU,C_327_SER)
printing pajek edge (C_426_PHE,C_427_ASN)
printing pajek edge (C_426_PHE,C_456_PHE)
printing pajek edge (C_426_PHE,C_428_GLN)
printing pajek edge (C_353_VAL,C_354_PHE)
printing pajek edge (C_319_SER,C_321_VAL)
printing pajek edge (C_319_SER,C_323_GLN)
printing pajek edge (C_319_SER,C_322_GLN)
printing pajek edge (C_319_SER,C_320_LYS)
printing pajek edge (C_349_THR,C_353_VAL)
printing pajek edge (C_349_THR,C_350_TYR)
printing pajek edge (C_349_THR,C_382_TYR)
printing pajek edge (C_484_TYR,C_485_VAL)
printing pajek edge (C_479_GLU,C_481_LYS)
printing pajek edge (C_479_GLU,C_480_ALA)
printing pajek edge (C_447_PHE,C_448_ARG)
printing pajek edge (C_486_ARG,C_487_ASP)
printing pajek edge (C_486_ARG,C_489_ALA)
