Graph START

Adding vertex (chain-B, position-8, res-PRO)
New vertex id: 0
1798 1799 1800 1801 1802 1803 1804 
Adding vertex (chain-B, position-9, res-ARG)
New vertex id: 1
1805 1806 1807 1808 1809 1810 1811 1812 1813 1814 1815 
Adding vertex (chain-B, position-10, res-ASP)
New vertex id: 2
1816 1817 1818 1819 1820 1821 1822 1823 
Adding vertex (chain-B, position-11, res-TYR)
New vertex id: 3
1824 1825 1826 1827 1828 1829 1830 1831 1832 1833 1834 1835 
Adding vertex (chain-B, position-12, res-ASN)
New vertex id: 4
1836 1837 1838 1839 1840 1841 1842 1843 
Adding vertex (chain-B, position-13, res-PRO)
New vertex id: 5
1844 1845 1846 1847 1848 1849 1850 
Adding vertex (chain-B, position-14, res-ILE)
New vertex id: 6
1851 1852 1853 1854 1855 1856 1857 1858 
Adding vertex (chain-B, position-15, res-SER)
New vertex id: 7
1859 1860 1861 1862 1863 1864 
Adding vertex (chain-B, position-16, res-SER)
New vertex id: 8
1865 1866 1867 1868 1869 1870 
Adding vertex (chain-B, position-17, res-THR)
New vertex id: 9
1871 1872 1873 1874 1875 1876 1877 
Adding vertex (chain-B, position-18, res-ILE)
New vertex id: 10
1878 1879 1880 1881 1882 1883 1884 1885 
Adding vertex (chain-B, position-19, res-CYS)
New vertex id: 11
1886 1887 1888 1889 1890 1891 
Adding vertex (chain-B, position-20, res-HIS)
New vertex id: 12
1892 1893 1894 1895 1896 1897 1898 1899 1900 1901 
Adding vertex (chain-B, position-21, res-LEU)
New vertex id: 13
1902 1903 1904 1905 1906 1907 1908 1909 
Adding vertex (chain-B, position-22, res-THR)
New vertex id: 14
1910 1911 1912 1913 1914 1915 1916 
Adding vertex (chain-B, position-23, res-ASN)
New vertex id: 15
1917 1918 1919 1920 1921 1922 1923 1924 
Adding vertex (chain-B, position-24, res-GLU)
New vertex id: 16
1925 1926 1927 1928 1929 1930 1931 1932 1933 
Adding vertex (chain-B, position-25, res-SER)
New vertex id: 17
1934 1935 1936 1937 1938 1939 
Adding vertex (chain-B, position-26, res-ASP)
New vertex id: 18
1940 1941 1942 1943 1944 1945 1946 1947 
Adding vertex (chain-B, position-27, res-GLY)
New vertex id: 19
1948 1949 1950 1951 
Adding vertex (chain-B, position-28, res-HIS)
New vertex id: 20
1952 1953 1954 1955 1956 1957 1958 1959 1960 1961 
Adding vertex (chain-B, position-29, res-THR)
New vertex id: 21
1962 1963 1964 1965 1966 1967 1968 
Adding vertex (chain-B, position-30, res-THR)
New vertex id: 22
1969 1970 1971 1972 1973 1974 1975 
Adding vertex (chain-B, position-31, res-SER)
New vertex id: 23
1976 1977 1978 1979 1980 1981 
Adding vertex (chain-B, position-32, res-LEU)
New vertex id: 24
1982 1983 1984 1985 1986 1987 1988 1989 
Adding vertex (chain-B, position-33, res-TYR)
New vertex id: 25
1990 1991 1992 1993 1994 1995 1996 1997 1998 1999 2000 2001 
Adding vertex (chain-B, position-34, res-GLY)
New vertex id: 26
2002 2003 2004 2005 
Adding vertex (chain-B, position-35, res-ILE)
New vertex id: 27
2006 2007 2008 2009 2010 2011 2012 2013 
Adding vertex (chain-B, position-36, res-GLY)
New vertex id: 28
2014 2015 2016 2017 
Adding vertex (chain-B, position-37, res-PHE)
New vertex id: 29
2018 2019 2020 2021 2022 2023 2024 2025 2026 2027 2028 
Adding vertex (chain-B, position-38, res-GLY)
New vertex id: 30
2029 2030 2031 2032 
Adding vertex (chain-B, position-39, res-PRO)
New vertex id: 31
2033 2034 2035 2036 2037 2038 2039 
Adding vertex (chain-B, position-40, res-PHE)
New vertex id: 32
2040 2041 2042 2043 2044 2045 2046 2047 2048 2049 2050 
Adding vertex (chain-B, position-41, res-ILE)
New vertex id: 33
2051 2052 2053 2054 2055 2056 2057 2058 
Adding vertex (chain-B, position-42, res-ILE)
New vertex id: 34
2059 2060 2061 2062 2063 2064 2065 2066 
Adding vertex (chain-B, position-43, res-THR)
New vertex id: 35
2067 2068 2069 2070 2071 2072 2073 
Adding vertex (chain-B, position-44, res-ASN)
New vertex id: 36
2074 2075 2076 2077 2078 2079 2080 2081 
Adding vertex (chain-B, position-45, res-LYS)
New vertex id: 37
2082 2083 2084 2085 2086 2087 2088 2089 2090 
Adding vertex (chain-B, position-46, res-HIS)
New vertex id: 38
2091 2092 2093 2094 2095 2096 2097 2098 2099 2100 
Adding vertex (chain-B, position-47, res-LEU)
New vertex id: 39
2101 2102 2103 2104 2105 2106 2107 2108 
Adding vertex (chain-B, position-48, res-PHE)
New vertex id: 40
2109 2110 2111 2112 2113 2114 2115 2116 2117 2118 2119 
Adding vertex (chain-B, position-49, res-ARG)
New vertex id: 41
2120 2121 2122 2123 2124 2125 2126 2127 2128 2129 2130 
Adding vertex (chain-B, position-50, res-ARG)
New vertex id: 42
2131 2132 2133 2134 2135 2136 2137 2138 2139 2140 2141 
Adding vertex (chain-B, position-51, res-ASN)
New vertex id: 43
2142 2143 2144 2145 2146 2147 2148 2149 
Adding vertex (chain-B, position-52, res-ASN)
New vertex id: 44
2150 2151 2152 2153 2154 2155 2156 2157 
Adding vertex (chain-B, position-53, res-GLY)
New vertex id: 45
2158 2159 2160 2161 
Adding vertex (chain-B, position-54, res-THR)
New vertex id: 46
2162 2163 2164 2165 2166 2167 2168 
Adding vertex (chain-B, position-55, res-LEU)
New vertex id: 47
2169 2170 2171 2172 2173 2174 2175 2176 
Adding vertex (chain-B, position-56, res-LEU)
New vertex id: 48
2177 2178 2179 2180 2181 2182 2183 2184 
Adding vertex (chain-B, position-57, res-VAL)
New vertex id: 49
2185 2186 2187 2188 2189 2190 2191 
Adding vertex (chain-B, position-58, res-GLN)
New vertex id: 50
2192 2193 2194 2195 2196 2197 2198 2199 2200 
Adding vertex (chain-B, position-59, res-SER)
New vertex id: 51
2201 2202 2203 2204 2205 2206 
Adding vertex (chain-B, position-60, res-LEU)
New vertex id: 52
2207 2208 2209 2210 2211 2212 2213 2214 
Adding vertex (chain-B, position-61, res-HIS)
New vertex id: 53
2215 2216 2217 2218 2219 2220 2221 2222 2223 2224 
Adding vertex (chain-B, position-62, res-GLY)
New vertex id: 54
2225 2226 2227 2228 
Adding vertex (chain-B, position-63, res-VAL)
New vertex id: 55
2229 2230 2231 2232 2233 2234 2235 
Adding vertex (chain-B, position-64, res-PHE)
New vertex id: 56
2236 2237 2238 2239 2240 2241 2242 2243 2244 2245 2246 
Adding vertex (chain-B, position-65, res-LYS)
New vertex id: 57
2247 2248 2249 2250 2251 2252 2253 2254 2255 
Adding vertex (chain-B, position-66, res-VAL)
New vertex id: 58
2256 2257 2258 2259 2260 2261 2262 
Adding vertex (chain-B, position-67, res-LYS)
New vertex id: 59
2263 2264 2265 2266 2267 2268 2269 2270 2271 
Adding vertex (chain-B, position-68, res-ASN)
New vertex id: 60
2272 2273 2274 2275 2276 2277 2278 2279 
Adding vertex (chain-B, position-69, res-THR)
New vertex id: 61
2280 2281 2282 2283 2284 2285 2286 
Adding vertex (chain-B, position-70, res-THR)
New vertex id: 62
2287 2288 2289 2290 2291 2292 2293 
Adding vertex (chain-B, position-71, res-THR)
New vertex id: 63
2294 2295 2296 2297 2298 2299 2300 
Adding vertex (chain-B, position-72, res-LEU)
New vertex id: 64
2301 2302 2303 2304 2305 2306 2307 2308 
Adding vertex (chain-B, position-73, res-GLN)
New vertex id: 65
2309 2310 2311 2312 2313 2314 2315 2316 2317 
Adding vertex (chain-B, position-74, res-GLN)
New vertex id: 66
2318 2319 2320 2321 2322 2323 2324 2325 2326 
Adding vertex (chain-B, position-75, res-HIS)
New vertex id: 67
2327 2328 2329 2330 2331 2332 2333 2334 2335 2336 
Adding vertex (chain-B, position-76, res-LEU)
New vertex id: 68
2337 2338 2339 2340 2341 2342 2343 2344 
Adding vertex (chain-B, position-77, res-ILE)
New vertex id: 69
2345 2346 2347 2348 2349 2350 2351 2352 
Adding vertex (chain-B, position-78, res-ASP)
New vertex id: 70
2353 2354 2355 2356 2357 2358 2359 2360 
Adding vertex (chain-B, position-79, res-GLY)
New vertex id: 71
2361 2362 2363 2364 
Adding vertex (chain-B, position-80, res-ARG)
New vertex id: 72
2365 2366 2367 2368 2369 2370 2371 2372 2373 2374 2375 
Adding vertex (chain-B, position-81, res-ASP)
New vertex id: 73
2376 2377 2378 2379 2380 2381 2382 2383 
Adding vertex (chain-B, position-82, res-MET)
New vertex id: 74
2384 2385 2386 2387 2388 2389 2390 2391 
Adding vertex (chain-B, position-83, res-ILE)
New vertex id: 75
2392 2393 2394 2395 2396 2397 2398 2399 
Adding vertex (chain-B, position-84, res-ILE)
New vertex id: 76
2400 2401 2402 2403 2404 2405 2406 2407 
Adding vertex (chain-B, position-85, res-ILE)
New vertex id: 77
2408 2409 2410 2411 2412 2413 2414 2415 
Adding vertex (chain-B, position-86, res-ARG)
New vertex id: 78
2416 2417 2418 2419 2420 2421 2422 2423 2424 2425 2426 
Adding vertex (chain-B, position-87, res-MET)
New vertex id: 79
2427 2428 2429 2430 2431 2432 2433 2434 
Adding vertex (chain-B, position-88, res-PRO)
New vertex id: 80
2435 2436 2437 2438 2439 2440 2441 
Adding vertex (chain-B, position-89, res-LYS)
New vertex id: 81
2442 2443 2444 2445 2446 2447 2448 2449 2450 
Adding vertex (chain-B, position-90, res-ASP)
New vertex id: 82
2451 2452 2453 2454 2455 2456 2457 2458 
Adding vertex (chain-B, position-91, res-PHE)
New vertex id: 83
2459 2460 2461 2462 2463 2464 2465 2466 2467 2468 2469 
Adding vertex (chain-B, position-92, res-PRO)
New vertex id: 84
2470 2471 2472 2473 2474 2475 2476 
Adding vertex (chain-B, position-93, res-PRO)
New vertex id: 85
2477 2478 2479 2480 2481 2482 2483 
Adding vertex (chain-B, position-94, res-PHE)
New vertex id: 86
2484 2485 2486 2487 2488 2489 2490 2491 2492 2493 2494 
Adding vertex (chain-B, position-95, res-PRO)
New vertex id: 87
2495 2496 2497 2498 2499 2500 2501 
Adding vertex (chain-B, position-96, res-GLN)
New vertex id: 88
2502 2503 2504 2505 2506 2507 2508 2509 2510 
Adding vertex (chain-B, position-97, res-LYS)
New vertex id: 89
2511 2512 2513 2514 2515 2516 2517 2518 2519 
Adding vertex (chain-B, position-98, res-LEU)
New vertex id: 90
2520 2521 2522 2523 2524 2525 2526 2527 
Adding vertex (chain-B, position-99, res-LYS)
New vertex id: 91
2528 2529 2530 2531 2532 2533 2534 2535 2536 
Adding vertex (chain-B, position-100, res-PHE)
New vertex id: 92
2537 2538 2539 2540 2541 2542 2543 2544 2545 2546 2547 
Adding vertex (chain-B, position-101, res-ARG)
New vertex id: 93
2548 2549 2550 2551 2552 2553 2554 2555 2556 2557 2558 
Adding vertex (chain-B, position-102, res-GLU)
New vertex id: 94
2559 2560 2561 2562 2563 2564 2565 2566 2567 
Adding vertex (chain-B, position-103, res-PRO)
New vertex id: 95
2568 2569 2570 2571 2572 2573 2574 
Adding vertex (chain-B, position-104, res-GLN)
New vertex id: 96
2575 2576 2577 2578 2579 2580 2581 2582 2583 
Adding vertex (chain-B, position-105, res-ARG)
New vertex id: 97
2584 2585 2586 2587 2588 2589 2590 2591 2592 2593 2594 
Adding vertex (chain-B, position-106, res-GLU)
New vertex id: 98
2595 2596 2597 2598 2599 2600 2601 2602 2603 
Adding vertex (chain-B, position-107, res-GLU)
New vertex id: 99
2604 2605 2606 2607 2608 2609 2610 2611 2612 
Adding vertex (chain-B, position-108, res-ARG)
New vertex id: 100
2613 2614 2615 2616 2617 2618 2619 2620 2621 2622 2623 
Adding vertex (chain-B, position-109, res-ILE)
New vertex id: 101
2624 2625 2626 2627 2628 2629 2630 2631 
Adding vertex (chain-B, position-110, res-CYS)
New vertex id: 102
2632 2633 2634 2635 2636 2637 
Adding vertex (chain-B, position-111, res-LEU)
New vertex id: 103
2638 2639 2640 2641 2642 2643 2644 2645 
Adding vertex (chain-B, position-112, res-VAL)
New vertex id: 104
2646 2647 2648 2649 2650 2651 2652 
Adding vertex (chain-B, position-113, res-THR)
New vertex id: 105
2653 2654 2655 2656 2657 2658 2659 
Adding vertex (chain-B, position-114, res-THR)
New vertex id: 106
2660 2661 2662 2663 2664 2665 2666 
Adding vertex (chain-B, position-115, res-ASN)
New vertex id: 107
2667 2668 2669 2670 2671 2672 2673 2674 
Adding vertex (chain-B, position-116, res-PHE)
New vertex id: 108
2675 2676 2677 2678 2679 2680 2681 2682 2683 2684 2685 
Adding vertex (chain-B, position-117, res-GLN)
New vertex id: 109
2686 2687 2688 2689 2690 2691 2692 2693 2694 
Adding vertex (chain-B, position-118, res-THR)
New vertex id: 110
2695 2696 2697 2698 2699 2700 2701 
Adding vertex (chain-B, position-119, res-LYS)
New vertex id: 111
2702 2703 2704 2705 2706 2707 2708 2709 2710 
Adding vertex (chain-B, position-120, res-SER)
New vertex id: 112
2711 2712 2713 2714 2715 2716 
Adding vertex (chain-B, position-121, res-MET)
New vertex id: 113
2717 2718 2719 2720 2721 2722 2723 2724 
Adding vertex (chain-B, position-122, res-SER)
New vertex id: 114
2725 2726 2727 2728 2729 2730 
Adding vertex (chain-B, position-123, res-SER)
New vertex id: 115
2731 2732 2733 2734 2735 2736 
Adding vertex (chain-B, position-124, res-MET)
New vertex id: 116
2737 2738 2739 2740 2741 2742 2743 2744 
Adding vertex (chain-B, position-125, res-VAL)
New vertex id: 117
2745 2746 2747 2748 2749 2750 2751 
Adding vertex (chain-B, position-126, res-SER)
New vertex id: 118
2752 2753 2754 2755 2756 2757 
Adding vertex (chain-B, position-127, res-ASP)
New vertex id: 119
2758 2759 2760 2761 2762 2763 2764 2765 
Adding vertex (chain-B, position-128, res-THR)
New vertex id: 120
2766 2767 2768 2769 2770 2771 2772 
Adding vertex (chain-B, position-129, res-SER)
New vertex id: 121
2773 2774 2775 2776 2777 2778 
Adding vertex (chain-B, position-130, res-CYS)
New vertex id: 122
2779 2780 2781 2782 2783 2784 
Adding vertex (chain-B, position-131, res-THR)
New vertex id: 123
2785 2786 2787 2788 2789 2790 2791 
Adding vertex (chain-B, position-132, res-PHE)
New vertex id: 124
2792 2793 2794 2795 2796 2797 2798 2799 2800 2801 2802 
Adding vertex (chain-B, position-133, res-PRO)
New vertex id: 125
2803 2804 2805 2806 2807 2808 2809 
Adding vertex (chain-B, position-134, res-SER)
New vertex id: 126
2810 2811 2812 2813 2814 2815 
Adding vertex (chain-B, position-135, res-SER)
New vertex id: 127
2816 2817 2818 2819 2820 2821 
Adding vertex (chain-B, position-136, res-ASP)
New vertex id: 128
2822 2823 2824 2825 2826 2827 2828 2829 
Adding vertex (chain-B, position-137, res-GLY)
New vertex id: 129
2830 2831 2832 2833 
Adding vertex (chain-B, position-138, res-ILE)
New vertex id: 130
2834 2835 2836 2837 2838 2839 2840 2841 
Adding vertex (chain-B, position-139, res-PHE)
New vertex id: 131
2842 2843 2844 2845 2846 2847 2848 2849 2850 2851 2852 
Adding vertex (chain-B, position-140, res-TRP)
New vertex id: 132
2853 2854 2855 2856 2857 2858 2859 2860 2861 2862 2863 2864 2865 2866 
Adding vertex (chain-B, position-141, res-LYS)
New vertex id: 133
2867 2868 2869 2870 2871 2872 2873 2874 2875 
Adding vertex (chain-B, position-142, res-HIS)
New vertex id: 134
2876 2877 2878 2879 2880 2881 2882 2883 2884 2885 
Adding vertex (chain-B, position-143, res-TRP)
New vertex id: 135
2886 2887 2888 2889 2890 2891 2892 2893 2894 2895 2896 2897 2898 2899 
Adding vertex (chain-B, position-144, res-ILE)
New vertex id: 136
2900 2901 2902 2903 2904 2905 2906 2907 
Adding vertex (chain-B, position-145, res-GLN)
New vertex id: 137
2908 2909 2910 2911 2912 2913 2914 2915 2916 
Adding vertex (chain-B, position-146, res-THR)
New vertex id: 138
2917 2918 2919 2920 2921 2922 2923 
Adding vertex (chain-B, position-147, res-LYS)
New vertex id: 139
2924 2925 2926 2927 2928 2929 2930 2931 2932 
Adding vertex (chain-B, position-148, res-ASP)
New vertex id: 140
2933 2934 2935 2936 2937 2938 2939 2940 
Adding vertex (chain-B, position-149, res-GLY)
New vertex id: 141
2941 2942 2943 2944 
Adding vertex (chain-B, position-150, res-GLN)
New vertex id: 142
2945 2946 2947 2948 2949 2950 2951 2952 2953 
Adding vertex (chain-B, position-151, res-ALA)
New vertex id: 143
2954 2955 2956 2957 2958 
Adding vertex (chain-B, position-152, res-GLY)
New vertex id: 144
2959 2960 2961 2962 
Adding vertex (chain-B, position-153, res-SER)
New vertex id: 145
2963 2964 2965 2966 2967 2968 
Adding vertex (chain-B, position-154, res-PRO)
New vertex id: 146
2969 2970 2971 2972 2973 2974 2975 
Adding vertex (chain-B, position-155, res-LEU)
New vertex id: 147
2976 2977 2978 2979 2980 2981 2982 2983 
Adding vertex (chain-B, position-156, res-VAL)
New vertex id: 148
2984 2985 2986 2987 2988 2989 2990 
Adding vertex (chain-B, position-157, res-SER)
New vertex id: 149
2991 2992 2993 2994 2995 2996 
Adding vertex (chain-B, position-158, res-THR)
New vertex id: 150
2997 2998 2999 3000 3001 3002 3003 
Adding vertex (chain-B, position-159, res-ARG)
New vertex id: 151
3004 3005 3006 3007 3008 3009 3010 3011 3012 3013 3014 
Adding vertex (chain-B, position-160, res-ASP)
New vertex id: 152
3015 3016 3017 3018 3019 3020 3021 3022 
Adding vertex (chain-B, position-161, res-GLY)
New vertex id: 153
3023 3024 3025 3026 
Adding vertex (chain-B, position-162, res-PHE)
New vertex id: 154
3027 3028 3029 3030 3031 3032 3033 3034 3035 3036 3037 
Adding vertex (chain-B, position-163, res-ILE)
New vertex id: 155
3038 3039 3040 3041 3042 3043 3044 3045 
Adding vertex (chain-B, position-164, res-VAL)
New vertex id: 156
3046 3047 3048 3049 3050 3051 3052 
Adding vertex (chain-B, position-165, res-GLY)
New vertex id: 157
3053 3054 3055 3056 
Adding vertex (chain-B, position-166, res-ILE)
New vertex id: 158
3057 3058 3059 3060 3061 3062 3063 3064 
Adding vertex (chain-B, position-167, res-HIS)
New vertex id: 159
3065 3066 3067 3068 3069 3070 3071 3072 3073 3074 
Adding vertex (chain-B, position-168, res-SER)
New vertex id: 160
3075 3076 3077 3078 3079 3080 
Adding vertex (chain-B, position-169, res-ALA)
New vertex id: 161
3081 3082 3083 3084 3085 
Adding vertex (chain-B, position-170, res-SER)
New vertex id: 162
3086 3087 3088 3089 3090 3091 
Adding vertex (chain-B, position-171, res-ASN)
New vertex id: 163
3092 3093 3094 3095 3096 3097 3098 3099 
Adding vertex (chain-B, position-172, res-PHE)
New vertex id: 164
3100 3101 3102 3103 3104 3105 3106 3107 3108 3109 3110 
Adding vertex (chain-B, position-173, res-THR)
New vertex id: 165
3111 3112 3113 3114 3115 3116 3117 
Adding vertex (chain-B, position-174, res-ASN)
New vertex id: 166
3118 3119 3120 3121 3122 3123 3124 3125 
Adding vertex (chain-B, position-175, res-THR)
New vertex id: 167
3126 3127 3128 3129 3130 3131 3132 
Adding vertex (chain-B, position-176, res-ASN)
New vertex id: 168
3133 3134 3135 3136 3137 3138 3139 3140 
Adding vertex (chain-B, position-177, res-ASN)
New vertex id: 169
3141 3142 3143 3144 3145 3146 3147 3148 
Adding vertex (chain-B, position-178, res-TYR)
New vertex id: 170
3149 3150 3151 3152 3153 3154 3155 3156 3157 3158 3159 3160 
Adding vertex (chain-B, position-179, res-PHE)
New vertex id: 171
3161 3162 3163 3164 3165 3166 3167 3168 3169 3170 3171 
Adding vertex (chain-B, position-180, res-THR)
New vertex id: 172
3172 3173 3174 3175 3176 3177 3178 
Adding vertex (chain-B, position-181, res-SER)
New vertex id: 173
3179 3180 3181 3182 3183 3184 
Adding vertex (chain-B, position-182, res-VAL)
New vertex id: 174
3185 3186 3187 3188 3189 3190 3191 
Adding vertex (chain-B, position-183, res-PRO)
New vertex id: 175
3192 3193 3194 3195 3196 3197 3198 
Adding vertex (chain-B, position-184, res-LYS)
New vertex id: 176
3199 3200 3201 3202 3203 3204 3205 3206 3207 
Adding vertex (chain-B, position-185, res-ASN)
New vertex id: 177
3208 3209 3210 3211 3212 3213 3214 3215 
Adding vertex (chain-B, position-186, res-PHE)
New vertex id: 178
3216 3217 3218 3219 3220 3221 3222 3223 3224 3225 3226 
Adding vertex (chain-B, position-187, res-MET)
New vertex id: 179
3227 3228 3229 3230 3231 3232 3233 3234 
Adding vertex (chain-B, position-188, res-GLU)
New vertex id: 180
3235 3236 3237 3238 3239 3240 3241 3242 3243 
Adding vertex (chain-B, position-189, res-LEU)
New vertex id: 181
3244 3245 3246 3247 3248 3249 3250 3251 
Adding vertex (chain-B, position-190, res-LEU)
New vertex id: 182
3252 3253 3254 3255 3256 3257 3258 3259 
Adding vertex (chain-B, position-191, res-THR)
New vertex id: 183
3260 3261 3262 3263 3264 3265 3266 
Adding vertex (chain-B, position-192, res-ASN)
New vertex id: 184
3267 3268 3269 3270 3271 3272 3273 3274 
Adding vertex (chain-B, position-193, res-GLN)
New vertex id: 185
3275 3276 3277 3278 3279 3280 3281 3282 3283 
Adding vertex (chain-B, position-194, res-GLU)
New vertex id: 186
3284 3285 3286 3287 3288 3289 3290 3291 3292 
Adding vertex (chain-B, position-195, res-ALA)
New vertex id: 187
3293 3294 3295 3296 3297 
Adding vertex (chain-B, position-196, res-GLN)
New vertex id: 188
3298 3299 3300 3301 3302 3303 3304 3305 3306 
Adding vertex (chain-B, position-197, res-GLN)
New vertex id: 189
3307 3308 3309 3310 3311 3312 3313 3314 3315 
Adding vertex (chain-B, position-198, res-TRP)
New vertex id: 190
3316 3317 3318 3319 3320 3321 3322 3323 3324 3325 3326 3327 3328 3329 
Adding vertex (chain-B, position-199, res-VAL)
New vertex id: 191
3330 3331 3332 3333 3334 3335 3336 
Adding vertex (chain-B, position-200, res-SER)
New vertex id: 192
3337 3338 3339 3340 3341 3342 
Adding vertex (chain-B, position-201, res-GLY)
New vertex id: 193
3343 3344 3345 3346 
Adding vertex (chain-B, position-202, res-TRP)
New vertex id: 194
3347 3348 3349 3350 3351 3352 3353 3354 3355 3356 3357 3358 3359 3360 
Adding vertex (chain-B, position-203, res-ARG)
New vertex id: 195
3361 3362 3363 3364 3365 3366 3367 3368 3369 3370 3371 
Adding vertex (chain-B, position-204, res-LEU)
New vertex id: 196
3372 3373 3374 3375 3376 3377 3378 3379 
Adding vertex (chain-B, position-205, res-ASN)
New vertex id: 197
3380 3381 3382 3383 3384 3385 3386 3387 
Adding vertex (chain-B, position-206, res-ALA)
New vertex id: 198
3388 3389 3390 3391 3392 
Adding vertex (chain-B, position-207, res-ASP)
New vertex id: 199
3393 3394 3395 3396 3397 3398 3399 3400 
Adding vertex (chain-B, position-208, res-SER)
New vertex id: 200
3401 3402 3403 3404 3405 3406 
Adding vertex (chain-B, position-209, res-VAL)
New vertex id: 201
3407 3408 3409 3410 3411 3412 3413 
Adding vertex (chain-B, position-210, res-LEU)
New vertex id: 202
3414 3415 3416 3417 3418 3419 3420 3421 
Adding vertex (chain-B, position-211, res-TRP)
New vertex id: 203
3422 3423 3424 3425 3426 3427 3428 3429 3430 3431 3432 3433 3434 3435 
Adding vertex (chain-B, position-212, res-GLY)
New vertex id: 204
3436 3437 3438 3439 
Adding vertex (chain-B, position-213, res-GLY)
New vertex id: 205
3440 3441 3442 3443 
Adding vertex (chain-B, position-214, res-HIS)
New vertex id: 206
3444 3445 3446 3447 3448 3449 3450 3451 3452 3453 
Adding vertex (chain-B, position-215, res-LYS)
New vertex id: 207
3454 3455 3456 3457 3458 3459 3460 3461 3462 
Adding vertex (chain-B, position-216, res-VAL)
New vertex id: 208
3463 3464 3465 3466 3467 3468 3469 
Adding vertex (chain-B, position-217, res-PHE)
New vertex id: 209
3470 3471 3472 3473 3474 3475 3476 3477 3478 3479 3480 
Adding vertex (chain-B, position-218, res-MET)
New vertex id: 210
3481 3482 3483 3484 3485 3486 3487 3488 
Adding vertex (chain-B, position-219, res-SER)
New vertex id: 211
3489 3490 3491 3492 3493 3494 
Adding vertex (chain-B, position-220, res-LYS)
New vertex id: 212
3495 3496 3497 3498 3499 3500 3501 3502 3503 
Adding vertex (chain-B, position-221, res-PRO)
New vertex id: 213
3504 3505 3506 3507 3508 3509 3510 
Graph DONE

( reduce -FLIPs 1LVM.pdb > 1LVM.H.pdb ) >& /dev/null
Reduce (-FLIPs) returned 256
( bndlst -Radius0.3 1LVM.H.pdb > 1LVM.H.bndlst ) >& /dev/null
BndLst returned 0
Parsing 1LVM.H.bndlst

bndlst START
Adding bndlst edge: (B_P8_MC -> B_R9_MC) type[cov], weight[1.00] from 0 to 1 dist[1.33]
Adding bndlst edge: (B_R9_MC -> B_D10_MC) type[cov], weight[1.00] from 1 to 2 dist[1.33]
Adding bndlst edge: (B_R9_SC -> B_R159_MC) type[hb], weight[0.48] from 1 to 151 dist[2.90]
Adding bndlst edge: (B_R9_SC -> B_T158_MC) type[hb], weight[0.93] from 1 to 150 dist[2.07]
Adding bndlst edge: (B_R9_SC -> B_R159_MC) type[hb], weight[0.86] from 1 to 151 dist[2.15]
Adding bndlst edge: (B_D10_MC -> B_Y11_MC) type[cov], weight[1.00] from 2 to 3 dist[1.33]
Adding bndlst edge: (B_D10_SC -> B_N12_SC) type[hb], weight[0.46] from 2 to 4 dist[2.95]
Adding bndlst edge: (B_D10_SC -> B_N12_MC) type[hb], weight[0.95] from 2 to 4 dist[2.05]
Adding bndlst edge: (B_Y11_MC -> B_N12_MC) type[cov], weight[1.00] from 3 to 4 dist[1.33]
Adding bndlst edge: (B_Y11_MC -> B_S15_MC) type[hb], weight[1.02] from 3 to 7 dist[1.98]
Adding bndlst edge: (B_Y11_MC -> B_I14_MC) type[hb], weight[0.94] from 3 to 6 dist[2.07]
Adding bndlst edge: (B_Y11_SC -> B_C110_SC) type[hb], weight[0.43] from 3 to 102 dist[3.05]
Adding bndlst edge: (B_Y11_SC -> B_C110_SC) type[hb], weight[0.55] from 3 to 102 dist[2.70]
Adding bndlst edge: (B_Y11_SC -> B_C110_SC) type[hb], weight[0.57] from 3 to 102 dist[2.64]
Adding bndlst edge: (B_Y11_SC -> B_C110_SC) type[hb], weight[0.35] from 3 to 102 dist[3.39]
Adding bndlst edge: (B_N12_MC -> B_P13_MC) type[cov], weight[1.00] from 4 to 5 dist[1.35]
Adding bndlst edge: (B_N12_MC -> B_S16_SC) type[hb], weight[1.11] from 4 to 8 dist[1.90]
Adding bndlst edge: (B_N12_MC -> B_S16_MC) type[hb], weight[1.09] from 4 to 8 dist[1.92]
Adding bndlst edge: (B_N12_MC -> B_I14_MC) type[hb], weight[0.50] from 4 to 6 dist[2.82]
Adding bndlst edge: (B_N12_SC -> B_S15_SC) type[hb], weight[0.47] from 4 to 7 dist[2.93]
Adding bndlst edge: (B_P13_MC -> B_I14_MC) type[cov], weight[1.00] from 5 to 6 dist[1.33]
Adding bndlst edge: (B_I14_MC -> B_S15_MC) type[cov], weight[1.00] from 6 to 7 dist[1.33]
Adding bndlst edge: (B_I14_MC -> B_T17_SC) type[hb], weight[1.13] from 6 to 9 dist[1.88]
Adding bndlst edge: (B_I14_MC -> B_T17_MC) type[hb], weight[1.01] from 6 to 9 dist[1.99]
Adding bndlst edge: (B_S15_MC -> B_S16_MC) type[cov], weight[1.00] from 7 to 8 dist[1.33]
Adding bndlst edge: (B_S15_MC -> B_I18_MC) type[hb], weight[0.81] from 7 to 10 dist[2.22]
Adding bndlst edge: (B_S15_MC -> B_T114_SC) type[hb], weight[0.91] from 7 to 106 dist[2.09]
Adding bndlst edge: (B_S16_MC -> B_T17_MC) type[cov], weight[1.00] from 8 to 9 dist[1.33]
Adding bndlst edge: (B_T17_MC -> B_I18_MC) type[cov], weight[1.00] from 9 to 10 dist[1.33]
Adding bndlst edge: (B_T17_MC -> B_G36_MC) type[hb], weight[1.20] from 9 to 28 dist[1.83]
Adding bndlst edge: (B_I18_MC -> B_C19_MC) type[cov], weight[1.00] from 10 to 11 dist[1.32]
Adding bndlst edge: (B_C19_MC -> B_H20_MC) type[cov], weight[1.00] from 11 to 12 dist[1.32]
Adding bndlst edge: (B_C19_MC -> B_G34_MC) type[hb], weight[1.07] from 11 to 26 dist[1.94]
Adding bndlst edge: (B_C19_MC -> B_G34_MC) type[hb], weight[1.18] from 11 to 26 dist[1.84]
Adding bndlst edge: (B_C19_SC -> B_F94_SC) type[hb], weight[0.42] from 11 to 86 dist[3.10]
Adding bndlst edge: (B_C19_SC -> B_F94_SC) type[hb], weight[0.41] from 11 to 86 dist[3.14]
Adding bndlst edge: (B_H20_MC -> B_L21_MC) type[cov], weight[1.00] from 12 to 13 dist[1.33]
Adding bndlst edge: (B_H20_MC -> B_Q58_MC) type[hb], weight[1.04] from 12 to 50 dist[1.96]
Adding bndlst edge: (B_H20_MC -> B_Q58_MC) type[hb], weight[1.21] from 12 to 50 dist[1.82]
Adding bndlst edge: (B_H20_SC -> B_Y33_SC) type[hb], weight[0.48] from 12 to 25 dist[2.89]
Adding bndlst edge: (B_H20_SC -> B_Y33_SC) type[hb], weight[0.72] from 12 to 25 dist[2.35]
Adding bndlst edge: (B_H20_SC -> B_Y33_SC) type[hb], weight[0.56] from 12 to 25 dist[2.67]
Adding bndlst edge: (B_H20_SC -> B_Y33_SC) type[hb], weight[0.61] from 12 to 25 dist[2.57]
Adding bndlst edge: (B_H20_SC -> B_Y33_SC) type[hb], weight[0.41] from 12 to 25 dist[3.12]
Adding bndlst edge: (B_H20_SC -> B_Y33_SC) type[hb], weight[0.43] from 12 to 25 dist[3.04]
Adding bndlst edge: (B_H20_SC -> B_Y33_SC) type[hb], weight[0.37] from 12 to 25 dist[3.31]
Adding bndlst edge: (B_H20_SC -> B_T22_SC) type[hb], weight[0.45] from 12 to 14 dist[2.98]
Adding bndlst edge: (B_L21_MC -> B_T22_MC) type[cov], weight[1.00] from 13 to 14 dist[1.33]
Adding bndlst edge: (B_L21_MC -> B_L32_MC) type[hb], weight[1.00] from 13 to 24 dist[2.00]
Adding bndlst edge: (B_L21_MC -> B_L32_MC) type[cov], weight[1.00] from 13 to 24 dist[1.61]
Adding bndlst edge: (B_T22_MC -> B_N23_MC) type[cov], weight[1.00] from 14 to 15 dist[1.33]
Adding bndlst edge: (B_T22_MC -> B_L56_MC) type[hb], weight[1.05] from 14 to 48 dist[1.95]
Adding bndlst edge: (B_T22_MC -> B_L56_MC) type[hb], weight[0.92] from 14 to 48 dist[2.09]
Adding bndlst edge: (B_N23_MC -> B_E24_MC) type[cov], weight[1.00] from 15 to 16 dist[1.33]
Adding bndlst edge: (B_N23_MC -> B_T30_MC) type[hb], weight[0.99] from 15 to 22 dist[2.01]
Adding bndlst edge: (B_N23_SC -> B_S25_SC) type[hb], weight[0.98] from 15 to 17 dist[2.02]
Adding bndlst edge: (B_N23_MC -> B_T30_MC) type[hb], weight[1.37] from 15 to 22 dist[1.71]
Adding bndlst edge: (B_N23_SC -> B_R50_MC) type[hb], weight[0.72] from 15 to 42 dist[2.36]
Adding bndlst edge: (B_N23_SC -> B_L47_MC) type[hb], weight[0.94] from 15 to 39 dist[2.07]
Adding bndlst edge: (B_E24_MC -> B_S25_MC) type[cov], weight[1.00] from 16 to 17 dist[1.33]
Adding bndlst edge: (B_E24_MC -> B_T54_MC) type[hb], weight[1.02] from 16 to 46 dist[1.98]
Adding bndlst edge: (B_E24_MC -> B_T54_MC) type[hb], weight[1.10] from 16 to 46 dist[1.91]
Adding bndlst edge: (B_S25_MC -> B_D26_MC) type[cov], weight[1.00] from 17 to 18 dist[1.33]
Adding bndlst edge: (B_S25_MC -> B_H28_MC) type[hb], weight[1.28] from 17 to 20 dist[1.77]
Adding bndlst edge: (B_S25_SC -> B_N52_MC) type[hb], weight[0.83] from 17 to 44 dist[2.20]
Adding bndlst edge: (B_S25_MC -> B_H28_MC) type[hb], weight[1.24] from 17 to 20 dist[1.79]
Adding bndlst edge: (B_D26_MC -> B_G27_MC) type[cov], weight[1.00] from 18 to 19 dist[1.33]
Adding bndlst edge: (B_D26_MC -> B_H28_MC) type[hb], weight[0.45] from 18 to 20 dist[3.00]
Adding bndlst edge: (B_D26_SC -> B_N52_SC) type[hb], weight[1.05] from 18 to 44 dist[1.95]
Adding bndlst edge: (B_G27_MC -> B_H28_MC) type[cov], weight[1.00] from 19 to 20 dist[1.33]
Adding bndlst edge: (B_H28_MC -> B_T29_MC) type[cov], weight[1.00] from 20 to 21 dist[1.33]
Adding bndlst edge: (B_H28_SC -> B_R50_SC) type[hb], weight[0.47] from 20 to 42 dist[2.93]
Adding bndlst edge: (B_T29_MC -> B_T30_MC) type[cov], weight[1.00] from 21 to 22 dist[1.32]
Adding bndlst edge: (B_T30_MC -> B_S31_MC) type[cov], weight[1.00] from 22 to 23 dist[1.32]
Adding bndlst edge: (B_T30_SC -> B_R50_SC) type[hb], weight[0.55] from 22 to 42 dist[2.69]
Adding bndlst edge: (B_S31_MC -> B_L32_MC) type[cov], weight[1.00] from 23 to 24 dist[1.32]
Adding bndlst edge: (B_L32_MC -> B_Y33_MC) type[cov], weight[1.00] from 24 to 25 dist[1.33]
Adding bndlst edge: (B_Y33_MC -> B_G34_MC) type[cov], weight[1.00] from 25 to 26 dist[1.33]
Adding bndlst edge: (B_Y33_MC -> B_T43_SC) type[hb], weight[1.24] from 25 to 35 dist[1.80]
Adding bndlst edge: (B_Y33_MC -> B_A151_MC) type[hb], weight[1.27] from 25 to 143 dist[1.78]
Adding bndlst edge: (B_G34_MC -> B_I35_MC) type[cov], weight[1.00] from 26 to 27 dist[1.32]
Adding bndlst edge: (B_I35_MC -> B_G36_MC) type[cov], weight[1.00] from 27 to 28 dist[1.33]
Adding bndlst edge: (B_I35_MC -> B_I42_MC) type[hb], weight[1.24] from 27 to 34 dist[1.79]
Adding bndlst edge: (B_I35_MC -> B_I42_MC) type[hb], weight[1.27] from 27 to 34 dist[1.77]
Adding bndlst edge: (B_G36_MC -> B_F37_MC) type[cov], weight[1.00] from 28 to 29 dist[1.33]
Adding bndlst edge: (B_F37_MC -> B_G38_MC) type[cov], weight[1.00] from 29 to 30 dist[1.33]
Adding bndlst edge: (B_F37_MC -> B_F40_MC) type[hb], weight[1.15] from 29 to 32 dist[1.87]
Adding bndlst edge: (B_F37_MC -> B_F40_MC) type[hb], weight[1.10] from 29 to 32 dist[1.91]
Adding bndlst edge: (B_G38_MC -> B_P39_MC) type[cov], weight[1.00] from 30 to 31 dist[1.34]
Adding bndlst edge: (B_G38_MC -> B_F94_MC) type[hb], weight[1.25] from 30 to 86 dist[1.79]
Adding bndlst edge: (B_G38_MC -> B_F40_MC) type[hb], weight[0.47] from 30 to 32 dist[2.92]
Adding bndlst edge: (B_G38_MC -> B_P95_MC) type[hb], weight[1.06] from 30 to 87 dist[1.95]
Adding bndlst edge: (B_G38_MC -> B_F94_MC) type[hb], weight[0.63] from 30 to 86 dist[2.51]
Adding bndlst edge: (B_P39_MC -> B_F40_MC) type[cov], weight[1.00] from 31 to 32 dist[1.33]
Adding bndlst edge: (B_P39_MC -> B_M87_MC) type[hb], weight[0.99] from 31 to 79 dist[2.02]
Adding bndlst edge: (B_F40_MC -> B_I41_MC) type[cov], weight[1.00] from 32 to 33 dist[1.32]
Adding bndlst edge: (B_I41_MC -> B_I42_MC) type[cov], weight[1.00] from 33 to 34 dist[1.33]
Adding bndlst edge: (B_I41_MC -> B_I85_MC) type[hb], weight[1.16] from 33 to 77 dist[1.86]
Adding bndlst edge: (B_I41_MC -> B_I85_MC) type[hb], weight[0.90] from 33 to 77 dist[2.10]
Adding bndlst edge: (B_I42_MC -> B_T43_MC) type[cov], weight[1.00] from 34 to 35 dist[1.33]
Adding bndlst edge: (B_T43_MC -> B_N44_MC) type[cov], weight[1.00] from 35 to 36 dist[1.33]
Adding bndlst edge: (B_T43_MC -> B_I83_MC) type[hb], weight[1.12] from 35 to 75 dist[1.89]
Adding bndlst edge: (B_T43_SC -> B_N44_MC) type[hb], weight[1.08] from 35 to 36 dist[1.92]
Adding bndlst edge: (B_T43_MC -> B_I83_MC) type[hb], weight[0.96] from 35 to 75 dist[2.04]
Adding bndlst edge: (B_N44_MC -> B_K45_MC) type[cov], weight[1.00] from 36 to 37 dist[1.32]
Adding bndlst edge: (B_N44_MC -> B_L47_MC) type[hb], weight[0.86] from 36 to 39 dist[2.16]
Adding bndlst edge: (B_N44_SC -> B_H167_MC) type[hb], weight[0.95] from 36 to 159 dist[2.05]
Adding bndlst edge: (B_N44_SC -> B_D81_SC) type[hb], weight[1.02] from 36 to 73 dist[1.98]
Adding bndlst edge: (B_N44_SC -> B_S168_SC) type[hb], weight[0.59] from 36 to 160 dist[2.60]
Adding bndlst edge: (B_K45_MC -> B_H46_MC) type[cov], weight[1.00] from 37 to 38 dist[1.33]
Adding bndlst edge: (B_K45_MC -> B_F48_MC) type[hb], weight[1.01] from 37 to 40 dist[1.99]
Adding bndlst edge: (B_K45_MC -> B_L47_MC) type[hb], weight[0.69] from 37 to 39 dist[2.41]
Adding bndlst edge: (B_K45_MC -> B_D81_SC) type[hb], weight[0.69] from 37 to 73 dist[2.41]
Adding bndlst edge: (B_K45_MC -> B_D81_MC) type[hb], weight[0.56] from 37 to 73 dist[2.68]
Adding bndlst edge: (B_K45_SC -> B_I77_MC) type[hb], weight[1.21] from 37 to 69 dist[1.82]
Adding bndlst edge: (B_K45_SC -> B_R80_MC) type[hb], weight[0.49] from 37 to 72 dist[2.86]
Adding bndlst edge: (B_K45_SC -> B_R80_MC) type[hb], weight[0.57] from 37 to 72 dist[2.64]
Adding bndlst edge: (B_H46_MC -> B_L47_MC) type[cov], weight[1.00] from 38 to 39 dist[1.33]
Adding bndlst edge: (B_H46_MC -> B_R49_MC) type[hb], weight[0.58] from 38 to 41 dist[2.62]
Adding bndlst edge: (B_H46_MC -> B_D81_SC) type[hb], weight[1.03] from 38 to 73 dist[1.97]
Adding bndlst edge: (B_L47_MC -> B_F48_MC) type[cov], weight[1.00] from 39 to 40 dist[1.33]
Adding bndlst edge: (B_L47_MC -> B_R49_MC) type[hb], weight[0.54] from 39 to 41 dist[2.72]
Adding bndlst edge: (B_F48_MC -> B_R49_MC) type[cov], weight[1.00] from 40 to 41 dist[1.33]
Adding bndlst edge: (B_F48_MC -> B_L204_MC) type[hb], weight[1.17] from 40 to 196 dist[1.85]
Adding bndlst edge: (B_F48_SC -> B_Q74_SC) type[hb], weight[0.36] from 40 to 66 dist[3.33]
Adding bndlst edge: (B_F48_SC -> B_Q74_SC) type[hb], weight[0.36] from 40 to 66 dist[3.33]
Adding bndlst edge: (B_F48_SC -> B_Q74_SC) type[hb], weight[0.40] from 40 to 66 dist[3.16]
Adding bndlst edge: (B_R49_MC -> B_R50_MC) type[cov], weight[1.00] from 41 to 42 dist[1.33]
Adding bndlst edge: (B_R49_SC -> B_D207_SC) type[salt], weight[0.46] from 41 to 199 dist[2.79]
Adding bndlst edge: (B_R49_SC -> B_D207_SC) type[salt], weight[0.63] from 41 to 199 dist[2.39]
Adding bndlst edge: (B_R49_SC -> B_L204_MC) type[hb], weight[0.46] from 41 to 196 dist[2.95]
Adding bndlst edge: (B_R50_MC -> B_N51_MC) type[cov], weight[1.00] from 42 to 43 dist[1.32]
Adding bndlst edge: (B_N51_MC -> B_N52_MC) type[cov], weight[1.00] from 43 to 44 dist[1.33]
Adding bndlst edge: (B_N51_SC -> B_T69_SC) type[hb], weight[1.34] from 43 to 61 dist[1.73]
Adding bndlst edge: (B_N51_SC -> B_W202_MC) type[hb], weight[1.10] from 43 to 194 dist[1.91]
Adding bndlst edge: (B_N52_MC -> B_G53_MC) type[cov], weight[1.00] from 44 to 45 dist[1.33]
Adding bndlst edge: (B_G53_MC -> B_T54_MC) type[cov], weight[1.00] from 45 to 46 dist[1.33]
Adding bndlst edge: (B_G53_MC -> B_T69_MC) type[hb], weight[1.01] from 45 to 61 dist[1.99]
Adding bndlst edge: (B_G53_MC -> B_T69_SC) type[hb], weight[0.87] from 45 to 61 dist[2.14]
Adding bndlst edge: (B_T54_MC -> B_L55_MC) type[cov], weight[1.00] from 46 to 47 dist[1.33]
Adding bndlst edge: (B_L55_MC -> B_L56_MC) type[cov], weight[1.00] from 47 to 48 dist[1.32]
Adding bndlst edge: (B_L55_MC -> B_V66_MC) type[hb], weight[1.20] from 47 to 58 dist[1.82]
Adding bndlst edge: (B_L55_MC -> B_V66_MC) type[hb], weight[0.87] from 47 to 58 dist[2.14]
Adding bndlst edge: (B_L56_MC -> B_V57_MC) type[cov], weight[1.00] from 48 to 49 dist[1.32]
Adding bndlst edge: (B_V57_MC -> B_Q58_MC) type[cov], weight[1.00] from 49 to 50 dist[1.33]
Adding bndlst edge: (B_V57_MC -> B_F64_MC) type[hb], weight[1.22] from 49 to 56 dist[1.81]
Adding bndlst edge: (B_V57_MC -> B_F64_MC) type[hb], weight[1.31] from 49 to 56 dist[1.75]
Adding bndlst edge: (B_Q58_MC -> B_S59_MC) type[cov], weight[1.00] from 50 to 51 dist[1.33]
Adding bndlst edge: (B_S59_MC -> B_L60_MC) type[cov], weight[1.00] from 51 to 52 dist[1.33]
Adding bndlst edge: (B_S59_MC -> B_G62_MC) type[hb], weight[0.98] from 51 to 54 dist[2.02]
Adding bndlst edge: (B_S59_MC -> B_H61_MC) type[hb], weight[0.51] from 51 to 53 dist[2.81]
Adding bndlst edge: (B_S59_SC -> B_H61_MC) type[hb], weight[0.90] from 51 to 53 dist[2.11]
Adding bndlst edge: (B_S59_MC -> B_G62_MC) type[hb], weight[0.88] from 51 to 54 dist[2.14]
Adding bndlst edge: (B_S59_SC -> B_H61_SC) type[hb], weight[0.37] from 51 to 53 dist[3.29]
Adding bndlst edge: (B_S59_SC -> B_F94_SC) type[hb], weight[0.47] from 51 to 86 dist[2.92]
Adding bndlst edge: (B_L60_MC -> B_H61_MC) type[cov], weight[1.00] from 52 to 53 dist[1.33]
Adding bndlst edge: (B_H61_MC -> B_G62_MC) type[cov], weight[1.00] from 53 to 54 dist[1.33]
Adding bndlst edge: (B_H61_SC -> B_P93_MC) type[hb], weight[0.51] from 53 to 85 dist[2.80]
Adding bndlst edge: (B_H61_SC -> B_F94_SC) type[hb], weight[0.36] from 53 to 86 dist[3.33]
Adding bndlst edge: (B_G62_MC -> B_V63_MC) type[cov], weight[1.00] from 54 to 55 dist[1.32]
Adding bndlst edge: (B_V63_MC -> B_F64_MC) type[cov], weight[1.00] from 55 to 56 dist[1.33]
Adding bndlst edge: (B_F64_MC -> B_K65_MC) type[cov], weight[1.00] from 56 to 57 dist[1.33]
Adding bndlst edge: (B_F64_SC -> B_K65_MC) type[hb], weight[0.37] from 56 to 57 dist[3.31]
Adding bndlst edge: (B_F64_SC -> B_K65_MC) type[hb], weight[0.36] from 56 to 57 dist[3.34]
Adding bndlst edge: (B_K65_MC -> B_V66_MC) type[cov], weight[1.00] from 57 to 58 dist[1.33]
Adding bndlst edge: (B_V66_MC -> B_K67_MC) type[cov], weight[1.00] from 58 to 59 dist[1.33]
Adding bndlst edge: (B_K67_MC -> B_N68_MC) type[cov], weight[1.00] from 59 to 60 dist[1.33]
Adding bndlst edge: (B_N68_MC -> B_T69_MC) type[cov], weight[1.00] from 60 to 61 dist[1.33]
Adding bndlst edge: (B_N68_MC -> B_T71_MC) type[hb], weight[0.70] from 60 to 63 dist[2.39]
Adding bndlst edge: (B_N68_SC -> B_T70_SC) type[cov], weight[1.00] from 60 to 62 dist[1.59]
Adding bndlst edge: (B_N68_SC -> B_T70_MC) type[hb], weight[0.77] from 60 to 62 dist[2.27]
Adding bndlst edge: (B_T69_MC -> B_T70_MC) type[cov], weight[1.00] from 61 to 62 dist[1.33]
Adding bndlst edge: (B_T69_MC -> B_L72_MC) type[hb], weight[1.17] from 61 to 64 dist[1.85]
Adding bndlst edge: (B_T69_MC -> B_T71_MC) type[hb], weight[0.47] from 61 to 63 dist[2.92]
Adding bndlst edge: (B_T69_SC -> B_T70_MC) type[hb], weight[0.50] from 61 to 62 dist[2.83]
Adding bndlst edge: (B_T70_MC -> B_T71_MC) type[cov], weight[1.00] from 62 to 63 dist[1.33]
Adding bndlst edge: (B_T70_MC -> B_G201_MC) type[hb], weight[0.56] from 62 to 193 dist[2.66]
Adding bndlst edge: (B_T71_MC -> B_L72_MC) type[cov], weight[1.00] from 63 to 64 dist[1.33]
Adding bndlst edge: (B_L72_MC -> B_Q73_MC) type[cov], weight[1.00] from 64 to 65 dist[1.33]
Adding bndlst edge: (B_Q73_MC -> B_Q74_MC) type[cov], weight[1.00] from 65 to 66 dist[1.32]
Adding bndlst edge: (B_Q73_MC -> B_R86_MC) type[hb], weight[0.92] from 65 to 78 dist[2.08]
Adding bndlst edge: (B_Q74_MC -> B_H75_MC) type[cov], weight[1.00] from 66 to 67 dist[1.33]
Adding bndlst edge: (B_Q74_MC -> B_V199_MC) type[hb], weight[1.08] from 66 to 191 dist[1.92]
Adding bndlst edge: (B_Q74_SC -> B_W202_MC) type[hb], weight[1.01] from 66 to 194 dist[1.99]
Adding bndlst edge: (B_Q74_MC -> B_V199_MC) type[hb], weight[1.43] from 66 to 191 dist[1.67]
Adding bndlst edge: (B_H75_MC -> B_L76_MC) type[cov], weight[1.00] from 67 to 68 dist[1.33]
Adding bndlst edge: (B_H75_MC -> B_I84_MC) type[hb], weight[1.01] from 67 to 76 dist[1.99]
Adding bndlst edge: (B_H75_SC -> B_Q197_MC) type[hb], weight[0.40] from 67 to 189 dist[3.14]
Adding bndlst edge: (B_H75_SC -> B_Q197_MC) type[hb], weight[1.12] from 67 to 189 dist[1.89]
Adding bndlst edge: (B_H75_SC -> B_Q197_MC) type[hb], weight[0.62] from 67 to 189 dist[2.53]
Adding bndlst edge: (B_H75_MC -> B_I84_MC) type[hb], weight[1.05] from 67 to 76 dist[1.96]
Adding bndlst edge: (B_H75_SC -> B_A195_MC) type[hb], weight[0.51] from 67 to 187 dist[2.80]
Adding bndlst edge: (B_L76_MC -> B_I77_MC) type[cov], weight[1.00] from 68 to 69 dist[1.32]
Adding bndlst edge: (B_I77_MC -> B_D78_MC) type[cov], weight[1.00] from 69 to 70 dist[1.33]
Adding bndlst edge: (B_I77_MC -> B_R80_MC) type[hb], weight[0.79] from 69 to 72 dist[2.24]
Adding bndlst edge: (B_I77_MC -> B_M82_MC) type[hb], weight[0.70] from 69 to 74 dist[2.40]
Adding bndlst edge: (B_D78_MC -> B_G79_MC) type[cov], weight[1.00] from 70 to 71 dist[1.33]
Adding bndlst edge: (B_D78_MC -> B_R80_MC) type[hb], weight[0.62] from 70 to 72 dist[2.54]
Adding bndlst edge: (B_G79_MC -> B_R80_MC) type[cov], weight[1.00] from 71 to 72 dist[1.33]
Adding bndlst edge: (B_R80_MC -> B_D81_MC) type[cov], weight[1.00] from 72 to 73 dist[1.33]
Adding bndlst edge: (B_R80_MC -> B_M82_MC) type[hb], weight[0.90] from 72 to 74 dist[2.11]
Adding bndlst edge: (B_R80_SC -> B_S181_MC) type[hb], weight[0.87] from 72 to 173 dist[2.14]
Adding bndlst edge: (B_R80_SC -> B_S181_SC) type[hb], weight[0.58] from 72 to 173 dist[2.62]
Adding bndlst edge: (B_R80_SC -> B_S181_SC) type[hb], weight[0.82] from 72 to 173 dist[2.20]
Adding bndlst edge: (B_D81_MC -> B_M82_MC) type[cov], weight[1.00] from 73 to 74 dist[1.33]
Adding bndlst edge: (B_D81_SC -> B_S168_SC) type[hb], weight[1.34] from 73 to 160 dist[1.73]
Adding bndlst edge: (B_M82_MC -> B_I83_MC) type[cov], weight[1.00] from 74 to 75 dist[1.33]
Adding bndlst edge: (B_I83_MC -> B_I84_MC) type[cov], weight[1.00] from 75 to 76 dist[1.33]
Adding bndlst edge: (B_I84_MC -> B_I85_MC) type[cov], weight[1.00] from 76 to 77 dist[1.33]
Adding bndlst edge: (B_I85_MC -> B_R86_MC) type[cov], weight[1.00] from 77 to 78 dist[1.33]
Adding bndlst edge: (B_R86_MC -> B_M87_MC) type[cov], weight[1.00] from 78 to 79 dist[1.33]
Adding bndlst edge: (B_R86_SC -> B_W198_SC) type[hb], weight[0.38] from 78 to 190 dist[3.23]
Adding bndlst edge: (B_R86_SC -> B_W198_SC) type[hb], weight[0.47] from 78 to 190 dist[2.92]
Adding bndlst edge: (B_R86_SC -> B_W198_SC) type[hb], weight[0.62] from 78 to 190 dist[2.53]
Adding bndlst edge: (B_M87_MC -> B_P88_MC) type[cov], weight[1.00] from 79 to 80 dist[1.34]
Adding bndlst edge: (B_P88_MC -> B_K89_MC) type[cov], weight[1.00] from 80 to 81 dist[1.33]
Adding bndlst edge: (B_P88_MC -> B_F91_MC) type[hb], weight[1.03] from 80 to 83 dist[1.97]
Adding bndlst edge: (B_K89_MC -> B_D90_MC) type[cov], weight[1.00] from 81 to 82 dist[1.33]
Adding bndlst edge: (B_K89_MC -> B_F91_MC) type[hb], weight[0.47] from 81 to 83 dist[2.92]
Adding bndlst edge: (B_D90_MC -> B_F91_MC) type[cov], weight[1.00] from 82 to 83 dist[1.33]
Adding bndlst edge: (B_F91_MC -> B_P92_MC) type[cov], weight[1.00] from 83 to 84 dist[1.34]
Adding bndlst edge: (B_P92_MC -> B_P93_MC) type[cov], weight[1.00] from 84 to 85 dist[1.34]
Adding bndlst edge: (B_P93_MC -> B_F94_MC) type[cov], weight[1.00] from 85 to 86 dist[1.33]
Adding bndlst edge: (B_F94_MC -> B_P95_MC) type[cov], weight[1.00] from 86 to 87 dist[1.34]
Adding bndlst edge: (B_P95_MC -> B_Q96_MC) type[cov], weight[1.00] from 87 to 88 dist[1.33]
Adding bndlst edge: (B_Q96_MC -> B_K97_MC) type[cov], weight[1.00] from 88 to 89 dist[1.33]
Adding bndlst edge: (B_K97_MC -> B_L98_MC) type[cov], weight[1.00] from 89 to 90 dist[1.33]
Adding bndlst edge: (B_L98_MC -> B_K99_MC) type[cov], weight[1.00] from 90 to 91 dist[1.33]
Adding bndlst edge: (B_K99_MC -> B_F100_MC) type[cov], weight[1.00] from 91 to 92 dist[1.33]
Adding bndlst edge: (B_K99_MC -> B_I163_MC) type[hb], weight[1.24] from 91 to 155 dist[1.79]
Adding bndlst edge: (B_F100_MC -> B_R101_MC) type[cov], weight[1.00] from 92 to 93 dist[1.33]
Adding bndlst edge: (B_F100_MC -> B_M187_SC) type[hb], weight[0.63] from 92 to 179 dist[2.52]
Adding bndlst edge: (B_R101_MC -> B_E102_MC) type[cov], weight[1.00] from 93 to 94 dist[1.33]
Adding bndlst edge: (B_R101_MC -> B_I163_MC) type[hb], weight[0.80] from 93 to 155 dist[2.24]
Adding bndlst edge: (B_R101_SC -> B_D160_SC) type[salt], weight[1.18] from 93 to 152 dist[1.75]
Adding bndlst edge: (B_R101_SC -> B_D160_SC) type[salt], weight[0.47] from 93 to 152 dist[2.76]
Adding bndlst edge: (B_R101_SC -> B_E102_MC) type[hb], weight[0.79] from 93 to 94 dist[2.25]
Adding bndlst edge: (B_R101_SC -> B_E107_SC) type[salt], weight[0.93] from 93 to 99 dist[1.97]
Adding bndlst edge: (B_R101_SC -> B_E107_SC) type[salt], weight[0.45] from 93 to 99 dist[2.84]
Adding bndlst edge: (B_R101_SC -> B_D160_SC) type[salt], weight[0.52] from 93 to 152 dist[2.65]
Adding bndlst edge: (B_R101_SC -> B_D160_SC) type[salt], weight[0.70] from 93 to 152 dist[2.27]
Adding bndlst edge: (B_R101_SC -> B_S157_SC) type[hb], weight[0.61] from 93 to 149 dist[2.56]
Adding bndlst edge: (B_R101_SC -> B_E107_SC) type[salt], weight[0.45] from 93 to 99 dist[2.84]
Adding bndlst edge: (B_R101_SC -> B_S157_SC) type[hb], weight[0.61] from 93 to 149 dist[2.55]
Adding bndlst edge: (B_R101_SC -> B_E107_SC) type[cov], weight[1.00] from 93 to 99 dist[1.61]
Adding bndlst edge: (B_E102_MC -> B_P103_MC) type[cov], weight[1.00] from 94 to 95 dist[1.34]
Adding bndlst edge: (B_P103_MC -> B_Q104_MC) type[cov], weight[1.00] from 95 to 96 dist[1.32]
Adding bndlst edge: (B_Q104_MC -> B_R105_MC) type[cov], weight[1.00] from 96 to 97 dist[1.33]
Adding bndlst edge: (B_Q104_MC -> B_E107_MC) type[hb], weight[0.60] from 96 to 99 dist[2.58]
Adding bndlst edge: (B_Q104_SC -> B_R159_SC) type[hb], weight[0.49] from 96 to 151 dist[2.85]
Adding bndlst edge: (B_Q104_MC -> B_E107_SC) type[hb], weight[1.19] from 96 to 99 dist[1.84]
Adding bndlst edge: (B_R105_MC -> B_E106_MC) type[cov], weight[1.00] from 97 to 98 dist[1.33]
Adding bndlst edge: (B_E106_MC -> B_E107_MC) type[cov], weight[1.00] from 98 to 99 dist[1.32]
Adding bndlst edge: (B_E107_MC -> B_R108_MC) type[cov], weight[1.00] from 99 to 100 dist[1.33]
Adding bndlst edge: (B_E107_SC -> B_S157_SC) type[hb], weight[1.14] from 99 to 149 dist[1.87]
Adding bndlst edge: (B_R108_MC -> B_I109_MC) type[cov], weight[1.00] from 100 to 101 dist[1.32]
Adding bndlst edge: (B_R108_MC -> B_T158_MC) type[hb], weight[0.99] from 100 to 150 dist[2.01]
Adding bndlst edge: (B_I109_MC -> B_C110_MC) type[cov], weight[1.00] from 101 to 102 dist[1.33]
Adding bndlst edge: (B_I109_MC -> B_S129_MC) type[hb], weight[0.79] from 101 to 121 dist[2.25]
Adding bndlst edge: (B_I109_MC -> B_S129_MC) type[hb], weight[1.06] from 101 to 121 dist[1.95]
Adding bndlst edge: (B_C110_MC -> B_L111_MC) type[cov], weight[1.00] from 102 to 103 dist[1.32]
Adding bndlst edge: (B_C110_MC -> B_V156_MC) type[hb], weight[1.25] from 102 to 148 dist[1.79]
Adding bndlst edge: (B_C110_MC -> B_V156_MC) type[hb], weight[0.92] from 102 to 148 dist[2.09]
Adding bndlst edge: (B_L111_MC -> B_V112_MC) type[cov], weight[1.00] from 103 to 104 dist[1.33]
Adding bndlst edge: (B_L111_MC -> B_S126_MC) type[hb], weight[1.09] from 103 to 118 dist[1.92]
Adding bndlst edge: (B_L111_MC -> B_S126_SC) type[hb], weight[1.04] from 103 to 118 dist[1.96]
Adding bndlst edge: (B_V112_MC -> B_T113_MC) type[cov], weight[1.00] from 104 to 105 dist[1.32]
Adding bndlst edge: (B_V112_MC -> B_P154_MC) type[hb], weight[0.96] from 104 to 146 dist[2.04]
Adding bndlst edge: (B_T113_MC -> B_T114_MC) type[cov], weight[1.00] from 105 to 106 dist[1.33]
Adding bndlst edge: (B_T113_MC -> B_M124_MC) type[hb], weight[0.88] from 105 to 116 dist[2.13]
Adding bndlst edge: (B_T113_MC -> B_M124_MC) type[hb], weight[1.16] from 105 to 116 dist[1.85]
Adding bndlst edge: (B_T114_MC -> B_N115_MC) type[cov], weight[1.00] from 106 to 107 dist[1.33]
Adding bndlst edge: (B_T114_SC -> B_S123_SC) type[hb], weight[0.94] from 106 to 115 dist[2.06]
Adding bndlst edge: (B_N115_MC -> B_F116_MC) type[cov], weight[1.00] from 107 to 108 dist[1.33]
Adding bndlst edge: (B_N115_MC -> B_S122_MC) type[hb], weight[0.95] from 107 to 114 dist[2.05]
Adding bndlst edge: (B_N115_MC -> B_S122_MC) type[hb], weight[1.24] from 107 to 114 dist[1.80]
Adding bndlst edge: (B_N115_SC -> B_Q117_SC) type[hb], weight[1.12] from 107 to 109 dist[1.89]
Adding bndlst edge: (B_F116_MC -> B_Q117_MC) type[cov], weight[1.00] from 108 to 109 dist[1.33]
Adding bndlst edge: (B_Q117_MC -> B_T118_MC) type[cov], weight[1.00] from 109 to 110 dist[1.32]
Adding bndlst edge: (B_Q117_MC -> B_S120_MC) type[hb], weight[0.45] from 109 to 112 dist[2.97]
Adding bndlst edge: (B_Q117_MC -> B_S120_MC) type[hb], weight[1.10] from 109 to 112 dist[1.91]
Adding bndlst edge: (B_T118_MC -> B_K119_MC) type[cov], weight[1.00] from 110 to 111 dist[1.33]
Adding bndlst edge: (B_K119_MC -> B_S120_MC) type[cov], weight[1.00] from 111 to 112 dist[1.33]
Adding bndlst edge: (B_S120_MC -> B_M121_MC) type[cov], weight[1.00] from 112 to 113 dist[1.32]
Adding bndlst edge: (B_M121_MC -> B_S122_MC) type[cov], weight[1.00] from 113 to 114 dist[1.33]
Adding bndlst edge: (B_S122_MC -> B_S123_MC) type[cov], weight[1.00] from 114 to 115 dist[1.33]
Adding bndlst edge: (B_S123_MC -> B_M124_MC) type[cov], weight[1.00] from 115 to 116 dist[1.32]
Adding bndlst edge: (B_M124_MC -> B_V125_MC) type[cov], weight[1.00] from 116 to 117 dist[1.32]
Adding bndlst edge: (B_V125_MC -> B_S126_MC) type[cov], weight[1.00] from 117 to 118 dist[1.33]
Adding bndlst edge: (B_S126_MC -> B_D127_MC) type[cov], weight[1.00] from 118 to 119 dist[1.33]
Adding bndlst edge: (B_S126_SC -> B_D127_MC) type[hb], weight[0.95] from 118 to 119 dist[2.05]
Adding bndlst edge: (B_D127_MC -> B_T128_MC) type[cov], weight[1.00] from 119 to 120 dist[1.32]
Adding bndlst edge: (B_T128_MC -> B_S129_MC) type[cov], weight[1.00] from 120 to 121 dist[1.32]
Adding bndlst edge: (B_S129_MC -> B_C130_MC) type[cov], weight[1.00] from 121 to 122 dist[1.28]
Adding bndlst edge: (B_S129_SC -> B_W143_MC) type[hb], weight[0.81] from 121 to 135 dist[2.22]
Adding bndlst edge: (B_S129_SC -> B_C130_MC) type[hb], weight[0.51] from 121 to 122 dist[2.81]
Adding bndlst edge: (B_S129_SC -> B_C130_MC) type[hb], weight[0.76] from 121 to 122 dist[2.29]
Adding bndlst edge: (B_C130_MC -> B_T131_MC) type[cov], weight[1.00] from 122 to 123 dist[1.34]
Adding bndlst edge: (B_T131_MC -> B_F132_MC) type[cov], weight[1.00] from 123 to 124 dist[1.33]
Adding bndlst edge: (B_T131_SC -> B_F132_MC) type[hb], weight[0.56] from 123 to 124 dist[2.68]
Adding bndlst edge: (B_T131_SC -> B_K141_MC) type[cov], weight[1.00] from 123 to 133 dist[1.56]
Adding bndlst edge: (B_F132_MC -> B_P133_MC) type[cov], weight[1.00] from 124 to 125 dist[1.34]
Adding bndlst edge: (B_F132_MC -> B_K141_MC) type[hb], weight[1.37] from 124 to 133 dist[1.71]
Adding bndlst edge: (B_F132_MC -> B_K141_MC) type[hb], weight[0.78] from 124 to 133 dist[2.27]
Adding bndlst edge: (B_P133_MC -> B_S134_MC) type[cov], weight[1.00] from 125 to 126 dist[1.32]
Adding bndlst edge: (B_S134_MC -> B_S135_MC) type[cov], weight[1.00] from 126 to 127 dist[1.32]
Adding bndlst edge: (B_S134_MC -> B_G137_MC) type[hb], weight[1.10] from 126 to 129 dist[1.90]
Adding bndlst edge: (B_S134_MC -> B_D136_MC) type[hb], weight[0.48] from 126 to 128 dist[2.90]
Adding bndlst edge: (B_S134_MC -> B_F139_MC) type[hb], weight[1.20] from 126 to 131 dist[1.83]
Adding bndlst edge: (B_S134_SC -> B_H214_SC) type[hb], weight[1.32] from 126 to 206 dist[1.74]
Adding bndlst edge: (B_S134_SC -> B_H214_SC) type[hb], weight[0.55] from 126 to 206 dist[2.70]
Adding bndlst edge: (B_S134_SC -> B_H214_SC) type[hb], weight[0.52] from 126 to 206 dist[2.78]
Adding bndlst edge: (B_S135_MC -> B_D136_MC) type[cov], weight[1.00] from 127 to 128 dist[1.33]
Adding bndlst edge: (B_S135_SC -> B_D136_MC) type[hb], weight[1.09] from 127 to 128 dist[1.91]
Adding bndlst edge: (B_S135_SC -> B_G212_MC) type[hb], weight[0.47] from 127 to 204 dist[2.92]
Adding bndlst edge: (B_D136_MC -> B_G137_MC) type[cov], weight[1.00] from 128 to 129 dist[1.33]
Adding bndlst edge: (B_G137_MC -> B_I138_MC) type[cov], weight[1.00] from 129 to 130 dist[1.33]
Adding bndlst edge: (B_G137_MC -> B_S181_SC) type[hb], weight[1.01] from 129 to 173 dist[1.99]
Adding bndlst edge: (B_G137_MC -> B_W140_SC) type[hb], weight[0.62] from 129 to 132 dist[2.53]
Adding bndlst edge: (B_I138_MC -> B_F139_MC) type[cov], weight[1.00] from 130 to 131 dist[1.33]
Adding bndlst edge: (B_I138_MC -> B_S181_MC) type[hb], weight[0.93] from 130 to 173 dist[2.08]
Adding bndlst edge: (B_I138_MC -> B_S181_SC) type[hb], weight[0.48] from 130 to 173 dist[2.89]
Adding bndlst edge: (B_F139_MC -> B_W140_MC) type[cov], weight[1.00] from 131 to 132 dist[1.33]
Adding bndlst edge: (B_W140_MC -> B_K141_MC) type[cov], weight[1.00] from 132 to 133 dist[1.33]
Adding bndlst edge: (B_W140_MC -> B_F179_MC) type[hb], weight[0.96] from 132 to 171 dist[2.05]
Adding bndlst edge: (B_W140_MC -> B_F179_MC) type[hb], weight[1.01] from 132 to 171 dist[1.99]
Adding bndlst edge: (B_K141_MC -> B_H142_MC) type[cov], weight[1.00] from 133 to 134 dist[1.33]
Adding bndlst edge: (B_K141_SC -> B_N176_SC) type[hb], weight[0.71] from 133 to 168 dist[2.37]
Adding bndlst edge: (B_K141_SC -> B_Y178_SC) type[hb], weight[0.47] from 133 to 170 dist[2.91]
Adding bndlst edge: (B_K141_SC -> B_Y178_SC) type[hb], weight[0.42] from 133 to 170 dist[3.08]
Adding bndlst edge: (B_K141_SC -> B_Y178_SC) type[hb], weight[0.76] from 133 to 170 dist[2.30]
Adding bndlst edge: (B_K141_SC -> B_Y178_SC) type[hb], weight[0.40] from 133 to 170 dist[3.17]
Adding bndlst edge: (B_H142_MC -> B_W143_MC) type[cov], weight[1.00] from 134 to 135 dist[1.33]
Adding bndlst edge: (B_H142_MC -> B_N177_MC) type[hb], weight[0.77] from 134 to 169 dist[2.28]
Adding bndlst edge: (B_H142_SC -> B_I144_MC) type[hb], weight[0.42] from 134 to 136 dist[3.10]
Adding bndlst edge: (B_H142_SC -> B_I144_MC) type[hb], weight[0.87] from 134 to 136 dist[2.14]
Adding bndlst edge: (B_H142_SC -> B_H167_SC) type[hb], weight[0.36] from 134 to 159 dist[3.34]
Adding bndlst edge: (B_H142_MC -> B_N177_MC) type[hb], weight[1.09] from 134 to 169 dist[1.91]
Adding bndlst edge: (B_H142_SC -> B_H167_SC) type[hb], weight[0.56] from 134 to 159 dist[2.66]
Adding bndlst edge: (B_H142_SC -> B_H167_SC) type[hb], weight[0.86] from 134 to 159 dist[2.15]
Adding bndlst edge: (B_W143_MC -> B_I144_MC) type[cov], weight[1.00] from 135 to 136 dist[1.33]
Adding bndlst edge: (B_W143_SC -> B_N176_SC) type[hb], weight[0.98] from 135 to 168 dist[2.02]
Adding bndlst edge: (B_W143_SC -> B_T175_MC) type[hb], weight[0.53] from 135 to 167 dist[2.75]
Adding bndlst edge: (B_I144_MC -> B_Q145_MC) type[cov], weight[1.00] from 136 to 137 dist[1.33]
Adding bndlst edge: (B_I144_MC -> B_N177_SC) type[hb], weight[0.86] from 136 to 169 dist[2.15]
Adding bndlst edge: (B_I144_MC -> B_N177_SC) type[hb], weight[0.47] from 136 to 169 dist[2.91]
Adding bndlst edge: (B_Q145_MC -> B_T146_MC) type[cov], weight[1.00] from 137 to 138 dist[1.33]
Adding bndlst edge: (B_T146_MC -> B_K147_MC) type[cov], weight[1.00] from 138 to 139 dist[1.33]
Adding bndlst edge: (B_K147_MC -> B_D148_MC) type[cov], weight[1.00] from 139 to 140 dist[1.33]
Adding bndlst edge: (B_K147_MC -> B_Q150_MC) type[hb], weight[0.91] from 139 to 142 dist[2.10]
Adding bndlst edge: (B_K147_MC -> B_Q150_SC) type[hb], weight[1.41] from 139 to 142 dist[1.69]
Adding bndlst edge: (B_D148_MC -> B_G149_MC) type[cov], weight[1.00] from 140 to 141 dist[1.33]
Adding bndlst edge: (B_G149_MC -> B_Q150_MC) type[cov], weight[1.00] from 141 to 142 dist[1.33]
Adding bndlst edge: (B_Q150_MC -> B_A151_MC) type[cov], weight[1.00] from 142 to 143 dist[1.33]
Adding bndlst edge: (B_Q150_MC -> B_S153_MC) type[hb], weight[0.86] from 142 to 145 dist[2.16]
Adding bndlst edge: (B_Q150_MC -> B_S153_SC) type[hb], weight[1.25] from 142 to 145 dist[1.79]
Adding bndlst edge: (B_A151_MC -> B_G152_MC) type[cov], weight[1.00] from 143 to 144 dist[1.33]
Adding bndlst edge: (B_G152_MC -> B_S153_MC) type[cov], weight[1.00] from 144 to 145 dist[1.33]
Adding bndlst edge: (B_G152_MC -> B_H167_MC) type[hb], weight[1.14] from 144 to 159 dist[1.87]
Adding bndlst edge: (B_S153_MC -> B_P154_MC) type[cov], weight[1.00] from 145 to 146 dist[1.34]
Adding bndlst edge: (B_S153_MC -> B_H167_MC) type[hb], weight[1.11] from 145 to 159 dist[1.90]
Adding bndlst edge: (B_P154_MC -> B_L155_MC) type[cov], weight[1.00] from 146 to 147 dist[1.33]
Adding bndlst edge: (B_L155_MC -> B_V156_MC) type[cov], weight[1.00] from 147 to 148 dist[1.33]
Adding bndlst edge: (B_L155_MC -> B_V164_MC) type[hb], weight[0.94] from 147 to 156 dist[2.06]
Adding bndlst edge: (B_L155_MC -> B_G165_MC) type[hb], weight[0.93] from 147 to 157 dist[2.07]
Adding bndlst edge: (B_V156_MC -> B_S157_MC) type[cov], weight[1.00] from 148 to 149 dist[1.33]
Adding bndlst edge: (B_S157_MC -> B_T158_MC) type[cov], weight[1.00] from 149 to 150 dist[1.32]
Adding bndlst edge: (B_S157_MC -> B_G161_MC) type[hb], weight[0.87] from 149 to 153 dist[2.14]
Adding bndlst edge: (B_S157_SC -> B_D160_MC) type[hb], weight[0.54] from 149 to 152 dist[2.72]
Adding bndlst edge: (B_S157_SC -> B_R159_MC) type[hb], weight[0.72] from 149 to 151 dist[2.35]
Adding bndlst edge: (B_S157_MC -> B_F162_MC) type[hb], weight[1.16] from 149 to 154 dist[1.86]
Adding bndlst edge: (B_T158_MC -> B_R159_MC) type[cov], weight[1.00] from 150 to 151 dist[1.33]
Adding bndlst edge: (B_R159_MC -> B_D160_MC) type[cov], weight[1.00] from 151 to 152 dist[1.33]
Adding bndlst edge: (B_D160_MC -> B_G161_MC) type[cov], weight[1.00] from 152 to 153 dist[1.33]
Adding bndlst edge: (B_D160_SC -> B_F162_MC) type[hb], weight[0.94] from 152 to 154 dist[2.06]
Adding bndlst edge: (B_G161_MC -> B_F162_MC) type[cov], weight[1.00] from 153 to 154 dist[1.33]
Adding bndlst edge: (B_F162_MC -> B_I163_MC) type[cov], weight[1.00] from 154 to 155 dist[1.33]
Adding bndlst edge: (B_I163_MC -> B_V164_MC) type[cov], weight[1.00] from 155 to 156 dist[1.33]
Adding bndlst edge: (B_V164_MC -> B_G165_MC) type[cov], weight[1.00] from 156 to 157 dist[1.33]
Adding bndlst edge: (B_V164_MC -> B_V182_MC) type[hb], weight[0.95] from 156 to 174 dist[2.05]
Adding bndlst edge: (B_G165_MC -> B_I166_MC) type[cov], weight[1.00] from 157 to 158 dist[1.33]
Adding bndlst edge: (B_I166_MC -> B_H167_MC) type[cov], weight[1.00] from 158 to 159 dist[1.33]
Adding bndlst edge: (B_I166_MC -> B_T180_MC) type[hb], weight[1.16] from 158 to 172 dist[1.85]
Adding bndlst edge: (B_I166_MC -> B_T180_MC) type[hb], weight[0.93] from 158 to 172 dist[2.07]
Adding bndlst edge: (B_H167_MC -> B_S168_MC) type[cov], weight[1.00] from 159 to 160 dist[1.33]
Adding bndlst edge: (B_H167_SC -> B_S168_MC) type[hb], weight[0.45] from 159 to 160 dist[2.97]
Adding bndlst edge: (B_H167_SC -> B_S168_MC) type[hb], weight[0.51] from 159 to 160 dist[2.81]
Adding bndlst edge: (B_H167_SC -> B_S168_MC) type[hb], weight[0.37] from 159 to 160 dist[3.30]
Adding bndlst edge: (B_H167_SC -> B_A169_MC) type[hb], weight[0.59] from 159 to 161 dist[2.60]
Adding bndlst edge: (B_S168_MC -> B_A169_MC) type[cov], weight[1.00] from 160 to 161 dist[1.33]
Adding bndlst edge: (B_S168_SC -> B_T180_SC) type[hb], weight[1.30] from 160 to 172 dist[1.75]
Adding bndlst edge: (B_S168_MC -> B_Y178_MC) type[hb], weight[0.96] from 160 to 170 dist[2.04]
Adding bndlst edge: (B_S168_SC -> B_T180_SC) type[hb], weight[0.47] from 160 to 172 dist[2.91]
Adding bndlst edge: (B_A169_MC -> B_S170_MC) type[cov], weight[1.00] from 161 to 162 dist[1.33]
Adding bndlst edge: (B_A169_MC -> B_Y178_MC) type[hb], weight[1.35] from 161 to 170 dist[1.72]
Adding bndlst edge: (B_A169_MC -> B_Y178_MC) type[hb], weight[1.04] from 161 to 170 dist[1.96]
Adding bndlst edge: (B_S170_MC -> B_N171_MC) type[cov], weight[1.00] from 162 to 163 dist[1.33]
Adding bndlst edge: (B_S170_SC -> B_N171_MC) type[hb], weight[0.58] from 162 to 163 dist[2.64]
Adding bndlst edge: (B_S170_SC -> B_N174_SC) type[hb], weight[0.57] from 162 to 166 dist[2.66]
Adding bndlst edge: (B_S170_SC -> B_N177_SC) type[hb], weight[0.49] from 162 to 169 dist[2.87]
Adding bndlst edge: (B_S170_SC -> B_N176_MC) type[hb], weight[0.98] from 162 to 168 dist[2.02]
Adding bndlst edge: (B_N171_MC -> B_F172_MC) type[cov], weight[1.00] from 163 to 164 dist[1.33]
Adding bndlst edge: (B_N171_MC -> B_T173_MC) type[hb], weight[0.49] from 163 to 165 dist[2.86]
Adding bndlst edge: (B_N171_MC -> B_N174_MC) type[hb], weight[1.21] from 163 to 166 dist[1.81]
Adding bndlst edge: (B_N171_SC -> B_N176_MC) type[hb], weight[0.80] from 163 to 168 dist[2.24]
Adding bndlst edge: (B_N171_SC -> B_T173_MC) type[hb], weight[0.48] from 163 to 165 dist[2.90]
Adding bndlst edge: (B_N171_SC -> B_N174_MC) type[hb], weight[0.66] from 163 to 166 dist[2.46]
Adding bndlst edge: (B_N171_SC -> B_T175_MC) type[hb], weight[1.12] from 163 to 167 dist[1.89]
Adding bndlst edge: (B_N171_MC -> B_N176_MC) type[hb], weight[0.89] from 163 to 168 dist[2.12]
Adding bndlst edge: (B_N171_SC -> B_T175_SC) type[hb], weight[1.04] from 163 to 167 dist[1.96]
Adding bndlst edge: (B_F172_MC -> B_T173_MC) type[cov], weight[1.00] from 164 to 165 dist[1.33]
Adding bndlst edge: (B_F172_MC -> B_K220_SC) type[hb], weight[0.57] from 164 to 212 dist[2.65]
Adding bndlst edge: (B_T173_MC -> B_N174_MC) type[cov], weight[1.00] from 165 to 166 dist[1.33]
Adding bndlst edge: (B_T173_SC -> B_T175_SC) type[hb], weight[1.14] from 165 to 167 dist[1.87]
Adding bndlst edge: (B_T173_SC -> B_T175_SC) type[hb], weight[0.53] from 165 to 167 dist[2.75]
Adding bndlst edge: (B_N174_MC -> B_T175_MC) type[cov], weight[1.00] from 166 to 167 dist[1.33]
Adding bndlst edge: (B_N174_SC -> B_K220_SC) type[hb], weight[0.86] from 166 to 212 dist[2.15]
Adding bndlst edge: (B_N174_SC -> B_K220_SC) type[hb], weight[0.52] from 166 to 212 dist[2.77]
Adding bndlst edge: (B_N174_SC -> B_K220_SC) type[hb], weight[0.50] from 166 to 212 dist[2.84]
Adding bndlst edge: (B_T175_MC -> B_N176_MC) type[cov], weight[1.00] from 167 to 168 dist[1.33]
Adding bndlst edge: (B_N176_MC -> B_N177_MC) type[cov], weight[1.00] from 168 to 169 dist[1.33]
Adding bndlst edge: (B_N177_MC -> B_Y178_MC) type[cov], weight[1.00] from 169 to 170 dist[1.32]
Adding bndlst edge: (B_Y178_MC -> B_F179_MC) type[cov], weight[1.00] from 170 to 171 dist[1.33]
Adding bndlst edge: (B_F179_MC -> B_T180_MC) type[cov], weight[1.00] from 171 to 172 dist[1.33]
Adding bndlst edge: (B_T180_MC -> B_S181_MC) type[cov], weight[1.00] from 172 to 173 dist[1.32]
Adding bndlst edge: (B_S181_MC -> B_V182_MC) type[cov], weight[1.00] from 173 to 174 dist[1.33]
Adding bndlst edge: (B_V182_MC -> B_P183_MC) type[cov], weight[1.00] from 174 to 175 dist[1.34]
Adding bndlst edge: (B_P183_MC -> B_K184_MC) type[cov], weight[1.00] from 175 to 176 dist[1.32]
Adding bndlst edge: (B_P183_MC -> B_F186_MC) type[hb], weight[0.56] from 175 to 178 dist[2.67]
Adding bndlst edge: (B_K184_MC -> B_N185_MC) type[cov], weight[1.00] from 176 to 177 dist[1.33]
Adding bndlst edge: (B_N185_MC -> B_F186_MC) type[cov], weight[1.00] from 177 to 178 dist[1.33]
Adding bndlst edge: (B_N185_MC -> B_L189_MC) type[hb], weight[0.81] from 177 to 181 dist[2.22]
Adding bndlst edge: (B_N185_MC -> B_E188_MC) type[hb], weight[0.57] from 177 to 180 dist[2.65]
Adding bndlst edge: (B_F186_MC -> B_M187_MC) type[cov], weight[1.00] from 178 to 179 dist[1.33]
Adding bndlst edge: (B_F186_MC -> B_L189_MC) type[hb], weight[0.77] from 178 to 181 dist[2.27]
Adding bndlst edge: (B_F186_MC -> B_L190_MC) type[hb], weight[0.81] from 178 to 182 dist[2.22]
Adding bndlst edge: (B_M187_MC -> B_E188_MC) type[cov], weight[1.00] from 179 to 180 dist[1.33]
Adding bndlst edge: (B_M187_MC -> B_T191_MC) type[hb], weight[0.78] from 179 to 183 dist[2.26]
Adding bndlst edge: (B_M187_MC -> B_L190_MC) type[hb], weight[0.68] from 179 to 182 dist[2.42]
Adding bndlst edge: (B_E188_MC -> B_L189_MC) type[cov], weight[1.00] from 180 to 181 dist[1.33]
Adding bndlst edge: (B_E188_MC -> B_N192_MC) type[hb], weight[1.18] from 180 to 184 dist[1.84]
Adding bndlst edge: (B_E188_MC -> B_T191_MC) type[hb], weight[0.71] from 180 to 183 dist[2.38]
Adding bndlst edge: (B_E188_SC -> B_N192_SC) type[hb], weight[0.73] from 180 to 184 dist[2.33]
Adding bndlst edge: (B_L189_MC -> B_L190_MC) type[cov], weight[1.00] from 181 to 182 dist[1.33]
Adding bndlst edge: (B_L189_MC -> B_Q196_SC) type[hb], weight[0.97] from 181 to 188 dist[2.03]
Adding bndlst edge: (B_L190_MC -> B_T191_MC) type[cov], weight[1.00] from 182 to 183 dist[1.32]
Adding bndlst edge: (B_T191_MC -> B_N192_MC) type[cov], weight[1.00] from 183 to 184 dist[1.32]
Adding bndlst edge: (B_N192_MC -> B_Q193_MC) type[cov], weight[1.00] from 184 to 185 dist[1.33]
Adding bndlst edge: (B_N192_MC -> B_A195_MC) type[hb], weight[1.01] from 184 to 187 dist[2.00]
Adding bndlst edge: (B_N192_MC -> B_E194_MC) type[hb], weight[0.49] from 184 to 186 dist[2.85]
Adding bndlst edge: (B_N192_SC -> B_E194_MC) type[hb], weight[1.12] from 184 to 186 dist[1.89]
Adding bndlst edge: (B_Q193_MC -> B_E194_MC) type[cov], weight[1.00] from 185 to 186 dist[1.33]
Adding bndlst edge: (B_Q193_MC -> B_Q196_MC) type[hb], weight[0.76] from 185 to 188 dist[2.29]
Adding bndlst edge: (B_Q193_SC -> B_Q196_SC) type[hb], weight[0.94] from 185 to 188 dist[2.06]
Adding bndlst edge: (B_E194_MC -> B_A195_MC) type[cov], weight[1.00] from 186 to 187 dist[1.33]
Adding bndlst edge: (B_A195_MC -> B_Q196_MC) type[cov], weight[1.00] from 187 to 188 dist[1.33]
Adding bndlst edge: (B_Q196_MC -> B_Q197_MC) type[cov], weight[1.00] from 188 to 189 dist[1.33]
Adding bndlst edge: (B_Q196_SC -> B_W198_SC) type[hb], weight[0.99] from 188 to 190 dist[2.01]
Adding bndlst edge: (B_Q197_MC -> B_W198_MC) type[cov], weight[1.00] from 189 to 190 dist[1.32]
Adding bndlst edge: (B_W198_MC -> B_V199_MC) type[cov], weight[1.00] from 190 to 191 dist[1.33]
Adding bndlst edge: (B_V199_MC -> B_S200_MC) type[cov], weight[1.00] from 191 to 192 dist[1.33]
Adding bndlst edge: (B_S200_MC -> B_G201_MC) type[cov], weight[1.00] from 192 to 193 dist[1.33]
Adding bndlst edge: (B_S200_MC -> B_W202_MC) type[hb], weight[0.60] from 192 to 194 dist[2.59]
Adding bndlst edge: (B_G201_MC -> B_W202_MC) type[cov], weight[1.00] from 193 to 194 dist[1.33]
Adding bndlst edge: (B_W202_MC -> B_R203_MC) type[cov], weight[1.00] from 194 to 195 dist[1.33]
Adding bndlst edge: (B_W202_SC -> B_R203_MC) type[hb], weight[0.38] from 194 to 195 dist[3.23]
Adding bndlst edge: (B_R203_MC -> B_L204_MC) type[cov], weight[1.00] from 195 to 196 dist[1.33]
Adding bndlst edge: (B_L204_MC -> B_N205_MC) type[cov], weight[1.00] from 196 to 197 dist[1.32]
Adding bndlst edge: (B_N205_MC -> B_A206_MC) type[cov], weight[1.00] from 197 to 198 dist[1.33]
Adding bndlst edge: (B_A206_MC -> B_D207_MC) type[cov], weight[1.00] from 198 to 199 dist[1.33]
Adding bndlst edge: (B_D207_MC -> B_S208_MC) type[cov], weight[1.00] from 199 to 200 dist[1.32]
Adding bndlst edge: (B_D207_MC -> B_M218_MC) type[hb], weight[0.73] from 199 to 210 dist[2.34]
Adding bndlst edge: (B_S208_MC -> B_V209_MC) type[cov], weight[1.00] from 200 to 201 dist[1.32]
Adding bndlst edge: (B_S208_SC -> B_V209_MC) type[hb], weight[0.59] from 200 to 201 dist[2.59]
Adding bndlst edge: (B_S208_SC -> B_F217_SC) type[hb], weight[0.39] from 200 to 209 dist[3.19]
Adding bndlst edge: (B_S208_SC -> B_F217_SC) type[hb], weight[0.41] from 200 to 209 dist[3.14]
Adding bndlst edge: (B_V209_MC -> B_L210_MC) type[cov], weight[1.00] from 201 to 202 dist[1.33]
Adding bndlst edge: (B_V209_MC -> B_V216_MC) type[hb], weight[1.41] from 201 to 208 dist[1.68]
Adding bndlst edge: (B_V209_MC -> B_V216_MC) type[hb], weight[1.02] from 201 to 208 dist[1.98]
Adding bndlst edge: (B_L210_MC -> B_W211_MC) type[cov], weight[1.00] from 202 to 203 dist[1.33]
Adding bndlst edge: (B_W211_MC -> B_G212_MC) type[cov], weight[1.00] from 203 to 204 dist[1.33]
Adding bndlst edge: (B_W211_MC -> B_H214_MC) type[hb], weight[1.00] from 203 to 206 dist[2.00]
Adding bndlst edge: (B_W211_MC -> B_H214_MC) type[hb], weight[0.70] from 203 to 206 dist[2.40]
Adding bndlst edge: (B_G212_MC -> B_G213_MC) type[cov], weight[1.00] from 204 to 205 dist[1.33]
Adding bndlst edge: (B_G212_MC -> B_H214_SC) type[hb], weight[0.59] from 204 to 206 dist[2.61]
Adding bndlst edge: (B_G213_MC -> B_H214_MC) type[cov], weight[1.00] from 205 to 206 dist[1.33]
Adding bndlst edge: (B_H214_MC -> B_K215_MC) type[cov], weight[1.00] from 206 to 207 dist[1.33]
Adding bndlst edge: (B_K215_MC -> B_V216_MC) type[cov], weight[1.00] from 207 to 208 dist[1.33]
Adding bndlst edge: (B_V216_MC -> B_F217_MC) type[cov], weight[1.00] from 208 to 209 dist[1.33]
Adding bndlst edge: (B_F217_MC -> B_M218_MC) type[cov], weight[1.00] from 209 to 210 dist[1.33]
Adding bndlst edge: (B_M218_MC -> B_S219_MC) type[cov], weight[1.00] from 210 to 211 dist[1.33]
Adding bndlst edge: (B_S219_MC -> B_K220_MC) type[cov], weight[1.00] from 211 to 212 dist[1.33]
Adding bndlst edge: (B_K220_MC -> B_P221_MC) type[cov], weight[1.00] from 212 to 213 dist[1.34]

bndlst DONE

Producing PAJEK network
printing pajek edge (B_135_SER,B_136_ASP)
printing pajek edge (B_135_SER,B_136_ASP)
printing pajek edge (B_135_SER,B_212_GLY)
printing pajek edge (B_40_PHE,B_41_ILE)
printing pajek edge (B_98_LEU,B_99_LYS)
printing pajek edge (B_214_HIS,B_215_LYS)
printing pajek edge (B_126_SER,B_127_ASP)
printing pajek edge (B_126_SER,B_127_ASP)
printing pajek edge (B_79_GLY,B_80_ARG)
printing pajek edge (B_110_CYS,B_111_LEU)
printing pajek edge (B_110_CYS,B_156_VAL)
printing pajek edge (B_208_SER,B_217_PHE)
printing pajek edge (B_208_SER,B_209_VAL)
printing pajek edge (B_208_SER,B_209_VAL)
printing pajek edge (B_26_ASP,B_27_GLY)
printing pajek edge (B_26_ASP,B_52_ASN)
printing pajek edge (B_26_ASP,B_28_HIS)
printing pajek edge (B_133_PRO,B_134_SER)
printing pajek edge (B_24_GLU,B_54_THR)
printing pajek edge (B_24_GLU,B_25_SER)
printing pajek edge (B_52_ASN,B_53_GLY)
printing pajek edge (B_63_VAL,B_64_PHE)
printing pajek edge (B_92_PRO,B_93_PRO)
printing pajek edge (B_35_ILE,B_42_ILE)
printing pajek edge (B_35_ILE,B_36_GLY)
printing pajek edge (B_198_TRP,B_199_VAL)
printing pajek edge (B_169_ALA,B_178_TYR)
printing pajek edge (B_169_ALA,B_170_SER)
printing pajek edge (B_202_TRP,B_203_ARG)
printing pajek edge (B_202_TRP,B_203_ARG)
printing pajek edge (B_103_PRO,B_104_GLN)
printing pajek edge (B_65_LYS,B_66_VAL)
printing pajek edge (B_28_HIS,B_50_ARG)
printing pajek edge (B_28_HIS,B_29_THR)
printing pajek edge (B_171_ASN,B_174_ASN)
printing pajek edge (B_171_ASN,B_173_THR)
printing pajek edge (B_171_ASN,B_172_PHE)
printing pajek edge (B_171_ASN,B_175_THR)
printing pajek edge (B_171_ASN,B_176_ASN)
printing pajek edge (B_117_GLN,B_120_SER)
printing pajek edge (B_117_GLN,B_118_THR)
printing pajek edge (B_159_ARG,B_160_ASP)
printing pajek edge (B_97_LYS,B_98_LEU)
printing pajek edge (B_183_PRO,B_186_PHE)
printing pajek edge (B_183_PRO,B_184_LYS)
printing pajek edge (B_156_VAL,B_157_SER)
printing pajek edge (B_39_PRO,B_40_PHE)
printing pajek edge (B_39_PRO,B_87_MET)
printing pajek edge (B_43_THR,B_83_ILE)
printing pajek edge (B_43_THR,B_44_ASN)
printing pajek edge (B_43_THR,B_44_ASN)
printing pajek edge (B_19_CYS,B_94_PHE)
printing pajek edge (B_19_CYS,B_34_GLY)
printing pajek edge (B_19_CYS,B_20_HIS)
printing pajek edge (B_216_VAL,B_217_PHE)
printing pajek edge (B_86_ARG,B_198_TRP)
printing pajek edge (B_86_ARG,B_87_MET)
printing pajek edge (B_101_ARG,B_157_SER)
printing pajek edge (B_101_ARG,B_160_ASP)
printing pajek edge (B_101_ARG,B_107_GLU)
printing pajek edge (B_101_ARG,B_107_GLU)
printing pajek edge (B_101_ARG,B_163_ILE)
printing pajek edge (B_101_ARG,B_102_GLU)
printing pajek edge (B_101_ARG,B_102_GLU)
printing pajek edge (B_114_THR,B_123_SER)
printing pajek edge (B_114_THR,B_115_ASN)
printing pajek edge (B_165_GLY,B_166_ILE)
printing pajek edge (B_73_GLN,B_74_GLN)
printing pajek edge (B_73_GLN,B_86_ARG)
printing pajek edge (B_37_PHE,B_40_PHE)
printing pajek edge (B_37_PHE,B_38_GLY)
printing pajek edge (B_205_ASN,B_206_ALA)
printing pajek edge (B_211_TRP,B_212_GLY)
printing pajek edge (B_211_TRP,B_214_HIS)
printing pajek edge (B_146_THR,B_147_LYS)
printing pajek edge (B_207_ASP,B_208_SER)
printing pajek edge (B_207_ASP,B_218_MET)
printing pajek edge (B_122_SER,B_123_SER)
printing pajek edge (B_66_VAL,B_67_LYS)
printing pajek edge (B_219_SER,B_220_LYS)
printing pajek edge (B_161_GLY,B_162_PHE)
printing pajek edge (B_23_ASN,B_50_ARG)
printing pajek edge (B_23_ASN,B_30_THR)
printing pajek edge (B_23_ASN,B_47_LEU)
printing pajek edge (B_23_ASN,B_24_GLU)
printing pajek edge (B_23_ASN,B_25_SER)
printing pajek edge (B_145_GLN,B_146_THR)
printing pajek edge (B_89_LYS,B_91_PHE)
printing pajek edge (B_89_LYS,B_90_ASP)
printing pajek edge (B_68_ASN,B_71_THR)
printing pajek edge (B_68_ASN,B_69_THR)
printing pajek edge (B_68_ASN,B_70_THR)
printing pajek edge (B_68_ASN,B_70_THR)
printing pajek edge (B_109_ILE,B_110_CYS)
printing pajek edge (B_109_ILE,B_129_SER)
printing pajek edge (B_81_ASP,B_82_MET)
printing pajek edge (B_81_ASP,B_168_SER)
printing pajek edge (B_94_PHE,B_95_PRO)
printing pajek edge (B_84_ILE,B_85_ILE)
printing pajek edge (B_70_THR,B_71_THR)
printing pajek edge (B_70_THR,B_201_GLY)
printing pajek edge (B_75_HIS,B_197_GLN)
printing pajek edge (B_75_HIS,B_84_ILE)
printing pajek edge (B_75_HIS,B_76_LEU)
printing pajek edge (B_75_HIS,B_195_ALA)
printing pajek edge (B_212_GLY,B_213_GLY)
printing pajek edge (B_212_GLY,B_214_HIS)
printing pajek edge (B_173_THR,B_174_ASN)
printing pajek edge (B_173_THR,B_175_THR)
printing pajek edge (B_206_ALA,B_207_ASP)
printing pajek edge (B_147_LYS,B_150_GLN)
printing pajek edge (B_147_LYS,B_148_ASP)
printing pajek edge (B_137_GLY,B_138_ILE)
printing pajek edge (B_137_GLY,B_181_SER)
printing pajek edge (B_137_GLY,B_140_TRP)
printing pajek edge (B_10_ASP,B_12_ASN)
printing pajek edge (B_10_ASP,B_11_TYR)
printing pajek edge (B_25_SER,B_26_ASP)
printing pajek edge (B_25_SER,B_52_ASN)
printing pajek edge (B_25_SER,B_28_HIS)
printing pajek edge (B_194_GLU,B_195_ALA)
printing pajek edge (B_118_THR,B_119_LYS)
printing pajek edge (B_90_ASP,B_91_PHE)
printing pajek edge (B_155_LEU,B_164_VAL)
printing pajek edge (B_155_LEU,B_165_GLY)
printing pajek edge (B_155_LEU,B_156_VAL)
printing pajek edge (B_210_LEU,B_211_TRP)
printing pajek edge (B_176_ASN,B_177_ASN)
printing pajek edge (B_192_ASN,B_193_GLN)
printing pajek edge (B_192_ASN,B_194_GLU)
printing pajek edge (B_192_ASN,B_195_ALA)
printing pajek edge (B_143_TRP,B_144_ILE)
printing pajek edge (B_143_TRP,B_175_THR)
printing pajek edge (B_143_TRP,B_176_ASN)
printing pajek edge (B_22_THR,B_56_LEU)
printing pajek edge (B_22_THR,B_23_ASN)
printing pajek edge (B_120_SER,B_121_MET)
printing pajek edge (B_77_ILE,B_82_MET)
printing pajek edge (B_77_ILE,B_80_ARG)
printing pajek edge (B_77_ILE,B_78_ASP)
printing pajek edge (B_199_VAL,B_200_SER)
printing pajek edge (B_180_THR,B_181_SER)
printing pajek edge (B_153_SER,B_167_HIS)
printing pajek edge (B_153_SER,B_154_PRO)
printing pajek edge (B_57_VAL,B_58_GLN)
printing pajek edge (B_57_VAL,B_64_PHE)
printing pajek edge (B_186_PHE,B_190_LEU)
printing pajek edge (B_186_PHE,B_189_LEU)
printing pajek edge (B_186_PHE,B_187_MET)
printing pajek edge (B_32_LEU,B_33_TYR)
printing pajek edge (B_195_ALA,B_196_GLN)
printing pajek edge (B_148_ASP,B_149_GLY)
printing pajek edge (B_132_PHE,B_133_PRO)
printing pajek edge (B_132_PHE,B_141_LYS)
printing pajek edge (B_112_VAL,B_154_PRO)
printing pajek edge (B_112_VAL,B_113_THR)
printing pajek edge (B_139_PHE,B_140_TRP)
printing pajek edge (B_189_LEU,B_190_LEU)
printing pajek edge (B_189_LEU,B_196_GLN)
printing pajek edge (B_129_SER,B_130_CYS)
printing pajek edge (B_129_SER,B_130_CYS)
printing pajek edge (B_129_SER,B_143_TRP)
printing pajek edge (B_87_MET,B_88_PRO)
printing pajek edge (B_220_LYS,B_221_PRO)
printing pajek edge (B_162_PHE,B_163_ILE)
printing pajek edge (B_8_PRO,B_9_ARG)
printing pajek edge (B_31_SER,B_32_LEU)
printing pajek edge (B_104_GLN,B_107_GLU)
printing pajek edge (B_104_GLN,B_159_ARG)
printing pajek edge (B_104_GLN,B_105_ARG)
printing pajek edge (B_134_SER,B_136_ASP)
printing pajek edge (B_134_SER,B_139_PHE)
printing pajek edge (B_134_SER,B_135_SER)
printing pajek edge (B_134_SER,B_214_HIS)
printing pajek edge (B_134_SER,B_137_GLY)
printing pajek edge (B_167_HIS,B_169_ALA)
printing pajek edge (B_167_HIS,B_168_SER)
printing pajek edge (B_167_HIS,B_168_SER)
printing pajek edge (B_168_SER,B_178_TYR)
printing pajek edge (B_168_SER,B_180_THR)
printing pajek edge (B_168_SER,B_169_ALA)
printing pajek edge (B_184_LYS,B_185_ASN)
printing pajek edge (B_55_LEU,B_66_VAL)
printing pajek edge (B_55_LEU,B_56_LEU)
printing pajek edge (B_16_SER,B_17_THR)
printing pajek edge (B_217_PHE,B_218_MET)
printing pajek edge (B_106_GLU,B_107_GLU)
printing pajek edge (B_45_LYS,B_77_ILE)
printing pajek edge (B_45_LYS,B_46_HIS)
printing pajek edge (B_45_LYS,B_47_LEU)
printing pajek edge (B_45_LYS,B_80_ARG)
printing pajek edge (B_45_LYS,B_48_PHE)
printing pajek edge (B_45_LYS,B_81_ASP)
printing pajek edge (B_125_VAL,B_126_SER)
printing pajek edge (B_51_ASN,B_202_TRP)
printing pajek edge (B_51_ASN,B_69_THR)
printing pajek edge (B_51_ASN,B_52_ASN)
printing pajek edge (B_203_ARG,B_204_LEU)
printing pajek edge (B_13_PRO,B_14_ILE)
printing pajek edge (B_178_TYR,B_179_PHE)
printing pajek edge (B_41_ILE,B_85_ILE)
printing pajek edge (B_41_ILE,B_42_ILE)
printing pajek edge (B_29_THR,B_30_THR)
printing pajek edge (B_71_THR,B_72_LEU)
printing pajek edge (B_15_SER,B_16_SER)
printing pajek edge (B_15_SER,B_114_THR)
printing pajek edge (B_15_SER,B_18_ILE)
printing pajek edge (B_34_GLY,B_35_ILE)
printing pajek edge (B_88_PRO,B_89_LYS)
printing pajek edge (B_88_PRO,B_91_PHE)
printing pajek edge (B_201_GLY,B_202_TRP)
printing pajek edge (B_127_ASP,B_128_THR)
printing pajek edge (B_188_GLU,B_189_LEU)
printing pajek edge (B_188_GLU,B_191_THR)
printing pajek edge (B_188_GLU,B_192_ASN)
printing pajek edge (B_107_GLU,B_157_SER)
printing pajek edge (B_107_GLU,B_108_ARG)
printing pajek edge (B_187_MET,B_188_GLU)
printing pajek edge (B_187_MET,B_190_LEU)
printing pajek edge (B_187_MET,B_191_THR)
printing pajek edge (B_170_SER,B_171_ASN)
printing pajek edge (B_170_SER,B_171_ASN)
printing pajek edge (B_170_SER,B_174_ASN)
printing pajek edge (B_170_SER,B_177_ASN)
printing pajek edge (B_170_SER,B_176_ASN)
printing pajek edge (B_80_ARG,B_82_MET)
printing pajek edge (B_80_ARG,B_181_SER)
printing pajek edge (B_80_ARG,B_81_ASP)
printing pajek edge (B_82_MET,B_83_ILE)
printing pajek edge (B_190_LEU,B_191_THR)
printing pajek edge (B_69_THR,B_71_THR)
printing pajek edge (B_69_THR,B_72_LEU)
printing pajek edge (B_69_THR,B_70_THR)
printing pajek edge (B_69_THR,B_70_THR)
printing pajek edge (B_116_PHE,B_117_GLN)
printing pajek edge (B_123_SER,B_124_MET)
printing pajek edge (B_100_PHE,B_101_ARG)
printing pajek edge (B_100_PHE,B_187_MET)
printing pajek edge (B_111_LEU,B_112_VAL)
printing pajek edge (B_111_LEU,B_126_SER)
printing pajek edge (B_209_VAL,B_216_VAL)
printing pajek edge (B_209_VAL,B_210_LEU)
printing pajek edge (B_18_ILE,B_19_CYS)
printing pajek edge (B_121_MET,B_122_SER)
printing pajek edge (B_160_ASP,B_162_PHE)
printing pajek edge (B_160_ASP,B_161_GLY)
printing pajek edge (B_197_GLN,B_198_TRP)
printing pajek edge (B_215_LYS,B_216_VAL)
printing pajek edge (B_150_GLN,B_153_SER)
printing pajek edge (B_150_GLN,B_151_ALA)
printing pajek edge (B_99_LYS,B_100_PHE)
printing pajek edge (B_99_LYS,B_163_ILE)
printing pajek edge (B_175_THR,B_176_ASN)
printing pajek edge (B_56_LEU,B_57_VAL)
printing pajek edge (B_115_ASN,B_117_GLN)
printing pajek edge (B_115_ASN,B_122_SER)
printing pajek edge (B_115_ASN,B_116_PHE)
printing pajek edge (B_95_PRO,B_96_GLN)
printing pajek edge (B_182_VAL,B_183_PRO)
printing pajek edge (B_85_ILE,B_86_ARG)
printing pajek edge (B_141_LYS,B_178_TYR)
printing pajek edge (B_141_LYS,B_142_HIS)
printing pajek edge (B_141_LYS,B_176_ASN)
printing pajek edge (B_157_SER,B_160_ASP)
printing pajek edge (B_157_SER,B_162_PHE)
printing pajek edge (B_157_SER,B_159_ARG)
printing pajek edge (B_157_SER,B_161_GLY)
printing pajek edge (B_157_SER,B_158_THR)
printing pajek edge (B_131_THR,B_132_PHE)
printing pajek edge (B_131_THR,B_132_PHE)
printing pajek edge (B_131_THR,B_141_LYS)
printing pajek edge (B_58_GLN,B_59_SER)
printing pajek edge (B_47_LEU,B_48_PHE)
printing pajek edge (B_47_LEU,B_49_ARG)
printing pajek edge (B_218_MET,B_219_SER)
printing pajek edge (B_72_LEU,B_73_GLN)
printing pajek edge (B_105_ARG,B_106_GLU)
printing pajek edge (B_20_HIS,B_33_TYR)
printing pajek edge (B_20_HIS,B_58_GLN)
printing pajek edge (B_20_HIS,B_21_LEU)
printing pajek edge (B_20_HIS,B_22_THR)
printing pajek edge (B_49_ARG,B_50_ARG)
printing pajek edge (B_49_ARG,B_204_LEU)
printing pajek edge (B_49_ARG,B_207_ASP)
printing pajek edge (B_60_LEU,B_61_HIS)
printing pajek edge (B_181_SER,B_182_VAL)
printing pajek edge (B_64_PHE,B_65_LYS)
printing pajek edge (B_64_PHE,B_65_LYS)
printing pajek edge (B_53_GLY,B_54_THR)
printing pajek edge (B_53_GLY,B_69_THR)
printing pajek edge (B_74_GLN,B_199_VAL)
printing pajek edge (B_74_GLN,B_75_HIS)
printing pajek edge (B_74_GLN,B_202_TRP)
printing pajek edge (B_27_GLY,B_28_HIS)
printing pajek edge (B_62_GLY,B_63_VAL)
printing pajek edge (B_78_ASP,B_80_ARG)
printing pajek edge (B_78_ASP,B_79_GLY)
printing pajek edge (B_196_GLN,B_198_TRP)
printing pajek edge (B_196_GLN,B_197_GLN)
printing pajek edge (B_76_LEU,B_77_ILE)
printing pajek edge (B_174_ASN,B_220_LYS)
printing pajek edge (B_174_ASN,B_175_THR)
printing pajek edge (B_9_ARG,B_159_ARG)
printing pajek edge (B_9_ARG,B_10_ASP)
printing pajek edge (B_9_ARG,B_158_THR)
printing pajek edge (B_144_ILE,B_145_GLN)
printing pajek edge (B_144_ILE,B_177_ASN)
printing pajek edge (B_96_GLN,B_97_LYS)
printing pajek edge (B_124_MET,B_125_VAL)
printing pajek edge (B_152_GLY,B_167_HIS)
printing pajek edge (B_152_GLY,B_153_SER)
printing pajek edge (B_149_GLY,B_150_GLN)
printing pajek edge (B_38_GLY,B_95_PRO)
printing pajek edge (B_38_GLY,B_40_PHE)
printing pajek edge (B_38_GLY,B_94_PHE)
printing pajek edge (B_38_GLY,B_39_PRO)
printing pajek edge (B_108_ARG,B_109_ILE)
printing pajek edge (B_108_ARG,B_158_THR)
printing pajek edge (B_136_ASP,B_137_GLY)
printing pajek edge (B_33_TYR,B_43_THR)
printing pajek edge (B_33_TYR,B_34_GLY)
printing pajek edge (B_33_TYR,B_151_ALA)
printing pajek edge (B_36_GLY,B_37_PHE)
printing pajek edge (B_128_THR,B_129_SER)
printing pajek edge (B_164_VAL,B_182_VAL)
printing pajek edge (B_164_VAL,B_165_GLY)
printing pajek edge (B_142_HIS,B_167_HIS)
printing pajek edge (B_142_HIS,B_144_ILE)
printing pajek edge (B_142_HIS,B_177_ASN)
printing pajek edge (B_142_HIS,B_143_TRP)
printing pajek edge (B_48_PHE,B_74_GLN)
printing pajek edge (B_48_PHE,B_204_LEU)
printing pajek edge (B_48_PHE,B_49_ARG)
printing pajek edge (B_83_ILE,B_84_ILE)
printing pajek edge (B_91_PHE,B_92_PRO)
printing pajek edge (B_200_SER,B_202_TRP)
printing pajek edge (B_200_SER,B_201_GLY)
printing pajek edge (B_67_LYS,B_68_ASN)
printing pajek edge (B_185_ASN,B_188_GLU)
printing pajek edge (B_185_ASN,B_189_LEU)
printing pajek edge (B_185_ASN,B_186_PHE)
printing pajek edge (B_158_THR,B_159_ARG)
printing pajek edge (B_163_ILE,B_164_VAL)
printing pajek edge (B_138_ILE,B_139_PHE)
printing pajek edge (B_138_ILE,B_181_SER)
printing pajek edge (B_61_HIS,B_93_PRO)
printing pajek edge (B_61_HIS,B_94_PHE)
printing pajek edge (B_61_HIS,B_62_GLY)
printing pajek edge (B_130_CYS,B_131_THR)
printing pajek edge (B_151_ALA,B_152_GLY)
printing pajek edge (B_213_GLY,B_214_HIS)
printing pajek edge (B_166_ILE,B_167_HIS)
printing pajek edge (B_166_ILE,B_180_THR)
printing pajek edge (B_50_ARG,B_51_ASN)
printing pajek edge (B_30_THR,B_50_ARG)
printing pajek edge (B_30_THR,B_31_SER)
printing pajek edge (B_54_THR,B_55_LEU)
printing pajek edge (B_21_LEU,B_32_LEU)
printing pajek edge (B_21_LEU,B_32_LEU)
printing pajek edge (B_21_LEU,B_22_THR)
printing pajek edge (B_113_THR,B_124_MET)
printing pajek edge (B_113_THR,B_114_THR)
printing pajek edge (B_14_ILE,B_15_SER)
printing pajek edge (B_14_ILE,B_17_THR)
printing pajek edge (B_93_PRO,B_94_PHE)
printing pajek edge (B_193_GLN,B_194_GLU)
printing pajek edge (B_193_GLN,B_196_GLN)
printing pajek edge (B_44_ASN,B_167_HIS)
printing pajek edge (B_44_ASN,B_47_LEU)
printing pajek edge (B_44_ASN,B_81_ASP)
printing pajek edge (B_44_ASN,B_45_LYS)
printing pajek edge (B_44_ASN,B_168_SER)
printing pajek edge (B_11_TYR,B_14_ILE)
printing pajek edge (B_11_TYR,B_12_ASN)
printing pajek edge (B_11_TYR,B_110_CYS)
printing pajek edge (B_11_TYR,B_15_SER)
printing pajek edge (B_191_THR,B_192_ASN)
printing pajek edge (B_102_GLU,B_103_PRO)
printing pajek edge (B_154_PRO,B_155_LEU)
printing pajek edge (B_59_SER,B_60_LEU)
printing pajek edge (B_59_SER,B_61_HIS)
printing pajek edge (B_59_SER,B_94_PHE)
printing pajek edge (B_59_SER,B_62_GLY)
printing pajek edge (B_17_THR,B_36_GLY)
printing pajek edge (B_17_THR,B_18_ILE)
printing pajek edge (B_119_LYS,B_120_SER)
printing pajek edge (B_46_HIS,B_47_LEU)
printing pajek edge (B_46_HIS,B_81_ASP)
printing pajek edge (B_46_HIS,B_49_ARG)
printing pajek edge (B_12_ASN,B_14_ILE)
printing pajek edge (B_12_ASN,B_16_SER)
printing pajek edge (B_12_ASN,B_15_SER)
printing pajek edge (B_12_ASN,B_13_PRO)
printing pajek edge (B_42_ILE,B_43_THR)
printing pajek edge (B_177_ASN,B_178_TYR)
printing pajek edge (B_172_PHE,B_220_LYS)
printing pajek edge (B_172_PHE,B_173_THR)
printing pajek edge (B_140_TRP,B_179_PHE)
printing pajek edge (B_140_TRP,B_141_LYS)
printing pajek edge (B_204_LEU,B_205_ASN)
printing pajek edge (B_179_PHE,B_180_THR)
