Graph START

Adding vertex (chain-A, position-1, res-PRO)
New vertex id: 0
1 2 3 4 5 6 7 
Adding vertex (chain-A, position-2, res-THR)
New vertex id: 1
8 9 10 11 12 13 14 
Adding vertex (chain-A, position-3, res-LEU)
New vertex id: 2
15 16 17 18 19 20 21 22 
Adding vertex (chain-A, position-4, res-SER)
New vertex id: 3
23 24 25 26 27 28 
Adding vertex (chain-A, position-5, res-PRO)
New vertex id: 4
29 30 31 32 33 34 35 
Adding vertex (chain-A, position-6, res-GLU)
New vertex id: 5
36 37 38 39 40 41 42 43 44 
Adding vertex (chain-A, position-7, res-GLN)
New vertex id: 6
45 46 47 48 49 50 51 52 53 
Adding vertex (chain-A, position-8, res-GLN)
New vertex id: 7
54 55 56 57 58 59 60 61 62 
Adding vertex (chain-A, position-9, res-GLU)
New vertex id: 8
63 64 65 66 67 68 69 70 71 
Adding vertex (chain-A, position-10, res-MET)
New vertex id: 9
72 73 74 75 76 77 78 79 
Adding vertex (chain-A, position-11, res-LEU)
New vertex id: 10
80 81 82 83 84 85 86 87 
Adding vertex (chain-A, position-12, res-GLN)
New vertex id: 11
88 89 90 91 92 93 94 95 96 
Adding vertex (chain-A, position-13, res-ALA)
New vertex id: 12
97 98 99 100 101 
Adding vertex (chain-A, position-14, res-PHE)
New vertex id: 13
102 103 104 105 106 107 108 109 110 111 112 
Adding vertex (chain-A, position-15, res-SER)
New vertex id: 14
113 114 115 116 117 118 
Adding vertex (chain-A, position-16, res-THR)
New vertex id: 15
119 120 121 122 123 124 125 
Adding vertex (chain-A, position-17, res-GLN)
New vertex id: 16
126 127 128 129 130 131 132 133 134 
Adding vertex (chain-A, position-18, res-SER)
New vertex id: 17
135 136 137 138 139 140 
Adding vertex (chain-A, position-19, res-GLY)
New vertex id: 18
141 142 143 144 
Adding vertex (chain-A, position-20, res-MET)
New vertex id: 19
145 146 147 148 149 150 151 152 
Adding vertex (chain-A, position-21, res-ASN)
New vertex id: 20
153 154 155 156 157 158 159 160 
Adding vertex (chain-A, position-22, res-LEU)
New vertex id: 21
161 162 163 164 165 166 167 168 
Adding vertex (chain-A, position-23, res-GLU)
New vertex id: 22
169 170 171 172 173 174 175 176 177 
Adding vertex (chain-A, position-24, res-TRP)
New vertex id: 23
178 179 180 181 182 183 184 185 186 187 188 189 190 191 
Adding vertex (chain-A, position-25, res-SER)
New vertex id: 24
192 193 194 195 196 197 
Adding vertex (chain-A, position-26, res-GLN)
New vertex id: 25
198 199 200 201 202 203 204 205 206 
Adding vertex (chain-A, position-27, res-LYS)
New vertex id: 26
207 208 209 210 211 212 213 214 215 
Adding vertex (chain-A, position-28, res-CYS)
New vertex id: 27
216 217 218 219 220 221 
Adding vertex (chain-A, position-29, res-LEU)
New vertex id: 28
222 223 224 225 226 227 228 229 
Adding vertex (chain-A, position-30, res-GLN)
New vertex id: 29
230 231 232 233 234 235 236 237 238 
Adding vertex (chain-A, position-31, res-ASP)
New vertex id: 30
239 240 241 242 243 244 245 246 
Adding vertex (chain-A, position-32, res-ASN)
New vertex id: 31
247 248 249 250 251 252 253 254 
Adding vertex (chain-A, position-33, res-ASN)
New vertex id: 32
255 256 257 258 259 260 261 262 
Adding vertex (chain-A, position-34, res-TRP)
New vertex id: 33
263 264 265 266 267 268 269 270 271 272 273 274 275 276 
Adding vertex (chain-A, position-35, res-ASP)
New vertex id: 34
277 278 279 280 281 282 283 284 
Adding vertex (chain-A, position-36, res-TYR)
New vertex id: 35
285 286 287 288 289 290 291 292 293 294 295 296 
Adding vertex (chain-A, position-37, res-THR)
New vertex id: 36
297 298 299 300 301 302 303 
Adding vertex (chain-A, position-38, res-ARG)
New vertex id: 37
304 305 306 307 308 309 310 311 312 313 314 
Adding vertex (chain-A, position-39, res-SER)
New vertex id: 38
315 316 317 318 319 320 
Adding vertex (chain-A, position-40, res-ALA)
New vertex id: 39
321 322 323 324 325 
Adding vertex (chain-A, position-41, res-GLN)
New vertex id: 40
326 327 328 329 330 331 332 333 334 
Adding vertex (chain-A, position-42, res-ALA)
New vertex id: 41
335 336 337 338 339 
Adding vertex (chain-A, position-43, res-PHE)
New vertex id: 42
340 341 342 343 344 345 346 347 348 349 350 
Adding vertex (chain-A, position-44, res-THR)
New vertex id: 43
351 352 353 354 355 356 357 
Adding vertex (chain-A, position-45, res-HIS)
New vertex id: 44
358 359 360 361 362 363 364 365 366 367 
Adding vertex (chain-A, position-46, res-LEU)
New vertex id: 45
368 369 370 371 372 373 374 375 
Adding vertex (chain-A, position-47, res-LYS)
New vertex id: 46
376 377 378 379 380 381 382 383 384 
Adding vertex (chain-A, position-48, res-ALA)
New vertex id: 47
385 386 387 388 389 
Adding vertex (chain-A, position-49, res-LYS)
New vertex id: 48
390 391 392 393 394 395 396 397 398 
Adding vertex (chain-A, position-50, res-GLY)
New vertex id: 49
399 400 401 402 
Adding vertex (chain-A, position-51, res-GLU)
New vertex id: 50
403 404 405 406 407 408 409 410 411 
Adding vertex (chain-A, position-52, res-ILE)
New vertex id: 51
412 413 414 415 416 417 418 419 
Adding vertex (chain-A, position-53, res-PRO)
New vertex id: 52
420 421 422 423 424 425 426 
Adding vertex (chain-A, position-54, res-GLU)
New vertex id: 53
427 428 429 430 431 432 433 434 435 
Adding vertex (chain-A, position-55, res-VAL)
New vertex id: 54
436 437 438 439 440 441 442 
Adding vertex (chain-A, position-56, res-ALA)
New vertex id: 55
443 444 445 446 447 
Adding vertex (chain-A, position-57, res-PHE)
New vertex id: 56
448 449 450 451 452 453 454 455 456 457 458 
Adding vertex (chain-A, position-58, res-MET)
New vertex id: 57
459 460 461 462 463 464 465 466 
Adding vertex (chain-A, position-59, res-LYS)
New vertex id: 58
467 468 469 470 471 472 473 474 475 476 
Graph DONE

( reduce -FLIPs 1OAI.pdb > 1OAI.H.pdb ) >& /dev/null
Reduce (-FLIPs) returned 256
( bndlst -Radius0.3 1OAI.H.pdb > 1OAI.H.bndlst ) >& /dev/null
BndLst returned 0
Parsing 1OAI.H.bndlst

bndlst START
Adding bndlst edge: (A_P1_MC -> A_T2_MC) type[cov], weight[1.00] from 0 to 1 dist[1.35]
Adding bndlst edge: (A_T2_MC -> A_L3_MC) type[cov], weight[1.00] from 1 to 2 dist[1.31]
Adding bndlst edge: (A_L3_MC -> A_S4_MC) type[cov], weight[1.00] from 2 to 3 dist[1.35]
Adding bndlst edge: (A_S4_MC -> A_P5_MC) type[cov], weight[1.00] from 3 to 4 dist[1.32]
Adding bndlst edge: (A_S4_MC -> A_Q8_MC) type[hb], weight[1.16] from 3 to 7 dist[1.85]
Adding bndlst edge: (A_S4_MC -> A_Q7_MC) type[hb], weight[0.57] from 3 to 6 dist[2.66]
Adding bndlst edge: (A_S4_SC -> A_Q7_MC) type[hb], weight[0.90] from 3 to 6 dist[2.10]
Adding bndlst edge: (A_S4_MC -> A_Q7_SC) type[hb], weight[0.99] from 3 to 6 dist[2.01]
Adding bndlst edge: (A_P5_MC -> A_E6_MC) type[cov], weight[1.00] from 4 to 5 dist[1.32]
Adding bndlst edge: (A_P5_MC -> A_Q8_MC) type[hb], weight[0.52] from 4 to 7 dist[2.78]
Adding bndlst edge: (A_P5_MC -> A_E9_MC) type[hb], weight[0.85] from 4 to 8 dist[2.17]
Adding bndlst edge: (A_E6_MC -> A_Q7_MC) type[cov], weight[1.00] from 5 to 6 dist[1.34]
Adding bndlst edge: (A_E6_MC -> A_M10_MC) type[hb], weight[0.94] from 5 to 9 dist[2.07]
Adding bndlst edge: (A_E6_MC -> A_E9_MC) type[hb], weight[0.52] from 5 to 8 dist[2.78]
Adding bndlst edge: (A_Q7_MC -> A_Q8_MC) type[cov], weight[1.00] from 6 to 7 dist[1.32]
Adding bndlst edge: (A_Q7_MC -> A_L11_MC) type[hb], weight[1.13] from 6 to 10 dist[1.88]
Adding bndlst edge: (A_Q7_MC -> A_M10_MC) type[hb], weight[0.52] from 6 to 9 dist[2.77]
Adding bndlst edge: (A_Q7_SC -> A_W34_SC) type[hb], weight[0.38] from 6 to 33 dist[3.23]
Adding bndlst edge: (A_Q7_SC -> A_W34_SC) type[hb], weight[0.42] from 6 to 33 dist[3.09]
Adding bndlst edge: (A_Q7_SC -> A_W34_SC) type[hb], weight[0.44] from 6 to 33 dist[3.01]
Adding bndlst edge: (A_Q7_SC -> A_W34_SC) type[hb], weight[0.53] from 6 to 33 dist[2.75]
Adding bndlst edge: (A_Q7_SC -> A_W34_SC) type[hb], weight[0.54] from 6 to 33 dist[2.71]
Adding bndlst edge: (A_Q8_MC -> A_E9_MC) type[cov], weight[1.00] from 7 to 8 dist[1.34]
Adding bndlst edge: (A_Q8_MC -> A_Q12_MC) type[hb], weight[0.91] from 7 to 11 dist[2.09]
Adding bndlst edge: (A_Q8_MC -> A_L11_MC) type[hb], weight[0.50] from 7 to 10 dist[2.84]
Adding bndlst edge: (A_Q8_SC -> A_Q12_SC) type[hb], weight[0.84] from 7 to 11 dist[2.19]
Adding bndlst edge: (A_E9_MC -> A_M10_MC) type[cov], weight[1.00] from 8 to 9 dist[1.32]
Adding bndlst edge: (A_E9_MC -> A_A13_MC) type[hb], weight[0.89] from 8 to 12 dist[2.12]
Adding bndlst edge: (A_E9_MC -> A_Q12_MC) type[hb], weight[0.46] from 8 to 11 dist[2.95]
Adding bndlst edge: (A_M10_MC -> A_L11_MC) type[cov], weight[1.00] from 9 to 10 dist[1.33]
Adding bndlst edge: (A_M10_MC -> A_A13_MC) type[hb], weight[0.48] from 9 to 12 dist[2.87]
Adding bndlst edge: (A_M10_MC -> A_F14_MC) type[hb], weight[1.07] from 9 to 13 dist[1.93]
Adding bndlst edge: (A_L11_MC -> A_Q12_MC) type[cov], weight[1.00] from 10 to 11 dist[1.34]
Adding bndlst edge: (A_L11_MC -> A_S15_MC) type[hb], weight[1.11] from 10 to 14 dist[1.90]
Adding bndlst edge: (A_L11_MC -> A_F14_MC) type[hb], weight[0.54] from 10 to 13 dist[2.71]
Adding bndlst edge: (A_Q12_MC -> A_A13_MC) type[cov], weight[1.00] from 11 to 12 dist[1.32]
Adding bndlst edge: (A_Q12_MC -> A_T16_SC) type[hb], weight[0.79] from 11 to 15 dist[2.25]
Adding bndlst edge: (A_Q12_MC -> A_T16_MC) type[hb], weight[0.88] from 11 to 15 dist[2.14]
Adding bndlst edge: (A_A13_MC -> A_F14_MC) type[cov], weight[1.00] from 12 to 13 dist[1.33]
Adding bndlst edge: (A_A13_MC -> A_T16_MC) type[hb], weight[0.46] from 12 to 15 dist[2.95]
Adding bndlst edge: (A_A13_MC -> A_Q17_MC) type[hb], weight[1.00] from 12 to 16 dist[2.00]
Adding bndlst edge: (A_F14_MC -> A_S15_MC) type[cov], weight[1.00] from 13 to 14 dist[1.32]
Adding bndlst edge: (A_F14_MC -> A_S18_MC) type[hb], weight[1.11] from 13 to 17 dist[1.90]
Adding bndlst edge: (A_F14_MC -> A_S18_SC) type[hb], weight[1.13] from 13 to 17 dist[1.88]
Adding bndlst edge: (A_F14_MC -> A_Q17_MC) type[hb], weight[0.46] from 13 to 16 dist[2.94]
Adding bndlst edge: (A_F14_SC -> A_C28_SC) type[hb], weight[0.55] from 13 to 27 dist[2.69]
Adding bndlst edge: (A_F14_SC -> A_C28_SC) type[hb], weight[0.64] from 13 to 27 dist[2.50]
Adding bndlst edge: (A_S15_MC -> A_T16_MC) type[cov], weight[1.00] from 14 to 15 dist[1.31]
Adding bndlst edge: (A_S15_MC -> A_G19_MC) type[hb], weight[0.87] from 14 to 18 dist[2.14]
Adding bndlst edge: (A_S15_SC -> A_M20_MC) type[hb], weight[1.30] from 14 to 19 dist[1.75]
Adding bndlst edge: (A_T16_MC -> A_Q17_MC) type[cov], weight[1.00] from 15 to 16 dist[1.33]
Adding bndlst edge: (A_T16_MC -> A_G19_MC) type[hb], weight[0.51] from 15 to 18 dist[2.81]
Adding bndlst edge: (A_Q17_MC -> A_S18_MC) type[cov], weight[1.00] from 16 to 17 dist[1.33]
Adding bndlst edge: (A_Q17_SC -> A_Y36_SC) type[hb], weight[1.34] from 16 to 35 dist[1.73]
Adding bndlst edge: (A_S18_MC -> A_G19_MC) type[cov], weight[1.00] from 17 to 18 dist[1.33]
Adding bndlst edge: (A_S18_SC -> A_M20_MC) type[hb], weight[0.94] from 17 to 19 dist[2.06]
Adding bndlst edge: (A_G19_MC -> A_M20_MC) type[cov], weight[1.00] from 18 to 19 dist[1.32]
Adding bndlst edge: (A_M20_MC -> A_N21_MC) type[cov], weight[1.00] from 19 to 20 dist[1.35]
Adding bndlst edge: (A_M20_MC -> A_S25_SC) type[hb], weight[0.55] from 19 to 24 dist[2.71]
Adding bndlst edge: (A_N21_MC -> A_L22_MC) type[cov], weight[1.00] from 20 to 21 dist[1.32]
Adding bndlst edge: (A_N21_MC -> A_W24_MC) type[hb], weight[0.49] from 20 to 23 dist[2.86]
Adding bndlst edge: (A_N21_MC -> A_S25_SC) type[hb], weight[1.06] from 20 to 24 dist[1.94]
Adding bndlst edge: (A_N21_MC -> A_S25_MC) type[hb], weight[1.03] from 20 to 24 dist[1.97]
Adding bndlst edge: (A_N21_SC -> A_E23_MC) type[hb], weight[0.49] from 20 to 22 dist[2.86]
Adding bndlst edge: (A_N21_SC -> A_W24_MC) type[hb], weight[1.01] from 20 to 23 dist[1.99]
Adding bndlst edge: (A_N21_MC -> A_A56_MC) type[hb], weight[0.94] from 20 to 55 dist[2.06]
Adding bndlst edge: (A_N21_SC -> A_V55_MC) type[hb], weight[0.64] from 20 to 54 dist[2.50]
Adding bndlst edge: (A_N21_SC -> A_W24_SC) type[hb], weight[0.43] from 20 to 23 dist[3.04]
Adding bndlst edge: (A_N21_SC -> A_M58_MC) type[hb], weight[1.07] from 20 to 57 dist[1.93]
Adding bndlst edge: (A_N21_SC -> A_V55_MC) type[hb], weight[0.45] from 20 to 54 dist[2.98]
Adding bndlst edge: (A_L22_MC -> A_E23_MC) type[cov], weight[1.00] from 21 to 22 dist[1.35]
Adding bndlst edge: (A_L22_MC -> A_Q26_MC) type[hb], weight[1.09] from 21 to 25 dist[1.92]
Adding bndlst edge: (A_L22_MC -> A_S25_MC) type[hb], weight[0.50] from 21 to 24 dist[2.82]
Adding bndlst edge: (A_E23_MC -> A_W24_MC) type[cov], weight[1.00] from 22 to 23 dist[1.32]
Adding bndlst edge: (A_E23_MC -> A_K27_MC) type[hb], weight[0.94] from 22 to 26 dist[2.06]
Adding bndlst edge: (A_E23_MC -> A_Q26_MC) type[hb], weight[0.48] from 22 to 25 dist[2.87]
Adding bndlst edge: (A_W24_MC -> A_S25_MC) type[cov], weight[1.00] from 23 to 24 dist[1.33]
Adding bndlst edge: (A_W24_MC -> A_K27_MC) type[hb], weight[0.49] from 23 to 26 dist[2.87]
Adding bndlst edge: (A_W24_MC -> A_C28_MC) type[hb], weight[1.00] from 23 to 27 dist[2.00]
Adding bndlst edge: (A_S25_MC -> A_Q26_MC) type[cov], weight[1.00] from 24 to 25 dist[1.33]
Adding bndlst edge: (A_S25_MC -> A_C28_MC) type[hb], weight[0.51] from 24 to 27 dist[2.81]
Adding bndlst edge: (A_S25_MC -> A_L29_MC) type[hb], weight[0.99] from 24 to 28 dist[2.01]
Adding bndlst edge: (A_Q26_MC -> A_K27_MC) type[cov], weight[1.00] from 25 to 26 dist[1.33]
Adding bndlst edge: (A_Q26_MC -> A_Q30_MC) type[hb], weight[1.16] from 25 to 29 dist[1.86]
Adding bndlst edge: (A_Q26_MC -> A_L29_MC) type[hb], weight[0.46] from 25 to 28 dist[2.96]
Adding bndlst edge: (A_Q26_SC -> A_Q30_SC) type[hb], weight[0.98] from 25 to 29 dist[2.02]
Adding bndlst edge: (A_K27_MC -> A_C28_MC) type[cov], weight[1.00] from 26 to 27 dist[1.31]
Adding bndlst edge: (A_K27_MC -> A_D31_MC) type[hb], weight[1.09] from 26 to 30 dist[1.92]
Adding bndlst edge: (A_K27_MC -> A_Q30_MC) type[hb], weight[0.46] from 26 to 29 dist[2.96]
Adding bndlst edge: (A_K27_SC -> A_D31_SC) type[salt], weight[0.98] from 26 to 30 dist[1.92]
Adding bndlst edge: (A_K27_SC -> A_D31_SC) type[salt], weight[0.44] from 26 to 30 dist[2.86]
Adding bndlst edge: (A_C28_MC -> A_L29_MC) type[cov], weight[1.00] from 27 to 28 dist[1.32]
Adding bndlst edge: (A_C28_MC -> A_N32_MC) type[hb], weight[0.60] from 27 to 31 dist[2.58]
Adding bndlst edge: (A_C28_MC -> A_D31_MC) type[hb], weight[0.49] from 27 to 30 dist[2.87]
Adding bndlst edge: (A_C28_MC -> A_N32_SC) type[hb], weight[0.98] from 27 to 31 dist[2.02]
Adding bndlst edge: (A_C28_SC -> A_N32_SC) type[hb], weight[0.35] from 27 to 31 dist[3.38]
Adding bndlst edge: (A_L29_MC -> A_Q30_MC) type[cov], weight[1.00] from 28 to 29 dist[1.34]
Adding bndlst edge: (A_L29_MC -> A_N32_MC) type[hb], weight[0.84] from 28 to 31 dist[2.18]
Adding bndlst edge: (A_L29_MC -> A_W34_MC) type[hb], weight[1.17] from 28 to 33 dist[1.85]
Adding bndlst edge: (A_Q30_MC -> A_D31_MC) type[cov], weight[1.00] from 29 to 30 dist[1.33]
Adding bndlst edge: (A_Q30_MC -> A_N32_MC) type[hb], weight[0.45] from 29 to 31 dist[2.98]
Adding bndlst edge: (A_Q30_MC -> A_N33_MC) type[hb], weight[0.75] from 29 to 32 dist[2.31]
Adding bndlst edge: (A_D31_MC -> A_N32_MC) type[cov], weight[1.00] from 30 to 31 dist[1.33]
Adding bndlst edge: (A_N32_MC -> A_N33_MC) type[cov], weight[1.00] from 31 to 32 dist[1.34]
Adding bndlst edge: (A_N32_MC -> A_D35_MC) type[hb], weight[0.74] from 31 to 34 dist[2.33]
Adding bndlst edge: (A_N32_SC -> A_R38_SC) type[hb], weight[0.93] from 31 to 37 dist[2.08]
Adding bndlst edge: (A_N33_MC -> A_W34_MC) type[cov], weight[1.00] from 32 to 33 dist[1.33]
Adding bndlst edge: (A_W34_MC -> A_D35_MC) type[cov], weight[1.00] from 33 to 34 dist[1.31]
Adding bndlst edge: (A_D35_MC -> A_Y36_MC) type[cov], weight[1.00] from 34 to 35 dist[1.31]
Adding bndlst edge: (A_D35_MC -> A_S39_SC) type[hb], weight[1.16] from 34 to 38 dist[1.85]
Adding bndlst edge: (A_D35_MC -> A_S39_MC) type[hb], weight[1.08] from 34 to 38 dist[1.93]
Adding bndlst edge: (A_D35_MC -> A_R38_MC) type[hb], weight[0.48] from 34 to 37 dist[2.89]
Adding bndlst edge: (A_D35_SC -> A_R38_MC) type[hb], weight[0.88] from 34 to 37 dist[2.13]
Adding bndlst edge: (A_Y36_MC -> A_T37_MC) type[cov], weight[1.00] from 35 to 36 dist[1.34]
Adding bndlst edge: (A_Y36_MC -> A_A40_MC) type[hb], weight[1.13] from 35 to 39 dist[1.88]
Adding bndlst edge: (A_Y36_MC -> A_S39_MC) type[hb], weight[0.53] from 35 to 38 dist[2.75]
Adding bndlst edge: (A_T37_MC -> A_R38_MC) type[cov], weight[1.00] from 36 to 37 dist[1.33]
Adding bndlst edge: (A_T37_MC -> A_A40_MC) type[hb], weight[0.48] from 36 to 39 dist[2.89]
Adding bndlst edge: (A_T37_MC -> A_Q41_MC) type[hb], weight[0.89] from 36 to 40 dist[2.12]
Adding bndlst edge: (A_R38_MC -> A_S39_MC) type[cov], weight[1.00] from 37 to 38 dist[1.33]
Adding bndlst edge: (A_R38_MC -> A_A42_MC) type[hb], weight[1.07] from 37 to 41 dist[1.93]
Adding bndlst edge: (A_R38_MC -> A_Q41_MC) type[hb], weight[0.50] from 37 to 40 dist[2.82]
Adding bndlst edge: (A_S39_MC -> A_A40_MC) type[cov], weight[1.00] from 38 to 39 dist[1.32]
Adding bndlst edge: (A_S39_MC -> A_F43_MC) type[hb], weight[1.10] from 38 to 42 dist[1.91]
Adding bndlst edge: (A_S39_MC -> A_A42_MC) type[hb], weight[0.48] from 38 to 41 dist[2.90]
Adding bndlst edge: (A_A40_MC -> A_Q41_MC) type[cov], weight[1.00] from 39 to 40 dist[1.32]
Adding bndlst edge: (A_A40_MC -> A_T44_SC) type[hb], weight[1.02] from 39 to 43 dist[1.98]
Adding bndlst edge: (A_A40_MC -> A_T44_MC) type[hb], weight[1.02] from 39 to 43 dist[1.98]
Adding bndlst edge: (A_A40_MC -> A_F43_MC) type[hb], weight[0.45] from 39 to 42 dist[2.99]
Adding bndlst edge: (A_Q41_MC -> A_A42_MC) type[cov], weight[1.00] from 40 to 41 dist[1.31]
Adding bndlst edge: (A_Q41_MC -> A_T44_MC) type[hb], weight[0.49] from 40 to 43 dist[2.86]
Adding bndlst edge: (A_Q41_MC -> A_H45_MC) type[hb], weight[0.95] from 40 to 44 dist[2.05]
Adding bndlst edge: (A_A42_MC -> A_F43_MC) type[cov], weight[1.00] from 41 to 42 dist[1.32]
Adding bndlst edge: (A_A42_MC -> A_L46_MC) type[hb], weight[0.83] from 41 to 45 dist[2.20]
Adding bndlst edge: (A_A42_MC -> A_H45_MC) type[hb], weight[0.48] from 41 to 44 dist[2.90]
Adding bndlst edge: (A_F43_MC -> A_T44_MC) type[cov], weight[1.00] from 42 to 43 dist[1.32]
Adding bndlst edge: (A_F43_MC -> A_K47_MC) type[hb], weight[1.15] from 42 to 46 dist[1.87]
Adding bndlst edge: (A_F43_MC -> A_L46_MC) type[hb], weight[0.52] from 42 to 45 dist[2.77]
Adding bndlst edge: (A_T44_MC -> A_H45_MC) type[cov], weight[1.00] from 43 to 44 dist[1.33]
Adding bndlst edge: (A_T44_MC -> A_A48_MC) type[hb], weight[0.88] from 43 to 47 dist[2.13]
Adding bndlst edge: (A_T44_MC -> A_K47_MC) type[hb], weight[0.45] from 43 to 46 dist[2.98]
Adding bndlst edge: (A_H45_MC -> A_L46_MC) type[cov], weight[1.00] from 44 to 45 dist[1.33]
Adding bndlst edge: (A_H45_MC -> A_A48_MC) type[hb], weight[0.45] from 44 to 47 dist[2.97]
Adding bndlst edge: (A_H45_MC -> A_K49_MC) type[hb], weight[0.62] from 44 to 48 dist[2.53]
Adding bndlst edge: (A_H45_SC -> A_K49_SC) type[hb], weight[0.39] from 44 to 48 dist[3.19]
Adding bndlst edge: (A_H45_SC -> A_K49_SC) type[hb], weight[0.53] from 44 to 48 dist[2.76]
Adding bndlst edge: (A_L46_MC -> A_K47_MC) type[cov], weight[1.00] from 45 to 46 dist[1.33]
Adding bndlst edge: (A_L46_MC -> A_E51_MC) type[hb], weight[0.80] from 45 to 50 dist[2.23]
Adding bndlst edge: (A_L46_MC -> A_G50_MC) type[hb], weight[0.49] from 45 to 49 dist[2.86]
Adding bndlst edge: (A_L46_MC -> A_K49_MC) type[hb], weight[0.57] from 45 to 48 dist[2.65]
Adding bndlst edge: (A_K47_MC -> A_A48_MC) type[cov], weight[1.00] from 46 to 47 dist[1.33]
Adding bndlst edge: (A_K47_MC -> A_G50_MC) type[hb], weight[1.06] from 46 to 49 dist[1.94]
Adding bndlst edge: (A_A48_MC -> A_K49_MC) type[cov], weight[1.00] from 47 to 48 dist[1.33]
Adding bndlst edge: (A_K49_MC -> A_G50_MC) type[cov], weight[1.00] from 48 to 49 dist[1.33]
Adding bndlst edge: (A_G50_MC -> A_E51_MC) type[cov], weight[1.00] from 49 to 50 dist[1.33]
Adding bndlst edge: (A_E51_MC -> A_I52_MC) type[cov], weight[1.00] from 50 to 51 dist[1.31]
Adding bndlst edge: (A_I52_MC -> A_P53_MC) type[cov], weight[1.00] from 51 to 52 dist[1.34]
Adding bndlst edge: (A_P53_MC -> A_E54_MC) type[cov], weight[1.00] from 52 to 53 dist[1.35]
Adding bndlst edge: (A_P53_MC -> A_A56_MC) type[hb], weight[1.04] from 52 to 55 dist[1.96]
Adding bndlst edge: (A_E54_MC -> A_V55_MC) type[cov], weight[1.00] from 53 to 54 dist[1.33]
Adding bndlst edge: (A_E54_MC -> A_F57_MC) type[hb], weight[0.89] from 53 to 56 dist[2.12]
Adding bndlst edge: (A_V55_MC -> A_A56_MC) type[cov], weight[1.00] from 54 to 55 dist[1.33]
Adding bndlst edge: (A_V55_MC -> A_M58_MC) type[hb], weight[0.75] from 54 to 57 dist[2.32]
Adding bndlst edge: (A_A56_MC -> A_F57_MC) type[cov], weight[1.00] from 55 to 56 dist[1.33]
Adding bndlst edge: (A_F57_MC -> A_M58_MC) type[cov], weight[1.00] from 56 to 57 dist[1.32]
Adding bndlst edge: (A_M58_MC -> A_K59_MC) type[cov], weight[1.00] from 57 to 58 dist[1.36]

bndlst DONE

Producing PAJEK network
printing pajek edge (A_34_TRP,A_35_ASP)
printing pajek edge (A_33_ASN,A_34_TRP)
printing pajek edge (A_22_LEU,A_26_GLN)
printing pajek edge (A_22_LEU,A_23_GLU)
printing pajek edge (A_22_LEU,A_25_SER)
printing pajek edge (A_8_GLN,A_9_GLU)
printing pajek edge (A_8_GLN,A_12_GLN)
printing pajek edge (A_8_GLN,A_11_LEU)
printing pajek edge (A_27_LYS,A_28_CYS)
printing pajek edge (A_27_LYS,A_31_ASP)
printing pajek edge (A_27_LYS,A_31_ASP)
printing pajek edge (A_27_LYS,A_30_GLN)
printing pajek edge (A_18_SER,A_19_GLY)
printing pajek edge (A_18_SER,A_20_MET)
printing pajek edge (A_3_LEU,A_4_SER)
printing pajek edge (A_2_THR,A_3_LEU)
printing pajek edge (A_19_GLY,A_20_MET)
printing pajek edge (A_31_ASP,A_32_ASN)
printing pajek edge (A_17_GLN,A_36_TYR)
printing pajek edge (A_17_GLN,A_18_SER)
printing pajek edge (A_45_HIS,A_46_LEU)
printing pajek edge (A_45_HIS,A_49_LYS)
printing pajek edge (A_45_HIS,A_48_ALA)
printing pajek edge (A_56_ALA,A_57_PHE)
printing pajek edge (A_28_CYS,A_29_LEU)
printing pajek edge (A_28_CYS,A_31_ASP)
printing pajek edge (A_28_CYS,A_32_ASN)
printing pajek edge (A_26_GLN,A_29_LEU)
printing pajek edge (A_26_GLN,A_27_LYS)
printing pajek edge (A_26_GLN,A_30_GLN)
printing pajek edge (A_29_LEU,A_34_TRP)
printing pajek edge (A_29_LEU,A_32_ASN)
printing pajek edge (A_29_LEU,A_30_GLN)
printing pajek edge (A_58_MET,A_59_LYS)
printing pajek edge (A_41_GLN,A_44_THR)
printing pajek edge (A_41_GLN,A_45_HIS)
printing pajek edge (A_41_GLN,A_42_ALA)
printing pajek edge (A_21_ASN,A_23_GLU)
printing pajek edge (A_21_ASN,A_22_LEU)
printing pajek edge (A_21_ASN,A_58_MET)
printing pajek edge (A_21_ASN,A_25_SER)
printing pajek edge (A_21_ASN,A_24_TRP)
printing pajek edge (A_21_ASN,A_55_VAL)
printing pajek edge (A_21_ASN,A_56_ALA)
printing pajek edge (A_15_SER,A_19_GLY)
printing pajek edge (A_15_SER,A_20_MET)
printing pajek edge (A_15_SER,A_16_THR)
printing pajek edge (A_50_GLY,A_51_GLU)
printing pajek edge (A_25_SER,A_28_CYS)
printing pajek edge (A_25_SER,A_26_GLN)
printing pajek edge (A_25_SER,A_29_LEU)
printing pajek edge (A_11_LEU,A_12_GLN)
printing pajek edge (A_11_LEU,A_14_PHE)
printing pajek edge (A_11_LEU,A_15_SER)
printing pajek edge (A_32_ASN,A_33_ASN)
printing pajek edge (A_32_ASN,A_35_ASP)
printing pajek edge (A_32_ASN,A_38_ARG)
printing pajek edge (A_36_TYR,A_39_SER)
printing pajek edge (A_36_TYR,A_40_ALA)
printing pajek edge (A_36_TYR,A_37_THR)
printing pajek edge (A_12_GLN,A_13_ALA)
printing pajek edge (A_12_GLN,A_16_THR)
printing pajek edge (A_54_GLU,A_57_PHE)
printing pajek edge (A_54_GLU,A_55_VAL)
printing pajek edge (A_49_LYS,A_50_GLY)
printing pajek edge (A_43_PHE,A_47_LYS)
printing pajek edge (A_43_PHE,A_46_LEU)
printing pajek edge (A_43_PHE,A_44_THR)
printing pajek edge (A_23_GLU,A_26_GLN)
printing pajek edge (A_23_GLU,A_27_LYS)
printing pajek edge (A_23_GLU,A_24_TRP)
printing pajek edge (A_47_LYS,A_50_GLY)
printing pajek edge (A_47_LYS,A_48_ALA)
printing pajek edge (A_1_PRO,A_2_THR)
printing pajek edge (A_14_PHE,A_28_CYS)
printing pajek edge (A_14_PHE,A_17_GLN)
printing pajek edge (A_14_PHE,A_18_SER)
printing pajek edge (A_14_PHE,A_15_SER)
printing pajek edge (A_24_TRP,A_28_CYS)
printing pajek edge (A_24_TRP,A_25_SER)
printing pajek edge (A_24_TRP,A_27_LYS)
printing pajek edge (A_30_GLN,A_33_ASN)
printing pajek edge (A_30_GLN,A_31_ASP)
printing pajek edge (A_30_GLN,A_32_ASN)
printing pajek edge (A_7_GLN,A_34_TRP)
printing pajek edge (A_7_GLN,A_8_GLN)
printing pajek edge (A_7_GLN,A_10_MET)
printing pajek edge (A_7_GLN,A_11_LEU)
printing pajek edge (A_51_GLU,A_52_ILE)
printing pajek edge (A_40_ALA,A_43_PHE)
printing pajek edge (A_40_ALA,A_41_GLN)
printing pajek edge (A_40_ALA,A_44_THR)
printing pajek edge (A_37_THR,A_40_ALA)
printing pajek edge (A_37_THR,A_41_GLN)
printing pajek edge (A_37_THR,A_38_ARG)
printing pajek edge (A_4_SER,A_7_GLN)
printing pajek edge (A_4_SER,A_5_PRO)
printing pajek edge (A_4_SER,A_8_GLN)
printing pajek edge (A_52_ILE,A_53_PRO)
printing pajek edge (A_10_MET,A_14_PHE)
printing pajek edge (A_10_MET,A_11_LEU)
printing pajek edge (A_10_MET,A_13_ALA)
printing pajek edge (A_42_ALA,A_43_PHE)
printing pajek edge (A_42_ALA,A_46_LEU)
printing pajek edge (A_42_ALA,A_45_HIS)
printing pajek edge (A_13_ALA,A_17_GLN)
printing pajek edge (A_13_ALA,A_14_PHE)
printing pajek edge (A_13_ALA,A_16_THR)
printing pajek edge (A_48_ALA,A_49_LYS)
printing pajek edge (A_16_THR,A_19_GLY)
printing pajek edge (A_16_THR,A_17_GLN)
printing pajek edge (A_53_PRO,A_54_GLU)
printing pajek edge (A_53_PRO,A_56_ALA)
printing pajek edge (A_39_SER,A_43_PHE)
printing pajek edge (A_39_SER,A_40_ALA)
printing pajek edge (A_39_SER,A_42_ALA)
printing pajek edge (A_9_GLU,A_12_GLN)
printing pajek edge (A_9_GLU,A_10_MET)
printing pajek edge (A_9_GLU,A_13_ALA)
printing pajek edge (A_5_PRO,A_9_GLU)
printing pajek edge (A_5_PRO,A_8_GLN)
printing pajek edge (A_5_PRO,A_6_GLU)
printing pajek edge (A_35_ASP,A_39_SER)
printing pajek edge (A_35_ASP,A_36_TYR)
printing pajek edge (A_35_ASP,A_38_ARG)
printing pajek edge (A_57_PHE,A_58_MET)
printing pajek edge (A_46_LEU,A_51_GLU)
printing pajek edge (A_46_LEU,A_50_GLY)
printing pajek edge (A_46_LEU,A_47_LYS)
printing pajek edge (A_46_LEU,A_49_LYS)
printing pajek edge (A_38_ARG,A_39_SER)
printing pajek edge (A_38_ARG,A_41_GLN)
printing pajek edge (A_38_ARG,A_42_ALA)
printing pajek edge (A_44_THR,A_47_LYS)
printing pajek edge (A_44_THR,A_45_HIS)
printing pajek edge (A_44_THR,A_48_ALA)
printing pajek edge (A_20_MET,A_25_SER)
printing pajek edge (A_20_MET,A_21_ASN)
printing pajek edge (A_55_VAL,A_58_MET)
printing pajek edge (A_55_VAL,A_56_ALA)
printing pajek edge (A_6_GLU,A_9_GLU)
printing pajek edge (A_6_GLU,A_7_GLN)
printing pajek edge (A_6_GLU,A_10_MET)
