Graph START

Adding vertex (chain-A, position-1, res-GLY)
New vertex id: 0
1 2 3 4 5 6 7 
Adding vertex (chain-A, position-2, res-SER)
New vertex id: 1
8 9 10 11 12 13 14 15 16 17 18 
Adding vertex (chain-A, position-3, res-SER)
New vertex id: 2
19 20 21 22 23 24 25 26 27 28 29 
Adding vertex (chain-A, position-4, res-GLY)
New vertex id: 3
30 31 32 33 34 35 36 
Adding vertex (chain-A, position-5, res-SER)
New vertex id: 4
37 38 39 40 41 42 43 44 45 46 47 
Adding vertex (chain-A, position-6, res-SER)
New vertex id: 5
48 49 50 51 52 53 54 55 56 57 58 
Adding vertex (chain-A, position-7, res-GLY)
New vertex id: 6
59 60 61 62 63 64 65 
Adding vertex (chain-A, position-8, res-MET)
New vertex id: 7
66 67 68 69 70 71 72 73 74 75 76 77 78 79 80 81 82 
Adding vertex (chain-A, position-9, res-VAL)
New vertex id: 8
83 84 85 86 87 88 89 90 91 92 93 94 95 96 97 98 
Adding vertex (chain-A, position-10, res-PRO)
New vertex id: 9
99 100 101 102 103 104 105 106 107 108 109 110 111 112 
Adding vertex (chain-A, position-11, res-CYS)
New vertex id: 10
113 114 115 116 117 118 119 120 121 122 123 
Adding vertex (chain-A, position-12, res-TRP)
New vertex id: 11
124 125 126 127 128 129 130 131 132 133 134 135 136 137 138 139 140 141 142 143 144 145 146 147 
Adding vertex (chain-A, position-13, res-ASN)
New vertex id: 12
148 149 150 151 152 153 154 155 156 157 158 159 160 161 
Adding vertex (chain-A, position-14, res-HIS)
New vertex id: 13
162 163 164 165 166 167 168 169 170 171 172 173 174 175 176 177 178 179 
Adding vertex (chain-A, position-15, res-GLY)
New vertex id: 14
180 181 182 183 184 185 186 
Adding vertex (chain-A, position-16, res-ASN)
New vertex id: 15
187 188 189 190 191 192 193 194 195 196 197 198 199 200 
Adding vertex (chain-A, position-17, res-ILE)
New vertex id: 16
201 202 203 204 205 206 207 208 209 210 211 212 213 214 215 216 217 218 219 
Adding vertex (chain-A, position-18, res-THR)
New vertex id: 17
220 221 222 223 224 225 226 227 228 229 230 231 232 233 
Adding vertex (chain-A, position-19, res-ARG)
New vertex id: 18
234 235 236 237 238 239 240 241 242 243 244 245 246 247 248 249 250 251 252 253 254 255 256 257 
Adding vertex (chain-A, position-20, res-SER)
New vertex id: 19
258 259 260 261 262 263 264 265 266 267 268 
Adding vertex (chain-A, position-21, res-LYS)
New vertex id: 20
269 270 271 272 273 274 275 276 277 278 279 280 281 282 283 284 285 286 287 288 289 290 
Adding vertex (chain-A, position-22, res-ALA)
New vertex id: 21
291 292 293 294 295 296 297 298 299 300 
Adding vertex (chain-A, position-23, res-GLU)
New vertex id: 22
301 302 303 304 305 306 307 308 309 310 311 312 313 314 315 
Adding vertex (chain-A, position-24, res-GLU)
New vertex id: 23
316 317 318 319 320 321 322 323 324 325 326 327 328 329 330 
Adding vertex (chain-A, position-25, res-LEU)
New vertex id: 24
331 332 333 334 335 336 337 338 339 340 341 342 343 344 345 346 347 348 349 
Adding vertex (chain-A, position-26, res-LEU)
New vertex id: 25
350 351 352 353 354 355 356 357 358 359 360 361 362 363 364 365 366 367 368 
Adding vertex (chain-A, position-27, res-SER)
New vertex id: 26
369 370 371 372 373 374 375 376 377 378 379 
Adding vertex (chain-A, position-28, res-ARG)
New vertex id: 27
380 381 382 383 384 385 386 387 388 389 390 391 392 393 394 395 396 397 398 399 400 401 402 403 
Adding vertex (chain-A, position-29, res-THR)
New vertex id: 28
404 405 406 407 408 409 410 411 412 413 414 415 416 417 
Adding vertex (chain-A, position-30, res-GLY)
New vertex id: 29
418 419 420 421 422 423 424 
Adding vertex (chain-A, position-31, res-LYS)
New vertex id: 30
425 426 427 428 429 430 431 432 433 434 435 436 437 438 439 440 441 442 443 444 445 446 
Adding vertex (chain-A, position-32, res-ASP)
New vertex id: 31
447 448 449 450 451 452 453 454 455 456 457 458 
Adding vertex (chain-A, position-33, res-GLY)
New vertex id: 32
459 460 461 462 463 464 465 
Adding vertex (chain-A, position-34, res-SER)
New vertex id: 33
466 467 468 469 470 471 472 473 474 475 476 
Adding vertex (chain-A, position-35, res-PHE)
New vertex id: 34
477 478 479 480 481 482 483 484 485 486 487 488 489 490 491 492 493 494 495 496 
Adding vertex (chain-A, position-36, res-LEU)
New vertex id: 35
497 498 499 500 501 502 503 504 505 506 507 508 509 510 511 512 513 514 515 
Adding vertex (chain-A, position-37, res-VAL)
New vertex id: 36
516 517 518 519 520 521 522 523 524 525 526 527 528 529 530 531 
Adding vertex (chain-A, position-38, res-ARG)
New vertex id: 37
532 533 534 535 536 537 538 539 540 541 542 543 544 545 546 547 548 549 550 551 552 553 554 555 
Adding vertex (chain-A, position-39, res-ALA)
New vertex id: 38
556 557 558 559 560 561 562 563 564 565 
Adding vertex (chain-A, position-40, res-SER)
New vertex id: 39
566 567 568 569 570 571 572 573 574 575 576 
Adding vertex (chain-A, position-41, res-GLU)
New vertex id: 40
577 578 579 580 581 582 583 584 585 586 587 588 589 590 591 
Adding vertex (chain-A, position-42, res-SER)
New vertex id: 41
592 593 594 595 596 597 598 599 600 601 602 
Adding vertex (chain-A, position-43, res-ILE)
New vertex id: 42
603 604 605 606 607 608 609 610 611 612 613 614 615 616 617 618 619 620 621 
Adding vertex (chain-A, position-44, res-SER)
New vertex id: 43
622 623 624 625 626 627 628 629 630 631 632 
Adding vertex (chain-A, position-45, res-ARG)
New vertex id: 44
633 634 635 636 637 638 639 640 641 642 643 644 645 646 647 648 649 650 651 652 653 654 655 656 
Adding vertex (chain-A, position-46, res-ALA)
New vertex id: 45
657 658 659 660 661 662 663 664 665 666 
Adding vertex (chain-A, position-47, res-TYR)
New vertex id: 46
667 668 669 670 671 672 673 674 675 676 677 678 679 680 681 682 683 684 685 686 687 
Adding vertex (chain-A, position-48, res-ALA)
New vertex id: 47
688 689 690 691 692 693 694 695 696 697 
Adding vertex (chain-A, position-49, res-LEU)
New vertex id: 48
698 699 700 701 702 703 704 705 706 707 708 709 710 711 712 713 714 715 716 
Adding vertex (chain-A, position-50, res-CYS)
New vertex id: 49
717 718 719 720 721 722 723 724 725 726 727 
Adding vertex (chain-A, position-51, res-VAL)
New vertex id: 50
728 729 730 731 732 733 734 735 736 737 738 739 740 741 742 743 
Adding vertex (chain-A, position-52, res-LEU)
New vertex id: 51
744 745 746 747 748 749 750 751 752 753 754 755 756 757 758 759 760 761 762 
Adding vertex (chain-A, position-53, res-TYR)
New vertex id: 52
763 764 765 766 767 768 769 770 771 772 773 774 775 776 777 778 779 780 781 782 783 
Adding vertex (chain-A, position-54, res-ARG)
New vertex id: 53
784 785 786 787 788 789 790 791 792 793 794 795 796 797 798 799 800 801 802 803 804 805 806 807 
Adding vertex (chain-A, position-55, res-ASN)
New vertex id: 54
808 809 810 811 812 813 814 815 816 817 818 819 820 821 
Adding vertex (chain-A, position-56, res-CYS)
New vertex id: 55
822 823 824 825 826 827 828 829 830 831 832 
Adding vertex (chain-A, position-57, res-VAL)
New vertex id: 56
833 834 835 836 837 838 839 840 841 842 843 844 845 846 847 848 
Adding vertex (chain-A, position-58, res-TYR)
New vertex id: 57
849 850 851 852 853 854 855 856 857 858 859 860 861 862 863 864 865 866 867 868 869 
Adding vertex (chain-A, position-59, res-THR)
New vertex id: 58
870 871 872 873 874 875 876 877 878 879 880 881 882 883 
Adding vertex (chain-A, position-60, res-TYR)
New vertex id: 59
884 885 886 887 888 889 890 891 892 893 894 895 896 897 898 899 900 901 902 903 904 
Adding vertex (chain-A, position-61, res-ARG)
New vertex id: 60
905 906 907 908 909 910 911 912 913 914 915 916 917 918 919 920 921 922 923 924 925 926 927 928 
Adding vertex (chain-A, position-62, res-ILE)
New vertex id: 61
929 930 931 932 933 934 935 936 937 938 939 940 941 942 943 944 945 946 947 
Adding vertex (chain-A, position-63, res-LEU)
New vertex id: 62
948 949 950 951 952 953 954 955 956 957 958 959 960 961 962 963 964 965 966 
Adding vertex (chain-A, position-64, res-PRO)
New vertex id: 63
967 968 969 970 971 972 973 974 975 976 977 978 979 980 
Adding vertex (chain-A, position-65, res-ASN)
New vertex id: 64
981 982 983 984 985 986 987 988 989 990 991 992 993 994 
Adding vertex (chain-A, position-66, res-GLU)
New vertex id: 65
995 996 997 998 999 1000 1001 1002 1003 1004 1005 1006 1007 1008 1009 
Adding vertex (chain-A, position-67, res-ASP)
New vertex id: 66
1010 1011 1012 1013 1014 1015 1016 1017 1018 1019 1020 1021 
Adding vertex (chain-A, position-68, res-ASP)
New vertex id: 67
1022 1023 1024 1025 1026 1027 1028 1029 1030 1031 1032 1033 
Adding vertex (chain-A, position-69, res-LYS)
New vertex id: 68
1034 1035 1036 1037 1038 1039 1040 1041 1042 1043 1044 1045 1046 1047 1048 1049 1050 1051 1052 1053 1054 1055 
Adding vertex (chain-A, position-70, res-PHE)
New vertex id: 69
1056 1057 1058 1059 1060 1061 1062 1063 1064 1065 1066 1067 1068 1069 1070 1071 1072 1073 1074 1075 
Adding vertex (chain-A, position-71, res-THR)
New vertex id: 70
1076 1077 1078 1079 1080 1081 1082 1083 1084 1085 1086 1087 1088 1089 
Adding vertex (chain-A, position-72, res-VAL)
New vertex id: 71
1090 1091 1092 1093 1094 1095 1096 1097 1098 1099 1100 1101 1102 1103 1104 1105 
Adding vertex (chain-A, position-73, res-GLN)
New vertex id: 72
1106 1107 1108 1109 1110 1111 1112 1113 1114 1115 1116 1117 1118 1119 1120 1121 1122 
Adding vertex (chain-A, position-74, res-ALA)
New vertex id: 73
1123 1124 1125 1126 1127 1128 1129 1130 1131 1132 
Adding vertex (chain-A, position-75, res-SER)
New vertex id: 74
1133 1134 1135 1136 1137 1138 1139 1140 1141 1142 1143 
Adding vertex (chain-A, position-76, res-GLU)
New vertex id: 75
1144 1145 1146 1147 1148 1149 1150 1151 1152 1153 1154 1155 1156 1157 1158 
Adding vertex (chain-A, position-77, res-GLY)
New vertex id: 76
1159 1160 1161 1162 1163 1164 1165 
Adding vertex (chain-A, position-78, res-VAL)
New vertex id: 77
1166 1167 1168 1169 1170 1171 1172 1173 1174 1175 1176 1177 1178 1179 1180 1181 
Adding vertex (chain-A, position-79, res-SER)
New vertex id: 78
1182 1183 1184 1185 1186 1187 1188 1189 1190 1191 1192 
Adding vertex (chain-A, position-80, res-MET)
New vertex id: 79
1193 1194 1195 1196 1197 1198 1199 1200 1201 1202 1203 1204 1205 1206 1207 1208 1209 
Adding vertex (chain-A, position-81, res-ARG)
New vertex id: 80
1210 1211 1212 1213 1214 1215 1216 1217 1218 1219 1220 1221 1222 1223 1224 1225 1226 1227 1228 1229 1230 1231 1232 1233 
Adding vertex (chain-A, position-82, res-PHE)
New vertex id: 81
1234 1235 1236 1237 1238 1239 1240 1241 1242 1243 1244 1245 1246 1247 1248 1249 1250 1251 1252 1253 
Adding vertex (chain-A, position-83, res-PHE)
New vertex id: 82
1254 1255 1256 1257 1258 1259 1260 1261 1262 1263 1264 1265 1266 1267 1268 1269 1270 1271 1272 1273 
Adding vertex (chain-A, position-84, res-THR)
New vertex id: 83
1274 1275 1276 1277 1278 1279 1280 1281 1282 1283 1284 1285 1286 1287 
Adding vertex (chain-A, position-85, res-LYS)
New vertex id: 84
1288 1289 1290 1291 1292 1293 1294 1295 1296 1297 1298 1299 1300 1301 1302 1303 1304 1305 1306 1307 1308 1309 
Adding vertex (chain-A, position-86, res-LEU)
New vertex id: 85
1310 1311 1312 1313 1314 1315 1316 1317 1318 1319 1320 1321 1322 1323 1324 1325 1326 1327 1328 
Adding vertex (chain-A, position-87, res-ASP)
New vertex id: 86
1329 1330 1331 1332 1333 1334 1335 1336 1337 1338 1339 1340 
Adding vertex (chain-A, position-88, res-GLN)
New vertex id: 87
1341 1342 1343 1344 1345 1346 1347 1348 1349 1350 1351 1352 1353 1354 1355 1356 1357 
Adding vertex (chain-A, position-89, res-LEU)
New vertex id: 88
1358 1359 1360 1361 1362 1363 1364 1365 1366 1367 1368 1369 1370 1371 1372 1373 1374 1375 1376 
Adding vertex (chain-A, position-90, res-ILE)
New vertex id: 89
1377 1378 1379 1380 1381 1382 1383 1384 1385 1386 1387 1388 1389 1390 1391 1392 1393 1394 1395 
Adding vertex (chain-A, position-91, res-GLU)
New vertex id: 90
1396 1397 1398 1399 1400 1401 1402 1403 1404 1405 1406 1407 1408 1409 1410 
Adding vertex (chain-A, position-92, res-PHE)
New vertex id: 91
1411 1412 1413 1414 1415 1416 1417 1418 1419 1420 1421 1422 1423 1424 1425 1426 1427 1428 1429 1430 
Adding vertex (chain-A, position-93, res-TYR)
New vertex id: 92
1431 1432 1433 1434 1435 1436 1437 1438 1439 1440 1441 1442 1443 1444 1445 1446 1447 1448 1449 1450 1451 
Adding vertex (chain-A, position-94, res-LYS)
New vertex id: 93
1452 1453 1454 1455 1456 1457 1458 1459 1460 1461 1462 1463 1464 1465 1466 1467 1468 1469 1470 1471 1472 1473 
Adding vertex (chain-A, position-95, res-LYS)
New vertex id: 94
1474 1475 1476 1477 1478 1479 1480 1481 1482 1483 1484 1485 1486 1487 1488 1489 1490 1491 1492 1493 1494 1495 
Adding vertex (chain-A, position-96, res-GLU)
New vertex id: 95
1496 1497 1498 1499 1500 1501 1502 1503 1504 1505 1506 1507 1508 1509 1510 
Adding vertex (chain-A, position-97, res-ASN)
New vertex id: 96
1511 1512 1513 1514 1515 1516 1517 1518 1519 1520 1521 1522 1523 1524 
Adding vertex (chain-A, position-98, res-MET)
New vertex id: 97
1525 1526 1527 1528 1529 1530 1531 1532 1533 1534 1535 1536 1537 1538 1539 1540 1541 
Adding vertex (chain-A, position-99, res-GLY)
New vertex id: 98
1542 1543 1544 1545 1546 1547 1548 
Adding vertex (chain-A, position-100, res-LEU)
New vertex id: 99
1549 1550 1551 1552 1553 1554 1555 1556 1557 1558 1559 1560 1561 1562 1563 1564 1565 1566 1567 
Adding vertex (chain-A, position-101, res-VAL)
New vertex id: 100
1568 1569 1570 1571 1572 1573 1574 1575 1576 1577 1578 1579 1580 1581 1582 1583 
Adding vertex (chain-A, position-102, res-THR)
New vertex id: 101
1584 1585 1586 1587 1588 1589 1590 1591 1592 1593 1594 1595 1596 1597 
Adding vertex (chain-A, position-103, res-HIS)
New vertex id: 102
1598 1599 1600 1601 1602 1603 1604 1605 1606 1607 1608 1609 1610 1611 1612 1613 1614 1615 
Adding vertex (chain-A, position-104, res-LEU)
New vertex id: 103
1616 1617 1618 1619 1620 1621 1622 1623 1624 1625 1626 1627 1628 1629 1630 1631 1632 1633 1634 
Adding vertex (chain-A, position-105, res-GLN)
New vertex id: 104
1635 1636 1637 1638 1639 1640 1641 1642 1643 1644 1645 1646 1647 1648 1649 1650 1651 
Adding vertex (chain-A, position-106, res-TYR)
New vertex id: 105
1652 1653 1654 1655 1656 1657 1658 1659 1660 1661 1662 1663 1664 1665 1666 1667 1668 1669 1670 1671 1672 
Adding vertex (chain-A, position-107, res-PRO)
New vertex id: 106
1673 1674 1675 1676 1677 1678 1679 1680 1681 1682 1683 1684 1685 1686 
Adding vertex (chain-A, position-108, res-VAL)
New vertex id: 107
1687 1688 1689 1690 1691 1692 1693 1694 1695 1696 1697 1698 1699 1700 1701 1702 
Adding vertex (chain-A, position-109, res-PRO)
New vertex id: 108
1703 1704 1705 1706 1707 1708 1709 1710 1711 1712 1713 1714 1715 1716 
Adding vertex (chain-A, position-110, res-LEU)
New vertex id: 109
1717 1718 1719 1720 1721 1722 1723 1724 1725 1726 1727 1728 1729 1730 1731 1732 1733 1734 1735 
Adding vertex (chain-A, position-111, res-GLU)
New vertex id: 110
1736 1737 1738 1739 1740 1741 1742 1743 1744 1745 1746 1747 1748 1749 1750 
Adding vertex (chain-A, position-112, res-GLU)
New vertex id: 111
1751 1752 1753 1754 1755 1756 1757 1758 1759 1760 1761 1762 1763 1764 1765 
Adding vertex (chain-A, position-113, res-GLU)
New vertex id: 112
1766 1767 1768 1769 1770 1771 1772 1773 1774 1775 1776 1777 1778 1779 1780 
Adding vertex (chain-A, position-114, res-ASP)
New vertex id: 113
1781 1782 1783 1784 1785 1786 1787 1788 1789 1790 1791 1792 
Adding vertex (chain-A, position-115, res-THR)
New vertex id: 114
1793 1794 1795 1796 1797 1798 1799 1800 1801 1802 1803 1804 1805 1806 
Adding vertex (chain-A, position-116, res-GLY)
New vertex id: 115
1807 1808 1809 1810 1811 1812 1813 
Adding vertex (chain-A, position-117, res-ASP)
New vertex id: 116
1814 1815 1816 1817 1818 1819 1820 1821 1822 1823 1824 1825 
Adding vertex (chain-A, position-118, res-ASP)
New vertex id: 117
1826 1827 1828 1829 1830 1831 1832 1833 1834 1835 1836 1837 
Adding vertex (chain-A, position-119, res-PRO)
New vertex id: 118
1838 1839 1840 1841 1842 1843 1844 1845 1846 1847 1848 1849 1850 1851 
Graph DONE

( reduce -FLIPs 1D4T.pdb > 1D4T.H.pdb ) >& /dev/null
Reduce (-FLIPs) returned 0
( bndlst -Radius0.3 1D4T.H.pdb > 1D4T.H.bndlst ) >& /dev/null
BndLst returned 0
Parsing 1D4T.H.bndlst

bndlst START
Adding bndlst edge: (A_G1_MC -> A_S2_MC) type[cov], weight[1.00] from 0 to 1 dist[1.33]
Adding bndlst edge: (A_S2_MC -> A_S3_MC) type[cov], weight[1.00] from 1 to 2 dist[1.33]
Adding bndlst edge: (A_S3_MC -> A_G4_MC) type[cov], weight[1.00] from 2 to 3 dist[1.33]
Adding bndlst edge: (A_G4_MC -> A_S5_MC) type[cov], weight[1.00] from 3 to 4 dist[1.33]
Adding bndlst edge: (A_S5_MC -> A_S6_MC) type[cov], weight[1.00] from 4 to 5 dist[1.33]
Adding bndlst edge: (A_S6_MC -> A_G7_MC) type[cov], weight[1.00] from 5 to 6 dist[1.33]
Adding bndlst edge: (A_G7_MC -> A_M8_MC) type[cov], weight[1.00] from 6 to 7 dist[1.33]
Adding bndlst edge: (A_M8_MC -> A_V9_MC) type[cov], weight[1.00] from 7 to 8 dist[1.33]
Adding bndlst edge: (A_V9_MC -> A_P10_MC) type[cov], weight[1.00] from 8 to 9 dist[1.34]
Adding bndlst edge: (A_P10_MC -> A_C11_MC) type[cov], weight[1.00] from 9 to 10 dist[1.33]
Adding bndlst edge: (A_C11_MC -> A_W12_MC) type[cov], weight[1.00] from 10 to 11 dist[1.33]
Adding bndlst edge: (A_W12_MC -> A_N13_MC) type[cov], weight[1.00] from 11 to 12 dist[1.33]
Adding bndlst edge: (A_W12_MC -> A_V37_MC) type[hb], weight[1.15] from 11 to 36 dist[1.86]
Adding bndlst edge: (A_W12_MC -> A_H14_SC) type[hb], weight[0.60] from 11 to 13 dist[2.58]
Adding bndlst edge: (A_W12_MC -> A_H14_MC) type[hb], weight[0.68] from 11 to 13 dist[2.42]
Adding bndlst edge: (A_W12_SC -> A_N13_SC) type[hb], weight[0.44] from 11 to 12 dist[3.02]
Adding bndlst edge: (A_W12_SC -> A_N13_SC) type[hb], weight[0.36] from 11 to 12 dist[3.33]
Adding bndlst edge: (A_N13_MC -> A_H14_MC) type[cov], weight[1.00] from 12 to 13 dist[1.33]
Adding bndlst edge: (A_H14_MC -> A_G15_MC) type[cov], weight[1.00] from 13 to 14 dist[1.33]
Adding bndlst edge: (A_H14_MC -> A_V37_MC) type[hb], weight[0.49] from 13 to 36 dist[2.85]
Adding bndlst edge: (A_H14_SC -> A_V108_MC) type[hb], weight[0.61] from 13 to 107 dist[2.57]
Adding bndlst edge: (A_G15_MC -> A_N16_MC) type[cov], weight[1.00] from 14 to 15 dist[1.33]
Adding bndlst edge: (A_G15_MC -> A_A39_MC) type[hb], weight[1.00] from 14 to 38 dist[2.00]
Adding bndlst edge: (A_G15_MC -> A_I17_MC) type[hb], weight[0.58] from 14 to 16 dist[2.63]
Adding bndlst edge: (A_G15_MC -> A_V37_MC) type[hb], weight[0.52] from 14 to 36 dist[2.77]
Adding bndlst edge: (A_N16_MC -> A_I17_MC) type[cov], weight[1.00] from 15 to 16 dist[1.33]
Adding bndlst edge: (A_I17_MC -> A_T18_MC) type[cov], weight[1.00] from 16 to 17 dist[1.33]
Adding bndlst edge: (A_T18_MC -> A_R19_MC) type[cov], weight[1.00] from 17 to 18 dist[1.33]
Adding bndlst edge: (A_T18_MC -> A_K21_MC) type[hb], weight[0.64] from 17 to 20 dist[2.51]
Adding bndlst edge: (A_T18_MC -> A_A22_MC) type[hb], weight[0.78] from 17 to 21 dist[2.27]
Adding bndlst edge: (A_T18_SC -> A_R19_MC) type[hb], weight[0.76] from 17 to 18 dist[2.29]
Adding bndlst edge: (A_R19_MC -> A_S20_MC) type[cov], weight[1.00] from 18 to 19 dist[1.33]
Adding bndlst edge: (A_R19_MC -> A_K21_MC) type[hb], weight[0.54] from 18 to 20 dist[2.72]
Adding bndlst edge: (A_R19_MC -> A_E23_MC) type[hb], weight[0.67] from 18 to 22 dist[2.44]
Adding bndlst edge: (A_R19_MC -> A_A22_MC) type[hb], weight[0.82] from 18 to 21 dist[2.21]
Adding bndlst edge: (A_S20_MC -> A_K21_MC) type[cov], weight[1.00] from 19 to 20 dist[1.33]
Adding bndlst edge: (A_S20_MC -> A_E24_MC) type[hb], weight[1.12] from 19 to 23 dist[1.89]
Adding bndlst edge: (A_K21_MC -> A_A22_MC) type[cov], weight[1.00] from 20 to 21 dist[1.33]
Adding bndlst edge: (A_K21_MC -> A_L25_MC) type[hb], weight[1.04] from 20 to 24 dist[1.96]
Adding bndlst edge: (A_K21_MC -> A_E24_MC) type[hb], weight[0.56] from 20 to 23 dist[2.68]
Adding bndlst edge: (A_K21_SC -> A_E24_SC) type[salt], weight[0.76] from 20 to 23 dist[2.18]
Adding bndlst edge: (A_K21_SC -> A_E24_SC) type[salt], weight[0.42] from 20 to 23 dist[2.95]
Adding bndlst edge: (A_K21_SC -> A_E111_SC) type[salt], weight[0.49] from 20 to 110 dist[2.73]
Adding bndlst edge: (A_K21_SC -> A_E111_SC) type[salt], weight[0.54] from 20 to 110 dist[2.59]
Adding bndlst edge: (A_K21_SC -> A_E24_SC) type[salt], weight[0.80] from 20 to 23 dist[2.12]
Adding bndlst edge: (A_K21_SC -> A_E24_SC) type[salt], weight[0.48] from 20 to 23 dist[2.74]
Adding bndlst edge: (A_A22_MC -> A_E23_MC) type[cov], weight[1.00] from 21 to 22 dist[1.33]
Adding bndlst edge: (A_A22_MC -> A_L26_MC) type[hb], weight[0.61] from 21 to 25 dist[2.56]
Adding bndlst edge: (A_E23_MC -> A_E24_MC) type[cov], weight[1.00] from 22 to 23 dist[1.33]
Adding bndlst edge: (A_E23_MC -> A_L26_MC) type[hb], weight[0.58] from 22 to 25 dist[2.62]
Adding bndlst edge: (A_E23_MC -> A_S27_MC) type[hb], weight[1.12] from 22 to 26 dist[1.89]
Adding bndlst edge: (A_E24_MC -> A_L25_MC) type[cov], weight[1.00] from 23 to 24 dist[1.33]
Adding bndlst edge: (A_E24_MC -> A_R28_MC) type[hb], weight[0.73] from 23 to 27 dist[2.34]
Adding bndlst edge: (A_E24_MC -> A_S27_MC) type[hb], weight[0.51] from 23 to 26 dist[2.81]
Adding bndlst edge: (A_L25_MC -> A_L26_MC) type[cov], weight[1.00] from 24 to 25 dist[1.33]
Adding bndlst edge: (A_L25_MC -> A_R28_MC) type[hb], weight[0.75] from 24 to 27 dist[2.31]
Adding bndlst edge: (A_L25_MC -> A_T29_MC) type[hb], weight[0.55] from 24 to 28 dist[2.69]
Adding bndlst edge: (A_L26_MC -> A_S27_MC) type[cov], weight[1.00] from 25 to 26 dist[1.33]
Adding bndlst edge: (A_L26_MC -> A_T29_MC) type[hb], weight[0.56] from 25 to 28 dist[2.68]
Adding bndlst edge: (A_L26_MC -> A_G30_MC) type[hb], weight[0.94] from 25 to 29 dist[2.06]
Adding bndlst edge: (A_S27_MC -> A_R28_MC) type[cov], weight[1.00] from 26 to 27 dist[1.33]
Adding bndlst edge: (A_R28_MC -> A_T29_MC) type[cov], weight[1.00] from 27 to 28 dist[1.33]
Adding bndlst edge: (A_T29_MC -> A_G30_MC) type[cov], weight[1.00] from 28 to 29 dist[1.33]
Adding bndlst edge: (A_G30_MC -> A_K31_MC) type[cov], weight[1.00] from 29 to 30 dist[1.33]
Adding bndlst edge: (A_K31_MC -> A_D32_MC) type[cov], weight[1.00] from 30 to 31 dist[1.33]
Adding bndlst edge: (A_K31_MC -> A_S34_MC) type[hb], weight[0.56] from 30 to 33 dist[2.68]
Adding bndlst edge: (A_K31_MC -> A_G33_MC) type[hb], weight[0.95] from 30 to 32 dist[2.05]
Adding bndlst edge: (A_D32_MC -> A_G33_MC) type[cov], weight[1.00] from 31 to 32 dist[1.33]
Adding bndlst edge: (A_D32_MC -> A_Q105_SC) type[hb], weight[0.53] from 31 to 104 dist[2.75]
Adding bndlst edge: (A_D32_MC -> A_Q105_SC) type[hb], weight[0.42] from 31 to 104 dist[3.10]
Adding bndlst edge: (A_G33_MC -> A_S34_MC) type[cov], weight[1.00] from 32 to 33 dist[1.33]
Adding bndlst edge: (A_G33_MC -> A_Y106_MC) type[hb], weight[0.81] from 32 to 105 dist[2.22]
Adding bndlst edge: (A_G33_MC -> A_Q105_MC) type[hb], weight[1.18] from 32 to 104 dist[1.84]
Adding bndlst edge: (A_S34_MC -> A_F35_MC) type[cov], weight[1.00] from 33 to 34 dist[1.33]
Adding bndlst edge: (A_S34_MC -> A_L52_MC) type[hb], weight[0.78] from 33 to 51 dist[2.27]
Adding bndlst edge: (A_F35_MC -> A_L36_MC) type[cov], weight[1.00] from 34 to 35 dist[1.33]
Adding bndlst edge: (A_F35_MC -> A_V108_MC) type[hb], weight[0.54] from 34 to 107 dist[2.73]
Adding bndlst edge: (A_F35_SC -> A_K94_SC) type[hb], weight[0.71] from 34 to 93 dist[2.38]
Adding bndlst edge: (A_F35_SC -> A_K94_SC) type[hb], weight[0.67] from 34 to 93 dist[2.44]
Adding bndlst edge: (A_F35_SC -> A_K94_SC) type[hb], weight[0.72] from 34 to 93 dist[2.35]
Adding bndlst edge: (A_F35_SC -> A_K94_SC) type[hb], weight[0.75] from 34 to 93 dist[2.32]
Adding bndlst edge: (A_L36_MC -> A_V37_MC) type[cov], weight[1.00] from 35 to 36 dist[1.33]
Adding bndlst edge: (A_L36_MC -> A_C50_MC) type[hb], weight[1.01] from 35 to 49 dist[1.99]
Adding bndlst edge: (A_L36_MC -> A_C50_MC) type[hb], weight[0.84] from 35 to 49 dist[2.19]
Adding bndlst edge: (A_V37_MC -> A_R38_MC) type[cov], weight[1.00] from 36 to 37 dist[1.33]
Adding bndlst edge: (A_R38_MC -> A_A39_MC) type[cov], weight[1.00] from 37 to 38 dist[1.33]
Adding bndlst edge: (A_R38_MC -> A_A48_MC) type[hb], weight[1.00] from 37 to 47 dist[2.00]
Adding bndlst edge: (A_R38_MC -> A_A48_MC) type[hb], weight[0.86] from 37 to 47 dist[2.16]
Adding bndlst edge: (A_R38_SC -> A_C50_SC) type[hb], weight[0.37] from 37 to 49 dist[3.27]
Adding bndlst edge: (A_R38_SC -> A_C50_SC) type[hb], weight[0.35] from 37 to 49 dist[3.37]
Adding bndlst edge: (A_R38_SC -> A_C50_SC) type[hb], weight[0.37] from 37 to 49 dist[3.27]
Adding bndlst edge: (A_R38_SC -> A_C50_SC) type[hb], weight[0.35] from 37 to 49 dist[3.37]
Adding bndlst edge: (A_A39_MC -> A_S40_MC) type[cov], weight[1.00] from 38 to 39 dist[1.33]
Adding bndlst edge: (A_S40_MC -> A_E41_MC) type[cov], weight[1.00] from 39 to 40 dist[1.33]
Adding bndlst edge: (A_S40_SC -> A_I43_MC) type[hb], weight[0.56] from 39 to 42 dist[2.66]
Adding bndlst edge: (A_S40_MC -> A_A46_MC) type[hb], weight[0.63] from 39 to 45 dist[2.53]
Adding bndlst edge: (A_E41_MC -> A_S42_MC) type[cov], weight[1.00] from 40 to 41 dist[1.33]
Adding bndlst edge: (A_S42_MC -> A_I43_MC) type[cov], weight[1.00] from 41 to 42 dist[1.33]
Adding bndlst edge: (A_I43_MC -> A_S44_MC) type[cov], weight[1.00] from 42 to 43 dist[1.33]
Adding bndlst edge: (A_I43_MC -> A_A46_MC) type[hb], weight[0.72] from 42 to 45 dist[2.35]
Adding bndlst edge: (A_S44_MC -> A_R45_MC) type[cov], weight[1.00] from 43 to 44 dist[1.33]
Adding bndlst edge: (A_S44_MC -> A_A46_MC) type[hb], weight[0.60] from 43 to 45 dist[2.58]
Adding bndlst edge: (A_S44_SC -> A_R45_MC) type[hb], weight[0.59] from 43 to 44 dist[2.61]
Adding bndlst edge: (A_R45_MC -> A_A46_MC) type[cov], weight[1.00] from 44 to 45 dist[1.33]
Adding bndlst edge: (A_A46_MC -> A_Y47_MC) type[cov], weight[1.00] from 45 to 46 dist[1.33]
Adding bndlst edge: (A_Y47_MC -> A_A48_MC) type[cov], weight[1.00] from 46 to 47 dist[1.33]
Adding bndlst edge: (A_Y47_MC -> A_I62_MC) type[hb], weight[0.99] from 46 to 61 dist[2.01]
Adding bndlst edge: (A_Y47_MC -> A_I62_MC) type[hb], weight[0.88] from 46 to 61 dist[2.13]
Adding bndlst edge: (A_A48_MC -> A_L49_MC) type[cov], weight[1.00] from 47 to 48 dist[1.33]
Adding bndlst edge: (A_L49_MC -> A_C50_MC) type[cov], weight[1.00] from 48 to 49 dist[1.33]
Adding bndlst edge: (A_L49_MC -> A_Y60_MC) type[hb], weight[0.95] from 48 to 59 dist[2.05]
Adding bndlst edge: (A_L49_MC -> A_Y60_MC) type[hb], weight[1.13] from 48 to 59 dist[1.88]
Adding bndlst edge: (A_C50_MC -> A_V51_MC) type[cov], weight[1.00] from 49 to 50 dist[1.33]
Adding bndlst edge: (A_V51_MC -> A_L52_MC) type[cov], weight[1.00] from 50 to 51 dist[1.33]
Adding bndlst edge: (A_V51_MC -> A_Y58_MC) type[hb], weight[1.06] from 50 to 57 dist[1.94]
Adding bndlst edge: (A_V51_MC -> A_Y58_MC) type[hb], weight[0.82] from 50 to 57 dist[2.21]
Adding bndlst edge: (A_L52_MC -> A_Y53_MC) type[cov], weight[1.00] from 51 to 52 dist[1.33]
Adding bndlst edge: (A_Y53_MC -> A_R54_MC) type[cov], weight[1.00] from 52 to 53 dist[1.33]
Adding bndlst edge: (A_Y53_MC -> A_C56_MC) type[hb], weight[0.68] from 52 to 55 dist[2.42]
Adding bndlst edge: (A_Y53_SC -> A_R54_SC) type[hb], weight[0.45] from 52 to 53 dist[2.97]
Adding bndlst edge: (A_Y53_MC -> A_C56_MC) type[hb], weight[0.82] from 52 to 55 dist[2.20]
Adding bndlst edge: (A_R54_MC -> A_N55_MC) type[cov], weight[1.00] from 53 to 54 dist[1.33]
Adding bndlst edge: (A_R54_MC -> A_N55_SC) type[hb], weight[0.79] from 53 to 54 dist[2.25]
Adding bndlst edge: (A_N55_MC -> A_C56_MC) type[cov], weight[1.00] from 54 to 55 dist[1.33]
Adding bndlst edge: (A_N55_MC -> A_C56_SC) type[hb], weight[0.52] from 54 to 55 dist[2.77]
Adding bndlst edge: (A_C56_MC -> A_V57_MC) type[cov], weight[1.00] from 55 to 56 dist[1.33]
Adding bndlst edge: (A_V57_MC -> A_Y58_MC) type[cov], weight[1.00] from 56 to 57 dist[1.33]
Adding bndlst edge: (A_Y58_MC -> A_T59_MC) type[cov], weight[1.00] from 57 to 58 dist[1.33]
Adding bndlst edge: (A_T59_MC -> A_Y60_MC) type[cov], weight[1.00] from 58 to 59 dist[1.33]
Adding bndlst edge: (A_Y60_MC -> A_R61_MC) type[cov], weight[1.00] from 59 to 60 dist[1.33]
Adding bndlst edge: (A_R61_MC -> A_I62_MC) type[cov], weight[1.00] from 60 to 61 dist[1.33]
Adding bndlst edge: (A_R61_MC -> A_Q73_MC) type[hb], weight[0.70] from 60 to 72 dist[2.39]
Adding bndlst edge: (A_I62_MC -> A_L63_MC) type[cov], weight[1.00] from 61 to 62 dist[1.33]
Adding bndlst edge: (A_L63_MC -> A_P64_MC) type[cov], weight[1.00] from 62 to 63 dist[1.34]
Adding bndlst edge: (A_L63_MC -> A_T71_MC) type[hb], weight[0.53] from 62 to 70 dist[2.75]
Adding bndlst edge: (A_P64_MC -> A_N65_MC) type[cov], weight[1.00] from 63 to 64 dist[1.33]
Adding bndlst edge: (A_N65_MC -> A_E66_MC) type[cov], weight[1.00] from 64 to 65 dist[1.33]
Adding bndlst edge: (A_N65_MC -> A_D67_MC) type[hb], weight[0.49] from 64 to 66 dist[2.87]
Adding bndlst edge: (A_N65_MC -> A_K69_MC) type[hb], weight[0.46] from 64 to 68 dist[2.96]
Adding bndlst edge: (A_N65_MC -> A_D68_MC) type[hb], weight[1.20] from 64 to 67 dist[1.82]
Adding bndlst edge: (A_N65_MC -> A_K69_MC) type[hb], weight[0.68] from 64 to 68 dist[2.42]
Adding bndlst edge: (A_E66_MC -> A_D67_MC) type[cov], weight[1.00] from 65 to 66 dist[1.33]
Adding bndlst edge: (A_E66_MC -> A_D68_MC) type[hb], weight[0.58] from 65 to 67 dist[2.62]
Adding bndlst edge: (A_D67_MC -> A_D68_MC) type[cov], weight[1.00] from 66 to 67 dist[1.33]
Adding bndlst edge: (A_D68_MC -> A_K69_MC) type[cov], weight[1.00] from 67 to 68 dist[1.33]
Adding bndlst edge: (A_K69_MC -> A_F70_MC) type[cov], weight[1.00] from 68 to 69 dist[1.33]
Adding bndlst edge: (A_F70_MC -> A_T71_MC) type[cov], weight[1.00] from 69 to 70 dist[1.33]
Adding bndlst edge: (A_F70_MC -> A_F83_MC) type[hb], weight[0.50] from 69 to 82 dist[2.82]
Adding bndlst edge: (A_F70_MC -> A_F83_MC) type[hb], weight[0.83] from 69 to 82 dist[2.19]
Adding bndlst edge: (A_T71_MC -> A_V72_MC) type[cov], weight[1.00] from 70 to 71 dist[1.33]
Adding bndlst edge: (A_V72_MC -> A_Q73_MC) type[cov], weight[1.00] from 71 to 72 dist[1.33]
Adding bndlst edge: (A_V72_MC -> A_A74_MC) type[hb], weight[0.81] from 71 to 73 dist[2.23]
Adding bndlst edge: (A_Q73_MC -> A_A74_MC) type[cov], weight[1.00] from 72 to 73 dist[1.33]
Adding bndlst edge: (A_A74_MC -> A_S75_MC) type[cov], weight[1.00] from 73 to 74 dist[1.33]
Adding bndlst edge: (A_S75_MC -> A_E76_MC) type[cov], weight[1.00] from 74 to 75 dist[1.33]
Adding bndlst edge: (A_E76_MC -> A_G77_MC) type[cov], weight[1.00] from 75 to 76 dist[1.33]
Adding bndlst edge: (A_G77_MC -> A_V78_MC) type[cov], weight[1.00] from 76 to 77 dist[1.33]
Adding bndlst edge: (A_V78_MC -> A_S79_MC) type[cov], weight[1.00] from 77 to 78 dist[1.33]
Adding bndlst edge: (A_V78_MC -> A_M80_MC) type[hb], weight[0.59] from 77 to 79 dist[2.60]
Adding bndlst edge: (A_S79_MC -> A_M80_MC) type[cov], weight[1.00] from 78 to 79 dist[1.33]
Adding bndlst edge: (A_M80_MC -> A_R81_MC) type[cov], weight[1.00] from 79 to 80 dist[1.33]
Adding bndlst edge: (A_R81_MC -> A_F82_MC) type[cov], weight[1.00] from 80 to 81 dist[1.33]
Adding bndlst edge: (A_R81_SC -> A_F92_SC) type[hb], weight[0.69] from 80 to 91 dist[2.41]
Adding bndlst edge: (A_R81_SC -> A_F92_SC) type[hb], weight[0.36] from 80 to 91 dist[3.34]
Adding bndlst edge: (A_R81_SC -> A_F92_SC) type[hb], weight[0.37] from 80 to 91 dist[3.27]
Adding bndlst edge: (A_R81_SC -> A_F92_SC) type[hb], weight[0.72] from 80 to 91 dist[2.37]
Adding bndlst edge: (A_R81_SC -> A_F92_SC) type[hb], weight[0.69] from 80 to 91 dist[2.41]
Adding bndlst edge: (A_R81_SC -> A_F92_SC) type[hb], weight[0.36] from 80 to 91 dist[3.34]
Adding bndlst edge: (A_R81_SC -> A_F92_SC) type[hb], weight[0.37] from 80 to 91 dist[3.27]
Adding bndlst edge: (A_R81_SC -> A_F92_SC) type[hb], weight[0.72] from 80 to 91 dist[2.37]
Adding bndlst edge: (A_F82_MC -> A_F83_MC) type[cov], weight[1.00] from 81 to 82 dist[1.33]
Adding bndlst edge: (A_F83_MC -> A_T84_MC) type[cov], weight[1.00] from 82 to 83 dist[1.33]
Adding bndlst edge: (A_T84_MC -> A_K85_MC) type[cov], weight[1.00] from 83 to 84 dist[1.33]
Adding bndlst edge: (A_K85_MC -> A_L86_MC) type[cov], weight[1.00] from 84 to 85 dist[1.33]
Adding bndlst edge: (A_K85_MC -> A_L89_MC) type[hb], weight[0.54] from 84 to 88 dist[2.71]
Adding bndlst edge: (A_L86_MC -> A_D87_MC) type[cov], weight[1.00] from 85 to 86 dist[1.33]
Adding bndlst edge: (A_L86_MC -> A_L89_MC) type[hb], weight[1.07] from 85 to 88 dist[1.94]
Adding bndlst edge: (A_L86_MC -> A_I90_MC) type[hb], weight[0.94] from 85 to 89 dist[2.06]
Adding bndlst edge: (A_D87_MC -> A_Q88_MC) type[cov], weight[1.00] from 86 to 87 dist[1.33]
Adding bndlst edge: (A_D87_MC -> A_E91_MC) type[hb], weight[0.88] from 86 to 90 dist[2.13]
Adding bndlst edge: (A_D87_MC -> A_I90_MC) type[hb], weight[0.58] from 86 to 89 dist[2.63]
Adding bndlst edge: (A_Q88_MC -> A_L89_MC) type[cov], weight[1.00] from 87 to 88 dist[1.33]
Adding bndlst edge: (A_Q88_MC -> A_F92_MC) type[hb], weight[0.52] from 87 to 91 dist[2.77]
Adding bndlst edge: (A_Q88_SC -> A_E91_SC) type[hb], weight[0.49] from 87 to 90 dist[2.87]
Adding bndlst edge: (A_L89_MC -> A_I90_MC) type[cov], weight[1.00] from 88 to 89 dist[1.33]
Adding bndlst edge: (A_L89_MC -> A_Y93_MC) type[hb], weight[0.65] from 88 to 92 dist[2.48]
Adding bndlst edge: (A_I90_MC -> A_E91_MC) type[cov], weight[1.00] from 89 to 90 dist[1.33]
Adding bndlst edge: (A_I90_MC -> A_Y93_MC) type[hb], weight[1.06] from 89 to 92 dist[1.95]
Adding bndlst edge: (A_E91_MC -> A_F92_MC) type[cov], weight[1.00] from 90 to 91 dist[1.33]
Adding bndlst edge: (A_E91_MC -> A_K94_MC) type[hb], weight[1.07] from 90 to 93 dist[1.93]
Adding bndlst edge: (A_F92_MC -> A_Y93_MC) type[cov], weight[1.00] from 91 to 92 dist[1.33]
Adding bndlst edge: (A_F92_MC -> A_K95_MC) type[hb], weight[0.45] from 91 to 94 dist[3.00]
Adding bndlst edge: (A_F92_MC -> A_K94_MC) type[hb], weight[0.73] from 91 to 93 dist[2.34]
Adding bndlst edge: (A_Y93_MC -> A_K94_MC) type[cov], weight[1.00] from 92 to 93 dist[1.33]
Adding bndlst edge: (A_K94_MC -> A_K95_MC) type[cov], weight[1.00] from 93 to 94 dist[1.33]
Adding bndlst edge: (A_K95_MC -> A_E96_MC) type[cov], weight[1.00] from 94 to 95 dist[1.33]
Adding bndlst edge: (A_E96_MC -> A_N97_MC) type[cov], weight[1.00] from 95 to 96 dist[1.33]
Adding bndlst edge: (A_N97_MC -> A_M98_MC) type[cov], weight[1.00] from 96 to 97 dist[1.33]
Adding bndlst edge: (A_M98_MC -> A_G99_MC) type[cov], weight[1.00] from 97 to 98 dist[1.33]
Adding bndlst edge: (A_G99_MC -> A_L100_MC) type[cov], weight[1.00] from 98 to 99 dist[1.33]
Adding bndlst edge: (A_L100_MC -> A_V101_MC) type[cov], weight[1.00] from 99 to 100 dist[1.33]
Adding bndlst edge: (A_V101_MC -> A_T102_MC) type[cov], weight[1.00] from 100 to 101 dist[1.33]
Adding bndlst edge: (A_T102_MC -> A_H103_MC) type[cov], weight[1.00] from 101 to 102 dist[1.33]
Adding bndlst edge: (A_T102_SC -> A_H103_MC) type[hb], weight[0.58] from 101 to 102 dist[2.63]
Adding bndlst edge: (A_H103_MC -> A_L104_MC) type[cov], weight[1.00] from 102 to 103 dist[1.33]
Adding bndlst edge: (A_H103_MC -> A_Q105_MC) type[hb], weight[0.50] from 102 to 104 dist[2.83]
Adding bndlst edge: (A_H103_SC -> A_Q105_SC) type[hb], weight[0.46] from 102 to 104 dist[2.93]
Adding bndlst edge: (A_H103_SC -> A_Q105_SC) type[hb], weight[0.38] from 102 to 104 dist[3.23]
Adding bndlst edge: (A_L104_MC -> A_Q105_MC) type[cov], weight[1.00] from 103 to 104 dist[1.33]
Adding bndlst edge: (A_Q105_MC -> A_Y106_MC) type[cov], weight[1.00] from 104 to 105 dist[1.33]
Adding bndlst edge: (A_Q105_SC -> A_Y106_SC) type[hb], weight[0.37] from 104 to 105 dist[3.29]
Adding bndlst edge: (A_Q105_SC -> A_Y106_SC) type[hb], weight[0.68] from 104 to 105 dist[2.42]
Adding bndlst edge: (A_Q105_SC -> A_Y106_SC) type[hb], weight[0.86] from 104 to 105 dist[2.15]
Adding bndlst edge: (A_Q105_SC -> A_Y106_SC) type[hb], weight[0.40] from 104 to 105 dist[3.16]
Adding bndlst edge: (A_Q105_SC -> A_Y106_SC) type[hb], weight[0.64] from 104 to 105 dist[2.49]
Adding bndlst edge: (A_Y106_MC -> A_P107_MC) type[cov], weight[1.00] from 105 to 106 dist[1.34]
Adding bndlst edge: (A_Y106_MC -> A_V108_MC) type[hb], weight[0.69] from 105 to 107 dist[2.41]
Adding bndlst edge: (A_P107_MC -> A_V108_MC) type[cov], weight[1.00] from 106 to 107 dist[1.33]
Adding bndlst edge: (A_V108_MC -> A_P109_MC) type[cov], weight[1.00] from 107 to 108 dist[1.34]
Adding bndlst edge: (A_P109_MC -> A_L110_MC) type[cov], weight[1.00] from 108 to 109 dist[1.33]
Adding bndlst edge: (A_L110_MC -> A_E111_MC) type[cov], weight[1.00] from 109 to 110 dist[1.33]
Adding bndlst edge: (A_L110_MC -> A_E112_MC) type[hb], weight[0.50] from 109 to 111 dist[2.82]
Adding bndlst edge: (A_E111_MC -> A_E112_MC) type[cov], weight[1.00] from 110 to 111 dist[1.33]
Adding bndlst edge: (A_E112_MC -> A_E113_MC) type[cov], weight[1.00] from 111 to 112 dist[1.33]
Adding bndlst edge: (A_E112_MC -> A_D114_MC) type[hb], weight[0.49] from 111 to 113 dist[2.86]
Adding bndlst edge: (A_E113_MC -> A_D114_MC) type[cov], weight[1.00] from 112 to 113 dist[1.33]
Adding bndlst edge: (A_D114_MC -> A_T115_MC) type[cov], weight[1.00] from 113 to 114 dist[1.33]
Adding bndlst edge: (A_T115_MC -> A_G116_MC) type[cov], weight[1.00] from 114 to 115 dist[1.33]
Adding bndlst edge: (A_G116_MC -> A_D117_MC) type[cov], weight[1.00] from 115 to 116 dist[1.33]
Adding bndlst edge: (A_D117_MC -> A_D118_MC) type[cov], weight[1.00] from 116 to 117 dist[1.33]
Adding bndlst edge: (A_D117_SC -> A_D118_MC) type[hb], weight[0.93] from 116 to 117 dist[2.07]
Adding bndlst edge: (A_D118_MC -> A_P119_MC) type[cov], weight[1.00] from 117 to 118 dist[1.34]

bndlst DONE

Producing PAJEK network
printing pajek edge (A_34_SER,A_35_PHE)
printing pajek edge (A_34_SER,A_52_LEU)
printing pajek edge (A_33_GLY,A_105_GLN)
printing pajek edge (A_33_GLY,A_34_SER)
printing pajek edge (A_33_GLY,A_106_TYR)
printing pajek edge (A_91_GLU,A_94_LYS)
printing pajek edge (A_91_GLU,A_92_PHE)
printing pajek edge (A_64_PRO,A_65_ASN)
printing pajek edge (A_22_ALA,A_26_LEU)
printing pajek edge (A_22_ALA,A_23_GLU)
printing pajek edge (A_72_VAL,A_73_GLN)
printing pajek edge (A_72_VAL,A_74_ALA)
printing pajek edge (A_103_HIS,A_105_GLN)
printing pajek edge (A_103_HIS,A_104_LEU)
printing pajek edge (A_8_MET,A_9_VAL)
printing pajek edge (A_81_ARG,A_82_PHE)
printing pajek edge (A_81_ARG,A_92_PHE)
printing pajek edge (A_27_SER,A_28_ARG)
printing pajek edge (A_100_LEU,A_101_VAL)
printing pajek edge (A_19_ARG,A_23_GLU)
printing pajek edge (A_19_ARG,A_22_ALA)
printing pajek edge (A_19_ARG,A_20_SER)
printing pajek edge (A_19_ARG,A_21_LYS)
printing pajek edge (A_73_GLN,A_74_ALA)
printing pajek edge (A_17_ILE,A_18_THR)
printing pajek edge (A_45_ARG,A_46_ALA)
printing pajek edge (A_56_CYS,A_57_VAL)
printing pajek edge (A_85_LYS,A_89_LEU)
printing pajek edge (A_85_LYS,A_86_LEU)
printing pajek edge (A_75_SER,A_76_GLU)
printing pajek edge (A_28_ARG,A_29_THR)
printing pajek edge (A_96_GLU,A_97_ASN)
printing pajek edge (A_58_TYR,A_59_THR)
printing pajek edge (A_62_ILE,A_63_LEU)
printing pajek edge (A_109_PRO,A_110_LEU)
printing pajek edge (A_116_GLY,A_117_ASP)
printing pajek edge (A_21_LYS,A_22_ALA)
printing pajek edge (A_21_LYS,A_25_LEU)
printing pajek edge (A_21_LYS,A_24_GLU)
printing pajek edge (A_21_LYS,A_24_GLU)
printing pajek edge (A_21_LYS,A_111_GLU)
printing pajek edge (A_110_LEU,A_112_GLU)
printing pajek edge (A_110_LEU,A_111_GLU)
printing pajek edge (A_93_TYR,A_94_LYS)
printing pajek edge (A_104_LEU,A_105_GLN)
printing pajek edge (A_90_ILE,A_93_TYR)
printing pajek edge (A_90_ILE,A_91_GLU)
printing pajek edge (A_11_CYS,A_12_TRP)
printing pajek edge (A_32_ASP,A_105_GLN)
printing pajek edge (A_32_ASP,A_33_GLY)
printing pajek edge (A_114_ASP,A_115_THR)
printing pajek edge (A_36_LEU,A_50_CYS)
printing pajek edge (A_36_LEU,A_37_VAL)
printing pajek edge (A_12_TRP,A_37_VAL)
printing pajek edge (A_12_TRP,A_14_HIS)
printing pajek edge (A_12_TRP,A_13_ASN)
printing pajek edge (A_12_TRP,A_13_ASN)
printing pajek edge (A_92_PHE,A_93_TYR)
printing pajek edge (A_92_PHE,A_94_LYS)
printing pajek edge (A_92_PHE,A_95_LYS)
printing pajek edge (A_79_SER,A_80_MET)
printing pajek edge (A_108_VAL,A_109_PRO)
printing pajek edge (A_49_LEU,A_60_TYR)
printing pajek edge (A_49_LEU,A_50_CYS)
printing pajek edge (A_88_GLN,A_91_GLU)
printing pajek edge (A_88_GLN,A_89_LEU)
printing pajek edge (A_88_GLN,A_92_PHE)
printing pajek edge (A_94_LYS,A_95_LYS)
printing pajek edge (A_78_VAL,A_79_SER)
printing pajek edge (A_78_VAL,A_80_MET)
printing pajek edge (A_107_PRO,A_108_VAL)
printing pajek edge (A_66_GLU,A_68_ASP)
printing pajek edge (A_66_GLU,A_67_ASP)
printing pajek edge (A_30_GLY,A_31_LYS)
printing pajek edge (A_51_VAL,A_58_TYR)
printing pajek edge (A_51_VAL,A_52_LEU)
printing pajek edge (A_40_SER,A_43_ILE)
printing pajek edge (A_40_SER,A_41_GLU)
printing pajek edge (A_40_SER,A_46_ALA)
printing pajek edge (A_65_ASN,A_68_ASP)
printing pajek edge (A_65_ASN,A_67_ASP)
printing pajek edge (A_65_ASN,A_69_LYS)
printing pajek edge (A_65_ASN,A_66_GLU)
printing pajek edge (A_98_MET,A_99_GLY)
printing pajek edge (A_115_THR,A_116_GLY)
printing pajek edge (A_59_THR,A_60_TYR)
printing pajek edge (A_42_SER,A_43_ILE)
printing pajek edge (A_13_ASN,A_14_HIS)
printing pajek edge (A_16_ASN,A_17_ILE)
printing pajek edge (A_82_PHE,A_83_PHE)
printing pajek edge (A_53_TYR,A_54_ARG)
printing pajek edge (A_53_TYR,A_54_ARG)
printing pajek edge (A_53_TYR,A_56_CYS)
printing pajek edge (A_61_ARG,A_73_GLN)
printing pajek edge (A_61_ARG,A_62_ILE)
printing pajek edge (A_57_VAL,A_58_TYR)
printing pajek edge (A_102_THR,A_103_HIS)
printing pajek edge (A_102_THR,A_103_HIS)
printing pajek edge (A_74_ALA,A_75_SER)
printing pajek edge (A_67_ASP,A_68_ASP)
printing pajek edge (A_46_ALA,A_47_TYR)
printing pajek edge (A_87_ASP,A_88_GLN)
printing pajek edge (A_87_ASP,A_91_GLU)
printing pajek edge (A_87_ASP,A_90_ILE)
printing pajek edge (A_77_GLY,A_78_VAL)
printing pajek edge (A_20_SER,A_24_GLU)
printing pajek edge (A_20_SER,A_21_LYS)
printing pajek edge (A_63_LEU,A_64_PRO)
printing pajek edge (A_63_LEU,A_71_THR)
printing pajek edge (A_55_ASN,A_56_CYS)
printing pajek edge (A_55_ASN,A_56_CYS)
printing pajek edge (A_68_ASP,A_69_LYS)
printing pajek edge (A_71_THR,A_72_VAL)
printing pajek edge (A_69_LYS,A_70_PHE)
printing pajek edge (A_3_SER,A_4_GLY)
printing pajek edge (A_18_THR,A_22_ALA)
printing pajek edge (A_18_THR,A_19_ARG)
printing pajek edge (A_18_THR,A_19_ARG)
printing pajek edge (A_18_THR,A_21_LYS)
printing pajek edge (A_2_SER,A_3_SER)
printing pajek edge (A_117_ASP,A_118_ASP)
printing pajek edge (A_117_ASP,A_118_ASP)
printing pajek edge (A_89_LEU,A_93_TYR)
printing pajek edge (A_89_LEU,A_90_ILE)
printing pajek edge (A_31_LYS,A_33_GLY)
printing pajek edge (A_31_LYS,A_34_SER)
printing pajek edge (A_31_LYS,A_32_ASP)
printing pajek edge (A_101_VAL,A_102_THR)
printing pajek edge (A_111_GLU,A_112_GLU)
printing pajek edge (A_83_PHE,A_84_THR)
printing pajek edge (A_26_LEU,A_29_THR)
printing pajek edge (A_26_LEU,A_27_SER)
printing pajek edge (A_26_LEU,A_30_GLY)
printing pajek edge (A_29_THR,A_30_GLY)
printing pajek edge (A_84_THR,A_85_LYS)
printing pajek edge (A_76_GLU,A_77_GLY)
printing pajek edge (A_41_GLU,A_42_SER)
printing pajek edge (A_15_GLY,A_39_ALA)
printing pajek edge (A_15_GLY,A_37_VAL)
printing pajek edge (A_15_GLY,A_17_ILE)
printing pajek edge (A_15_GLY,A_16_ASN)
printing pajek edge (A_113_GLU,A_114_ASP)
printing pajek edge (A_70_PHE,A_71_THR)
printing pajek edge (A_70_PHE,A_83_PHE)
printing pajek edge (A_60_TYR,A_61_ARG)
printing pajek edge (A_50_CYS,A_51_VAL)
printing pajek edge (A_25_LEU,A_28_ARG)
printing pajek edge (A_25_LEU,A_26_LEU)
printing pajek edge (A_25_LEU,A_29_THR)
printing pajek edge (A_105_GLN,A_106_TYR)
printing pajek edge (A_105_GLN,A_106_TYR)
printing pajek edge (A_54_ARG,A_55_ASN)
printing pajek edge (A_54_ARG,A_55_ASN)
printing pajek edge (A_80_MET,A_81_ARG)
printing pajek edge (A_23_GLU,A_26_LEU)
printing pajek edge (A_23_GLU,A_27_SER)
printing pajek edge (A_23_GLU,A_24_GLU)
printing pajek edge (A_43_ILE,A_46_ALA)
printing pajek edge (A_43_ILE,A_44_SER)
printing pajek edge (A_1_GLY,A_2_SER)
printing pajek edge (A_47_TYR,A_62_ILE)
printing pajek edge (A_47_TYR,A_48_ALA)
printing pajek edge (A_24_GLU,A_28_ARG)
printing pajek edge (A_24_GLU,A_25_LEU)
printing pajek edge (A_24_GLU,A_27_SER)
printing pajek edge (A_14_HIS,A_37_VAL)
printing pajek edge (A_14_HIS,A_108_VAL)
printing pajek edge (A_14_HIS,A_15_GLY)
printing pajek edge (A_106_TYR,A_107_PRO)
printing pajek edge (A_106_TYR,A_108_VAL)
printing pajek edge (A_97_ASN,A_98_MET)
printing pajek edge (A_7_GLY,A_8_MET)
printing pajek edge (A_86_LEU,A_89_LEU)
printing pajek edge (A_86_LEU,A_90_ILE)
printing pajek edge (A_86_LEU,A_87_ASP)
printing pajek edge (A_4_GLY,A_5_SER)
printing pajek edge (A_37_VAL,A_38_ARG)
printing pajek edge (A_95_LYS,A_96_GLU)
printing pajek edge (A_112_GLU,A_113_GLU)
printing pajek edge (A_112_GLU,A_114_ASP)
printing pajek edge (A_10_PRO,A_11_CYS)
printing pajek edge (A_52_LEU,A_53_TYR)
printing pajek edge (A_48_ALA,A_49_LEU)
printing pajek edge (A_9_VAL,A_10_PRO)
printing pajek edge (A_39_ALA,A_40_SER)
printing pajek edge (A_99_GLY,A_100_LEU)
printing pajek edge (A_5_SER,A_6_SER)
printing pajek edge (A_35_PHE,A_36_LEU)
printing pajek edge (A_35_PHE,A_94_LYS)
printing pajek edge (A_35_PHE,A_108_VAL)
printing pajek edge (A_38_ARG,A_39_ALA)
printing pajek edge (A_38_ARG,A_50_CYS)
printing pajek edge (A_38_ARG,A_48_ALA)
printing pajek edge (A_118_ASP,A_119_PRO)
printing pajek edge (A_44_SER,A_46_ALA)
printing pajek edge (A_44_SER,A_45_ARG)
printing pajek edge (A_44_SER,A_45_ARG)
printing pajek edge (A_6_SER,A_7_GLY)
