Graph START

Adding vertex (chain-A, position-1, res-SER)
New vertex id: 0
1 2 3 4 5 6 
Adding vertex (chain-A, position-2, res-ALA)
New vertex id: 1
7 8 9 10 11 
Adding vertex (chain-A, position-3, res-VAL)
New vertex id: 2
12 13 14 15 16 17 18 
Adding vertex (chain-A, position-4, res-LYS)
New vertex id: 3
19 20 21 22 23 24 25 26 27 
Adding vertex (chain-A, position-5, res-ALA)
New vertex id: 4
28 29 30 31 32 
Adding vertex (chain-A, position-6, res-LEU)
New vertex id: 5
33 34 35 36 37 38 39 40 
Adding vertex (chain-A, position-7, res-PHE)
New vertex id: 6
41 42 43 44 45 46 47 48 49 50 51 
Adding vertex (chain-A, position-8, res-ASP)
New vertex id: 7
52 53 54 55 56 57 58 59 
Adding vertex (chain-A, position-9, res-TYR)
New vertex id: 8
60 61 62 63 64 65 66 67 68 69 70 71 
Adding vertex (chain-A, position-10, res-LYS)
New vertex id: 9
72 73 74 75 76 77 78 79 80 
Adding vertex (chain-A, position-11, res-ALA)
New vertex id: 10
81 82 83 84 85 
Adding vertex (chain-A, position-12, res-GLN)
New vertex id: 11
86 87 88 89 90 91 92 93 94 
Adding vertex (chain-A, position-13, res-ARG)
New vertex id: 12
95 96 97 98 99 100 101 102 103 104 105 
Adding vertex (chain-A, position-14, res-GLU)
New vertex id: 13
106 107 108 109 110 111 112 113 114 
Adding vertex (chain-A, position-15, res-ASP)
New vertex id: 14
115 116 117 118 119 120 121 122 
Adding vertex (chain-A, position-16, res-GLU)
New vertex id: 15
123 124 125 126 127 128 129 130 131 
Adding vertex (chain-A, position-17, res-LEU)
New vertex id: 16
132 133 134 135 136 137 138 139 
Adding vertex (chain-A, position-18, res-THR)
New vertex id: 17
140 141 142 143 144 145 146 
Adding vertex (chain-A, position-19, res-PHE)
New vertex id: 18
147 148 149 150 151 152 153 154 155 156 157 
Adding vertex (chain-A, position-20, res-THR)
New vertex id: 19
158 159 160 161 162 163 164 
Adding vertex (chain-A, position-21, res-LYS)
New vertex id: 20
165 166 167 168 169 170 171 172 173 
Adding vertex (chain-A, position-22, res-SER)
New vertex id: 21
174 175 176 177 178 179 
Adding vertex (chain-A, position-23, res-ALA)
New vertex id: 22
180 181 182 183 184 
Adding vertex (chain-A, position-24, res-ILE)
New vertex id: 23
185 186 187 188 189 190 191 192 
Adding vertex (chain-A, position-25, res-ILE)
New vertex id: 24
193 194 195 196 197 198 199 200 
Adding vertex (chain-A, position-26, res-GLN)
New vertex id: 25
201 202 203 204 205 206 207 208 209 
Adding vertex (chain-A, position-27, res-ASN)
New vertex id: 26
210 211 212 213 214 215 216 217 
Adding vertex (chain-A, position-28, res-VAL)
New vertex id: 27
218 219 220 221 222 223 224 
Adding vertex (chain-A, position-29, res-GLU)
New vertex id: 28
225 226 227 228 229 230 231 232 233 
Adding vertex (chain-A, position-30, res-LYS)
New vertex id: 29
234 235 236 237 238 239 240 241 242 
Adding vertex (chain-A, position-31, res-GLN)
New vertex id: 30
243 244 245 246 247 248 249 250 251 
Adding vertex (chain-A, position-32, res-ASP)
New vertex id: 31
252 253 254 255 256 257 258 259 
Adding vertex (chain-A, position-33, res-GLY)
New vertex id: 32
260 261 262 263 
Adding vertex (chain-A, position-34, res-GLY)
New vertex id: 33
264 265 266 267 
Adding vertex (chain-A, position-35, res-TRP)
New vertex id: 34
268 269 270 271 272 273 274 275 276 277 278 279 280 281 
Adding vertex (chain-A, position-36, res-TRP)
New vertex id: 35
282 283 284 285 286 287 288 289 290 291 292 293 294 295 
Adding vertex (chain-A, position-37, res-ARG)
New vertex id: 36
296 297 298 299 300 301 302 303 304 305 306 
Adding vertex (chain-A, position-38, res-GLY)
New vertex id: 37
307 308 309 310 
Adding vertex (chain-A, position-39, res-ASP)
New vertex id: 38
311 312 313 314 315 316 317 318 
Adding vertex (chain-A, position-40, res-TYR)
New vertex id: 39
319 320 321 322 323 324 325 326 327 328 329 330 
Adding vertex (chain-A, position-41, res-GLY)
New vertex id: 40
331 332 333 334 
Adding vertex (chain-A, position-42, res-GLY)
New vertex id: 41
335 336 337 338 
Adding vertex (chain-A, position-43, res-LYS)
New vertex id: 42
339 340 341 342 343 344 345 346 347 
Adding vertex (chain-A, position-44, res-LYS)
New vertex id: 43
348 349 350 351 352 353 354 355 356 
Adding vertex (chain-A, position-45, res-GLN)
New vertex id: 44
357 358 359 360 361 362 363 364 365 
Adding vertex (chain-A, position-46, res-LEU)
New vertex id: 45
366 367 368 369 370 371 372 373 
Adding vertex (chain-A, position-47, res-TRP)
New vertex id: 46
374 375 376 377 378 379 380 381 382 383 384 385 386 387 
Adding vertex (chain-A, position-48, res-PHE)
New vertex id: 47
388 389 390 391 392 393 394 395 396 397 398 
Adding vertex (chain-A, position-49, res-PRO)
New vertex id: 48
399 400 401 402 403 404 405 
Adding vertex (chain-A, position-50, res-SER)
New vertex id: 49
406 407 408 409 410 411 
Adding vertex (chain-A, position-51, res-ASN)
New vertex id: 50
412 413 414 415 416 417 418 419 
Adding vertex (chain-A, position-52, res-TYR)
New vertex id: 51
420 421 422 423 424 425 426 427 428 429 430 431 
Adding vertex (chain-A, position-53, res-VAL)
New vertex id: 52
432 433 434 435 436 437 438 
Adding vertex (chain-A, position-54, res-GLU)
New vertex id: 53
439 440 441 442 443 444 445 446 447 
Adding vertex (chain-A, position-55, res-GLU)
New vertex id: 54
448 449 450 451 452 453 454 455 456 
Graph DONE

( reduce -FLIPs 1YWO.pdb > 1YWO.H.pdb ) >& /dev/null
Reduce (-FLIPs) returned 0
( bndlst -Radius0.3 1YWO.H.pdb > 1YWO.H.bndlst ) >& /dev/null
BndLst returned 0
Parsing 1YWO.H.bndlst

bndlst START
Adding bndlst edge: (A_S1_MC -> A_A2_MC) type[cov], weight[1.00] from 0 to 1 dist[1.34]
Adding bndlst edge: (A_S1_MC -> A_N27_MC) type[hb], weight[0.54] from 0 to 26 dist[2.71]
Adding bndlst edge: (A_S1_MC -> A_V28_MC) type[hb], weight[1.38] from 0 to 27 dist[1.70]
Adding bndlst edge: (A_S1_SC -> A_A2_MC) type[hb], weight[0.59] from 0 to 1 dist[2.60]
Adding bndlst edge: (A_A2_MC -> A_V3_MC) type[cov], weight[1.00] from 1 to 2 dist[1.34]
Adding bndlst edge: (A_V3_MC -> A_K4_MC) type[cov], weight[1.00] from 2 to 3 dist[1.32]
Adding bndlst edge: (A_V3_MC -> A_I25_MC) type[hb], weight[1.05] from 2 to 24 dist[1.95]
Adding bndlst edge: (A_V3_MC -> A_I25_MC) type[hb], weight[1.02] from 2 to 24 dist[1.98]
Adding bndlst edge: (A_K4_MC -> A_A5_MC) type[cov], weight[1.00] from 3 to 4 dist[1.33]
Adding bndlst edge: (A_K4_MC -> A_E54_MC) type[hb], weight[1.16] from 3 to 53 dist[1.86]
Adding bndlst edge: (A_K4_MC -> A_E54_MC) type[hb], weight[1.31] from 3 to 53 dist[1.75]
Adding bndlst edge: (A_A5_MC -> A_L6_MC) type[cov], weight[1.00] from 4 to 5 dist[1.34]
Adding bndlst edge: (A_A5_MC -> A_S22_MC) type[hb], weight[1.12] from 4 to 21 dist[1.89]
Adding bndlst edge: (A_A5_MC -> A_A23_MC) type[hb], weight[1.07] from 4 to 22 dist[1.93]
Adding bndlst edge: (A_L6_MC -> A_F7_MC) type[cov], weight[1.00] from 5 to 6 dist[1.34]
Adding bndlst edge: (A_L6_MC -> A_Y52_MC) type[hb], weight[1.41] from 5 to 51 dist[1.69]
Adding bndlst edge: (A_F7_MC -> A_D8_MC) type[cov], weight[1.00] from 6 to 7 dist[1.34]
Adding bndlst edge: (A_D8_MC -> A_Y9_MC) type[cov], weight[1.00] from 7 to 8 dist[1.33]
Adding bndlst edge: (A_D8_SC -> A_K21_MC) type[hb], weight[1.26] from 7 to 20 dist[1.78]
Adding bndlst edge: (A_Y9_MC -> A_K10_MC) type[cov], weight[1.00] from 8 to 9 dist[1.34]
Adding bndlst edge: (A_Y9_MC -> A_F19_MC) type[hb], weight[1.06] from 8 to 18 dist[1.94]
Adding bndlst edge: (A_Y9_SC -> A_K10_MC) type[hb], weight[0.40] from 8 to 9 dist[3.17]
Adding bndlst edge: (A_Y9_SC -> A_K10_MC) type[hb], weight[0.38] from 8 to 9 dist[3.24]
Adding bndlst edge: (A_Y9_SC -> A_Q12_SC) type[hb], weight[0.43] from 8 to 11 dist[3.04]
Adding bndlst edge: (A_Y9_SC -> A_Q12_SC) type[hb], weight[0.53] from 8 to 11 dist[2.75]
Adding bndlst edge: (A_Y9_SC -> A_Q12_SC) type[hb], weight[1.30] from 8 to 11 dist[1.75]
Adding bndlst edge: (A_Y9_MC -> A_F19_MC) type[hb], weight[1.11] from 8 to 18 dist[1.90]
Adding bndlst edge: (A_Y9_MC -> A_F19_SC) type[hb], weight[0.36] from 8 to 18 dist[3.35]
Adding bndlst edge: (A_Y9_SC -> A_E16_SC) type[cov], weight[1.00] from 8 to 15 dist[1.62]
Adding bndlst edge: (A_K10_MC -> A_A11_MC) type[cov], weight[1.00] from 9 to 10 dist[1.33]
Adding bndlst edge: (A_A11_MC -> A_Q12_MC) type[cov], weight[1.00] from 10 to 11 dist[1.33]
Adding bndlst edge: (A_A11_MC -> A_T18_SC) type[hb], weight[1.01] from 10 to 17 dist[1.99]
Adding bndlst edge: (A_Q12_MC -> A_R13_MC) type[cov], weight[1.00] from 11 to 12 dist[1.32]
Adding bndlst edge: (A_Q12_MC -> A_E16_SC) type[hb], weight[1.19] from 11 to 15 dist[1.83]
Adding bndlst edge: (A_R13_MC -> A_E14_MC) type[cov], weight[1.00] from 12 to 13 dist[1.32]
Adding bndlst edge: (A_R13_MC -> A_E16_MC) type[hb], weight[0.66] from 12 to 15 dist[2.47]
Adding bndlst edge: (A_R13_MC -> A_E16_SC) type[hb], weight[0.50] from 12 to 15 dist[2.83]
Adding bndlst edge: (A_R13_SC -> A_E16_SC) type[salt], weight[1.07] from 12 to 15 dist[1.84]
Adding bndlst edge: (A_E14_MC -> A_D15_MC) type[cov], weight[1.00] from 13 to 14 dist[1.32]
Adding bndlst edge: (A_E14_MC -> A_E16_MC) type[hb], weight[0.47] from 13 to 15 dist[2.90]
Adding bndlst edge: (A_D15_MC -> A_E16_MC) type[cov], weight[1.00] from 14 to 15 dist[1.33]
Adding bndlst edge: (A_D15_MC -> A_W47_MC) type[hb], weight[1.10] from 14 to 46 dist[1.91]
Adding bndlst edge: (A_E16_MC -> A_L17_MC) type[cov], weight[1.00] from 15 to 16 dist[1.33]
Adding bndlst edge: (A_E16_MC -> A_K43_SC) type[hb], weight[1.07] from 15 to 42 dist[1.94]
Adding bndlst edge: (A_L17_MC -> A_T18_MC) type[cov], weight[1.00] from 16 to 17 dist[1.34]
Adding bndlst edge: (A_L17_MC -> A_W47_MC) type[hb], weight[1.06] from 16 to 46 dist[1.94]
Adding bndlst edge: (A_T18_MC -> A_F19_MC) type[cov], weight[1.00] from 17 to 18 dist[1.33]
Adding bndlst edge: (A_T18_SC -> A_K43_SC) type[hb], weight[0.54] from 17 to 42 dist[2.73]
Adding bndlst edge: (A_F19_MC -> A_T20_MC) type[cov], weight[1.00] from 18 to 19 dist[1.31]
Adding bndlst edge: (A_T20_MC -> A_K21_MC) type[cov], weight[1.00] from 19 to 20 dist[1.33]
Adding bndlst edge: (A_T20_MC -> A_A23_MC) type[hb], weight[0.90] from 19 to 22 dist[2.11]
Adding bndlst edge: (A_K21_MC -> A_S22_MC) type[cov], weight[1.00] from 20 to 21 dist[1.33]
Adding bndlst edge: (A_K21_MC -> A_A23_MC) type[hb], weight[0.47] from 20 to 22 dist[2.93]
Adding bndlst edge: (A_S22_MC -> A_A23_MC) type[cov], weight[1.00] from 21 to 22 dist[1.33]
Adding bndlst edge: (A_A23_MC -> A_I24_MC) type[cov], weight[1.00] from 22 to 23 dist[1.34]
Adding bndlst edge: (A_I24_MC -> A_I25_MC) type[cov], weight[1.00] from 23 to 24 dist[1.33]
Adding bndlst edge: (A_I25_MC -> A_Q26_MC) type[cov], weight[1.00] from 24 to 25 dist[1.33]
Adding bndlst edge: (A_Q26_MC -> A_N27_MC) type[cov], weight[1.00] from 25 to 26 dist[1.34]
Adding bndlst edge: (A_Q26_MC -> A_D39_MC) type[hb], weight[1.13] from 25 to 38 dist[1.88]
Adding bndlst edge: (A_Q26_MC -> A_D39_MC) type[hb], weight[1.02] from 25 to 38 dist[1.98]
Adding bndlst edge: (A_N27_MC -> A_V28_MC) type[cov], weight[1.00] from 26 to 27 dist[1.33]
Adding bndlst edge: (A_N27_MC -> A_Q45_SC) type[hb], weight[1.19] from 26 to 44 dist[1.83]
Adding bndlst edge: (A_N27_SC -> A_D39_SC) type[hb], weight[1.31] from 26 to 38 dist[1.75]
Adding bndlst edge: (A_V28_MC -> A_E29_MC) type[cov], weight[1.00] from 27 to 28 dist[1.33]
Adding bndlst edge: (A_E29_MC -> A_K30_MC) type[cov], weight[1.00] from 28 to 29 dist[1.33]
Adding bndlst edge: (A_E29_MC -> A_R37_MC) type[hb], weight[0.86] from 28 to 36 dist[2.16]
Adding bndlst edge: (A_E29_MC -> A_R37_MC) type[hb], weight[1.30] from 28 to 36 dist[1.76]
Adding bndlst edge: (A_K30_MC -> A_Q31_MC) type[cov], weight[1.00] from 29 to 30 dist[1.33]
Adding bndlst edge: (A_K30_SC -> A_E55_SC) type[salt], weight[0.59] from 29 to 54 dist[2.47]
Adding bndlst edge: (A_K30_SC -> A_E55_SC) type[salt], weight[0.58] from 29 to 54 dist[2.50]
Adding bndlst edge: (A_Q31_MC -> A_D32_MC) type[cov], weight[1.00] from 30 to 31 dist[1.33]
Adding bndlst edge: (A_Q31_MC -> A_W36_SC) type[hb], weight[0.45] from 30 to 35 dist[2.97]
Adding bndlst edge: (A_Q31_MC -> A_W36_SC) type[hb], weight[0.42] from 30 to 35 dist[3.10]
Adding bndlst edge: (A_Q31_MC -> A_W36_SC) type[hb], weight[0.61] from 30 to 35 dist[2.57]
Adding bndlst edge: (A_D32_MC -> A_G33_MC) type[cov], weight[1.00] from 31 to 32 dist[1.32]
Adding bndlst edge: (A_G33_MC -> A_G34_MC) type[cov], weight[1.00] from 32 to 33 dist[1.33]
Adding bndlst edge: (A_G34_MC -> A_W35_MC) type[cov], weight[1.00] from 33 to 34 dist[1.34]
Adding bndlst edge: (A_G34_MC -> A_S50_MC) type[hb], weight[1.21] from 33 to 49 dist[1.82]
Adding bndlst edge: (A_G34_MC -> A_S50_SC) type[hb], weight[0.84] from 33 to 49 dist[2.18]
Adding bndlst edge: (A_W35_MC -> A_W36_MC) type[cov], weight[1.00] from 34 to 35 dist[1.33]
Adding bndlst edge: (A_W36_MC -> A_R37_MC) type[cov], weight[1.00] from 35 to 36 dist[1.33]
Adding bndlst edge: (A_W36_MC -> A_F48_MC) type[hb], weight[1.00] from 35 to 47 dist[2.00]
Adding bndlst edge: (A_W36_MC -> A_F48_MC) type[hb], weight[0.96] from 35 to 47 dist[2.04]
Adding bndlst edge: (A_R37_MC -> A_G38_MC) type[cov], weight[1.00] from 36 to 37 dist[1.33]
Adding bndlst edge: (A_R37_SC -> A_W47_SC) type[hb], weight[0.36] from 36 to 46 dist[3.32]
Adding bndlst edge: (A_R37_SC -> A_W47_SC) type[hb], weight[0.45] from 36 to 46 dist[2.99]
Adding bndlst edge: (A_R37_SC -> A_Q45_MC) type[hb], weight[1.15] from 36 to 44 dist[1.87]
Adding bndlst edge: (A_R37_SC -> A_W47_SC) type[hb], weight[0.36] from 36 to 46 dist[3.34]
Adding bndlst edge: (A_R37_SC -> A_W47_SC) type[hb], weight[0.43] from 36 to 46 dist[3.05]
Adding bndlst edge: (A_R37_SC -> A_W47_SC) type[hb], weight[0.42] from 36 to 46 dist[3.08]
Adding bndlst edge: (A_G38_MC -> A_D39_MC) type[cov], weight[1.00] from 37 to 38 dist[1.34]
Adding bndlst edge: (A_G38_MC -> A_L46_MC) type[hb], weight[0.80] from 37 to 45 dist[2.24]
Adding bndlst edge: (A_G38_MC -> A_Q45_MC) type[hb], weight[0.66] from 37 to 44 dist[2.46]
Adding bndlst edge: (A_G38_MC -> A_L46_MC) type[hb], weight[0.89] from 37 to 45 dist[2.12]
Adding bndlst edge: (A_D39_MC -> A_Y40_MC) type[cov], weight[1.00] from 38 to 39 dist[1.32]
Adding bndlst edge: (A_D39_SC -> A_Q45_SC) type[hb], weight[1.05] from 38 to 44 dist[1.95]
Adding bndlst edge: (A_D39_SC -> A_Q45_MC) type[hb], weight[1.05] from 38 to 44 dist[1.95]
Adding bndlst edge: (A_Y40_MC -> A_G41_MC) type[cov], weight[1.00] from 39 to 40 dist[1.33]
Adding bndlst edge: (A_Y40_MC -> A_K43_MC) type[hb], weight[0.94] from 39 to 42 dist[2.06]
Adding bndlst edge: (A_Y40_SC -> A_G41_MC) type[hb], weight[0.39] from 39 to 40 dist[3.19]
Adding bndlst edge: (A_Y40_MC -> A_K43_MC) type[hb], weight[0.80] from 39 to 42 dist[2.24]
Adding bndlst edge: (A_G41_MC -> A_G42_MC) type[cov], weight[1.00] from 40 to 41 dist[1.32]
Adding bndlst edge: (A_G41_MC -> A_K43_MC) type[hb], weight[0.47] from 40 to 42 dist[2.91]
Adding bndlst edge: (A_G42_MC -> A_K43_MC) type[cov], weight[1.00] from 41 to 42 dist[1.33]
Adding bndlst edge: (A_K43_MC -> A_K44_MC) type[cov], weight[1.00] from 42 to 43 dist[1.33]
Adding bndlst edge: (A_K44_MC -> A_Q45_MC) type[cov], weight[1.00] from 43 to 44 dist[1.33]
Adding bndlst edge: (A_Q45_MC -> A_L46_MC) type[cov], weight[1.00] from 44 to 45 dist[1.33]
Adding bndlst edge: (A_L46_MC -> A_W47_MC) type[cov], weight[1.00] from 45 to 46 dist[1.34]
Adding bndlst edge: (A_W47_MC -> A_F48_MC) type[cov], weight[1.00] from 46 to 47 dist[1.33]
Adding bndlst edge: (A_F48_MC -> A_P49_MC) type[cov], weight[1.00] from 47 to 48 dist[1.36]
Adding bndlst edge: (A_P49_MC -> A_S50_MC) type[cov], weight[1.00] from 48 to 49 dist[1.33]
Adding bndlst edge: (A_P49_MC -> A_Y52_MC) type[hb], weight[0.96] from 48 to 51 dist[2.04]
Adding bndlst edge: (A_S50_MC -> A_N51_MC) type[cov], weight[1.00] from 49 to 50 dist[1.34]
Adding bndlst edge: (A_S50_MC -> A_V53_MC) type[hb], weight[0.73] from 49 to 52 dist[2.33]
Adding bndlst edge: (A_S50_MC -> A_Y52_MC) type[hb], weight[0.48] from 49 to 51 dist[2.89]
Adding bndlst edge: (A_N51_MC -> A_Y52_MC) type[cov], weight[1.00] from 50 to 51 dist[1.34]
Adding bndlst edge: (A_Y52_MC -> A_V53_MC) type[cov], weight[1.00] from 51 to 52 dist[1.33]
Adding bndlst edge: (A_V53_MC -> A_E54_MC) type[cov], weight[1.00] from 52 to 53 dist[1.33]
Adding bndlst edge: (A_E54_MC -> A_E55_MC) type[cov], weight[1.00] from 53 to 54 dist[1.33]

bndlst DONE

Producing PAJEK network
printing pajek edge (A_34_GLY,A_35_TRP)
printing pajek edge (A_34_GLY,A_50_SER)
printing pajek edge (A_33_GLY,A_34_GLY)
printing pajek edge (A_22_SER,A_23_ALA)
printing pajek edge (A_8_ASP,A_9_TYR)
printing pajek edge (A_8_ASP,A_21_LYS)
printing pajek edge (A_27_ASN,A_39_ASP)
printing pajek edge (A_27_ASN,A_28_VAL)
printing pajek edge (A_27_ASN,A_45_GLN)
printing pajek edge (A_18_THR,A_43_LYS)
printing pajek edge (A_18_THR,A_19_PHE)
printing pajek edge (A_3_VAL,A_4_LYS)
printing pajek edge (A_3_VAL,A_25_ILE)
printing pajek edge (A_2_ALA,A_3_VAL)
printing pajek edge (A_19_PHE,A_20_THR)
printing pajek edge (A_31_GLN,A_36_TRP)
printing pajek edge (A_31_GLN,A_32_ASP)
printing pajek edge (A_17_LEU,A_47_TRP)
printing pajek edge (A_17_LEU,A_18_THR)
printing pajek edge (A_45_GLN,A_46_LEU)
printing pajek edge (A_28_VAL,A_29_GLU)
printing pajek edge (A_26_GLN,A_39_ASP)
printing pajek edge (A_26_GLN,A_27_ASN)
printing pajek edge (A_29_GLU,A_37_ARG)
printing pajek edge (A_29_GLU,A_30_LYS)
printing pajek edge (A_41_GLY,A_43_LYS)
printing pajek edge (A_41_GLY,A_42_GLY)
printing pajek edge (A_21_LYS,A_23_ALA)
printing pajek edge (A_21_LYS,A_22_SER)
printing pajek edge (A_15_ASP,A_47_TRP)
printing pajek edge (A_15_ASP,A_16_GLU)
printing pajek edge (A_50_SER,A_53_VAL)
printing pajek edge (A_50_SER,A_51_ASN)
printing pajek edge (A_50_SER,A_52_TYR)
printing pajek edge (A_25_ILE,A_26_GLN)
printing pajek edge (A_11_ALA,A_12_GLN)
printing pajek edge (A_11_ALA,A_18_THR)
printing pajek edge (A_32_ASP,A_33_GLY)
printing pajek edge (A_36_TRP,A_37_ARG)
printing pajek edge (A_36_TRP,A_48_PHE)
printing pajek edge (A_12_GLN,A_13_ARG)
printing pajek edge (A_12_GLN,A_16_GLU)
printing pajek edge (A_54_GLU,A_55_GLU)
printing pajek edge (A_49_PRO,A_50_SER)
printing pajek edge (A_49_PRO,A_52_TYR)
printing pajek edge (A_43_LYS,A_44_LYS)
printing pajek edge (A_23_ALA,A_24_ILE)
printing pajek edge (A_47_TRP,A_48_PHE)
printing pajek edge (A_1_SER,A_28_VAL)
printing pajek edge (A_1_SER,A_2_ALA)
printing pajek edge (A_1_SER,A_2_ALA)
printing pajek edge (A_1_SER,A_27_ASN)
printing pajek edge (A_14_GLU,A_16_GLU)
printing pajek edge (A_14_GLU,A_15_ASP)
printing pajek edge (A_24_ILE,A_25_ILE)
printing pajek edge (A_30_LYS,A_31_GLN)
printing pajek edge (A_30_LYS,A_55_GLU)
printing pajek edge (A_7_PHE,A_8_ASP)
printing pajek edge (A_51_ASN,A_52_TYR)
printing pajek edge (A_40_TYR,A_43_LYS)
printing pajek edge (A_40_TYR,A_41_GLY)
printing pajek edge (A_40_TYR,A_41_GLY)
printing pajek edge (A_37_ARG,A_47_TRP)
printing pajek edge (A_37_ARG,A_38_GLY)
printing pajek edge (A_37_ARG,A_45_GLN)
printing pajek edge (A_4_LYS,A_5_ALA)
printing pajek edge (A_4_LYS,A_54_GLU)
printing pajek edge (A_52_TYR,A_53_VAL)
printing pajek edge (A_10_LYS,A_11_ALA)
printing pajek edge (A_42_GLY,A_43_LYS)
printing pajek edge (A_13_ARG,A_14_GLU)
printing pajek edge (A_13_ARG,A_16_GLU)
printing pajek edge (A_13_ARG,A_16_GLU)
printing pajek edge (A_48_PHE,A_49_PRO)
printing pajek edge (A_16_GLU,A_43_LYS)
printing pajek edge (A_16_GLU,A_17_LEU)
printing pajek edge (A_53_VAL,A_54_GLU)
printing pajek edge (A_39_ASP,A_40_TYR)
printing pajek edge (A_39_ASP,A_45_GLN)
printing pajek edge (A_9_TYR,A_12_GLN)
printing pajek edge (A_9_TYR,A_19_PHE)
printing pajek edge (A_9_TYR,A_10_LYS)
printing pajek edge (A_9_TYR,A_10_LYS)
printing pajek edge (A_9_TYR,A_16_GLU)
printing pajek edge (A_5_ALA,A_23_ALA)
printing pajek edge (A_5_ALA,A_22_SER)
printing pajek edge (A_5_ALA,A_6_LEU)
printing pajek edge (A_35_TRP,A_36_TRP)
printing pajek edge (A_46_LEU,A_47_TRP)
printing pajek edge (A_38_GLY,A_39_ASP)
printing pajek edge (A_38_GLY,A_46_LEU)
printing pajek edge (A_38_GLY,A_45_GLN)
printing pajek edge (A_44_LYS,A_45_GLN)
printing pajek edge (A_20_THR,A_23_ALA)
printing pajek edge (A_20_THR,A_21_LYS)
printing pajek edge (A_6_LEU,A_7_PHE)
printing pajek edge (A_6_LEU,A_52_TYR)
