Graph START

Adding vertex (chain-A, position-1, res-ALA)
New vertex id: 0
1 2 3 4 5 6 7 8 
Adding vertex (chain-A, position-2, res-GLU)
New vertex id: 1
9 10 11 12 13 14 15 16 17 18 
Adding vertex (chain-A, position-3, res-TYR)
New vertex id: 2
19 20 21 22 23 24 25 26 27 28 29 30 31 32 
Adding vertex (chain-A, position-4, res-VAL)
New vertex id: 3
33 34 35 36 37 38 39 40 
Adding vertex (chain-A, position-5, res-ARG)
New vertex id: 4
41 42 43 44 45 46 47 48 49 50 51 52 53 54 55 56 57 
Adding vertex (chain-A, position-6, res-ALA)
New vertex id: 5
58 59 60 61 62 63 
Adding vertex (chain-A, position-7, res-LEU)
New vertex id: 6
64 65 66 67 68 69 70 71 72 
Adding vertex (chain-A, position-8, res-PHE)
New vertex id: 7
73 74 75 76 77 78 79 80 81 82 83 84 
Adding vertex (chain-A, position-9, res-ASP)
New vertex id: 8
85 86 87 88 89 90 91 92 93 
Adding vertex (chain-A, position-10, res-PHE)
New vertex id: 9
94 95 96 97 98 99 100 101 102 103 104 105 
Adding vertex (chain-A, position-11, res-ASN)
New vertex id: 10
106 107 108 109 110 111 112 113 114 115 116 
Adding vertex (chain-A, position-12, res-GLY)
New vertex id: 11
117 118 119 120 121 
Adding vertex (chain-A, position-13, res-ASN)
New vertex id: 12
122 123 124 125 126 127 128 129 130 131 132 
Adding vertex (chain-A, position-14, res-ASP)
New vertex id: 13
133 134 135 136 137 138 139 140 141 
Adding vertex (chain-A, position-15, res-GLU)
New vertex id: 14
142 143 144 145 146 147 148 149 150 151 
Adding vertex (chain-A, position-16, res-GLU)
New vertex id: 15
152 153 154 155 156 157 158 159 160 161 
Adding vertex (chain-A, position-17, res-ASP)
New vertex id: 16
162 163 164 165 166 167 168 169 170 
Adding vertex (chain-A, position-18, res-LEU)
New vertex id: 17
171 172 173 174 175 176 177 178 179 
Adding vertex (chain-A, position-19, res-PRO)
New vertex id: 18
180 181 182 183 184 185 186 
Adding vertex (chain-A, position-20, res-PHE)
New vertex id: 19
187 188 189 190 191 192 193 194 195 196 197 198 
Adding vertex (chain-A, position-21, res-LYS)
New vertex id: 20
199 200 201 202 203 204 205 206 207 208 209 210 211 
Adding vertex (chain-A, position-22, res-LYS)
New vertex id: 21
212 213 214 215 216 217 218 219 220 221 222 223 224 
Adding vertex (chain-A, position-23, res-GLY)
New vertex id: 22
225 226 227 228 229 
Adding vertex (chain-A, position-24, res-ASP)
New vertex id: 23
230 231 232 233 234 235 236 237 238 
Adding vertex (chain-A, position-25, res-ILE)
New vertex id: 24
239 240 241 242 243 244 245 246 247 
Adding vertex (chain-A, position-26, res-LEU)
New vertex id: 25
248 249 250 251 252 253 254 255 256 
Adding vertex (chain-A, position-27, res-ARG)
New vertex id: 26
257 258 259 260 261 262 263 264 265 266 267 268 269 270 271 272 273 
Adding vertex (chain-A, position-28, res-ILE)
New vertex id: 27
274 275 276 277 278 279 280 281 282 
Adding vertex (chain-A, position-29, res-ARG)
New vertex id: 28
283 284 285 286 287 288 289 290 291 292 293 294 295 296 297 298 299 
Adding vertex (chain-A, position-30, res-ASP)
New vertex id: 29
300 301 302 303 304 305 306 307 308 
Adding vertex (chain-A, position-31, res-LYS)
New vertex id: 30
309 310 311 312 313 314 315 316 317 318 319 320 321 
Adding vertex (chain-A, position-32, res-PRO)
New vertex id: 31
322 323 324 325 326 327 328 
Adding vertex (chain-A, position-33, res-GLU)
New vertex id: 32
329 330 331 332 333 334 335 336 337 338 
Adding vertex (chain-A, position-34, res-GLU)
New vertex id: 33
339 340 341 342 343 344 345 346 347 348 
Adding vertex (chain-A, position-35, res-GLN)
New vertex id: 34
349 350 351 352 353 354 355 356 357 358 359 360 
Adding vertex (chain-A, position-36, res-TRP)
New vertex id: 35
361 362 363 364 365 366 367 368 369 370 371 372 373 374 375 376 
Adding vertex (chain-A, position-37, res-TRP)
New vertex id: 36
377 378 379 380 381 382 383 384 385 386 387 388 389 390 391 392 
Adding vertex (chain-A, position-38, res-ASN)
New vertex id: 37
393 394 395 396 397 398 399 400 401 402 403 
Adding vertex (chain-A, position-39, res-ALA)
New vertex id: 38
404 405 406 407 408 409 
Adding vertex (chain-A, position-40, res-GLU)
New vertex id: 39
410 411 412 413 414 415 416 417 418 419 
Adding vertex (chain-A, position-41, res-ASP)
New vertex id: 40
420 421 422 423 424 425 426 427 428 
Adding vertex (chain-A, position-42, res-SER)
New vertex id: 41
429 430 431 432 433 434 435 436 
Adding vertex (chain-A, position-43, res-GLU)
New vertex id: 42
437 438 439 440 441 442 443 444 445 446 
Adding vertex (chain-A, position-44, res-GLY)
New vertex id: 43
447 448 449 450 451 
Adding vertex (chain-A, position-45, res-LYS)
New vertex id: 44
452 453 454 455 456 457 458 459 460 461 462 463 464 
Adding vertex (chain-A, position-46, res-ARG)
New vertex id: 45
465 466 467 468 469 470 471 472 473 474 475 476 477 478 479 480 481 
Adding vertex (chain-A, position-47, res-GLY)
New vertex id: 46
482 483 484 485 486 
Adding vertex (chain-A, position-48, res-MET)
New vertex id: 47
487 488 489 490 491 492 493 494 495 
Adding vertex (chain-A, position-49, res-ILE)
New vertex id: 48
496 497 498 499 500 501 502 503 504 
Adding vertex (chain-A, position-50, res-PRO)
New vertex id: 49
505 506 507 508 509 510 511 
Adding vertex (chain-A, position-51, res-VAL)
New vertex id: 50
512 513 514 515 516 517 518 519 
Adding vertex (chain-A, position-52, res-PRO)
New vertex id: 51
520 521 522 523 524 525 526 
Adding vertex (chain-A, position-53, res-TYR)
New vertex id: 52
527 528 529 530 531 532 533 534 535 536 537 538 539 540 
Adding vertex (chain-A, position-54, res-VAL)
New vertex id: 53
541 542 543 544 545 546 547 548 
Adding vertex (chain-A, position-55, res-GLU)
New vertex id: 54
549 550 551 552 553 554 555 556 557 558 
Adding vertex (chain-A, position-56, res-LYS)
New vertex id: 55
559 560 561 562 563 564 565 566 567 568 569 570 571 
Adding vertex (chain-A, position-57, res-TYR)
New vertex id: 56
572 573 574 575 576 577 578 579 580 581 582 583 584 
Graph DONE

( reduce -FLIPs 1CKA.pdb > 1CKA.H.pdb ) >& /dev/null
Reduce (-FLIPs) returned 0
( bndlst -Radius0.3 1CKA.H.pdb > 1CKA.H.bndlst ) >& /dev/null
BndLst returned 0
Parsing 1CKA.H.bndlst

bndlst START
Adding bndlst edge: (A_A1_MC -> A_E2_MC) type[cov], weight[1.00] from 0 to 1 dist[1.33]
Adding bndlst edge: (A_A1_SC -> A_Y3_SC) type[hb], weight[0.38] from 0 to 2 dist[3.26]
Adding bndlst edge: (A_A1_SC -> A_Y3_SC) type[hb], weight[0.42] from 0 to 2 dist[3.09]
Adding bndlst edge: (A_A1_SC -> A_Y3_SC) type[hb], weight[0.51] from 0 to 2 dist[2.80]
Adding bndlst edge: (A_A1_MC -> A_Y3_SC) type[hb], weight[0.38] from 0 to 2 dist[3.23]
Adding bndlst edge: (A_A1_MC -> A_Y3_SC) type[hb], weight[0.42] from 0 to 2 dist[3.07]
Adding bndlst edge: (A_A1_MC -> A_Y3_SC) type[hb], weight[0.55] from 0 to 2 dist[2.71]
Adding bndlst edge: (A_E2_MC -> A_Y3_MC) type[cov], weight[1.00] from 1 to 2 dist[1.33]
Adding bndlst edge: (A_E2_MC -> A_I28_MC) type[hb], weight[1.26] from 1 to 27 dist[1.78]
Adding bndlst edge: (A_E2_SC -> A_K31_SC) type[salt], weight[0.53] from 1 to 30 dist[2.61]
Adding bndlst edge: (A_E2_SC -> A_K31_SC) type[salt], weight[0.49] from 1 to 30 dist[2.71]
Adding bndlst edge: (A_E2_SC -> A_K31_SC) type[salt], weight[0.41] from 1 to 30 dist[2.96]
Adding bndlst edge: (A_E2_SC -> A_K31_SC) type[salt], weight[1.09] from 1 to 30 dist[1.82]
Adding bndlst edge: (A_E2_SC -> A_K31_SC) type[salt], weight[1.17] from 1 to 30 dist[1.76]
Adding bndlst edge: (A_Y3_MC -> A_V4_MC) type[cov], weight[1.00] from 2 to 3 dist[1.33]
Adding bndlst edge: (A_Y3_MC -> A_Y57_MC) type[hb], weight[0.96] from 2 to 56 dist[2.04]
Adding bndlst edge: (A_V4_MC -> A_R5_MC) type[cov], weight[1.00] from 3 to 4 dist[1.33]
Adding bndlst edge: (A_V4_MC -> A_L26_MC) type[hb], weight[1.09] from 3 to 25 dist[1.91]
Adding bndlst edge: (A_V4_MC -> A_L26_MC) type[hb], weight[1.11] from 3 to 25 dist[1.90]
Adding bndlst edge: (A_R5_MC -> A_A6_MC) type[cov], weight[1.00] from 4 to 5 dist[1.33]
Adding bndlst edge: (A_R5_MC -> A_E55_MC) type[hb], weight[1.03] from 4 to 54 dist[1.98]
Adding bndlst edge: (A_R5_MC -> A_E55_MC) type[hb], weight[1.18] from 4 to 54 dist[1.84]
Adding bndlst edge: (A_R5_SC -> A_E55_SC) type[salt], weight[0.82] from 4 to 54 dist[2.10]
Adding bndlst edge: (A_R5_SC -> A_E55_SC) type[salt], weight[0.82] from 4 to 54 dist[2.09]
Adding bndlst edge: (A_A6_MC -> A_L7_MC) type[cov], weight[1.00] from 5 to 6 dist[1.33]
Adding bndlst edge: (A_A6_MC -> A_G23_MC) type[hb], weight[1.14] from 5 to 22 dist[1.88]
Adding bndlst edge: (A_A6_MC -> A_D24_MC) type[hb], weight[1.19] from 5 to 23 dist[1.84]
Adding bndlst edge: (A_L7_MC -> A_F8_MC) type[cov], weight[1.00] from 6 to 7 dist[1.34]
Adding bndlst edge: (A_L7_MC -> A_Y53_MC) type[hb], weight[1.35] from 6 to 52 dist[1.72]
Adding bndlst edge: (A_F8_MC -> A_D9_MC) type[cov], weight[1.00] from 7 to 8 dist[1.33]
Adding bndlst edge: (A_F8_MC -> A_Y53_MC) type[hb], weight[0.49] from 7 to 52 dist[2.85]
Adding bndlst edge: (A_D9_MC -> A_F10_MC) type[cov], weight[1.00] from 8 to 9 dist[1.33]
Adding bndlst edge: (A_D9_SC -> A_K22_MC) type[hb], weight[1.20] from 8 to 21 dist[1.83]
Adding bndlst edge: (A_F10_MC -> A_N11_MC) type[cov], weight[1.00] from 9 to 10 dist[1.33]
Adding bndlst edge: (A_F10_MC -> A_F20_MC) type[hb], weight[1.07] from 9 to 19 dist[1.94]
Adding bndlst edge: (A_F10_SC -> A_N11_MC) type[hb], weight[0.36] from 9 to 10 dist[3.33]
Adding bndlst edge: (A_F10_MC -> A_F20_MC) type[hb], weight[1.13] from 9 to 19 dist[1.88]
Adding bndlst edge: (A_N11_MC -> A_G12_MC) type[cov], weight[1.00] from 10 to 11 dist[1.33]
Adding bndlst edge: (A_G12_MC -> A_N13_MC) type[cov], weight[1.00] from 11 to 12 dist[1.34]
Adding bndlst edge: (A_N13_MC -> A_D14_MC) type[cov], weight[1.00] from 12 to 13 dist[1.33]
Adding bndlst edge: (A_N13_MC -> A_D17_SC) type[hb], weight[0.48] from 12 to 16 dist[2.90]
Adding bndlst edge: (A_D14_MC -> A_E15_MC) type[cov], weight[1.00] from 13 to 14 dist[1.33]
Adding bndlst edge: (A_D14_MC -> A_D17_MC) type[hb], weight[0.94] from 13 to 16 dist[2.06]
Adding bndlst edge: (A_D14_MC -> A_D17_SC) type[hb], weight[0.83] from 13 to 16 dist[2.20]
Adding bndlst edge: (A_E15_MC -> A_E16_MC) type[cov], weight[1.00] from 14 to 15 dist[1.33]
Adding bndlst edge: (A_E16_MC -> A_D17_MC) type[cov], weight[1.00] from 15 to 16 dist[1.33]
Adding bndlst edge: (A_E16_MC -> A_M48_MC) type[hb], weight[1.14] from 15 to 47 dist[1.87]
Adding bndlst edge: (A_D17_MC -> A_L18_MC) type[cov], weight[1.00] from 16 to 17 dist[1.33]
Adding bndlst edge: (A_L18_MC -> A_P19_MC) type[cov], weight[1.00] from 17 to 18 dist[1.35]
Adding bndlst edge: (A_L18_MC -> A_M48_MC) type[hb], weight[1.09] from 17 to 47 dist[1.92]
Adding bndlst edge: (A_P19_MC -> A_F20_MC) type[cov], weight[1.00] from 18 to 19 dist[1.33]
Adding bndlst edge: (A_F20_MC -> A_K21_MC) type[cov], weight[1.00] from 19 to 20 dist[1.33]
Adding bndlst edge: (A_K21_MC -> A_K22_MC) type[cov], weight[1.00] from 20 to 21 dist[1.33]
Adding bndlst edge: (A_K21_MC -> A_D24_MC) type[hb], weight[1.04] from 20 to 23 dist[1.96]
Adding bndlst edge: (A_K21_MC -> A_D24_SC) type[hb], weight[1.14] from 20 to 23 dist[1.87]
Adding bndlst edge: (A_K22_MC -> A_G23_MC) type[cov], weight[1.00] from 21 to 22 dist[1.33]
Adding bndlst edge: (A_G23_MC -> A_D24_MC) type[cov], weight[1.00] from 22 to 23 dist[1.34]
Adding bndlst edge: (A_D24_MC -> A_I25_MC) type[cov], weight[1.00] from 23 to 24 dist[1.33]
Adding bndlst edge: (A_I25_MC -> A_L26_MC) type[cov], weight[1.00] from 24 to 25 dist[1.33]
Adding bndlst edge: (A_L26_MC -> A_R27_MC) type[cov], weight[1.00] from 25 to 26 dist[1.33]
Adding bndlst edge: (A_R27_MC -> A_I28_MC) type[cov], weight[1.00] from 26 to 27 dist[1.32]
Adding bndlst edge: (A_R27_MC -> A_E40_MC) type[hb], weight[1.14] from 26 to 39 dist[1.87]
Adding bndlst edge: (A_R27_MC -> A_E40_MC) type[hb], weight[1.12] from 26 to 39 dist[1.89]
Adding bndlst edge: (A_R27_SC -> A_E40_SC) type[salt], weight[1.01] from 26 to 39 dist[1.89]
Adding bndlst edge: (A_R27_SC -> A_E40_SC) type[salt], weight[1.02] from 26 to 39 dist[1.88]
Adding bndlst edge: (A_I28_MC -> A_R29_MC) type[cov], weight[1.00] from 27 to 28 dist[1.32]
Adding bndlst edge: (A_R29_MC -> A_D30_MC) type[cov], weight[1.00] from 28 to 29 dist[1.33]
Adding bndlst edge: (A_R29_MC -> A_N38_MC) type[hb], weight[1.22] from 28 to 37 dist[1.81]
Adding bndlst edge: (A_R29_SC -> A_N38_SC) type[hb], weight[1.10] from 28 to 37 dist[1.91]
Adding bndlst edge: (A_R29_SC -> A_N38_SC) type[hb], weight[1.09] from 28 to 37 dist[1.91]
Adding bndlst edge: (A_D30_MC -> A_K31_MC) type[cov], weight[1.00] from 29 to 30 dist[1.33]
Adding bndlst edge: (A_D30_MC -> A_N38_MC) type[hb], weight[1.03] from 29 to 37 dist[1.97]
Adding bndlst edge: (A_D30_SC -> A_K31_MC) type[hb], weight[0.65] from 29 to 30 dist[2.49]
Adding bndlst edge: (A_D30_MC -> A_N38_MC) type[hb], weight[0.74] from 29 to 37 dist[2.32]
Adding bndlst edge: (A_K31_MC -> A_P32_MC) type[cov], weight[1.00] from 30 to 31 dist[1.34]
Adding bndlst edge: (A_K31_SC -> A_W37_SC) type[hb], weight[0.67] from 30 to 36 dist[2.45]
Adding bndlst edge: (A_K31_SC -> A_W37_SC) type[hb], weight[0.43] from 30 to 36 dist[3.07]
Adding bndlst edge: (A_K31_SC -> A_W37_SC) type[hb], weight[0.54] from 30 to 36 dist[2.72]
Adding bndlst edge: (A_K31_SC -> A_W37_SC) type[hb], weight[0.69] from 30 to 36 dist[2.41]
Adding bndlst edge: (A_K31_SC -> A_W37_SC) type[hb], weight[0.45] from 30 to 36 dist[2.99]
Adding bndlst edge: (A_K31_SC -> A_W37_SC) type[hb], weight[0.53] from 30 to 36 dist[2.76]
Adding bndlst edge: (A_P32_MC -> A_E33_MC) type[cov], weight[1.00] from 31 to 32 dist[1.33]
Adding bndlst edge: (A_E33_MC -> A_E34_MC) type[cov], weight[1.00] from 32 to 33 dist[1.33]
Adding bndlst edge: (A_E33_MC -> A_W37_SC) type[hb], weight[0.57] from 32 to 36 dist[2.66]
Adding bndlst edge: (A_E33_MC -> A_W36_MC) type[hb], weight[0.46] from 32 to 35 dist[2.94]
Adding bndlst edge: (A_E34_MC -> A_Q35_MC) type[cov], weight[1.00] from 33 to 34 dist[1.34]
Adding bndlst edge: (A_E34_MC -> A_W37_SC) type[hb], weight[0.76] from 33 to 36 dist[2.30]
Adding bndlst edge: (A_Q35_MC -> A_W36_MC) type[cov], weight[1.00] from 34 to 35 dist[1.33]
Adding bndlst edge: (A_Q35_MC -> A_V51_MC) type[hb], weight[1.17] from 34 to 50 dist[1.85]
Adding bndlst edge: (A_W36_MC -> A_W37_MC) type[cov], weight[1.00] from 35 to 36 dist[1.33]
Adding bndlst edge: (A_W37_MC -> A_N38_MC) type[cov], weight[1.00] from 36 to 37 dist[1.33]
Adding bndlst edge: (A_W37_MC -> A_I49_MC) type[hb], weight[1.10] from 36 to 48 dist[1.91]
Adding bndlst edge: (A_W37_SC -> A_K56_SC) type[hb], weight[0.36] from 36 to 55 dist[3.33]
Adding bndlst edge: (A_W37_SC -> A_K56_SC) type[hb], weight[0.36] from 36 to 55 dist[3.35]
Adding bndlst edge: (A_W37_SC -> A_K56_SC) type[hb], weight[0.39] from 36 to 55 dist[3.20]
Adding bndlst edge: (A_W37_SC -> A_K56_SC) type[hb], weight[0.39] from 36 to 55 dist[3.19]
Adding bndlst edge: (A_W37_MC -> A_I49_MC) type[hb], weight[0.91] from 36 to 48 dist[2.10]
Adding bndlst edge: (A_N38_MC -> A_A39_MC) type[cov], weight[1.00] from 37 to 38 dist[1.33]
Adding bndlst edge: (A_N38_SC -> A_M48_SC) type[hb], weight[0.45] from 37 to 47 dist[2.99]
Adding bndlst edge: (A_N38_SC -> A_M48_SC) type[hb], weight[0.44] from 37 to 47 dist[3.02]
Adding bndlst edge: (A_A39_MC -> A_E40_MC) type[cov], weight[1.00] from 38 to 39 dist[1.32]
Adding bndlst edge: (A_A39_MC -> A_G47_MC) type[hb], weight[0.83] from 38 to 46 dist[2.19]
Adding bndlst edge: (A_A39_MC -> A_G47_MC) type[hb], weight[1.05] from 38 to 46 dist[1.96]
Adding bndlst edge: (A_E40_MC -> A_D41_MC) type[cov], weight[1.00] from 39 to 40 dist[1.34]
Adding bndlst edge: (A_D41_MC -> A_S42_MC) type[cov], weight[1.00] from 40 to 41 dist[1.33]
Adding bndlst edge: (A_D41_MC -> A_G44_MC) type[hb], weight[1.07] from 40 to 43 dist[1.93]
Adding bndlst edge: (A_D41_MC -> A_E43_MC) type[hb], weight[0.47] from 40 to 42 dist[2.92]
Adding bndlst edge: (A_D41_SC -> A_K45_MC) type[hb], weight[0.97] from 40 to 44 dist[2.03]
Adding bndlst edge: (A_D41_SC -> A_G44_MC) type[hb], weight[0.51] from 40 to 43 dist[2.79]
Adding bndlst edge: (A_D41_SC -> A_E43_MC) type[hb], weight[0.82] from 40 to 42 dist[2.21]
Adding bndlst edge: (A_D41_MC -> A_K45_MC) type[hb], weight[1.10] from 40 to 44 dist[1.91]
Adding bndlst edge: (A_S42_MC -> A_E43_MC) type[cov], weight[1.00] from 41 to 42 dist[1.34]
Adding bndlst edge: (A_E43_MC -> A_G44_MC) type[cov], weight[1.00] from 42 to 43 dist[1.34]
Adding bndlst edge: (A_G44_MC -> A_K45_MC) type[cov], weight[1.00] from 43 to 44 dist[1.34]
Adding bndlst edge: (A_K45_MC -> A_R46_MC) type[cov], weight[1.00] from 44 to 45 dist[1.34]
Adding bndlst edge: (A_R46_MC -> A_G47_MC) type[cov], weight[1.00] from 45 to 46 dist[1.33]
Adding bndlst edge: (A_G47_MC -> A_M48_MC) type[cov], weight[1.00] from 46 to 47 dist[1.33]
Adding bndlst edge: (A_M48_MC -> A_I49_MC) type[cov], weight[1.00] from 47 to 48 dist[1.33]
Adding bndlst edge: (A_I49_MC -> A_P50_MC) type[cov], weight[1.00] from 48 to 49 dist[1.35]
Adding bndlst edge: (A_P50_MC -> A_V51_MC) type[cov], weight[1.00] from 49 to 50 dist[1.32]
Adding bndlst edge: (A_P50_MC -> A_Y53_MC) type[hb], weight[0.97] from 49 to 52 dist[2.03]
Adding bndlst edge: (A_V51_MC -> A_P52_MC) type[cov], weight[1.00] from 50 to 51 dist[1.36]
Adding bndlst edge: (A_V51_MC -> A_V54_MC) type[hb], weight[0.91] from 50 to 53 dist[2.10]
Adding bndlst edge: (A_V51_MC -> A_Y53_MC) type[hb], weight[0.49] from 50 to 52 dist[2.85]
Adding bndlst edge: (A_P52_MC -> A_Y53_MC) type[cov], weight[1.00] from 51 to 52 dist[1.34]
Adding bndlst edge: (A_Y53_MC -> A_V54_MC) type[cov], weight[1.00] from 52 to 53 dist[1.33]
Adding bndlst edge: (A_V54_MC -> A_E55_MC) type[cov], weight[1.00] from 53 to 54 dist[1.33]
Adding bndlst edge: (A_E55_MC -> A_K56_MC) type[cov], weight[1.00] from 54 to 55 dist[1.33]
Adding bndlst edge: (A_K56_MC -> A_Y57_MC) type[cov], weight[1.00] from 55 to 56 dist[1.32]

bndlst DONE

Producing PAJEK network
printing pajek edge (A_34_GLU,A_35_GLN)
printing pajek edge (A_34_GLU,A_37_TRP)
printing pajek edge (A_33_GLU,A_36_TRP)
printing pajek edge (A_33_GLU,A_34_GLU)
printing pajek edge (A_33_GLU,A_37_TRP)
printing pajek edge (A_22_LYS,A_23_GLY)
printing pajek edge (A_8_PHE,A_53_TYR)
printing pajek edge (A_8_PHE,A_9_ASP)
printing pajek edge (A_27_ARG,A_28_ILE)
printing pajek edge (A_27_ARG,A_40_GLU)
printing pajek edge (A_27_ARG,A_40_GLU)
printing pajek edge (A_18_LEU,A_19_PRO)
printing pajek edge (A_18_LEU,A_48_MET)
printing pajek edge (A_3_TYR,A_57_TYR)
printing pajek edge (A_3_TYR,A_4_VAL)
printing pajek edge (A_2_GLU,A_28_ILE)
printing pajek edge (A_2_GLU,A_31_LYS)
printing pajek edge (A_2_GLU,A_3_TYR)
printing pajek edge (A_19_PRO,A_20_PHE)
printing pajek edge (A_31_LYS,A_37_TRP)
printing pajek edge (A_31_LYS,A_32_PRO)
printing pajek edge (A_17_ASP,A_18_LEU)
printing pajek edge (A_45_LYS,A_46_ARG)
printing pajek edge (A_56_LYS,A_57_TYR)
printing pajek edge (A_28_ILE,A_29_ARG)
printing pajek edge (A_26_LEU,A_27_ARG)
printing pajek edge (A_29_ARG,A_38_ASN)
printing pajek edge (A_29_ARG,A_30_ASP)
printing pajek edge (A_41_ASP,A_43_GLU)
printing pajek edge (A_41_ASP,A_44_GLY)
printing pajek edge (A_41_ASP,A_45_LYS)
printing pajek edge (A_41_ASP,A_42_SER)
printing pajek edge (A_21_LYS,A_22_LYS)
printing pajek edge (A_21_LYS,A_24_ASP)
printing pajek edge (A_15_GLU,A_16_GLU)
printing pajek edge (A_50_PRO,A_53_TYR)
printing pajek edge (A_50_PRO,A_51_VAL)
printing pajek edge (A_25_ILE,A_26_LEU)
printing pajek edge (A_11_ASN,A_12_GLY)
printing pajek edge (A_32_PRO,A_33_GLU)
printing pajek edge (A_36_TRP,A_37_TRP)
printing pajek edge (A_12_GLY,A_13_ASN)
printing pajek edge (A_54_VAL,A_55_GLU)
printing pajek edge (A_49_ILE,A_50_PRO)
printing pajek edge (A_43_GLU,A_44_GLY)
printing pajek edge (A_23_GLY,A_24_ASP)
printing pajek edge (A_47_GLY,A_48_MET)
printing pajek edge (A_1_ALA,A_2_GLU)
printing pajek edge (A_1_ALA,A_3_TYR)
printing pajek edge (A_14_ASP,A_17_ASP)
printing pajek edge (A_14_ASP,A_15_GLU)
printing pajek edge (A_24_ASP,A_25_ILE)
printing pajek edge (A_30_ASP,A_38_ASN)
printing pajek edge (A_30_ASP,A_31_LYS)
printing pajek edge (A_30_ASP,A_31_LYS)
printing pajek edge (A_7_LEU,A_53_TYR)
printing pajek edge (A_7_LEU,A_8_PHE)
printing pajek edge (A_51_VAL,A_53_TYR)
printing pajek edge (A_51_VAL,A_54_VAL)
printing pajek edge (A_51_VAL,A_52_PRO)
printing pajek edge (A_40_GLU,A_41_ASP)
printing pajek edge (A_37_TRP,A_38_ASN)
printing pajek edge (A_37_TRP,A_56_LYS)
printing pajek edge (A_37_TRP,A_49_ILE)
printing pajek edge (A_4_VAL,A_26_LEU)
printing pajek edge (A_4_VAL,A_5_ARG)
printing pajek edge (A_52_PRO,A_53_TYR)
printing pajek edge (A_10_PHE,A_20_PHE)
printing pajek edge (A_10_PHE,A_11_ASN)
printing pajek edge (A_10_PHE,A_11_ASN)
printing pajek edge (A_42_SER,A_43_GLU)
printing pajek edge (A_13_ASN,A_17_ASP)
printing pajek edge (A_13_ASN,A_14_ASP)
printing pajek edge (A_48_MET,A_49_ILE)
printing pajek edge (A_16_GLU,A_17_ASP)
printing pajek edge (A_16_GLU,A_48_MET)
printing pajek edge (A_53_TYR,A_54_VAL)
printing pajek edge (A_39_ALA,A_40_GLU)
printing pajek edge (A_39_ALA,A_47_GLY)
printing pajek edge (A_9_ASP,A_22_LYS)
printing pajek edge (A_9_ASP,A_10_PHE)
printing pajek edge (A_5_ARG,A_55_GLU)
printing pajek edge (A_5_ARG,A_55_GLU)
printing pajek edge (A_5_ARG,A_6_ALA)
printing pajek edge (A_35_GLN,A_36_TRP)
printing pajek edge (A_35_GLN,A_51_VAL)
printing pajek edge (A_46_ARG,A_47_GLY)
printing pajek edge (A_38_ASN,A_39_ALA)
printing pajek edge (A_38_ASN,A_48_MET)
printing pajek edge (A_44_GLY,A_45_LYS)
printing pajek edge (A_20_PHE,A_21_LYS)
printing pajek edge (A_55_GLU,A_56_LYS)
printing pajek edge (A_6_ALA,A_23_GLY)
printing pajek edge (A_6_ALA,A_7_LEU)
printing pajek edge (A_6_ALA,A_24_ASP)
