Graph START

Adding vertex (chain-A, position-1, res-PRO)
New vertex id: 0
1 2 3 4 5 6 7 
Adding vertex (chain-A, position-2, res-SER)
New vertex id: 1
8 9 10 11 12 13 
Adding vertex (chain-A, position-3, res-GLU)
New vertex id: 2
14 15 16 17 18 19 20 21 22 
Adding vertex (chain-A, position-4, res-LYS)
New vertex id: 3
23 24 25 26 27 28 29 30 31 
Adding vertex (chain-A, position-5, res-THR)
New vertex id: 4
32 33 34 35 36 37 38 
Adding vertex (chain-A, position-6, res-PHE)
New vertex id: 5
39 40 41 42 43 44 45 46 47 48 49 
Adding vertex (chain-A, position-7, res-LYS)
New vertex id: 6
50 51 52 53 54 55 56 57 58 
Adding vertex (chain-A, position-8, res-GLN)
New vertex id: 7
59 60 61 62 63 64 65 66 67 
Adding vertex (chain-A, position-9, res-ARG)
New vertex id: 8
68 69 70 71 72 73 74 75 76 77 78 
Adding vertex (chain-A, position-10, res-ARG)
New vertex id: 9
79 80 81 82 83 84 85 86 87 88 89 
Adding vertex (chain-A, position-11, res-THR)
New vertex id: 10
90 91 92 93 94 95 96 
Adding vertex (chain-A, position-12, res-PHE)
New vertex id: 11
97 98 99 100 101 102 103 104 105 106 107 
Adding vertex (chain-A, position-13, res-GLU)
New vertex id: 12
108 109 110 111 112 113 114 115 116 
Adding vertex (chain-A, position-14, res-GLN)
New vertex id: 13
117 118 119 120 121 122 123 124 125 
Adding vertex (chain-A, position-15, res-ARG)
New vertex id: 14
126 127 128 129 130 131 132 133 134 135 136 
Adding vertex (chain-A, position-16, res-VAL)
New vertex id: 15
137 138 139 140 141 142 143 
Adding vertex (chain-A, position-17, res-GLU)
New vertex id: 16
144 145 146 147 148 149 150 151 152 
Adding vertex (chain-A, position-18, res-ASP)
New vertex id: 17
153 154 155 156 157 158 159 160 
Adding vertex (chain-A, position-19, res-VAL)
New vertex id: 18
161 162 163 164 165 166 167 
Adding vertex (chain-A, position-20, res-ARG)
New vertex id: 19
168 169 170 171 172 173 174 175 176 177 178 
Adding vertex (chain-A, position-21, res-LEU)
New vertex id: 20
179 180 181 182 183 184 185 186 
Adding vertex (chain-A, position-22, res-ILE)
New vertex id: 21
187 188 189 190 191 192 193 194 
Adding vertex (chain-A, position-23, res-ARG)
New vertex id: 22
195 196 197 198 199 200 201 202 203 204 205 
Adding vertex (chain-A, position-24, res-GLU)
New vertex id: 23
206 207 208 209 210 211 212 213 214 
Adding vertex (chain-A, position-25, res-GLN)
New vertex id: 24
215 216 217 218 219 220 221 222 223 
Adding vertex (chain-A, position-26, res-HIS)
New vertex id: 25
224 225 226 227 228 229 230 231 232 233 
Adding vertex (chain-A, position-27, res-PRO)
New vertex id: 26
234 235 236 237 238 239 240 
Adding vertex (chain-A, position-28, res-THR)
New vertex id: 27
241 242 243 244 245 246 247 
Adding vertex (chain-A, position-29, res-LYS)
New vertex id: 28
248 249 250 251 252 253 254 255 256 
Adding vertex (chain-A, position-30, res-ILE)
New vertex id: 29
257 258 259 260 261 262 263 264 
Adding vertex (chain-A, position-31, res-PRO)
New vertex id: 30
265 266 267 268 269 270 271 
Adding vertex (chain-A, position-32, res-VAL)
New vertex id: 31
272 273 274 275 276 277 278 
Adding vertex (chain-A, position-33, res-ILE)
New vertex id: 32
279 280 281 282 283 284 285 286 
Adding vertex (chain-A, position-34, res-ILE)
New vertex id: 33
287 288 289 290 291 292 293 294 
Adding vertex (chain-A, position-35, res-GLU)
New vertex id: 34
295 296 297 298 299 300 301 302 303 
Adding vertex (chain-A, position-36, res-ARG)
New vertex id: 35
304 305 306 307 308 309 310 311 312 313 314 
Adding vertex (chain-A, position-37, res-TYR)
New vertex id: 36
315 316 317 318 319 320 321 322 323 324 325 326 
Adding vertex (chain-A, position-38, res-LYS)
New vertex id: 37
327 328 329 330 331 332 333 334 335 
Adding vertex (chain-A, position-39, res-GLY)
New vertex id: 38
336 337 338 339 
Adding vertex (chain-A, position-40, res-GLU)
New vertex id: 39
340 341 342 343 344 345 346 347 348 
Adding vertex (chain-A, position-41, res-LYS)
New vertex id: 40
349 350 351 352 353 354 355 356 357 
Adding vertex (chain-A, position-42, res-GLN)
New vertex id: 41
358 359 360 361 362 363 364 365 366 
Adding vertex (chain-A, position-43, res-LEU)
New vertex id: 42
367 368 369 370 371 372 373 374 
Adding vertex (chain-A, position-44, res-PRO)
New vertex id: 43
375 376 377 378 379 380 381 
Adding vertex (chain-A, position-45, res-VAL)
New vertex id: 44
382 383 384 385 386 387 388 
Adding vertex (chain-A, position-46, res-LEU)
New vertex id: 45
389 390 391 392 393 394 395 396 
Adding vertex (chain-A, position-47, res-ASP)
New vertex id: 46
397 398 399 400 401 402 403 404 
Adding vertex (chain-A, position-48, res-LYS)
New vertex id: 47
405 406 407 408 409 410 411 412 413 
Adding vertex (chain-A, position-49, res-THR)
New vertex id: 48
414 415 416 417 418 419 420 
Adding vertex (chain-A, position-50, res-LYS)
New vertex id: 49
421 422 423 424 425 426 427 428 429 
Adding vertex (chain-A, position-51, res-PHE)
New vertex id: 50
430 431 432 433 434 435 436 437 438 439 440 
Adding vertex (chain-A, position-52, res-LEU)
New vertex id: 51
441 442 443 444 445 446 447 448 
Adding vertex (chain-A, position-53, res-VAL)
New vertex id: 52
449 450 451 452 453 454 455 
Adding vertex (chain-A, position-54, res-PRO)
New vertex id: 53
456 457 458 459 460 461 462 
Adding vertex (chain-A, position-55, res-ASP)
New vertex id: 54
463 464 465 466 467 468 469 470 
Adding vertex (chain-A, position-56, res-HIS)
New vertex id: 55
471 472 473 474 475 476 477 478 479 480 
Adding vertex (chain-A, position-57, res-VAL)
New vertex id: 56
481 482 483 484 485 486 487 
Adding vertex (chain-A, position-58, res-ASN)
New vertex id: 57
488 489 490 491 492 493 494 495 
Adding vertex (chain-A, position-59, res-MET)
New vertex id: 58
496 497 498 499 500 501 502 503 
Adding vertex (chain-A, position-60, res-SER)
New vertex id: 59
504 505 506 507 508 509 
Adding vertex (chain-A, position-61, res-GLU)
New vertex id: 60
510 511 512 513 514 515 516 517 518 
Adding vertex (chain-A, position-62, res-LEU)
New vertex id: 61
519 520 521 522 523 524 525 526 
Adding vertex (chain-A, position-63, res-ILE)
New vertex id: 62
527 528 529 530 531 532 533 534 
Adding vertex (chain-A, position-64, res-LYS)
New vertex id: 63
535 536 537 538 539 540 541 542 543 
Adding vertex (chain-A, position-65, res-ILE)
New vertex id: 64
544 545 546 547 548 549 550 551 
Adding vertex (chain-A, position-66, res-ILE)
New vertex id: 65
552 553 554 555 556 557 558 559 
Adding vertex (chain-A, position-67, res-ARG)
New vertex id: 66
560 561 562 563 564 565 566 567 568 569 570 
Adding vertex (chain-A, position-68, res-ARG)
New vertex id: 67
571 572 573 574 575 576 577 578 579 580 581 
Adding vertex (chain-A, position-69, res-ARG)
New vertex id: 68
582 583 584 585 586 587 588 589 590 591 592 
Adding vertex (chain-A, position-70, res-LEU)
New vertex id: 69
593 594 595 596 597 598 599 600 
Adding vertex (chain-A, position-71, res-GLN)
New vertex id: 70
601 602 603 604 605 606 607 608 609 
Adding vertex (chain-A, position-72, res-LEU)
New vertex id: 71
610 611 612 613 614 615 616 617 
Adding vertex (chain-A, position-73, res-ASN)
New vertex id: 72
618 619 620 621 622 623 624 625 
Adding vertex (chain-A, position-74, res-ALA)
New vertex id: 73
626 627 628 629 630 
Adding vertex (chain-A, position-75, res-ASN)
New vertex id: 74
631 632 633 634 635 636 637 638 
Adding vertex (chain-A, position-76, res-GLN)
New vertex id: 75
639 640 641 642 643 644 645 646 647 
Adding vertex (chain-A, position-77, res-ALA)
New vertex id: 76
648 649 650 651 652 
Adding vertex (chain-A, position-78, res-PHE)
New vertex id: 77
653 654 655 656 657 658 659 660 661 662 663 
Adding vertex (chain-A, position-79, res-PHE)
New vertex id: 78
664 665 666 667 668 669 670 671 672 673 674 
Adding vertex (chain-A, position-80, res-LEU)
New vertex id: 79
675 676 677 678 679 680 681 682 
Adding vertex (chain-A, position-81, res-LEU)
New vertex id: 80
683 684 685 686 687 688 689 690 
Adding vertex (chain-A, position-82, res-VAL)
New vertex id: 81
691 692 693 694 695 696 697 
Adding vertex (chain-A, position-83, res-ASN)
New vertex id: 82
698 699 700 701 702 703 704 705 
Adding vertex (chain-A, position-84, res-GLY)
New vertex id: 83
706 707 708 709 
Adding vertex (chain-A, position-85, res-HIS)
New vertex id: 84
710 711 712 713 714 715 716 717 718 719 
Adding vertex (chain-A, position-86, res-SER)
New vertex id: 85
720 721 722 723 724 725 
Adding vertex (chain-A, position-87, res-MET)
New vertex id: 86
726 727 728 729 730 731 732 733 
Adding vertex (chain-A, position-88, res-VAL)
New vertex id: 87
734 735 736 737 738 739 740 
Adding vertex (chain-A, position-89, res-SER)
New vertex id: 88
741 742 743 744 745 746 
Adding vertex (chain-A, position-90, res-VAL)
New vertex id: 89
747 748 749 750 751 752 753 
Adding vertex (chain-A, position-91, res-SER)
New vertex id: 90
754 755 756 757 758 759 
Adding vertex (chain-A, position-92, res-THR)
New vertex id: 91
760 761 762 763 764 765 766 
Adding vertex (chain-A, position-93, res-PRO)
New vertex id: 92
767 768 769 770 771 772 773 
Adding vertex (chain-A, position-94, res-ILE)
New vertex id: 93
774 775 776 777 778 779 780 781 
Adding vertex (chain-A, position-95, res-SER)
New vertex id: 94
782 783 784 785 786 787 
Adding vertex (chain-A, position-96, res-GLU)
New vertex id: 95
788 789 790 791 792 793 794 795 796 
Adding vertex (chain-A, position-97, res-VAL)
New vertex id: 96
797 798 799 800 801 802 803 
Adding vertex (chain-A, position-98, res-TYR)
New vertex id: 97
804 805 806 807 808 809 810 811 812 813 814 815 
Adding vertex (chain-A, position-99, res-GLU)
New vertex id: 98
816 817 818 819 820 821 822 823 824 
Adding vertex (chain-A, position-100, res-SER)
New vertex id: 99
825 826 827 828 829 830 
Adding vertex (chain-A, position-101, res-GLU)
New vertex id: 100
831 832 833 834 835 836 837 838 839 
Adding vertex (chain-A, position-102, res-LYS)
New vertex id: 101
840 841 842 843 844 845 846 847 848 
Adding vertex (chain-A, position-103, res-ASP)
New vertex id: 102
849 850 851 852 853 854 855 856 
Adding vertex (chain-A, position-104, res-GLU)
New vertex id: 103
857 858 859 860 861 862 863 864 865 
Adding vertex (chain-A, position-105, res-ASP)
New vertex id: 104
866 867 868 869 870 871 872 873 
Adding vertex (chain-A, position-106, res-GLY)
New vertex id: 105
874 875 876 877 
Adding vertex (chain-A, position-107, res-PHE)
New vertex id: 106
878 879 880 881 882 883 884 885 886 887 888 
Adding vertex (chain-A, position-108, res-LEU)
New vertex id: 107
889 890 891 892 893 894 895 896 
Adding vertex (chain-A, position-109, res-TYR)
New vertex id: 108
897 898 899 900 901 902 903 904 905 906 907 908 
Adding vertex (chain-A, position-110, res-MET)
New vertex id: 109
909 910 911 912 913 914 915 916 
Adding vertex (chain-A, position-111, res-VAL)
New vertex id: 110
917 918 919 920 921 922 923 
Adding vertex (chain-A, position-112, res-TYR)
New vertex id: 111
924 925 926 927 928 929 930 931 932 933 934 935 
Adding vertex (chain-A, position-113, res-ALA)
New vertex id: 112
936 937 938 939 940 
Adding vertex (chain-A, position-114, res-SER)
New vertex id: 113
941 942 943 944 945 946 
Adding vertex (chain-A, position-115, res-GLN)
New vertex id: 114
947 948 949 950 951 952 953 954 955 
Adding vertex (chain-A, position-116, res-GLU)
New vertex id: 115
956 957 958 959 960 961 962 963 964 
Adding vertex (chain-A, position-117, res-THR)
New vertex id: 116
965 966 967 968 969 970 971 
Adding vertex (chain-A, position-118, res-PHE)
New vertex id: 117
972 973 974 975 976 977 978 979 980 981 982 
Adding vertex (chain-A, position-119, res-GLY)
New vertex id: 118
983 984 985 986 
Adding vertex (chain-A, position-120, res-MET)
New vertex id: 119
987 988 989 990 991 992 993 994 
Adding vertex (chain-A, position-121, res-LYS)
New vertex id: 120
995 996 997 998 999 1000 1001 1002 1003 
Graph DONE

( reduce -FLIPs 2ZJD.pdb > 2ZJD.H.pdb ) >& /dev/null
Reduce (-FLIPs) returned 0
( bndlst -Radius0.3 2ZJD.H.pdb > 2ZJD.H.bndlst ) >& /dev/null
BndLst returned 0
Parsing 2ZJD.H.bndlst

bndlst START
Adding bndlst edge: (A_P1_MC -> A_S2_MC) type[cov], weight[1.00] from 0 to 1 dist[1.33]
Adding bndlst edge: (A_S2_MC -> A_E3_MC) type[cov], weight[1.00] from 1 to 2 dist[1.34]
Adding bndlst edge: (A_E3_MC -> A_K4_MC) type[cov], weight[1.00] from 2 to 3 dist[1.33]
Adding bndlst edge: (A_K4_MC -> A_T5_MC) type[cov], weight[1.00] from 3 to 4 dist[1.33]
Adding bndlst edge: (A_K4_MC -> A_R9_SC) type[hb], weight[0.81] from 3 to 8 dist[2.22]
Adding bndlst edge: (A_T5_MC -> A_F6_MC) type[cov], weight[1.00] from 4 to 5 dist[1.33]
Adding bndlst edge: (A_T5_MC -> A_Q8_MC) type[hb], weight[0.79] from 4 to 7 dist[2.25]
Adding bndlst edge: (A_T5_MC -> A_R9_MC) type[hb], weight[0.66] from 4 to 8 dist[2.46]
Adding bndlst edge: (A_T5_SC -> A_Q8_MC) type[hb], weight[0.67] from 4 to 7 dist[2.44]
Adding bndlst edge: (A_T5_MC -> A_Q8_SC) type[hb], weight[1.08] from 4 to 7 dist[1.93]
Adding bndlst edge: (A_F6_MC -> A_K7_MC) type[cov], weight[1.00] from 5 to 6 dist[1.34]
Adding bndlst edge: (A_F6_MC -> A_R10_MC) type[hb], weight[0.68] from 5 to 9 dist[2.42]
Adding bndlst edge: (A_F6_MC -> A_R9_MC) type[hb], weight[0.92] from 5 to 8 dist[2.08]
Adding bndlst edge: (A_F6_MC -> A_E35_SC) type[hb], weight[1.03] from 5 to 34 dist[1.97]
Adding bndlst edge: (A_K7_MC -> A_Q8_MC) type[cov], weight[1.00] from 6 to 7 dist[1.33]
Adding bndlst edge: (A_K7_MC -> A_R10_MC) type[hb], weight[0.49] from 6 to 9 dist[2.85]
Adding bndlst edge: (A_K7_SC -> A_D103_SC) type[salt], weight[1.19] from 6 to 102 dist[1.74]
Adding bndlst edge: (A_K7_SC -> A_D103_SC) type[salt], weight[0.43] from 6 to 102 dist[2.91]
Adding bndlst edge: (A_Q8_MC -> A_R9_MC) type[cov], weight[1.00] from 7 to 8 dist[1.33]
Adding bndlst edge: (A_R9_MC -> A_R10_MC) type[cov], weight[1.00] from 8 to 9 dist[1.33]
Adding bndlst edge: (A_R9_SC -> A_T49_SC) type[hb], weight[0.50] from 8 to 48 dist[2.83]
Adding bndlst edge: (A_R10_MC -> A_T11_MC) type[cov], weight[1.00] from 9 to 10 dist[1.33]
Adding bndlst edge: (A_R10_MC -> A_R15_SC) type[hb], weight[0.49] from 9 to 14 dist[2.85]
Adding bndlst edge: (A_R10_MC -> A_R15_SC) type[hb], weight[1.24] from 9 to 14 dist[1.80]
Adding bndlst edge: (A_R10_SC -> A_D18_SC) type[salt], weight[1.31] from 9 to 17 dist[1.66]
Adding bndlst edge: (A_R10_SC -> A_D18_SC) type[salt], weight[0.43] from 9 to 17 dist[2.90]
Adding bndlst edge: (A_R10_SC -> A_D18_SC) type[salt], weight[0.52] from 9 to 17 dist[2.65]
Adding bndlst edge: (A_R10_SC -> A_D18_SC) type[salt], weight[0.87] from 9 to 17 dist[2.03]
Adding bndlst edge: (A_T11_MC -> A_F12_MC) type[cov], weight[1.00] from 10 to 11 dist[1.33]
Adding bndlst edge: (A_T11_MC -> A_R15_MC) type[hb], weight[1.10] from 10 to 14 dist[1.91]
Adding bndlst edge: (A_T11_MC -> A_Q14_MC) type[hb], weight[0.61] from 10 to 13 dist[2.57]
Adding bndlst edge: (A_T11_SC -> A_Q14_MC) type[hb], weight[0.88] from 10 to 13 dist[2.13]
Adding bndlst edge: (A_T11_MC -> A_Q14_SC) type[hb], weight[1.02] from 10 to 13 dist[1.98]
Adding bndlst edge: (A_F12_MC -> A_E13_MC) type[cov], weight[1.00] from 11 to 12 dist[1.33]
Adding bndlst edge: (A_F12_MC -> A_V16_MC) type[hb], weight[1.16] from 11 to 15 dist[1.85]
Adding bndlst edge: (A_F12_MC -> A_R15_MC) type[hb], weight[0.59] from 11 to 14 dist[2.61]
Adding bndlst edge: (A_F12_SC -> A_R15_SC) type[hb], weight[0.36] from 11 to 14 dist[3.34]
Adding bndlst edge: (A_E13_MC -> A_Q14_MC) type[cov], weight[1.00] from 12 to 13 dist[1.34]
Adding bndlst edge: (A_E13_MC -> A_E17_MC) type[hb], weight[0.93] from 12 to 16 dist[2.08]
Adding bndlst edge: (A_Q14_MC -> A_R15_MC) type[cov], weight[1.00] from 13 to 14 dist[1.33]
Adding bndlst edge: (A_Q14_MC -> A_D18_MC) type[hb], weight[1.06] from 13 to 17 dist[1.94]
Adding bndlst edge: (A_Q14_MC -> A_E17_MC) type[hb], weight[0.47] from 13 to 16 dist[2.92]
Adding bndlst edge: (A_R15_MC -> A_V16_MC) type[cov], weight[1.00] from 14 to 15 dist[1.34]
Adding bndlst edge: (A_R15_MC -> A_V19_MC) type[hb], weight[0.87] from 14 to 18 dist[2.15]
Adding bndlst edge: (A_R15_MC -> A_D18_MC) type[hb], weight[0.51] from 14 to 17 dist[2.79]
Adding bndlst edge: (A_R15_SC -> A_Y109_SC) type[hb], weight[0.45] from 14 to 108 dist[2.99]
Adding bndlst edge: (A_R15_SC -> A_D105_SC) type[salt], weight[1.15] from 14 to 104 dist[1.77]
Adding bndlst edge: (A_V16_MC -> A_E17_MC) type[cov], weight[1.00] from 15 to 16 dist[1.33]
Adding bndlst edge: (A_V16_MC -> A_R20_MC) type[hb], weight[1.10] from 15 to 19 dist[1.91]
Adding bndlst edge: (A_V16_MC -> A_V19_MC) type[hb], weight[0.54] from 15 to 18 dist[2.72]
Adding bndlst edge: (A_E17_MC -> A_D18_MC) type[cov], weight[1.00] from 16 to 17 dist[1.34]
Adding bndlst edge: (A_E17_MC -> A_R20_MC) type[hb], weight[0.49] from 16 to 19 dist[2.87]
Adding bndlst edge: (A_E17_MC -> A_L21_MC) type[hb], weight[0.97] from 16 to 20 dist[2.03]
Adding bndlst edge: (A_E17_SC -> A_R20_SC) type[salt], weight[1.00] from 16 to 19 dist[1.90]
Adding bndlst edge: (A_E17_SC -> A_R20_SC) type[salt], weight[0.46] from 16 to 19 dist[2.80]
Adding bndlst edge: (A_E17_SC -> A_R20_SC) type[salt], weight[0.99] from 16 to 19 dist[1.91]
Adding bndlst edge: (A_D18_MC -> A_V19_MC) type[cov], weight[1.00] from 17 to 18 dist[1.33]
Adding bndlst edge: (A_D18_MC -> A_I22_MC) type[hb], weight[0.91] from 17 to 21 dist[2.09]
Adding bndlst edge: (A_D18_MC -> A_L21_MC) type[hb], weight[0.46] from 17 to 20 dist[2.96]
Adding bndlst edge: (A_D18_SC -> A_K50_SC) type[salt], weight[0.53] from 17 to 49 dist[2.60]
Adding bndlst edge: (A_V19_MC -> A_R20_MC) type[cov], weight[1.00] from 18 to 19 dist[1.34]
Adding bndlst edge: (A_V19_MC -> A_R23_MC) type[hb], weight[1.08] from 18 to 22 dist[1.93]
Adding bndlst edge: (A_V19_MC -> A_I22_MC) type[hb], weight[0.57] from 18 to 21 dist[2.65]
Adding bndlst edge: (A_R20_MC -> A_L21_MC) type[cov], weight[1.00] from 19 to 20 dist[1.33]
Adding bndlst edge: (A_R20_MC -> A_R23_MC) type[hb], weight[0.46] from 19 to 22 dist[2.94]
Adding bndlst edge: (A_R20_MC -> A_E24_MC) type[hb], weight[0.64] from 19 to 23 dist[2.50]
Adding bndlst edge: (A_L21_MC -> A_I22_MC) type[cov], weight[1.00] from 20 to 21 dist[1.34]
Adding bndlst edge: (A_L21_MC -> A_Q25_MC) type[hb], weight[0.85] from 20 to 24 dist[2.17]
Adding bndlst edge: (A_L21_MC -> A_E24_MC) type[hb], weight[0.58] from 20 to 23 dist[2.62]
Adding bndlst edge: (A_I22_MC -> A_R23_MC) type[cov], weight[1.00] from 21 to 22 dist[1.33]
Adding bndlst edge: (A_I22_MC -> A_H26_MC) type[hb], weight[1.16] from 21 to 25 dist[1.86]
Adding bndlst edge: (A_I22_MC -> A_Q25_MC) type[hb], weight[0.47] from 21 to 24 dist[2.92]
Adding bndlst edge: (A_R23_MC -> A_E24_MC) type[cov], weight[1.00] from 22 to 23 dist[1.33]
Adding bndlst edge: (A_R23_SC -> A_K29_MC) type[hb], weight[0.97] from 22 to 28 dist[2.03]
Adding bndlst edge: (A_R23_SC -> A_P27_MC) type[hb], weight[0.47] from 22 to 26 dist[2.92]
Adding bndlst edge: (A_E24_MC -> A_Q25_MC) type[cov], weight[1.00] from 23 to 24 dist[1.33]
Adding bndlst edge: (A_Q25_MC -> A_H26_MC) type[cov], weight[1.00] from 24 to 25 dist[1.33]
Adding bndlst edge: (A_H26_MC -> A_P27_MC) type[cov], weight[1.00] from 25 to 26 dist[1.34]
Adding bndlst edge: (A_H26_MC -> A_K29_MC) type[hb], weight[0.91] from 25 to 28 dist[2.10]
Adding bndlst edge: (A_H26_MC -> A_T28_MC) type[hb], weight[0.50] from 25 to 27 dist[2.84]
Adding bndlst edge: (A_P27_MC -> A_T28_MC) type[cov], weight[1.00] from 26 to 27 dist[1.34]
Adding bndlst edge: (A_T28_MC -> A_K29_MC) type[cov], weight[1.00] from 27 to 28 dist[1.33]
Adding bndlst edge: (A_T28_MC -> A_D55_MC) type[hb], weight[1.04] from 27 to 54 dist[1.96]
Adding bndlst edge: (A_K29_MC -> A_I30_MC) type[cov], weight[1.00] from 28 to 29 dist[1.32]
Adding bndlst edge: (A_I30_MC -> A_P31_MC) type[cov], weight[1.00] from 29 to 30 dist[1.36]
Adding bndlst edge: (A_I30_MC -> A_V53_MC) type[hb], weight[0.96] from 29 to 52 dist[2.04]
Adding bndlst edge: (A_I30_MC -> A_V53_MC) type[hb], weight[1.31] from 29 to 52 dist[1.75]
Adding bndlst edge: (A_P31_MC -> A_V32_MC) type[cov], weight[1.00] from 30 to 31 dist[1.33]
Adding bndlst edge: (A_P31_MC -> A_L108_MC) type[hb], weight[1.06] from 30 to 107 dist[1.94]
Adding bndlst edge: (A_V32_MC -> A_I33_MC) type[cov], weight[1.00] from 31 to 32 dist[1.34]
Adding bndlst edge: (A_V32_MC -> A_F51_MC) type[hb], weight[1.13] from 31 to 50 dist[1.89]
Adding bndlst edge: (A_V32_MC -> A_F51_MC) type[hb], weight[1.14] from 31 to 50 dist[1.87]
Adding bndlst edge: (A_I33_MC -> A_I34_MC) type[cov], weight[1.00] from 32 to 33 dist[1.33]
Adding bndlst edge: (A_I33_MC -> A_M110_MC) type[hb], weight[1.14] from 32 to 109 dist[1.87]
Adding bndlst edge: (A_I33_MC -> A_L108_MC) type[hb], weight[1.11] from 32 to 107 dist[1.90]
Adding bndlst edge: (A_I34_MC -> A_E35_MC) type[cov], weight[1.00] from 33 to 34 dist[1.33]
Adding bndlst edge: (A_I34_MC -> A_T49_MC) type[hb], weight[0.90] from 33 to 48 dist[2.11]
Adding bndlst edge: (A_E35_MC -> A_R36_MC) type[cov], weight[1.00] from 34 to 35 dist[1.32]
Adding bndlst edge: (A_E35_MC -> A_Y112_MC) type[hb], weight[0.78] from 34 to 111 dist[2.26]
Adding bndlst edge: (A_E35_MC -> A_M110_MC) type[hb], weight[0.97] from 34 to 109 dist[2.03]
Adding bndlst edge: (A_R36_MC -> A_Y37_MC) type[cov], weight[1.00] from 35 to 36 dist[1.34]
Adding bndlst edge: (A_R36_SC -> A_L43_MC) type[hb], weight[1.16] from 35 to 42 dist[1.86]
Adding bndlst edge: (A_Y37_MC -> A_K38_MC) type[cov], weight[1.00] from 36 to 37 dist[1.33]
Adding bndlst edge: (A_Y37_MC -> A_E40_MC) type[hb], weight[0.93] from 36 to 39 dist[2.08]
Adding bndlst edge: (A_Y37_SC -> A_K38_MC) type[hb], weight[0.36] from 36 to 37 dist[3.32]
Adding bndlst edge: (A_Y37_MC -> A_Y112_MC) type[hb], weight[1.11] from 36 to 111 dist[1.90]
Adding bndlst edge: (A_K38_MC -> A_G39_MC) type[cov], weight[1.00] from 37 to 38 dist[1.32]
Adding bndlst edge: (A_K38_MC -> A_E40_MC) type[hb], weight[0.53] from 37 to 39 dist[2.75]
Adding bndlst edge: (A_G39_MC -> A_E40_MC) type[cov], weight[1.00] from 38 to 39 dist[1.34]
Adding bndlst edge: (A_E40_MC -> A_K41_MC) type[cov], weight[1.00] from 39 to 40 dist[1.33]
Adding bndlst edge: (A_E40_SC -> A_T117_SC) type[hb], weight[1.33] from 39 to 116 dist[1.73]
Adding bndlst edge: (A_E40_SC -> A_S114_SC) type[hb], weight[0.95] from 39 to 113 dist[2.05]
Adding bndlst edge: (A_E40_SC -> A_S114_MC) type[hb], weight[1.33] from 39 to 113 dist[1.73]
Adding bndlst edge: (A_E40_SC -> A_T117_SC) type[hb], weight[0.46] from 39 to 116 dist[2.96]
Adding bndlst edge: (A_E40_SC -> A_Q42_MC) type[hb], weight[0.89] from 39 to 41 dist[2.12]
Adding bndlst edge: (A_E40_SC -> A_L43_MC) type[hb], weight[1.19] from 39 to 42 dist[1.83]
Adding bndlst edge: (A_K41_MC -> A_Q42_MC) type[cov], weight[1.00] from 40 to 41 dist[1.33]
Adding bndlst edge: (A_Q42_MC -> A_L43_MC) type[cov], weight[1.00] from 41 to 42 dist[1.33]
Adding bndlst edge: (A_L43_MC -> A_P44_MC) type[cov], weight[1.00] from 42 to 43 dist[1.34]
Adding bndlst edge: (A_P44_MC -> A_V45_MC) type[cov], weight[1.00] from 43 to 44 dist[1.32]
Adding bndlst edge: (A_P44_MC -> A_Y112_SC) type[hb], weight[1.34] from 43 to 111 dist[1.73]
Adding bndlst edge: (A_V45_MC -> A_L46_MC) type[cov], weight[1.00] from 44 to 45 dist[1.33]
Adding bndlst edge: (A_L46_MC -> A_D47_MC) type[cov], weight[1.00] from 45 to 46 dist[1.33]
Adding bndlst edge: (A_L46_MC -> A_Y112_SC) type[hb], weight[0.64] from 45 to 111 dist[2.50]
Adding bndlst edge: (A_D47_MC -> A_K48_MC) type[cov], weight[1.00] from 46 to 47 dist[1.33]
Adding bndlst edge: (A_D47_SC -> A_R69_SC) type[salt], weight[0.65] from 46 to 68 dist[2.36]
Adding bndlst edge: (A_K48_MC -> A_T49_MC) type[cov], weight[1.00] from 47 to 48 dist[1.34]
Adding bndlst edge: (A_T49_MC -> A_K50_MC) type[cov], weight[1.00] from 48 to 49 dist[1.33]
Adding bndlst edge: (A_K50_MC -> A_F51_MC) type[cov], weight[1.00] from 49 to 50 dist[1.33]
Adding bndlst edge: (A_F51_MC -> A_L52_MC) type[cov], weight[1.00] from 50 to 51 dist[1.33]
Adding bndlst edge: (A_L52_MC -> A_V53_MC) type[cov], weight[1.00] from 51 to 52 dist[1.33]
Adding bndlst edge: (A_V53_MC -> A_P54_MC) type[cov], weight[1.00] from 52 to 53 dist[1.35]
Adding bndlst edge: (A_P54_MC -> A_D55_MC) type[cov], weight[1.00] from 53 to 54 dist[1.33]
Adding bndlst edge: (A_P54_MC -> A_V57_MC) type[hb], weight[0.66] from 53 to 56 dist[2.47]
Adding bndlst edge: (A_P54_MC -> A_H56_MC) type[hb], weight[0.54] from 53 to 55 dist[2.73]
Adding bndlst edge: (A_D55_MC -> A_H56_MC) type[cov], weight[1.00] from 54 to 55 dist[1.34]
Adding bndlst edge: (A_D55_MC -> A_S95_MC) type[hb], weight[0.48] from 54 to 94 dist[2.89]
Adding bndlst edge: (A_H56_MC -> A_V57_MC) type[cov], weight[1.00] from 55 to 56 dist[1.33]
Adding bndlst edge: (A_V57_MC -> A_N58_MC) type[cov], weight[1.00] from 56 to 57 dist[1.32]
Adding bndlst edge: (A_V57_MC -> A_I94_MC) type[hb], weight[1.25] from 56 to 93 dist[1.79]
Adding bndlst edge: (A_N58_MC -> A_M59_MC) type[cov], weight[1.00] from 57 to 58 dist[1.32]
Adding bndlst edge: (A_N58_MC -> A_E61_MC) type[hb], weight[0.70] from 57 to 60 dist[2.40]
Adding bndlst edge: (A_N58_MC -> A_L62_MC) type[hb], weight[0.70] from 57 to 61 dist[2.39]
Adding bndlst edge: (A_N58_SC -> A_E61_MC) type[hb], weight[0.94] from 57 to 60 dist[2.06]
Adding bndlst edge: (A_N58_SC -> A_S60_MC) type[hb], weight[0.46] from 57 to 59 dist[2.93]
Adding bndlst edge: (A_N58_SC -> A_S60_SC) type[cov], weight[1.00] from 57 to 59 dist[1.45]
Adding bndlst edge: (A_N58_SC -> A_S60_SC) type[hb], weight[0.52] from 57 to 59 dist[2.77]
Adding bndlst edge: (A_M59_MC -> A_S60_MC) type[cov], weight[1.00] from 58 to 59 dist[1.33]
Adding bndlst edge: (A_M59_MC -> A_I63_MC) type[hb], weight[1.11] from 58 to 62 dist[1.90]
Adding bndlst edge: (A_M59_MC -> A_L62_MC) type[hb], weight[0.55] from 58 to 61 dist[2.70]
Adding bndlst edge: (A_M59_MC -> A_T92_MC) type[hb], weight[0.89] from 58 to 91 dist[2.12]
Adding bndlst edge: (A_S60_MC -> A_E61_MC) type[cov], weight[1.00] from 59 to 60 dist[1.34]
Adding bndlst edge: (A_S60_MC -> A_I63_MC) type[hb], weight[0.47] from 59 to 62 dist[2.90]
Adding bndlst edge: (A_S60_MC -> A_K64_MC) type[hb], weight[0.97] from 59 to 63 dist[2.03]
Adding bndlst edge: (A_S60_SC -> A_E61_MC) type[hb], weight[0.63] from 59 to 60 dist[2.53]
Adding bndlst edge: (A_S60_MC -> A_V90_MC) type[hb], weight[1.14] from 59 to 89 dist[1.87]
Adding bndlst edge: (A_E61_MC -> A_L62_MC) type[cov], weight[1.00] from 60 to 61 dist[1.33]
Adding bndlst edge: (A_E61_MC -> A_K64_MC) type[hb], weight[0.54] from 60 to 63 dist[2.73]
Adding bndlst edge: (A_E61_MC -> A_I65_MC) type[hb], weight[0.99] from 60 to 64 dist[2.01]
Adding bndlst edge: (A_L62_MC -> A_I63_MC) type[cov], weight[1.00] from 61 to 62 dist[1.32]
Adding bndlst edge: (A_L62_MC -> A_I66_MC) type[hb], weight[1.06] from 61 to 65 dist[1.94]
Adding bndlst edge: (A_L62_MC -> A_I65_MC) type[hb], weight[0.56] from 61 to 64 dist[2.67]
Adding bndlst edge: (A_I63_MC -> A_K64_MC) type[cov], weight[1.00] from 62 to 63 dist[1.32]
Adding bndlst edge: (A_I63_MC -> A_R67_MC) type[hb], weight[1.11] from 62 to 66 dist[1.90]
Adding bndlst edge: (A_I63_MC -> A_I66_MC) type[hb], weight[0.55] from 62 to 65 dist[2.69]
Adding bndlst edge: (A_K64_MC -> A_I65_MC) type[cov], weight[1.00] from 63 to 64 dist[1.33]
Adding bndlst edge: (A_K64_MC -> A_R68_MC) type[hb], weight[0.91] from 63 to 67 dist[2.09]
Adding bndlst edge: (A_I65_MC -> A_I66_MC) type[cov], weight[1.00] from 64 to 65 dist[1.34]
Adding bndlst edge: (A_I65_MC -> A_R68_MC) type[hb], weight[0.50] from 64 to 67 dist[2.83]
Adding bndlst edge: (A_I65_MC -> A_R69_MC) type[hb], weight[0.98] from 64 to 68 dist[2.02]
Adding bndlst edge: (A_I66_MC -> A_R67_MC) type[cov], weight[1.00] from 65 to 66 dist[1.33]
Adding bndlst edge: (A_I66_MC -> A_L70_MC) type[hb], weight[1.06] from 65 to 69 dist[1.95]
Adding bndlst edge: (A_I66_MC -> A_R69_MC) type[hb], weight[0.60] from 65 to 68 dist[2.58]
Adding bndlst edge: (A_R67_MC -> A_R68_MC) type[cov], weight[1.00] from 66 to 67 dist[1.33]
Adding bndlst edge: (A_R67_MC -> A_L72_MC) type[hb], weight[0.77] from 66 to 71 dist[2.27]
Adding bndlst edge: (A_R67_MC -> A_Q71_MC) type[hb], weight[0.66] from 66 to 70 dist[2.47]
Adding bndlst edge: (A_R67_MC -> A_L70_MC) type[hb], weight[0.49] from 66 to 69 dist[2.86]
Adding bndlst edge: (A_R67_SC -> A_F78_SC) type[hb], weight[0.51] from 66 to 77 dist[2.79]
Adding bndlst edge: (A_R67_SC -> A_F78_SC) type[hb], weight[0.53] from 66 to 77 dist[2.74]
Adding bndlst edge: (A_R67_SC -> A_Q76_MC) type[hb], weight[1.11] from 66 to 75 dist[1.90]
Adding bndlst edge: (A_R67_SC -> A_N73_MC) type[hb], weight[0.54] from 66 to 72 dist[2.71]
Adding bndlst edge: (A_R67_SC -> A_Q76_MC) type[hb], weight[0.90] from 66 to 75 dist[2.11]
Adding bndlst edge: (A_R67_SC -> A_N73_MC) type[hb], weight[0.63] from 66 to 72 dist[2.51]
Adding bndlst edge: (A_R68_MC -> A_R69_MC) type[cov], weight[1.00] from 67 to 68 dist[1.32]
Adding bndlst edge: (A_R68_MC -> A_Q71_MC) type[hb], weight[0.82] from 67 to 70 dist[2.21]
Adding bndlst edge: (A_R69_MC -> A_L70_MC) type[cov], weight[1.00] from 68 to 69 dist[1.33]
Adding bndlst edge: (A_L70_MC -> A_Q71_MC) type[cov], weight[1.00] from 69 to 70 dist[1.33]
Adding bndlst edge: (A_Q71_MC -> A_L72_MC) type[cov], weight[1.00] from 70 to 71 dist[1.33]
Adding bndlst edge: (A_L72_MC -> A_N73_MC) type[cov], weight[1.00] from 71 to 72 dist[1.33]
Adding bndlst edge: (A_N73_MC -> A_A74_MC) type[cov], weight[1.00] from 72 to 73 dist[1.33]
Adding bndlst edge: (A_N73_MC -> A_Q76_MC) type[hb], weight[1.07] from 72 to 75 dist[1.93]
Adding bndlst edge: (A_N73_MC -> A_Q76_SC) type[hb], weight[0.99] from 72 to 75 dist[2.02]
Adding bndlst edge: (A_A74_MC -> A_N75_MC) type[cov], weight[1.00] from 73 to 74 dist[1.33]
Adding bndlst edge: (A_N75_MC -> A_Q76_MC) type[cov], weight[1.00] from 74 to 75 dist[1.34]
Adding bndlst edge: (A_Q76_MC -> A_A77_MC) type[cov], weight[1.00] from 75 to 76 dist[1.33]
Adding bndlst edge: (A_A77_MC -> A_F78_MC) type[cov], weight[1.00] from 76 to 77 dist[1.33]
Adding bndlst edge: (A_A77_MC -> A_Q115_MC) type[hb], weight[0.79] from 76 to 114 dist[2.26]
Adding bndlst edge: (A_F78_MC -> A_F79_MC) type[cov], weight[1.00] from 77 to 78 dist[1.32]
Adding bndlst edge: (A_F79_MC -> A_L80_MC) type[cov], weight[1.00] from 78 to 79 dist[1.32]
Adding bndlst edge: (A_F79_MC -> A_A113_MC) type[hb], weight[0.87] from 78 to 112 dist[2.15]
Adding bndlst edge: (A_F79_MC -> A_A113_MC) type[hb], weight[1.14] from 78 to 112 dist[1.87]
Adding bndlst edge: (A_L80_MC -> A_L81_MC) type[cov], weight[1.00] from 79 to 80 dist[1.33]
Adding bndlst edge: (A_L81_MC -> A_V82_MC) type[cov], weight[1.00] from 80 to 81 dist[1.32]
Adding bndlst edge: (A_L81_MC -> A_V111_MC) type[hb], weight[1.08] from 80 to 110 dist[1.93]
Adding bndlst edge: (A_L81_MC -> A_V111_MC) type[hb], weight[1.15] from 80 to 110 dist[1.87]
Adding bndlst edge: (A_V82_MC -> A_N83_MC) type[cov], weight[1.00] from 81 to 82 dist[1.33]
Adding bndlst edge: (A_V82_MC -> A_H85_MC) type[hb], weight[0.62] from 81 to 84 dist[2.55]
Adding bndlst edge: (A_V82_MC -> A_S86_MC) type[hb], weight[1.02] from 81 to 85 dist[1.98]
Adding bndlst edge: (A_V82_MC -> A_S86_MC) type[hb], weight[1.23] from 81 to 85 dist[1.81]
Adding bndlst edge: (A_N83_MC -> A_G84_MC) type[cov], weight[1.00] from 82 to 83 dist[1.34]
Adding bndlst edge: (A_N83_MC -> A_G84_MC) type[hb], weight[0.60] from 82 to 83 dist[2.58]
Adding bndlst edge: (A_N83_MC -> A_Y109_MC) type[hb], weight[1.02] from 82 to 108 dist[1.98]
Adding bndlst edge: (A_N83_SC -> A_E101_SC) type[hb], weight[0.97] from 82 to 100 dist[2.03]
Adding bndlst edge: (A_G84_MC -> A_H85_MC) type[cov], weight[1.00] from 83 to 84 dist[1.34]
Adding bndlst edge: (A_H85_MC -> A_S86_MC) type[cov], weight[1.00] from 84 to 85 dist[1.33]
Adding bndlst edge: (A_S86_MC -> A_M87_MC) type[cov], weight[1.00] from 85 to 86 dist[1.32]
Adding bndlst edge: (A_M87_MC -> A_V88_MC) type[cov], weight[1.00] from 86 to 87 dist[1.33]
Adding bndlst edge: (A_V88_MC -> A_S89_MC) type[cov], weight[1.00] from 87 to 88 dist[1.33]
Adding bndlst edge: (A_S89_MC -> A_V90_MC) type[cov], weight[1.00] from 88 to 89 dist[1.33]
Adding bndlst edge: (A_S89_MC -> A_T92_MC) type[hb], weight[0.97] from 88 to 91 dist[2.03]
Adding bndlst edge: (A_S89_MC -> A_S91_MC) type[hb], weight[0.44] from 88 to 90 dist[3.00]
Adding bndlst edge: (A_S89_SC -> A_S91_MC) type[hb], weight[0.68] from 88 to 90 dist[2.42]
Adding bndlst edge: (A_S89_SC -> A_S91_SC) type[hb], weight[0.95] from 88 to 90 dist[2.05]
Adding bndlst edge: (A_V90_MC -> A_S91_MC) type[cov], weight[1.00] from 89 to 90 dist[1.33]
Adding bndlst edge: (A_S91_MC -> A_T92_MC) type[cov], weight[1.00] from 90 to 91 dist[1.33]
Adding bndlst edge: (A_T92_MC -> A_P93_MC) type[cov], weight[1.00] from 91 to 92 dist[1.33]
Adding bndlst edge: (A_P93_MC -> A_I94_MC) type[cov], weight[1.00] from 92 to 93 dist[1.33]
Adding bndlst edge: (A_P93_MC -> A_V97_MC) type[hb], weight[0.80] from 92 to 96 dist[2.24]
Adding bndlst edge: (A_P93_MC -> A_E96_MC) type[hb], weight[0.77] from 92 to 95 dist[2.28]
Adding bndlst edge: (A_I94_MC -> A_S95_MC) type[cov], weight[1.00] from 93 to 94 dist[1.34]
Adding bndlst edge: (A_I94_MC -> A_Y98_MC) type[hb], weight[1.18] from 93 to 97 dist[1.84]
Adding bndlst edge: (A_I94_MC -> A_V97_MC) type[hb], weight[0.49] from 93 to 96 dist[2.85]
Adding bndlst edge: (A_S95_MC -> A_E96_MC) type[cov], weight[1.00] from 94 to 95 dist[1.34]
Adding bndlst edge: (A_S95_MC -> A_E99_MC) type[hb], weight[0.92] from 94 to 98 dist[2.08]
Adding bndlst edge: (A_E96_MC -> A_V97_MC) type[cov], weight[1.00] from 95 to 96 dist[1.33]
Adding bndlst edge: (A_E96_MC -> A_S100_SC) type[hb], weight[1.07] from 95 to 99 dist[1.94]
Adding bndlst edge: (A_E96_MC -> A_S100_MC) type[hb], weight[0.78] from 95 to 99 dist[2.27]
Adding bndlst edge: (A_E96_MC -> A_E99_MC) type[hb], weight[0.49] from 95 to 98 dist[2.85]
Adding bndlst edge: (A_V97_MC -> A_Y98_MC) type[cov], weight[1.00] from 96 to 97 dist[1.33]
Adding bndlst edge: (A_V97_MC -> A_S100_SC) type[hb], weight[0.47] from 96 to 99 dist[2.91]
Adding bndlst edge: (A_V97_MC -> A_E101_MC) type[hb], weight[1.02] from 96 to 100 dist[1.99]
Adding bndlst edge: (A_V97_MC -> A_S100_MC) type[hb], weight[0.63] from 96 to 99 dist[2.53]
Adding bndlst edge: (A_Y98_MC -> A_E99_MC) type[cov], weight[1.00] from 97 to 98 dist[1.33]
Adding bndlst edge: (A_Y98_MC -> A_K102_MC) type[hb], weight[0.94] from 97 to 101 dist[2.07]
Adding bndlst edge: (A_Y98_MC -> A_E101_MC) type[hb], weight[0.57] from 97 to 100 dist[2.64]
Adding bndlst edge: (A_Y98_SC -> A_G106_MC) type[hb], weight[1.46] from 97 to 105 dist[1.65]
Adding bndlst edge: (A_E99_MC -> A_S100_MC) type[cov], weight[1.00] from 98 to 99 dist[1.33]
Adding bndlst edge: (A_E99_SC -> A_K102_SC) type[salt], weight[1.14] from 98 to 101 dist[1.78]
Adding bndlst edge: (A_E99_SC -> A_K102_SC) type[salt], weight[0.41] from 98 to 101 dist[2.96]
Adding bndlst edge: (A_S100_MC -> A_E101_MC) type[cov], weight[1.00] from 99 to 100 dist[1.33]
Adding bndlst edge: (A_E101_MC -> A_K102_MC) type[cov], weight[1.00] from 100 to 101 dist[1.33]
Adding bndlst edge: (A_K102_MC -> A_D103_MC) type[cov], weight[1.00] from 101 to 102 dist[1.34]
Adding bndlst edge: (A_D103_MC -> A_E104_MC) type[cov], weight[1.00] from 102 to 103 dist[1.33]
Adding bndlst edge: (A_D103_MC -> A_G106_MC) type[hb], weight[1.05] from 102 to 105 dist[1.95]
Adding bndlst edge: (A_D103_SC -> A_E104_MC) type[hb], weight[0.52] from 102 to 103 dist[2.77]
Adding bndlst edge: (A_D103_SC -> A_D105_MC) type[hb], weight[0.99] from 102 to 104 dist[2.01]
Adding bndlst edge: (A_D103_MC -> A_F107_MC) type[hb], weight[1.18] from 102 to 106 dist[1.84]
Adding bndlst edge: (A_E104_MC -> A_D105_MC) type[cov], weight[1.00] from 103 to 104 dist[1.33]
Adding bndlst edge: (A_D105_MC -> A_G106_MC) type[cov], weight[1.00] from 104 to 105 dist[1.34]
Adding bndlst edge: (A_D105_SC -> A_F107_MC) type[hb], weight[1.10] from 104 to 106 dist[1.90]
Adding bndlst edge: (A_D105_SC -> A_Y109_SC) type[hb], weight[1.30] from 104 to 108 dist[1.75]
Adding bndlst edge: (A_G106_MC -> A_F107_MC) type[cov], weight[1.00] from 105 to 106 dist[1.34]
Adding bndlst edge: (A_F107_MC -> A_L108_MC) type[cov], weight[1.00] from 106 to 107 dist[1.33]
Adding bndlst edge: (A_L108_MC -> A_Y109_MC) type[cov], weight[1.00] from 107 to 108 dist[1.33]
Adding bndlst edge: (A_Y109_MC -> A_M110_MC) type[cov], weight[1.00] from 108 to 109 dist[1.32]
Adding bndlst edge: (A_M110_MC -> A_V111_MC) type[cov], weight[1.00] from 109 to 110 dist[1.33]
Adding bndlst edge: (A_V111_MC -> A_Y112_MC) type[cov], weight[1.00] from 110 to 111 dist[1.33]
Adding bndlst edge: (A_Y112_MC -> A_A113_MC) type[cov], weight[1.00] from 111 to 112 dist[1.33]
Adding bndlst edge: (A_A113_MC -> A_S114_MC) type[cov], weight[1.00] from 112 to 113 dist[1.33]
Adding bndlst edge: (A_S114_MC -> A_Q115_MC) type[cov], weight[1.00] from 113 to 114 dist[1.33]
Adding bndlst edge: (A_S114_MC -> A_F118_MC) type[hb], weight[1.20] from 113 to 117 dist[1.82]
Adding bndlst edge: (A_S114_MC -> A_T117_MC) type[hb], weight[0.45] from 113 to 116 dist[2.99]
Adding bndlst edge: (A_S114_SC -> A_T117_SC) type[hb], weight[0.45] from 113 to 116 dist[2.98]
Adding bndlst edge: (A_S114_SC -> A_T117_MC) type[hb], weight[1.02] from 113 to 116 dist[1.98]
Adding bndlst edge: (A_S114_SC -> A_T117_SC) type[hb], weight[0.93] from 113 to 116 dist[2.07]
Adding bndlst edge: (A_Q115_MC -> A_E116_MC) type[cov], weight[1.00] from 114 to 115 dist[1.33]
Adding bndlst edge: (A_Q115_MC -> A_G119_MC) type[hb], weight[1.05] from 114 to 118 dist[1.95]
Adding bndlst edge: (A_E116_MC -> A_T117_MC) type[cov], weight[1.00] from 115 to 116 dist[1.34]
Adding bndlst edge: (A_E116_MC -> A_M120_MC) type[hb], weight[0.79] from 115 to 119 dist[2.25]
Adding bndlst edge: (A_E116_MC -> A_G119_MC) type[hb], weight[0.74] from 115 to 118 dist[2.33]
Adding bndlst edge: (A_T117_MC -> A_F118_MC) type[cov], weight[1.00] from 116 to 117 dist[1.33]
Adding bndlst edge: (A_T117_MC -> A_K121_MC) type[hb], weight[0.55] from 116 to 120 dist[2.69]
Adding bndlst edge: (A_F118_MC -> A_G119_MC) type[cov], weight[1.00] from 117 to 118 dist[1.33]
Adding bndlst edge: (A_F118_MC -> A_K121_MC) type[hb], weight[0.47] from 117 to 120 dist[2.91]
Adding bndlst edge: (A_G119_MC -> A_M120_MC) type[cov], weight[1.00] from 118 to 119 dist[1.33]
Adding bndlst edge: (A_M120_MC -> A_K121_MC) type[cov], weight[1.00] from 119 to 120 dist[1.33]

bndlst DONE

Producing PAJEK network
printing pajek edge (A_34_ILE,A_35_GLU)
printing pajek edge (A_34_ILE,A_49_THR)
printing pajek edge (A_33_ILE,A_110_MET)
printing pajek edge (A_33_ILE,A_34_ILE)
printing pajek edge (A_33_ILE,A_108_LEU)
printing pajek edge (A_91_SER,A_92_THR)
printing pajek edge (A_64_LYS,A_68_ARG)
printing pajek edge (A_64_LYS,A_65_ILE)
printing pajek edge (A_22_ILE,A_26_HIS)
printing pajek edge (A_22_ILE,A_23_ARG)
printing pajek edge (A_22_ILE,A_25_GLN)
printing pajek edge (A_119_GLY,A_120_MET)
printing pajek edge (A_72_LEU,A_73_ASN)
printing pajek edge (A_103_ASP,A_105_ASP)
printing pajek edge (A_103_ASP,A_104_GLU)
printing pajek edge (A_103_ASP,A_104_GLU)
printing pajek edge (A_103_ASP,A_107_PHE)
printing pajek edge (A_103_ASP,A_106_GLY)
printing pajek edge (A_8_GLN,A_9_ARG)
printing pajek edge (A_81_LEU,A_82_VAL)
printing pajek edge (A_81_LEU,A_111_VAL)
printing pajek edge (A_27_PRO,A_28_THR)
printing pajek edge (A_120_MET,A_121_LYS)
printing pajek edge (A_100_SER,A_101_GLU)
printing pajek edge (A_19_VAL,A_23_ARG)
printing pajek edge (A_19_VAL,A_22_ILE)
printing pajek edge (A_19_VAL,A_20_ARG)
printing pajek edge (A_73_ASN,A_76_GLN)
printing pajek edge (A_73_ASN,A_74_ALA)
printing pajek edge (A_17_GLU,A_20_ARG)
printing pajek edge (A_17_GLU,A_20_ARG)
printing pajek edge (A_17_GLU,A_18_ASP)
printing pajek edge (A_17_GLU,A_21_LEU)
printing pajek edge (A_45_VAL,A_46_LEU)
printing pajek edge (A_56_HIS,A_57_VAL)
printing pajek edge (A_85_HIS,A_86_SER)
printing pajek edge (A_75_ASN,A_76_GLN)
printing pajek edge (A_28_THR,A_29_LYS)
printing pajek edge (A_28_THR,A_55_ASP)
printing pajek edge (A_96_GLU,A_99_GLU)
printing pajek edge (A_96_GLU,A_100_SER)
printing pajek edge (A_96_GLU,A_97_VAL)
printing pajek edge (A_58_ASN,A_60_SER)
printing pajek edge (A_58_ASN,A_60_SER)
printing pajek edge (A_58_ASN,A_61_GLU)
printing pajek edge (A_58_ASN,A_62_LEU)
printing pajek edge (A_58_ASN,A_59_MET)
printing pajek edge (A_62_LEU,A_65_ILE)
printing pajek edge (A_62_LEU,A_66_ILE)
printing pajek edge (A_62_LEU,A_63_ILE)
printing pajek edge (A_109_TYR,A_110_MET)
printing pajek edge (A_116_GLU,A_120_MET)
printing pajek edge (A_116_GLU,A_117_THR)
printing pajek edge (A_116_GLU,A_119_GLY)
printing pajek edge (A_21_LEU,A_22_ILE)
printing pajek edge (A_21_LEU,A_25_GLN)
printing pajek edge (A_21_LEU,A_24_GLU)
printing pajek edge (A_110_MET,A_111_VAL)
printing pajek edge (A_93_PRO,A_94_ILE)
printing pajek edge (A_93_PRO,A_96_GLU)
printing pajek edge (A_93_PRO,A_97_VAL)
printing pajek edge (A_104_GLU,A_105_ASP)
printing pajek edge (A_90_VAL,A_91_SER)
printing pajek edge (A_11_THR,A_12_PHE)
printing pajek edge (A_11_THR,A_14_GLN)
printing pajek edge (A_11_THR,A_15_ARG)
printing pajek edge (A_32_VAL,A_51_PHE)
printing pajek edge (A_32_VAL,A_33_ILE)
printing pajek edge (A_114_SER,A_117_THR)
printing pajek edge (A_114_SER,A_118_PHE)
printing pajek edge (A_114_SER,A_115_GLN)
printing pajek edge (A_36_ARG,A_43_LEU)
printing pajek edge (A_36_ARG,A_37_TYR)
printing pajek edge (A_12_PHE,A_13_GLU)
printing pajek edge (A_12_PHE,A_15_ARG)
printing pajek edge (A_12_PHE,A_16_VAL)
printing pajek edge (A_92_THR,A_93_PRO)
printing pajek edge (A_79_PHE,A_113_ALA)
printing pajek edge (A_79_PHE,A_80_LEU)
printing pajek edge (A_108_LEU,A_109_TYR)
printing pajek edge (A_49_THR,A_50_LYS)
printing pajek edge (A_88_VAL,A_89_SER)
printing pajek edge (A_94_ILE,A_98_TYR)
printing pajek edge (A_94_ILE,A_95_SER)
printing pajek edge (A_94_ILE,A_97_VAL)
printing pajek edge (A_78_PHE,A_79_PHE)
printing pajek edge (A_107_PHE,A_108_LEU)
printing pajek edge (A_66_ILE,A_70_LEU)
printing pajek edge (A_66_ILE,A_67_ARG)
printing pajek edge (A_66_ILE,A_69_ARG)
printing pajek edge (A_30_ILE,A_53_VAL)
printing pajek edge (A_30_ILE,A_31_PRO)
printing pajek edge (A_51_PHE,A_52_LEU)
printing pajek edge (A_40_GLU,A_43_LEU)
printing pajek edge (A_40_GLU,A_117_THR)
printing pajek edge (A_40_GLU,A_41_LYS)
printing pajek edge (A_40_GLU,A_42_GLN)
printing pajek edge (A_40_GLU,A_114_SER)
printing pajek edge (A_65_ILE,A_68_ARG)
printing pajek edge (A_65_ILE,A_69_ARG)
printing pajek edge (A_65_ILE,A_66_ILE)
printing pajek edge (A_98_TYR,A_99_GLU)
printing pajek edge (A_98_TYR,A_102_LYS)
printing pajek edge (A_98_TYR,A_106_GLY)
printing pajek edge (A_98_TYR,A_101_GLU)
printing pajek edge (A_115_GLN,A_119_GLY)
printing pajek edge (A_115_GLN,A_116_GLU)
printing pajek edge (A_59_MET,A_60_SER)
printing pajek edge (A_59_MET,A_62_LEU)
printing pajek edge (A_59_MET,A_92_THR)
printing pajek edge (A_59_MET,A_63_ILE)
printing pajek edge (A_42_GLN,A_43_LEU)
printing pajek edge (A_13_GLU,A_17_GLU)
printing pajek edge (A_13_GLU,A_14_GLN)
printing pajek edge (A_16_VAL,A_19_VAL)
printing pajek edge (A_16_VAL,A_20_ARG)
printing pajek edge (A_16_VAL,A_17_GLU)
printing pajek edge (A_82_VAL,A_85_HIS)
printing pajek edge (A_82_VAL,A_86_SER)
printing pajek edge (A_82_VAL,A_83_ASN)
printing pajek edge (A_53_VAL,A_54_PRO)
printing pajek edge (A_61_GLU,A_64_LYS)
printing pajek edge (A_61_GLU,A_65_ILE)
printing pajek edge (A_61_GLU,A_62_LEU)
printing pajek edge (A_57_VAL,A_94_ILE)
printing pajek edge (A_57_VAL,A_58_ASN)
printing pajek edge (A_102_LYS,A_103_ASP)
printing pajek edge (A_74_ALA,A_75_ASN)
printing pajek edge (A_67_ARG,A_70_LEU)
printing pajek edge (A_67_ARG,A_68_ARG)
printing pajek edge (A_67_ARG,A_78_PHE)
printing pajek edge (A_67_ARG,A_73_ASN)
printing pajek edge (A_67_ARG,A_76_GLN)
printing pajek edge (A_67_ARG,A_71_GLN)
printing pajek edge (A_67_ARG,A_72_LEU)
printing pajek edge (A_46_LEU,A_47_ASP)
printing pajek edge (A_46_LEU,A_112_TYR)
printing pajek edge (A_87_MET,A_88_VAL)
printing pajek edge (A_77_ALA,A_78_PHE)
printing pajek edge (A_77_ALA,A_115_GLN)
printing pajek edge (A_20_ARG,A_23_ARG)
printing pajek edge (A_20_ARG,A_24_GLU)
printing pajek edge (A_20_ARG,A_21_LEU)
printing pajek edge (A_63_ILE,A_64_LYS)
printing pajek edge (A_63_ILE,A_67_ARG)
printing pajek edge (A_63_ILE,A_66_ILE)
printing pajek edge (A_55_ASP,A_95_SER)
printing pajek edge (A_55_ASP,A_56_HIS)
printing pajek edge (A_68_ARG,A_71_GLN)
printing pajek edge (A_68_ARG,A_69_ARG)
printing pajek edge (A_71_GLN,A_72_LEU)
printing pajek edge (A_69_ARG,A_70_LEU)
printing pajek edge (A_3_GLU,A_4_LYS)
printing pajek edge (A_18_ASP,A_22_ILE)
printing pajek edge (A_18_ASP,A_19_VAL)
printing pajek edge (A_18_ASP,A_50_LYS)
printing pajek edge (A_18_ASP,A_21_LEU)
printing pajek edge (A_2_SER,A_3_GLU)
printing pajek edge (A_117_THR,A_121_LYS)
printing pajek edge (A_117_THR,A_118_PHE)
printing pajek edge (A_89_SER,A_91_SER)
printing pajek edge (A_89_SER,A_90_VAL)
printing pajek edge (A_89_SER,A_92_THR)
printing pajek edge (A_31_PRO,A_32_VAL)
printing pajek edge (A_31_PRO,A_108_LEU)
printing pajek edge (A_101_GLU,A_102_LYS)
printing pajek edge (A_111_VAL,A_112_TYR)
printing pajek edge (A_83_ASN,A_84_GLY)
printing pajek edge (A_83_ASN,A_84_GLY)
printing pajek edge (A_83_ASN,A_109_TYR)
printing pajek edge (A_83_ASN,A_101_GLU)
printing pajek edge (A_26_HIS,A_28_THR)
printing pajek edge (A_26_HIS,A_29_LYS)
printing pajek edge (A_26_HIS,A_27_PRO)
printing pajek edge (A_29_LYS,A_30_ILE)
printing pajek edge (A_84_GLY,A_85_HIS)
printing pajek edge (A_76_GLN,A_77_ALA)
printing pajek edge (A_41_LYS,A_42_GLN)
printing pajek edge (A_15_ARG,A_105_ASP)
printing pajek edge (A_15_ARG,A_19_VAL)
printing pajek edge (A_15_ARG,A_109_TYR)
printing pajek edge (A_15_ARG,A_18_ASP)
printing pajek edge (A_15_ARG,A_16_VAL)
printing pajek edge (A_113_ALA,A_114_SER)
printing pajek edge (A_70_LEU,A_71_GLN)
printing pajek edge (A_60_SER,A_61_GLU)
printing pajek edge (A_60_SER,A_61_GLU)
printing pajek edge (A_60_SER,A_64_LYS)
printing pajek edge (A_60_SER,A_90_VAL)
printing pajek edge (A_60_SER,A_63_ILE)
printing pajek edge (A_50_LYS,A_51_PHE)
printing pajek edge (A_25_GLN,A_26_HIS)
printing pajek edge (A_105_ASP,A_107_PHE)
printing pajek edge (A_105_ASP,A_109_TYR)
printing pajek edge (A_105_ASP,A_106_GLY)
printing pajek edge (A_54_PRO,A_57_VAL)
printing pajek edge (A_54_PRO,A_56_HIS)
printing pajek edge (A_54_PRO,A_55_ASP)
printing pajek edge (A_80_LEU,A_81_LEU)
printing pajek edge (A_23_ARG,A_29_LYS)
printing pajek edge (A_23_ARG,A_27_PRO)
printing pajek edge (A_23_ARG,A_24_GLU)
printing pajek edge (A_43_LEU,A_44_PRO)
printing pajek edge (A_1_PRO,A_2_SER)
printing pajek edge (A_47_ASP,A_69_ARG)
printing pajek edge (A_47_ASP,A_48_LYS)
printing pajek edge (A_24_GLU,A_25_GLN)
printing pajek edge (A_14_GLN,A_17_GLU)
printing pajek edge (A_14_GLN,A_18_ASP)
printing pajek edge (A_14_GLN,A_15_ARG)
printing pajek edge (A_106_GLY,A_107_PHE)
printing pajek edge (A_97_VAL,A_100_SER)
printing pajek edge (A_97_VAL,A_98_TYR)
printing pajek edge (A_97_VAL,A_101_GLU)
printing pajek edge (A_7_LYS,A_103_ASP)
printing pajek edge (A_7_LYS,A_8_GLN)
printing pajek edge (A_7_LYS,A_10_ARG)
printing pajek edge (A_86_SER,A_87_MET)
printing pajek edge (A_4_LYS,A_9_ARG)
printing pajek edge (A_4_LYS,A_5_THR)
printing pajek edge (A_37_TYR,A_40_GLU)
printing pajek edge (A_37_TYR,A_38_LYS)
printing pajek edge (A_37_TYR,A_38_LYS)
printing pajek edge (A_37_TYR,A_112_TYR)
printing pajek edge (A_95_SER,A_99_GLU)
printing pajek edge (A_95_SER,A_96_GLU)
printing pajek edge (A_112_TYR,A_113_ALA)
printing pajek edge (A_10_ARG,A_11_THR)
printing pajek edge (A_10_ARG,A_18_ASP)
printing pajek edge (A_10_ARG,A_15_ARG)
printing pajek edge (A_52_LEU,A_53_VAL)
printing pajek edge (A_48_LYS,A_49_THR)
printing pajek edge (A_9_ARG,A_10_ARG)
printing pajek edge (A_9_ARG,A_49_THR)
printing pajek edge (A_39_GLY,A_40_GLU)
printing pajek edge (A_99_GLU,A_100_SER)
printing pajek edge (A_99_GLU,A_102_LYS)
printing pajek edge (A_5_THR,A_9_ARG)
printing pajek edge (A_5_THR,A_8_GLN)
printing pajek edge (A_5_THR,A_6_PHE)
printing pajek edge (A_35_GLU,A_110_MET)
printing pajek edge (A_35_GLU,A_36_ARG)
printing pajek edge (A_35_GLU,A_112_TYR)
printing pajek edge (A_38_LYS,A_39_GLY)
printing pajek edge (A_38_LYS,A_40_GLU)
printing pajek edge (A_118_PHE,A_121_LYS)
printing pajek edge (A_118_PHE,A_119_GLY)
printing pajek edge (A_44_PRO,A_112_TYR)
printing pajek edge (A_44_PRO,A_45_VAL)
printing pajek edge (A_6_PHE,A_9_ARG)
printing pajek edge (A_6_PHE,A_7_LYS)
printing pajek edge (A_6_PHE,A_35_GLU)
printing pajek edge (A_6_PHE,A_10_ARG)
