Graph START

Adding vertex (chain-A, position-667, res-GLY)
New vertex id: 0
1 2 3 4 
Adding vertex (chain-A, position-668, res-ALA)
New vertex id: 1
5 6 7 8 9 
Adding vertex (chain-A, position-669, res-ILE)
New vertex id: 2
10 11 12 13 14 15 16 17 
Adding vertex (chain-A, position-670, res-ILE)
New vertex id: 3
18 19 20 21 22 23 24 25 
Adding vertex (chain-A, position-671, res-TYR)
New vertex id: 4
26 27 28 29 30 31 32 33 34 35 36 37 
Adding vertex (chain-A, position-672, res-THR)
New vertex id: 5
38 39 40 41 42 43 44 
Adding vertex (chain-A, position-673, res-VAL)
New vertex id: 6
45 46 47 48 49 50 51 
Adding vertex (chain-A, position-674, res-GLU)
New vertex id: 7
52 53 54 55 56 57 58 59 60 
Adding vertex (chain-A, position-675, res-LEU)
New vertex id: 8
61 62 63 64 65 66 67 68 
Adding vertex (chain-A, position-676, res-LYS)
New vertex id: 9
69 70 71 72 73 74 75 76 77 
Adding vertex (chain-A, position-677, res-ARG)
New vertex id: 10
78 79 80 81 82 83 84 85 86 87 88 
Adding vertex (chain-A, position-678, res-TYR)
New vertex id: 11
89 90 91 92 93 94 95 96 97 98 99 100 
Adding vertex (chain-A, position-679, res-GLY)
New vertex id: 12
101 102 103 104 
Adding vertex (chain-A, position-680, res-GLY)
New vertex id: 13
105 106 107 108 
Adding vertex (chain-A, position-681, res-PRO)
New vertex id: 14
109 110 111 112 113 114 115 
Adding vertex (chain-A, position-682, res-LEU)
New vertex id: 15
116 117 118 119 120 121 122 123 
Adding vertex (chain-A, position-683, res-GLY)
New vertex id: 16
124 125 126 127 
Adding vertex (chain-A, position-684, res-ILE)
New vertex id: 17
128 129 130 131 132 133 134 135 
Adding vertex (chain-A, position-685, res-THR)
New vertex id: 18
136 137 138 139 140 141 142 
Adding vertex (chain-A, position-686, res-ILE)
New vertex id: 19
143 144 145 146 147 148 149 150 
Adding vertex (chain-A, position-687, res-SER)
New vertex id: 20
151 152 153 154 155 156 
Adding vertex (chain-A, position-688, res-GLY)
New vertex id: 21
157 158 159 160 
Adding vertex (chain-A, position-689, res-THR)
New vertex id: 22
161 162 163 164 165 166 167 
Adding vertex (chain-A, position-690, res-GLU)
New vertex id: 23
168 169 170 171 172 173 174 175 176 
Adding vertex (chain-A, position-691, res-GLU)
New vertex id: 24
177 178 179 180 181 182 183 184 185 
Adding vertex (chain-A, position-692, res-PRO)
New vertex id: 25
186 187 188 189 190 191 192 
Adding vertex (chain-A, position-693, res-PHE)
New vertex id: 26
193 194 195 196 197 198 199 200 201 202 203 
Adding vertex (chain-A, position-694, res-ASP)
New vertex id: 27
204 205 206 207 208 209 210 211 
Adding vertex (chain-A, position-695, res-PRO)
New vertex id: 28
212 213 214 215 216 217 218 
Adding vertex (chain-A, position-696, res-ILE)
New vertex id: 29
219 220 221 222 223 224 225 226 
Adding vertex (chain-A, position-697, res-ILE)
New vertex id: 30
227 228 229 230 231 232 233 234 
Adding vertex (chain-A, position-698, res-ILE)
New vertex id: 31
235 236 237 238 239 240 241 242 
Adding vertex (chain-A, position-699, res-SER)
New vertex id: 32
243 244 245 246 247 248 
Adding vertex (chain-A, position-700, res-SER)
New vertex id: 33
249 250 251 252 253 254 
Adding vertex (chain-A, position-701, res-LEU)
New vertex id: 34
255 256 257 258 259 260 261 262 
Adding vertex (chain-A, position-702, res-THR)
New vertex id: 35
263 264 265 266 267 268 269 
Adding vertex (chain-A, position-703, res-LYS)
New vertex id: 36
270 271 272 273 274 275 276 277 278 
Adding vertex (chain-A, position-704, res-GLY)
New vertex id: 37
279 280 281 282 
Adding vertex (chain-A, position-705, res-GLY)
New vertex id: 38
283 284 285 286 
Adding vertex (chain-A, position-706, res-LEU)
New vertex id: 39
287 288 289 290 291 292 293 294 
Adding vertex (chain-A, position-707, res-ALA)
New vertex id: 40
295 296 297 298 299 
Adding vertex (chain-A, position-708, res-GLU)
New vertex id: 41
300 301 302 303 304 305 306 307 308 
Adding vertex (chain-A, position-709, res-ARG)
New vertex id: 42
309 310 311 312 313 314 315 316 317 318 319 
Adding vertex (chain-A, position-710, res-THR)
New vertex id: 43
320 321 322 323 324 325 326 
Adding vertex (chain-A, position-711, res-GLY)
New vertex id: 44
327 328 329 330 
Adding vertex (chain-A, position-712, res-ALA)
New vertex id: 45
331 332 333 334 335 
Adding vertex (chain-A, position-713, res-ILE)
New vertex id: 46
336 337 338 339 340 341 342 343 
Adding vertex (chain-A, position-714, res-HIS)
New vertex id: 47
344 345 346 347 348 349 350 351 352 353 
Adding vertex (chain-A, position-715, res-ILE)
New vertex id: 48
354 355 356 357 358 359 360 361 
Adding vertex (chain-A, position-716, res-GLY)
New vertex id: 49
362 363 364 365 
Adding vertex (chain-A, position-717, res-ASP)
New vertex id: 50
366 367 368 369 370 371 372 373 
Adding vertex (chain-A, position-718, res-ARG)
New vertex id: 51
374 375 376 377 378 379 380 381 382 383 384 
Adding vertex (chain-A, position-719, res-ILE)
New vertex id: 52
385 386 387 388 389 390 391 392 
Adding vertex (chain-A, position-720, res-LEU)
New vertex id: 53
393 394 395 396 397 398 399 400 
Adding vertex (chain-A, position-721, res-ALA)
New vertex id: 54
401 402 403 404 405 
Adding vertex (chain-A, position-722, res-ILE)
New vertex id: 55
406 407 408 409 410 411 412 413 
Adding vertex (chain-A, position-723, res-ASN)
New vertex id: 56
414 415 416 417 418 419 420 421 
Adding vertex (chain-A, position-724, res-SER)
New vertex id: 57
422 423 424 425 426 427 
Adding vertex (chain-A, position-725, res-SER)
New vertex id: 58
428 429 430 431 432 433 
Adding vertex (chain-A, position-726, res-SER)
New vertex id: 59
434 435 436 437 438 439 
Adding vertex (chain-A, position-727, res-LEU)
New vertex id: 60
440 441 442 443 444 445 446 447 
Adding vertex (chain-A, position-728, res-LYS)
New vertex id: 61
448 449 450 451 452 453 454 455 456 
Adding vertex (chain-A, position-729, res-GLY)
New vertex id: 62
457 458 459 460 
Adding vertex (chain-A, position-730, res-LYS)
New vertex id: 63
461 462 463 464 465 466 467 468 469 
Adding vertex (chain-A, position-731, res-PRO)
New vertex id: 64
470 471 472 473 474 475 476 
Adding vertex (chain-A, position-732, res-LEU)
New vertex id: 65
477 478 479 480 481 482 483 484 
Adding vertex (chain-A, position-733, res-SER)
New vertex id: 66
485 486 487 488 489 490 
Adding vertex (chain-A, position-734, res-GLU)
New vertex id: 67
491 492 493 494 495 496 497 498 499 
Adding vertex (chain-A, position-735, res-ALA)
New vertex id: 68
500 501 502 503 504 
Adding vertex (chain-A, position-736, res-ILE)
New vertex id: 69
505 506 507 508 509 510 511 512 
Adding vertex (chain-A, position-737, res-HIS)
New vertex id: 70
513 514 515 516 517 518 519 520 521 522 
Adding vertex (chain-A, position-738, res-LEU)
New vertex id: 71
523 524 525 526 527 528 529 530 
Adding vertex (chain-A, position-739, res-LEU)
New vertex id: 72
531 532 533 534 535 536 537 538 
Adding vertex (chain-A, position-740, res-GLN)
New vertex id: 73
539 540 541 542 543 544 545 546 547 
Adding vertex (chain-A, position-741, res-MET)
New vertex id: 74
548 549 550 551 552 553 554 555 
Adding vertex (chain-A, position-742, res-ALA)
New vertex id: 75
556 557 558 559 560 
Adding vertex (chain-A, position-743, res-GLY)
New vertex id: 76
561 562 563 564 
Adding vertex (chain-A, position-744, res-GLU)
New vertex id: 77
565 566 567 568 569 570 571 572 573 
Adding vertex (chain-A, position-745, res-THR)
New vertex id: 78
574 575 576 577 578 579 580 
Adding vertex (chain-A, position-746, res-VAL)
New vertex id: 79
581 582 583 584 585 586 587 
Adding vertex (chain-A, position-747, res-THR)
New vertex id: 80
588 589 590 591 592 593 594 
Adding vertex (chain-A, position-748, res-LEU)
New vertex id: 81
595 596 597 598 599 600 601 602 
Adding vertex (chain-A, position-749, res-LYS)
New vertex id: 82
603 604 605 606 607 608 609 610 611 
Adding vertex (chain-A, position-750, res-ILE)
New vertex id: 83
612 613 614 615 616 617 618 619 
Adding vertex (chain-A, position-751, res-LYS)
New vertex id: 84
620 621 622 623 624 625 626 627 628 
Adding vertex (chain-A, position-752, res-LYS)
New vertex id: 85
629 630 631 632 633 634 635 636 637 
Adding vertex (chain-A, position-753, res-GLN)
New vertex id: 86
638 639 640 641 642 643 644 645 646 
Adding vertex (chain-A, position-754, res-THR)
New vertex id: 87
647 648 649 650 651 652 653 
Adding vertex (chain-A, position-755, res-ASP)
New vertex id: 88
654 655 656 657 658 659 660 661 
Adding vertex (chain-A, position-756, res-ALA)
New vertex id: 89
662 663 664 665 666 
Adding vertex (chain-A, position-757, res-GLN)
New vertex id: 90
667 668 669 670 671 672 673 674 675 
Adding vertex (chain-A, position-758, res-PRO)
New vertex id: 91
676 677 678 679 680 681 682 
Adding vertex (chain-A, position-759, res-ALA)
New vertex id: 92
683 684 685 686 687 
Adding vertex (chain-A, position-760, res-SER)
New vertex id: 93
688 689 690 691 692 693 
Adding vertex (chain-A, position-761, res-SER)
New vertex id: 94
694 695 696 697 698 699 700 
Graph DONE

( reduce -FLIPs 1N7F.pdb > 1N7F.H.pdb ) >& /dev/null
Reduce (-FLIPs) returned 0
( bndlst -Radius0.3 1N7F.H.pdb > 1N7F.H.bndlst ) >& /dev/null
BndLst returned 0
Parsing 1N7F.H.bndlst

bndlst START
Adding bndlst edge: (A_G667_MC -> A_A668_MC) type[cov], weight[1.00] from 0 to 1 dist[1.33]
Adding bndlst edge: (A_A668_MC -> A_I669_MC) type[cov], weight[1.00] from 1 to 2 dist[1.33]
Adding bndlst edge: (A_I669_MC -> A_I670_MC) type[cov], weight[1.00] from 2 to 3 dist[1.33]
Adding bndlst edge: (A_I669_MC -> A_K752_MC) type[hb], weight[1.22] from 2 to 85 dist[1.81]
Adding bndlst edge: (A_I670_MC -> A_Y671_MC) type[cov], weight[1.00] from 3 to 4 dist[1.33]
Adding bndlst edge: (A_Y671_MC -> A_T672_MC) type[cov], weight[1.00] from 4 to 5 dist[1.33]
Adding bndlst edge: (A_Y671_MC -> A_I750_MC) type[hb], weight[1.23] from 4 to 83 dist[1.80]
Adding bndlst edge: (A_Y671_MC -> A_I750_MC) type[hb], weight[0.99] from 4 to 83 dist[2.01]
Adding bndlst edge: (A_Y671_SC -> A_A712_MC) type[hb], weight[1.31] from 4 to 45 dist[1.75]
Adding bndlst edge: (A_T672_MC -> A_V673_MC) type[cov], weight[1.00] from 5 to 6 dist[1.33]
Adding bndlst edge: (A_V673_MC -> A_E674_MC) type[cov], weight[1.00] from 6 to 7 dist[1.33]
Adding bndlst edge: (A_V673_MC -> A_L748_MC) type[hb], weight[1.23] from 6 to 81 dist[1.81]
Adding bndlst edge: (A_V673_MC -> A_L748_MC) type[hb], weight[0.99] from 6 to 81 dist[2.01]
Adding bndlst edge: (A_E674_MC -> A_L675_MC) type[cov], weight[1.00] from 7 to 8 dist[1.33]
Adding bndlst edge: (A_L675_MC -> A_K676_MC) type[cov], weight[1.00] from 8 to 9 dist[1.33]
Adding bndlst edge: (A_L675_MC -> A_V746_MC) type[hb], weight[1.14] from 8 to 79 dist[1.88]
Adding bndlst edge: (A_L675_MC -> A_V746_MC) type[hb], weight[1.16] from 8 to 79 dist[1.86]
Adding bndlst edge: (A_K676_MC -> A_R677_MC) type[cov], weight[1.00] from 9 to 10 dist[1.33]
Adding bndlst edge: (A_K676_SC -> A_Y678_SC) type[hb], weight[0.76] from 9 to 11 dist[2.29]
Adding bndlst edge: (A_K676_SC -> A_Y678_SC) type[hb], weight[0.43] from 9 to 11 dist[3.05]
Adding bndlst edge: (A_R677_MC -> A_Y678_MC) type[cov], weight[1.00] from 10 to 11 dist[1.33]
Adding bndlst edge: (A_R677_MC -> A_G680_MC) type[hb], weight[1.35] from 10 to 13 dist[1.72]
Adding bndlst edge: (A_R677_MC -> A_E744_MC) type[hb], weight[0.85] from 10 to 77 dist[2.16]
Adding bndlst edge: (A_R677_SC -> A_G743_MC) type[hb], weight[1.03] from 10 to 76 dist[1.98]
Adding bndlst edge: (A_R677_SC -> A_L739_MC) type[hb], weight[1.08] from 10 to 72 dist[1.93]
Adding bndlst edge: (A_R677_SC -> A_G743_MC) type[hb], weight[0.77] from 10 to 76 dist[2.28]
Adding bndlst edge: (A_R677_SC -> A_L739_MC) type[hb], weight[0.68] from 10 to 72 dist[2.43]
Adding bndlst edge: (A_Y678_MC -> A_G679_MC) type[cov], weight[1.00] from 11 to 12 dist[1.32]
Adding bndlst edge: (A_Y678_MC -> A_G680_MC) type[hb], weight[0.67] from 11 to 13 dist[2.44]
Adding bndlst edge: (A_G679_MC -> A_G680_MC) type[cov], weight[1.00] from 12 to 13 dist[1.33]
Adding bndlst edge: (A_G680_MC -> A_P681_MC) type[cov], weight[1.00] from 13 to 14 dist[1.34]
Adding bndlst edge: (A_P681_MC -> A_L682_MC) type[cov], weight[1.00] from 14 to 15 dist[1.33]
Adding bndlst edge: (A_L682_MC -> A_G683_MC) type[cov], weight[1.00] from 15 to 16 dist[1.33]
Adding bndlst edge: (A_L682_MC -> A_A707_MC) type[hb], weight[1.20] from 15 to 40 dist[1.83]
Adding bndlst edge: (A_G683_MC -> A_I684_MC) type[cov], weight[1.00] from 16 to 17 dist[1.33]
Adding bndlst edge: (A_G683_MC -> A_T702_MC) type[hb], weight[0.95] from 16 to 35 dist[2.05]
Adding bndlst edge: (A_I684_MC -> A_T685_MC) type[cov], weight[1.00] from 17 to 18 dist[1.33]
Adding bndlst edge: (A_T685_MC -> A_I686_MC) type[cov], weight[1.00] from 18 to 19 dist[1.33]
Adding bndlst edge: (A_T685_MC -> A_S700_MC) type[hb], weight[0.74] from 18 to 33 dist[2.33]
Adding bndlst edge: (A_T685_MC -> A_S699_MC) type[hb], weight[1.04] from 18 to 32 dist[1.96]
Adding bndlst edge: (A_T685_MC -> A_S700_MC) type[hb], weight[1.17] from 18 to 33 dist[1.85]
Adding bndlst edge: (A_T685_SC -> A_S700_SC) type[hb], weight[0.45] from 18 to 33 dist[2.98]
Adding bndlst edge: (A_I686_MC -> A_S687_MC) type[cov], weight[1.00] from 19 to 20 dist[1.33]
Adding bndlst edge: (A_S687_MC -> A_G688_MC) type[cov], weight[1.00] from 20 to 21 dist[1.33]
Adding bndlst edge: (A_S687_MC -> A_I697_MC) type[hb], weight[1.05] from 20 to 30 dist[1.95]
Adding bndlst edge: (A_S687_SC -> A_S699_SC) type[hb], weight[0.76] from 20 to 32 dist[2.30]
Adding bndlst edge: (A_S687_MC -> A_I697_MC) type[hb], weight[1.28] from 20 to 30 dist[1.77]
Adding bndlst edge: (A_G688_MC -> A_T689_MC) type[cov], weight[1.00] from 21 to 22 dist[1.33]
Adding bndlst edge: (A_T689_MC -> A_E690_MC) type[cov], weight[1.00] from 22 to 23 dist[1.33]
Adding bndlst edge: (A_T689_MC -> A_L732_MC) type[hb], weight[1.17] from 22 to 65 dist[1.85]
Adding bndlst edge: (A_T689_SC -> A_E691_MC) type[hb], weight[0.88] from 22 to 24 dist[2.14]
Adding bndlst edge: (A_T689_SC -> A_D694_SC) type[hb], weight[1.38] from 22 to 27 dist[1.70]
Adding bndlst edge: (A_E690_MC -> A_E691_MC) type[cov], weight[1.00] from 23 to 24 dist[1.33]
Adding bndlst edge: (A_E690_SC -> A_S733_SC) type[hb], weight[1.20] from 23 to 66 dist[1.82]
Adding bndlst edge: (A_E690_SC -> A_S733_SC) type[hb], weight[0.55] from 23 to 66 dist[2.70]
Adding bndlst edge: (A_E690_SC -> A_S733_MC) type[hb], weight[1.02] from 23 to 66 dist[1.99]
Adding bndlst edge: (A_E691_MC -> A_P692_MC) type[cov], weight[1.00] from 24 to 25 dist[1.34]
Adding bndlst edge: (A_E691_MC -> A_D694_MC) type[hb], weight[1.00] from 24 to 27 dist[2.00]
Adding bndlst edge: (A_E691_MC -> A_F693_MC) type[hb], weight[0.45] from 24 to 26 dist[2.97]
Adding bndlst edge: (A_P692_MC -> A_F693_MC) type[cov], weight[1.00] from 25 to 26 dist[1.33]
Adding bndlst edge: (A_F693_MC -> A_D694_MC) type[cov], weight[1.00] from 26 to 27 dist[1.33]
Adding bndlst edge: (A_D694_MC -> A_P695_MC) type[cov], weight[1.00] from 27 to 28 dist[1.34]
Adding bndlst edge: (A_P695_MC -> A_I696_MC) type[cov], weight[1.00] from 28 to 29 dist[1.33]
Adding bndlst edge: (A_I696_MC -> A_I697_MC) type[cov], weight[1.00] from 29 to 30 dist[1.33]
Adding bndlst edge: (A_I696_MC -> A_I719_MC) type[hb], weight[1.04] from 29 to 52 dist[1.96]
Adding bndlst edge: (A_I697_MC -> A_I698_MC) type[cov], weight[1.00] from 30 to 31 dist[1.33]
Adding bndlst edge: (A_I697_MC -> A_S699_MC) type[hb], weight[0.49] from 30 to 32 dist[2.86]
Adding bndlst edge: (A_I698_MC -> A_S699_MC) type[cov], weight[1.00] from 31 to 32 dist[1.33]
Adding bndlst edge: (A_I698_MC -> A_G716_MC) type[hb], weight[1.28] from 31 to 49 dist[1.77]
Adding bndlst edge: (A_I698_MC -> A_D717_MC) type[hb], weight[1.03] from 31 to 50 dist[1.97]
Adding bndlst edge: (A_S699_MC -> A_S700_MC) type[cov], weight[1.00] from 32 to 33 dist[1.33]
Adding bndlst edge: (A_S700_MC -> A_L701_MC) type[cov], weight[1.00] from 33 to 34 dist[1.32]
Adding bndlst edge: (A_L701_MC -> A_T702_MC) type[cov], weight[1.00] from 34 to 35 dist[1.32]
Adding bndlst edge: (A_T702_MC -> A_K703_MC) type[cov], weight[1.00] from 35 to 36 dist[1.32]
Adding bndlst edge: (A_T702_MC -> A_G705_MC) type[hb], weight[1.15] from 35 to 38 dist[1.86]
Adding bndlst edge: (A_K703_MC -> A_G704_MC) type[cov], weight[1.00] from 36 to 37 dist[1.33]
Adding bndlst edge: (A_G704_MC -> A_G705_MC) type[cov], weight[1.00] from 37 to 38 dist[1.33]
Adding bndlst edge: (A_G704_MC -> A_R709_SC) type[hb], weight[0.46] from 37 to 42 dist[2.94]
Adding bndlst edge: (A_G704_MC -> A_R709_SC) type[hb], weight[0.86] from 37 to 42 dist[2.16]
Adding bndlst edge: (A_G704_MC -> A_E708_SC) type[hb], weight[0.94] from 37 to 41 dist[2.06]
Adding bndlst edge: (A_G705_MC -> A_L706_MC) type[cov], weight[1.00] from 38 to 39 dist[1.33]
Adding bndlst edge: (A_G705_MC -> A_R709_MC) type[hb], weight[0.94] from 38 to 42 dist[2.06]
Adding bndlst edge: (A_L706_MC -> A_A707_MC) type[cov], weight[1.00] from 39 to 40 dist[1.33]
Adding bndlst edge: (A_L706_MC -> A_T710_MC) type[hb], weight[0.80] from 39 to 43 dist[2.23]
Adding bndlst edge: (A_L706_MC -> A_R709_MC) type[hb], weight[0.59] from 39 to 42 dist[2.60]
Adding bndlst edge: (A_A707_MC -> A_E708_MC) type[cov], weight[1.00] from 40 to 41 dist[1.33]
Adding bndlst edge: (A_A707_MC -> A_T710_MC) type[hb], weight[0.63] from 40 to 43 dist[2.52]
Adding bndlst edge: (A_A707_MC -> A_G711_MC) type[hb], weight[0.64] from 40 to 44 dist[2.50]
Adding bndlst edge: (A_A707_MC -> A_T710_SC) type[hb], weight[1.25] from 40 to 43 dist[1.79]
Adding bndlst edge: (A_E708_MC -> A_R709_MC) type[cov], weight[1.00] from 41 to 42 dist[1.33]
Adding bndlst edge: (A_E708_MC -> A_G711_MC) type[hb], weight[0.69] from 41 to 44 dist[2.40]
Adding bndlst edge: (A_R709_MC -> A_T710_MC) type[cov], weight[1.00] from 42 to 43 dist[1.33]
Adding bndlst edge: (A_T710_MC -> A_G711_MC) type[cov], weight[1.00] from 43 to 44 dist[1.33]
Adding bndlst edge: (A_T710_SC -> A_G711_MC) type[hb], weight[0.52] from 43 to 44 dist[2.77]
Adding bndlst edge: (A_T710_SC -> A_A712_MC) type[hb], weight[0.93] from 43 to 45 dist[2.07]
Adding bndlst edge: (A_G711_MC -> A_A712_MC) type[cov], weight[1.00] from 44 to 45 dist[1.33]
Adding bndlst edge: (A_G711_MC -> A_H714_SC) type[hb], weight[0.60] from 44 to 47 dist[2.59]
Adding bndlst edge: (A_A712_MC -> A_I713_MC) type[cov], weight[1.00] from 45 to 46 dist[1.33]
Adding bndlst edge: (A_I713_MC -> A_H714_MC) type[cov], weight[1.00] from 46 to 47 dist[1.33]
Adding bndlst edge: (A_H714_MC -> A_I715_MC) type[cov], weight[1.00] from 47 to 48 dist[1.32]
Adding bndlst edge: (A_H714_MC -> A_D717_MC) type[hb], weight[0.75] from 47 to 50 dist[2.30]
Adding bndlst edge: (A_I715_MC -> A_G716_MC) type[cov], weight[1.00] from 48 to 49 dist[1.32]
Adding bndlst edge: (A_I715_MC -> A_Q753_SC) type[hb], weight[0.69] from 48 to 86 dist[2.40]
Adding bndlst edge: (A_G716_MC -> A_D717_MC) type[cov], weight[1.00] from 49 to 50 dist[1.32]
Adding bndlst edge: (A_D717_MC -> A_R718_MC) type[cov], weight[1.00] from 50 to 51 dist[1.33]
Adding bndlst edge: (A_D717_SC -> A_Q753_MC) type[hb], weight[1.01] from 50 to 86 dist[1.99]
Adding bndlst edge: (A_D717_SC -> A_K752_SC) type[salt], weight[1.11] from 50 to 85 dist[1.80]
Adding bndlst edge: (A_R718_MC -> A_I719_MC) type[cov], weight[1.00] from 51 to 52 dist[1.33]
Adding bndlst edge: (A_R718_MC -> A_K751_MC) type[hb], weight[1.01] from 51 to 84 dist[1.99]
Adding bndlst edge: (A_R718_MC -> A_K751_MC) type[hb], weight[0.83] from 51 to 84 dist[2.19]
Adding bndlst edge: (A_I719_MC -> A_L720_MC) type[cov], weight[1.00] from 52 to 53 dist[1.33]
Adding bndlst edge: (A_L720_MC -> A_A721_MC) type[cov], weight[1.00] from 53 to 54 dist[1.33]
Adding bndlst edge: (A_L720_MC -> A_L727_MC) type[hb], weight[1.11] from 53 to 60 dist[1.90]
Adding bndlst edge: (A_L720_MC -> A_K749_MC) type[hb], weight[1.24] from 53 to 82 dist[1.80]
Adding bndlst edge: (A_A721_MC -> A_I722_MC) type[cov], weight[1.00] from 54 to 55 dist[1.33]
Adding bndlst edge: (A_A721_MC -> A_K749_MC) type[hb], weight[0.98] from 54 to 82 dist[2.02]
Adding bndlst edge: (A_A721_MC -> A_K749_MC) type[hb], weight[0.57] from 54 to 82 dist[2.64]
Adding bndlst edge: (A_I722_MC -> A_N723_MC) type[cov], weight[1.00] from 55 to 56 dist[1.33]
Adding bndlst edge: (A_I722_MC -> A_S725_MC) type[hb], weight[1.14] from 55 to 58 dist[1.88]
Adding bndlst edge: (A_I722_MC -> A_S725_MC) type[hb], weight[1.01] from 55 to 58 dist[1.99]
Adding bndlst edge: (A_N723_MC -> A_S724_MC) type[cov], weight[1.00] from 56 to 57 dist[1.33]
Adding bndlst edge: (A_N723_MC -> A_S725_MC) type[hb], weight[0.53] from 56 to 58 dist[2.76]
Adding bndlst edge: (A_N723_SC -> A_T747_MC) type[hb], weight[1.18] from 56 to 80 dist[1.84]
Adding bndlst edge: (A_N723_MC -> A_T747_MC) type[hb], weight[1.34] from 56 to 80 dist[1.73]
Adding bndlst edge: (A_S724_MC -> A_S725_MC) type[cov], weight[1.00] from 57 to 58 dist[1.33]
Adding bndlst edge: (A_S725_MC -> A_S726_MC) type[cov], weight[1.00] from 58 to 59 dist[1.33]
Adding bndlst edge: (A_S726_MC -> A_L727_MC) type[cov], weight[1.00] from 59 to 60 dist[1.33]
Adding bndlst edge: (A_S726_SC -> A_K728_MC) type[hb], weight[0.86] from 59 to 61 dist[2.16]
Adding bndlst edge: (A_S726_SC -> A_L727_MC) type[hb], weight[0.47] from 59 to 60 dist[2.93]
Adding bndlst edge: (A_L727_MC -> A_K728_MC) type[cov], weight[1.00] from 60 to 61 dist[1.32]
Adding bndlst edge: (A_L727_MC -> A_K730_MC) type[hb], weight[1.09] from 60 to 63 dist[1.91]
Adding bndlst edge: (A_K728_MC -> A_G729_MC) type[cov], weight[1.00] from 61 to 62 dist[1.33]
Adding bndlst edge: (A_G729_MC -> A_K730_MC) type[cov], weight[1.00] from 62 to 63 dist[1.33]
Adding bndlst edge: (A_K730_MC -> A_P731_MC) type[cov], weight[1.00] from 63 to 64 dist[1.34]
Adding bndlst edge: (A_P731_MC -> A_L732_MC) type[cov], weight[1.00] from 64 to 65 dist[1.33]
Adding bndlst edge: (A_P731_MC -> A_A735_MC) type[hb], weight[0.58] from 64 to 68 dist[2.62]
Adding bndlst edge: (A_P731_MC -> A_E734_MC) type[hb], weight[0.83] from 64 to 67 dist[2.20]
Adding bndlst edge: (A_L732_MC -> A_S733_MC) type[cov], weight[1.00] from 65 to 66 dist[1.33]
Adding bndlst edge: (A_L732_MC -> A_I736_MC) type[hb], weight[1.02] from 65 to 69 dist[1.98]
Adding bndlst edge: (A_L732_MC -> A_A735_MC) type[hb], weight[0.70] from 65 to 68 dist[2.39]
Adding bndlst edge: (A_S733_MC -> A_E734_MC) type[cov], weight[1.00] from 66 to 67 dist[1.33]
Adding bndlst edge: (A_S733_MC -> A_H737_MC) type[hb], weight[0.84] from 66 to 70 dist[2.18]
Adding bndlst edge: (A_S733_SC -> A_E734_MC) type[hb], weight[0.47] from 66 to 67 dist[2.92]
Adding bndlst edge: (A_E734_MC -> A_A735_MC) type[cov], weight[1.00] from 67 to 68 dist[1.33]
Adding bndlst edge: (A_E734_MC -> A_L738_MC) type[hb], weight[1.09] from 67 to 71 dist[1.92]
Adding bndlst edge: (A_E734_MC -> A_H737_MC) type[hb], weight[0.52] from 67 to 70 dist[2.77]
Adding bndlst edge: (A_A735_MC -> A_I736_MC) type[cov], weight[1.00] from 68 to 69 dist[1.33]
Adding bndlst edge: (A_A735_MC -> A_L739_MC) type[hb], weight[0.93] from 68 to 72 dist[2.07]
Adding bndlst edge: (A_A735_MC -> A_L738_MC) type[hb], weight[0.50] from 68 to 71 dist[2.83]
Adding bndlst edge: (A_I736_MC -> A_H737_MC) type[cov], weight[1.00] from 69 to 70 dist[1.33]
Adding bndlst edge: (A_I736_MC -> A_Q740_MC) type[hb], weight[0.79] from 69 to 73 dist[2.25]
Adding bndlst edge: (A_I736_MC -> A_L739_MC) type[hb], weight[0.51] from 69 to 72 dist[2.79]
Adding bndlst edge: (A_H737_MC -> A_L738_MC) type[cov], weight[1.00] from 70 to 71 dist[1.33]
Adding bndlst edge: (A_H737_MC -> A_M741_MC) type[hb], weight[0.55] from 70 to 74 dist[2.69]
Adding bndlst edge: (A_H737_MC -> A_Q740_MC) type[hb], weight[0.53] from 70 to 73 dist[2.76]
Adding bndlst edge: (A_H737_MC -> A_Q740_SC) type[hb], weight[1.17] from 70 to 73 dist[1.85]
Adding bndlst edge: (A_L738_MC -> A_L739_MC) type[cov], weight[1.00] from 71 to 72 dist[1.33]
Adding bndlst edge: (A_L738_MC -> A_M741_MC) type[hb], weight[0.65] from 71 to 74 dist[2.48]
Adding bndlst edge: (A_L739_MC -> A_Q740_MC) type[cov], weight[1.00] from 72 to 73 dist[1.33]
Adding bndlst edge: (A_L739_MC -> A_M741_MC) type[hb], weight[0.45] from 72 to 74 dist[2.99]
Adding bndlst edge: (A_L739_MC -> A_A742_MC) type[hb], weight[0.64] from 72 to 75 dist[2.49]
Adding bndlst edge: (A_Q740_MC -> A_M741_MC) type[cov], weight[1.00] from 73 to 74 dist[1.33]
Adding bndlst edge: (A_Q740_SC -> A_M741_SC) type[hb], weight[1.03] from 73 to 74 dist[1.97]
Adding bndlst edge: (A_Q740_SC -> A_M741_SC) type[hb], weight[0.35] from 73 to 74 dist[3.38]
Adding bndlst edge: (A_M741_MC -> A_A742_MC) type[cov], weight[1.00] from 74 to 75 dist[1.33]
Adding bndlst edge: (A_A742_MC -> A_G743_MC) type[cov], weight[1.00] from 75 to 76 dist[1.33]
Adding bndlst edge: (A_G743_MC -> A_E744_MC) type[cov], weight[1.00] from 76 to 77 dist[1.33]
Adding bndlst edge: (A_E744_MC -> A_T745_MC) type[cov], weight[1.00] from 77 to 78 dist[1.33]
Adding bndlst edge: (A_T745_MC -> A_V746_MC) type[cov], weight[1.00] from 78 to 79 dist[1.32]
Adding bndlst edge: (A_V746_MC -> A_T747_MC) type[cov], weight[1.00] from 79 to 80 dist[1.32]
Adding bndlst edge: (A_T747_MC -> A_L748_MC) type[cov], weight[1.00] from 80 to 81 dist[1.33]
Adding bndlst edge: (A_L748_MC -> A_K749_MC) type[cov], weight[1.00] from 81 to 82 dist[1.33]
Adding bndlst edge: (A_K749_MC -> A_I750_MC) type[cov], weight[1.00] from 82 to 83 dist[1.33]
Adding bndlst edge: (A_I750_MC -> A_K751_MC) type[cov], weight[1.00] from 83 to 84 dist[1.33]
Adding bndlst edge: (A_K751_MC -> A_K752_MC) type[cov], weight[1.00] from 84 to 85 dist[1.33]
Adding bndlst edge: (A_K752_MC -> A_Q753_MC) type[cov], weight[1.00] from 85 to 86 dist[1.33]
Adding bndlst edge: (A_Q753_MC -> A_T754_MC) type[cov], weight[1.00] from 86 to 87 dist[1.32]
Adding bndlst edge: (A_T754_MC -> A_D755_MC) type[cov], weight[1.00] from 87 to 88 dist[1.33]
Adding bndlst edge: (A_T754_MC -> A_A756_MC) type[hb], weight[0.81] from 87 to 89 dist[2.23]
Adding bndlst edge: (A_D755_MC -> A_A756_MC) type[cov], weight[1.00] from 88 to 89 dist[1.33]
Adding bndlst edge: (A_A756_MC -> A_Q757_MC) type[cov], weight[1.00] from 89 to 90 dist[1.33]
Adding bndlst edge: (A_Q757_MC -> A_P758_MC) type[cov], weight[1.00] from 90 to 91 dist[1.34]
Adding bndlst edge: (A_P758_MC -> A_A759_MC) type[cov], weight[1.00] from 91 to 92 dist[1.33]
Adding bndlst edge: (A_A759_MC -> A_S760_MC) type[cov], weight[1.00] from 92 to 93 dist[1.33]
Adding bndlst edge: (A_S760_MC -> A_S761_MC) type[cov], weight[1.00] from 93 to 94 dist[1.33]

bndlst DONE

Producing PAJEK network
printing pajek edge (A_700_SER,A_701_LEU)
printing pajek edge (A_699_SER,A_700_SER)
printing pajek edge (A_757_GLN,A_758_PRO)
printing pajek edge (A_730_LYS,A_731_PRO)
printing pajek edge (A_688_GLY,A_689_THR)
printing pajek edge (A_738_LEU,A_741_MET)
printing pajek edge (A_738_LEU,A_739_LEU)
printing pajek edge (A_674_GLU,A_675_LEU)
printing pajek edge (A_747_THR,A_748_LEU)
printing pajek edge (A_693_PHE,A_694_ASP)
printing pajek edge (A_685_THR,A_699_SER)
printing pajek edge (A_685_THR,A_700_SER)
printing pajek edge (A_685_THR,A_686_ILE)
printing pajek edge (A_739_LEU,A_741_MET)
printing pajek edge (A_739_LEU,A_742_ALA)
printing pajek edge (A_739_LEU,A_740_GLN)
printing pajek edge (A_683_GLY,A_702_THR)
printing pajek edge (A_683_GLY,A_684_ILE)
printing pajek edge (A_711_GLY,A_712_ALA)
printing pajek edge (A_711_GLY,A_714_HIS)
printing pajek edge (A_722_ILE,A_723_ASN)
printing pajek edge (A_722_ILE,A_725_SER)
printing pajek edge (A_751_LYS,A_752_LYS)
printing pajek edge (A_741_MET,A_742_ALA)
printing pajek edge (A_694_ASP,A_695_PRO)
printing pajek edge (A_724_SER,A_725_SER)
printing pajek edge (A_728_LYS,A_729_GLY)
printing pajek edge (A_687_SER,A_699_SER)
printing pajek edge (A_687_SER,A_688_GLY)
printing pajek edge (A_687_SER,A_697_ILE)
printing pajek edge (A_759_ALA,A_760_SER)
printing pajek edge (A_756_ALA,A_757_GLN)
printing pajek edge (A_677_ARG,A_678_TYR)
printing pajek edge (A_677_ARG,A_744_GLU)
printing pajek edge (A_677_ARG,A_739_LEU)
printing pajek edge (A_677_ARG,A_743_GLY)
printing pajek edge (A_677_ARG,A_680_GLY)
printing pajek edge (A_698_ILE,A_717_ASP)
printing pajek edge (A_698_ILE,A_699_SER)
printing pajek edge (A_698_ILE,A_716_GLY)
printing pajek edge (A_702_THR,A_705_GLY)
printing pajek edge (A_702_THR,A_703_LYS)
printing pajek edge (A_678_TYR,A_680_GLY)
printing pajek edge (A_678_TYR,A_679_GLY)
printing pajek edge (A_758_PRO,A_759_ALA)
printing pajek edge (A_745_THR,A_746_VAL)
printing pajek edge (A_715_ILE,A_716_GLY)
printing pajek edge (A_715_ILE,A_753_GLN)
printing pajek edge (A_754_THR,A_755_ASP)
printing pajek edge (A_754_THR,A_756_ALA)
printing pajek edge (A_760_SER,A_761_SER)
printing pajek edge (A_744_GLU,A_745_THR)
printing pajek edge (A_732_LEU,A_736_ILE)
printing pajek edge (A_732_LEU,A_733_SER)
printing pajek edge (A_732_LEU,A_735_ALA)
printing pajek edge (A_696_ILE,A_719_ILE)
printing pajek edge (A_696_ILE,A_697_ILE)
printing pajek edge (A_717_ASP,A_752_LYS)
printing pajek edge (A_717_ASP,A_753_GLN)
printing pajek edge (A_717_ASP,A_718_ARG)
printing pajek edge (A_706_LEU,A_709_ARG)
printing pajek edge (A_706_LEU,A_707_ALA)
printing pajek edge (A_706_LEU,A_710_THR)
printing pajek edge (A_731_PRO,A_734_GLU)
printing pajek edge (A_731_PRO,A_735_ALA)
printing pajek edge (A_731_PRO,A_732_LEU)
printing pajek edge (A_725_SER,A_726_SER)
printing pajek edge (A_708_GLU,A_709_ARG)
printing pajek edge (A_708_GLU,A_711_GLY)
printing pajek edge (A_679_GLY,A_680_GLY)
printing pajek edge (A_682_LEU,A_707_ALA)
printing pajek edge (A_682_LEU,A_683_GLY)
printing pajek edge (A_748_LEU,A_749_LYS)
printing pajek edge (A_719_ILE,A_720_LEU)
printing pajek edge (A_727_LEU,A_730_LYS)
printing pajek edge (A_727_LEU,A_728_LYS)
printing pajek edge (A_723_ASN,A_724_SER)
printing pajek edge (A_723_ASN,A_747_THR)
printing pajek edge (A_723_ASN,A_725_SER)
printing pajek edge (A_740_GLN,A_741_MET)
printing pajek edge (A_740_GLN,A_741_MET)
printing pajek edge (A_733_SER,A_734_GLU)
printing pajek edge (A_733_SER,A_734_GLU)
printing pajek edge (A_733_SER,A_737_HIS)
printing pajek edge (A_712_ALA,A_713_ILE)
printing pajek edge (A_753_GLN,A_754_THR)
printing pajek edge (A_743_GLY,A_744_GLU)
printing pajek edge (A_686_ILE,A_687_SER)
printing pajek edge (A_729_GLY,A_730_LYS)
printing pajek edge (A_721_ALA,A_749_LYS)
printing pajek edge (A_721_ALA,A_722_ILE)
printing pajek edge (A_734_GLU,A_737_HIS)
printing pajek edge (A_734_GLU,A_738_LEU)
printing pajek edge (A_734_GLU,A_735_ALA)
printing pajek edge (A_737_HIS,A_741_MET)
printing pajek edge (A_737_HIS,A_738_LEU)
printing pajek edge (A_737_HIS,A_740_GLN)
printing pajek edge (A_735_ALA,A_736_ILE)
printing pajek edge (A_735_ALA,A_738_LEU)
printing pajek edge (A_735_ALA,A_739_LEU)
printing pajek edge (A_669_ILE,A_752_LYS)
printing pajek edge (A_669_ILE,A_670_ILE)
printing pajek edge (A_684_ILE,A_685_THR)
printing pajek edge (A_668_ALA,A_669_ILE)
printing pajek edge (A_755_ASP,A_756_ALA)
printing pajek edge (A_697_ILE,A_699_SER)
printing pajek edge (A_697_ILE,A_698_ILE)
printing pajek edge (A_749_LYS,A_750_ILE)
printing pajek edge (A_692_PRO,A_693_PHE)
printing pajek edge (A_695_PRO,A_696_ILE)
printing pajek edge (A_750_ILE,A_751_LYS)
printing pajek edge (A_742_ALA,A_743_GLY)
printing pajek edge (A_707_ALA,A_710_THR)
printing pajek edge (A_707_ALA,A_711_GLY)
printing pajek edge (A_707_ALA,A_708_GLU)
printing pajek edge (A_681_PRO,A_682_LEU)
printing pajek edge (A_736_ILE,A_739_LEU)
printing pajek edge (A_736_ILE,A_737_HIS)
printing pajek edge (A_736_ILE,A_740_GLN)
printing pajek edge (A_726_SER,A_727_LEU)
printing pajek edge (A_726_SER,A_727_LEU)
printing pajek edge (A_726_SER,A_728_LYS)
printing pajek edge (A_716_GLY,A_717_ASP)
printing pajek edge (A_691_GLU,A_694_ASP)
printing pajek edge (A_691_GLU,A_692_PRO)
printing pajek edge (A_691_GLU,A_693_PHE)
printing pajek edge (A_720_LEU,A_727_LEU)
printing pajek edge (A_720_LEU,A_749_LYS)
printing pajek edge (A_720_LEU,A_721_ALA)
printing pajek edge (A_746_VAL,A_747_THR)
printing pajek edge (A_689_THR,A_694_ASP)
printing pajek edge (A_689_THR,A_691_GLU)
printing pajek edge (A_689_THR,A_690_GLU)
printing pajek edge (A_689_THR,A_732_LEU)
printing pajek edge (A_709_ARG,A_710_THR)
printing pajek edge (A_667_GLY,A_668_ALA)
printing pajek edge (A_713_ILE,A_714_HIS)
printing pajek edge (A_690_GLU,A_733_SER)
printing pajek edge (A_690_GLU,A_691_GLU)
printing pajek edge (A_680_GLY,A_681_PRO)
printing pajek edge (A_673_VAL,A_748_LEU)
printing pajek edge (A_673_VAL,A_674_GLU)
printing pajek edge (A_752_LYS,A_753_GLN)
printing pajek edge (A_670_ILE,A_671_TYR)
printing pajek edge (A_703_LYS,A_704_GLY)
printing pajek edge (A_676_LYS,A_678_TYR)
printing pajek edge (A_676_LYS,A_677_ARG)
printing pajek edge (A_718_ARG,A_751_LYS)
printing pajek edge (A_718_ARG,A_719_ILE)
printing pajek edge (A_714_HIS,A_717_ASP)
printing pajek edge (A_714_HIS,A_715_ILE)
printing pajek edge (A_675_LEU,A_676_LYS)
printing pajek edge (A_675_LEU,A_746_VAL)
printing pajek edge (A_705_GLY,A_709_ARG)
printing pajek edge (A_705_GLY,A_706_LEU)
printing pajek edge (A_671_TYR,A_750_ILE)
printing pajek edge (A_671_TYR,A_712_ALA)
printing pajek edge (A_671_TYR,A_672_THR)
printing pajek edge (A_701_LEU,A_702_THR)
printing pajek edge (A_704_GLY,A_709_ARG)
printing pajek edge (A_704_GLY,A_705_GLY)
printing pajek edge (A_704_GLY,A_708_GLU)
printing pajek edge (A_710_THR,A_712_ALA)
printing pajek edge (A_710_THR,A_711_GLY)
printing pajek edge (A_710_THR,A_711_GLY)
printing pajek edge (A_672_THR,A_673_VAL)
