Graph START

Adding vertex (chain-A, position-25, res-SER)
New vertex id: 0
1 2 3 4 5 6 
Adding vertex (chain-A, position-26, res-LEU)
New vertex id: 1
7 8 9 10 11 12 13 14 
Adding vertex (chain-A, position-27, res-GLU)
New vertex id: 2
15 16 17 18 19 20 21 22 23 
Adding vertex (chain-A, position-28, res-LEU)
New vertex id: 3
24 25 26 27 28 29 30 31 
Adding vertex (chain-A, position-29, res-TRP)
New vertex id: 4
32 33 34 35 36 37 38 39 40 41 42 43 44 45 
Adding vertex (chain-A, position-30, res-LEU)
New vertex id: 5
46 47 48 49 50 51 52 53 
Adding vertex (chain-A, position-31, res-ASN)
New vertex id: 6
54 55 56 57 58 59 60 61 
Adding vertex (chain-A, position-32, res-LYS)
New vertex id: 7
62 63 64 65 66 67 68 69 70 
Adding vertex (chain-A, position-33, res-ALA)
New vertex id: 8
71 72 73 74 75 
Adding vertex (chain-A, position-34, res-THR)
New vertex id: 9
76 77 78 79 80 81 82 
Adding vertex (chain-A, position-35, res-ASP)
New vertex id: 10
83 84 85 86 87 88 89 90 
Adding vertex (chain-A, position-36, res-PRO)
New vertex id: 11
91 92 93 94 95 96 97 
Adding vertex (chain-A, position-37, res-SER)
New vertex id: 12
98 99 100 101 102 103 
Adding vertex (chain-A, position-38, res-MET)
New vertex id: 13
104 105 106 107 108 109 110 111 
Adding vertex (chain-A, position-39, res-SER)
New vertex id: 14
112 113 114 115 116 117 
Adding vertex (chain-A, position-40, res-GLU)
New vertex id: 15
118 119 120 121 122 123 124 125 126 
Adding vertex (chain-A, position-41, res-GLN)
New vertex id: 16
127 128 129 130 131 132 133 134 135 
Adding vertex (chain-A, position-42, res-ASP)
New vertex id: 17
136 137 138 139 140 141 142 143 
Adding vertex (chain-A, position-43, res-TRP)
New vertex id: 18
144 145 146 147 148 149 150 151 152 153 154 155 156 157 
Adding vertex (chain-A, position-44, res-SER)
New vertex id: 19
158 159 160 161 162 163 
Adding vertex (chain-A, position-45, res-ALA)
New vertex id: 20
164 165 166 167 168 
Adding vertex (chain-A, position-46, res-ILE)
New vertex id: 21
169 170 171 172 173 174 175 176 
Adding vertex (chain-A, position-47, res-GLN)
New vertex id: 22
177 178 179 180 181 182 183 184 185 
Adding vertex (chain-A, position-48, res-ASN)
New vertex id: 23
186 187 188 189 190 191 192 193 
Adding vertex (chain-A, position-49, res-PHE)
New vertex id: 24
194 195 196 197 198 199 200 201 202 203 204 
Adding vertex (chain-A, position-50, res-CYS)
New vertex id: 25
205 206 207 208 209 210 
Adding vertex (chain-A, position-51, res-GLU)
New vertex id: 26
211 212 213 214 215 216 217 218 219 
Adding vertex (chain-A, position-52, res-GLN)
New vertex id: 27
220 221 222 223 224 225 226 227 228 
Adding vertex (chain-A, position-53, res-VAL)
New vertex id: 28
229 230 231 232 233 234 235 
Adding vertex (chain-A, position-54, res-ASN)
New vertex id: 29
236 237 238 239 240 241 242 243 
Adding vertex (chain-A, position-55, res-THR)
New vertex id: 30
244 245 246 247 248 249 250 
Adding vertex (chain-A, position-56, res-ASP)
New vertex id: 31
251 252 253 254 255 256 257 258 
Adding vertex (chain-A, position-57, res-PRO)
New vertex id: 32
259 260 261 262 263 264 265 
Adding vertex (chain-A, position-58, res-ASN)
New vertex id: 33
266 267 268 269 270 271 272 273 
Adding vertex (chain-A, position-59, res-GLY)
New vertex id: 34
274 275 276 277 
Adding vertex (chain-A, position-60, res-PRO)
New vertex id: 35
278 279 280 281 282 283 284 
Adding vertex (chain-A, position-61, res-THR)
New vertex id: 36
285 286 287 288 289 290 291 
Adding vertex (chain-A, position-62, res-HIS)
New vertex id: 37
292 293 294 295 296 297 298 299 300 301 
Adding vertex (chain-A, position-63, res-ALA)
New vertex id: 38
302 303 304 305 306 
Adding vertex (chain-A, position-64, res-PRO)
New vertex id: 39
307 308 309 310 311 312 313 
Adding vertex (chain-A, position-65, res-TRP)
New vertex id: 40
314 315 316 317 318 319 320 321 322 323 324 325 326 327 
Adding vertex (chain-A, position-66, res-LEU)
New vertex id: 41
328 329 330 331 332 333 334 335 
Adding vertex (chain-A, position-67, res-LEU)
New vertex id: 42
336 337 338 339 340 341 342 343 
Adding vertex (chain-A, position-68, res-ALA)
New vertex id: 43
344 345 346 347 348 
Adding vertex (chain-A, position-69, res-HIS)
New vertex id: 44
349 350 351 352 353 354 355 356 357 358 
Adding vertex (chain-A, position-70, res-LYS)
New vertex id: 45
359 360 361 362 363 364 365 366 367 
Adding vertex (chain-A, position-71, res-ILE)
New vertex id: 46
368 369 370 371 372 373 374 375 
Adding vertex (chain-A, position-72, res-GLN)
New vertex id: 47
376 377 378 379 380 381 382 383 384 
Adding vertex (chain-A, position-73, res-SER)
New vertex id: 48
385 386 387 388 389 390 
Adding vertex (chain-A, position-74, res-PRO)
New vertex id: 49
391 392 393 394 395 396 397 
Adding vertex (chain-A, position-75, res-GLN)
New vertex id: 50
398 399 400 401 402 403 404 405 406 
Adding vertex (chain-A, position-76, res-GLU)
New vertex id: 51
407 408 409 410 411 412 413 414 415 
Adding vertex (chain-A, position-77, res-LYS)
New vertex id: 52
416 417 418 419 420 421 422 423 424 
Adding vertex (chain-A, position-78, res-GLU)
New vertex id: 53
425 426 427 428 429 430 431 432 433 
Adding vertex (chain-A, position-79, res-ALA)
New vertex id: 54
434 435 436 437 438 
Adding vertex (chain-A, position-80, res-LEU)
New vertex id: 55
439 440 441 442 443 444 445 446 
Adding vertex (chain-A, position-81, res-TYR)
New vertex id: 56
447 448 449 450 451 452 453 454 455 456 457 458 
Adding vertex (chain-A, position-82, res-ALA)
New vertex id: 57
459 460 461 462 463 
Adding vertex (chain-A, position-83, res-LEU)
New vertex id: 58
464 465 466 467 468 469 470 471 
Adding vertex (chain-A, position-84, res-THR)
New vertex id: 59
472 473 474 475 476 477 478 
Adding vertex (chain-A, position-85, res-VAL)
New vertex id: 60
479 480 481 482 483 484 485 
Adding vertex (chain-A, position-86, res-LEU)
New vertex id: 61
486 487 488 489 490 491 492 493 
Adding vertex (chain-A, position-87, res-GLU)
New vertex id: 62
494 495 496 497 498 499 500 501 502 
Adding vertex (chain-A, position-88, res-MET)
New vertex id: 63
503 504 505 506 507 508 509 510 
Adding vertex (chain-A, position-89, res-CYS)
New vertex id: 64
511 512 513 514 515 516 
Adding vertex (chain-A, position-90, res-MET)
New vertex id: 65
517 518 519 520 521 522 523 524 
Adding vertex (chain-A, position-91, res-ASN)
New vertex id: 66
525 526 527 528 529 530 531 532 
Adding vertex (chain-A, position-92, res-HIS)
New vertex id: 67
533 534 535 536 537 538 539 540 541 542 
Adding vertex (chain-A, position-93, res-CYS)
New vertex id: 68
543 544 545 546 547 548 
Adding vertex (chain-A, position-94, res-GLY)
New vertex id: 69
549 550 551 552 
Adding vertex (chain-A, position-95, res-GLU)
New vertex id: 70
553 554 555 556 557 558 559 560 561 
Adding vertex (chain-A, position-96, res-LYS)
New vertex id: 71
562 563 564 565 566 567 568 569 570 
Adding vertex (chain-A, position-97, res-PHE)
New vertex id: 72
571 572 573 574 575 576 577 578 579 580 581 
Adding vertex (chain-A, position-98, res-HIS)
New vertex id: 73
582 583 584 585 586 587 588 589 590 591 
Adding vertex (chain-A, position-99, res-SER)
New vertex id: 74
592 593 594 595 596 597 
Adding vertex (chain-A, position-100, res-GLU)
New vertex id: 75
598 599 600 601 602 603 604 605 606 
Adding vertex (chain-A, position-101, res-VAL)
New vertex id: 76
607 608 609 610 611 612 613 
Adding vertex (chain-A, position-102, res-ALA)
New vertex id: 77
614 615 616 617 618 
Adding vertex (chain-A, position-103, res-LYS)
New vertex id: 78
619 620 621 622 623 624 625 626 627 
Adding vertex (chain-A, position-104, res-PHE)
New vertex id: 79
628 629 630 631 632 633 634 635 636 637 638 
Adding vertex (chain-A, position-105, res-ARG)
New vertex id: 80
639 640 641 642 643 644 645 646 647 648 649 
Adding vertex (chain-A, position-106, res-PHE)
New vertex id: 81
650 651 652 653 654 655 656 657 658 659 660 
Adding vertex (chain-A, position-107, res-LEU)
New vertex id: 82
661 662 663 664 665 666 667 668 
Adding vertex (chain-A, position-108, res-ASN)
New vertex id: 83
669 670 671 672 673 674 675 676 
Adding vertex (chain-A, position-109, res-GLU)
New vertex id: 84
677 678 679 680 681 682 683 684 685 
Adding vertex (chain-A, position-110, res-LEU)
New vertex id: 85
686 687 688 689 690 691 692 693 
Adding vertex (chain-A, position-111, res-ILE)
New vertex id: 86
694 695 696 697 698 699 700 701 
Adding vertex (chain-A, position-112, res-LYS)
New vertex id: 87
702 703 704 705 706 707 708 709 710 
Adding vertex (chain-A, position-113, res-VAL)
New vertex id: 88
711 712 713 714 715 716 717 
Adding vertex (chain-A, position-114, res-LEU)
New vertex id: 89
718 719 720 721 722 723 724 725 
Adding vertex (chain-A, position-115, res-SER)
New vertex id: 90
726 727 728 729 730 731 
Adding vertex (chain-A, position-116, res-PRO)
New vertex id: 91
732 733 734 735 736 737 738 
Adding vertex (chain-A, position-117, res-LYS)
New vertex id: 92
739 740 741 742 743 744 745 746 747 
Adding vertex (chain-A, position-118, res-TYR)
New vertex id: 93
748 749 750 751 752 753 754 755 756 757 758 759 
Adding vertex (chain-A, position-119, res-LEU)
New vertex id: 94
760 761 762 763 764 765 766 767 
Adding vertex (chain-A, position-120, res-GLY)
New vertex id: 95
768 769 770 771 
Adding vertex (chain-A, position-121, res-SER)
New vertex id: 96
772 773 774 775 776 777 
Adding vertex (chain-A, position-122, res-TRP)
New vertex id: 97
778 779 780 781 782 783 784 785 786 787 788 789 790 791 
Adding vertex (chain-A, position-123, res-ALA)
New vertex id: 98
792 793 794 795 796 
Adding vertex (chain-A, position-124, res-THR)
New vertex id: 99
797 798 799 800 801 802 803 
Adding vertex (chain-A, position-125, res-GLY)
New vertex id: 100
804 805 806 807 
Adding vertex (chain-A, position-126, res-LYS)
New vertex id: 101
808 809 810 811 812 813 814 815 816 
Adding vertex (chain-A, position-127, res-VAL)
New vertex id: 102
817 818 819 820 821 822 823 
Adding vertex (chain-A, position-128, res-LYS)
New vertex id: 103
824 825 826 827 828 829 830 831 832 
Adding vertex (chain-A, position-129, res-GLY)
New vertex id: 104
833 834 835 836 
Adding vertex (chain-A, position-130, res-ARG)
New vertex id: 105
837 838 839 840 841 842 843 844 845 846 847 
Adding vertex (chain-A, position-131, res-VAL)
New vertex id: 106
848 849 850 851 852 853 854 
Adding vertex (chain-A, position-132, res-ILE)
New vertex id: 107
855 856 857 858 859 860 861 862 
Adding vertex (chain-A, position-133, res-GLU)
New vertex id: 108
863 864 865 866 867 868 869 870 871 
Adding vertex (chain-A, position-134, res-ILE)
New vertex id: 109
872 873 874 875 876 877 878 879 
Adding vertex (chain-A, position-135, res-LEU)
New vertex id: 110
880 881 882 883 884 885 886 887 
Adding vertex (chain-A, position-136, res-PHE)
New vertex id: 111
888 889 890 891 892 893 894 895 896 897 898 
Adding vertex (chain-A, position-137, res-SER)
New vertex id: 112
899 900 901 902 903 904 
Adding vertex (chain-A, position-138, res-TRP)
New vertex id: 113
905 906 907 908 909 910 911 912 913 914 915 916 917 918 
Adding vertex (chain-A, position-139, res-THR)
New vertex id: 114
919 920 921 922 923 924 925 
Adding vertex (chain-A, position-140, res-VAL)
New vertex id: 115
926 927 928 929 930 931 932 
Adding vertex (chain-A, position-141, res-TRP)
New vertex id: 116
933 934 935 936 937 938 939 940 941 942 943 944 945 946 
Adding vertex (chain-A, position-142, res-PHE)
New vertex id: 117
947 948 949 950 951 952 953 954 955 956 957 
Adding vertex (chain-A, position-143, res-PRO)
New vertex id: 118
958 959 960 961 962 963 964 
Adding vertex (chain-A, position-144, res-GLU)
New vertex id: 119
965 966 967 968 969 970 971 972 973 
Adding vertex (chain-A, position-145, res-ASP)
New vertex id: 120
974 975 976 977 978 979 980 981 
Adding vertex (chain-A, position-146, res-ILE)
New vertex id: 121
982 983 984 985 986 987 988 989 
Adding vertex (chain-A, position-147, res-LYS)
New vertex id: 122
990 991 992 993 994 995 996 997 998 
Adding vertex (chain-A, position-148, res-ILE)
New vertex id: 123
999 1000 1001 1002 1003 1004 1005 1006 
Adding vertex (chain-A, position-149, res-ARG)
New vertex id: 124
1007 1008 1009 1010 1011 1012 1013 1014 1015 1016 1017 
Adding vertex (chain-A, position-150, res-ASP)
New vertex id: 125
1018 1019 1020 1021 1022 1023 1024 1025 
Adding vertex (chain-A, position-151, res-ALA)
New vertex id: 126
1026 1027 1028 1029 1030 
Adding vertex (chain-A, position-152, res-TYR)
New vertex id: 127
1031 1032 1033 1034 1035 1036 1037 1038 1039 1040 1041 1042 
Adding vertex (chain-A, position-153, res-GLN)
New vertex id: 128
1043 1044 1045 1046 1047 1048 1049 1050 1051 
Adding vertex (chain-A, position-154, res-MET)
New vertex id: 129
1052 1053 1054 1055 1056 1057 1058 1059 
Adding vertex (chain-A, position-155, res-LEU)
New vertex id: 130
1060 1061 1062 1063 1064 1065 1066 1067 
Adding vertex (chain-A, position-156, res-LYS)
New vertex id: 131
1068 1069 1070 1071 1072 1073 1074 1075 1076 
Adding vertex (chain-A, position-157, res-LYS)
New vertex id: 132
1077 1078 1079 1080 1081 1082 1083 1084 1085 
Adding vertex (chain-A, position-158, res-GLN)
New vertex id: 133
1086 1087 1088 1089 1090 1091 1092 1093 1094 
Adding vertex (chain-A, position-159, res-GLY)
New vertex id: 134
1095 1096 1097 1098 
Adding vertex (chain-A, position-160, res-ILE)
New vertex id: 135
1099 1100 1101 1102 1103 1104 1105 1106 
Adding vertex (chain-A, position-161, res-ILE)
New vertex id: 136
1107 1108 1109 1110 1111 1112 1113 1114 
Adding vertex (chain-A, position-162, res-LYS)
New vertex id: 137
1115 1116 1117 1118 1119 1120 1121 1122 1123 
Adding vertex (chain-A, position-163, res-GLN)
New vertex id: 138
1124 1125 1126 1127 1128 1129 1130 1131 1132 
Adding vertex (chain-A, position-164, res-ASP)
New vertex id: 139
1133 1134 1135 1136 1137 1138 1139 1140 
Adding vertex (chain-A, position-165, res-PRO)
New vertex id: 140
1141 1142 1143 1144 1145 1146 1147 
Adding vertex (chain-A, position-166, res-LYS)
New vertex id: 141
1148 1149 1150 1151 1152 1153 1154 1155 1156 
Adding vertex (chain-A, position-167, res-LEU)
New vertex id: 142
1157 1158 1159 1160 1161 1162 1163 1164 
Graph DONE

( reduce -FLIPs 1JWG.pdb > 1JWG.H.pdb ) >& /dev/null
Reduce (-FLIPs) returned 0
( bndlst -Radius0.3 1JWG.H.pdb > 1JWG.H.bndlst ) >& /dev/null
BndLst returned 0
Parsing 1JWG.H.bndlst

bndlst START
Adding bndlst edge: (A_S25_MC -> A_L26_MC) type[cov], weight[1.00] from 0 to 1 dist[1.33]
Adding bndlst edge: (A_S25_MC -> A_L28_MC) type[hb], weight[0.50] from 0 to 3 dist[2.84]
Adding bndlst edge: (A_S25_MC -> A_W29_MC) type[hb], weight[0.83] from 0 to 4 dist[2.19]
Adding bndlst edge: (A_S25_SC -> A_L28_MC) type[hb], weight[0.76] from 0 to 3 dist[2.30]
Adding bndlst edge: (A_L26_MC -> A_E27_MC) type[cov], weight[1.00] from 1 to 2 dist[1.33]
Adding bndlst edge: (A_L26_MC -> A_L30_MC) type[hb], weight[1.10] from 1 to 5 dist[1.91]
Adding bndlst edge: (A_L26_MC -> A_W29_MC) type[hb], weight[0.45] from 1 to 4 dist[2.99]
Adding bndlst edge: (A_E27_MC -> A_L28_MC) type[cov], weight[1.00] from 2 to 3 dist[1.33]
Adding bndlst edge: (A_E27_MC -> A_L30_MC) type[hb], weight[0.52] from 2 to 5 dist[2.79]
Adding bndlst edge: (A_E27_MC -> A_N31_MC) type[hb], weight[1.09] from 2 to 6 dist[1.92]
Adding bndlst edge: (A_L28_MC -> A_W29_MC) type[cov], weight[1.00] from 3 to 4 dist[1.33]
Adding bndlst edge: (A_L28_MC -> A_N31_MC) type[hb], weight[0.61] from 3 to 6 dist[2.56]
Adding bndlst edge: (A_L28_MC -> A_K32_MC) type[hb], weight[0.82] from 3 to 7 dist[2.21]
Adding bndlst edge: (A_W29_MC -> A_L30_MC) type[cov], weight[1.00] from 4 to 5 dist[1.33]
Adding bndlst edge: (A_W29_MC -> A_A33_MC) type[hb], weight[1.30] from 4 to 8 dist[1.75]
Adding bndlst edge: (A_W29_MC -> A_K32_MC) type[hb], weight[0.64] from 4 to 7 dist[2.49]
Adding bndlst edge: (A_W29_SC -> A_N48_SC) type[hb], weight[0.51] from 4 to 23 dist[2.79]
Adding bndlst edge: (A_W29_SC -> A_N48_SC) type[hb], weight[0.72] from 4 to 23 dist[2.35]
Adding bndlst edge: (A_W29_SC -> A_N48_SC) type[hb], weight[0.52] from 4 to 23 dist[2.78]
Adding bndlst edge: (A_W29_SC -> A_N48_SC) type[hb], weight[0.37] from 4 to 23 dist[3.27]
Adding bndlst edge: (A_L30_MC -> A_N31_MC) type[cov], weight[1.00] from 5 to 6 dist[1.31]
Adding bndlst edge: (A_L30_MC -> A_A33_MC) type[hb], weight[0.50] from 5 to 8 dist[2.81]
Adding bndlst edge: (A_L30_MC -> A_T34_MC) type[hb], weight[0.77] from 5 to 9 dist[2.27]
Adding bndlst edge: (A_L30_MC -> A_T34_SC) type[cov], weight[1.00] from 5 to 9 dist[1.61]
Adding bndlst edge: (A_N31_MC -> A_K32_MC) type[cov], weight[1.00] from 6 to 7 dist[1.33]
Adding bndlst edge: (A_N31_MC -> A_D35_MC) type[hb], weight[0.71] from 6 to 10 dist[2.37]
Adding bndlst edge: (A_N31_MC -> A_T34_MC) type[hb], weight[0.62] from 6 to 9 dist[2.54]
Adding bndlst edge: (A_N31_SC -> A_K70_SC) type[hb], weight[1.39] from 6 to 45 dist[1.70]
Adding bndlst edge: (A_K32_MC -> A_A33_MC) type[cov], weight[1.00] from 7 to 8 dist[1.33]
Adding bndlst edge: (A_K32_MC -> A_D35_MC) type[hb], weight[0.56] from 7 to 10 dist[2.67]
Adding bndlst edge: (A_A33_MC -> A_T34_MC) type[cov], weight[1.00] from 8 to 9 dist[1.33]
Adding bndlst edge: (A_A33_MC -> A_Q41_SC) type[hb], weight[0.98] from 8 to 16 dist[2.02]
Adding bndlst edge: (A_T34_MC -> A_D35_MC) type[cov], weight[1.00] from 9 to 10 dist[1.33]
Adding bndlst edge: (A_T34_SC -> A_K70_SC) type[hb], weight[0.50] from 9 to 45 dist[2.83]
Adding bndlst edge: (A_D35_MC -> A_P36_MC) type[cov], weight[1.00] from 10 to 11 dist[1.35]
Adding bndlst edge: (A_D35_MC -> A_M38_MC) type[hb], weight[0.63] from 10 to 13 dist[2.52]
Adding bndlst edge: (A_D35_MC -> A_S37_MC) type[hb], weight[0.45] from 10 to 12 dist[2.97]
Adding bndlst edge: (A_D35_SC -> A_S37_MC) type[hb], weight[0.93] from 10 to 12 dist[2.08]
Adding bndlst edge: (A_P36_MC -> A_S37_MC) type[cov], weight[1.00] from 11 to 12 dist[1.33]
Adding bndlst edge: (A_S37_MC -> A_M38_MC) type[cov], weight[1.00] from 12 to 13 dist[1.33]
Adding bndlst edge: (A_M38_MC -> A_S39_MC) type[cov], weight[1.00] from 13 to 14 dist[1.32]
Adding bndlst edge: (A_M38_MC -> A_Y81_SC) type[hb], weight[0.95] from 13 to 56 dist[2.06]
Adding bndlst edge: (A_S39_MC -> A_E40_MC) type[cov], weight[1.00] from 14 to 15 dist[1.33]
Adding bndlst edge: (A_E40_MC -> A_Q41_MC) type[cov], weight[1.00] from 15 to 16 dist[1.33]
Adding bndlst edge: (A_Q41_MC -> A_D42_MC) type[cov], weight[1.00] from 16 to 17 dist[1.33]
Adding bndlst edge: (A_Q41_MC -> A_W43_MC) type[hb], weight[0.67] from 16 to 18 dist[2.44]
Adding bndlst edge: (A_Q41_SC -> A_Y81_MC) type[hb], weight[0.92] from 16 to 56 dist[2.09]
Adding bndlst edge: (A_D42_MC -> A_W43_MC) type[cov], weight[1.00] from 17 to 18 dist[1.32]
Adding bndlst edge: (A_D42_MC -> A_I46_MC) type[hb], weight[0.63] from 17 to 21 dist[2.52]
Adding bndlst edge: (A_D42_MC -> A_A45_MC) type[hb], weight[0.62] from 17 to 20 dist[2.55]
Adding bndlst edge: (A_D42_SC -> A_A45_MC) type[hb], weight[1.05] from 17 to 20 dist[1.95]
Adding bndlst edge: (A_D42_SC -> A_S44_MC) type[hb], weight[0.89] from 17 to 19 dist[2.12]
Adding bndlst edge: (A_W43_MC -> A_S44_MC) type[cov], weight[1.00] from 18 to 19 dist[1.33]
Adding bndlst edge: (A_W43_MC -> A_Q47_MC) type[hb], weight[0.73] from 18 to 22 dist[2.35]
Adding bndlst edge: (A_W43_MC -> A_I46_MC) type[hb], weight[0.55] from 18 to 21 dist[2.69]
Adding bndlst edge: (A_S44_MC -> A_A45_MC) type[cov], weight[1.00] from 19 to 20 dist[1.33]
Adding bndlst edge: (A_S44_MC -> A_N48_MC) type[hb], weight[0.98] from 19 to 23 dist[2.02]
Adding bndlst edge: (A_S44_MC -> A_Q47_MC) type[hb], weight[0.54] from 19 to 22 dist[2.73]
Adding bndlst edge: (A_A45_MC -> A_I46_MC) type[cov], weight[1.00] from 20 to 21 dist[1.33]
Adding bndlst edge: (A_A45_MC -> A_F49_MC) type[hb], weight[1.14] from 20 to 24 dist[1.88]
Adding bndlst edge: (A_A45_MC -> A_N48_MC) type[hb], weight[0.58] from 20 to 23 dist[2.62]
Adding bndlst edge: (A_I46_MC -> A_Q47_MC) type[cov], weight[1.00] from 21 to 22 dist[1.33]
Adding bndlst edge: (A_I46_MC -> A_F49_MC) type[hb], weight[0.63] from 21 to 24 dist[2.52]
Adding bndlst edge: (A_I46_MC -> A_C50_MC) type[hb], weight[0.86] from 21 to 25 dist[2.15]
Adding bndlst edge: (A_Q47_MC -> A_N48_MC) type[cov], weight[1.00] from 22 to 23 dist[1.33]
Adding bndlst edge: (A_Q47_MC -> A_E51_MC) type[hb], weight[0.66] from 22 to 26 dist[2.46]
Adding bndlst edge: (A_N48_MC -> A_F49_MC) type[cov], weight[1.00] from 23 to 24 dist[1.32]
Adding bndlst edge: (A_N48_MC -> A_Q52_MC) type[hb], weight[0.80] from 23 to 27 dist[2.23]
Adding bndlst edge: (A_N48_MC -> A_E51_MC) type[hb], weight[0.56] from 23 to 26 dist[2.68]
Adding bndlst edge: (A_F49_MC -> A_C50_MC) type[cov], weight[1.00] from 24 to 25 dist[1.32]
Adding bndlst edge: (A_F49_MC -> A_V53_MC) type[hb], weight[0.81] from 24 to 28 dist[2.22]
Adding bndlst edge: (A_F49_MC -> A_Q52_MC) type[hb], weight[0.69] from 24 to 27 dist[2.41]
Adding bndlst edge: (A_F49_MC -> A_E51_MC) type[hb], weight[0.46] from 24 to 26 dist[2.94]
Adding bndlst edge: (A_C50_MC -> A_E51_MC) type[cov], weight[1.00] from 25 to 26 dist[1.33]
Adding bndlst edge: (A_C50_MC -> A_N54_MC) type[hb], weight[0.51] from 25 to 29 dist[2.81]
Adding bndlst edge: (A_C50_MC -> A_V53_MC) type[hb], weight[0.48] from 25 to 28 dist[2.89]
Adding bndlst edge: (A_C50_MC -> A_C93_SC) type[hb], weight[1.06] from 25 to 68 dist[1.95]
Adding bndlst edge: (A_C50_SC -> A_C89_MC) type[hb], weight[0.35] from 25 to 64 dist[3.38]
Adding bndlst edge: (A_E51_MC -> A_Q52_MC) type[cov], weight[1.00] from 26 to 27 dist[1.33]
Adding bndlst edge: (A_E51_MC -> A_T55_SC) type[hb], weight[1.01] from 26 to 30 dist[1.99]
Adding bndlst edge: (A_E51_MC -> A_T55_MC) type[hb], weight[0.93] from 26 to 30 dist[2.07]
Adding bndlst edge: (A_E51_MC -> A_N54_MC) type[hb], weight[0.77] from 26 to 29 dist[2.28]
Adding bndlst edge: (A_Q52_MC -> A_V53_MC) type[cov], weight[1.00] from 27 to 28 dist[1.33]
Adding bndlst edge: (A_Q52_MC -> A_D56_MC) type[hb], weight[1.22] from 27 to 31 dist[1.81]
Adding bndlst edge: (A_Q52_MC -> A_T55_MC) type[hb], weight[0.65] from 27 to 30 dist[2.47]
Adding bndlst edge: (A_V53_MC -> A_N54_MC) type[cov], weight[1.00] from 28 to 29 dist[1.33]
Adding bndlst edge: (A_N54_MC -> A_T55_MC) type[cov], weight[1.00] from 29 to 30 dist[1.32]
Adding bndlst edge: (A_N54_SC -> A_G94_MC) type[hb], weight[1.02] from 29 to 69 dist[1.98]
Adding bndlst edge: (A_N54_SC -> A_H92_MC) type[hb], weight[0.45] from 29 to 67 dist[3.00]
Adding bndlst edge: (A_T55_MC -> A_D56_MC) type[cov], weight[1.00] from 30 to 31 dist[1.33]
Adding bndlst edge: (A_D56_MC -> A_P57_MC) type[cov], weight[1.00] from 31 to 32 dist[1.34]
Adding bndlst edge: (A_D56_MC -> A_G59_MC) type[hb], weight[0.78] from 31 to 34 dist[2.26]
Adding bndlst edge: (A_D56_SC -> A_N58_MC) type[hb], weight[1.22] from 31 to 33 dist[1.81]
Adding bndlst edge: (A_P57_MC -> A_N58_MC) type[cov], weight[1.00] from 32 to 33 dist[1.32]
Adding bndlst edge: (A_N58_MC -> A_G59_MC) type[cov], weight[1.00] from 33 to 34 dist[1.33]
Adding bndlst edge: (A_N58_MC -> A_T61_SC) type[hb], weight[0.51] from 33 to 36 dist[2.80]
Adding bndlst edge: (A_N58_MC -> A_T61_MC) type[hb], weight[0.62] from 33 to 36 dist[2.54]
Adding bndlst edge: (A_N58_MC -> A_H62_MC) type[hb], weight[1.04] from 33 to 37 dist[1.96]
Adding bndlst edge: (A_G59_MC -> A_P60_MC) type[cov], weight[1.00] from 34 to 35 dist[1.34]
Adding bndlst edge: (A_G59_MC -> A_A63_MC) type[hb], weight[1.22] from 34 to 38 dist[1.81]
Adding bndlst edge: (A_G59_MC -> A_H62_MC) type[hb], weight[0.61] from 34 to 37 dist[2.55]
Adding bndlst edge: (A_P60_MC -> A_T61_MC) type[cov], weight[1.00] from 35 to 36 dist[1.32]
Adding bndlst edge: (A_T61_MC -> A_H62_MC) type[cov], weight[1.00] from 36 to 37 dist[1.32]
Adding bndlst edge: (A_T61_MC -> A_W65_SC) type[hb], weight[0.71] from 36 to 40 dist[2.37]
Adding bndlst edge: (A_T61_SC -> A_H62_SC) type[hb], weight[0.60] from 36 to 37 dist[2.58]
Adding bndlst edge: (A_T61_SC -> A_H62_SC) type[hb], weight[0.91] from 36 to 37 dist[2.10]
Adding bndlst edge: (A_T61_SC -> A_H62_SC) type[hb], weight[0.38] from 36 to 37 dist[3.23]
Adding bndlst edge: (A_H62_MC -> A_A63_MC) type[cov], weight[1.00] from 37 to 38 dist[1.32]
Adding bndlst edge: (A_H62_MC -> A_L66_MC) type[hb], weight[0.84] from 37 to 41 dist[2.18]
Adding bndlst edge: (A_H62_MC -> A_W65_MC) type[hb], weight[0.69] from 37 to 40 dist[2.42]
Adding bndlst edge: (A_A63_MC -> A_P64_MC) type[cov], weight[1.00] from 38 to 39 dist[1.33]
Adding bndlst edge: (A_A63_MC -> A_L66_MC) type[hb], weight[0.60] from 38 to 41 dist[2.58]
Adding bndlst edge: (A_A63_MC -> A_L67_MC) type[hb], weight[1.09] from 38 to 42 dist[1.91]
Adding bndlst edge: (A_P64_MC -> A_W65_MC) type[cov], weight[1.00] from 39 to 40 dist[1.33]
Adding bndlst edge: (A_P64_MC -> A_L67_MC) type[hb], weight[0.52] from 39 to 42 dist[2.76]
Adding bndlst edge: (A_P64_MC -> A_A68_MC) type[hb], weight[1.32] from 39 to 43 dist[1.74]
Adding bndlst edge: (A_W65_MC -> A_L66_MC) type[cov], weight[1.00] from 40 to 41 dist[1.34]
Adding bndlst edge: (A_W65_MC -> A_A68_MC) type[hb], weight[0.47] from 40 to 43 dist[2.92]
Adding bndlst edge: (A_W65_MC -> A_H69_MC) type[hb], weight[0.92] from 40 to 44 dist[2.09]
Adding bndlst edge: (A_L66_MC -> A_L67_MC) type[cov], weight[1.00] from 41 to 42 dist[1.32]
Adding bndlst edge: (A_L66_MC -> A_K70_MC) type[hb], weight[0.63] from 41 to 45 dist[2.52]
Adding bndlst edge: (A_L67_MC -> A_A68_MC) type[cov], weight[1.00] from 42 to 43 dist[1.32]
Adding bndlst edge: (A_L67_MC -> A_K70_MC) type[hb], weight[0.55] from 42 to 45 dist[2.70]
Adding bndlst edge: (A_L67_MC -> A_I71_MC) type[hb], weight[1.01] from 42 to 46 dist[1.99]
Adding bndlst edge: (A_A68_MC -> A_H69_MC) type[cov], weight[1.00] from 43 to 44 dist[1.32]
Adding bndlst edge: (A_A68_MC -> A_Q72_MC) type[hb], weight[0.71] from 43 to 47 dist[2.37]
Adding bndlst edge: (A_A68_MC -> A_I71_MC) type[hb], weight[0.50] from 43 to 46 dist[2.83]
Adding bndlst edge: (A_H69_MC -> A_K70_MC) type[cov], weight[1.00] from 44 to 45 dist[1.32]
Adding bndlst edge: (A_H69_MC -> A_Q72_MC) type[hb], weight[0.68] from 44 to 47 dist[2.42]
Adding bndlst edge: (A_K70_MC -> A_I71_MC) type[cov], weight[1.00] from 45 to 46 dist[1.33]
Adding bndlst edge: (A_K70_MC -> A_S73_MC) type[hb], weight[0.95] from 45 to 48 dist[2.06]
Adding bndlst edge: (A_I71_MC -> A_Q72_MC) type[cov], weight[1.00] from 46 to 47 dist[1.32]
Adding bndlst edge: (A_I71_MC -> A_S73_MC) type[hb], weight[0.45] from 46 to 48 dist[3.00]
Adding bndlst edge: (A_Q72_MC -> A_S73_MC) type[cov], weight[1.00] from 47 to 48 dist[1.32]
Adding bndlst edge: (A_Q72_MC -> A_W122_SC) type[hb], weight[1.31] from 47 to 97 dist[1.75]
Adding bndlst edge: (A_Q72_SC -> A_E109_SC) type[hb], weight[1.20] from 47 to 84 dist[1.82]
Adding bndlst edge: (A_Q72_SC -> A_E109_MC) type[hb], weight[0.73] from 47 to 84 dist[2.35]
Adding bndlst edge: (A_S73_MC -> A_P74_MC) type[cov], weight[1.00] from 48 to 49 dist[1.34]
Adding bndlst edge: (A_S73_SC -> A_Q75_MC) type[hb], weight[1.16] from 48 to 50 dist[1.86]
Adding bndlst edge: (A_S73_SC -> A_E78_SC) type[hb], weight[1.42] from 48 to 53 dist[1.68]
Adding bndlst edge: (A_P74_MC -> A_Q75_MC) type[cov], weight[1.00] from 49 to 50 dist[1.34]
Adding bndlst edge: (A_Q75_MC -> A_E76_MC) type[cov], weight[1.00] from 50 to 51 dist[1.33]
Adding bndlst edge: (A_Q75_MC -> A_E78_MC) type[hb], weight[0.79] from 50 to 53 dist[2.25]
Adding bndlst edge: (A_Q75_MC -> A_A79_MC) type[hb], weight[0.80] from 50 to 54 dist[2.24]
Adding bndlst edge: (A_E76_MC -> A_K77_MC) type[cov], weight[1.00] from 51 to 52 dist[1.33]
Adding bndlst edge: (A_E76_MC -> A_L80_MC) type[hb], weight[1.07] from 51 to 55 dist[1.93]
Adding bndlst edge: (A_E76_MC -> A_A79_MC) type[hb], weight[0.66] from 51 to 54 dist[2.46]
Adding bndlst edge: (A_E76_SC -> A_T124_SC) type[cov], weight[1.00] from 51 to 99 dist[1.38]
Adding bndlst edge: (A_K77_MC -> A_E78_MC) type[cov], weight[1.00] from 52 to 53 dist[1.32]
Adding bndlst edge: (A_K77_MC -> A_Y81_MC) type[hb], weight[1.02] from 52 to 56 dist[1.98]
Adding bndlst edge: (A_K77_SC -> A_Y81_SC) type[hb], weight[0.84] from 52 to 56 dist[2.19]
Adding bndlst edge: (A_K77_SC -> A_Y81_SC) type[hb], weight[0.45] from 52 to 56 dist[2.99]
Adding bndlst edge: (A_E78_MC -> A_A79_MC) type[cov], weight[1.00] from 53 to 54 dist[1.33]
Adding bndlst edge: (A_E78_MC -> A_A82_MC) type[hb], weight[0.88] from 53 to 57 dist[2.14]
Adding bndlst edge: (A_A79_MC -> A_L80_MC) type[cov], weight[1.00] from 54 to 55 dist[1.33]
Adding bndlst edge: (A_A79_MC -> A_L83_MC) type[hb], weight[1.13] from 54 to 58 dist[1.88]
Adding bndlst edge: (A_A79_MC -> A_A82_MC) type[hb], weight[0.56] from 54 to 57 dist[2.68]
Adding bndlst edge: (A_L80_MC -> A_Y81_MC) type[cov], weight[1.00] from 55 to 56 dist[1.33]
Adding bndlst edge: (A_L80_MC -> A_T84_MC) type[hb], weight[1.05] from 55 to 59 dist[1.95]
Adding bndlst edge: (A_L80_MC -> A_L83_MC) type[hb], weight[0.62] from 55 to 58 dist[2.54]
Adding bndlst edge: (A_Y81_MC -> A_A82_MC) type[cov], weight[1.00] from 56 to 57 dist[1.33]
Adding bndlst edge: (A_Y81_MC -> A_V85_MC) type[hb], weight[1.03] from 56 to 60 dist[1.98]
Adding bndlst edge: (A_Y81_MC -> A_T84_MC) type[hb], weight[0.63] from 56 to 59 dist[2.51]
Adding bndlst edge: (A_A82_MC -> A_L83_MC) type[cov], weight[1.00] from 57 to 58 dist[1.32]
Adding bndlst edge: (A_A82_MC -> A_V85_MC) type[hb], weight[0.63] from 57 to 60 dist[2.52]
Adding bndlst edge: (A_A82_MC -> A_L86_MC) type[hb], weight[1.33] from 57 to 61 dist[1.73]
Adding bndlst edge: (A_L83_MC -> A_T84_MC) type[cov], weight[1.00] from 58 to 59 dist[1.33]
Adding bndlst edge: (A_L83_MC -> A_E87_MC) type[hb], weight[1.09] from 58 to 62 dist[1.91]
Adding bndlst edge: (A_L83_MC -> A_L86_MC) type[hb], weight[0.53] from 58 to 61 dist[2.74]
Adding bndlst edge: (A_T84_MC -> A_V85_MC) type[cov], weight[1.00] from 59 to 60 dist[1.33]
Adding bndlst edge: (A_T84_MC -> A_M88_MC) type[hb], weight[1.08] from 59 to 63 dist[1.93]
Adding bndlst edge: (A_T84_MC -> A_E87_MC) type[hb], weight[0.56] from 59 to 62 dist[2.67]
Adding bndlst edge: (A_T84_SC -> A_R130_SC) type[hb], weight[0.56] from 59 to 105 dist[2.67]
Adding bndlst edge: (A_V85_MC -> A_L86_MC) type[cov], weight[1.00] from 60 to 61 dist[1.33]
Adding bndlst edge: (A_V85_MC -> A_C89_MC) type[hb], weight[1.13] from 60 to 64 dist[1.88]
Adding bndlst edge: (A_V85_MC -> A_M88_MC) type[hb], weight[0.56] from 60 to 63 dist[2.67]
Adding bndlst edge: (A_L86_MC -> A_E87_MC) type[cov], weight[1.00] from 61 to 62 dist[1.33]
Adding bndlst edge: (A_L86_MC -> A_M90_MC) type[hb], weight[0.94] from 61 to 65 dist[2.07]
Adding bndlst edge: (A_L86_MC -> A_C89_MC) type[hb], weight[0.50] from 61 to 64 dist[2.84]
Adding bndlst edge: (A_E87_MC -> A_M88_MC) type[cov], weight[1.00] from 62 to 63 dist[1.33]
Adding bndlst edge: (A_E87_MC -> A_N91_SC) type[hb], weight[0.52] from 62 to 66 dist[2.78]
Adding bndlst edge: (A_E87_MC -> A_N91_MC) type[hb], weight[0.54] from 62 to 66 dist[2.71]
Adding bndlst edge: (A_E87_MC -> A_M90_MC) type[hb], weight[0.45] from 62 to 65 dist[2.98]
Adding bndlst edge: (A_E87_SC -> A_R130_SC) type[salt], weight[0.51] from 62 to 105 dist[2.66]
Adding bndlst edge: (A_E87_SC -> A_R130_SC) type[cov], weight[1.00] from 62 to 105 dist[1.52]
Adding bndlst edge: (A_E87_SC -> A_R130_SC) type[salt], weight[0.94] from 62 to 105 dist[1.96]
Adding bndlst edge: (A_M88_MC -> A_C89_MC) type[cov], weight[1.00] from 63 to 64 dist[1.33]
Adding bndlst edge: (A_M88_MC -> A_H92_MC) type[hb], weight[0.85] from 63 to 67 dist[2.17]
Adding bndlst edge: (A_M88_MC -> A_N91_MC) type[hb], weight[0.66] from 63 to 66 dist[2.46]
Adding bndlst edge: (A_C89_MC -> A_M90_MC) type[cov], weight[1.00] from 64 to 65 dist[1.32]
Adding bndlst edge: (A_C89_MC -> A_C93_MC) type[hb], weight[1.16] from 64 to 68 dist[1.85]
Adding bndlst edge: (A_C89_MC -> A_H92_MC) type[hb], weight[0.56] from 64 to 67 dist[2.66]
Adding bndlst edge: (A_M90_MC -> A_N91_MC) type[cov], weight[1.00] from 65 to 66 dist[1.32]
Adding bndlst edge: (A_N91_MC -> A_H92_MC) type[cov], weight[1.00] from 66 to 67 dist[1.32]
Adding bndlst edge: (A_N91_SC -> A_W141_SC) type[hb], weight[0.37] from 66 to 116 dist[3.30]
Adding bndlst edge: (A_H92_MC -> A_C93_MC) type[cov], weight[1.00] from 67 to 68 dist[1.32]
Adding bndlst edge: (A_C93_MC -> A_G94_MC) type[cov], weight[1.00] from 68 to 69 dist[1.33]
Adding bndlst edge: (A_G94_MC -> A_E95_MC) type[cov], weight[1.00] from 69 to 70 dist[1.32]
Adding bndlst edge: (A_G94_MC -> A_H98_MC) type[hb], weight[0.83] from 69 to 73 dist[2.19]
Adding bndlst edge: (A_G94_MC -> A_F97_MC) type[hb], weight[0.54] from 69 to 72 dist[2.73]
Adding bndlst edge: (A_E95_MC -> A_K96_MC) type[cov], weight[1.00] from 70 to 71 dist[1.33]
Adding bndlst edge: (A_E95_MC -> A_S99_MC) type[hb], weight[1.22] from 70 to 74 dist[1.81]
Adding bndlst edge: (A_K96_MC -> A_F97_MC) type[cov], weight[1.00] from 71 to 72 dist[1.33]
Adding bndlst edge: (A_K96_MC -> A_S99_MC) type[hb], weight[0.54] from 71 to 74 dist[2.73]
Adding bndlst edge: (A_K96_MC -> A_E100_MC) type[hb], weight[0.78] from 71 to 75 dist[2.26]
Adding bndlst edge: (A_F97_MC -> A_H98_MC) type[cov], weight[1.00] from 72 to 73 dist[1.33]
Adding bndlst edge: (A_F97_MC -> A_V101_MC) type[hb], weight[0.89] from 72 to 76 dist[2.12]
Adding bndlst edge: (A_F97_MC -> A_E100_MC) type[hb], weight[0.99] from 72 to 75 dist[2.01]
Adding bndlst edge: (A_H98_MC -> A_S99_MC) type[cov], weight[1.00] from 73 to 74 dist[1.32]
Adding bndlst edge: (A_H98_MC -> A_V101_MC) type[hb], weight[0.49] from 73 to 76 dist[2.86]
Adding bndlst edge: (A_H98_MC -> A_A102_MC) type[hb], weight[1.01] from 73 to 77 dist[1.99]
Adding bndlst edge: (A_H98_SC -> A_F142_SC) type[hb], weight[0.47] from 73 to 117 dist[2.92]
Adding bndlst edge: (A_H98_SC -> A_F142_SC) type[hb], weight[0.52] from 73 to 117 dist[2.77]
Adding bndlst edge: (A_H98_SC -> A_F142_SC) type[hb], weight[0.54] from 73 to 117 dist[2.72]
Adding bndlst edge: (A_H98_SC -> A_F142_SC) type[hb], weight[0.56] from 73 to 117 dist[2.68]
Adding bndlst edge: (A_H98_SC -> A_F142_SC) type[hb], weight[0.45] from 73 to 117 dist[2.97]
Adding bndlst edge: (A_H98_SC -> A_F142_SC) type[hb], weight[0.49] from 73 to 117 dist[2.87]
Adding bndlst edge: (A_S99_MC -> A_E100_MC) type[cov], weight[1.00] from 74 to 75 dist[1.33]
Adding bndlst edge: (A_S99_MC -> A_K103_MC) type[hb], weight[0.46] from 74 to 78 dist[2.96]
Adding bndlst edge: (A_S99_MC -> A_A102_MC) type[hb], weight[0.55] from 74 to 77 dist[2.71]
Adding bndlst edge: (A_E100_MC -> A_V101_MC) type[cov], weight[1.00] from 75 to 76 dist[1.32]
Adding bndlst edge: (A_E100_MC -> A_K103_MC) type[hb], weight[0.84] from 75 to 78 dist[2.19]
Adding bndlst edge: (A_E100_SC -> A_K103_SC) type[salt], weight[0.65] from 75 to 78 dist[2.35]
Adding bndlst edge: (A_E100_SC -> A_K103_SC) type[cov], weight[1.00] from 75 to 78 dist[1.56]
Adding bndlst edge: (A_E100_SC -> A_R105_SC) type[salt], weight[0.49] from 75 to 80 dist[2.70]
Adding bndlst edge: (A_E100_SC -> A_K103_SC) type[salt], weight[0.65] from 75 to 78 dist[2.36]
Adding bndlst edge: (A_V101_MC -> A_A102_MC) type[cov], weight[1.00] from 76 to 77 dist[1.33]
Adding bndlst edge: (A_A102_MC -> A_K103_MC) type[cov], weight[1.00] from 77 to 78 dist[1.33]
Adding bndlst edge: (A_K103_MC -> A_F104_MC) type[cov], weight[1.00] from 78 to 79 dist[1.32]
Adding bndlst edge: (A_K103_MC -> A_L107_MC) type[hb], weight[0.86] from 78 to 82 dist[2.16]
Adding bndlst edge: (A_K103_MC -> A_F106_MC) type[hb], weight[0.57] from 78 to 81 dist[2.64]
Adding bndlst edge: (A_F104_MC -> A_R105_MC) type[cov], weight[1.00] from 79 to 80 dist[1.33]
Adding bndlst edge: (A_F104_MC -> A_N108_MC) type[hb], weight[1.40] from 79 to 83 dist[1.69]
Adding bndlst edge: (A_F104_MC -> A_L107_MC) type[hb], weight[0.58] from 79 to 82 dist[2.62]
Adding bndlst edge: (A_R105_MC -> A_F106_MC) type[cov], weight[1.00] from 80 to 81 dist[1.32]
Adding bndlst edge: (A_R105_MC -> A_N108_MC) type[hb], weight[0.48] from 80 to 83 dist[2.90]
Adding bndlst edge: (A_R105_MC -> A_E109_MC) type[hb], weight[0.60] from 80 to 84 dist[2.57]
Adding bndlst edge: (A_F106_MC -> A_L107_MC) type[cov], weight[1.00] from 81 to 82 dist[1.33]
Adding bndlst edge: (A_F106_MC -> A_L110_MC) type[hb], weight[0.75] from 81 to 85 dist[2.32]
Adding bndlst edge: (A_F106_MC -> A_E109_MC) type[hb], weight[0.75] from 81 to 84 dist[2.31]
Adding bndlst edge: (A_L107_MC -> A_N108_MC) type[cov], weight[1.00] from 82 to 83 dist[1.33]
Adding bndlst edge: (A_L107_MC -> A_L110_MC) type[hb], weight[0.67] from 82 to 85 dist[2.45]
Adding bndlst edge: (A_L107_MC -> A_I111_MC) type[hb], weight[1.06] from 82 to 86 dist[1.94]
Adding bndlst edge: (A_N108_MC -> A_E109_MC) type[cov], weight[1.00] from 83 to 84 dist[1.33]
Adding bndlst edge: (A_N108_MC -> A_K112_MC) type[hb], weight[0.79] from 83 to 87 dist[2.25]
Adding bndlst edge: (A_N108_MC -> A_I111_MC) type[hb], weight[0.57] from 83 to 86 dist[2.65]
Adding bndlst edge: (A_E109_MC -> A_L110_MC) type[cov], weight[1.00] from 84 to 85 dist[1.33]
Adding bndlst edge: (A_E109_MC -> A_K112_MC) type[hb], weight[0.62] from 84 to 87 dist[2.54]
Adding bndlst edge: (A_E109_SC -> A_K112_SC) type[salt], weight[0.40] from 84 to 87 dist[2.99]
Adding bndlst edge: (A_E109_SC -> A_K112_SC) type[salt], weight[0.85] from 84 to 87 dist[2.06]
Adding bndlst edge: (A_L110_MC -> A_I111_MC) type[cov], weight[1.00] from 85 to 86 dist[1.32]
Adding bndlst edge: (A_L110_MC -> A_V113_MC) type[hb], weight[0.66] from 85 to 88 dist[2.46]
Adding bndlst edge: (A_I111_MC -> A_K112_MC) type[cov], weight[1.00] from 86 to 87 dist[1.33]
Adding bndlst edge: (A_I111_MC -> A_L114_MC) type[hb], weight[1.10] from 86 to 89 dist[1.91]
Adding bndlst edge: (A_K112_MC -> A_V113_MC) type[cov], weight[1.00] from 87 to 88 dist[1.32]
Adding bndlst edge: (A_K112_MC -> A_S115_MC) type[hb], weight[1.03] from 87 to 90 dist[1.97]
Adding bndlst edge: (A_V113_MC -> A_L114_MC) type[cov], weight[1.00] from 88 to 89 dist[1.33]
Adding bndlst edge: (A_V113_MC -> A_S121_SC) type[hb], weight[0.96] from 88 to 96 dist[2.04]
Adding bndlst edge: (A_L114_MC -> A_S115_MC) type[cov], weight[1.00] from 89 to 90 dist[1.33]
Adding bndlst edge: (A_S115_MC -> A_P116_MC) type[cov], weight[1.00] from 90 to 91 dist[1.33]
Adding bndlst edge: (A_S115_SC -> A_K117_MC) type[hb], weight[0.65] from 90 to 92 dist[2.48]
Adding bndlst edge: (A_P116_MC -> A_K117_MC) type[cov], weight[1.00] from 91 to 92 dist[1.33]
Adding bndlst edge: (A_K117_MC -> A_Y118_MC) type[cov], weight[1.00] from 92 to 93 dist[1.33]
Adding bndlst edge: (A_K117_MC -> A_G120_MC) type[hb], weight[1.31] from 92 to 95 dist[1.75]
Adding bndlst edge: (A_Y118_MC -> A_L119_MC) type[cov], weight[1.00] from 93 to 94 dist[1.32]
Adding bndlst edge: (A_Y118_MC -> A_G120_MC) type[hb], weight[0.47] from 93 to 95 dist[2.91]
Adding bndlst edge: (A_L119_MC -> A_G120_MC) type[cov], weight[1.00] from 94 to 95 dist[1.33]
Adding bndlst edge: (A_G120_MC -> A_S121_MC) type[cov], weight[1.00] from 95 to 96 dist[1.32]
Adding bndlst edge: (A_S121_MC -> A_W122_MC) type[cov], weight[1.00] from 96 to 97 dist[1.32]
Adding bndlst edge: (A_S121_SC -> A_A123_MC) type[hb], weight[0.93] from 96 to 98 dist[2.07]
Adding bndlst edge: (A_W122_MC -> A_A123_MC) type[cov], weight[1.00] from 97 to 98 dist[1.33]
Adding bndlst edge: (A_A123_MC -> A_T124_MC) type[cov], weight[1.00] from 98 to 99 dist[1.33]
Adding bndlst edge: (A_T124_MC -> A_G125_MC) type[cov], weight[1.00] from 99 to 100 dist[1.34]
Adding bndlst edge: (A_T124_MC -> A_K128_MC) type[hb], weight[0.88] from 99 to 103 dist[2.14]
Adding bndlst edge: (A_T124_MC -> A_V127_MC) type[hb], weight[0.53] from 99 to 102 dist[2.75]
Adding bndlst edge: (A_T124_SC -> A_V127_MC) type[hb], weight[0.75] from 99 to 102 dist[2.32]
Adding bndlst edge: (A_G125_MC -> A_K126_MC) type[cov], weight[1.00] from 100 to 101 dist[1.32]
Adding bndlst edge: (A_G125_MC -> A_K128_MC) type[hb], weight[0.47] from 100 to 103 dist[2.92]
Adding bndlst edge: (A_G125_MC -> A_G129_MC) type[hb], weight[1.12] from 100 to 104 dist[1.89]
Adding bndlst edge: (A_K126_MC -> A_V127_MC) type[cov], weight[1.00] from 101 to 102 dist[1.33]
Adding bndlst edge: (A_K126_MC -> A_R130_MC) type[hb], weight[0.98] from 101 to 105 dist[2.02]
Adding bndlst edge: (A_K126_MC -> A_G129_MC) type[hb], weight[0.56] from 101 to 104 dist[2.68]
Adding bndlst edge: (A_V127_MC -> A_K128_MC) type[cov], weight[1.00] from 102 to 103 dist[1.32]
Adding bndlst edge: (A_V127_MC -> A_V131_MC) type[hb], weight[1.03] from 102 to 106 dist[1.97]
Adding bndlst edge: (A_V127_MC -> A_R130_MC) type[hb], weight[0.56] from 102 to 105 dist[2.67]
Adding bndlst edge: (A_K128_MC -> A_G129_MC) type[cov], weight[1.00] from 103 to 104 dist[1.33]
Adding bndlst edge: (A_K128_MC -> A_V131_MC) type[hb], weight[0.53] from 103 to 106 dist[2.74]
Adding bndlst edge: (A_K128_MC -> A_I132_MC) type[hb], weight[1.09] from 103 to 107 dist[1.92]
Adding bndlst edge: (A_G129_MC -> A_R130_MC) type[cov], weight[1.00] from 104 to 105 dist[1.31]
Adding bndlst edge: (A_G129_MC -> A_E133_MC) type[hb], weight[1.12] from 104 to 108 dist[1.89]
Adding bndlst edge: (A_G129_MC -> A_I132_MC) type[hb], weight[0.56] from 104 to 107 dist[2.68]
Adding bndlst edge: (A_R130_MC -> A_V131_MC) type[cov], weight[1.00] from 105 to 106 dist[1.33]
Adding bndlst edge: (A_R130_MC -> A_I134_MC) type[hb], weight[1.21] from 105 to 109 dist[1.82]
Adding bndlst edge: (A_R130_MC -> A_E133_MC) type[hb], weight[0.67] from 105 to 108 dist[2.45]
Adding bndlst edge: (A_R130_SC -> A_E133_SC) type[salt], weight[0.62] from 105 to 108 dist[2.41]
Adding bndlst edge: (A_R130_SC -> A_E133_SC) type[salt], weight[0.47] from 105 to 108 dist[2.77]
Adding bndlst edge: (A_V131_MC -> A_I132_MC) type[cov], weight[1.00] from 106 to 107 dist[1.32]
Adding bndlst edge: (A_V131_MC -> A_I134_MC) type[hb], weight[0.50] from 106 to 109 dist[2.83]
Adding bndlst edge: (A_V131_MC -> A_L135_MC) type[hb], weight[0.98] from 106 to 110 dist[2.02]
Adding bndlst edge: (A_I132_MC -> A_E133_MC) type[cov], weight[1.00] from 107 to 108 dist[1.32]
Adding bndlst edge: (A_I132_MC -> A_F136_MC) type[hb], weight[0.82] from 107 to 111 dist[2.21]
Adding bndlst edge: (A_I132_MC -> A_L135_MC) type[hb], weight[0.55] from 107 to 110 dist[2.69]
Adding bndlst edge: (A_E133_MC -> A_I134_MC) type[cov], weight[1.00] from 108 to 109 dist[1.33]
Adding bndlst edge: (A_E133_MC -> A_S137_MC) type[hb], weight[0.91] from 108 to 112 dist[2.10]
Adding bndlst edge: (A_E133_MC -> A_F136_MC) type[hb], weight[0.47] from 108 to 111 dist[2.90]
Adding bndlst edge: (A_I134_MC -> A_L135_MC) type[cov], weight[1.00] from 109 to 110 dist[1.33]
Adding bndlst edge: (A_I134_MC -> A_W138_MC) type[hb], weight[0.77] from 109 to 113 dist[2.28]
Adding bndlst edge: (A_I134_MC -> A_S137_SC) type[hb], weight[1.43] from 109 to 112 dist[1.67]
Adding bndlst edge: (A_L135_MC -> A_F136_MC) type[cov], weight[1.00] from 110 to 111 dist[1.32]
Adding bndlst edge: (A_L135_MC -> A_T139_MC) type[hb], weight[0.86] from 110 to 114 dist[2.15]
Adding bndlst edge: (A_L135_MC -> A_W138_MC) type[hb], weight[0.60] from 110 to 113 dist[2.58]
Adding bndlst edge: (A_F136_MC -> A_S137_MC) type[cov], weight[1.00] from 111 to 112 dist[1.33]
Adding bndlst edge: (A_F136_MC -> A_V140_MC) type[hb], weight[0.83] from 111 to 115 dist[2.19]
Adding bndlst edge: (A_F136_MC -> A_T139_SC) type[cov], weight[1.00] from 111 to 114 dist[1.51]
Adding bndlst edge: (A_F136_MC -> A_T139_MC) type[hb], weight[0.73] from 111 to 114 dist[2.34]
Adding bndlst edge: (A_S137_MC -> A_W138_MC) type[cov], weight[1.00] from 112 to 113 dist[1.32]
Adding bndlst edge: (A_S137_MC -> A_W141_MC) type[hb], weight[1.18] from 112 to 116 dist[1.84]
Adding bndlst edge: (A_S137_MC -> A_V140_MC) type[hb], weight[0.65] from 112 to 115 dist[2.47]
Adding bndlst edge: (A_S137_SC -> A_W138_MC) type[hb], weight[0.55] from 112 to 113 dist[2.70]
Adding bndlst edge: (A_W138_MC -> A_T139_MC) type[cov], weight[1.00] from 113 to 114 dist[1.33]
Adding bndlst edge: (A_W138_MC -> A_F142_MC) type[hb], weight[1.25] from 113 to 117 dist[1.79]
Adding bndlst edge: (A_W138_MC -> A_W141_MC) type[hb], weight[0.48] from 113 to 116 dist[2.88]
Adding bndlst edge: (A_T139_MC -> A_V140_MC) type[cov], weight[1.00] from 114 to 115 dist[1.33]
Adding bndlst edge: (A_T139_SC -> A_V140_MC) type[hb], weight[0.49] from 114 to 115 dist[2.86]
Adding bndlst edge: (A_V140_MC -> A_W141_MC) type[cov], weight[1.00] from 115 to 116 dist[1.32]
Adding bndlst edge: (A_W141_MC -> A_F142_MC) type[cov], weight[1.00] from 116 to 117 dist[1.33]
Adding bndlst edge: (A_F142_MC -> A_P143_MC) type[cov], weight[1.00] from 117 to 118 dist[1.34]
Adding bndlst edge: (A_F142_MC -> A_D145_MC) type[hb], weight[1.10] from 117 to 120 dist[1.91]
Adding bndlst edge: (A_F142_MC -> A_E144_MC) type[hb], weight[0.49] from 117 to 119 dist[2.85]
Adding bndlst edge: (A_P143_MC -> A_E144_MC) type[cov], weight[1.00] from 118 to 119 dist[1.32]
Adding bndlst edge: (A_E144_MC -> A_D145_MC) type[cov], weight[1.00] from 119 to 120 dist[1.34]
Adding bndlst edge: (A_E144_MC -> A_I146_MC) type[hb], weight[0.50] from 119 to 121 dist[2.83]
Adding bndlst edge: (A_D145_MC -> A_I146_MC) type[cov], weight[1.00] from 120 to 121 dist[1.33]
Adding bndlst edge: (A_D145_MC -> A_I148_MC) type[hb], weight[0.52] from 120 to 123 dist[2.77]
Adding bndlst edge: (A_D145_MC -> A_R149_MC) type[hb], weight[0.89] from 120 to 124 dist[2.12]
Adding bndlst edge: (A_I146_MC -> A_K147_MC) type[cov], weight[1.00] from 121 to 122 dist[1.33]
Adding bndlst edge: (A_I146_MC -> A_R149_MC) type[hb], weight[0.57] from 121 to 124 dist[2.65]
Adding bndlst edge: (A_I146_MC -> A_D150_MC) type[hb], weight[1.31] from 121 to 125 dist[1.75]
Adding bndlst edge: (A_K147_MC -> A_I148_MC) type[cov], weight[1.00] from 122 to 123 dist[1.32]
Adding bndlst edge: (A_K147_MC -> A_A151_MC) type[hb], weight[1.04] from 122 to 126 dist[1.96]
Adding bndlst edge: (A_I148_MC -> A_R149_MC) type[cov], weight[1.00] from 123 to 124 dist[1.32]
Adding bndlst edge: (A_I148_MC -> A_A151_MC) type[hb], weight[0.53] from 123 to 126 dist[2.74]
Adding bndlst edge: (A_I148_MC -> A_Y152_MC) type[hb], weight[0.87] from 123 to 127 dist[2.15]
Adding bndlst edge: (A_R149_MC -> A_D150_MC) type[cov], weight[1.00] from 124 to 125 dist[1.32]
Adding bndlst edge: (A_R149_MC -> A_Q153_MC) type[hb], weight[1.02] from 124 to 128 dist[1.98]
Adding bndlst edge: (A_R149_MC -> A_Y152_MC) type[hb], weight[0.52] from 124 to 127 dist[2.77]
Adding bndlst edge: (A_R149_SC -> A_D150_SC) type[salt], weight[0.77] from 124 to 125 dist[2.16]
Adding bndlst edge: (A_R149_SC -> A_D150_SC) type[salt], weight[0.47] from 124 to 125 dist[2.77]
Adding bndlst edge: (A_R149_SC -> A_D150_SC) type[salt], weight[0.87] from 124 to 125 dist[2.04]
Adding bndlst edge: (A_D150_MC -> A_A151_MC) type[cov], weight[1.00] from 125 to 126 dist[1.33]
Adding bndlst edge: (A_D150_MC -> A_M154_MC) type[hb], weight[1.07] from 125 to 129 dist[1.93]
Adding bndlst edge: (A_A151_MC -> A_Y152_MC) type[cov], weight[1.00] from 126 to 127 dist[1.33]
Adding bndlst edge: (A_A151_MC -> A_L155_MC) type[hb], weight[1.17] from 126 to 130 dist[1.85]
Adding bndlst edge: (A_A151_MC -> A_M154_MC) type[hb], weight[0.58] from 126 to 129 dist[2.62]
Adding bndlst edge: (A_Y152_MC -> A_Q153_MC) type[cov], weight[1.00] from 127 to 128 dist[1.33]
Adding bndlst edge: (A_Y152_MC -> A_K156_MC) type[hb], weight[0.96] from 127 to 131 dist[2.04]
Adding bndlst edge: (A_Y152_MC -> A_L155_MC) type[hb], weight[0.48] from 127 to 130 dist[2.90]
Adding bndlst edge: (A_Y152_SC -> A_K156_SC) type[hb], weight[0.36] from 127 to 131 dist[3.35]
Adding bndlst edge: (A_Y152_SC -> A_D164_SC) type[hb], weight[1.26] from 127 to 139 dist[1.78]
Adding bndlst edge: (A_Q153_MC -> A_M154_MC) type[cov], weight[1.00] from 128 to 129 dist[1.33]
Adding bndlst edge: (A_Q153_MC -> A_K156_MC) type[hb], weight[0.69] from 128 to 131 dist[2.40]
Adding bndlst edge: (A_Q153_MC -> A_K157_MC) type[hb], weight[1.33] from 128 to 132 dist[1.73]
Adding bndlst edge: (A_M154_MC -> A_L155_MC) type[cov], weight[1.00] from 129 to 130 dist[1.32]
Adding bndlst edge: (A_M154_MC -> A_K157_MC) type[hb], weight[0.59] from 129 to 132 dist[2.60]
Adding bndlst edge: (A_M154_MC -> A_Q158_MC) type[hb], weight[1.07] from 129 to 133 dist[1.93]
Adding bndlst edge: (A_L155_MC -> A_K156_MC) type[cov], weight[1.00] from 130 to 131 dist[1.33]
Adding bndlst edge: (A_L155_MC -> A_I160_MC) type[hb], weight[0.73] from 130 to 135 dist[2.34]
Adding bndlst edge: (A_L155_MC -> A_I161_MC) type[hb], weight[0.59] from 130 to 136 dist[2.61]
Adding bndlst edge: (A_L155_MC -> A_G159_MC) type[hb], weight[0.50] from 130 to 134 dist[2.84]
Adding bndlst edge: (A_L155_MC -> A_Q158_MC) type[hb], weight[0.57] from 130 to 133 dist[2.66]
Adding bndlst edge: (A_K156_MC -> A_K157_MC) type[cov], weight[1.00] from 131 to 132 dist[1.32]
Adding bndlst edge: (A_K156_MC -> A_G159_MC) type[hb], weight[0.84] from 131 to 134 dist[2.19]
Adding bndlst edge: (A_K156_SC -> A_D164_SC) type[salt], weight[0.46] from 131 to 139 dist[2.80]
Adding bndlst edge: (A_K156_SC -> A_D164_SC) type[cov], weight[1.00] from 131 to 139 dist[1.49]
Adding bndlst edge: (A_K156_SC -> A_D164_SC) type[salt], weight[0.47] from 131 to 139 dist[2.77]
Adding bndlst edge: (A_K157_MC -> A_Q158_MC) type[cov], weight[1.00] from 132 to 133 dist[1.32]
Adding bndlst edge: (A_K157_MC -> A_G159_MC) type[hb], weight[0.51] from 132 to 134 dist[2.79]
Adding bndlst edge: (A_Q158_MC -> A_G159_MC) type[cov], weight[1.00] from 133 to 134 dist[1.32]
Adding bndlst edge: (A_G159_MC -> A_I160_MC) type[cov], weight[1.00] from 134 to 135 dist[1.33]
Adding bndlst edge: (A_I160_MC -> A_I161_MC) type[cov], weight[1.00] from 135 to 136 dist[1.33]
Adding bndlst edge: (A_I161_MC -> A_K162_MC) type[cov], weight[1.00] from 136 to 137 dist[1.34]
Adding bndlst edge: (A_K162_MC -> A_Q163_MC) type[cov], weight[1.00] from 137 to 138 dist[1.33]
Adding bndlst edge: (A_Q163_MC -> A_D164_MC) type[cov], weight[1.00] from 138 to 139 dist[1.33]
Adding bndlst edge: (A_D164_MC -> A_P165_MC) type[cov], weight[1.00] from 139 to 140 dist[1.33]
Adding bndlst edge: (A_P165_MC -> A_K166_MC) type[cov], weight[1.00] from 140 to 141 dist[1.33]
Adding bndlst edge: (A_K166_MC -> A_L167_MC) type[cov], weight[1.00] from 141 to 142 dist[1.33]

bndlst DONE

Producing PAJEK network
printing pajek edge (A_152_TYR,A_153_GLN)
printing pajek edge (A_152_TYR,A_155_LEU)
printing pajek edge (A_152_TYR,A_156_LYS)
printing pajek edge (A_152_TYR,A_164_ASP)
printing pajek edge (A_57_PRO,A_58_ASN)
printing pajek edge (A_115_SER,A_117_LYS)
printing pajek edge (A_115_SER,A_116_PRO)
printing pajek edge (A_143_PRO,A_144_GLU)
printing pajek edge (A_96_LYS,A_99_SER)
printing pajek edge (A_96_LYS,A_100_GLU)
printing pajek edge (A_96_LYS,A_97_PHE)
printing pajek edge (A_127_VAL,A_128_LYS)
printing pajek edge (A_127_VAL,A_131_VAL)
printing pajek edge (A_127_VAL,A_130_ARG)
printing pajek edge (A_43_TRP,A_47_GLN)
printing pajek edge (A_43_TRP,A_46_ILE)
printing pajek edge (A_43_TRP,A_44_SER)
printing pajek edge (A_150_ASP,A_154_MET)
printing pajek edge (A_150_ASP,A_151_ALA)
printing pajek edge (A_41_GLN,A_43_TRP)
printing pajek edge (A_41_GLN,A_81_TYR)
printing pajek edge (A_41_GLN,A_42_ASP)
printing pajek edge (A_69_HIS,A_70_LYS)
printing pajek edge (A_69_HIS,A_72_GLN)
printing pajek edge (A_80_LEU,A_84_THR)
printing pajek edge (A_80_LEU,A_81_TYR)
printing pajek edge (A_80_LEU,A_83_LEU)
printing pajek edge (A_109_GLU,A_112_LYS)
printing pajek edge (A_109_GLU,A_112_LYS)
printing pajek edge (A_109_GLU,A_110_LEU)
printing pajek edge (A_52_GLN,A_53_VAL)
printing pajek edge (A_52_GLN,A_55_THR)
printing pajek edge (A_52_GLN,A_56_ASP)
printing pajek edge (A_120_GLY,A_121_SER)
printing pajek edge (A_82_ALA,A_85_VAL)
printing pajek edge (A_82_ALA,A_86_LEU)
printing pajek edge (A_82_ALA,A_83_LEU)
printing pajek edge (A_45_ALA,A_46_ILE)
printing pajek edge (A_45_ALA,A_49_PHE)
printing pajek edge (A_45_ALA,A_48_ASN)
printing pajek edge (A_134_ILE,A_137_SER)
printing pajek edge (A_134_ILE,A_138_TRP)
printing pajek edge (A_134_ILE,A_135_LEU)
printing pajek edge (A_114_LEU,A_115_SER)
printing pajek edge (A_56_ASP,A_58_ASN)
printing pajek edge (A_56_ASP,A_57_PRO)
printing pajek edge (A_56_ASP,A_59_GLY)
printing pajek edge (A_60_PRO,A_61_THR)
printing pajek edge (A_36_PRO,A_37_SER)
printing pajek edge (A_103_LYS,A_106_PHE)
printing pajek edge (A_103_LYS,A_107_LEU)
printing pajek edge (A_103_LYS,A_104_PHE)
printing pajek edge (A_118_TYR,A_120_GLY)
printing pajek edge (A_118_TYR,A_119_LEU)
printing pajek edge (A_131_VAL,A_134_ILE)
printing pajek edge (A_131_VAL,A_135_LEU)
printing pajek edge (A_131_VAL,A_132_ILE)
printing pajek edge (A_90_MET,A_91_ASN)
printing pajek edge (A_54_ASN,A_94_GLY)
printing pajek edge (A_54_ASN,A_92_HIS)
printing pajek edge (A_54_ASN,A_55_THR)
printing pajek edge (A_163_GLN,A_164_ASP)
printing pajek edge (A_139_THR,A_140_VAL)
printing pajek edge (A_139_THR,A_140_VAL)
printing pajek edge (A_83_LEU,A_84_THR)
printing pajek edge (A_83_LEU,A_86_LEU)
printing pajek edge (A_83_LEU,A_87_GLU)
printing pajek edge (A_40_GLU,A_41_GLN)
printing pajek edge (A_162_LYS,A_163_GLN)
printing pajek edge (A_106_PHE,A_109_GLU)
printing pajek edge (A_106_PHE,A_110_LEU)
printing pajek edge (A_106_PHE,A_107_LEU)
printing pajek edge (A_85_VAL,A_88_MET)
printing pajek edge (A_85_VAL,A_89_CYS)
printing pajek edge (A_85_VAL,A_86_LEU)
printing pajek edge (A_126_LYS,A_129_GLY)
printing pajek edge (A_126_LYS,A_127_VAL)
printing pajek edge (A_126_LYS,A_130_ARG)
printing pajek edge (A_98_HIS,A_99_SER)
printing pajek edge (A_98_HIS,A_102_ALA)
printing pajek edge (A_98_HIS,A_142_PHE)
printing pajek edge (A_98_HIS,A_101_VAL)
printing pajek edge (A_111_ILE,A_112_LYS)
printing pajek edge (A_111_ILE,A_114_LEU)
printing pajek edge (A_101_VAL,A_102_ALA)
printing pajek edge (A_87_GLU,A_88_MET)
printing pajek edge (A_87_GLU,A_91_ASN)
printing pajek edge (A_87_GLU,A_130_ARG)
printing pajek edge (A_87_GLU,A_130_ARG)
printing pajek edge (A_87_GLU,A_90_MET)
printing pajek edge (A_92_HIS,A_93_CYS)
printing pajek edge (A_164_ASP,A_165_PRO)
printing pajek edge (A_154_MET,A_155_LEU)
printing pajek edge (A_154_MET,A_157_LYS)
printing pajek edge (A_154_MET,A_158_GLN)
printing pajek edge (A_27_GLU,A_31_ASN)
printing pajek edge (A_27_GLU,A_28_LEU)
printing pajek edge (A_27_GLU,A_30_LEU)
printing pajek edge (A_42_ASP,A_46_ILE)
printing pajek edge (A_42_ASP,A_43_TRP)
printing pajek edge (A_42_ASP,A_44_SER)
printing pajek edge (A_42_ASP,A_45_ALA)
printing pajek edge (A_135_LEU,A_139_THR)
printing pajek edge (A_135_LEU,A_136_PHE)
printing pajek edge (A_135_LEU,A_138_TRP)
printing pajek edge (A_107_LEU,A_110_LEU)
printing pajek edge (A_107_LEU,A_108_ASN)
printing pajek edge (A_107_LEU,A_111_ILE)
printing pajek edge (A_160_ILE,A_161_ILE)
printing pajek edge (A_39_SER,A_40_GLU)
printing pajek edge (A_137_SER,A_141_TRP)
printing pajek edge (A_137_SER,A_140_VAL)
printing pajek edge (A_137_SER,A_138_TRP)
printing pajek edge (A_137_SER,A_138_TRP)
printing pajek edge (A_94_GLY,A_97_PHE)
printing pajek edge (A_94_GLY,A_95_GLU)
printing pajek edge (A_94_GLY,A_98_HIS)
printing pajek edge (A_74_PRO,A_75_GLN)
printing pajek edge (A_49_PHE,A_52_GLN)
printing pajek edge (A_49_PHE,A_50_CYS)
printing pajek edge (A_49_PHE,A_53_VAL)
printing pajek edge (A_49_PHE,A_51_GLU)
printing pajek edge (A_165_PRO,A_166_LYS)
printing pajek edge (A_149_ARG,A_153_GLN)
printing pajek edge (A_149_ARG,A_152_TYR)
printing pajek edge (A_149_ARG,A_150_ASP)
printing pajek edge (A_149_ARG,A_150_ASP)
printing pajek edge (A_129_GLY,A_133_GLU)
printing pajek edge (A_129_GLY,A_130_ARG)
printing pajek edge (A_129_GLY,A_132_ILE)
printing pajek edge (A_156_LYS,A_159_GLY)
printing pajek edge (A_156_LYS,A_164_ASP)
printing pajek edge (A_156_LYS,A_164_ASP)
printing pajek edge (A_156_LYS,A_157_LYS)
printing pajek edge (A_146_ILE,A_149_ARG)
printing pajek edge (A_146_ILE,A_150_ASP)
printing pajek edge (A_146_ILE,A_147_LYS)
printing pajek edge (A_104_PHE,A_108_ASN)
printing pajek edge (A_104_PHE,A_105_ARG)
printing pajek edge (A_104_PHE,A_107_LEU)
printing pajek edge (A_25_SER,A_29_TRP)
printing pajek edge (A_25_SER,A_26_LEU)
printing pajek edge (A_25_SER,A_28_LEU)
printing pajek edge (A_48_ASN,A_52_GLN)
printing pajek edge (A_48_ASN,A_49_PHE)
printing pajek edge (A_48_ASN,A_51_GLU)
printing pajek edge (A_121_SER,A_123_ALA)
printing pajek edge (A_121_SER,A_122_TRP)
printing pajek edge (A_151_ALA,A_155_LEU)
printing pajek edge (A_151_ALA,A_152_TYR)
printing pajek edge (A_151_ALA,A_154_MET)
printing pajek edge (A_72_GLN,A_109_GLU)
printing pajek edge (A_72_GLN,A_122_TRP)
printing pajek edge (A_72_GLN,A_73_SER)
printing pajek edge (A_33_ALA,A_41_GLN)
printing pajek edge (A_33_ALA,A_34_THR)
printing pajek edge (A_123_ALA,A_124_THR)
printing pajek edge (A_62_HIS,A_63_ALA)
printing pajek edge (A_62_HIS,A_65_TRP)
printing pajek edge (A_62_HIS,A_66_LEU)
printing pajek edge (A_142_PHE,A_144_GLU)
printing pajek edge (A_142_PHE,A_145_ASP)
printing pajek edge (A_142_PHE,A_143_PRO)
printing pajek edge (A_68_ALA,A_71_ILE)
printing pajek edge (A_68_ALA,A_69_HIS)
printing pajek edge (A_68_ALA,A_72_GLN)
printing pajek edge (A_30_LEU,A_33_ALA)
printing pajek edge (A_30_LEU,A_31_ASN)
printing pajek edge (A_30_LEU,A_34_THR)
printing pajek edge (A_30_LEU,A_34_THR)
printing pajek edge (A_58_ASN,A_59_GLY)
printing pajek edge (A_58_ASN,A_61_THR)
printing pajek edge (A_58_ASN,A_62_HIS)
printing pajek edge (A_46_ILE,A_50_CYS)
printing pajek edge (A_46_ILE,A_47_GLN)
printing pajek edge (A_46_ILE,A_49_PHE)
printing pajek edge (A_88_MET,A_92_HIS)
printing pajek edge (A_88_MET,A_89_CYS)
printing pajek edge (A_88_MET,A_91_ASN)
printing pajek edge (A_32_LYS,A_33_ALA)
printing pajek edge (A_32_LYS,A_35_ASP)
printing pajek edge (A_51_GLU,A_52_GLN)
printing pajek edge (A_51_GLU,A_55_THR)
printing pajek edge (A_51_GLU,A_54_ASN)
printing pajek edge (A_105_ARG,A_109_GLU)
printing pajek edge (A_105_ARG,A_106_PHE)
printing pajek edge (A_105_ARG,A_108_ASN)
printing pajek edge (A_144_GLU,A_145_ASP)
printing pajek edge (A_144_GLU,A_146_ILE)
printing pajek edge (A_124_THR,A_128_LYS)
printing pajek edge (A_124_THR,A_127_VAL)
printing pajek edge (A_124_THR,A_125_GLY)
printing pajek edge (A_97_PHE,A_100_GLU)
printing pajek edge (A_97_PHE,A_98_HIS)
printing pajek edge (A_97_PHE,A_101_VAL)
printing pajek edge (A_99_SER,A_102_ALA)
printing pajek edge (A_99_SER,A_100_GLU)
printing pajek edge (A_99_SER,A_103_LYS)
printing pajek edge (A_86_LEU,A_89_CYS)
printing pajek edge (A_86_LEU,A_90_MET)
printing pajek edge (A_86_LEU,A_87_GLU)
printing pajek edge (A_133_GLU,A_137_SER)
printing pajek edge (A_133_GLU,A_134_ILE)
printing pajek edge (A_133_GLU,A_136_PHE)
printing pajek edge (A_140_VAL,A_141_TRP)
printing pajek edge (A_117_LYS,A_118_TYR)
printing pajek edge (A_117_LYS,A_120_GLY)
printing pajek edge (A_128_LYS,A_129_GLY)
printing pajek edge (A_128_LYS,A_131_VAL)
printing pajek edge (A_128_LYS,A_132_ILE)
printing pajek edge (A_35_ASP,A_36_PRO)
printing pajek edge (A_35_ASP,A_38_MET)
printing pajek edge (A_35_ASP,A_37_SER)
printing pajek edge (A_138_TRP,A_141_TRP)
printing pajek edge (A_138_TRP,A_142_PHE)
printing pajek edge (A_138_TRP,A_139_THR)
printing pajek edge (A_116_PRO,A_117_LYS)
printing pajek edge (A_73_SER,A_75_GLN)
printing pajek edge (A_73_SER,A_78_GLU)
printing pajek edge (A_73_SER,A_74_PRO)
printing pajek edge (A_132_ILE,A_136_PHE)
printing pajek edge (A_132_ILE,A_133_GLU)
printing pajek edge (A_132_ILE,A_135_LEU)
printing pajek edge (A_112_LYS,A_115_SER)
printing pajek edge (A_112_LYS,A_113_VAL)
printing pajek edge (A_102_ALA,A_103_LYS)
printing pajek edge (A_158_GLN,A_159_GLY)
printing pajek edge (A_148_ILE,A_149_ARG)
printing pajek edge (A_148_ILE,A_152_TYR)
printing pajek edge (A_148_ILE,A_151_ALA)
printing pajek edge (A_75_GLN,A_78_GLU)
printing pajek edge (A_75_GLN,A_76_GLU)
printing pajek edge (A_75_GLN,A_79_ALA)
printing pajek edge (A_64_PRO,A_67_LEU)
printing pajek edge (A_64_PRO,A_65_TRP)
printing pajek edge (A_64_PRO,A_68_ALA)
printing pajek edge (A_89_CYS,A_92_HIS)
printing pajek edge (A_89_CYS,A_93_CYS)
printing pajek edge (A_89_CYS,A_90_MET)
printing pajek edge (A_122_TRP,A_123_ALA)
printing pajek edge (A_37_SER,A_38_MET)
printing pajek edge (A_66_LEU,A_67_LEU)
printing pajek edge (A_66_LEU,A_70_LYS)
printing pajek edge (A_77_LYS,A_78_GLU)
printing pajek edge (A_77_LYS,A_81_TYR)
printing pajek edge (A_81_TYR,A_84_THR)
printing pajek edge (A_81_TYR,A_85_VAL)
printing pajek edge (A_81_TYR,A_82_ALA)
printing pajek edge (A_70_LYS,A_71_ILE)
printing pajek edge (A_70_LYS,A_73_SER)
printing pajek edge (A_91_ASN,A_92_HIS)
printing pajek edge (A_91_ASN,A_141_TRP)
printing pajek edge (A_44_SER,A_47_GLN)
printing pajek edge (A_44_SER,A_48_ASN)
printing pajek edge (A_44_SER,A_45_ALA)
printing pajek edge (A_79_ALA,A_82_ALA)
printing pajek edge (A_79_ALA,A_83_LEU)
printing pajek edge (A_79_ALA,A_80_LEU)
printing pajek edge (A_95_GLU,A_99_SER)
printing pajek edge (A_95_GLU,A_96_LYS)
printing pajek edge (A_93_CYS,A_94_GLY)
printing pajek edge (A_26_LEU,A_29_TRP)
printing pajek edge (A_26_LEU,A_27_GLU)
printing pajek edge (A_26_LEU,A_30_LEU)
printing pajek edge (A_161_ILE,A_162_LYS)
printing pajek edge (A_113_VAL,A_114_LEU)
printing pajek edge (A_113_VAL,A_121_SER)
printing pajek edge (A_141_TRP,A_142_PHE)
printing pajek edge (A_166_LYS,A_167_LEU)
printing pajek edge (A_55_THR,A_56_ASP)
printing pajek edge (A_125_GLY,A_129_GLY)
printing pajek edge (A_125_GLY,A_128_LYS)
printing pajek edge (A_125_GLY,A_126_LYS)
printing pajek edge (A_153_GLN,A_156_LYS)
printing pajek edge (A_153_GLN,A_157_LYS)
printing pajek edge (A_153_GLN,A_154_MET)
printing pajek edge (A_50_CYS,A_53_VAL)
printing pajek edge (A_50_CYS,A_89_CYS)
printing pajek edge (A_50_CYS,A_93_CYS)
printing pajek edge (A_50_CYS,A_51_GLU)
printing pajek edge (A_50_CYS,A_54_ASN)
printing pajek edge (A_53_VAL,A_54_ASN)
printing pajek edge (A_145_ASP,A_149_ARG)
printing pajek edge (A_145_ASP,A_148_ILE)
printing pajek edge (A_145_ASP,A_146_ILE)
printing pajek edge (A_159_GLY,A_160_ILE)
printing pajek edge (A_65_TRP,A_68_ALA)
printing pajek edge (A_65_TRP,A_69_HIS)
printing pajek edge (A_65_TRP,A_66_LEU)
printing pajek edge (A_100_GLU,A_105_ARG)
printing pajek edge (A_100_GLU,A_101_VAL)
printing pajek edge (A_100_GLU,A_103_LYS)
printing pajek edge (A_100_GLU,A_103_LYS)
printing pajek edge (A_100_GLU,A_103_LYS)
printing pajek edge (A_108_ASN,A_109_GLU)
printing pajek edge (A_108_ASN,A_112_LYS)
printing pajek edge (A_108_ASN,A_111_ILE)
printing pajek edge (A_84_THR,A_85_VAL)
printing pajek edge (A_84_THR,A_88_MET)
printing pajek edge (A_84_THR,A_130_ARG)
printing pajek edge (A_84_THR,A_87_GLU)
printing pajek edge (A_155_LEU,A_156_LYS)
printing pajek edge (A_155_LEU,A_161_ILE)
printing pajek edge (A_155_LEU,A_159_GLY)
printing pajek edge (A_155_LEU,A_158_GLN)
printing pajek edge (A_155_LEU,A_160_ILE)
printing pajek edge (A_78_GLU,A_82_ALA)
printing pajek edge (A_78_GLU,A_79_ALA)
printing pajek edge (A_147_LYS,A_148_ILE)
printing pajek edge (A_147_LYS,A_151_ALA)
printing pajek edge (A_67_LEU,A_71_ILE)
printing pajek edge (A_67_LEU,A_70_LYS)
printing pajek edge (A_67_LEU,A_68_ALA)
printing pajek edge (A_47_GLN,A_51_GLU)
printing pajek edge (A_47_GLN,A_48_ASN)
printing pajek edge (A_71_ILE,A_73_SER)
printing pajek edge (A_71_ILE,A_72_GLN)
printing pajek edge (A_38_MET,A_81_TYR)
printing pajek edge (A_38_MET,A_39_SER)
printing pajek edge (A_130_ARG,A_134_ILE)
printing pajek edge (A_130_ARG,A_131_VAL)
printing pajek edge (A_130_ARG,A_133_GLU)
printing pajek edge (A_130_ARG,A_133_GLU)
printing pajek edge (A_31_ASN,A_70_LYS)
printing pajek edge (A_31_ASN,A_32_LYS)
printing pajek edge (A_31_ASN,A_34_THR)
printing pajek edge (A_31_ASN,A_35_ASP)
printing pajek edge (A_110_LEU,A_113_VAL)
printing pajek edge (A_110_LEU,A_111_ILE)
printing pajek edge (A_61_THR,A_65_TRP)
printing pajek edge (A_61_THR,A_62_HIS)
printing pajek edge (A_61_THR,A_62_HIS)
printing pajek edge (A_28_LEU,A_31_ASN)
printing pajek edge (A_28_LEU,A_29_TRP)
printing pajek edge (A_28_LEU,A_32_LYS)
printing pajek edge (A_119_LEU,A_120_GLY)
printing pajek edge (A_76_GLU,A_77_LYS)
printing pajek edge (A_76_GLU,A_124_THR)
printing pajek edge (A_76_GLU,A_79_ALA)
printing pajek edge (A_76_GLU,A_80_LEU)
printing pajek edge (A_34_THR,A_70_LYS)
printing pajek edge (A_34_THR,A_35_ASP)
printing pajek edge (A_136_PHE,A_137_SER)
printing pajek edge (A_136_PHE,A_139_THR)
printing pajek edge (A_136_PHE,A_139_THR)
printing pajek edge (A_136_PHE,A_140_VAL)
printing pajek edge (A_63_ALA,A_67_LEU)
printing pajek edge (A_63_ALA,A_64_PRO)
printing pajek edge (A_63_ALA,A_66_LEU)
printing pajek edge (A_29_TRP,A_33_ALA)
printing pajek edge (A_29_TRP,A_32_LYS)
printing pajek edge (A_29_TRP,A_48_ASN)
printing pajek edge (A_29_TRP,A_30_LEU)
printing pajek edge (A_59_GLY,A_63_ALA)
printing pajek edge (A_59_GLY,A_60_PRO)
printing pajek edge (A_59_GLY,A_62_HIS)
printing pajek edge (A_157_LYS,A_159_GLY)
printing pajek edge (A_157_LYS,A_158_GLN)
