Graph START

Adding vertex (chain-A, position-1, res-GLY)
New vertex id: 0
1 2 3 4 5 6 7 
Adding vertex (chain-A, position-2, res-SER)
New vertex id: 1
8 9 10 11 12 13 14 15 16 17 18 
Adding vertex (chain-A, position-3, res-SER)
New vertex id: 2
19 20 21 22 23 24 25 26 27 28 29 
Adding vertex (chain-A, position-4, res-GLY)
New vertex id: 3
30 31 32 33 34 35 36 
Adding vertex (chain-A, position-5, res-SER)
New vertex id: 4
37 38 39 40 41 42 43 44 45 46 47 
Adding vertex (chain-A, position-6, res-SER)
New vertex id: 5
48 49 50 51 52 53 54 55 56 57 58 
Adding vertex (chain-A, position-7, res-GLY)
New vertex id: 6
59 60 61 62 63 64 65 
Adding vertex (chain-A, position-8, res-HIS)
New vertex id: 7
66 67 68 69 70 71 72 73 74 75 76 77 78 79 80 81 82 
Adding vertex (chain-A, position-9, res-GLU)
New vertex id: 8
83 84 85 86 87 88 89 90 91 92 93 94 95 96 97 
Adding vertex (chain-A, position-10, res-ASP)
New vertex id: 9
98 99 100 101 102 103 104 105 106 107 108 109 
Adding vertex (chain-A, position-11, res-PHE)
New vertex id: 10
110 111 112 113 114 115 116 117 118 119 120 121 122 123 124 125 126 127 128 129 
Adding vertex (chain-A, position-12, res-CYS)
New vertex id: 11
130 131 132 133 134 135 136 137 138 139 
Adding vertex (chain-A, position-13, res-SER)
New vertex id: 12
140 141 142 143 144 145 146 147 148 149 150 
Adding vertex (chain-A, position-14, res-VAL)
New vertex id: 13
151 152 153 154 155 156 157 158 159 160 161 162 163 164 165 166 
Adding vertex (chain-A, position-15, res-CYS)
New vertex id: 14
167 168 169 170 171 172 173 174 175 176 
Adding vertex (chain-A, position-16, res-ARG)
New vertex id: 15
177 178 179 180 181 182 183 184 185 186 187 188 189 190 191 192 193 194 195 196 197 198 199 200 
Adding vertex (chain-A, position-17, res-LYS)
New vertex id: 16
201 202 203 204 205 206 207 208 209 210 211 212 213 214 215 216 217 218 219 220 221 222 
Adding vertex (chain-A, position-18, res-SER)
New vertex id: 17
223 224 225 226 227 228 229 230 231 232 233 
Adding vertex (chain-A, position-19, res-GLY)
New vertex id: 18
234 235 236 237 238 239 240 
Adding vertex (chain-A, position-20, res-GLN)
New vertex id: 19
241 242 243 244 245 246 247 248 249 250 251 252 253 254 255 256 257 
Adding vertex (chain-A, position-21, res-LEU)
New vertex id: 20
258 259 260 261 262 263 264 265 266 267 268 269 270 271 272 273 274 275 276 
Adding vertex (chain-A, position-22, res-LEU)
New vertex id: 21
277 278 279 280 281 282 283 284 285 286 287 288 289 290 291 292 293 294 295 
Adding vertex (chain-A, position-23, res-MET)
New vertex id: 22
296 297 298 299 300 301 302 303 304 305 306 307 308 309 310 311 312 
Adding vertex (chain-A, position-24, res-CYS)
New vertex id: 23
313 314 315 316 317 318 319 320 321 322 
Adding vertex (chain-A, position-25, res-ASP)
New vertex id: 24
323 324 325 326 327 328 329 330 331 332 333 334 
Adding vertex (chain-A, position-26, res-THR)
New vertex id: 25
335 336 337 338 339 340 341 342 343 344 345 346 347 348 
Adding vertex (chain-A, position-27, res-CYS)
New vertex id: 26
349 350 351 352 353 354 355 356 357 358 
Adding vertex (chain-A, position-28, res-SER)
New vertex id: 27
359 360 361 362 363 364 365 366 367 368 369 
Adding vertex (chain-A, position-29, res-ARG)
New vertex id: 28
370 371 372 373 374 375 376 377 378 379 380 381 382 383 384 385 386 387 388 389 390 391 392 393 
Adding vertex (chain-A, position-30, res-VAL)
New vertex id: 29
394 395 396 397 398 399 400 401 402 403 404 405 406 407 408 409 
Adding vertex (chain-A, position-31, res-TYR)
New vertex id: 30
410 411 412 413 414 415 416 417 418 419 420 421 422 423 424 425 426 427 428 429 430 
Adding vertex (chain-A, position-32, res-HIS)
New vertex id: 31
431 432 433 434 435 436 437 438 439 440 441 442 443 444 445 446 447 
Adding vertex (chain-A, position-33, res-LEU)
New vertex id: 32
448 449 450 451 452 453 454 455 456 457 458 459 460 461 462 463 464 465 466 
Adding vertex (chain-A, position-34, res-ASP)
New vertex id: 33
467 468 469 470 471 472 473 474 475 476 477 478 
Adding vertex (chain-A, position-35, res-CYS)
New vertex id: 34
479 480 481 482 483 484 485 486 487 488 
Adding vertex (chain-A, position-36, res-LEU)
New vertex id: 35
489 490 491 492 493 494 495 496 497 498 499 500 501 502 503 504 505 506 507 
Adding vertex (chain-A, position-37, res-ASP)
New vertex id: 36
508 509 510 511 512 513 514 515 516 517 518 519 
Adding vertex (chain-A, position-38, res-PRO)
New vertex id: 37
520 521 522 523 524 525 526 527 528 529 530 531 532 533 
Adding vertex (chain-A, position-39, res-PRO)
New vertex id: 38
534 535 536 537 538 539 540 541 542 543 544 545 546 547 
Adding vertex (chain-A, position-40, res-LEU)
New vertex id: 39
548 549 550 551 552 553 554 555 556 557 558 559 560 561 562 563 564 565 566 
Adding vertex (chain-A, position-41, res-LYS)
New vertex id: 40
567 568 569 570 571 572 573 574 575 576 577 578 579 580 581 582 583 584 585 586 587 588 
Adding vertex (chain-A, position-42, res-THR)
New vertex id: 41
589 590 591 592 593 594 595 596 597 598 599 600 601 602 
Adding vertex (chain-A, position-43, res-ILE)
New vertex id: 42
603 604 605 606 607 608 609 610 611 612 613 614 615 616 617 618 619 620 621 
Adding vertex (chain-A, position-44, res-PRO)
New vertex id: 43
622 623 624 625 626 627 628 629 630 631 632 633 634 635 
Adding vertex (chain-A, position-45, res-LYS)
New vertex id: 44
636 637 638 639 640 641 642 643 644 645 646 647 648 649 650 651 652 653 654 655 656 657 
Adding vertex (chain-A, position-46, res-GLY)
New vertex id: 45
658 659 660 661 662 663 664 
Adding vertex (chain-A, position-47, res-MET)
New vertex id: 46
665 666 667 668 669 670 671 672 673 674 675 676 677 678 679 680 681 
Adding vertex (chain-A, position-48, res-TRP)
New vertex id: 47
682 683 684 685 686 687 688 689 690 691 692 693 694 695 696 697 698 699 700 701 702 703 704 705 
Adding vertex (chain-A, position-49, res-ILE)
New vertex id: 48
706 707 708 709 710 711 712 713 714 715 716 717 718 719 720 721 722 723 724 
Adding vertex (chain-A, position-50, res-CYS)
New vertex id: 49
725 726 727 728 729 730 731 732 733 734 
Adding vertex (chain-A, position-51, res-PRO)
New vertex id: 50
735 736 737 738 739 740 741 742 743 744 745 746 747 748 
Adding vertex (chain-A, position-52, res-ARG)
New vertex id: 51
749 750 751 752 753 754 755 756 757 758 759 760 761 762 763 764 765 766 767 768 769 770 771 772 
Adding vertex (chain-A, position-53, res-CYS)
New vertex id: 52
773 774 775 776 777 778 779 780 781 782 
Adding vertex (chain-A, position-54, res-GLN)
New vertex id: 53
783 784 785 786 787 788 789 790 791 792 793 794 795 796 797 798 799 
Adding vertex (chain-A, position-55, res-ASP)
New vertex id: 54
800 801 802 803 804 805 806 807 808 809 810 811 
Adding vertex (chain-A, position-56, res-GLN)
New vertex id: 55
812 813 814 815 816 817 818 819 820 821 822 823 824 825 826 827 828 
Graph DONE

( reduce -FLIPs 2PUY.pdb > 2PUY.H.pdb ) >& /dev/null
Reduce (-FLIPs) returned 0
( bndlst -Radius0.3 2PUY.H.pdb > 2PUY.H.bndlst ) >& /dev/null
BndLst returned 0
Parsing 2PUY.H.bndlst

bndlst START
Adding bndlst edge: (A_G1_MC -> A_S2_MC) type[cov], weight[1.00] from 0 to 1 dist[1.33]
Adding bndlst edge: (A_S2_MC -> A_S3_MC) type[cov], weight[1.00] from 1 to 2 dist[1.33]
Adding bndlst edge: (A_S3_MC -> A_G4_MC) type[cov], weight[1.00] from 2 to 3 dist[1.33]
Adding bndlst edge: (A_S3_MC -> A_S5_SC) type[hb], weight[0.78] from 2 to 4 dist[2.27]
Adding bndlst edge: (A_G4_MC -> A_S5_MC) type[cov], weight[1.00] from 3 to 4 dist[1.33]
Adding bndlst edge: (A_S5_MC -> A_S6_MC) type[cov], weight[1.00] from 4 to 5 dist[1.33]
Adding bndlst edge: (A_S6_MC -> A_G7_MC) type[cov], weight[1.00] from 5 to 6 dist[1.33]
Adding bndlst edge: (A_G7_MC -> A_H8_MC) type[cov], weight[1.00] from 6 to 7 dist[1.33]
Adding bndlst edge: (A_H8_MC -> A_E9_MC) type[cov], weight[1.00] from 7 to 8 dist[1.33]
Adding bndlst edge: (A_E9_MC -> A_D10_MC) type[cov], weight[1.00] from 8 to 9 dist[1.33]
Adding bndlst edge: (A_D10_MC -> A_F11_MC) type[cov], weight[1.00] from 9 to 10 dist[1.33]
Adding bndlst edge: (A_D10_MC -> A_F11_SC) type[hb], weight[0.38] from 9 to 10 dist[3.23]
Adding bndlst edge: (A_F11_MC -> A_C12_MC) type[cov], weight[1.00] from 10 to 11 dist[1.33]
Adding bndlst edge: (A_C12_MC -> A_S13_MC) type[cov], weight[1.00] from 11 to 12 dist[1.33]
Adding bndlst edge: (A_C12_MC -> A_R16_MC) type[hb], weight[0.55] from 11 to 15 dist[2.69]
Adding bndlst edge: (A_C12_MC -> A_V14_MC) type[hb], weight[0.63] from 11 to 13 dist[2.51]
Adding bndlst edge: (A_C12_SC -> A_S13_MC) type[hb], weight[0.38] from 11 to 12 dist[3.23]
Adding bndlst edge: (A_C12_SC -> A_C15_SC) type[hb], weight[0.75] from 11 to 14 dist[2.31]
Adding bndlst edge: (A_C12_SC -> A_C15_MC) type[hb], weight[0.52] from 11 to 14 dist[2.77]
Adding bndlst edge: (A_C12_SC -> A_V14_MC) type[hb], weight[0.44] from 11 to 13 dist[3.01]
Adding bndlst edge: (A_C12_SC -> A_H32_MC) type[hb], weight[0.48] from 11 to 31 dist[2.88]
Adding bndlst edge: (A_C12_SC -> A_C35_SC) type[hb], weight[0.36] from 11 to 34 dist[3.33]
Adding bndlst edge: (A_S13_MC -> A_V14_MC) type[cov], weight[1.00] from 12 to 13 dist[1.33]
Adding bndlst edge: (A_S13_MC -> A_V30_MC) type[hb], weight[0.53] from 12 to 29 dist[2.74]
Adding bndlst edge: (A_V14_MC -> A_C15_MC) type[cov], weight[1.00] from 13 to 14 dist[1.33]
Adding bndlst edge: (A_C15_MC -> A_R16_MC) type[cov], weight[1.00] from 14 to 15 dist[1.33]
Adding bndlst edge: (A_C15_SC -> A_R16_MC) type[hb], weight[0.41] from 14 to 15 dist[3.14]
Adding bndlst edge: (A_C15_SC -> A_H32_SC) type[hb], weight[0.41] from 14 to 31 dist[3.13]
Adding bndlst edge: (A_C15_SC -> A_C35_SC) type[hb], weight[0.36] from 14 to 34 dist[3.35]
Adding bndlst edge: (A_C15_SC -> A_H32_SC) type[hb], weight[0.46] from 14 to 31 dist[2.96]
Adding bndlst edge: (A_R16_MC -> A_K17_MC) type[cov], weight[1.00] from 15 to 16 dist[1.33]
Adding bndlst edge: (A_K17_MC -> A_S18_MC) type[cov], weight[1.00] from 16 to 17 dist[1.33]
Adding bndlst edge: (A_S18_MC -> A_G19_MC) type[cov], weight[1.00] from 17 to 18 dist[1.33]
Adding bndlst edge: (A_G19_MC -> A_Q20_MC) type[cov], weight[1.00] from 18 to 19 dist[1.33]
Adding bndlst edge: (A_Q20_MC -> A_L21_MC) type[cov], weight[1.00] from 19 to 20 dist[1.33]
Adding bndlst edge: (A_Q20_MC -> A_H32_SC) type[hb], weight[0.61] from 19 to 31 dist[2.56]
Adding bndlst edge: (A_L21_MC -> A_L22_MC) type[cov], weight[1.00] from 20 to 21 dist[1.33]
Adding bndlst edge: (A_L22_MC -> A_M23_MC) type[cov], weight[1.00] from 21 to 22 dist[1.33]
Adding bndlst edge: (A_L22_MC -> A_Y31_MC) type[hb], weight[0.68] from 21 to 30 dist[2.43]
Adding bndlst edge: (A_L22_MC -> A_Y31_MC) type[hb], weight[0.75] from 21 to 30 dist[2.31]
Adding bndlst edge: (A_M23_MC -> A_C24_MC) type[cov], weight[1.00] from 22 to 23 dist[1.33]
Adding bndlst edge: (A_C24_MC -> A_D25_MC) type[cov], weight[1.00] from 23 to 24 dist[1.33]
Adding bndlst edge: (A_C24_MC -> A_T26_MC) type[hb], weight[0.65] from 23 to 25 dist[2.49]
Adding bndlst edge: (A_C24_SC -> A_C50_SC) type[hb], weight[0.41] from 23 to 49 dist[3.13]
Adding bndlst edge: (A_C24_SC -> A_C27_SC) type[hb], weight[0.71] from 23 to 26 dist[2.37]
Adding bndlst edge: (A_C24_SC -> A_C53_SC) type[hb], weight[0.36] from 23 to 52 dist[3.34]
Adding bndlst edge: (A_C24_SC -> A_C27_MC) type[hb], weight[0.53] from 23 to 26 dist[2.74]
Adding bndlst edge: (A_C24_SC -> A_T26_MC) type[hb], weight[0.43] from 23 to 25 dist[3.05]
Adding bndlst edge: (A_C24_SC -> A_D25_MC) type[hb], weight[0.44] from 23 to 24 dist[3.00]
Adding bndlst edge: (A_C24_SC -> A_C50_MC) type[hb], weight[0.53] from 23 to 49 dist[2.74]
Adding bndlst edge: (A_C24_MC -> A_R29_MC) type[hb], weight[0.52] from 23 to 28 dist[2.78]
Adding bndlst edge: (A_C24_SC -> A_C27_SC) type[hb], weight[0.37] from 23 to 26 dist[3.28]
Adding bndlst edge: (A_C24_SC -> A_C53_SC) type[hb], weight[0.39] from 23 to 52 dist[3.18]
Adding bndlst edge: (A_C24_SC -> A_C50_SC) type[hb], weight[0.66] from 23 to 49 dist[2.47]
Adding bndlst edge: (A_D25_MC -> A_T26_MC) type[cov], weight[1.00] from 24 to 25 dist[1.33]
Adding bndlst edge: (A_D25_MC -> A_W48_MC) type[hb], weight[0.46] from 24 to 47 dist[2.96]
Adding bndlst edge: (A_T26_MC -> A_C27_MC) type[cov], weight[1.00] from 25 to 26 dist[1.33]
Adding bndlst edge: (A_C27_MC -> A_S28_MC) type[cov], weight[1.00] from 26 to 27 dist[1.33]
Adding bndlst edge: (A_C27_SC -> A_C50_SC) type[hb], weight[0.70] from 26 to 49 dist[2.39]
Adding bndlst edge: (A_C27_SC -> A_S28_MC) type[hb], weight[0.35] from 26 to 27 dist[3.38]
Adding bndlst edge: (A_C27_SC -> A_C53_SC) type[hb], weight[0.59] from 26 to 52 dist[2.61]
Adding bndlst edge: (A_C27_SC -> A_C53_SC) type[hb], weight[0.37] from 26 to 52 dist[3.28]
Adding bndlst edge: (A_C27_SC -> A_C50_SC) type[hb], weight[0.39] from 26 to 49 dist[3.19]
Adding bndlst edge: (A_S28_MC -> A_R29_MC) type[cov], weight[1.00] from 27 to 28 dist[1.33]
Adding bndlst edge: (A_R29_MC -> A_V30_MC) type[cov], weight[1.00] from 28 to 29 dist[1.33]
Adding bndlst edge: (A_R29_SC -> A_Y31_SC) type[hb], weight[0.47] from 28 to 30 dist[2.93]
Adding bndlst edge: (A_R29_SC -> A_Y31_SC) type[hb], weight[0.47] from 28 to 30 dist[2.93]
Adding bndlst edge: (A_V30_MC -> A_Y31_MC) type[cov], weight[1.00] from 29 to 30 dist[1.33]
Adding bndlst edge: (A_Y31_MC -> A_H32_MC) type[cov], weight[1.00] from 30 to 31 dist[1.33]
Adding bndlst edge: (A_H32_MC -> A_L33_MC) type[cov], weight[1.00] from 31 to 32 dist[1.33]
Adding bndlst edge: (A_H32_SC -> A_C35_SC) type[hb], weight[0.46] from 31 to 34 dist[2.96]
Adding bndlst edge: (A_H32_SC -> A_C35_SC) type[hb], weight[0.71] from 31 to 34 dist[2.37]
Adding bndlst edge: (A_L33_MC -> A_D34_MC) type[cov], weight[1.00] from 32 to 33 dist[1.33]
Adding bndlst edge: (A_L33_MC -> A_L40_MC) type[hb], weight[0.90] from 32 to 39 dist[2.10]
Adding bndlst edge: (A_D34_MC -> A_C35_MC) type[cov], weight[1.00] from 33 to 34 dist[1.33]
Adding bndlst edge: (A_D34_MC -> A_L36_MC) type[hb], weight[0.64] from 33 to 35 dist[2.50]
Adding bndlst edge: (A_C35_MC -> A_L36_MC) type[cov], weight[1.00] from 34 to 35 dist[1.33]
Adding bndlst edge: (A_L36_MC -> A_D37_MC) type[cov], weight[1.00] from 35 to 36 dist[1.33]
Adding bndlst edge: (A_D37_MC -> A_P38_MC) type[cov], weight[1.00] from 36 to 37 dist[1.34]
Adding bndlst edge: (A_D37_MC -> A_P38_MC) type[hb], weight[0.49] from 36 to 37 dist[2.85]
Adding bndlst edge: (A_P38_MC -> A_P39_MC) type[cov], weight[1.00] from 37 to 38 dist[1.34]
Adding bndlst edge: (A_P39_MC -> A_L40_MC) type[cov], weight[1.00] from 38 to 39 dist[1.33]
Adding bndlst edge: (A_L40_MC -> A_K41_MC) type[cov], weight[1.00] from 39 to 40 dist[1.33]
Adding bndlst edge: (A_K41_MC -> A_T42_MC) type[cov], weight[1.00] from 40 to 41 dist[1.33]
Adding bndlst edge: (A_T42_MC -> A_I43_MC) type[cov], weight[1.00] from 41 to 42 dist[1.33]
Adding bndlst edge: (A_I43_MC -> A_P44_MC) type[cov], weight[1.00] from 42 to 43 dist[1.34]
Adding bndlst edge: (A_I43_MC -> A_K45_MC) type[hb], weight[0.75] from 42 to 44 dist[2.31]
Adding bndlst edge: (A_P44_MC -> A_K45_MC) type[cov], weight[1.00] from 43 to 44 dist[1.33]
Adding bndlst edge: (A_K45_MC -> A_G46_MC) type[cov], weight[1.00] from 44 to 45 dist[1.33]
Adding bndlst edge: (A_G46_MC -> A_M47_MC) type[cov], weight[1.00] from 45 to 46 dist[1.33]
Adding bndlst edge: (A_G46_MC -> A_W48_MC) type[hb], weight[0.58] from 45 to 47 dist[2.62]
Adding bndlst edge: (A_M47_MC -> A_W48_MC) type[cov], weight[1.00] from 46 to 47 dist[1.33]
Adding bndlst edge: (A_W48_MC -> A_I49_MC) type[cov], weight[1.00] from 47 to 48 dist[1.33]
Adding bndlst edge: (A_W48_SC -> A_I49_MC) type[hb], weight[0.45] from 47 to 48 dist[2.97]
Adding bndlst edge: (A_W48_SC -> A_I49_MC) type[hb], weight[0.36] from 47 to 48 dist[3.34]
Adding bndlst edge: (A_W48_SC -> A_I49_MC) type[hb], weight[0.37] from 47 to 48 dist[3.29]
Adding bndlst edge: (A_I49_MC -> A_C50_MC) type[cov], weight[1.00] from 48 to 49 dist[1.33]
Adding bndlst edge: (A_C50_MC -> A_P51_MC) type[cov], weight[1.00] from 49 to 50 dist[1.34]
Adding bndlst edge: (A_C50_MC -> A_Q54_MC) type[hb], weight[0.62] from 49 to 53 dist[2.54]
Adding bndlst edge: (A_C50_MC -> A_C53_MC) type[hb], weight[0.74] from 49 to 52 dist[2.32]
Adding bndlst edge: (A_C50_MC -> A_R52_MC) type[hb], weight[0.46] from 49 to 51 dist[2.96]
Adding bndlst edge: (A_C50_SC -> A_C53_SC) type[hb], weight[0.63] from 49 to 52 dist[2.52]
Adding bndlst edge: (A_C50_SC -> A_C53_MC) type[hb], weight[0.53] from 49 to 52 dist[2.73]
Adding bndlst edge: (A_C50_SC -> A_R52_MC) type[hb], weight[0.47] from 49 to 51 dist[2.92]
Adding bndlst edge: (A_P51_MC -> A_R52_MC) type[cov], weight[1.00] from 50 to 51 dist[1.33]
Adding bndlst edge: (A_P51_MC -> A_D55_MC) type[hb], weight[0.58] from 50 to 54 dist[2.63]
Adding bndlst edge: (A_R52_MC -> A_C53_MC) type[cov], weight[1.00] from 51 to 52 dist[1.33]
Adding bndlst edge: (A_C53_MC -> A_Q54_MC) type[cov], weight[1.00] from 52 to 53 dist[1.33]
Adding bndlst edge: (A_C53_MC -> A_D55_MC) type[hb], weight[0.46] from 52 to 54 dist[2.94]
Adding bndlst edge: (A_Q54_MC -> A_D55_MC) type[cov], weight[1.00] from 53 to 54 dist[1.33]
Adding bndlst edge: (A_D55_MC -> A_Q56_MC) type[cov], weight[1.00] from 54 to 55 dist[1.33]

bndlst DONE

Producing PAJEK network
printing pajek edge (A_34_ASP,A_36_LEU)
printing pajek edge (A_34_ASP,A_35_CYS)
printing pajek edge (A_33_LEU,A_34_ASP)
printing pajek edge (A_33_LEU,A_40_LEU)
printing pajek edge (A_22_LEU,A_23_MET)
printing pajek edge (A_22_LEU,A_31_TYR)
printing pajek edge (A_8_HIS,A_9_GLU)
printing pajek edge (A_27_CYS,A_53_CYS)
printing pajek edge (A_27_CYS,A_28_SER)
printing pajek edge (A_27_CYS,A_28_SER)
printing pajek edge (A_27_CYS,A_50_CYS)
printing pajek edge (A_18_SER,A_19_GLY)
printing pajek edge (A_3_SER,A_5_SER)
printing pajek edge (A_3_SER,A_4_GLY)
printing pajek edge (A_2_SER,A_3_SER)
printing pajek edge (A_19_GLY,A_20_GLN)
printing pajek edge (A_31_TYR,A_32_HIS)
printing pajek edge (A_17_LYS,A_18_SER)
printing pajek edge (A_45_LYS,A_46_GLY)
printing pajek edge (A_28_SER,A_29_ARG)
printing pajek edge (A_26_THR,A_27_CYS)
printing pajek edge (A_29_ARG,A_31_TYR)
printing pajek edge (A_29_ARG,A_30_VAL)
printing pajek edge (A_41_LYS,A_42_THR)
printing pajek edge (A_21_LEU,A_22_LEU)
printing pajek edge (A_15_CYS,A_35_CYS)
printing pajek edge (A_15_CYS,A_32_HIS)
printing pajek edge (A_15_CYS,A_16_ARG)
printing pajek edge (A_15_CYS,A_16_ARG)
printing pajek edge (A_50_CYS,A_53_CYS)
printing pajek edge (A_50_CYS,A_51_PRO)
printing pajek edge (A_50_CYS,A_54_GLN)
printing pajek edge (A_50_CYS,A_52_ARG)
printing pajek edge (A_25_ASP,A_26_THR)
printing pajek edge (A_25_ASP,A_48_TRP)
printing pajek edge (A_11_PHE,A_12_CYS)
printing pajek edge (A_32_HIS,A_33_LEU)
printing pajek edge (A_32_HIS,A_35_CYS)
printing pajek edge (A_36_LEU,A_37_ASP)
printing pajek edge (A_12_CYS,A_35_CYS)
printing pajek edge (A_12_CYS,A_14_VAL)
printing pajek edge (A_12_CYS,A_32_HIS)
printing pajek edge (A_12_CYS,A_13_SER)
printing pajek edge (A_12_CYS,A_13_SER)
printing pajek edge (A_12_CYS,A_15_CYS)
printing pajek edge (A_12_CYS,A_16_ARG)
printing pajek edge (A_54_GLN,A_55_ASP)
printing pajek edge (A_49_ILE,A_50_CYS)
printing pajek edge (A_43_ILE,A_44_PRO)
printing pajek edge (A_43_ILE,A_45_LYS)
printing pajek edge (A_23_MET,A_24_CYS)
printing pajek edge (A_47_MET,A_48_TRP)
printing pajek edge (A_1_GLY,A_2_SER)
printing pajek edge (A_14_VAL,A_15_CYS)
printing pajek edge (A_24_CYS,A_53_CYS)
printing pajek edge (A_24_CYS,A_26_THR)
printing pajek edge (A_24_CYS,A_29_ARG)
printing pajek edge (A_24_CYS,A_50_CYS)
printing pajek edge (A_24_CYS,A_25_ASP)
printing pajek edge (A_24_CYS,A_25_ASP)
printing pajek edge (A_24_CYS,A_27_CYS)
printing pajek edge (A_30_VAL,A_31_TYR)
printing pajek edge (A_7_GLY,A_8_HIS)
printing pajek edge (A_51_PRO,A_52_ARG)
printing pajek edge (A_51_PRO,A_55_ASP)
printing pajek edge (A_40_LEU,A_41_LYS)
printing pajek edge (A_37_ASP,A_38_PRO)
printing pajek edge (A_37_ASP,A_38_PRO)
printing pajek edge (A_4_GLY,A_5_SER)
printing pajek edge (A_52_ARG,A_53_CYS)
printing pajek edge (A_10_ASP,A_11_PHE)
printing pajek edge (A_10_ASP,A_11_PHE)
printing pajek edge (A_42_THR,A_43_ILE)
printing pajek edge (A_13_SER,A_14_VAL)
printing pajek edge (A_13_SER,A_30_VAL)
printing pajek edge (A_48_TRP,A_49_ILE)
printing pajek edge (A_48_TRP,A_49_ILE)
printing pajek edge (A_16_ARG,A_17_LYS)
printing pajek edge (A_53_CYS,A_54_GLN)
printing pajek edge (A_53_CYS,A_55_ASP)
printing pajek edge (A_39_PRO,A_40_LEU)
printing pajek edge (A_9_GLU,A_10_ASP)
printing pajek edge (A_5_SER,A_6_SER)
printing pajek edge (A_35_CYS,A_36_LEU)
printing pajek edge (A_46_GLY,A_47_MET)
printing pajek edge (A_46_GLY,A_48_TRP)
printing pajek edge (A_38_PRO,A_39_PRO)
printing pajek edge (A_44_PRO,A_45_LYS)
printing pajek edge (A_20_GLN,A_32_HIS)
printing pajek edge (A_20_GLN,A_21_LEU)
printing pajek edge (A_55_ASP,A_56_GLN)
printing pajek edge (A_6_SER,A_7_GLY)
