Graph START

Adding vertex (chain-A, position-1, res-ILE)
New vertex id: 0
1 2 3 4 5 6 7 8 
Adding vertex (chain-A, position-2, res-PHE)
New vertex id: 1
9 10 11 12 13 14 15 16 17 18 19 
Adding vertex (chain-A, position-3, res-SER)
New vertex id: 2
20 21 22 23 24 25 
Adding vertex (chain-A, position-4, res-THR)
New vertex id: 3
26 27 28 29 30 31 32 
Adding vertex (chain-A, position-5, res-ARG)
New vertex id: 4
33 34 35 36 37 38 39 40 41 42 43 
Adding vertex (chain-A, position-6, res-ALA)
New vertex id: 5
44 45 46 47 48 
Adding vertex (chain-A, position-7, res-HIS)
New vertex id: 6
49 50 51 52 53 54 55 56 57 58 
Adding vertex (chain-A, position-8, res-VAL)
New vertex id: 7
59 60 61 62 63 64 65 
Adding vertex (chain-A, position-9, res-PHE)
New vertex id: 8
66 67 68 69 70 71 72 73 74 75 76 
Adding vertex (chain-A, position-10, res-GLN)
New vertex id: 9
77 78 79 80 81 82 83 84 85 
Adding vertex (chain-A, position-11, res-ILE)
New vertex id: 10
86 87 88 89 90 91 92 93 
Adding vertex (chain-A, position-12, res-ASP)
New vertex id: 11
94 95 96 97 98 99 100 101 
Adding vertex (chain-A, position-13, res-PRO)
New vertex id: 12
102 103 104 105 106 107 108 
Adding vertex (chain-A, position-14, res-ASN)
New vertex id: 13
109 110 111 112 113 114 115 116 
Adding vertex (chain-A, position-15, res-THR)
New vertex id: 14
117 118 119 120 121 122 123 
Adding vertex (chain-A, position-16, res-LYS)
New vertex id: 15
124 125 126 127 128 129 130 131 132 
Adding vertex (chain-A, position-17, res-LYS)
New vertex id: 16
133 134 135 136 137 138 139 140 141 
Adding vertex (chain-A, position-18, res-ASN)
New vertex id: 17
142 143 144 145 146 147 148 149 
Adding vertex (chain-A, position-19, res-TRP)
New vertex id: 18
150 151 152 153 154 155 156 157 158 159 160 161 162 163 
Adding vertex (chain-A, position-20, res-VAL)
New vertex id: 19
164 165 166 167 168 169 170 
Adding vertex (chain-A, position-21, res-PRO)
New vertex id: 20
171 172 173 174 175 176 177 
Adding vertex (chain-A, position-22, res-THR)
New vertex id: 21
178 179 180 181 182 183 184 
Adding vertex (chain-A, position-23, res-SER)
New vertex id: 22
185 186 187 188 189 190 
Adding vertex (chain-A, position-24, res-LYS)
New vertex id: 23
191 192 193 194 195 196 197 198 199 
Adding vertex (chain-A, position-25, res-HIS)
New vertex id: 24
200 201 202 203 204 205 206 207 208 209 
Adding vertex (chain-A, position-26, res-ALA)
New vertex id: 25
210 211 212 213 214 
Adding vertex (chain-A, position-27, res-VAL)
New vertex id: 26
215 216 217 218 219 220 221 
Adding vertex (chain-A, position-28, res-THR)
New vertex id: 27
222 223 224 225 226 227 228 
Adding vertex (chain-A, position-29, res-VAL)
New vertex id: 28
229 230 231 232 233 234 235 
Adding vertex (chain-A, position-30, res-SER)
New vertex id: 29
236 237 238 239 240 241 
Adding vertex (chain-A, position-31, res-TYR)
New vertex id: 30
242 243 244 245 246 247 248 249 250 251 252 253 
Adding vertex (chain-A, position-32, res-PHE)
New vertex id: 31
254 255 256 257 258 259 260 261 262 263 264 
Adding vertex (chain-A, position-33, res-TYR)
New vertex id: 32
265 266 267 268 269 270 271 272 273 274 275 276 
Adding vertex (chain-A, position-34, res-ASP)
New vertex id: 33
277 278 279 280 281 282 283 284 
Adding vertex (chain-A, position-35, res-SER)
New vertex id: 34
285 286 287 288 289 290 
Adding vertex (chain-A, position-36, res-THR)
New vertex id: 35
291 292 293 294 295 296 297 
Adding vertex (chain-A, position-37, res-ARG)
New vertex id: 36
298 299 300 301 302 303 304 305 306 307 308 
Adding vertex (chain-A, position-38, res-ASN)
New vertex id: 37
309 310 311 312 313 314 315 316 
Adding vertex (chain-A, position-39, res-VAL)
New vertex id: 38
317 318 319 320 321 322 323 
Adding vertex (chain-A, position-40, res-TYR)
New vertex id: 39
324 325 326 327 328 329 330 331 332 333 334 335 
Adding vertex (chain-A, position-41, res-ARG)
New vertex id: 40
336 337 338 339 340 341 342 343 344 345 346 
Adding vertex (chain-A, position-42, res-ILE)
New vertex id: 41
347 348 349 350 351 352 353 354 
Adding vertex (chain-A, position-43, res-ILE)
New vertex id: 42
355 356 357 358 359 360 361 362 
Adding vertex (chain-A, position-44, res-SER)
New vertex id: 43
363 364 365 366 367 368 
Adding vertex (chain-A, position-45, res-LEU)
New vertex id: 44
369 370 371 372 373 374 375 376 
Adding vertex (chain-A, position-46, res-ASP)
New vertex id: 45
377 378 379 380 381 382 383 384 
Adding vertex (chain-A, position-47, res-GLY)
New vertex id: 46
385 386 387 388 
Adding vertex (chain-A, position-48, res-SER)
New vertex id: 47
389 390 391 392 393 394 
Adding vertex (chain-A, position-49, res-LYS)
New vertex id: 48
395 396 397 398 399 400 401 402 403 
Adding vertex (chain-A, position-50, res-ALA)
New vertex id: 49
404 405 406 407 408 
Adding vertex (chain-A, position-51, res-ILE)
New vertex id: 50
409 410 411 412 413 414 415 416 
Adding vertex (chain-A, position-52, res-ILE)
New vertex id: 51
417 418 419 420 421 422 423 424 
Adding vertex (chain-A, position-53, res-ASN)
New vertex id: 52
425 426 427 428 429 430 431 432 
Adding vertex (chain-A, position-54, res-SER)
New vertex id: 53
433 434 435 436 437 438 
Adding vertex (chain-A, position-55, res-THR)
New vertex id: 54
439 440 441 442 443 444 445 
Adding vertex (chain-A, position-56, res-ILE)
New vertex id: 55
446 447 448 449 450 451 452 453 
Adding vertex (chain-A, position-57, res-THR)
New vertex id: 56
454 455 456 457 458 459 460 
Adding vertex (chain-A, position-58, res-PRO)
New vertex id: 57
461 462 463 464 465 466 467 
Adding vertex (chain-A, position-59, res-ASN)
New vertex id: 58
468 469 470 471 472 473 474 475 
Adding vertex (chain-A, position-60, res-MET)
New vertex id: 59
476 477 478 479 480 481 482 483 
Adding vertex (chain-A, position-61, res-THR)
New vertex id: 60
484 485 486 487 488 489 490 
Adding vertex (chain-A, position-62, res-PHE)
New vertex id: 61
491 492 493 494 495 496 497 498 499 500 501 
Adding vertex (chain-A, position-63, res-THR)
New vertex id: 62
502 503 504 505 506 507 508 
Adding vertex (chain-A, position-64, res-LYS)
New vertex id: 63
509 510 511 512 513 514 515 516 517 
Adding vertex (chain-A, position-65, res-THR)
New vertex id: 64
518 519 520 521 522 523 524 
Adding vertex (chain-A, position-66, res-SER)
New vertex id: 65
525 526 527 528 529 530 
Adding vertex (chain-A, position-67, res-GLN)
New vertex id: 66
531 532 533 534 535 536 537 538 539 
Adding vertex (chain-A, position-68, res-LYS)
New vertex id: 67
540 541 542 543 544 545 546 547 548 
Adding vertex (chain-A, position-69, res-PHE)
New vertex id: 68
549 550 551 552 553 554 555 556 557 558 559 
Adding vertex (chain-A, position-70, res-GLY)
New vertex id: 69
560 561 562 563 
Adding vertex (chain-A, position-71, res-GLN)
New vertex id: 70
564 565 566 567 568 569 570 571 572 
Adding vertex (chain-A, position-72, res-TRP)
New vertex id: 71
573 574 575 576 577 578 579 580 581 582 583 584 585 586 
Adding vertex (chain-A, position-73, res-ALA)
New vertex id: 72
587 588 589 590 591 
Adding vertex (chain-A, position-74, res-ASP)
New vertex id: 73
592 593 594 595 596 597 598 599 
Adding vertex (chain-A, position-75, res-SER)
New vertex id: 74
600 601 602 603 604 605 
Adding vertex (chain-A, position-76, res-ARG)
New vertex id: 75
606 607 608 609 610 611 612 613 614 615 616 
Adding vertex (chain-A, position-77, res-ALA)
New vertex id: 76
617 618 619 620 621 
Adding vertex (chain-A, position-78, res-ASN)
New vertex id: 77
622 623 624 625 626 627 628 629 
Adding vertex (chain-A, position-79, res-THR)
New vertex id: 78
630 631 632 633 634 635 636 
Adding vertex (chain-A, position-80, res-VAL)
New vertex id: 79
637 638 639 640 641 642 643 
Adding vertex (chain-A, position-81, res-TYR)
New vertex id: 80
644 645 646 647 648 649 650 651 652 653 654 655 
Adding vertex (chain-A, position-82, res-GLY)
New vertex id: 81
656 657 658 659 
Adding vertex (chain-A, position-83, res-LEU)
New vertex id: 82
660 661 662 663 664 665 666 667 
Adding vertex (chain-A, position-84, res-GLY)
New vertex id: 83
668 669 670 671 
Adding vertex (chain-A, position-85, res-PHE)
New vertex id: 84
672 673 674 675 676 677 678 679 680 681 682 
Adding vertex (chain-A, position-86, res-SER)
New vertex id: 85
683 684 685 686 687 688 
Adding vertex (chain-A, position-87, res-SER)
New vertex id: 86
689 690 691 692 693 694 
Adding vertex (chain-A, position-88, res-GLU)
New vertex id: 87
695 696 697 698 699 700 701 702 703 
Adding vertex (chain-A, position-89, res-HIS)
New vertex id: 88
704 705 706 707 708 709 710 711 712 713 
Adding vertex (chain-A, position-90, res-HIS)
New vertex id: 89
714 715 716 717 718 719 720 721 722 723 
Adding vertex (chain-A, position-91, res-LEU)
New vertex id: 90
724 725 726 727 728 729 730 731 
Adding vertex (chain-A, position-92, res-SER)
New vertex id: 91
732 733 734 735 736 737 
Adding vertex (chain-A, position-93, res-LYS)
New vertex id: 92
738 739 740 741 742 743 744 745 746 
Adding vertex (chain-A, position-94, res-PHE)
New vertex id: 93
747 748 749 750 751 752 753 754 755 756 757 
Adding vertex (chain-A, position-95, res-ALA)
New vertex id: 94
758 759 760 761 762 
Adding vertex (chain-A, position-96, res-GLU)
New vertex id: 95
763 764 765 766 767 768 769 770 771 
Adding vertex (chain-A, position-97, res-LYS)
New vertex id: 96
772 773 774 775 776 777 778 779 780 
Adding vertex (chain-A, position-98, res-PHE)
New vertex id: 97
781 782 783 784 785 786 787 788 789 790 791 
Adding vertex (chain-A, position-99, res-GLN)
New vertex id: 98
792 793 794 795 796 797 798 799 800 
Adding vertex (chain-A, position-100, res-GLU)
New vertex id: 99
801 802 803 804 805 806 807 808 809 
Adding vertex (chain-A, position-101, res-PHE)
New vertex id: 100
810 811 812 813 814 815 816 817 818 819 820 
Adding vertex (chain-A, position-102, res-LYS)
New vertex id: 101
821 822 823 824 825 826 827 828 829 
Adding vertex (chain-A, position-103, res-GLU)
New vertex id: 102
830 831 832 833 834 835 836 837 838 
Adding vertex (chain-A, position-104, res-ALA)
New vertex id: 103
839 840 841 842 843 
Graph DONE

( reduce -FLIPs 1DDV.pdb > 1DDV.H.pdb ) >& /dev/null
Reduce (-FLIPs) returned 0
( bndlst -Radius0.3 1DDV.H.pdb > 1DDV.H.bndlst ) >& /dev/null
BndLst returned 0
Parsing 1DDV.H.bndlst

bndlst START
Adding bndlst edge: (A_I1_MC -> A_F2_MC) type[cov], weight[1.00] from 0 to 1 dist[1.34]
Adding bndlst edge: (A_F2_MC -> A_S3_MC) type[cov], weight[1.00] from 1 to 2 dist[1.33]
Adding bndlst edge: (A_F2_MC -> A_Y31_MC) type[hb], weight[1.15] from 1 to 30 dist[1.87]
Adding bndlst edge: (A_F2_SC -> A_K93_SC) type[hb], weight[0.36] from 1 to 92 dist[3.34]
Adding bndlst edge: (A_F2_SC -> A_K93_SC) type[hb], weight[0.49] from 1 to 92 dist[2.86]
Adding bndlst edge: (A_F2_MC -> A_Y31_MC) type[hb], weight[0.75] from 1 to 30 dist[2.31]
Adding bndlst edge: (A_S3_MC -> A_T4_MC) type[cov], weight[1.00] from 2 to 3 dist[1.33]
Adding bndlst edge: (A_S3_SC -> A_S30_SC) type[hb], weight[1.42] from 2 to 29 dist[1.68]
Adding bndlst edge: (A_S3_SC -> A_S30_SC) type[hb], weight[0.50] from 2 to 29 dist[2.82]
Adding bndlst edge: (A_T4_MC -> A_R5_MC) type[cov], weight[1.00] from 3 to 4 dist[1.33]
Adding bndlst edge: (A_T4_MC -> A_V29_MC) type[hb], weight[1.23] from 3 to 28 dist[1.80]
Adding bndlst edge: (A_T4_SC -> A_R5_MC) type[hb], weight[0.79] from 3 to 4 dist[2.25]
Adding bndlst edge: (A_T4_MC -> A_V29_MC) type[hb], weight[0.97] from 3 to 28 dist[2.03]
Adding bndlst edge: (A_R5_MC -> A_A6_MC) type[cov], weight[1.00] from 4 to 5 dist[1.33]
Adding bndlst edge: (A_R5_SC -> A_T28_SC) type[hb], weight[0.91] from 4 to 27 dist[2.10]
Adding bndlst edge: (A_A6_MC -> A_H7_MC) type[cov], weight[1.00] from 5 to 6 dist[1.33]
Adding bndlst edge: (A_A6_MC -> A_V27_MC) type[hb], weight[1.00] from 5 to 26 dist[2.00]
Adding bndlst edge: (A_A6_MC -> A_V27_MC) type[hb], weight[0.80] from 5 to 26 dist[2.23]
Adding bndlst edge: (A_H7_MC -> A_V8_MC) type[cov], weight[1.00] from 6 to 7 dist[1.33]
Adding bndlst edge: (A_H7_MC -> A_G84_MC) type[hb], weight[1.01] from 6 to 83 dist[2.00]
Adding bndlst edge: (A_H7_SC -> A_A26_MC) type[hb], weight[0.38] from 6 to 25 dist[3.25]
Adding bndlst edge: (A_H7_MC -> A_G84_MC) type[hb], weight[0.94] from 6 to 83 dist[2.06]
Adding bndlst edge: (A_V8_MC -> A_F9_MC) type[cov], weight[1.00] from 7 to 8 dist[1.33]
Adding bndlst edge: (A_V8_MC -> A_S23_MC) type[hb], weight[0.64] from 7 to 22 dist[2.51]
Adding bndlst edge: (A_V8_MC -> A_T22_MC) type[hb], weight[1.43] from 7 to 21 dist[1.67]
Adding bndlst edge: (A_V8_MC -> A_S23_SC) type[hb], weight[0.89] from 7 to 22 dist[2.12]
Adding bndlst edge: (A_F9_MC -> A_Q10_MC) type[cov], weight[1.00] from 8 to 9 dist[1.33]
Adding bndlst edge: (A_F9_MC -> A_G82_MC) type[hb], weight[1.10] from 8 to 81 dist[1.91]
Adding bndlst edge: (A_F9_MC -> A_G82_MC) type[hb], weight[0.95] from 8 to 81 dist[2.05]
Adding bndlst edge: (A_Q10_MC -> A_I11_MC) type[cov], weight[1.00] from 9 to 10 dist[1.32]
Adding bndlst edge: (A_Q10_MC -> A_V20_MC) type[hb], weight[1.17] from 9 to 19 dist[1.85]
Adding bndlst edge: (A_Q10_SC -> A_T79_SC) type[hb], weight[0.78] from 9 to 78 dist[2.26]
Adding bndlst edge: (A_Q10_MC -> A_V20_MC) type[hb], weight[0.91] from 9 to 19 dist[2.09]
Adding bndlst edge: (A_I11_MC -> A_D12_MC) type[cov], weight[1.00] from 10 to 11 dist[1.33]
Adding bndlst edge: (A_I11_MC -> A_V80_MC) type[hb], weight[0.77] from 10 to 79 dist[2.29]
Adding bndlst edge: (A_D12_MC -> A_P13_MC) type[cov], weight[1.00] from 11 to 12 dist[1.34]
Adding bndlst edge: (A_D12_MC -> A_K16_MC) type[hb], weight[1.06] from 11 to 15 dist[1.95]
Adding bndlst edge: (A_D12_SC -> A_K16_MC) type[hb], weight[0.45] from 11 to 15 dist[2.97]
Adding bndlst edge: (A_D12_SC -> A_N18_MC) type[hb], weight[1.18] from 11 to 17 dist[1.84]
Adding bndlst edge: (A_D12_SC -> A_K17_MC) type[hb], weight[1.17] from 11 to 16 dist[1.85]
Adding bndlst edge: (A_D12_SC -> A_T15_SC) type[hb], weight[0.69] from 11 to 14 dist[2.40]
Adding bndlst edge: (A_D12_SC -> A_K16_MC) type[hb], weight[0.49] from 11 to 15 dist[2.87]
Adding bndlst edge: (A_D12_SC -> A_T15_MC) type[hb], weight[1.21] from 11 to 14 dist[1.82]
Adding bndlst edge: (A_D12_SC -> A_T15_SC) type[hb], weight[1.15] from 11 to 14 dist[1.86]
Adding bndlst edge: (A_D12_MC -> A_N18_MC) type[hb], weight[1.32] from 11 to 17 dist[1.74]
Adding bndlst edge: (A_P13_MC -> A_N14_MC) type[cov], weight[1.00] from 12 to 13 dist[1.33]
Adding bndlst edge: (A_N14_MC -> A_T15_MC) type[cov], weight[1.00] from 13 to 14 dist[1.33]
Adding bndlst edge: (A_T15_MC -> A_K16_MC) type[cov], weight[1.00] from 14 to 15 dist[1.33]
Adding bndlst edge: (A_T15_SC -> A_K17_MC) type[hb], weight[0.51] from 14 to 16 dist[2.81]
Adding bndlst edge: (A_K16_MC -> A_K17_MC) type[cov], weight[1.00] from 15 to 16 dist[1.33]
Adding bndlst edge: (A_K17_MC -> A_N18_MC) type[cov], weight[1.00] from 16 to 17 dist[1.33]
Adding bndlst edge: (A_N18_MC -> A_W19_MC) type[cov], weight[1.00] from 17 to 18 dist[1.33]
Adding bndlst edge: (A_W19_MC -> A_V20_MC) type[cov], weight[1.00] from 18 to 19 dist[1.32]
Adding bndlst edge: (A_W19_SC -> A_Q71_SC) type[hb], weight[0.37] from 18 to 70 dist[3.28]
Adding bndlst edge: (A_V20_MC -> A_P21_MC) type[cov], weight[1.00] from 19 to 20 dist[1.34]
Adding bndlst edge: (A_P21_MC -> A_T22_MC) type[cov], weight[1.00] from 20 to 21 dist[1.33]
Adding bndlst edge: (A_T22_MC -> A_S23_MC) type[cov], weight[1.00] from 21 to 22 dist[1.34]
Adding bndlst edge: (A_S23_MC -> A_K24_MC) type[cov], weight[1.00] from 22 to 23 dist[1.33]
Adding bndlst edge: (A_S23_SC -> A_H25_MC) type[hb], weight[1.35] from 22 to 24 dist[1.72]
Adding bndlst edge: (A_K24_MC -> A_H25_MC) type[cov], weight[1.00] from 23 to 24 dist[1.32]
Adding bndlst edge: (A_H25_MC -> A_A26_MC) type[cov], weight[1.00] from 24 to 25 dist[1.33]
Adding bndlst edge: (A_A26_MC -> A_V27_MC) type[cov], weight[1.00] from 25 to 26 dist[1.32]
Adding bndlst edge: (A_V27_MC -> A_T28_MC) type[cov], weight[1.00] from 26 to 27 dist[1.33]
Adding bndlst edge: (A_T28_MC -> A_V29_MC) type[cov], weight[1.00] from 27 to 28 dist[1.32]
Adding bndlst edge: (A_T28_MC -> A_S44_SC) type[hb], weight[1.01] from 27 to 43 dist[1.99]
Adding bndlst edge: (A_V29_MC -> A_S30_MC) type[cov], weight[1.00] from 28 to 29 dist[1.33]
Adding bndlst edge: (A_S30_MC -> A_Y31_MC) type[cov], weight[1.00] from 29 to 30 dist[1.33]
Adding bndlst edge: (A_S30_MC -> A_I43_MC) type[hb], weight[1.04] from 29 to 42 dist[1.96]
Adding bndlst edge: (A_S30_MC -> A_I43_MC) type[hb], weight[1.10] from 29 to 42 dist[1.90]
Adding bndlst edge: (A_Y31_MC -> A_F32_MC) type[cov], weight[1.00] from 30 to 31 dist[1.32]
Adding bndlst edge: (A_Y31_SC -> A_F94_SC) type[hb], weight[0.93] from 30 to 93 dist[2.07]
Adding bndlst edge: (A_Y31_SC -> A_F94_SC) type[hb], weight[0.67] from 30 to 93 dist[2.44]
Adding bndlst edge: (A_Y31_SC -> A_F94_SC) type[hb], weight[0.46] from 30 to 93 dist[2.96]
Adding bndlst edge: (A_Y31_SC -> A_F94_SC) type[hb], weight[0.74] from 30 to 93 dist[2.33]
Adding bndlst edge: (A_Y31_SC -> A_F94_SC) type[hb], weight[0.49] from 30 to 93 dist[2.86]
Adding bndlst edge: (A_Y31_SC -> A_F94_SC) type[hb], weight[0.41] from 30 to 93 dist[3.13]
Adding bndlst edge: (A_F32_MC -> A_Y33_MC) type[cov], weight[1.00] from 31 to 32 dist[1.34]
Adding bndlst edge: (A_F32_MC -> A_R41_MC) type[hb], weight[1.16] from 31 to 40 dist[1.86]
Adding bndlst edge: (A_F32_SC -> A_Y33_MC) type[hb], weight[0.36] from 31 to 32 dist[3.34]
Adding bndlst edge: (A_F32_MC -> A_R41_MC) type[hb], weight[1.30] from 31 to 40 dist[1.75]
Adding bndlst edge: (A_Y33_MC -> A_D34_MC) type[cov], weight[1.00] from 32 to 33 dist[1.33]
Adding bndlst edge: (A_Y33_MC -> A_S35_MC) type[hb], weight[0.48] from 32 to 34 dist[2.89]
Adding bndlst edge: (A_Y33_SC -> A_N38_SC) type[hb], weight[0.47] from 32 to 37 dist[2.92]
Adding bndlst edge: (A_D34_MC -> A_S35_MC) type[cov], weight[1.00] from 33 to 34 dist[1.33]
Adding bndlst edge: (A_D34_MC -> A_N38_MC) type[hb], weight[1.06] from 33 to 37 dist[1.94]
Adding bndlst edge: (A_D34_MC -> A_V39_MC) type[hb], weight[0.52] from 33 to 38 dist[2.77]
Adding bndlst edge: (A_D34_MC -> A_R37_MC) type[hb], weight[0.86] from 33 to 36 dist[2.15]
Adding bndlst edge: (A_D34_MC -> A_T36_MC) type[hb], weight[0.52] from 33 to 35 dist[2.77]
Adding bndlst edge: (A_D34_SC -> A_T36_SC) type[hb], weight[0.52] from 33 to 35 dist[2.77]
Adding bndlst edge: (A_D34_SC -> A_R37_MC) type[hb], weight[0.50] from 33 to 36 dist[2.82]
Adding bndlst edge: (A_D34_SC -> A_T36_SC) type[cov], weight[1.00] from 33 to 35 dist[1.61]
Adding bndlst edge: (A_D34_SC -> A_T36_MC) type[hb], weight[1.15] from 33 to 35 dist[1.87]
Adding bndlst edge: (A_D34_MC -> A_V39_MC) type[hb], weight[1.02] from 33 to 38 dist[1.98]
Adding bndlst edge: (A_S35_MC -> A_T36_MC) type[cov], weight[1.00] from 34 to 35 dist[1.33]
Adding bndlst edge: (A_T36_MC -> A_R37_MC) type[cov], weight[1.00] from 35 to 36 dist[1.34]
Adding bndlst edge: (A_R37_MC -> A_N38_MC) type[cov], weight[1.00] from 36 to 37 dist[1.32]
Adding bndlst edge: (A_N38_MC -> A_V39_MC) type[cov], weight[1.00] from 37 to 38 dist[1.33]
Adding bndlst edge: (A_V39_MC -> A_Y40_MC) type[cov], weight[1.00] from 38 to 39 dist[1.32]
Adding bndlst edge: (A_Y40_MC -> A_R41_MC) type[cov], weight[1.00] from 39 to 40 dist[1.31]
Adding bndlst edge: (A_Y40_MC -> A_I56_MC) type[hb], weight[1.05] from 39 to 55 dist[1.95]
Adding bndlst edge: (A_R41_MC -> A_I42_MC) type[cov], weight[1.00] from 40 to 41 dist[1.34]
Adding bndlst edge: (A_I42_MC -> A_I43_MC) type[cov], weight[1.00] from 41 to 42 dist[1.33]
Adding bndlst edge: (A_I42_MC -> A_S54_MC) type[hb], weight[0.99] from 41 to 53 dist[2.01]
Adding bndlst edge: (A_I42_MC -> A_S54_MC) type[hb], weight[1.16] from 41 to 53 dist[1.85]
Adding bndlst edge: (A_I43_MC -> A_S44_MC) type[cov], weight[1.00] from 42 to 43 dist[1.32]
Adding bndlst edge: (A_S44_MC -> A_L45_MC) type[cov], weight[1.00] from 43 to 44 dist[1.31]
Adding bndlst edge: (A_S44_MC -> A_I52_MC) type[hb], weight[0.64] from 43 to 51 dist[2.49]
Adding bndlst edge: (A_S44_MC -> A_I51_MC) type[hb], weight[0.71] from 43 to 50 dist[2.37]
Adding bndlst edge: (A_S44_MC -> A_I52_MC) type[hb], weight[0.80] from 43 to 51 dist[2.24]
Adding bndlst edge: (A_L45_MC -> A_D46_MC) type[cov], weight[1.00] from 44 to 45 dist[1.30]
Adding bndlst edge: (A_D46_MC -> A_G47_MC) type[cov], weight[1.00] from 45 to 46 dist[1.33]
Adding bndlst edge: (A_D46_MC -> A_K49_MC) type[hb], weight[0.95] from 45 to 48 dist[2.06]
Adding bndlst edge: (A_D46_MC -> A_K49_MC) type[hb], weight[1.21] from 45 to 48 dist[1.82]
Adding bndlst edge: (A_G47_MC -> A_S48_MC) type[cov], weight[1.00] from 46 to 47 dist[1.33]
Adding bndlst edge: (A_S48_MC -> A_K49_MC) type[cov], weight[1.00] from 47 to 48 dist[1.33]
Adding bndlst edge: (A_K49_MC -> A_A50_MC) type[cov], weight[1.00] from 48 to 49 dist[1.31]
Adding bndlst edge: (A_K49_MC -> A_I51_MC) type[hb], weight[0.48] from 48 to 50 dist[2.88]
Adding bndlst edge: (A_A50_MC -> A_I51_MC) type[cov], weight[1.00] from 49 to 50 dist[1.33]
Adding bndlst edge: (A_I51_MC -> A_I52_MC) type[cov], weight[1.00] from 50 to 51 dist[1.33]
Adding bndlst edge: (A_I52_MC -> A_N53_MC) type[cov], weight[1.00] from 51 to 52 dist[1.33]
Adding bndlst edge: (A_N53_MC -> A_S54_MC) type[cov], weight[1.00] from 52 to 53 dist[1.33]
Adding bndlst edge: (A_S54_MC -> A_T55_MC) type[cov], weight[1.00] from 53 to 54 dist[1.33]
Adding bndlst edge: (A_S54_SC -> A_W72_SC) type[hb], weight[0.80] from 53 to 71 dist[2.24]
Adding bndlst edge: (A_S54_SC -> A_D74_SC) type[cov], weight[1.00] from 53 to 73 dist[1.61]
Adding bndlst edge: (A_T55_MC -> A_I56_MC) type[cov], weight[1.00] from 54 to 55 dist[1.33]
Adding bndlst edge: (A_I56_MC -> A_T57_MC) type[cov], weight[1.00] from 55 to 56 dist[1.33]
Adding bndlst edge: (A_T57_MC -> A_P58_MC) type[cov], weight[1.00] from 56 to 57 dist[1.34]
Adding bndlst edge: (A_T57_MC -> A_N59_MC) type[hb], weight[0.51] from 56 to 58 dist[2.81]
Adding bndlst edge: (A_T57_MC -> A_M60_MC) type[hb], weight[0.99] from 56 to 59 dist[2.01]
Adding bndlst edge: (A_T57_MC -> A_M60_SC) type[hb], weight[0.90] from 56 to 59 dist[2.11]
Adding bndlst edge: (A_P58_MC -> A_N59_MC) type[cov], weight[1.00] from 57 to 58 dist[1.33]
Adding bndlst edge: (A_P58_MC -> A_K102_SC) type[hb], weight[0.49] from 57 to 101 dist[2.86]
Adding bndlst edge: (A_N59_MC -> A_M60_MC) type[cov], weight[1.00] from 58 to 59 dist[1.33]
Adding bndlst edge: (A_M60_MC -> A_T61_MC) type[cov], weight[1.00] from 59 to 60 dist[1.33]
Adding bndlst edge: (A_M60_MC -> A_K102_SC) type[hb], weight[1.15] from 59 to 101 dist[1.87]
Adding bndlst edge: (A_T61_MC -> A_F62_MC) type[cov], weight[1.00] from 60 to 61 dist[1.33]
Adding bndlst edge: (A_F62_MC -> A_T63_MC) type[cov], weight[1.00] from 61 to 62 dist[1.32]
Adding bndlst edge: (A_T63_MC -> A_K64_MC) type[cov], weight[1.00] from 62 to 63 dist[1.33]
Adding bndlst edge: (A_T63_MC -> A_Q71_MC) type[hb], weight[1.04] from 62 to 70 dist[1.96]
Adding bndlst edge: (A_T63_MC -> A_T65_MC) type[hb], weight[0.62] from 62 to 64 dist[2.54]
Adding bndlst edge: (A_T63_MC -> A_Q71_MC) type[hb], weight[1.28] from 62 to 70 dist[1.77]
Adding bndlst edge: (A_K64_MC -> A_T65_MC) type[cov], weight[1.00] from 63 to 64 dist[1.33]
Adding bndlst edge: (A_K64_SC -> A_S92_SC) type[hb], weight[1.20] from 63 to 91 dist[1.83]
Adding bndlst edge: (A_T65_MC -> A_S66_MC) type[cov], weight[1.00] from 64 to 65 dist[1.33]
Adding bndlst edge: (A_T65_MC -> A_F69_MC) type[hb], weight[0.64] from 64 to 68 dist[2.51]
Adding bndlst edge: (A_T65_SC -> A_Q71_SC) type[cov], weight[1.00] from 64 to 70 dist[1.64]
Adding bndlst edge: (A_S66_MC -> A_Q67_MC) type[cov], weight[1.00] from 65 to 66 dist[1.32]
Adding bndlst edge: (A_S66_MC -> A_F69_MC) type[hb], weight[0.46] from 65 to 68 dist[2.95]
Adding bndlst edge: (A_S66_SC -> A_F69_MC) type[hb], weight[0.51] from 65 to 68 dist[2.81]
Adding bndlst edge: (A_S66_SC -> A_K68_MC) type[hb], weight[0.54] from 65 to 67 dist[2.73]
Adding bndlst edge: (A_S66_MC -> A_F69_MC) type[hb], weight[0.82] from 65 to 68 dist[2.21]
Adding bndlst edge: (A_Q67_MC -> A_K68_MC) type[cov], weight[1.00] from 66 to 67 dist[1.34]
Adding bndlst edge: (A_K68_MC -> A_F69_MC) type[cov], weight[1.00] from 67 to 68 dist[1.33]
Adding bndlst edge: (A_K68_MC -> A_F85_MC) type[hb], weight[1.26] from 67 to 84 dist[1.78]
Adding bndlst edge: (A_K68_SC -> A_S86_MC) type[hb], weight[0.93] from 67 to 85 dist[2.08]
Adding bndlst edge: (A_F69_MC -> A_G70_MC) type[cov], weight[1.00] from 68 to 69 dist[1.33]
Adding bndlst edge: (A_G70_MC -> A_Q71_MC) type[cov], weight[1.00] from 69 to 70 dist[1.33]
Adding bndlst edge: (A_G70_MC -> A_L83_MC) type[hb], weight[1.18] from 69 to 82 dist[1.84]
Adding bndlst edge: (A_G70_MC -> A_L83_MC) type[hb], weight[0.92] from 69 to 82 dist[2.09]
Adding bndlst edge: (A_Q71_MC -> A_W72_MC) type[cov], weight[1.00] from 70 to 71 dist[1.33]
Adding bndlst edge: (A_W72_MC -> A_A73_MC) type[cov], weight[1.00] from 71 to 72 dist[1.33]
Adding bndlst edge: (A_W72_MC -> A_Y81_MC) type[hb], weight[1.00] from 71 to 80 dist[2.00]
Adding bndlst edge: (A_W72_MC -> A_Y81_MC) type[hb], weight[0.87] from 71 to 80 dist[2.14]
Adding bndlst edge: (A_A73_MC -> A_D74_MC) type[cov], weight[1.00] from 72 to 73 dist[1.32]
Adding bndlst edge: (A_D74_MC -> A_S75_MC) type[cov], weight[1.00] from 73 to 74 dist[1.33]
Adding bndlst edge: (A_D74_MC -> A_T79_MC) type[hb], weight[0.78] from 73 to 78 dist[2.27]
Adding bndlst edge: (A_D74_MC -> A_N78_MC) type[hb], weight[0.66] from 73 to 77 dist[2.46]
Adding bndlst edge: (A_D74_MC -> A_A77_MC) type[hb], weight[0.55] from 73 to 76 dist[2.69]
Adding bndlst edge: (A_D74_SC -> A_R76_MC) type[hb], weight[0.78] from 73 to 75 dist[2.26]
Adding bndlst edge: (A_D74_SC -> A_A77_MC) type[hb], weight[0.90] from 73 to 76 dist[2.11]
Adding bndlst edge: (A_D74_MC -> A_T79_MC) type[hb], weight[1.06] from 73 to 78 dist[1.94]
Adding bndlst edge: (A_S75_MC -> A_R76_MC) type[cov], weight[1.00] from 74 to 75 dist[1.33]
Adding bndlst edge: (A_S75_MC -> A_N78_MC) type[hb], weight[0.75] from 74 to 77 dist[2.31]
Adding bndlst edge: (A_R76_MC -> A_A77_MC) type[cov], weight[1.00] from 75 to 76 dist[1.33]
Adding bndlst edge: (A_A77_MC -> A_N78_MC) type[cov], weight[1.00] from 76 to 77 dist[1.33]
Adding bndlst edge: (A_N78_MC -> A_T79_MC) type[cov], weight[1.00] from 77 to 78 dist[1.33]
Adding bndlst edge: (A_T79_MC -> A_V80_MC) type[cov], weight[1.00] from 78 to 79 dist[1.32]
Adding bndlst edge: (A_T79_SC -> A_V80_MC) type[hb], weight[0.94] from 78 to 79 dist[2.06]
Adding bndlst edge: (A_V80_MC -> A_Y81_MC) type[cov], weight[1.00] from 79 to 80 dist[1.32]
Adding bndlst edge: (A_Y81_MC -> A_G82_MC) type[cov], weight[1.00] from 80 to 81 dist[1.33]
Adding bndlst edge: (A_G82_MC -> A_L83_MC) type[cov], weight[1.00] from 81 to 82 dist[1.33]
Adding bndlst edge: (A_L83_MC -> A_G84_MC) type[cov], weight[1.00] from 82 to 83 dist[1.33]
Adding bndlst edge: (A_G84_MC -> A_F85_MC) type[cov], weight[1.00] from 83 to 84 dist[1.33]
Adding bndlst edge: (A_F85_MC -> A_S86_MC) type[cov], weight[1.00] from 84 to 85 dist[1.33]
Adding bndlst edge: (A_S86_MC -> A_S87_MC) type[cov], weight[1.00] from 85 to 86 dist[1.33]
Adding bndlst edge: (A_S86_SC -> A_H90_SC) type[hb], weight[1.01] from 85 to 89 dist[2.00]
Adding bndlst edge: (A_S86_SC -> A_H90_SC) type[hb], weight[0.43] from 85 to 89 dist[3.04]
Adding bndlst edge: (A_S87_MC -> A_E88_MC) type[cov], weight[1.00] from 86 to 87 dist[1.33]
Adding bndlst edge: (A_S87_MC -> A_H90_MC) type[hb], weight[0.50] from 86 to 89 dist[2.82]
Adding bndlst edge: (A_S87_MC -> A_L91_MC) type[hb], weight[0.76] from 86 to 90 dist[2.30]
Adding bndlst edge: (A_S87_SC -> A_H90_MC) type[hb], weight[0.81] from 86 to 89 dist[2.23]
Adding bndlst edge: (A_S87_SC -> A_H89_MC) type[hb], weight[0.49] from 86 to 88 dist[2.85]
Adding bndlst edge: (A_S87_SC -> A_H90_SC) type[hb], weight[0.49] from 86 to 89 dist[2.85]
Adding bndlst edge: (A_S87_SC -> A_H90_SC) type[hb], weight[0.43] from 86 to 89 dist[3.06]
Adding bndlst edge: (A_E88_MC -> A_H89_MC) type[cov], weight[1.00] from 87 to 88 dist[1.33]
Adding bndlst edge: (A_E88_MC -> A_S92_SC) type[hb], weight[1.20] from 87 to 91 dist[1.83]
Adding bndlst edge: (A_E88_MC -> A_S92_MC) type[hb], weight[1.02] from 87 to 91 dist[1.98]
Adding bndlst edge: (A_E88_MC -> A_L91_MC) type[hb], weight[0.50] from 87 to 90 dist[2.83]
Adding bndlst edge: (A_H89_MC -> A_H90_MC) type[cov], weight[1.00] from 88 to 89 dist[1.33]
Adding bndlst edge: (A_H89_MC -> A_K93_MC) type[hb], weight[0.86] from 88 to 92 dist[2.16]
Adding bndlst edge: (A_H89_MC -> A_S92_MC) type[hb], weight[0.59] from 88 to 91 dist[2.60]
Adding bndlst edge: (A_H89_SC -> A_H90_SC) type[hb], weight[0.37] from 88 to 89 dist[3.28]
Adding bndlst edge: (A_H90_MC -> A_L91_MC) type[cov], weight[1.00] from 89 to 90 dist[1.33]
Adding bndlst edge: (A_H90_MC -> A_F94_MC) type[hb], weight[0.88] from 89 to 93 dist[2.13]
Adding bndlst edge: (A_H90_MC -> A_K93_MC) type[hb], weight[0.46] from 89 to 92 dist[2.94]
Adding bndlst edge: (A_L91_MC -> A_S92_MC) type[cov], weight[1.00] from 90 to 91 dist[1.33]
Adding bndlst edge: (A_L91_MC -> A_A95_MC) type[hb], weight[0.97] from 90 to 94 dist[2.03]
Adding bndlst edge: (A_L91_MC -> A_F94_MC) type[hb], weight[0.51] from 90 to 93 dist[2.81]
Adding bndlst edge: (A_S92_MC -> A_K93_MC) type[cov], weight[1.00] from 91 to 92 dist[1.33]
Adding bndlst edge: (A_S92_MC -> A_E96_MC) type[hb], weight[1.00] from 91 to 95 dist[2.00]
Adding bndlst edge: (A_S92_MC -> A_A95_MC) type[hb], weight[0.51] from 91 to 94 dist[2.81]
Adding bndlst edge: (A_K93_MC -> A_F94_MC) type[cov], weight[1.00] from 92 to 93 dist[1.33]
Adding bndlst edge: (A_K93_MC -> A_K97_MC) type[hb], weight[0.85] from 92 to 96 dist[2.16]
Adding bndlst edge: (A_K93_MC -> A_E96_MC) type[hb], weight[0.46] from 92 to 95 dist[2.96]
Adding bndlst edge: (A_F94_MC -> A_A95_MC) type[cov], weight[1.00] from 93 to 94 dist[1.33]
Adding bndlst edge: (A_F94_MC -> A_F98_MC) type[hb], weight[0.88] from 93 to 97 dist[2.14]
Adding bndlst edge: (A_F94_MC -> A_K97_MC) type[hb], weight[0.55] from 93 to 96 dist[2.69]
Adding bndlst edge: (A_A95_MC -> A_E96_MC) type[cov], weight[1.00] from 94 to 95 dist[1.33]
Adding bndlst edge: (A_A95_MC -> A_Q99_MC) type[hb], weight[0.73] from 94 to 98 dist[2.34]
Adding bndlst edge: (A_A95_MC -> A_F98_MC) type[hb], weight[0.56] from 94 to 97 dist[2.68]
Adding bndlst edge: (A_E96_MC -> A_K97_MC) type[cov], weight[1.00] from 95 to 96 dist[1.33]
Adding bndlst edge: (A_E96_MC -> A_E100_MC) type[hb], weight[0.97] from 95 to 99 dist[2.04]
Adding bndlst edge: (A_E96_MC -> A_Q99_MC) type[hb], weight[0.50] from 95 to 98 dist[2.84]
Adding bndlst edge: (A_K97_MC -> A_F98_MC) type[cov], weight[1.00] from 96 to 97 dist[1.33]
Adding bndlst edge: (A_K97_MC -> A_F101_MC) type[hb], weight[1.23] from 96 to 100 dist[1.81]
Adding bndlst edge: (A_K97_MC -> A_E100_MC) type[hb], weight[0.58] from 96 to 99 dist[2.62]
Adding bndlst edge: (A_K97_SC -> A_F101_SC) type[hb], weight[0.42] from 96 to 100 dist[3.09]
Adding bndlst edge: (A_K97_SC -> A_E100_SC) type[salt], weight[1.28] from 96 to 99 dist[1.68]
Adding bndlst edge: (A_F98_MC -> A_Q99_MC) type[cov], weight[1.00] from 97 to 98 dist[1.33]
Adding bndlst edge: (A_F98_MC -> A_K102_MC) type[hb], weight[0.80] from 97 to 101 dist[2.23]
Adding bndlst edge: (A_Q99_MC -> A_E100_MC) type[cov], weight[1.00] from 98 to 99 dist[1.33]
Adding bndlst edge: (A_Q99_MC -> A_E103_MC) type[hb], weight[1.07] from 98 to 102 dist[1.93]
Adding bndlst edge: (A_Q99_MC -> A_K102_MC) type[hb], weight[0.57] from 98 to 101 dist[2.64]
Adding bndlst edge: (A_Q99_SC -> A_E103_SC) type[hb], weight[0.73] from 98 to 102 dist[2.34]
Adding bndlst edge: (A_E100_MC -> A_F101_MC) type[cov], weight[1.00] from 99 to 100 dist[1.33]
Adding bndlst edge: (A_E100_MC -> A_E103_MC) type[hb], weight[0.55] from 99 to 102 dist[2.69]
Adding bndlst edge: (A_F101_MC -> A_K102_MC) type[cov], weight[1.00] from 100 to 101 dist[1.33]
Adding bndlst edge: (A_F101_MC -> A_A104_MC) type[hb], weight[0.58] from 100 to 103 dist[2.62]
Adding bndlst edge: (A_K102_MC -> A_E103_MC) type[cov], weight[1.00] from 101 to 102 dist[1.33]
Adding bndlst edge: (A_K102_MC -> A_A104_MC) type[hb], weight[0.75] from 101 to 103 dist[2.31]
Adding bndlst edge: (A_E103_MC -> A_A104_MC) type[cov], weight[1.00] from 102 to 103 dist[1.31]

bndlst DONE

Producing PAJEK network
printing pajek edge (A_34_ASP,A_36_THR)
printing pajek edge (A_34_ASP,A_36_THR)
printing pajek edge (A_34_ASP,A_39_VAL)
printing pajek edge (A_34_ASP,A_35_SER)
printing pajek edge (A_34_ASP,A_37_ARG)
printing pajek edge (A_34_ASP,A_38_ASN)
printing pajek edge (A_33_TYR,A_34_ASP)
printing pajek edge (A_33_TYR,A_35_SER)
printing pajek edge (A_33_TYR,A_38_ASN)
printing pajek edge (A_91_LEU,A_94_PHE)
printing pajek edge (A_91_LEU,A_95_ALA)
printing pajek edge (A_91_LEU,A_92_SER)
printing pajek edge (A_64_LYS,A_65_THR)
printing pajek edge (A_64_LYS,A_92_SER)
printing pajek edge (A_22_THR,A_23_SER)
printing pajek edge (A_72_TRP,A_73_ALA)
printing pajek edge (A_72_TRP,A_81_TYR)
printing pajek edge (A_103_GLU,A_104_ALA)
printing pajek edge (A_8_VAL,A_23_SER)
printing pajek edge (A_8_VAL,A_9_PHE)
printing pajek edge (A_8_VAL,A_22_THR)
printing pajek edge (A_81_TYR,A_82_GLY)
printing pajek edge (A_27_VAL,A_28_THR)
printing pajek edge (A_100_GLU,A_103_GLU)
printing pajek edge (A_100_GLU,A_101_PHE)
printing pajek edge (A_19_TRP,A_71_GLN)
printing pajek edge (A_19_TRP,A_20_VAL)
printing pajek edge (A_73_ALA,A_74_ASP)
printing pajek edge (A_17_LYS,A_18_ASN)
printing pajek edge (A_45_LEU,A_46_ASP)
printing pajek edge (A_56_ILE,A_57_THR)
printing pajek edge (A_85_PHE,A_86_SER)
printing pajek edge (A_75_SER,A_78_ASN)
printing pajek edge (A_75_SER,A_76_ARG)
printing pajek edge (A_28_THR,A_29_VAL)
printing pajek edge (A_28_THR,A_44_SER)
printing pajek edge (A_96_GLU,A_99_GLN)
printing pajek edge (A_96_GLU,A_100_GLU)
printing pajek edge (A_96_GLU,A_97_LYS)
printing pajek edge (A_58_PRO,A_102_LYS)
printing pajek edge (A_58_PRO,A_59_ASN)
printing pajek edge (A_62_PHE,A_63_THR)
printing pajek edge (A_21_PRO,A_22_THR)
printing pajek edge (A_93_LYS,A_94_PHE)
printing pajek edge (A_93_LYS,A_96_GLU)
printing pajek edge (A_93_LYS,A_97_LYS)
printing pajek edge (A_90_HIS,A_93_LYS)
printing pajek edge (A_90_HIS,A_94_PHE)
printing pajek edge (A_90_HIS,A_91_LEU)
printing pajek edge (A_11_ILE,A_12_ASP)
printing pajek edge (A_11_ILE,A_80_VAL)
printing pajek edge (A_32_PHE,A_33_TYR)
printing pajek edge (A_32_PHE,A_33_TYR)
printing pajek edge (A_32_PHE,A_41_ARG)
printing pajek edge (A_36_THR,A_37_ARG)
printing pajek edge (A_12_ASP,A_17_LYS)
printing pajek edge (A_12_ASP,A_18_ASN)
printing pajek edge (A_12_ASP,A_13_PRO)
printing pajek edge (A_12_ASP,A_15_THR)
printing pajek edge (A_12_ASP,A_16_LYS)
printing pajek edge (A_92_SER,A_93_LYS)
printing pajek edge (A_92_SER,A_96_GLU)
printing pajek edge (A_92_SER,A_95_ALA)
printing pajek edge (A_79_THR,A_80_VAL)
printing pajek edge (A_79_THR,A_80_VAL)
printing pajek edge (A_49_LYS,A_51_ILE)
printing pajek edge (A_49_LYS,A_50_ALA)
printing pajek edge (A_88_GLU,A_91_LEU)
printing pajek edge (A_88_GLU,A_89_HIS)
printing pajek edge (A_88_GLU,A_92_SER)
printing pajek edge (A_94_PHE,A_98_PHE)
printing pajek edge (A_94_PHE,A_95_ALA)
printing pajek edge (A_94_PHE,A_97_LYS)
printing pajek edge (A_78_ASN,A_79_THR)
printing pajek edge (A_66_SER,A_68_LYS)
printing pajek edge (A_66_SER,A_67_GLN)
printing pajek edge (A_66_SER,A_69_PHE)
printing pajek edge (A_30_SER,A_43_ILE)
printing pajek edge (A_30_SER,A_31_TYR)
printing pajek edge (A_51_ILE,A_52_ILE)
printing pajek edge (A_40_TYR,A_41_ARG)
printing pajek edge (A_40_TYR,A_56_ILE)
printing pajek edge (A_65_THR,A_71_GLN)
printing pajek edge (A_65_THR,A_69_PHE)
printing pajek edge (A_65_THR,A_66_SER)
printing pajek edge (A_98_PHE,A_99_GLN)
printing pajek edge (A_98_PHE,A_102_LYS)
printing pajek edge (A_59_ASN,A_60_MET)
printing pajek edge (A_42_ILE,A_43_ILE)
printing pajek edge (A_42_ILE,A_54_SER)
printing pajek edge (A_13_PRO,A_14_ASN)
printing pajek edge (A_16_LYS,A_17_LYS)
printing pajek edge (A_82_GLY,A_83_LEU)
printing pajek edge (A_53_ASN,A_54_SER)
printing pajek edge (A_61_THR,A_62_PHE)
printing pajek edge (A_57_THR,A_60_MET)
printing pajek edge (A_57_THR,A_58_PRO)
printing pajek edge (A_57_THR,A_59_ASN)
printing pajek edge (A_102_LYS,A_104_ALA)
printing pajek edge (A_102_LYS,A_103_GLU)
printing pajek edge (A_74_ASP,A_75_SER)
printing pajek edge (A_74_ASP,A_78_ASN)
printing pajek edge (A_74_ASP,A_76_ARG)
printing pajek edge (A_74_ASP,A_77_ALA)
printing pajek edge (A_74_ASP,A_79_THR)
printing pajek edge (A_67_GLN,A_68_LYS)
printing pajek edge (A_46_ASP,A_47_GLY)
printing pajek edge (A_46_ASP,A_49_LYS)
printing pajek edge (A_87_SER,A_88_GLU)
printing pajek edge (A_87_SER,A_89_HIS)
printing pajek edge (A_87_SER,A_91_LEU)
printing pajek edge (A_87_SER,A_90_HIS)
printing pajek edge (A_77_ALA,A_78_ASN)
printing pajek edge (A_20_VAL,A_21_PRO)
printing pajek edge (A_63_THR,A_64_LYS)
printing pajek edge (A_63_THR,A_65_THR)
printing pajek edge (A_63_THR,A_71_GLN)
printing pajek edge (A_55_THR,A_56_ILE)
printing pajek edge (A_68_LYS,A_85_PHE)
printing pajek edge (A_68_LYS,A_86_SER)
printing pajek edge (A_68_LYS,A_69_PHE)
printing pajek edge (A_71_GLN,A_72_TRP)
printing pajek edge (A_69_PHE,A_70_GLY)
printing pajek edge (A_3_SER,A_4_THR)
printing pajek edge (A_3_SER,A_30_SER)
printing pajek edge (A_18_ASN,A_19_TRP)
printing pajek edge (A_2_PHE,A_93_LYS)
printing pajek edge (A_2_PHE,A_31_TYR)
printing pajek edge (A_2_PHE,A_3_SER)
printing pajek edge (A_89_HIS,A_93_LYS)
printing pajek edge (A_89_HIS,A_90_HIS)
printing pajek edge (A_89_HIS,A_90_HIS)
printing pajek edge (A_89_HIS,A_92_SER)
printing pajek edge (A_31_TYR,A_94_PHE)
printing pajek edge (A_31_TYR,A_32_PHE)
printing pajek edge (A_101_PHE,A_104_ALA)
printing pajek edge (A_101_PHE,A_102_LYS)
printing pajek edge (A_83_LEU,A_84_GLY)
printing pajek edge (A_26_ALA,A_27_VAL)
printing pajek edge (A_29_VAL,A_30_SER)
printing pajek edge (A_84_GLY,A_85_PHE)
printing pajek edge (A_76_ARG,A_77_ALA)
printing pajek edge (A_41_ARG,A_42_ILE)
printing pajek edge (A_15_THR,A_17_LYS)
printing pajek edge (A_15_THR,A_16_LYS)
printing pajek edge (A_70_GLY,A_71_GLN)
printing pajek edge (A_70_GLY,A_83_LEU)
printing pajek edge (A_60_MET,A_61_THR)
printing pajek edge (A_60_MET,A_102_LYS)
printing pajek edge (A_50_ALA,A_51_ILE)
printing pajek edge (A_25_HIS,A_26_ALA)
printing pajek edge (A_54_SER,A_72_TRP)
printing pajek edge (A_54_SER,A_74_ASP)
printing pajek edge (A_54_SER,A_55_THR)
printing pajek edge (A_80_VAL,A_81_TYR)
printing pajek edge (A_23_SER,A_25_HIS)
printing pajek edge (A_23_SER,A_24_LYS)
printing pajek edge (A_43_ILE,A_44_SER)
printing pajek edge (A_1_ILE,A_2_PHE)
printing pajek edge (A_47_GLY,A_48_SER)
printing pajek edge (A_24_LYS,A_25_HIS)
printing pajek edge (A_14_ASN,A_15_THR)
printing pajek edge (A_97_LYS,A_100_GLU)
printing pajek edge (A_97_LYS,A_100_GLU)
printing pajek edge (A_97_LYS,A_98_PHE)
printing pajek edge (A_97_LYS,A_101_PHE)
printing pajek edge (A_7_HIS,A_26_ALA)
printing pajek edge (A_7_HIS,A_84_GLY)
printing pajek edge (A_7_HIS,A_8_VAL)
printing pajek edge (A_86_SER,A_90_HIS)
printing pajek edge (A_86_SER,A_87_SER)
printing pajek edge (A_4_THR,A_5_ARG)
printing pajek edge (A_4_THR,A_5_ARG)
printing pajek edge (A_4_THR,A_29_VAL)
printing pajek edge (A_37_ARG,A_38_ASN)
printing pajek edge (A_95_ALA,A_99_GLN)
printing pajek edge (A_95_ALA,A_96_GLU)
printing pajek edge (A_95_ALA,A_98_PHE)
printing pajek edge (A_10_GLN,A_20_VAL)
printing pajek edge (A_10_GLN,A_11_ILE)
printing pajek edge (A_10_GLN,A_79_THR)
printing pajek edge (A_52_ILE,A_53_ASN)
printing pajek edge (A_48_SER,A_49_LYS)
printing pajek edge (A_9_PHE,A_82_GLY)
printing pajek edge (A_9_PHE,A_10_GLN)
printing pajek edge (A_39_VAL,A_40_TYR)
printing pajek edge (A_99_GLN,A_100_GLU)
printing pajek edge (A_99_GLN,A_102_LYS)
printing pajek edge (A_99_GLN,A_103_GLU)
printing pajek edge (A_5_ARG,A_28_THR)
printing pajek edge (A_5_ARG,A_6_ALA)
printing pajek edge (A_35_SER,A_36_THR)
printing pajek edge (A_38_ASN,A_39_VAL)
printing pajek edge (A_44_SER,A_51_ILE)
printing pajek edge (A_44_SER,A_52_ILE)
printing pajek edge (A_44_SER,A_45_LEU)
printing pajek edge (A_6_ALA,A_7_HIS)
printing pajek edge (A_6_ALA,A_27_VAL)
