Graph START

Adding vertex (chain-A, position-12, res-SER)
New vertex id: 0
1 2 3 4 5 6 
Adding vertex (chain-A, position-13, res-ALA)
New vertex id: 1
7 8 9 10 11 
Adding vertex (chain-A, position-14, res-SER)
New vertex id: 2
12 13 14 15 16 17 
Adding vertex (chain-A, position-15, res-PRO)
New vertex id: 3
18 19 20 21 22 23 24 
Adding vertex (chain-A, position-16, res-ALA)
New vertex id: 4
25 26 27 28 29 
Adding vertex (chain-A, position-17, res-VAL)
New vertex id: 5
30 31 32 33 34 35 36 
Adding vertex (chain-A, position-18, res-ALA)
New vertex id: 6
37 38 39 40 41 
Adding vertex (chain-A, position-19, res-GLU)
New vertex id: 7
42 43 44 45 46 47 48 49 50 
Adding vertex (chain-A, position-20, res-LEU)
New vertex id: 8
51 52 53 54 55 56 57 58 
Adding vertex (chain-A, position-21, res-CYS)
New vertex id: 9
59 60 61 62 63 64 
Adding vertex (chain-A, position-22, res-GLN)
New vertex id: 10
65 66 67 68 69 70 71 72 73 
Adding vertex (chain-A, position-23, res-ASN)
New vertex id: 11
74 75 76 77 78 79 80 81 
Adding vertex (chain-A, position-24, res-THR)
New vertex id: 12
82 83 84 85 86 87 88 
Adding vertex (chain-A, position-25, res-PRO)
New vertex id: 13
89 90 91 92 93 94 95 
Adding vertex (chain-A, position-26, res-GLU)
New vertex id: 14
96 97 98 99 100 101 102 103 104 
Adding vertex (chain-A, position-27, res-THR)
New vertex id: 15
105 106 107 108 109 110 111 
Adding vertex (chain-A, position-28, res-PHE)
New vertex id: 16
112 113 114 115 116 117 118 119 120 121 122 
Adding vertex (chain-A, position-29, res-LEU)
New vertex id: 17
123 124 125 126 127 128 129 130 
Adding vertex (chain-A, position-30, res-GLU)
New vertex id: 18
131 132 133 134 135 136 137 138 139 
Adding vertex (chain-A, position-31, res-ALA)
New vertex id: 19
140 141 142 143 144 
Adding vertex (chain-A, position-32, res-SER)
New vertex id: 20
145 146 147 148 149 150 
Adding vertex (chain-A, position-33, res-LYS)
New vertex id: 21
151 152 153 154 155 156 157 158 159 
Adding vertex (chain-A, position-34, res-LEU)
New vertex id: 22
160 161 162 163 164 165 166 167 
Adding vertex (chain-A, position-35, res-LEU)
New vertex id: 23
168 169 170 171 172 173 174 175 
Adding vertex (chain-A, position-36, res-LEU)
New vertex id: 24
176 177 178 179 180 181 182 183 
Adding vertex (chain-A, position-37, res-THR)
New vertex id: 25
184 185 186 187 188 189 190 
Adding vertex (chain-A, position-38, res-TYR)
New vertex id: 26
191 192 193 194 195 196 197 198 199 200 201 202 
Adding vertex (chain-A, position-39, res-ALA)
New vertex id: 27
203 204 205 206 207 
Adding vertex (chain-A, position-40, res-ASP)
New vertex id: 28
208 209 210 211 212 213 214 215 
Adding vertex (chain-A, position-41, res-ASN)
New vertex id: 29
216 217 218 219 220 221 222 223 
Adding vertex (chain-A, position-42, res-ILE)
New vertex id: 30
224 225 226 227 228 229 230 231 
Adding vertex (chain-A, position-43, res-LEU)
New vertex id: 31
232 233 234 235 236 237 238 239 
Adding vertex (chain-A, position-44, res-ARG)
New vertex id: 32
240 241 242 243 244 245 246 247 248 249 250 
Adding vertex (chain-A, position-45, res-ASN)
New vertex id: 33
251 252 253 254 255 256 257 258 
Adding vertex (chain-A, position-46, res-PRO)
New vertex id: 34
259 260 261 262 263 264 265 
Adding vertex (chain-A, position-47, res-SER)
New vertex id: 35
266 267 268 269 270 271 
Adding vertex (chain-A, position-48, res-ASP)
New vertex id: 36
272 273 274 275 276 277 278 279 
Adding vertex (chain-A, position-49, res-GLU)
New vertex id: 37
280 281 282 283 284 285 286 287 288 
Adding vertex (chain-A, position-50, res-LYS)
New vertex id: 38
289 290 291 292 293 294 295 296 297 
Adding vertex (chain-A, position-51, res-TYR)
New vertex id: 39
298 299 300 301 302 303 304 305 306 307 308 309 
Adding vertex (chain-A, position-52, res-ARG)
New vertex id: 40
310 311 312 313 314 315 316 317 318 319 320 
Adding vertex (chain-A, position-53, res-SER)
New vertex id: 41
321 322 323 324 325 326 
Adding vertex (chain-A, position-54, res-ILE)
New vertex id: 42
327 328 329 330 331 332 333 334 
Adding vertex (chain-A, position-55, res-ARG)
New vertex id: 43
335 336 337 338 339 340 341 342 343 344 345 
Adding vertex (chain-A, position-56, res-ILE)
New vertex id: 44
346 347 348 349 350 351 352 353 
Adding vertex (chain-A, position-57, res-GLY)
New vertex id: 45
354 355 356 357 
Adding vertex (chain-A, position-58, res-ASN)
New vertex id: 46
358 359 360 361 362 363 364 365 
Adding vertex (chain-A, position-59, res-THR)
New vertex id: 47
366 367 368 369 370 371 372 
Adding vertex (chain-A, position-60, res-ALA)
New vertex id: 48
373 374 375 376 377 
Adding vertex (chain-A, position-61, res-PHE)
New vertex id: 49
378 379 380 381 382 383 384 385 386 387 388 
Adding vertex (chain-A, position-62, res-SER)
New vertex id: 50
389 390 391 392 393 394 
Adding vertex (chain-A, position-63, res-THR)
New vertex id: 51
395 396 397 398 399 400 401 
Adding vertex (chain-A, position-64, res-ARG)
New vertex id: 52
402 403 404 405 406 407 408 409 410 411 412 
Adding vertex (chain-A, position-65, res-LEU)
New vertex id: 53
413 414 415 416 417 418 419 420 
Adding vertex (chain-A, position-66, res-LEU)
New vertex id: 54
421 422 423 424 425 426 427 428 
Adding vertex (chain-A, position-67, res-PRO)
New vertex id: 55
429 430 431 432 433 434 435 
Adding vertex (chain-A, position-68, res-VAL)
New vertex id: 56
436 437 438 439 440 441 442 
Adding vertex (chain-A, position-69, res-ARG)
New vertex id: 57
443 444 445 446 447 448 449 450 451 452 453 
Adding vertex (chain-A, position-70, res-GLY)
New vertex id: 58
454 455 456 457 
Adding vertex (chain-A, position-71, res-ALA)
New vertex id: 59
458 459 460 461 462 
Adding vertex (chain-A, position-72, res-VAL)
New vertex id: 60
463 464 465 466 467 468 469 
Adding vertex (chain-A, position-73, res-GLU)
New vertex id: 61
470 471 472 473 474 475 476 477 478 
Adding vertex (chain-A, position-74, res-CYS)
New vertex id: 62
479 480 481 482 483 484 
Adding vertex (chain-A, position-75, res-LEU)
New vertex id: 63
485 486 487 488 489 490 491 492 
Adding vertex (chain-A, position-76, res-PHE)
New vertex id: 64
493 494 495 496 497 498 499 500 501 502 503 
Adding vertex (chain-A, position-77, res-GLU)
New vertex id: 65
504 505 506 507 508 509 510 511 512 
Adding vertex (chain-A, position-78, res-MET)
New vertex id: 66
513 514 515 516 517 518 519 520 
Adding vertex (chain-A, position-79, res-GLY)
New vertex id: 67
521 522 523 524 
Adding vertex (chain-A, position-80, res-PHE)
New vertex id: 68
525 526 527 528 529 530 531 532 533 534 535 
Adding vertex (chain-A, position-81, res-GLU)
New vertex id: 69
536 537 538 539 540 541 542 543 544 
Adding vertex (chain-A, position-82, res-GLU)
New vertex id: 70
545 546 547 548 549 550 551 552 553 
Adding vertex (chain-A, position-83, res-GLY)
New vertex id: 71
554 555 556 557 
Adding vertex (chain-A, position-84, res-GLU)
New vertex id: 72
558 559 560 561 562 563 564 565 566 
Adding vertex (chain-A, position-85, res-THR)
New vertex id: 73
567 568 569 570 571 572 573 
Adding vertex (chain-A, position-86, res-HIS)
New vertex id: 74
574 575 576 577 578 579 580 581 582 583 
Adding vertex (chain-A, position-87, res-LEU)
New vertex id: 75
584 585 586 587 588 589 590 591 
Adding vertex (chain-A, position-88, res-ILE)
New vertex id: 76
592 593 594 595 596 597 598 599 
Adding vertex (chain-A, position-89, res-PHE)
New vertex id: 77
600 601 602 603 604 605 606 607 608 609 610 
Adding vertex (chain-A, position-90, res-PRO)
New vertex id: 78
611 612 613 614 615 616 617 
Adding vertex (chain-A, position-91, res-LYS)
New vertex id: 79
618 619 620 621 622 623 624 625 626 
Adding vertex (chain-A, position-92, res-LYS)
New vertex id: 80
627 628 629 630 631 632 633 634 635 
Adding vertex (chain-A, position-93, res-ALA)
New vertex id: 81
636 637 638 639 640 
Adding vertex (chain-A, position-94, res-SER)
New vertex id: 82
641 642 643 644 645 646 
Adding vertex (chain-A, position-95, res-VAL)
New vertex id: 83
647 648 649 650 651 652 653 
Adding vertex (chain-A, position-96, res-GLU)
New vertex id: 84
654 655 656 657 658 659 660 661 662 
Adding vertex (chain-A, position-97, res-GLN)
New vertex id: 85
663 664 665 666 667 668 669 670 671 
Adding vertex (chain-A, position-98, res-LEU)
New vertex id: 86
672 673 674 675 676 677 678 679 
Adding vertex (chain-A, position-99, res-GLN)
New vertex id: 87
680 681 682 683 684 685 686 687 688 
Adding vertex (chain-A, position-100, res-LYS)
New vertex id: 88
689 690 691 692 693 694 695 696 697 
Adding vertex (chain-A, position-101, res-ILE)
New vertex id: 89
698 699 700 701 702 703 704 705 
Adding vertex (chain-A, position-102, res-ARG)
New vertex id: 90
706 707 708 709 710 711 712 713 714 715 716 
Adding vertex (chain-A, position-103, res-ASP)
New vertex id: 91
717 718 719 720 721 722 723 724 
Adding vertex (chain-A, position-104, res-LEU)
New vertex id: 92
725 726 727 728 729 730 731 732 
Adding vertex (chain-A, position-105, res-ILE)
New vertex id: 93
733 734 735 736 737 738 739 740 
Adding vertex (chain-A, position-106, res-ALA)
New vertex id: 94
741 742 743 744 745 
Adding vertex (chain-A, position-107, res-ILE)
New vertex id: 95
746 747 748 749 750 751 752 753 
Adding vertex (chain-A, position-108, res-GLU)
New vertex id: 96
754 755 756 757 758 759 760 761 762 
Adding vertex (chain-A, position-109, res-ARG)
New vertex id: 97
763 764 765 766 767 768 769 770 771 772 773 
Adding vertex (chain-A, position-110, res-SER)
New vertex id: 98
774 775 776 777 778 779 
Graph DONE

( reduce -FLIPs 2HPL.pdb > 2HPL.H.pdb ) >& /dev/null
Reduce (-FLIPs) returned 0
( bndlst -Radius0.3 2HPL.H.pdb > 2HPL.H.bndlst ) >& /dev/null
BndLst returned 0
Parsing 2HPL.H.bndlst

bndlst START
Adding bndlst edge: (A_S12_MC -> A_A13_MC) type[cov], weight[1.00] from 0 to 1 dist[1.35]
Adding bndlst edge: (A_A13_MC -> A_S14_MC) type[cov], weight[1.00] from 1 to 2 dist[1.33]
Adding bndlst edge: (A_S14_MC -> A_P15_MC) type[cov], weight[1.00] from 2 to 3 dist[1.34]
Adding bndlst edge: (A_S14_MC -> A_A18_MC) type[hb], weight[0.90] from 2 to 6 dist[2.11]
Adding bndlst edge: (A_S14_SC -> A_V17_MC) type[hb], weight[1.02] from 2 to 5 dist[1.98]
Adding bndlst edge: (A_S14_SC -> A_A16_MC) type[hb], weight[0.51] from 2 to 4 dist[2.79]
Adding bndlst edge: (A_S14_SC -> A_E77_SC) type[hb], weight[1.43] from 2 to 65 dist[1.67]
Adding bndlst edge: (A_P15_MC -> A_A16_MC) type[cov], weight[1.00] from 3 to 4 dist[1.33]
Adding bndlst edge: (A_P15_MC -> A_E19_MC) type[hb], weight[0.99] from 3 to 7 dist[2.01]
Adding bndlst edge: (A_P15_MC -> A_A18_MC) type[hb], weight[0.48] from 3 to 6 dist[2.89]
Adding bndlst edge: (A_A16_MC -> A_V17_MC) type[cov], weight[1.00] from 4 to 5 dist[1.34]
Adding bndlst edge: (A_A16_MC -> A_L20_MC) type[hb], weight[1.16] from 4 to 8 dist[1.85]
Adding bndlst edge: (A_A16_MC -> A_C74_SC) type[hb], weight[0.47] from 4 to 62 dist[2.92]
Adding bndlst edge: (A_A16_MC -> A_E19_MC) type[hb], weight[0.55] from 4 to 7 dist[2.69]
Adding bndlst edge: (A_A16_MC -> A_E77_SC) type[hb], weight[0.98] from 4 to 65 dist[2.02]
Adding bndlst edge: (A_V17_MC -> A_A18_MC) type[cov], weight[1.00] from 5 to 6 dist[1.33]
Adding bndlst edge: (A_V17_MC -> A_L20_MC) type[hb], weight[0.50] from 5 to 8 dist[2.84]
Adding bndlst edge: (A_V17_MC -> A_C21_SC) type[hb], weight[0.79] from 5 to 9 dist[2.25]
Adding bndlst edge: (A_V17_MC -> A_C21_MC) type[hb], weight[0.89] from 5 to 9 dist[2.12]
Adding bndlst edge: (A_A18_MC -> A_E19_MC) type[cov], weight[1.00] from 6 to 7 dist[1.33]
Adding bndlst edge: (A_A18_MC -> A_Q22_SC) type[hb], weight[1.08] from 6 to 10 dist[1.92]
Adding bndlst edge: (A_A18_MC -> A_C21_MC) type[hb], weight[0.59] from 6 to 9 dist[2.60]
Adding bndlst edge: (A_E19_MC -> A_L20_MC) type[cov], weight[1.00] from 7 to 8 dist[1.34]
Adding bndlst edge: (A_E19_MC -> A_Q22_MC) type[hb], weight[0.97] from 7 to 10 dist[2.03]
Adding bndlst edge: (A_E19_SC -> A_R69_SC) type[salt], weight[0.73] from 7 to 57 dist[2.23]
Adding bndlst edge: (A_E19_SC -> A_R69_SC) type[salt], weight[0.43] from 7 to 57 dist[2.89]
Adding bndlst edge: (A_E19_SC -> A_R69_SC) type[salt], weight[0.45] from 7 to 57 dist[2.85]
Adding bndlst edge: (A_E19_SC -> A_R69_SC) type[salt], weight[0.87] from 7 to 57 dist[2.04]
Adding bndlst edge: (A_L20_MC -> A_C21_MC) type[cov], weight[1.00] from 8 to 9 dist[1.34]
Adding bndlst edge: (A_L20_MC -> A_N23_SC) type[hb], weight[1.17] from 8 to 11 dist[1.85]
Adding bndlst edge: (A_L20_MC -> A_N23_MC) type[hb], weight[0.77] from 8 to 11 dist[2.27]
Adding bndlst edge: (A_L20_MC -> A_Q22_MC) type[hb], weight[0.46] from 8 to 10 dist[2.94]
Adding bndlst edge: (A_C21_MC -> A_Q22_MC) type[cov], weight[1.00] from 9 to 10 dist[1.32]
Adding bndlst edge: (A_Q22_MC -> A_N23_MC) type[cov], weight[1.00] from 10 to 11 dist[1.32]
Adding bndlst edge: (A_N23_MC -> A_T24_MC) type[cov], weight[1.00] from 11 to 12 dist[1.33]
Adding bndlst edge: (A_N23_SC -> A_R69_MC) type[hb], weight[0.96] from 11 to 57 dist[2.04]
Adding bndlst edge: (A_T24_MC -> A_P25_MC) type[cov], weight[1.00] from 12 to 13 dist[1.34]
Adding bndlst edge: (A_T24_MC -> A_T27_MC) type[hb], weight[0.55] from 12 to 15 dist[2.70]
Adding bndlst edge: (A_T24_MC -> A_F28_MC) type[hb], weight[1.28] from 12 to 16 dist[1.77]
Adding bndlst edge: (A_T24_SC -> A_T27_SC) type[hb], weight[0.81] from 12 to 15 dist[2.22]
Adding bndlst edge: (A_T24_SC -> A_T27_MC) type[hb], weight[0.74] from 12 to 15 dist[2.33]
Adding bndlst edge: (A_P25_MC -> A_E26_MC) type[cov], weight[1.00] from 13 to 14 dist[1.32]
Adding bndlst edge: (A_P25_MC -> A_L29_MC) type[hb], weight[0.99] from 13 to 17 dist[2.01]
Adding bndlst edge: (A_E26_MC -> A_T27_MC) type[cov], weight[1.00] from 14 to 15 dist[1.33]
Adding bndlst edge: (A_E26_MC -> A_E30_MC) type[hb], weight[0.88] from 14 to 18 dist[2.13]
Adding bndlst edge: (A_E26_MC -> A_L29_MC) type[hb], weight[0.54] from 14 to 17 dist[2.71]
Adding bndlst edge: (A_T27_MC -> A_F28_MC) type[cov], weight[1.00] from 15 to 16 dist[1.33]
Adding bndlst edge: (A_T27_MC -> A_A31_MC) type[hb], weight[0.98] from 15 to 19 dist[2.02]
Adding bndlst edge: (A_T27_MC -> A_E30_MC) type[hb], weight[0.53] from 15 to 18 dist[2.73]
Adding bndlst edge: (A_F28_MC -> A_L29_MC) type[cov], weight[1.00] from 16 to 17 dist[1.33]
Adding bndlst edge: (A_F28_MC -> A_S32_SC) type[hb], weight[1.32] from 16 to 20 dist[1.74]
Adding bndlst edge: (A_F28_MC -> A_S32_MC) type[hb], weight[1.11] from 16 to 20 dist[1.90]
Adding bndlst edge: (A_L29_MC -> A_E30_MC) type[cov], weight[1.00] from 17 to 18 dist[1.33]
Adding bndlst edge: (A_L29_MC -> A_R109_SC) type[hb], weight[0.70] from 17 to 97 dist[2.40]
Adding bndlst edge: (A_L29_MC -> A_K33_MC) type[hb], weight[0.92] from 17 to 21 dist[2.08]
Adding bndlst edge: (A_L29_MC -> A_S32_SC) type[hb], weight[0.59] from 17 to 20 dist[2.60]
Adding bndlst edge: (A_L29_MC -> A_R109_SC) type[hb], weight[0.48] from 17 to 97 dist[2.88]
Adding bndlst edge: (A_E30_MC -> A_A31_MC) type[cov], weight[1.00] from 18 to 19 dist[1.32]
Adding bndlst edge: (A_E30_MC -> A_L34_MC) type[hb], weight[0.66] from 18 to 22 dist[2.46]
Adding bndlst edge: (A_E30_MC -> A_K33_MC) type[hb], weight[0.49] from 18 to 21 dist[2.86]
Adding bndlst edge: (A_A31_MC -> A_S32_MC) type[cov], weight[1.00] from 19 to 20 dist[1.32]
Adding bndlst edge: (A_A31_MC -> A_L35_MC) type[hb], weight[1.02] from 19 to 23 dist[1.98]
Adding bndlst edge: (A_A31_MC -> A_L34_MC) type[hb], weight[0.55] from 19 to 22 dist[2.70]
Adding bndlst edge: (A_S32_MC -> A_K33_MC) type[cov], weight[1.00] from 20 to 21 dist[1.33]
Adding bndlst edge: (A_S32_MC -> A_L35_MC) type[hb], weight[0.48] from 20 to 23 dist[2.88]
Adding bndlst edge: (A_S32_MC -> A_L36_MC) type[hb], weight[1.04] from 20 to 24 dist[1.96]
Adding bndlst edge: (A_S32_SC -> A_K33_MC) type[hb], weight[0.47] from 20 to 21 dist[2.91]
Adding bndlst edge: (A_S32_SC -> A_R109_SC) type[hb], weight[1.15] from 20 to 97 dist[1.86]
Adding bndlst edge: (A_K33_MC -> A_L34_MC) type[cov], weight[1.00] from 21 to 22 dist[1.32]
Adding bndlst edge: (A_K33_MC -> A_T37_SC) type[hb], weight[0.97] from 21 to 25 dist[2.03]
Adding bndlst edge: (A_K33_MC -> A_T37_MC) type[hb], weight[0.93] from 21 to 25 dist[2.08]
Adding bndlst edge: (A_K33_MC -> A_L36_MC) type[hb], weight[0.47] from 21 to 24 dist[2.91]
Adding bndlst edge: (A_L34_MC -> A_L35_MC) type[cov], weight[1.00] from 22 to 23 dist[1.32]
Adding bndlst edge: (A_L34_MC -> A_Y38_MC) type[hb], weight[1.14] from 22 to 26 dist[1.88]
Adding bndlst edge: (A_L34_MC -> A_T37_MC) type[hb], weight[0.57] from 22 to 25 dist[2.65]
Adding bndlst edge: (A_L35_MC -> A_L36_MC) type[cov], weight[1.00] from 23 to 24 dist[1.33]
Adding bndlst edge: (A_L35_MC -> A_Y38_MC) type[hb], weight[0.46] from 23 to 26 dist[2.96]
Adding bndlst edge: (A_L35_MC -> A_A39_MC) type[hb], weight[0.91] from 23 to 27 dist[2.09]
Adding bndlst edge: (A_L36_MC -> A_T37_MC) type[cov], weight[1.00] from 24 to 25 dist[1.33]
Adding bndlst edge: (A_L36_MC -> A_D40_MC) type[hb], weight[1.21] from 24 to 28 dist[1.81]
Adding bndlst edge: (A_L36_MC -> A_A39_MC) type[hb], weight[0.49] from 24 to 27 dist[2.86]
Adding bndlst edge: (A_T37_MC -> A_Y38_MC) type[cov], weight[1.00] from 25 to 26 dist[1.33]
Adding bndlst edge: (A_T37_MC -> A_N41_MC) type[hb], weight[1.02] from 25 to 29 dist[1.98]
Adding bndlst edge: (A_Y38_MC -> A_A39_MC) type[cov], weight[1.00] from 26 to 27 dist[1.33]
Adding bndlst edge: (A_Y38_MC -> A_N41_MC) type[hb], weight[0.45] from 26 to 29 dist[2.98]
Adding bndlst edge: (A_Y38_MC -> A_I42_MC) type[hb], weight[0.59] from 26 to 30 dist[2.61]
Adding bndlst edge: (A_Y38_SC -> A_F61_SC) type[hb], weight[0.40] from 26 to 49 dist[3.17]
Adding bndlst edge: (A_A39_MC -> A_D40_MC) type[cov], weight[1.00] from 27 to 28 dist[1.33]
Adding bndlst edge: (A_A39_MC -> A_L43_MC) type[hb], weight[1.10] from 27 to 31 dist[1.91]
Adding bndlst edge: (A_A39_MC -> A_I42_MC) type[hb], weight[0.64] from 27 to 30 dist[2.50]
Adding bndlst edge: (A_D40_MC -> A_N41_MC) type[cov], weight[1.00] from 28 to 29 dist[1.34]
Adding bndlst edge: (A_D40_MC -> A_L43_MC) type[hb], weight[0.44] from 28 to 31 dist[3.00]
Adding bndlst edge: (A_D40_MC -> A_R44_MC) type[hb], weight[1.10] from 28 to 32 dist[1.91]
Adding bndlst edge: (A_D40_SC -> A_R102_SC) type[salt], weight[0.48] from 28 to 90 dist[2.74]
Adding bndlst edge: (A_D40_SC -> A_R102_SC) type[salt], weight[1.20] from 28 to 90 dist[1.74]
Adding bndlst edge: (A_D40_SC -> A_R102_SC) type[salt], weight[1.08] from 28 to 90 dist[1.83]
Adding bndlst edge: (A_D40_SC -> A_R102_SC) type[salt], weight[0.46] from 28 to 90 dist[2.81]
Adding bndlst edge: (A_N41_MC -> A_I42_MC) type[cov], weight[1.00] from 29 to 30 dist[1.33]
Adding bndlst edge: (A_N41_MC -> A_N45_SC) type[hb], weight[1.05] from 29 to 33 dist[1.95]
Adding bndlst edge: (A_N41_MC -> A_N45_MC) type[hb], weight[0.55] from 29 to 33 dist[2.69]
Adding bndlst edge: (A_I42_MC -> A_L43_MC) type[cov], weight[1.00] from 30 to 31 dist[1.31]
Adding bndlst edge: (A_I42_MC -> A_N45_MC) type[hb], weight[0.76] from 30 to 33 dist[2.29]
Adding bndlst edge: (A_L43_MC -> A_R44_MC) type[cov], weight[1.00] from 31 to 32 dist[1.33]
Adding bndlst edge: (A_R44_MC -> A_N45_MC) type[cov], weight[1.00] from 32 to 33 dist[1.34]
Adding bndlst edge: (A_N45_MC -> A_P46_MC) type[cov], weight[1.00] from 33 to 34 dist[1.33]
Adding bndlst edge: (A_N45_MC -> A_D48_MC) type[hb], weight[0.95] from 33 to 36 dist[2.05]
Adding bndlst edge: (A_P46_MC -> A_S47_MC) type[cov], weight[1.00] from 34 to 35 dist[1.34]
Adding bndlst edge: (A_S47_MC -> A_D48_MC) type[cov], weight[1.00] from 35 to 36 dist[1.33]
Adding bndlst edge: (A_D48_MC -> A_E49_MC) type[cov], weight[1.00] from 36 to 37 dist[1.32]
Adding bndlst edge: (A_D48_MC -> A_Y51_MC) type[hb], weight[0.70] from 36 to 39 dist[2.40]
Adding bndlst edge: (A_D48_MC -> A_K50_MC) type[hb], weight[0.47] from 36 to 38 dist[2.92]
Adding bndlst edge: (A_D48_SC -> A_K50_MC) type[hb], weight[0.88] from 36 to 38 dist[2.13]
Adding bndlst edge: (A_E49_MC -> A_K50_MC) type[cov], weight[1.00] from 37 to 38 dist[1.33]
Adding bndlst edge: (A_E49_MC -> A_R52_MC) type[hb], weight[0.90] from 37 to 40 dist[2.11]
Adding bndlst edge: (A_K50_MC -> A_Y51_MC) type[cov], weight[1.00] from 38 to 39 dist[1.32]
Adding bndlst edge: (A_K50_MC -> A_S53_MC) type[hb], weight[0.69] from 38 to 41 dist[2.40]
Adding bndlst edge: (A_Y51_MC -> A_R52_MC) type[cov], weight[1.00] from 39 to 40 dist[1.34]
Adding bndlst edge: (A_R52_MC -> A_S53_MC) type[cov], weight[1.00] from 40 to 41 dist[1.33]
Adding bndlst edge: (A_R52_MC -> A_F89_MC) type[hb], weight[1.15] from 40 to 77 dist[1.86]
Adding bndlst edge: (A_R52_SC -> A_P90_MC) type[hb], weight[0.47] from 40 to 78 dist[2.92]
Adding bndlst edge: (A_R52_SC -> A_F89_MC) type[hb], weight[0.79] from 40 to 77 dist[2.26]
Adding bndlst edge: (A_R52_SC -> A_P90_MC) type[hb], weight[0.72] from 40 to 78 dist[2.35]
Adding bndlst edge: (A_S53_MC -> A_I54_MC) type[cov], weight[1.00] from 41 to 42 dist[1.32]
Adding bndlst edge: (A_I54_MC -> A_R55_MC) type[cov], weight[1.00] from 42 to 43 dist[1.32]
Adding bndlst edge: (A_I54_MC -> A_L87_MC) type[hb], weight[1.10] from 42 to 75 dist[1.91]
Adding bndlst edge: (A_I54_MC -> A_L87_MC) type[hb], weight[1.14] from 42 to 75 dist[1.87]
Adding bndlst edge: (A_R55_MC -> A_I56_MC) type[cov], weight[1.00] from 43 to 44 dist[1.32]
Adding bndlst edge: (A_R55_MC -> A_N58_MC) type[hb], weight[0.97] from 43 to 46 dist[2.03]
Adding bndlst edge: (A_I56_MC -> A_G57_MC) type[cov], weight[1.00] from 44 to 45 dist[1.33]
Adding bndlst edge: (A_I56_MC -> A_T85_MC) type[hb], weight[1.19] from 44 to 73 dist[1.84]
Adding bndlst edge: (A_G57_MC -> A_N58_MC) type[cov], weight[1.00] from 45 to 46 dist[1.34]
Adding bndlst edge: (A_N58_MC -> A_T59_MC) type[cov], weight[1.00] from 46 to 47 dist[1.32]
Adding bndlst edge: (A_N58_MC -> A_S62_SC) type[hb], weight[1.01] from 46 to 50 dist[1.99]
Adding bndlst edge: (A_N58_MC -> A_S62_MC) type[hb], weight[1.14] from 46 to 50 dist[1.88]
Adding bndlst edge: (A_N58_MC -> A_F61_MC) type[hb], weight[0.51] from 46 to 49 dist[2.80]
Adding bndlst edge: (A_N58_SC -> A_F61_MC) type[hb], weight[0.99] from 46 to 49 dist[2.02]
Adding bndlst edge: (A_N58_SC -> A_A60_MC) type[hb], weight[0.51] from 46 to 48 dist[2.80]
Adding bndlst edge: (A_T59_MC -> A_A60_MC) type[cov], weight[1.00] from 47 to 48 dist[1.32]
Adding bndlst edge: (A_T59_MC -> A_S62_SC) type[hb], weight[0.47] from 47 to 50 dist[2.90]
Adding bndlst edge: (A_T59_MC -> A_T63_SC) type[hb], weight[1.31] from 47 to 51 dist[1.75]
Adding bndlst edge: (A_T59_MC -> A_T63_MC) type[hb], weight[0.86] from 47 to 51 dist[2.16]
Adding bndlst edge: (A_T59_MC -> A_S62_MC) type[hb], weight[0.44] from 47 to 50 dist[3.00]
Adding bndlst edge: (A_A60_MC -> A_F61_MC) type[cov], weight[1.00] from 48 to 49 dist[1.33]
Adding bndlst edge: (A_A60_MC -> A_R64_MC) type[hb], weight[1.12] from 48 to 52 dist[1.89]
Adding bndlst edge: (A_A60_MC -> A_T63_MC) type[hb], weight[0.51] from 48 to 51 dist[2.79]
Adding bndlst edge: (A_F61_MC -> A_S62_MC) type[cov], weight[1.00] from 49 to 50 dist[1.33]
Adding bndlst edge: (A_F61_MC -> A_L66_MC) type[hb], weight[1.09] from 49 to 54 dist[1.91]
Adding bndlst edge: (A_F61_MC -> A_L65_MC) type[hb], weight[0.79] from 49 to 53 dist[2.26]
Adding bndlst edge: (A_S62_MC -> A_T63_MC) type[cov], weight[1.00] from 50 to 51 dist[1.34]
Adding bndlst edge: (A_T63_MC -> A_R64_MC) type[cov], weight[1.00] from 51 to 52 dist[1.34]
Adding bndlst edge: (A_R64_MC -> A_L65_MC) type[cov], weight[1.00] from 52 to 53 dist[1.33]
Adding bndlst edge: (A_L65_MC -> A_L66_MC) type[cov], weight[1.00] from 53 to 54 dist[1.33]
Adding bndlst edge: (A_L65_MC -> A_V68_MC) type[hb], weight[1.02] from 53 to 56 dist[1.98]
Adding bndlst edge: (A_L66_MC -> A_P67_MC) type[cov], weight[1.00] from 54 to 55 dist[1.35]
Adding bndlst edge: (A_L66_MC -> A_V68_MC) type[hb], weight[0.48] from 54 to 56 dist[2.89]
Adding bndlst edge: (A_P67_MC -> A_V68_MC) type[cov], weight[1.00] from 55 to 56 dist[1.34]
Adding bndlst edge: (A_V68_MC -> A_R69_MC) type[cov], weight[1.00] from 56 to 57 dist[1.34]
Adding bndlst edge: (A_V68_MC -> A_A71_MC) type[hb], weight[1.03] from 56 to 59 dist[1.97]
Adding bndlst edge: (A_R69_MC -> A_G70_MC) type[cov], weight[1.00] from 57 to 58 dist[1.33]
Adding bndlst edge: (A_G70_MC -> A_A71_MC) type[cov], weight[1.00] from 58 to 59 dist[1.33]
Adding bndlst edge: (A_G70_MC -> A_C74_MC) type[hb], weight[0.90] from 58 to 62 dist[2.11]
Adding bndlst edge: (A_G70_MC -> A_E73_MC) type[hb], weight[0.48] from 58 to 61 dist[2.88]
Adding bndlst edge: (A_G70_MC -> A_C74_SC) type[hb], weight[0.80] from 58 to 62 dist[2.24]
Adding bndlst edge: (A_G70_MC -> A_E73_SC) type[hb], weight[0.47] from 58 to 61 dist[2.91]
Adding bndlst edge: (A_A71_MC -> A_V72_MC) type[cov], weight[1.00] from 59 to 60 dist[1.33]
Adding bndlst edge: (A_A71_MC -> A_L75_MC) type[hb], weight[0.67] from 59 to 63 dist[2.44]
Adding bndlst edge: (A_A71_MC -> A_C74_MC) type[hb], weight[0.69] from 59 to 62 dist[2.40]
Adding bndlst edge: (A_V72_MC -> A_E73_MC) type[cov], weight[1.00] from 60 to 61 dist[1.33]
Adding bndlst edge: (A_V72_MC -> A_L75_MC) type[hb], weight[0.73] from 60 to 63 dist[2.35]
Adding bndlst edge: (A_V72_MC -> A_F76_MC) type[hb], weight[0.95] from 60 to 64 dist[2.06]
Adding bndlst edge: (A_E73_MC -> A_C74_MC) type[cov], weight[1.00] from 61 to 62 dist[1.34]
Adding bndlst edge: (A_E73_MC -> A_F76_MC) type[hb], weight[0.50] from 61 to 64 dist[2.82]
Adding bndlst edge: (A_E73_MC -> A_E77_MC) type[hb], weight[1.14] from 61 to 65 dist[1.87]
Adding bndlst edge: (A_C74_MC -> A_L75_MC) type[cov], weight[1.00] from 62 to 63 dist[1.34]
Adding bndlst edge: (A_C74_MC -> A_M78_MC) type[hb], weight[0.97] from 62 to 66 dist[2.03]
Adding bndlst edge: (A_C74_MC -> A_E77_MC) type[hb], weight[0.47] from 62 to 65 dist[2.92]
Adding bndlst edge: (A_L75_MC -> A_F76_MC) type[cov], weight[1.00] from 63 to 64 dist[1.34]
Adding bndlst edge: (A_L75_MC -> A_F80_MC) type[hb], weight[0.91] from 63 to 68 dist[2.10]
Adding bndlst edge: (A_L75_MC -> A_G79_MC) type[hb], weight[0.68] from 63 to 67 dist[2.43]
Adding bndlst edge: (A_L75_MC -> A_M78_MC) type[hb], weight[0.60] from 63 to 66 dist[2.58]
Adding bndlst edge: (A_F76_MC -> A_E77_MC) type[cov], weight[1.00] from 64 to 65 dist[1.33]
Adding bndlst edge: (A_F76_MC -> A_G79_MC) type[hb], weight[0.78] from 64 to 67 dist[2.26]
Adding bndlst edge: (A_E77_MC -> A_M78_MC) type[cov], weight[1.00] from 65 to 66 dist[1.33]
Adding bndlst edge: (A_E77_MC -> A_Q97_SC) type[hb], weight[1.15] from 65 to 85 dist[1.86]
Adding bndlst edge: (A_M78_MC -> A_G79_MC) type[cov], weight[1.00] from 66 to 67 dist[1.33]
Adding bndlst edge: (A_G79_MC -> A_F80_MC) type[cov], weight[1.00] from 67 to 68 dist[1.34]
Adding bndlst edge: (A_F80_MC -> A_E81_MC) type[cov], weight[1.00] from 68 to 69 dist[1.32]
Adding bndlst edge: (A_E81_MC -> A_E82_MC) type[cov], weight[1.00] from 69 to 70 dist[1.31]
Adding bndlst edge: (A_E81_MC -> A_I88_MC) type[hb], weight[1.09] from 69 to 76 dist[1.91]
Adding bndlst edge: (A_E81_SC -> A_K92_SC) type[salt], weight[1.23] from 69 to 80 dist[1.71]
Adding bndlst edge: (A_E81_MC -> A_I88_MC) type[hb], weight[1.23] from 69 to 76 dist[1.80]
Adding bndlst edge: (A_E82_MC -> A_G83_MC) type[cov], weight[1.00] from 70 to 71 dist[1.32]
Adding bndlst edge: (A_G83_MC -> A_E84_MC) type[cov], weight[1.00] from 71 to 72 dist[1.33]
Adding bndlst edge: (A_G83_MC -> A_H86_MC) type[hb], weight[1.07] from 71 to 74 dist[1.93]
Adding bndlst edge: (A_E84_MC -> A_T85_MC) type[cov], weight[1.00] from 72 to 73 dist[1.34]
Adding bndlst edge: (A_T85_MC -> A_H86_MC) type[cov], weight[1.00] from 73 to 74 dist[1.34]
Adding bndlst edge: (A_T85_SC -> A_H86_SC) type[hb], weight[0.52] from 73 to 74 dist[2.77]
Adding bndlst edge: (A_T85_SC -> A_H86_SC) type[hb], weight[1.10] from 73 to 74 dist[1.91]
Adding bndlst edge: (A_T85_SC -> A_H86_SC) type[hb], weight[0.43] from 73 to 74 dist[3.04]
Adding bndlst edge: (A_H86_MC -> A_L87_MC) type[cov], weight[1.00] from 74 to 75 dist[1.33]
Adding bndlst edge: (A_L87_MC -> A_I88_MC) type[cov], weight[1.00] from 75 to 76 dist[1.33]
Adding bndlst edge: (A_I88_MC -> A_F89_MC) type[cov], weight[1.00] from 76 to 77 dist[1.33]
Adding bndlst edge: (A_F89_MC -> A_P90_MC) type[cov], weight[1.00] from 77 to 78 dist[1.35]
Adding bndlst edge: (A_P90_MC -> A_K91_MC) type[cov], weight[1.00] from 78 to 79 dist[1.33]
Adding bndlst edge: (A_P90_MC -> A_A93_MC) type[hb], weight[0.88] from 78 to 81 dist[2.13]
Adding bndlst edge: (A_K91_MC -> A_K92_MC) type[cov], weight[1.00] from 79 to 80 dist[1.33]
Adding bndlst edge: (A_K92_MC -> A_A93_MC) type[cov], weight[1.00] from 80 to 81 dist[1.33]
Adding bndlst edge: (A_A93_MC -> A_S94_MC) type[cov], weight[1.00] from 81 to 82 dist[1.33]
Adding bndlst edge: (A_S94_MC -> A_V95_MC) type[cov], weight[1.00] from 82 to 83 dist[1.33]
Adding bndlst edge: (A_S94_MC -> A_L98_MC) type[hb], weight[0.77] from 82 to 86 dist[2.28]
Adding bndlst edge: (A_S94_MC -> A_Q97_MC) type[hb], weight[0.54] from 82 to 85 dist[2.73]
Adding bndlst edge: (A_S94_SC -> A_Q97_MC) type[hb], weight[0.84] from 82 to 85 dist[2.19]
Adding bndlst edge: (A_S94_SC -> A_E96_MC) type[hb], weight[0.67] from 82 to 84 dist[2.44]
Adding bndlst edge: (A_S94_SC -> A_E96_SC) type[hb], weight[0.54] from 82 to 84 dist[2.71]
Adding bndlst edge: (A_V95_MC -> A_E96_MC) type[cov], weight[1.00] from 83 to 84 dist[1.33]
Adding bndlst edge: (A_V95_MC -> A_Q99_MC) type[hb], weight[1.19] from 83 to 87 dist[1.84]
Adding bndlst edge: (A_V95_MC -> A_L98_MC) type[hb], weight[0.54] from 83 to 86 dist[2.73]
Adding bndlst edge: (A_E96_MC -> A_Q97_MC) type[cov], weight[1.00] from 84 to 85 dist[1.32]
Adding bndlst edge: (A_E96_MC -> A_K100_MC) type[hb], weight[1.10] from 84 to 88 dist[1.90]
Adding bndlst edge: (A_Q97_MC -> A_L98_MC) type[cov], weight[1.00] from 85 to 86 dist[1.33]
Adding bndlst edge: (A_Q97_MC -> A_I101_MC) type[hb], weight[0.74] from 85 to 89 dist[2.32]
Adding bndlst edge: (A_Q97_MC -> A_K100_MC) type[hb], weight[0.50] from 85 to 88 dist[2.84]
Adding bndlst edge: (A_L98_MC -> A_Q99_MC) type[cov], weight[1.00] from 86 to 87 dist[1.32]
Adding bndlst edge: (A_L98_MC -> A_R102_MC) type[hb], weight[0.92] from 86 to 90 dist[2.08]
Adding bndlst edge: (A_L98_MC -> A_I101_MC) type[hb], weight[0.51] from 86 to 89 dist[2.80]
Adding bndlst edge: (A_Q99_MC -> A_K100_MC) type[cov], weight[1.00] from 87 to 88 dist[1.33]
Adding bndlst edge: (A_Q99_MC -> A_D103_MC) type[hb], weight[1.13] from 87 to 91 dist[1.88]
Adding bndlst edge: (A_Q99_MC -> A_R102_MC) type[hb], weight[0.47] from 87 to 90 dist[2.93]
Adding bndlst edge: (A_Q99_SC -> A_D103_SC) type[hb], weight[1.13] from 87 to 91 dist[1.88]
Adding bndlst edge: (A_K100_MC -> A_I101_MC) type[cov], weight[1.00] from 88 to 89 dist[1.33]
Adding bndlst edge: (A_K100_MC -> A_L104_MC) type[hb], weight[0.86] from 88 to 92 dist[2.15]
Adding bndlst edge: (A_K100_MC -> A_D103_MC) type[hb], weight[0.53] from 88 to 91 dist[2.76]
Adding bndlst edge: (A_I101_MC -> A_R102_MC) type[cov], weight[1.00] from 89 to 90 dist[1.32]
Adding bndlst edge: (A_I101_MC -> A_I105_MC) type[hb], weight[0.99] from 89 to 93 dist[2.02]
Adding bndlst edge: (A_I101_MC -> A_L104_MC) type[hb], weight[0.56] from 89 to 92 dist[2.67]
Adding bndlst edge: (A_R102_MC -> A_D103_MC) type[cov], weight[1.00] from 90 to 91 dist[1.34]
Adding bndlst edge: (A_R102_MC -> A_A106_MC) type[hb], weight[1.03] from 90 to 94 dist[1.97]
Adding bndlst edge: (A_R102_MC -> A_I105_MC) type[hb], weight[0.52] from 90 to 93 dist[2.78]
Adding bndlst edge: (A_D103_MC -> A_L104_MC) type[cov], weight[1.00] from 91 to 92 dist[1.33]
Adding bndlst edge: (A_D103_MC -> A_A106_MC) type[hb], weight[0.49] from 91 to 94 dist[2.85]
Adding bndlst edge: (A_D103_MC -> A_I107_MC) type[hb], weight[0.87] from 91 to 95 dist[2.14]
Adding bndlst edge: (A_L104_MC -> A_I105_MC) type[cov], weight[1.00] from 92 to 93 dist[1.32]
Adding bndlst edge: (A_L104_MC -> A_E108_MC) type[hb], weight[0.62] from 92 to 96 dist[2.53]
Adding bndlst edge: (A_L104_MC -> A_I107_MC) type[hb], weight[0.49] from 92 to 95 dist[2.87]
Adding bndlst edge: (A_I105_MC -> A_A106_MC) type[cov], weight[1.00] from 93 to 94 dist[1.33]
Adding bndlst edge: (A_I105_MC -> A_R109_MC) type[hb], weight[0.84] from 93 to 97 dist[2.18]
Adding bndlst edge: (A_I105_MC -> A_E108_MC) type[hb], weight[0.71] from 93 to 96 dist[2.38]
Adding bndlst edge: (A_A106_MC -> A_I107_MC) type[cov], weight[1.00] from 94 to 95 dist[1.32]
Adding bndlst edge: (A_A106_MC -> A_R109_MC) type[hb], weight[0.66] from 94 to 97 dist[2.46]
Adding bndlst edge: (A_A106_MC -> A_S110_MC) type[hb], weight[0.94] from 94 to 98 dist[2.06]
Adding bndlst edge: (A_I107_MC -> A_E108_MC) type[cov], weight[1.00] from 95 to 96 dist[1.32]
Adding bndlst edge: (A_I107_MC -> A_S110_MC) type[hb], weight[0.49] from 95 to 98 dist[2.85]
Adding bndlst edge: (A_E108_MC -> A_R109_MC) type[cov], weight[1.00] from 96 to 97 dist[1.33]
Adding bndlst edge: (A_R109_MC -> A_S110_MC) type[cov], weight[1.00] from 97 to 98 dist[1.33]

bndlst DONE

Producing PAJEK network
printing pajek edge (A_45_ASN,A_46_PRO)
printing pajek edge (A_45_ASN,A_48_ASP)
printing pajek edge (A_44_ARG,A_45_ASN)
printing pajek edge (A_102_ARG,A_105_ILE)
printing pajek edge (A_102_ARG,A_106_ALA)
printing pajek edge (A_102_ARG,A_103_ASP)
printing pajek edge (A_75_LEU,A_79_GLY)
printing pajek edge (A_75_LEU,A_76_PHE)
printing pajek edge (A_75_LEU,A_78_MET)
printing pajek edge (A_75_LEU,A_80_PHE)
printing pajek edge (A_33_LYS,A_37_THR)
printing pajek edge (A_33_LYS,A_34_LEU)
printing pajek edge (A_33_LYS,A_36_LEU)
printing pajek edge (A_83_GLY,A_86_HIS)
printing pajek edge (A_83_GLY,A_84_GLU)
printing pajek edge (A_19_GLU,A_20_LEU)
printing pajek edge (A_19_GLU,A_69_ARG)
printing pajek edge (A_19_GLU,A_22_GLN)
printing pajek edge (A_92_LYS,A_93_ALA)
printing pajek edge (A_38_TYR,A_39_ALA)
printing pajek edge (A_38_TYR,A_61_PHE)
printing pajek edge (A_38_TYR,A_42_ILE)
printing pajek edge (A_38_TYR,A_41_ASN)
printing pajek edge (A_30_GLU,A_34_LEU)
printing pajek edge (A_30_GLU,A_33_LYS)
printing pajek edge (A_30_GLU,A_31_ALA)
printing pajek edge (A_84_GLU,A_85_THR)
printing pajek edge (A_28_PHE,A_29_LEU)
printing pajek edge (A_28_PHE,A_32_SER)
printing pajek edge (A_56_ILE,A_85_THR)
printing pajek edge (A_56_ILE,A_57_GLY)
printing pajek edge (A_67_PRO,A_68_VAL)
printing pajek edge (A_96_GLU,A_100_LYS)
printing pajek edge (A_96_GLU,A_97_GLN)
printing pajek edge (A_86_HIS,A_87_LEU)
printing pajek edge (A_39_ALA,A_40_ASP)
printing pajek edge (A_39_ALA,A_42_ILE)
printing pajek edge (A_39_ALA,A_43_LEU)
printing pajek edge (A_107_ILE,A_110_SER)
printing pajek edge (A_107_ILE,A_108_GLU)
printing pajek edge (A_69_ARG,A_70_GLY)
printing pajek edge (A_73_GLU,A_76_PHE)
printing pajek edge (A_73_GLU,A_77_GLU)
printing pajek edge (A_73_GLU,A_74_CYS)
printing pajek edge (A_32_SER,A_33_LYS)
printing pajek edge (A_32_SER,A_33_LYS)
printing pajek edge (A_32_SER,A_109_ARG)
printing pajek edge (A_32_SER,A_36_LEU)
printing pajek edge (A_32_SER,A_35_LEU)
printing pajek edge (A_104_LEU,A_105_ILE)
printing pajek edge (A_104_LEU,A_107_ILE)
printing pajek edge (A_104_LEU,A_108_GLU)
printing pajek edge (A_101_ILE,A_104_LEU)
printing pajek edge (A_101_ILE,A_105_ILE)
printing pajek edge (A_101_ILE,A_102_ARG)
printing pajek edge (A_22_GLN,A_23_ASN)
printing pajek edge (A_43_LEU,A_44_ARG)
printing pajek edge (A_47_SER,A_48_ASP)
printing pajek edge (A_23_ASN,A_69_ARG)
printing pajek edge (A_23_ASN,A_24_THR)
printing pajek edge (A_103_ASP,A_104_LEU)
printing pajek edge (A_103_ASP,A_107_ILE)
printing pajek edge (A_103_ASP,A_106_ALA)
printing pajek edge (A_90_PRO,A_93_ALA)
printing pajek edge (A_90_PRO,A_91_LYS)
printing pajek edge (A_60_ALA,A_64_ARG)
printing pajek edge (A_60_ALA,A_61_PHE)
printing pajek edge (A_60_ALA,A_63_THR)
printing pajek edge (A_99_GLN,A_102_ARG)
printing pajek edge (A_99_GLN,A_100_LYS)
printing pajek edge (A_99_GLN,A_103_ASP)
printing pajek edge (A_105_ILE,A_109_ARG)
printing pajek edge (A_105_ILE,A_106_ALA)
printing pajek edge (A_105_ILE,A_108_GLU)
printing pajek edge (A_89_PHE,A_90_PRO)
printing pajek edge (A_77_GLU,A_97_GLN)
printing pajek edge (A_77_GLU,A_78_MET)
printing pajek edge (A_41_ASN,A_45_ASN)
printing pajek edge (A_41_ASN,A_42_ILE)
printing pajek edge (A_62_SER,A_63_THR)
printing pajek edge (A_51_TYR,A_52_ARG)
printing pajek edge (A_76_PHE,A_79_GLY)
printing pajek edge (A_76_PHE,A_77_GLU)
printing pajek edge (A_109_ARG,A_110_SER)
printing pajek edge (A_70_GLY,A_71_ALA)
printing pajek edge (A_70_GLY,A_73_GLU)
printing pajek edge (A_70_GLY,A_74_CYS)
printing pajek edge (A_53_SER,A_54_ILE)
printing pajek edge (A_24_THR,A_28_PHE)
printing pajek edge (A_24_THR,A_25_PRO)
printing pajek edge (A_24_THR,A_27_THR)
printing pajek edge (A_27_THR,A_30_GLU)
printing pajek edge (A_27_THR,A_31_ALA)
printing pajek edge (A_27_THR,A_28_PHE)
printing pajek edge (A_93_ALA,A_94_SER)
printing pajek edge (A_64_ARG,A_65_LEU)
printing pajek edge (A_72_VAL,A_75_LEU)
printing pajek edge (A_72_VAL,A_76_PHE)
printing pajek edge (A_72_VAL,A_73_GLU)
printing pajek edge (A_68_VAL,A_71_ALA)
printing pajek edge (A_68_VAL,A_69_ARG)
printing pajek edge (A_85_THR,A_86_HIS)
printing pajek edge (A_85_THR,A_86_HIS)
printing pajek edge (A_78_MET,A_79_GLY)
printing pajek edge (A_57_GLY,A_58_ASN)
printing pajek edge (A_98_LEU,A_99_GLN)
printing pajek edge (A_98_LEU,A_102_ARG)
printing pajek edge (A_98_LEU,A_101_ILE)
printing pajek edge (A_88_ILE,A_89_PHE)
printing pajek edge (A_31_ALA,A_34_LEU)
printing pajek edge (A_31_ALA,A_35_LEU)
printing pajek edge (A_31_ALA,A_32_SER)
printing pajek edge (A_74_CYS,A_75_LEU)
printing pajek edge (A_74_CYS,A_78_MET)
printing pajek edge (A_74_CYS,A_77_GLU)
printing pajek edge (A_66_LEU,A_68_VAL)
printing pajek edge (A_66_LEU,A_67_PRO)
printing pajek edge (A_79_GLY,A_80_PHE)
printing pajek edge (A_82_GLU,A_83_GLY)
printing pajek edge (A_80_PHE,A_81_GLU)
printing pajek edge (A_14_SER,A_18_ALA)
printing pajek edge (A_14_SER,A_16_ALA)
printing pajek edge (A_14_SER,A_15_PRO)
printing pajek edge (A_14_SER,A_77_GLU)
printing pajek edge (A_14_SER,A_17_VAL)
printing pajek edge (A_29_LEU,A_33_LYS)
printing pajek edge (A_29_LEU,A_30_GLU)
printing pajek edge (A_29_LEU,A_109_ARG)
printing pajek edge (A_29_LEU,A_32_SER)
printing pajek edge (A_13_ALA,A_14_SER)
printing pajek edge (A_100_LYS,A_104_LEU)
printing pajek edge (A_100_LYS,A_101_ILE)
printing pajek edge (A_100_LYS,A_103_ASP)
printing pajek edge (A_42_ILE,A_45_ASN)
printing pajek edge (A_42_ILE,A_43_LEU)
printing pajek edge (A_94_SER,A_96_GLU)
printing pajek edge (A_94_SER,A_97_GLN)
printing pajek edge (A_94_SER,A_95_VAL)
printing pajek edge (A_94_SER,A_98_LEU)
printing pajek edge (A_37_THR,A_38_TYR)
printing pajek edge (A_37_THR,A_41_ASN)
printing pajek edge (A_40_ASP,A_44_ARG)
printing pajek edge (A_40_ASP,A_102_ARG)
printing pajek edge (A_40_ASP,A_43_LEU)
printing pajek edge (A_40_ASP,A_41_ASN)
printing pajek edge (A_95_VAL,A_96_GLU)
printing pajek edge (A_95_VAL,A_99_GLN)
printing pajek edge (A_95_VAL,A_98_LEU)
printing pajek edge (A_87_LEU,A_88_ILE)
printing pajek edge (A_52_ARG,A_89_PHE)
printing pajek edge (A_52_ARG,A_90_PRO)
printing pajek edge (A_52_ARG,A_53_SER)
printing pajek edge (A_26_GLU,A_30_GLU)
printing pajek edge (A_26_GLU,A_29_LEU)
printing pajek edge (A_26_GLU,A_27_THR)
printing pajek edge (A_81_GLU,A_82_GLU)
printing pajek edge (A_81_GLU,A_92_LYS)
printing pajek edge (A_81_GLU,A_88_ILE)
printing pajek edge (A_71_ALA,A_72_VAL)
printing pajek edge (A_71_ALA,A_75_LEU)
printing pajek edge (A_71_ALA,A_74_CYS)
printing pajek edge (A_61_PHE,A_62_SER)
printing pajek edge (A_61_PHE,A_65_LEU)
printing pajek edge (A_61_PHE,A_66_LEU)
printing pajek edge (A_36_LEU,A_39_ALA)
printing pajek edge (A_36_LEU,A_37_THR)
printing pajek edge (A_36_LEU,A_40_ASP)
printing pajek edge (A_65_LEU,A_68_VAL)
printing pajek edge (A_65_LEU,A_66_LEU)
printing pajek edge (A_91_LYS,A_92_LYS)
printing pajek edge (A_34_LEU,A_37_THR)
printing pajek edge (A_34_LEU,A_38_TYR)
printing pajek edge (A_34_LEU,A_35_LEU)
printing pajek edge (A_54_ILE,A_87_LEU)
printing pajek edge (A_54_ILE,A_55_ARG)
printing pajek edge (A_12_SER,A_13_ALA)
printing pajek edge (A_58_ASN,A_62_SER)
printing pajek edge (A_58_ASN,A_61_PHE)
printing pajek edge (A_58_ASN,A_60_ALA)
printing pajek edge (A_58_ASN,A_59_THR)
printing pajek edge (A_35_LEU,A_39_ALA)
printing pajek edge (A_35_LEU,A_36_LEU)
printing pajek edge (A_35_LEU,A_38_TYR)
printing pajek edge (A_25_PRO,A_29_LEU)
printing pajek edge (A_25_PRO,A_26_GLU)
printing pajek edge (A_108_GLU,A_109_ARG)
printing pajek edge (A_18_ALA,A_19_GLU)
printing pajek edge (A_18_ALA,A_21_CYS)
printing pajek edge (A_18_ALA,A_22_GLN)
printing pajek edge (A_97_GLN,A_100_LYS)
printing pajek edge (A_97_GLN,A_101_ILE)
printing pajek edge (A_97_GLN,A_98_LEU)
printing pajek edge (A_15_PRO,A_18_ALA)
printing pajek edge (A_15_PRO,A_16_ALA)
printing pajek edge (A_15_PRO,A_19_GLU)
printing pajek edge (A_48_ASP,A_50_LYS)
printing pajek edge (A_48_ASP,A_51_TYR)
printing pajek edge (A_48_ASP,A_49_GLU)
printing pajek edge (A_106_ALA,A_110_SER)
printing pajek edge (A_106_ALA,A_107_ILE)
printing pajek edge (A_106_ALA,A_109_ARG)
printing pajek edge (A_21_CYS,A_22_GLN)
printing pajek edge (A_63_THR,A_64_ARG)
printing pajek edge (A_59_THR,A_62_SER)
printing pajek edge (A_59_THR,A_63_THR)
printing pajek edge (A_59_THR,A_60_ALA)
printing pajek edge (A_20_LEU,A_23_ASN)
printing pajek edge (A_20_LEU,A_22_GLN)
printing pajek edge (A_20_LEU,A_21_CYS)
printing pajek edge (A_50_LYS,A_51_TYR)
printing pajek edge (A_50_LYS,A_53_SER)
printing pajek edge (A_16_ALA,A_20_LEU)
printing pajek edge (A_16_ALA,A_19_GLU)
printing pajek edge (A_16_ALA,A_77_GLU)
printing pajek edge (A_16_ALA,A_74_CYS)
printing pajek edge (A_16_ALA,A_17_VAL)
printing pajek edge (A_46_PRO,A_47_SER)
printing pajek edge (A_49_GLU,A_50_LYS)
printing pajek edge (A_49_GLU,A_52_ARG)
printing pajek edge (A_55_ARG,A_58_ASN)
printing pajek edge (A_55_ARG,A_56_ILE)
printing pajek edge (A_17_VAL,A_20_LEU)
printing pajek edge (A_17_VAL,A_18_ALA)
printing pajek edge (A_17_VAL,A_21_CYS)
