Graph START

Adding vertex (chain-A, position-1, res-LEU)
New vertex id: 0
1 2 3 4 5 6 7 8 
Adding vertex (chain-A, position-2, res-ASP)
New vertex id: 1
9 10 11 12 13 14 15 16 
Adding vertex (chain-A, position-3, res-PHE)
New vertex id: 2
17 18 19 20 21 22 23 24 25 26 27 
Adding vertex (chain-A, position-4, res-ASN)
New vertex id: 3
28 29 30 31 32 33 34 35 
Adding vertex (chain-A, position-5, res-THR)
New vertex id: 4
36 37 38 39 40 41 42 
Adding vertex (chain-A, position-6, res-LEU)
New vertex id: 5
43 44 45 46 47 48 49 50 
Adding vertex (chain-A, position-7, res-ALA)
New vertex id: 6
51 52 53 54 55 
Adding vertex (chain-A, position-8, res-GLN)
New vertex id: 7
56 57 58 59 60 61 62 63 64 
Adding vertex (chain-A, position-9, res-ASN)
New vertex id: 8
65 66 67 68 69 70 71 72 
Adding vertex (chain-A, position-10, res-PHE)
New vertex id: 9
73 74 75 76 77 78 79 80 81 82 83 
Adding vertex (chain-A, position-11, res-THR)
New vertex id: 10
84 85 86 87 88 89 90 
Adding vertex (chain-A, position-12, res-GLN)
New vertex id: 11
91 92 93 94 95 96 97 98 99 
Adding vertex (chain-A, position-13, res-PHE)
New vertex id: 12
100 101 102 103 104 105 106 107 108 109 110 
Adding vertex (chain-A, position-14, res-TYR)
New vertex id: 13
111 112 113 114 115 116 117 118 119 120 121 122 
Adding vertex (chain-A, position-15, res-TYR)
New vertex id: 14
123 124 125 126 127 128 129 130 131 132 133 134 
Adding vertex (chain-A, position-16, res-ASN)
New vertex id: 15
135 136 137 138 139 140 141 142 
Adding vertex (chain-A, position-17, res-GLN)
New vertex id: 16
143 144 145 146 147 148 149 150 151 
Adding vertex (chain-A, position-18, res-PHE)
New vertex id: 17
152 153 154 155 156 157 158 159 160 161 162 
Adding vertex (chain-A, position-19, res-ASP)
New vertex id: 18
163 164 165 166 167 168 169 170 
Adding vertex (chain-A, position-20, res-THR)
New vertex id: 19
171 172 173 174 175 176 177 
Adding vertex (chain-A, position-21, res-ASP)
New vertex id: 20
178 179 180 181 182 183 184 185 
Adding vertex (chain-A, position-22, res-ARG)
New vertex id: 21
186 187 188 189 190 191 192 193 194 195 196 
Adding vertex (chain-A, position-23, res-SER)
New vertex id: 22
197 198 199 200 201 202 
Adding vertex (chain-A, position-24, res-GLN)
New vertex id: 23
203 204 205 206 207 208 209 210 211 
Adding vertex (chain-A, position-25, res-LEU)
New vertex id: 24
212 213 214 215 216 217 218 219 
Adding vertex (chain-A, position-26, res-GLY)
New vertex id: 25
220 221 222 223 
Adding vertex (chain-A, position-27, res-ASN)
New vertex id: 26
224 225 226 227 228 229 230 231 
Adding vertex (chain-A, position-28, res-LEU)
New vertex id: 27
232 233 234 235 236 237 238 239 
Adding vertex (chain-A, position-29, res-TYR)
New vertex id: 28
240 241 242 243 244 245 246 247 248 249 250 251 
Adding vertex (chain-A, position-30, res-ARG)
New vertex id: 29
252 253 254 255 256 257 258 259 260 261 262 
Adding vertex (chain-A, position-31, res-ASN)
New vertex id: 30
263 264 265 266 267 268 269 270 
Adding vertex (chain-A, position-32, res-GLU)
New vertex id: 31
271 272 273 274 275 276 277 278 279 
Adding vertex (chain-A, position-33, res-SER)
New vertex id: 32
280 281 282 283 284 285 
Adding vertex (chain-A, position-34, res-MET)
New vertex id: 33
286 287 288 289 290 291 292 293 
Adding vertex (chain-A, position-35, res-LEU)
New vertex id: 34
294 295 296 297 298 299 300 301 
Adding vertex (chain-A, position-36, res-THR)
New vertex id: 35
302 303 304 305 306 307 308 
Adding vertex (chain-A, position-37, res-PHE)
New vertex id: 36
309 310 311 312 313 314 315 316 317 318 319 
Adding vertex (chain-A, position-38, res-GLU)
New vertex id: 37
320 321 322 323 324 325 326 327 328 
Adding vertex (chain-A, position-39, res-THR)
New vertex id: 38
329 330 331 332 333 334 335 
Adding vertex (chain-A, position-40, res-SER)
New vertex id: 39
336 337 338 339 340 341 
Adding vertex (chain-A, position-41, res-GLN)
New vertex id: 40
342 343 344 345 346 347 348 349 350 
Adding vertex (chain-A, position-42, res-LEU)
New vertex id: 41
351 352 353 354 355 356 357 358 
Adding vertex (chain-A, position-43, res-GLN)
New vertex id: 42
359 360 361 362 363 364 365 366 367 
Adding vertex (chain-A, position-44, res-GLY)
New vertex id: 43
368 369 370 371 
Adding vertex (chain-A, position-45, res-ALA)
New vertex id: 44
372 373 374 375 376 
Adding vertex (chain-A, position-46, res-LYS)
New vertex id: 45
377 378 379 380 381 382 383 384 385 
Adding vertex (chain-A, position-47, res-ASP)
New vertex id: 46
386 387 388 389 390 391 392 393 
Adding vertex (chain-A, position-48, res-ILE)
New vertex id: 47
394 395 396 397 398 399 400 401 
Adding vertex (chain-A, position-49, res-VAL)
New vertex id: 48
402 403 404 405 406 407 408 
Adding vertex (chain-A, position-50, res-GLU)
New vertex id: 49
409 410 411 412 413 414 415 416 417 
Adding vertex (chain-A, position-51, res-LYS)
New vertex id: 50
418 419 420 421 422 423 424 425 426 
Adding vertex (chain-A, position-52, res-LEU)
New vertex id: 51
427 428 429 430 431 432 433 434 
Adding vertex (chain-A, position-53, res-VAL)
New vertex id: 52
435 436 437 438 439 440 441 
Adding vertex (chain-A, position-54, res-SER)
New vertex id: 53
442 443 444 445 446 447 
Adding vertex (chain-A, position-55, res-LEU)
New vertex id: 54
448 449 450 451 452 453 454 455 
Adding vertex (chain-A, position-56, res-PRO)
New vertex id: 55
456 457 458 459 460 461 462 
Adding vertex (chain-A, position-57, res-PHE)
New vertex id: 56
463 464 465 466 467 468 469 470 471 472 473 
Adding vertex (chain-A, position-58, res-GLN)
New vertex id: 57
474 475 476 477 478 479 480 481 482 
Adding vertex (chain-A, position-59, res-LYS)
New vertex id: 58
483 484 485 486 487 488 489 490 491 
Adding vertex (chain-A, position-60, res-VAL)
New vertex id: 59
492 493 494 495 496 497 498 
Adding vertex (chain-A, position-61, res-GLN)
New vertex id: 60
499 500 501 502 503 504 505 506 507 
Adding vertex (chain-A, position-62, res-HIS)
New vertex id: 61
508 509 510 511 512 513 514 515 516 517 
Adding vertex (chain-A, position-63, res-ARG)
New vertex id: 62
518 519 520 521 522 523 524 525 526 527 528 
Adding vertex (chain-A, position-64, res-ILE)
New vertex id: 63
529 530 531 532 533 534 535 536 
Adding vertex (chain-A, position-65, res-THR)
New vertex id: 64
537 538 539 540 541 542 543 
Adding vertex (chain-A, position-66, res-THR)
New vertex id: 65
544 545 546 547 548 549 550 
Adding vertex (chain-A, position-67, res-LEU)
New vertex id: 66
551 552 553 554 555 556 557 558 
Adding vertex (chain-A, position-68, res-ASP)
New vertex id: 67
559 560 561 562 563 564 565 566 
Adding vertex (chain-A, position-69, res-ALA)
New vertex id: 68
567 568 569 570 571 
Adding vertex (chain-A, position-70, res-GLN)
New vertex id: 69
572 573 574 575 576 577 578 579 580 
Adding vertex (chain-A, position-71, res-PRO)
New vertex id: 70
581 582 583 584 585 586 587 
Adding vertex (chain-A, position-72, res-ALA)
New vertex id: 71
588 589 590 591 592 
Adding vertex (chain-A, position-73, res-SER)
New vertex id: 72
593 594 595 596 597 598 
Adding vertex (chain-A, position-74, res-PRO)
New vertex id: 73
599 600 601 602 603 604 605 
Adding vertex (chain-A, position-75, res-TYR)
New vertex id: 74
606 607 608 609 610 611 612 613 614 615 616 617 
Adding vertex (chain-A, position-76, res-GLY)
New vertex id: 75
618 619 620 621 
Adding vertex (chain-A, position-77, res-ASP)
New vertex id: 76
622 623 624 625 626 627 628 629 
Adding vertex (chain-A, position-78, res-VAL)
New vertex id: 77
630 631 632 633 634 635 636 
Adding vertex (chain-A, position-79, res-LEU)
New vertex id: 78
637 638 639 640 641 642 643 644 
Adding vertex (chain-A, position-80, res-VAL)
New vertex id: 79
645 646 647 648 649 650 651 
Adding vertex (chain-A, position-81, res-MET)
New vertex id: 80
652 653 654 655 656 657 658 659 
Adding vertex (chain-A, position-82, res-ILE)
New vertex id: 81
660 661 662 663 664 665 666 667 
Adding vertex (chain-A, position-83, res-THR)
New vertex id: 82
668 669 670 671 672 673 674 
Adding vertex (chain-A, position-84, res-GLY)
New vertex id: 83
675 676 677 678 
Adding vertex (chain-A, position-85, res-ASP)
New vertex id: 84
679 680 681 682 683 684 685 686 
Adding vertex (chain-A, position-86, res-LEU)
New vertex id: 85
687 688 689 690 691 692 693 694 
Adding vertex (chain-A, position-87, res-LEU)
New vertex id: 86
695 696 697 698 699 700 701 702 
Adding vertex (chain-A, position-88, res-ILE)
New vertex id: 87
703 704 705 706 707 708 709 710 
Adding vertex (chain-A, position-89, res-ASP)
New vertex id: 88
711 712 713 714 715 716 717 718 
Adding vertex (chain-A, position-90, res-GLU)
New vertex id: 89
719 720 721 722 723 724 725 726 727 
Adding vertex (chain-A, position-91, res-GLU)
New vertex id: 90
728 729 730 731 732 733 734 735 736 
Adding vertex (chain-A, position-92, res-GLN)
New vertex id: 91
737 738 739 740 741 742 743 744 745 
Adding vertex (chain-A, position-93, res-ASN)
New vertex id: 92
746 747 748 749 750 751 752 753 
Adding vertex (chain-A, position-94, res-PRO)
New vertex id: 93
754 755 756 757 758 759 760 
Adding vertex (chain-A, position-95, res-GLN)
New vertex id: 94
761 762 763 764 765 766 767 768 769 
Adding vertex (chain-A, position-96, res-ARG)
New vertex id: 95
770 771 772 773 774 775 776 777 778 779 780 
Adding vertex (chain-A, position-97, res-PHE)
New vertex id: 96
781 782 783 784 785 786 787 788 789 790 791 
Adding vertex (chain-A, position-98, res-SER)
New vertex id: 97
792 793 794 795 796 797 
Adding vertex (chain-A, position-99, res-GLN)
New vertex id: 98
798 799 800 801 802 803 804 805 806 
Adding vertex (chain-A, position-100, res-VAL)
New vertex id: 99
807 808 809 810 811 812 813 
Adding vertex (chain-A, position-101, res-PHE)
New vertex id: 100
814 815 816 817 818 819 820 821 822 823 824 
Adding vertex (chain-A, position-102, res-HIS)
New vertex id: 101
825 826 827 828 829 830 831 832 833 834 
Adding vertex (chain-A, position-103, res-LEU)
New vertex id: 102
835 836 837 838 839 840 841 842 
Adding vertex (chain-A, position-104, res-ILE)
New vertex id: 103
843 844 845 846 847 848 849 850 
Adding vertex (chain-A, position-105, res-PRO)
New vertex id: 104
851 852 853 854 855 856 857 
Adding vertex (chain-A, position-106, res-ASP)
New vertex id: 105
858 859 860 861 862 863 864 865 
Adding vertex (chain-A, position-107, res-GLY)
New vertex id: 106
866 867 868 869 
Adding vertex (chain-A, position-108, res-ASN)
New vertex id: 107
870 871 872 873 874 875 876 877 
Adding vertex (chain-A, position-109, res-SER)
New vertex id: 108
878 879 880 881 882 883 
Adding vertex (chain-A, position-110, res-TYR)
New vertex id: 109
884 885 886 887 888 889 890 891 892 893 894 895 
Adding vertex (chain-A, position-111, res-TYR)
New vertex id: 110
896 897 898 899 900 901 902 903 904 905 906 907 
Adding vertex (chain-A, position-112, res-VAL)
New vertex id: 111
908 909 910 911 912 913 914 
Adding vertex (chain-A, position-113, res-PHE)
New vertex id: 112
915 916 917 918 919 920 921 922 923 924 925 
Adding vertex (chain-A, position-114, res-ASN)
New vertex id: 113
926 927 928 929 930 931 932 933 
Adding vertex (chain-A, position-115, res-ASP)
New vertex id: 114
934 935 936 937 938 939 940 941 
Adding vertex (chain-A, position-116, res-ILE)
New vertex id: 115
942 943 944 945 946 947 948 949 
Adding vertex (chain-A, position-117, res-PHE)
New vertex id: 116
950 951 952 953 954 955 956 957 958 959 960 
Adding vertex (chain-A, position-118, res-ARG)
New vertex id: 117
961 962 963 964 965 966 967 968 969 970 971 
Adding vertex (chain-A, position-119, res-LEU)
New vertex id: 118
972 973 974 975 976 977 978 979 
Adding vertex (chain-A, position-120, res-ASN)
New vertex id: 119
980 981 982 983 984 985 986 987 
Adding vertex (chain-A, position-121, res-TYR)
New vertex id: 120
988 989 990 991 992 993 994 995 996 997 998 999 
Adding vertex (chain-A, position-122, res-SER)
New vertex id: 121
1000 1001 1002 1003 1004 1005 1006 
Graph DONE

( reduce -FLIPs 1GYB.pdb > 1GYB.H.pdb ) >& /dev/null
Reduce (-FLIPs) returned 0
( bndlst -Radius0.3 1GYB.H.pdb > 1GYB.H.bndlst ) >& /dev/null
BndLst returned 0
Parsing 1GYB.H.bndlst

bndlst START
Adding bndlst edge: (A_L1_MC -> A_D2_MC) type[cov], weight[1.00] from 0 to 1 dist[1.33]
Adding bndlst edge: (A_L1_MC -> A_T5_SC) type[hb], weight[1.35] from 0 to 4 dist[1.72]
Adding bndlst edge: (A_L1_MC -> A_T5_SC) type[hb], weight[0.52] from 0 to 4 dist[2.77]
Adding bndlst edge: (A_D2_MC -> A_F3_MC) type[cov], weight[1.00] from 1 to 2 dist[1.33]
Adding bndlst edge: (A_D2_MC -> A_T5_MC) type[hb], weight[0.66] from 1 to 4 dist[2.47]
Adding bndlst edge: (A_D2_MC -> A_L6_MC) type[cov], weight[1.00] from 1 to 5 dist[1.63]
Adding bndlst edge: (A_F3_MC -> A_N4_MC) type[cov], weight[1.00] from 2 to 3 dist[1.33]
Adding bndlst edge: (A_F3_MC -> A_A7_MC) type[hb], weight[1.14] from 2 to 6 dist[1.87]
Adding bndlst edge: (A_N4_MC -> A_T5_MC) type[cov], weight[1.00] from 3 to 4 dist[1.33]
Adding bndlst edge: (A_N4_MC -> A_Q8_MC) type[hb], weight[1.16] from 3 to 7 dist[1.85]
Adding bndlst edge: (A_N4_SC -> A_A69_MC) type[hb], weight[1.16] from 3 to 68 dist[1.86]
Adding bndlst edge: (A_T5_MC -> A_L6_MC) type[cov], weight[1.00] from 4 to 5 dist[1.33]
Adding bndlst edge: (A_T5_MC -> A_N9_MC) type[hb], weight[1.14] from 4 to 8 dist[1.87]
Adding bndlst edge: (A_T5_MC -> A_Q8_MC) type[hb], weight[0.45] from 4 to 7 dist[2.98]
Adding bndlst edge: (A_L6_MC -> A_A7_MC) type[cov], weight[1.00] from 5 to 6 dist[1.33]
Adding bndlst edge: (A_L6_MC -> A_F10_MC) type[hb], weight[0.73] from 5 to 9 dist[2.34]
Adding bndlst edge: (A_A7_MC -> A_Q8_MC) type[cov], weight[1.00] from 6 to 7 dist[1.33]
Adding bndlst edge: (A_A7_MC -> A_T11_SC) type[hb], weight[0.89] from 6 to 10 dist[2.12]
Adding bndlst edge: (A_A7_MC -> A_T11_MC) type[hb], weight[1.16] from 6 to 10 dist[1.85]
Adding bndlst edge: (A_A7_MC -> A_F10_MC) type[hb], weight[0.46] from 6 to 9 dist[2.95]
Adding bndlst edge: (A_Q8_MC -> A_N9_MC) type[cov], weight[1.00] from 7 to 8 dist[1.33]
Adding bndlst edge: (A_Q8_MC -> A_T11_MC) type[hb], weight[0.52] from 7 to 10 dist[2.78]
Adding bndlst edge: (A_Q8_MC -> A_Q12_MC) type[hb], weight[1.16] from 7 to 11 dist[1.85]
Adding bndlst edge: (A_N9_MC -> A_F10_MC) type[cov], weight[1.00] from 8 to 9 dist[1.33]
Adding bndlst edge: (A_N9_MC -> A_F13_MC) type[hb], weight[0.74] from 8 to 12 dist[2.32]
Adding bndlst edge: (A_N9_MC -> A_Q12_MC) type[hb], weight[0.48] from 8 to 11 dist[2.87]
Adding bndlst edge: (A_F10_MC -> A_T11_MC) type[cov], weight[1.00] from 9 to 10 dist[1.33]
Adding bndlst edge: (A_F10_MC -> A_F13_MC) type[hb], weight[0.62] from 9 to 12 dist[2.54]
Adding bndlst edge: (A_F10_MC -> A_Y14_MC) type[hb], weight[1.18] from 9 to 13 dist[1.84]
Adding bndlst edge: (A_F10_SC -> A_Y110_MC) type[hb], weight[0.36] from 9 to 109 dist[3.33]
Adding bndlst edge: (A_F10_SC -> A_S109_SC) type[hb], weight[0.41] from 9 to 108 dist[3.12]
Adding bndlst edge: (A_F10_SC -> A_Y110_MC) type[hb], weight[0.37] from 9 to 109 dist[3.28]
Adding bndlst edge: (A_T11_MC -> A_Q12_MC) type[cov], weight[1.00] from 10 to 11 dist[1.33]
Adding bndlst edge: (A_T11_MC -> A_Y14_MC) type[hb], weight[0.49] from 10 to 13 dist[2.86]
Adding bndlst edge: (A_T11_MC -> A_Y15_MC) type[hb], weight[1.15] from 10 to 14 dist[1.87]
Adding bndlst edge: (A_Q12_MC -> A_F13_MC) type[cov], weight[1.00] from 11 to 12 dist[1.33]
Adding bndlst edge: (A_Q12_MC -> A_N16_SC) type[hb], weight[0.51] from 11 to 15 dist[2.81]
Adding bndlst edge: (A_Q12_MC -> A_N16_MC) type[hb], weight[1.14] from 11 to 15 dist[1.88]
Adding bndlst edge: (A_F13_MC -> A_Y14_MC) type[cov], weight[1.00] from 12 to 13 dist[1.33]
Adding bndlst edge: (A_F13_MC -> A_Q17_MC) type[hb], weight[0.88] from 12 to 16 dist[2.14]
Adding bndlst edge: (A_F13_MC -> A_N16_MC) type[hb], weight[0.53] from 12 to 15 dist[2.75]
Adding bndlst edge: (A_Y14_MC -> A_Y15_MC) type[cov], weight[1.00] from 13 to 14 dist[1.33]
Adding bndlst edge: (A_Y14_MC -> A_F18_MC) type[hb], weight[0.95] from 13 to 17 dist[2.05]
Adding bndlst edge: (A_Y14_MC -> A_Q17_MC) type[hb], weight[0.58] from 13 to 16 dist[2.62]
Adding bndlst edge: (A_Y14_SC -> A_Y29_SC) type[hb], weight[1.36] from 13 to 28 dist[1.72]
Adding bndlst edge: (A_Y14_SC -> A_Y29_SC) type[hb], weight[0.51] from 13 to 28 dist[2.80]
Adding bndlst edge: (A_Y14_SC -> A_Y29_SC) type[hb], weight[0.39] from 13 to 28 dist[3.20]
Adding bndlst edge: (A_Y15_MC -> A_N16_MC) type[cov], weight[1.00] from 14 to 15 dist[1.33]
Adding bndlst edge: (A_Y15_MC -> A_F18_MC) type[hb], weight[0.59] from 14 to 17 dist[2.61]
Adding bndlst edge: (A_Y15_MC -> A_D19_MC) type[hb], weight[1.21] from 14 to 18 dist[1.82]
Adding bndlst edge: (A_Y15_SC -> A_Q99_SC) type[hb], weight[1.33] from 14 to 98 dist[1.73]
Adding bndlst edge: (A_Y15_SC -> A_F97_SC) type[hb], weight[0.41] from 14 to 96 dist[3.12]
Adding bndlst edge: (A_N16_MC -> A_Q17_MC) type[cov], weight[1.00] from 15 to 16 dist[1.33]
Adding bndlst edge: (A_N16_MC -> A_T20_MC) type[hb], weight[0.68] from 15 to 19 dist[2.42]
Adding bndlst edge: (A_N16_MC -> A_T20_SC) type[hb], weight[0.89] from 15 to 19 dist[2.12]
Adding bndlst edge: (A_Q17_MC -> A_F18_MC) type[cov], weight[1.00] from 16 to 17 dist[1.33]
Adding bndlst edge: (A_Q17_MC -> A_T20_MC) type[hb], weight[0.53] from 16 to 19 dist[2.74]
Adding bndlst edge: (A_Q17_MC -> A_D21_MC) type[hb], weight[1.02] from 16 to 20 dist[1.98]
Adding bndlst edge: (A_F18_MC -> A_D19_MC) type[cov], weight[1.00] from 17 to 18 dist[1.33]
Adding bndlst edge: (A_F18_SC -> A_H62_SC) type[hb], weight[0.50] from 17 to 61 dist[2.82]
Adding bndlst edge: (A_F18_SC -> A_H62_SC) type[hb], weight[0.36] from 17 to 61 dist[3.34]
Adding bndlst edge: (A_F18_SC -> A_H62_SC) type[hb], weight[0.71] from 17 to 61 dist[2.38]
Adding bndlst edge: (A_F18_SC -> A_H62_SC) type[hb], weight[0.60] from 17 to 61 dist[2.59]
Adding bndlst edge: (A_F18_SC -> A_H62_SC) type[hb], weight[0.40] from 17 to 61 dist[3.17]
Adding bndlst edge: (A_D19_MC -> A_T20_MC) type[cov], weight[1.00] from 18 to 19 dist[1.33]
Adding bndlst edge: (A_D19_SC -> A_H62_MC) type[hb], weight[1.24] from 18 to 61 dist[1.80]
Adding bndlst edge: (A_T20_MC -> A_D21_MC) type[cov], weight[1.00] from 19 to 20 dist[1.33]
Adding bndlst edge: (A_T20_SC -> A_D21_MC) type[hb], weight[0.54] from 19 to 20 dist[2.73]
Adding bndlst edge: (A_D21_MC -> A_R22_MC) type[cov], weight[1.00] from 20 to 21 dist[1.33]
Adding bndlst edge: (A_D21_MC -> A_Q24_MC) type[hb], weight[0.90] from 20 to 23 dist[2.11]
Adding bndlst edge: (A_D21_MC -> A_S23_MC) type[hb], weight[0.49] from 20 to 22 dist[2.85]
Adding bndlst edge: (A_D21_SC -> A_S23_SC) type[hb], weight[1.44] from 20 to 22 dist[1.66]
Adding bndlst edge: (A_D21_SC -> A_S23_MC) type[hb], weight[0.90] from 20 to 22 dist[2.11]
Adding bndlst edge: (A_D21_SC -> A_Q24_SC) type[hb], weight[1.00] from 20 to 23 dist[2.00]
Adding bndlst edge: (A_D21_SC -> A_S23_SC) type[hb], weight[0.50] from 20 to 22 dist[2.82]
Adding bndlst edge: (A_R22_MC -> A_S23_MC) type[cov], weight[1.00] from 21 to 22 dist[1.33]
Adding bndlst edge: (A_R22_MC -> A_L25_MC) type[hb], weight[0.62] from 21 to 24 dist[2.54]
Adding bndlst edge: (A_R22_SC -> A_L52_MC) type[hb], weight[1.16] from 21 to 51 dist[1.86]
Adding bndlst edge: (A_R22_SC -> A_V53_MC) type[hb], weight[0.50] from 21 to 52 dist[2.82]
Adding bndlst edge: (A_R22_SC -> A_L55_MC) type[hb], weight[0.78] from 21 to 54 dist[2.27]
Adding bndlst edge: (A_R22_SC -> A_F57_MC) type[hb], weight[1.02] from 21 to 56 dist[1.98]
Adding bndlst edge: (A_S23_MC -> A_Q24_MC) type[cov], weight[1.00] from 22 to 23 dist[1.33]
Adding bndlst edge: (A_Q24_MC -> A_L25_MC) type[cov], weight[1.00] from 23 to 24 dist[1.33]
Adding bndlst edge: (A_L25_MC -> A_G26_MC) type[cov], weight[1.00] from 24 to 25 dist[1.33]
Adding bndlst edge: (A_L25_MC -> A_L28_MC) type[hb], weight[1.13] from 24 to 27 dist[1.88]
Adding bndlst edge: (A_G26_MC -> A_N27_MC) type[cov], weight[1.00] from 25 to 26 dist[1.33]
Adding bndlst edge: (A_G26_MC -> A_Y29_MC) type[hb], weight[0.90] from 25 to 28 dist[2.11]
Adding bndlst edge: (A_G26_MC -> A_L28_MC) type[hb], weight[0.48] from 25 to 27 dist[2.90]
Adding bndlst edge: (A_N27_MC -> A_L28_MC) type[cov], weight[1.00] from 26 to 27 dist[1.33]
Adding bndlst edge: (A_N27_MC -> A_R30_SC) type[hb], weight[1.10] from 26 to 29 dist[1.90]
Adding bndlst edge: (A_L28_MC -> A_Y29_MC) type[cov], weight[1.00] from 27 to 28 dist[1.33]
Adding bndlst edge: (A_L28_MC -> A_V112_MC) type[cov], weight[1.00] from 27 to 111 dist[1.64]
Adding bndlst edge: (A_Y29_MC -> A_R30_MC) type[cov], weight[1.00] from 28 to 29 dist[1.33]
Adding bndlst edge: (A_Y29_MC -> A_R30_SC) type[hb], weight[0.95] from 28 to 29 dist[2.05]
Adding bndlst edge: (A_Y29_SC -> A_D115_SC) type[hb], weight[1.24] from 28 to 114 dist[1.79]
Adding bndlst edge: (A_R30_MC -> A_N31_MC) type[cov], weight[1.00] from 29 to 30 dist[1.33]
Adding bndlst edge: (A_R30_MC -> A_A45_MC) type[hb], weight[0.53] from 29 to 44 dist[2.74]
Adding bndlst edge: (A_R30_MC -> A_S33_MC) type[hb], weight[0.83] from 29 to 32 dist[2.19]
Adding bndlst edge: (A_R30_MC -> A_S33_SC) type[hb], weight[1.22] from 29 to 32 dist[1.81]
Adding bndlst edge: (A_R30_SC -> A_D106_SC) type[salt], weight[0.99] from 29 to 105 dist[1.91]
Adding bndlst edge: (A_N31_MC -> A_E32_MC) type[cov], weight[1.00] from 30 to 31 dist[1.32]
Adding bndlst edge: (A_E32_MC -> A_S33_MC) type[cov], weight[1.00] from 31 to 32 dist[1.33]
Adding bndlst edge: (A_E32_MC -> A_Q43_SC) type[hb], weight[0.89] from 31 to 42 dist[2.12]
Adding bndlst edge: (A_S33_MC -> A_M34_MC) type[cov], weight[1.00] from 32 to 33 dist[1.33]
Adding bndlst edge: (A_S33_MC -> A_G44_MC) type[hb], weight[1.14] from 32 to 43 dist[1.88]
Adding bndlst edge: (A_S33_SC -> A_V112_MC) type[cov], weight[1.00] from 32 to 111 dist[1.64]
Adding bndlst edge: (A_M34_MC -> A_L35_MC) type[cov], weight[1.00] from 33 to 34 dist[1.33]
Adding bndlst edge: (A_M34_MC -> A_D115_MC) type[hb], weight[0.79] from 33 to 114 dist[2.25]
Adding bndlst edge: (A_M34_MC -> A_F113_MC) type[hb], weight[1.06] from 33 to 112 dist[1.95]
Adding bndlst edge: (A_L35_MC -> A_T36_MC) type[cov], weight[1.00] from 34 to 35 dist[1.32]
Adding bndlst edge: (A_L35_MC -> A_L42_MC) type[hb], weight[1.11] from 34 to 41 dist[1.90]
Adding bndlst edge: (A_L35_MC -> A_L42_MC) type[hb], weight[1.24] from 34 to 41 dist[1.79]
Adding bndlst edge: (A_T36_MC -> A_F37_MC) type[cov], weight[1.00] from 35 to 36 dist[1.33]
Adding bndlst edge: (A_T36_MC -> A_F117_MC) type[hb], weight[1.23] from 35 to 116 dist[1.80]
Adding bndlst edge: (A_T36_MC -> A_D115_MC) type[hb], weight[1.02] from 35 to 114 dist[1.98]
Adding bndlst edge: (A_F37_MC -> A_E38_MC) type[cov], weight[1.00] from 36 to 37 dist[1.33]
Adding bndlst edge: (A_F37_MC -> A_S40_MC) type[hb], weight[1.05] from 36 to 39 dist[1.95]
Adding bndlst edge: (A_F37_MC -> A_S40_MC) type[hb], weight[1.08] from 36 to 39 dist[1.92]
Adding bndlst edge: (A_E38_MC -> A_T39_MC) type[cov], weight[1.00] from 37 to 38 dist[1.33]
Adding bndlst edge: (A_E38_MC -> A_S40_MC) type[hb], weight[0.63] from 37 to 39 dist[2.51]
Adding bndlst edge: (A_E38_MC -> A_T39_SC) type[cov], weight[1.00] from 37 to 38 dist[1.52]
Adding bndlst edge: (A_E38_SC -> A_L119_MC) type[cov], weight[1.00] from 37 to 118 dist[1.63]
Adding bndlst edge: (A_E38_SC -> A_R118_SC) type[salt], weight[0.66] from 37 to 117 dist[2.34]
Adding bndlst edge: (A_E38_MC -> A_F117_MC) type[hb], weight[0.93] from 37 to 116 dist[2.07]
Adding bndlst edge: (A_T39_MC -> A_S40_MC) type[cov], weight[1.00] from 38 to 39 dist[1.33]
Adding bndlst edge: (A_S40_MC -> A_Q41_MC) type[cov], weight[1.00] from 39 to 40 dist[1.33]
Adding bndlst edge: (A_Q41_MC -> A_L42_MC) type[cov], weight[1.00] from 40 to 41 dist[1.33]
Adding bndlst edge: (A_L42_MC -> A_Q43_MC) type[cov], weight[1.00] from 41 to 42 dist[1.33]
Adding bndlst edge: (A_Q43_MC -> A_G44_MC) type[cov], weight[1.00] from 42 to 43 dist[1.33]
Adding bndlst edge: (A_G44_MC -> A_A45_MC) type[cov], weight[1.00] from 43 to 44 dist[1.33]
Adding bndlst edge: (A_G44_MC -> A_I48_MC) type[hb], weight[1.04] from 43 to 47 dist[1.96]
Adding bndlst edge: (A_G44_MC -> A_D47_MC) type[hb], weight[0.47] from 43 to 46 dist[2.90]
Adding bndlst edge: (A_A45_MC -> A_K46_MC) type[cov], weight[1.00] from 44 to 45 dist[1.33]
Adding bndlst edge: (A_A45_MC -> A_I48_MC) type[hb], weight[0.47] from 44 to 47 dist[2.92]
Adding bndlst edge: (A_A45_MC -> A_V49_MC) type[hb], weight[1.08] from 44 to 48 dist[1.93]
Adding bndlst edge: (A_K46_MC -> A_D47_MC) type[cov], weight[1.00] from 45 to 46 dist[1.33]
Adding bndlst edge: (A_K46_MC -> A_E50_MC) type[hb], weight[0.91] from 45 to 49 dist[2.10]
Adding bndlst edge: (A_D47_MC -> A_I48_MC) type[cov], weight[1.00] from 46 to 47 dist[1.33]
Adding bndlst edge: (A_D47_MC -> A_K51_MC) type[hb], weight[0.86] from 46 to 50 dist[2.16]
Adding bndlst edge: (A_D47_MC -> A_E50_MC) type[hb], weight[0.46] from 46 to 49 dist[2.96]
Adding bndlst edge: (A_I48_MC -> A_V49_MC) type[cov], weight[1.00] from 47 to 48 dist[1.33]
Adding bndlst edge: (A_I48_MC -> A_K51_MC) type[hb], weight[0.54] from 47 to 50 dist[2.72]
Adding bndlst edge: (A_I48_MC -> A_L52_MC) type[hb], weight[0.91] from 47 to 51 dist[2.10]
Adding bndlst edge: (A_V49_MC -> A_E50_MC) type[cov], weight[1.00] from 48 to 49 dist[1.33]
Adding bndlst edge: (A_V49_MC -> A_V53_MC) type[hb], weight[1.24] from 48 to 52 dist[1.79]
Adding bndlst edge: (A_V49_MC -> A_L52_MC) type[hb], weight[0.50] from 48 to 51 dist[2.83]
Adding bndlst edge: (A_E50_MC -> A_K51_MC) type[cov], weight[1.00] from 49 to 50 dist[1.33]
Adding bndlst edge: (A_E50_MC -> A_V53_MC) type[hb], weight[0.49] from 49 to 52 dist[2.87]
Adding bndlst edge: (A_E50_MC -> A_S54_MC) type[hb], weight[1.07] from 49 to 53 dist[1.93]
Adding bndlst edge: (A_K51_MC -> A_L52_MC) type[cov], weight[1.00] from 50 to 51 dist[1.33]
Adding bndlst edge: (A_K51_MC -> A_L55_MC) type[hb], weight[0.62] from 50 to 54 dist[2.55]
Adding bndlst edge: (A_K51_MC -> A_S54_SC) type[cov], weight[1.00] from 50 to 53 dist[1.54]
Adding bndlst edge: (A_K51_MC -> A_S54_MC) type[hb], weight[0.62] from 50 to 53 dist[2.54]
Adding bndlst edge: (A_L52_MC -> A_V53_MC) type[cov], weight[1.00] from 51 to 52 dist[1.33]
Adding bndlst edge: (A_L52_MC -> A_L55_MC) type[hb], weight[0.71] from 51 to 54 dist[2.37]
Adding bndlst edge: (A_V53_MC -> A_S54_MC) type[cov], weight[1.00] from 52 to 53 dist[1.33]
Adding bndlst edge: (A_S54_MC -> A_L55_MC) type[cov], weight[1.00] from 53 to 54 dist[1.33]
Adding bndlst edge: (A_L55_MC -> A_P56_MC) type[cov], weight[1.00] from 54 to 55 dist[1.34]
Adding bndlst edge: (A_L55_MC -> A_F57_MC) type[hb], weight[0.80] from 54 to 56 dist[2.23]
Adding bndlst edge: (A_P56_MC -> A_F57_MC) type[cov], weight[1.00] from 55 to 56 dist[1.33]
Adding bndlst edge: (A_F57_MC -> A_Q58_MC) type[cov], weight[1.00] from 56 to 57 dist[1.33]
Adding bndlst edge: (A_Q58_MC -> A_K59_MC) type[cov], weight[1.00] from 57 to 58 dist[1.33]
Adding bndlst edge: (A_Q58_MC -> A_D89_SC) type[hb], weight[0.68] from 57 to 88 dist[2.43]
Adding bndlst edge: (A_K59_MC -> A_V60_MC) type[cov], weight[1.00] from 58 to 59 dist[1.33]
Adding bndlst edge: (A_K59_MC -> A_D89_MC) type[hb], weight[0.96] from 58 to 88 dist[2.04]
Adding bndlst edge: (A_K59_MC -> A_D89_SC) type[hb], weight[0.54] from 58 to 88 dist[2.73]
Adding bndlst edge: (A_K59_SC -> A_E90_SC) type[salt], weight[1.04] from 58 to 89 dist[1.86]
Adding bndlst edge: (A_V60_MC -> A_Q61_MC) type[cov], weight[1.00] from 59 to 60 dist[1.32]
Adding bndlst edge: (A_Q61_MC -> A_H62_MC) type[cov], weight[1.00] from 60 to 61 dist[1.33]
Adding bndlst edge: (A_Q61_MC -> A_L87_MC) type[hb], weight[1.20] from 60 to 86 dist[1.83]
Adding bndlst edge: (A_Q61_MC -> A_L87_MC) type[hb], weight[0.93] from 60 to 86 dist[2.07]
Adding bndlst edge: (A_H62_MC -> A_R63_MC) type[cov], weight[1.00] from 61 to 62 dist[1.33]
Adding bndlst edge: (A_H62_SC -> A_F97_SC) type[hb], weight[0.64] from 61 to 96 dist[2.50]
Adding bndlst edge: (A_H62_SC -> A_F97_SC) type[hb], weight[0.50] from 61 to 96 dist[2.82]
Adding bndlst edge: (A_R63_MC -> A_I64_MC) type[cov], weight[1.00] from 62 to 63 dist[1.33]
Adding bndlst edge: (A_R63_MC -> A_D85_MC) type[hb], weight[1.31] from 62 to 84 dist[1.75]
Adding bndlst edge: (A_R63_MC -> A_D85_MC) type[hb], weight[1.13] from 62 to 84 dist[1.88]
Adding bndlst edge: (A_R63_SC -> A_D85_SC) type[salt], weight[0.59] from 62 to 84 dist[2.46]
Adding bndlst edge: (A_R63_SC -> A_D85_SC) type[salt], weight[0.67] from 62 to 84 dist[2.32]
Adding bndlst edge: (A_I64_MC -> A_T65_MC) type[cov], weight[1.00] from 63 to 64 dist[1.33]
Adding bndlst edge: (A_T65_MC -> A_T66_MC) type[cov], weight[1.00] from 64 to 65 dist[1.33]
Adding bndlst edge: (A_T65_MC -> A_T83_MC) type[hb], weight[1.07] from 64 to 82 dist[1.94]
Adding bndlst edge: (A_T66_MC -> A_L67_MC) type[cov], weight[1.00] from 65 to 66 dist[1.32]
Adding bndlst edge: (A_T66_MC -> A_T83_MC) type[hb], weight[0.90] from 65 to 82 dist[2.10]
Adding bndlst edge: (A_T66_MC -> A_T83_MC) type[hb], weight[0.98] from 65 to 82 dist[2.02]
Adding bndlst edge: (A_L67_MC -> A_D68_MC) type[cov], weight[1.00] from 66 to 67 dist[1.33]
Adding bndlst edge: (A_D68_MC -> A_A69_MC) type[cov], weight[1.00] from 67 to 68 dist[1.33]
Adding bndlst edge: (A_D68_MC -> A_M81_MC) type[hb], weight[1.19] from 67 to 80 dist[1.83]
Adding bndlst edge: (A_D68_MC -> A_M81_MC) type[hb], weight[0.97] from 67 to 80 dist[2.03]
Adding bndlst edge: (A_A69_MC -> A_Q70_MC) type[cov], weight[1.00] from 68 to 69 dist[1.33]
Adding bndlst edge: (A_Q70_MC -> A_P71_MC) type[cov], weight[1.00] from 69 to 70 dist[1.34]
Adding bndlst edge: (A_Q70_MC -> A_L79_MC) type[hb], weight[1.14] from 69 to 78 dist[1.88]
Adding bndlst edge: (A_Q70_MC -> A_L79_MC) type[hb], weight[1.02] from 69 to 78 dist[1.98]
Adding bndlst edge: (A_P71_MC -> A_A72_MC) type[cov], weight[1.00] from 70 to 71 dist[1.33]
Adding bndlst edge: (A_A72_MC -> A_S73_MC) type[cov], weight[1.00] from 71 to 72 dist[1.32]
Adding bndlst edge: (A_A72_MC -> A_D77_MC) type[hb], weight[1.01] from 71 to 76 dist[1.99]
Adding bndlst edge: (A_S73_MC -> A_P74_MC) type[cov], weight[1.00] from 72 to 73 dist[1.33]
Adding bndlst edge: (A_S73_SC -> A_Y75_MC) type[hb], weight[0.85] from 72 to 74 dist[2.17]
Adding bndlst edge: (A_S73_SC -> A_D77_SC) type[cov], weight[1.00] from 72 to 76 dist[1.58]
Adding bndlst edge: (A_S73_SC -> A_D77_SC) type[hb], weight[0.56] from 72 to 76 dist[2.67]
Adding bndlst edge: (A_P74_MC -> A_Y75_MC) type[cov], weight[1.00] from 73 to 74 dist[1.33]
Adding bndlst edge: (A_Y75_MC -> A_G76_MC) type[cov], weight[1.00] from 74 to 75 dist[1.33]
Adding bndlst edge: (A_G76_MC -> A_D77_MC) type[cov], weight[1.00] from 75 to 76 dist[1.33]
Adding bndlst edge: (A_D77_MC -> A_V78_MC) type[cov], weight[1.00] from 76 to 77 dist[1.33]
Adding bndlst edge: (A_V78_MC -> A_L79_MC) type[cov], weight[1.00] from 77 to 78 dist[1.33]
Adding bndlst edge: (A_V78_MC -> A_H102_SC) type[hb], weight[0.59] from 77 to 101 dist[2.59]
Adding bndlst edge: (A_V78_MC -> A_L103_MC) type[hb], weight[1.30] from 77 to 102 dist[1.75]
Adding bndlst edge: (A_V78_MC -> A_L103_MC) type[hb], weight[1.04] from 77 to 102 dist[1.96]
Adding bndlst edge: (A_L79_MC -> A_V80_MC) type[cov], weight[1.00] from 78 to 79 dist[1.33]
Adding bndlst edge: (A_V80_MC -> A_M81_MC) type[cov], weight[1.00] from 79 to 80 dist[1.33]
Adding bndlst edge: (A_V80_MC -> A_F101_MC) type[hb], weight[0.94] from 79 to 100 dist[2.06]
Adding bndlst edge: (A_V80_MC -> A_F101_MC) type[hb], weight[0.90] from 79 to 100 dist[2.11]
Adding bndlst edge: (A_M81_MC -> A_I82_MC) type[cov], weight[1.00] from 80 to 81 dist[1.32]
Adding bndlst edge: (A_I82_MC -> A_T83_MC) type[cov], weight[1.00] from 81 to 82 dist[1.33]
Adding bndlst edge: (A_I82_MC -> A_Q99_MC) type[hb], weight[1.33] from 81 to 98 dist[1.74]
Adding bndlst edge: (A_I82_MC -> A_Q99_MC) type[hb], weight[1.38] from 81 to 98 dist[1.70]
Adding bndlst edge: (A_T83_MC -> A_G84_MC) type[cov], weight[1.00] from 82 to 83 dist[1.33]
Adding bndlst edge: (A_T83_SC -> A_S98_SC) type[hb], weight[0.89] from 82 to 97 dist[2.12]
Adding bndlst edge: (A_G84_MC -> A_D85_MC) type[cov], weight[1.00] from 83 to 84 dist[1.33]
Adding bndlst edge: (A_G84_MC -> A_F97_MC) type[hb], weight[1.08] from 83 to 96 dist[1.93]
Adding bndlst edge: (A_G84_MC -> A_F97_MC) type[hb], weight[0.93] from 83 to 96 dist[2.07]
Adding bndlst edge: (A_D85_MC -> A_L86_MC) type[cov], weight[1.00] from 84 to 85 dist[1.32]
Adding bndlst edge: (A_L86_MC -> A_L87_MC) type[cov], weight[1.00] from 85 to 86 dist[1.33]
Adding bndlst edge: (A_L86_MC -> A_Q95_MC) type[hb], weight[1.03] from 85 to 94 dist[1.97]
Adding bndlst edge: (A_L86_MC -> A_Q95_MC) type[hb], weight[1.18] from 85 to 94 dist[1.84]
Adding bndlst edge: (A_L87_MC -> A_I88_MC) type[cov], weight[1.00] from 86 to 87 dist[1.33]
Adding bndlst edge: (A_I88_MC -> A_D89_MC) type[cov], weight[1.00] from 87 to 88 dist[1.33]
Adding bndlst edge: (A_I88_MC -> A_E91_MC) type[hb], weight[1.20] from 87 to 90 dist[1.83]
Adding bndlst edge: (A_D89_MC -> A_E90_MC) type[cov], weight[1.00] from 88 to 89 dist[1.33]
Adding bndlst edge: (A_D89_MC -> A_E91_MC) type[hb], weight[0.48] from 88 to 90 dist[2.88]
Adding bndlst edge: (A_E90_MC -> A_E91_MC) type[cov], weight[1.00] from 89 to 90 dist[1.33]
Adding bndlst edge: (A_E91_MC -> A_Q92_MC) type[cov], weight[1.00] from 90 to 91 dist[1.33]
Adding bndlst edge: (A_Q92_MC -> A_N93_MC) type[cov], weight[1.00] from 91 to 92 dist[1.33]
Adding bndlst edge: (A_N93_MC -> A_P94_MC) type[cov], weight[1.00] from 92 to 93 dist[1.34]
Adding bndlst edge: (A_P94_MC -> A_Q95_MC) type[cov], weight[1.00] from 93 to 94 dist[1.33]
Adding bndlst edge: (A_Q95_MC -> A_R96_MC) type[cov], weight[1.00] from 94 to 95 dist[1.33]
Adding bndlst edge: (A_R96_MC -> A_F97_MC) type[cov], weight[1.00] from 95 to 96 dist[1.33]
Adding bndlst edge: (A_R96_MC -> A_N120_MC) type[hb], weight[1.20] from 95 to 119 dist[1.82]
Adding bndlst edge: (A_R96_SC -> A_N120_MC) type[hb], weight[1.09] from 95 to 119 dist[1.91]
Adding bndlst edge: (A_R96_SC -> A_Y121_MC) type[hb], weight[0.93] from 95 to 120 dist[2.07]
Adding bndlst edge: (A_R96_SC -> A_N120_MC) type[hb], weight[0.46] from 95 to 119 dist[2.94]
Adding bndlst edge: (A_F97_MC -> A_S98_MC) type[cov], weight[1.00] from 96 to 97 dist[1.33]
Adding bndlst edge: (A_S98_MC -> A_Q99_MC) type[cov], weight[1.00] from 97 to 98 dist[1.33]
Adding bndlst edge: (A_S98_MC -> A_R118_MC) type[hb], weight[0.90] from 97 to 117 dist[2.11]
Adding bndlst edge: (A_S98_SC -> A_N120_SC) type[hb], weight[0.80] from 97 to 119 dist[2.23]
Adding bndlst edge: (A_S98_MC -> A_R118_MC) type[hb], weight[1.07] from 97 to 117 dist[1.94]
Adding bndlst edge: (A_Q99_MC -> A_V100_MC) type[cov], weight[1.00] from 98 to 99 dist[1.33]
Adding bndlst edge: (A_Q99_SC -> A_D115_SC) type[hb], weight[1.11] from 98 to 114 dist[1.90]
Adding bndlst edge: (A_V100_MC -> A_F101_MC) type[cov], weight[1.00] from 99 to 100 dist[1.33]
Adding bndlst edge: (A_V100_MC -> A_I116_MC) type[hb], weight[0.95] from 99 to 115 dist[2.05]
Adding bndlst edge: (A_V100_MC -> A_I116_MC) type[hb], weight[0.94] from 99 to 115 dist[2.06]
Adding bndlst edge: (A_F101_MC -> A_H102_MC) type[cov], weight[1.00] from 100 to 101 dist[1.33]
Adding bndlst edge: (A_H102_MC -> A_L103_MC) type[cov], weight[1.00] from 101 to 102 dist[1.33]
Adding bndlst edge: (A_H102_MC -> A_F113_MC) type[hb], weight[1.06] from 101 to 112 dist[1.95]
Adding bndlst edge: (A_H102_MC -> A_N114_MC) type[hb], weight[0.63] from 101 to 113 dist[2.53]
Adding bndlst edge: (A_H102_MC -> A_N114_MC) type[hb], weight[0.99] from 101 to 113 dist[2.01]
Adding bndlst edge: (A_L103_MC -> A_I104_MC) type[cov], weight[1.00] from 102 to 103 dist[1.33]
Adding bndlst edge: (A_I104_MC -> A_P105_MC) type[cov], weight[1.00] from 103 to 104 dist[1.34]
Adding bndlst edge: (A_I104_MC -> A_Y111_MC) type[hb], weight[0.91] from 103 to 110 dist[2.10]
Adding bndlst edge: (A_I104_MC -> A_Y111_MC) type[hb], weight[1.01] from 103 to 110 dist[2.00]
Adding bndlst edge: (A_P105_MC -> A_D106_MC) type[cov], weight[1.00] from 104 to 105 dist[1.33]
Adding bndlst edge: (A_D106_MC -> A_G107_MC) type[cov], weight[1.00] from 105 to 106 dist[1.33]
Adding bndlst edge: (A_D106_MC -> A_S109_MC) type[hb], weight[0.93] from 105 to 108 dist[2.07]
Adding bndlst edge: (A_D106_MC -> A_S109_MC) type[hb], weight[1.10] from 105 to 108 dist[1.91]
Adding bndlst edge: (A_G107_MC -> A_N108_MC) type[cov], weight[1.00] from 106 to 107 dist[1.33]
Adding bndlst edge: (A_N108_MC -> A_S109_MC) type[cov], weight[1.00] from 107 to 108 dist[1.33]
Adding bndlst edge: (A_S109_MC -> A_Y110_MC) type[cov], weight[1.00] from 108 to 109 dist[1.33]
Adding bndlst edge: (A_S109_SC -> A_Y110_MC) type[hb], weight[1.11] from 108 to 109 dist[1.90]
Adding bndlst edge: (A_Y110_MC -> A_Y111_MC) type[cov], weight[1.00] from 109 to 110 dist[1.33]
Adding bndlst edge: (A_Y111_MC -> A_V112_MC) type[cov], weight[1.00] from 110 to 111 dist[1.33]
Adding bndlst edge: (A_V112_MC -> A_F113_MC) type[cov], weight[1.00] from 111 to 112 dist[1.33]
Adding bndlst edge: (A_F113_MC -> A_N114_MC) type[cov], weight[1.00] from 112 to 113 dist[1.33]
Adding bndlst edge: (A_N114_MC -> A_D115_MC) type[cov], weight[1.00] from 113 to 114 dist[1.33]
Adding bndlst edge: (A_D115_MC -> A_I116_MC) type[cov], weight[1.00] from 114 to 115 dist[1.33]
Adding bndlst edge: (A_I116_MC -> A_F117_MC) type[cov], weight[1.00] from 115 to 116 dist[1.33]
Adding bndlst edge: (A_F117_MC -> A_R118_MC) type[cov], weight[1.00] from 116 to 117 dist[1.32]
Adding bndlst edge: (A_F117_SC -> A_R118_MC) type[hb], weight[0.38] from 116 to 117 dist[3.25]
Adding bndlst edge: (A_R118_MC -> A_L119_MC) type[cov], weight[1.00] from 117 to 118 dist[1.33]
Adding bndlst edge: (A_L119_MC -> A_N120_MC) type[cov], weight[1.00] from 118 to 119 dist[1.32]
Adding bndlst edge: (A_N120_MC -> A_Y121_MC) type[cov], weight[1.00] from 119 to 120 dist[1.33]
Adding bndlst edge: (A_Y121_MC -> A_S122_MC) type[cov], weight[1.00] from 120 to 121 dist[1.33]
Adding bndlst edge: (A_Y121_SC -> A_S122_MC) type[hb], weight[0.37] from 120 to 121 dist[3.27]
Adding bndlst edge: (A_Y121_SC -> A_S122_MC) type[hb], weight[0.43] from 120 to 121 dist[3.06]

bndlst DONE

Producing PAJEK network
printing pajek edge (A_34_MET,A_113_PHE)
printing pajek edge (A_34_MET,A_35_LEU)
printing pajek edge (A_34_MET,A_115_ASP)
printing pajek edge (A_33_SER,A_34_MET)
printing pajek edge (A_33_SER,A_112_VAL)
printing pajek edge (A_33_SER,A_44_GLY)
printing pajek edge (A_91_GLU,A_92_GLN)
printing pajek edge (A_64_ILE,A_65_THR)
printing pajek edge (A_22_ARG,A_53_VAL)
printing pajek edge (A_22_ARG,A_23_SER)
printing pajek edge (A_22_ARG,A_57_PHE)
printing pajek edge (A_22_ARG,A_25_LEU)
printing pajek edge (A_22_ARG,A_52_LEU)
printing pajek edge (A_22_ARG,A_55_LEU)
printing pajek edge (A_119_LEU,A_120_ASN)
printing pajek edge (A_72_ALA,A_73_SER)
printing pajek edge (A_72_ALA,A_77_ASP)
printing pajek edge (A_103_LEU,A_104_ILE)
printing pajek edge (A_8_GLN,A_9_ASN)
printing pajek edge (A_8_GLN,A_12_GLN)
printing pajek edge (A_8_GLN,A_11_THR)
printing pajek edge (A_81_MET,A_82_ILE)
printing pajek edge (A_27_ASN,A_28_LEU)
printing pajek edge (A_27_ASN,A_30_ARG)
printing pajek edge (A_120_ASN,A_121_TYR)
printing pajek edge (A_100_VAL,A_116_ILE)
printing pajek edge (A_100_VAL,A_101_PHE)
printing pajek edge (A_19_ASP,A_62_HIS)
printing pajek edge (A_19_ASP,A_20_THR)
printing pajek edge (A_73_SER,A_75_TYR)
printing pajek edge (A_73_SER,A_74_PRO)
printing pajek edge (A_73_SER,A_77_ASP)
printing pajek edge (A_73_SER,A_77_ASP)
printing pajek edge (A_17_GLN,A_20_THR)
printing pajek edge (A_17_GLN,A_18_PHE)
printing pajek edge (A_17_GLN,A_21_ASP)
printing pajek edge (A_45_ALA,A_46_LYS)
printing pajek edge (A_45_ALA,A_49_VAL)
printing pajek edge (A_45_ALA,A_48_ILE)
printing pajek edge (A_56_PRO,A_57_PHE)
printing pajek edge (A_85_ASP,A_86_LEU)
printing pajek edge (A_75_TYR,A_76_GLY)
printing pajek edge (A_28_LEU,A_29_TYR)
printing pajek edge (A_28_LEU,A_112_VAL)
printing pajek edge (A_96_ARG,A_120_ASN)
printing pajek edge (A_96_ARG,A_121_TYR)
printing pajek edge (A_96_ARG,A_97_PHE)
printing pajek edge (A_58_GLN,A_89_ASP)
printing pajek edge (A_58_GLN,A_59_LYS)
printing pajek edge (A_62_HIS,A_97_PHE)
printing pajek edge (A_62_HIS,A_63_ARG)
printing pajek edge (A_109_SER,A_110_TYR)
printing pajek edge (A_109_SER,A_110_TYR)
printing pajek edge (A_116_ILE,A_117_PHE)
printing pajek edge (A_21_ASP,A_23_SER)
printing pajek edge (A_21_ASP,A_22_ARG)
printing pajek edge (A_21_ASP,A_24_GLN)
printing pajek edge (A_110_TYR,A_111_TYR)
printing pajek edge (A_93_ASN,A_94_PRO)
printing pajek edge (A_104_ILE,A_105_PRO)
printing pajek edge (A_104_ILE,A_111_TYR)
printing pajek edge (A_90_GLU,A_91_GLU)
printing pajek edge (A_11_THR,A_12_GLN)
printing pajek edge (A_11_THR,A_14_TYR)
printing pajek edge (A_11_THR,A_15_TYR)
printing pajek edge (A_32_GLU,A_43_GLN)
printing pajek edge (A_32_GLU,A_33_SER)
printing pajek edge (A_114_ASN,A_115_ASP)
printing pajek edge (A_36_THR,A_117_PHE)
printing pajek edge (A_36_THR,A_37_PHE)
printing pajek edge (A_36_THR,A_115_ASP)
printing pajek edge (A_12_GLN,A_13_PHE)
printing pajek edge (A_12_GLN,A_16_ASN)
printing pajek edge (A_92_GLN,A_93_ASN)
printing pajek edge (A_79_LEU,A_80_VAL)
printing pajek edge (A_108_ASN,A_109_SER)
printing pajek edge (A_49_VAL,A_53_VAL)
printing pajek edge (A_49_VAL,A_50_GLU)
printing pajek edge (A_49_VAL,A_52_LEU)
printing pajek edge (A_88_ILE,A_91_GLU)
printing pajek edge (A_88_ILE,A_89_ASP)
printing pajek edge (A_94_PRO,A_95_GLN)
printing pajek edge (A_78_VAL,A_103_LEU)
printing pajek edge (A_78_VAL,A_102_HIS)
printing pajek edge (A_78_VAL,A_79_LEU)
printing pajek edge (A_107_GLY,A_108_ASN)
printing pajek edge (A_66_THR,A_67_LEU)
printing pajek edge (A_66_THR,A_83_THR)
printing pajek edge (A_30_ARG,A_33_SER)
printing pajek edge (A_30_ARG,A_31_ASN)
printing pajek edge (A_30_ARG,A_106_ASP)
printing pajek edge (A_30_ARG,A_45_ALA)
printing pajek edge (A_51_LYS,A_54_SER)
printing pajek edge (A_51_LYS,A_54_SER)
printing pajek edge (A_51_LYS,A_52_LEU)
printing pajek edge (A_51_LYS,A_55_LEU)
printing pajek edge (A_40_SER,A_41_GLN)
printing pajek edge (A_65_THR,A_66_THR)
printing pajek edge (A_65_THR,A_83_THR)
printing pajek edge (A_98_SER,A_120_ASN)
printing pajek edge (A_98_SER,A_99_GLN)
printing pajek edge (A_98_SER,A_118_ARG)
printing pajek edge (A_115_ASP,A_116_ILE)
printing pajek edge (A_59_LYS,A_60_VAL)
printing pajek edge (A_59_LYS,A_89_ASP)
printing pajek edge (A_59_LYS,A_90_GLU)
printing pajek edge (A_42_LEU,A_43_GLN)
printing pajek edge (A_13_PHE,A_17_GLN)
printing pajek edge (A_13_PHE,A_14_TYR)
printing pajek edge (A_13_PHE,A_16_ASN)
printing pajek edge (A_16_ASN,A_20_THR)
printing pajek edge (A_16_ASN,A_17_GLN)
printing pajek edge (A_82_ILE,A_99_GLN)
printing pajek edge (A_82_ILE,A_83_THR)
printing pajek edge (A_53_VAL,A_54_SER)
printing pajek edge (A_61_GLN,A_62_HIS)
printing pajek edge (A_61_GLN,A_87_LEU)
printing pajek edge (A_57_PHE,A_58_GLN)
printing pajek edge (A_102_HIS,A_113_PHE)
printing pajek edge (A_102_HIS,A_103_LEU)
printing pajek edge (A_102_HIS,A_114_ASN)
printing pajek edge (A_74_PRO,A_75_TYR)
printing pajek edge (A_67_LEU,A_68_ASP)
printing pajek edge (A_46_LYS,A_50_GLU)
printing pajek edge (A_46_LYS,A_47_ASP)
printing pajek edge (A_87_LEU,A_88_ILE)
printing pajek edge (A_77_ASP,A_78_VAL)
printing pajek edge (A_20_THR,A_21_ASP)
printing pajek edge (A_20_THR,A_21_ASP)
printing pajek edge (A_63_ARG,A_85_ASP)
printing pajek edge (A_63_ARG,A_85_ASP)
printing pajek edge (A_63_ARG,A_64_ILE)
printing pajek edge (A_55_LEU,A_57_PHE)
printing pajek edge (A_55_LEU,A_56_PRO)
printing pajek edge (A_68_ASP,A_81_MET)
printing pajek edge (A_68_ASP,A_69_ALA)
printing pajek edge (A_71_PRO,A_72_ALA)
printing pajek edge (A_69_ALA,A_70_GLN)
printing pajek edge (A_3_PHE,A_7_ALA)
printing pajek edge (A_3_PHE,A_4_ASN)
printing pajek edge (A_18_PHE,A_19_ASP)
printing pajek edge (A_18_PHE,A_62_HIS)
printing pajek edge (A_2_ASP,A_5_THR)
printing pajek edge (A_2_ASP,A_3_PHE)
printing pajek edge (A_2_ASP,A_6_LEU)
printing pajek edge (A_117_PHE,A_118_ARG)
printing pajek edge (A_117_PHE,A_118_ARG)
printing pajek edge (A_89_ASP,A_91_GLU)
printing pajek edge (A_89_ASP,A_90_GLU)
printing pajek edge (A_31_ASN,A_32_GLU)
printing pajek edge (A_101_PHE,A_102_HIS)
printing pajek edge (A_111_TYR,A_112_VAL)
printing pajek edge (A_83_THR,A_84_GLY)
printing pajek edge (A_83_THR,A_98_SER)
printing pajek edge (A_26_GLY,A_28_LEU)
printing pajek edge (A_26_GLY,A_29_TYR)
printing pajek edge (A_26_GLY,A_27_ASN)
printing pajek edge (A_121_TYR,A_122_SER)
printing pajek edge (A_121_TYR,A_122_SER)
printing pajek edge (A_29_TYR,A_115_ASP)
printing pajek edge (A_29_TYR,A_30_ARG)
printing pajek edge (A_29_TYR,A_30_ARG)
printing pajek edge (A_84_GLY,A_85_ASP)
printing pajek edge (A_84_GLY,A_97_PHE)
printing pajek edge (A_76_GLY,A_77_ASP)
printing pajek edge (A_41_GLN,A_42_LEU)
printing pajek edge (A_15_TYR,A_99_GLN)
printing pajek edge (A_15_TYR,A_19_ASP)
printing pajek edge (A_15_TYR,A_97_PHE)
printing pajek edge (A_15_TYR,A_18_PHE)
printing pajek edge (A_15_TYR,A_16_ASN)
printing pajek edge (A_113_PHE,A_114_ASN)
printing pajek edge (A_70_GLN,A_71_PRO)
printing pajek edge (A_70_GLN,A_79_LEU)
printing pajek edge (A_60_VAL,A_61_GLN)
printing pajek edge (A_50_GLU,A_53_VAL)
printing pajek edge (A_50_GLU,A_51_LYS)
printing pajek edge (A_50_GLU,A_54_SER)
printing pajek edge (A_25_LEU,A_28_LEU)
printing pajek edge (A_25_LEU,A_26_GLY)
printing pajek edge (A_105_PRO,A_106_ASP)
printing pajek edge (A_54_SER,A_55_LEU)
printing pajek edge (A_80_VAL,A_81_MET)
printing pajek edge (A_80_VAL,A_101_PHE)
printing pajek edge (A_23_SER,A_24_GLN)
printing pajek edge (A_43_GLN,A_44_GLY)
printing pajek edge (A_1_LEU,A_5_THR)
printing pajek edge (A_1_LEU,A_2_ASP)
printing pajek edge (A_47_ASP,A_51_LYS)
printing pajek edge (A_47_ASP,A_50_GLU)
printing pajek edge (A_47_ASP,A_48_ILE)
printing pajek edge (A_24_GLN,A_25_LEU)
printing pajek edge (A_14_TYR,A_29_TYR)
printing pajek edge (A_14_TYR,A_17_GLN)
printing pajek edge (A_14_TYR,A_18_PHE)
printing pajek edge (A_14_TYR,A_15_TYR)
printing pajek edge (A_106_ASP,A_107_GLY)
printing pajek edge (A_106_ASP,A_109_SER)
printing pajek edge (A_97_PHE,A_98_SER)
printing pajek edge (A_7_ALA,A_8_GLN)
printing pajek edge (A_7_ALA,A_10_PHE)
printing pajek edge (A_7_ALA,A_11_THR)
printing pajek edge (A_86_LEU,A_95_GLN)
printing pajek edge (A_86_LEU,A_87_LEU)
printing pajek edge (A_4_ASN,A_5_THR)
printing pajek edge (A_4_ASN,A_8_GLN)
printing pajek edge (A_4_ASN,A_69_ALA)
printing pajek edge (A_37_PHE,A_40_SER)
printing pajek edge (A_37_PHE,A_38_GLU)
printing pajek edge (A_95_GLN,A_96_ARG)
printing pajek edge (A_112_VAL,A_113_PHE)
printing pajek edge (A_10_PHE,A_110_TYR)
printing pajek edge (A_10_PHE,A_109_SER)
printing pajek edge (A_10_PHE,A_14_TYR)
printing pajek edge (A_10_PHE,A_11_THR)
printing pajek edge (A_10_PHE,A_13_PHE)
printing pajek edge (A_52_LEU,A_53_VAL)
printing pajek edge (A_52_LEU,A_55_LEU)
printing pajek edge (A_48_ILE,A_51_LYS)
printing pajek edge (A_48_ILE,A_52_LEU)
printing pajek edge (A_48_ILE,A_49_VAL)
printing pajek edge (A_9_ASN,A_12_GLN)
printing pajek edge (A_9_ASN,A_10_PHE)
printing pajek edge (A_9_ASN,A_13_PHE)
printing pajek edge (A_39_THR,A_40_SER)
printing pajek edge (A_99_GLN,A_100_VAL)
printing pajek edge (A_99_GLN,A_115_ASP)
printing pajek edge (A_5_THR,A_9_ASN)
printing pajek edge (A_5_THR,A_8_GLN)
printing pajek edge (A_5_THR,A_6_LEU)
printing pajek edge (A_35_LEU,A_36_THR)
printing pajek edge (A_35_LEU,A_42_LEU)
printing pajek edge (A_38_GLU,A_39_THR)
printing pajek edge (A_38_GLU,A_117_PHE)
printing pajek edge (A_38_GLU,A_40_SER)
printing pajek edge (A_38_GLU,A_119_LEU)
printing pajek edge (A_38_GLU,A_118_ARG)
printing pajek edge (A_118_ARG,A_119_LEU)
printing pajek edge (A_44_GLY,A_47_ASP)
printing pajek edge (A_44_GLY,A_45_ALA)
printing pajek edge (A_44_GLY,A_48_ILE)
printing pajek edge (A_6_LEU,A_7_ALA)
printing pajek edge (A_6_LEU,A_10_PHE)
