Graph START

Adding vertex (chain-A, position-1, res-MET)
New vertex id: 0
1 2 3 4 5 6 7 8 
Adding vertex (chain-A, position-2, res-ALA)
New vertex id: 1
9 10 11 12 13 
Adding vertex (chain-A, position-3, res-ARG)
New vertex id: 2
14 15 16 17 18 19 20 21 22 23 24 
Adding vertex (chain-A, position-4, res-ARG)
New vertex id: 3
25 26 27 28 29 30 31 32 33 34 35 
Adding vertex (chain-A, position-5, res-VAL)
New vertex id: 4
36 37 38 39 40 41 42 
Adding vertex (chain-A, position-6, res-ARG)
New vertex id: 5
43 44 45 46 47 48 49 50 51 52 53 
Adding vertex (chain-A, position-7, res-ALA)
New vertex id: 6
54 55 56 57 58 
Adding vertex (chain-A, position-8, res-LEU)
New vertex id: 7
59 60 61 62 63 64 65 66 
Adding vertex (chain-A, position-9, res-TYR)
New vertex id: 8
67 68 69 70 71 72 73 74 75 76 77 78 
Adding vertex (chain-A, position-10, res-ASP)
New vertex id: 9
79 80 81 82 83 84 85 86 
Adding vertex (chain-A, position-11, res-PHE)
New vertex id: 10
87 88 89 90 91 92 93 94 95 96 97 
Adding vertex (chain-A, position-12, res-GLU)
New vertex id: 11
98 99 100 101 102 103 104 105 106 
Adding vertex (chain-A, position-13, res-ALA)
New vertex id: 12
107 108 109 110 111 
Adding vertex (chain-A, position-14, res-VAL)
New vertex id: 13
112 113 114 115 116 117 118 
Adding vertex (chain-A, position-15, res-GLU)
New vertex id: 14
119 120 121 122 123 124 125 126 127 
Adding vertex (chain-A, position-16, res-ASP)
New vertex id: 15
128 129 130 131 132 
Adding vertex (chain-A, position-17, res-ASN)
New vertex id: 16
133 134 135 136 137 138 139 140 
Adding vertex (chain-A, position-18, res-GLU)
New vertex id: 17
141 142 143 144 145 146 147 148 149 
Adding vertex (chain-A, position-19, res-LEU)
New vertex id: 18
150 151 152 153 154 155 156 157 
Adding vertex (chain-A, position-20, res-THR)
New vertex id: 19
158 159 160 161 162 163 164 
Adding vertex (chain-A, position-21, res-PHE)
New vertex id: 20
165 166 167 168 169 170 171 172 173 174 175 
Adding vertex (chain-A, position-22, res-LYS)
New vertex id: 21
176 177 178 179 180 181 182 183 184 
Adding vertex (chain-A, position-23, res-HIS)
New vertex id: 22
185 186 187 188 189 190 191 192 193 194 
Adding vertex (chain-A, position-24, res-GLY)
New vertex id: 23
195 196 197 198 
Adding vertex (chain-A, position-25, res-GLU)
New vertex id: 24
199 200 201 202 203 204 205 206 207 
Adding vertex (chain-A, position-26, res-LEU)
New vertex id: 25
208 209 210 211 212 213 214 215 
Adding vertex (chain-A, position-27, res-ILE)
New vertex id: 26
216 217 218 219 220 221 222 223 
Adding vertex (chain-A, position-28, res-THR)
New vertex id: 27
224 225 226 227 228 229 230 
Adding vertex (chain-A, position-29, res-VAL)
New vertex id: 28
231 232 233 234 235 236 237 
Adding vertex (chain-A, position-30, res-LEU)
New vertex id: 29
238 239 240 241 242 243 244 245 
Adding vertex (chain-A, position-31, res-ASP)
New vertex id: 30
246 247 248 249 250 251 252 253 
Adding vertex (chain-A, position-32, res-ASP)
New vertex id: 31
254 255 256 257 258 259 260 261 
Adding vertex (chain-A, position-33, res-SER)
New vertex id: 32
262 263 264 265 266 267 
Adding vertex (chain-A, position-34, res-ASP)
New vertex id: 33
268 269 270 271 272 273 274 275 
Adding vertex (chain-A, position-35, res-ALA)
New vertex id: 34
276 277 278 279 280 
Adding vertex (chain-A, position-36, res-ASN)
New vertex id: 35
281 282 283 284 285 286 287 288 
Adding vertex (chain-A, position-37, res-TRP)
New vertex id: 36
289 290 291 292 293 294 295 296 297 298 299 300 301 302 
Adding vertex (chain-A, position-38, res-TRP)
New vertex id: 37
303 304 305 306 307 308 309 310 311 312 313 314 315 316 
Adding vertex (chain-A, position-39, res-GLN)
New vertex id: 38
317 318 319 320 321 322 323 324 325 
Adding vertex (chain-A, position-40, res-GLY)
New vertex id: 39
326 327 328 329 
Adding vertex (chain-A, position-41, res-GLU)
New vertex id: 40
330 331 332 333 334 335 336 337 338 
Adding vertex (chain-A, position-42, res-ASN)
New vertex id: 41
339 340 341 342 343 344 345 346 
Adding vertex (chain-A, position-43, res-HIS)
New vertex id: 42
347 348 349 350 351 352 353 354 355 356 
Adding vertex (chain-A, position-44, res-ARG)
New vertex id: 43
357 358 359 360 361 362 363 364 365 366 367 
Adding vertex (chain-A, position-45, res-GLY)
New vertex id: 44
368 369 370 371 
Adding vertex (chain-A, position-46, res-THR)
New vertex id: 45
372 373 374 375 376 377 378 
Adding vertex (chain-A, position-47, res-GLY)
New vertex id: 46
379 380 381 382 
Adding vertex (chain-A, position-48, res-LEU)
New vertex id: 47
383 384 385 386 387 388 389 390 
Adding vertex (chain-A, position-49, res-PHE)
New vertex id: 48
391 392 393 394 395 396 397 398 399 400 401 
Adding vertex (chain-A, position-50, res-PRO)
New vertex id: 49
402 403 404 405 406 407 408 
Adding vertex (chain-A, position-51, res-SER)
New vertex id: 50
409 410 411 412 413 414 
Adding vertex (chain-A, position-52, res-ASN)
New vertex id: 51
415 416 417 418 419 420 421 422 
Adding vertex (chain-A, position-53, res-PHE)
New vertex id: 52
423 424 425 426 427 428 429 430 431 432 433 
Adding vertex (chain-A, position-54, res-VAL)
New vertex id: 53
434 435 436 437 438 439 440 
Adding vertex (chain-A, position-55, res-THR)
New vertex id: 54
441 442 443 444 445 446 447 
Adding vertex (chain-A, position-56, res-THR)
New vertex id: 55
448 449 450 451 452 453 454 
Adding vertex (chain-A, position-57, res-ASP)
New vertex id: 56
455 456 457 458 459 460 461 462 
Adding vertex (chain-A, position-58, res-LEU)
New vertex id: 57
463 464 465 466 467 468 469 470 
Graph DONE

( reduce -FLIPs 1UJ0.pdb > 1UJ0.H.pdb ) >& /dev/null
Reduce (-FLIPs) returned 0
( bndlst -Radius0.3 1UJ0.H.pdb > 1UJ0.H.bndlst ) >& /dev/null
BndLst returned 0
Parsing 1UJ0.H.bndlst

bndlst START
Adding bndlst edge: (A_M1_MC -> A_A2_MC) type[cov], weight[1.00] from 0 to 1 dist[1.32]
Adding bndlst edge: (A_A2_MC -> A_R3_MC) type[cov], weight[1.00] from 1 to 2 dist[1.33]
Adding bndlst edge: (A_R3_MC -> A_R4_MC) type[cov], weight[1.00] from 2 to 3 dist[1.33]
Adding bndlst edge: (A_R3_MC -> A_V29_MC) type[hb], weight[1.20] from 2 to 28 dist[1.83]
Adding bndlst edge: (A_R3_MC -> A_V29_MC) type[hb], weight[0.45] from 2 to 28 dist[2.97]
Adding bndlst edge: (A_R3_SC -> A_D32_SC) type[salt], weight[0.73] from 2 to 31 dist[2.23]
Adding bndlst edge: (A_R3_SC -> A_D32_SC) type[salt], weight[0.88] from 2 to 31 dist[2.02]
Adding bndlst edge: (A_R3_SC -> A_W38_SC) type[hb], weight[0.78] from 2 to 37 dist[2.27]
Adding bndlst edge: (A_R3_SC -> A_W38_SC) type[hb], weight[0.46] from 2 to 37 dist[2.96]
Adding bndlst edge: (A_R3_SC -> A_W38_SC) type[hb], weight[0.61] from 2 to 37 dist[2.56]
Adding bndlst edge: (A_R4_MC -> A_V5_MC) type[cov], weight[1.00] from 3 to 4 dist[1.33]
Adding bndlst edge: (A_V5_MC -> A_R6_MC) type[cov], weight[1.00] from 4 to 5 dist[1.32]
Adding bndlst edge: (A_V5_MC -> A_I27_MC) type[hb], weight[1.11] from 4 to 26 dist[1.90]
Adding bndlst edge: (A_V5_MC -> A_I27_MC) type[hb], weight[1.09] from 4 to 26 dist[1.92]
Adding bndlst edge: (A_R6_MC -> A_A7_MC) type[cov], weight[1.00] from 5 to 6 dist[1.33]
Adding bndlst edge: (A_R6_MC -> A_T55_MC) type[hb], weight[1.07] from 5 to 54 dist[1.94]
Adding bndlst edge: (A_R6_MC -> A_T55_MC) type[hb], weight[1.14] from 5 to 54 dist[1.87]
Adding bndlst edge: (A_R6_SC -> A_L58_MC) type[hb], weight[1.07] from 5 to 57 dist[1.93]
Adding bndlst edge: (A_R6_SC -> A_G24_MC) type[hb], weight[0.93] from 5 to 23 dist[2.07]
Adding bndlst edge: (A_R6_SC -> A_L58_MC) type[hb], weight[0.45] from 5 to 57 dist[2.97]
Adding bndlst edge: (A_A7_MC -> A_L8_MC) type[cov], weight[1.00] from 6 to 7 dist[1.32]
Adding bndlst edge: (A_A7_MC -> A_G24_MC) type[hb], weight[1.23] from 6 to 23 dist[1.81]
Adding bndlst edge: (A_A7_MC -> A_E25_MC) type[hb], weight[1.10] from 6 to 24 dist[1.90]
Adding bndlst edge: (A_L8_MC -> A_Y9_MC) type[cov], weight[1.00] from 7 to 8 dist[1.34]
Adding bndlst edge: (A_L8_MC -> A_H23_SC) type[hb], weight[0.83] from 7 to 22 dist[2.20]
Adding bndlst edge: (A_L8_MC -> A_F53_MC) type[hb], weight[1.18] from 7 to 52 dist[1.84]
Adding bndlst edge: (A_Y9_MC -> A_D10_MC) type[cov], weight[1.00] from 8 to 9 dist[1.32]
Adding bndlst edge: (A_D10_MC -> A_F11_MC) type[cov], weight[1.00] from 9 to 10 dist[1.33]
Adding bndlst edge: (A_D10_SC -> A_H23_MC) type[hb], weight[1.16] from 9 to 22 dist[1.85]
Adding bndlst edge: (A_F11_MC -> A_E12_MC) type[cov], weight[1.00] from 10 to 11 dist[1.34]
Adding bndlst edge: (A_F11_MC -> A_F21_MC) type[hb], weight[1.09] from 10 to 20 dist[1.92]
Adding bndlst edge: (A_F11_MC -> A_F21_MC) type[hb], weight[1.14] from 10 to 20 dist[1.88]
Adding bndlst edge: (A_E12_MC -> A_A13_MC) type[cov], weight[1.00] from 11 to 12 dist[1.33]
Adding bndlst edge: (A_E12_SC -> A_T20_SC) type[hb], weight[0.96] from 11 to 19 dist[2.04]
Adding bndlst edge: (A_A13_MC -> A_V14_MC) type[cov], weight[1.00] from 12 to 13 dist[1.33]
Adding bndlst edge: (A_A13_MC -> A_T20_SC) type[hb], weight[1.03] from 12 to 19 dist[1.97]
Adding bndlst edge: (A_V14_MC -> A_E15_MC) type[cov], weight[1.00] from 13 to 14 dist[1.33]
Adding bndlst edge: (A_V14_MC -> A_E18_SC) type[hb], weight[1.15] from 13 to 17 dist[1.86]
Adding bndlst edge: (A_E15_MC -> A_D16_MC) type[cov], weight[1.00] from 14 to 15 dist[1.34]
Adding bndlst edge: (A_E15_MC -> A_E18_MC) type[hb], weight[0.82] from 14 to 17 dist[2.20]
Adding bndlst edge: (A_E15_MC -> A_E18_SC) type[hb], weight[0.61] from 14 to 17 dist[2.57]
Adding bndlst edge: (A_D16_MC -> A_N17_MC) type[cov], weight[1.00] from 15 to 16 dist[1.33]
Adding bndlst edge: (A_D16_MC -> A_E18_MC) type[hb], weight[0.46] from 15 to 17 dist[2.95]
Adding bndlst edge: (A_N17_MC -> A_E18_MC) type[cov], weight[1.00] from 16 to 17 dist[1.32]
Adding bndlst edge: (A_N17_MC -> A_L48_MC) type[hb], weight[1.19] from 16 to 47 dist[1.83]
Adding bndlst edge: (A_E18_MC -> A_L19_MC) type[cov], weight[1.00] from 17 to 18 dist[1.34]
Adding bndlst edge: (A_L19_MC -> A_T20_MC) type[cov], weight[1.00] from 18 to 19 dist[1.33]
Adding bndlst edge: (A_L19_MC -> A_L48_MC) type[hb], weight[1.02] from 18 to 47 dist[1.98]
Adding bndlst edge: (A_T20_MC -> A_F21_MC) type[cov], weight[1.00] from 19 to 20 dist[1.31]
Adding bndlst edge: (A_T20_MC -> A_N42_SC) type[hb], weight[0.93] from 19 to 41 dist[2.07]
Adding bndlst edge: (A_T20_MC -> A_R44_SC) type[hb], weight[0.68] from 19 to 43 dist[2.43]
Adding bndlst edge: (A_F21_MC -> A_K22_MC) type[cov], weight[1.00] from 20 to 21 dist[1.34]
Adding bndlst edge: (A_K22_MC -> A_H23_MC) type[cov], weight[1.00] from 21 to 22 dist[1.33]
Adding bndlst edge: (A_K22_MC -> A_E25_MC) type[hb], weight[0.92] from 21 to 24 dist[2.09]
Adding bndlst edge: (A_K22_MC -> A_E25_SC) type[hb], weight[1.00] from 21 to 24 dist[2.00]
Adding bndlst edge: (A_H23_MC -> A_G24_MC) type[cov], weight[1.00] from 22 to 23 dist[1.34]
Adding bndlst edge: (A_H23_MC -> A_E25_MC) type[hb], weight[0.46] from 22 to 24 dist[2.96]
Adding bndlst edge: (A_G24_MC -> A_E25_MC) type[cov], weight[1.00] from 23 to 24 dist[1.34]
Adding bndlst edge: (A_E25_MC -> A_L26_MC) type[cov], weight[1.00] from 24 to 25 dist[1.31]
Adding bndlst edge: (A_E25_SC -> A_R44_SC) type[salt], weight[1.13] from 24 to 43 dist[1.79]
Adding bndlst edge: (A_E25_SC -> A_R44_SC) type[salt], weight[0.49] from 24 to 43 dist[2.72]
Adding bndlst edge: (A_E25_SC -> A_H43_SC) type[hb], weight[0.74] from 24 to 42 dist[2.33]
Adding bndlst edge: (A_E25_SC -> A_R44_SC) type[salt], weight[0.97] from 24 to 43 dist[1.93]
Adding bndlst edge: (A_E25_SC -> A_H43_SC) type[hb], weight[0.57] from 24 to 42 dist[2.64]
Adding bndlst edge: (A_L26_MC -> A_I27_MC) type[cov], weight[1.00] from 25 to 26 dist[1.30]
Adding bndlst edge: (A_I27_MC -> A_T28_MC) type[cov], weight[1.00] from 26 to 27 dist[1.33]
Adding bndlst edge: (A_T28_MC -> A_V29_MC) type[cov], weight[1.00] from 27 to 28 dist[1.34]
Adding bndlst edge: (A_T28_MC -> A_E41_MC) type[hb], weight[0.92] from 27 to 40 dist[2.09]
Adding bndlst edge: (A_T28_MC -> A_E41_MC) type[hb], weight[1.17] from 27 to 40 dist[1.85]
Adding bndlst edge: (A_V29_MC -> A_L30_MC) type[cov], weight[1.00] from 28 to 29 dist[1.34]
Adding bndlst edge: (A_L30_MC -> A_D31_MC) type[cov], weight[1.00] from 29 to 30 dist[1.32]
Adding bndlst edge: (A_L30_MC -> A_Q39_MC) type[hb], weight[1.21] from 29 to 38 dist[1.81]
Adding bndlst edge: (A_D31_MC -> A_D32_MC) type[cov], weight[1.00] from 30 to 31 dist[1.34]
Adding bndlst edge: (A_D31_MC -> A_Q39_MC) type[hb], weight[1.02] from 30 to 38 dist[1.98]
Adding bndlst edge: (A_D31_SC -> A_S33_MC) type[hb], weight[1.19] from 30 to 32 dist[1.83]
Adding bndlst edge: (A_D31_SC -> A_S33_SC) type[hb], weight[1.31] from 30 to 32 dist[1.75]
Adding bndlst edge: (A_D31_SC -> A_S33_SC) type[hb], weight[0.58] from 30 to 32 dist[2.62]
Adding bndlst edge: (A_D31_MC -> A_Q39_MC) type[hb], weight[0.66] from 30 to 38 dist[2.47]
Adding bndlst edge: (A_D32_MC -> A_S33_MC) type[cov], weight[1.00] from 31 to 32 dist[1.32]
Adding bndlst edge: (A_S33_MC -> A_D34_MC) type[cov], weight[1.00] from 32 to 33 dist[1.33]
Adding bndlst edge: (A_D34_MC -> A_A35_MC) type[cov], weight[1.00] from 33 to 34 dist[1.34]
Adding bndlst edge: (A_D34_MC -> A_W38_SC) type[hb], weight[0.75] from 33 to 37 dist[2.31]
Adding bndlst edge: (A_D34_SC -> A_N36_MC) type[hb], weight[0.76] from 33 to 35 dist[2.30]
Adding bndlst edge: (A_D34_SC -> A_W37_MC) type[hb], weight[0.77] from 33 to 36 dist[2.28]
Adding bndlst edge: (A_A35_MC -> A_N36_MC) type[cov], weight[1.00] from 34 to 35 dist[1.34]
Adding bndlst edge: (A_A35_MC -> A_S51_SC) type[hb], weight[1.29] from 34 to 50 dist[1.76]
Adding bndlst edge: (A_N36_MC -> A_W37_MC) type[cov], weight[1.00] from 35 to 36 dist[1.33]
Adding bndlst edge: (A_N36_MC -> A_S51_MC) type[hb], weight[1.15] from 35 to 50 dist[1.86]
Adding bndlst edge: (A_W37_MC -> A_W38_MC) type[cov], weight[1.00] from 36 to 37 dist[1.32]
Adding bndlst edge: (A_W38_MC -> A_Q39_MC) type[cov], weight[1.00] from 37 to 38 dist[1.33]
Adding bndlst edge: (A_W38_MC -> A_F49_MC) type[hb], weight[0.96] from 37 to 48 dist[2.04]
Adding bndlst edge: (A_W38_MC -> A_F49_MC) type[hb], weight[1.05] from 37 to 48 dist[1.95]
Adding bndlst edge: (A_Q39_MC -> A_G40_MC) type[cov], weight[1.00] from 38 to 39 dist[1.32]
Adding bndlst edge: (A_G40_MC -> A_E41_MC) type[cov], weight[1.00] from 39 to 40 dist[1.33]
Adding bndlst edge: (A_G40_MC -> A_G47_MC) type[hb], weight[0.89] from 39 to 46 dist[2.12]
Adding bndlst edge: (A_G40_MC -> A_G47_MC) type[hb], weight[1.24] from 39 to 46 dist[1.79]
Adding bndlst edge: (A_E41_MC -> A_N42_MC) type[cov], weight[1.00] from 40 to 41 dist[1.34]
Adding bndlst edge: (A_N42_MC -> A_H43_MC) type[cov], weight[1.00] from 41 to 42 dist[1.33]
Adding bndlst edge: (A_N42_MC -> A_G45_MC) type[hb], weight[0.73] from 41 to 44 dist[2.35]
Adding bndlst edge: (A_N42_SC -> A_G45_MC) type[hb], weight[0.53] from 41 to 44 dist[2.76]
Adding bndlst edge: (A_N42_SC -> A_R44_MC) type[hb], weight[1.04] from 41 to 43 dist[1.96]
Adding bndlst edge: (A_N42_MC -> A_G45_MC) type[hb], weight[0.99] from 41 to 44 dist[2.01]
Adding bndlst edge: (A_H43_MC -> A_R44_MC) type[cov], weight[1.00] from 42 to 43 dist[1.35]
Adding bndlst edge: (A_H43_SC -> A_R44_SC) type[hb], weight[0.41] from 42 to 43 dist[3.11]
Adding bndlst edge: (A_R44_MC -> A_G45_MC) type[cov], weight[1.00] from 43 to 44 dist[1.32]
Adding bndlst edge: (A_G45_MC -> A_T46_MC) type[cov], weight[1.00] from 44 to 45 dist[1.32]
Adding bndlst edge: (A_T46_MC -> A_G47_MC) type[cov], weight[1.00] from 45 to 46 dist[1.34]
Adding bndlst edge: (A_G47_MC -> A_L48_MC) type[cov], weight[1.00] from 46 to 47 dist[1.33]
Adding bndlst edge: (A_L48_MC -> A_F49_MC) type[cov], weight[1.00] from 47 to 48 dist[1.33]
Adding bndlst edge: (A_F49_MC -> A_P50_MC) type[cov], weight[1.00] from 48 to 49 dist[1.34]
Adding bndlst edge: (A_P50_MC -> A_S51_MC) type[cov], weight[1.00] from 49 to 50 dist[1.32]
Adding bndlst edge: (A_P50_MC -> A_F53_MC) type[hb], weight[0.95] from 49 to 52 dist[2.05]
Adding bndlst edge: (A_S51_MC -> A_N52_MC) type[cov], weight[1.00] from 50 to 51 dist[1.34]
Adding bndlst edge: (A_S51_MC -> A_V54_MC) type[hb], weight[0.58] from 50 to 53 dist[2.62]
Adding bndlst edge: (A_S51_MC -> A_F53_MC) type[hb], weight[0.49] from 50 to 52 dist[2.85]
Adding bndlst edge: (A_N52_MC -> A_F53_MC) type[cov], weight[1.00] from 51 to 52 dist[1.35]
Adding bndlst edge: (A_F53_MC -> A_V54_MC) type[cov], weight[1.00] from 52 to 53 dist[1.31]
Adding bndlst edge: (A_V54_MC -> A_T55_MC) type[cov], weight[1.00] from 53 to 54 dist[1.32]
Adding bndlst edge: (A_T55_MC -> A_T56_MC) type[cov], weight[1.00] from 54 to 55 dist[1.34]
Adding bndlst edge: (A_T55_SC -> A_D57_MC) type[hb], weight[0.76] from 54 to 56 dist[2.30]
Adding bndlst edge: (A_T55_SC -> A_T56_MC) type[hb], weight[0.50] from 54 to 55 dist[2.84]
Adding bndlst edge: (A_T55_SC -> A_D57_SC) type[hb], weight[0.81] from 54 to 56 dist[2.23]
Adding bndlst edge: (A_T56_MC -> A_D57_MC) type[cov], weight[1.00] from 55 to 56 dist[1.33]
Adding bndlst edge: (A_D57_MC -> A_L58_MC) type[cov], weight[1.00] from 56 to 57 dist[1.33]

bndlst DONE

Producing PAJEK network
printing pajek edge (A_34_ASP,A_36_ASN)
printing pajek edge (A_34_ASP,A_35_ALA)
printing pajek edge (A_34_ASP,A_37_TRP)
printing pajek edge (A_34_ASP,A_38_TRP)
printing pajek edge (A_33_SER,A_34_ASP)
printing pajek edge (A_22_LYS,A_23_HIS)
printing pajek edge (A_22_LYS,A_25_GLU)
printing pajek edge (A_8_LEU,A_53_PHE)
printing pajek edge (A_8_LEU,A_23_HIS)
printing pajek edge (A_8_LEU,A_9_TYR)
printing pajek edge (A_27_ILE,A_28_THR)
printing pajek edge (A_18_GLU,A_19_LEU)
printing pajek edge (A_3_ARG,A_29_VAL)
printing pajek edge (A_3_ARG,A_4_ARG)
printing pajek edge (A_3_ARG,A_38_TRP)
printing pajek edge (A_3_ARG,A_32_ASP)
printing pajek edge (A_2_ALA,A_3_ARG)
printing pajek edge (A_19_LEU,A_20_THR)
printing pajek edge (A_19_LEU,A_48_LEU)
printing pajek edge (A_31_ASP,A_39_GLN)
printing pajek edge (A_31_ASP,A_33_SER)
printing pajek edge (A_31_ASP,A_32_ASP)
printing pajek edge (A_17_ASN,A_18_GLU)
printing pajek edge (A_17_ASN,A_48_LEU)
printing pajek edge (A_45_GLY,A_46_THR)
printing pajek edge (A_56_THR,A_57_ASP)
printing pajek edge (A_28_THR,A_29_VAL)
printing pajek edge (A_28_THR,A_41_GLU)
printing pajek edge (A_26_LEU,A_27_ILE)
printing pajek edge (A_29_VAL,A_30_LEU)
printing pajek edge (A_41_GLU,A_42_ASN)
printing pajek edge (A_21_PHE,A_22_LYS)
printing pajek edge (A_15_GLU,A_18_GLU)
printing pajek edge (A_15_GLU,A_16_ASP)
printing pajek edge (A_50_PRO,A_53_PHE)
printing pajek edge (A_50_PRO,A_51_SER)
printing pajek edge (A_25_GLU,A_43_HIS)
printing pajek edge (A_25_GLU,A_26_LEU)
printing pajek edge (A_25_GLU,A_44_ARG)
printing pajek edge (A_11_PHE,A_12_GLU)
printing pajek edge (A_11_PHE,A_21_PHE)
printing pajek edge (A_32_ASP,A_33_SER)
printing pajek edge (A_36_ASN,A_51_SER)
printing pajek edge (A_36_ASN,A_37_TRP)
printing pajek edge (A_12_GLU,A_20_THR)
printing pajek edge (A_12_GLU,A_13_ALA)
printing pajek edge (A_54_VAL,A_55_THR)
printing pajek edge (A_49_PHE,A_50_PRO)
printing pajek edge (A_43_HIS,A_44_ARG)
printing pajek edge (A_43_HIS,A_44_ARG)
printing pajek edge (A_23_HIS,A_25_GLU)
printing pajek edge (A_23_HIS,A_24_GLY)
printing pajek edge (A_47_GLY,A_48_LEU)
printing pajek edge (A_1_MET,A_2_ALA)
printing pajek edge (A_14_VAL,A_18_GLU)
printing pajek edge (A_14_VAL,A_15_GLU)
printing pajek edge (A_24_GLY,A_25_GLU)
printing pajek edge (A_30_LEU,A_39_GLN)
printing pajek edge (A_30_LEU,A_31_ASP)
printing pajek edge (A_7_ALA,A_25_GLU)
printing pajek edge (A_7_ALA,A_8_LEU)
printing pajek edge (A_7_ALA,A_24_GLY)
printing pajek edge (A_51_SER,A_53_PHE)
printing pajek edge (A_51_SER,A_54_VAL)
printing pajek edge (A_51_SER,A_52_ASN)
printing pajek edge (A_40_GLY,A_47_GLY)
printing pajek edge (A_40_GLY,A_41_GLU)
printing pajek edge (A_37_TRP,A_38_TRP)
printing pajek edge (A_4_ARG,A_5_VAL)
printing pajek edge (A_52_ASN,A_53_PHE)
printing pajek edge (A_10_ASP,A_23_HIS)
printing pajek edge (A_10_ASP,A_11_PHE)
printing pajek edge (A_42_ASN,A_43_HIS)
printing pajek edge (A_42_ASN,A_44_ARG)
printing pajek edge (A_42_ASN,A_45_GLY)
printing pajek edge (A_13_ALA,A_20_THR)
printing pajek edge (A_13_ALA,A_14_VAL)
printing pajek edge (A_48_LEU,A_49_PHE)
printing pajek edge (A_16_ASP,A_17_ASN)
printing pajek edge (A_16_ASP,A_18_GLU)
printing pajek edge (A_53_PHE,A_54_VAL)
printing pajek edge (A_39_GLN,A_40_GLY)
printing pajek edge (A_9_TYR,A_10_ASP)
printing pajek edge (A_5_VAL,A_27_ILE)
printing pajek edge (A_5_VAL,A_6_ARG)
printing pajek edge (A_35_ALA,A_36_ASN)
printing pajek edge (A_35_ALA,A_51_SER)
printing pajek edge (A_57_ASP,A_58_LEU)
printing pajek edge (A_46_THR,A_47_GLY)
printing pajek edge (A_38_TRP,A_39_GLN)
printing pajek edge (A_38_TRP,A_49_PHE)
printing pajek edge (A_44_ARG,A_45_GLY)
printing pajek edge (A_20_THR,A_44_ARG)
printing pajek edge (A_20_THR,A_42_ASN)
printing pajek edge (A_20_THR,A_21_PHE)
printing pajek edge (A_55_THR,A_57_ASP)
printing pajek edge (A_55_THR,A_56_THR)
printing pajek edge (A_55_THR,A_56_THR)
printing pajek edge (A_6_ARG,A_7_ALA)
printing pajek edge (A_6_ARG,A_58_LEU)
printing pajek edge (A_6_ARG,A_24_GLY)
printing pajek edge (A_6_ARG,A_55_THR)
