Graph START

Adding vertex (chain-A, position-702, res-GLU)
New vertex id: 0
1 2 3 4 5 
Adding vertex (chain-A, position-703, res-ASP)
New vertex id: 1
6 7 8 9 10 11 12 13 
Adding vertex (chain-A, position-704, res-ASN)
New vertex id: 2
14 15 16 17 18 19 20 21 
Adding vertex (chain-A, position-705, res-PHE)
New vertex id: 3
22 23 24 25 26 27 28 29 30 31 32 
Adding vertex (chain-A, position-706, res-ALA)
New vertex id: 4
33 34 35 36 37 
Adding vertex (chain-A, position-707, res-ARG)
New vertex id: 5
38 39 40 41 42 43 
Adding vertex (chain-A, position-708, res-PHE)
New vertex id: 6
44 45 46 47 48 49 50 51 52 53 54 
Adding vertex (chain-A, position-709, res-VAL)
New vertex id: 7
55 56 57 58 59 60 61 
Adding vertex (chain-A, position-710, res-CYS)
New vertex id: 8
62 63 64 65 66 67 
Adding vertex (chain-A, position-711, res-LYS)
New vertex id: 9
68 69 70 71 72 73 74 75 76 
Adding vertex (chain-A, position-712, res-ASN)
New vertex id: 10
77 78 79 80 81 82 83 84 
Adding vertex (chain-A, position-713, res-ASN)
New vertex id: 11
85 86 87 88 89 90 91 92 
Adding vertex (chain-A, position-714, res-GLY)
New vertex id: 12
93 94 95 96 
Adding vertex (chain-A, position-715, res-VAL)
New vertex id: 13
97 98 99 100 101 102 103 
Adding vertex (chain-A, position-716, res-LEU)
New vertex id: 14
104 105 106 107 108 109 110 111 
Adding vertex (chain-A, position-717, res-PHE)
New vertex id: 15
112 113 114 115 116 117 118 119 120 121 122 
Adding vertex (chain-A, position-718, res-GLU)
New vertex id: 16
123 124 125 126 127 128 129 130 131 
Adding vertex (chain-A, position-719, res-ASN)
New vertex id: 17
132 133 134 135 136 137 138 139 
Adding vertex (chain-A, position-720, res-GLN)
New vertex id: 18
140 141 142 143 144 145 146 147 148 
Adding vertex (chain-A, position-721, res-LEU)
New vertex id: 19
149 150 151 152 153 154 155 156 
Adding vertex (chain-A, position-722, res-LEU)
New vertex id: 20
157 158 159 160 161 162 163 164 
Adding vertex (chain-A, position-723, res-GLN)
New vertex id: 21
165 166 167 168 169 170 171 172 173 
Adding vertex (chain-A, position-724, res-ILE)
New vertex id: 22
174 175 176 177 178 179 180 181 
Adding vertex (chain-A, position-725, res-GLY)
New vertex id: 23
182 183 184 185 
Adding vertex (chain-A, position-726, res-LEU)
New vertex id: 24
186 187 188 189 190 191 192 193 
Adding vertex (chain-A, position-727, res-LYS)
New vertex id: 25
194 195 196 197 198 199 200 201 202 
Adding vertex (chain-A, position-728, res-SER)
New vertex id: 26
203 204 205 206 207 208 
Adding vertex (chain-A, position-729, res-GLU)
New vertex id: 27
209 210 211 212 213 214 215 216 217 
Adding vertex (chain-A, position-730, res-PHE)
New vertex id: 28
218 219 220 221 222 223 224 225 226 227 228 
Adding vertex (chain-A, position-731, res-ARG)
New vertex id: 29
229 230 231 232 233 234 235 236 237 238 239 
Adding vertex (chain-A, position-732, res-GLN)
New vertex id: 30
240 241 242 243 244 245 246 247 248 
Adding vertex (chain-A, position-733, res-ASN)
New vertex id: 31
249 250 251 252 253 254 255 256 
Adding vertex (chain-A, position-734, res-LEU)
New vertex id: 32
257 258 259 260 261 262 263 264 
Adding vertex (chain-A, position-735, res-GLY)
New vertex id: 33
265 266 267 268 
Adding vertex (chain-A, position-736, res-ARG)
New vertex id: 34
269 270 271 272 273 274 275 276 277 278 279 
Adding vertex (chain-A, position-737, res-MET)
New vertex id: 35
280 281 282 283 284 285 286 287 
Adding vertex (chain-A, position-738, res-PHE)
New vertex id: 36
288 289 290 291 292 293 294 295 296 297 298 
Adding vertex (chain-A, position-739, res-ILE)
New vertex id: 37
299 300 301 302 303 304 305 306 
Adding vertex (chain-A, position-740, res-PHE)
New vertex id: 38
307 308 309 310 311 312 313 314 315 316 317 
Adding vertex (chain-A, position-741, res-TYR)
New vertex id: 39
318 319 320 321 322 323 324 325 326 327 328 329 
Adding vertex (chain-A, position-742, res-GLY)
New vertex id: 40
330 331 332 333 
Adding vertex (chain-A, position-743, res-ASN)
New vertex id: 41
334 335 336 337 338 339 340 341 
Adding vertex (chain-A, position-744, res-LYS)
New vertex id: 42
342 343 344 345 346 347 348 349 350 
Adding vertex (chain-A, position-745, res-THR)
New vertex id: 43
351 352 353 354 355 356 357 
Adding vertex (chain-A, position-746, res-SER)
New vertex id: 44
358 359 360 361 362 363 
Adding vertex (chain-A, position-747, res-THR)
New vertex id: 45
364 365 366 367 368 369 370 
Adding vertex (chain-A, position-748, res-GLN)
New vertex id: 46
371 372 373 374 375 376 377 378 379 
Adding vertex (chain-A, position-749, res-PHE)
New vertex id: 47
380 381 382 383 384 385 386 387 388 389 390 
Adding vertex (chain-A, position-750, res-LEU)
New vertex id: 48
391 392 393 394 395 396 397 398 
Adding vertex (chain-A, position-751, res-ASN)
New vertex id: 49
399 400 401 402 403 404 405 406 
Adding vertex (chain-A, position-752, res-PHE)
New vertex id: 50
407 408 409 410 411 412 413 414 415 416 417 
Adding vertex (chain-A, position-753, res-THR)
New vertex id: 51
418 419 420 421 422 423 424 
Adding vertex (chain-A, position-754, res-PRO)
New vertex id: 52
425 426 427 428 429 430 431 
Adding vertex (chain-A, position-755, res-THR)
New vertex id: 53
432 433 434 435 436 437 438 
Adding vertex (chain-A, position-756, res-LEU)
New vertex id: 54
439 440 441 442 443 444 445 446 
Adding vertex (chain-A, position-757, res-ILE)
New vertex id: 55
447 448 449 450 451 452 453 454 
Adding vertex (chain-A, position-758, res-CYS)
New vertex id: 56
455 456 457 458 459 460 
Adding vertex (chain-A, position-759, res-ALA)
New vertex id: 57
461 462 463 464 465 
Adding vertex (chain-A, position-760, res-ASP)
New vertex id: 58
466 467 468 469 470 471 472 473 
Adding vertex (chain-A, position-761, res-ASP)
New vertex id: 59
474 475 476 477 478 479 480 481 
Adding vertex (chain-A, position-762, res-LEU)
New vertex id: 60
482 483 484 485 486 487 488 489 
Adding vertex (chain-A, position-763, res-GLN)
New vertex id: 61
490 491 492 493 494 495 496 497 498 
Adding vertex (chain-A, position-764, res-THR)
New vertex id: 62
499 500 501 502 503 504 505 
Adding vertex (chain-A, position-765, res-ASN)
New vertex id: 63
506 507 508 509 510 511 512 513 
Adding vertex (chain-A, position-766, res-LEU)
New vertex id: 64
514 515 516 517 518 519 520 521 
Adding vertex (chain-A, position-767, res-ASN)
New vertex id: 65
522 523 524 525 526 527 528 529 
Adding vertex (chain-A, position-768, res-LEU)
New vertex id: 66
530 531 532 533 534 535 536 537 
Adding vertex (chain-A, position-769, res-GLN)
New vertex id: 67
538 539 540 541 542 543 544 545 546 
Adding vertex (chain-A, position-770, res-THR)
New vertex id: 68
547 548 549 550 551 552 553 
Adding vertex (chain-A, position-771, res-LYS)
New vertex id: 69
554 555 556 557 558 559 
Adding vertex (chain-A, position-772, res-PRO)
New vertex id: 70
560 561 562 563 564 565 566 
Adding vertex (chain-A, position-773, res-VAL)
New vertex id: 71
567 568 569 570 571 572 573 
Adding vertex (chain-A, position-774, res-ASP)
New vertex id: 72
574 575 576 577 578 579 580 581 
Adding vertex (chain-A, position-775, res-PRO)
New vertex id: 73
582 583 584 585 586 587 588 
Adding vertex (chain-A, position-776, res-THR)
New vertex id: 74
589 590 591 592 593 594 595 
Adding vertex (chain-A, position-777, res-VAL)
New vertex id: 75
596 597 598 599 600 601 602 
Adding vertex (chain-A, position-778, res-ASP)
New vertex id: 76
603 604 605 606 607 608 609 610 
Adding vertex (chain-A, position-779, res-GLY)
New vertex id: 77
611 612 613 614 
Adding vertex (chain-A, position-780, res-GLY)
New vertex id: 78
615 616 617 618 
Adding vertex (chain-A, position-781, res-ALA)
New vertex id: 79
619 620 621 622 623 
Adding vertex (chain-A, position-782, res-GLN)
New vertex id: 80
624 625 626 627 628 629 630 631 632 
Adding vertex (chain-A, position-783, res-VAL)
New vertex id: 81
633 634 635 636 637 638 639 
Adding vertex (chain-A, position-784, res-GLN)
New vertex id: 82
640 641 642 643 644 645 646 647 648 
Adding vertex (chain-A, position-785, res-GLN)
New vertex id: 83
649 650 651 652 653 654 655 656 657 
Adding vertex (chain-A, position-786, res-VAL)
New vertex id: 84
658 659 660 661 662 663 664 
Adding vertex (chain-A, position-787, res-ILE)
New vertex id: 85
665 666 667 668 669 670 671 672 
Adding vertex (chain-A, position-788, res-ASN)
New vertex id: 86
673 674 675 676 677 678 679 680 
Adding vertex (chain-A, position-789, res-ILE)
New vertex id: 87
681 682 683 684 685 686 687 688 
Adding vertex (chain-A, position-790, res-GLU)
New vertex id: 88
689 690 691 692 693 694 695 696 697 
Adding vertex (chain-A, position-791, res-CYS)
New vertex id: 89
698 699 700 701 702 703 
Adding vertex (chain-A, position-792, res-ILE)
New vertex id: 90
704 705 706 707 708 709 710 711 
Adding vertex (chain-A, position-793, res-SER)
New vertex id: 91
712 713 714 715 716 717 
Adding vertex (chain-A, position-794, res-ASP)
New vertex id: 92
718 719 720 721 722 723 724 725 
Adding vertex (chain-A, position-795, res-PHE)
New vertex id: 93
726 727 728 729 730 731 732 733 734 735 736 
Adding vertex (chain-A, position-796, res-THR)
New vertex id: 94
737 738 739 740 741 742 743 
Adding vertex (chain-A, position-797, res-GLU)
New vertex id: 95
744 745 746 747 748 749 750 751 752 
Adding vertex (chain-A, position-798, res-ALA)
New vertex id: 96
753 754 755 756 757 
Adding vertex (chain-A, position-799, res-PRO)
New vertex id: 97
758 759 760 761 762 763 764 
Adding vertex (chain-A, position-800, res-VAL)
New vertex id: 98
765 766 767 768 769 770 771 
Adding vertex (chain-A, position-801, res-LEU)
New vertex id: 99
772 773 774 775 776 777 778 779 
Adding vertex (chain-A, position-802, res-ASN)
New vertex id: 100
780 781 782 783 784 785 786 787 
Adding vertex (chain-A, position-803, res-ILE)
New vertex id: 101
788 789 790 791 792 793 794 795 
Adding vertex (chain-A, position-804, res-GLN)
New vertex id: 102
796 797 798 799 800 801 802 803 804 
Adding vertex (chain-A, position-805, res-PHE)
New vertex id: 103
805 806 807 808 809 810 811 812 813 814 815 
Adding vertex (chain-A, position-806, res-ARG)
New vertex id: 104
816 817 818 819 820 821 822 823 824 825 826 
Adding vertex (chain-A, position-807, res-TYR)
New vertex id: 105
827 828 829 830 831 832 833 834 835 836 837 838 
Adding vertex (chain-A, position-808, res-GLY)
New vertex id: 106
839 840 841 842 
Adding vertex (chain-A, position-809, res-GLY)
New vertex id: 107
843 844 845 846 
Adding vertex (chain-A, position-810, res-THR)
New vertex id: 108
847 848 849 850 851 852 853 
Adding vertex (chain-A, position-811, res-PHE)
New vertex id: 109
854 855 856 857 858 859 860 861 862 863 864 
Adding vertex (chain-A, position-812, res-GLN)
New vertex id: 110
865 866 867 868 869 870 871 872 873 
Adding vertex (chain-A, position-813, res-ASN)
New vertex id: 111
874 875 876 877 878 879 880 881 
Adding vertex (chain-A, position-814, res-VAL)
New vertex id: 112
882 883 884 885 886 887 888 
Adding vertex (chain-A, position-815, res-SER)
New vertex id: 113
889 890 891 892 893 894 
Adding vertex (chain-A, position-816, res-VAL)
New vertex id: 114
895 896 897 898 899 900 901 
Adding vertex (chain-A, position-817, res-LYS)
New vertex id: 115
902 903 904 905 906 907 908 909 910 
Adding vertex (chain-A, position-818, res-LEU)
New vertex id: 116
911 912 913 914 915 916 917 918 
Adding vertex (chain-A, position-819, res-PRO)
New vertex id: 117
919 920 921 922 923 924 925 
Adding vertex (chain-A, position-820, res-ILE)
New vertex id: 118
926 927 928 929 930 931 932 933 
Adding vertex (chain-A, position-821, res-THR)
New vertex id: 119
934 935 936 937 938 939 940 
Adding vertex (chain-A, position-822, res-LEU)
New vertex id: 120
941 942 943 944 945 946 947 948 
Adding vertex (chain-A, position-823, res-ASN)
New vertex id: 121
949 950 951 952 953 954 955 956 
Adding vertex (chain-A, position-824, res-LYS)
New vertex id: 122
957 958 959 960 961 962 963 964 965 
Adding vertex (chain-A, position-825, res-PHE)
New vertex id: 123
966 967 968 969 970 971 972 973 974 975 976 
Adding vertex (chain-A, position-826, res-PHE)
New vertex id: 124
977 978 979 980 981 982 983 984 985 986 987 
Adding vertex (chain-A, position-827, res-GLN)
New vertex id: 125
988 989 990 991 992 993 994 995 996 
Adding vertex (chain-A, position-828, res-PRO)
New vertex id: 126
997 998 999 1000 1001 1002 1003 
Adding vertex (chain-A, position-829, res-THR)
New vertex id: 127
1004 1005 1006 1007 1008 1009 1010 
Adding vertex (chain-A, position-830, res-GLU)
New vertex id: 128
1011 1012 1013 1014 1015 1016 1017 1018 1019 
Adding vertex (chain-A, position-831, res-MET)
New vertex id: 129
1020 1021 1022 1023 1024 1025 1026 1027 
Adding vertex (chain-A, position-832, res-ALA)
New vertex id: 130
1028 1029 1030 1031 1032 
Adding vertex (chain-A, position-833, res-SER)
New vertex id: 131
1033 1034 1035 1036 1037 1038 
Adding vertex (chain-A, position-834, res-GLN)
New vertex id: 132
1039 1040 1041 1042 1043 1044 1045 1046 1047 
Adding vertex (chain-A, position-835, res-ASP)
New vertex id: 133
1048 1049 1050 1051 1052 1053 1054 1055 
Adding vertex (chain-A, position-836, res-PHE)
New vertex id: 134
1056 1057 1058 1059 1060 1061 1062 1063 1064 1065 1066 
Adding vertex (chain-A, position-837, res-PHE)
New vertex id: 135
1067 1068 1069 1070 1071 1072 1073 1074 1075 1076 1077 
Adding vertex (chain-A, position-838, res-GLN)
New vertex id: 136
1078 1079 1080 1081 1082 1083 
Adding vertex (chain-A, position-839, res-ARG)
New vertex id: 137
1084 1085 1086 1087 1088 1089 1090 1091 1092 1093 1094 
Adding vertex (chain-A, position-840, res-TRP)
New vertex id: 138
1095 1096 1097 1098 1099 1100 1101 1102 1103 1104 1105 1106 1107 1108 
Adding vertex (chain-A, position-841, res-LYS)
New vertex id: 139
1109 1110 1111 1112 1113 1114 1115 1116 1117 
Adding vertex (chain-A, position-842, res-GLN)
New vertex id: 140
1118 1119 1120 1121 1122 1123 1124 1125 1126 
Adding vertex (chain-A, position-843, res-LEU)
New vertex id: 141
1127 1128 1129 1130 1131 1132 1133 1134 
Adding vertex (chain-A, position-844, res-SER)
New vertex id: 142
1135 1136 1137 1138 1139 1140 
Adding vertex (chain-A, position-845, res-ASN)
New vertex id: 143
1141 1142 1143 1144 1145 1146 1147 1148 
Adding vertex (chain-A, position-846, res-PRO)
New vertex id: 144
1149 1150 1151 1152 1153 1154 1155 
Adding vertex (chain-A, position-847, res-GLN)
New vertex id: 145
1156 1157 1158 1159 1160 1161 1162 1163 1164 
Adding vertex (chain-A, position-848, res-GLN)
New vertex id: 146
1165 1166 1167 1168 1169 1170 1171 1172 1173 
Adding vertex (chain-A, position-849, res-GLU)
New vertex id: 147
1174 1175 1176 1177 1178 1179 1180 1181 1182 
Adding vertex (chain-A, position-850, res-VAL)
New vertex id: 148
1183 1184 1185 1186 1187 1188 1189 
Adding vertex (chain-A, position-851, res-GLN)
New vertex id: 149
1190 1191 1192 1193 1194 1195 1196 1197 1198 
Adding vertex (chain-A, position-852, res-ASN)
New vertex id: 150
1199 1200 1201 1202 1203 1204 1205 1206 
Adding vertex (chain-A, position-853, res-ILE)
New vertex id: 151
1207 1208 1209 1210 1211 1212 1213 1214 
Adding vertex (chain-A, position-854, res-PHE)
New vertex id: 152
1215 1216 1217 1218 1219 1220 1221 1222 1223 1224 1225 
Adding vertex (chain-A, position-855, res-LYS)
New vertex id: 153
1226 1227 1228 1229 1230 1231 1232 1233 1234 
Adding vertex (chain-A, position-856, res-ALA)
New vertex id: 154
1235 1236 1237 1238 1239 
Adding vertex (chain-A, position-857, res-LYS)
New vertex id: 155
1240 1241 1242 1243 1244 1245 1246 1247 1248 
Adding vertex (chain-A, position-858, res-HIS)
New vertex id: 156
1249 1250 1251 1252 1253 1254 1255 1256 1257 1258 
Adding vertex (chain-A, position-859, res-PRO)
New vertex id: 157
1259 1260 1261 1262 1263 1264 1265 
Adding vertex (chain-A, position-860, res-MET)
New vertex id: 158
1266 1267 1268 1269 1270 1271 1272 1273 
Adding vertex (chain-A, position-861, res-ASP)
New vertex id: 159
1274 1275 1276 1277 1278 1279 1280 1281 
Adding vertex (chain-A, position-862, res-THR)
New vertex id: 160
1282 1283 1284 1285 1286 1287 1288 
Adding vertex (chain-A, position-863, res-GLU)
New vertex id: 161
1289 1290 1291 1292 1293 1294 1295 1296 1297 
Adding vertex (chain-A, position-864, res-ILE)
New vertex id: 162
1298 1299 1300 1301 1302 1303 1304 1305 
Adding vertex (chain-A, position-865, res-THR)
New vertex id: 163
1306 1307 1308 1309 1310 1311 1312 
Adding vertex (chain-A, position-866, res-LYS)
New vertex id: 164
1313 1314 1315 1316 1317 1318 1319 1320 1321 
Adding vertex (chain-A, position-867, res-ALA)
New vertex id: 165
1322 1323 1324 1325 1326 
Adding vertex (chain-A, position-868, res-LYS)
New vertex id: 166
1327 1328 1329 1330 1331 1332 1333 1334 1335 
Adding vertex (chain-A, position-869, res-ILE)
New vertex id: 167
1336 1337 1338 1339 1340 1341 1342 1343 
Adding vertex (chain-A, position-870, res-ILE)
New vertex id: 168
1344 1345 1346 1347 1348 1349 1350 1351 
Adding vertex (chain-A, position-871, res-GLY)
New vertex id: 169
1352 1353 1354 1355 
Adding vertex (chain-A, position-872, res-PHE)
New vertex id: 170
1356 1357 1358 1359 1360 1361 1362 1363 1364 1365 1366 
Adding vertex (chain-A, position-873, res-GLY)
New vertex id: 171
1367 1368 1369 1370 
Adding vertex (chain-A, position-874, res-SER)
New vertex id: 172
1371 1372 1373 1374 1375 1376 
Adding vertex (chain-A, position-875, res-ALA)
New vertex id: 173
1377 1378 1379 1380 1381 
Adding vertex (chain-A, position-876, res-LEU)
New vertex id: 174
1382 1383 1384 1385 1386 1387 1388 1389 
Adding vertex (chain-A, position-877, res-LEU)
New vertex id: 175
1390 1391 1392 1393 1394 1395 1396 1397 
Adding vertex (chain-A, position-878, res-GLU)
New vertex id: 176
1398 1399 1400 1401 1402 1403 1404 1405 1406 
Adding vertex (chain-A, position-879, res-GLU)
New vertex id: 177
1407 1408 1409 1410 1411 
Adding vertex (chain-A, position-880, res-VAL)
New vertex id: 178
1412 1413 1414 1415 1416 1417 1418 
Adding vertex (chain-A, position-881, res-ASP)
New vertex id: 179
1419 1420 1421 1422 1423 1424 1425 1426 
Adding vertex (chain-A, position-882, res-PRO)
New vertex id: 180
1427 1428 1429 1430 1431 1432 1433 
Adding vertex (chain-A, position-883, res-ASN)
New vertex id: 181
1434 1435 1436 1437 1438 1439 1440 1441 
Adding vertex (chain-A, position-884, res-PRO)
New vertex id: 182
1442 1443 1444 1445 1446 1447 1448 
Adding vertex (chain-A, position-885, res-ALA)
New vertex id: 183
1449 1450 1451 1452 1453 
Adding vertex (chain-A, position-886, res-ASN)
New vertex id: 184
1454 1455 1456 1457 1458 1459 1460 1461 
Adding vertex (chain-A, position-887, res-PHE)
New vertex id: 185
1462 1463 1464 1465 1466 1467 1468 1469 1470 1471 1472 
Adding vertex (chain-A, position-888, res-VAL)
New vertex id: 186
1473 1474 1475 1476 1477 1478 1479 
Adding vertex (chain-A, position-889, res-GLY)
New vertex id: 187
1480 1481 1482 1483 
Adding vertex (chain-A, position-890, res-ALA)
New vertex id: 188
1484 1485 1486 1487 1488 
Adding vertex (chain-A, position-891, res-GLY)
New vertex id: 189
1489 1490 1491 1492 
Adding vertex (chain-A, position-892, res-ILE)
New vertex id: 190
1493 1494 1495 1496 1497 1498 1499 1500 
Adding vertex (chain-A, position-893, res-ILE)
New vertex id: 191
1501 1502 1503 1504 1505 1506 1507 1508 
Adding vertex (chain-A, position-894, res-HIS)
New vertex id: 192
1509 1510 1511 1512 1513 1514 1515 1516 1517 1518 
Adding vertex (chain-A, position-895, res-THR)
New vertex id: 193
1519 1520 1521 1522 1523 1524 1525 
Adding vertex (chain-A, position-896, res-LYS)
New vertex id: 194
1526 1527 1528 1529 1530 1531 1532 1533 1534 
Adding vertex (chain-A, position-897, res-THR)
New vertex id: 195
1535 1536 1537 1538 1539 1540 1541 
Adding vertex (chain-A, position-898, res-THR)
New vertex id: 196
1542 1543 1544 1545 1546 1547 1548 
Adding vertex (chain-A, position-899, res-GLN)
New vertex id: 197
1549 1550 1551 1552 1553 1554 1555 1556 1557 
Adding vertex (chain-A, position-900, res-ILE)
New vertex id: 198
1558 1559 1560 1561 1562 1563 1564 1565 
Adding vertex (chain-A, position-901, res-GLY)
New vertex id: 199
1566 1567 1568 1569 
Adding vertex (chain-A, position-902, res-CYS)
New vertex id: 200
1570 1571 1572 1573 1574 1575 
Adding vertex (chain-A, position-903, res-LEU)
New vertex id: 201
1576 1577 1578 1579 1580 1581 1582 1583 
Adding vertex (chain-A, position-904, res-LEU)
New vertex id: 202
1584 1585 1586 1587 1588 1589 1590 1591 
Adding vertex (chain-A, position-905, res-ARG)
New vertex id: 203
1592 1593 1594 1595 1596 1597 1598 1599 1600 1601 1602 
Adding vertex (chain-A, position-906, res-LEU)
New vertex id: 204
1603 1604 1605 1606 1607 1608 1609 1610 
Adding vertex (chain-A, position-907, res-GLU)
New vertex id: 205
1611 1612 1613 1614 1615 1616 1617 1618 1619 
Adding vertex (chain-A, position-908, res-PRO)
New vertex id: 206
1620 1621 1622 1623 1624 1625 1626 
Adding vertex (chain-A, position-909, res-ASN)
New vertex id: 207
1627 1628 1629 1630 1631 1632 1633 1634 
Adding vertex (chain-A, position-910, res-LEU)
New vertex id: 208
1635 1636 1637 1638 1639 1640 1641 1642 
Adding vertex (chain-A, position-911, res-GLN)
New vertex id: 209
1643 1644 1645 1646 1647 1648 1649 1650 1651 
Adding vertex (chain-A, position-912, res-ALA)
New vertex id: 210
1652 1653 1654 1655 1656 
Adding vertex (chain-A, position-913, res-GLN)
New vertex id: 211
1657 1658 1659 1660 1661 1662 1663 1664 1665 
Adding vertex (chain-A, position-914, res-MET)
New vertex id: 212
1666 1667 1668 1669 1670 1671 1672 1673 
Adding vertex (chain-A, position-915, res-TYR)
New vertex id: 213
1674 1675 1676 1677 1678 1679 1680 1681 1682 1683 1684 1685 
Adding vertex (chain-A, position-916, res-ARG)
New vertex id: 214
1686 1687 1688 1689 1690 1691 1692 1693 1694 1695 1696 
Adding vertex (chain-A, position-917, res-LEU)
New vertex id: 215
1697 1698 1699 1700 1701 1702 1703 1704 
Adding vertex (chain-A, position-918, res-THR)
New vertex id: 216
1705 1706 1707 1708 1709 1710 1711 
Adding vertex (chain-A, position-919, res-LEU)
New vertex id: 217
1712 1713 1714 1715 1716 1717 1718 1719 
Adding vertex (chain-A, position-920, res-ARG)
New vertex id: 218
1720 1721 1722 1723 1724 1725 1726 1727 1728 1729 1730 
Adding vertex (chain-A, position-921, res-THR)
New vertex id: 219
1731 1732 1733 1734 1735 1736 1737 
Adding vertex (chain-A, position-922, res-SER)
New vertex id: 220
1738 1739 1740 1741 1742 1743 
Adding vertex (chain-A, position-923, res-LYS)
New vertex id: 221
1744 1745 1746 1747 1748 1749 1750 1751 1752 
Adding vertex (chain-A, position-924, res-ASP)
New vertex id: 222
1753 1754 1755 1756 1757 1758 1759 1760 
Adding vertex (chain-A, position-925, res-THR)
New vertex id: 223
1761 1762 1763 1764 1765 1766 1767 
Adding vertex (chain-A, position-926, res-VAL)
New vertex id: 224
1768 1769 1770 1771 1772 1773 1774 
Adding vertex (chain-A, position-927, res-SER)
New vertex id: 225
1775 1776 1777 1778 1779 1780 
Adding vertex (chain-A, position-928, res-GLN)
New vertex id: 226
1781 1782 1783 1784 1785 1786 1787 1788 1789 
Adding vertex (chain-A, position-929, res-ARG)
New vertex id: 227
1790 1791 1792 1793 1794 1795 1796 1797 1798 1799 1800 
Adding vertex (chain-A, position-930, res-LEU)
New vertex id: 228
1801 1802 1803 1804 1805 1806 1807 1808 
Adding vertex (chain-A, position-931, res-CYS)
New vertex id: 229
1809 1810 1811 1812 1813 1814 
Adding vertex (chain-A, position-932, res-GLU)
New vertex id: 230
1815 1816 1817 1818 1819 1820 1821 1822 1823 
Adding vertex (chain-A, position-933, res-LEU)
New vertex id: 231
1824 1825 1826 1827 1828 1829 1830 1831 
Adding vertex (chain-A, position-934, res-LEU)
New vertex id: 232
1832 1833 1834 1835 1836 1837 1838 1839 
Adding vertex (chain-A, position-935, res-SER)
New vertex id: 233
1840 1841 1842 1843 1844 1845 
Adding vertex (chain-A, position-936, res-GLU)
New vertex id: 234
1846 1847 1848 1849 1850 1851 1852 1853 1854 
Adding vertex (chain-A, position-937, res-GLN)
New vertex id: 235
1855 1856 1857 1858 1859 1860 1861 1862 1863 
Adding vertex (chain-A, position-938, res-PHE)
New vertex id: 236
1864 1865 1866 1867 1868 1869 1870 1871 1872 1873 1874 1875 
Graph DONE

( reduce -FLIPs 2VJ0.pdb > 2VJ0.H.pdb ) >& /dev/null
Reduce (-FLIPs) returned 256
( bndlst -Radius0.3 2VJ0.H.pdb > 2VJ0.H.bndlst ) >& /dev/null
BndLst returned 0
Parsing 2VJ0.H.bndlst

bndlst START
Adding bndlst edge: (A_E702_MC -> A_D703_MC) type[cov], weight[1.00] from 0 to 1 dist[1.32]
Adding bndlst edge: (A_D703_MC -> A_N704_MC) type[cov], weight[1.00] from 1 to 2 dist[1.34]
Adding bndlst edge: (A_D703_SC -> A_F705_MC) type[hb], weight[1.40] from 1 to 3 dist[1.69]
Adding bndlst edge: (A_D703_SC -> A_K817_MC) type[hb], weight[0.95] from 1 to 115 dist[2.06]
Adding bndlst edge: (A_N704_MC -> A_F705_MC) type[cov], weight[1.00] from 2 to 3 dist[1.33]
Adding bndlst edge: (A_N704_MC -> A_R707_MC) type[hb], weight[0.93] from 2 to 5 dist[2.07]
Adding bndlst edge: (A_N704_MC -> A_L716_MC) type[hb], weight[1.17] from 2 to 14 dist[1.85]
Adding bndlst edge: (A_F705_MC -> A_A706_MC) type[cov], weight[1.00] from 3 to 4 dist[1.33]
Adding bndlst edge: (A_F705_MC -> A_F708_MC) type[hb], weight[0.91] from 3 to 6 dist[2.10]
Adding bndlst edge: (A_A706_MC -> A_R707_MC) type[cov], weight[1.00] from 4 to 5 dist[1.34]
Adding bndlst edge: (A_A706_MC -> A_V709_MC) type[hb], weight[0.60] from 4 to 7 dist[2.59]
Adding bndlst edge: (A_R707_MC -> A_F708_MC) type[cov], weight[1.00] from 5 to 6 dist[1.33]
Adding bndlst edge: (A_F708_MC -> A_V709_MC) type[cov], weight[1.00] from 6 to 7 dist[1.32]
Adding bndlst edge: (A_F708_MC -> A_K824_SC) type[hb], weight[0.93] from 6 to 122 dist[2.08]
Adding bndlst edge: (A_V709_MC -> A_C710_MC) type[cov], weight[1.00] from 7 to 8 dist[1.33]
Adding bndlst edge: (A_V709_MC -> A_N823_SC) type[hb], weight[0.95] from 7 to 121 dist[2.05]
Adding bndlst edge: (A_V709_MC -> A_K824_SC) type[hb], weight[0.53] from 7 to 122 dist[2.74]
Adding bndlst edge: (A_C710_MC -> A_K711_MC) type[cov], weight[1.00] from 8 to 9 dist[1.34]
Adding bndlst edge: (A_K711_MC -> A_N712_MC) type[cov], weight[1.00] from 9 to 10 dist[1.33]
Adding bndlst edge: (A_K711_MC -> A_K824_SC) type[hb], weight[0.45] from 9 to 122 dist[2.99]
Adding bndlst edge: (A_K711_MC -> A_K824_SC) type[hb], weight[0.76] from 9 to 122 dist[2.29]
Adding bndlst edge: (A_K711_SC -> A_N713_MC) type[hb], weight[0.61] from 9 to 11 dist[2.56]
Adding bndlst edge: (A_N712_MC -> A_N713_MC) type[cov], weight[1.00] from 10 to 11 dist[1.34]
Adding bndlst edge: (A_N712_MC -> A_S728_MC) type[hb], weight[0.53] from 10 to 26 dist[2.75]
Adding bndlst edge: (A_N712_SC -> A_K824_SC) type[hb], weight[0.46] from 10 to 122 dist[2.96]
Adding bndlst edge: (A_N712_SC -> A_K824_SC) type[hb], weight[1.28] from 10 to 122 dist[1.77]
Adding bndlst edge: (A_N713_MC -> A_G714_MC) type[cov], weight[1.00] from 11 to 12 dist[1.33]
Adding bndlst edge: (A_N713_SC -> A_S728_MC) type[hb], weight[0.62] from 11 to 26 dist[2.54]
Adding bndlst edge: (A_G714_MC -> A_V715_MC) type[cov], weight[1.00] from 12 to 13 dist[1.33]
Adding bndlst edge: (A_G714_MC -> A_L726_MC) type[hb], weight[1.06] from 12 to 24 dist[1.94]
Adding bndlst edge: (A_G714_MC -> A_L726_MC) type[hb], weight[0.96] from 12 to 24 dist[2.04]
Adding bndlst edge: (A_V715_MC -> A_L716_MC) type[cov], weight[1.00] from 13 to 14 dist[1.32]
Adding bndlst edge: (A_L716_MC -> A_F717_MC) type[cov], weight[1.00] from 14 to 15 dist[1.34]
Adding bndlst edge: (A_L716_MC -> A_I724_MC) type[hb], weight[1.00] from 14 to 22 dist[2.00]
Adding bndlst edge: (A_F717_MC -> A_E718_MC) type[cov], weight[1.00] from 15 to 16 dist[1.34]
Adding bndlst edge: (A_F717_MC -> A_I724_MC) type[hb], weight[1.10] from 15 to 22 dist[1.90]
Adding bndlst edge: (A_F717_SC -> A_E718_MC) type[hb], weight[0.39] from 15 to 16 dist[3.21]
Adding bndlst edge: (A_F717_MC -> A_I724_MC) type[hb], weight[0.74] from 15 to 22 dist[2.33]
Adding bndlst edge: (A_E718_MC -> A_N719_MC) type[cov], weight[1.00] from 16 to 17 dist[1.32]
Adding bndlst edge: (A_E718_SC -> A_Q723_SC) type[hb], weight[0.69] from 16 to 21 dist[2.41]
Adding bndlst edge: (A_E718_SC -> A_K744_SC) type[salt], weight[0.94] from 16 to 42 dist[1.96]
Adding bndlst edge: (A_N719_MC -> A_Q720_MC) type[cov], weight[1.00] from 17 to 18 dist[1.35]
Adding bndlst edge: (A_N719_MC -> A_K744_SC) type[hb], weight[1.30] from 17 to 42 dist[1.75]
Adding bndlst edge: (A_N719_SC -> A_L722_MC) type[hb], weight[0.99] from 17 to 20 dist[2.01]
Adding bndlst edge: (A_N719_SC -> A_L721_MC) type[hb], weight[1.18] from 17 to 19 dist[1.84]
Adding bndlst edge: (A_N719_MC -> A_L722_MC) type[hb], weight[1.05] from 17 to 20 dist[1.95]
Adding bndlst edge: (A_Q720_MC -> A_L721_MC) type[cov], weight[1.00] from 18 to 19 dist[1.32]
Adding bndlst edge: (A_L721_MC -> A_L722_MC) type[cov], weight[1.00] from 19 to 20 dist[1.31]
Adding bndlst edge: (A_L721_MC -> A_K744_MC) type[hb], weight[0.99] from 19 to 42 dist[2.01]
Adding bndlst edge: (A_L722_MC -> A_Q723_MC) type[cov], weight[1.00] from 20 to 21 dist[1.30]
Adding bndlst edge: (A_Q723_MC -> A_I724_MC) type[cov], weight[1.00] from 21 to 22 dist[1.31]
Adding bndlst edge: (A_Q723_MC -> A_G742_MC) type[hb], weight[1.22] from 21 to 40 dist[1.81]
Adding bndlst edge: (A_Q723_MC -> A_G742_MC) type[hb], weight[0.88] from 21 to 40 dist[2.14]
Adding bndlst edge: (A_I724_MC -> A_G725_MC) type[cov], weight[1.00] from 22 to 23 dist[1.33]
Adding bndlst edge: (A_G725_MC -> A_L726_MC) type[cov], weight[1.00] from 23 to 24 dist[1.33]
Adding bndlst edge: (A_G725_MC -> A_F740_MC) type[hb], weight[1.12] from 23 to 38 dist[1.89]
Adding bndlst edge: (A_G725_MC -> A_F740_MC) type[hb], weight[1.12] from 23 to 38 dist[1.89]
Adding bndlst edge: (A_L726_MC -> A_K727_MC) type[cov], weight[1.00] from 24 to 25 dist[1.33]
Adding bndlst edge: (A_K727_MC -> A_S728_MC) type[cov], weight[1.00] from 25 to 26 dist[1.30]
Adding bndlst edge: (A_K727_MC -> A_F738_MC) type[hb], weight[1.31] from 25 to 36 dist[1.75]
Adding bndlst edge: (A_K727_MC -> A_F738_MC) type[hb], weight[0.99] from 25 to 36 dist[2.01]
Adding bndlst edge: (A_S728_MC -> A_E729_MC) type[cov], weight[1.00] from 26 to 27 dist[1.33]
Adding bndlst edge: (A_E729_MC -> A_F730_MC) type[cov], weight[1.00] from 27 to 28 dist[1.33]
Adding bndlst edge: (A_E729_MC -> A_R736_MC) type[hb], weight[1.09] from 27 to 34 dist[1.92]
Adding bndlst edge: (A_E729_MC -> A_R736_MC) type[hb], weight[0.86] from 27 to 34 dist[2.16]
Adding bndlst edge: (A_F730_MC -> A_R731_MC) type[cov], weight[1.00] from 28 to 29 dist[1.31]
Adding bndlst edge: (A_R731_MC -> A_Q732_MC) type[cov], weight[1.00] from 29 to 30 dist[1.33]
Adding bndlst edge: (A_R731_MC -> A_L734_MC) type[hb], weight[0.98] from 29 to 32 dist[2.02]
Adding bndlst edge: (A_R731_MC -> A_L734_MC) type[hb], weight[1.11] from 29 to 32 dist[1.90]
Adding bndlst edge: (A_Q732_MC -> A_N733_MC) type[cov], weight[1.00] from 30 to 31 dist[1.33]
Adding bndlst edge: (A_Q732_MC -> A_L734_MC) type[hb], weight[0.49] from 30 to 32 dist[2.85]
Adding bndlst edge: (A_Q732_SC -> A_H894_SC) type[hb], weight[0.53] from 30 to 192 dist[2.76]
Adding bndlst edge: (A_Q732_SC -> A_H894_SC) type[hb], weight[0.48] from 30 to 192 dist[2.89]
Adding bndlst edge: (A_Q732_SC -> A_H894_SC) type[hb], weight[0.42] from 30 to 192 dist[3.10]
Adding bndlst edge: (A_Q732_SC -> A_H894_SC) type[hb], weight[0.37] from 30 to 192 dist[3.31]
Adding bndlst edge: (A_N733_MC -> A_L734_MC) type[cov], weight[1.00] from 31 to 32 dist[1.33]
Adding bndlst edge: (A_N733_MC -> A_C791_MC) type[hb], weight[1.31] from 31 to 89 dist[1.75]
Adding bndlst edge: (A_N733_SC -> A_C791_MC) type[hb], weight[0.74] from 31 to 89 dist[2.33]
Adding bndlst edge: (A_L734_MC -> A_G735_MC) type[cov], weight[1.00] from 32 to 33 dist[1.33]
Adding bndlst edge: (A_G735_MC -> A_R736_MC) type[cov], weight[1.00] from 33 to 34 dist[1.33]
Adding bndlst edge: (A_G735_MC -> A_I789_MC) type[hb], weight[1.12] from 33 to 87 dist[1.89]
Adding bndlst edge: (A_G735_MC -> A_I789_MC) type[hb], weight[0.89] from 33 to 87 dist[2.12]
Adding bndlst edge: (A_R736_MC -> A_M737_MC) type[cov], weight[1.00] from 34 to 35 dist[1.32]
Adding bndlst edge: (A_R736_SC -> A_N788_SC) type[hb], weight[1.22] from 34 to 86 dist[1.81]
Adding bndlst edge: (A_R736_SC -> A_N788_SC) type[hb], weight[0.73] from 34 to 86 dist[2.35]
Adding bndlst edge: (A_M737_MC -> A_F738_MC) type[cov], weight[1.00] from 35 to 36 dist[1.32]
Adding bndlst edge: (A_M737_MC -> A_I787_MC) type[hb], weight[1.30] from 35 to 85 dist[1.76]
Adding bndlst edge: (A_M737_MC -> A_I787_MC) type[hb], weight[1.12] from 35 to 85 dist[1.89]
Adding bndlst edge: (A_F738_MC -> A_I739_MC) type[cov], weight[1.00] from 36 to 37 dist[1.31]
Adding bndlst edge: (A_I739_MC -> A_F740_MC) type[cov], weight[1.00] from 37 to 38 dist[1.31]
Adding bndlst edge: (A_I739_MC -> A_Q785_MC) type[hb], weight[1.11] from 37 to 83 dist[1.90]
Adding bndlst edge: (A_I739_MC -> A_Q785_MC) type[hb], weight[1.23] from 37 to 83 dist[1.81]
Adding bndlst edge: (A_F740_MC -> A_Y741_MC) type[cov], weight[1.00] from 38 to 39 dist[1.33]
Adding bndlst edge: (A_Y741_MC -> A_G742_MC) type[cov], weight[1.00] from 39 to 40 dist[1.34]
Adding bndlst edge: (A_Y741_MC -> A_V783_MC) type[hb], weight[0.89] from 39 to 81 dist[2.12]
Adding bndlst edge: (A_Y741_MC -> A_V783_MC) type[hb], weight[1.14] from 39 to 81 dist[1.87]
Adding bndlst edge: (A_Y741_SC -> A_Q785_SC) type[cov], weight[1.00] from 39 to 83 dist[1.61]
Adding bndlst edge: (A_G742_MC -> A_N743_MC) type[cov], weight[1.00] from 40 to 41 dist[1.33]
Adding bndlst edge: (A_N743_MC -> A_K744_MC) type[cov], weight[1.00] from 41 to 42 dist[1.33]
Adding bndlst edge: (A_N743_MC -> A_G780_MC) type[hb], weight[0.97] from 41 to 78 dist[2.03]
Adding bndlst edge: (A_N743_MC -> A_T745_MC) type[hb], weight[0.46] from 41 to 43 dist[2.95]
Adding bndlst edge: (A_N743_SC -> A_T745_SC) type[hb], weight[1.28] from 41 to 43 dist[1.77]
Adding bndlst edge: (A_N743_SC -> A_T745_MC) type[hb], weight[1.06] from 41 to 43 dist[1.94]
Adding bndlst edge: (A_N743_MC -> A_A781_MC) type[hb], weight[1.07] from 41 to 79 dist[1.93]
Adding bndlst edge: (A_N743_SC -> A_T747_MC) type[hb], weight[1.14] from 41 to 45 dist[1.87]
Adding bndlst edge: (A_N743_SC -> A_F749_SC) type[hb], weight[0.37] from 41 to 47 dist[3.28]
Adding bndlst edge: (A_N743_SC -> A_V777_MC) type[hb], weight[0.91] from 41 to 75 dist[2.10]
Adding bndlst edge: (A_N743_SC -> A_D778_MC) type[hb], weight[0.53] from 41 to 76 dist[2.75]
Adding bndlst edge: (A_K744_MC -> A_T745_MC) type[cov], weight[1.00] from 42 to 43 dist[1.32]
Adding bndlst edge: (A_T745_MC -> A_S746_MC) type[cov], weight[1.00] from 43 to 44 dist[1.34]
Adding bndlst edge: (A_T745_MC -> A_G780_MC) type[hb], weight[0.50] from 43 to 78 dist[2.83]
Adding bndlst edge: (A_T745_SC -> A_T747_MC) type[hb], weight[0.91] from 43 to 45 dist[2.10]
Adding bndlst edge: (A_T745_SC -> A_T747_MC) type[hb], weight[0.49] from 43 to 45 dist[2.86]
Adding bndlst edge: (A_S746_MC -> A_T747_MC) type[cov], weight[1.00] from 44 to 45 dist[1.33]
Adding bndlst edge: (A_T747_MC -> A_Q748_MC) type[cov], weight[1.00] from 45 to 46 dist[1.32]
Adding bndlst edge: (A_T747_SC -> A_Y807_SC) type[hb], weight[0.59] from 45 to 105 dist[2.60]
Adding bndlst edge: (A_T747_SC -> A_Y807_SC) type[hb], weight[0.46] from 45 to 105 dist[2.96]
Adding bndlst edge: (A_Q748_MC -> A_F749_MC) type[cov], weight[1.00] from 46 to 47 dist[1.33]
Adding bndlst edge: (A_Q748_SC -> A_D778_SC) type[hb], weight[1.44] from 46 to 76 dist[1.67]
Adding bndlst edge: (A_F749_MC -> A_L750_MC) type[cov], weight[1.00] from 47 to 48 dist[1.29]
Adding bndlst edge: (A_F749_MC -> A_V777_MC) type[hb], weight[0.80] from 47 to 75 dist[2.24]
Adding bndlst edge: (A_F749_MC -> A_V777_MC) type[hb], weight[1.04] from 47 to 75 dist[1.96]
Adding bndlst edge: (A_L750_MC -> A_N751_MC) type[cov], weight[1.00] from 48 to 49 dist[1.34]
Adding bndlst edge: (A_L750_MC -> A_R806_MC) type[hb], weight[1.00] from 48 to 104 dist[2.00]
Adding bndlst edge: (A_L750_MC -> A_R806_MC) type[hb], weight[0.96] from 48 to 104 dist[2.04]
Adding bndlst edge: (A_N751_MC -> A_F752_MC) type[cov], weight[1.00] from 49 to 50 dist[1.33]
Adding bndlst edge: (A_N751_MC -> A_T753_MC) type[hb], weight[0.46] from 49 to 51 dist[2.96]
Adding bndlst edge: (A_N751_MC -> A_T753_SC) type[hb], weight[0.98] from 49 to 51 dist[2.02]
Adding bndlst edge: (A_N751_SC -> A_R806_SC) type[hb], weight[1.19] from 49 to 104 dist[1.83]
Adding bndlst edge: (A_F752_MC -> A_T753_MC) type[cov], weight[1.00] from 50 to 51 dist[1.34]
Adding bndlst edge: (A_F752_MC -> A_P775_MC) type[hb], weight[1.13] from 50 to 73 dist[1.88]
Adding bndlst edge: (A_T753_MC -> A_P754_MC) type[cov], weight[1.00] from 51 to 52 dist[1.32]
Adding bndlst edge: (A_T753_MC -> A_Q804_MC) type[hb], weight[0.91] from 51 to 102 dist[2.09]
Adding bndlst edge: (A_T753_MC -> A_Q804_MC) type[hb], weight[1.36] from 51 to 102 dist[1.72]
Adding bndlst edge: (A_P754_MC -> A_T755_MC) type[cov], weight[1.00] from 52 to 53 dist[1.32]
Adding bndlst edge: (A_T755_MC -> A_L756_MC) type[cov], weight[1.00] from 53 to 54 dist[1.32]
Adding bndlst edge: (A_T755_MC -> A_N802_MC) type[hb], weight[1.33] from 53 to 100 dist[1.73]
Adding bndlst edge: (A_T755_MC -> A_N802_MC) type[hb], weight[1.12] from 53 to 100 dist[1.89]
Adding bndlst edge: (A_L756_MC -> A_I757_MC) type[cov], weight[1.00] from 54 to 55 dist[1.33]
Adding bndlst edge: (A_I757_MC -> A_C758_MC) type[cov], weight[1.00] from 55 to 56 dist[1.32]
Adding bndlst edge: (A_I757_MC -> A_V800_MC) type[hb], weight[1.07] from 55 to 98 dist[1.93]
Adding bndlst edge: (A_I757_MC -> A_V800_MC) type[hb], weight[1.46] from 55 to 98 dist[1.66]
Adding bndlst edge: (A_C758_MC -> A_A759_MC) type[cov], weight[1.00] from 56 to 57 dist[1.31]
Adding bndlst edge: (A_C758_MC -> A_Q763_SC) type[hb], weight[0.88] from 56 to 61 dist[2.13]
Adding bndlst edge: (A_A759_MC -> A_D760_MC) type[cov], weight[1.00] from 57 to 58 dist[1.34]
Adding bndlst edge: (A_A759_MC -> A_L762_MC) type[hb], weight[0.62] from 57 to 60 dist[2.53]
Adding bndlst edge: (A_A759_MC -> A_Q763_MC) type[hb], weight[0.97] from 57 to 61 dist[2.03]
Adding bndlst edge: (A_D760_MC -> A_D761_MC) type[cov], weight[1.00] from 58 to 59 dist[1.33]
Adding bndlst edge: (A_D760_MC -> A_T764_MC) type[hb], weight[0.60] from 58 to 62 dist[2.59]
Adding bndlst edge: (A_D760_MC -> A_Q763_MC) type[hb], weight[0.49] from 58 to 61 dist[2.85]
Adding bndlst edge: (A_D760_SC -> A_Q763_SC) type[hb], weight[0.65] from 58 to 61 dist[2.48]
Adding bndlst edge: (A_D760_SC -> A_Q763_SC) type[hb], weight[0.67] from 58 to 61 dist[2.45]
Adding bndlst edge: (A_D761_MC -> A_L762_MC) type[cov], weight[1.00] from 59 to 60 dist[1.35]
Adding bndlst edge: (A_D761_MC -> A_T764_SC) type[hb], weight[1.29] from 59 to 62 dist[1.76]
Adding bndlst edge: (A_D761_MC -> A_T764_MC) type[hb], weight[0.65] from 59 to 62 dist[2.48]
Adding bndlst edge: (A_L762_MC -> A_Q763_MC) type[cov], weight[1.00] from 60 to 61 dist[1.33]
Adding bndlst edge: (A_L762_MC -> A_L766_MC) type[hb], weight[0.80] from 60 to 64 dist[2.24]
Adding bndlst edge: (A_L762_MC -> A_N765_MC) type[hb], weight[0.98] from 60 to 63 dist[2.02]
Adding bndlst edge: (A_Q763_MC -> A_T764_MC) type[cov], weight[1.00] from 61 to 62 dist[1.33]
Adding bndlst edge: (A_Q763_MC -> A_L766_MC) type[hb], weight[0.46] from 61 to 64 dist[2.93]
Adding bndlst edge: (A_T764_MC -> A_N765_MC) type[cov], weight[1.00] from 62 to 63 dist[1.33]
Adding bndlst edge: (A_N765_MC -> A_L766_MC) type[cov], weight[1.00] from 63 to 64 dist[1.32]
Adding bndlst edge: (A_N765_MC -> A_C791_SC) type[hb], weight[0.45] from 63 to 89 dist[2.99]
Adding bndlst edge: (A_N765_MC -> A_S793_MC) type[hb], weight[0.80] from 63 to 91 dist[2.23]
Adding bndlst edge: (A_N765_MC -> A_I792_MC) type[hb], weight[1.41] from 63 to 90 dist[1.68]
Adding bndlst edge: (A_L766_MC -> A_N767_MC) type[cov], weight[1.00] from 64 to 65 dist[1.32]
Adding bndlst edge: (A_N767_MC -> A_L768_MC) type[cov], weight[1.00] from 65 to 66 dist[1.34]
Adding bndlst edge: (A_N767_MC -> A_E790_MC) type[hb], weight[1.02] from 65 to 88 dist[1.98]
Adding bndlst edge: (A_N767_SC -> A_Q769_SC) type[hb], weight[1.13] from 65 to 67 dist[1.88]
Adding bndlst edge: (A_N767_SC -> A_Q769_SC) type[hb], weight[0.45] from 65 to 67 dist[3.00]
Adding bndlst edge: (A_N767_MC -> A_E790_MC) type[hb], weight[1.05] from 65 to 88 dist[1.96]
Adding bndlst edge: (A_N767_SC -> A_E790_SC) type[hb], weight[1.14] from 65 to 88 dist[1.87]
Adding bndlst edge: (A_L768_MC -> A_Q769_MC) type[cov], weight[1.00] from 66 to 67 dist[1.31]
Adding bndlst edge: (A_Q769_MC -> A_T770_MC) type[cov], weight[1.00] from 67 to 68 dist[1.32]
Adding bndlst edge: (A_Q769_MC -> A_N788_MC) type[hb], weight[1.15] from 67 to 86 dist[1.87]
Adding bndlst edge: (A_Q769_MC -> A_N788_MC) type[hb], weight[1.01] from 67 to 86 dist[1.99]
Adding bndlst edge: (A_T770_MC -> A_K771_MC) type[cov], weight[1.00] from 68 to 69 dist[1.32]
Adding bndlst edge: (A_T770_SC -> A_Q785_SC) type[hb], weight[0.94] from 68 to 83 dist[2.06]
Adding bndlst edge: (A_T770_SC -> A_V786_MC) type[hb], weight[1.16] from 68 to 84 dist[1.86]
Adding bndlst edge: (A_K771_MC -> A_P772_MC) type[cov], weight[1.00] from 69 to 70 dist[1.32]
Adding bndlst edge: (A_P772_MC -> A_V773_MC) type[cov], weight[1.00] from 70 to 71 dist[1.32]
Adding bndlst edge: (A_V773_MC -> A_D774_MC) type[cov], weight[1.00] from 71 to 72 dist[1.33]
Adding bndlst edge: (A_D774_MC -> A_P775_MC) type[cov], weight[1.00] from 72 to 73 dist[1.31]
Adding bndlst edge: (A_P775_MC -> A_T776_MC) type[cov], weight[1.00] from 73 to 74 dist[1.33]
Adding bndlst edge: (A_T776_MC -> A_V777_MC) type[cov], weight[1.00] from 74 to 75 dist[1.33]
Adding bndlst edge: (A_V777_MC -> A_D778_MC) type[cov], weight[1.00] from 75 to 76 dist[1.31]
Adding bndlst edge: (A_D778_MC -> A_G779_MC) type[cov], weight[1.00] from 76 to 77 dist[1.35]
Adding bndlst edge: (A_D778_MC -> A_A781_MC) type[hb], weight[0.74] from 76 to 79 dist[2.33]
Adding bndlst edge: (A_G779_MC -> A_G780_MC) type[cov], weight[1.00] from 77 to 78 dist[1.33]
Adding bndlst edge: (A_G780_MC -> A_A781_MC) type[cov], weight[1.00] from 78 to 79 dist[1.31]
Adding bndlst edge: (A_A781_MC -> A_Q782_MC) type[cov], weight[1.00] from 79 to 80 dist[1.31]
Adding bndlst edge: (A_Q782_MC -> A_V783_MC) type[cov], weight[1.00] from 80 to 81 dist[1.31]
Adding bndlst edge: (A_V783_MC -> A_Q784_MC) type[cov], weight[1.00] from 81 to 82 dist[1.33]
Adding bndlst edge: (A_Q784_MC -> A_Q785_MC) type[cov], weight[1.00] from 82 to 83 dist[1.32]
Adding bndlst edge: (A_Q785_MC -> A_V786_MC) type[cov], weight[1.00] from 83 to 84 dist[1.31]
Adding bndlst edge: (A_V786_MC -> A_I787_MC) type[cov], weight[1.00] from 84 to 85 dist[1.33]
Adding bndlst edge: (A_I787_MC -> A_N788_MC) type[cov], weight[1.00] from 85 to 86 dist[1.30]
Adding bndlst edge: (A_N788_MC -> A_I789_MC) type[cov], weight[1.00] from 86 to 87 dist[1.32]
Adding bndlst edge: (A_I789_MC -> A_E790_MC) type[cov], weight[1.00] from 87 to 88 dist[1.31]
Adding bndlst edge: (A_E790_MC -> A_C791_MC) type[cov], weight[1.00] from 88 to 89 dist[1.32]
Adding bndlst edge: (A_C791_MC -> A_I792_MC) type[cov], weight[1.00] from 89 to 90 dist[1.33]
Adding bndlst edge: (A_C791_MC -> A_K896_MC) type[hb], weight[1.05] from 89 to 194 dist[1.95]
Adding bndlst edge: (A_C791_SC -> A_S793_MC) type[hb], weight[0.73] from 89 to 91 dist[2.33]
Adding bndlst edge: (A_I792_MC -> A_S793_MC) type[cov], weight[1.00] from 90 to 91 dist[1.31]
Adding bndlst edge: (A_I792_MC -> A_T897_SC) type[hb], weight[1.23] from 90 to 195 dist[1.81]
Adding bndlst edge: (A_I792_MC -> A_T897_MC) type[hb], weight[0.73] from 90 to 195 dist[2.34]
Adding bndlst edge: (A_S793_MC -> A_D794_MC) type[cov], weight[1.00] from 91 to 92 dist[1.30]
Adding bndlst edge: (A_S793_SC -> A_D794_MC) type[hb], weight[0.60] from 91 to 92 dist[2.58]
Adding bndlst edge: (A_D794_MC -> A_F795_MC) type[cov], weight[1.00] from 92 to 93 dist[1.33]
Adding bndlst edge: (A_D794_SC -> A_K923_SC) type[salt], weight[1.16] from 92 to 221 dist[1.77]
Adding bndlst edge: (A_D794_SC -> A_T925_SC) type[hb], weight[1.33] from 92 to 223 dist[1.73]
Adding bndlst edge: (A_F795_MC -> A_T796_MC) type[cov], weight[1.00] from 93 to 94 dist[1.34]
Adding bndlst edge: (A_T796_MC -> A_E797_MC) type[cov], weight[1.00] from 94 to 95 dist[1.31]
Adding bndlst edge: (A_T796_MC -> A_R929_SC) type[hb], weight[0.47] from 94 to 227 dist[2.90]
Adding bndlst edge: (A_E797_MC -> A_A798_MC) type[cov], weight[1.00] from 95 to 96 dist[1.33]
Adding bndlst edge: (A_A798_MC -> A_P799_MC) type[cov], weight[1.00] from 96 to 97 dist[1.32]
Adding bndlst edge: (A_P799_MC -> A_V800_MC) type[cov], weight[1.00] from 97 to 98 dist[1.31]
Adding bndlst edge: (A_P799_MC -> A_L818_MC) type[hb], weight[0.95] from 97 to 116 dist[2.05]
Adding bndlst edge: (A_V800_MC -> A_L801_MC) type[cov], weight[1.00] from 98 to 99 dist[1.32]
Adding bndlst edge: (A_L801_MC -> A_N802_MC) type[cov], weight[1.00] from 99 to 100 dist[1.34]
Adding bndlst edge: (A_L801_MC -> A_V816_MC) type[hb], weight[1.01] from 99 to 114 dist[2.00]
Adding bndlst edge: (A_L801_MC -> A_V816_MC) type[hb], weight[1.07] from 99 to 114 dist[1.94]
Adding bndlst edge: (A_N802_MC -> A_I803_MC) type[cov], weight[1.00] from 100 to 101 dist[1.33]
Adding bndlst edge: (A_N802_SC -> A_Q804_SC) type[hb], weight[0.62] from 100 to 102 dist[2.54]
Adding bndlst edge: (A_N802_SC -> A_N813_SC) type[hb], weight[1.12] from 100 to 111 dist[1.89]
Adding bndlst edge: (A_N802_SC -> A_S815_SC) type[hb], weight[0.96] from 100 to 113 dist[2.04]
Adding bndlst edge: (A_I803_MC -> A_Q804_MC) type[cov], weight[1.00] from 101 to 102 dist[1.31]
Adding bndlst edge: (A_I803_MC -> A_V814_MC) type[hb], weight[1.12] from 101 to 112 dist[1.89]
Adding bndlst edge: (A_I803_MC -> A_V814_MC) type[hb], weight[1.36] from 101 to 112 dist[1.72]
Adding bndlst edge: (A_Q804_MC -> A_F805_MC) type[cov], weight[1.00] from 102 to 103 dist[1.33]
Adding bndlst edge: (A_F805_MC -> A_R806_MC) type[cov], weight[1.00] from 103 to 104 dist[1.32]
Adding bndlst edge: (A_F805_MC -> A_Q812_MC) type[hb], weight[1.12] from 103 to 110 dist[1.89]
Adding bndlst edge: (A_F805_MC -> A_Q812_MC) type[hb], weight[0.78] from 103 to 110 dist[2.26]
Adding bndlst edge: (A_R806_MC -> A_Y807_MC) type[cov], weight[1.00] from 104 to 105 dist[1.31]
Adding bndlst edge: (A_Y807_MC -> A_G808_MC) type[cov], weight[1.00] from 105 to 106 dist[1.31]
Adding bndlst edge: (A_Y807_MC -> A_T810_SC) type[hb], weight[1.19] from 105 to 108 dist[1.83]
Adding bndlst edge: (A_Y807_MC -> A_T810_MC) type[hb], weight[1.16] from 105 to 108 dist[1.85]
Adding bndlst edge: (A_Y807_MC -> A_T810_MC) type[hb], weight[1.01] from 105 to 108 dist[2.00]
Adding bndlst edge: (A_G808_MC -> A_G809_MC) type[cov], weight[1.00] from 106 to 107 dist[1.32]
Adding bndlst edge: (A_G809_MC -> A_T810_MC) type[cov], weight[1.00] from 107 to 108 dist[1.34]
Adding bndlst edge: (A_T810_MC -> A_F811_MC) type[cov], weight[1.00] from 108 to 109 dist[1.30]
Adding bndlst edge: (A_T810_SC -> A_Q812_SC) type[hb], weight[0.92] from 108 to 110 dist[2.08]
Adding bndlst edge: (A_F811_MC -> A_Q812_MC) type[cov], weight[1.00] from 109 to 110 dist[1.31]
Adding bndlst edge: (A_Q812_MC -> A_N813_MC) type[cov], weight[1.00] from 110 to 111 dist[1.31]
Adding bndlst edge: (A_N813_MC -> A_V814_MC) type[cov], weight[1.00] from 111 to 112 dist[1.31]
Adding bndlst edge: (A_V814_MC -> A_S815_MC) type[cov], weight[1.00] from 112 to 113 dist[1.33]
Adding bndlst edge: (A_S815_MC -> A_V816_MC) type[cov], weight[1.00] from 113 to 114 dist[1.33]
Adding bndlst edge: (A_V816_MC -> A_K817_MC) type[cov], weight[1.00] from 114 to 115 dist[1.33]
Adding bndlst edge: (A_K817_MC -> A_L818_MC) type[cov], weight[1.00] from 115 to 116 dist[1.30]
Adding bndlst edge: (A_L818_MC -> A_P819_MC) type[cov], weight[1.00] from 116 to 117 dist[1.32]
Adding bndlst edge: (A_L818_MC -> A_I820_MC) type[hb], weight[0.91] from 116 to 118 dist[2.10]
Adding bndlst edge: (A_P819_MC -> A_I820_MC) type[cov], weight[1.00] from 117 to 118 dist[1.32]
Adding bndlst edge: (A_I820_MC -> A_T821_MC) type[cov], weight[1.00] from 118 to 119 dist[1.34]
Adding bndlst edge: (A_T821_MC -> A_L822_MC) type[cov], weight[1.00] from 119 to 120 dist[1.32]
Adding bndlst edge: (A_T821_MC -> A_K824_MC) type[hb], weight[0.94] from 119 to 122 dist[2.06]
Adding bndlst edge: (A_T821_SC -> A_N823_SC) type[hb], weight[1.34] from 119 to 121 dist[1.73]
Adding bndlst edge: (A_L822_MC -> A_N823_MC) type[cov], weight[1.00] from 120 to 121 dist[1.36]
Adding bndlst edge: (A_L822_MC -> A_F825_MC) type[hb], weight[0.98] from 120 to 123 dist[2.02]
Adding bndlst edge: (A_N823_MC -> A_K824_MC) type[cov], weight[1.00] from 121 to 122 dist[1.34]
Adding bndlst edge: (A_N823_MC -> A_F826_MC) type[hb], weight[0.73] from 121 to 124 dist[2.34]
Adding bndlst edge: (A_N823_SC -> A_F872_MC) type[hb], weight[1.04] from 121 to 170 dist[1.96]
Adding bndlst edge: (A_K824_MC -> A_F825_MC) type[cov], weight[1.00] from 122 to 123 dist[1.34]
Adding bndlst edge: (A_K824_MC -> A_F826_MC) type[hb], weight[0.49] from 122 to 124 dist[2.86]
Adding bndlst edge: (A_F825_MC -> A_F826_MC) type[cov], weight[1.00] from 123 to 124 dist[1.32]
Adding bndlst edge: (A_F825_MC -> A_H894_MC) type[hb], weight[1.07] from 123 to 192 dist[1.93]
Adding bndlst edge: (A_F826_MC -> A_Q827_MC) type[cov], weight[1.00] from 124 to 125 dist[1.34]
Adding bndlst edge: (A_Q827_MC -> A_P828_MC) type[cov], weight[1.00] from 125 to 126 dist[1.32]
Adding bndlst edge: (A_Q827_MC -> A_I892_MC) type[hb], weight[1.12] from 125 to 190 dist[1.89]
Adding bndlst edge: (A_Q827_MC -> A_I892_MC) type[hb], weight[1.21] from 125 to 190 dist[1.82]
Adding bndlst edge: (A_P828_MC -> A_T829_MC) type[cov], weight[1.00] from 126 to 127 dist[1.33]
Adding bndlst edge: (A_T829_MC -> A_E830_MC) type[cov], weight[1.00] from 127 to 128 dist[1.33]
Adding bndlst edge: (A_T829_MC -> A_A890_MC) type[hb], weight[0.94] from 127 to 188 dist[2.07]
Adding bndlst edge: (A_T829_SC -> A_A890_MC) type[hb], weight[0.49] from 127 to 188 dist[2.87]
Adding bndlst edge: (A_E830_MC -> A_M831_MC) type[cov], weight[1.00] from 128 to 129 dist[1.33]
Adding bndlst edge: (A_M831_MC -> A_A832_MC) type[cov], weight[1.00] from 129 to 130 dist[1.33]
Adding bndlst edge: (A_M831_SC -> A_R839_SC) type[hb], weight[0.54] from 129 to 137 dist[2.73]
Adding bndlst edge: (A_A832_MC -> A_S833_MC) type[cov], weight[1.00] from 130 to 131 dist[1.31]
Adding bndlst edge: (A_A832_MC -> A_D835_MC) type[hb], weight[0.62] from 130 to 133 dist[2.55]
Adding bndlst edge: (A_A832_MC -> A_F836_MC) type[hb], weight[1.15] from 130 to 134 dist[1.86]
Adding bndlst edge: (A_S833_MC -> A_Q834_MC) type[cov], weight[1.00] from 131 to 132 dist[1.34]
Adding bndlst edge: (A_S833_MC -> A_F836_MC) type[hb], weight[0.50] from 131 to 134 dist[2.83]
Adding bndlst edge: (A_S833_MC -> A_F837_MC) type[hb], weight[0.96] from 131 to 135 dist[2.04]
Adding bndlst edge: (A_Q834_MC -> A_D835_MC) type[cov], weight[1.00] from 132 to 133 dist[1.32]
Adding bndlst edge: (A_Q834_MC -> A_Q838_MC) type[hb], weight[0.89] from 132 to 136 dist[2.12]
Adding bndlst edge: (A_D835_MC -> A_F836_MC) type[cov], weight[1.00] from 133 to 134 dist[1.33]
Adding bndlst edge: (A_D835_MC -> A_R839_MC) type[hb], weight[0.83] from 133 to 137 dist[2.19]
Adding bndlst edge: (A_D835_MC -> A_Q838_MC) type[hb], weight[0.47] from 133 to 136 dist[2.92]
Adding bndlst edge: (A_D835_SC -> A_R839_SC) type[salt], weight[0.55] from 133 to 137 dist[2.55]
Adding bndlst edge: (A_D835_SC -> A_R839_SC) type[salt], weight[0.47] from 133 to 137 dist[2.76]
Adding bndlst edge: (A_D835_SC -> A_R839_SC) type[salt], weight[0.94] from 133 to 137 dist[1.96]
Adding bndlst edge: (A_F836_MC -> A_F837_MC) type[cov], weight[1.00] from 134 to 135 dist[1.31]
Adding bndlst edge: (A_F836_MC -> A_W840_MC) type[hb], weight[1.06] from 134 to 138 dist[1.94]
Adding bndlst edge: (A_F836_MC -> A_R839_MC) type[hb], weight[0.56] from 134 to 137 dist[2.67]
Adding bndlst edge: (A_F837_MC -> A_Q838_MC) type[cov], weight[1.00] from 135 to 136 dist[1.34]
Adding bndlst edge: (A_F837_MC -> A_K841_MC) type[hb], weight[0.99] from 135 to 139 dist[2.01]
Adding bndlst edge: (A_Q838_MC -> A_R839_MC) type[cov], weight[1.00] from 136 to 137 dist[1.34]
Adding bndlst edge: (A_Q838_MC -> A_K841_MC) type[hb], weight[0.48] from 136 to 139 dist[2.90]
Adding bndlst edge: (A_R839_MC -> A_W840_MC) type[cov], weight[1.00] from 137 to 138 dist[1.32]
Adding bndlst edge: (A_R839_MC -> A_Q842_MC) type[hb], weight[0.75] from 137 to 140 dist[2.31]
Adding bndlst edge: (A_W840_MC -> A_K841_MC) type[cov], weight[1.00] from 138 to 139 dist[1.35]
Adding bndlst edge: (A_W840_MC -> A_R920_SC) type[hb], weight[1.01] from 138 to 218 dist[1.99]
Adding bndlst edge: (A_W840_MC -> A_L843_MC) type[hb], weight[0.59] from 138 to 141 dist[2.61]
Adding bndlst edge: (A_W840_MC -> A_Q842_MC) type[hb], weight[0.45] from 138 to 140 dist[2.99]
Adding bndlst edge: (A_K841_MC -> A_Q842_MC) type[cov], weight[1.00] from 139 to 140 dist[1.32]
Adding bndlst edge: (A_Q842_MC -> A_L843_MC) type[cov], weight[1.00] from 140 to 141 dist[1.34]
Adding bndlst edge: (A_L843_MC -> A_S844_MC) type[cov], weight[1.00] from 141 to 142 dist[1.34]
Adding bndlst edge: (A_S844_MC -> A_N845_MC) type[cov], weight[1.00] from 142 to 143 dist[1.32]
Adding bndlst edge: (A_S844_SC -> A_N845_MC) type[hb], weight[0.49] from 142 to 143 dist[2.84]
Adding bndlst edge: (A_N845_MC -> A_P846_MC) type[cov], weight[1.00] from 143 to 144 dist[1.31]
Adding bndlst edge: (A_N845_MC -> A_Q848_MC) type[hb], weight[0.98] from 143 to 146 dist[2.02]
Adding bndlst edge: (A_N845_SC -> A_Q847_SC) type[hb], weight[0.55] from 143 to 145 dist[2.69]
Adding bndlst edge: (A_N845_SC -> A_Q847_MC) type[hb], weight[1.21] from 143 to 145 dist[1.82]
Adding bndlst edge: (A_P846_MC -> A_Q847_MC) type[cov], weight[1.00] from 144 to 145 dist[1.33]
Adding bndlst edge: (A_P846_MC -> A_E849_MC) type[hb], weight[0.81] from 144 to 147 dist[2.23]
Adding bndlst edge: (A_P846_MC -> A_Q848_MC) type[hb], weight[0.45] from 144 to 146 dist[2.97]
Adding bndlst edge: (A_Q847_MC -> A_Q848_MC) type[cov], weight[1.00] from 145 to 146 dist[1.32]
Adding bndlst edge: (A_Q848_MC -> A_E849_MC) type[cov], weight[1.00] from 146 to 147 dist[1.32]
Adding bndlst edge: (A_Q848_MC -> A_S927_SC) type[hb], weight[1.37] from 146 to 225 dist[1.71]
Adding bndlst edge: (A_Q848_MC -> A_T921_MC) type[hb], weight[0.77] from 146 to 219 dist[2.27]
Adding bndlst edge: (A_E849_MC -> A_V850_MC) type[cov], weight[1.00] from 147 to 148 dist[1.32]
Adding bndlst edge: (A_E849_SC -> A_R920_SC) type[salt], weight[0.79] from 147 to 218 dist[2.13]
Adding bndlst edge: (A_E849_SC -> A_R920_SC) type[salt], weight[0.94] from 147 to 218 dist[1.96]
Adding bndlst edge: (A_V850_MC -> A_Q851_MC) type[cov], weight[1.00] from 148 to 149 dist[1.34]
Adding bndlst edge: (A_V850_MC -> A_L919_MC) type[hb], weight[1.09] from 148 to 217 dist[1.92]
Adding bndlst edge: (A_V850_MC -> A_C931_SC) type[hb], weight[0.49] from 148 to 229 dist[2.84]
Adding bndlst edge: (A_V850_MC -> A_L919_MC) type[hb], weight[0.89] from 148 to 217 dist[2.12]
Adding bndlst edge: (A_Q851_MC -> A_N852_MC) type[cov], weight[1.00] from 149 to 150 dist[1.32]
Adding bndlst edge: (A_Q851_SC -> A_R916_SC) type[hb], weight[0.59] from 149 to 214 dist[2.61]
Adding bndlst edge: (A_Q851_SC -> A_R916_SC) type[hb], weight[0.72] from 149 to 214 dist[2.36]
Adding bndlst edge: (A_Q851_SC -> A_T918_SC) type[hb], weight[0.47] from 149 to 216 dist[2.92]
Adding bndlst edge: (A_N852_MC -> A_I853_MC) type[cov], weight[1.00] from 150 to 151 dist[1.33]
Adding bndlst edge: (A_N852_MC -> A_L917_MC) type[hb], weight[1.20] from 150 to 215 dist[1.82]
Adding bndlst edge: (A_N852_SC -> A_I853_MC) type[hb], weight[0.48] from 150 to 151 dist[2.89]
Adding bndlst edge: (A_N852_MC -> A_L917_MC) type[hb], weight[0.97] from 150 to 215 dist[2.03]
Adding bndlst edge: (A_N852_SC -> A_S935_SC) type[hb], weight[0.99] from 150 to 233 dist[2.01]
Adding bndlst edge: (A_I853_MC -> A_F854_MC) type[cov], weight[1.00] from 151 to 152 dist[1.31]
Adding bndlst edge: (A_F854_MC -> A_K855_MC) type[cov], weight[1.00] from 152 to 153 dist[1.34]
Adding bndlst edge: (A_F854_MC -> A_Y915_MC) type[hb], weight[1.08] from 152 to 213 dist[1.93]
Adding bndlst edge: (A_F854_MC -> A_Y915_MC) type[hb], weight[1.01] from 152 to 213 dist[1.99]
Adding bndlst edge: (A_K855_MC -> A_A856_MC) type[cov], weight[1.00] from 153 to 154 dist[1.31]
Adding bndlst edge: (A_A856_MC -> A_K857_MC) type[cov], weight[1.00] from 154 to 155 dist[1.32]
Adding bndlst edge: (A_A856_MC -> A_Q913_MC) type[hb], weight[1.08] from 154 to 211 dist[1.92]
Adding bndlst edge: (A_K857_MC -> A_H858_MC) type[cov], weight[1.00] from 155 to 156 dist[1.33]
Adding bndlst edge: (A_K857_MC -> A_F938_MC) type[hb], weight[1.14] from 155 to 236 dist[1.87]
Adding bndlst edge: (A_K857_MC -> A_F938_MC) type[hb], weight[0.71] from 155 to 236 dist[2.37]
Adding bndlst edge: (A_K857_SC -> A_E936_SC) type[salt], weight[0.44] from 155 to 234 dist[2.87]
Adding bndlst edge: (A_K857_SC -> A_E936_MC) type[hb], weight[0.86] from 155 to 234 dist[2.16]
Adding bndlst edge: (A_K857_SC -> A_E936_SC) type[salt], weight[0.79] from 155 to 234 dist[2.14]
Adding bndlst edge: (A_H858_MC -> A_P859_MC) type[cov], weight[1.00] from 156 to 157 dist[1.34]
Adding bndlst edge: (A_H858_SC -> A_K868_SC) type[hb], weight[0.40] from 156 to 166 dist[3.17]
Adding bndlst edge: (A_H858_SC -> A_K868_SC) type[hb], weight[0.41] from 156 to 166 dist[3.13]
Adding bndlst edge: (A_H858_SC -> A_K868_SC) type[hb], weight[0.47] from 156 to 166 dist[2.91]
Adding bndlst edge: (A_H858_MC -> A_F938_MC) type[hb], weight[1.08] from 156 to 236 dist[1.93]
Adding bndlst edge: (A_H858_SC -> A_Q937_MC) type[hb], weight[0.58] from 156 to 235 dist[2.62]
Adding bndlst edge: (A_P859_MC -> A_M860_MC) type[cov], weight[1.00] from 157 to 158 dist[1.33]
Adding bndlst edge: (A_P859_MC -> A_D861_MC) type[hb], weight[0.92] from 157 to 159 dist[2.09]
Adding bndlst edge: (A_M860_MC -> A_D861_MC) type[cov], weight[1.00] from 158 to 159 dist[1.33]
Adding bndlst edge: (A_M860_MC -> A_T862_MC) type[hb], weight[0.47] from 158 to 160 dist[2.92]
Adding bndlst edge: (A_M860_SC -> A_Q913_SC) type[hb], weight[0.51] from 158 to 211 dist[2.79]
Adding bndlst edge: (A_D861_MC -> A_T862_MC) type[cov], weight[1.00] from 159 to 160 dist[1.32]
Adding bndlst edge: (A_D861_MC -> A_I864_MC) type[hb], weight[0.68] from 159 to 162 dist[2.42]
Adding bndlst edge: (A_D861_MC -> A_T865_SC) type[hb], weight[0.80] from 159 to 163 dist[2.23]
Adding bndlst edge: (A_D861_MC -> A_T865_MC) type[hb], weight[0.89] from 159 to 163 dist[2.12]
Adding bndlst edge: (A_T862_MC -> A_E863_MC) type[cov], weight[1.00] from 160 to 161 dist[1.34]
Adding bndlst edge: (A_T862_MC -> A_K866_MC) type[hb], weight[1.04] from 160 to 164 dist[1.96]
Adding bndlst edge: (A_T862_MC -> A_T865_MC) type[hb], weight[0.48] from 160 to 163 dist[2.89]
Adding bndlst edge: (A_E863_MC -> A_I864_MC) type[cov], weight[1.00] from 161 to 162 dist[1.33]
Adding bndlst edge: (A_E863_MC -> A_A867_MC) type[hb], weight[0.92] from 161 to 165 dist[2.08]
Adding bndlst edge: (A_E863_SC -> A_K866_SC) type[salt], weight[0.55] from 161 to 164 dist[2.56]
Adding bndlst edge: (A_I864_MC -> A_T865_MC) type[cov], weight[1.00] from 162 to 163 dist[1.32]
Adding bndlst edge: (A_I864_MC -> A_A867_MC) type[hb], weight[0.52] from 162 to 165 dist[2.77]
Adding bndlst edge: (A_I864_MC -> A_K868_MC) type[hb], weight[1.04] from 162 to 166 dist[1.96]
Adding bndlst edge: (A_T865_MC -> A_K866_MC) type[cov], weight[1.00] from 163 to 164 dist[1.33]
Adding bndlst edge: (A_T865_MC -> A_I869_MC) type[hb], weight[0.90] from 163 to 167 dist[2.11]
Adding bndlst edge: (A_T865_MC -> A_K868_MC) type[hb], weight[0.62] from 163 to 166 dist[2.54]
Adding bndlst edge: (A_K866_MC -> A_A867_MC) type[cov], weight[1.00] from 164 to 165 dist[1.33]
Adding bndlst edge: (A_K866_MC -> A_I869_MC) type[hb], weight[0.48] from 164 to 167 dist[2.89]
Adding bndlst edge: (A_K866_MC -> A_I870_MC) type[hb], weight[0.88] from 164 to 168 dist[2.13]
Adding bndlst edge: (A_A867_MC -> A_K868_MC) type[cov], weight[1.00] from 165 to 166 dist[1.32]
Adding bndlst edge: (A_A867_MC -> A_G871_MC) type[hb], weight[0.91] from 165 to 169 dist[2.10]
Adding bndlst edge: (A_A867_MC -> A_I870_MC) type[hb], weight[0.50] from 165 to 168 dist[2.82]
Adding bndlst edge: (A_K868_MC -> A_I869_MC) type[cov], weight[1.00] from 166 to 167 dist[1.32]
Adding bndlst edge: (A_K868_MC -> A_F872_MC) type[hb], weight[1.09] from 166 to 170 dist[1.92]
Adding bndlst edge: (A_K868_MC -> A_G871_MC) type[hb], weight[0.54] from 166 to 169 dist[2.72]
Adding bndlst edge: (A_K868_SC -> A_Q937_MC) type[hb], weight[1.07] from 166 to 235 dist[1.94]
Adding bndlst edge: (A_I869_MC -> A_I870_MC) type[cov], weight[1.00] from 167 to 168 dist[1.34]
Adding bndlst edge: (A_I869_MC -> A_G873_MC) type[hb], weight[0.67] from 167 to 171 dist[2.45]
Adding bndlst edge: (A_I869_MC -> A_F872_MC) type[hb], weight[0.64] from 167 to 170 dist[2.51]
Adding bndlst edge: (A_I870_MC -> A_G871_MC) type[cov], weight[1.00] from 168 to 169 dist[1.32]
Adding bndlst edge: (A_I870_MC -> A_G873_MC) type[hb], weight[0.69] from 168 to 171 dist[2.40]
Adding bndlst edge: (A_G871_MC -> A_F872_MC) type[cov], weight[1.00] from 169 to 170 dist[1.36]
Adding bndlst edge: (A_F872_MC -> A_G873_MC) type[cov], weight[1.00] from 170 to 171 dist[1.32]
Adding bndlst edge: (A_G873_MC -> A_S874_MC) type[cov], weight[1.00] from 171 to 172 dist[1.34]
Adding bndlst edge: (A_S874_MC -> A_A875_MC) type[cov], weight[1.00] from 172 to 173 dist[1.33]
Adding bndlst edge: (A_S874_SC -> A_A875_MC) type[hb], weight[1.10] from 172 to 173 dist[1.90]
Adding bndlst edge: (A_A875_MC -> A_L876_MC) type[cov], weight[1.00] from 173 to 174 dist[1.33]
Adding bndlst edge: (A_A875_MC -> A_A890_MC) type[hb], weight[0.67] from 173 to 188 dist[2.44]
Adding bndlst edge: (A_A875_MC -> A_A890_MC) type[hb], weight[1.19] from 173 to 188 dist[1.84]
Adding bndlst edge: (A_L876_MC -> A_L877_MC) type[cov], weight[1.00] from 174 to 175 dist[1.33]
Adding bndlst edge: (A_L877_MC -> A_E878_MC) type[cov], weight[1.00] from 175 to 176 dist[1.30]
Adding bndlst edge: (A_L877_MC -> A_V888_MC) type[hb], weight[1.03] from 175 to 186 dist[1.97]
Adding bndlst edge: (A_E878_MC -> A_E879_MC) type[cov], weight[1.00] from 176 to 177 dist[1.31]
Adding bndlst edge: (A_E879_MC -> A_V880_MC) type[cov], weight[1.00] from 177 to 178 dist[1.34]
Adding bndlst edge: (A_V880_MC -> A_D881_MC) type[cov], weight[1.00] from 178 to 179 dist[1.34]
Adding bndlst edge: (A_D881_MC -> A_P882_MC) type[cov], weight[1.00] from 179 to 180 dist[1.31]
Adding bndlst edge: (A_D881_SC -> A_N883_MC) type[hb], weight[1.09] from 179 to 181 dist[1.92]
Adding bndlst edge: (A_D881_SC -> A_N886_SC) type[hb], weight[0.50] from 179 to 184 dist[2.83]
Adding bndlst edge: (A_D881_SC -> A_R905_SC) type[salt], weight[0.42] from 179 to 203 dist[2.94]
Adding bndlst edge: (A_D881_SC -> A_R905_SC) type[salt], weight[0.96] from 179 to 203 dist[1.94]
Adding bndlst edge: (A_D881_SC -> A_N886_SC) type[hb], weight[0.99] from 179 to 184 dist[2.01]
Adding bndlst edge: (A_P882_MC -> A_N883_MC) type[cov], weight[1.00] from 180 to 181 dist[1.33]
Adding bndlst edge: (A_N883_MC -> A_P884_MC) type[cov], weight[1.00] from 181 to 182 dist[1.33]
Adding bndlst edge: (A_N883_MC -> A_N886_MC) type[hb], weight[0.95] from 181 to 184 dist[2.05]
Adding bndlst edge: (A_N883_SC -> A_A885_MC) type[hb], weight[0.96] from 181 to 183 dist[2.04]
Adding bndlst edge: (A_P884_MC -> A_A885_MC) type[cov], weight[1.00] from 182 to 183 dist[1.32]
Adding bndlst edge: (A_A885_MC -> A_N886_MC) type[cov], weight[1.00] from 183 to 184 dist[1.32]
Adding bndlst edge: (A_N886_MC -> A_F887_MC) type[cov], weight[1.00] from 184 to 185 dist[1.32]
Adding bndlst edge: (A_F887_MC -> A_V888_MC) type[cov], weight[1.00] from 185 to 186 dist[1.34]
Adding bndlst edge: (A_F887_MC -> A_L906_MC) type[hb], weight[1.24] from 185 to 204 dist[1.80]
Adding bndlst edge: (A_F887_MC -> A_L906_MC) type[hb], weight[1.05] from 185 to 204 dist[1.95]
Adding bndlst edge: (A_V888_MC -> A_G889_MC) type[cov], weight[1.00] from 186 to 187 dist[1.35]
Adding bndlst edge: (A_G889_MC -> A_A890_MC) type[cov], weight[1.00] from 187 to 188 dist[1.34]
Adding bndlst edge: (A_G889_MC -> A_L904_MC) type[hb], weight[1.00] from 187 to 202 dist[2.00]
Adding bndlst edge: (A_G889_MC -> A_L904_MC) type[hb], weight[0.98] from 187 to 202 dist[2.02]
Adding bndlst edge: (A_A890_MC -> A_G891_MC) type[cov], weight[1.00] from 188 to 189 dist[1.31]
Adding bndlst edge: (A_G891_MC -> A_I892_MC) type[cov], weight[1.00] from 189 to 190 dist[1.35]
Adding bndlst edge: (A_G891_MC -> A_C902_MC) type[hb], weight[1.12] from 189 to 200 dist[1.89]
Adding bndlst edge: (A_G891_MC -> A_C902_MC) type[hb], weight[0.86] from 189 to 200 dist[2.15]
Adding bndlst edge: (A_I892_MC -> A_I893_MC) type[cov], weight[1.00] from 190 to 191 dist[1.34]
Adding bndlst edge: (A_I893_MC -> A_H894_MC) type[cov], weight[1.00] from 191 to 192 dist[1.32]
Adding bndlst edge: (A_I893_MC -> A_I900_MC) type[hb], weight[1.08] from 191 to 198 dist[1.93]
Adding bndlst edge: (A_I893_MC -> A_I900_MC) type[hb], weight[1.22] from 191 to 198 dist[1.81]
Adding bndlst edge: (A_H894_MC -> A_T895_MC) type[cov], weight[1.00] from 192 to 193 dist[1.35]
Adding bndlst edge: (A_T895_MC -> A_K896_MC) type[cov], weight[1.00] from 193 to 194 dist[1.34]
Adding bndlst edge: (A_T895_MC -> A_Q899_SC) type[hb], weight[1.12] from 193 to 197 dist[1.89]
Adding bndlst edge: (A_T895_MC -> A_T898_MC) type[hb], weight[0.52] from 193 to 196 dist[2.78]
Adding bndlst edge: (A_T895_SC -> A_T898_MC) type[hb], weight[0.96] from 193 to 196 dist[2.04]
Adding bndlst edge: (A_T895_SC -> A_T897_MC) type[hb], weight[0.59] from 193 to 195 dist[2.61]
Adding bndlst edge: (A_T895_MC -> A_Q899_SC) type[hb], weight[0.67] from 193 to 197 dist[2.44]
Adding bndlst edge: (A_T895_MC -> A_T898_MC) type[hb], weight[0.61] from 193 to 196 dist[2.56]
Adding bndlst edge: (A_T895_SC -> A_T898_MC) type[hb], weight[1.28] from 193 to 196 dist[1.77]
Adding bndlst edge: (A_K896_MC -> A_T897_MC) type[cov], weight[1.00] from 194 to 195 dist[1.34]
Adding bndlst edge: (A_T897_MC -> A_T898_MC) type[cov], weight[1.00] from 195 to 196 dist[1.33]
Adding bndlst edge: (A_T898_MC -> A_Q899_MC) type[cov], weight[1.00] from 196 to 197 dist[1.33]
Adding bndlst edge: (A_Q899_MC -> A_I900_MC) type[cov], weight[1.00] from 197 to 198 dist[1.33]
Adding bndlst edge: (A_I900_MC -> A_G901_MC) type[cov], weight[1.00] from 198 to 199 dist[1.34]
Adding bndlst edge: (A_I900_MC -> A_C902_SC) type[hb], weight[0.84] from 198 to 200 dist[2.18]
Adding bndlst edge: (A_G901_MC -> A_C902_MC) type[cov], weight[1.00] from 199 to 200 dist[1.33]
Adding bndlst edge: (A_G901_MC -> A_S922_MC) type[hb], weight[0.78] from 199 to 220 dist[2.27]
Adding bndlst edge: (A_G901_MC -> A_S922_SC) type[hb], weight[0.72] from 199 to 220 dist[2.35]
Adding bndlst edge: (A_C902_MC -> A_L903_MC) type[cov], weight[1.00] from 200 to 201 dist[1.32]
Adding bndlst edge: (A_L903_MC -> A_L904_MC) type[cov], weight[1.00] from 201 to 202 dist[1.31]
Adding bndlst edge: (A_L903_MC -> A_R920_MC) type[hb], weight[1.00] from 201 to 218 dist[2.00]
Adding bndlst edge: (A_L903_MC -> A_R920_MC) type[hb], weight[1.12] from 201 to 218 dist[1.89]
Adding bndlst edge: (A_L904_MC -> A_R905_MC) type[cov], weight[1.00] from 202 to 203 dist[1.34]
Adding bndlst edge: (A_R905_MC -> A_L906_MC) type[cov], weight[1.00] from 203 to 204 dist[1.31]
Adding bndlst edge: (A_R905_MC -> A_T918_MC) type[hb], weight[1.05] from 203 to 216 dist[1.95]
Adding bndlst edge: (A_R905_MC -> A_T918_MC) type[hb], weight[0.95] from 203 to 216 dist[2.05]
Adding bndlst edge: (A_R905_SC -> A_E907_SC) type[salt], weight[0.55] from 203 to 205 dist[2.57]
Adding bndlst edge: (A_R905_SC -> A_E907_SC) type[salt], weight[0.48] from 203 to 205 dist[2.74]
Adding bndlst edge: (A_L906_MC -> A_E907_MC) type[cov], weight[1.00] from 204 to 205 dist[1.31]
Adding bndlst edge: (A_E907_MC -> A_P908_MC) type[cov], weight[1.00] from 205 to 206 dist[1.33]
Adding bndlst edge: (A_E907_MC -> A_R916_MC) type[hb], weight[0.98] from 205 to 214 dist[2.02]
Adding bndlst edge: (A_E907_MC -> A_R916_MC) type[hb], weight[1.03] from 205 to 214 dist[1.97]
Adding bndlst edge: (A_P908_MC -> A_N909_MC) type[cov], weight[1.00] from 206 to 207 dist[1.33]
Adding bndlst edge: (A_N909_MC -> A_L910_MC) type[cov], weight[1.00] from 207 to 208 dist[1.32]
Adding bndlst edge: (A_N909_MC -> A_A912_MC) type[hb], weight[0.47] from 207 to 210 dist[2.92]
Adding bndlst edge: (A_N909_MC -> A_Q913_MC) type[hb], weight[0.76] from 207 to 211 dist[2.29]
Adding bndlst edge: (A_N909_MC -> A_M914_MC) type[hb], weight[0.68] from 207 to 212 dist[2.42]
Adding bndlst edge: (A_N909_SC -> A_A912_MC) type[hb], weight[0.98] from 207 to 210 dist[2.02]
Adding bndlst edge: (A_N909_SC -> A_Q911_MC) type[hb], weight[0.50] from 207 to 209 dist[2.83]
Adding bndlst edge: (A_N909_MC -> A_M914_MC) type[hb], weight[1.21] from 207 to 212 dist[1.82]
Adding bndlst edge: (A_L910_MC -> A_Q911_MC) type[cov], weight[1.00] from 208 to 209 dist[1.32]
Adding bndlst edge: (A_L910_MC -> A_Q913_SC) type[hb], weight[1.09] from 208 to 211 dist[1.91]
Adding bndlst edge: (A_L910_MC -> A_Q913_MC) type[hb], weight[0.54] from 208 to 211 dist[2.71]
Adding bndlst edge: (A_Q911_MC -> A_A912_MC) type[cov], weight[1.00] from 209 to 210 dist[1.34]
Adding bndlst edge: (A_A912_MC -> A_Q913_MC) type[cov], weight[1.00] from 210 to 211 dist[1.31]
Adding bndlst edge: (A_Q913_MC -> A_M914_MC) type[cov], weight[1.00] from 211 to 212 dist[1.34]
Adding bndlst edge: (A_M914_MC -> A_Y915_MC) type[cov], weight[1.00] from 212 to 213 dist[1.31]
Adding bndlst edge: (A_Y915_MC -> A_R916_MC) type[cov], weight[1.00] from 213 to 214 dist[1.33]
Adding bndlst edge: (A_R916_MC -> A_L917_MC) type[cov], weight[1.00] from 214 to 215 dist[1.32]
Adding bndlst edge: (A_L917_MC -> A_T918_MC) type[cov], weight[1.00] from 215 to 216 dist[1.32]
Adding bndlst edge: (A_T918_MC -> A_L919_MC) type[cov], weight[1.00] from 216 to 217 dist[1.33]
Adding bndlst edge: (A_L919_MC -> A_R920_MC) type[cov], weight[1.00] from 217 to 218 dist[1.31]
Adding bndlst edge: (A_R920_MC -> A_T921_MC) type[cov], weight[1.00] from 218 to 219 dist[1.35]
Adding bndlst edge: (A_T921_MC -> A_S922_MC) type[cov], weight[1.00] from 219 to 220 dist[1.34]
Adding bndlst edge: (A_T921_SC -> A_K923_MC) type[hb], weight[1.05] from 219 to 221 dist[1.96]
Adding bndlst edge: (A_T921_MC -> A_S927_SC) type[hb], weight[0.53] from 219 to 225 dist[2.74]
Adding bndlst edge: (A_T921_SC -> A_S927_SC) type[hb], weight[1.04] from 219 to 225 dist[1.96]
Adding bndlst edge: (A_T921_SC -> A_K923_MC) type[hb], weight[0.56] from 219 to 221 dist[2.66]
Adding bndlst edge: (A_S922_MC -> A_K923_MC) type[cov], weight[1.00] from 220 to 221 dist[1.33]
Adding bndlst edge: (A_K923_MC -> A_D924_MC) type[cov], weight[1.00] from 221 to 222 dist[1.35]
Adding bndlst edge: (A_K923_MC -> A_V926_MC) type[hb], weight[0.87] from 221 to 224 dist[2.14]
Adding bndlst edge: (A_K923_MC -> A_S927_MC) type[hb], weight[0.86] from 221 to 225 dist[2.16]
Adding bndlst edge: (A_D924_MC -> A_T925_MC) type[cov], weight[1.00] from 222 to 223 dist[1.34]
Adding bndlst edge: (A_D924_MC -> A_Q928_MC) type[hb], weight[0.97] from 222 to 226 dist[2.03]
Adding bndlst edge: (A_D924_MC -> A_S927_MC) type[hb], weight[0.55] from 222 to 225 dist[2.71]
Adding bndlst edge: (A_D924_SC -> A_T925_MC) type[hb], weight[0.87] from 222 to 223 dist[2.14]
Adding bndlst edge: (A_T925_MC -> A_V926_MC) type[cov], weight[1.00] from 223 to 224 dist[1.31]
Adding bndlst edge: (A_T925_MC -> A_R929_MC) type[hb], weight[0.99] from 223 to 227 dist[2.01]
Adding bndlst edge: (A_V926_MC -> A_S927_MC) type[cov], weight[1.00] from 224 to 225 dist[1.34]
Adding bndlst edge: (A_V926_MC -> A_L930_MC) type[hb], weight[1.02] from 224 to 228 dist[1.98]
Adding bndlst edge: (A_V926_MC -> A_R929_MC) type[hb], weight[0.49] from 224 to 227 dist[2.87]
Adding bndlst edge: (A_S927_MC -> A_Q928_MC) type[cov], weight[1.00] from 225 to 226 dist[1.33]
Adding bndlst edge: (A_S927_MC -> A_C931_MC) type[hb], weight[0.93] from 225 to 229 dist[2.08]
Adding bndlst edge: (A_Q928_MC -> A_R929_MC) type[cov], weight[1.00] from 226 to 227 dist[1.33]
Adding bndlst edge: (A_Q928_MC -> A_E932_MC) type[hb], weight[0.90] from 226 to 230 dist[2.11]
Adding bndlst edge: (A_Q928_MC -> A_C931_MC) type[hb], weight[0.46] from 226 to 229 dist[2.95]
Adding bndlst edge: (A_Q928_SC -> A_E932_SC) type[hb], weight[0.98] from 226 to 230 dist[2.02]
Adding bndlst edge: (A_R929_MC -> A_L930_MC) type[cov], weight[1.00] from 227 to 228 dist[1.33]
Adding bndlst edge: (A_R929_MC -> A_E932_MC) type[hb], weight[0.56] from 227 to 230 dist[2.67]
Adding bndlst edge: (A_R929_MC -> A_L933_MC) type[hb], weight[0.99] from 227 to 231 dist[2.02]
Adding bndlst edge: (A_R929_SC -> A_E932_SC) type[salt], weight[0.83] from 227 to 230 dist[2.08]
Adding bndlst edge: (A_L930_MC -> A_C931_MC) type[cov], weight[1.00] from 228 to 229 dist[1.33]
Adding bndlst edge: (A_L930_MC -> A_L934_MC) type[hb], weight[0.95] from 228 to 232 dist[2.05]
Adding bndlst edge: (A_C931_MC -> A_E932_MC) type[cov], weight[1.00] from 229 to 230 dist[1.36]
Adding bndlst edge: (A_C931_MC -> A_S935_SC) type[hb], weight[1.35] from 229 to 233 dist[1.72]
Adding bndlst edge: (A_C931_MC -> A_S935_MC) type[hb], weight[0.88] from 229 to 233 dist[2.13]
Adding bndlst edge: (A_C931_SC -> A_S935_SC) type[hb], weight[0.35] from 229 to 233 dist[3.39]
Adding bndlst edge: (A_E932_MC -> A_L933_MC) type[cov], weight[1.00] from 230 to 231 dist[1.34]
Adding bndlst edge: (A_E932_MC -> A_S935_MC) type[hb], weight[0.45] from 230 to 233 dist[2.98]
Adding bndlst edge: (A_E932_MC -> A_E936_MC) type[hb], weight[0.49] from 230 to 234 dist[2.86]
Adding bndlst edge: (A_L933_MC -> A_L934_MC) type[cov], weight[1.00] from 231 to 232 dist[1.30]
Adding bndlst edge: (A_L933_MC -> A_Q937_SC) type[hb], weight[1.07] from 231 to 235 dist[1.93]
Adding bndlst edge: (A_L933_MC -> A_E936_MC) type[hb], weight[0.65] from 231 to 234 dist[2.47]
Adding bndlst edge: (A_L934_MC -> A_S935_MC) type[cov], weight[1.00] from 232 to 233 dist[1.32]
Adding bndlst edge: (A_L934_MC -> A_Q937_MC) type[hb], weight[0.90] from 232 to 235 dist[2.11]
Adding bndlst edge: (A_S935_MC -> A_E936_MC) type[cov], weight[1.00] from 233 to 234 dist[1.34]
Adding bndlst edge: (A_S935_MC -> A_F938_MC) type[hb], weight[0.51] from 233 to 236 dist[2.79]
Adding bndlst edge: (A_E936_MC -> A_Q937_MC) type[cov], weight[1.00] from 234 to 235 dist[1.31]
Adding bndlst edge: (A_Q937_MC -> A_F938_MC) type[cov], weight[1.00] from 235 to 236 dist[1.34]

bndlst DONE

Producing PAJEK network
printing pajek edge (A_829_THR,A_830_GLU)
printing pajek edge (A_829_THR,A_890_ALA)
printing pajek edge (A_734_LEU,A_735_GLY)
printing pajek edge (A_792_ILE,A_793_SER)
printing pajek edge (A_792_ILE,A_897_THR)
printing pajek edge (A_908_PRO,A_909_ASN)
printing pajek edge (A_820_ILE,A_821_THR)
printing pajek edge (A_773_VAL,A_774_ASP)
printing pajek edge (A_804_GLN,A_805_PHE)
printing pajek edge (A_902_CYS,A_903_LEU)
printing pajek edge (A_720_GLN,A_721_LEU)
printing pajek edge (A_827_GLN,A_892_ILE)
printing pajek edge (A_827_GLN,A_828_PRO)
printing pajek edge (A_718_GLU,A_744_LYS)
printing pajek edge (A_718_GLU,A_723_GLN)
printing pajek edge (A_718_GLU,A_719_ASN)
printing pajek edge (A_746_SER,A_747_THR)
printing pajek edge (A_757_ILE,A_800_VAL)
printing pajek edge (A_757_ILE,A_758_CYS)
printing pajek edge (A_786_VAL,A_787_ILE)
printing pajek edge (A_729_GLU,A_736_ARG)
printing pajek edge (A_729_GLU,A_730_PHE)
printing pajek edge (A_935_SER,A_936_GLU)
printing pajek edge (A_935_SER,A_938_PHE)
printing pajek edge (A_892_ILE,A_893_ILE)
printing pajek edge (A_863_GLU,A_867_ALA)
printing pajek edge (A_863_GLU,A_864_ILE)
printing pajek edge (A_863_GLU,A_866_LYS)
printing pajek edge (A_896_LYS,A_897_THR)
printing pajek edge (A_797_GLU,A_798_ALA)
printing pajek edge (A_759_ALA,A_762_LEU)
printing pajek edge (A_759_ALA,A_763_GLN)
printing pajek edge (A_759_ALA,A_760_ASP)
printing pajek edge (A_922_SER,A_923_LYS)
printing pajek edge (A_722_LEU,A_723_GLN)
printing pajek edge (A_933_LEU,A_936_GLU)
printing pajek edge (A_933_LEU,A_934_LEU)
printing pajek edge (A_933_LEU,A_937_GLN)
printing pajek edge (A_865_THR,A_868_LYS)
printing pajek edge (A_865_THR,A_866_LYS)
printing pajek edge (A_865_THR,A_869_ILE)
printing pajek edge (A_811_PHE,A_812_GLN)
printing pajek edge (A_853_ILE,A_854_PHE)
printing pajek edge (A_791_CYS,A_792_ILE)
printing pajek edge (A_791_CYS,A_896_LYS)
printing pajek edge (A_791_CYS,A_793_SER)
printing pajek edge (A_877_LEU,A_888_VAL)
printing pajek edge (A_877_LEU,A_878_GLU)
printing pajek edge (A_850_VAL,A_851_GLN)
printing pajek edge (A_850_VAL,A_919_LEU)
printing pajek edge (A_850_VAL,A_931_CYS)
printing pajek edge (A_733_ASN,A_734_LEU)
printing pajek edge (A_733_ASN,A_791_CYS)
printing pajek edge (A_737_MET,A_787_ILE)
printing pajek edge (A_737_MET,A_738_PHE)
printing pajek edge (A_713_ASN,A_728_SER)
printing pajek edge (A_713_ASN,A_714_GLY)
printing pajek edge (A_910_LEU,A_911_GLN)
printing pajek edge (A_910_LEU,A_913_GLN)
printing pajek edge (A_780_GLY,A_781_ALA)
printing pajek edge (A_795_PHE,A_796_THR)
printing pajek edge (A_808_GLY,A_809_GLY)
printing pajek edge (A_859_PRO,A_861_ASP)
printing pajek edge (A_859_PRO,A_860_MET)
printing pajek edge (A_767_ASN,A_769_GLN)
printing pajek edge (A_767_ASN,A_790_GLU)
printing pajek edge (A_767_ASN,A_768_LEU)
printing pajek edge (A_731_ARG,A_734_LEU)
printing pajek edge (A_731_ARG,A_732_GLN)
printing pajek edge (A_899_GLN,A_900_ILE)
printing pajek edge (A_905_ARG,A_907_GLU)
printing pajek edge (A_905_ARG,A_906_LEU)
printing pajek edge (A_905_ARG,A_918_THR)
printing pajek edge (A_840_TRP,A_843_LEU)
printing pajek edge (A_840_TRP,A_841_LYS)
printing pajek edge (A_840_TRP,A_842_GLN)
printing pajek edge (A_840_TRP,A_920_ARG)
printing pajek edge (A_901_GLY,A_902_CYS)
printing pajek edge (A_901_GLY,A_922_SER)
printing pajek edge (A_816_VAL,A_817_LYS)
printing pajek edge (A_928_GLN,A_931_CYS)
printing pajek edge (A_928_GLN,A_932_GLU)
printing pajek edge (A_928_GLN,A_929_ARG)
printing pajek edge (A_760_ASP,A_761_ASP)
printing pajek edge (A_760_ASP,A_763_GLN)
printing pajek edge (A_760_ASP,A_764_THR)
printing pajek edge (A_913_GLN,A_914_MET)
printing pajek edge (A_855_LYS,A_856_ALA)
printing pajek edge (A_717_PHE,A_724_ILE)
printing pajek edge (A_717_PHE,A_718_GLU)
printing pajek edge (A_717_PHE,A_718_GLU)
printing pajek edge (A_839_ARG,A_840_TRP)
printing pajek edge (A_839_ARG,A_842_GLN)
printing pajek edge (A_783_VAL,A_784_GLN)
printing pajek edge (A_762_LEU,A_765_ASN)
printing pajek edge (A_762_LEU,A_766_LEU)
printing pajek edge (A_762_LEU,A_763_GLN)
printing pajek edge (A_803_ILE,A_814_VAL)
printing pajek edge (A_803_ILE,A_804_GLN)
printing pajek edge (A_775_PRO,A_776_THR)
printing pajek edge (A_788_ASN,A_789_ILE)
printing pajek edge (A_778_ASP,A_779_GLY)
printing pajek edge (A_778_ASP,A_781_ALA)
printing pajek edge (A_764_THR,A_765_ASN)
printing pajek edge (A_769_GLN,A_788_ASN)
printing pajek edge (A_769_GLN,A_770_THR)
printing pajek edge (A_906_LEU,A_907_GLU)
printing pajek edge (A_867_ALA,A_868_LYS)
printing pajek edge (A_867_ALA,A_871_GLY)
printing pajek edge (A_867_ALA,A_870_ILE)
printing pajek edge (A_900_ILE,A_902_CYS)
printing pajek edge (A_900_ILE,A_901_GLY)
printing pajek edge (A_841_LYS,A_842_GLN)
printing pajek edge (A_831_MET,A_839_ARG)
printing pajek edge (A_831_MET,A_832_ALA)
printing pajek edge (A_704_ASN,A_705_PHE)
printing pajek edge (A_704_ASN,A_716_LEU)
printing pajek edge (A_704_ASN,A_707_ARG)
printing pajek edge (A_719_ASN,A_744_LYS)
printing pajek edge (A_719_ASN,A_720_GLN)
printing pajek edge (A_719_ASN,A_721_LEU)
printing pajek edge (A_719_ASN,A_722_LEU)
printing pajek edge (A_888_VAL,A_889_GLY)
printing pajek edge (A_812_GLN,A_813_ASN)
printing pajek edge (A_784_GLN,A_785_GLN)
printing pajek edge (A_849_GLU,A_850_VAL)
printing pajek edge (A_849_GLU,A_920_ARG)
printing pajek edge (A_930_LEU,A_934_LEU)
printing pajek edge (A_930_LEU,A_931_CYS)
printing pajek edge (A_920_ARG,A_921_THR)
printing pajek edge (A_904_LEU,A_905_ARG)
printing pajek edge (A_870_ILE,A_871_GLY)
printing pajek edge (A_870_ILE,A_873_GLY)
printing pajek edge (A_886_ASN,A_887_PHE)
printing pajek edge (A_837_PHE,A_838_GLN)
printing pajek edge (A_837_PHE,A_841_LYS)
printing pajek edge (A_716_LEU,A_724_ILE)
printing pajek edge (A_716_LEU,A_717_PHE)
printing pajek edge (A_814_VAL,A_815_SER)
printing pajek edge (A_771_LYS,A_772_PRO)
printing pajek edge (A_893_ILE,A_900_ILE)
printing pajek edge (A_893_ILE,A_894_HIS)
printing pajek edge (A_874_SER,A_875_ALA)
printing pajek edge (A_874_SER,A_875_ALA)
printing pajek edge (A_847_GLN,A_848_GLN)
printing pajek edge (A_751_ASN,A_806_ARG)
printing pajek edge (A_751_ASN,A_752_PHE)
printing pajek edge (A_751_ASN,A_753_THR)
printing pajek edge (A_880_VAL,A_881_ASP)
printing pajek edge (A_726_LEU,A_727_LYS)
printing pajek edge (A_926_VAL,A_927_SER)
printing pajek edge (A_926_VAL,A_930_LEU)
printing pajek edge (A_926_VAL,A_929_ARG)
printing pajek edge (A_889_GLY,A_890_ALA)
printing pajek edge (A_889_GLY,A_904_LEU)
printing pajek edge (A_842_GLN,A_843_LEU)
printing pajek edge (A_925_THR,A_929_ARG)
printing pajek edge (A_925_THR,A_926_VAL)
printing pajek edge (A_826_PHE,A_827_GLN)
printing pajek edge (A_806_ARG,A_807_TYR)
printing pajek edge (A_833_SER,A_836_PHE)
printing pajek edge (A_833_SER,A_834_GLN)
printing pajek edge (A_833_SER,A_837_PHE)
printing pajek edge (A_883_ASN,A_884_PRO)
printing pajek edge (A_883_ASN,A_885_ALA)
printing pajek edge (A_883_ASN,A_886_ASN)
printing pajek edge (A_936_GLU,A_937_GLN)
printing pajek edge (A_823_ASN,A_872_PHE)
printing pajek edge (A_823_ASN,A_826_PHE)
printing pajek edge (A_823_ASN,A_824_LYS)
printing pajek edge (A_781_ALA,A_782_GLN)
printing pajek edge (A_914_MET,A_915_TYR)
printing pajek edge (A_856_ALA,A_857_LYS)
printing pajek edge (A_856_ALA,A_913_GLN)
printing pajek edge (A_702_GLU,A_703_ASP)
printing pajek edge (A_725_GLY,A_740_PHE)
printing pajek edge (A_725_GLY,A_726_LEU)
printing pajek edge (A_798_ALA,A_799_PRO)
printing pajek edge (A_828_PRO,A_829_THR)
printing pajek edge (A_861_ASP,A_865_THR)
printing pajek edge (A_861_ASP,A_864_ILE)
printing pajek edge (A_861_ASP,A_862_THR)
printing pajek edge (A_862_THR,A_865_THR)
printing pajek edge (A_862_THR,A_863_GLU)
printing pajek edge (A_862_THR,A_866_LYS)
printing pajek edge (A_878_GLU,A_879_GLU)
printing pajek edge (A_749_PHE,A_777_VAL)
printing pajek edge (A_749_PHE,A_750_LEU)
printing pajek edge (A_710_CYS,A_711_LYS)
printing pajek edge (A_911_GLN,A_912_ALA)
printing pajek edge (A_800_VAL,A_801_LEU)
printing pajek edge (A_918_THR,A_919_LEU)
printing pajek edge (A_739_ILE,A_740_PHE)
printing pajek edge (A_739_ILE,A_785_GLN)
printing pajek edge (A_819_PRO,A_820_ILE)
printing pajek edge (A_745_THR,A_747_THR)
printing pajek edge (A_745_THR,A_780_GLY)
printing pajek edge (A_745_THR,A_746_SER)
printing pajek edge (A_897_THR,A_898_THR)
printing pajek edge (A_707_ARG,A_708_PHE)
printing pajek edge (A_872_PHE,A_873_GLY)
printing pajek edge (A_735_GLY,A_789_ILE)
printing pajek edge (A_735_GLY,A_736_ARG)
printing pajek edge (A_723_GLN,A_724_ILE)
printing pajek edge (A_723_GLN,A_742_GLY)
printing pajek edge (A_765_ASN,A_792_ILE)
printing pajek edge (A_765_ASN,A_766_LEU)
printing pajek edge (A_765_ASN,A_791_CYS)
printing pajek edge (A_765_ASN,A_793_SER)
printing pajek edge (A_709_VAL,A_710_CYS)
printing pajek edge (A_709_VAL,A_824_LYS)
printing pajek edge (A_709_VAL,A_823_ASN)
printing pajek edge (A_929_ARG,A_933_LEU)
printing pajek edge (A_929_ARG,A_930_LEU)
printing pajek edge (A_929_ARG,A_932_GLU)
printing pajek edge (A_929_ARG,A_932_GLU)
printing pajek edge (A_728_SER,A_729_GLU)
printing pajek edge (A_782_GLN,A_783_VAL)
printing pajek edge (A_895_THR,A_899_GLN)
printing pajek edge (A_895_THR,A_896_LYS)
printing pajek edge (A_895_THR,A_898_THR)
printing pajek edge (A_895_THR,A_897_THR)
printing pajek edge (A_821_THR,A_822_LEU)
printing pajek edge (A_821_THR,A_824_LYS)
printing pajek edge (A_821_THR,A_823_ASN)
printing pajek edge (A_882_PRO,A_883_ASN)
printing pajek edge (A_801_LEU,A_816_VAL)
printing pajek edge (A_801_LEU,A_802_ASN)
printing pajek edge (A_881_ASP,A_905_ARG)
printing pajek edge (A_881_ASP,A_882_PRO)
printing pajek edge (A_881_ASP,A_883_ASN)
printing pajek edge (A_881_ASP,A_886_ASN)
printing pajek edge (A_864_ILE,A_865_THR)
printing pajek edge (A_864_ILE,A_868_LYS)
printing pajek edge (A_864_ILE,A_867_ALA)
printing pajek edge (A_774_ASP,A_775_PRO)
printing pajek edge (A_776_THR,A_777_VAL)
printing pajek edge (A_884_PRO,A_885_ALA)
printing pajek edge (A_763_GLN,A_766_LEU)
printing pajek edge (A_763_GLN,A_764_THR)
printing pajek edge (A_932_GLU,A_933_LEU)
printing pajek edge (A_932_GLU,A_935_SER)
printing pajek edge (A_932_GLU,A_936_GLU)
printing pajek edge (A_810_THR,A_811_PHE)
printing pajek edge (A_810_THR,A_812_GLN)
printing pajek edge (A_817_LYS,A_818_LEU)
printing pajek edge (A_794_ASP,A_923_LYS)
printing pajek edge (A_794_ASP,A_795_PHE)
printing pajek edge (A_794_ASP,A_925_THR)
printing pajek edge (A_805_PHE,A_806_ARG)
printing pajek edge (A_805_PHE,A_812_GLN)
printing pajek edge (A_903_LEU,A_920_ARG)
printing pajek edge (A_903_LEU,A_904_LEU)
printing pajek edge (A_934_LEU,A_935_SER)
printing pajek edge (A_934_LEU,A_937_GLN)
printing pajek edge (A_712_ASN,A_713_ASN)
printing pajek edge (A_712_ASN,A_824_LYS)
printing pajek edge (A_712_ASN,A_728_SER)
printing pajek edge (A_815_SER,A_816_VAL)
printing pajek edge (A_854_PHE,A_915_TYR)
printing pajek edge (A_854_PHE,A_855_LYS)
printing pajek edge (A_891_GLY,A_902_CYS)
printing pajek edge (A_891_GLY,A_892_ILE)
printing pajek edge (A_927_SER,A_931_CYS)
printing pajek edge (A_927_SER,A_928_GLN)
printing pajek edge (A_909_ASN,A_911_GLN)
printing pajek edge (A_909_ASN,A_914_MET)
printing pajek edge (A_909_ASN,A_912_ALA)
printing pajek edge (A_909_ASN,A_910_LEU)
printing pajek edge (A_909_ASN,A_913_GLN)
printing pajek edge (A_844_SER,A_845_ASN)
printing pajek edge (A_844_SER,A_845_ASN)
printing pajek edge (A_793_SER,A_794_ASP)
printing pajek edge (A_793_SER,A_794_ASP)
printing pajek edge (A_869_ILE,A_872_PHE)
printing pajek edge (A_869_ILE,A_873_GLY)
printing pajek edge (A_869_ILE,A_870_ILE)
printing pajek edge (A_750_LEU,A_806_ARG)
printing pajek edge (A_750_LEU,A_751_ASN)
printing pajek edge (A_809_GLY,A_810_THR)
printing pajek edge (A_789_ILE,A_790_GLU)
printing pajek edge (A_876_LEU,A_877_LEU)
printing pajek edge (A_779_GLY,A_780_GLY)
printing pajek edge (A_916_ARG,A_917_LEU)
printing pajek edge (A_835_ASP,A_839_ARG)
printing pajek edge (A_835_ASP,A_839_ARG)
printing pajek edge (A_835_ASP,A_838_GLN)
printing pajek edge (A_835_ASP,A_836_PHE)
printing pajek edge (A_851_GLN,A_918_THR)
printing pajek edge (A_851_GLN,A_916_ARG)
printing pajek edge (A_851_GLN,A_852_ASN)
printing pajek edge (A_825_PHE,A_826_PHE)
printing pajek edge (A_825_PHE,A_894_HIS)
printing pajek edge (A_923_LYS,A_927_SER)
printing pajek edge (A_923_LYS,A_926_VAL)
printing pajek edge (A_923_LYS,A_924_ASP)
printing pajek edge (A_752_PHE,A_775_PRO)
printing pajek edge (A_752_PHE,A_753_THR)
printing pajek edge (A_741_TYR,A_783_VAL)
printing pajek edge (A_741_TYR,A_785_GLN)
printing pajek edge (A_741_TYR,A_742_GLY)
printing pajek edge (A_912_ALA,A_913_GLN)
printing pajek edge (A_766_LEU,A_767_ASN)
printing pajek edge (A_799_PRO,A_800_VAL)
printing pajek edge (A_799_PRO,A_818_LEU)
printing pajek edge (A_714_GLY,A_726_LEU)
printing pajek edge (A_714_GLY,A_715_VAL)
printing pajek edge (A_743_ASN,A_777_VAL)
printing pajek edge (A_743_ASN,A_780_GLY)
printing pajek edge (A_743_ASN,A_749_PHE)
printing pajek edge (A_743_ASN,A_781_ALA)
printing pajek edge (A_743_ASN,A_744_LYS)
printing pajek edge (A_743_ASN,A_747_THR)
printing pajek edge (A_743_ASN,A_745_THR)
printing pajek edge (A_743_ASN,A_778_ASP)
printing pajek edge (A_754_PRO,A_755_THR)
printing pajek edge (A_875_ALA,A_876_LEU)
printing pajek edge (A_875_ALA,A_890_ALA)
printing pajek edge (A_758_CYS,A_759_ALA)
printing pajek edge (A_758_CYS,A_763_GLN)
printing pajek edge (A_931_CYS,A_935_SER)
printing pajek edge (A_931_CYS,A_932_GLU)
printing pajek edge (A_747_THR,A_748_GLN)
printing pajek edge (A_747_THR,A_807_TYR)
printing pajek edge (A_768_LEU,A_769_GLN)
printing pajek edge (A_721_LEU,A_744_LYS)
printing pajek edge (A_721_LEU,A_722_LEU)
printing pajek edge (A_756_LEU,A_757_ILE)
printing pajek edge (A_772_PRO,A_773_VAL)
printing pajek edge (A_890_ALA,A_891_GLY)
printing pajek edge (A_770_THR,A_786_VAL)
printing pajek edge (A_770_THR,A_771_LYS)
printing pajek edge (A_770_THR,A_785_GLN)
printing pajek edge (A_868_LYS,A_872_PHE)
printing pajek edge (A_868_LYS,A_871_GLY)
printing pajek edge (A_868_LYS,A_937_GLN)
printing pajek edge (A_868_LYS,A_869_ILE)
printing pajek edge (A_703_ASP,A_705_PHE)
printing pajek edge (A_703_ASP,A_817_LYS)
printing pajek edge (A_703_ASP,A_704_ASN)
printing pajek edge (A_838_GLN,A_839_ARG)
printing pajek edge (A_838_GLN,A_841_LYS)
printing pajek edge (A_790_GLU,A_791_CYS)
printing pajek edge (A_818_LEU,A_820_ILE)
printing pajek edge (A_818_LEU,A_819_PRO)
printing pajek edge (A_846_PRO,A_849_GLU)
printing pajek edge (A_846_PRO,A_847_GLN)
printing pajek edge (A_846_PRO,A_848_GLN)
printing pajek edge (A_843_LEU,A_844_SER)
printing pajek edge (A_732_GLN,A_734_LEU)
printing pajek edge (A_732_GLN,A_894_HIS)
printing pajek edge (A_732_GLN,A_733_ASN)
printing pajek edge (A_802_ASN,A_804_GLN)
printing pajek edge (A_802_ASN,A_803_ILE)
printing pajek edge (A_802_ASN,A_813_ASN)
printing pajek edge (A_802_ASN,A_815_SER)
printing pajek edge (A_924_ASP,A_927_SER)
printing pajek edge (A_924_ASP,A_928_GLN)
printing pajek edge (A_924_ASP,A_925_THR)
printing pajek edge (A_924_ASP,A_925_THR)
printing pajek edge (A_830_GLU,A_831_MET)
printing pajek edge (A_727_LYS,A_738_PHE)
printing pajek edge (A_727_LYS,A_728_SER)
printing pajek edge (A_730_PHE,A_731_ARG)
printing pajek edge (A_822_LEU,A_825_PHE)
printing pajek edge (A_822_LEU,A_823_ASN)
printing pajek edge (A_858_HIS,A_868_LYS)
printing pajek edge (A_858_HIS,A_938_PHE)
printing pajek edge (A_858_HIS,A_859_PRO)
printing pajek edge (A_858_HIS,A_937_GLN)
printing pajek edge (A_836_PHE,A_839_ARG)
printing pajek edge (A_836_PHE,A_840_TRP)
printing pajek edge (A_836_PHE,A_837_PHE)
printing pajek edge (A_742_GLY,A_743_ASN)
printing pajek edge (A_777_VAL,A_778_ASP)
printing pajek edge (A_785_GLN,A_786_VAL)
printing pajek edge (A_894_HIS,A_895_THR)
printing pajek edge (A_761_ASP,A_762_LEU)
printing pajek edge (A_761_ASP,A_764_THR)
printing pajek edge (A_917_LEU,A_918_THR)
printing pajek edge (A_879_GLU,A_880_VAL)
printing pajek edge (A_852_ASN,A_935_SER)
printing pajek edge (A_852_ASN,A_917_LEU)
printing pajek edge (A_852_ASN,A_853_ILE)
printing pajek edge (A_852_ASN,A_853_ILE)
printing pajek edge (A_857_LYS,A_936_GLU)
printing pajek edge (A_857_LYS,A_936_GLU)
printing pajek edge (A_857_LYS,A_858_HIS)
printing pajek edge (A_857_LYS,A_938_PHE)
printing pajek edge (A_832_ALA,A_833_SER)
printing pajek edge (A_832_ALA,A_836_PHE)
printing pajek edge (A_832_ALA,A_835_ASP)
printing pajek edge (A_919_LEU,A_920_ARG)
printing pajek edge (A_755_THR,A_802_ASN)
printing pajek edge (A_755_THR,A_756_LEU)
printing pajek edge (A_824_LYS,A_826_PHE)
printing pajek edge (A_824_LYS,A_825_PHE)
printing pajek edge (A_845_ASN,A_847_GLN)
printing pajek edge (A_845_ASN,A_846_PRO)
printing pajek edge (A_845_ASN,A_848_GLN)
printing pajek edge (A_907_GLU,A_908_PRO)
printing pajek edge (A_907_GLU,A_916_ARG)
printing pajek edge (A_860_MET,A_861_ASP)
printing pajek edge (A_860_MET,A_862_THR)
printing pajek edge (A_860_MET,A_913_GLN)
printing pajek edge (A_744_LYS,A_745_THR)
printing pajek edge (A_724_ILE,A_725_GLY)
printing pajek edge (A_921_THR,A_923_LYS)
printing pajek edge (A_921_THR,A_927_SER)
printing pajek edge (A_921_THR,A_922_SER)
printing pajek edge (A_748_GLN,A_778_ASP)
printing pajek edge (A_748_GLN,A_749_PHE)
printing pajek edge (A_715_VAL,A_716_LEU)
printing pajek edge (A_937_GLN,A_938_PHE)
printing pajek edge (A_807_TYR,A_808_GLY)
printing pajek edge (A_807_TYR,A_810_THR)
printing pajek edge (A_708_PHE,A_709_VAL)
printing pajek edge (A_708_PHE,A_824_LYS)
printing pajek edge (A_787_ILE,A_788_ASN)
printing pajek edge (A_887_PHE,A_906_LEU)
printing pajek edge (A_887_PHE,A_888_VAL)
printing pajek edge (A_738_PHE,A_739_ILE)
printing pajek edge (A_705_PHE,A_708_PHE)
printing pajek edge (A_705_PHE,A_706_ALA)
printing pajek edge (A_915_TYR,A_916_ARG)
printing pajek edge (A_885_ALA,A_886_ASN)
printing pajek edge (A_796_THR,A_797_GLU)
printing pajek edge (A_796_THR,A_929_ARG)
printing pajek edge (A_848_GLN,A_849_GLU)
printing pajek edge (A_848_GLN,A_927_SER)
printing pajek edge (A_848_GLN,A_921_THR)
printing pajek edge (A_753_THR,A_754_PRO)
printing pajek edge (A_753_THR,A_804_GLN)
printing pajek edge (A_711_LYS,A_713_ASN)
printing pajek edge (A_711_LYS,A_824_LYS)
printing pajek edge (A_711_LYS,A_712_ASN)
printing pajek edge (A_813_ASN,A_814_VAL)
printing pajek edge (A_740_PHE,A_741_TYR)
printing pajek edge (A_706_ALA,A_709_VAL)
printing pajek edge (A_706_ALA,A_707_ARG)
printing pajek edge (A_736_ARG,A_737_MET)
printing pajek edge (A_736_ARG,A_788_ASN)
printing pajek edge (A_871_GLY,A_872_PHE)
printing pajek edge (A_866_LYS,A_867_ALA)
printing pajek edge (A_866_LYS,A_870_ILE)
printing pajek edge (A_866_LYS,A_869_ILE)
printing pajek edge (A_834_GLN,A_838_GLN)
printing pajek edge (A_834_GLN,A_835_ASP)
printing pajek edge (A_898_THR,A_899_GLN)
printing pajek edge (A_873_GLY,A_874_SER)
