Graph START

Adding vertex (chain-A, position-1, res-MET)
New vertex id: 0
1 2 3 4 5 6 7 8 
Adding vertex (chain-A, position-2, res-ASP)
New vertex id: 1
9 10 11 12 13 14 15 16 
Adding vertex (chain-A, position-3, res-ALA)
New vertex id: 2
17 18 19 20 21 
Adding vertex (chain-A, position-4, res-VAL)
New vertex id: 3
22 23 24 25 26 27 28 
Adding vertex (chain-A, position-5, res-ALA)
New vertex id: 4
29 30 31 32 33 
Adding vertex (chain-A, position-6, res-VAL)
New vertex id: 5
34 35 36 37 38 39 40 
Adding vertex (chain-A, position-7, res-TYR)
New vertex id: 6
41 42 43 44 45 46 47 48 49 50 51 52 
Adding vertex (chain-A, position-8, res-HIS)
New vertex id: 7
53 54 55 56 57 58 59 60 61 62 
Adding vertex (chain-A, position-9, res-GLY)
New vertex id: 8
63 64 65 66 
Adding vertex (chain-A, position-10, res-LYS)
New vertex id: 9
67 68 69 70 71 72 73 74 75 
Adding vertex (chain-A, position-11, res-ILE)
New vertex id: 10
76 77 78 79 80 81 82 83 
Adding vertex (chain-A, position-12, res-SER)
New vertex id: 11
84 85 86 87 88 89 
Adding vertex (chain-A, position-13, res-ARG)
New vertex id: 12
90 91 92 93 94 95 96 97 98 99 100 
Adding vertex (chain-A, position-14, res-GLU)
New vertex id: 13
101 102 103 104 105 106 107 108 109 
Adding vertex (chain-A, position-15, res-THR)
New vertex id: 14
110 111 112 113 114 115 116 
Adding vertex (chain-A, position-16, res-GLY)
New vertex id: 15
117 118 119 120 
Adding vertex (chain-A, position-17, res-GLU)
New vertex id: 16
121 122 123 124 125 126 127 128 129 
Adding vertex (chain-A, position-18, res-LYS)
New vertex id: 17
130 131 132 133 134 135 136 137 138 
Adding vertex (chain-A, position-19, res-LEU)
New vertex id: 18
139 140 141 142 143 144 145 146 
Adding vertex (chain-A, position-20, res-LEU)
New vertex id: 19
147 148 149 150 151 152 153 154 
Adding vertex (chain-A, position-21, res-LEU)
New vertex id: 20
155 156 157 158 159 160 161 162 
Adding vertex (chain-A, position-22, res-ALA)
New vertex id: 21
163 164 165 166 167 
Adding vertex (chain-A, position-23, res-THR)
New vertex id: 22
168 169 170 171 172 173 174 
Adding vertex (chain-A, position-24, res-GLY)
New vertex id: 23
175 176 177 178 
Adding vertex (chain-A, position-25, res-LEU)
New vertex id: 24
179 180 181 182 183 184 185 186 
Adding vertex (chain-A, position-26, res-ASP)
New vertex id: 25
187 188 189 190 191 192 193 194 
Adding vertex (chain-A, position-27, res-GLY)
New vertex id: 26
195 196 197 198 
Adding vertex (chain-A, position-28, res-SER)
New vertex id: 27
199 200 201 202 203 204 
Adding vertex (chain-A, position-29, res-TYR)
New vertex id: 28
205 206 207 208 209 210 211 212 213 214 215 216 
Adding vertex (chain-A, position-30, res-LEU)
New vertex id: 29
217 218 219 220 221 222 223 224 
Adding vertex (chain-A, position-31, res-LEU)
New vertex id: 30
225 226 227 228 229 230 231 232 
Adding vertex (chain-A, position-32, res-ARG)
New vertex id: 31
233 234 235 236 237 238 239 240 241 242 243 
Adding vertex (chain-A, position-33, res-ASP)
New vertex id: 32
244 245 246 247 248 249 250 251 
Adding vertex (chain-A, position-34, res-SER)
New vertex id: 33
252 253 254 255 256 257 
Adding vertex (chain-A, position-35, res-GLU)
New vertex id: 34
258 259 260 261 262 263 264 265 266 
Adding vertex (chain-A, position-36, res-SER)
New vertex id: 35
267 268 269 270 271 272 
Adding vertex (chain-A, position-37, res-VAL)
New vertex id: 36
273 274 275 276 277 278 279 
Adding vertex (chain-A, position-38, res-PRO)
New vertex id: 37
280 281 282 283 284 285 286 
Adding vertex (chain-A, position-39, res-GLY)
New vertex id: 38
287 288 289 290 
Adding vertex (chain-A, position-40, res-VAL)
New vertex id: 39
291 292 293 294 295 296 297 
Adding vertex (chain-A, position-41, res-TYR)
New vertex id: 40
298 299 300 301 302 303 304 305 306 307 308 309 
Adding vertex (chain-A, position-42, res-CYS)
New vertex id: 41
310 311 312 313 314 315 
Adding vertex (chain-A, position-43, res-LEU)
New vertex id: 42
316 317 318 319 320 321 322 323 
Adding vertex (chain-A, position-44, res-CYS)
New vertex id: 43
324 325 326 327 328 329 
Adding vertex (chain-A, position-45, res-VAL)
New vertex id: 44
330 331 332 333 334 335 336 
Adding vertex (chain-A, position-46, res-LEU)
New vertex id: 45
337 338 339 340 341 342 343 344 
Adding vertex (chain-A, position-47, res-TYR)
New vertex id: 46
345 346 347 348 349 350 351 352 353 354 355 356 
Adding vertex (chain-A, position-48, res-HIS)
New vertex id: 47
357 358 359 360 361 362 363 364 365 366 
Adding vertex (chain-A, position-49, res-GLY)
New vertex id: 48
367 368 369 370 
Adding vertex (chain-A, position-50, res-TYR)
New vertex id: 49
371 372 373 374 375 376 377 378 379 380 381 382 
Adding vertex (chain-A, position-51, res-ILE)
New vertex id: 50
383 384 385 386 387 388 389 390 
Adding vertex (chain-A, position-52, res-TYR)
New vertex id: 51
391 392 393 394 395 396 397 398 399 400 401 402 
Adding vertex (chain-A, position-53, res-THR)
New vertex id: 52
403 404 405 406 407 408 409 
Adding vertex (chain-A, position-54, res-TYR)
New vertex id: 53
410 411 412 413 414 415 416 417 418 419 420 421 
Adding vertex (chain-A, position-55, res-ARG)
New vertex id: 54
422 423 424 425 426 427 428 429 430 431 432 
Adding vertex (chain-A, position-56, res-VAL)
New vertex id: 55
433 434 435 436 437 438 439 
Adding vertex (chain-A, position-57, res-SER)
New vertex id: 56
440 441 442 443 444 445 
Adding vertex (chain-A, position-58, res-GLN)
New vertex id: 57
446 447 448 449 450 451 452 453 454 
Adding vertex (chain-A, position-59, res-THR)
New vertex id: 58
455 456 457 458 459 460 461 
Adding vertex (chain-A, position-60, res-GLU)
New vertex id: 59
462 463 464 465 466 467 468 469 470 
Adding vertex (chain-A, position-61, res-THR)
New vertex id: 60
471 472 473 474 475 476 477 
Adding vertex (chain-A, position-62, res-GLY)
New vertex id: 61
478 479 480 481 
Adding vertex (chain-A, position-63, res-SER)
New vertex id: 62
482 483 484 485 486 487 
Adding vertex (chain-A, position-64, res-TRP)
New vertex id: 63
488 489 490 491 492 493 494 495 496 497 498 499 500 501 
Adding vertex (chain-A, position-65, res-SER)
New vertex id: 64
502 503 504 505 506 507 
Adding vertex (chain-A, position-66, res-ALA)
New vertex id: 65
508 509 510 511 512 
Adding vertex (chain-A, position-67, res-GLU)
New vertex id: 66
513 514 515 516 517 518 519 520 521 
Adding vertex (chain-A, position-68, res-THR)
New vertex id: 67
522 523 524 525 526 527 528 
Adding vertex (chain-A, position-69, res-ALA)
New vertex id: 68
529 530 531 532 533 
Adding vertex (chain-A, position-70, res-PRO)
New vertex id: 69
534 535 536 537 538 539 540 
Adding vertex (chain-A, position-71, res-GLY)
New vertex id: 70
541 542 543 544 
Adding vertex (chain-A, position-72, res-VAL)
New vertex id: 71
545 546 547 548 549 550 551 
Adding vertex (chain-A, position-73, res-HIS)
New vertex id: 72
552 553 554 555 556 557 558 559 560 561 
Adding vertex (chain-A, position-74, res-LYS)
New vertex id: 73
562 563 564 565 566 567 568 569 570 
Adding vertex (chain-A, position-75, res-ARG)
New vertex id: 74
571 572 573 574 575 576 577 578 579 580 581 
Adding vertex (chain-A, position-76, res-TYR)
New vertex id: 75
582 583 584 585 586 587 588 589 590 591 592 593 
Adding vertex (chain-A, position-77, res-PHE)
New vertex id: 76
594 595 596 597 598 599 600 601 602 603 604 
Adding vertex (chain-A, position-78, res-ARG)
New vertex id: 77
605 606 607 608 609 610 611 612 613 614 615 
Adding vertex (chain-A, position-79, res-LYS)
New vertex id: 78
616 617 618 619 620 621 622 623 624 
Adding vertex (chain-A, position-80, res-ILE)
New vertex id: 79
625 626 627 628 629 630 631 632 
Adding vertex (chain-A, position-81, res-LYS)
New vertex id: 80
633 634 635 636 637 638 639 640 641 
Adding vertex (chain-A, position-82, res-ASN)
New vertex id: 81
642 643 644 645 646 647 648 649 
Adding vertex (chain-A, position-83, res-LEU)
New vertex id: 82
650 651 652 653 654 655 656 657 
Adding vertex (chain-A, position-84, res-ILE)
New vertex id: 83
658 659 660 661 662 663 664 665 
Adding vertex (chain-A, position-85, res-SER)
New vertex id: 84
666 667 668 669 670 671 
Adding vertex (chain-A, position-86, res-ALA)
New vertex id: 85
672 673 674 675 676 
Adding vertex (chain-A, position-87, res-PHE)
New vertex id: 86
677 678 679 680 681 682 683 684 685 686 687 
Adding vertex (chain-A, position-88, res-GLN)
New vertex id: 87
688 689 690 691 692 693 694 695 696 
Adding vertex (chain-A, position-89, res-LYS)
New vertex id: 88
697 698 699 700 701 702 703 704 705 
Adding vertex (chain-A, position-90, res-PRO)
New vertex id: 89
706 707 708 709 710 711 712 
Adding vertex (chain-A, position-91, res-ASP)
New vertex id: 90
713 714 715 716 717 718 719 720 
Adding vertex (chain-A, position-92, res-GLN)
New vertex id: 91
721 722 723 724 725 726 727 728 729 
Adding vertex (chain-A, position-93, res-GLY)
New vertex id: 92
730 731 732 733 
Adding vertex (chain-A, position-94, res-ILE)
New vertex id: 93
734 735 736 737 738 739 740 741 
Adding vertex (chain-A, position-95, res-VAL)
New vertex id: 94
742 743 744 745 746 747 748 
Adding vertex (chain-A, position-96, res-ILE)
New vertex id: 95
749 750 751 752 753 754 755 756 
Adding vertex (chain-A, position-97, res-PRO)
New vertex id: 96
757 758 759 760 761 762 763 
Adding vertex (chain-A, position-98, res-LEU)
New vertex id: 97
764 765 766 767 768 769 770 771 
Adding vertex (chain-A, position-99, res-GLN)
New vertex id: 98
772 773 774 775 776 777 778 779 780 
Adding vertex (chain-A, position-100, res-TYR)
New vertex id: 99
781 782 783 784 785 786 787 788 789 790 791 792 
Adding vertex (chain-A, position-101, res-PRO)
New vertex id: 100
793 794 795 796 797 798 799 
Adding vertex (chain-A, position-102, res-VAL)
New vertex id: 101
800 801 802 803 804 805 806 
Adding vertex (chain-A, position-103, res-GLU)
New vertex id: 102
807 808 809 810 811 812 813 814 815 
Adding vertex (chain-A, position-104, res-LYS)
New vertex id: 103
816 817 818 819 820 821 822 823 824 825 
Graph DONE

( reduce -FLIPs 1D4T.pdb > 1D4T.H.pdb ) >& /dev/null
Reduce (-FLIPs) returned 0
( bndlst -Radius0.3 1D4T.H.pdb > 1D4T.H.bndlst ) >& /dev/null
BndLst returned 0
Parsing 1D4T.H.bndlst

bndlst START
Adding bndlst edge: (A_M1_MC -> A_D2_MC) type[cov], weight[1.00] from 0 to 1 dist[1.33]
Adding bndlst edge: (A_M1_MC -> A_V4_MC) type[hb], weight[0.63] from 0 to 3 dist[2.53]
Adding bndlst edge: (A_M1_MC -> A_Y7_SC) type[hb], weight[0.40] from 0 to 6 dist[3.17]
Adding bndlst edge: (A_M1_MC -> A_Y7_SC) type[hb], weight[0.68] from 0 to 6 dist[2.42]
Adding bndlst edge: (A_M1_MC -> A_Y7_SC) type[hb], weight[0.70] from 0 to 6 dist[2.39]
Adding bndlst edge: (A_M1_MC -> A_Y7_SC) type[hb], weight[0.41] from 0 to 6 dist[3.12]
Adding bndlst edge: (A_D2_MC -> A_A3_MC) type[cov], weight[1.00] from 1 to 2 dist[1.35]
Adding bndlst edge: (A_A3_MC -> A_V4_MC) type[cov], weight[1.00] from 2 to 3 dist[1.32]
Adding bndlst edge: (A_V4_MC -> A_A5_MC) type[cov], weight[1.00] from 3 to 4 dist[1.35]
Adding bndlst edge: (A_V4_MC -> A_Y7_MC) type[hb], weight[1.00] from 3 to 6 dist[2.00]
Adding bndlst edge: (A_A5_MC -> A_V6_MC) type[cov], weight[1.00] from 4 to 5 dist[1.33]
Adding bndlst edge: (A_A5_MC -> A_Y7_MC) type[hb], weight[0.46] from 4 to 6 dist[2.95]
Adding bndlst edge: (A_A5_MC -> A_K104_MC) type[hb], weight[0.98] from 4 to 103 dist[2.02]
Adding bndlst edge: (A_V6_MC -> A_Y7_MC) type[cov], weight[1.00] from 5 to 6 dist[1.32]
Adding bndlst edge: (A_V6_MC -> A_L31_MC) type[hb], weight[1.17] from 5 to 30 dist[1.85]
Adding bndlst edge: (A_Y7_MC -> A_H8_MC) type[cov], weight[1.00] from 6 to 7 dist[1.32]
Adding bndlst edge: (A_Y7_MC -> A_K104_SC) type[hb], weight[0.73] from 6 to 103 dist[2.35]
Adding bndlst edge: (A_Y7_SC -> A_G9_MC) type[hb], weight[0.46] from 6 to 8 dist[2.96]
Adding bndlst edge: (A_Y7_SC -> A_G9_MC) type[hb], weight[0.53] from 6 to 8 dist[2.74]
Adding bndlst edge: (A_Y7_SC -> A_K104_SC) type[hb], weight[0.40] from 6 to 103 dist[3.15]
Adding bndlst edge: (A_Y7_SC -> A_G9_MC) type[hb], weight[0.43] from 6 to 8 dist[3.06]
Adding bndlst edge: (A_Y7_SC -> A_G9_MC) type[hb], weight[0.55] from 6 to 8 dist[2.70]
Adding bndlst edge: (A_Y7_SC -> A_G9_MC) type[hb], weight[0.42] from 6 to 8 dist[3.07]
Adding bndlst edge: (A_Y7_SC -> A_G9_MC) type[hb], weight[0.48] from 6 to 8 dist[2.90]
Adding bndlst edge: (A_Y7_SC -> A_Y41_SC) type[hb], weight[0.40] from 6 to 40 dist[3.17]
Adding bndlst edge: (A_Y7_SC -> A_D33_SC) type[hb], weight[0.46] from 6 to 32 dist[2.96]
Adding bndlst edge: (A_Y7_SC -> A_D33_SC) type[hb], weight[1.39] from 6 to 32 dist[1.70]
Adding bndlst edge: (A_H8_MC -> A_G9_MC) type[cov], weight[1.00] from 7 to 8 dist[1.33]
Adding bndlst edge: (A_H8_MC -> A_L31_MC) type[hb], weight[1.09] from 7 to 30 dist[1.92]
Adding bndlst edge: (A_H8_SC -> A_V102_MC) type[hb], weight[1.20] from 7 to 101 dist[1.83]
Adding bndlst edge: (A_G9_MC -> A_K10_MC) type[cov], weight[1.00] from 8 to 9 dist[1.34]
Adding bndlst edge: (A_G9_MC -> A_D33_MC) type[hb], weight[1.03] from 8 to 32 dist[1.97]
Adding bndlst edge: (A_G9_MC -> A_I11_MC) type[hb], weight[0.78] from 8 to 10 dist[2.27]
Adding bndlst edge: (A_K10_MC -> A_I11_MC) type[cov], weight[1.00] from 9 to 10 dist[1.30]
Adding bndlst edge: (A_K10_SC -> A_D33_SC) type[salt], weight[0.45] from 9 to 32 dist[2.83]
Adding bndlst edge: (A_I11_MC -> A_S12_MC) type[cov], weight[1.00] from 10 to 11 dist[1.32]
Adding bndlst edge: (A_S12_MC -> A_R13_MC) type[cov], weight[1.00] from 11 to 12 dist[1.35]
Adding bndlst edge: (A_S12_MC -> A_G16_MC) type[hb], weight[0.97] from 11 to 15 dist[2.03]
Adding bndlst edge: (A_S12_MC -> A_T15_MC) type[hb], weight[0.62] from 11 to 14 dist[2.54]
Adding bndlst edge: (A_R13_MC -> A_E14_MC) type[cov], weight[1.00] from 12 to 13 dist[1.34]
Adding bndlst edge: (A_R13_MC -> A_E17_MC) type[hb], weight[1.03] from 12 to 16 dist[1.97]
Adding bndlst edge: (A_R13_MC -> A_G16_MC) type[hb], weight[0.53] from 12 to 15 dist[2.75]
Adding bndlst edge: (A_R13_MC -> A_E35_SC) type[hb], weight[1.12] from 12 to 34 dist[1.89]
Adding bndlst edge: (A_R13_SC -> A_E17_SC) type[salt], weight[0.68] from 12 to 16 dist[2.30]
Adding bndlst edge: (A_E14_MC -> A_T15_MC) type[cov], weight[1.00] from 13 to 14 dist[1.33]
Adding bndlst edge: (A_E14_MC -> A_K18_MC) type[hb], weight[0.97] from 13 to 17 dist[2.03]
Adding bndlst edge: (A_E14_MC -> A_E17_MC) type[hb], weight[0.50] from 13 to 16 dist[2.84]
Adding bndlst edge: (A_T15_MC -> A_G16_MC) type[cov], weight[1.00] from 14 to 15 dist[1.35]
Adding bndlst edge: (A_T15_MC -> A_K18_MC) type[hb], weight[0.56] from 14 to 17 dist[2.67]
Adding bndlst edge: (A_T15_MC -> A_L19_MC) type[hb], weight[1.00] from 14 to 18 dist[2.00]
Adding bndlst edge: (A_G16_MC -> A_E17_MC) type[cov], weight[1.00] from 15 to 16 dist[1.34]
Adding bndlst edge: (A_G16_MC -> A_L20_MC) type[hb], weight[0.95] from 15 to 19 dist[2.06]
Adding bndlst edge: (A_G16_MC -> A_L19_MC) type[hb], weight[0.50] from 15 to 18 dist[2.84]
Adding bndlst edge: (A_E17_MC -> A_K18_MC) type[cov], weight[1.00] from 16 to 17 dist[1.33]
Adding bndlst edge: (A_E17_MC -> A_L20_MC) type[hb], weight[0.53] from 16 to 19 dist[2.73]
Adding bndlst edge: (A_E17_MC -> A_L21_MC) type[hb], weight[1.16] from 16 to 20 dist[1.86]
Adding bndlst edge: (A_K18_MC -> A_L19_MC) type[cov], weight[1.00] from 17 to 18 dist[1.33]
Adding bndlst edge: (A_K18_MC -> A_A22_MC) type[hb], weight[0.88] from 17 to 21 dist[2.14]
Adding bndlst edge: (A_L19_MC -> A_L20_MC) type[cov], weight[1.00] from 18 to 19 dist[1.35]
Adding bndlst edge: (A_L19_MC -> A_A22_MC) type[hb], weight[0.49] from 18 to 21 dist[2.85]
Adding bndlst edge: (A_L19_MC -> A_T23_MC) type[hb], weight[0.46] from 18 to 22 dist[2.93]
Adding bndlst edge: (A_L20_MC -> A_L21_MC) type[cov], weight[1.00] from 19 to 20 dist[1.32]
Adding bndlst edge: (A_L20_MC -> A_T23_SC) type[cov], weight[1.00] from 19 to 22 dist[1.52]
Adding bndlst edge: (A_L20_MC -> A_G24_MC) type[hb], weight[0.54] from 19 to 23 dist[2.73]
Adding bndlst edge: (A_L20_MC -> A_T23_MC) type[hb], weight[0.79] from 19 to 22 dist[2.25]
Adding bndlst edge: (A_L21_MC -> A_A22_MC) type[cov], weight[1.00] from 20 to 21 dist[1.34]
Adding bndlst edge: (A_L21_MC -> A_G24_MC) type[hb], weight[0.82] from 20 to 23 dist[2.20]
Adding bndlst edge: (A_A22_MC -> A_T23_MC) type[cov], weight[1.00] from 21 to 22 dist[1.31]
Adding bndlst edge: (A_T23_MC -> A_G24_MC) type[cov], weight[1.00] from 22 to 23 dist[1.32]
Adding bndlst edge: (A_T23_SC -> A_L25_MC) type[hb], weight[0.58] from 22 to 24 dist[2.63]
Adding bndlst edge: (A_T23_SC -> A_G24_MC) type[hb], weight[0.53] from 22 to 23 dist[2.75]
Adding bndlst edge: (A_G24_MC -> A_L25_MC) type[cov], weight[1.00] from 23 to 24 dist[1.31]
Adding bndlst edge: (A_L25_MC -> A_D26_MC) type[cov], weight[1.00] from 24 to 25 dist[1.31]
Adding bndlst edge: (A_L25_MC -> A_S28_SC) type[hb], weight[1.35] from 24 to 27 dist[1.72]
Adding bndlst edge: (A_L25_MC -> A_S28_MC) type[hb], weight[0.92] from 24 to 27 dist[2.09]
Adding bndlst edge: (A_D26_MC -> A_G27_MC) type[cov], weight[1.00] from 25 to 26 dist[1.33]
Adding bndlst edge: (A_D26_SC -> A_H48_MC) type[hb], weight[0.46] from 25 to 47 dist[2.95]
Adding bndlst edge: (A_D26_SC -> A_H48_SC) type[hb], weight[0.75] from 25 to 47 dist[2.31]
Adding bndlst edge: (A_D26_SC -> A_H48_MC) type[hb], weight[1.09] from 25 to 47 dist[1.92]
Adding bndlst edge: (A_G27_MC -> A_S28_MC) type[cov], weight[1.00] from 26 to 27 dist[1.35]
Adding bndlst edge: (A_G27_MC -> A_Q99_MC) type[hb], weight[1.03] from 26 to 98 dist[1.97]
Adding bndlst edge: (A_G27_MC -> A_Y100_MC) type[hb], weight[0.97] from 26 to 99 dist[2.03]
Adding bndlst edge: (A_G27_MC -> A_L46_MC) type[hb], weight[1.09] from 26 to 45 dist[1.92]
Adding bndlst edge: (A_S28_MC -> A_Y29_MC) type[cov], weight[1.00] from 27 to 28 dist[1.34]
Adding bndlst edge: (A_S28_MC -> A_L46_MC) type[hb], weight[1.06] from 27 to 45 dist[1.95]
Adding bndlst edge: (A_Y29_MC -> A_L30_MC) type[cov], weight[1.00] from 28 to 29 dist[1.32]
Adding bndlst edge: (A_Y29_MC -> A_V102_MC) type[hb], weight[1.04] from 28 to 101 dist[1.96]
Adding bndlst edge: (A_Y29_SC -> A_Y100_MC) type[hb], weight[0.38] from 28 to 99 dist[3.26]
Adding bndlst edge: (A_Y29_MC -> A_Y100_MC) type[hb], weight[0.80] from 28 to 99 dist[2.24]
Adding bndlst edge: (A_L30_MC -> A_L31_MC) type[cov], weight[1.00] from 29 to 30 dist[1.33]
Adding bndlst edge: (A_L30_MC -> A_C44_MC) type[hb], weight[1.14] from 29 to 43 dist[1.87]
Adding bndlst edge: (A_L30_MC -> A_C44_MC) type[hb], weight[0.89] from 29 to 43 dist[2.12]
Adding bndlst edge: (A_L31_MC -> A_R32_MC) type[cov], weight[1.00] from 30 to 31 dist[1.31]
Adding bndlst edge: (A_R32_MC -> A_D33_MC) type[cov], weight[1.00] from 31 to 32 dist[1.32]
Adding bndlst edge: (A_R32_MC -> A_C42_MC) type[hb], weight[1.20] from 31 to 41 dist[1.83]
Adding bndlst edge: (A_R32_MC -> A_C42_MC) type[hb], weight[0.83] from 31 to 41 dist[2.20]
Adding bndlst edge: (A_R32_SC -> A_C44_SC) type[hb], weight[0.40] from 31 to 43 dist[3.17]
Adding bndlst edge: (A_R32_SC -> A_D33_MC) type[hb], weight[0.82] from 31 to 32 dist[2.21]
Adding bndlst edge: (A_R32_SC -> A_C42_SC) type[hb], weight[0.37] from 31 to 41 dist[3.31]
Adding bndlst edge: (A_D33_MC -> A_S34_MC) type[cov], weight[1.00] from 32 to 33 dist[1.33]
Adding bndlst edge: (A_S34_MC -> A_E35_MC) type[cov], weight[1.00] from 33 to 34 dist[1.31]
Adding bndlst edge: (A_S34_SC -> A_V37_MC) type[hb], weight[0.91] from 33 to 36 dist[2.10]
Adding bndlst edge: (A_S34_SC -> A_S36_SC) type[hb], weight[1.24] from 33 to 35 dist[1.79]
Adding bndlst edge: (A_S34_SC -> A_S36_MC) type[hb], weight[1.08] from 33 to 35 dist[1.93]
Adding bndlst edge: (A_S34_MC -> A_V40_MC) type[hb], weight[1.14] from 33 to 39 dist[1.87]
Adding bndlst edge: (A_S34_SC -> A_S36_SC) type[hb], weight[0.56] from 33 to 35 dist[2.68]
Adding bndlst edge: (A_E35_MC -> A_S36_MC) type[cov], weight[1.00] from 34 to 35 dist[1.32]
Adding bndlst edge: (A_S36_MC -> A_V37_MC) type[cov], weight[1.00] from 35 to 36 dist[1.32]
Adding bndlst edge: (A_V37_MC -> A_P38_MC) type[cov], weight[1.00] from 36 to 37 dist[1.35]
Adding bndlst edge: (A_V37_MC -> A_V40_MC) type[hb], weight[0.80] from 36 to 39 dist[2.24]
Adding bndlst edge: (A_P38_MC -> A_G39_MC) type[cov], weight[1.00] from 37 to 38 dist[1.34]
Adding bndlst edge: (A_P38_MC -> A_V40_MC) type[hb], weight[0.48] from 37 to 39 dist[2.89]
Adding bndlst edge: (A_G39_MC -> A_V40_MC) type[cov], weight[1.00] from 38 to 39 dist[1.33]
Adding bndlst edge: (A_V40_MC -> A_Y41_MC) type[cov], weight[1.00] from 39 to 40 dist[1.32]
Adding bndlst edge: (A_Y41_MC -> A_C42_MC) type[cov], weight[1.00] from 40 to 41 dist[1.30]
Adding bndlst edge: (A_Y41_MC -> A_V56_MC) type[hb], weight[1.22] from 40 to 55 dist[1.81]
Adding bndlst edge: (A_Y41_MC -> A_V56_MC) type[hb], weight[1.13] from 40 to 55 dist[1.88]
Adding bndlst edge: (A_C42_MC -> A_L43_MC) type[cov], weight[1.00] from 41 to 42 dist[1.32]
Adding bndlst edge: (A_C42_MC -> A_C44_SC) type[hb], weight[0.75] from 41 to 43 dist[2.31]
Adding bndlst edge: (A_L43_MC -> A_C44_MC) type[cov], weight[1.00] from 42 to 43 dist[1.33]
Adding bndlst edge: (A_L43_MC -> A_Y54_MC) type[hb], weight[1.14] from 42 to 53 dist[1.88]
Adding bndlst edge: (A_L43_MC -> A_Y54_MC) type[hb], weight[1.15] from 42 to 53 dist[1.86]
Adding bndlst edge: (A_C44_MC -> A_V45_MC) type[cov], weight[1.00] from 43 to 44 dist[1.33]
Adding bndlst edge: (A_V45_MC -> A_L46_MC) type[cov], weight[1.00] from 44 to 45 dist[1.31]
Adding bndlst edge: (A_V45_MC -> A_Y52_MC) type[hb], weight[1.07] from 44 to 51 dist[1.93]
Adding bndlst edge: (A_V45_MC -> A_Y52_MC) type[hb], weight[1.09] from 44 to 51 dist[1.92]
Adding bndlst edge: (A_L46_MC -> A_Y47_MC) type[cov], weight[1.00] from 45 to 46 dist[1.32]
Adding bndlst edge: (A_Y47_MC -> A_H48_MC) type[cov], weight[1.00] from 46 to 47 dist[1.33]
Adding bndlst edge: (A_Y47_MC -> A_Y50_MC) type[hb], weight[0.87] from 46 to 49 dist[2.14]
Adding bndlst edge: (A_Y47_MC -> A_Y50_MC) type[hb], weight[1.05] from 46 to 49 dist[1.95]
Adding bndlst edge: (A_H48_MC -> A_G49_MC) type[cov], weight[1.00] from 47 to 48 dist[1.33]
Adding bndlst edge: (A_H48_MC -> A_Y50_MC) type[hb], weight[0.47] from 47 to 49 dist[2.93]
Adding bndlst edge: (A_G49_MC -> A_Y50_MC) type[cov], weight[1.00] from 48 to 49 dist[1.33]
Adding bndlst edge: (A_Y50_MC -> A_I51_MC) type[cov], weight[1.00] from 49 to 50 dist[1.32]
Adding bndlst edge: (A_I51_MC -> A_Y52_MC) type[cov], weight[1.00] from 50 to 51 dist[1.34]
Adding bndlst edge: (A_I51_MC -> A_T53_SC) type[hb], weight[0.90] from 50 to 52 dist[2.11]
Adding bndlst edge: (A_Y52_MC -> A_T53_MC) type[cov], weight[1.00] from 51 to 52 dist[1.33]
Adding bndlst edge: (A_T53_MC -> A_Y54_MC) type[cov], weight[1.00] from 52 to 53 dist[1.32]
Adding bndlst edge: (A_Y54_MC -> A_R55_MC) type[cov], weight[1.00] from 53 to 54 dist[1.33]
Adding bndlst edge: (A_Y54_SC -> A_V95_MC) type[hb], weight[0.36] from 53 to 94 dist[3.34]
Adding bndlst edge: (A_Y54_SC -> A_V95_MC) type[hb], weight[0.77] from 53 to 94 dist[2.27]
Adding bndlst edge: (A_R55_MC -> A_V56_MC) type[cov], weight[1.00] from 54 to 55 dist[1.34]
Adding bndlst edge: (A_R55_MC -> A_E67_MC) type[hb], weight[1.07] from 54 to 66 dist[1.93]
Adding bndlst edge: (A_R55_SC -> A_E67_SC) type[salt], weight[0.88] from 54 to 66 dist[2.03]
Adding bndlst edge: (A_V56_MC -> A_S57_MC) type[cov], weight[1.00] from 55 to 56 dist[1.33]
Adding bndlst edge: (A_S57_MC -> A_Q58_MC) type[cov], weight[1.00] from 56 to 57 dist[1.33]
Adding bndlst edge: (A_S57_MC -> A_S65_MC) type[hb], weight[0.88] from 56 to 64 dist[2.13]
Adding bndlst edge: (A_S57_MC -> A_S65_MC) type[hb], weight[0.96] from 56 to 64 dist[2.04]
Adding bndlst edge: (A_Q58_MC -> A_T59_MC) type[cov], weight[1.00] from 57 to 58 dist[1.31]
Adding bndlst edge: (A_Q58_SC -> A_W64_SC) type[hb], weight[0.42] from 57 to 63 dist[3.07]
Adding bndlst edge: (A_Q58_SC -> A_G62_MC) type[hb], weight[0.96] from 57 to 61 dist[2.04]
Adding bndlst edge: (A_T59_MC -> A_E60_MC) type[cov], weight[1.00] from 58 to 59 dist[1.32]
Adding bndlst edge: (A_T59_MC -> A_G62_MC) type[hb], weight[1.08] from 58 to 61 dist[1.93]
Adding bndlst edge: (A_T59_MC -> A_T61_MC) type[hb], weight[0.47] from 58 to 60 dist[2.93]
Adding bndlst edge: (A_T59_SC -> A_T61_SC) type[hb], weight[1.37] from 58 to 60 dist[1.71]
Adding bndlst edge: (A_T59_SC -> A_T61_MC) type[hb], weight[0.83] from 58 to 60 dist[2.20]
Adding bndlst edge: (A_T59_SC -> A_S63_MC) type[hb], weight[0.63] from 58 to 62 dist[2.53]
Adding bndlst edge: (A_T59_MC -> A_S63_MC) type[hb], weight[1.21] from 58 to 62 dist[1.82]
Adding bndlst edge: (A_T59_SC -> A_T61_SC) type[hb], weight[0.60] from 58 to 60 dist[2.59]
Adding bndlst edge: (A_T59_SC -> A_S63_SC) type[hb], weight[0.98] from 58 to 62 dist[2.02]
Adding bndlst edge: (A_E60_MC -> A_T61_MC) type[cov], weight[1.00] from 59 to 60 dist[1.32]
Adding bndlst edge: (A_T61_MC -> A_G62_MC) type[cov], weight[1.00] from 60 to 61 dist[1.34]
Adding bndlst edge: (A_T61_SC -> A_S63_MC) type[hb], weight[0.60] from 60 to 62 dist[2.59]
Adding bndlst edge: (A_G62_MC -> A_S63_MC) type[cov], weight[1.00] from 61 to 62 dist[1.32]
Adding bndlst edge: (A_S63_MC -> A_W64_MC) type[cov], weight[1.00] from 62 to 63 dist[1.34]
Adding bndlst edge: (A_S63_SC -> A_Y76_SC) type[hb], weight[0.39] from 62 to 75 dist[3.22]
Adding bndlst edge: (A_W64_MC -> A_S65_MC) type[cov], weight[1.00] from 63 to 64 dist[1.32]
Adding bndlst edge: (A_W64_MC -> A_F77_MC) type[hb], weight[1.07] from 63 to 76 dist[1.93]
Adding bndlst edge: (A_W64_MC -> A_F77_MC) type[hb], weight[1.14] from 63 to 76 dist[1.87]
Adding bndlst edge: (A_S65_MC -> A_A66_MC) type[cov], weight[1.00] from 64 to 65 dist[1.32]
Adding bndlst edge: (A_S65_SC -> A_Y76_SC) type[hb], weight[0.53] from 64 to 75 dist[2.76]
Adding bndlst edge: (A_S65_SC -> A_Y76_SC) type[hb], weight[0.38] from 64 to 75 dist[3.26]
Adding bndlst edge: (A_A66_MC -> A_E67_MC) type[cov], weight[1.00] from 65 to 66 dist[1.32]
Adding bndlst edge: (A_A66_MC -> A_T68_SC) type[hb], weight[1.16] from 65 to 67 dist[1.86]
Adding bndlst edge: (A_E67_MC -> A_T68_MC) type[cov], weight[1.00] from 66 to 67 dist[1.34]
Adding bndlst edge: (A_T68_MC -> A_A69_MC) type[cov], weight[1.00] from 67 to 68 dist[1.33]
Adding bndlst edge: (A_A69_MC -> A_P70_MC) type[cov], weight[1.00] from 68 to 69 dist[1.34]
Adding bndlst edge: (A_A69_MC -> A_V72_MC) type[hb], weight[0.84] from 68 to 71 dist[2.18]
Adding bndlst edge: (A_P70_MC -> A_G71_MC) type[cov], weight[1.00] from 69 to 70 dist[1.33]
Adding bndlst edge: (A_P70_MC -> A_V72_MC) type[hb], weight[0.50] from 69 to 71 dist[2.82]
Adding bndlst edge: (A_G71_MC -> A_V72_MC) type[cov], weight[1.00] from 70 to 71 dist[1.33]
Adding bndlst edge: (A_V72_MC -> A_H73_MC) type[cov], weight[1.00] from 71 to 72 dist[1.33]
Adding bndlst edge: (A_H73_MC -> A_K74_MC) type[cov], weight[1.00] from 72 to 73 dist[1.31]
Adding bndlst edge: (A_K74_MC -> A_R75_MC) type[cov], weight[1.00] from 73 to 74 dist[1.33]
Adding bndlst edge: (A_R75_MC -> A_Y76_MC) type[cov], weight[1.00] from 74 to 75 dist[1.31]
Adding bndlst edge: (A_R75_SC -> A_Q92_SC) type[hb], weight[1.00] from 74 to 91 dist[2.00]
Adding bndlst edge: (A_R75_SC -> A_Q92_MC) type[hb], weight[0.45] from 74 to 91 dist[2.98]
Adding bndlst edge: (A_R75_SC -> A_Q92_MC) type[hb], weight[1.02] from 74 to 91 dist[1.98]
Adding bndlst edge: (A_Y76_MC -> A_F77_MC) type[cov], weight[1.00] from 75 to 76 dist[1.31]
Adding bndlst edge: (A_F77_MC -> A_R78_MC) type[cov], weight[1.00] from 76 to 77 dist[1.35]
Adding bndlst edge: (A_R78_MC -> A_K79_MC) type[cov], weight[1.00] from 77 to 78 dist[1.30]
Adding bndlst edge: (A_K79_MC -> A_I80_MC) type[cov], weight[1.00] from 78 to 79 dist[1.32]
Adding bndlst edge: (A_K79_MC -> A_L83_MC) type[hb], weight[0.70] from 78 to 82 dist[2.38]
Adding bndlst edge: (A_K79_MC -> A_N82_MC) type[hb], weight[0.81] from 78 to 81 dist[2.22]
Adding bndlst edge: (A_K79_MC -> A_N82_SC) type[hb], weight[0.55] from 78 to 81 dist[2.70]
Adding bndlst edge: (A_I80_MC -> A_K81_MC) type[cov], weight[1.00] from 79 to 80 dist[1.31]
Adding bndlst edge: (A_I80_MC -> A_I84_MC) type[hb], weight[1.04] from 79 to 83 dist[1.96]
Adding bndlst edge: (A_I80_MC -> A_L83_MC) type[hb], weight[0.66] from 79 to 82 dist[2.47]
Adding bndlst edge: (A_K81_MC -> A_N82_MC) type[cov], weight[1.00] from 80 to 81 dist[1.34]
Adding bndlst edge: (A_K81_MC -> A_S85_MC) type[hb], weight[1.07] from 80 to 84 dist[1.93]
Adding bndlst edge: (A_K81_MC -> A_S85_SC) type[hb], weight[0.91] from 80 to 84 dist[2.10]
Adding bndlst edge: (A_N82_MC -> A_L83_MC) type[cov], weight[1.00] from 81 to 82 dist[1.33]
Adding bndlst edge: (A_N82_MC -> A_A86_MC) type[hb], weight[0.93] from 81 to 85 dist[2.07]
Adding bndlst edge: (A_L83_MC -> A_I84_MC) type[cov], weight[1.00] from 82 to 83 dist[1.34]
Adding bndlst edge: (A_L83_MC -> A_F87_MC) type[hb], weight[0.86] from 82 to 86 dist[2.16]
Adding bndlst edge: (A_L83_MC -> A_A86_MC) type[hb], weight[0.57] from 82 to 85 dist[2.64]
Adding bndlst edge: (A_I84_MC -> A_S85_MC) type[cov], weight[1.00] from 83 to 84 dist[1.32]
Adding bndlst edge: (A_I84_MC -> A_F87_MC) type[hb], weight[0.61] from 83 to 86 dist[2.57]
Adding bndlst edge: (A_I84_MC -> A_Q88_MC) type[hb], weight[0.71] from 83 to 87 dist[2.37]
Adding bndlst edge: (A_S85_MC -> A_A86_MC) type[cov], weight[1.00] from 84 to 85 dist[1.35]
Adding bndlst edge: (A_S85_MC -> A_K89_SC) type[hb], weight[0.58] from 84 to 88 dist[2.62]
Adding bndlst edge: (A_S85_MC -> A_Q88_MC) type[hb], weight[0.67] from 84 to 87 dist[2.44]
Adding bndlst edge: (A_A86_MC -> A_F87_MC) type[cov], weight[1.00] from 85 to 86 dist[1.32]
Adding bndlst edge: (A_A86_MC -> A_K89_MC) type[hb], weight[0.78] from 85 to 88 dist[2.26]
Adding bndlst edge: (A_F87_MC -> A_Q88_MC) type[cov], weight[1.00] from 86 to 87 dist[1.33]
Adding bndlst edge: (A_F87_MC -> A_L98_MC) type[hb], weight[0.98] from 86 to 97 dist[2.02]
Adding bndlst edge: (A_Q88_MC -> A_K89_MC) type[cov], weight[1.00] from 87 to 88 dist[1.34]
Adding bndlst edge: (A_K89_MC -> A_P90_MC) type[cov], weight[1.00] from 88 to 89 dist[1.32]
Adding bndlst edge: (A_P90_MC -> A_D91_MC) type[cov], weight[1.00] from 89 to 90 dist[1.33]
Adding bndlst edge: (A_P90_MC -> A_Q92_SC) type[hb], weight[0.95] from 89 to 91 dist[2.05]
Adding bndlst edge: (A_D91_MC -> A_Q92_MC) type[cov], weight[1.00] from 90 to 91 dist[1.33]
Adding bndlst edge: (A_Q92_MC -> A_G93_MC) type[cov], weight[1.00] from 91 to 92 dist[1.32]
Adding bndlst edge: (A_G93_MC -> A_I94_MC) type[cov], weight[1.00] from 92 to 93 dist[1.32]
Adding bndlst edge: (A_I94_MC -> A_V95_MC) type[cov], weight[1.00] from 93 to 94 dist[1.34]
Adding bndlst edge: (A_V95_MC -> A_I96_MC) type[cov], weight[1.00] from 94 to 95 dist[1.30]
Adding bndlst edge: (A_I96_MC -> A_P97_MC) type[cov], weight[1.00] from 95 to 96 dist[1.33]
Adding bndlst edge: (A_P97_MC -> A_L98_MC) type[cov], weight[1.00] from 96 to 97 dist[1.35]
Adding bndlst edge: (A_L98_MC -> A_Q99_MC) type[cov], weight[1.00] from 97 to 98 dist[1.32]
Adding bndlst edge: (A_Q99_MC -> A_Y100_MC) type[cov], weight[1.00] from 98 to 99 dist[1.32]
Adding bndlst edge: (A_Y100_MC -> A_P101_MC) type[cov], weight[1.00] from 99 to 100 dist[1.34]
Adding bndlst edge: (A_P101_MC -> A_V102_MC) type[cov], weight[1.00] from 100 to 101 dist[1.29]
Adding bndlst edge: (A_V102_MC -> A_E103_MC) type[cov], weight[1.00] from 101 to 102 dist[1.33]
Adding bndlst edge: (A_E103_MC -> A_K104_MC) type[cov], weight[1.00] from 102 to 103 dist[1.33]

bndlst DONE

Producing PAJEK network
printing pajek edge (A_34_SER,A_36_SER)
printing pajek edge (A_34_SER,A_40_VAL)
printing pajek edge (A_34_SER,A_35_GLU)
printing pajek edge (A_34_SER,A_37_VAL)
printing pajek edge (A_33_ASP,A_34_SER)
printing pajek edge (A_91_ASP,A_92_GLN)
printing pajek edge (A_64_TRP,A_65_SER)
printing pajek edge (A_64_TRP,A_77_PHE)
printing pajek edge (A_22_ALA,A_23_THR)
printing pajek edge (A_72_VAL,A_73_HIS)
printing pajek edge (A_103_GLU,A_104_LYS)
printing pajek edge (A_8_HIS,A_9_GLY)
printing pajek edge (A_8_HIS,A_102_VAL)
printing pajek edge (A_8_HIS,A_31_LEU)
printing pajek edge (A_81_LYS,A_85_SER)
printing pajek edge (A_81_LYS,A_82_ASN)
printing pajek edge (A_27_GLY,A_28_SER)
printing pajek edge (A_27_GLY,A_100_TYR)
printing pajek edge (A_27_GLY,A_99_GLN)
printing pajek edge (A_27_GLY,A_46_LEU)
printing pajek edge (A_100_TYR,A_101_PRO)
printing pajek edge (A_19_LEU,A_23_THR)
printing pajek edge (A_19_LEU,A_22_ALA)
printing pajek edge (A_19_LEU,A_20_LEU)
printing pajek edge (A_73_HIS,A_74_LYS)
printing pajek edge (A_17_GLU,A_20_LEU)
printing pajek edge (A_17_GLU,A_18_LYS)
printing pajek edge (A_17_GLU,A_21_LEU)
printing pajek edge (A_45_VAL,A_46_LEU)
printing pajek edge (A_45_VAL,A_52_TYR)
printing pajek edge (A_56_VAL,A_57_SER)
printing pajek edge (A_85_SER,A_88_GLN)
printing pajek edge (A_85_SER,A_89_LYS)
printing pajek edge (A_85_SER,A_86_ALA)
printing pajek edge (A_75_ARG,A_76_TYR)
printing pajek edge (A_75_ARG,A_92_GLN)
printing pajek edge (A_28_SER,A_29_TYR)
printing pajek edge (A_28_SER,A_46_LEU)
printing pajek edge (A_96_ILE,A_97_PRO)
printing pajek edge (A_58_GLN,A_64_TRP)
printing pajek edge (A_58_GLN,A_62_GLY)
printing pajek edge (A_58_GLN,A_59_THR)
printing pajek edge (A_62_GLY,A_63_SER)
printing pajek edge (A_21_LEU,A_22_ALA)
printing pajek edge (A_21_LEU,A_24_GLY)
printing pajek edge (A_93_GLY,A_94_ILE)
printing pajek edge (A_90_PRO,A_91_ASP)
printing pajek edge (A_90_PRO,A_92_GLN)
printing pajek edge (A_11_ILE,A_12_SER)
printing pajek edge (A_32_ARG,A_33_ASP)
printing pajek edge (A_32_ARG,A_33_ASP)
printing pajek edge (A_32_ARG,A_44_CYS)
printing pajek edge (A_32_ARG,A_42_CYS)
printing pajek edge (A_36_SER,A_37_VAL)
printing pajek edge (A_12_SER,A_13_ARG)
printing pajek edge (A_12_SER,A_15_THR)
printing pajek edge (A_12_SER,A_16_GLY)
printing pajek edge (A_92_GLN,A_93_GLY)
printing pajek edge (A_79_LYS,A_82_ASN)
printing pajek edge (A_79_LYS,A_83_LEU)
printing pajek edge (A_79_LYS,A_80_ILE)
printing pajek edge (A_49_GLY,A_50_TYR)
printing pajek edge (A_88_GLN,A_89_LYS)
printing pajek edge (A_94_ILE,A_95_VAL)
printing pajek edge (A_78_ARG,A_79_LYS)
printing pajek edge (A_66_ALA,A_68_THR)
printing pajek edge (A_66_ALA,A_67_GLU)
printing pajek edge (A_30_LEU,A_31_LEU)
printing pajek edge (A_30_LEU,A_44_CYS)
printing pajek edge (A_51_ILE,A_53_THR)
printing pajek edge (A_51_ILE,A_52_TYR)
printing pajek edge (A_40_VAL,A_41_TYR)
printing pajek edge (A_65_SER,A_76_TYR)
printing pajek edge (A_65_SER,A_66_ALA)
printing pajek edge (A_98_LEU,A_99_GLN)
printing pajek edge (A_59_THR,A_60_GLU)
printing pajek edge (A_59_THR,A_61_THR)
printing pajek edge (A_59_THR,A_62_GLY)
printing pajek edge (A_59_THR,A_63_SER)
printing pajek edge (A_42_CYS,A_43_LEU)
printing pajek edge (A_42_CYS,A_44_CYS)
printing pajek edge (A_13_ARG,A_35_GLU)
printing pajek edge (A_13_ARG,A_17_GLU)
printing pajek edge (A_13_ARG,A_17_GLU)
printing pajek edge (A_13_ARG,A_14_GLU)
printing pajek edge (A_13_ARG,A_16_GLY)
printing pajek edge (A_16_GLY,A_19_LEU)
printing pajek edge (A_16_GLY,A_20_LEU)
printing pajek edge (A_16_GLY,A_17_GLU)
printing pajek edge (A_82_ASN,A_86_ALA)
printing pajek edge (A_82_ASN,A_83_LEU)
printing pajek edge (A_53_THR,A_54_TYR)
printing pajek edge (A_61_THR,A_62_GLY)
printing pajek edge (A_61_THR,A_63_SER)
printing pajek edge (A_57_SER,A_65_SER)
printing pajek edge (A_57_SER,A_58_GLN)
printing pajek edge (A_102_VAL,A_103_GLU)
printing pajek edge (A_74_LYS,A_75_ARG)
printing pajek edge (A_67_GLU,A_68_THR)
printing pajek edge (A_46_LEU,A_47_TYR)
printing pajek edge (A_87_PHE,A_88_GLN)
printing pajek edge (A_87_PHE,A_98_LEU)
printing pajek edge (A_77_PHE,A_78_ARG)
printing pajek edge (A_20_LEU,A_23_THR)
printing pajek edge (A_20_LEU,A_23_THR)
printing pajek edge (A_20_LEU,A_24_GLY)
printing pajek edge (A_20_LEU,A_21_LEU)
printing pajek edge (A_63_SER,A_64_TRP)
printing pajek edge (A_63_SER,A_76_TYR)
printing pajek edge (A_55_ARG,A_67_GLU)
printing pajek edge (A_55_ARG,A_67_GLU)
printing pajek edge (A_55_ARG,A_56_VAL)
printing pajek edge (A_68_THR,A_69_ALA)
printing pajek edge (A_71_GLY,A_72_VAL)
printing pajek edge (A_69_ALA,A_70_PRO)
printing pajek edge (A_69_ALA,A_72_VAL)
printing pajek edge (A_3_ALA,A_4_VAL)
printing pajek edge (A_18_LYS,A_22_ALA)
printing pajek edge (A_18_LYS,A_19_LEU)
printing pajek edge (A_2_ASP,A_3_ALA)
printing pajek edge (A_89_LYS,A_90_PRO)
printing pajek edge (A_31_LEU,A_32_ARG)
printing pajek edge (A_101_PRO,A_102_VAL)
printing pajek edge (A_83_LEU,A_86_ALA)
printing pajek edge (A_83_LEU,A_84_ILE)
printing pajek edge (A_83_LEU,A_87_PHE)
printing pajek edge (A_26_ASP,A_27_GLY)
printing pajek edge (A_26_ASP,A_48_HIS)
printing pajek edge (A_29_TYR,A_100_TYR)
printing pajek edge (A_29_TYR,A_102_VAL)
printing pajek edge (A_29_TYR,A_30_LEU)
printing pajek edge (A_84_ILE,A_85_SER)
printing pajek edge (A_84_ILE,A_88_GLN)
printing pajek edge (A_84_ILE,A_87_PHE)
printing pajek edge (A_76_TYR,A_77_PHE)
printing pajek edge (A_41_TYR,A_42_CYS)
printing pajek edge (A_41_TYR,A_56_VAL)
printing pajek edge (A_15_THR,A_19_LEU)
printing pajek edge (A_15_THR,A_18_LYS)
printing pajek edge (A_15_THR,A_16_GLY)
printing pajek edge (A_70_PRO,A_72_VAL)
printing pajek edge (A_70_PRO,A_71_GLY)
printing pajek edge (A_60_GLU,A_61_THR)
printing pajek edge (A_50_TYR,A_51_ILE)
printing pajek edge (A_25_LEU,A_28_SER)
printing pajek edge (A_25_LEU,A_26_ASP)
printing pajek edge (A_54_TYR,A_95_VAL)
printing pajek edge (A_54_TYR,A_55_ARG)
printing pajek edge (A_80_ILE,A_84_ILE)
printing pajek edge (A_80_ILE,A_81_LYS)
printing pajek edge (A_80_ILE,A_83_LEU)
printing pajek edge (A_23_THR,A_25_LEU)
printing pajek edge (A_23_THR,A_24_GLY)
printing pajek edge (A_23_THR,A_24_GLY)
printing pajek edge (A_43_LEU,A_54_TYR)
printing pajek edge (A_43_LEU,A_44_CYS)
printing pajek edge (A_1_MET,A_7_TYR)
printing pajek edge (A_1_MET,A_2_ASP)
printing pajek edge (A_1_MET,A_4_VAL)
printing pajek edge (A_47_TYR,A_50_TYR)
printing pajek edge (A_47_TYR,A_48_HIS)
printing pajek edge (A_24_GLY,A_25_LEU)
printing pajek edge (A_14_GLU,A_17_GLU)
printing pajek edge (A_14_GLU,A_18_LYS)
printing pajek edge (A_14_GLU,A_15_THR)
printing pajek edge (A_97_PRO,A_98_LEU)
printing pajek edge (A_7_TYR,A_9_GLY)
printing pajek edge (A_7_TYR,A_33_ASP)
printing pajek edge (A_7_TYR,A_104_LYS)
printing pajek edge (A_7_TYR,A_41_TYR)
printing pajek edge (A_7_TYR,A_8_HIS)
printing pajek edge (A_86_ALA,A_89_LYS)
printing pajek edge (A_86_ALA,A_87_PHE)
printing pajek edge (A_4_VAL,A_7_TYR)
printing pajek edge (A_4_VAL,A_5_ALA)
printing pajek edge (A_37_VAL,A_40_VAL)
printing pajek edge (A_37_VAL,A_38_PRO)
printing pajek edge (A_95_VAL,A_96_ILE)
printing pajek edge (A_10_LYS,A_33_ASP)
printing pajek edge (A_10_LYS,A_11_ILE)
printing pajek edge (A_52_TYR,A_53_THR)
printing pajek edge (A_48_HIS,A_50_TYR)
printing pajek edge (A_48_HIS,A_49_GLY)
printing pajek edge (A_9_GLY,A_33_ASP)
printing pajek edge (A_9_GLY,A_11_ILE)
printing pajek edge (A_9_GLY,A_10_LYS)
printing pajek edge (A_39_GLY,A_40_VAL)
printing pajek edge (A_99_GLN,A_100_TYR)
printing pajek edge (A_5_ALA,A_7_TYR)
printing pajek edge (A_5_ALA,A_104_LYS)
printing pajek edge (A_5_ALA,A_6_VAL)
printing pajek edge (A_35_GLU,A_36_SER)
printing pajek edge (A_38_PRO,A_39_GLY)
printing pajek edge (A_38_PRO,A_40_VAL)
printing pajek edge (A_44_CYS,A_45_VAL)
printing pajek edge (A_6_VAL,A_7_TYR)
printing pajek edge (A_6_VAL,A_31_LEU)
