Graph START

Adding vertex (chain-A, position-1, res-ALA)
New vertex id: 0
1 2 3 4 5 
Adding vertex (chain-A, position-2, res-MET)
New vertex id: 1
6 7 8 9 10 
Adding vertex (chain-A, position-3, res-ALA)
New vertex id: 2
11 12 13 14 15 
Adding vertex (chain-A, position-4, res-ASP)
New vertex id: 3
16 17 18 19 20 
Adding vertex (chain-A, position-5, res-LEU)
New vertex id: 4
21 22 23 24 25 26 27 28 
Adding vertex (chain-A, position-6, res-GLU)
New vertex id: 5
29 30 31 32 33 
Adding vertex (chain-A, position-7, res-GLN)
New vertex id: 6
34 35 36 37 38 
Adding vertex (chain-A, position-8, res-LYS)
New vertex id: 7
39 40 41 42 43 
Adding vertex (chain-A, position-9, res-VAL)
New vertex id: 8
44 45 46 47 48 49 50 
Adding vertex (chain-A, position-10, res-LEU)
New vertex id: 9
51 52 53 54 55 56 57 58 
Adding vertex (chain-A, position-11, res-GLU)
New vertex id: 10
59 60 61 62 63 
Adding vertex (chain-A, position-12, res-MET)
New vertex id: 11
64 65 66 67 68 69 70 71 
Adding vertex (chain-A, position-13, res-GLU)
New vertex id: 12
72 73 74 75 76 77 78 79 80 
Adding vertex (chain-A, position-14, res-ALA)
New vertex id: 13
81 82 83 84 85 
Adding vertex (chain-A, position-15, res-SER)
New vertex id: 14
86 87 88 89 90 91 
Adding vertex (chain-A, position-16, res-THR)
New vertex id: 15
92 93 94 95 96 97 98 
Adding vertex (chain-A, position-17, res-TYR)
New vertex id: 16
99 100 101 102 103 104 105 106 107 108 109 110 
Adding vertex (chain-A, position-18, res-ASP)
New vertex id: 17
111 112 113 114 115 116 117 118 
Adding vertex (chain-A, position-19, res-GLY)
New vertex id: 18
119 120 121 122 
Adding vertex (chain-A, position-20, res-VAL)
New vertex id: 19
123 124 125 126 127 128 129 
Adding vertex (chain-A, position-21, res-PHE)
New vertex id: 20
130 131 132 133 134 135 136 137 138 139 140 
Adding vertex (chain-A, position-22, res-ILE)
New vertex id: 21
141 142 143 144 145 146 147 148 
Adding vertex (chain-A, position-23, res-TRP)
New vertex id: 22
149 150 151 152 153 154 155 156 157 158 159 160 161 162 
Adding vertex (chain-A, position-24, res-LYS)
New vertex id: 23
163 164 165 166 167 168 169 170 171 
Adding vertex (chain-A, position-25, res-ILE)
New vertex id: 24
172 173 174 175 176 177 178 179 
Adding vertex (chain-A, position-26, res-SER)
New vertex id: 25
180 181 182 183 184 185 
Adding vertex (chain-A, position-27, res-ASP)
New vertex id: 26
186 187 188 189 190 191 192 193 
Adding vertex (chain-A, position-28, res-PHE)
New vertex id: 27
194 195 196 197 198 199 200 201 202 203 204 
Adding vertex (chain-A, position-29, res-PRO)
New vertex id: 28
205 206 207 208 209 
Adding vertex (chain-A, position-30, res-ARG)
New vertex id: 29
210 211 212 213 214 215 216 217 218 219 220 
Adding vertex (chain-A, position-31, res-LYS)
New vertex id: 30
221 222 223 224 225 226 227 228 229 
Adding vertex (chain-A, position-32, res-ARG)
New vertex id: 31
230 231 232 233 234 235 236 237 238 239 240 
Adding vertex (chain-A, position-33, res-GLN)
New vertex id: 32
241 242 243 244 245 246 247 248 249 
Adding vertex (chain-A, position-34, res-GLU)
New vertex id: 33
250 251 252 253 254 255 256 257 258 
Adding vertex (chain-A, position-35, res-ALA)
New vertex id: 34
259 260 261 262 263 
Adding vertex (chain-A, position-36, res-VAL)
New vertex id: 35
264 265 266 267 268 269 270 
Adding vertex (chain-A, position-37, res-ALA)
New vertex id: 36
271 272 273 274 275 
Adding vertex (chain-A, position-38, res-GLY)
New vertex id: 37
276 277 278 279 
Adding vertex (chain-A, position-39, res-ARG)
New vertex id: 38
280 281 282 283 284 285 286 287 288 289 290 
Adding vertex (chain-A, position-40, res-ILE)
New vertex id: 39
291 292 293 294 295 296 297 298 
Adding vertex (chain-A, position-41, res-PRO)
New vertex id: 40
299 300 301 302 303 304 305 
Adding vertex (chain-A, position-42, res-ALA)
New vertex id: 41
306 307 308 309 310 
Adding vertex (chain-A, position-43, res-ILE)
New vertex id: 42
311 312 313 314 315 316 317 318 
Adding vertex (chain-A, position-44, res-PHE)
New vertex id: 43
319 320 321 322 323 324 325 326 327 328 329 
Adding vertex (chain-A, position-45, res-SER)
New vertex id: 44
330 331 332 333 334 335 
Adding vertex (chain-A, position-46, res-PRO)
New vertex id: 45
336 337 338 339 340 341 342 
Adding vertex (chain-A, position-47, res-ALA)
New vertex id: 46
343 344 345 346 347 
Adding vertex (chain-A, position-48, res-PHE)
New vertex id: 47
348 349 350 351 352 353 354 355 356 357 358 
Adding vertex (chain-A, position-49, res-TYR)
New vertex id: 48
359 360 361 362 363 364 365 366 367 368 369 370 
Adding vertex (chain-A, position-50, res-THR)
New vertex id: 49
371 372 373 374 375 376 377 
Adding vertex (chain-A, position-51, res-SER)
New vertex id: 50
378 379 380 381 382 383 
Adding vertex (chain-A, position-52, res-ARG)
New vertex id: 51
384 385 386 387 388 389 390 391 392 393 394 
Adding vertex (chain-A, position-53, res-TYR)
New vertex id: 52
395 396 397 398 399 400 401 402 403 404 405 406 
Adding vertex (chain-A, position-54, res-GLY)
New vertex id: 53
407 408 409 410 
Adding vertex (chain-A, position-55, res-TYR)
New vertex id: 54
411 412 413 414 415 416 417 418 419 420 421 422 
Adding vertex (chain-A, position-56, res-LYS)
New vertex id: 55
423 424 425 426 427 428 429 430 431 
Adding vertex (chain-A, position-57, res-MET)
New vertex id: 56
432 433 434 435 436 437 438 439 
Adding vertex (chain-A, position-58, res-CYS)
New vertex id: 57
440 441 442 443 444 445 
Adding vertex (chain-A, position-59, res-LEU)
New vertex id: 58
446 447 448 449 450 451 452 453 
Adding vertex (chain-A, position-60, res-ARG)
New vertex id: 59
454 455 456 457 458 459 460 461 462 463 464 
Adding vertex (chain-A, position-61, res-ILE)
New vertex id: 60
465 466 467 468 469 470 471 472 
Adding vertex (chain-A, position-62, res-TYR)
New vertex id: 61
473 474 475 476 477 478 479 480 481 482 483 484 
Adding vertex (chain-A, position-63, res-LEU)
New vertex id: 62
485 486 487 488 489 490 491 492 
Adding vertex (chain-A, position-64, res-ASN)
New vertex id: 63
493 494 495 496 497 498 499 500 
Adding vertex (chain-A, position-65, res-GLY)
New vertex id: 64
501 502 503 504 
Adding vertex (chain-A, position-66, res-ASP)
New vertex id: 65
505 506 507 508 509 510 511 512 
Adding vertex (chain-A, position-67, res-GLY)
New vertex id: 66
513 514 515 516 
Adding vertex (chain-A, position-68, res-THR)
New vertex id: 67
517 518 519 520 521 522 523 
Adding vertex (chain-A, position-69, res-GLY)
New vertex id: 68
524 525 526 527 
Adding vertex (chain-A, position-70, res-ARG)
New vertex id: 69
528 529 530 531 532 
Adding vertex (chain-A, position-71, res-GLY)
New vertex id: 70
533 534 535 536 
Adding vertex (chain-A, position-72, res-THR)
New vertex id: 71
537 538 539 540 541 542 543 
Adding vertex (chain-A, position-73, res-HIS)
New vertex id: 72
544 545 546 547 548 549 550 551 552 553 
Adding vertex (chain-A, position-74, res-LEU)
New vertex id: 73
554 555 556 557 558 559 560 561 
Adding vertex (chain-A, position-75, res-SER)
New vertex id: 74
562 563 564 565 566 567 
Adding vertex (chain-A, position-76, res-LEU)
New vertex id: 75
568 569 570 571 572 573 574 575 
Adding vertex (chain-A, position-77, res-PHE)
New vertex id: 76
576 577 578 579 580 581 582 583 584 585 586 
Adding vertex (chain-A, position-78, res-PHE)
New vertex id: 77
587 588 589 590 591 592 593 594 595 596 597 
Adding vertex (chain-A, position-79, res-VAL)
New vertex id: 78
598 599 600 601 602 603 604 
Adding vertex (chain-A, position-80, res-VAL)
New vertex id: 79
605 606 607 608 609 610 611 
Adding vertex (chain-A, position-81, res-MET)
New vertex id: 80
612 613 614 615 616 617 618 619 
Adding vertex (chain-A, position-82, res-LYS)
New vertex id: 81
620 621 622 623 624 625 626 627 628 
Adding vertex (chain-A, position-83, res-GLY)
New vertex id: 82
629 630 631 632 
Adding vertex (chain-A, position-84, res-PRO)
New vertex id: 83
633 634 635 636 637 638 639 
Adding vertex (chain-A, position-85, res-ASN)
New vertex id: 84
640 641 642 643 644 645 646 647 
Adding vertex (chain-A, position-86, res-ASP)
New vertex id: 85
648 649 650 651 652 653 654 655 
Adding vertex (chain-A, position-87, res-ALA)
New vertex id: 86
656 657 658 659 660 
Adding vertex (chain-A, position-88, res-LEU)
New vertex id: 87
661 662 663 664 665 666 667 668 
Adding vertex (chain-A, position-89, res-LEU)
New vertex id: 88
669 670 671 672 673 674 675 676 
Adding vertex (chain-A, position-90, res-ARG)
New vertex id: 89
677 678 679 680 681 
Adding vertex (chain-A, position-91, res-TRP)
New vertex id: 90
682 683 684 685 686 687 688 689 690 691 692 693 694 695 
Adding vertex (chain-A, position-92, res-PRO)
New vertex id: 91
696 697 698 699 700 701 702 
Adding vertex (chain-A, position-93, res-PHE)
New vertex id: 92
703 704 705 706 707 708 709 710 711 712 713 
Adding vertex (chain-A, position-94, res-ASN)
New vertex id: 93
714 715 716 717 718 719 720 721 
Adding vertex (chain-A, position-95, res-GLN)
New vertex id: 94
722 723 724 725 726 727 728 729 730 
Adding vertex (chain-A, position-96, res-LYS)
New vertex id: 95
731 732 733 734 735 736 737 738 739 
Adding vertex (chain-A, position-97, res-VAL)
New vertex id: 96
740 741 742 743 744 745 746 
Adding vertex (chain-A, position-98, res-THR)
New vertex id: 97
747 748 749 750 751 752 753 
Adding vertex (chain-A, position-99, res-LEU)
New vertex id: 98
754 755 756 757 758 759 760 761 
Adding vertex (chain-A, position-100, res-MET)
New vertex id: 99
762 763 764 765 766 767 768 769 
Adding vertex (chain-A, position-101, res-LEU)
New vertex id: 100
770 771 772 773 774 775 776 777 
Adding vertex (chain-A, position-102, res-LEU)
New vertex id: 101
778 779 780 781 782 783 784 785 
Adding vertex (chain-A, position-103, res-ASP)
New vertex id: 102
786 787 788 789 790 791 792 793 
Adding vertex (chain-A, position-104, res-GLN)
New vertex id: 103
794 795 796 797 798 799 800 801 802 
Adding vertex (chain-A, position-105, res-ASN)
New vertex id: 104
803 804 805 806 807 808 809 810 
Adding vertex (chain-A, position-106, res-ASN)
New vertex id: 105
811 812 813 814 815 816 817 818 
Adding vertex (chain-A, position-107, res-ARG)
New vertex id: 106
819 820 821 822 823 
Adding vertex (chain-A, position-108, res-GLU)
New vertex id: 107
824 825 826 827 828 
Adding vertex (chain-A, position-109, res-HIS)
New vertex id: 108
829 830 831 832 833 834 835 836 837 838 
Adding vertex (chain-A, position-110, res-VAL)
New vertex id: 109
839 840 841 842 843 844 845 
Adding vertex (chain-A, position-111, res-ILE)
New vertex id: 110
846 847 848 849 850 851 852 853 
Adding vertex (chain-A, position-112, res-ASP)
New vertex id: 111
854 855 856 857 858 859 860 861 
Adding vertex (chain-A, position-113, res-ALA)
New vertex id: 112
862 863 864 865 866 
Adding vertex (chain-A, position-114, res-PHE)
New vertex id: 113
867 868 869 870 871 872 873 874 875 876 877 
Adding vertex (chain-A, position-115, res-ARG)
New vertex id: 114
878 879 880 881 882 883 884 885 886 887 888 
Adding vertex (chain-A, position-116, res-PRO)
New vertex id: 115
889 890 891 892 893 894 895 
Adding vertex (chain-A, position-117, res-ASP)
New vertex id: 116
896 897 898 899 900 901 902 903 
Adding vertex (chain-A, position-118, res-VAL)
New vertex id: 117
904 905 906 907 908 909 910 
Adding vertex (chain-A, position-119, res-THR)
New vertex id: 118
911 912 913 914 915 916 917 
Adding vertex (chain-A, position-120, res-SER)
New vertex id: 119
918 919 920 921 922 923 
Adding vertex (chain-A, position-121, res-SER)
New vertex id: 120
924 925 926 927 928 929 
Adding vertex (chain-A, position-122, res-SER)
New vertex id: 121
930 931 932 933 934 935 
Adding vertex (chain-A, position-123, res-PHE)
New vertex id: 122
936 937 938 939 940 941 942 943 944 945 946 
Adding vertex (chain-A, position-124, res-GLN)
New vertex id: 123
947 948 949 950 951 952 953 954 955 
Adding vertex (chain-A, position-125, res-ARG)
New vertex id: 124
956 957 958 959 960 961 962 963 964 965 966 
Adding vertex (chain-A, position-126, res-PRO)
New vertex id: 125
967 968 969 970 971 972 973 
Adding vertex (chain-A, position-127, res-VAL)
New vertex id: 126
974 975 976 977 978 979 980 
Adding vertex (chain-A, position-128, res-ASN)
New vertex id: 127
981 982 983 984 985 986 987 988 
Adding vertex (chain-A, position-129, res-ASP)
New vertex id: 128
989 990 991 992 993 994 995 996 
Adding vertex (chain-A, position-130, res-MET)
New vertex id: 129
997 998 999 1000 1001 1002 1003 1004 
Adding vertex (chain-A, position-131, res-ASN)
New vertex id: 130
1005 1006 1007 1008 1009 1010 1011 1012 
Adding vertex (chain-A, position-132, res-ILE)
New vertex id: 131
1013 1014 1015 1016 1017 1018 1019 1020 
Adding vertex (chain-A, position-133, res-ALA)
New vertex id: 132
1021 1022 1023 1024 1025 
Adding vertex (chain-A, position-134, res-SER)
New vertex id: 133
1026 1027 1028 1029 1030 1031 
Adding vertex (chain-A, position-135, res-GLY)
New vertex id: 134
1032 1033 1034 1035 
Adding vertex (chain-A, position-136, res-CYS)
New vertex id: 135
1036 1037 1038 1039 1040 1041 
Adding vertex (chain-A, position-137, res-PRO)
New vertex id: 136
1042 1043 1044 1045 1046 1047 1048 
Adding vertex (chain-A, position-138, res-LEU)
New vertex id: 137
1049 1050 1051 1052 1053 1054 1055 1056 
Adding vertex (chain-A, position-139, res-PHE)
New vertex id: 138
1057 1058 1059 1060 1061 1062 1063 1064 1065 1066 1067 
Adding vertex (chain-A, position-140, res-CYS)
New vertex id: 139
1068 1069 1070 1071 1072 1073 
Adding vertex (chain-A, position-141, res-PRO)
New vertex id: 140
1074 1075 1076 1077 1078 1079 1080 
Adding vertex (chain-A, position-142, res-VAL)
New vertex id: 141
1081 1082 1083 1084 1085 1086 1087 
Adding vertex (chain-A, position-143, res-SER)
New vertex id: 142
1088 1089 1090 1091 1092 1093 
Adding vertex (chain-A, position-144, res-LYS)
New vertex id: 143
1094 1095 1096 1097 1098 1099 1100 1101 1102 
Adding vertex (chain-A, position-145, res-MET)
New vertex id: 144
1103 1104 1105 1106 1107 1108 1109 1110 
Adding vertex (chain-A, position-146, res-GLU)
New vertex id: 145
1111 1112 1113 1114 1115 
Adding vertex (chain-A, position-147, res-ALA)
New vertex id: 146
1116 1117 1118 1119 1120 
Adding vertex (chain-A, position-148, res-LYS)
New vertex id: 147
1121 1122 1123 1124 1125 
Adding vertex (chain-A, position-149, res-ASN)
New vertex id: 148
1126 1127 1128 1129 1130 1131 1132 1133 
Adding vertex (chain-A, position-150, res-SER)
New vertex id: 149
1134 1135 1136 1137 1138 1139 
Adding vertex (chain-A, position-151, res-TYR)
New vertex id: 150
1140 1141 1142 1143 1144 1145 1146 1147 1148 1149 1150 1151 
Adding vertex (chain-A, position-152, res-VAL)
New vertex id: 151
1152 1153 1154 1155 1156 1157 1158 
Adding vertex (chain-A, position-153, res-ARG)
New vertex id: 152
1159 1160 1161 1162 1163 1164 1165 1166 1167 1168 1169 
Adding vertex (chain-A, position-154, res-ASP)
New vertex id: 153
1170 1171 1172 1173 1174 1175 1176 1177 
Adding vertex (chain-A, position-155, res-ASP)
New vertex id: 154
1178 1179 1180 1181 1182 1183 1184 1185 
Adding vertex (chain-A, position-156, res-ALA)
New vertex id: 155
1186 1187 1188 1189 1190 
Adding vertex (chain-A, position-157, res-ILE)
New vertex id: 156
1191 1192 1193 1194 1195 1196 1197 1198 
Adding vertex (chain-A, position-158, res-PHE)
New vertex id: 157
1199 1200 1201 1202 1203 1204 1205 1206 1207 1208 1209 
Adding vertex (chain-A, position-159, res-ILE)
New vertex id: 158
1210 1211 1212 1213 1214 1215 1216 1217 
Adding vertex (chain-A, position-160, res-LYS)
New vertex id: 159
1218 1219 1220 1221 1222 1223 1224 1225 1226 
Adding vertex (chain-A, position-161, res-ALA)
New vertex id: 160
1227 1228 1229 1230 1231 
Adding vertex (chain-A, position-162, res-ILE)
New vertex id: 161
1232 1233 1234 1235 1236 1237 1238 1239 
Adding vertex (chain-A, position-163, res-VAL)
New vertex id: 162
1240 1241 1242 1243 1244 1245 1246 
Adding vertex (chain-A, position-164, res-ASP)
New vertex id: 163
1247 1248 1249 1250 1251 1252 1253 1254 
Adding vertex (chain-A, position-165, res-LEU)
New vertex id: 164
1255 1256 1257 1258 1259 1260 1261 1262 
Adding vertex (chain-A, position-166, res-THR)
New vertex id: 165
1263 1264 1265 1266 1267 1268 1269 
Adding vertex (chain-A, position-167, res-GLY)
New vertex id: 166
1270 1271 1272 1273 
Adding vertex (chain-A, position-168, res-LEU)
New vertex id: 167
1274 1275 1276 1277 1278 1279 1280 1281 1282 
Graph DONE

( reduce -FLIPs 1CZY.pdb > 1CZY.H.pdb ) >& /dev/null
Reduce (-FLIPs) returned 0
( bndlst -Radius0.3 1CZY.H.pdb > 1CZY.H.bndlst ) >& /dev/null
BndLst returned 0
Parsing 1CZY.H.bndlst

bndlst START
Adding bndlst edge: (A_A1_MC -> A_M2_MC) type[cov], weight[1.00] from 0 to 1 dist[1.33]
Adding bndlst edge: (A_A1_MC -> A_L5_MC) type[hb], weight[0.59] from 0 to 4 dist[2.60]
Adding bndlst edge: (A_A1_MC -> A_D4_MC) type[hb], weight[0.65] from 0 to 3 dist[2.48]
Adding bndlst edge: (A_M2_MC -> A_A3_MC) type[cov], weight[1.00] from 1 to 2 dist[1.33]
Adding bndlst edge: (A_M2_MC -> A_L5_MC) type[hb], weight[0.54] from 1 to 4 dist[2.73]
Adding bndlst edge: (A_M2_MC -> A_E6_MC) type[hb], weight[1.08] from 1 to 5 dist[1.92]
Adding bndlst edge: (A_A3_MC -> A_D4_MC) type[cov], weight[1.00] from 2 to 3 dist[1.33]
Adding bndlst edge: (A_A3_MC -> A_Q7_MC) type[hb], weight[0.98] from 2 to 6 dist[2.02]
Adding bndlst edge: (A_D4_MC -> A_L5_MC) type[cov], weight[1.00] from 3 to 4 dist[1.33]
Adding bndlst edge: (A_D4_MC -> A_K8_MC) type[hb], weight[0.87] from 3 to 7 dist[2.15]
Adding bndlst edge: (A_D4_MC -> A_Q7_MC) type[hb], weight[0.46] from 3 to 6 dist[2.96]
Adding bndlst edge: (A_L5_MC -> A_E6_MC) type[cov], weight[1.00] from 4 to 5 dist[1.33]
Adding bndlst edge: (A_L5_MC -> A_K8_MC) type[hb], weight[0.59] from 4 to 7 dist[2.60]
Adding bndlst edge: (A_L5_MC -> A_V9_MC) type[hb], weight[1.15] from 4 to 8 dist[1.86]
Adding bndlst edge: (A_E6_MC -> A_Q7_MC) type[cov], weight[1.00] from 5 to 6 dist[1.33]
Adding bndlst edge: (A_E6_MC -> A_L10_MC) type[hb], weight[1.15] from 5 to 9 dist[1.86]
Adding bndlst edge: (A_E6_MC -> A_V9_MC) type[hb], weight[0.58] from 5 to 8 dist[2.62]
Adding bndlst edge: (A_Q7_MC -> A_K8_MC) type[cov], weight[1.00] from 6 to 7 dist[1.33]
Adding bndlst edge: (A_Q7_MC -> A_E11_MC) type[hb], weight[0.91] from 6 to 10 dist[2.09]
Adding bndlst edge: (A_Q7_MC -> A_L10_MC) type[hb], weight[0.47] from 6 to 9 dist[2.92]
Adding bndlst edge: (A_K8_MC -> A_V9_MC) type[cov], weight[1.00] from 7 to 8 dist[1.33]
Adding bndlst edge: (A_K8_MC -> A_E11_MC) type[hb], weight[0.53] from 7 to 10 dist[2.75]
Adding bndlst edge: (A_K8_MC -> A_M12_MC) type[hb], weight[1.01] from 7 to 11 dist[1.99]
Adding bndlst edge: (A_V9_MC -> A_L10_MC) type[cov], weight[1.00] from 8 to 9 dist[1.33]
Adding bndlst edge: (A_V9_MC -> A_E13_MC) type[hb], weight[1.14] from 8 to 12 dist[1.87]
Adding bndlst edge: (A_V9_MC -> A_M12_MC) type[hb], weight[0.47] from 8 to 11 dist[2.90]
Adding bndlst edge: (A_L10_MC -> A_E11_MC) type[cov], weight[1.00] from 9 to 10 dist[1.33]
Adding bndlst edge: (A_L10_MC -> A_A14_MC) type[hb], weight[0.79] from 9 to 13 dist[2.25]
Adding bndlst edge: (A_E11_MC -> A_M12_MC) type[cov], weight[1.00] from 10 to 11 dist[1.33]
Adding bndlst edge: (A_E11_MC -> A_S15_MC) type[hb], weight[0.83] from 10 to 14 dist[2.19]
Adding bndlst edge: (A_E11_MC -> A_A14_MC) type[hb], weight[0.65] from 10 to 13 dist[2.48]
Adding bndlst edge: (A_M12_MC -> A_E13_MC) type[cov], weight[1.00] from 11 to 12 dist[1.33]
Adding bndlst edge: (A_M12_MC -> A_S15_MC) type[hb], weight[0.67] from 11 to 14 dist[2.45]
Adding bndlst edge: (A_M12_MC -> A_S15_SC) type[hb], weight[1.29] from 11 to 14 dist[1.76]
Adding bndlst edge: (A_E13_MC -> A_A14_MC) type[cov], weight[1.00] from 12 to 13 dist[1.33]
Adding bndlst edge: (A_A14_MC -> A_S15_MC) type[cov], weight[1.00] from 13 to 14 dist[1.33]
Adding bndlst edge: (A_S15_MC -> A_T16_MC) type[cov], weight[1.00] from 14 to 15 dist[1.33]
Adding bndlst edge: (A_T16_MC -> A_Y17_MC) type[cov], weight[1.00] from 15 to 16 dist[1.33]
Adding bndlst edge: (A_T16_MC -> A_Y49_MC) type[hb], weight[1.19] from 15 to 48 dist[1.83]
Adding bndlst edge: (A_T16_SC -> A_V20_MC) type[hb], weight[1.16] from 15 to 19 dist[1.86]
Adding bndlst edge: (A_Y17_MC -> A_D18_MC) type[cov], weight[1.00] from 16 to 17 dist[1.33]
Adding bndlst edge: (A_D18_MC -> A_G19_MC) type[cov], weight[1.00] from 17 to 18 dist[1.33]
Adding bndlst edge: (A_D18_MC -> A_V20_MC) type[hb], weight[0.48] from 17 to 19 dist[2.90]
Adding bndlst edge: (A_D18_SC -> A_V20_MC) type[hb], weight[0.93] from 17 to 19 dist[2.07]
Adding bndlst edge: (A_G19_MC -> A_V20_MC) type[cov], weight[1.00] from 18 to 19 dist[1.33]
Adding bndlst edge: (A_G19_MC -> A_V163_MC) type[hb], weight[1.29] from 18 to 162 dist[1.76]
Adding bndlst edge: (A_G19_MC -> A_Y49_MC) type[hb], weight[1.07] from 18 to 48 dist[1.94]
Adding bndlst edge: (A_V20_MC -> A_F21_MC) type[cov], weight[1.00] from 19 to 20 dist[1.33]
Adding bndlst edge: (A_F21_MC -> A_I22_MC) type[cov], weight[1.00] from 20 to 21 dist[1.33]
Adding bndlst edge: (A_F21_MC -> A_A161_MC) type[hb], weight[1.15] from 20 to 160 dist[1.87]
Adding bndlst edge: (A_F21_MC -> A_A161_MC) type[hb], weight[1.03] from 20 to 160 dist[1.97]
Adding bndlst edge: (A_I22_MC -> A_W23_MC) type[cov], weight[1.00] from 21 to 22 dist[1.33]
Adding bndlst edge: (A_W23_MC -> A_K24_MC) type[cov], weight[1.00] from 22 to 23 dist[1.33]
Adding bndlst edge: (A_W23_MC -> A_I159_MC) type[hb], weight[1.13] from 22 to 158 dist[1.88]
Adding bndlst edge: (A_W23_MC -> A_I159_MC) type[hb], weight[1.46] from 22 to 158 dist[1.66]
Adding bndlst edge: (A_K24_MC -> A_I25_MC) type[cov], weight[1.00] from 23 to 24 dist[1.33]
Adding bndlst edge: (A_I25_MC -> A_S26_MC) type[cov], weight[1.00] from 24 to 25 dist[1.33]
Adding bndlst edge: (A_I25_MC -> A_I157_MC) type[hb], weight[0.81] from 24 to 156 dist[2.22]
Adding bndlst edge: (A_I25_MC -> A_I157_MC) type[hb], weight[1.04] from 24 to 156 dist[1.96]
Adding bndlst edge: (A_S26_MC -> A_D27_MC) type[cov], weight[1.00] from 25 to 26 dist[1.33]
Adding bndlst edge: (A_S26_MC -> A_K31_SC) type[hb], weight[0.87] from 25 to 30 dist[2.15]
Adding bndlst edge: (A_D27_MC -> A_F28_MC) type[cov], weight[1.00] from 26 to 27 dist[1.33]
Adding bndlst edge: (A_D27_MC -> A_K31_MC) type[hb], weight[0.95] from 26 to 30 dist[2.06]
Adding bndlst edge: (A_D27_MC -> A_R30_MC) type[hb], weight[0.48] from 26 to 29 dist[2.90]
Adding bndlst edge: (A_D27_SC -> A_R30_SC) type[cov], weight[1.00] from 26 to 29 dist[1.64]
Adding bndlst edge: (A_D27_MC -> A_D155_MC) type[hb], weight[0.47] from 26 to 154 dist[2.92]
Adding bndlst edge: (A_F28_MC -> A_P29_MC) type[cov], weight[1.00] from 27 to 28 dist[1.33]
Adding bndlst edge: (A_F28_MC -> A_R32_MC) type[hb], weight[1.26] from 27 to 31 dist[1.78]
Adding bndlst edge: (A_F28_MC -> A_D155_MC) type[hb], weight[0.90] from 27 to 154 dist[2.11]
Adding bndlst edge: (A_F28_MC -> A_D155_SC) type[hb], weight[0.48] from 27 to 154 dist[2.90]
Adding bndlst edge: (A_P29_MC -> A_R30_MC) type[cov], weight[1.00] from 28 to 29 dist[1.33]
Adding bndlst edge: (A_P29_MC -> A_Q33_MC) type[hb], weight[0.99] from 28 to 32 dist[2.01]
Adding bndlst edge: (A_P29_MC -> A_R32_MC) type[hb], weight[0.48] from 28 to 31 dist[2.89]
Adding bndlst edge: (A_R30_MC -> A_K31_MC) type[cov], weight[1.00] from 29 to 30 dist[1.33]
Adding bndlst edge: (A_R30_MC -> A_E34_MC) type[hb], weight[1.06] from 29 to 33 dist[1.94]
Adding bndlst edge: (A_R30_MC -> A_Q33_MC) type[hb], weight[0.61] from 29 to 32 dist[2.56]
Adding bndlst edge: (A_R30_SC -> A_E34_SC) type[salt], weight[0.46] from 29 to 33 dist[2.80]
Adding bndlst edge: (A_R30_SC -> A_E34_SC) type[salt], weight[0.47] from 29 to 33 dist[2.76]
Adding bndlst edge: (A_K31_MC -> A_R32_MC) type[cov], weight[1.00] from 30 to 31 dist[1.32]
Adding bndlst edge: (A_K31_MC -> A_A35_MC) type[hb], weight[0.71] from 30 to 34 dist[2.38]
Adding bndlst edge: (A_K31_MC -> A_E34_MC) type[hb], weight[0.54] from 30 to 33 dist[2.73]
Adding bndlst edge: (A_R32_MC -> A_Q33_MC) type[cov], weight[1.00] from 31 to 32 dist[1.33]
Adding bndlst edge: (A_R32_MC -> A_V36_MC) type[hb], weight[0.91] from 31 to 35 dist[2.09]
Adding bndlst edge: (A_R32_MC -> A_A35_MC) type[hb], weight[0.72] from 31 to 34 dist[2.36]
Adding bndlst edge: (A_R32_SC -> A_L63_MC) type[hb], weight[0.63] from 31 to 62 dist[2.51]
Adding bndlst edge: (A_R32_SC -> A_L63_MC) type[hb], weight[0.69] from 31 to 62 dist[2.42]
Adding bndlst edge: (A_R32_SC -> A_N64_SC) type[hb], weight[0.66] from 31 to 63 dist[2.46]
Adding bndlst edge: (A_Q33_MC -> A_E34_MC) type[cov], weight[1.00] from 32 to 33 dist[1.33]
Adding bndlst edge: (A_Q33_MC -> A_V36_MC) type[hb], weight[0.53] from 32 to 35 dist[2.75]
Adding bndlst edge: (A_Q33_MC -> A_A37_MC) type[hb], weight[1.06] from 32 to 36 dist[1.94]
Adding bndlst edge: (A_E34_MC -> A_A35_MC) type[cov], weight[1.00] from 33 to 34 dist[1.33]
Adding bndlst edge: (A_E34_MC -> A_R39_MC) type[hb], weight[0.77] from 33 to 38 dist[2.28]
Adding bndlst edge: (A_E34_MC -> A_G38_MC) type[hb], weight[0.48] from 33 to 37 dist[2.89]
Adding bndlst edge: (A_E34_MC -> A_I40_MC) type[hb], weight[1.12] from 33 to 39 dist[1.89]
Adding bndlst edge: (A_E34_SC -> A_R39_SC) type[salt], weight[0.44] from 33 to 38 dist[2.85]
Adding bndlst edge: (A_A35_MC -> A_V36_MC) type[cov], weight[1.00] from 34 to 35 dist[1.33]
Adding bndlst edge: (A_A35_MC -> A_G38_MC) type[hb], weight[1.02] from 34 to 37 dist[1.98]
Adding bndlst edge: (A_V36_MC -> A_A37_MC) type[cov], weight[1.00] from 35 to 36 dist[1.33]
Adding bndlst edge: (A_A37_MC -> A_G38_MC) type[cov], weight[1.00] from 36 to 37 dist[1.33]
Adding bndlst edge: (A_G38_MC -> A_R39_MC) type[cov], weight[1.00] from 37 to 38 dist[1.33]
Adding bndlst edge: (A_R39_MC -> A_I40_MC) type[cov], weight[1.00] from 38 to 39 dist[1.33]
Adding bndlst edge: (A_I40_MC -> A_P41_MC) type[cov], weight[1.00] from 39 to 40 dist[1.34]
Adding bndlst edge: (A_P41_MC -> A_A42_MC) type[cov], weight[1.00] from 40 to 41 dist[1.33]
Adding bndlst edge: (A_A42_MC -> A_I43_MC) type[cov], weight[1.00] from 41 to 42 dist[1.33]
Adding bndlst edge: (A_I43_MC -> A_F44_MC) type[cov], weight[1.00] from 42 to 43 dist[1.33]
Adding bndlst edge: (A_I43_MC -> A_I61_MC) type[hb], weight[0.91] from 42 to 60 dist[2.10]
Adding bndlst edge: (A_I43_MC -> A_I61_MC) type[hb], weight[0.94] from 42 to 60 dist[2.07]
Adding bndlst edge: (A_F44_MC -> A_S45_MC) type[cov], weight[1.00] from 43 to 44 dist[1.33]
Adding bndlst edge: (A_F44_SC -> A_R60_SC) type[hb], weight[0.45] from 43 to 59 dist[2.97]
Adding bndlst edge: (A_S45_MC -> A_P46_MC) type[cov], weight[1.00] from 44 to 45 dist[1.34]
Adding bndlst edge: (A_S45_SC -> A_L59_MC) type[hb], weight[1.14] from 44 to 58 dist[1.88]
Adding bndlst edge: (A_S45_MC -> A_L59_MC) type[hb], weight[1.06] from 44 to 58 dist[1.94]
Adding bndlst edge: (A_S45_SC -> A_P46_MC) type[hb], weight[1.10] from 44 to 45 dist[1.90]
Adding bndlst edge: (A_P46_MC -> A_A47_MC) type[cov], weight[1.00] from 45 to 46 dist[1.33]
Adding bndlst edge: (A_A47_MC -> A_F48_MC) type[cov], weight[1.00] from 46 to 47 dist[1.33]
Adding bndlst edge: (A_F48_MC -> A_Y49_MC) type[cov], weight[1.00] from 47 to 48 dist[1.33]
Adding bndlst edge: (A_F48_MC -> A_M57_MC) type[hb], weight[1.07] from 47 to 56 dist[1.94]
Adding bndlst edge: (A_F48_MC -> A_M57_MC) type[hb], weight[1.09] from 47 to 56 dist[1.92]
Adding bndlst edge: (A_Y49_MC -> A_T50_MC) type[cov], weight[1.00] from 48 to 49 dist[1.33]
Adding bndlst edge: (A_T50_MC -> A_S51_MC) type[cov], weight[1.00] from 49 to 50 dist[1.33]
Adding bndlst edge: (A_T50_SC -> A_Y55_MC) type[hb], weight[0.84] from 49 to 54 dist[2.18]
Adding bndlst edge: (A_T50_MC -> A_Y55_MC) type[hb], weight[0.63] from 49 to 54 dist[2.53]
Adding bndlst edge: (A_T50_SC -> A_Y55_SC) type[hb], weight[0.44] from 49 to 54 dist[3.01]
Adding bndlst edge: (A_S51_MC -> A_R52_MC) type[cov], weight[1.00] from 50 to 51 dist[1.33]
Adding bndlst edge: (A_S51_MC -> A_G54_MC) type[hb], weight[0.90] from 50 to 53 dist[2.11]
Adding bndlst edge: (A_S51_SC -> A_G54_MC) type[hb], weight[0.46] from 50 to 53 dist[2.96]
Adding bndlst edge: (A_S51_SC -> A_Y53_MC) type[hb], weight[0.49] from 50 to 52 dist[2.86]
Adding bndlst edge: (A_R52_MC -> A_Y53_MC) type[cov], weight[1.00] from 51 to 52 dist[1.33]
Adding bndlst edge: (A_Y53_MC -> A_G54_MC) type[cov], weight[1.00] from 52 to 53 dist[1.33]
Adding bndlst edge: (A_G54_MC -> A_Y55_MC) type[cov], weight[1.00] from 53 to 54 dist[1.33]
Adding bndlst edge: (A_Y55_MC -> A_K56_MC) type[cov], weight[1.00] from 54 to 55 dist[1.33]
Adding bndlst edge: (A_Y55_SC -> A_R90_MC) type[hb], weight[1.43] from 54 to 89 dist[1.68]
Adding bndlst edge: (A_K56_MC -> A_M57_MC) type[cov], weight[1.00] from 55 to 56 dist[1.33]
Adding bndlst edge: (A_K56_MC -> A_M81_MC) type[hb], weight[1.15] from 55 to 80 dist[1.86]
Adding bndlst edge: (A_M57_MC -> A_C58_MC) type[cov], weight[1.00] from 56 to 57 dist[1.33]
Adding bndlst edge: (A_C58_MC -> A_L59_MC) type[cov], weight[1.00] from 57 to 58 dist[1.32]
Adding bndlst edge: (A_C58_MC -> A_V79_MC) type[hb], weight[1.04] from 57 to 78 dist[1.96]
Adding bndlst edge: (A_C58_MC -> A_V79_MC) type[hb], weight[0.85] from 57 to 78 dist[2.16]
Adding bndlst edge: (A_C58_SC -> A_M81_SC) type[hb], weight[0.63] from 57 to 80 dist[2.52]
Adding bndlst edge: (A_L59_MC -> A_R60_MC) type[cov], weight[1.00] from 58 to 59 dist[1.33]
Adding bndlst edge: (A_R60_MC -> A_I61_MC) type[cov], weight[1.00] from 59 to 60 dist[1.33]
Adding bndlst edge: (A_R60_MC -> A_F77_MC) type[hb], weight[1.33] from 59 to 76 dist[1.73]
Adding bndlst edge: (A_R60_MC -> A_F77_MC) type[hb], weight[1.12] from 59 to 76 dist[1.89]
Adding bndlst edge: (A_R60_SC -> A_Y62_SC) type[hb], weight[0.45] from 59 to 61 dist[2.99]
Adding bndlst edge: (A_R60_SC -> A_Y62_SC) type[hb], weight[0.40] from 59 to 61 dist[3.15]
Adding bndlst edge: (A_R60_SC -> A_Y62_SC) type[hb], weight[0.47] from 59 to 61 dist[2.93]
Adding bndlst edge: (A_I61_MC -> A_Y62_MC) type[cov], weight[1.00] from 60 to 61 dist[1.33]
Adding bndlst edge: (A_Y62_MC -> A_L63_MC) type[cov], weight[1.00] from 61 to 62 dist[1.33]
Adding bndlst edge: (A_Y62_MC -> A_S75_MC) type[hb], weight[0.84] from 61 to 74 dist[2.18]
Adding bndlst edge: (A_Y62_MC -> A_G65_MC) type[hb], weight[1.00] from 61 to 64 dist[2.00]
Adding bndlst edge: (A_Y62_MC -> A_N64_MC) type[hb], weight[0.49] from 61 to 63 dist[2.85]
Adding bndlst edge: (A_Y62_MC -> A_S75_MC) type[hb], weight[1.15] from 61 to 74 dist[1.87]
Adding bndlst edge: (A_L63_MC -> A_N64_MC) type[cov], weight[1.00] from 62 to 63 dist[1.33]
Adding bndlst edge: (A_N64_MC -> A_G65_MC) type[cov], weight[1.00] from 63 to 64 dist[1.33]
Adding bndlst edge: (A_N64_MC -> A_G71_MC) type[hb], weight[1.30] from 63 to 70 dist[1.76]
Adding bndlst edge: (A_G65_MC -> A_D66_MC) type[cov], weight[1.00] from 64 to 65 dist[1.33]
Adding bndlst edge: (A_G65_MC -> A_H73_MC) type[hb], weight[0.47] from 64 to 72 dist[2.93]
Adding bndlst edge: (A_D66_MC -> A_G67_MC) type[cov], weight[1.00] from 65 to 66 dist[1.33]
Adding bndlst edge: (A_D66_MC -> A_G69_MC) type[hb], weight[0.99] from 65 to 68 dist[2.01]
Adding bndlst edge: (A_D66_SC -> A_G67_MC) type[hb], weight[0.49] from 65 to 66 dist[2.86]
Adding bndlst edge: (A_D66_MC -> A_S75_SC) type[hb], weight[1.14] from 65 to 74 dist[1.88]
Adding bndlst edge: (A_G67_MC -> A_T68_MC) type[cov], weight[1.00] from 66 to 67 dist[1.33]
Adding bndlst edge: (A_G67_MC -> A_R70_MC) type[hb], weight[0.88] from 66 to 69 dist[2.13]
Adding bndlst edge: (A_G67_MC -> A_G69_MC) type[hb], weight[0.46] from 66 to 68 dist[2.95]
Adding bndlst edge: (A_T68_MC -> A_G69_MC) type[cov], weight[1.00] from 67 to 68 dist[1.33]
Adding bndlst edge: (A_G69_MC -> A_R70_MC) type[cov], weight[1.00] from 68 to 69 dist[1.33]
Adding bndlst edge: (A_G69_MC -> A_T72_MC) type[hb], weight[0.90] from 68 to 71 dist[2.10]
Adding bndlst edge: (A_G69_MC -> A_H73_MC) type[hb], weight[1.18] from 68 to 72 dist[1.84]
Adding bndlst edge: (A_R70_MC -> A_G71_MC) type[cov], weight[1.00] from 69 to 70 dist[1.33]
Adding bndlst edge: (A_R70_MC -> A_T72_MC) type[hb], weight[0.54] from 69 to 71 dist[2.73]
Adding bndlst edge: (A_G71_MC -> A_T72_MC) type[cov], weight[1.00] from 70 to 71 dist[1.33]
Adding bndlst edge: (A_T72_MC -> A_H73_MC) type[cov], weight[1.00] from 71 to 72 dist[1.33]
Adding bndlst edge: (A_T72_MC -> A_V142_MC) type[hb], weight[1.14] from 71 to 141 dist[1.87]
Adding bndlst edge: (A_T72_SC -> A_H73_SC) type[hb], weight[1.37] from 71 to 72 dist[1.71]
Adding bndlst edge: (A_T72_SC -> A_H73_SC) type[hb], weight[0.57] from 71 to 72 dist[2.65]
Adding bndlst edge: (A_H73_MC -> A_L74_MC) type[cov], weight[1.00] from 72 to 73 dist[1.32]
Adding bndlst edge: (A_L74_MC -> A_S75_MC) type[cov], weight[1.00] from 73 to 74 dist[1.33]
Adding bndlst edge: (A_L74_MC -> A_F139_MC) type[hb], weight[0.53] from 73 to 138 dist[2.75]
Adding bndlst edge: (A_L74_MC -> A_C140_MC) type[hb], weight[0.76] from 73 to 139 dist[2.29]
Adding bndlst edge: (A_L74_MC -> A_C140_MC) type[cov], weight[1.00] from 73 to 139 dist[1.55]
Adding bndlst edge: (A_S75_MC -> A_L76_MC) type[cov], weight[1.00] from 74 to 75 dist[1.33]
Adding bndlst edge: (A_S75_SC -> A_P137_MC) type[hb], weight[1.40] from 74 to 136 dist[1.69]
Adding bndlst edge: (A_L76_MC -> A_F77_MC) type[cov], weight[1.00] from 75 to 76 dist[1.33]
Adding bndlst edge: (A_L76_MC -> A_C136_MC) type[hb], weight[1.07] from 75 to 135 dist[1.93]
Adding bndlst edge: (A_L76_MC -> A_C136_MC) type[hb], weight[0.84] from 75 to 135 dist[2.18]
Adding bndlst edge: (A_F77_MC -> A_F78_MC) type[cov], weight[1.00] from 76 to 77 dist[1.33]
Adding bndlst edge: (A_F77_SC -> A_G135_MC) type[hb], weight[0.36] from 76 to 134 dist[3.32]
Adding bndlst edge: (A_F78_MC -> A_V79_MC) type[cov], weight[1.00] from 77 to 78 dist[1.33]
Adding bndlst edge: (A_F78_MC -> A_S134_MC) type[hb], weight[0.97] from 77 to 133 dist[2.03]
Adding bndlst edge: (A_F78_SC -> A_V79_MC) type[hb], weight[0.38] from 77 to 78 dist[3.24]
Adding bndlst edge: (A_F78_MC -> A_S134_MC) type[hb], weight[1.22] from 77 to 133 dist[1.81]
Adding bndlst edge: (A_V79_MC -> A_V80_MC) type[cov], weight[1.00] from 78 to 79 dist[1.33]
Adding bndlst edge: (A_V80_MC -> A_M81_MC) type[cov], weight[1.00] from 79 to 80 dist[1.33]
Adding bndlst edge: (A_V80_MC -> A_N131_MC) type[hb], weight[0.97] from 79 to 130 dist[2.03]
Adding bndlst edge: (A_M81_MC -> A_K82_MC) type[cov], weight[1.00] from 80 to 81 dist[1.33]
Adding bndlst edge: (A_M81_MC -> A_G83_MC) type[hb], weight[0.48] from 80 to 82 dist[2.89]
Adding bndlst edge: (A_K82_MC -> A_G83_MC) type[cov], weight[1.00] from 81 to 82 dist[1.33]
Adding bndlst edge: (A_K82_MC -> A_D129_MC) type[hb], weight[0.97] from 81 to 128 dist[2.03]
Adding bndlst edge: (A_K82_SC -> A_V127_MC) type[hb], weight[1.25] from 81 to 126 dist[1.79]
Adding bndlst edge: (A_G83_MC -> A_P84_MC) type[cov], weight[1.00] from 82 to 83 dist[1.34]
Adding bndlst edge: (A_G83_MC -> A_D86_MC) type[hb], weight[0.71] from 82 to 85 dist[2.37]
Adding bndlst edge: (A_G83_MC -> A_N85_MC) type[hb], weight[0.46] from 82 to 84 dist[2.94]
Adding bndlst edge: (A_G83_MC -> A_D86_SC) type[hb], weight[0.79] from 82 to 85 dist[2.25]
Adding bndlst edge: (A_G83_MC -> A_D86_SC) type[hb], weight[0.98] from 82 to 85 dist[2.02]
Adding bndlst edge: (A_P84_MC -> A_N85_MC) type[cov], weight[1.00] from 83 to 84 dist[1.33]
Adding bndlst edge: (A_N85_MC -> A_D86_MC) type[cov], weight[1.00] from 84 to 85 dist[1.33]
Adding bndlst edge: (A_N85_MC -> A_A87_MC) type[hb], weight[0.46] from 84 to 86 dist[2.95]
Adding bndlst edge: (A_N85_MC -> A_L88_MC) type[hb], weight[1.24] from 84 to 87 dist[1.79]
Adding bndlst edge: (A_D86_MC -> A_A87_MC) type[cov], weight[1.00] from 85 to 86 dist[1.33]
Adding bndlst edge: (A_D86_MC -> A_W91_SC) type[hb], weight[1.17] from 85 to 90 dist[1.85]
Adding bndlst edge: (A_D86_MC -> A_L89_MC) type[hb], weight[0.89] from 85 to 88 dist[2.12]
Adding bndlst edge: (A_A87_MC -> A_L88_MC) type[cov], weight[1.00] from 86 to 87 dist[1.33]
Adding bndlst edge: (A_L88_MC -> A_L89_MC) type[cov], weight[1.00] from 87 to 88 dist[1.33]
Adding bndlst edge: (A_L89_MC -> A_R90_MC) type[cov], weight[1.00] from 88 to 89 dist[1.33]
Adding bndlst edge: (A_R90_MC -> A_W91_MC) type[cov], weight[1.00] from 89 to 90 dist[1.32]
Adding bndlst edge: (A_W91_MC -> A_P92_MC) type[cov], weight[1.00] from 90 to 91 dist[1.34]
Adding bndlst edge: (A_P92_MC -> A_F93_MC) type[cov], weight[1.00] from 91 to 92 dist[1.33]
Adding bndlst edge: (A_F93_MC -> A_N94_MC) type[cov], weight[1.00] from 92 to 93 dist[1.33]
Adding bndlst edge: (A_F93_SC -> A_Q95_MC) type[hb], weight[0.49] from 92 to 94 dist[2.85]
Adding bndlst edge: (A_F93_SC -> A_Q95_MC) type[hb], weight[0.50] from 92 to 94 dist[2.83]
Adding bndlst edge: (A_F93_MC -> A_F123_MC) type[hb], weight[1.18] from 92 to 122 dist[1.84]
Adding bndlst edge: (A_N94_MC -> A_Q95_MC) type[cov], weight[1.00] from 93 to 94 dist[1.33]
Adding bndlst edge: (A_Q95_MC -> A_K96_MC) type[cov], weight[1.00] from 94 to 95 dist[1.33]
Adding bndlst edge: (A_Q95_SC -> A_T166_MC) type[hb], weight[0.98] from 94 to 165 dist[2.02]
Adding bndlst edge: (A_Q95_SC -> A_D164_MC) type[hb], weight[0.95] from 94 to 163 dist[2.05]
Adding bndlst edge: (A_K96_MC -> A_V97_MC) type[cov], weight[1.00] from 95 to 96 dist[1.33]
Adding bndlst edge: (A_K96_MC -> A_D164_MC) type[hb], weight[1.12] from 95 to 163 dist[1.89]
Adding bndlst edge: (A_V97_MC -> A_T98_MC) type[cov], weight[1.00] from 96 to 97 dist[1.33]
Adding bndlst edge: (A_V97_MC -> A_F114_MC) type[hb], weight[0.88] from 96 to 113 dist[2.13]
Adding bndlst edge: (A_V97_MC -> A_F114_MC) type[hb], weight[1.07] from 96 to 113 dist[1.93]
Adding bndlst edge: (A_T98_MC -> A_L99_MC) type[cov], weight[1.00] from 97 to 98 dist[1.33]
Adding bndlst edge: (A_T98_MC -> A_I162_MC) type[hb], weight[1.09] from 97 to 161 dist[1.92]
Adding bndlst edge: (A_T98_MC -> A_I162_MC) type[hb], weight[1.10] from 97 to 161 dist[1.91]
Adding bndlst edge: (A_L99_MC -> A_M100_MC) type[cov], weight[1.00] from 98 to 99 dist[1.33]
Adding bndlst edge: (A_L99_MC -> A_D112_MC) type[hb], weight[0.87] from 98 to 111 dist[2.14]
Adding bndlst edge: (A_L99_MC -> A_D112_MC) type[hb], weight[1.12] from 98 to 111 dist[1.89]
Adding bndlst edge: (A_M100_MC -> A_L101_MC) type[cov], weight[1.00] from 99 to 100 dist[1.33]
Adding bndlst edge: (A_M100_MC -> A_K160_MC) type[hb], weight[1.15] from 99 to 159 dist[1.87]
Adding bndlst edge: (A_M100_MC -> A_K160_MC) type[hb], weight[1.13] from 99 to 159 dist[1.88]
Adding bndlst edge: (A_L101_MC -> A_L102_MC) type[cov], weight[1.00] from 100 to 101 dist[1.33]
Adding bndlst edge: (A_L101_MC -> A_V110_MC) type[hb], weight[0.94] from 100 to 109 dist[2.06]
Adding bndlst edge: (A_L101_MC -> A_V110_MC) type[hb], weight[0.97] from 100 to 109 dist[2.03]
Adding bndlst edge: (A_L102_MC -> A_D103_MC) type[cov], weight[1.00] from 101 to 102 dist[1.33]
Adding bndlst edge: (A_L102_MC -> A_F158_MC) type[hb], weight[1.01] from 101 to 157 dist[1.99]
Adding bndlst edge: (A_D103_MC -> A_Q104_MC) type[cov], weight[1.00] from 102 to 103 dist[1.33]
Adding bndlst edge: (A_D103_MC -> A_N105_MC) type[hb], weight[0.49] from 102 to 104 dist[2.87]
Adding bndlst edge: (A_D103_MC -> A_H109_SC) type[hb], weight[0.66] from 102 to 108 dist[2.47]
Adding bndlst edge: (A_D103_MC -> A_N106_MC) type[hb], weight[1.16] from 102 to 105 dist[1.86]
Adding bndlst edge: (A_D103_SC -> A_S150_SC) type[cov], weight[1.00] from 102 to 149 dist[1.62]
Adding bndlst edge: (A_D103_SC -> A_N105_MC) type[hb], weight[1.14] from 102 to 104 dist[1.87]
Adding bndlst edge: (A_D103_SC -> A_Q104_MC) type[hb], weight[0.46] from 102 to 103 dist[2.96]
Adding bndlst edge: (A_D103_SC -> A_R107_MC) type[hb], weight[1.14] from 102 to 106 dist[1.87]
Adding bndlst edge: (A_D103_SC -> A_E108_MC) type[hb], weight[1.20] from 102 to 107 dist[1.83]
Adding bndlst edge: (A_D103_MC -> A_H109_SC) type[hb], weight[0.56] from 102 to 108 dist[2.68]
Adding bndlst edge: (A_D103_MC -> A_H109_SC) type[hb], weight[1.19] from 102 to 108 dist[1.83]
Adding bndlst edge: (A_D103_MC -> A_H109_SC) type[hb], weight[0.45] from 102 to 108 dist[2.97]
Adding bndlst edge: (A_Q104_MC -> A_N105_MC) type[cov], weight[1.00] from 103 to 104 dist[1.33]
Adding bndlst edge: (A_Q104_MC -> A_S150_MC) type[hb], weight[1.37] from 103 to 149 dist[1.71]
Adding bndlst edge: (A_Q104_SC -> A_A156_MC) type[hb], weight[0.85] from 103 to 155 dist[2.17]
Adding bndlst edge: (A_Q104_SC -> A_A156_MC) type[hb], weight[0.46] from 103 to 155 dist[2.93]
Adding bndlst edge: (A_Q104_SC -> A_Y151_MC) type[hb], weight[1.04] from 103 to 150 dist[1.96]
Adding bndlst edge: (A_N105_MC -> A_N106_MC) type[cov], weight[1.00] from 104 to 105 dist[1.33]
Adding bndlst edge: (A_N105_SC -> A_R153_SC) type[hb], weight[0.49] from 104 to 152 dist[2.86]
Adding bndlst edge: (A_N105_SC -> A_R153_SC) type[hb], weight[0.68] from 104 to 152 dist[2.43]
Adding bndlst edge: (A_N105_SC -> A_S150_SC) type[hb], weight[0.45] from 104 to 149 dist[2.99]
Adding bndlst edge: (A_N105_SC -> A_S150_SC) type[hb], weight[0.64] from 104 to 149 dist[2.49]
Adding bndlst edge: (A_N106_MC -> A_R107_MC) type[cov], weight[1.00] from 105 to 106 dist[1.33]
Adding bndlst edge: (A_R107_MC -> A_E108_MC) type[cov], weight[1.00] from 106 to 107 dist[1.33]
Adding bndlst edge: (A_E108_MC -> A_H109_MC) type[cov], weight[1.00] from 107 to 108 dist[1.32]
Adding bndlst edge: (A_E108_MC -> A_Y151_SC) type[hb], weight[1.29] from 107 to 150 dist[1.76]
Adding bndlst edge: (A_H109_MC -> A_V110_MC) type[cov], weight[1.00] from 108 to 109 dist[1.33]
Adding bndlst edge: (A_V110_MC -> A_I111_MC) type[cov], weight[1.00] from 109 to 110 dist[1.32]
Adding bndlst edge: (A_I111_MC -> A_D112_MC) type[cov], weight[1.00] from 110 to 111 dist[1.33]
Adding bndlst edge: (A_D112_MC -> A_A113_MC) type[cov], weight[1.00] from 111 to 112 dist[1.32]
Adding bndlst edge: (A_D112_SC -> A_C136_SC) type[hb], weight[0.96] from 111 to 135 dist[2.04]
Adding bndlst edge: (A_D112_SC -> A_A113_MC) type[hb], weight[1.05] from 111 to 112 dist[1.96]
Adding bndlst edge: (A_A113_MC -> A_F114_MC) type[cov], weight[1.00] from 112 to 113 dist[1.33]
Adding bndlst edge: (A_F114_MC -> A_R115_MC) type[cov], weight[1.00] from 113 to 114 dist[1.33]
Adding bndlst edge: (A_R115_MC -> A_P116_MC) type[cov], weight[1.00] from 114 to 115 dist[1.33]
Adding bndlst edge: (A_P116_MC -> A_D117_MC) type[cov], weight[1.00] from 115 to 116 dist[1.32]
Adding bndlst edge: (A_P116_MC -> A_V118_MC) type[hb], weight[0.48] from 115 to 117 dist[2.89]
Adding bndlst edge: (A_D117_MC -> A_V118_MC) type[cov], weight[1.00] from 116 to 117 dist[1.33]
Adding bndlst edge: (A_D117_MC -> A_T119_MC) type[hb], weight[0.53] from 116 to 118 dist[2.74]
Adding bndlst edge: (A_D117_MC -> A_S120_MC) type[hb], weight[1.18] from 116 to 119 dist[1.84]
Adding bndlst edge: (A_D117_SC -> A_T119_MC) type[hb], weight[0.52] from 116 to 118 dist[2.77]
Adding bndlst edge: (A_D117_SC -> A_S120_MC) type[hb], weight[0.48] from 116 to 119 dist[2.89]
Adding bndlst edge: (A_D117_MC -> A_F123_SC) type[hb], weight[0.51] from 116 to 122 dist[2.79]
Adding bndlst edge: (A_D117_MC -> A_F123_SC) type[hb], weight[0.42] from 116 to 122 dist[3.10]
Adding bndlst edge: (A_V118_MC -> A_T119_MC) type[cov], weight[1.00] from 117 to 118 dist[1.33]
Adding bndlst edge: (A_V118_MC -> A_Q124_SC) type[hb], weight[1.05] from 117 to 123 dist[1.96]
Adding bndlst edge: (A_T119_MC -> A_S120_MC) type[cov], weight[1.00] from 118 to 119 dist[1.33]
Adding bndlst edge: (A_S120_MC -> A_S121_MC) type[cov], weight[1.00] from 119 to 120 dist[1.33]
Adding bndlst edge: (A_S120_MC -> A_Q124_SC) type[hb], weight[1.13] from 119 to 123 dist[1.88]
Adding bndlst edge: (A_S120_MC -> A_F123_MC) type[hb], weight[0.88] from 119 to 122 dist[2.14]
Adding bndlst edge: (A_S120_MC -> A_S122_MC) type[hb], weight[0.47] from 119 to 121 dist[2.91]
Adding bndlst edge: (A_S120_SC -> A_S122_MC) type[hb], weight[0.82] from 119 to 121 dist[2.21]
Adding bndlst edge: (A_S121_MC -> A_S122_MC) type[cov], weight[1.00] from 120 to 121 dist[1.33]
Adding bndlst edge: (A_S121_MC -> A_Q124_MC) type[hb], weight[0.58] from 120 to 123 dist[2.62]
Adding bndlst edge: (A_S122_MC -> A_F123_MC) type[cov], weight[1.00] from 121 to 122 dist[1.33]
Adding bndlst edge: (A_S122_MC -> A_N131_SC) type[hb], weight[0.76] from 121 to 130 dist[2.29]
Adding bndlst edge: (A_S122_SC -> A_I132_MC) type[hb], weight[1.27] from 121 to 131 dist[1.77]
Adding bndlst edge: (A_F123_MC -> A_Q124_MC) type[cov], weight[1.00] from 122 to 123 dist[1.32]
Adding bndlst edge: (A_F123_SC -> A_S134_SC) type[hb], weight[0.43] from 122 to 133 dist[3.04]
Adding bndlst edge: (A_F123_SC -> A_S134_SC) type[hb], weight[0.38] from 122 to 133 dist[3.25]
Adding bndlst edge: (A_Q124_MC -> A_R125_MC) type[cov], weight[1.00] from 123 to 124 dist[1.33]
Adding bndlst edge: (A_Q124_MC -> A_N131_SC) type[hb], weight[1.30] from 123 to 130 dist[1.76]
Adding bndlst edge: (A_R125_MC -> A_P126_MC) type[cov], weight[1.00] from 124 to 125 dist[1.34]
Adding bndlst edge: (A_P126_MC -> A_V127_MC) type[cov], weight[1.00] from 125 to 126 dist[1.33]
Adding bndlst edge: (A_V127_MC -> A_N128_MC) type[cov], weight[1.00] from 126 to 127 dist[1.33]
Adding bndlst edge: (A_N128_MC -> A_D129_MC) type[cov], weight[1.00] from 127 to 128 dist[1.33]
Adding bndlst edge: (A_D129_MC -> A_M130_MC) type[cov], weight[1.00] from 128 to 129 dist[1.33]
Adding bndlst edge: (A_M130_MC -> A_N131_MC) type[cov], weight[1.00] from 129 to 130 dist[1.33]
Adding bndlst edge: (A_N131_MC -> A_I132_MC) type[cov], weight[1.00] from 130 to 131 dist[1.33]
Adding bndlst edge: (A_I132_MC -> A_A133_MC) type[cov], weight[1.00] from 131 to 132 dist[1.33]
Adding bndlst edge: (A_A133_MC -> A_S134_MC) type[cov], weight[1.00] from 132 to 133 dist[1.33]
Adding bndlst edge: (A_S134_MC -> A_G135_MC) type[cov], weight[1.00] from 133 to 134 dist[1.33]
Adding bndlst edge: (A_G135_MC -> A_C136_MC) type[cov], weight[1.00] from 134 to 135 dist[1.33]
Adding bndlst edge: (A_C136_MC -> A_P137_MC) type[cov], weight[1.00] from 135 to 136 dist[1.34]
Adding bndlst edge: (A_C136_MC -> A_F139_MC) type[hb], weight[0.61] from 135 to 138 dist[2.56]
Adding bndlst edge: (A_P137_MC -> A_L138_MC) type[cov], weight[1.00] from 136 to 137 dist[1.33]
Adding bndlst edge: (A_P137_MC -> A_F139_MC) type[hb], weight[0.45] from 136 to 138 dist[2.98]
Adding bndlst edge: (A_L138_MC -> A_F139_MC) type[cov], weight[1.00] from 137 to 138 dist[1.33]
Adding bndlst edge: (A_F139_MC -> A_C140_MC) type[cov], weight[1.00] from 138 to 139 dist[1.33]
Adding bndlst edge: (A_C140_MC -> A_P141_MC) type[cov], weight[1.00] from 139 to 140 dist[1.34]
Adding bndlst edge: (A_C140_SC -> A_M145_MC) type[hb], weight[0.37] from 139 to 144 dist[3.29]
Adding bndlst edge: (A_C140_SC -> A_P141_MC) type[hb], weight[0.61] from 139 to 140 dist[2.56]
Adding bndlst edge: (A_P141_MC -> A_V142_MC) type[cov], weight[1.00] from 140 to 141 dist[1.33]
Adding bndlst edge: (A_P141_MC -> A_K144_MC) type[hb], weight[0.85] from 140 to 143 dist[2.17]
Adding bndlst edge: (A_P141_MC -> A_M145_MC) type[hb], weight[0.77] from 140 to 144 dist[2.28]
Adding bndlst edge: (A_V142_MC -> A_S143_MC) type[cov], weight[1.00] from 141 to 142 dist[1.33]
Adding bndlst edge: (A_V142_MC -> A_A147_MC) type[hb], weight[0.54] from 141 to 146 dist[2.73]
Adding bndlst edge: (A_S143_MC -> A_K144_MC) type[cov], weight[1.00] from 142 to 143 dist[1.33]
Adding bndlst edge: (A_S143_SC -> A_K144_MC) type[hb], weight[0.57] from 142 to 143 dist[2.65]
Adding bndlst edge: (A_K144_MC -> A_M145_MC) type[cov], weight[1.00] from 143 to 144 dist[1.33]
Adding bndlst edge: (A_K144_SC -> A_Y151_SC) type[hb], weight[0.48] from 143 to 150 dist[2.88]
Adding bndlst edge: (A_M145_MC -> A_E146_MC) type[cov], weight[1.00] from 144 to 145 dist[1.33]
Adding bndlst edge: (A_M145_MC -> A_A147_MC) type[hb], weight[0.58] from 144 to 146 dist[2.63]
Adding bndlst edge: (A_M145_SC -> A_E146_MC) type[hb], weight[0.49] from 144 to 145 dist[2.86]
Adding bndlst edge: (A_E146_MC -> A_A147_MC) type[cov], weight[1.00] from 145 to 146 dist[1.33]
Adding bndlst edge: (A_A147_MC -> A_K148_MC) type[cov], weight[1.00] from 146 to 147 dist[1.33]
Adding bndlst edge: (A_K148_MC -> A_N149_MC) type[cov], weight[1.00] from 147 to 148 dist[1.33]
Adding bndlst edge: (A_K148_MC -> A_N149_SC) type[hb], weight[0.48] from 147 to 148 dist[2.88]
Adding bndlst edge: (A_N149_MC -> A_S150_MC) type[cov], weight[1.00] from 148 to 149 dist[1.33]
Adding bndlst edge: (A_N149_SC -> A_Y151_SC) type[hb], weight[0.36] from 148 to 150 dist[3.34]
Adding bndlst edge: (A_S150_MC -> A_Y151_MC) type[cov], weight[1.00] from 149 to 150 dist[1.33]
Adding bndlst edge: (A_Y151_MC -> A_V152_MC) type[cov], weight[1.00] from 150 to 151 dist[1.33]
Adding bndlst edge: (A_V152_MC -> A_R153_MC) type[cov], weight[1.00] from 151 to 152 dist[1.33]
Adding bndlst edge: (A_R153_MC -> A_D154_MC) type[cov], weight[1.00] from 152 to 153 dist[1.33]
Adding bndlst edge: (A_R153_MC -> A_A156_MC) type[hb], weight[0.71] from 152 to 155 dist[2.38]
Adding bndlst edge: (A_R153_MC -> A_A156_MC) type[hb], weight[0.88] from 152 to 155 dist[2.14]
Adding bndlst edge: (A_D154_MC -> A_D155_MC) type[cov], weight[1.00] from 153 to 154 dist[1.33]
Adding bndlst edge: (A_D155_MC -> A_A156_MC) type[cov], weight[1.00] from 154 to 155 dist[1.33]
Adding bndlst edge: (A_A156_MC -> A_I157_MC) type[cov], weight[1.00] from 155 to 156 dist[1.33]
Adding bndlst edge: (A_I157_MC -> A_F158_MC) type[cov], weight[1.00] from 156 to 157 dist[1.32]
Adding bndlst edge: (A_F158_MC -> A_I159_MC) type[cov], weight[1.00] from 157 to 158 dist[1.33]
Adding bndlst edge: (A_I159_MC -> A_K160_MC) type[cov], weight[1.00] from 158 to 159 dist[1.33]
Adding bndlst edge: (A_K160_MC -> A_A161_MC) type[cov], weight[1.00] from 159 to 160 dist[1.33]
Adding bndlst edge: (A_A161_MC -> A_I162_MC) type[cov], weight[1.00] from 160 to 161 dist[1.32]
Adding bndlst edge: (A_I162_MC -> A_V163_MC) type[cov], weight[1.00] from 161 to 162 dist[1.32]
Adding bndlst edge: (A_V163_MC -> A_D164_MC) type[cov], weight[1.00] from 162 to 163 dist[1.33]
Adding bndlst edge: (A_D164_MC -> A_L165_MC) type[cov], weight[1.00] from 163 to 164 dist[1.33]
Adding bndlst edge: (A_D164_SC -> A_T166_SC) type[hb], weight[1.26] from 163 to 165 dist[1.78]
Adding bndlst edge: (A_D164_SC -> A_T166_MC) type[hb], weight[1.03] from 163 to 165 dist[1.97]
Adding bndlst edge: (A_D164_SC -> A_T166_SC) type[hb], weight[0.58] from 163 to 165 dist[2.64]
Adding bndlst edge: (A_L165_MC -> A_T166_MC) type[cov], weight[1.00] from 164 to 165 dist[1.33]
Adding bndlst edge: (A_L165_MC -> A_L168_MC) type[hb], weight[1.06] from 164 to 167 dist[1.95]
Adding bndlst edge: (A_T166_MC -> A_G167_MC) type[cov], weight[1.00] from 165 to 166 dist[1.33]
Adding bndlst edge: (A_G167_MC -> A_L168_MC) type[cov], weight[1.00] from 166 to 167 dist[1.33]

bndlst DONE

Producing PAJEK network
printing pajek edge (A_128_ASN,A_129_ASP)
printing pajek edge (A_33_GLN,A_36_VAL)
printing pajek edge (A_33_GLN,A_34_GLU)
printing pajek edge (A_33_GLN,A_37_ALA)
printing pajek edge (A_91_TRP,A_92_PRO)
printing pajek edge (A_119_THR,A_120_SER)
printing pajek edge (A_72_THR,A_73_HIS)
printing pajek edge (A_72_THR,A_73_HIS)
printing pajek edge (A_72_THR,A_142_VAL)
printing pajek edge (A_103_ASP,A_150_SER)
printing pajek edge (A_103_ASP,A_105_ASN)
printing pajek edge (A_103_ASP,A_104_GLN)
printing pajek edge (A_103_ASP,A_104_GLN)
printing pajek edge (A_103_ASP,A_107_ARG)
printing pajek edge (A_103_ASP,A_109_HIS)
printing pajek edge (A_103_ASP,A_106_ASN)
printing pajek edge (A_103_ASP,A_108_GLU)
printing pajek edge (A_19_GLY,A_163_VAL)
printing pajek edge (A_19_GLY,A_20_VAL)
printing pajek edge (A_19_GLY,A_49_TYR)
printing pajek edge (A_126_PRO,A_127_VAL)
printing pajek edge (A_17_TYR,A_18_ASP)
printing pajek edge (A_45_SER,A_46_PRO)
printing pajek edge (A_45_SER,A_46_PRO)
printing pajek edge (A_45_SER,A_59_LEU)
printing pajek edge (A_56_LYS,A_57_MET)
printing pajek edge (A_56_LYS,A_81_MET)
printing pajek edge (A_85_ASN,A_88_LEU)
printing pajek edge (A_85_ASN,A_86_ASP)
printing pajek edge (A_85_ASN,A_87_ALA)
printing pajek edge (A_28_PHE,A_155_ASP)
printing pajek edge (A_28_PHE,A_29_PRO)
printing pajek edge (A_28_PHE,A_32_ARG)
printing pajek edge (A_162_ILE,A_163_VAL)
printing pajek edge (A_96_LYS,A_164_ASP)
printing pajek edge (A_96_LYS,A_97_VAL)
printing pajek edge (A_58_CYS,A_81_MET)
printing pajek edge (A_58_CYS,A_79_VAL)
printing pajek edge (A_58_CYS,A_59_LEU)
printing pajek edge (A_21_PHE,A_22_ILE)
printing pajek edge (A_21_PHE,A_161_ALA)
printing pajek edge (A_164_ASP,A_166_THR)
printing pajek edge (A_164_ASP,A_165_LEU)
printing pajek edge (A_110_VAL,A_111_ILE)
printing pajek edge (A_152_VAL,A_153_ARG)
printing pajek edge (A_90_ARG,A_91_TRP)
printing pajek edge (A_149_ASN,A_150_SER)
printing pajek edge (A_149_ASN,A_151_TYR)
printing pajek edge (A_32_ARG,A_36_VAL)
printing pajek edge (A_32_ARG,A_33_GLN)
printing pajek edge (A_32_ARG,A_64_ASN)
printing pajek edge (A_32_ARG,A_35_ALA)
printing pajek edge (A_32_ARG,A_63_LEU)
printing pajek edge (A_36_VAL,A_37_ALA)
printing pajek edge (A_12_MET,A_13_GLU)
printing pajek edge (A_12_MET,A_15_SER)
printing pajek edge (A_79_VAL,A_80_VAL)
printing pajek edge (A_94_ASN,A_95_GLN)
printing pajek edge (A_107_ARG,A_108_GLU)
printing pajek edge (A_158_PHE,A_159_ILE)
printing pajek edge (A_66_ASP,A_75_SER)
printing pajek edge (A_66_ASP,A_67_GLY)
printing pajek edge (A_66_ASP,A_67_GLY)
printing pajek edge (A_66_ASP,A_69_GLY)
printing pajek edge (A_30_ARG,A_33_GLN)
printing pajek edge (A_30_ARG,A_34_GLU)
printing pajek edge (A_30_ARG,A_34_GLU)
printing pajek edge (A_30_ARG,A_31_LYS)
printing pajek edge (A_139_PHE,A_140_CYS)
printing pajek edge (A_115_ARG,A_116_PRO)
printing pajek edge (A_59_LEU,A_60_ARG)
printing pajek edge (A_154_ASP,A_155_ASP)
printing pajek edge (A_16_THR,A_20_VAL)
printing pajek edge (A_16_THR,A_17_TYR)
printing pajek edge (A_16_THR,A_49_TYR)
printing pajek edge (A_138_LEU,A_139_PHE)
printing pajek edge (A_82_LYS,A_129_ASP)
printing pajek edge (A_82_LYS,A_127_VAL)
printing pajek edge (A_82_LYS,A_83_GLY)
printing pajek edge (A_61_ILE,A_62_TYR)
printing pajek edge (A_102_LEU,A_103_ASP)
printing pajek edge (A_102_LEU,A_158_PHE)
printing pajek edge (A_74_LEU,A_75_SER)
printing pajek edge (A_74_LEU,A_140_CYS)
printing pajek edge (A_74_LEU,A_140_CYS)
printing pajek edge (A_74_LEU,A_139_PHE)
printing pajek edge (A_87_ALA,A_88_LEU)
printing pajek edge (A_77_PHE,A_78_PHE)
printing pajek edge (A_77_PHE,A_135_GLY)
printing pajek edge (A_63_LEU,A_64_ASN)
printing pajek edge (A_68_THR,A_69_GLY)
printing pajek edge (A_166_THR,A_167_GLY)
printing pajek edge (A_140_CYS,A_145_MET)
printing pajek edge (A_140_CYS,A_141_PRO)
printing pajek edge (A_140_CYS,A_141_PRO)
printing pajek edge (A_130_MET,A_131_ASN)
printing pajek edge (A_3_ALA,A_7_GLN)
printing pajek edge (A_3_ALA,A_4_ASP)
printing pajek edge (A_18_ASP,A_19_GLY)
printing pajek edge (A_18_ASP,A_20_VAL)
printing pajek edge (A_111_ILE,A_112_ASP)
printing pajek edge (A_83_GLY,A_85_ASN)
printing pajek edge (A_83_GLY,A_86_ASP)
printing pajek edge (A_83_GLY,A_84_PRO)
printing pajek edge (A_148_LYS,A_149_ASN)
printing pajek edge (A_148_LYS,A_149_ASN)
printing pajek edge (A_136_CYS,A_137_PRO)
printing pajek edge (A_136_CYS,A_139_PHE)
printing pajek edge (A_15_SER,A_16_THR)
printing pajek edge (A_113_ALA,A_114_PHE)
printing pajek edge (A_70_ARG,A_72_THR)
printing pajek edge (A_70_ARG,A_71_GLY)
printing pajek edge (A_146_GLU,A_147_ALA)
printing pajek edge (A_50_THR,A_51_SER)
printing pajek edge (A_50_THR,A_55_TYR)
printing pajek edge (A_25_ILE,A_26_SER)
printing pajek edge (A_25_ILE,A_157_ILE)
printing pajek edge (A_141_PRO,A_145_MET)
printing pajek edge (A_141_PRO,A_142_VAL)
printing pajek edge (A_141_PRO,A_144_LYS)
printing pajek edge (A_125_ARG,A_126_PRO)
printing pajek edge (A_105_ASN,A_150_SER)
printing pajek edge (A_105_ASN,A_153_ARG)
printing pajek edge (A_105_ASN,A_106_ASN)
printing pajek edge (A_132_ILE,A_133_ALA)
printing pajek edge (A_122_SER,A_132_ILE)
printing pajek edge (A_122_SER,A_131_ASN)
printing pajek edge (A_122_SER,A_123_PHE)
printing pajek edge (A_80_VAL,A_131_ASN)
printing pajek edge (A_80_VAL,A_81_MET)
printing pajek edge (A_155_ASP,A_156_ALA)
printing pajek edge (A_1_ALA,A_5_LEU)
printing pajek edge (A_1_ALA,A_2_MET)
printing pajek edge (A_1_ALA,A_4_ASP)
printing pajek edge (A_24_LYS,A_25_ILE)
printing pajek edge (A_97_VAL,A_98_THR)
printing pajek edge (A_97_VAL,A_114_PHE)
printing pajek edge (A_127_VAL,A_128_ASN)
printing pajek edge (A_160_LYS,A_161_ALA)
printing pajek edge (A_161_ALA,A_162_ILE)
printing pajek edge (A_48_PHE,A_57_MET)
printing pajek edge (A_48_PHE,A_49_TYR)
printing pajek edge (A_9_VAL,A_12_MET)
printing pajek edge (A_9_VAL,A_10_LEU)
printing pajek edge (A_9_VAL,A_13_GLU)
printing pajek edge (A_99_LEU,A_100_MET)
printing pajek edge (A_99_LEU,A_112_ASP)
printing pajek edge (A_38_GLY,A_39_ARG)
printing pajek edge (A_118_VAL,A_124_GLN)
printing pajek edge (A_118_VAL,A_119_THR)
printing pajek edge (A_44_PHE,A_60_ARG)
printing pajek edge (A_44_PHE,A_45_SER)
printing pajek edge (A_6_GLU,A_9_VAL)
printing pajek edge (A_6_GLU,A_7_GLN)
printing pajek edge (A_6_GLU,A_10_LEU)
printing pajek edge (A_34_GLU,A_39_ARG)
printing pajek edge (A_34_GLU,A_39_ARG)
printing pajek edge (A_34_GLU,A_40_ILE)
printing pajek edge (A_34_GLU,A_35_ALA)
printing pajek edge (A_34_GLU,A_38_GLY)
printing pajek edge (A_22_ILE,A_23_TRP)
printing pajek edge (A_64_ASN,A_71_GLY)
printing pajek edge (A_64_ASN,A_65_GLY)
printing pajek edge (A_8_LYS,A_9_VAL)
printing pajek edge (A_8_LYS,A_12_MET)
printing pajek edge (A_8_LYS,A_11_GLU)
printing pajek edge (A_27_ASP,A_28_PHE)
printing pajek edge (A_27_ASP,A_155_ASP)
printing pajek edge (A_27_ASP,A_31_LYS)
printing pajek edge (A_27_ASP,A_30_ARG)
printing pajek edge (A_27_ASP,A_30_ARG)
printing pajek edge (A_81_MET,A_82_LYS)
printing pajek edge (A_81_MET,A_83_GLY)
printing pajek edge (A_120_SER,A_124_GLN)
printing pajek edge (A_120_SER,A_121_SER)
printing pajek edge (A_120_SER,A_123_PHE)
printing pajek edge (A_120_SER,A_122_SER)
printing pajek edge (A_100_MET,A_160_LYS)
printing pajek edge (A_100_MET,A_101_LEU)
printing pajek edge (A_163_VAL,A_164_ASP)
printing pajek edge (A_73_HIS,A_74_LEU)
printing pajek edge (A_75_SER,A_137_PRO)
printing pajek edge (A_75_SER,A_76_LEU)
printing pajek edge (A_62_TYR,A_75_SER)
printing pajek edge (A_62_TYR,A_64_ASN)
printing pajek edge (A_62_TYR,A_65_GLY)
printing pajek edge (A_62_TYR,A_63_LEU)
printing pajek edge (A_109_HIS,A_110_VAL)
printing pajek edge (A_116_PRO,A_117_ASP)
printing pajek edge (A_116_PRO,A_118_VAL)
printing pajek edge (A_93_PHE,A_94_ASN)
printing pajek edge (A_93_PHE,A_95_GLN)
printing pajek edge (A_93_PHE,A_123_PHE)
printing pajek edge (A_104_GLN,A_150_SER)
printing pajek edge (A_104_GLN,A_105_ASN)
printing pajek edge (A_104_GLN,A_156_ALA)
printing pajek edge (A_104_GLN,A_151_TYR)
printing pajek edge (A_11_GLU,A_12_MET)
printing pajek edge (A_11_GLU,A_14_ALA)
printing pajek edge (A_11_GLU,A_15_SER)
printing pajek edge (A_114_PHE,A_115_ARG)
printing pajek edge (A_153_ARG,A_156_ALA)
printing pajek edge (A_153_ARG,A_154_ASP)
printing pajek edge (A_143_SER,A_144_LYS)
printing pajek edge (A_143_SER,A_144_LYS)
printing pajek edge (A_92_PRO,A_93_PHE)
printing pajek edge (A_49_TYR,A_50_THR)
printing pajek edge (A_108_GLU,A_109_HIS)
printing pajek edge (A_108_GLU,A_151_TYR)
printing pajek edge (A_88_LEU,A_89_LEU)
printing pajek edge (A_78_PHE,A_134_SER)
printing pajek edge (A_78_PHE,A_79_VAL)
printing pajek edge (A_78_PHE,A_79_VAL)
printing pajek edge (A_134_SER,A_135_GLY)
printing pajek edge (A_150_SER,A_151_TYR)
printing pajek edge (A_124_GLN,A_125_ARG)
printing pajek edge (A_124_GLN,A_131_ASN)
printing pajek edge (A_51_SER,A_53_TYR)
printing pajek edge (A_51_SER,A_54_GLY)
printing pajek edge (A_51_SER,A_52_ARG)
printing pajek edge (A_40_ILE,A_41_PRO)
printing pajek edge (A_65_GLY,A_73_HIS)
printing pajek edge (A_65_GLY,A_66_ASP)
printing pajek edge (A_98_THR,A_162_ILE)
printing pajek edge (A_98_THR,A_99_LEU)
printing pajek edge (A_13_GLU,A_14_ALA)
printing pajek edge (A_42_ALA,A_43_ILE)
printing pajek edge (A_53_TYR,A_54_GLY)
printing pajek edge (A_57_MET,A_58_CYS)
printing pajek edge (A_46_PRO,A_47_ALA)
printing pajek edge (A_67_GLY,A_70_ARG)
printing pajek edge (A_67_GLY,A_68_THR)
printing pajek edge (A_67_GLY,A_69_GLY)
printing pajek edge (A_20_VAL,A_21_PHE)
printing pajek edge (A_55_TYR,A_90_ARG)
printing pajek edge (A_55_TYR,A_56_LYS)
printing pajek edge (A_71_GLY,A_72_THR)
printing pajek edge (A_69_GLY,A_70_ARG)
printing pajek edge (A_69_GLY,A_73_HIS)
printing pajek edge (A_69_GLY,A_72_THR)
printing pajek edge (A_167_GLY,A_168_LEU)
printing pajek edge (A_2_MET,A_5_LEU)
printing pajek edge (A_2_MET,A_3_ALA)
printing pajek edge (A_2_MET,A_6_GLU)
printing pajek edge (A_137_PRO,A_138_LEU)
printing pajek edge (A_137_PRO,A_139_PHE)
printing pajek edge (A_89_LEU,A_90_ARG)
printing pajek edge (A_117_ASP,A_120_SER)
printing pajek edge (A_117_ASP,A_119_THR)
printing pajek edge (A_117_ASP,A_123_PHE)
printing pajek edge (A_117_ASP,A_118_VAL)
printing pajek edge (A_145_MET,A_146_GLU)
printing pajek edge (A_145_MET,A_146_GLU)
printing pajek edge (A_145_MET,A_147_ALA)
printing pajek edge (A_142_VAL,A_143_SER)
printing pajek edge (A_142_VAL,A_147_ALA)
printing pajek edge (A_31_LYS,A_34_GLU)
printing pajek edge (A_31_LYS,A_35_ALA)
printing pajek edge (A_31_LYS,A_32_ARG)
printing pajek edge (A_101_LEU,A_110_VAL)
printing pajek edge (A_101_LEU,A_102_LEU)
printing pajek edge (A_129_ASP,A_130_MET)
printing pajek edge (A_26_SER,A_31_LYS)
printing pajek edge (A_26_SER,A_27_ASP)
printing pajek edge (A_29_PRO,A_33_GLN)
printing pajek edge (A_29_PRO,A_32_ARG)
printing pajek edge (A_29_PRO,A_30_ARG)
printing pajek edge (A_121_SER,A_124_GLN)
printing pajek edge (A_121_SER,A_122_SER)
printing pajek edge (A_157_ILE,A_158_PHE)
printing pajek edge (A_135_GLY,A_136_CYS)
printing pajek edge (A_41_PRO,A_42_ALA)
printing pajek edge (A_76_LEU,A_77_PHE)
printing pajek edge (A_76_LEU,A_136_CYS)
printing pajek edge (A_84_PRO,A_85_ASN)
printing pajek edge (A_60_ARG,A_61_ILE)
printing pajek edge (A_60_ARG,A_62_TYR)
printing pajek edge (A_60_ARG,A_77_PHE)
printing pajek edge (A_151_TYR,A_152_VAL)
printing pajek edge (A_156_ALA,A_157_ILE)
printing pajek edge (A_131_ASN,A_132_ILE)
printing pajek edge (A_54_GLY,A_55_TYR)
printing pajek edge (A_123_PHE,A_124_GLN)
printing pajek edge (A_123_PHE,A_134_SER)
printing pajek edge (A_144_LYS,A_145_MET)
printing pajek edge (A_144_LYS,A_151_TYR)
printing pajek edge (A_159_ILE,A_160_LYS)
printing pajek edge (A_43_ILE,A_61_ILE)
printing pajek edge (A_43_ILE,A_44_PHE)
printing pajek edge (A_23_TRP,A_159_ILE)
printing pajek edge (A_23_TRP,A_24_LYS)
printing pajek edge (A_47_ALA,A_48_PHE)
printing pajek edge (A_14_ALA,A_15_SER)
printing pajek edge (A_106_ASN,A_107_ARG)
printing pajek edge (A_7_GLN,A_8_LYS)
printing pajek edge (A_7_GLN,A_10_LEU)
printing pajek edge (A_7_GLN,A_11_GLU)
printing pajek edge (A_86_ASP,A_89_LEU)
printing pajek edge (A_86_ASP,A_91_TRP)
printing pajek edge (A_86_ASP,A_87_ALA)
printing pajek edge (A_37_ALA,A_38_GLY)
printing pajek edge (A_4_ASP,A_7_GLN)
printing pajek edge (A_4_ASP,A_5_LEU)
printing pajek edge (A_4_ASP,A_8_LYS)
printing pajek edge (A_95_GLN,A_164_ASP)
printing pajek edge (A_95_GLN,A_166_THR)
printing pajek edge (A_95_GLN,A_96_LYS)
printing pajek edge (A_147_ALA,A_148_LYS)
printing pajek edge (A_52_ARG,A_53_TYR)
printing pajek edge (A_10_LEU,A_14_ALA)
printing pajek edge (A_10_LEU,A_11_GLU)
printing pajek edge (A_112_ASP,A_113_ALA)
printing pajek edge (A_112_ASP,A_113_ALA)
printing pajek edge (A_112_ASP,A_136_CYS)
printing pajek edge (A_39_ARG,A_40_ILE)
printing pajek edge (A_5_LEU,A_9_VAL)
printing pajek edge (A_5_LEU,A_8_LYS)
printing pajek edge (A_5_LEU,A_6_GLU)
printing pajek edge (A_35_ALA,A_36_VAL)
printing pajek edge (A_35_ALA,A_38_GLY)
printing pajek edge (A_165_LEU,A_166_THR)
printing pajek edge (A_165_LEU,A_168_LEU)
printing pajek edge (A_133_ALA,A_134_SER)
