Graph START

Adding vertex (chain-A, position-1, res-VAL)
New vertex id: 0
1 2 3 4 5 6 7 
Adding vertex (chain-A, position-2, res-ASP)
New vertex id: 1
8 9 10 11 12 13 14 15 
Adding vertex (chain-A, position-3, res-TYR)
New vertex id: 2
16 17 18 19 20 21 22 23 24 25 26 27 
Adding vertex (chain-A, position-4, res-ILE)
New vertex id: 3
28 29 30 31 32 33 34 35 
Adding vertex (chain-A, position-5, res-VAL)
New vertex id: 4
36 37 38 39 40 41 42 
Adding vertex (chain-A, position-6, res-GLU)
New vertex id: 5
43 44 45 46 47 48 49 50 51 
Adding vertex (chain-A, position-7, res-TYR)
New vertex id: 6
52 53 54 55 56 57 58 59 60 61 62 63 
Adding vertex (chain-A, position-8, res-ASP)
New vertex id: 7
64 65 66 67 68 69 70 71 
Adding vertex (chain-A, position-9, res-TYR)
New vertex id: 8
72 73 74 75 76 77 78 79 80 81 82 83 
Adding vertex (chain-A, position-10, res-ASP)
New vertex id: 9
84 85 86 87 88 89 90 91 
Adding vertex (chain-A, position-11, res-ALA)
New vertex id: 10
92 93 94 95 96 
Adding vertex (chain-A, position-12, res-VAL)
New vertex id: 11
97 98 99 100 101 102 103 
Adding vertex (chain-A, position-13, res-HIS)
New vertex id: 12
104 105 106 107 108 109 110 111 112 113 
Adding vertex (chain-A, position-14, res-ASP)
New vertex id: 13
114 115 116 117 118 119 120 121 
Adding vertex (chain-A, position-15, res-ASP)
New vertex id: 14
122 123 124 125 126 127 128 129 
Adding vertex (chain-A, position-16, res-GLU)
New vertex id: 15
130 131 132 133 134 135 136 137 138 
Adding vertex (chain-A, position-17, res-LEU)
New vertex id: 16
139 140 141 142 143 144 145 146 
Adding vertex (chain-A, position-18, res-THR)
New vertex id: 17
147 148 149 150 151 152 153 
Adding vertex (chain-A, position-19, res-ILE)
New vertex id: 18
154 155 156 157 158 159 160 161 
Adding vertex (chain-A, position-20, res-ARG)
New vertex id: 19
162 163 164 165 166 167 168 169 170 171 172 
Adding vertex (chain-A, position-21, res-VAL)
New vertex id: 20
173 174 175 176 177 178 179 
Adding vertex (chain-A, position-22, res-GLY)
New vertex id: 21
180 181 182 183 
Adding vertex (chain-A, position-23, res-GLU)
New vertex id: 22
184 185 186 187 188 189 190 191 192 
Adding vertex (chain-A, position-24, res-ILE)
New vertex id: 23
193 194 195 196 197 198 199 200 
Adding vertex (chain-A, position-25, res-ILE)
New vertex id: 24
201 202 203 204 205 206 207 208 
Adding vertex (chain-A, position-26, res-ARG)
New vertex id: 25
209 210 211 212 213 214 215 216 217 218 219 
Adding vertex (chain-A, position-27, res-ASN)
New vertex id: 26
220 221 222 223 224 225 226 227 
Adding vertex (chain-A, position-28, res-VAL)
New vertex id: 27
228 229 230 231 232 233 234 
Adding vertex (chain-A, position-29, res-LYS)
New vertex id: 28
235 236 237 238 239 240 241 242 243 
Adding vertex (chain-A, position-30, res-LYS)
New vertex id: 29
244 245 246 247 248 249 250 251 252 
Adding vertex (chain-A, position-31, res-LEU)
New vertex id: 30
253 254 255 256 257 258 259 260 
Adding vertex (chain-A, position-32, res-GLN)
New vertex id: 31
261 262 263 264 265 266 267 268 269 
Adding vertex (chain-A, position-33, res-GLU)
New vertex id: 32
270 271 272 273 274 275 276 277 278 
Adding vertex (chain-A, position-34, res-GLU)
New vertex id: 33
279 280 281 282 283 284 285 286 287 
Adding vertex (chain-A, position-35, res-GLY)
New vertex id: 34
288 289 290 291 
Adding vertex (chain-A, position-36, res-TRP)
New vertex id: 35
292 293 294 295 296 297 298 299 300 301 302 303 304 305 
Adding vertex (chain-A, position-37, res-LEU)
New vertex id: 36
306 307 308 309 310 311 312 313 
Adding vertex (chain-A, position-38, res-GLU)
New vertex id: 37
314 315 316 317 318 319 320 321 322 
Adding vertex (chain-A, position-39, res-GLY)
New vertex id: 38
323 324 325 326 
Adding vertex (chain-A, position-40, res-GLU)
New vertex id: 39
327 328 329 330 331 332 333 334 335 
Adding vertex (chain-A, position-41, res-LEU)
New vertex id: 40
336 337 338 339 340 341 342 343 
Adding vertex (chain-A, position-42, res-ASN)
New vertex id: 41
344 345 346 347 348 349 350 351 
Adding vertex (chain-A, position-43, res-GLY)
New vertex id: 42
352 353 354 355 
Adding vertex (chain-A, position-44, res-ARG)
New vertex id: 43
356 357 358 359 360 361 362 363 364 365 366 
Adding vertex (chain-A, position-45, res-ARG)
New vertex id: 44
367 368 369 370 371 372 373 374 375 376 377 
Adding vertex (chain-A, position-46, res-GLY)
New vertex id: 45
378 379 380 381 
Adding vertex (chain-A, position-47, res-MET)
New vertex id: 46
382 383 384 385 386 387 388 389 
Adding vertex (chain-A, position-48, res-PHE)
New vertex id: 47
390 391 392 393 394 395 396 397 398 399 400 
Adding vertex (chain-A, position-49, res-PRO)
New vertex id: 48
401 402 403 404 405 406 407 
Adding vertex (chain-A, position-50, res-ASP)
New vertex id: 49
408 409 410 411 412 413 414 415 
Adding vertex (chain-A, position-51, res-ASN)
New vertex id: 50
416 417 418 419 420 421 422 423 
Adding vertex (chain-A, position-52, res-PHE)
New vertex id: 51
424 425 426 427 428 429 430 431 432 433 434 
Adding vertex (chain-A, position-53, res-VAL)
New vertex id: 52
435 436 437 438 439 440 441 
Adding vertex (chain-A, position-54, res-LYS)
New vertex id: 53
442 443 444 445 446 447 448 449 450 
Adding vertex (chain-A, position-55, res-GLU)
New vertex id: 54
451 452 453 454 455 456 457 458 459 
Adding vertex (chain-A, position-56, res-ILE)
New vertex id: 55
460 461 462 463 464 465 466 467 
Adding vertex (chain-A, position-57, res-LYS)
New vertex id: 56
468 469 470 471 472 473 474 475 476 
Adding vertex (chain-A, position-58, res-ARG)
New vertex id: 57
477 
Graph DONE

( reduce -FLIPs 2J6F.pdb > 2J6F.H.pdb ) >& /dev/null
Reduce (-FLIPs) returned 256
( bndlst -Radius0.3 2J6F.H.pdb > 2J6F.H.bndlst ) >& /dev/null
BndLst returned 0
Parsing 2J6F.H.bndlst

bndlst START
Adding bndlst edge: (A_V1_MC -> A_D2_MC) type[cov], weight[1.00] from 0 to 1 dist[1.34]
Adding bndlst edge: (A_V1_MC -> A_V28_MC) type[hb], weight[1.11] from 0 to 27 dist[1.90]
Adding bndlst edge: (A_V1_MC -> A_N27_MC) type[hb], weight[0.48] from 0 to 26 dist[2.87]
Adding bndlst edge: (A_D2_MC -> A_Y3_MC) type[cov], weight[1.00] from 1 to 2 dist[1.33]
Adding bndlst edge: (A_D2_MC -> A_I56_MC) type[hb], weight[1.15] from 1 to 55 dist[1.86]
Adding bndlst edge: (A_D2_SC -> A_N27_MC) type[hb], weight[0.94] from 1 to 26 dist[2.06]
Adding bndlst edge: (A_Y3_MC -> A_I4_MC) type[cov], weight[1.00] from 2 to 3 dist[1.33]
Adding bndlst edge: (A_Y3_MC -> A_I25_MC) type[hb], weight[1.13] from 2 to 24 dist[1.88]
Adding bndlst edge: (A_Y3_MC -> A_I25_MC) type[hb], weight[1.00] from 2 to 24 dist[2.00]
Adding bndlst edge: (A_I4_MC -> A_V5_MC) type[cov], weight[1.00] from 3 to 4 dist[1.33]
Adding bndlst edge: (A_I4_MC -> A_K54_MC) type[hb], weight[1.07] from 3 to 53 dist[1.93]
Adding bndlst edge: (A_I4_MC -> A_K54_MC) type[hb], weight[1.10] from 3 to 53 dist[1.91]
Adding bndlst edge: (A_V5_MC -> A_E6_MC) type[cov], weight[1.00] from 4 to 5 dist[1.33]
Adding bndlst edge: (A_V5_MC -> A_G22_MC) type[hb], weight[1.07] from 4 to 21 dist[1.93]
Adding bndlst edge: (A_V5_MC -> A_E23_MC) type[hb], weight[1.06] from 4 to 22 dist[1.95]
Adding bndlst edge: (A_E6_MC -> A_Y7_MC) type[cov], weight[1.00] from 5 to 6 dist[1.34]
Adding bndlst edge: (A_E6_MC -> A_F52_MC) type[hb], weight[1.20] from 5 to 51 dist[1.83]
Adding bndlst edge: (A_Y7_MC -> A_D8_MC) type[cov], weight[1.00] from 6 to 7 dist[1.34]
Adding bndlst edge: (A_Y7_MC -> A_F52_MC) type[hb], weight[0.76] from 6 to 51 dist[2.30]
Adding bndlst edge: (A_D8_MC -> A_Y9_MC) type[cov], weight[1.00] from 7 to 8 dist[1.33]
Adding bndlst edge: (A_D8_SC -> A_V21_MC) type[hb], weight[0.97] from 7 to 20 dist[2.03]
Adding bndlst edge: (A_Y9_MC -> A_D10_MC) type[cov], weight[1.00] from 8 to 9 dist[1.33]
Adding bndlst edge: (A_Y9_MC -> A_R20_SC) type[hb], weight[0.60] from 8 to 19 dist[2.58]
Adding bndlst edge: (A_Y9_MC -> A_I19_MC) type[hb], weight[1.02] from 8 to 18 dist[1.98]
Adding bndlst edge: (A_Y9_SC -> A_D10_MC) type[hb], weight[0.38] from 8 to 9 dist[3.23]
Adding bndlst edge: (A_Y9_SC -> A_D10_MC) type[hb], weight[0.38] from 8 to 9 dist[3.23]
Adding bndlst edge: (A_Y9_MC -> A_I19_MC) type[hb], weight[0.92] from 8 to 18 dist[2.08]
Adding bndlst edge: (A_Y9_SC -> A_E16_SC) type[hb], weight[1.37] from 8 to 15 dist[1.71]
Adding bndlst edge: (A_D10_MC -> A_A11_MC) type[cov], weight[1.00] from 9 to 10 dist[1.33]
Adding bndlst edge: (A_D10_SC -> A_R20_SC) type[salt], weight[1.21] from 9 to 19 dist[1.73]
Adding bndlst edge: (A_D10_SC -> A_R20_SC) type[salt], weight[0.72] from 9 to 19 dist[2.24]
Adding bndlst edge: (A_A11_MC -> A_V12_MC) type[cov], weight[1.00] from 10 to 11 dist[1.33]
Adding bndlst edge: (A_A11_MC -> A_T18_SC) type[hb], weight[0.86] from 10 to 17 dist[2.16]
Adding bndlst edge: (A_V12_MC -> A_H13_MC) type[cov], weight[1.00] from 11 to 12 dist[1.33]
Adding bndlst edge: (A_V12_MC -> A_E16_SC) type[hb], weight[1.08] from 11 to 15 dist[1.92]
Adding bndlst edge: (A_H13_MC -> A_D14_MC) type[cov], weight[1.00] from 12 to 13 dist[1.33]
Adding bndlst edge: (A_H13_MC -> A_E16_MC) type[hb], weight[0.92] from 12 to 15 dist[2.08]
Adding bndlst edge: (A_H13_SC -> A_E16_SC) type[hb], weight[0.83] from 12 to 15 dist[2.19]
Adding bndlst edge: (A_D14_MC -> A_D15_MC) type[cov], weight[1.00] from 13 to 14 dist[1.33]
Adding bndlst edge: (A_D14_MC -> A_R44_SC) type[hb], weight[0.54] from 13 to 43 dist[2.71]
Adding bndlst edge: (A_D15_MC -> A_E16_MC) type[cov], weight[1.00] from 14 to 15 dist[1.33]
Adding bndlst edge: (A_D15_MC -> A_M47_MC) type[hb], weight[1.12] from 14 to 46 dist[1.89]
Adding bndlst edge: (A_E16_MC -> A_L17_MC) type[cov], weight[1.00] from 15 to 16 dist[1.33]
Adding bndlst edge: (A_E16_MC -> A_R44_SC) type[hb], weight[1.25] from 15 to 43 dist[1.79]
Adding bndlst edge: (A_L17_MC -> A_T18_MC) type[cov], weight[1.00] from 16 to 17 dist[1.33]
Adding bndlst edge: (A_L17_MC -> A_M47_MC) type[hb], weight[1.17] from 16 to 46 dist[1.85]
Adding bndlst edge: (A_T18_MC -> A_I19_MC) type[cov], weight[1.00] from 17 to 18 dist[1.33]
Adding bndlst edge: (A_I19_MC -> A_R20_MC) type[cov], weight[1.00] from 18 to 19 dist[1.34]
Adding bndlst edge: (A_I19_MC -> A_R20_SC) type[hb], weight[1.04] from 18 to 19 dist[1.96]
Adding bndlst edge: (A_R20_MC -> A_V21_MC) type[cov], weight[1.00] from 19 to 20 dist[1.34]
Adding bndlst edge: (A_R20_MC -> A_E23_MC) type[hb], weight[0.94] from 19 to 22 dist[2.07]
Adding bndlst edge: (A_R20_MC -> A_E23_SC) type[hb], weight[0.97] from 19 to 22 dist[2.03]
Adding bndlst edge: (A_V21_MC -> A_G22_MC) type[cov], weight[1.00] from 20 to 21 dist[1.33]
Adding bndlst edge: (A_V21_MC -> A_E23_MC) type[hb], weight[0.46] from 20 to 22 dist[2.96]
Adding bndlst edge: (A_G22_MC -> A_E23_MC) type[cov], weight[1.00] from 21 to 22 dist[1.33]
Adding bndlst edge: (A_E23_MC -> A_I24_MC) type[cov], weight[1.00] from 22 to 23 dist[1.33]
Adding bndlst edge: (A_I24_MC -> A_I25_MC) type[cov], weight[1.00] from 23 to 24 dist[1.34]
Adding bndlst edge: (A_I25_MC -> A_R26_MC) type[cov], weight[1.00] from 24 to 25 dist[1.34]
Adding bndlst edge: (A_R26_MC -> A_N27_MC) type[cov], weight[1.00] from 25 to 26 dist[1.34]
Adding bndlst edge: (A_R26_MC -> A_E40_MC) type[hb], weight[1.07] from 25 to 39 dist[1.93]
Adding bndlst edge: (A_R26_MC -> A_E40_MC) type[hb], weight[1.12] from 25 to 39 dist[1.89]
Adding bndlst edge: (A_N27_MC -> A_V28_MC) type[cov], weight[1.00] from 26 to 27 dist[1.33]
Adding bndlst edge: (A_N27_MC -> A_R45_SC) type[hb], weight[0.53] from 26 to 44 dist[2.75]
Adding bndlst edge: (A_N27_MC -> A_R45_SC) type[hb], weight[1.04] from 26 to 44 dist[1.96]
Adding bndlst edge: (A_N27_SC -> A_K29_SC) type[hb], weight[0.94] from 26 to 28 dist[2.06]
Adding bndlst edge: (A_N27_SC -> A_K29_SC) type[hb], weight[0.51] from 26 to 28 dist[2.79]
Adding bndlst edge: (A_V28_MC -> A_K29_MC) type[cov], weight[1.00] from 27 to 28 dist[1.33]
Adding bndlst edge: (A_K29_MC -> A_K30_MC) type[cov], weight[1.00] from 28 to 29 dist[1.33]
Adding bndlst edge: (A_K29_MC -> A_E38_MC) type[hb], weight[0.98] from 28 to 37 dist[2.02]
Adding bndlst edge: (A_K29_MC -> A_E38_MC) type[hb], weight[1.12] from 28 to 37 dist[1.89]
Adding bndlst edge: (A_K30_MC -> A_L31_MC) type[cov], weight[1.00] from 29 to 30 dist[1.33]
Adding bndlst edge: (A_L31_MC -> A_Q32_MC) type[cov], weight[1.00] from 30 to 31 dist[1.32]
Adding bndlst edge: (A_L31_MC -> A_W36_MC) type[hb], weight[0.68] from 30 to 35 dist[2.43]
Adding bndlst edge: (A_Q32_MC -> A_E33_MC) type[cov], weight[1.00] from 31 to 32 dist[1.33]
Adding bndlst edge: (A_Q32_MC -> A_E34_MC) type[hb], weight[0.48] from 31 to 33 dist[2.88]
Adding bndlst edge: (A_E33_MC -> A_E34_MC) type[cov], weight[1.00] from 32 to 33 dist[1.34]
Adding bndlst edge: (A_E33_MC -> A_W36_MC) type[hb], weight[0.74] from 32 to 35 dist[2.33]
Adding bndlst edge: (A_E34_MC -> A_G35_MC) type[cov], weight[1.00] from 33 to 34 dist[1.33]
Adding bndlst edge: (A_G35_MC -> A_W36_MC) type[cov], weight[1.00] from 34 to 35 dist[1.33]
Adding bndlst edge: (A_G35_MC -> A_D50_MC) type[hb], weight[1.31] from 34 to 49 dist[1.75]
Adding bndlst edge: (A_W36_MC -> A_L37_MC) type[cov], weight[1.00] from 35 to 36 dist[1.33]
Adding bndlst edge: (A_L37_MC -> A_E38_MC) type[cov], weight[1.00] from 36 to 37 dist[1.34]
Adding bndlst edge: (A_L37_MC -> A_F48_MC) type[hb], weight[1.05] from 36 to 47 dist[1.95]
Adding bndlst edge: (A_L37_MC -> A_F48_MC) type[hb], weight[1.09] from 36 to 47 dist[1.91]
Adding bndlst edge: (A_E38_MC -> A_G39_MC) type[cov], weight[1.00] from 37 to 38 dist[1.32]
Adding bndlst edge: (A_E38_MC -> A_R45_SC) type[hb], weight[0.47] from 37 to 44 dist[2.92]
Adding bndlst edge: (A_E38_SC -> A_R45_SC) type[salt], weight[0.48] from 37 to 44 dist[2.74]
Adding bndlst edge: (A_G39_MC -> A_E40_MC) type[cov], weight[1.00] from 38 to 39 dist[1.34]
Adding bndlst edge: (A_G39_MC -> A_G46_MC) type[hb], weight[0.97] from 38 to 45 dist[2.03]
Adding bndlst edge: (A_G39_MC -> A_G46_MC) type[hb], weight[0.88] from 38 to 45 dist[2.13]
Adding bndlst edge: (A_E40_MC -> A_L41_MC) type[cov], weight[1.00] from 39 to 40 dist[1.34]
Adding bndlst edge: (A_L41_MC -> A_N42_MC) type[cov], weight[1.00] from 40 to 41 dist[1.33]
Adding bndlst edge: (A_L41_MC -> A_R44_MC) type[hb], weight[0.81] from 40 to 43 dist[2.22]
Adding bndlst edge: (A_L41_MC -> A_R44_MC) type[hb], weight[1.14] from 40 to 43 dist[1.87]
Adding bndlst edge: (A_N42_MC -> A_G43_MC) type[cov], weight[1.00] from 41 to 42 dist[1.34]
Adding bndlst edge: (A_N42_MC -> A_R44_MC) type[hb], weight[0.46] from 41 to 43 dist[2.95]
Adding bndlst edge: (A_G43_MC -> A_R44_MC) type[cov], weight[1.00] from 42 to 43 dist[1.33]
Adding bndlst edge: (A_R44_MC -> A_R45_MC) type[cov], weight[1.00] from 43 to 44 dist[1.33]
Adding bndlst edge: (A_R45_MC -> A_G46_MC) type[cov], weight[1.00] from 44 to 45 dist[1.33]
Adding bndlst edge: (A_G46_MC -> A_M47_MC) type[cov], weight[1.00] from 45 to 46 dist[1.34]
Adding bndlst edge: (A_M47_MC -> A_F48_MC) type[cov], weight[1.00] from 46 to 47 dist[1.33]
Adding bndlst edge: (A_F48_MC -> A_P49_MC) type[cov], weight[1.00] from 47 to 48 dist[1.34]
Adding bndlst edge: (A_P49_MC -> A_D50_MC) type[cov], weight[1.00] from 48 to 49 dist[1.33]
Adding bndlst edge: (A_P49_MC -> A_F52_MC) type[hb], weight[0.69] from 48 to 51 dist[2.40]
Adding bndlst edge: (A_D50_MC -> A_N51_MC) type[cov], weight[1.00] from 49 to 50 dist[1.32]
Adding bndlst edge: (A_D50_MC -> A_V53_MC) type[hb], weight[0.51] from 49 to 52 dist[2.80]
Adding bndlst edge: (A_D50_SC -> A_N51_MC) type[hb], weight[0.45] from 49 to 50 dist[2.98]
Adding bndlst edge: (A_N51_MC -> A_F52_MC) type[cov], weight[1.00] from 50 to 51 dist[1.34]
Adding bndlst edge: (A_F52_MC -> A_V53_MC) type[cov], weight[1.00] from 51 to 52 dist[1.34]
Adding bndlst edge: (A_V53_MC -> A_K54_MC) type[cov], weight[1.00] from 52 to 53 dist[1.33]
Adding bndlst edge: (A_K54_MC -> A_E55_MC) type[cov], weight[1.00] from 53 to 54 dist[1.33]
Adding bndlst edge: (A_E55_MC -> A_I56_MC) type[cov], weight[1.00] from 54 to 55 dist[1.33]
Adding bndlst edge: (A_I56_MC -> A_K57_MC) type[cov], weight[1.00] from 55 to 56 dist[1.33]
Adding bndlst edge: (A_K57_MC -> A_R58_MC) type[cov], weight[1.00] from 56 to 57 dist[1.24]

bndlst DONE

Producing PAJEK network
printing pajek edge (A_34_GLU,A_35_GLY)
printing pajek edge (A_33_GLU,A_36_TRP)
printing pajek edge (A_33_GLU,A_34_GLU)
printing pajek edge (A_22_GLY,A_23_GLU)
printing pajek edge (A_8_ASP,A_9_TYR)
printing pajek edge (A_8_ASP,A_21_VAL)
printing pajek edge (A_27_ASN,A_28_VAL)
printing pajek edge (A_27_ASN,A_29_LYS)
printing pajek edge (A_27_ASN,A_45_ARG)
printing pajek edge (A_18_THR,A_19_ILE)
printing pajek edge (A_3_TYR,A_4_ILE)
printing pajek edge (A_3_TYR,A_25_ILE)
printing pajek edge (A_2_ASP,A_27_ASN)
printing pajek edge (A_2_ASP,A_3_TYR)
printing pajek edge (A_2_ASP,A_56_ILE)
printing pajek edge (A_19_ILE,A_20_ARG)
printing pajek edge (A_19_ILE,A_20_ARG)
printing pajek edge (A_31_LEU,A_36_TRP)
printing pajek edge (A_31_LEU,A_32_GLN)
printing pajek edge (A_17_LEU,A_47_MET)
printing pajek edge (A_17_LEU,A_18_THR)
printing pajek edge (A_45_ARG,A_46_GLY)
printing pajek edge (A_56_ILE,A_57_LYS)
printing pajek edge (A_28_VAL,A_29_LYS)
printing pajek edge (A_26_ARG,A_40_GLU)
printing pajek edge (A_26_ARG,A_27_ASN)
printing pajek edge (A_29_LYS,A_38_GLU)
printing pajek edge (A_29_LYS,A_30_LYS)
printing pajek edge (A_41_LEU,A_44_ARG)
printing pajek edge (A_41_LEU,A_42_ASN)
printing pajek edge (A_21_VAL,A_23_GLU)
printing pajek edge (A_21_VAL,A_22_GLY)
printing pajek edge (A_15_ASP,A_47_MET)
printing pajek edge (A_15_ASP,A_16_GLU)
printing pajek edge (A_50_ASP,A_53_VAL)
printing pajek edge (A_50_ASP,A_51_ASN)
printing pajek edge (A_50_ASP,A_51_ASN)
printing pajek edge (A_25_ILE,A_26_ARG)
printing pajek edge (A_11_ALA,A_12_VAL)
printing pajek edge (A_11_ALA,A_18_THR)
printing pajek edge (A_32_GLN,A_34_GLU)
printing pajek edge (A_32_GLN,A_33_GLU)
printing pajek edge (A_36_TRP,A_37_LEU)
printing pajek edge (A_12_VAL,A_13_HIS)
printing pajek edge (A_12_VAL,A_16_GLU)
printing pajek edge (A_54_LYS,A_55_GLU)
printing pajek edge (A_49_PRO,A_50_ASP)
printing pajek edge (A_49_PRO,A_52_PHE)
printing pajek edge (A_43_GLY,A_44_ARG)
printing pajek edge (A_23_GLU,A_24_ILE)
printing pajek edge (A_47_MET,A_48_PHE)
printing pajek edge (A_1_VAL,A_28_VAL)
printing pajek edge (A_1_VAL,A_2_ASP)
printing pajek edge (A_1_VAL,A_27_ASN)
printing pajek edge (A_14_ASP,A_44_ARG)
printing pajek edge (A_14_ASP,A_15_ASP)
printing pajek edge (A_24_ILE,A_25_ILE)
printing pajek edge (A_30_LYS,A_31_LEU)
printing pajek edge (A_7_TYR,A_8_ASP)
printing pajek edge (A_7_TYR,A_52_PHE)
printing pajek edge (A_51_ASN,A_52_PHE)
printing pajek edge (A_40_GLU,A_41_LEU)
printing pajek edge (A_37_LEU,A_38_GLU)
printing pajek edge (A_37_LEU,A_48_PHE)
printing pajek edge (A_4_ILE,A_5_VAL)
printing pajek edge (A_4_ILE,A_54_LYS)
printing pajek edge (A_52_PHE,A_53_VAL)
printing pajek edge (A_10_ASP,A_20_ARG)
printing pajek edge (A_10_ASP,A_11_ALA)
printing pajek edge (A_42_ASN,A_43_GLY)
printing pajek edge (A_42_ASN,A_44_ARG)
printing pajek edge (A_13_HIS,A_14_ASP)
printing pajek edge (A_13_HIS,A_16_GLU)
printing pajek edge (A_48_PHE,A_49_PRO)
printing pajek edge (A_16_GLU,A_44_ARG)
printing pajek edge (A_16_GLU,A_17_LEU)
printing pajek edge (A_53_VAL,A_54_LYS)
printing pajek edge (A_39_GLY,A_40_GLU)
printing pajek edge (A_39_GLY,A_46_GLY)
printing pajek edge (A_9_TYR,A_19_ILE)
printing pajek edge (A_9_TYR,A_20_ARG)
printing pajek edge (A_9_TYR,A_10_ASP)
printing pajek edge (A_9_TYR,A_10_ASP)
printing pajek edge (A_9_TYR,A_16_GLU)
printing pajek edge (A_5_VAL,A_23_GLU)
printing pajek edge (A_5_VAL,A_22_GLY)
printing pajek edge (A_5_VAL,A_6_GLU)
printing pajek edge (A_35_GLY,A_36_TRP)
printing pajek edge (A_35_GLY,A_50_ASP)
printing pajek edge (A_57_LYS,A_58_ARG)
printing pajek edge (A_46_GLY,A_47_MET)
printing pajek edge (A_38_GLU,A_39_GLY)
printing pajek edge (A_38_GLU,A_45_ARG)
printing pajek edge (A_38_GLU,A_45_ARG)
printing pajek edge (A_44_ARG,A_45_ARG)
printing pajek edge (A_20_ARG,A_23_GLU)
printing pajek edge (A_20_ARG,A_21_VAL)
printing pajek edge (A_55_GLU,A_56_ILE)
printing pajek edge (A_6_GLU,A_7_TYR)
printing pajek edge (A_6_GLU,A_52_PHE)
