Graph START

Adding vertex (chain-A, position-1, res-PRO)
New vertex id: 0
1 2 3 4 5 6 7 
Adding vertex (chain-A, position-2, res-TRP)
New vertex id: 1
8 9 10 11 12 13 14 15 16 17 18 19 20 21 
Adding vertex (chain-A, position-3, res-ALA)
New vertex id: 2
22 23 24 25 26 
Adding vertex (chain-A, position-4, res-ARG)
New vertex id: 3
27 28 29 30 31 32 33 34 35 36 37 
Adding vertex (chain-A, position-5, res-ALA)
New vertex id: 4
38 39 40 41 42 
Adding vertex (chain-A, position-6, res-LEU)
New vertex id: 5
43 44 45 46 47 48 49 50 
Adding vertex (chain-A, position-7, res-TYR)
New vertex id: 6
51 52 53 54 55 56 57 58 59 60 61 62 
Adding vertex (chain-A, position-8, res-ASP)
New vertex id: 7
63 64 65 66 67 68 69 70 
Adding vertex (chain-A, position-9, res-PHE)
New vertex id: 8
71 72 73 74 75 76 77 78 79 80 81 
Adding vertex (chain-A, position-10, res-GLU)
New vertex id: 9
82 83 84 85 86 87 88 89 90 
Adding vertex (chain-A, position-11, res-ALA)
New vertex id: 10
91 92 93 94 95 
Adding vertex (chain-A, position-12, res-LEU)
New vertex id: 11
96 97 98 99 100 101 102 103 
Adding vertex (chain-A, position-13, res-GLU)
New vertex id: 12
104 105 106 107 108 109 110 111 112 
Adding vertex (chain-A, position-14, res-GLU)
New vertex id: 13
113 114 115 116 117 118 119 120 121 
Adding vertex (chain-A, position-15, res-ASP)
New vertex id: 14
122 123 124 125 126 127 128 129 
Adding vertex (chain-A, position-16, res-GLU)
New vertex id: 15
130 131 132 133 134 135 136 137 138 
Adding vertex (chain-A, position-17, res-LEU)
New vertex id: 16
139 140 141 142 143 144 145 146 
Adding vertex (chain-A, position-18, res-GLY)
New vertex id: 17
147 148 149 150 
Adding vertex (chain-A, position-19, res-PHE)
New vertex id: 18
151 152 153 154 155 156 157 158 159 160 161 
Adding vertex (chain-A, position-20, res-ARG)
New vertex id: 19
162 163 164 165 166 167 168 169 170 171 172 
Adding vertex (chain-A, position-21, res-SER)
New vertex id: 20
173 174 175 176 177 178 
Adding vertex (chain-A, position-22, res-GLY)
New vertex id: 21
179 180 181 182 
Adding vertex (chain-A, position-23, res-GLU)
New vertex id: 22
183 184 185 186 187 188 189 190 191 
Adding vertex (chain-A, position-24, res-VAL)
New vertex id: 23
192 193 194 195 196 197 198 
Adding vertex (chain-A, position-25, res-VAL)
New vertex id: 24
199 200 201 202 203 204 205 
Adding vertex (chain-A, position-26, res-GLU)
New vertex id: 25
206 207 208 209 210 211 212 213 214 
Adding vertex (chain-A, position-27, res-VAL)
New vertex id: 26
215 216 217 218 219 220 221 
Adding vertex (chain-A, position-28, res-LEU)
New vertex id: 27
222 223 224 225 226 227 228 229 
Adding vertex (chain-A, position-29, res-ASP)
New vertex id: 28
230 231 232 233 234 235 236 237 
Adding vertex (chain-A, position-30, res-SER)
New vertex id: 29
238 239 240 241 242 243 
Adding vertex (chain-A, position-31, res-SER)
New vertex id: 30
244 245 246 247 248 249 
Adding vertex (chain-A, position-32, res-ASN)
New vertex id: 31
250 251 252 253 254 255 256 257 
Adding vertex (chain-A, position-33, res-PRO)
New vertex id: 32
258 259 260 261 262 263 264 
Adding vertex (chain-A, position-34, res-SER)
New vertex id: 33
265 266 267 268 269 270 
Adding vertex (chain-A, position-35, res-TRP)
New vertex id: 34
271 272 273 274 275 276 277 278 279 280 281 282 283 284 
Adding vertex (chain-A, position-36, res-TRP)
New vertex id: 35
285 286 287 288 289 290 291 292 293 294 295 296 297 298 
Adding vertex (chain-A, position-37, res-THR)
New vertex id: 36
299 300 301 302 303 304 305 
Adding vertex (chain-A, position-38, res-GLY)
New vertex id: 37
306 307 308 309 
Adding vertex (chain-A, position-39, res-ARG)
New vertex id: 38
310 311 312 313 314 315 316 317 318 319 320 
Adding vertex (chain-A, position-40, res-LEU)
New vertex id: 39
321 322 323 324 325 326 327 328 
Adding vertex (chain-A, position-41, res-HIS)
New vertex id: 40
329 330 331 332 333 334 335 336 337 338 
Adding vertex (chain-A, position-42, res-ASN)
New vertex id: 41
339 340 341 342 343 344 345 346 
Adding vertex (chain-A, position-43, res-LYS)
New vertex id: 42
347 348 349 350 351 352 353 354 355 
Adding vertex (chain-A, position-44, res-LEU)
New vertex id: 43
356 357 358 359 360 361 362 363 
Adding vertex (chain-A, position-45, res-GLY)
New vertex id: 44
364 365 366 367 
Adding vertex (chain-A, position-46, res-LEU)
New vertex id: 45
368 369 370 371 372 373 374 375 
Adding vertex (chain-A, position-47, res-PHE)
New vertex id: 46
376 377 378 379 380 381 382 383 384 385 386 
Adding vertex (chain-A, position-48, res-PRO)
New vertex id: 47
387 388 389 390 391 392 393 
Adding vertex (chain-A, position-49, res-ALA)
New vertex id: 48
394 395 396 397 398 
Adding vertex (chain-A, position-50, res-ASN)
New vertex id: 49
399 400 401 402 403 404 405 406 
Adding vertex (chain-A, position-51, res-TYR)
New vertex id: 50
407 408 409 410 411 412 413 414 415 416 417 418 
Adding vertex (chain-A, position-52, res-VAL)
New vertex id: 51
419 420 421 422 423 424 425 
Adding vertex (chain-A, position-53, res-ALA)
New vertex id: 52
426 427 428 429 430 
Adding vertex (chain-A, position-54, res-PRO)
New vertex id: 53
431 432 433 434 435 436 437 
Adding vertex (chain-A, position-55, res-MET)
New vertex id: 54
438 439 440 441 442 443 444 445 
Adding vertex (chain-A, position-56, res-MET)
New vertex id: 55
446 447 448 449 450 
Graph DONE

( reduce -FLIPs 2D0N.pdb > 2D0N.H.pdb ) >& /dev/null
Reduce (-FLIPs) returned 0
( bndlst -Radius0.3 2D0N.H.pdb > 2D0N.H.bndlst ) >& /dev/null
BndLst returned 0
Parsing 2D0N.H.bndlst

bndlst START
Adding bndlst edge: (A_P1_MC -> A_W2_MC) type[cov], weight[1.00] from 0 to 1 dist[1.33]
Adding bndlst edge: (A_P1_MC -> A_V27_MC) type[hb], weight[1.22] from 0 to 26 dist[1.81]
Adding bndlst edge: (A_W2_MC -> A_A3_MC) type[cov], weight[1.00] from 1 to 2 dist[1.34]
Adding bndlst edge: (A_W2_MC -> A_M56_MC) type[cov], weight[1.00] from 1 to 55 dist[1.58]
Adding bndlst edge: (A_W2_MC -> A_M55_MC) type[hb], weight[1.12] from 1 to 54 dist[1.89]
Adding bndlst edge: (A_A3_MC -> A_R4_MC) type[cov], weight[1.00] from 2 to 3 dist[1.35]
Adding bndlst edge: (A_A3_MC -> A_V25_MC) type[hb], weight[0.94] from 2 to 24 dist[2.06]
Adding bndlst edge: (A_A3_MC -> A_V25_MC) type[hb], weight[0.96] from 2 to 24 dist[2.04]
Adding bndlst edge: (A_R4_MC -> A_A5_MC) type[cov], weight[1.00] from 3 to 4 dist[1.36]
Adding bndlst edge: (A_R4_MC -> A_A53_MC) type[hb], weight[1.19] from 3 to 52 dist[1.83]
Adding bndlst edge: (A_A5_MC -> A_L6_MC) type[cov], weight[1.00] from 4 to 5 dist[1.31]
Adding bndlst edge: (A_A5_MC -> A_G22_MC) type[hb], weight[1.28] from 4 to 21 dist[1.77]
Adding bndlst edge: (A_A5_MC -> A_E23_MC) type[hb], weight[1.24] from 4 to 22 dist[1.79]
Adding bndlst edge: (A_L6_MC -> A_Y7_MC) type[cov], weight[1.00] from 5 to 6 dist[1.35]
Adding bndlst edge: (A_L6_MC -> A_Y51_MC) type[hb], weight[1.33] from 5 to 50 dist[1.73]
Adding bndlst edge: (A_Y7_MC -> A_D8_MC) type[cov], weight[1.00] from 6 to 7 dist[1.34]
Adding bndlst edge: (A_Y7_MC -> A_Y51_MC) type[hb], weight[0.51] from 6 to 50 dist[2.80]
Adding bndlst edge: (A_D8_MC -> A_F9_MC) type[cov], weight[1.00] from 7 to 8 dist[1.32]
Adding bndlst edge: (A_D8_SC -> A_S21_MC) type[hb], weight[1.25] from 7 to 20 dist[1.79]
Adding bndlst edge: (A_F9_MC -> A_E10_MC) type[cov], weight[1.00] from 8 to 9 dist[1.34]
Adding bndlst edge: (A_F9_MC -> A_F19_MC) type[hb], weight[1.12] from 8 to 18 dist[1.89]
Adding bndlst edge: (A_F9_SC -> A_E10_MC) type[hb], weight[0.36] from 8 to 9 dist[3.35]
Adding bndlst edge: (A_F9_MC -> A_F19_MC) type[hb], weight[1.18] from 8 to 18 dist[1.84]
Adding bndlst edge: (A_E10_MC -> A_A11_MC) type[cov], weight[1.00] from 9 to 10 dist[1.32]
Adding bndlst edge: (A_A11_MC -> A_L12_MC) type[cov], weight[1.00] from 10 to 11 dist[1.33]
Adding bndlst edge: (A_L12_MC -> A_E13_MC) type[cov], weight[1.00] from 11 to 12 dist[1.32]
Adding bndlst edge: (A_L12_MC -> A_E16_SC) type[hb], weight[1.35] from 11 to 15 dist[1.72]
Adding bndlst edge: (A_E13_MC -> A_E14_MC) type[cov], weight[1.00] from 12 to 13 dist[1.34]
Adding bndlst edge: (A_E13_MC -> A_E16_MC) type[hb], weight[1.04] from 12 to 15 dist[1.97]
Adding bndlst edge: (A_E14_MC -> A_D15_MC) type[cov], weight[1.00] from 13 to 14 dist[1.34]
Adding bndlst edge: (A_D15_MC -> A_E16_MC) type[cov], weight[1.00] from 14 to 15 dist[1.34]
Adding bndlst edge: (A_D15_MC -> A_L46_MC) type[hb], weight[1.34] from 14 to 45 dist[1.73]
Adding bndlst edge: (A_E16_MC -> A_L17_MC) type[cov], weight[1.00] from 15 to 16 dist[1.34]
Adding bndlst edge: (A_L17_MC -> A_G18_MC) type[cov], weight[1.00] from 16 to 17 dist[1.32]
Adding bndlst edge: (A_L17_MC -> A_L46_MC) type[hb], weight[1.00] from 16 to 45 dist[2.00]
Adding bndlst edge: (A_G18_MC -> A_F19_MC) type[cov], weight[1.00] from 17 to 18 dist[1.36]
Adding bndlst edge: (A_F19_MC -> A_R20_MC) type[cov], weight[1.00] from 18 to 19 dist[1.34]
Adding bndlst edge: (A_R20_MC -> A_S21_MC) type[cov], weight[1.00] from 19 to 20 dist[1.34]
Adding bndlst edge: (A_R20_MC -> A_E23_MC) type[hb], weight[1.02] from 19 to 22 dist[1.98]
Adding bndlst edge: (A_R20_MC -> A_E23_SC) type[hb], weight[1.12] from 19 to 22 dist[1.89]
Adding bndlst edge: (A_S21_MC -> A_G22_MC) type[cov], weight[1.00] from 20 to 21 dist[1.33]
Adding bndlst edge: (A_S21_MC -> A_E23_MC) type[hb], weight[0.51] from 20 to 22 dist[2.80]
Adding bndlst edge: (A_G22_MC -> A_E23_MC) type[cov], weight[1.00] from 21 to 22 dist[1.35]
Adding bndlst edge: (A_E23_MC -> A_V24_MC) type[cov], weight[1.00] from 22 to 23 dist[1.32]
Adding bndlst edge: (A_V24_MC -> A_V25_MC) type[cov], weight[1.00] from 23 to 24 dist[1.32]
Adding bndlst edge: (A_V25_MC -> A_E26_MC) type[cov], weight[1.00] from 24 to 25 dist[1.33]
Adding bndlst edge: (A_E26_MC -> A_V27_MC) type[cov], weight[1.00] from 25 to 26 dist[1.33]
Adding bndlst edge: (A_E26_MC -> A_R39_MC) type[hb], weight[1.11] from 25 to 38 dist[1.90]
Adding bndlst edge: (A_E26_SC -> A_R39_SC) type[salt], weight[0.70] from 25 to 38 dist[2.27]
Adding bndlst edge: (A_E26_SC -> A_R39_SC) type[salt], weight[0.85] from 25 to 38 dist[2.06]
Adding bndlst edge: (A_E26_SC -> A_R39_SC) type[salt], weight[1.07] from 25 to 38 dist[1.84]
Adding bndlst edge: (A_E26_MC -> A_R39_MC) type[hb], weight[0.85] from 25 to 38 dist[2.17]
Adding bndlst edge: (A_V27_MC -> A_L28_MC) type[cov], weight[1.00] from 26 to 27 dist[1.34]
Adding bndlst edge: (A_L28_MC -> A_D29_MC) type[cov], weight[1.00] from 27 to 28 dist[1.33]
Adding bndlst edge: (A_L28_MC -> A_T37_MC) type[hb], weight[1.16] from 27 to 36 dist[1.85]
Adding bndlst edge: (A_D29_MC -> A_S30_MC) type[cov], weight[1.00] from 28 to 29 dist[1.34]
Adding bndlst edge: (A_D29_MC -> A_T37_MC) type[hb], weight[0.98] from 28 to 36 dist[2.02]
Adding bndlst edge: (A_D29_SC -> A_S31_SC) type[hb], weight[1.22] from 28 to 30 dist[1.81]
Adding bndlst edge: (A_D29_SC -> A_S30_MC) type[hb], weight[0.45] from 28 to 29 dist[2.98]
Adding bndlst edge: (A_D29_SC -> A_S31_MC) type[hb], weight[0.95] from 28 to 30 dist[2.05]
Adding bndlst edge: (A_D29_SC -> A_S31_SC) type[hb], weight[0.64] from 28 to 30 dist[2.50]
Adding bndlst edge: (A_D29_MC -> A_T37_MC) type[hb], weight[0.73] from 28 to 36 dist[2.33]
Adding bndlst edge: (A_S30_MC -> A_S31_MC) type[cov], weight[1.00] from 29 to 30 dist[1.33]
Adding bndlst edge: (A_S31_MC -> A_N32_MC) type[cov], weight[1.00] from 30 to 31 dist[1.35]
Adding bndlst edge: (A_N32_MC -> A_P33_MC) type[cov], weight[1.00] from 31 to 32 dist[1.35]
Adding bndlst edge: (A_N32_MC -> A_W36_SC) type[hb], weight[0.85] from 31 to 35 dist[2.17]
Adding bndlst edge: (A_N32_SC -> A_W35_MC) type[hb], weight[1.22] from 31 to 34 dist[1.81]
Adding bndlst edge: (A_N32_SC -> A_S34_MC) type[hb], weight[1.19] from 31 to 33 dist[1.83]
Adding bndlst edge: (A_P33_MC -> A_S34_MC) type[cov], weight[1.00] from 32 to 33 dist[1.35]
Adding bndlst edge: (A_S34_MC -> A_W35_MC) type[cov], weight[1.00] from 33 to 34 dist[1.34]
Adding bndlst edge: (A_S34_MC -> A_A49_MC) type[hb], weight[1.11] from 33 to 48 dist[1.90]
Adding bndlst edge: (A_W35_MC -> A_W36_MC) type[cov], weight[1.00] from 34 to 35 dist[1.32]
Adding bndlst edge: (A_W36_MC -> A_T37_MC) type[cov], weight[1.00] from 35 to 36 dist[1.32]
Adding bndlst edge: (A_W36_MC -> A_F47_MC) type[hb], weight[1.07] from 35 to 46 dist[1.93]
Adding bndlst edge: (A_W36_MC -> A_F47_MC) type[hb], weight[0.98] from 35 to 46 dist[2.02]
Adding bndlst edge: (A_T37_MC -> A_G38_MC) type[cov], weight[1.00] from 36 to 37 dist[1.33]
Adding bndlst edge: (A_G38_MC -> A_R39_MC) type[cov], weight[1.00] from 37 to 38 dist[1.32]
Adding bndlst edge: (A_G38_MC -> A_G45_MC) type[hb], weight[0.91] from 37 to 44 dist[2.10]
Adding bndlst edge: (A_G38_MC -> A_G45_MC) type[hb], weight[1.15] from 37 to 44 dist[1.86]
Adding bndlst edge: (A_R39_MC -> A_L40_MC) type[cov], weight[1.00] from 38 to 39 dist[1.33]
Adding bndlst edge: (A_L40_MC -> A_H41_MC) type[cov], weight[1.00] from 39 to 40 dist[1.34]
Adding bndlst edge: (A_L40_MC -> A_K43_MC) type[hb], weight[0.97] from 39 to 42 dist[2.03]
Adding bndlst edge: (A_L40_MC -> A_K43_MC) type[hb], weight[0.87] from 39 to 42 dist[2.14]
Adding bndlst edge: (A_H41_MC -> A_N42_MC) type[cov], weight[1.00] from 40 to 41 dist[1.33]
Adding bndlst edge: (A_H41_MC -> A_K43_SC) type[hb], weight[0.61] from 40 to 42 dist[2.57]
Adding bndlst edge: (A_H41_MC -> A_K43_SC) type[hb], weight[0.60] from 40 to 42 dist[2.59]
Adding bndlst edge: (A_N42_MC -> A_K43_MC) type[cov], weight[1.00] from 41 to 42 dist[1.33]
Adding bndlst edge: (A_K43_MC -> A_L44_MC) type[cov], weight[1.00] from 42 to 43 dist[1.37]
Adding bndlst edge: (A_L44_MC -> A_G45_MC) type[cov], weight[1.00] from 43 to 44 dist[1.33]
Adding bndlst edge: (A_G45_MC -> A_L46_MC) type[cov], weight[1.00] from 44 to 45 dist[1.31]
Adding bndlst edge: (A_L46_MC -> A_F47_MC) type[cov], weight[1.00] from 45 to 46 dist[1.31]
Adding bndlst edge: (A_F47_MC -> A_P48_MC) type[cov], weight[1.00] from 46 to 47 dist[1.36]
Adding bndlst edge: (A_P48_MC -> A_A49_MC) type[cov], weight[1.00] from 47 to 48 dist[1.33]
Adding bndlst edge: (A_P48_MC -> A_Y51_MC) type[hb], weight[1.01] from 47 to 50 dist[1.99]
Adding bndlst edge: (A_A49_MC -> A_N50_MC) type[cov], weight[1.00] from 48 to 49 dist[1.33]
Adding bndlst edge: (A_A49_MC -> A_V52_MC) type[hb], weight[0.72] from 48 to 51 dist[2.35]
Adding bndlst edge: (A_A49_MC -> A_Y51_MC) type[hb], weight[0.45] from 48 to 50 dist[2.99]
Adding bndlst edge: (A_N50_MC -> A_Y51_MC) type[cov], weight[1.00] from 49 to 50 dist[1.34]
Adding bndlst edge: (A_N50_MC -> A_V52_MC) type[hb], weight[0.45] from 49 to 51 dist[3.00]
Adding bndlst edge: (A_Y51_MC -> A_V52_MC) type[cov], weight[1.00] from 50 to 51 dist[1.31]
Adding bndlst edge: (A_V52_MC -> A_A53_MC) type[cov], weight[1.00] from 51 to 52 dist[1.37]
Adding bndlst edge: (A_A53_MC -> A_P54_MC) type[cov], weight[1.00] from 52 to 53 dist[1.34]
Adding bndlst edge: (A_P54_MC -> A_M55_MC) type[cov], weight[1.00] from 53 to 54 dist[1.34]
Adding bndlst edge: (A_M55_MC -> A_M56_MC) type[cov], weight[1.00] from 54 to 55 dist[1.36]

bndlst DONE

Producing PAJEK network
printing pajek edge (A_34_SER,A_35_TRP)
printing pajek edge (A_34_SER,A_49_ALA)
printing pajek edge (A_33_PRO,A_34_SER)
printing pajek edge (A_22_GLY,A_23_GLU)
printing pajek edge (A_8_ASP,A_9_PHE)
printing pajek edge (A_8_ASP,A_21_SER)
printing pajek edge (A_27_VAL,A_28_LEU)
printing pajek edge (A_18_GLY,A_19_PHE)
printing pajek edge (A_3_ALA,A_4_ARG)
printing pajek edge (A_3_ALA,A_25_VAL)
printing pajek edge (A_2_TRP,A_3_ALA)
printing pajek edge (A_2_TRP,A_55_MET)
printing pajek edge (A_2_TRP,A_56_MET)
printing pajek edge (A_19_PHE,A_20_ARG)
printing pajek edge (A_31_SER,A_32_ASN)
printing pajek edge (A_17_LEU,A_46_LEU)
printing pajek edge (A_17_LEU,A_18_GLY)
printing pajek edge (A_45_GLY,A_46_LEU)
printing pajek edge (A_28_LEU,A_29_ASP)
printing pajek edge (A_28_LEU,A_37_THR)
printing pajek edge (A_26_GLU,A_39_ARG)
printing pajek edge (A_26_GLU,A_39_ARG)
printing pajek edge (A_26_GLU,A_27_VAL)
printing pajek edge (A_29_ASP,A_37_THR)
printing pajek edge (A_29_ASP,A_31_SER)
printing pajek edge (A_29_ASP,A_30_SER)
printing pajek edge (A_29_ASP,A_30_SER)
printing pajek edge (A_41_HIS,A_43_LYS)
printing pajek edge (A_41_HIS,A_42_ASN)
printing pajek edge (A_21_SER,A_23_GLU)
printing pajek edge (A_21_SER,A_22_GLY)
printing pajek edge (A_15_ASP,A_46_LEU)
printing pajek edge (A_15_ASP,A_16_GLU)
printing pajek edge (A_50_ASN,A_51_TYR)
printing pajek edge (A_50_ASN,A_52_VAL)
printing pajek edge (A_25_VAL,A_26_GLU)
printing pajek edge (A_11_ALA,A_12_LEU)
printing pajek edge (A_32_ASN,A_36_TRP)
printing pajek edge (A_32_ASN,A_34_SER)
printing pajek edge (A_32_ASN,A_33_PRO)
printing pajek edge (A_32_ASN,A_35_TRP)
printing pajek edge (A_36_TRP,A_47_PHE)
printing pajek edge (A_36_TRP,A_37_THR)
printing pajek edge (A_12_LEU,A_13_GLU)
printing pajek edge (A_12_LEU,A_16_GLU)
printing pajek edge (A_54_PRO,A_55_MET)
printing pajek edge (A_49_ALA,A_51_TYR)
printing pajek edge (A_49_ALA,A_50_ASN)
printing pajek edge (A_49_ALA,A_52_VAL)
printing pajek edge (A_43_LYS,A_44_LEU)
printing pajek edge (A_23_GLU,A_24_VAL)
printing pajek edge (A_47_PHE,A_48_PRO)
printing pajek edge (A_1_PRO,A_2_TRP)
printing pajek edge (A_1_PRO,A_27_VAL)
printing pajek edge (A_14_GLU,A_15_ASP)
printing pajek edge (A_24_VAL,A_25_VAL)
printing pajek edge (A_30_SER,A_31_SER)
printing pajek edge (A_7_TYR,A_51_TYR)
printing pajek edge (A_7_TYR,A_8_ASP)
printing pajek edge (A_51_TYR,A_52_VAL)
printing pajek edge (A_40_LEU,A_43_LYS)
printing pajek edge (A_40_LEU,A_41_HIS)
printing pajek edge (A_37_THR,A_38_GLY)
printing pajek edge (A_4_ARG,A_53_ALA)
printing pajek edge (A_4_ARG,A_5_ALA)
printing pajek edge (A_52_VAL,A_53_ALA)
printing pajek edge (A_10_GLU,A_11_ALA)
printing pajek edge (A_42_ASN,A_43_LYS)
printing pajek edge (A_13_GLU,A_14_GLU)
printing pajek edge (A_13_GLU,A_16_GLU)
printing pajek edge (A_48_PRO,A_51_TYR)
printing pajek edge (A_48_PRO,A_49_ALA)
printing pajek edge (A_16_GLU,A_17_LEU)
printing pajek edge (A_53_ALA,A_54_PRO)
printing pajek edge (A_39_ARG,A_40_LEU)
printing pajek edge (A_9_PHE,A_19_PHE)
printing pajek edge (A_9_PHE,A_10_GLU)
printing pajek edge (A_9_PHE,A_10_GLU)
printing pajek edge (A_5_ALA,A_23_GLU)
printing pajek edge (A_5_ALA,A_22_GLY)
printing pajek edge (A_5_ALA,A_6_LEU)
printing pajek edge (A_35_TRP,A_36_TRP)
printing pajek edge (A_46_LEU,A_47_PHE)
printing pajek edge (A_38_GLY,A_39_ARG)
printing pajek edge (A_38_GLY,A_45_GLY)
printing pajek edge (A_44_LEU,A_45_GLY)
printing pajek edge (A_20_ARG,A_23_GLU)
printing pajek edge (A_20_ARG,A_21_SER)
printing pajek edge (A_55_MET,A_56_MET)
printing pajek edge (A_6_LEU,A_7_TYR)
printing pajek edge (A_6_LEU,A_51_TYR)
