Graph START

Adding vertex (chain-A, position-1, res-ALA)
New vertex id: 0
1 2 3 4 5 
Adding vertex (chain-A, position-2, res-ASP)
New vertex id: 1
6 7 8 9 10 11 12 13 
Adding vertex (chain-A, position-3, res-LYS)
New vertex id: 2
14 15 16 17 18 19 20 21 22 
Adding vertex (chain-A, position-4, res-GLU)
New vertex id: 3
23 24 25 26 27 28 29 30 31 
Adding vertex (chain-A, position-5, res-LEU)
New vertex id: 4
32 33 34 35 36 37 38 39 
Adding vertex (chain-A, position-6, res-LYS)
New vertex id: 5
40 41 42 43 44 45 46 47 48 
Adding vertex (chain-A, position-7, res-PHE)
New vertex id: 6
49 50 51 52 53 54 55 56 57 58 59 
Adding vertex (chain-A, position-8, res-LEU)
New vertex id: 7
60 61 62 63 64 65 66 67 
Adding vertex (chain-A, position-9, res-VAL)
New vertex id: 8
68 69 70 71 72 73 74 
Adding vertex (chain-A, position-10, res-VAL)
New vertex id: 9
75 76 77 78 79 80 81 
Adding vertex (chain-A, position-11, res-ASP)
New vertex id: 10
82 83 84 85 86 87 88 89 
Adding vertex (chain-A, position-12, res-ASP)
New vertex id: 11
90 91 92 93 94 95 96 97 
Adding vertex (chain-A, position-13, res-PHE)
New vertex id: 12
98 99 100 101 102 103 104 105 106 107 108 
Adding vertex (chain-A, position-14, res-SER)
New vertex id: 13
109 110 111 112 113 114 
Adding vertex (chain-A, position-15, res-THR)
New vertex id: 14
115 116 117 118 119 120 121 
Adding vertex (chain-A, position-16, res-MET)
New vertex id: 15
122 123 124 125 126 127 128 129 
Adding vertex (chain-A, position-17, res-ARG)
New vertex id: 16
130 131 132 133 134 135 136 137 138 139 140 
Adding vertex (chain-A, position-18, res-ARG)
New vertex id: 17
141 142 143 144 145 146 147 148 149 150 151 
Adding vertex (chain-A, position-19, res-ILE)
New vertex id: 18
152 153 154 155 156 157 158 159 
Adding vertex (chain-A, position-20, res-VAL)
New vertex id: 19
160 161 162 163 164 165 166 
Adding vertex (chain-A, position-21, res-ARG)
New vertex id: 20
167 168 169 170 171 172 173 174 175 176 177 
Adding vertex (chain-A, position-22, res-ASN)
New vertex id: 21
178 179 180 181 182 183 184 185 
Adding vertex (chain-A, position-23, res-LEU)
New vertex id: 22
186 187 188 189 190 191 192 193 
Adding vertex (chain-A, position-24, res-LEU)
New vertex id: 23
194 195 196 197 198 199 200 201 
Adding vertex (chain-A, position-25, res-LYS)
New vertex id: 24
202 203 204 205 206 207 208 209 210 
Adding vertex (chain-A, position-26, res-GLU)
New vertex id: 25
211 212 213 214 215 216 217 218 219 
Adding vertex (chain-A, position-27, res-LEU)
New vertex id: 26
220 221 222 223 224 225 226 227 
Adding vertex (chain-A, position-28, res-GLY)
New vertex id: 27
228 229 230 231 
Adding vertex (chain-A, position-29, res-PHE)
New vertex id: 28
232 233 234 235 236 237 238 239 240 241 242 
Adding vertex (chain-A, position-30, res-ASN)
New vertex id: 29
243 244 245 246 247 248 249 250 
Adding vertex (chain-A, position-31, res-ASN)
New vertex id: 30
251 252 253 254 255 256 257 258 
Adding vertex (chain-A, position-32, res-VAL)
New vertex id: 31
259 260 261 262 263 264 265 
Adding vertex (chain-A, position-33, res-GLU)
New vertex id: 32
266 267 268 269 270 271 272 273 274 
Adding vertex (chain-A, position-34, res-GLU)
New vertex id: 33
275 276 277 278 279 280 281 282 283 
Adding vertex (chain-A, position-35, res-ALA)
New vertex id: 34
284 285 286 287 288 
Adding vertex (chain-A, position-36, res-GLU)
New vertex id: 35
289 290 291 292 293 294 295 296 297 
Adding vertex (chain-A, position-37, res-ASP)
New vertex id: 36
298 299 300 301 302 303 304 305 
Adding vertex (chain-A, position-38, res-GLY)
New vertex id: 37
306 307 308 309 
Adding vertex (chain-A, position-39, res-VAL)
New vertex id: 38
310 311 312 313 314 315 316 
Adding vertex (chain-A, position-40, res-ASP)
New vertex id: 39
317 318 319 320 321 322 323 324 
Adding vertex (chain-A, position-41, res-ALA)
New vertex id: 40
325 326 327 328 329 
Adding vertex (chain-A, position-42, res-LEU)
New vertex id: 41
330 331 332 333 334 335 336 337 
Adding vertex (chain-A, position-43, res-ASN)
New vertex id: 42
338 339 340 341 342 343 344 345 
Adding vertex (chain-A, position-44, res-LYS)
New vertex id: 43
346 347 348 349 350 351 352 353 354 
Adding vertex (chain-A, position-45, res-LEU)
New vertex id: 44
355 356 357 358 359 360 361 362 
Adding vertex (chain-A, position-46, res-GLN)
New vertex id: 45
363 364 365 366 367 368 369 370 371 
Adding vertex (chain-A, position-47, res-ALA)
New vertex id: 46
372 373 374 375 376 
Adding vertex (chain-A, position-48, res-GLY)
New vertex id: 47
377 378 379 380 
Adding vertex (chain-A, position-49, res-GLY)
New vertex id: 48
381 382 383 384 
Adding vertex (chain-A, position-50, res-PHE)
New vertex id: 49
385 386 387 388 389 390 391 392 393 394 395 
Adding vertex (chain-A, position-51, res-GLY)
New vertex id: 50
396 397 398 399 
Adding vertex (chain-A, position-52, res-PHE)
New vertex id: 51
400 401 402 403 404 405 406 407 408 409 410 
Adding vertex (chain-A, position-53, res-ILE)
New vertex id: 52
411 412 413 414 415 416 417 418 
Adding vertex (chain-A, position-54, res-ILE)
New vertex id: 53
419 420 421 422 423 424 425 426 
Adding vertex (chain-A, position-55, res-SER)
New vertex id: 54
427 428 429 430 431 432 
Adding vertex (chain-A, position-56, res-ASP)
New vertex id: 55
433 434 435 436 437 438 439 440 
Adding vertex (chain-A, position-57, res-TRP)
New vertex id: 56
441 442 443 444 445 446 447 448 449 450 451 452 453 454 
Adding vertex (chain-A, position-58, res-ASN)
New vertex id: 57
455 456 457 458 459 460 461 462 
Adding vertex (chain-A, position-59, res-MET)
New vertex id: 58
463 464 465 466 467 468 469 470 
Adding vertex (chain-A, position-60, res-PRO)
New vertex id: 59
471 472 473 474 475 476 477 
Adding vertex (chain-A, position-61, res-ASN)
New vertex id: 60
478 479 480 481 482 483 484 485 
Adding vertex (chain-A, position-62, res-MET)
New vertex id: 61
486 487 488 489 490 491 492 493 
Adding vertex (chain-A, position-63, res-ASP)
New vertex id: 62
494 495 496 497 498 499 500 501 
Adding vertex (chain-A, position-64, res-GLY)
New vertex id: 63
502 503 504 505 
Adding vertex (chain-A, position-65, res-LEU)
New vertex id: 64
506 507 508 509 510 511 512 513 
Adding vertex (chain-A, position-66, res-GLU)
New vertex id: 65
514 515 516 517 518 519 520 521 522 
Adding vertex (chain-A, position-67, res-LEU)
New vertex id: 66
523 524 525 526 527 528 529 530 
Adding vertex (chain-A, position-68, res-LEU)
New vertex id: 67
531 532 533 534 535 536 537 538 
Adding vertex (chain-A, position-69, res-LYS)
New vertex id: 68
539 540 541 542 543 544 545 546 547 
Adding vertex (chain-A, position-70, res-THR)
New vertex id: 69
548 549 550 551 552 553 554 
Adding vertex (chain-A, position-71, res-ILE)
New vertex id: 70
555 556 557 558 559 560 561 562 
Adding vertex (chain-A, position-72, res-ARG)
New vertex id: 71
563 564 565 566 567 568 569 570 571 572 573 
Adding vertex (chain-A, position-73, res-ALA)
New vertex id: 72
574 575 576 577 578 
Adding vertex (chain-A, position-74, res-ASP)
New vertex id: 73
579 580 581 582 583 584 585 586 
Adding vertex (chain-A, position-75, res-SER)
New vertex id: 74
587 588 589 590 591 592 
Adding vertex (chain-A, position-76, res-ALA)
New vertex id: 75
593 594 595 596 597 
Adding vertex (chain-A, position-77, res-MET)
New vertex id: 76
598 599 600 601 602 603 604 605 
Adding vertex (chain-A, position-78, res-SER)
New vertex id: 77
606 607 608 609 610 611 
Adding vertex (chain-A, position-79, res-ALA)
New vertex id: 78
612 613 614 615 616 
Adding vertex (chain-A, position-80, res-LEU)
New vertex id: 79
617 618 619 620 621 622 623 624 
Adding vertex (chain-A, position-81, res-PRO)
New vertex id: 80
625 626 627 628 629 630 631 
Adding vertex (chain-A, position-82, res-VAL)
New vertex id: 81
632 633 634 635 636 637 638 
Adding vertex (chain-A, position-83, res-LEU)
New vertex id: 82
639 640 641 642 643 644 645 646 
Adding vertex (chain-A, position-84, res-MET)
New vertex id: 83
647 648 649 650 651 652 653 654 
Adding vertex (chain-A, position-85, res-VAL)
New vertex id: 84
655 656 657 658 659 660 661 
Adding vertex (chain-A, position-86, res-THR)
New vertex id: 85
662 663 664 665 666 667 668 
Adding vertex (chain-A, position-87, res-ALA)
New vertex id: 86
669 670 671 672 673 
Adding vertex (chain-A, position-88, res-GLU)
New vertex id: 87
674 675 676 677 678 679 680 681 682 
Adding vertex (chain-A, position-89, res-ALA)
New vertex id: 88
683 684 685 686 687 
Adding vertex (chain-A, position-90, res-LYS)
New vertex id: 89
688 689 690 691 692 693 694 695 696 
Adding vertex (chain-A, position-91, res-LYS)
New vertex id: 90
697 698 699 700 701 702 703 704 705 
Adding vertex (chain-A, position-92, res-GLU)
New vertex id: 91
706 707 708 709 710 711 712 713 714 
Adding vertex (chain-A, position-93, res-ASN)
New vertex id: 92
715 716 717 718 719 720 721 722 
Adding vertex (chain-A, position-94, res-ILE)
New vertex id: 93
723 724 725 726 727 728 729 730 
Adding vertex (chain-A, position-95, res-ILE)
New vertex id: 94
731 732 733 734 735 736 737 738 
Adding vertex (chain-A, position-96, res-ALA)
New vertex id: 95
739 740 741 742 743 
Adding vertex (chain-A, position-97, res-ALA)
New vertex id: 96
744 745 746 747 748 
Adding vertex (chain-A, position-98, res-ALA)
New vertex id: 97
749 750 751 752 753 
Adding vertex (chain-A, position-99, res-GLN)
New vertex id: 98
754 755 756 757 758 759 760 761 762 
Adding vertex (chain-A, position-100, res-ALA)
New vertex id: 99
763 764 765 766 767 
Adding vertex (chain-A, position-101, res-GLY)
New vertex id: 100
768 769 770 771 
Adding vertex (chain-A, position-102, res-ALA)
New vertex id: 101
772 773 774 775 776 
Adding vertex (chain-A, position-103, res-SER)
New vertex id: 102
777 778 779 780 781 782 
Adding vertex (chain-A, position-104, res-GLY)
New vertex id: 103
783 784 785 786 
Adding vertex (chain-A, position-105, res-TYR)
New vertex id: 104
787 788 789 790 791 792 793 794 795 796 797 798 
Adding vertex (chain-A, position-106, res-VAL)
New vertex id: 105
799 800 801 802 803 804 805 
Adding vertex (chain-A, position-107, res-VAL)
New vertex id: 106
806 807 808 809 810 811 812 
Adding vertex (chain-A, position-108, res-LYS)
New vertex id: 107
813 814 815 816 817 818 819 820 821 
Adding vertex (chain-A, position-109, res-PRO)
New vertex id: 108
822 823 824 825 826 827 828 
Adding vertex (chain-A, position-110, res-PHE)
New vertex id: 109
829 830 831 832 833 834 835 836 837 838 839 
Adding vertex (chain-A, position-111, res-THR)
New vertex id: 110
840 841 842 843 844 845 846 
Adding vertex (chain-A, position-112, res-ALA)
New vertex id: 111
847 848 849 850 851 
Adding vertex (chain-A, position-113, res-ALA)
New vertex id: 112
852 853 854 855 856 
Adding vertex (chain-A, position-114, res-THR)
New vertex id: 113
857 858 859 860 861 862 863 
Adding vertex (chain-A, position-115, res-LEU)
New vertex id: 114
864 865 866 867 868 869 870 871 
Adding vertex (chain-A, position-116, res-GLU)
New vertex id: 115
872 873 874 875 876 877 878 879 880 
Adding vertex (chain-A, position-117, res-GLU)
New vertex id: 116
881 882 883 884 885 886 887 888 889 
Adding vertex (chain-A, position-118, res-LYS)
New vertex id: 117
890 891 892 893 894 895 896 897 898 
Adding vertex (chain-A, position-119, res-LEU)
New vertex id: 118
899 900 901 902 903 904 905 906 
Adding vertex (chain-A, position-120, res-ASN)
New vertex id: 119
907 908 909 910 911 912 913 914 
Adding vertex (chain-A, position-121, res-LYS)
New vertex id: 120
915 916 917 918 919 920 921 922 923 
Adding vertex (chain-A, position-122, res-ILE)
New vertex id: 121
924 925 926 927 928 929 930 931 
Adding vertex (chain-A, position-123, res-PHE)
New vertex id: 122
932 933 934 935 936 937 938 939 940 941 942 
Adding vertex (chain-A, position-124, res-GLU)
New vertex id: 123
943 944 945 946 947 948 949 950 951 
Adding vertex (chain-A, position-125, res-LYS)
New vertex id: 124
952 953 954 955 956 957 958 959 960 
Adding vertex (chain-A, position-126, res-LEU)
New vertex id: 125
961 962 963 964 965 966 967 968 
Adding vertex (chain-A, position-127, res-GLY)
New vertex id: 126
969 970 971 972 
Adding vertex (chain-A, position-128, res-MET)
New vertex id: 127
973 974 975 976 977 978 979 980 981 
Graph DONE

( reduce -FLIPs 2FMF.pdb > 2FMF.H.pdb ) >& /dev/null
Reduce (-FLIPs) returned 0
( bndlst -Radius0.3 2FMF.H.pdb > 2FMF.H.bndlst ) >& /dev/null
BndLst returned 0
Parsing 2FMF.H.bndlst

bndlst START
Adding bndlst edge: (A_A1_MC -> A_D2_MC) type[cov], weight[1.00] from 0 to 1 dist[1.32]
Adding bndlst edge: (A_A1_MC -> A_M128_MC) type[salt], weight[0.47] from 0 to 127 dist[2.77]
Adding bndlst edge: (A_D2_MC -> A_K3_MC) type[cov], weight[1.00] from 1 to 2 dist[1.33]
Adding bndlst edge: (A_D2_MC -> A_L5_MC) type[hb], weight[0.89] from 1 to 4 dist[2.12]
Adding bndlst edge: (A_D2_SC -> A_E4_MC) type[hb], weight[1.16] from 1 to 3 dist[1.85]
Adding bndlst edge: (A_K3_MC -> A_E4_MC) type[cov], weight[1.00] from 2 to 3 dist[1.33]
Adding bndlst edge: (A_K3_SC -> A_G28_MC) type[hb], weight[0.55] from 2 to 27 dist[2.70]
Adding bndlst edge: (A_K3_SC -> A_G28_MC) type[cov], weight[1.00] from 2 to 27 dist[1.27]
Adding bndlst edge: (A_K3_SC -> A_G28_MC) type[hb], weight[0.57] from 2 to 27 dist[2.64]
Adding bndlst edge: (A_E4_MC -> A_L5_MC) type[cov], weight[1.00] from 3 to 4 dist[1.33]
Adding bndlst edge: (A_E4_MC -> A_N31_SC) type[hb], weight[1.01] from 3 to 30 dist[1.99]
Adding bndlst edge: (A_L5_MC -> A_K6_MC) type[cov], weight[1.00] from 4 to 5 dist[1.33]
Adding bndlst edge: (A_K6_MC -> A_F7_MC) type[cov], weight[1.00] from 5 to 6 dist[1.33]
Adding bndlst edge: (A_K6_MC -> A_F52_MC) type[hb], weight[0.66] from 5 to 51 dist[2.46]
Adding bndlst edge: (A_K6_MC -> A_G51_MC) type[hb], weight[1.27] from 5 to 50 dist[1.78]
Adding bndlst edge: (A_K6_SC -> A_G48_MC) type[hb], weight[1.27] from 5 to 47 dist[1.77]
Adding bndlst edge: (A_K6_SC -> A_F50_SC) type[hb], weight[0.37] from 5 to 49 dist[3.29]
Adding bndlst edge: (A_F7_MC -> A_L8_MC) type[cov], weight[1.00] from 6 to 7 dist[1.32]
Adding bndlst edge: (A_F7_MC -> A_E33_MC) type[hb], weight[1.06] from 6 to 32 dist[1.95]
Adding bndlst edge: (A_F7_MC -> A_N31_MC) type[hb], weight[1.07] from 6 to 30 dist[1.94]
Adding bndlst edge: (A_L8_MC -> A_V9_MC) type[cov], weight[1.00] from 7 to 8 dist[1.33]
Adding bndlst edge: (A_L8_MC -> A_I54_MC) type[hb], weight[1.03] from 7 to 53 dist[1.97]
Adding bndlst edge: (A_L8_MC -> A_F52_MC) type[hb], weight[1.01] from 7 to 51 dist[1.99]
Adding bndlst edge: (A_V9_MC -> A_V10_MC) type[cov], weight[1.00] from 8 to 9 dist[1.33]
Adding bndlst edge: (A_V9_MC -> A_A35_MC) type[hb], weight[0.93] from 8 to 34 dist[2.07]
Adding bndlst edge: (A_V9_MC -> A_E33_MC) type[hb], weight[1.13] from 8 to 32 dist[1.88]
Adding bndlst edge: (A_V10_MC -> A_D11_MC) type[cov], weight[1.00] from 9 to 10 dist[1.32]
Adding bndlst edge: (A_V10_MC -> A_D56_MC) type[hb], weight[0.99] from 9 to 55 dist[2.01]
Adding bndlst edge: (A_V10_MC -> A_I54_MC) type[hb], weight[1.26] from 9 to 53 dist[1.78]
Adding bndlst edge: (A_D11_MC -> A_D12_MC) type[cov], weight[1.00] from 10 to 11 dist[1.33]
Adding bndlst edge: (A_D11_MC -> A_R17_SC) type[hb], weight[1.19] from 10 to 16 dist[1.84]
Adding bndlst edge: (A_D11_SC -> A_F13_MC) type[hb], weight[0.95] from 10 to 12 dist[2.05]
Adding bndlst edge: (A_D11_SC -> A_D12_MC) type[hb], weight[0.72] from 10 to 11 dist[2.36]
Adding bndlst edge: (A_D11_MC -> A_A35_MC) type[hb], weight[0.82] from 10 to 34 dist[2.21]
Adding bndlst edge: (A_D12_MC -> A_F13_MC) type[cov], weight[1.00] from 11 to 12 dist[1.33]
Adding bndlst edge: (A_F13_MC -> A_S14_MC) type[cov], weight[1.00] from 12 to 13 dist[1.32]
Adding bndlst edge: (A_F13_MC -> A_R17_MC) type[hb], weight[0.83] from 12 to 16 dist[2.20]
Adding bndlst edge: (A_F13_MC -> A_M16_MC) type[hb], weight[0.57] from 12 to 15 dist[2.65]
Adding bndlst edge: (A_S14_MC -> A_T15_MC) type[cov], weight[1.00] from 13 to 14 dist[1.33]
Adding bndlst edge: (A_S14_MC -> A_R18_MC) type[hb], weight[1.01] from 13 to 17 dist[1.99]
Adding bndlst edge: (A_S14_MC -> A_R17_MC) type[hb], weight[0.54] from 13 to 16 dist[2.72]
Adding bndlst edge: (A_S14_SC -> A_T15_MC) type[hb], weight[0.50] from 13 to 14 dist[2.84]
Adding bndlst edge: (A_T15_MC -> A_M16_MC) type[cov], weight[1.00] from 14 to 15 dist[1.33]
Adding bndlst edge: (A_T15_MC -> A_I19_MC) type[hb], weight[1.08] from 14 to 18 dist[1.92]
Adding bndlst edge: (A_T15_MC -> A_R18_MC) type[hb], weight[0.53] from 14 to 17 dist[2.75]
Adding bndlst edge: (A_M16_MC -> A_R17_MC) type[cov], weight[1.00] from 15 to 16 dist[1.33]
Adding bndlst edge: (A_M16_MC -> A_V20_MC) type[hb], weight[1.10] from 15 to 19 dist[1.91]
Adding bndlst edge: (A_M16_MC -> A_I19_MC) type[hb], weight[0.58] from 15 to 18 dist[2.62]
Adding bndlst edge: (A_R17_MC -> A_R18_MC) type[cov], weight[1.00] from 16 to 17 dist[1.33]
Adding bndlst edge: (A_R17_MC -> A_R21_MC) type[hb], weight[1.09] from 16 to 20 dist[1.92]
Adding bndlst edge: (A_R17_MC -> A_V20_MC) type[hb], weight[0.50] from 16 to 19 dist[2.84]
Adding bndlst edge: (A_R17_SC -> A_E34_SC) type[salt], weight[1.06] from 16 to 33 dist[1.85]
Adding bndlst edge: (A_R18_MC -> A_I19_MC) type[cov], weight[1.00] from 17 to 18 dist[1.33]
Adding bndlst edge: (A_R18_MC -> A_N22_MC) type[hb], weight[1.11] from 17 to 21 dist[1.90]
Adding bndlst edge: (A_R18_MC -> A_R21_MC) type[hb], weight[0.49] from 17 to 20 dist[2.86]
Adding bndlst edge: (A_I19_MC -> A_V20_MC) type[cov], weight[1.00] from 18 to 19 dist[1.33]
Adding bndlst edge: (A_I19_MC -> A_L23_MC) type[hb], weight[1.06] from 18 to 22 dist[1.95]
Adding bndlst edge: (A_I19_MC -> A_N22_MC) type[hb], weight[0.56] from 18 to 21 dist[2.67]
Adding bndlst edge: (A_V20_MC -> A_R21_MC) type[cov], weight[1.00] from 19 to 20 dist[1.33]
Adding bndlst edge: (A_V20_MC -> A_L24_MC) type[hb], weight[1.11] from 19 to 23 dist[1.90]
Adding bndlst edge: (A_V20_MC -> A_L23_MC) type[hb], weight[0.56] from 19 to 22 dist[2.68]
Adding bndlst edge: (A_R21_MC -> A_N22_MC) type[cov], weight[1.00] from 20 to 21 dist[1.33]
Adding bndlst edge: (A_R21_MC -> A_K25_MC) type[hb], weight[1.02] from 20 to 24 dist[1.98]
Adding bndlst edge: (A_R21_MC -> A_L24_MC) type[hb], weight[0.47] from 20 to 23 dist[2.92]
Adding bndlst edge: (A_R21_SC -> A_E34_SC) type[salt], weight[0.72] from 20 to 33 dist[2.23]
Adding bndlst edge: (A_R21_SC -> A_V32_MC) type[hb], weight[0.51] from 20 to 31 dist[2.80]
Adding bndlst edge: (A_N22_MC -> A_L23_MC) type[cov], weight[1.00] from 21 to 22 dist[1.33]
Adding bndlst edge: (A_N22_MC -> A_E26_MC) type[hb], weight[1.03] from 21 to 25 dist[1.97]
Adding bndlst edge: (A_N22_MC -> A_K25_MC) type[hb], weight[0.52] from 21 to 24 dist[2.78]
Adding bndlst edge: (A_L23_MC -> A_L24_MC) type[cov], weight[1.00] from 22 to 23 dist[1.33]
Adding bndlst edge: (A_L23_MC -> A_L27_MC) type[hb], weight[0.79] from 22 to 26 dist[2.25]
Adding bndlst edge: (A_L23_MC -> A_E26_MC) type[hb], weight[0.63] from 22 to 25 dist[2.53]
Adding bndlst edge: (A_L24_MC -> A_K25_MC) type[cov], weight[1.00] from 23 to 24 dist[1.33]
Adding bndlst edge: (A_L24_MC -> A_G28_MC) type[hb], weight[0.53] from 23 to 27 dist[2.74]
Adding bndlst edge: (A_L24_MC -> A_L27_MC) type[hb], weight[0.84] from 23 to 26 dist[2.18]
Adding bndlst edge: (A_L24_MC -> A_F29_MC) type[hb], weight[0.98] from 23 to 28 dist[2.02]
Adding bndlst edge: (A_K25_MC -> A_E26_MC) type[cov], weight[1.00] from 24 to 25 dist[1.33]
Adding bndlst edge: (A_K25_MC -> A_G28_MC) type[hb], weight[1.12] from 24 to 27 dist[1.89]
Adding bndlst edge: (A_E26_MC -> A_L27_MC) type[cov], weight[1.00] from 25 to 26 dist[1.33]
Adding bndlst edge: (A_L27_MC -> A_G28_MC) type[cov], weight[1.00] from 26 to 27 dist[1.33]
Adding bndlst edge: (A_G28_MC -> A_F29_MC) type[cov], weight[1.00] from 27 to 28 dist[1.33]
Adding bndlst edge: (A_F29_MC -> A_N30_MC) type[cov], weight[1.00] from 28 to 29 dist[1.33]
Adding bndlst edge: (A_N30_MC -> A_N31_MC) type[cov], weight[1.00] from 29 to 30 dist[1.33]
Adding bndlst edge: (A_N30_MC -> A_V32_MC) type[hb], weight[0.66] from 29 to 31 dist[2.47]
Adding bndlst edge: (A_N31_MC -> A_V32_MC) type[cov], weight[1.00] from 30 to 31 dist[1.33]
Adding bndlst edge: (A_V32_MC -> A_E33_MC) type[cov], weight[1.00] from 31 to 32 dist[1.33]
Adding bndlst edge: (A_E33_MC -> A_E34_MC) type[cov], weight[1.00] from 32 to 33 dist[1.33]
Adding bndlst edge: (A_E34_MC -> A_A35_MC) type[cov], weight[1.00] from 33 to 34 dist[1.33]
Adding bndlst edge: (A_E34_MC -> A_K44_SC) type[cov], weight[1.00] from 33 to 43 dist[1.64]
Adding bndlst edge: (A_E34_MC -> A_K44_SC) type[hb], weight[0.50] from 33 to 43 dist[2.84]
Adding bndlst edge: (A_A35_MC -> A_E36_MC) type[cov], weight[1.00] from 34 to 35 dist[1.33]
Adding bndlst edge: (A_E36_MC -> A_D37_MC) type[cov], weight[1.00] from 35 to 36 dist[1.33]
Adding bndlst edge: (A_E36_MC -> A_D40_SC) type[hb], weight[0.98] from 35 to 39 dist[2.02]
Adding bndlst edge: (A_D37_MC -> A_G38_MC) type[cov], weight[1.00] from 36 to 37 dist[1.33]
Adding bndlst edge: (A_D37_MC -> A_A41_MC) type[hb], weight[1.16] from 36 to 40 dist[1.85]
Adding bndlst edge: (A_D37_MC -> A_D40_MC) type[hb], weight[0.46] from 36 to 39 dist[2.94]
Adding bndlst edge: (A_D37_SC -> A_V39_MC) type[hb], weight[0.75] from 36 to 38 dist[2.32]
Adding bndlst edge: (A_D37_SC -> A_D40_MC) type[hb], weight[1.19] from 36 to 39 dist[1.83]
Adding bndlst edge: (A_D37_SC -> A_N61_SC) type[hb], weight[1.09] from 36 to 60 dist[1.91]
Adding bndlst edge: (A_G38_MC -> A_V39_MC) type[cov], weight[1.00] from 37 to 38 dist[1.33]
Adding bndlst edge: (A_G38_MC -> A_L42_MC) type[hb], weight[1.05] from 37 to 41 dist[1.96]
Adding bndlst edge: (A_G38_MC -> A_A41_MC) type[hb], weight[0.48] from 37 to 40 dist[2.90]
Adding bndlst edge: (A_G38_MC -> A_M62_MC) type[hb], weight[0.90] from 37 to 61 dist[2.11]
Adding bndlst edge: (A_V39_MC -> A_D40_MC) type[cov], weight[1.00] from 38 to 39 dist[1.32]
Adding bndlst edge: (A_V39_MC -> A_N43_MC) type[hb], weight[0.92] from 38 to 42 dist[2.09]
Adding bndlst edge: (A_V39_MC -> A_L42_MC) type[hb], weight[0.49] from 38 to 41 dist[2.87]
Adding bndlst edge: (A_D40_MC -> A_A41_MC) type[cov], weight[1.00] from 39 to 40 dist[1.33]
Adding bndlst edge: (A_D40_MC -> A_K44_MC) type[hb], weight[0.94] from 39 to 43 dist[2.06]
Adding bndlst edge: (A_D40_MC -> A_N43_MC) type[hb], weight[0.55] from 39 to 42 dist[2.69]
Adding bndlst edge: (A_D40_SC -> A_K44_SC) type[salt], weight[0.78] from 39 to 43 dist[2.15]
Adding bndlst edge: (A_A41_MC -> A_L42_MC) type[cov], weight[1.00] from 40 to 41 dist[1.33]
Adding bndlst edge: (A_A41_MC -> A_L45_MC) type[hb], weight[1.05] from 40 to 44 dist[1.95]
Adding bndlst edge: (A_A41_MC -> A_K44_MC) type[hb], weight[0.62] from 40 to 43 dist[2.54]
Adding bndlst edge: (A_L42_MC -> A_N43_MC) type[cov], weight[1.00] from 41 to 42 dist[1.33]
Adding bndlst edge: (A_L42_MC -> A_Q46_MC) type[hb], weight[0.53] from 41 to 45 dist[2.74]
Adding bndlst edge: (A_L42_MC -> A_L45_MC) type[hb], weight[0.50] from 41 to 44 dist[2.83]
Adding bndlst edge: (A_N43_MC -> A_K44_MC) type[cov], weight[1.00] from 42 to 43 dist[1.33]
Adding bndlst edge: (A_N43_MC -> A_Q46_MC) type[hb], weight[0.73] from 42 to 45 dist[2.34]
Adding bndlst edge: (A_K44_MC -> A_L45_MC) type[cov], weight[1.00] from 43 to 44 dist[1.33]
Adding bndlst edge: (A_K44_MC -> A_A47_MC) type[hb], weight[0.89] from 43 to 46 dist[2.12]
Adding bndlst edge: (A_L45_MC -> A_Q46_MC) type[cov], weight[1.00] from 44 to 45 dist[1.33]
Adding bndlst edge: (A_L45_MC -> A_G48_MC) type[hb], weight[1.00] from 44 to 47 dist[2.00]
Adding bndlst edge: (A_Q46_MC -> A_A47_MC) type[cov], weight[1.00] from 45 to 46 dist[1.33]
Adding bndlst edge: (A_A47_MC -> A_G48_MC) type[cov], weight[1.00] from 46 to 47 dist[1.33]
Adding bndlst edge: (A_G48_MC -> A_G49_MC) type[cov], weight[1.00] from 47 to 48 dist[1.33]
Adding bndlst edge: (A_G49_MC -> A_F50_MC) type[cov], weight[1.00] from 48 to 49 dist[1.33]
Adding bndlst edge: (A_F50_MC -> A_G51_MC) type[cov], weight[1.00] from 49 to 50 dist[1.33]
Adding bndlst edge: (A_G51_MC -> A_F52_MC) type[cov], weight[1.00] from 50 to 51 dist[1.32]
Adding bndlst edge: (A_F52_MC -> A_I53_MC) type[cov], weight[1.00] from 51 to 52 dist[1.33]
Adding bndlst edge: (A_F52_SC -> A_I53_MC) type[hb], weight[0.46] from 51 to 52 dist[2.96]
Adding bndlst edge: (A_I53_MC -> A_I54_MC) type[cov], weight[1.00] from 52 to 53 dist[1.33]
Adding bndlst edge: (A_I53_MC -> A_L83_MC) type[hb], weight[1.26] from 52 to 82 dist[1.78]
Adding bndlst edge: (A_I53_MC -> A_P81_MC) type[hb], weight[0.99] from 52 to 80 dist[2.01]
Adding bndlst edge: (A_I54_MC -> A_S55_MC) type[cov], weight[1.00] from 53 to 54 dist[1.33]
Adding bndlst edge: (A_S55_MC -> A_D56_MC) type[cov], weight[1.00] from 54 to 55 dist[1.32]
Adding bndlst edge: (A_S55_MC -> A_V85_MC) type[hb], weight[1.09] from 54 to 84 dist[1.92]
Adding bndlst edge: (A_S55_MC -> A_L83_MC) type[hb], weight[1.01] from 54 to 82 dist[1.99]
Adding bndlst edge: (A_S55_SC -> A_D56_MC) type[hb], weight[0.45] from 54 to 55 dist[2.99]
Adding bndlst edge: (A_D56_MC -> A_W57_MC) type[cov], weight[1.00] from 55 to 56 dist[1.33]
Adding bndlst edge: (A_D56_SC -> A_W57_MC) type[hb], weight[0.46] from 55 to 56 dist[2.94]
Adding bndlst edge: (A_D56_SC -> A_K108_SC) type[cov], weight[1.00] from 55 to 107 dist[1.65]
Adding bndlst edge: (A_D56_SC -> A_W57_MC) type[hb], weight[0.50] from 55 to 56 dist[2.84]
Adding bndlst edge: (A_D56_SC -> A_K108_SC) type[salt], weight[0.50] from 55 to 107 dist[2.70]
Adding bndlst edge: (A_D56_SC -> A_N58_MC) type[hb], weight[0.82] from 55 to 57 dist[2.21]
Adding bndlst edge: (A_W57_MC -> A_N58_MC) type[cov], weight[1.00] from 56 to 57 dist[1.33]
Adding bndlst edge: (A_W57_MC -> A_G64_MC) type[hb], weight[0.98] from 56 to 63 dist[2.02]
Adding bndlst edge: (A_W57_MC -> A_V85_MC) type[hb], weight[0.84] from 56 to 84 dist[2.18]
Adding bndlst edge: (A_N58_MC -> A_M59_MC) type[cov], weight[1.00] from 57 to 58 dist[1.33]
Adding bndlst edge: (A_M59_MC -> A_P60_MC) type[cov], weight[1.00] from 58 to 59 dist[1.33]
Adding bndlst edge: (A_P60_MC -> A_N61_MC) type[cov], weight[1.00] from 59 to 60 dist[1.33]
Adding bndlst edge: (A_P60_MC -> A_M62_MC) type[hb], weight[1.15] from 59 to 61 dist[1.87]
Adding bndlst edge: (A_N61_MC -> A_M62_MC) type[cov], weight[1.00] from 60 to 61 dist[1.32]
Adding bndlst edge: (A_M62_MC -> A_D63_MC) type[cov], weight[1.00] from 61 to 62 dist[1.32]
Adding bndlst edge: (A_D63_MC -> A_G64_MC) type[cov], weight[1.00] from 62 to 63 dist[1.33]
Adding bndlst edge: (A_D63_MC -> A_L67_MC) type[hb], weight[1.01] from 62 to 66 dist[1.99]
Adding bndlst edge: (A_D63_MC -> A_E66_MC) type[hb], weight[0.49] from 62 to 65 dist[2.86]
Adding bndlst edge: (A_D63_SC -> A_E66_MC) type[hb], weight[1.16] from 62 to 65 dist[1.85]
Adding bndlst edge: (A_D63_SC -> A_L65_MC) type[hb], weight[0.53] from 62 to 64 dist[2.74]
Adding bndlst edge: (A_D63_MC -> A_E66_SC) type[hb], weight[1.05] from 62 to 65 dist[1.95]
Adding bndlst edge: (A_G64_MC -> A_L65_MC) type[cov], weight[1.00] from 63 to 64 dist[1.33]
Adding bndlst edge: (A_G64_MC -> A_L68_MC) type[hb], weight[1.12] from 63 to 67 dist[1.89]
Adding bndlst edge: (A_G64_MC -> A_L67_MC) type[hb], weight[0.50] from 63 to 66 dist[2.83]
Adding bndlst edge: (A_L65_MC -> A_E66_MC) type[cov], weight[1.00] from 64 to 65 dist[1.32]
Adding bndlst edge: (A_L65_MC -> A_L68_MC) type[hb], weight[0.47] from 64 to 67 dist[2.91]
Adding bndlst edge: (A_L65_MC -> A_K69_MC) type[hb], weight[0.99] from 64 to 68 dist[2.01]
Adding bndlst edge: (A_E66_MC -> A_L67_MC) type[cov], weight[1.00] from 65 to 66 dist[1.33]
Adding bndlst edge: (A_E66_MC -> A_T70_SC) type[hb], weight[0.98] from 65 to 69 dist[2.02]
Adding bndlst edge: (A_E66_MC -> A_T70_MC) type[hb], weight[0.89] from 65 to 69 dist[2.12]
Adding bndlst edge: (A_E66_MC -> A_K69_MC) type[hb], weight[0.45] from 65 to 68 dist[2.99]
Adding bndlst edge: (A_L67_MC -> A_L68_MC) type[cov], weight[1.00] from 66 to 67 dist[1.33]
Adding bndlst edge: (A_L67_MC -> A_I71_MC) type[hb], weight[1.08] from 66 to 70 dist[1.92]
Adding bndlst edge: (A_L67_MC -> A_T70_MC) type[hb], weight[0.55] from 66 to 69 dist[2.70]
Adding bndlst edge: (A_L68_MC -> A_K69_MC) type[cov], weight[1.00] from 67 to 68 dist[1.33]
Adding bndlst edge: (A_L68_MC -> A_R72_MC) type[hb], weight[1.08] from 67 to 71 dist[1.92]
Adding bndlst edge: (A_L68_MC -> A_I71_MC) type[hb], weight[0.48] from 67 to 70 dist[2.90]
Adding bndlst edge: (A_K69_MC -> A_T70_MC) type[cov], weight[1.00] from 68 to 69 dist[1.33]
Adding bndlst edge: (A_K69_MC -> A_A73_MC) type[hb], weight[0.91] from 68 to 72 dist[2.10]
Adding bndlst edge: (A_K69_MC -> A_R72_MC) type[hb], weight[0.46] from 68 to 71 dist[2.94]
Adding bndlst edge: (A_T70_MC -> A_I71_MC) type[cov], weight[1.00] from 69 to 70 dist[1.33]
Adding bndlst edge: (A_T70_MC -> A_D74_MC) type[hb], weight[0.62] from 69 to 73 dist[2.54]
Adding bndlst edge: (A_T70_MC -> A_A73_MC) type[hb], weight[0.62] from 69 to 72 dist[2.55]
Adding bndlst edge: (A_I71_MC -> A_R72_MC) type[cov], weight[1.00] from 70 to 71 dist[1.33]
Adding bndlst edge: (A_I71_MC -> A_D74_MC) type[hb], weight[0.86] from 70 to 73 dist[2.15]
Adding bndlst edge: (A_R72_MC -> A_A73_MC) type[cov], weight[1.00] from 71 to 72 dist[1.33]
Adding bndlst edge: (A_R72_SC -> A_G101_MC) type[hb], weight[1.24] from 71 to 100 dist[1.80]
Adding bndlst edge: (A_R72_SC -> A_S78_MC) type[hb], weight[0.80] from 71 to 77 dist[2.24]
Adding bndlst edge: (A_R72_SC -> A_L80_MC) type[hb], weight[1.18] from 71 to 79 dist[1.84]
Adding bndlst edge: (A_R72_SC -> A_S103_SC) type[hb], weight[0.63] from 71 to 102 dist[2.52]
Adding bndlst edge: (A_R72_SC -> A_G101_MC) type[hb], weight[0.72] from 71 to 100 dist[2.37]
Adding bndlst edge: (A_R72_SC -> A_L80_MC) type[hb], weight[1.03] from 71 to 79 dist[1.97]
Adding bndlst edge: (A_R72_SC -> A_S103_SC) type[hb], weight[0.56] from 71 to 102 dist[2.67]
Adding bndlst edge: (A_A73_MC -> A_D74_MC) type[cov], weight[1.00] from 72 to 73 dist[1.33]
Adding bndlst edge: (A_D74_MC -> A_S75_MC) type[cov], weight[1.00] from 73 to 74 dist[1.33]
Adding bndlst edge: (A_D74_MC -> A_S78_MC) type[hb], weight[0.59] from 73 to 77 dist[2.60]
Adding bndlst edge: (A_D74_SC -> A_M77_MC) type[hb], weight[0.86] from 73 to 76 dist[2.15]
Adding bndlst edge: (A_D74_SC -> A_A76_MC) type[hb], weight[0.97] from 73 to 75 dist[2.03]
Adding bndlst edge: (A_S75_MC -> A_A76_MC) type[cov], weight[1.00] from 74 to 75 dist[1.33]
Adding bndlst edge: (A_S75_SC -> A_A76_MC) type[hb], weight[0.52] from 74 to 75 dist[2.77]
Adding bndlst edge: (A_A76_MC -> A_M77_MC) type[cov], weight[1.00] from 75 to 76 dist[1.33]
Adding bndlst edge: (A_M77_MC -> A_S78_MC) type[cov], weight[1.00] from 76 to 77 dist[1.33]
Adding bndlst edge: (A_M77_MC -> A_A79_MC) type[hb], weight[0.48] from 76 to 78 dist[2.89]
Adding bndlst edge: (A_M77_MC -> A_L80_MC) type[hb], weight[1.07] from 76 to 79 dist[1.93]
Adding bndlst edge: (A_S78_MC -> A_A79_MC) type[cov], weight[1.00] from 77 to 78 dist[1.33]
Adding bndlst edge: (A_A79_MC -> A_L80_MC) type[cov], weight[1.00] from 78 to 79 dist[1.33]
Adding bndlst edge: (A_L80_MC -> A_P81_MC) type[cov], weight[1.00] from 79 to 80 dist[1.33]
Adding bndlst edge: (A_P81_MC -> A_V82_MC) type[cov], weight[1.00] from 80 to 81 dist[1.33]
Adding bndlst edge: (A_V82_MC -> A_L83_MC) type[cov], weight[1.00] from 81 to 82 dist[1.32]
Adding bndlst edge: (A_V82_MC -> A_G104_MC) type[hb], weight[0.70] from 81 to 103 dist[2.39]
Adding bndlst edge: (A_V82_MC -> A_S103_MC) type[hb], weight[1.01] from 81 to 102 dist[1.99]
Adding bndlst edge: (A_V82_MC -> A_S103_SC) type[hb], weight[1.15] from 81 to 102 dist[1.86]
Adding bndlst edge: (A_L83_MC -> A_M84_MC) type[cov], weight[1.00] from 82 to 83 dist[1.32]
Adding bndlst edge: (A_M84_MC -> A_V85_MC) type[cov], weight[1.00] from 83 to 84 dist[1.33]
Adding bndlst edge: (A_M84_MC -> A_V106_MC) type[hb], weight[1.09] from 83 to 105 dist[1.92]
Adding bndlst edge: (A_M84_MC -> A_G104_MC) type[hb], weight[0.97] from 83 to 103 dist[2.03]
Adding bndlst edge: (A_V85_MC -> A_T86_MC) type[cov], weight[1.00] from 84 to 85 dist[1.33]
Adding bndlst edge: (A_T86_MC -> A_A87_MC) type[cov], weight[1.00] from 85 to 86 dist[1.33]
Adding bndlst edge: (A_T86_MC -> A_K108_MC) type[hb], weight[1.09] from 85 to 107 dist[1.92]
Adding bndlst edge: (A_T86_MC -> A_V106_MC) type[hb], weight[0.90] from 85 to 105 dist[2.11]
Adding bndlst edge: (A_T86_SC -> A_Y105_SC) type[hb], weight[1.10] from 85 to 104 dist[1.90]
Adding bndlst edge: (A_T86_SC -> A_Y105_SC) type[hb], weight[0.66] from 85 to 104 dist[2.46]
Adding bndlst edge: (A_T86_SC -> A_Y105_SC) type[hb], weight[0.40] from 85 to 104 dist[3.15]
Adding bndlst edge: (A_T86_SC -> A_Y105_SC) type[hb], weight[0.39] from 85 to 104 dist[3.21]
Adding bndlst edge: (A_A87_MC -> A_E88_MC) type[cov], weight[1.00] from 86 to 87 dist[1.33]
Adding bndlst edge: (A_E88_MC -> A_A89_MC) type[cov], weight[1.00] from 87 to 88 dist[1.33]
Adding bndlst edge: (A_E88_MC -> A_N93_SC) type[hb], weight[1.07] from 87 to 92 dist[1.94]
Adding bndlst edge: (A_E88_MC -> A_K90_MC) type[hb], weight[0.47] from 87 to 89 dist[2.92]
Adding bndlst edge: (A_E88_MC -> A_N93_SC) type[hb], weight[0.50] from 87 to 92 dist[2.83]
Adding bndlst edge: (A_A89_MC -> A_K90_MC) type[cov], weight[1.00] from 88 to 89 dist[1.33]
Adding bndlst edge: (A_K90_MC -> A_K91_MC) type[cov], weight[1.00] from 89 to 90 dist[1.33]
Adding bndlst edge: (A_K90_MC -> A_I94_MC) type[hb], weight[1.08] from 89 to 93 dist[1.93]
Adding bndlst edge: (A_K90_MC -> A_N93_MC) type[hb], weight[0.60] from 89 to 92 dist[2.58]
Adding bndlst edge: (A_K90_MC -> A_N93_SC) type[hb], weight[0.58] from 89 to 92 dist[2.62]
Adding bndlst edge: (A_K91_MC -> A_E92_MC) type[cov], weight[1.00] from 90 to 91 dist[1.33]
Adding bndlst edge: (A_K91_MC -> A_I95_MC) type[hb], weight[1.11] from 90 to 94 dist[1.90]
Adding bndlst edge: (A_K91_MC -> A_I94_MC) type[hb], weight[0.52] from 90 to 93 dist[2.79]
Adding bndlst edge: (A_E92_MC -> A_N93_MC) type[cov], weight[1.00] from 91 to 92 dist[1.33]
Adding bndlst edge: (A_E92_MC -> A_A96_MC) type[hb], weight[0.93] from 91 to 95 dist[2.07]
Adding bndlst edge: (A_N93_MC -> A_I94_MC) type[cov], weight[1.00] from 92 to 93 dist[1.33]
Adding bndlst edge: (A_N93_MC -> A_A97_MC) type[hb], weight[0.97] from 92 to 96 dist[2.03]
Adding bndlst edge: (A_N93_MC -> A_A96_MC) type[hb], weight[0.51] from 92 to 95 dist[2.81]
Adding bndlst edge: (A_N93_SC -> A_Y105_SC) type[cov], weight[1.00] from 92 to 104 dist[1.52]
Adding bndlst edge: (A_N93_SC -> A_I94_MC) type[hb], weight[0.80] from 92 to 93 dist[2.24]
Adding bndlst edge: (A_N93_SC -> A_Y105_SC) type[hb], weight[0.65] from 92 to 104 dist[2.49]
Adding bndlst edge: (A_I94_MC -> A_I95_MC) type[cov], weight[1.00] from 93 to 94 dist[1.33]
Adding bndlst edge: (A_I94_MC -> A_A98_MC) type[hb], weight[1.03] from 93 to 97 dist[1.97]
Adding bndlst edge: (A_I94_MC -> A_A97_MC) type[hb], weight[0.59] from 93 to 96 dist[2.59]
Adding bndlst edge: (A_I95_MC -> A_A96_MC) type[cov], weight[1.00] from 94 to 95 dist[1.33]
Adding bndlst edge: (A_I95_MC -> A_A98_MC) type[hb], weight[0.51] from 94 to 97 dist[2.80]
Adding bndlst edge: (A_I95_MC -> A_Q99_MC) type[hb], weight[1.05] from 94 to 98 dist[1.95]
Adding bndlst edge: (A_A96_MC -> A_A97_MC) type[cov], weight[1.00] from 95 to 96 dist[1.33]
Adding bndlst edge: (A_A96_MC -> A_A100_MC) type[hb], weight[0.70] from 95 to 99 dist[2.38]
Adding bndlst edge: (A_A97_MC -> A_A98_MC) type[cov], weight[1.00] from 96 to 97 dist[1.33]
Adding bndlst edge: (A_A97_MC -> A_G101_MC) type[hb], weight[0.59] from 96 to 100 dist[2.60]
Adding bndlst edge: (A_A97_MC -> A_A102_MC) type[hb], weight[1.01] from 96 to 101 dist[1.99]
Adding bndlst edge: (A_A97_MC -> A_A100_MC) type[hb], weight[0.61] from 96 to 99 dist[2.57]
Adding bndlst edge: (A_A98_MC -> A_Q99_MC) type[cov], weight[1.00] from 97 to 98 dist[1.33]
Adding bndlst edge: (A_A98_MC -> A_G101_MC) type[hb], weight[0.81] from 97 to 100 dist[2.22]
Adding bndlst edge: (A_Q99_MC -> A_A100_MC) type[cov], weight[1.00] from 98 to 99 dist[1.33]
Adding bndlst edge: (A_A100_MC -> A_G101_MC) type[cov], weight[1.00] from 99 to 100 dist[1.33]
Adding bndlst edge: (A_G101_MC -> A_A102_MC) type[cov], weight[1.00] from 100 to 101 dist[1.33]
Adding bndlst edge: (A_A102_MC -> A_S103_MC) type[cov], weight[1.00] from 101 to 102 dist[1.33]
Adding bndlst edge: (A_S103_MC -> A_G104_MC) type[cov], weight[1.00] from 102 to 103 dist[1.33]
Adding bndlst edge: (A_G104_MC -> A_Y105_MC) type[cov], weight[1.00] from 103 to 104 dist[1.33]
Adding bndlst edge: (A_Y105_MC -> A_V106_MC) type[cov], weight[1.00] from 104 to 105 dist[1.33]
Adding bndlst edge: (A_V106_MC -> A_V107_MC) type[cov], weight[1.00] from 105 to 106 dist[1.33]
Adding bndlst edge: (A_V107_MC -> A_K108_MC) type[cov], weight[1.00] from 106 to 107 dist[1.33]
Adding bndlst edge: (A_K108_MC -> A_P109_MC) type[cov], weight[1.00] from 107 to 108 dist[1.33]
Adding bndlst edge: (A_P109_MC -> A_F110_MC) type[cov], weight[1.00] from 108 to 109 dist[1.33]
Adding bndlst edge: (A_F110_MC -> A_T111_MC) type[cov], weight[1.00] from 109 to 110 dist[1.33]
Adding bndlst edge: (A_T111_MC -> A_A112_MC) type[cov], weight[1.00] from 110 to 111 dist[1.33]
Adding bndlst edge: (A_T111_MC -> A_T114_MC) type[hb], weight[0.54] from 110 to 113 dist[2.71]
Adding bndlst edge: (A_T111_MC -> A_L115_MC) type[hb], weight[1.04] from 110 to 114 dist[1.96]
Adding bndlst edge: (A_T111_SC -> A_T114_SC) type[hb], weight[0.75] from 110 to 113 dist[2.31]
Adding bndlst edge: (A_T111_SC -> A_T114_MC) type[hb], weight[0.86] from 110 to 113 dist[2.15]
Adding bndlst edge: (A_A112_MC -> A_A113_MC) type[cov], weight[1.00] from 111 to 112 dist[1.33]
Adding bndlst edge: (A_A112_MC -> A_E116_MC) type[hb], weight[1.23] from 111 to 115 dist[1.80]
Adding bndlst edge: (A_A112_MC -> A_L115_MC) type[hb], weight[0.52] from 111 to 114 dist[2.78]
Adding bndlst edge: (A_A113_MC -> A_T114_MC) type[cov], weight[1.00] from 112 to 113 dist[1.33]
Adding bndlst edge: (A_A113_MC -> A_E117_MC) type[hb], weight[0.95] from 112 to 116 dist[2.05]
Adding bndlst edge: (A_A113_MC -> A_E116_MC) type[hb], weight[0.47] from 112 to 115 dist[2.93]
Adding bndlst edge: (A_T114_MC -> A_L115_MC) type[cov], weight[1.00] from 113 to 114 dist[1.33]
Adding bndlst edge: (A_T114_MC -> A_K118_MC) type[hb], weight[1.02] from 113 to 117 dist[1.98]
Adding bndlst edge: (A_T114_MC -> A_E117_MC) type[hb], weight[0.62] from 113 to 116 dist[2.54]
Adding bndlst edge: (A_L115_MC -> A_E116_MC) type[cov], weight[1.00] from 114 to 115 dist[1.33]
Adding bndlst edge: (A_L115_MC -> A_K118_MC) type[hb], weight[0.58] from 114 to 117 dist[2.63]
Adding bndlst edge: (A_L115_MC -> A_L119_MC) type[hb], weight[1.12] from 114 to 118 dist[1.89]
Adding bndlst edge: (A_E116_MC -> A_E117_MC) type[cov], weight[1.00] from 115 to 116 dist[1.33]
Adding bndlst edge: (A_E116_MC -> A_N120_MC) type[hb], weight[1.04] from 115 to 119 dist[1.96]
Adding bndlst edge: (A_E117_MC -> A_K118_MC) type[cov], weight[1.00] from 116 to 117 dist[1.33]
Adding bndlst edge: (A_E117_MC -> A_K121_MC) type[hb], weight[0.88] from 116 to 120 dist[2.13]
Adding bndlst edge: (A_E117_MC -> A_N120_MC) type[hb], weight[0.47] from 116 to 119 dist[2.92]
Adding bndlst edge: (A_K118_MC -> A_L119_MC) type[cov], weight[1.00] from 117 to 118 dist[1.33]
Adding bndlst edge: (A_K118_MC -> A_I122_MC) type[hb], weight[0.80] from 117 to 121 dist[2.23]
Adding bndlst edge: (A_K118_MC -> A_K121_MC) type[hb], weight[0.56] from 117 to 120 dist[2.68]
Adding bndlst edge: (A_L119_MC -> A_N120_MC) type[cov], weight[1.00] from 118 to 119 dist[1.33]
Adding bndlst edge: (A_L119_MC -> A_F123_MC) type[hb], weight[1.15] from 118 to 122 dist[1.86]
Adding bndlst edge: (A_L119_MC -> A_I122_MC) type[hb], weight[0.61] from 118 to 121 dist[2.55]
Adding bndlst edge: (A_N120_MC -> A_K121_MC) type[cov], weight[1.00] from 119 to 120 dist[1.33]
Adding bndlst edge: (A_N120_MC -> A_F123_MC) type[hb], weight[0.45] from 119 to 122 dist[2.97]
Adding bndlst edge: (A_N120_MC -> A_E124_MC) type[hb], weight[1.03] from 119 to 123 dist[1.97]
Adding bndlst edge: (A_K121_MC -> A_I122_MC) type[cov], weight[1.00] from 120 to 121 dist[1.33]
Adding bndlst edge: (A_K121_MC -> A_K125_MC) type[hb], weight[0.87] from 120 to 124 dist[2.14]
Adding bndlst edge: (A_I122_MC -> A_F123_MC) type[cov], weight[1.00] from 121 to 122 dist[1.33]
Adding bndlst edge: (A_I122_MC -> A_L126_MC) type[hb], weight[0.92] from 121 to 125 dist[2.09]
Adding bndlst edge: (A_I122_MC -> A_K125_MC) type[hb], weight[0.50] from 121 to 124 dist[2.84]
Adding bndlst edge: (A_F123_MC -> A_E124_MC) type[cov], weight[1.00] from 122 to 123 dist[1.33]
Adding bndlst edge: (A_F123_MC -> A_M128_MC) type[hb], weight[1.33] from 122 to 127 dist[1.73]
Adding bndlst edge: (A_F123_MC -> A_G127_MC) type[hb], weight[0.67] from 122 to 126 dist[2.44]
Adding bndlst edge: (A_F123_MC -> A_L126_MC) type[hb], weight[0.54] from 122 to 125 dist[2.73]
Adding bndlst edge: (A_E124_MC -> A_K125_MC) type[cov], weight[1.00] from 123 to 124 dist[1.33]
Adding bndlst edge: (A_E124_MC -> A_G127_MC) type[hb], weight[0.80] from 123 to 126 dist[2.23]
Adding bndlst edge: (A_K125_MC -> A_L126_MC) type[cov], weight[1.00] from 124 to 125 dist[1.33]
Adding bndlst edge: (A_L126_MC -> A_G127_MC) type[cov], weight[1.00] from 125 to 126 dist[1.33]
Adding bndlst edge: (A_G127_MC -> A_M128_MC) type[cov], weight[1.00] from 126 to 127 dist[1.33]

bndlst DONE

Producing PAJEK network
printing pajek edge (A_33_GLU,A_34_GLU)
printing pajek edge (A_91_LYS,A_94_ILE)
printing pajek edge (A_91_LYS,A_95_ILE)
printing pajek edge (A_91_LYS,A_92_GLU)
printing pajek edge (A_119_LEU,A_120_ASN)
printing pajek edge (A_119_LEU,A_123_PHE)
printing pajek edge (A_119_LEU,A_122_ILE)
printing pajek edge (A_72_ARG,A_78_SER)
printing pajek edge (A_72_ARG,A_73_ALA)
printing pajek edge (A_72_ARG,A_103_SER)
printing pajek edge (A_72_ARG,A_101_GLY)
printing pajek edge (A_72_ARG,A_80_LEU)
printing pajek edge (A_103_SER,A_104_GLY)
printing pajek edge (A_19_ILE,A_23_LEU)
printing pajek edge (A_19_ILE,A_22_ASN)
printing pajek edge (A_19_ILE,A_20_VAL)
printing pajek edge (A_126_LEU,A_127_GLY)
printing pajek edge (A_17_ARG,A_34_GLU)
printing pajek edge (A_17_ARG,A_20_VAL)
printing pajek edge (A_17_ARG,A_18_ARG)
printing pajek edge (A_17_ARG,A_21_ARG)
printing pajek edge (A_45_LEU,A_46_GLN)
printing pajek edge (A_45_LEU,A_48_GLY)
printing pajek edge (A_56_ASP,A_58_ASN)
printing pajek edge (A_56_ASP,A_57_TRP)
printing pajek edge (A_56_ASP,A_57_TRP)
printing pajek edge (A_56_ASP,A_108_LYS)
printing pajek edge (A_56_ASP,A_108_LYS)
printing pajek edge (A_85_VAL,A_86_THR)
printing pajek edge (A_28_GLY,A_29_PHE)
printing pajek edge (A_96_ALA,A_100_ALA)
printing pajek edge (A_96_ALA,A_97_ALA)
printing pajek edge (A_58_ASN,A_59_MET)
printing pajek edge (A_21_ARG,A_34_GLU)
printing pajek edge (A_21_ARG,A_22_ASN)
printing pajek edge (A_21_ARG,A_25_LYS)
printing pajek edge (A_21_ARG,A_24_LEU)
printing pajek edge (A_21_ARG,A_32_VAL)
printing pajek edge (A_110_PHE,A_111_THR)
printing pajek edge (A_90_LYS,A_93_ASN)
printing pajek edge (A_90_LYS,A_94_ILE)
printing pajek edge (A_90_LYS,A_91_LYS)
printing pajek edge (A_32_VAL,A_33_GLU)
printing pajek edge (A_36_GLU,A_40_ASP)
printing pajek edge (A_36_GLU,A_37_ASP)
printing pajek edge (A_12_ASP,A_13_PHE)
printing pajek edge (A_79_ALA,A_80_LEU)
printing pajek edge (A_94_ILE,A_98_ALA)
printing pajek edge (A_94_ILE,A_95_ILE)
printing pajek edge (A_94_ILE,A_97_ALA)
printing pajek edge (A_107_VAL,A_108_LYS)
printing pajek edge (A_66_GLU,A_70_THR)
printing pajek edge (A_66_GLU,A_67_LEU)
printing pajek edge (A_66_GLU,A_69_LYS)
printing pajek edge (A_30_ASN,A_31_ASN)
printing pajek edge (A_30_ASN,A_32_VAL)
printing pajek edge (A_115_LEU,A_119_LEU)
printing pajek edge (A_115_LEU,A_118_LYS)
printing pajek edge (A_115_LEU,A_116_GLU)
printing pajek edge (A_59_MET,A_60_PRO)
printing pajek edge (A_16_MET,A_19_ILE)
printing pajek edge (A_16_MET,A_20_VAL)
printing pajek edge (A_16_MET,A_17_ARG)
printing pajek edge (A_82_VAL,A_104_GLY)
printing pajek edge (A_82_VAL,A_103_SER)
printing pajek edge (A_82_VAL,A_83_LEU)
printing pajek edge (A_61_ASN,A_62_MET)
printing pajek edge (A_102_ALA,A_103_SER)
printing pajek edge (A_74_ASP,A_75_SER)
printing pajek edge (A_74_ASP,A_78_SER)
printing pajek edge (A_74_ASP,A_76_ALA)
printing pajek edge (A_74_ASP,A_77_MET)
printing pajek edge (A_87_ALA,A_88_GLU)
printing pajek edge (A_77_MET,A_78_SER)
printing pajek edge (A_77_MET,A_79_ALA)
printing pajek edge (A_77_MET,A_80_LEU)
printing pajek edge (A_63_ASP,A_64_GLY)
printing pajek edge (A_63_ASP,A_65_LEU)
printing pajek edge (A_63_ASP,A_67_LEU)
printing pajek edge (A_63_ASP,A_66_GLU)
printing pajek edge (A_68_LEU,A_71_ILE)
printing pajek edge (A_68_LEU,A_72_ARG)
printing pajek edge (A_68_LEU,A_69_LYS)
printing pajek edge (A_3_LYS,A_28_GLY)
printing pajek edge (A_3_LYS,A_28_GLY)
printing pajek edge (A_3_LYS,A_4_GLU)
printing pajek edge (A_18_ARG,A_22_ASN)
printing pajek edge (A_18_ARG,A_19_ILE)
printing pajek edge (A_18_ARG,A_21_ARG)
printing pajek edge (A_111_THR,A_115_LEU)
printing pajek edge (A_111_THR,A_112_ALA)
printing pajek edge (A_111_THR,A_114_THR)
printing pajek edge (A_83_LEU,A_84_MET)
printing pajek edge (A_15_THR,A_19_ILE)
printing pajek edge (A_15_THR,A_18_ARG)
printing pajek edge (A_15_THR,A_16_MET)
printing pajek edge (A_113_ALA,A_117_GLU)
printing pajek edge (A_113_ALA,A_116_GLU)
printing pajek edge (A_113_ALA,A_114_THR)
printing pajek edge (A_70_THR,A_73_ALA)
printing pajek edge (A_70_THR,A_71_ILE)
printing pajek edge (A_70_THR,A_74_ASP)
printing pajek edge (A_50_PHE,A_51_GLY)
printing pajek edge (A_25_LYS,A_28_GLY)
printing pajek edge (A_25_LYS,A_26_GLU)
printing pajek edge (A_125_LYS,A_126_LEU)
printing pajek edge (A_105_TYR,A_106_VAL)
printing pajek edge (A_122_ILE,A_125_LYS)
printing pajek edge (A_122_ILE,A_126_LEU)
printing pajek edge (A_122_ILE,A_123_PHE)
printing pajek edge (A_80_LEU,A_81_PRO)
printing pajek edge (A_1_ALA,A_128_MET)
printing pajek edge (A_1_ALA,A_2_ASP)
printing pajek edge (A_24_LEU,A_28_GLY)
printing pajek edge (A_24_LEU,A_29_PHE)
printing pajek edge (A_24_LEU,A_25_LYS)
printing pajek edge (A_24_LEU,A_27_LEU)
printing pajek edge (A_97_ALA,A_100_ALA)
printing pajek edge (A_97_ALA,A_102_ALA)
printing pajek edge (A_97_ALA,A_98_ALA)
printing pajek edge (A_97_ALA,A_101_GLY)
printing pajek edge (A_127_GLY,A_128_MET)
printing pajek edge (A_48_GLY,A_49_GLY)
printing pajek edge (A_9_VAL,A_33_GLU)
printing pajek edge (A_9_VAL,A_35_ALA)
printing pajek edge (A_9_VAL,A_10_VAL)
printing pajek edge (A_99_GLN,A_100_ALA)
printing pajek edge (A_38_GLY,A_39_VAL)
printing pajek edge (A_38_GLY,A_41_ALA)
printing pajek edge (A_38_GLY,A_62_MET)
printing pajek edge (A_38_GLY,A_42_LEU)
printing pajek edge (A_118_LYS,A_121_LYS)
printing pajek edge (A_118_LYS,A_119_LEU)
printing pajek edge (A_118_LYS,A_122_ILE)
printing pajek edge (A_44_LYS,A_47_ALA)
printing pajek edge (A_44_LYS,A_45_LEU)
printing pajek edge (A_6_LYS,A_7_PHE)
printing pajek edge (A_6_LYS,A_51_GLY)
printing pajek edge (A_6_LYS,A_50_PHE)
printing pajek edge (A_6_LYS,A_52_PHE)
printing pajek edge (A_6_LYS,A_48_GLY)
printing pajek edge (A_34_GLU,A_35_ALA)
printing pajek edge (A_34_GLU,A_44_LYS)
printing pajek edge (A_34_GLU,A_44_LYS)
printing pajek edge (A_22_ASN,A_26_GLU)
printing pajek edge (A_22_ASN,A_23_LEU)
printing pajek edge (A_22_ASN,A_25_LYS)
printing pajek edge (A_64_GLY,A_68_LEU)
printing pajek edge (A_64_GLY,A_65_LEU)
printing pajek edge (A_64_GLY,A_67_LEU)
printing pajek edge (A_8_LEU,A_9_VAL)
printing pajek edge (A_8_LEU,A_54_ILE)
printing pajek edge (A_8_LEU,A_52_PHE)
printing pajek edge (A_27_LEU,A_28_GLY)
printing pajek edge (A_81_PRO,A_82_VAL)
printing pajek edge (A_120_ASN,A_124_GLU)
printing pajek edge (A_120_ASN,A_121_LYS)
printing pajek edge (A_120_ASN,A_123_PHE)
printing pajek edge (A_100_ALA,A_101_GLY)
printing pajek edge (A_73_ALA,A_74_ASP)
printing pajek edge (A_75_SER,A_76_ALA)
printing pajek edge (A_75_SER,A_76_ALA)
printing pajek edge (A_62_MET,A_63_ASP)
printing pajek edge (A_109_PRO,A_110_PHE)
printing pajek edge (A_116_GLU,A_120_ASN)
printing pajek edge (A_116_GLU,A_117_GLU)
printing pajek edge (A_93_ASN,A_105_TYR)
printing pajek edge (A_93_ASN,A_105_TYR)
printing pajek edge (A_93_ASN,A_94_ILE)
printing pajek edge (A_93_ASN,A_94_ILE)
printing pajek edge (A_93_ASN,A_96_ALA)
printing pajek edge (A_93_ASN,A_97_ALA)
printing pajek edge (A_104_GLY,A_105_TYR)
printing pajek edge (A_11_ASP,A_12_ASP)
printing pajek edge (A_11_ASP,A_12_ASP)
printing pajek edge (A_11_ASP,A_35_ALA)
printing pajek edge (A_11_ASP,A_17_ARG)
printing pajek edge (A_11_ASP,A_13_PHE)
printing pajek edge (A_114_THR,A_117_GLU)
printing pajek edge (A_114_THR,A_118_LYS)
printing pajek edge (A_114_THR,A_115_LEU)
printing pajek edge (A_92_GLU,A_93_ASN)
printing pajek edge (A_92_GLU,A_96_ALA)
printing pajek edge (A_49_GLY,A_50_PHE)
printing pajek edge (A_108_LYS,A_109_PRO)
printing pajek edge (A_88_GLU,A_93_ASN)
printing pajek edge (A_88_GLU,A_89_ALA)
printing pajek edge (A_88_GLU,A_90_LYS)
printing pajek edge (A_78_SER,A_79_ALA)
printing pajek edge (A_124_GLU,A_125_LYS)
printing pajek edge (A_124_GLU,A_127_GLY)
printing pajek edge (A_51_GLY,A_52_PHE)
printing pajek edge (A_40_ASP,A_43_ASN)
printing pajek edge (A_40_ASP,A_41_ALA)
printing pajek edge (A_40_ASP,A_44_LYS)
printing pajek edge (A_40_ASP,A_44_LYS)
printing pajek edge (A_65_LEU,A_68_LEU)
printing pajek edge (A_65_LEU,A_69_LYS)
printing pajek edge (A_65_LEU,A_66_GLU)
printing pajek edge (A_98_ALA,A_99_GLN)
printing pajek edge (A_98_ALA,A_101_GLY)
printing pajek edge (A_13_PHE,A_17_ARG)
printing pajek edge (A_13_PHE,A_14_SER)
printing pajek edge (A_13_PHE,A_16_MET)
printing pajek edge (A_42_LEU,A_43_ASN)
printing pajek edge (A_42_LEU,A_46_GLN)
printing pajek edge (A_42_LEU,A_45_LEU)
printing pajek edge (A_53_ILE,A_54_ILE)
printing pajek edge (A_53_ILE,A_81_PRO)
printing pajek edge (A_53_ILE,A_83_LEU)
printing pajek edge (A_57_TRP,A_85_VAL)
printing pajek edge (A_57_TRP,A_64_GLY)
printing pajek edge (A_57_TRP,A_58_ASN)
printing pajek edge (A_46_GLN,A_47_ALA)
printing pajek edge (A_67_LEU,A_70_THR)
printing pajek edge (A_67_LEU,A_68_LEU)
printing pajek edge (A_67_LEU,A_71_ILE)
printing pajek edge (A_20_VAL,A_23_LEU)
printing pajek edge (A_20_VAL,A_24_LEU)
printing pajek edge (A_20_VAL,A_21_ARG)
printing pajek edge (A_55_SER,A_85_VAL)
printing pajek edge (A_55_SER,A_83_LEU)
printing pajek edge (A_55_SER,A_56_ASP)
printing pajek edge (A_55_SER,A_56_ASP)
printing pajek edge (A_71_ILE,A_72_ARG)
printing pajek edge (A_71_ILE,A_74_ASP)
printing pajek edge (A_69_LYS,A_70_THR)
printing pajek edge (A_69_LYS,A_72_ARG)
printing pajek edge (A_69_LYS,A_73_ALA)
printing pajek edge (A_2_ASP,A_5_LEU)
printing pajek edge (A_2_ASP,A_4_GLU)
printing pajek edge (A_2_ASP,A_3_LYS)
printing pajek edge (A_89_ALA,A_90_LYS)
printing pajek edge (A_117_GLU,A_120_ASN)
printing pajek edge (A_117_GLU,A_121_LYS)
printing pajek edge (A_117_GLU,A_118_LYS)
printing pajek edge (A_31_ASN,A_32_VAL)
printing pajek edge (A_101_GLY,A_102_ALA)
printing pajek edge (A_26_GLU,A_27_LEU)
printing pajek edge (A_29_PHE,A_30_ASN)
printing pajek edge (A_121_LYS,A_125_LYS)
printing pajek edge (A_121_LYS,A_122_ILE)
printing pajek edge (A_41_ALA,A_44_LYS)
printing pajek edge (A_41_ALA,A_45_LEU)
printing pajek edge (A_41_ALA,A_42_LEU)
printing pajek edge (A_76_ALA,A_77_MET)
printing pajek edge (A_84_MET,A_85_VAL)
printing pajek edge (A_84_MET,A_104_GLY)
printing pajek edge (A_84_MET,A_106_VAL)
printing pajek edge (A_60_PRO,A_61_ASN)
printing pajek edge (A_60_PRO,A_62_MET)
printing pajek edge (A_54_ILE,A_55_SER)
printing pajek edge (A_123_PHE,A_124_GLU)
printing pajek edge (A_123_PHE,A_128_MET)
printing pajek edge (A_123_PHE,A_126_LEU)
printing pajek edge (A_123_PHE,A_127_GLY)
printing pajek edge (A_43_ASN,A_46_GLN)
printing pajek edge (A_43_ASN,A_44_LYS)
printing pajek edge (A_23_LEU,A_26_GLU)
printing pajek edge (A_23_LEU,A_27_LEU)
printing pajek edge (A_23_LEU,A_24_LEU)
printing pajek edge (A_47_ALA,A_48_GLY)
printing pajek edge (A_14_SER,A_17_ARG)
printing pajek edge (A_14_SER,A_18_ARG)
printing pajek edge (A_14_SER,A_15_THR)
printing pajek edge (A_14_SER,A_15_THR)
printing pajek edge (A_106_VAL,A_107_VAL)
printing pajek edge (A_7_PHE,A_33_GLU)
printing pajek edge (A_7_PHE,A_31_ASN)
printing pajek edge (A_7_PHE,A_8_LEU)
printing pajek edge (A_86_THR,A_105_TYR)
printing pajek edge (A_86_THR,A_87_ALA)
printing pajek edge (A_86_THR,A_106_VAL)
printing pajek edge (A_86_THR,A_108_LYS)
printing pajek edge (A_37_ASP,A_39_VAL)
printing pajek edge (A_37_ASP,A_61_ASN)
printing pajek edge (A_37_ASP,A_40_ASP)
printing pajek edge (A_37_ASP,A_41_ALA)
printing pajek edge (A_37_ASP,A_38_GLY)
printing pajek edge (A_4_GLU,A_5_LEU)
printing pajek edge (A_4_GLU,A_31_ASN)
printing pajek edge (A_95_ILE,A_99_GLN)
printing pajek edge (A_95_ILE,A_96_ALA)
printing pajek edge (A_95_ILE,A_98_ALA)
printing pajek edge (A_52_PHE,A_53_ILE)
printing pajek edge (A_52_PHE,A_53_ILE)
printing pajek edge (A_10_VAL,A_54_ILE)
printing pajek edge (A_10_VAL,A_11_ASP)
printing pajek edge (A_10_VAL,A_56_ASP)
printing pajek edge (A_112_ALA,A_113_ALA)
printing pajek edge (A_112_ALA,A_115_LEU)
printing pajek edge (A_112_ALA,A_116_GLU)
printing pajek edge (A_39_VAL,A_43_ASN)
printing pajek edge (A_39_VAL,A_40_ASP)
printing pajek edge (A_39_VAL,A_42_LEU)
printing pajek edge (A_5_LEU,A_6_LYS)
printing pajek edge (A_35_ALA,A_36_GLU)
