Graph START

Adding vertex (chain-A, position-1, res-GLU)
New vertex id: 0
1 2 3 4 5 6 7 8 9 
Adding vertex (chain-A, position-2, res-GLU)
New vertex id: 1
10 11 12 13 14 15 16 17 18 
Adding vertex (chain-A, position-3, res-VAL)
New vertex id: 2
19 20 21 22 23 24 25 
Adding vertex (chain-A, position-4, res-ARG)
New vertex id: 3
26 27 28 29 30 31 32 33 34 35 36 
Adding vertex (chain-A, position-5, res-GLN)
New vertex id: 4
37 38 39 40 41 42 43 44 45 
Adding vertex (chain-A, position-6, res-PHE)
New vertex id: 5
46 47 48 49 50 51 52 53 54 55 56 
Adding vertex (chain-A, position-7, res-ARG)
New vertex id: 6
57 58 59 60 61 62 63 64 65 66 67 
Adding vertex (chain-A, position-8, res-ARG)
New vertex id: 7
68 69 70 71 72 73 74 75 76 77 78 
Adding vertex (chain-A, position-9, res-LEU)
New vertex id: 8
79 80 81 82 83 84 85 86 
Adding vertex (chain-A, position-10, res-PHE)
New vertex id: 9
87 88 89 90 91 92 93 94 95 96 97 
Adding vertex (chain-A, position-11, res-ALA)
New vertex id: 10
98 99 100 101 102 
Adding vertex (chain-A, position-12, res-GLN)
New vertex id: 11
103 104 105 106 107 108 109 110 111 
Adding vertex (chain-A, position-13, res-LEU)
New vertex id: 12
112 113 114 115 116 117 118 119 
Adding vertex (chain-A, position-14, res-ALA)
New vertex id: 13
120 121 122 123 124 
Adding vertex (chain-A, position-15, res-GLY)
New vertex id: 14
125 126 127 128 
Adding vertex (chain-A, position-16, res-ASP)
New vertex id: 15
129 130 131 132 133 134 135 136 
Adding vertex (chain-A, position-17, res-ASP)
New vertex id: 16
137 138 139 140 141 142 143 144 
Adding vertex (chain-A, position-18, res-MET)
New vertex id: 17
145 146 147 148 149 150 151 152 
Adding vertex (chain-A, position-19, res-GLU)
New vertex id: 18
153 154 155 156 157 158 159 160 161 
Adding vertex (chain-A, position-20, res-VAL)
New vertex id: 19
162 163 164 165 166 167 168 
Adding vertex (chain-A, position-21, res-SER)
New vertex id: 20
169 170 171 172 173 174 
Adding vertex (chain-A, position-22, res-ALA)
New vertex id: 21
175 176 177 178 179 
Adding vertex (chain-A, position-23, res-THR)
New vertex id: 22
180 181 182 183 184 185 186 
Adding vertex (chain-A, position-24, res-GLU)
New vertex id: 23
187 188 189 190 191 192 193 194 195 
Adding vertex (chain-A, position-25, res-LEU)
New vertex id: 24
196 197 198 199 200 201 202 203 
Adding vertex (chain-A, position-26, res-MET)
New vertex id: 25
204 205 206 207 208 209 210 211 
Adding vertex (chain-A, position-27, res-ASN)
New vertex id: 26
212 213 214 215 216 217 218 219 
Adding vertex (chain-A, position-28, res-ILE)
New vertex id: 27
220 221 222 223 224 225 226 227 
Adding vertex (chain-A, position-29, res-LEU)
New vertex id: 28
228 229 230 231 232 233 234 235 
Adding vertex (chain-A, position-30, res-ASN)
New vertex id: 29
236 237 238 239 240 241 242 243 
Adding vertex (chain-A, position-31, res-LYS)
New vertex id: 30
244 245 246 247 248 249 250 251 252 
Adding vertex (chain-A, position-32, res-VAL)
New vertex id: 31
253 254 255 256 257 258 259 
Adding vertex (chain-A, position-33, res-VAL)
New vertex id: 32
260 261 262 263 264 265 266 
Adding vertex (chain-A, position-34, res-THR)
New vertex id: 33
267 268 269 270 271 272 273 
Adding vertex (chain-A, position-35, res-ARG)
New vertex id: 34
274 275 276 277 278 279 280 281 282 283 284 
Adding vertex (chain-A, position-36, res-HIS)
New vertex id: 35
285 286 287 288 289 290 291 292 293 294 
Adding vertex (chain-A, position-37, res-PRO)
New vertex id: 36
295 296 297 298 299 300 301 
Adding vertex (chain-A, position-38, res-ASP)
New vertex id: 37
302 303 304 305 306 307 308 309 
Adding vertex (chain-A, position-39, res-LEU)
New vertex id: 38
310 311 312 313 314 315 316 317 
Adding vertex (chain-A, position-40, res-LYS)
New vertex id: 39
318 319 320 321 322 323 324 325 326 
Adding vertex (chain-A, position-41, res-THR)
New vertex id: 40
327 328 329 330 331 332 333 
Adding vertex (chain-A, position-42, res-ASP)
New vertex id: 41
334 335 336 337 338 339 340 341 
Adding vertex (chain-A, position-43, res-GLY)
New vertex id: 42
342 343 344 345 
Adding vertex (chain-A, position-44, res-PHE)
New vertex id: 43
346 347 348 349 350 351 352 353 354 355 356 
Adding vertex (chain-A, position-45, res-GLY)
New vertex id: 44
357 358 359 360 
Adding vertex (chain-A, position-46, res-ILE)
New vertex id: 45
361 362 363 364 365 366 367 368 
Adding vertex (chain-A, position-47, res-ASP)
New vertex id: 46
369 370 371 372 373 374 375 376 
Adding vertex (chain-A, position-48, res-THR)
New vertex id: 47
377 378 379 380 381 382 383 
Adding vertex (chain-A, position-49, res-CYS)
New vertex id: 48
384 385 386 387 388 389 
Adding vertex (chain-A, position-50, res-ARG)
New vertex id: 49
390 391 392 393 394 395 396 397 398 399 400 
Adding vertex (chain-A, position-51, res-SER)
New vertex id: 50
401 402 403 404 405 406 
Adding vertex (chain-A, position-52, res-MET)
New vertex id: 51
407 408 409 410 411 412 413 414 
Adding vertex (chain-A, position-53, res-VAL)
New vertex id: 52
415 416 417 418 419 420 421 
Adding vertex (chain-A, position-54, res-ALA)
New vertex id: 53
422 423 424 425 426 
Adding vertex (chain-A, position-55, res-VAL)
New vertex id: 54
427 428 429 430 431 432 433 
Adding vertex (chain-A, position-56, res-MET)
New vertex id: 55
434 435 436 437 438 439 440 441 
Adding vertex (chain-A, position-57, res-ASP)
New vertex id: 56
442 443 444 445 446 447 448 449 
Adding vertex (chain-A, position-58, res-SER)
New vertex id: 57
450 451 452 453 454 455 
Adding vertex (chain-A, position-59, res-ASP)
New vertex id: 58
456 457 458 459 460 461 462 463 
Adding vertex (chain-A, position-60, res-THR)
New vertex id: 59
464 465 466 467 468 469 470 
Adding vertex (chain-A, position-61, res-THR)
New vertex id: 60
471 472 473 474 475 476 477 
Adding vertex (chain-A, position-62, res-GLY)
New vertex id: 61
478 479 480 481 
Adding vertex (chain-A, position-63, res-LYS)
New vertex id: 62
482 483 484 485 486 487 488 489 490 
Adding vertex (chain-A, position-64, res-LEU)
New vertex id: 63
491 492 493 494 495 496 497 498 
Adding vertex (chain-A, position-65, res-GLY)
New vertex id: 64
499 500 501 502 
Adding vertex (chain-A, position-66, res-PHE)
New vertex id: 65
503 504 505 506 507 508 509 510 511 512 513 
Adding vertex (chain-A, position-67, res-GLU)
New vertex id: 66
514 515 516 517 518 519 520 521 522 
Adding vertex (chain-A, position-68, res-GLU)
New vertex id: 67
523 524 525 526 527 528 529 530 531 
Adding vertex (chain-A, position-69, res-PHE)
New vertex id: 68
532 533 534 535 536 537 538 539 540 541 542 
Adding vertex (chain-A, position-70, res-LYS)
New vertex id: 69
543 544 545 546 547 548 549 550 551 
Adding vertex (chain-A, position-71, res-TYR)
New vertex id: 70
552 553 554 555 556 557 558 559 560 561 562 563 
Adding vertex (chain-A, position-72, res-LEU)
New vertex id: 71
564 565 566 567 568 569 570 571 
Adding vertex (chain-A, position-73, res-TRP)
New vertex id: 72
572 573 574 575 576 577 578 579 580 581 582 583 584 585 
Adding vertex (chain-A, position-74, res-ASN)
New vertex id: 73
586 587 588 589 590 591 592 593 
Adding vertex (chain-A, position-75, res-ASN)
New vertex id: 74
594 595 596 597 598 599 600 601 
Adding vertex (chain-A, position-76, res-ILE)
New vertex id: 75
602 603 604 605 606 607 608 609 
Adding vertex (chain-A, position-77, res-LYS)
New vertex id: 76
610 611 612 613 614 615 616 617 618 
Adding vertex (chain-A, position-78, res-LYS)
New vertex id: 77
619 620 621 622 623 624 625 626 627 
Adding vertex (chain-A, position-79, res-TRP)
New vertex id: 78
628 629 630 631 632 633 634 635 636 637 638 639 640 641 
Adding vertex (chain-A, position-80, res-GLN)
New vertex id: 79
642 643 644 645 646 647 648 649 650 
Adding vertex (chain-A, position-81, res-ALA)
New vertex id: 80
651 652 653 654 655 
Adding vertex (chain-A, position-82, res-ILE)
New vertex id: 81
656 657 658 659 660 661 662 663 
Adding vertex (chain-A, position-83, res-TYR)
New vertex id: 82
664 665 666 667 668 669 670 671 672 673 674 675 
Adding vertex (chain-A, position-84, res-LYS)
New vertex id: 83
676 677 678 679 680 681 682 683 684 
Adding vertex (chain-A, position-85, res-GLN)
New vertex id: 84
685 686 687 688 689 690 691 692 693 
Adding vertex (chain-A, position-86, res-PHE)
New vertex id: 85
694 695 696 697 698 699 700 701 702 703 704 
Adding vertex (chain-A, position-87, res-ASP)
New vertex id: 86
705 706 707 708 709 710 711 712 
Adding vertex (chain-A, position-88, res-VAL)
New vertex id: 87
713 714 715 716 717 718 719 
Adding vertex (chain-A, position-89, res-ASP)
New vertex id: 88
720 721 722 723 724 725 726 727 
Adding vertex (chain-A, position-90, res-ARG)
New vertex id: 89
728 729 730 731 732 733 734 735 736 737 738 
Adding vertex (chain-A, position-91, res-SER)
New vertex id: 90
739 740 741 742 743 744 
Adding vertex (chain-A, position-92, res-GLY)
New vertex id: 91
745 746 747 748 
Adding vertex (chain-A, position-93, res-THR)
New vertex id: 92
749 750 751 752 753 754 755 
Adding vertex (chain-A, position-94, res-ILE)
New vertex id: 93
756 757 758 759 760 761 762 763 
Adding vertex (chain-A, position-95, res-GLY)
New vertex id: 94
764 765 766 767 
Adding vertex (chain-A, position-96, res-SER)
New vertex id: 95
768 769 770 771 772 773 
Adding vertex (chain-A, position-97, res-SER)
New vertex id: 96
774 775 776 777 778 779 
Adding vertex (chain-A, position-98, res-GLU)
New vertex id: 97
780 781 782 783 784 785 786 787 788 
Adding vertex (chain-A, position-99, res-LEU)
New vertex id: 98
789 790 791 792 793 794 795 796 
Adding vertex (chain-A, position-100, res-PRO)
New vertex id: 99
797 798 799 800 801 802 803 
Adding vertex (chain-A, position-101, res-GLY)
New vertex id: 100
804 805 806 807 
Adding vertex (chain-A, position-102, res-ALA)
New vertex id: 101
808 809 810 811 812 
Adding vertex (chain-A, position-103, res-PHE)
New vertex id: 102
813 814 815 816 817 818 819 820 821 822 823 
Adding vertex (chain-A, position-104, res-GLU)
New vertex id: 103
824 825 826 827 828 829 830 831 832 
Adding vertex (chain-A, position-105, res-ALA)
New vertex id: 104
833 834 835 836 837 
Adding vertex (chain-A, position-106, res-ALA)
New vertex id: 105
838 839 840 841 842 
Adding vertex (chain-A, position-107, res-GLY)
New vertex id: 106
843 844 845 846 
Adding vertex (chain-A, position-108, res-PHE)
New vertex id: 107
847 848 849 850 851 852 853 854 855 856 857 
Adding vertex (chain-A, position-109, res-HIS)
New vertex id: 108
858 859 860 861 862 863 864 865 866 867 
Adding vertex (chain-A, position-110, res-LEU)
New vertex id: 109
868 869 870 871 872 873 874 875 
Adding vertex (chain-A, position-111, res-ASN)
New vertex id: 110
876 877 878 879 880 881 882 883 
Adding vertex (chain-A, position-112, res-GLU)
New vertex id: 111
884 885 886 887 888 889 890 891 892 
Adding vertex (chain-A, position-113, res-HIS)
New vertex id: 112
893 894 895 896 897 898 899 900 901 902 
Adding vertex (chain-A, position-114, res-LEU)
New vertex id: 113
903 904 905 906 907 908 909 910 
Adding vertex (chain-A, position-115, res-TYR)
New vertex id: 114
911 912 913 914 915 916 917 918 919 920 921 922 
Adding vertex (chain-A, position-116, res-SER)
New vertex id: 115
923 924 925 926 927 928 
Adding vertex (chain-A, position-117, res-MET)
New vertex id: 116
929 930 931 932 933 934 935 936 
Adding vertex (chain-A, position-118, res-ILE)
New vertex id: 117
937 938 939 940 941 942 943 944 
Adding vertex (chain-A, position-119, res-ILE)
New vertex id: 118
945 946 947 948 949 950 951 952 
Adding vertex (chain-A, position-120, res-ARG)
New vertex id: 119
953 954 955 956 957 958 959 960 961 962 963 
Adding vertex (chain-A, position-121, res-ARG)
New vertex id: 120
964 965 966 967 968 969 970 971 972 973 974 
Adding vertex (chain-A, position-122, res-TYR)
New vertex id: 121
975 976 977 978 979 980 981 982 983 984 985 986 
Adding vertex (chain-A, position-123, res-SER)
New vertex id: 122
987 988 989 990 991 992 
Adding vertex (chain-A, position-124, res-ASP)
New vertex id: 123
993 994 995 996 997 998 999 1000 
Adding vertex (chain-A, position-125, res-GLU)
New vertex id: 124
1001 1002 1003 1004 1005 1006 1007 1008 1009 
Adding vertex (chain-A, position-126, res-GLY)
New vertex id: 125
1010 1011 1012 1013 
Adding vertex (chain-A, position-127, res-GLY)
New vertex id: 126
1014 1015 1016 1017 
Adding vertex (chain-A, position-128, res-ASN)
New vertex id: 127
1018 1019 1020 1021 1022 1023 1024 1025 
Adding vertex (chain-A, position-129, res-MET)
New vertex id: 128
1026 1027 1028 1029 1030 1031 1032 1033 
Adding vertex (chain-A, position-130, res-ASP)
New vertex id: 129
1034 1035 1036 1037 1038 1039 1040 1041 
Adding vertex (chain-A, position-131, res-PHE)
New vertex id: 130
1042 1043 1044 1045 1046 1047 1048 1049 1050 1051 1052 
Adding vertex (chain-A, position-132, res-ASP)
New vertex id: 131
1053 1054 1055 1056 1057 1058 1059 1060 
Adding vertex (chain-A, position-133, res-ASN)
New vertex id: 132
1061 1062 1063 1064 1065 1066 1067 1068 
Adding vertex (chain-A, position-134, res-PHE)
New vertex id: 133
1069 1070 1071 1072 1073 1074 1075 1076 1077 1078 1079 
Adding vertex (chain-A, position-135, res-ILE)
New vertex id: 134
1080 1081 1082 1083 1084 1085 1086 1087 
Adding vertex (chain-A, position-136, res-SER)
New vertex id: 135
1088 1089 1090 1091 1092 1093 
Adding vertex (chain-A, position-137, res-CYS)
New vertex id: 136
1094 1095 1096 1097 1098 1099 
Adding vertex (chain-A, position-138, res-LEU)
New vertex id: 137
1100 1101 1102 1103 1104 1105 1106 1107 
Adding vertex (chain-A, position-139, res-VAL)
New vertex id: 138
1108 1109 1110 1111 1112 1113 1114 
Adding vertex (chain-A, position-140, res-ARG)
New vertex id: 139
1115 1116 1117 1118 1119 1120 1121 1122 1123 1124 1125 
Adding vertex (chain-A, position-141, res-LEU)
New vertex id: 140
1126 1127 1128 1129 1130 1131 1132 1133 
Adding vertex (chain-A, position-142, res-ASP)
New vertex id: 141
1134 1135 1136 1137 1138 1139 1140 1141 
Adding vertex (chain-A, position-143, res-ALA)
New vertex id: 142
1142 1143 1144 1145 1146 
Adding vertex (chain-A, position-144, res-MET)
New vertex id: 143
1147 1148 1149 1150 1151 1152 1153 1154 
Adding vertex (chain-A, position-145, res-PHE)
New vertex id: 144
1155 1156 1157 1158 1159 1160 1161 1162 1163 1164 1165 
Adding vertex (chain-A, position-146, res-ARG)
New vertex id: 145
1166 1167 1168 1169 1170 1171 1172 1173 1174 1175 1176 
Adding vertex (chain-A, position-147, res-ALA)
New vertex id: 146
1177 1178 1179 1180 1181 
Adding vertex (chain-A, position-148, res-PHE)
New vertex id: 147
1182 1183 1184 1185 1186 1187 1188 1189 1190 1191 1192 
Adding vertex (chain-A, position-149, res-LYS)
New vertex id: 148
1193 1194 1195 1196 1197 1198 1199 1200 1201 
Adding vertex (chain-A, position-150, res-SER)
New vertex id: 149
1202 1203 1204 1205 1206 1207 
Adding vertex (chain-A, position-151, res-LEU)
New vertex id: 150
1208 1209 1210 1211 1212 1213 1214 1215 
Adding vertex (chain-A, position-152, res-ASP)
New vertex id: 151
1216 1217 1218 1219 1220 1221 1222 1223 
Adding vertex (chain-A, position-153, res-LYS)
New vertex id: 152
1224 1225 1226 1227 1228 1229 1230 1231 1232 
Adding vertex (chain-A, position-154, res-ASP)
New vertex id: 153
1233 1234 1235 1236 1237 1238 1239 1240 
Adding vertex (chain-A, position-155, res-GLY)
New vertex id: 154
1241 1242 1243 1244 
Adding vertex (chain-A, position-156, res-THR)
New vertex id: 155
1245 1246 1247 1248 1249 1250 1251 
Adding vertex (chain-A, position-157, res-GLY)
New vertex id: 156
1252 1253 1254 1255 
Adding vertex (chain-A, position-158, res-GLN)
New vertex id: 157
1256 1257 1258 1259 1260 1261 1262 1263 1264 
Adding vertex (chain-A, position-159, res-ILE)
New vertex id: 158
1265 1266 1267 1268 1269 1270 1271 1272 
Adding vertex (chain-A, position-160, res-GLN)
New vertex id: 159
1273 1274 1275 1276 1277 1278 1279 1280 1281 
Adding vertex (chain-A, position-161, res-VAL)
New vertex id: 160
1282 1283 1284 1285 1286 1287 1288 
Adding vertex (chain-A, position-162, res-ASN)
New vertex id: 161
1289 1290 1291 1292 1293 1294 1295 1296 
Adding vertex (chain-A, position-163, res-ILE)
New vertex id: 162
1297 1298 1299 1300 1301 1302 1303 1304 
Adding vertex (chain-A, position-164, res-GLN)
New vertex id: 163
1305 1306 1307 1308 1309 1310 1311 1312 1313 
Adding vertex (chain-A, position-165, res-GLU)
New vertex id: 164
1314 1315 1316 1317 1318 1319 1320 1321 1322 
Adding vertex (chain-A, position-166, res-TRP)
New vertex id: 165
1323 1324 1325 1326 1327 1328 1329 1330 1331 1332 1333 1334 1335 1336 
Adding vertex (chain-A, position-167, res-LEU)
New vertex id: 166
1337 1338 1339 1340 1341 1342 1343 1344 
Adding vertex (chain-A, position-168, res-GLN)
New vertex id: 167
1345 1346 1347 1348 1349 1350 1351 1352 1353 
Adding vertex (chain-A, position-169, res-LEU)
New vertex id: 168
1354 1355 1356 1357 1358 1359 1360 1361 
Adding vertex (chain-A, position-170, res-THR)
New vertex id: 169
1362 1363 1364 1365 1366 1367 1368 
Adding vertex (chain-A, position-171, res-MET)
New vertex id: 170
1369 1370 1371 1372 1373 1374 1375 1376 
Adding vertex (chain-A, position-172, res-TYR)
New vertex id: 171
1377 1378 1379 1380 1381 1382 1383 1384 1385 1386 1387 1388 
Adding vertex (chain-A, position-173, res-SER)
New vertex id: 172
1389 1390 1391 1392 1393 1394 1395 
Graph DONE

( reduce -FLIPs 1NX1.pdb > 1NX1.H.pdb ) >& /dev/null
Reduce (-FLIPs) returned 0
( bndlst -Radius0.3 1NX1.H.pdb > 1NX1.H.bndlst ) >& /dev/null
BndLst returned 0
Parsing 1NX1.H.bndlst

bndlst START
Adding bndlst edge: (A_E1_MC -> A_E2_MC) type[cov], weight[1.00] from 0 to 1 dist[1.31]
Adding bndlst edge: (A_E1_MC -> A_R4_MC) type[hb], weight[0.62] from 0 to 3 dist[2.53]
Adding bndlst edge: (A_E1_MC -> A_Q5_MC) type[hb], weight[0.69] from 0 to 4 dist[2.40]
Adding bndlst edge: (A_E1_SC -> A_R4_SC) type[salt], weight[0.61] from 0 to 3 dist[2.43]
Adding bndlst edge: (A_E2_MC -> A_V3_MC) type[cov], weight[1.00] from 1 to 2 dist[1.33]
Adding bndlst edge: (A_E2_MC -> A_F6_MC) type[hb], weight[1.02] from 1 to 5 dist[1.99]
Adding bndlst edge: (A_E2_MC -> A_Q5_MC) type[hb], weight[0.53] from 1 to 4 dist[2.74]
Adding bndlst edge: (A_V3_MC -> A_R4_MC) type[cov], weight[1.00] from 2 to 3 dist[1.34]
Adding bndlst edge: (A_V3_MC -> A_R7_MC) type[hb], weight[0.95] from 2 to 6 dist[2.06]
Adding bndlst edge: (A_V3_MC -> A_F6_MC) type[hb], weight[0.54] from 2 to 5 dist[2.72]
Adding bndlst edge: (A_R4_MC -> A_Q5_MC) type[cov], weight[1.00] from 3 to 4 dist[1.33]
Adding bndlst edge: (A_R4_MC -> A_R8_MC) type[hb], weight[0.79] from 3 to 7 dist[2.25]
Adding bndlst edge: (A_R4_MC -> A_R7_MC) type[hb], weight[0.59] from 3 to 6 dist[2.60]
Adding bndlst edge: (A_Q5_MC -> A_F6_MC) type[cov], weight[1.00] from 4 to 5 dist[1.33]
Adding bndlst edge: (A_Q5_MC -> A_L9_MC) type[hb], weight[0.95] from 4 to 8 dist[2.05]
Adding bndlst edge: (A_Q5_MC -> A_R8_MC) type[hb], weight[0.65] from 4 to 7 dist[2.47]
Adding bndlst edge: (A_Q5_SC -> A_R8_SC) type[hb], weight[0.81] from 4 to 7 dist[2.23]
Adding bndlst edge: (A_Q5_SC -> A_R8_SC) type[hb], weight[0.76] from 4 to 7 dist[2.30]
Adding bndlst edge: (A_F6_MC -> A_R7_MC) type[cov], weight[1.00] from 5 to 6 dist[1.33]
Adding bndlst edge: (A_F6_MC -> A_F10_MC) type[hb], weight[1.32] from 5 to 9 dist[1.74]
Adding bndlst edge: (A_F6_MC -> A_L9_MC) type[hb], weight[0.51] from 5 to 8 dist[2.80]
Adding bndlst edge: (A_R7_MC -> A_R8_MC) type[cov], weight[1.00] from 6 to 7 dist[1.32]
Adding bndlst edge: (A_R7_MC -> A_A11_MC) type[hb], weight[0.83] from 6 to 10 dist[2.19]
Adding bndlst edge: (A_R7_MC -> A_F10_MC) type[hb], weight[0.45] from 6 to 9 dist[2.99]
Adding bndlst edge: (A_R8_MC -> A_L9_MC) type[cov], weight[1.00] from 7 to 8 dist[1.33]
Adding bndlst edge: (A_R8_MC -> A_Q12_MC) type[hb], weight[0.48] from 7 to 11 dist[2.88]
Adding bndlst edge: (A_R8_MC -> A_A11_MC) type[hb], weight[0.55] from 7 to 10 dist[2.71]
Adding bndlst edge: (A_L9_MC -> A_F10_MC) type[cov], weight[1.00] from 8 to 9 dist[1.32]
Adding bndlst edge: (A_L9_MC -> A_Q12_MC) type[hb], weight[0.84] from 8 to 11 dist[2.18]
Adding bndlst edge: (A_L9_MC -> A_L13_MC) type[hb], weight[0.61] from 8 to 12 dist[2.56]
Adding bndlst edge: (A_F10_MC -> A_A11_MC) type[cov], weight[1.00] from 9 to 10 dist[1.33]
Adding bndlst edge: (A_F10_MC -> A_L13_MC) type[hb], weight[0.88] from 9 to 12 dist[2.13]
Adding bndlst edge: (A_F10_MC -> A_A14_MC) type[hb], weight[1.06] from 9 to 13 dist[1.94]
Adding bndlst edge: (A_A11_MC -> A_Q12_MC) type[cov], weight[1.00] from 10 to 11 dist[1.33]
Adding bndlst edge: (A_Q12_MC -> A_L13_MC) type[cov], weight[1.00] from 11 to 12 dist[1.33]
Adding bndlst edge: (A_L13_MC -> A_A14_MC) type[cov], weight[1.00] from 12 to 13 dist[1.32]
Adding bndlst edge: (A_A14_MC -> A_G15_MC) type[cov], weight[1.00] from 13 to 14 dist[1.33]
Adding bndlst edge: (A_G15_MC -> A_D16_MC) type[cov], weight[1.00] from 14 to 15 dist[1.33]
Adding bndlst edge: (A_G15_MC -> A_M18_MC) type[hb], weight[1.02] from 14 to 17 dist[1.98]
Adding bndlst edge: (A_G15_MC -> A_E19_MC) type[hb], weight[0.95] from 14 to 18 dist[2.05]
Adding bndlst edge: (A_D16_MC -> A_D17_MC) type[cov], weight[1.00] from 15 to 16 dist[1.33]
Adding bndlst edge: (A_D16_MC -> A_M18_MC) type[hb], weight[0.56] from 15 to 17 dist[2.67]
Adding bndlst edge: (A_D17_MC -> A_M18_MC) type[cov], weight[1.00] from 16 to 17 dist[1.32]
Adding bndlst edge: (A_D17_SC -> A_K63_SC) type[salt], weight[1.15] from 16 to 62 dist[1.77]
Adding bndlst edge: (A_D17_SC -> A_E19_MC) type[hb], weight[0.83] from 16 to 18 dist[2.20]
Adding bndlst edge: (A_D17_SC -> A_K63_SC) type[salt], weight[0.43] from 16 to 62 dist[2.91]
Adding bndlst edge: (A_M18_MC -> A_E19_MC) type[cov], weight[1.00] from 17 to 18 dist[1.34]
Adding bndlst edge: (A_E19_MC -> A_V20_MC) type[cov], weight[1.00] from 18 to 19 dist[1.33]
Adding bndlst edge: (A_E19_SC -> A_T61_SC) type[hb], weight[1.26] from 18 to 60 dist[1.78]
Adding bndlst edge: (A_E19_SC -> A_T61_SC) type[hb], weight[0.47] from 18 to 60 dist[2.92]
Adding bndlst edge: (A_V20_MC -> A_S21_MC) type[cov], weight[1.00] from 19 to 20 dist[1.34]
Adding bndlst edge: (A_V20_MC -> A_L64_MC) type[hb], weight[1.08] from 19 to 63 dist[1.93]
Adding bndlst edge: (A_V20_MC -> A_L64_MC) type[hb], weight[1.20] from 19 to 63 dist[1.83]
Adding bndlst edge: (A_S21_MC -> A_A22_MC) type[cov], weight[1.00] from 20 to 21 dist[1.33]
Adding bndlst edge: (A_S21_MC -> A_L25_MC) type[hb], weight[1.09] from 20 to 24 dist[1.92]
Adding bndlst edge: (A_S21_MC -> A_E24_MC) type[hb], weight[0.51] from 20 to 23 dist[2.80]
Adding bndlst edge: (A_S21_SC -> A_E24_MC) type[hb], weight[0.84] from 20 to 23 dist[2.19]
Adding bndlst edge: (A_S21_SC -> A_T23_MC) type[hb], weight[0.53] from 20 to 22 dist[2.75]
Adding bndlst edge: (A_S21_MC -> A_E24_SC) type[hb], weight[1.15] from 20 to 23 dist[1.87]
Adding bndlst edge: (A_A22_MC -> A_T23_MC) type[cov], weight[1.00] from 21 to 22 dist[1.32]
Adding bndlst edge: (A_A22_MC -> A_M26_MC) type[hb], weight[1.00] from 21 to 25 dist[2.00]
Adding bndlst edge: (A_A22_MC -> A_L25_MC) type[hb], weight[0.47] from 21 to 24 dist[2.90]
Adding bndlst edge: (A_T23_MC -> A_E24_MC) type[cov], weight[1.00] from 22 to 23 dist[1.33]
Adding bndlst edge: (A_T23_MC -> A_N27_SC) type[hb], weight[0.49] from 22 to 26 dist[2.85]
Adding bndlst edge: (A_T23_MC -> A_N27_MC) type[hb], weight[0.84] from 22 to 26 dist[2.19]
Adding bndlst edge: (A_E24_MC -> A_L25_MC) type[cov], weight[1.00] from 23 to 24 dist[1.34]
Adding bndlst edge: (A_E24_MC -> A_I28_MC) type[hb], weight[1.01] from 23 to 27 dist[1.99]
Adding bndlst edge: (A_E24_MC -> A_N27_MC) type[hb], weight[0.48] from 23 to 26 dist[2.90]
Adding bndlst edge: (A_L25_MC -> A_M26_MC) type[cov], weight[1.00] from 24 to 25 dist[1.33]
Adding bndlst edge: (A_L25_MC -> A_I28_MC) type[hb], weight[0.53] from 24 to 27 dist[2.75]
Adding bndlst edge: (A_L25_MC -> A_L29_MC) type[hb], weight[1.05] from 24 to 28 dist[1.96]
Adding bndlst edge: (A_M26_MC -> A_N27_MC) type[cov], weight[1.00] from 25 to 26 dist[1.34]
Adding bndlst edge: (A_M26_MC -> A_N30_MC) type[hb], weight[0.94] from 25 to 29 dist[2.07]
Adding bndlst edge: (A_M26_MC -> A_N30_SC) type[hb], weight[0.47] from 25 to 29 dist[2.93]
Adding bndlst edge: (A_N27_MC -> A_I28_MC) type[cov], weight[1.00] from 26 to 27 dist[1.33]
Adding bndlst edge: (A_N27_MC -> A_K31_MC) type[hb], weight[0.97] from 26 to 30 dist[2.03]
Adding bndlst edge: (A_N27_MC -> A_N30_MC) type[hb], weight[0.47] from 26 to 29 dist[2.93]
Adding bndlst edge: (A_I28_MC -> A_L29_MC) type[cov], weight[1.00] from 27 to 28 dist[1.34]
Adding bndlst edge: (A_I28_MC -> A_V32_MC) type[hb], weight[0.86] from 27 to 31 dist[2.16]
Adding bndlst edge: (A_I28_MC -> A_K31_MC) type[hb], weight[0.59] from 27 to 30 dist[2.61]
Adding bndlst edge: (A_L29_MC -> A_N30_MC) type[cov], weight[1.00] from 28 to 29 dist[1.33]
Adding bndlst edge: (A_L29_MC -> A_V33_MC) type[hb], weight[1.17] from 28 to 32 dist[1.85]
Adding bndlst edge: (A_L29_MC -> A_V32_MC) type[hb], weight[0.57] from 28 to 31 dist[2.64]
Adding bndlst edge: (A_N30_MC -> A_K31_MC) type[cov], weight[1.00] from 29 to 30 dist[1.33]
Adding bndlst edge: (A_N30_MC -> A_T34_SC) type[hb], weight[1.40] from 29 to 33 dist[1.69]
Adding bndlst edge: (A_N30_MC -> A_T34_MC) type[hb], weight[0.95] from 29 to 33 dist[2.05]
Adding bndlst edge: (A_N30_MC -> A_V33_MC) type[hb], weight[0.45] from 29 to 32 dist[2.97]
Adding bndlst edge: (A_N30_SC -> A_F44_MC) type[hb], weight[1.36] from 29 to 43 dist[1.72]
Adding bndlst edge: (A_N30_SC -> A_F44_MC) type[hb], weight[0.80] from 29 to 43 dist[2.23]
Adding bndlst edge: (A_K31_MC -> A_V32_MC) type[cov], weight[1.00] from 30 to 31 dist[1.32]
Adding bndlst edge: (A_K31_MC -> A_R35_MC) type[hb], weight[0.50] from 30 to 34 dist[2.84]
Adding bndlst edge: (A_V32_MC -> A_V33_MC) type[cov], weight[1.00] from 31 to 32 dist[1.34]
Adding bndlst edge: (A_V32_MC -> A_H36_SC) type[hb], weight[0.80] from 31 to 35 dist[2.23]
Adding bndlst edge: (A_V32_MC -> A_R35_MC) type[hb], weight[0.70] from 31 to 34 dist[2.38]
Adding bndlst edge: (A_V33_MC -> A_T34_MC) type[cov], weight[1.00] from 32 to 33 dist[1.32]
Adding bndlst edge: (A_V33_MC -> A_H36_MC) type[hb], weight[1.25] from 32 to 35 dist[1.79]
Adding bndlst edge: (A_T34_MC -> A_R35_MC) type[cov], weight[1.00] from 33 to 34 dist[1.34]
Adding bndlst edge: (A_T34_MC -> A_H36_MC) type[hb], weight[0.45] from 33 to 35 dist[2.98]
Adding bndlst edge: (A_R35_MC -> A_H36_MC) type[cov], weight[1.00] from 34 to 35 dist[1.33]
Adding bndlst edge: (A_H36_MC -> A_P37_MC) type[cov], weight[1.00] from 35 to 36 dist[1.35]
Adding bndlst edge: (A_H36_MC -> A_D38_MC) type[hb], weight[0.51] from 35 to 37 dist[2.79]
Adding bndlst edge: (A_H36_MC -> A_L39_MC) type[hb], weight[1.22] from 35 to 38 dist[1.81]
Adding bndlst edge: (A_P37_MC -> A_D38_MC) type[cov], weight[1.00] from 36 to 37 dist[1.33]
Adding bndlst edge: (A_P37_MC -> A_L39_MC) type[hb], weight[0.45] from 36 to 38 dist[3.00]
Adding bndlst edge: (A_D38_MC -> A_L39_MC) type[cov], weight[1.00] from 37 to 38 dist[1.33]
Adding bndlst edge: (A_D38_SC -> A_K84_SC) type[salt], weight[0.47] from 37 to 83 dist[2.77]
Adding bndlst edge: (A_L39_MC -> A_K40_MC) type[cov], weight[1.00] from 38 to 39 dist[1.33]
Adding bndlst edge: (A_K40_MC -> A_T41_MC) type[cov], weight[1.00] from 39 to 40 dist[1.33]
Adding bndlst edge: (A_K40_MC -> A_F131_MC) type[hb], weight[1.18] from 39 to 130 dist[1.84]
Adding bndlst edge: (A_K40_MC -> A_G92_MC) type[hb], weight[1.11] from 39 to 91 dist[1.90]
Adding bndlst edge: (A_T41_MC -> A_D42_MC) type[cov], weight[1.00] from 40 to 41 dist[1.32]
Adding bndlst edge: (A_T41_MC -> A_G43_MC) type[hb], weight[0.47] from 40 to 42 dist[2.92]
Adding bndlst edge: (A_T41_SC -> A_G43_MC) type[hb], weight[1.26] from 40 to 42 dist[1.78]
Adding bndlst edge: (A_T41_SC -> A_D42_MC) type[hb], weight[0.50] from 40 to 41 dist[2.82]
Adding bndlst edge: (A_T41_SC -> A_D132_MC) type[hb], weight[0.48] from 40 to 131 dist[2.89]
Adding bndlst edge: (A_T41_SC -> A_D42_SC) type[hb], weight[0.45] from 40 to 41 dist[2.98]
Adding bndlst edge: (A_T41_SC -> A_D132_SC) type[cov], weight[1.00] from 40 to 131 dist[1.50]
Adding bndlst edge: (A_D42_MC -> A_G43_MC) type[cov], weight[1.00] from 41 to 42 dist[1.34]
Adding bndlst edge: (A_G43_MC -> A_F44_MC) type[cov], weight[1.00] from 42 to 43 dist[1.34]
Adding bndlst edge: (A_F44_MC -> A_G45_MC) type[cov], weight[1.00] from 43 to 44 dist[1.34]
Adding bndlst edge: (A_G45_MC -> A_I46_MC) type[cov], weight[1.00] from 44 to 45 dist[1.33]
Adding bndlst edge: (A_G45_MC -> A_C49_SC) type[hb], weight[0.50] from 44 to 48 dist[2.82]
Adding bndlst edge: (A_G45_MC -> A_C49_MC) type[hb], weight[1.00] from 44 to 48 dist[2.00]
Adding bndlst edge: (A_G45_MC -> A_T48_MC) type[hb], weight[0.49] from 44 to 47 dist[2.85]
Adding bndlst edge: (A_I46_MC -> A_D47_MC) type[cov], weight[1.00] from 45 to 46 dist[1.32]
Adding bndlst edge: (A_I46_MC -> A_R50_MC) type[hb], weight[1.09] from 45 to 49 dist[1.91]
Adding bndlst edge: (A_I46_MC -> A_C49_MC) type[hb], weight[0.58] from 45 to 48 dist[2.62]
Adding bndlst edge: (A_D47_MC -> A_T48_MC) type[cov], weight[1.00] from 46 to 47 dist[1.32]
Adding bndlst edge: (A_D47_MC -> A_S51_MC) type[hb], weight[0.89] from 46 to 50 dist[2.12]
Adding bndlst edge: (A_D47_MC -> A_R50_MC) type[hb], weight[0.57] from 46 to 49 dist[2.66]
Adding bndlst edge: (A_T48_MC -> A_C49_MC) type[cov], weight[1.00] from 47 to 48 dist[1.34]
Adding bndlst edge: (A_T48_MC -> A_M52_MC) type[hb], weight[1.13] from 47 to 51 dist[1.88]
Adding bndlst edge: (A_T48_MC -> A_S51_MC) type[hb], weight[0.56] from 47 to 50 dist[2.66]
Adding bndlst edge: (A_C49_MC -> A_R50_MC) type[cov], weight[1.00] from 48 to 49 dist[1.33]
Adding bndlst edge: (A_C49_MC -> A_V53_MC) type[hb], weight[1.11] from 48 to 52 dist[1.90]
Adding bndlst edge: (A_C49_MC -> A_M52_MC) type[hb], weight[0.51] from 48 to 51 dist[2.81]
Adding bndlst edge: (A_R50_MC -> A_S51_MC) type[cov], weight[1.00] from 49 to 50 dist[1.33]
Adding bndlst edge: (A_R50_MC -> A_A54_MC) type[hb], weight[0.98] from 49 to 53 dist[2.02]
Adding bndlst edge: (A_R50_MC -> A_V53_MC) type[hb], weight[0.45] from 49 to 52 dist[2.99]
Adding bndlst edge: (A_S51_MC -> A_M52_MC) type[cov], weight[1.00] from 50 to 51 dist[1.34]
Adding bndlst edge: (A_S51_MC -> A_A54_MC) type[hb], weight[0.45] from 50 to 53 dist[2.98]
Adding bndlst edge: (A_S51_MC -> A_V55_MC) type[hb], weight[0.84] from 50 to 54 dist[2.19]
Adding bndlst edge: (A_S51_SC -> A_S173_MC) type[cov], weight[1.00] from 50 to 172 dist[1.58]
Adding bndlst edge: (A_S51_SC -> A_S173_MC) type[hb], weight[0.45] from 50 to 172 dist[2.97]
Adding bndlst edge: (A_M52_MC -> A_V53_MC) type[cov], weight[1.00] from 51 to 52 dist[1.32]
Adding bndlst edge: (A_M52_MC -> A_M56_MC) type[hb], weight[0.80] from 51 to 55 dist[2.24]
Adding bndlst edge: (A_V53_MC -> A_A54_MC) type[cov], weight[1.00] from 52 to 53 dist[1.34]
Adding bndlst edge: (A_V53_MC -> A_M56_MC) type[hb], weight[0.75] from 52 to 55 dist[2.31]
Adding bndlst edge: (A_V53_MC -> A_D57_MC) type[hb], weight[0.78] from 52 to 56 dist[2.26]
Adding bndlst edge: (A_A54_MC -> A_V55_MC) type[cov], weight[1.00] from 53 to 54 dist[1.32]
Adding bndlst edge: (A_A54_MC -> A_D57_MC) type[hb], weight[0.87] from 53 to 56 dist[2.14]
Adding bndlst edge: (A_V55_MC -> A_M56_MC) type[cov], weight[1.00] from 54 to 55 dist[1.32]
Adding bndlst edge: (A_M56_MC -> A_D57_MC) type[cov], weight[1.00] from 55 to 56 dist[1.33]
Adding bndlst edge: (A_M56_MC -> A_S58_MC) type[hb], weight[0.80] from 55 to 57 dist[2.23]
Adding bndlst edge: (A_M56_SC -> A_R146_SC) type[hb], weight[0.38] from 55 to 145 dist[3.26]
Adding bndlst edge: (A_D57_MC -> A_S58_MC) type[cov], weight[1.00] from 56 to 57 dist[1.33]
Adding bndlst edge: (A_D57_MC -> A_T60_MC) type[hb], weight[0.89] from 56 to 59 dist[2.12]
Adding bndlst edge: (A_D57_SC -> A_G62_MC) type[hb], weight[0.55] from 56 to 61 dist[2.71]
Adding bndlst edge: (A_D57_SC -> A_T61_MC) type[hb], weight[1.07] from 56 to 60 dist[1.94]
Adding bndlst edge: (A_D57_SC -> A_G62_MC) type[hb], weight[1.20] from 56 to 61 dist[1.82]
Adding bndlst edge: (A_D57_SC -> A_T61_MC) type[hb], weight[0.54] from 56 to 60 dist[2.73]
Adding bndlst edge: (A_D57_SC -> A_Y172_SC) type[hb], weight[1.39] from 56 to 171 dist[1.70]
Adding bndlst edge: (A_S58_MC -> A_D59_MC) type[cov], weight[1.00] from 57 to 58 dist[1.33]
Adding bndlst edge: (A_S58_MC -> A_E68_SC) type[hb], weight[0.51] from 57 to 67 dist[2.79]
Adding bndlst edge: (A_D59_MC -> A_T60_MC) type[cov], weight[1.00] from 58 to 59 dist[1.34]
Adding bndlst edge: (A_D59_MC -> A_T60_SC) type[hb], weight[0.45] from 58 to 59 dist[2.97]
Adding bndlst edge: (A_D59_MC -> A_E68_SC) type[hb], weight[0.58] from 58 to 67 dist[2.63]
Adding bndlst edge: (A_T60_MC -> A_T61_MC) type[cov], weight[1.00] from 59 to 60 dist[1.33]
Adding bndlst edge: (A_T61_MC -> A_G62_MC) type[cov], weight[1.00] from 60 to 61 dist[1.33]
Adding bndlst edge: (A_T61_SC -> A_K63_MC) type[hb], weight[0.64] from 60 to 62 dist[2.49]
Adding bndlst edge: (A_T61_SC -> A_K63_MC) type[hb], weight[0.46] from 60 to 62 dist[2.95]
Adding bndlst edge: (A_G62_MC -> A_K63_MC) type[cov], weight[1.00] from 61 to 62 dist[1.33]
Adding bndlst edge: (A_K63_MC -> A_L64_MC) type[cov], weight[1.00] from 62 to 63 dist[1.34]
Adding bndlst edge: (A_L64_MC -> A_G65_MC) type[cov], weight[1.00] from 63 to 64 dist[1.34]
Adding bndlst edge: (A_G65_MC -> A_F66_MC) type[cov], weight[1.00] from 64 to 65 dist[1.32]
Adding bndlst edge: (A_G65_MC -> A_E68_MC) type[hb], weight[0.56] from 64 to 67 dist[2.67]
Adding bndlst edge: (A_G65_MC -> A_F69_MC) type[hb], weight[1.15] from 64 to 68 dist[1.86]
Adding bndlst edge: (A_G65_MC -> A_E68_SC) type[hb], weight[0.86] from 64 to 67 dist[2.16]
Adding bndlst edge: (A_F66_MC -> A_E67_MC) type[cov], weight[1.00] from 65 to 66 dist[1.33]
Adding bndlst edge: (A_F66_MC -> A_K70_MC) type[hb], weight[1.06] from 65 to 69 dist[1.95]
Adding bndlst edge: (A_F66_MC -> A_F69_MC) type[hb], weight[0.51] from 65 to 68 dist[2.81]
Adding bndlst edge: (A_E67_MC -> A_E68_MC) type[cov], weight[1.00] from 66 to 67 dist[1.32]
Adding bndlst edge: (A_E67_MC -> A_Y71_MC) type[hb], weight[0.97] from 66 to 70 dist[2.03]
Adding bndlst edge: (A_E67_SC -> A_K70_SC) type[salt], weight[0.56] from 66 to 69 dist[2.53]
Adding bndlst edge: (A_E68_MC -> A_F69_MC) type[cov], weight[1.00] from 67 to 68 dist[1.33]
Adding bndlst edge: (A_E68_MC -> A_L72_MC) type[hb], weight[1.10] from 67 to 71 dist[1.91]
Adding bndlst edge: (A_E68_MC -> A_Y71_MC) type[hb], weight[0.50] from 67 to 70 dist[2.83]
Adding bndlst edge: (A_F69_MC -> A_K70_MC) type[cov], weight[1.00] from 68 to 69 dist[1.33]
Adding bndlst edge: (A_F69_MC -> A_W73_MC) type[hb], weight[1.28] from 68 to 72 dist[1.77]
Adding bndlst edge: (A_F69_MC -> A_L72_MC) type[hb], weight[0.48] from 68 to 71 dist[2.88]
Adding bndlst edge: (A_K70_MC -> A_Y71_MC) type[cov], weight[1.00] from 69 to 70 dist[1.32]
Adding bndlst edge: (A_K70_MC -> A_N74_MC) type[hb], weight[1.05] from 69 to 73 dist[1.96]
Adding bndlst edge: (A_Y71_MC -> A_L72_MC) type[cov], weight[1.00] from 70 to 71 dist[1.33]
Adding bndlst edge: (A_Y71_MC -> A_N75_MC) type[hb], weight[0.79] from 70 to 74 dist[2.25]
Adding bndlst edge: (A_Y71_MC -> A_N74_MC) type[hb], weight[0.46] from 70 to 73 dist[2.96]
Adding bndlst edge: (A_Y71_SC -> A_N75_SC) type[hb], weight[0.37] from 70 to 74 dist[3.29]
Adding bndlst edge: (A_Y71_SC -> A_N75_SC) type[hb], weight[0.46] from 70 to 74 dist[2.94]
Adding bndlst edge: (A_Y71_SC -> A_N75_SC) type[hb], weight[0.36] from 70 to 74 dist[3.31]
Adding bndlst edge: (A_Y71_SC -> A_D142_SC) type[hb], weight[0.49] from 70 to 141 dist[2.86]
Adding bndlst edge: (A_L72_MC -> A_W73_MC) type[cov], weight[1.00] from 71 to 72 dist[1.34]
Adding bndlst edge: (A_L72_MC -> A_I76_MC) type[hb], weight[1.06] from 71 to 75 dist[1.95]
Adding bndlst edge: (A_L72_MC -> A_N75_MC) type[hb], weight[0.59] from 71 to 74 dist[2.60]
Adding bndlst edge: (A_W73_MC -> A_N74_MC) type[cov], weight[1.00] from 72 to 73 dist[1.34]
Adding bndlst edge: (A_W73_MC -> A_K77_MC) type[hb], weight[1.07] from 72 to 76 dist[1.93]
Adding bndlst edge: (A_W73_MC -> A_I76_MC) type[hb], weight[0.55] from 72 to 75 dist[2.69]
Adding bndlst edge: (A_N74_MC -> A_N75_MC) type[cov], weight[1.00] from 73 to 74 dist[1.34]
Adding bndlst edge: (A_N74_MC -> A_K78_MC) type[hb], weight[0.80] from 73 to 77 dist[2.24]
Adding bndlst edge: (A_N75_MC -> A_I76_MC) type[cov], weight[1.00] from 74 to 75 dist[1.34]
Adding bndlst edge: (A_N75_MC -> A_K78_MC) type[hb], weight[0.57] from 74 to 77 dist[2.65]
Adding bndlst edge: (A_N75_MC -> A_W79_MC) type[hb], weight[1.12] from 74 to 78 dist[1.89]
Adding bndlst edge: (A_N75_SC -> A_K78_SC) type[hb], weight[0.52] from 74 to 77 dist[2.78]
Adding bndlst edge: (A_I76_MC -> A_K77_MC) type[cov], weight[1.00] from 75 to 76 dist[1.33]
Adding bndlst edge: (A_I76_MC -> A_Q80_MC) type[hb], weight[1.14] from 75 to 79 dist[1.87]
Adding bndlst edge: (A_I76_MC -> A_W79_MC) type[hb], weight[0.57] from 75 to 78 dist[2.66]
Adding bndlst edge: (A_K77_MC -> A_K78_MC) type[cov], weight[1.00] from 76 to 77 dist[1.34]
Adding bndlst edge: (A_K77_MC -> A_A81_MC) type[hb], weight[0.76] from 76 to 80 dist[2.29]
Adding bndlst edge: (A_K77_MC -> A_Q80_MC) type[hb], weight[0.47] from 76 to 79 dist[2.92]
Adding bndlst edge: (A_K78_MC -> A_W79_MC) type[cov], weight[1.00] from 77 to 78 dist[1.32]
Adding bndlst edge: (A_K78_MC -> A_I82_MC) type[hb], weight[0.70] from 77 to 81 dist[2.40]
Adding bndlst edge: (A_K78_MC -> A_A81_MC) type[hb], weight[0.56] from 77 to 80 dist[2.67]
Adding bndlst edge: (A_W79_MC -> A_Q80_MC) type[cov], weight[1.00] from 78 to 79 dist[1.33]
Adding bndlst edge: (A_W79_MC -> A_Y83_MC) type[hb], weight[1.14] from 78 to 82 dist[1.88]
Adding bndlst edge: (A_W79_MC -> A_I82_MC) type[hb], weight[0.62] from 78 to 81 dist[2.54]
Adding bndlst edge: (A_Q80_MC -> A_A81_MC) type[cov], weight[1.00] from 79 to 80 dist[1.33]
Adding bndlst edge: (A_Q80_MC -> A_K84_MC) type[hb], weight[0.82] from 79 to 83 dist[2.21]
Adding bndlst edge: (A_Q80_MC -> A_Y83_MC) type[hb], weight[0.55] from 79 to 82 dist[2.71]
Adding bndlst edge: (A_A81_MC -> A_I82_MC) type[cov], weight[1.00] from 80 to 81 dist[1.33]
Adding bndlst edge: (A_A81_MC -> A_Q85_MC) type[hb], weight[0.93] from 80 to 84 dist[2.07]
Adding bndlst edge: (A_A81_MC -> A_K84_MC) type[hb], weight[0.57] from 80 to 83 dist[2.66]
Adding bndlst edge: (A_I82_MC -> A_Y83_MC) type[cov], weight[1.00] from 81 to 82 dist[1.33]
Adding bndlst edge: (A_I82_MC -> A_Q85_MC) type[hb], weight[0.61] from 81 to 84 dist[2.56]
Adding bndlst edge: (A_I82_MC -> A_F86_MC) type[hb], weight[1.05] from 81 to 85 dist[1.96]
Adding bndlst edge: (A_Y83_MC -> A_K84_MC) type[cov], weight[1.00] from 82 to 83 dist[1.32]
Adding bndlst edge: (A_Y83_MC -> A_D87_MC) type[hb], weight[0.70] from 82 to 86 dist[2.40]
Adding bndlst edge: (A_Y83_MC -> A_F86_MC) type[hb], weight[0.52] from 82 to 85 dist[2.78]
Adding bndlst edge: (A_Y83_SC -> A_F131_MC) type[hb], weight[0.51] from 82 to 130 dist[2.80]
Adding bndlst edge: (A_Y83_SC -> A_G92_MC) type[hb], weight[1.26] from 82 to 91 dist[1.78]
Adding bndlst edge: (A_K84_MC -> A_Q85_MC) type[cov], weight[1.00] from 83 to 84 dist[1.33]
Adding bndlst edge: (A_K84_MC -> A_D87_MC) type[hb], weight[0.64] from 83 to 86 dist[2.49]
Adding bndlst edge: (A_Q85_MC -> A_F86_MC) type[cov], weight[1.00] from 84 to 85 dist[1.33]
Adding bndlst edge: (A_F86_MC -> A_D87_MC) type[cov], weight[1.00] from 85 to 86 dist[1.34]
Adding bndlst edge: (A_F86_MC -> A_V88_MC) type[hb], weight[0.74] from 85 to 87 dist[2.33]
Adding bndlst edge: (A_D87_MC -> A_V88_MC) type[cov], weight[1.00] from 86 to 87 dist[1.33]
Adding bndlst edge: (A_D87_MC -> A_R90_MC) type[hb], weight[0.80] from 86 to 89 dist[2.23]
Adding bndlst edge: (A_D87_MC -> A_R90_SC) type[hb], weight[0.50] from 86 to 89 dist[2.83]
Adding bndlst edge: (A_D87_SC -> A_G92_MC) type[hb], weight[0.49] from 86 to 91 dist[2.87]
Adding bndlst edge: (A_D87_SC -> A_S91_MC) type[hb], weight[0.94] from 86 to 90 dist[2.06]
Adding bndlst edge: (A_D87_SC -> A_G92_MC) type[hb], weight[0.99] from 86 to 91 dist[2.01]
Adding bndlst edge: (A_V88_MC -> A_D89_MC) type[cov], weight[1.00] from 87 to 88 dist[1.32]
Adding bndlst edge: (A_D89_MC -> A_R90_MC) type[cov], weight[1.00] from 88 to 89 dist[1.34]
Adding bndlst edge: (A_D89_SC -> A_S91_MC) type[hb], weight[0.65] from 88 to 90 dist[2.47]
Adding bndlst edge: (A_R90_MC -> A_S91_MC) type[cov], weight[1.00] from 89 to 90 dist[1.32]
Adding bndlst edge: (A_S91_MC -> A_G92_MC) type[cov], weight[1.00] from 90 to 91 dist[1.33]
Adding bndlst edge: (A_S91_SC -> A_T93_MC) type[hb], weight[0.75] from 90 to 92 dist[2.30]
Adding bndlst edge: (A_S91_SC -> A_T93_SC) type[hb], weight[0.72] from 90 to 92 dist[2.35]
Adding bndlst edge: (A_G92_MC -> A_T93_MC) type[cov], weight[1.00] from 91 to 92 dist[1.34]
Adding bndlst edge: (A_T93_MC -> A_I94_MC) type[cov], weight[1.00] from 92 to 93 dist[1.33]
Adding bndlst edge: (A_I94_MC -> A_G95_MC) type[cov], weight[1.00] from 93 to 94 dist[1.32]
Adding bndlst edge: (A_I94_MC -> A_M129_MC) type[hb], weight[1.09] from 93 to 128 dist[1.91]
Adding bndlst edge: (A_I94_MC -> A_M129_MC) type[hb], weight[1.10] from 93 to 128 dist[1.91]
Adding bndlst edge: (A_G95_MC -> A_S96_MC) type[cov], weight[1.00] from 94 to 95 dist[1.32]
Adding bndlst edge: (A_G95_MC -> A_L99_MC) type[hb], weight[0.73] from 94 to 98 dist[2.33]
Adding bndlst edge: (A_G95_MC -> A_E98_MC) type[hb], weight[0.83] from 94 to 97 dist[2.20]
Adding bndlst edge: (A_S96_MC -> A_S97_MC) type[cov], weight[1.00] from 95 to 96 dist[1.33]
Adding bndlst edge: (A_S96_MC -> A_L99_MC) type[hb], weight[0.57] from 95 to 98 dist[2.65]
Adding bndlst edge: (A_S96_MC -> A_N128_SC) type[hb], weight[0.88] from 95 to 127 dist[2.13]
Adding bndlst edge: (A_S97_MC -> A_E98_MC) type[cov], weight[1.00] from 96 to 97 dist[1.34]
Adding bndlst edge: (A_S97_SC -> A_E98_SC) type[hb], weight[1.34] from 96 to 97 dist[1.73]
Adding bndlst edge: (A_E98_MC -> A_L99_MC) type[cov], weight[1.00] from 97 to 98 dist[1.34]
Adding bndlst edge: (A_E98_MC -> A_G101_MC) type[hb], weight[0.58] from 97 to 100 dist[2.63]
Adding bndlst edge: (A_E98_MC -> A_A102_MC) type[hb], weight[0.83] from 97 to 101 dist[2.20]
Adding bndlst edge: (A_L99_MC -> A_P100_MC) type[cov], weight[1.00] from 98 to 99 dist[1.35]
Adding bndlst edge: (A_L99_MC -> A_F103_MC) type[hb], weight[0.93] from 98 to 102 dist[2.07]
Adding bndlst edge: (A_L99_MC -> A_A102_MC) type[hb], weight[0.62] from 98 to 101 dist[2.55]
Adding bndlst edge: (A_P100_MC -> A_G101_MC) type[cov], weight[1.00] from 99 to 100 dist[1.32]
Adding bndlst edge: (A_P100_MC -> A_F103_MC) type[hb], weight[0.55] from 99 to 102 dist[2.70]
Adding bndlst edge: (A_P100_MC -> A_E104_MC) type[hb], weight[0.80] from 99 to 103 dist[2.24]
Adding bndlst edge: (A_G101_MC -> A_A102_MC) type[cov], weight[1.00] from 100 to 101 dist[1.33]
Adding bndlst edge: (A_G101_MC -> A_A105_MC) type[hb], weight[1.05] from 100 to 104 dist[1.95]
Adding bndlst edge: (A_A102_MC -> A_F103_MC) type[cov], weight[1.00] from 101 to 102 dist[1.32]
Adding bndlst edge: (A_A102_MC -> A_A106_MC) type[hb], weight[0.77] from 101 to 105 dist[2.28]
Adding bndlst edge: (A_A102_MC -> A_A105_MC) type[hb], weight[0.48] from 101 to 104 dist[2.89]
Adding bndlst edge: (A_F103_MC -> A_E104_MC) type[cov], weight[1.00] from 102 to 103 dist[1.34]
Adding bndlst edge: (A_F103_MC -> A_A106_MC) type[hb], weight[0.76] from 102 to 105 dist[2.29]
Adding bndlst edge: (A_F103_MC -> A_G107_MC) type[hb], weight[0.53] from 102 to 106 dist[2.74]
Adding bndlst edge: (A_F103_MC -> A_F108_MC) type[hb], weight[1.15] from 102 to 107 dist[1.86]
Adding bndlst edge: (A_F103_SC -> A_C137_SC) type[hb], weight[0.57] from 102 to 136 dist[2.65]
Adding bndlst edge: (A_F103_SC -> A_C137_SC) type[hb], weight[0.54] from 102 to 136 dist[2.72]
Adding bndlst edge: (A_E104_MC -> A_A105_MC) type[cov], weight[1.00] from 103 to 104 dist[1.34]
Adding bndlst edge: (A_E104_MC -> A_G107_MC) type[hb], weight[1.30] from 103 to 106 dist[1.75]
Adding bndlst edge: (A_E104_SC -> A_H109_SC) type[hb], weight[1.40] from 103 to 108 dist[1.69]
Adding bndlst edge: (A_A105_MC -> A_A106_MC) type[cov], weight[1.00] from 104 to 105 dist[1.33]
Adding bndlst edge: (A_A106_MC -> A_G107_MC) type[cov], weight[1.00] from 105 to 106 dist[1.33]
Adding bndlst edge: (A_G107_MC -> A_F108_MC) type[cov], weight[1.00] from 106 to 107 dist[1.32]
Adding bndlst edge: (A_F108_MC -> A_H109_MC) type[cov], weight[1.00] from 107 to 108 dist[1.33]
Adding bndlst edge: (A_H109_MC -> A_L110_MC) type[cov], weight[1.00] from 108 to 109 dist[1.32]
Adding bndlst edge: (A_L110_MC -> A_N111_MC) type[cov], weight[1.00] from 109 to 110 dist[1.32]
Adding bndlst edge: (A_N111_MC -> A_E112_MC) type[cov], weight[1.00] from 110 to 111 dist[1.33]
Adding bndlst edge: (A_N111_MC -> A_Y115_MC) type[hb], weight[1.04] from 110 to 114 dist[1.96]
Adding bndlst edge: (A_N111_MC -> A_L114_MC) type[hb], weight[0.56] from 110 to 113 dist[2.66]
Adding bndlst edge: (A_N111_SC -> A_L114_MC) type[hb], weight[1.05] from 110 to 113 dist[1.95]
Adding bndlst edge: (A_N111_SC -> A_H113_MC) type[hb], weight[0.59] from 110 to 112 dist[2.59]
Adding bndlst edge: (A_E112_MC -> A_H113_MC) type[cov], weight[1.00] from 111 to 112 dist[1.33]
Adding bndlst edge: (A_E112_MC -> A_S116_MC) type[hb], weight[1.28] from 111 to 115 dist[1.77]
Adding bndlst edge: (A_E112_MC -> A_S116_SC) type[hb], weight[0.77] from 111 to 115 dist[2.28]
Adding bndlst edge: (A_H113_MC -> A_L114_MC) type[cov], weight[1.00] from 112 to 113 dist[1.33]
Adding bndlst edge: (A_H113_MC -> A_M117_MC) type[hb], weight[0.87] from 112 to 116 dist[2.15]
Adding bndlst edge: (A_H113_MC -> A_S116_MC) type[hb], weight[0.51] from 112 to 115 dist[2.80]
Adding bndlst edge: (A_L114_MC -> A_Y115_MC) type[cov], weight[1.00] from 113 to 114 dist[1.32]
Adding bndlst edge: (A_L114_MC -> A_I118_MC) type[hb], weight[0.90] from 113 to 117 dist[2.11]
Adding bndlst edge: (A_L114_MC -> A_M117_MC) type[hb], weight[0.60] from 113 to 116 dist[2.59]
Adding bndlst edge: (A_Y115_MC -> A_S116_MC) type[cov], weight[1.00] from 114 to 115 dist[1.34]
Adding bndlst edge: (A_Y115_MC -> A_I119_MC) type[hb], weight[0.95] from 114 to 118 dist[2.05]
Adding bndlst edge: (A_Y115_MC -> A_I118_MC) type[hb], weight[0.61] from 114 to 117 dist[2.56]
Adding bndlst edge: (A_S116_MC -> A_M117_MC) type[cov], weight[1.00] from 115 to 116 dist[1.32]
Adding bndlst edge: (A_S116_MC -> A_R120_MC) type[hb], weight[0.95] from 115 to 119 dist[2.06]
Adding bndlst edge: (A_S116_MC -> A_I119_MC) type[hb], weight[0.51] from 115 to 118 dist[2.80]
Adding bndlst edge: (A_M117_MC -> A_I118_MC) type[cov], weight[1.00] from 116 to 117 dist[1.33]
Adding bndlst edge: (A_M117_MC -> A_R121_MC) type[hb], weight[0.94] from 116 to 120 dist[2.06]
Adding bndlst edge: (A_M117_MC -> A_R120_MC) type[hb], weight[0.64] from 116 to 119 dist[2.50]
Adding bndlst edge: (A_I118_MC -> A_I119_MC) type[cov], weight[1.00] from 117 to 118 dist[1.34]
Adding bndlst edge: (A_I118_MC -> A_Y122_MC) type[hb], weight[0.92] from 117 to 121 dist[2.08]
Adding bndlst edge: (A_I118_MC -> A_R121_MC) type[hb], weight[0.53] from 117 to 120 dist[2.74]
Adding bndlst edge: (A_I119_MC -> A_R120_MC) type[cov], weight[1.00] from 118 to 119 dist[1.34]
Adding bndlst edge: (A_I119_MC -> A_S123_MC) type[hb], weight[1.04] from 118 to 122 dist[1.96]
Adding bndlst edge: (A_I119_MC -> A_Y122_MC) type[hb], weight[0.52] from 118 to 121 dist[2.79]
Adding bndlst edge: (A_R120_MC -> A_R121_MC) type[cov], weight[1.00] from 119 to 120 dist[1.33]
Adding bndlst edge: (A_R121_MC -> A_Y122_MC) type[cov], weight[1.00] from 120 to 121 dist[1.33]
Adding bndlst edge: (A_Y122_MC -> A_S123_MC) type[cov], weight[1.00] from 121 to 122 dist[1.33]
Adding bndlst edge: (A_S123_MC -> A_D124_MC) type[cov], weight[1.00] from 122 to 123 dist[1.33]
Adding bndlst edge: (A_S123_SC -> A_G127_MC) type[hb], weight[0.54] from 122 to 126 dist[2.72]
Adding bndlst edge: (A_D124_MC -> A_E125_MC) type[cov], weight[1.00] from 123 to 124 dist[1.33]
Adding bndlst edge: (A_D124_MC -> A_G127_MC) type[hb], weight[1.03] from 123 to 126 dist[1.97]
Adding bndlst edge: (A_D124_SC -> A_N128_SC) type[hb], weight[0.52] from 123 to 127 dist[2.77]
Adding bndlst edge: (A_D124_SC -> A_G126_MC) type[hb], weight[0.88] from 123 to 125 dist[2.13]
Adding bndlst edge: (A_D124_SC -> A_N128_MC) type[hb], weight[1.06] from 123 to 127 dist[1.94]
Adding bndlst edge: (A_D124_SC -> A_G127_MC) type[hb], weight[0.59] from 123 to 126 dist[2.60]
Adding bndlst edge: (A_D124_MC -> A_N128_MC) type[hb], weight[1.10] from 123 to 127 dist[1.91]
Adding bndlst edge: (A_E125_MC -> A_G126_MC) type[cov], weight[1.00] from 124 to 125 dist[1.34]
Adding bndlst edge: (A_G126_MC -> A_G127_MC) type[cov], weight[1.00] from 125 to 126 dist[1.32]
Adding bndlst edge: (A_G127_MC -> A_N128_MC) type[cov], weight[1.00] from 126 to 127 dist[1.33]
Adding bndlst edge: (A_N128_MC -> A_M129_MC) type[cov], weight[1.00] from 127 to 128 dist[1.33]
Adding bndlst edge: (A_M129_MC -> A_D130_MC) type[cov], weight[1.00] from 128 to 129 dist[1.33]
Adding bndlst edge: (A_D130_MC -> A_F131_MC) type[cov], weight[1.00] from 129 to 130 dist[1.32]
Adding bndlst edge: (A_D130_MC -> A_N133_MC) type[hb], weight[0.49] from 129 to 132 dist[2.87]
Adding bndlst edge: (A_D130_MC -> A_F134_MC) type[hb], weight[0.99] from 129 to 133 dist[2.01]
Adding bndlst edge: (A_D130_SC -> A_N133_SC) type[hb], weight[0.80] from 129 to 132 dist[2.24]
Adding bndlst edge: (A_D130_SC -> A_N133_MC) type[hb], weight[0.79] from 129 to 132 dist[2.25]
Adding bndlst edge: (A_F131_MC -> A_D132_MC) type[cov], weight[1.00] from 130 to 131 dist[1.32]
Adding bndlst edge: (A_F131_MC -> A_I135_MC) type[hb], weight[0.99] from 130 to 134 dist[2.02]
Adding bndlst edge: (A_F131_MC -> A_F134_MC) type[hb], weight[0.51] from 130 to 133 dist[2.79]
Adding bndlst edge: (A_D132_MC -> A_N133_MC) type[cov], weight[1.00] from 131 to 132 dist[1.34]
Adding bndlst edge: (A_D132_MC -> A_S136_SC) type[hb], weight[1.02] from 131 to 135 dist[1.98]
Adding bndlst edge: (A_D132_MC -> A_S136_MC) type[hb], weight[1.13] from 131 to 135 dist[1.88]
Adding bndlst edge: (A_N133_MC -> A_F134_MC) type[cov], weight[1.00] from 132 to 133 dist[1.33]
Adding bndlst edge: (A_N133_MC -> A_C137_MC) type[hb], weight[1.12] from 132 to 136 dist[1.89]
Adding bndlst edge: (A_F134_MC -> A_I135_MC) type[cov], weight[1.00] from 133 to 134 dist[1.33]
Adding bndlst edge: (A_F134_MC -> A_L138_MC) type[hb], weight[1.00] from 133 to 137 dist[2.00]
Adding bndlst edge: (A_F134_MC -> A_C137_MC) type[hb], weight[0.48] from 133 to 136 dist[2.89]
Adding bndlst edge: (A_I135_MC -> A_S136_MC) type[cov], weight[1.00] from 134 to 135 dist[1.33]
Adding bndlst edge: (A_I135_MC -> A_L138_MC) type[hb], weight[0.53] from 134 to 137 dist[2.75]
Adding bndlst edge: (A_I135_MC -> A_V139_MC) type[hb], weight[1.06] from 134 to 138 dist[1.95]
Adding bndlst edge: (A_S136_MC -> A_C137_MC) type[cov], weight[1.00] from 135 to 136 dist[1.36]
Adding bndlst edge: (A_S136_MC -> A_R140_MC) type[hb], weight[0.89] from 135 to 139 dist[2.12]
Adding bndlst edge: (A_S136_SC -> A_C137_MC) type[hb], weight[0.48] from 135 to 136 dist[2.88]
Adding bndlst edge: (A_C137_MC -> A_L138_MC) type[cov], weight[1.00] from 136 to 137 dist[1.34]
Adding bndlst edge: (A_C137_MC -> A_R140_MC) type[hb], weight[0.50] from 136 to 139 dist[2.83]
Adding bndlst edge: (A_C137_MC -> A_L141_MC) type[hb], weight[1.07] from 136 to 140 dist[1.93]
Adding bndlst edge: (A_L138_MC -> A_V139_MC) type[cov], weight[1.00] from 137 to 138 dist[1.33]
Adding bndlst edge: (A_L138_MC -> A_D142_MC) type[hb], weight[1.21] from 137 to 141 dist[1.82]
Adding bndlst edge: (A_L138_MC -> A_L141_MC) type[hb], weight[0.46] from 137 to 140 dist[2.96]
Adding bndlst edge: (A_V139_MC -> A_R140_MC) type[cov], weight[1.00] from 138 to 139 dist[1.32]
Adding bndlst edge: (A_V139_MC -> A_A143_MC) type[hb], weight[0.98] from 138 to 142 dist[2.02]
Adding bndlst edge: (A_R140_MC -> A_L141_MC) type[cov], weight[1.00] from 139 to 140 dist[1.33]
Adding bndlst edge: (A_R140_MC -> A_A143_MC) type[hb], weight[0.57] from 139 to 142 dist[2.65]
Adding bndlst edge: (A_R140_MC -> A_M144_MC) type[hb], weight[1.14] from 139 to 143 dist[1.87]
Adding bndlst edge: (A_R140_SC -> A_S173_MC) type[salt], weight[1.05] from 139 to 172 dist[1.85]
Adding bndlst edge: (A_R140_SC -> A_S173_SC) type[hb], weight[0.51] from 139 to 172 dist[2.80]
Adding bndlst edge: (A_R140_SC -> A_S173_SC) type[hb], weight[0.95] from 139 to 172 dist[2.06]
Adding bndlst edge: (A_L141_MC -> A_D142_MC) type[cov], weight[1.00] from 140 to 141 dist[1.32]
Adding bndlst edge: (A_L141_MC -> A_M144_MC) type[hb], weight[0.51] from 140 to 143 dist[2.79]
Adding bndlst edge: (A_L141_MC -> A_F145_MC) type[hb], weight[1.03] from 140 to 144 dist[1.97]
Adding bndlst edge: (A_D142_MC -> A_A143_MC) type[cov], weight[1.00] from 141 to 142 dist[1.33]
Adding bndlst edge: (A_D142_MC -> A_R146_MC) type[hb], weight[1.01] from 141 to 145 dist[1.99]
Adding bndlst edge: (A_D142_MC -> A_F145_MC) type[hb], weight[0.46] from 141 to 144 dist[2.94]
Adding bndlst edge: (A_D142_SC -> A_R146_SC) type[salt], weight[0.47] from 141 to 145 dist[2.78]
Adding bndlst edge: (A_D142_SC -> A_R146_SC) type[salt], weight[1.27] from 141 to 145 dist[1.69]
Adding bndlst edge: (A_A143_MC -> A_M144_MC) type[cov], weight[1.00] from 142 to 143 dist[1.33]
Adding bndlst edge: (A_A143_MC -> A_R146_MC) type[hb], weight[0.45] from 142 to 145 dist[2.99]
Adding bndlst edge: (A_A143_MC -> A_A147_MC) type[hb], weight[1.06] from 142 to 146 dist[1.94]
Adding bndlst edge: (A_M144_MC -> A_F145_MC) type[cov], weight[1.00] from 143 to 144 dist[1.33]
Adding bndlst edge: (A_M144_MC -> A_F148_MC) type[hb], weight[0.90] from 143 to 147 dist[2.11]
Adding bndlst edge: (A_M144_MC -> A_A147_MC) type[hb], weight[0.52] from 143 to 146 dist[2.77]
Adding bndlst edge: (A_F145_MC -> A_R146_MC) type[cov], weight[1.00] from 144 to 145 dist[1.34]
Adding bndlst edge: (A_F145_MC -> A_K149_MC) type[hb], weight[0.83] from 144 to 148 dist[2.20]
Adding bndlst edge: (A_F145_MC -> A_F148_MC) type[hb], weight[0.51] from 144 to 147 dist[2.81]
Adding bndlst edge: (A_F145_MC -> A_K149_SC) type[hb], weight[0.50] from 144 to 148 dist[2.84]
Adding bndlst edge: (A_F145_SC -> A_K149_SC) type[hb], weight[0.42] from 144 to 148 dist[3.08]
Adding bndlst edge: (A_R146_MC -> A_A147_MC) type[cov], weight[1.00] from 145 to 146 dist[1.33]
Adding bndlst edge: (A_R146_MC -> A_S150_SC) type[hb], weight[1.03] from 145 to 149 dist[1.97]
Adding bndlst edge: (A_R146_MC -> A_S150_MC) type[hb], weight[0.91] from 145 to 149 dist[2.10]
Adding bndlst edge: (A_R146_MC -> A_K149_MC) type[hb], weight[0.46] from 145 to 148 dist[2.94]
Adding bndlst edge: (A_A147_MC -> A_F148_MC) type[cov], weight[1.00] from 146 to 147 dist[1.33]
Adding bndlst edge: (A_A147_MC -> A_S150_MC) type[hb], weight[0.45] from 146 to 149 dist[2.98]
Adding bndlst edge: (A_A147_MC -> A_L151_MC) type[hb], weight[0.84] from 146 to 150 dist[2.19]
Adding bndlst edge: (A_F148_MC -> A_K149_MC) type[cov], weight[1.00] from 147 to 148 dist[1.34]
Adding bndlst edge: (A_F148_MC -> A_D152_MC) type[hb], weight[1.06] from 147 to 151 dist[1.94]
Adding bndlst edge: (A_F148_MC -> A_L151_MC) type[hb], weight[0.60] from 147 to 150 dist[2.59]
Adding bndlst edge: (A_K149_MC -> A_S150_MC) type[cov], weight[1.00] from 148 to 149 dist[1.32]
Adding bndlst edge: (A_K149_MC -> A_D152_MC) type[hb], weight[0.60] from 148 to 151 dist[2.57]
Adding bndlst edge: (A_S150_MC -> A_L151_MC) type[cov], weight[1.00] from 149 to 150 dist[1.33]
Adding bndlst edge: (A_L151_MC -> A_D152_MC) type[cov], weight[1.00] from 150 to 151 dist[1.32]
Adding bndlst edge: (A_L151_MC -> A_K153_MC) type[hb], weight[0.92] from 150 to 152 dist[2.08]
Adding bndlst edge: (A_D152_MC -> A_K153_MC) type[cov], weight[1.00] from 151 to 152 dist[1.33]
Adding bndlst edge: (A_D152_MC -> A_G155_MC) type[hb], weight[0.66] from 151 to 154 dist[2.46]
Adding bndlst edge: (A_D152_SC -> A_G155_MC) type[hb], weight[0.74] from 151 to 154 dist[2.33]
Adding bndlst edge: (A_D152_SC -> A_G157_MC) type[hb], weight[0.65] from 151 to 156 dist[2.48]
Adding bndlst edge: (A_D152_SC -> A_T156_MC) type[hb], weight[0.67] from 151 to 155 dist[2.44]
Adding bndlst edge: (A_D152_SC -> A_G157_MC) type[hb], weight[1.20] from 151 to 156 dist[1.83]
Adding bndlst edge: (A_K153_MC -> A_D154_MC) type[cov], weight[1.00] from 152 to 153 dist[1.34]
Adding bndlst edge: (A_D154_MC -> A_G155_MC) type[cov], weight[1.00] from 153 to 154 dist[1.33]
Adding bndlst edge: (A_D154_SC -> A_T156_SC) type[hb], weight[0.48] from 153 to 155 dist[2.90]
Adding bndlst edge: (A_G155_MC -> A_T156_MC) type[cov], weight[1.00] from 154 to 155 dist[1.34]
Adding bndlst edge: (A_T156_MC -> A_G157_MC) type[cov], weight[1.00] from 155 to 156 dist[1.33]
Adding bndlst edge: (A_G157_MC -> A_Q158_MC) type[cov], weight[1.00] from 156 to 157 dist[1.32]
Adding bndlst edge: (A_Q158_MC -> A_I159_MC) type[cov], weight[1.00] from 157 to 158 dist[1.32]
Adding bndlst edge: (A_I159_MC -> A_Q160_MC) type[cov], weight[1.00] from 158 to 159 dist[1.32]
Adding bndlst edge: (A_Q160_MC -> A_V161_MC) type[cov], weight[1.00] from 159 to 160 dist[1.32]
Adding bndlst edge: (A_V161_MC -> A_N162_MC) type[cov], weight[1.00] from 160 to 161 dist[1.33]
Adding bndlst edge: (A_N162_MC -> A_I163_MC) type[cov], weight[1.00] from 161 to 162 dist[1.32]
Adding bndlst edge: (A_N162_MC -> A_E165_MC) type[hb], weight[0.49] from 161 to 164 dist[2.85]
Adding bndlst edge: (A_N162_MC -> A_W166_MC) type[hb], weight[1.00] from 161 to 165 dist[2.00]
Adding bndlst edge: (A_N162_SC -> A_E165_MC) type[hb], weight[1.17] from 161 to 164 dist[1.85]
Adding bndlst edge: (A_N162_SC -> A_Q164_MC) type[hb], weight[0.54] from 161 to 163 dist[2.72]
Adding bndlst edge: (A_N162_MC -> A_E165_SC) type[hb], weight[1.42] from 161 to 164 dist[1.68]
Adding bndlst edge: (A_N162_SC -> A_E165_SC) type[hb], weight[0.45] from 161 to 164 dist[2.98]
Adding bndlst edge: (A_I163_MC -> A_Q164_MC) type[cov], weight[1.00] from 162 to 163 dist[1.34]
Adding bndlst edge: (A_I163_MC -> A_L167_MC) type[hb], weight[0.92] from 162 to 166 dist[2.08]
Adding bndlst edge: (A_I163_MC -> A_W166_MC) type[hb], weight[0.46] from 162 to 165 dist[2.94]
Adding bndlst edge: (A_Q164_MC -> A_E165_MC) type[cov], weight[1.00] from 163 to 164 dist[1.32]
Adding bndlst edge: (A_Q164_MC -> A_Q168_MC) type[hb], weight[0.99] from 163 to 167 dist[2.02]
Adding bndlst edge: (A_Q164_MC -> A_L167_MC) type[hb], weight[0.49] from 163 to 166 dist[2.85]
Adding bndlst edge: (A_E165_MC -> A_W166_MC) type[cov], weight[1.00] from 164 to 165 dist[1.33]
Adding bndlst edge: (A_E165_MC -> A_L169_MC) type[hb], weight[1.04] from 164 to 168 dist[1.96]
Adding bndlst edge: (A_E165_MC -> A_Q168_MC) type[hb], weight[0.49] from 164 to 167 dist[2.85]
Adding bndlst edge: (A_W166_MC -> A_L167_MC) type[cov], weight[1.00] from 165 to 166 dist[1.33]
Adding bndlst edge: (A_W166_MC -> A_T170_SC) type[hb], weight[1.30] from 165 to 169 dist[1.76]
Adding bndlst edge: (A_W166_MC -> A_T170_MC) type[hb], weight[1.02] from 165 to 169 dist[1.98]
Adding bndlst edge: (A_L167_MC -> A_Q168_MC) type[cov], weight[1.00] from 166 to 167 dist[1.31]
Adding bndlst edge: (A_L167_MC -> A_T170_MC) type[hb], weight[0.45] from 166 to 169 dist[2.97]
Adding bndlst edge: (A_L167_MC -> A_M171_MC) type[hb], weight[1.33] from 166 to 170 dist[1.73]
Adding bndlst edge: (A_Q168_MC -> A_L169_MC) type[cov], weight[1.00] from 167 to 168 dist[1.33]
Adding bndlst edge: (A_Q168_MC -> A_Y172_MC) type[hb], weight[1.07] from 167 to 171 dist[1.93]
Adding bndlst edge: (A_L169_MC -> A_T170_MC) type[cov], weight[1.00] from 168 to 169 dist[1.32]
Adding bndlst edge: (A_T170_MC -> A_M171_MC) type[cov], weight[1.00] from 169 to 170 dist[1.34]
Adding bndlst edge: (A_T170_MC -> A_S173_SC) type[hb], weight[1.16] from 169 to 172 dist[1.86]
Adding bndlst edge: (A_T170_SC -> A_M171_MC) type[hb], weight[0.48] from 169 to 170 dist[2.90]
Adding bndlst edge: (A_M171_MC -> A_Y172_MC) type[cov], weight[1.00] from 170 to 171 dist[1.33]
Adding bndlst edge: (A_M171_MC -> A_S173_MC) type[hb], weight[0.75] from 170 to 172 dist[2.31]
Adding bndlst edge: (A_Y172_MC -> A_S173_MC) type[cov], weight[1.00] from 171 to 172 dist[1.34]

bndlst DONE

Producing PAJEK network
printing pajek edge (A_128_ASN,A_129_MET)
printing pajek edge (A_33_VAL,A_36_HIS)
printing pajek edge (A_33_VAL,A_34_THR)
printing pajek edge (A_91_SER,A_93_THR)
printing pajek edge (A_91_SER,A_92_GLY)
printing pajek edge (A_119_ILE,A_120_ARG)
printing pajek edge (A_119_ILE,A_123_SER)
printing pajek edge (A_119_ILE,A_122_TYR)
printing pajek edge (A_72_LEU,A_75_ASN)
printing pajek edge (A_72_LEU,A_76_ILE)
printing pajek edge (A_72_LEU,A_73_TRP)
printing pajek edge (A_103_PHE,A_104_GLU)
printing pajek edge (A_103_PHE,A_137_CYS)
printing pajek edge (A_103_PHE,A_107_GLY)
printing pajek edge (A_103_PHE,A_106_ALA)
printing pajek edge (A_103_PHE,A_108_PHE)
printing pajek edge (A_19_GLU,A_61_THR)
printing pajek edge (A_19_GLU,A_20_VAL)
printing pajek edge (A_126_GLY,A_127_GLY)
printing pajek edge (A_17_ASP,A_19_GLU)
printing pajek edge (A_17_ASP,A_63_LYS)
printing pajek edge (A_17_ASP,A_18_MET)
printing pajek edge (A_45_GLY,A_46_ILE)
printing pajek edge (A_45_GLY,A_48_THR)
printing pajek edge (A_45_GLY,A_49_CYS)
printing pajek edge (A_56_MET,A_146_ARG)
printing pajek edge (A_56_MET,A_58_SER)
printing pajek edge (A_56_MET,A_57_ASP)
printing pajek edge (A_85_GLN,A_86_PHE)
printing pajek edge (A_28_ILE,A_29_LEU)
printing pajek edge (A_28_ILE,A_31_LYS)
printing pajek edge (A_28_ILE,A_32_VAL)
printing pajek edge (A_162_ASN,A_164_GLN)
printing pajek edge (A_162_ASN,A_166_TRP)
printing pajek edge (A_162_ASN,A_163_ILE)
printing pajek edge (A_162_ASN,A_165_GLU)
printing pajek edge (A_96_SER,A_128_ASN)
printing pajek edge (A_96_SER,A_99_LEU)
printing pajek edge (A_96_SER,A_97_SER)
printing pajek edge (A_58_SER,A_68_GLU)
printing pajek edge (A_58_SER,A_59_ASP)
printing pajek edge (A_21_SER,A_23_THR)
printing pajek edge (A_21_SER,A_22_ALA)
printing pajek edge (A_21_SER,A_25_LEU)
printing pajek edge (A_21_SER,A_24_GLU)
printing pajek edge (A_164_GLN,A_167_LEU)
printing pajek edge (A_164_GLN,A_165_GLU)
printing pajek edge (A_164_GLN,A_168_GLN)
printing pajek edge (A_110_LEU,A_111_ASN)
printing pajek edge (A_152_ASP,A_153_LYS)
printing pajek edge (A_152_ASP,A_156_THR)
printing pajek edge (A_152_ASP,A_155_GLY)
printing pajek edge (A_152_ASP,A_157_GLY)
printing pajek edge (A_90_ARG,A_91_SER)
printing pajek edge (A_149_LYS,A_150_SER)
printing pajek edge (A_149_LYS,A_152_ASP)
printing pajek edge (A_32_VAL,A_36_HIS)
printing pajek edge (A_32_VAL,A_33_VAL)
printing pajek edge (A_32_VAL,A_35_ARG)
printing pajek edge (A_36_HIS,A_39_LEU)
printing pajek edge (A_36_HIS,A_37_PRO)
printing pajek edge (A_36_HIS,A_38_ASP)
printing pajek edge (A_12_GLN,A_13_LEU)
printing pajek edge (A_79_TRP,A_82_ILE)
printing pajek edge (A_79_TRP,A_83_TYR)
printing pajek edge (A_79_TRP,A_80_GLN)
printing pajek edge (A_94_ILE,A_129_MET)
printing pajek edge (A_94_ILE,A_95_GLY)
printing pajek edge (A_107_GLY,A_108_PHE)
printing pajek edge (A_158_GLN,A_159_ILE)
printing pajek edge (A_66_PHE,A_70_LYS)
printing pajek edge (A_66_PHE,A_67_GLU)
printing pajek edge (A_66_PHE,A_69_PHE)
printing pajek edge (A_30_ASN,A_33_VAL)
printing pajek edge (A_30_ASN,A_34_THR)
printing pajek edge (A_30_ASN,A_31_LYS)
printing pajek edge (A_30_ASN,A_44_PHE)
printing pajek edge (A_139_VAL,A_143_ALA)
printing pajek edge (A_139_VAL,A_140_ARG)
printing pajek edge (A_115_TYR,A_119_ILE)
printing pajek edge (A_115_TYR,A_118_ILE)
printing pajek edge (A_115_TYR,A_116_SER)
printing pajek edge (A_59_ASP,A_60_THR)
printing pajek edge (A_59_ASP,A_60_THR)
printing pajek edge (A_59_ASP,A_68_GLU)
printing pajek edge (A_154_ASP,A_156_THR)
printing pajek edge (A_154_ASP,A_155_GLY)
printing pajek edge (A_16_ASP,A_17_ASP)
printing pajek edge (A_16_ASP,A_18_MET)
printing pajek edge (A_138_LEU,A_142_ASP)
printing pajek edge (A_138_LEU,A_139_VAL)
printing pajek edge (A_138_LEU,A_141_LEU)
printing pajek edge (A_82_ILE,A_85_GLN)
printing pajek edge (A_82_ILE,A_86_PHE)
printing pajek edge (A_82_ILE,A_83_TYR)
printing pajek edge (A_61_THR,A_62_GLY)
printing pajek edge (A_61_THR,A_63_LYS)
printing pajek edge (A_102_ALA,A_105_ALA)
printing pajek edge (A_102_ALA,A_103_PHE)
printing pajek edge (A_102_ALA,A_106_ALA)
printing pajek edge (A_74_ASN,A_75_ASN)
printing pajek edge (A_74_ASN,A_78_LYS)
printing pajek edge (A_87_ASP,A_88_VAL)
printing pajek edge (A_87_ASP,A_91_SER)
printing pajek edge (A_87_ASP,A_90_ARG)
printing pajek edge (A_87_ASP,A_92_GLY)
printing pajek edge (A_77_LYS,A_78_LYS)
printing pajek edge (A_77_LYS,A_81_ALA)
printing pajek edge (A_77_LYS,A_80_GLN)
printing pajek edge (A_63_LYS,A_64_LEU)
printing pajek edge (A_68_GLU,A_71_TYR)
printing pajek edge (A_68_GLU,A_72_LEU)
printing pajek edge (A_68_GLU,A_69_PHE)
printing pajek edge (A_166_TRP,A_167_LEU)
printing pajek edge (A_166_TRP,A_170_THR)
printing pajek edge (A_140_ARG,A_173_SER)
printing pajek edge (A_140_ARG,A_173_SER)
printing pajek edge (A_140_ARG,A_143_ALA)
printing pajek edge (A_140_ARG,A_141_LEU)
printing pajek edge (A_140_ARG,A_144_MET)
printing pajek edge (A_130_ASP,A_131_PHE)
printing pajek edge (A_130_ASP,A_133_ASN)
printing pajek edge (A_130_ASP,A_134_PHE)
printing pajek edge (A_3_VAL,A_7_ARG)
printing pajek edge (A_3_VAL,A_4_ARG)
printing pajek edge (A_3_VAL,A_6_PHE)
printing pajek edge (A_18_MET,A_19_GLU)
printing pajek edge (A_111_ASN,A_113_HIS)
printing pajek edge (A_111_ASN,A_115_TYR)
printing pajek edge (A_111_ASN,A_112_GLU)
printing pajek edge (A_111_ASN,A_114_LEU)
printing pajek edge (A_83_TYR,A_131_PHE)
printing pajek edge (A_83_TYR,A_86_PHE)
printing pajek edge (A_83_TYR,A_84_LYS)
printing pajek edge (A_83_TYR,A_92_GLY)
printing pajek edge (A_83_TYR,A_87_ASP)
printing pajek edge (A_148_PHE,A_152_ASP)
printing pajek edge (A_148_PHE,A_149_LYS)
printing pajek edge (A_148_PHE,A_151_LEU)
printing pajek edge (A_169_LEU,A_170_THR)
printing pajek edge (A_136_SER,A_137_CYS)
printing pajek edge (A_136_SER,A_137_CYS)
printing pajek edge (A_136_SER,A_140_ARG)
printing pajek edge (A_15_GLY,A_19_GLU)
printing pajek edge (A_15_GLY,A_18_MET)
printing pajek edge (A_15_GLY,A_16_ASP)
printing pajek edge (A_113_HIS,A_117_MET)
printing pajek edge (A_113_HIS,A_116_SER)
printing pajek edge (A_113_HIS,A_114_LEU)
printing pajek edge (A_70_LYS,A_71_TYR)
printing pajek edge (A_70_LYS,A_74_ASN)
printing pajek edge (A_146_ARG,A_150_SER)
printing pajek edge (A_146_ARG,A_149_LYS)
printing pajek edge (A_146_ARG,A_147_ALA)
printing pajek edge (A_50_ARG,A_53_VAL)
printing pajek edge (A_50_ARG,A_51_SER)
printing pajek edge (A_50_ARG,A_54_ALA)
printing pajek edge (A_25_LEU,A_28_ILE)
printing pajek edge (A_25_LEU,A_26_MET)
printing pajek edge (A_25_LEU,A_29_LEU)
printing pajek edge (A_141_LEU,A_145_PHE)
printing pajek edge (A_141_LEU,A_142_ASP)
printing pajek edge (A_141_LEU,A_144_MET)
printing pajek edge (A_125_GLU,A_126_GLY)
printing pajek edge (A_105_ALA,A_106_ALA)
printing pajek edge (A_132_ASP,A_133_ASN)
printing pajek edge (A_132_ASP,A_136_SER)
printing pajek edge (A_122_TYR,A_123_SER)
printing pajek edge (A_80_GLN,A_84_LYS)
printing pajek edge (A_80_GLN,A_81_ALA)
printing pajek edge (A_80_GLN,A_83_TYR)
printing pajek edge (A_155_GLY,A_156_THR)
printing pajek edge (A_1_GLU,A_5_GLN)
printing pajek edge (A_1_GLU,A_2_GLU)
printing pajek edge (A_1_GLU,A_4_ARG)
printing pajek edge (A_1_GLU,A_4_ARG)
printing pajek edge (A_24_GLU,A_28_ILE)
printing pajek edge (A_24_GLU,A_25_LEU)
printing pajek edge (A_24_GLU,A_27_ASN)
printing pajek edge (A_97_SER,A_98_GLU)
printing pajek edge (A_97_SER,A_98_GLU)
printing pajek edge (A_127_GLY,A_128_ASN)
printing pajek edge (A_160_GLN,A_161_VAL)
printing pajek edge (A_161_VAL,A_162_ASN)
printing pajek edge (A_48_THR,A_51_SER)
printing pajek edge (A_48_THR,A_52_MET)
printing pajek edge (A_48_THR,A_49_CYS)
printing pajek edge (A_9_LEU,A_12_GLN)
printing pajek edge (A_9_LEU,A_10_PHE)
printing pajek edge (A_9_LEU,A_13_LEU)
printing pajek edge (A_99_LEU,A_100_PRO)
printing pajek edge (A_99_LEU,A_102_ALA)
printing pajek edge (A_99_LEU,A_103_PHE)
printing pajek edge (A_38_ASP,A_39_LEU)
printing pajek edge (A_38_ASP,A_84_LYS)
printing pajek edge (A_118_ILE,A_121_ARG)
printing pajek edge (A_118_ILE,A_119_ILE)
printing pajek edge (A_118_ILE,A_122_TYR)
printing pajek edge (A_44_PHE,A_45_GLY)
printing pajek edge (A_6_PHE,A_9_LEU)
printing pajek edge (A_6_PHE,A_7_ARG)
printing pajek edge (A_6_PHE,A_10_PHE)
printing pajek edge (A_171_MET,A_173_SER)
printing pajek edge (A_171_MET,A_172_TYR)
printing pajek edge (A_34_THR,A_36_HIS)
printing pajek edge (A_34_THR,A_35_ARG)
printing pajek edge (A_22_ALA,A_26_MET)
printing pajek edge (A_22_ALA,A_23_THR)
printing pajek edge (A_22_ALA,A_25_LEU)
printing pajek edge (A_64_LEU,A_65_GLY)
printing pajek edge (A_8_ARG,A_9_LEU)
printing pajek edge (A_8_ARG,A_12_GLN)
printing pajek edge (A_8_ARG,A_11_ALA)
printing pajek edge (A_27_ASN,A_28_ILE)
printing pajek edge (A_27_ASN,A_31_LYS)
printing pajek edge (A_27_ASN,A_30_ASN)
printing pajek edge (A_81_ALA,A_85_GLN)
printing pajek edge (A_81_ALA,A_82_ILE)
printing pajek edge (A_81_ALA,A_84_LYS)
printing pajek edge (A_120_ARG,A_121_ARG)
printing pajek edge (A_100_PRO,A_104_GLU)
printing pajek edge (A_100_PRO,A_103_PHE)
printing pajek edge (A_100_PRO,A_101_GLY)
printing pajek edge (A_163_ILE,A_164_GLN)
printing pajek edge (A_163_ILE,A_167_LEU)
printing pajek edge (A_163_ILE,A_166_TRP)
printing pajek edge (A_73_TRP,A_76_ILE)
printing pajek edge (A_73_TRP,A_74_ASN)
printing pajek edge (A_73_TRP,A_77_LYS)
printing pajek edge (A_75_ASN,A_78_LYS)
printing pajek edge (A_75_ASN,A_76_ILE)
printing pajek edge (A_75_ASN,A_79_TRP)
printing pajek edge (A_62_GLY,A_63_LYS)
printing pajek edge (A_109_HIS,A_110_LEU)
printing pajek edge (A_116_SER,A_120_ARG)
printing pajek edge (A_116_SER,A_117_MET)
printing pajek edge (A_116_SER,A_119_ILE)
printing pajek edge (A_93_THR,A_94_ILE)
printing pajek edge (A_104_GLU,A_105_ALA)
printing pajek edge (A_104_GLU,A_107_GLY)
printing pajek edge (A_104_GLU,A_109_HIS)
printing pajek edge (A_11_ALA,A_12_GLN)
printing pajek edge (A_114_LEU,A_117_MET)
printing pajek edge (A_114_LEU,A_118_ILE)
printing pajek edge (A_114_LEU,A_115_TYR)
printing pajek edge (A_153_LYS,A_154_ASP)
printing pajek edge (A_143_ALA,A_146_ARG)
printing pajek edge (A_143_ALA,A_147_ALA)
printing pajek edge (A_143_ALA,A_144_MET)
printing pajek edge (A_92_GLY,A_93_THR)
printing pajek edge (A_168_GLN,A_172_TYR)
printing pajek edge (A_168_GLN,A_169_LEU)
printing pajek edge (A_49_CYS,A_53_VAL)
printing pajek edge (A_49_CYS,A_50_ARG)
printing pajek edge (A_49_CYS,A_52_MET)
printing pajek edge (A_108_PHE,A_109_HIS)
printing pajek edge (A_88_VAL,A_89_ASP)
printing pajek edge (A_78_LYS,A_82_ILE)
printing pajek edge (A_78_LYS,A_81_ALA)
printing pajek edge (A_78_LYS,A_79_TRP)
printing pajek edge (A_134_PHE,A_138_LEU)
printing pajek edge (A_134_PHE,A_137_CYS)
printing pajek edge (A_134_PHE,A_135_ILE)
printing pajek edge (A_150_SER,A_151_LEU)
printing pajek edge (A_124_ASP,A_125_GLU)
printing pajek edge (A_124_ASP,A_128_ASN)
printing pajek edge (A_124_ASP,A_126_GLY)
printing pajek edge (A_124_ASP,A_127_GLY)
printing pajek edge (A_51_SER,A_173_SER)
printing pajek edge (A_51_SER,A_173_SER)
printing pajek edge (A_51_SER,A_54_ALA)
printing pajek edge (A_51_SER,A_52_MET)
printing pajek edge (A_51_SER,A_55_VAL)
printing pajek edge (A_40_LYS,A_131_PHE)
printing pajek edge (A_40_LYS,A_41_THR)
printing pajek edge (A_40_LYS,A_92_GLY)
printing pajek edge (A_65_GLY,A_68_GLU)
printing pajek edge (A_65_GLY,A_69_PHE)
printing pajek edge (A_65_GLY,A_66_PHE)
printing pajek edge (A_98_GLU,A_99_LEU)
printing pajek edge (A_98_GLU,A_102_ALA)
printing pajek edge (A_98_GLU,A_101_GLY)
printing pajek edge (A_13_LEU,A_14_ALA)
printing pajek edge (A_42_ASP,A_43_GLY)
printing pajek edge (A_53_VAL,A_54_ALA)
printing pajek edge (A_53_VAL,A_57_ASP)
printing pajek edge (A_53_VAL,A_56_MET)
printing pajek edge (A_57_ASP,A_60_THR)
printing pajek edge (A_57_ASP,A_61_THR)
printing pajek edge (A_57_ASP,A_58_SER)
printing pajek edge (A_57_ASP,A_62_GLY)
printing pajek edge (A_57_ASP,A_172_TYR)
printing pajek edge (A_46_ILE,A_50_ARG)
printing pajek edge (A_46_ILE,A_47_ASP)
printing pajek edge (A_46_ILE,A_49_CYS)
printing pajek edge (A_67_GLU,A_70_LYS)
printing pajek edge (A_67_GLU,A_68_GLU)
printing pajek edge (A_67_GLU,A_71_TYR)
printing pajek edge (A_20_VAL,A_64_LEU)
printing pajek edge (A_20_VAL,A_21_SER)
printing pajek edge (A_55_VAL,A_56_MET)
printing pajek edge (A_71_TYR,A_75_ASN)
printing pajek edge (A_71_TYR,A_72_LEU)
printing pajek edge (A_71_TYR,A_142_ASP)
printing pajek edge (A_71_TYR,A_74_ASN)
printing pajek edge (A_69_PHE,A_70_LYS)
printing pajek edge (A_69_PHE,A_72_LEU)
printing pajek edge (A_69_PHE,A_73_TRP)
printing pajek edge (A_167_LEU,A_171_MET)
printing pajek edge (A_167_LEU,A_170_THR)
printing pajek edge (A_167_LEU,A_168_GLN)
printing pajek edge (A_2_GLU,A_5_GLN)
printing pajek edge (A_2_GLU,A_3_VAL)
printing pajek edge (A_2_GLU,A_6_PHE)
printing pajek edge (A_137_CYS,A_138_LEU)
printing pajek edge (A_137_CYS,A_140_ARG)
printing pajek edge (A_137_CYS,A_141_LEU)
printing pajek edge (A_89_ASP,A_91_SER)
printing pajek edge (A_89_ASP,A_90_ARG)
printing pajek edge (A_117_MET,A_120_ARG)
printing pajek edge (A_117_MET,A_121_ARG)
printing pajek edge (A_117_MET,A_118_ILE)
printing pajek edge (A_145_PHE,A_148_PHE)
printing pajek edge (A_145_PHE,A_146_ARG)
printing pajek edge (A_145_PHE,A_149_LYS)
printing pajek edge (A_142_ASP,A_146_ARG)
printing pajek edge (A_142_ASP,A_146_ARG)
printing pajek edge (A_142_ASP,A_143_ALA)
printing pajek edge (A_142_ASP,A_145_PHE)
printing pajek edge (A_31_LYS,A_35_ARG)
printing pajek edge (A_31_LYS,A_32_VAL)
printing pajek edge (A_101_GLY,A_105_ALA)
printing pajek edge (A_101_GLY,A_102_ALA)
printing pajek edge (A_129_MET,A_130_ASP)
printing pajek edge (A_26_MET,A_27_ASN)
printing pajek edge (A_26_MET,A_30_ASN)
printing pajek edge (A_29_LEU,A_33_VAL)
printing pajek edge (A_29_LEU,A_32_VAL)
printing pajek edge (A_29_LEU,A_30_ASN)
printing pajek edge (A_121_ARG,A_122_TYR)
printing pajek edge (A_157_GLY,A_158_GLN)
printing pajek edge (A_135_ILE,A_138_LEU)
printing pajek edge (A_135_ILE,A_139_VAL)
printing pajek edge (A_135_ILE,A_136_SER)
printing pajek edge (A_41_THR,A_43_GLY)
printing pajek edge (A_41_THR,A_132_ASP)
printing pajek edge (A_41_THR,A_132_ASP)
printing pajek edge (A_41_THR,A_42_ASP)
printing pajek edge (A_41_THR,A_42_ASP)
printing pajek edge (A_76_ILE,A_77_LYS)
printing pajek edge (A_76_ILE,A_79_TRP)
printing pajek edge (A_76_ILE,A_80_GLN)
printing pajek edge (A_84_LYS,A_85_GLN)
printing pajek edge (A_84_LYS,A_87_ASP)
printing pajek edge (A_60_THR,A_61_THR)
printing pajek edge (A_151_LEU,A_153_LYS)
printing pajek edge (A_151_LEU,A_152_ASP)
printing pajek edge (A_156_THR,A_157_GLY)
printing pajek edge (A_131_PHE,A_132_ASP)
printing pajek edge (A_131_PHE,A_135_ILE)
printing pajek edge (A_131_PHE,A_134_PHE)
printing pajek edge (A_54_ALA,A_57_ASP)
printing pajek edge (A_54_ALA,A_55_VAL)
printing pajek edge (A_123_SER,A_124_ASP)
printing pajek edge (A_123_SER,A_127_GLY)
printing pajek edge (A_144_MET,A_148_PHE)
printing pajek edge (A_144_MET,A_145_PHE)
printing pajek edge (A_144_MET,A_147_ALA)
printing pajek edge (A_159_ILE,A_160_GLN)
printing pajek edge (A_43_GLY,A_44_PHE)
printing pajek edge (A_23_THR,A_27_ASN)
printing pajek edge (A_23_THR,A_24_GLU)
printing pajek edge (A_47_ASP,A_51_SER)
printing pajek edge (A_47_ASP,A_50_ARG)
printing pajek edge (A_47_ASP,A_48_THR)
printing pajek edge (A_14_ALA,A_15_GLY)
printing pajek edge (A_106_ALA,A_107_GLY)
printing pajek edge (A_7_ARG,A_8_ARG)
printing pajek edge (A_7_ARG,A_10_PHE)
printing pajek edge (A_7_ARG,A_11_ALA)
printing pajek edge (A_86_PHE,A_88_VAL)
printing pajek edge (A_86_PHE,A_87_ASP)
printing pajek edge (A_37_PRO,A_39_LEU)
printing pajek edge (A_37_PRO,A_38_ASP)
printing pajek edge (A_4_ARG,A_7_ARG)
printing pajek edge (A_4_ARG,A_5_GLN)
printing pajek edge (A_4_ARG,A_8_ARG)
printing pajek edge (A_95_GLY,A_99_LEU)
printing pajek edge (A_95_GLY,A_96_SER)
printing pajek edge (A_95_GLY,A_98_GLU)
printing pajek edge (A_147_ALA,A_150_SER)
printing pajek edge (A_147_ALA,A_148_PHE)
printing pajek edge (A_147_ALA,A_151_LEU)
printing pajek edge (A_52_MET,A_53_VAL)
printing pajek edge (A_52_MET,A_56_MET)
printing pajek edge (A_10_PHE,A_14_ALA)
printing pajek edge (A_10_PHE,A_11_ALA)
printing pajek edge (A_10_PHE,A_13_LEU)
printing pajek edge (A_112_GLU,A_113_HIS)
printing pajek edge (A_112_GLU,A_116_SER)
printing pajek edge (A_39_LEU,A_40_LYS)
printing pajek edge (A_5_GLN,A_9_LEU)
printing pajek edge (A_5_GLN,A_8_ARG)
printing pajek edge (A_5_GLN,A_6_PHE)
printing pajek edge (A_35_ARG,A_36_HIS)
printing pajek edge (A_170_THR,A_171_MET)
printing pajek edge (A_170_THR,A_171_MET)
printing pajek edge (A_170_THR,A_173_SER)
printing pajek edge (A_165_GLU,A_166_TRP)
printing pajek edge (A_165_GLU,A_168_GLN)
printing pajek edge (A_165_GLU,A_169_LEU)
printing pajek edge (A_133_ASN,A_137_CYS)
printing pajek edge (A_133_ASN,A_134_PHE)
printing pajek edge (A_172_TYR,A_173_SER)
