Graph START

Adding vertex (chain-A, position-1, res-THR)
New vertex id: 0
1 2 3 4 5 6 7 
Adding vertex (chain-A, position-2, res-SER)
New vertex id: 1
8 9 10 11 12 13 
Adding vertex (chain-A, position-3, res-TRP)
New vertex id: 2
14 15 16 17 18 19 20 21 22 23 24 25 26 27 
Adding vertex (chain-A, position-4, res-ARG)
New vertex id: 3
28 29 30 31 32 33 34 35 36 37 38 
Adding vertex (chain-A, position-5, res-SER)
New vertex id: 4
39 40 41 42 43 44 
Adding vertex (chain-A, position-6, res-GLU)
New vertex id: 5
45 46 47 48 49 50 51 52 53 
Adding vertex (chain-A, position-7, res-ALA)
New vertex id: 6
54 55 56 57 58 
Adding vertex (chain-A, position-8, res-THR)
New vertex id: 7
59 60 61 62 63 64 65 
Adding vertex (chain-A, position-9, res-PHE)
New vertex id: 8
66 67 68 69 70 71 72 73 74 75 76 
Adding vertex (chain-A, position-10, res-GLN)
New vertex id: 9
77 78 79 80 81 82 83 84 85 
Adding vertex (chain-A, position-11, res-PHE)
New vertex id: 10
86 87 88 89 90 91 92 93 94 95 96 
Adding vertex (chain-A, position-12, res-THR)
New vertex id: 11
97 98 99 100 101 102 103 
Adding vertex (chain-A, position-13, res-VAL)
New vertex id: 12
104 105 106 107 108 109 110 
Adding vertex (chain-A, position-14, res-GLU)
New vertex id: 13
111 112 113 114 115 116 117 118 119 
Adding vertex (chain-A, position-15, res-ARG)
New vertex id: 14
120 121 122 123 124 125 126 127 128 129 130 
Adding vertex (chain-A, position-16, res-PHE)
New vertex id: 15
131 132 133 134 135 136 137 138 139 140 141 
Adding vertex (chain-A, position-17, res-SER)
New vertex id: 16
142 143 144 145 146 147 
Adding vertex (chain-A, position-18, res-ARG)
New vertex id: 17
148 149 150 151 152 153 154 155 156 157 158 
Adding vertex (chain-A, position-19, res-LEU)
New vertex id: 18
159 160 161 162 163 164 165 166 
Adding vertex (chain-A, position-20, res-SER)
New vertex id: 19
167 168 169 170 171 172 
Adding vertex (chain-A, position-21, res-GLU)
New vertex id: 20
173 174 175 176 177 178 179 180 181 
Adding vertex (chain-A, position-22, res-SER)
New vertex id: 21
182 183 184 185 186 187 
Adding vertex (chain-A, position-23, res-VAL)
New vertex id: 22
188 189 190 191 192 193 194 
Adding vertex (chain-A, position-24, res-LEU)
New vertex id: 23
195 196 197 198 199 200 201 202 
Adding vertex (chain-A, position-25, res-SER)
New vertex id: 24
203 204 205 206 207 208 
Adding vertex (chain-A, position-26, res-PRO)
New vertex id: 25
209 210 211 212 213 214 215 
Adding vertex (chain-A, position-27, res-PRO)
New vertex id: 26
216 217 218 219 220 221 222 
Adding vertex (chain-A, position-28, res-CYS)
New vertex id: 27
223 224 225 226 227 228 
Adding vertex (chain-A, position-29, res-PHE)
New vertex id: 28
229 230 231 232 233 234 235 236 237 238 239 
Adding vertex (chain-A, position-30, res-VAL)
New vertex id: 29
240 241 242 243 244 245 246 
Adding vertex (chain-A, position-31, res-ARG)
New vertex id: 30
247 248 249 250 251 252 253 254 255 256 257 
Adding vertex (chain-A, position-32, res-ASN)
New vertex id: 31
258 259 260 261 262 263 264 265 
Adding vertex (chain-A, position-33, res-LEU)
New vertex id: 32
266 267 268 269 270 271 272 273 
Adding vertex (chain-A, position-34, res-PRO)
New vertex id: 33
274 275 276 277 278 279 280 
Adding vertex (chain-A, position-35, res-TRP)
New vertex id: 34
281 282 283 284 285 286 287 288 289 290 291 292 293 294 
Adding vertex (chain-A, position-36, res-LYS)
New vertex id: 35
295 296 297 298 299 300 301 302 303 
Adding vertex (chain-A, position-37, res-ILE)
New vertex id: 36
304 305 306 307 308 309 310 311 
Adding vertex (chain-A, position-38, res-MET)
New vertex id: 37
312 313 314 315 316 317 318 319 
Adding vertex (chain-A, position-39, res-VAL)
New vertex id: 38
320 321 322 323 324 325 326 
Adding vertex (chain-A, position-40, res-MET)
New vertex id: 39
327 328 329 330 331 332 333 334 
Adding vertex (chain-A, position-41, res-PRO)
New vertex id: 40
335 336 337 338 339 340 341 
Adding vertex (chain-A, position-42, res-ARG)
New vertex id: 41
342 343 344 345 346 347 348 349 350 351 352 
Adding vertex (chain-A, position-43, res-PHE)
New vertex id: 42
353 354 355 356 357 358 359 360 361 362 363 
Adding vertex (chain-A, position-44, res-GLN)
New vertex id: 43
364 365 366 367 368 369 370 371 372 
Adding vertex (chain-A, position-45, res-LYS)
New vertex id: 44
373 374 375 376 377 378 379 380 381 
Adding vertex (chain-A, position-46, res-SER)
New vertex id: 45
382 383 384 385 386 387 
Adding vertex (chain-A, position-47, res-VAL)
New vertex id: 46
388 389 390 391 392 393 394 
Adding vertex (chain-A, position-48, res-GLY)
New vertex id: 47
395 396 397 398 
Adding vertex (chain-A, position-49, res-PHE)
New vertex id: 48
399 400 401 402 403 404 405 406 407 408 409 
Adding vertex (chain-A, position-50, res-PHE)
New vertex id: 49
410 411 412 413 414 415 416 417 418 419 420 
Adding vertex (chain-A, position-51, res-LEU)
New vertex id: 50
421 422 423 424 425 426 427 428 
Adding vertex (chain-A, position-52, res-GLN)
New vertex id: 51
429 430 431 432 433 434 435 436 437 
Adding vertex (chain-A, position-53, res-CYS)
New vertex id: 52
438 439 440 441 442 443 
Adding vertex (chain-A, position-54, res-ASN)
New vertex id: 53
444 445 446 447 448 449 450 451 
Adding vertex (chain-A, position-55, res-ALA)
New vertex id: 54
452 453 454 455 456 
Adding vertex (chain-A, position-56, res-GLU)
New vertex id: 55
457 458 459 460 461 462 463 464 465 
Adding vertex (chain-A, position-57, res-SER)
New vertex id: 56
466 467 468 469 470 471 
Adding vertex (chain-A, position-58, res-ASP)
New vertex id: 57
472 473 474 475 476 477 478 479 
Adding vertex (chain-A, position-59, res-SER)
New vertex id: 58
480 481 482 483 484 485 
Adding vertex (chain-A, position-60, res-THR)
New vertex id: 59
486 487 488 489 490 491 492 
Adding vertex (chain-A, position-61, res-SER)
New vertex id: 60
493 494 495 496 497 498 
Adding vertex (chain-A, position-62, res-TRP)
New vertex id: 61
499 500 501 502 503 504 505 506 507 508 509 510 511 512 
Adding vertex (chain-A, position-63, res-SER)
New vertex id: 62
513 514 515 516 517 518 
Adding vertex (chain-A, position-64, res-CYS)
New vertex id: 63
519 520 521 522 523 524 
Adding vertex (chain-A, position-65, res-HIS)
New vertex id: 64
525 526 527 528 529 530 531 532 533 534 
Adding vertex (chain-A, position-66, res-ALA)
New vertex id: 65
535 536 537 538 539 
Adding vertex (chain-A, position-67, res-GLN)
New vertex id: 66
540 541 542 543 544 545 546 547 548 
Adding vertex (chain-A, position-68, res-ALA)
New vertex id: 67
549 550 551 552 553 
Adding vertex (chain-A, position-69, res-VAL)
New vertex id: 68
554 555 556 557 558 559 560 
Adding vertex (chain-A, position-70, res-LEU)
New vertex id: 69
561 562 563 564 565 566 567 568 
Adding vertex (chain-A, position-71, res-LYS)
New vertex id: 70
569 570 571 572 573 574 575 576 577 
Adding vertex (chain-A, position-72, res-ILE)
New vertex id: 71
578 579 580 581 582 583 584 585 
Adding vertex (chain-A, position-73, res-ILE)
New vertex id: 72
586 587 588 589 590 591 592 593 
Adding vertex (chain-A, position-74, res-ASN)
New vertex id: 73
594 595 596 597 598 599 600 601 
Adding vertex (chain-A, position-75, res-TYR)
New vertex id: 74
602 603 604 605 606 607 608 609 610 611 612 613 
Adding vertex (chain-A, position-76, res-ARG)
New vertex id: 75
614 615 616 617 618 619 620 621 622 623 624 
Adding vertex (chain-A, position-77, res-ASP)
New vertex id: 76
625 626 627 628 629 630 631 632 
Adding vertex (chain-A, position-78, res-ASP)
New vertex id: 77
633 634 635 636 637 638 639 640 
Adding vertex (chain-A, position-79, res-GLU)
New vertex id: 78
641 642 643 644 645 646 647 648 649 
Adding vertex (chain-A, position-80, res-LYS)
New vertex id: 79
650 651 652 653 654 655 656 657 658 
Adding vertex (chain-A, position-81, res-SER)
New vertex id: 80
659 660 661 662 663 664 
Adding vertex (chain-A, position-82, res-PHE)
New vertex id: 81
665 666 667 668 669 670 671 672 673 674 675 
Adding vertex (chain-A, position-83, res-SER)
New vertex id: 82
676 677 678 679 680 681 
Adding vertex (chain-A, position-84, res-ARG)
New vertex id: 83
682 683 684 685 686 687 688 689 690 691 692 
Adding vertex (chain-A, position-85, res-ARG)
New vertex id: 84
693 694 695 696 697 698 699 700 701 702 703 
Adding vertex (chain-A, position-86, res-ILE)
New vertex id: 85
704 705 706 707 708 709 710 711 
Adding vertex (chain-A, position-87, res-SER)
New vertex id: 86
712 713 714 715 716 717 
Adding vertex (chain-A, position-88, res-HIS)
New vertex id: 87
718 719 720 721 722 723 724 725 726 727 
Adding vertex (chain-A, position-89, res-LEU)
New vertex id: 88
728 729 730 731 732 733 734 735 
Adding vertex (chain-A, position-90, res-PHE)
New vertex id: 89
736 737 738 739 740 741 742 743 744 745 746 
Adding vertex (chain-A, position-91, res-PHE)
New vertex id: 90
747 748 749 750 751 752 753 754 755 756 757 
Adding vertex (chain-A, position-92, res-HIS)
New vertex id: 91
758 759 760 761 762 763 764 765 766 767 
Adding vertex (chain-A, position-93, res-LYS)
New vertex id: 92
768 769 770 771 772 773 774 775 776 
Adding vertex (chain-A, position-94, res-GLU)
New vertex id: 93
777 778 779 780 781 782 783 784 785 
Adding vertex (chain-A, position-95, res-ASN)
New vertex id: 94
786 787 788 789 790 791 792 793 
Adding vertex (chain-A, position-96, res-ASP)
New vertex id: 95
794 795 796 797 798 799 800 801 
Adding vertex (chain-A, position-97, res-TRP)
New vertex id: 96
802 803 804 805 806 807 808 809 810 811 812 813 814 815 
Adding vertex (chain-A, position-98, res-GLY)
New vertex id: 97
816 817 818 819 
Adding vertex (chain-A, position-99, res-PHE)
New vertex id: 98
820 821 822 823 824 825 826 827 828 829 830 
Adding vertex (chain-A, position-100, res-SER)
New vertex id: 99
831 832 833 834 835 836 
Adding vertex (chain-A, position-101, res-ASN)
New vertex id: 100
837 838 839 840 841 842 843 844 
Adding vertex (chain-A, position-102, res-PHE)
New vertex id: 101
845 846 847 848 849 850 851 852 853 854 855 
Adding vertex (chain-A, position-103, res-MET)
New vertex id: 102
856 857 858 859 860 861 862 863 
Adding vertex (chain-A, position-104, res-ALA)
New vertex id: 103
864 865 866 867 868 
Adding vertex (chain-A, position-105, res-TRP)
New vertex id: 104
869 870 871 872 873 874 875 876 877 878 879 880 881 882 
Adding vertex (chain-A, position-106, res-SER)
New vertex id: 105
883 884 885 886 887 888 
Adding vertex (chain-A, position-107, res-GLU)
New vertex id: 106
889 890 891 892 893 894 895 896 897 
Adding vertex (chain-A, position-108, res-VAL)
New vertex id: 107
898 899 900 901 902 903 904 
Adding vertex (chain-A, position-109, res-THR)
New vertex id: 108
905 906 907 908 909 910 911 
Adding vertex (chain-A, position-110, res-ASP)
New vertex id: 109
912 913 914 915 916 917 918 919 
Adding vertex (chain-A, position-111, res-PRO)
New vertex id: 110
920 921 922 923 924 925 926 
Adding vertex (chain-A, position-112, res-GLU)
New vertex id: 111
927 928 929 930 931 932 933 934 935 
Adding vertex (chain-A, position-113, res-LYS)
New vertex id: 112
936 937 938 939 940 941 942 943 944 
Adding vertex (chain-A, position-114, res-GLY)
New vertex id: 113
945 946 947 948 
Adding vertex (chain-A, position-115, res-PHE)
New vertex id: 114
949 950 951 952 953 954 955 956 957 958 959 
Adding vertex (chain-A, position-116, res-ILE)
New vertex id: 115
960 961 962 963 964 965 966 967 
Adding vertex (chain-A, position-117, res-ASP)
New vertex id: 116
968 969 970 971 972 973 974 975 
Adding vertex (chain-A, position-118, res-ASP)
New vertex id: 117
976 977 978 979 980 981 982 983 
Adding vertex (chain-A, position-119, res-ASP)
New vertex id: 118
984 985 986 987 988 989 990 991 
Adding vertex (chain-A, position-120, res-LYS)
New vertex id: 119
992 993 994 995 996 997 998 999 1000 
Adding vertex (chain-A, position-121, res-VAL)
New vertex id: 120
1001 1002 1003 1004 1005 1006 1007 
Adding vertex (chain-A, position-122, res-THR)
New vertex id: 121
1008 1009 1010 1011 1012 1013 1014 
Adding vertex (chain-A, position-123, res-PHE)
New vertex id: 122
1015 1016 1017 1018 1019 1020 1021 1022 1023 1024 1025 
Adding vertex (chain-A, position-124, res-GLU)
New vertex id: 123
1026 1027 1028 1029 1030 1031 1032 1033 1034 
Adding vertex (chain-A, position-125, res-VAL)
New vertex id: 124
1035 1036 1037 1038 1039 1040 1041 
Adding vertex (chain-A, position-126, res-PHE)
New vertex id: 125
1042 1043 1044 1045 1046 1047 1048 1049 1050 1051 1052 
Adding vertex (chain-A, position-127, res-VAL)
New vertex id: 126
1053 1054 1055 1056 1057 1058 1059 
Adding vertex (chain-A, position-128, res-GLN)
New vertex id: 127
1060 1061 1062 1063 1064 1065 1066 1067 1068 
Adding vertex (chain-A, position-129, res-ALA)
New vertex id: 128
1069 1070 1071 1072 1073 
Adding vertex (chain-A, position-130, res-ASP)
New vertex id: 129
1074 1075 1076 1077 1078 1079 1080 1081 
Adding vertex (chain-A, position-131, res-ALA)
New vertex id: 130
1082 1083 1084 1085 1086 
Adding vertex (chain-A, position-132, res-PRO)
New vertex id: 131
1087 1088 1089 1090 1091 1092 1093 
Adding vertex (chain-A, position-133, res-HIS)
New vertex id: 132
1094 1095 1096 1097 1098 1099 1100 1101 1102 1103 
Adding vertex (chain-A, position-134, res-GLY)
New vertex id: 133
1104 1105 1106 1107 
Adding vertex (chain-A, position-135, res-VAL)
New vertex id: 134
1108 1109 1110 1111 1112 1113 1114 
Adding vertex (chain-A, position-136, res-ALA)
New vertex id: 135
1115 1116 1117 1118 1119 
Adding vertex (chain-A, position-137, res-TRP)
New vertex id: 136
1120 1121 1122 1123 1124 1125 1126 1127 1128 1129 1130 1131 1132 1133 1134 
Graph DONE

( reduce -FLIPs 2FOJ.pdb > 2FOJ.H.pdb ) >& /dev/null
Reduce (-FLIPs) returned 0
( bndlst -Radius0.3 2FOJ.H.pdb > 2FOJ.H.bndlst ) >& /dev/null
BndLst returned 0
Parsing 2FOJ.H.bndlst

bndlst START
Adding bndlst edge: (A_T1_MC -> A_S2_MC) type[cov], weight[1.00] from 0 to 1 dist[1.33]
Adding bndlst edge: (A_T1_MC -> A_R4_MC) type[hb], weight[0.94] from 0 to 3 dist[2.06]
Adding bndlst edge: (A_T1_MC -> A_W3_MC) type[hb], weight[0.48] from 0 to 2 dist[2.90]
Adding bndlst edge: (A_T1_SC -> A_W3_MC) type[hb], weight[0.67] from 0 to 2 dist[2.44]
Adding bndlst edge: (A_S2_MC -> A_W3_MC) type[cov], weight[1.00] from 1 to 2 dist[1.33]
Adding bndlst edge: (A_S2_MC -> A_N32_MC) type[hb], weight[1.26] from 1 to 31 dist[1.78]
Adding bndlst edge: (A_S2_MC -> A_R31_MC) type[hb], weight[0.49] from 1 to 30 dist[2.85]
Adding bndlst edge: (A_S2_SC -> A_N32_SC) type[hb], weight[1.20] from 1 to 31 dist[1.82]
Adding bndlst edge: (A_W3_MC -> A_R4_MC) type[cov], weight[1.00] from 2 to 3 dist[1.33]
Adding bndlst edge: (A_W3_SC -> A_N32_SC) type[hb], weight[0.40] from 2 to 31 dist[3.17]
Adding bndlst edge: (A_W3_SC -> A_N32_SC) type[hb], weight[0.40] from 2 to 31 dist[3.16]
Adding bndlst edge: (A_R4_MC -> A_S5_MC) type[cov], weight[1.00] from 3 to 4 dist[1.33]
Adding bndlst edge: (A_R4_MC -> A_R31_MC) type[hb], weight[1.02] from 3 to 30 dist[1.98]
Adding bndlst edge: (A_R4_SC -> A_F29_MC) type[hb], weight[0.95] from 3 to 28 dist[2.05]
Adding bndlst edge: (A_R4_SC -> A_C28_SC) type[hb], weight[0.37] from 3 to 27 dist[3.31]
Adding bndlst edge: (A_S5_MC -> A_E6_MC) type[cov], weight[1.00] from 4 to 5 dist[1.33]
Adding bndlst edge: (A_S5_MC -> A_A129_MC) type[hb], weight[0.90] from 4 to 128 dist[2.11]
Adding bndlst edge: (A_E6_MC -> A_A7_MC) type[cov], weight[1.00] from 5 to 6 dist[1.33]
Adding bndlst edge: (A_A7_MC -> A_T8_MC) type[cov], weight[1.00] from 6 to 7 dist[1.33]
Adding bndlst edge: (A_A7_MC -> A_V127_MC) type[hb], weight[0.93] from 6 to 126 dist[2.08]
Adding bndlst edge: (A_A7_MC -> A_V127_MC) type[hb], weight[0.81] from 6 to 126 dist[2.23]
Adding bndlst edge: (A_T8_MC -> A_F9_MC) type[cov], weight[1.00] from 7 to 8 dist[1.33]
Adding bndlst edge: (A_F9_MC -> A_Q10_MC) type[cov], weight[1.00] from 8 to 9 dist[1.33]
Adding bndlst edge: (A_F9_MC -> A_V125_MC) type[hb], weight[0.97] from 8 to 124 dist[2.03]
Adding bndlst edge: (A_F9_SC -> A_C28_SC) type[hb], weight[0.41] from 8 to 27 dist[3.12]
Adding bndlst edge: (A_F9_SC -> A_C28_SC) type[hb], weight[0.54] from 8 to 27 dist[2.72]
Adding bndlst edge: (A_F9_MC -> A_V125_MC) type[hb], weight[0.90] from 8 to 124 dist[2.10]
Adding bndlst edge: (A_Q10_MC -> A_F11_MC) type[cov], weight[1.00] from 9 to 10 dist[1.33]
Adding bndlst edge: (A_Q10_SC -> A_E124_SC) type[hb], weight[1.19] from 9 to 123 dist[1.84]
Adding bndlst edge: (A_F11_MC -> A_T12_MC) type[cov], weight[1.00] from 10 to 11 dist[1.33]
Adding bndlst edge: (A_F11_MC -> A_F123_MC) type[hb], weight[1.12] from 10 to 122 dist[1.89]
Adding bndlst edge: (A_F11_MC -> A_F123_MC) type[hb], weight[0.99] from 10 to 122 dist[2.01]
Adding bndlst edge: (A_T12_MC -> A_V13_MC) type[cov], weight[1.00] from 11 to 12 dist[1.33]
Adding bndlst edge: (A_T12_SC -> A_T122_SC) type[hb], weight[1.15] from 11 to 121 dist[1.87]
Adding bndlst edge: (A_V13_MC -> A_E14_MC) type[cov], weight[1.00] from 12 to 13 dist[1.33]
Adding bndlst edge: (A_V13_MC -> A_V121_MC) type[hb], weight[0.87] from 12 to 120 dist[2.14]
Adding bndlst edge: (A_V13_MC -> A_V121_MC) type[hb], weight[1.13] from 12 to 120 dist[1.89]
Adding bndlst edge: (A_E14_MC -> A_R15_MC) type[cov], weight[1.00] from 13 to 14 dist[1.33]
Adding bndlst edge: (A_R15_MC -> A_F16_MC) type[cov], weight[1.00] from 14 to 15 dist[1.33]
Adding bndlst edge: (A_R15_MC -> A_R18_MC) type[hb], weight[0.92] from 14 to 17 dist[2.09]
Adding bndlst edge: (A_R15_MC -> A_D119_MC) type[hb], weight[0.58] from 14 to 118 dist[2.63]
Adding bndlst edge: (A_F16_MC -> A_S17_MC) type[cov], weight[1.00] from 15 to 16 dist[1.33]
Adding bndlst edge: (A_F16_MC -> A_L19_MC) type[hb], weight[1.08] from 15 to 18 dist[1.93]
Adding bndlst edge: (A_F16_MC -> A_R18_MC) type[hb], weight[0.50] from 15 to 17 dist[2.82]
Adding bndlst edge: (A_F16_MC -> A_D119_MC) type[hb], weight[1.10] from 15 to 118 dist[1.91]
Adding bndlst edge: (A_S17_MC -> A_R18_MC) type[cov], weight[1.00] from 16 to 17 dist[1.33]
Adding bndlst edge: (A_S17_MC -> A_D119_SC) type[hb], weight[1.12] from 16 to 118 dist[1.89]
Adding bndlst edge: (A_S17_MC -> A_D119_SC) type[hb], weight[0.55] from 16 to 118 dist[2.69]
Adding bndlst edge: (A_S17_SC -> A_D119_SC) type[hb], weight[0.68] from 16 to 118 dist[2.42]
Adding bndlst edge: (A_S17_SC -> A_D119_SC) type[hb], weight[1.20] from 16 to 118 dist[1.82]
Adding bndlst edge: (A_R18_MC -> A_L19_MC) type[cov], weight[1.00] from 17 to 18 dist[1.33]
Adding bndlst edge: (A_L19_MC -> A_S20_MC) type[cov], weight[1.00] from 18 to 19 dist[1.33]
Adding bndlst edge: (A_S20_MC -> A_E21_MC) type[cov], weight[1.00] from 19 to 20 dist[1.33]
Adding bndlst edge: (A_E21_MC -> A_S22_MC) type[cov], weight[1.00] from 20 to 21 dist[1.32]
Adding bndlst edge: (A_S22_MC -> A_V23_MC) type[cov], weight[1.00] from 21 to 22 dist[1.33]
Adding bndlst edge: (A_V23_MC -> A_L24_MC) type[cov], weight[1.00] from 22 to 23 dist[1.33]
Adding bndlst edge: (A_V23_MC -> A_V39_MC) type[hb], weight[0.95] from 22 to 38 dist[2.05]
Adding bndlst edge: (A_V23_MC -> A_V39_MC) type[hb], weight[1.20] from 22 to 38 dist[1.82]
Adding bndlst edge: (A_L24_MC -> A_S25_MC) type[cov], weight[1.00] from 23 to 24 dist[1.33]
Adding bndlst edge: (A_S25_MC -> A_P26_MC) type[cov], weight[1.00] from 24 to 25 dist[1.34]
Adding bndlst edge: (A_S25_SC -> A_I37_MC) type[hb], weight[1.12] from 24 to 36 dist[1.89]
Adding bndlst edge: (A_S25_MC -> A_I37_MC) type[hb], weight[0.91] from 24 to 36 dist[2.09]
Adding bndlst edge: (A_S25_SC -> A_P26_MC) type[hb], weight[1.07] from 24 to 25 dist[1.93]
Adding bndlst edge: (A_P26_MC -> A_P27_MC) type[cov], weight[1.00] from 25 to 26 dist[1.34]
Adding bndlst edge: (A_P27_MC -> A_C28_MC) type[cov], weight[1.00] from 26 to 27 dist[1.33]
Adding bndlst edge: (A_C28_MC -> A_F29_MC) type[cov], weight[1.00] from 27 to 28 dist[1.33]
Adding bndlst edge: (A_C28_MC -> A_W35_MC) type[hb], weight[1.03] from 27 to 34 dist[1.98]
Adding bndlst edge: (A_C28_MC -> A_W35_MC) type[hb], weight[1.07] from 27 to 34 dist[1.93]
Adding bndlst edge: (A_F29_MC -> A_V30_MC) type[cov], weight[1.00] from 28 to 29 dist[1.33]
Adding bndlst edge: (A_V30_MC -> A_R31_MC) type[cov], weight[1.00] from 29 to 30 dist[1.33]
Adding bndlst edge: (A_V30_MC -> A_W35_SC) type[hb], weight[0.99] from 29 to 34 dist[2.01]
Adding bndlst edge: (A_V30_MC -> A_L33_MC) type[hb], weight[1.02] from 29 to 32 dist[1.98]
Adding bndlst edge: (A_V30_MC -> A_L33_MC) type[hb], weight[0.85] from 29 to 32 dist[2.17]
Adding bndlst edge: (A_V30_MC -> A_W35_SC) type[hb], weight[0.45] from 29 to 34 dist[3.00]
Adding bndlst edge: (A_R31_MC -> A_N32_MC) type[cov], weight[1.00] from 30 to 31 dist[1.33]
Adding bndlst edge: (A_R31_MC -> A_L33_MC) type[hb], weight[0.45] from 30 to 32 dist[2.98]
Adding bndlst edge: (A_R31_SC -> A_A129_MC) type[hb], weight[1.34] from 30 to 128 dist[1.73]
Adding bndlst edge: (A_R31_SC -> A_A129_MC) type[hb], weight[0.66] from 30 to 128 dist[2.46]
Adding bndlst edge: (A_N32_MC -> A_L33_MC) type[cov], weight[1.00] from 31 to 32 dist[1.33]
Adding bndlst edge: (A_L33_MC -> A_P34_MC) type[cov], weight[1.00] from 32 to 33 dist[1.34]
Adding bndlst edge: (A_P34_MC -> A_W35_MC) type[cov], weight[1.00] from 33 to 34 dist[1.33]
Adding bndlst edge: (A_P34_MC -> A_N54_MC) type[hb], weight[1.07] from 33 to 53 dist[1.94]
Adding bndlst edge: (A_W35_MC -> A_K36_MC) type[cov], weight[1.00] from 34 to 35 dist[1.33]
Adding bndlst edge: (A_K36_MC -> A_I37_MC) type[cov], weight[1.00] from 35 to 36 dist[1.33]
Adding bndlst edge: (A_K36_MC -> A_Q52_MC) type[hb], weight[1.18] from 35 to 51 dist[1.84]
Adding bndlst edge: (A_K36_MC -> A_Q52_MC) type[hb], weight[1.08] from 35 to 51 dist[1.92]
Adding bndlst edge: (A_K36_SC -> A_E56_SC) type[salt], weight[0.48] from 35 to 55 dist[2.75]
Adding bndlst edge: (A_K36_SC -> A_E56_SC) type[salt], weight[1.03] from 35 to 55 dist[1.87]
Adding bndlst edge: (A_I37_MC -> A_M38_MC) type[cov], weight[1.00] from 36 to 37 dist[1.33]
Adding bndlst edge: (A_M38_MC -> A_V39_MC) type[cov], weight[1.00] from 37 to 38 dist[1.33]
Adding bndlst edge: (A_M38_MC -> A_F50_MC) type[hb], weight[1.20] from 37 to 49 dist[1.82]
Adding bndlst edge: (A_M38_MC -> A_F50_MC) type[hb], weight[1.06] from 37 to 49 dist[1.94]
Adding bndlst edge: (A_V39_MC -> A_M40_MC) type[cov], weight[1.00] from 38 to 39 dist[1.33]
Adding bndlst edge: (A_M40_MC -> A_P41_MC) type[cov], weight[1.00] from 39 to 40 dist[1.34]
Adding bndlst edge: (A_M40_MC -> A_G48_MC) type[hb], weight[1.32] from 39 to 47 dist[1.74]
Adding bndlst edge: (A_M40_SC -> A_R42_SC) type[hb], weight[0.47] from 39 to 41 dist[2.91]
Adding bndlst edge: (A_M40_MC -> A_G48_MC) type[hb], weight[0.92] from 39 to 47 dist[2.08]
Adding bndlst edge: (A_P41_MC -> A_R42_MC) type[cov], weight[1.00] from 40 to 41 dist[1.33]
Adding bndlst edge: (A_R42_MC -> A_F43_MC) type[cov], weight[1.00] from 41 to 42 dist[1.33]
Adding bndlst edge: (A_R42_MC -> A_S46_MC) type[hb], weight[1.14] from 41 to 45 dist[1.88]
Adding bndlst edge: (A_R42_MC -> A_S46_MC) type[hb], weight[1.17] from 41 to 45 dist[1.85]
Adding bndlst edge: (A_R42_SC -> A_F50_SC) type[hb], weight[0.43] from 41 to 49 dist[3.06]
Adding bndlst edge: (A_Q44_MC -> A_K45_MC) type[cov], weight[1.00] from 43 to 44 dist[1.33]
Adding bndlst edge: (A_Q44_MC -> A_S46_MC) type[hb], weight[0.86] from 43 to 45 dist[2.16]
Adding bndlst edge: (A_K45_MC -> A_S46_MC) type[cov], weight[1.00] from 44 to 45 dist[1.33]
Adding bndlst edge: (A_K45_MC -> A_W105_MC) type[hb], weight[1.31] from 44 to 104 dist[1.75]
Adding bndlst edge: (A_S46_MC -> A_V47_MC) type[cov], weight[1.00] from 45 to 46 dist[1.33]
Adding bndlst edge: (A_S46_SC -> A_S100_MC) type[hb], weight[1.02] from 45 to 99 dist[1.98]
Adding bndlst edge: (A_V47_MC -> A_G48_MC) type[cov], weight[1.00] from 46 to 47 dist[1.33]
Adding bndlst edge: (A_V47_MC -> A_F102_MC) type[hb], weight[0.90] from 46 to 101 dist[2.11]
Adding bndlst edge: (A_V47_MC -> A_M103_MC) type[hb], weight[0.46] from 46 to 102 dist[2.94]
Adding bndlst edge: (A_V47_MC -> A_M103_MC) type[hb], weight[1.10] from 46 to 102 dist[1.91]
Adding bndlst edge: (A_G48_MC -> A_F49_MC) type[cov], weight[1.00] from 47 to 48 dist[1.33]
Adding bndlst edge: (A_F49_MC -> A_F50_MC) type[cov], weight[1.00] from 48 to 49 dist[1.33]
Adding bndlst edge: (A_F49_MC -> A_F99_MC) type[hb], weight[0.95] from 48 to 98 dist[2.05]
Adding bndlst edge: (A_F49_SC -> A_F50_MC) type[hb], weight[0.36] from 48 to 49 dist[3.32]
Adding bndlst edge: (A_F49_SC -> A_K71_MC) type[hb], weight[0.37] from 48 to 70 dist[3.27]
Adding bndlst edge: (A_F49_SC -> A_K71_MC) type[hb], weight[0.37] from 48 to 70 dist[3.29]
Adding bndlst edge: (A_F49_MC -> A_F99_MC) type[hb], weight[1.01] from 48 to 98 dist[1.99]
Adding bndlst edge: (A_F50_MC -> A_L51_MC) type[cov], weight[1.00] from 49 to 50 dist[1.33]
Adding bndlst edge: (A_L51_MC -> A_Q52_MC) type[cov], weight[1.00] from 50 to 51 dist[1.33]
Adding bndlst edge: (A_L51_MC -> A_W97_MC) type[hb], weight[0.97] from 50 to 96 dist[2.03]
Adding bndlst edge: (A_L51_MC -> A_W97_MC) type[hb], weight[1.12] from 50 to 96 dist[1.89]
Adding bndlst edge: (A_Q52_MC -> A_C53_MC) type[cov], weight[1.00] from 51 to 52 dist[1.33]
Adding bndlst edge: (A_C53_MC -> A_N54_MC) type[cov], weight[1.00] from 52 to 53 dist[1.33]
Adding bndlst edge: (A_C53_MC -> A_N95_MC) type[hb], weight[1.30] from 52 to 94 dist[1.75]
Adding bndlst edge: (A_C53_SC -> A_W62_SC) type[hb], weight[0.69] from 52 to 61 dist[2.41]
Adding bndlst edge: (A_C53_SC -> A_W62_SC) type[hb], weight[0.49] from 52 to 61 dist[2.85]
Adding bndlst edge: (A_N54_MC -> A_A55_MC) type[cov], weight[1.00] from 53 to 54 dist[1.33]
Adding bndlst edge: (A_N54_MC -> A_S57_MC) type[hb], weight[0.54] from 53 to 56 dist[2.73]
Adding bndlst edge: (A_N54_SC -> A_W62_SC) type[hb], weight[0.57] from 53 to 61 dist[2.65]
Adding bndlst edge: (A_N54_SC -> A_W62_SC) type[hb], weight[0.45] from 53 to 61 dist[2.97]
Adding bndlst edge: (A_N54_SC -> A_W62_SC) type[hb], weight[0.65] from 53 to 61 dist[2.48]
Adding bndlst edge: (A_N54_SC -> A_W62_SC) type[hb], weight[0.44] from 53 to 61 dist[3.02]
Adding bndlst edge: (A_N54_SC -> A_W62_SC) type[hb], weight[0.53] from 53 to 61 dist[2.75]
Adding bndlst edge: (A_N54_SC -> A_W62_SC) type[hb], weight[0.42] from 53 to 61 dist[3.08]
Adding bndlst edge: (A_A55_MC -> A_E56_MC) type[cov], weight[1.00] from 54 to 55 dist[1.33]
Adding bndlst edge: (A_E56_MC -> A_S57_MC) type[cov], weight[1.00] from 55 to 56 dist[1.33]
Adding bndlst edge: (A_S57_MC -> A_D58_MC) type[cov], weight[1.00] from 56 to 57 dist[1.33]
Adding bndlst edge: (A_S57_SC -> A_S59_MC) type[hb], weight[0.88] from 56 to 58 dist[2.13]
Adding bndlst edge: (A_D58_MC -> A_S59_MC) type[cov], weight[1.00] from 57 to 58 dist[1.33]
Adding bndlst edge: (A_S59_MC -> A_T60_MC) type[cov], weight[1.00] from 58 to 59 dist[1.33]
Adding bndlst edge: (A_S59_MC -> A_W62_SC) type[hb], weight[0.46] from 58 to 61 dist[2.94]
Adding bndlst edge: (A_S59_SC -> A_T60_MC) type[hb], weight[0.50] from 58 to 59 dist[2.84]
Adding bndlst edge: (A_S59_SC -> A_S61_SC) type[hb], weight[0.92] from 58 to 60 dist[2.09]
Adding bndlst edge: (A_S59_SC -> A_S61_MC) type[hb], weight[0.85] from 58 to 60 dist[2.17]
Adding bndlst edge: (A_S59_SC -> A_W62_MC) type[hb], weight[0.46] from 58 to 61 dist[2.94]
Adding bndlst edge: (A_S59_SC -> A_S61_SC) type[hb], weight[0.49] from 58 to 60 dist[2.84]
Adding bndlst edge: (A_T60_MC -> A_S61_MC) type[cov], weight[1.00] from 59 to 60 dist[1.33]
Adding bndlst edge: (A_S61_MC -> A_W62_MC) type[cov], weight[1.00] from 60 to 61 dist[1.33]
Adding bndlst edge: (A_W62_MC -> A_S63_MC) type[cov], weight[1.00] from 61 to 62 dist[1.33]
Adding bndlst edge: (A_S63_MC -> A_C64_MC) type[cov], weight[1.00] from 62 to 63 dist[1.32]
Adding bndlst edge: (A_S63_MC -> A_H133_MC) type[hb], weight[1.08] from 62 to 132 dist[1.93]
Adding bndlst edge: (A_S63_MC -> A_H133_MC) type[hb], weight[0.85] from 62 to 132 dist[2.17]
Adding bndlst edge: (A_C64_MC -> A_H65_MC) type[cov], weight[1.00] from 63 to 64 dist[1.32]
Adding bndlst edge: (A_C64_MC -> A_F90_MC) type[hb], weight[1.11] from 63 to 89 dist[1.90]
Adding bndlst edge: (A_C64_MC -> A_F90_MC) type[hb], weight[1.04] from 63 to 89 dist[1.96]
Adding bndlst edge: (A_C64_SC -> A_D130_MC) type[hb], weight[0.77] from 63 to 129 dist[2.28]
Adding bndlst edge: (A_H65_MC -> A_A66_MC) type[cov], weight[1.00] from 64 to 65 dist[1.33]
Adding bndlst edge: (A_H65_MC -> A_D130_MC) type[hb], weight[1.20] from 64 to 129 dist[1.82]
Adding bndlst edge: (A_H65_SC -> A_A66_MC) type[hb], weight[0.36] from 64 to 65 dist[3.32]
Adding bndlst edge: (A_H65_SC -> A_A66_MC) type[hb], weight[0.42] from 64 to 65 dist[3.08]
Adding bndlst edge: (A_H65_SC -> A_S87_SC) type[hb], weight[0.76] from 64 to 86 dist[2.30]
Adding bndlst edge: (A_A66_MC -> A_Q67_MC) type[cov], weight[1.00] from 65 to 66 dist[1.33]
Adding bndlst edge: (A_A66_MC -> A_H88_MC) type[hb], weight[1.03] from 65 to 87 dist[1.97]
Adding bndlst edge: (A_A66_MC -> A_H88_MC) type[hb], weight[0.95] from 65 to 87 dist[2.05]
Adding bndlst edge: (A_Q67_MC -> A_A68_MC) type[cov], weight[1.00] from 66 to 67 dist[1.32]
Adding bndlst edge: (A_Q67_MC -> A_Q128_MC) type[hb], weight[1.09] from 66 to 127 dist[1.92]
Adding bndlst edge: (A_Q67_MC -> A_Q128_MC) type[hb], weight[0.92] from 66 to 127 dist[2.08]
Adding bndlst edge: (A_A68_MC -> A_V69_MC) type[cov], weight[1.00] from 67 to 68 dist[1.32]
Adding bndlst edge: (A_A68_MC -> A_I86_MC) type[hb], weight[0.99] from 67 to 85 dist[2.01]
Adding bndlst edge: (A_A68_MC -> A_I86_MC) type[hb], weight[0.98] from 67 to 85 dist[2.02]
Adding bndlst edge: (A_V69_MC -> A_L70_MC) type[cov], weight[1.00] from 68 to 69 dist[1.33]
Adding bndlst edge: (A_V69_MC -> A_F126_MC) type[hb], weight[0.88] from 68 to 125 dist[2.13]
Adding bndlst edge: (A_V69_MC -> A_F126_MC) type[hb], weight[1.02] from 68 to 125 dist[1.98]
Adding bndlst edge: (A_L70_MC -> A_K71_MC) type[cov], weight[1.00] from 69 to 70 dist[1.32]
Adding bndlst edge: (A_L70_MC -> A_R84_MC) type[hb], weight[0.98] from 69 to 83 dist[2.02]
Adding bndlst edge: (A_L70_MC -> A_R84_MC) type[hb], weight[1.09] from 69 to 83 dist[1.91]
Adding bndlst edge: (A_K71_MC -> A_I72_MC) type[cov], weight[1.00] from 70 to 71 dist[1.33]
Adding bndlst edge: (A_K71_MC -> A_E124_MC) type[hb], weight[1.21] from 70 to 123 dist[1.82]
Adding bndlst edge: (A_K71_MC -> A_E124_MC) type[hb], weight[1.25] from 70 to 123 dist[1.79]
Adding bndlst edge: (A_K71_SC -> A_E124_SC) type[salt], weight[0.56] from 70 to 123 dist[2.53]
Adding bndlst edge: (A_I72_MC -> A_I73_MC) type[cov], weight[1.00] from 71 to 72 dist[1.32]
Adding bndlst edge: (A_I72_MC -> A_F82_MC) type[hb], weight[0.81] from 71 to 81 dist[2.22]
Adding bndlst edge: (A_I72_MC -> A_F82_MC) type[hb], weight[1.17] from 71 to 81 dist[1.85]
Adding bndlst edge: (A_I73_MC -> A_N74_MC) type[cov], weight[1.00] from 72 to 73 dist[1.33]
Adding bndlst edge: (A_I73_MC -> A_T122_MC) type[hb], weight[0.95] from 72 to 121 dist[2.06]
Adding bndlst edge: (A_N74_MC -> A_Y75_MC) type[cov], weight[1.00] from 73 to 74 dist[1.33]
Adding bndlst edge: (A_N74_MC -> A_D77_MC) type[hb], weight[0.55] from 73 to 76 dist[2.69]
Adding bndlst edge: (A_N74_SC -> A_D77_MC) type[hb], weight[0.84] from 73 to 76 dist[2.18]
Adding bndlst edge: (A_N74_SC -> A_R76_MC) type[hb], weight[0.66] from 73 to 75 dist[2.46]
Adding bndlst edge: (A_N74_MC -> A_S81_SC) type[hb], weight[1.06] from 73 to 80 dist[1.94]
Adding bndlst edge: (A_N74_SC -> A_K113_MC) type[hb], weight[1.04] from 73 to 112 dist[1.96]
Adding bndlst edge: (A_N74_SC -> A_F115_SC) type[hb], weight[0.54] from 73 to 114 dist[2.71]
Adding bndlst edge: (A_N74_SC -> A_F115_SC) type[hb], weight[0.41] from 73 to 114 dist[3.12]
Adding bndlst edge: (A_N74_SC -> A_F115_SC) type[hb], weight[0.57] from 73 to 114 dist[2.65]
Adding bndlst edge: (A_N74_SC -> A_F115_SC) type[hb], weight[0.44] from 73 to 114 dist[3.01]
Adding bndlst edge: (A_Y75_MC -> A_R76_MC) type[cov], weight[1.00] from 74 to 75 dist[1.33]
Adding bndlst edge: (A_Y75_SC -> A_R76_SC) type[hb], weight[0.37] from 74 to 75 dist[3.27]
Adding bndlst edge: (A_Y75_SC -> A_R76_SC) type[hb], weight[0.46] from 74 to 75 dist[2.95]
Adding bndlst edge: (A_Y75_SC -> A_R76_SC) type[hb], weight[0.47] from 74 to 75 dist[2.91]
Adding bndlst edge: (A_Y75_SC -> A_R76_SC) type[hb], weight[0.68] from 74 to 75 dist[2.42]
Adding bndlst edge: (A_Y75_MC -> A_G114_MC) type[hb], weight[0.81] from 74 to 113 dist[2.23]
Adding bndlst edge: (A_Y75_SC -> A_I116_MC) type[hb], weight[0.48] from 74 to 115 dist[2.88]
Adding bndlst edge: (A_R76_MC -> A_D77_MC) type[cov], weight[1.00] from 75 to 76 dist[1.33]
Adding bndlst edge: (A_R76_MC -> A_G114_MC) type[hb], weight[0.52] from 75 to 113 dist[2.77]
Adding bndlst edge: (A_R76_SC -> A_E112_MC) type[hb], weight[0.57] from 75 to 111 dist[2.64]
Adding bndlst edge: (A_R76_SC -> A_P111_MC) type[hb], weight[0.61] from 75 to 110 dist[2.57]
Adding bndlst edge: (A_D77_MC -> A_D78_MC) type[cov], weight[1.00] from 76 to 77 dist[1.33]
Adding bndlst edge: (A_D77_MC -> A_K80_MC) type[hb], weight[1.13] from 76 to 79 dist[1.88]
Adding bndlst edge: (A_D77_SC -> A_E79_MC) type[hb], weight[0.88] from 76 to 78 dist[2.13]
Adding bndlst edge: (A_D78_MC -> A_E79_MC) type[cov], weight[1.00] from 77 to 78 dist[1.33]
Adding bndlst edge: (A_D78_MC -> A_S81_SC) type[hb], weight[0.49] from 77 to 80 dist[2.86]
Adding bndlst edge: (A_D78_MC -> A_S81_MC) type[hb], weight[1.02] from 77 to 80 dist[1.98]
Adding bndlst edge: (A_D78_MC -> A_K80_MC) type[hb], weight[0.46] from 77 to 79 dist[2.95]
Adding bndlst edge: (A_D78_SC -> A_S81_SC) type[hb], weight[0.92] from 77 to 80 dist[2.09]
Adding bndlst edge: (A_E79_MC -> A_K80_MC) type[cov], weight[1.00] from 78 to 79 dist[1.33]
Adding bndlst edge: (A_K80_MC -> A_S81_MC) type[cov], weight[1.00] from 79 to 80 dist[1.33]
Adding bndlst edge: (A_S81_MC -> A_F82_MC) type[cov], weight[1.00] from 80 to 81 dist[1.33]
Adding bndlst edge: (A_F82_MC -> A_S83_MC) type[cov], weight[1.00] from 81 to 82 dist[1.33]
Adding bndlst edge: (A_F82_SC -> A_S83_MC) type[hb], weight[0.36] from 81 to 82 dist[3.31]
Adding bndlst edge: (A_F82_SC -> A_R84_SC) type[hb], weight[0.41] from 81 to 83 dist[3.11]
Adding bndlst edge: (A_S83_MC -> A_R84_MC) type[cov], weight[1.00] from 82 to 83 dist[1.33]
Adding bndlst edge: (A_R84_MC -> A_R85_MC) type[cov], weight[1.00] from 83 to 84 dist[1.32]
Adding bndlst edge: (A_R84_SC -> A_F102_MC) type[hb], weight[0.98] from 83 to 101 dist[2.02]
Adding bndlst edge: (A_R84_SC -> A_F102_MC) type[hb], weight[0.83] from 83 to 101 dist[2.19]
Adding bndlst edge: (A_R85_MC -> A_I86_MC) type[cov], weight[1.00] from 84 to 85 dist[1.33]
Adding bndlst edge: (A_I86_MC -> A_S87_MC) type[cov], weight[1.00] from 85 to 86 dist[1.33]
Adding bndlst edge: (A_S87_MC -> A_H88_MC) type[cov], weight[1.00] from 86 to 87 dist[1.33]
Adding bndlst edge: (A_H88_MC -> A_L89_MC) type[cov], weight[1.00] from 87 to 88 dist[1.33]
Adding bndlst edge: (A_H88_MC -> A_F90_MC) type[hb], weight[0.45] from 87 to 89 dist[3.00]
Adding bndlst edge: (A_H88_SC -> A_L89_MC) type[hb], weight[0.44] from 87 to 88 dist[3.02]
Adding bndlst edge: (A_H88_SC -> A_L89_MC) type[hb], weight[0.50] from 87 to 88 dist[2.82]
Adding bndlst edge: (A_H88_SC -> A_F90_SC) type[hb], weight[0.60] from 87 to 89 dist[2.58]
Adding bndlst edge: (A_H88_SC -> A_F90_SC) type[hb], weight[0.51] from 87 to 89 dist[2.79]
Adding bndlst edge: (A_H88_SC -> A_F90_SC) type[hb], weight[0.58] from 87 to 89 dist[2.64]
Adding bndlst edge: (A_H88_SC -> A_F90_SC) type[hb], weight[0.48] from 87 to 89 dist[2.89]
Adding bndlst edge: (A_H88_SC -> A_F90_SC) type[hb], weight[0.54] from 87 to 89 dist[2.72]
Adding bndlst edge: (A_H88_SC -> A_F90_SC) type[hb], weight[0.47] from 87 to 89 dist[2.92]
Adding bndlst edge: (A_H88_SC -> A_E94_SC) type[hb], weight[0.96] from 87 to 93 dist[2.04]
Adding bndlst edge: (A_H88_SC -> A_W97_SC) type[hb], weight[0.36] from 87 to 96 dist[3.33]
Adding bndlst edge: (A_L89_MC -> A_F90_MC) type[cov], weight[1.00] from 88 to 89 dist[1.33]
Adding bndlst edge: (A_F90_MC -> A_F91_MC) type[cov], weight[1.00] from 89 to 90 dist[1.33]
Adding bndlst edge: (A_F91_MC -> A_H92_MC) type[cov], weight[1.00] from 90 to 91 dist[1.33]
Adding bndlst edge: (A_F91_MC -> A_E94_MC) type[hb], weight[0.88] from 90 to 93 dist[2.13]
Adding bndlst edge: (A_F91_SC -> A_K93_MC) type[hb], weight[0.39] from 90 to 92 dist[3.21]
Adding bndlst edge: (A_F91_SC -> A_H92_SC) type[hb], weight[0.40] from 90 to 91 dist[3.16]
Adding bndlst edge: (A_F91_SC -> A_K93_MC) type[hb], weight[0.59] from 90 to 92 dist[2.61]
Adding bndlst edge: (A_F91_SC -> A_K93_MC) type[hb], weight[0.47] from 90 to 92 dist[2.92]
Adding bndlst edge: (A_F91_MC -> A_E94_MC) type[hb], weight[0.67] from 90 to 93 dist[2.44]
Adding bndlst edge: (A_H92_MC -> A_K93_MC) type[cov], weight[1.00] from 91 to 92 dist[1.33]
Adding bndlst edge: (A_H92_SC -> A_K93_MC) type[hb], weight[0.41] from 91 to 92 dist[3.13]
Adding bndlst edge: (A_H92_SC -> A_K93_MC) type[hb], weight[0.40] from 91 to 92 dist[3.15]
Adding bndlst edge: (A_K93_MC -> A_E94_MC) type[cov], weight[1.00] from 92 to 93 dist[1.33]
Adding bndlst edge: (A_E94_MC -> A_N95_MC) type[cov], weight[1.00] from 93 to 94 dist[1.33]
Adding bndlst edge: (A_N95_MC -> A_D96_MC) type[cov], weight[1.00] from 94 to 95 dist[1.33]
Adding bndlst edge: (A_D96_MC -> A_W97_MC) type[cov], weight[1.00] from 95 to 96 dist[1.33]
Adding bndlst edge: (A_W97_MC -> A_G98_MC) type[cov], weight[1.00] from 96 to 97 dist[1.33]
Adding bndlst edge: (A_G98_MC -> A_F99_MC) type[cov], weight[1.00] from 97 to 98 dist[1.33]
Adding bndlst edge: (A_F99_MC -> A_S100_MC) type[cov], weight[1.00] from 98 to 99 dist[1.33]
Adding bndlst edge: (A_F99_MC -> A_F102_MC) type[hb], weight[0.45] from 98 to 101 dist[2.98]
Adding bndlst edge: (A_S100_MC -> A_N101_MC) type[cov], weight[1.00] from 99 to 100 dist[1.33]
Adding bndlst edge: (A_S100_SC -> A_N101_MC) type[hb], weight[0.49] from 99 to 100 dist[2.87]
Adding bndlst edge: (A_N101_MC -> A_F102_MC) type[cov], weight[1.00] from 100 to 101 dist[1.33]
Adding bndlst edge: (A_F102_MC -> A_M103_MC) type[cov], weight[1.00] from 101 to 102 dist[1.33]
Adding bndlst edge: (A_M103_MC -> A_A104_MC) type[cov], weight[1.00] from 102 to 103 dist[1.33]
Adding bndlst edge: (A_A104_MC -> A_W105_MC) type[cov], weight[1.00] from 103 to 104 dist[1.33]
Adding bndlst edge: (A_A104_MC -> A_V108_MC) type[hb], weight[0.83] from 103 to 107 dist[2.20]
Adding bndlst edge: (A_A104_MC -> A_E107_MC) type[hb], weight[0.66] from 103 to 106 dist[2.47]
Adding bndlst edge: (A_W105_MC -> A_S106_MC) type[cov], weight[1.00] from 104 to 105 dist[1.33]
Adding bndlst edge: (A_W105_MC -> A_T109_SC) type[hb], weight[1.24] from 104 to 108 dist[1.79]
Adding bndlst edge: (A_W105_MC -> A_T109_MC) type[hb], weight[0.90] from 104 to 108 dist[2.11]
Adding bndlst edge: (A_S106_MC -> A_E107_MC) type[cov], weight[1.00] from 105 to 106 dist[1.33]
Adding bndlst edge: (A_S106_MC -> A_D110_MC) type[hb], weight[0.50] from 105 to 109 dist[2.83]
Adding bndlst edge: (A_S106_SC -> A_E107_MC) type[hb], weight[0.49] from 105 to 106 dist[2.86]
Adding bndlst edge: (A_E107_MC -> A_V108_MC) type[cov], weight[1.00] from 106 to 107 dist[1.33]
Adding bndlst edge: (A_E107_MC -> A_D110_MC) type[hb], weight[0.82] from 106 to 109 dist[2.20]
Adding bndlst edge: (A_V108_MC -> A_T109_MC) type[cov], weight[1.00] from 107 to 108 dist[1.33]
Adding bndlst edge: (A_T109_MC -> A_D110_MC) type[cov], weight[1.00] from 108 to 109 dist[1.33]
Adding bndlst edge: (A_D110_MC -> A_P111_MC) type[cov], weight[1.00] from 109 to 110 dist[1.34]
Adding bndlst edge: (A_D110_MC -> A_K113_MC) type[hb], weight[1.05] from 109 to 112 dist[1.95]
Adding bndlst edge: (A_D110_MC -> A_E112_MC) type[hb], weight[0.47] from 109 to 111 dist[2.91]
Adding bndlst edge: (A_D110_SC -> A_E112_MC) type[hb], weight[0.96] from 109 to 111 dist[2.04]
Adding bndlst edge: (A_P111_MC -> A_E112_MC) type[cov], weight[1.00] from 110 to 111 dist[1.33]
Adding bndlst edge: (A_E112_MC -> A_K113_MC) type[cov], weight[1.00] from 111 to 112 dist[1.33]
Adding bndlst edge: (A_K113_MC -> A_G114_MC) type[cov], weight[1.00] from 112 to 113 dist[1.33]
Adding bndlst edge: (A_G114_MC -> A_F115_MC) type[cov], weight[1.00] from 113 to 114 dist[1.33]
Adding bndlst edge: (A_F115_MC -> A_I116_MC) type[cov], weight[1.00] from 114 to 115 dist[1.33]
Adding bndlst edge: (A_I116_MC -> A_D117_MC) type[cov], weight[1.00] from 115 to 116 dist[1.33]
Adding bndlst edge: (A_D117_MC -> A_D118_MC) type[cov], weight[1.00] from 116 to 117 dist[1.33]
Adding bndlst edge: (A_D117_MC -> A_K120_MC) type[hb], weight[0.92] from 116 to 119 dist[2.09]
Adding bndlst edge: (A_D117_MC -> A_K120_MC) type[hb], weight[0.83] from 116 to 119 dist[2.19]
Adding bndlst edge: (A_D118_MC -> A_D119_MC) type[cov], weight[1.00] from 117 to 118 dist[1.33]
Adding bndlst edge: (A_D119_MC -> A_K120_MC) type[cov], weight[1.00] from 118 to 119 dist[1.33]
Adding bndlst edge: (A_K120_MC -> A_V121_MC) type[cov], weight[1.00] from 119 to 120 dist[1.33]
Adding bndlst edge: (A_V121_MC -> A_T122_MC) type[cov], weight[1.00] from 120 to 121 dist[1.33]
Adding bndlst edge: (A_T122_MC -> A_F123_MC) type[cov], weight[1.00] from 121 to 122 dist[1.33]
Adding bndlst edge: (A_F123_MC -> A_E124_MC) type[cov], weight[1.00] from 122 to 123 dist[1.33]
Adding bndlst edge: (A_E124_MC -> A_V125_MC) type[cov], weight[1.00] from 123 to 124 dist[1.33]
Adding bndlst edge: (A_V125_MC -> A_F126_MC) type[cov], weight[1.00] from 124 to 125 dist[1.33]
Adding bndlst edge: (A_F126_MC -> A_V127_MC) type[cov], weight[1.00] from 125 to 126 dist[1.33]
Adding bndlst edge: (A_V127_MC -> A_Q128_MC) type[cov], weight[1.00] from 126 to 127 dist[1.33]
Adding bndlst edge: (A_Q128_MC -> A_A129_MC) type[cov], weight[1.00] from 127 to 128 dist[1.33]
Adding bndlst edge: (A_A129_MC -> A_D130_MC) type[cov], weight[1.00] from 128 to 129 dist[1.33]
Adding bndlst edge: (A_D130_MC -> A_A131_MC) type[cov], weight[1.00] from 129 to 130 dist[1.33]
Adding bndlst edge: (A_A131_MC -> A_P132_MC) type[cov], weight[1.00] from 130 to 131 dist[1.34]
Adding bndlst edge: (A_P132_MC -> A_H133_MC) type[cov], weight[1.00] from 131 to 132 dist[1.33]
Adding bndlst edge: (A_H133_MC -> A_G134_MC) type[cov], weight[1.00] from 132 to 133 dist[1.33]
Adding bndlst edge: (A_G134_MC -> A_V135_MC) type[cov], weight[1.00] from 133 to 134 dist[1.33]
Adding bndlst edge: (A_V135_MC -> A_A136_MC) type[cov], weight[1.00] from 134 to 135 dist[1.33]
Adding bndlst edge: (A_V135_MC -> A_W137_SC) type[hb], weight[0.46] from 134 to 136 dist[2.95]
Adding bndlst edge: (A_A136_MC -> A_W137_MC) type[cov], weight[1.00] from 135 to 136 dist[1.33]

bndlst DONE

Producing PAJEK network
printing pajek edge (A_128_GLN,A_129_ALA)
printing pajek edge (A_33_LEU,A_34_PRO)
printing pajek edge (A_91_PHE,A_93_LYS)
printing pajek edge (A_91_PHE,A_94_GLU)
printing pajek edge (A_91_PHE,A_92_HIS)
printing pajek edge (A_91_PHE,A_92_HIS)
printing pajek edge (A_119_ASP,A_120_LYS)
printing pajek edge (A_72_ILE,A_82_PHE)
printing pajek edge (A_72_ILE,A_73_ILE)
printing pajek edge (A_103_MET,A_104_ALA)
printing pajek edge (A_19_LEU,A_20_SER)
printing pajek edge (A_126_PHE,A_127_VAL)
printing pajek edge (A_17_SER,A_119_ASP)
printing pajek edge (A_17_SER,A_18_ARG)
printing pajek edge (A_45_LYS,A_105_TRP)
printing pajek edge (A_45_LYS,A_46_SER)
printing pajek edge (A_56_GLU,A_57_SER)
printing pajek edge (A_85_ARG,A_86_ILE)
printing pajek edge (A_28_CYS,A_35_TRP)
printing pajek edge (A_28_CYS,A_29_PHE)
printing pajek edge (A_96_ASP,A_97_TRP)
printing pajek edge (A_58_ASP,A_59_SER)
printing pajek edge (A_21_GLU,A_22_SER)
printing pajek edge (A_110_ASP,A_113_LYS)
printing pajek edge (A_110_ASP,A_112_GLU)
printing pajek edge (A_110_ASP,A_111_PRO)
printing pajek edge (A_90_PHE,A_91_PHE)
printing pajek edge (A_32_ASN,A_33_LEU)
printing pajek edge (A_36_LYS,A_37_ILE)
printing pajek edge (A_36_LYS,A_52_GLN)
printing pajek edge (A_36_LYS,A_56_GLU)
printing pajek edge (A_12_THR,A_13_VAL)
printing pajek edge (A_12_THR,A_122_THR)
printing pajek edge (A_79_GLU,A_80_LYS)
printing pajek edge (A_94_GLU,A_95_ASN)
printing pajek edge (A_107_GLU,A_110_ASP)
printing pajek edge (A_107_GLU,A_108_VAL)
printing pajek edge (A_66_ALA,A_88_HIS)
printing pajek edge (A_66_ALA,A_67_GLN)
printing pajek edge (A_30_VAL,A_33_LEU)
printing pajek edge (A_30_VAL,A_35_TRP)
printing pajek edge (A_30_VAL,A_31_ARG)
printing pajek edge (A_115_PHE,A_116_ILE)
printing pajek edge (A_59_SER,A_60_THR)
printing pajek edge (A_59_SER,A_60_THR)
printing pajek edge (A_59_SER,A_61_SER)
printing pajek edge (A_59_SER,A_62_TRP)
printing pajek edge (A_16_PHE,A_19_LEU)
printing pajek edge (A_16_PHE,A_119_ASP)
printing pajek edge (A_16_PHE,A_17_SER)
printing pajek edge (A_16_PHE,A_18_ARG)
printing pajek edge (A_82_PHE,A_84_ARG)
printing pajek edge (A_82_PHE,A_83_SER)
printing pajek edge (A_82_PHE,A_83_SER)
printing pajek edge (A_61_SER,A_62_TRP)
printing pajek edge (A_102_PHE,A_103_MET)
printing pajek edge (A_74_ASN,A_113_LYS)
printing pajek edge (A_74_ASN,A_75_TYR)
printing pajek edge (A_74_ASN,A_76_ARG)
printing pajek edge (A_74_ASN,A_115_PHE)
printing pajek edge (A_74_ASN,A_81_SER)
printing pajek edge (A_74_ASN,A_77_ASP)
printing pajek edge (A_87_SER,A_88_HIS)
printing pajek edge (A_77_ASP,A_78_ASP)
printing pajek edge (A_77_ASP,A_79_GLU)
printing pajek edge (A_77_ASP,A_80_LYS)
printing pajek edge (A_63_SER,A_64_CYS)
printing pajek edge (A_63_SER,A_133_HIS)
printing pajek edge (A_68_ALA,A_86_ILE)
printing pajek edge (A_68_ALA,A_69_VAL)
printing pajek edge (A_130_ASP,A_131_ALA)
printing pajek edge (A_3_TRP,A_4_ARG)
printing pajek edge (A_3_TRP,A_32_ASN)
printing pajek edge (A_18_ARG,A_19_LEU)
printing pajek edge (A_111_PRO,A_112_GLU)
printing pajek edge (A_83_SER,A_84_ARG)
printing pajek edge (A_136_ALA,A_137_TRP)
printing pajek edge (A_15_ARG,A_119_ASP)
printing pajek edge (A_15_ARG,A_18_ARG)
printing pajek edge (A_15_ARG,A_16_PHE)
printing pajek edge (A_113_LYS,A_114_GLY)
printing pajek edge (A_70_LEU,A_84_ARG)
printing pajek edge (A_70_LEU,A_71_LYS)
printing pajek edge (A_50_PHE,A_51_LEU)
printing pajek edge (A_25_SER,A_26_PRO)
printing pajek edge (A_25_SER,A_26_PRO)
printing pajek edge (A_25_SER,A_37_ILE)
printing pajek edge (A_125_VAL,A_126_PHE)
printing pajek edge (A_105_TRP,A_109_THR)
printing pajek edge (A_105_TRP,A_106_SER)
printing pajek edge (A_132_PRO,A_133_HIS)
printing pajek edge (A_122_THR,A_123_PHE)
printing pajek edge (A_80_LYS,A_81_SER)
printing pajek edge (A_1_THR,A_2_SER)
printing pajek edge (A_1_THR,A_4_ARG)
printing pajek edge (A_1_THR,A_3_TRP)
printing pajek edge (A_24_LEU,A_25_SER)
printing pajek edge (A_97_TRP,A_98_GLY)
printing pajek edge (A_127_VAL,A_128_GLN)
printing pajek edge (A_48_GLY,A_49_PHE)
printing pajek edge (A_9_PHE,A_28_CYS)
printing pajek edge (A_9_PHE,A_125_VAL)
printing pajek edge (A_9_PHE,A_10_GLN)
printing pajek edge (A_99_PHE,A_100_SER)
printing pajek edge (A_99_PHE,A_102_PHE)
printing pajek edge (A_38_MET,A_39_VAL)
printing pajek edge (A_38_MET,A_50_PHE)
printing pajek edge (A_118_ASP,A_119_ASP)
printing pajek edge (A_44_GLN,A_46_SER)
printing pajek edge (A_44_GLN,A_45_LYS)
printing pajek edge (A_6_GLU,A_7_ALA)
printing pajek edge (A_34_PRO,A_54_ASN)
printing pajek edge (A_34_PRO,A_35_TRP)
printing pajek edge (A_22_SER,A_23_VAL)
printing pajek edge (A_64_CYS,A_65_HIS)
printing pajek edge (A_64_CYS,A_90_PHE)
printing pajek edge (A_64_CYS,A_130_ASP)
printing pajek edge (A_8_THR,A_9_PHE)
printing pajek edge (A_27_PRO,A_28_CYS)
printing pajek edge (A_81_SER,A_82_PHE)
printing pajek edge (A_120_LYS,A_121_VAL)
printing pajek edge (A_100_SER,A_101_ASN)
printing pajek edge (A_100_SER,A_101_ASN)
printing pajek edge (A_73_ILE,A_74_ASN)
printing pajek edge (A_73_ILE,A_122_THR)
printing pajek edge (A_75_TYR,A_76_ARG)
printing pajek edge (A_75_TYR,A_76_ARG)
printing pajek edge (A_75_TYR,A_116_ILE)
printing pajek edge (A_75_TYR,A_114_GLY)
printing pajek edge (A_62_TRP,A_63_SER)
printing pajek edge (A_109_THR,A_110_ASP)
printing pajek edge (A_116_ILE,A_117_ASP)
printing pajek edge (A_93_LYS,A_94_GLU)
printing pajek edge (A_104_ALA,A_105_TRP)
printing pajek edge (A_104_ALA,A_107_GLU)
printing pajek edge (A_104_ALA,A_108_VAL)
printing pajek edge (A_11_PHE,A_12_THR)
printing pajek edge (A_11_PHE,A_123_PHE)
printing pajek edge (A_114_GLY,A_115_PHE)
printing pajek edge (A_92_HIS,A_93_LYS)
printing pajek edge (A_92_HIS,A_93_LYS)
printing pajek edge (A_49_PHE,A_99_PHE)
printing pajek edge (A_49_PHE,A_71_LYS)
printing pajek edge (A_49_PHE,A_50_PHE)
printing pajek edge (A_49_PHE,A_50_PHE)
printing pajek edge (A_108_VAL,A_109_THR)
printing pajek edge (A_88_HIS,A_94_GLU)
printing pajek edge (A_88_HIS,A_89_LEU)
printing pajek edge (A_88_HIS,A_89_LEU)
printing pajek edge (A_88_HIS,A_90_PHE)
printing pajek edge (A_88_HIS,A_97_TRP)
printing pajek edge (A_78_ASP,A_81_SER)
printing pajek edge (A_78_ASP,A_79_GLU)
printing pajek edge (A_78_ASP,A_80_LYS)
printing pajek edge (A_134_GLY,A_135_VAL)
printing pajek edge (A_124_GLU,A_125_VAL)
printing pajek edge (A_51_LEU,A_52_GLN)
printing pajek edge (A_51_LEU,A_97_TRP)
printing pajek edge (A_40_MET,A_41_PRO)
printing pajek edge (A_40_MET,A_42_ARG)
printing pajek edge (A_40_MET,A_48_GLY)
printing pajek edge (A_65_HIS,A_87_SER)
printing pajek edge (A_65_HIS,A_130_ASP)
printing pajek edge (A_65_HIS,A_66_ALA)
printing pajek edge (A_65_HIS,A_66_ALA)
printing pajek edge (A_98_GLY,A_99_PHE)
printing pajek edge (A_13_VAL,A_121_VAL)
printing pajek edge (A_13_VAL,A_14_GLU)
printing pajek edge (A_42_ARG,A_43_PHE)
printing pajek edge (A_42_ARG,A_50_PHE)
printing pajek edge (A_42_ARG,A_46_SER)
printing pajek edge (A_53_CYS,A_54_ASN)
printing pajek edge (A_53_CYS,A_62_TRP)
printing pajek edge (A_53_CYS,A_95_ASN)
printing pajek edge (A_57_SER,A_58_ASP)
printing pajek edge (A_57_SER,A_59_SER)
printing pajek edge (A_46_SER,A_100_SER)
printing pajek edge (A_46_SER,A_47_VAL)
printing pajek edge (A_67_GLN,A_128_GLN)
printing pajek edge (A_67_GLN,A_68_ALA)
printing pajek edge (A_20_SER,A_21_GLU)
printing pajek edge (A_55_ALA,A_56_GLU)
printing pajek edge (A_71_LYS,A_124_GLU)
printing pajek edge (A_71_LYS,A_124_GLU)
printing pajek edge (A_71_LYS,A_72_ILE)
printing pajek edge (A_69_VAL,A_70_LEU)
printing pajek edge (A_69_VAL,A_126_PHE)
printing pajek edge (A_2_SER,A_31_ARG)
printing pajek edge (A_2_SER,A_32_ASN)
printing pajek edge (A_2_SER,A_3_TRP)
printing pajek edge (A_89_LEU,A_90_PHE)
printing pajek edge (A_117_ASP,A_120_LYS)
printing pajek edge (A_117_ASP,A_118_ASP)
printing pajek edge (A_31_ARG,A_129_ALA)
printing pajek edge (A_31_ARG,A_33_LEU)
printing pajek edge (A_31_ARG,A_32_ASN)
printing pajek edge (A_101_ASN,A_102_PHE)
printing pajek edge (A_129_ALA,A_130_ASP)
printing pajek edge (A_26_PRO,A_27_PRO)
printing pajek edge (A_29_PHE,A_30_VAL)
printing pajek edge (A_121_VAL,A_122_THR)
printing pajek edge (A_135_VAL,A_137_TRP)
printing pajek edge (A_135_VAL,A_136_ALA)
printing pajek edge (A_41_PRO,A_42_ARG)
printing pajek edge (A_76_ARG,A_112_GLU)
printing pajek edge (A_76_ARG,A_77_ASP)
printing pajek edge (A_76_ARG,A_111_PRO)
printing pajek edge (A_76_ARG,A_114_GLY)
printing pajek edge (A_84_ARG,A_85_ARG)
printing pajek edge (A_84_ARG,A_102_PHE)
printing pajek edge (A_60_THR,A_61_SER)
printing pajek edge (A_131_ALA,A_132_PRO)
printing pajek edge (A_54_ASN,A_57_SER)
printing pajek edge (A_54_ASN,A_62_TRP)
printing pajek edge (A_54_ASN,A_55_ALA)
printing pajek edge (A_123_PHE,A_124_GLU)
printing pajek edge (A_23_VAL,A_39_VAL)
printing pajek edge (A_23_VAL,A_24_LEU)
printing pajek edge (A_47_VAL,A_103_MET)
printing pajek edge (A_47_VAL,A_102_PHE)
printing pajek edge (A_47_VAL,A_48_GLY)
printing pajek edge (A_14_GLU,A_15_ARG)
printing pajek edge (A_106_SER,A_110_ASP)
printing pajek edge (A_106_SER,A_107_GLU)
printing pajek edge (A_106_SER,A_107_GLU)
printing pajek edge (A_7_ALA,A_8_THR)
printing pajek edge (A_7_ALA,A_127_VAL)
printing pajek edge (A_86_ILE,A_87_SER)
printing pajek edge (A_37_ILE,A_38_MET)
printing pajek edge (A_4_ARG,A_28_CYS)
printing pajek edge (A_4_ARG,A_5_SER)
printing pajek edge (A_4_ARG,A_29_PHE)
printing pajek edge (A_4_ARG,A_31_ARG)
printing pajek edge (A_95_ASN,A_96_ASP)
printing pajek edge (A_52_GLN,A_53_CYS)
printing pajek edge (A_10_GLN,A_124_GLU)
printing pajek edge (A_10_GLN,A_11_PHE)
printing pajek edge (A_112_GLU,A_113_LYS)
printing pajek edge (A_39_VAL,A_40_MET)
printing pajek edge (A_5_SER,A_129_ALA)
printing pajek edge (A_5_SER,A_6_GLU)
printing pajek edge (A_35_TRP,A_36_LYS)
printing pajek edge (A_133_HIS,A_134_GLY)
