Graph START

Adding vertex (chain-A, position-1, res-ILE)
New vertex id: 0
1 2 3 4 5 6 7 8 
Adding vertex (chain-A, position-2, res-LEU)
New vertex id: 1
9 10 11 12 13 14 15 16 
Adding vertex (chain-A, position-3, res-ALA)
New vertex id: 2
17 18 19 20 21 
Adding vertex (chain-A, position-4, res-PRO)
New vertex id: 3
22 23 24 25 26 27 28 
Adding vertex (chain-A, position-5, res-LEU)
New vertex id: 4
29 30 31 32 33 34 35 36 
Adding vertex (chain-A, position-6, res-ALA)
New vertex id: 5
37 38 39 40 41 
Adding vertex (chain-A, position-7, res-PRO)
New vertex id: 6
42 43 44 45 46 47 48 
Adding vertex (chain-A, position-8, res-GLY)
New vertex id: 7
49 50 51 52 
Adding vertex (chain-A, position-9, res-SER)
New vertex id: 8
53 54 55 56 57 58 
Adding vertex (chain-A, position-10, res-GLU)
New vertex id: 9
59 60 61 62 63 64 65 66 67 
Adding vertex (chain-A, position-11, res-ASP)
New vertex id: 10
68 69 70 71 72 73 74 75 
Adding vertex (chain-A, position-12, res-ASN)
New vertex id: 11
76 77 78 79 80 81 82 83 
Adding vertex (chain-A, position-13, res-PHE)
New vertex id: 12
84 85 86 87 88 89 90 91 92 93 94 
Adding vertex (chain-A, position-14, res-ALA)
New vertex id: 13
95 96 97 98 99 
Adding vertex (chain-A, position-15, res-ARG)
New vertex id: 14
100 101 102 103 104 105 106 107 108 109 110 
Adding vertex (chain-A, position-16, res-PHE)
New vertex id: 15
111 112 113 114 115 116 117 118 119 120 121 
Adding vertex (chain-A, position-17, res-VAL)
New vertex id: 16
122 123 124 125 126 127 128 
Adding vertex (chain-A, position-18, res-CYS)
New vertex id: 17
129 130 131 132 133 134 
Adding vertex (chain-A, position-19, res-LYS)
New vertex id: 18
135 136 137 138 139 140 141 142 143 
Adding vertex (chain-A, position-20, res-ASN)
New vertex id: 19
144 145 146 147 148 149 150 151 
Adding vertex (chain-A, position-21, res-ASN)
New vertex id: 20
152 153 154 155 156 157 158 159 
Adding vertex (chain-A, position-22, res-GLY)
New vertex id: 21
160 161 162 163 
Adding vertex (chain-A, position-23, res-VAL)
New vertex id: 22
164 165 166 167 168 169 170 
Adding vertex (chain-A, position-24, res-LEU)
New vertex id: 23
171 172 173 174 175 176 177 178 
Adding vertex (chain-A, position-25, res-PHE)
New vertex id: 24
179 180 181 182 183 184 185 186 187 188 189 
Adding vertex (chain-A, position-26, res-GLU)
New vertex id: 25
190 191 192 193 194 195 196 197 198 
Adding vertex (chain-A, position-27, res-ASN)
New vertex id: 26
199 200 201 202 203 204 205 206 
Adding vertex (chain-A, position-28, res-GLN)
New vertex id: 27
207 208 209 210 211 212 213 214 215 
Adding vertex (chain-A, position-29, res-LEU)
New vertex id: 28
216 217 218 219 220 221 222 223 
Adding vertex (chain-A, position-30, res-LEU)
New vertex id: 29
224 225 226 227 228 229 230 231 
Adding vertex (chain-A, position-31, res-GLN)
New vertex id: 30
232 233 234 235 236 237 238 239 240 
Adding vertex (chain-A, position-32, res-ILE)
New vertex id: 31
241 242 243 244 245 246 247 248 
Adding vertex (chain-A, position-33, res-GLY)
New vertex id: 32
249 250 251 252 
Adding vertex (chain-A, position-34, res-LEU)
New vertex id: 33
253 254 255 256 257 258 259 260 
Adding vertex (chain-A, position-35, res-LYS)
New vertex id: 34
261 262 263 264 265 266 267 268 269 
Adding vertex (chain-A, position-36, res-SER)
New vertex id: 35
270 271 272 273 274 275 
Adding vertex (chain-A, position-37, res-GLU)
New vertex id: 36
276 277 278 279 280 281 282 283 284 
Adding vertex (chain-A, position-38, res-PHE)
New vertex id: 37
285 286 287 288 289 290 291 292 293 294 295 
Adding vertex (chain-A, position-39, res-ARG)
New vertex id: 38
296 297 298 299 300 301 302 303 304 305 306 
Adding vertex (chain-A, position-40, res-GLN)
New vertex id: 39
307 308 309 310 311 312 313 314 315 
Adding vertex (chain-A, position-41, res-ASN)
New vertex id: 40
316 317 318 319 320 321 322 323 
Adding vertex (chain-A, position-42, res-LEU)
New vertex id: 41
324 325 326 327 328 329 330 331 
Adding vertex (chain-A, position-43, res-GLY)
New vertex id: 42
332 333 334 335 
Adding vertex (chain-A, position-44, res-ARG)
New vertex id: 43
336 337 338 339 340 341 342 343 344 345 346 
Adding vertex (chain-A, position-45, res-MET)
New vertex id: 44
347 348 349 350 351 352 353 354 
Adding vertex (chain-A, position-46, res-PHE)
New vertex id: 45
355 356 357 358 359 360 361 362 363 364 365 
Adding vertex (chain-A, position-47, res-ILE)
New vertex id: 46
366 367 368 369 370 371 372 373 
Adding vertex (chain-A, position-48, res-PHE)
New vertex id: 47
374 375 376 377 378 379 380 381 382 383 384 
Adding vertex (chain-A, position-49, res-TYR)
New vertex id: 48
385 386 387 388 389 390 391 392 393 394 395 396 
Adding vertex (chain-A, position-50, res-GLY)
New vertex id: 49
397 398 399 400 
Adding vertex (chain-A, position-51, res-ASN)
New vertex id: 50
401 402 403 404 405 406 407 408 
Adding vertex (chain-A, position-52, res-LYS)
New vertex id: 51
409 410 411 412 413 414 415 416 417 
Adding vertex (chain-A, position-53, res-THR)
New vertex id: 52
418 419 420 421 422 423 424 
Adding vertex (chain-A, position-54, res-SER)
New vertex id: 53
425 426 427 428 429 430 
Adding vertex (chain-A, position-55, res-THR)
New vertex id: 54
431 432 433 434 435 436 437 
Adding vertex (chain-A, position-56, res-GLN)
New vertex id: 55
438 439 440 441 442 443 444 445 446 
Adding vertex (chain-A, position-57, res-PHE)
New vertex id: 56
447 448 449 450 451 452 453 454 455 456 457 
Adding vertex (chain-A, position-58, res-LEU)
New vertex id: 57
458 459 460 461 462 463 464 465 
Adding vertex (chain-A, position-59, res-ASN)
New vertex id: 58
466 467 468 469 470 471 472 473 
Adding vertex (chain-A, position-60, res-PHE)
New vertex id: 59
474 475 476 477 478 479 480 481 482 483 484 
Adding vertex (chain-A, position-61, res-THR)
New vertex id: 60
485 486 487 488 489 490 491 
Adding vertex (chain-A, position-62, res-PRO)
New vertex id: 61
492 493 494 495 496 497 498 
Adding vertex (chain-A, position-63, res-THR)
New vertex id: 62
499 500 501 502 503 504 505 
Adding vertex (chain-A, position-64, res-LEU)
New vertex id: 63
506 507 508 509 510 511 512 513 
Adding vertex (chain-A, position-65, res-ILE)
New vertex id: 64
514 515 516 517 518 519 520 521 
Adding vertex (chain-A, position-66, res-CYS)
New vertex id: 65
522 523 524 525 526 527 
Adding vertex (chain-A, position-67, res-ALA)
New vertex id: 66
528 529 530 531 532 
Adding vertex (chain-A, position-68, res-ASP)
New vertex id: 67
533 534 535 536 537 538 539 540 
Adding vertex (chain-A, position-69, res-ASP)
New vertex id: 68
541 542 543 544 545 546 547 548 
Adding vertex (chain-A, position-70, res-LEU)
New vertex id: 69
549 550 551 552 553 554 555 556 
Adding vertex (chain-A, position-71, res-GLN)
New vertex id: 70
557 558 559 560 561 562 563 564 565 
Adding vertex (chain-A, position-72, res-THR)
New vertex id: 71
566 567 568 569 570 571 572 
Adding vertex (chain-A, position-73, res-ASN)
New vertex id: 72
573 574 575 576 577 578 579 580 
Adding vertex (chain-A, position-74, res-LEU)
New vertex id: 73
581 582 583 584 585 586 587 588 
Adding vertex (chain-A, position-75, res-ASN)
New vertex id: 74
589 590 591 592 593 594 595 596 
Adding vertex (chain-A, position-76, res-LEU)
New vertex id: 75
597 598 599 600 601 602 603 604 
Adding vertex (chain-A, position-77, res-GLN)
New vertex id: 76
605 606 607 608 609 610 611 612 613 
Adding vertex (chain-A, position-78, res-THR)
New vertex id: 77
614 615 616 617 618 619 620 
Adding vertex (chain-A, position-79, res-LYS)
New vertex id: 78
621 622 623 624 625 626 627 628 629 
Adding vertex (chain-A, position-80, res-PRO)
New vertex id: 79
630 631 632 633 634 635 636 
Adding vertex (chain-A, position-81, res-VAL)
New vertex id: 80
637 638 639 640 641 642 643 
Adding vertex (chain-A, position-82, res-ASP)
New vertex id: 81
644 645 646 647 648 649 650 651 
Adding vertex (chain-A, position-83, res-PRO)
New vertex id: 82
652 653 654 655 656 657 658 
Adding vertex (chain-A, position-84, res-THR)
New vertex id: 83
659 660 661 662 663 664 665 
Adding vertex (chain-A, position-85, res-VAL)
New vertex id: 84
666 667 668 669 670 671 672 
Adding vertex (chain-A, position-86, res-ASP)
New vertex id: 85
673 674 675 676 677 678 679 680 
Adding vertex (chain-A, position-87, res-GLY)
New vertex id: 86
681 682 683 684 
Adding vertex (chain-A, position-88, res-GLY)
New vertex id: 87
685 686 687 688 
Adding vertex (chain-A, position-89, res-ALA)
New vertex id: 88
689 690 691 692 693 
Adding vertex (chain-A, position-90, res-GLN)
New vertex id: 89
694 695 696 697 698 699 700 701 702 
Adding vertex (chain-A, position-91, res-VAL)
New vertex id: 90
703 704 705 706 707 708 709 
Adding vertex (chain-A, position-92, res-GLN)
New vertex id: 91
710 711 712 713 714 715 716 717 718 
Adding vertex (chain-A, position-93, res-GLN)
New vertex id: 92
719 720 721 722 723 724 725 726 727 
Adding vertex (chain-A, position-94, res-VAL)
New vertex id: 93
728 729 730 731 732 733 734 
Adding vertex (chain-A, position-95, res-ILE)
New vertex id: 94
735 736 737 738 739 740 741 742 
Adding vertex (chain-A, position-96, res-ASN)
New vertex id: 95
743 744 745 746 747 748 749 750 
Adding vertex (chain-A, position-97, res-ILE)
New vertex id: 96
751 752 753 754 755 756 757 758 
Adding vertex (chain-A, position-98, res-GLU)
New vertex id: 97
759 760 761 762 763 764 765 766 767 
Adding vertex (chain-A, position-99, res-CYS)
New vertex id: 98
768 769 770 771 772 773 
Adding vertex (chain-A, position-100, res-ILE)
New vertex id: 99
774 775 776 777 778 779 780 781 
Adding vertex (chain-A, position-101, res-SER)
New vertex id: 100
782 783 784 785 786 787 
Adding vertex (chain-A, position-102, res-ASP)
New vertex id: 101
788 789 790 791 792 793 794 795 
Adding vertex (chain-A, position-103, res-PHE)
New vertex id: 102
796 797 798 799 800 801 802 803 804 805 806 
Adding vertex (chain-A, position-104, res-THR)
New vertex id: 103
807 808 809 810 811 812 813 
Adding vertex (chain-A, position-105, res-GLU)
New vertex id: 104
814 815 816 817 818 819 820 821 822 
Adding vertex (chain-A, position-106, res-ALA)
New vertex id: 105
823 824 825 826 827 
Adding vertex (chain-A, position-107, res-PRO)
New vertex id: 106
828 829 830 831 832 833 834 
Adding vertex (chain-A, position-108, res-VAL)
New vertex id: 107
835 836 837 838 839 840 841 
Adding vertex (chain-A, position-109, res-LEU)
New vertex id: 108
842 843 844 845 846 847 848 849 
Adding vertex (chain-A, position-110, res-ASN)
New vertex id: 109
850 851 852 853 854 855 856 857 
Adding vertex (chain-A, position-111, res-ILE)
New vertex id: 110
858 859 860 861 862 863 864 865 
Adding vertex (chain-A, position-112, res-GLN)
New vertex id: 111
866 867 868 869 870 871 872 873 874 
Adding vertex (chain-A, position-113, res-PHE)
New vertex id: 112
875 876 877 878 879 880 881 882 883 884 885 
Adding vertex (chain-A, position-114, res-ARG)
New vertex id: 113
886 887 888 889 890 891 892 893 894 895 896 
Adding vertex (chain-A, position-115, res-TYR)
New vertex id: 114
897 898 899 900 901 902 903 904 905 906 907 908 
Adding vertex (chain-A, position-116, res-GLY)
New vertex id: 115
909 910 911 912 
Adding vertex (chain-A, position-117, res-GLY)
New vertex id: 116
913 914 915 916 
Adding vertex (chain-A, position-118, res-THR)
New vertex id: 117
917 918 919 920 921 922 923 
Adding vertex (chain-A, position-119, res-PHE)
New vertex id: 118
924 925 926 927 928 929 930 931 932 933 934 
Adding vertex (chain-A, position-120, res-GLN)
New vertex id: 119
935 936 937 938 939 940 941 942 943 
Adding vertex (chain-A, position-121, res-ASN)
New vertex id: 120
944 945 946 947 948 949 950 951 
Adding vertex (chain-A, position-122, res-VAL)
New vertex id: 121
952 953 954 955 956 957 958 
Adding vertex (chain-A, position-123, res-SER)
New vertex id: 122
959 960 961 962 963 964 
Adding vertex (chain-A, position-124, res-VAL)
New vertex id: 123
965 966 967 968 969 970 971 
Adding vertex (chain-A, position-125, res-LYS)
New vertex id: 124
972 973 974 975 976 977 978 979 980 
Adding vertex (chain-A, position-126, res-LEU)
New vertex id: 125
981 982 983 984 985 986 987 988 
Adding vertex (chain-A, position-127, res-PRO)
New vertex id: 126
989 990 991 992 993 994 995 
Adding vertex (chain-A, position-128, res-ILE)
New vertex id: 127
996 997 998 999 1000 1001 1002 1003 
Adding vertex (chain-A, position-129, res-THR)
New vertex id: 128
1004 1005 1006 1007 1008 1009 1010 
Adding vertex (chain-A, position-130, res-LEU)
New vertex id: 129
1011 1012 1013 1014 1015 1016 1017 1018 
Adding vertex (chain-A, position-131, res-ASN)
New vertex id: 130
1019 1020 1021 1022 1023 1024 1025 1026 
Adding vertex (chain-A, position-132, res-LYS)
New vertex id: 131
1027 1028 1029 1030 1031 1032 1033 1034 1035 
Adding vertex (chain-A, position-133, res-PHE)
New vertex id: 132
1036 1037 1038 1039 1040 1041 1042 1043 1044 1045 1046 
Adding vertex (chain-A, position-134, res-PHE)
New vertex id: 133
1047 1048 1049 1050 1051 1052 1053 1054 1055 1056 1057 
Adding vertex (chain-A, position-135, res-GLN)
New vertex id: 134
1058 1059 1060 1061 1062 1063 1064 1065 1066 
Adding vertex (chain-A, position-136, res-PRO)
New vertex id: 135
1067 1068 1069 1070 1071 1072 1073 
Adding vertex (chain-A, position-137, res-THR)
New vertex id: 136
1074 1075 1076 1077 1078 1079 1080 
Adding vertex (chain-A, position-138, res-GLU)
New vertex id: 137
1081 1082 1083 1084 1085 1086 1087 1088 1089 
Adding vertex (chain-A, position-139, res-MET)
New vertex id: 138
1090 1091 1092 1093 1094 1095 1096 1097 
Adding vertex (chain-A, position-140, res-ALA)
New vertex id: 139
1098 1099 1100 1101 1102 
Adding vertex (chain-A, position-141, res-SER)
New vertex id: 140
1103 1104 1105 1106 1107 1108 
Adding vertex (chain-A, position-142, res-GLN)
New vertex id: 141
1109 1110 1111 1112 1113 1114 1115 1116 1117 
Adding vertex (chain-A, position-143, res-ASP)
New vertex id: 142
1118 1119 1120 1121 1122 1123 1124 1125 
Adding vertex (chain-A, position-144, res-PHE)
New vertex id: 143
1126 1127 1128 1129 1130 1131 1132 1133 1134 1135 1136 
Adding vertex (chain-A, position-145, res-PHE)
New vertex id: 144
1137 1138 1139 1140 1141 1142 1143 1144 1145 1146 1147 
Adding vertex (chain-A, position-146, res-GLN)
New vertex id: 145
1148 1149 1150 1151 1152 1153 1154 1155 1156 
Adding vertex (chain-A, position-147, res-ARG)
New vertex id: 146
1157 1158 1159 1160 1161 1162 1163 1164 1165 1166 1167 
Adding vertex (chain-A, position-148, res-TRP)
New vertex id: 147
1168 1169 1170 1171 1172 1173 1174 1175 1176 1177 1178 1179 1180 1181 
Adding vertex (chain-A, position-149, res-LYS)
New vertex id: 148
1182 1183 1184 1185 1186 1187 1188 1189 1190 
Adding vertex (chain-A, position-150, res-GLN)
New vertex id: 149
1191 1192 1193 1194 1195 1196 1197 1198 1199 
Adding vertex (chain-A, position-151, res-LEU)
New vertex id: 150
1200 1201 1202 1203 1204 1205 1206 1207 
Adding vertex (chain-A, position-152, res-SER)
New vertex id: 151
1208 1209 1210 1211 1212 1213 
Adding vertex (chain-A, position-153, res-ASN)
New vertex id: 152
1214 1215 1216 1217 1218 1219 1220 1221 
Adding vertex (chain-A, position-154, res-PRO)
New vertex id: 153
1222 1223 1224 1225 1226 1227 1228 
Adding vertex (chain-A, position-155, res-GLN)
New vertex id: 154
1229 1230 1231 1232 1233 1234 
Adding vertex (chain-A, position-156, res-GLN)
New vertex id: 155
1235 1236 1237 1238 1239 1240 1241 1242 1243 
Adding vertex (chain-A, position-157, res-GLU)
New vertex id: 156
1244 1245 1246 1247 1248 1249 1250 1251 1252 
Adding vertex (chain-A, position-158, res-VAL)
New vertex id: 157
1253 1254 1255 1256 1257 1258 1259 
Adding vertex (chain-A, position-159, res-GLN)
New vertex id: 158
1260 1261 1262 1263 1264 1265 1266 1267 1268 
Adding vertex (chain-A, position-160, res-ASN)
New vertex id: 159
1269 1270 1271 1272 1273 1274 1275 1276 
Adding vertex (chain-A, position-161, res-ILE)
New vertex id: 160
1277 1278 1279 1280 1281 1282 1283 1284 
Adding vertex (chain-A, position-162, res-PHE)
New vertex id: 161
1285 1286 1287 1288 1289 1290 1291 1292 1293 1294 1295 
Adding vertex (chain-A, position-163, res-LYS)
New vertex id: 162
1296 1297 1298 1299 1300 1301 1302 1303 1304 
Adding vertex (chain-A, position-164, res-ALA)
New vertex id: 163
1305 1306 1307 1308 1309 
Adding vertex (chain-A, position-165, res-LYS)
New vertex id: 164
1310 1311 1312 1313 1314 1315 1316 1317 1318 
Adding vertex (chain-A, position-166, res-HIS)
New vertex id: 165
1319 1320 1321 1322 1323 1324 1325 1326 1327 1328 
Adding vertex (chain-A, position-167, res-PRO)
New vertex id: 166
1329 1330 1331 1332 1333 1334 1335 
Adding vertex (chain-A, position-168, res-MET)
New vertex id: 167
1336 1337 1338 1339 1340 1341 1342 1343 
Adding vertex (chain-A, position-169, res-ASP)
New vertex id: 168
1344 1345 1346 1347 1348 1349 1350 1351 
Adding vertex (chain-A, position-170, res-THR)
New vertex id: 169
1352 1353 1354 1355 1356 1357 1358 
Adding vertex (chain-A, position-171, res-GLU)
New vertex id: 170
1359 1360 1361 1362 1363 1364 1365 1366 1367 
Adding vertex (chain-A, position-172, res-ILE)
New vertex id: 171
1368 1369 1370 1371 1372 1373 1374 1375 
Adding vertex (chain-A, position-173, res-THR)
New vertex id: 172
1376 1377 1378 1379 1380 1381 1382 
Adding vertex (chain-A, position-174, res-LYS)
New vertex id: 173
1383 1384 1385 1386 1387 1388 1389 1390 1391 
Adding vertex (chain-A, position-175, res-ALA)
New vertex id: 174
1392 1393 1394 1395 1396 
Adding vertex (chain-A, position-176, res-LYS)
New vertex id: 175
1397 1398 1399 1400 1401 1402 1403 1404 1405 
Adding vertex (chain-A, position-177, res-ILE)
New vertex id: 176
1406 1407 1408 1409 1410 1411 1412 1413 
Adding vertex (chain-A, position-178, res-ILE)
New vertex id: 177
1414 1415 1416 1417 1418 1419 1420 1421 
Adding vertex (chain-A, position-179, res-GLY)
New vertex id: 178
1422 1423 1424 1425 
Adding vertex (chain-A, position-180, res-PHE)
New vertex id: 179
1426 1427 1428 1429 1430 1431 1432 1433 1434 1435 1436 
Adding vertex (chain-A, position-181, res-GLY)
New vertex id: 180
1437 1438 1439 1440 
Adding vertex (chain-A, position-182, res-SER)
New vertex id: 181
1441 1442 1443 1444 1445 1446 
Adding vertex (chain-A, position-183, res-ALA)
New vertex id: 182
1447 1448 1449 1450 1451 
Adding vertex (chain-A, position-184, res-LEU)
New vertex id: 183
1452 1453 1454 1455 1456 1457 1458 1459 
Adding vertex (chain-A, position-185, res-LEU)
New vertex id: 184
1460 1461 1462 1463 1464 1465 1466 1467 
Adding vertex (chain-A, position-186, res-GLU)
New vertex id: 185
1468 1469 1470 1471 1472 1473 1474 1475 1476 
Adding vertex (chain-A, position-187, res-GLU)
New vertex id: 186
1477 1478 1479 1480 1481 1482 1483 1484 1485 
Adding vertex (chain-A, position-188, res-VAL)
New vertex id: 187
1486 1487 1488 1489 1490 1491 1492 
Adding vertex (chain-A, position-189, res-ASP)
New vertex id: 188
1493 1494 1495 1496 1497 1498 1499 1500 
Adding vertex (chain-A, position-190, res-PRO)
New vertex id: 189
1501 1502 1503 1504 1505 1506 1507 
Adding vertex (chain-A, position-191, res-ASN)
New vertex id: 190
1508 1509 1510 1511 1512 1513 1514 1515 
Adding vertex (chain-A, position-192, res-PRO)
New vertex id: 191
1516 1517 1518 1519 1520 1521 1522 
Adding vertex (chain-A, position-193, res-ALA)
New vertex id: 192
1523 1524 1525 1526 1527 
Adding vertex (chain-A, position-194, res-ASN)
New vertex id: 193
1528 1529 1530 1531 1532 1533 1534 1535 
Adding vertex (chain-A, position-195, res-PHE)
New vertex id: 194
1536 1537 1538 1539 1540 1541 1542 1543 1544 1545 1546 
Adding vertex (chain-A, position-196, res-VAL)
New vertex id: 195
1547 1548 1549 1550 1551 1552 1553 
Adding vertex (chain-A, position-197, res-GLY)
New vertex id: 196
1554 1555 1556 1557 
Adding vertex (chain-A, position-198, res-ALA)
New vertex id: 197
1558 1559 1560 1561 1562 
Adding vertex (chain-A, position-199, res-GLY)
New vertex id: 198
1563 1564 1565 1566 
Adding vertex (chain-A, position-200, res-ILE)
New vertex id: 199
1567 1568 1569 1570 1571 1572 1573 1574 
Adding vertex (chain-A, position-201, res-ILE)
New vertex id: 200
1575 1576 1577 1578 1579 1580 1581 1582 
Adding vertex (chain-A, position-202, res-HIS)
New vertex id: 201
1583 1584 1585 1586 1587 1588 1589 1590 1591 1592 
Adding vertex (chain-A, position-203, res-THR)
New vertex id: 202
1593 1594 1595 1596 1597 1598 1599 
Adding vertex (chain-A, position-204, res-LYS)
New vertex id: 203
1600 1601 1602 1603 1604 1605 1606 1607 1608 
Adding vertex (chain-A, position-205, res-THR)
New vertex id: 204
1609 1610 1611 1612 1613 1614 1615 
Adding vertex (chain-A, position-206, res-THR)
New vertex id: 205
1616 1617 1618 1619 1620 1621 1622 
Adding vertex (chain-A, position-207, res-GLN)
New vertex id: 206
1623 1624 1625 1626 1627 1628 1629 1630 1631 
Adding vertex (chain-A, position-208, res-ILE)
New vertex id: 207
1632 1633 1634 1635 1636 1637 1638 1639 
Adding vertex (chain-A, position-209, res-GLY)
New vertex id: 208
1640 1641 1642 1643 
Adding vertex (chain-A, position-210, res-CYS)
New vertex id: 209
1644 1645 1646 1647 1648 1649 
Adding vertex (chain-A, position-211, res-LEU)
New vertex id: 210
1650 1651 1652 1653 1654 1655 1656 1657 
Adding vertex (chain-A, position-212, res-LEU)
New vertex id: 211
1658 1659 1660 1661 1662 1663 1664 1665 
Adding vertex (chain-A, position-213, res-ARG)
New vertex id: 212
1666 1667 1668 1669 1670 1671 1672 1673 1674 1675 1676 
Adding vertex (chain-A, position-214, res-LEU)
New vertex id: 213
1677 1678 1679 1680 1681 1682 1683 1684 
Adding vertex (chain-A, position-215, res-GLU)
New vertex id: 214
1685 1686 1687 1688 1689 1690 1691 1692 1693 
Adding vertex (chain-A, position-216, res-PRO)
New vertex id: 215
1694 1695 1696 1697 1698 1699 1700 
Adding vertex (chain-A, position-217, res-ASN)
New vertex id: 216
1701 1702 1703 1704 1705 1706 1707 1708 
Adding vertex (chain-A, position-218, res-LEU)
New vertex id: 217
1709 1710 1711 1712 1713 1714 1715 1716 
Adding vertex (chain-A, position-219, res-GLN)
New vertex id: 218
1717 1718 1719 1720 1721 1722 1723 1724 1725 
Adding vertex (chain-A, position-220, res-ALA)
New vertex id: 219
1726 1727 1728 1729 1730 
Adding vertex (chain-A, position-221, res-GLN)
New vertex id: 220
1731 1732 1733 1734 1735 1736 1737 1738 1739 
Adding vertex (chain-A, position-222, res-MET)
New vertex id: 221
1740 1741 1742 1743 1744 1745 1746 1747 
Adding vertex (chain-A, position-223, res-TYR)
New vertex id: 222
1748 1749 1750 1751 1752 1753 1754 1755 1756 1757 1758 1759 
Adding vertex (chain-A, position-224, res-ARG)
New vertex id: 223
1760 1761 1762 1763 1764 1765 1766 1767 1768 1769 1770 
Adding vertex (chain-A, position-225, res-LEU)
New vertex id: 224
1771 1772 1773 1774 1775 1776 1777 1778 
Adding vertex (chain-A, position-226, res-THR)
New vertex id: 225
1779 1780 1781 1782 1783 1784 1785 
Adding vertex (chain-A, position-227, res-LEU)
New vertex id: 226
1786 1787 1788 1789 1790 1791 1792 1793 
Adding vertex (chain-A, position-228, res-ARG)
New vertex id: 227
1794 1795 1796 1797 1798 1799 1800 1801 1802 1803 1804 
Adding vertex (chain-A, position-229, res-THR)
New vertex id: 228
1805 1806 1807 1808 1809 1810 1811 
Adding vertex (chain-A, position-230, res-SER)
New vertex id: 229
1812 1813 1814 1815 1816 1817 
Adding vertex (chain-A, position-231, res-LYS)
New vertex id: 230
1818 1819 1820 1821 1822 1823 1824 1825 1826 
Adding vertex (chain-A, position-232, res-ASP)
New vertex id: 231
1827 1828 1829 1830 1831 1832 1833 1834 
Adding vertex (chain-A, position-233, res-THR)
New vertex id: 232
1835 1836 1837 1838 1839 1840 1841 
Adding vertex (chain-A, position-234, res-VAL)
New vertex id: 233
1842 1843 1844 1845 1846 1847 1848 
Adding vertex (chain-A, position-235, res-SER)
New vertex id: 234
1849 1850 1851 1852 1853 1854 
Adding vertex (chain-A, position-236, res-GLN)
New vertex id: 235
1855 1856 1857 1858 1859 1860 1861 1862 1863 
Adding vertex (chain-A, position-237, res-ARG)
New vertex id: 236
1864 1865 1866 1867 1868 1869 1870 1871 1872 1873 1874 
Adding vertex (chain-A, position-238, res-LEU)
New vertex id: 237
1875 1876 1877 1878 1879 1880 1881 1882 
Adding vertex (chain-A, position-239, res-CYS)
New vertex id: 238
1883 1884 1885 1886 1887 1888 
Adding vertex (chain-A, position-240, res-GLU)
New vertex id: 239
1889 1890 1891 1892 1893 1894 1895 1896 1897 
Adding vertex (chain-A, position-241, res-LEU)
New vertex id: 240
1898 1899 1900 1901 1902 1903 1904 1905 
Adding vertex (chain-A, position-242, res-LEU)
New vertex id: 241
1906 1907 1908 1909 1910 1911 1912 1913 
Adding vertex (chain-A, position-243, res-SER)
New vertex id: 242
1914 1915 1916 1917 1918 1919 
Adding vertex (chain-A, position-244, res-GLU)
New vertex id: 243
1920 1921 1922 1923 1924 1925 1926 1927 1928 
Adding vertex (chain-A, position-245, res-GLN)
New vertex id: 244
1929 1930 1931 1932 1933 1934 1935 1936 1937 
Adding vertex (chain-A, position-246, res-PHE)
New vertex id: 245
1938 1939 1940 1941 1942 1943 1944 1945 1946 1947 1948 1949 
Graph DONE

( reduce -FLIPs 2VJ0.pdb > 2VJ0.H.pdb ) >& /dev/null
Reduce (-FLIPs) returned 256
( bndlst -Radius0.3 2VJ0.H.pdb > 2VJ0.H.bndlst ) >& /dev/null
BndLst returned 0
Parsing 2VJ0.H.bndlst

bndlst START
Adding bndlst edge: (A_I1_MC -> A_L2_MC) type[cov], weight[1.00] from 0 to 1 dist[1.32]
Adding bndlst edge: (A_I1_MC -> A_N121_SC) type[hb], weight[1.01] from 0 to 120 dist[1.99]
Adding bndlst edge: (A_I1_MC -> A_Q112_SC) type[hb], weight[0.47] from 0 to 111 dist[2.91]
Adding bndlst edge: (A_L2_MC -> A_A3_MC) type[cov], weight[1.00] from 1 to 2 dist[1.32]
Adding bndlst edge: (A_A3_MC -> A_P4_MC) type[cov], weight[1.00] from 2 to 3 dist[1.34]
Adding bndlst edge: (A_A3_MC -> A_S123_SC) type[hb], weight[1.31] from 2 to 122 dist[1.75]
Adding bndlst edge: (A_A3_MC -> A_N121_SC) type[hb], weight[1.02] from 2 to 120 dist[1.98]
Adding bndlst edge: (A_P4_MC -> A_L5_MC) type[cov], weight[1.00] from 3 to 4 dist[1.32]
Adding bndlst edge: (A_L5_MC -> A_A6_MC) type[cov], weight[1.00] from 4 to 5 dist[1.33]
Adding bndlst edge: (A_A6_MC -> A_P7_MC) type[cov], weight[1.00] from 5 to 6 dist[1.35]
Adding bndlst edge: (A_A6_MC -> A_S9_MC) type[hb], weight[1.04] from 5 to 8 dist[1.96]
Adding bndlst edge: (A_A6_MC -> A_S123_MC) type[hb], weight[0.98] from 5 to 122 dist[2.02]
Adding bndlst edge: (A_P7_MC -> A_G8_MC) type[cov], weight[1.00] from 6 to 7 dist[1.33]
Adding bndlst edge: (A_G8_MC -> A_S9_MC) type[cov], weight[1.00] from 7 to 8 dist[1.34]
Adding bndlst edge: (A_G8_MC -> A_N12_MC) type[hb], weight[1.05] from 7 to 11 dist[1.95]
Adding bndlst edge: (A_S9_MC -> A_E10_MC) type[cov], weight[1.00] from 8 to 9 dist[1.33]
Adding bndlst edge: (A_S9_MC -> A_F13_MC) type[hb], weight[1.11] from 8 to 12 dist[1.90]
Adding bndlst edge: (A_S9_MC -> A_N12_MC) type[hb], weight[0.46] from 8 to 11 dist[2.94]
Adding bndlst edge: (A_S9_SC -> A_K125_MC) type[hb], weight[0.77] from 8 to 124 dist[2.28]
Adding bndlst edge: (A_E10_MC -> A_D11_MC) type[cov], weight[1.00] from 9 to 10 dist[1.32]
Adding bndlst edge: (A_E10_MC -> A_A14_MC) type[hb], weight[0.74] from 9 to 13 dist[2.33]
Adding bndlst edge: (A_E10_MC -> A_F13_MC) type[hb], weight[0.46] from 9 to 12 dist[2.96]
Adding bndlst edge: (A_E10_SC -> A_K125_SC) type[salt], weight[1.19] from 9 to 124 dist[1.74]
Adding bndlst edge: (A_D11_MC -> A_N12_MC) type[cov], weight[1.00] from 10 to 11 dist[1.33]
Adding bndlst edge: (A_D11_MC -> A_R15_MC) type[hb], weight[0.47] from 10 to 14 dist[2.92]
Adding bndlst edge: (A_D11_MC -> A_A14_MC) type[hb], weight[0.59] from 10 to 13 dist[2.60]
Adding bndlst edge: (A_N12_MC -> A_F13_MC) type[cov], weight[1.00] from 11 to 12 dist[1.32]
Adding bndlst edge: (A_N12_MC -> A_R15_MC) type[hb], weight[0.88] from 11 to 14 dist[2.13]
Adding bndlst edge: (A_N12_SC -> A_R15_SC) type[hb], weight[0.68] from 11 to 14 dist[2.43]
Adding bndlst edge: (A_N12_SC -> A_F16_SC) type[hb], weight[0.40] from 11 to 15 dist[3.17]
Adding bndlst edge: (A_N12_SC -> A_V23_MC) type[hb], weight[1.02] from 11 to 22 dist[1.99]
Adding bndlst edge: (A_N12_SC -> A_L24_MC) type[hb], weight[0.47] from 11 to 23 dist[2.93]
Adding bndlst edge: (A_N12_SC -> A_L24_MC) type[hb], weight[0.88] from 11 to 23 dist[2.14]
Adding bndlst edge: (A_F13_MC -> A_A14_MC) type[cov], weight[1.00] from 12 to 13 dist[1.33]
Adding bndlst edge: (A_F13_MC -> A_F16_MC) type[hb], weight[0.97] from 12 to 15 dist[2.03]
Adding bndlst edge: (A_A14_MC -> A_R15_MC) type[cov], weight[1.00] from 13 to 14 dist[1.33]
Adding bndlst edge: (A_A14_MC -> A_Q245_SC) type[hb], weight[1.07] from 13 to 244 dist[1.93]
Adding bndlst edge: (A_A14_MC -> A_V17_MC) type[hb], weight[0.55] from 13 to 16 dist[2.70]
Adding bndlst edge: (A_R15_MC -> A_F16_MC) type[cov], weight[1.00] from 14 to 15 dist[1.32]
Adding bndlst edge: (A_R15_MC -> A_K19_SC) type[hb], weight[0.78] from 14 to 18 dist[2.26]
Adding bndlst edge: (A_F16_MC -> A_V17_MC) type[cov], weight[1.00] from 15 to 16 dist[1.34]
Adding bndlst edge: (A_F16_MC -> A_K132_SC) type[hb], weight[0.89] from 15 to 131 dist[2.12]
Adding bndlst edge: (A_V17_MC -> A_C18_MC) type[cov], weight[1.00] from 16 to 17 dist[1.33]
Adding bndlst edge: (A_V17_MC -> A_N131_SC) type[hb], weight[1.23] from 16 to 130 dist[1.81]
Adding bndlst edge: (A_V17_MC -> A_K132_SC) type[hb], weight[0.61] from 16 to 131 dist[2.56]
Adding bndlst edge: (A_C18_MC -> A_K19_MC) type[cov], weight[1.00] from 17 to 18 dist[1.33]
Adding bndlst edge: (A_C18_SC -> A_K176_MC) type[hb], weight[0.77] from 17 to 175 dist[2.27]
Adding bndlst edge: (A_K19_MC -> A_N20_MC) type[cov], weight[1.00] from 18 to 19 dist[1.33]
Adding bndlst edge: (A_K19_MC -> A_K132_SC) type[hb], weight[0.45] from 18 to 131 dist[2.99]
Adding bndlst edge: (A_K19_MC -> A_K132_SC) type[hb], weight[0.79] from 18 to 131 dist[2.25]
Adding bndlst edge: (A_K19_SC -> A_N21_MC) type[hb], weight[1.06] from 18 to 20 dist[1.94]
Adding bndlst edge: (A_N20_MC -> A_N21_MC) type[cov], weight[1.00] from 19 to 20 dist[1.33]
Adding bndlst edge: (A_N20_MC -> A_S36_MC) type[hb], weight[0.50] from 19 to 35 dist[2.82]
Adding bndlst edge: (A_N20_SC -> A_K132_SC) type[hb], weight[1.22] from 19 to 131 dist[1.81]
Adding bndlst edge: (A_N20_SC -> A_S36_MC) type[hb], weight[0.45] from 19 to 35 dist[2.97]
Adding bndlst edge: (A_N21_MC -> A_G22_MC) type[cov], weight[1.00] from 20 to 21 dist[1.33]
Adding bndlst edge: (A_N21_SC -> A_K35_SC) type[hb], weight[1.26] from 20 to 34 dist[1.78]
Adding bndlst edge: (A_G22_MC -> A_V23_MC) type[cov], weight[1.00] from 21 to 22 dist[1.33]
Adding bndlst edge: (A_G22_MC -> A_L34_MC) type[hb], weight[1.19] from 21 to 33 dist[1.83]
Adding bndlst edge: (A_G22_MC -> A_L34_MC) type[hb], weight[0.85] from 21 to 33 dist[2.17]
Adding bndlst edge: (A_V23_MC -> A_L24_MC) type[cov], weight[1.00] from 22 to 23 dist[1.32]
Adding bndlst edge: (A_L24_MC -> A_F25_MC) type[cov], weight[1.00] from 23 to 24 dist[1.32]
Adding bndlst edge: (A_L24_MC -> A_I32_MC) type[hb], weight[1.03] from 23 to 31 dist[1.98]
Adding bndlst edge: (A_F25_MC -> A_E26_MC) type[cov], weight[1.00] from 24 to 25 dist[1.33]
Adding bndlst edge: (A_F25_MC -> A_I32_MC) type[hb], weight[1.32] from 24 to 31 dist[1.74]
Adding bndlst edge: (A_F25_SC -> A_E26_MC) type[hb], weight[0.37] from 24 to 25 dist[3.30]
Adding bndlst edge: (A_F25_MC -> A_I32_MC) type[hb], weight[0.74] from 24 to 31 dist[2.33]
Adding bndlst edge: (A_E26_MC -> A_N27_MC) type[cov], weight[1.00] from 25 to 26 dist[1.32]
Adding bndlst edge: (A_E26_SC -> A_K52_SC) type[salt], weight[1.25] from 25 to 51 dist[1.70]
Adding bndlst edge: (A_E26_SC -> A_Q31_SC) type[hb], weight[0.91] from 25 to 30 dist[2.09]
Adding bndlst edge: (A_N27_MC -> A_Q28_MC) type[cov], weight[1.00] from 26 to 27 dist[1.33]
Adding bndlst edge: (A_N27_MC -> A_K52_SC) type[hb], weight[1.16] from 26 to 51 dist[1.86]
Adding bndlst edge: (A_N27_SC -> A_L30_MC) type[hb], weight[0.92] from 26 to 29 dist[2.08]
Adding bndlst edge: (A_N27_SC -> A_L29_MC) type[hb], weight[1.12] from 26 to 28 dist[1.89]
Adding bndlst edge: (A_N27_MC -> A_L30_MC) type[hb], weight[0.91] from 26 to 29 dist[2.09]
Adding bndlst edge: (A_Q28_MC -> A_L29_MC) type[cov], weight[1.00] from 27 to 28 dist[1.34]
Adding bndlst edge: (A_L29_MC -> A_L30_MC) type[cov], weight[1.00] from 28 to 29 dist[1.32]
Adding bndlst edge: (A_L29_MC -> A_K52_MC) type[hb], weight[1.18] from 28 to 51 dist[1.84]
Adding bndlst edge: (A_L30_MC -> A_Q31_MC) type[cov], weight[1.00] from 29 to 30 dist[1.34]
Adding bndlst edge: (A_Q31_MC -> A_I32_MC) type[cov], weight[1.00] from 30 to 31 dist[1.33]
Adding bndlst edge: (A_Q31_MC -> A_G50_MC) type[hb], weight[1.21] from 30 to 49 dist[1.82]
Adding bndlst edge: (A_Q31_MC -> A_G50_MC) type[hb], weight[1.01] from 30 to 49 dist[1.99]
Adding bndlst edge: (A_I32_MC -> A_G33_MC) type[cov], weight[1.00] from 31 to 32 dist[1.33]
Adding bndlst edge: (A_G33_MC -> A_L34_MC) type[cov], weight[1.00] from 32 to 33 dist[1.34]
Adding bndlst edge: (A_G33_MC -> A_F48_MC) type[hb], weight[1.11] from 32 to 47 dist[1.90]
Adding bndlst edge: (A_G33_MC -> A_F48_MC) type[hb], weight[1.03] from 32 to 47 dist[1.97]
Adding bndlst edge: (A_L34_MC -> A_K35_MC) type[cov], weight[1.00] from 33 to 34 dist[1.33]
Adding bndlst edge: (A_K35_MC -> A_S36_MC) type[cov], weight[1.00] from 34 to 35 dist[1.32]
Adding bndlst edge: (A_K35_MC -> A_F46_MC) type[hb], weight[1.23] from 34 to 45 dist[1.80]
Adding bndlst edge: (A_K35_MC -> A_F46_MC) type[hb], weight[0.91] from 34 to 45 dist[2.10]
Adding bndlst edge: (A_S36_MC -> A_E37_MC) type[cov], weight[1.00] from 35 to 36 dist[1.32]
Adding bndlst edge: (A_E37_MC -> A_F38_MC) type[cov], weight[1.00] from 36 to 37 dist[1.33]
Adding bndlst edge: (A_E37_MC -> A_R44_MC) type[hb], weight[1.13] from 36 to 43 dist[1.88]
Adding bndlst edge: (A_E37_MC -> A_R44_MC) type[hb], weight[0.93] from 36 to 43 dist[2.07]
Adding bndlst edge: (A_F38_MC -> A_R39_MC) type[cov], weight[1.00] from 37 to 38 dist[1.33]
Adding bndlst edge: (A_R39_MC -> A_Q40_MC) type[cov], weight[1.00] from 38 to 39 dist[1.33]
Adding bndlst edge: (A_R39_MC -> A_L42_MC) type[hb], weight[1.09] from 38 to 41 dist[1.92]
Adding bndlst edge: (A_R39_MC -> A_L42_MC) type[hb], weight[0.98] from 38 to 41 dist[2.02]
Adding bndlst edge: (A_Q40_MC -> A_N41_MC) type[cov], weight[1.00] from 39 to 40 dist[1.34]
Adding bndlst edge: (A_Q40_MC -> A_L42_MC) type[hb], weight[0.45] from 39 to 41 dist[2.97]
Adding bndlst edge: (A_N41_MC -> A_L42_MC) type[cov], weight[1.00] from 40 to 41 dist[1.32]
Adding bndlst edge: (A_N41_MC -> A_C99_MC) type[hb], weight[1.28] from 40 to 98 dist[1.77]
Adding bndlst edge: (A_N41_SC -> A_C99_MC) type[hb], weight[0.89] from 40 to 98 dist[2.12]
Adding bndlst edge: (A_L42_MC -> A_G43_MC) type[cov], weight[1.00] from 41 to 42 dist[1.34]
Adding bndlst edge: (A_G43_MC -> A_R44_MC) type[cov], weight[1.00] from 42 to 43 dist[1.32]
Adding bndlst edge: (A_G43_MC -> A_I97_MC) type[hb], weight[1.03] from 42 to 96 dist[1.97]
Adding bndlst edge: (A_G43_MC -> A_I97_MC) type[hb], weight[1.00] from 42 to 96 dist[2.00]
Adding bndlst edge: (A_R44_MC -> A_M45_MC) type[cov], weight[1.00] from 43 to 44 dist[1.34]
Adding bndlst edge: (A_R44_SC -> A_N96_SC) type[hb], weight[0.90] from 43 to 95 dist[2.11]
Adding bndlst edge: (A_R44_SC -> A_N96_SC) type[hb], weight[0.60] from 43 to 95 dist[2.57]
Adding bndlst edge: (A_M45_MC -> A_F46_MC) type[cov], weight[1.00] from 44 to 45 dist[1.32]
Adding bndlst edge: (A_M45_MC -> A_I95_MC) type[hb], weight[1.29] from 44 to 94 dist[1.76]
Adding bndlst edge: (A_M45_MC -> A_I95_MC) type[hb], weight[1.10] from 44 to 94 dist[1.91]
Adding bndlst edge: (A_F46_MC -> A_I47_MC) type[cov], weight[1.00] from 45 to 46 dist[1.33]
Adding bndlst edge: (A_I47_MC -> A_F48_MC) type[cov], weight[1.00] from 46 to 47 dist[1.33]
Adding bndlst edge: (A_I47_MC -> A_Q93_MC) type[hb], weight[0.95] from 46 to 92 dist[2.05]
Adding bndlst edge: (A_I47_MC -> A_Q93_MC) type[hb], weight[1.02] from 46 to 92 dist[1.98]
Adding bndlst edge: (A_F48_MC -> A_Y49_MC) type[cov], weight[1.00] from 47 to 48 dist[1.33]
Adding bndlst edge: (A_Y49_MC -> A_G50_MC) type[cov], weight[1.00] from 48 to 49 dist[1.32]
Adding bndlst edge: (A_Y49_MC -> A_V91_MC) type[hb], weight[1.04] from 48 to 90 dist[1.96]
Adding bndlst edge: (A_Y49_MC -> A_V91_MC) type[hb], weight[1.27] from 48 to 90 dist[1.78]
Adding bndlst edge: (A_Y49_SC -> A_Q93_SC) type[hb], weight[1.31] from 48 to 92 dist[1.75]
Adding bndlst edge: (A_G50_MC -> A_N51_MC) type[cov], weight[1.00] from 49 to 50 dist[1.33]
Adding bndlst edge: (A_N51_MC -> A_K52_MC) type[cov], weight[1.00] from 50 to 51 dist[1.33]
Adding bndlst edge: (A_N51_MC -> A_G88_MC) type[hb], weight[0.71] from 50 to 87 dist[2.37]
Adding bndlst edge: (A_N51_MC -> A_T53_MC) type[hb], weight[0.51] from 50 to 52 dist[2.79]
Adding bndlst edge: (A_N51_SC -> A_T53_SC) type[hb], weight[1.22] from 50 to 52 dist[1.81]
Adding bndlst edge: (A_N51_SC -> A_T53_MC) type[hb], weight[1.12] from 50 to 52 dist[1.89]
Adding bndlst edge: (A_N51_MC -> A_A89_MC) type[hb], weight[1.11] from 50 to 88 dist[1.90]
Adding bndlst edge: (A_N51_SC -> A_F57_SC) type[hb], weight[0.37] from 50 to 56 dist[3.31]
Adding bndlst edge: (A_N51_SC -> A_F57_SC) type[hb], weight[0.38] from 50 to 56 dist[3.25]
Adding bndlst edge: (A_N51_SC -> A_T55_MC) type[hb], weight[1.19] from 50 to 54 dist[1.84]
Adding bndlst edge: (A_N51_SC -> A_D86_MC) type[hb], weight[0.53] from 50 to 85 dist[2.75]
Adding bndlst edge: (A_N51_SC -> A_V85_MC) type[hb], weight[0.76] from 50 to 84 dist[2.30]
Adding bndlst edge: (A_K52_MC -> A_T53_MC) type[cov], weight[1.00] from 51 to 52 dist[1.33]
Adding bndlst edge: (A_T53_MC -> A_S54_MC) type[cov], weight[1.00] from 52 to 53 dist[1.33]
Adding bndlst edge: (A_T53_MC -> A_G88_MC) type[hb], weight[0.73] from 52 to 87 dist[2.34]
Adding bndlst edge: (A_T53_SC -> A_T55_MC) type[hb], weight[0.96] from 52 to 54 dist[2.04]
Adding bndlst edge: (A_T53_SC -> A_T55_MC) type[hb], weight[0.48] from 52 to 54 dist[2.88]
Adding bndlst edge: (A_S54_MC -> A_T55_MC) type[cov], weight[1.00] from 53 to 54 dist[1.33]
Adding bndlst edge: (A_T55_MC -> A_Q56_MC) type[cov], weight[1.00] from 54 to 55 dist[1.32]
Adding bndlst edge: (A_Q56_MC -> A_F57_MC) type[cov], weight[1.00] from 55 to 56 dist[1.34]
Adding bndlst edge: (A_Q56_SC -> A_D86_SC) type[hb], weight[1.07] from 55 to 85 dist[1.94]
Adding bndlst edge: (A_F57_MC -> A_L58_MC) type[cov], weight[1.00] from 56 to 57 dist[1.33]
Adding bndlst edge: (A_F57_MC -> A_V85_MC) type[hb], weight[1.12] from 56 to 84 dist[1.89]
Adding bndlst edge: (A_F57_MC -> A_V85_MC) type[hb], weight[1.19] from 56 to 84 dist[1.83]
Adding bndlst edge: (A_L58_MC -> A_N59_MC) type[cov], weight[1.00] from 57 to 58 dist[1.33]
Adding bndlst edge: (A_L58_MC -> A_R114_MC) type[hb], weight[1.23] from 57 to 113 dist[1.81]
Adding bndlst edge: (A_L58_MC -> A_R114_MC) type[hb], weight[0.88] from 57 to 113 dist[2.13]
Adding bndlst edge: (A_N59_MC -> A_F60_MC) type[cov], weight[1.00] from 58 to 59 dist[1.33]
Adding bndlst edge: (A_N59_MC -> A_T61_SC) type[hb], weight[1.24] from 58 to 60 dist[1.79]
Adding bndlst edge: (A_N59_MC -> A_P83_MC) type[hb], weight[0.50] from 58 to 82 dist[2.82]
Adding bndlst edge: (A_F60_MC -> A_T61_MC) type[cov], weight[1.00] from 59 to 60 dist[1.33]
Adding bndlst edge: (A_F60_MC -> A_P83_MC) type[hb], weight[1.28] from 59 to 82 dist[1.77]
Adding bndlst edge: (A_T61_MC -> A_P62_MC) type[cov], weight[1.00] from 60 to 61 dist[1.34]
Adding bndlst edge: (A_T61_MC -> A_Q112_MC) type[hb], weight[0.82] from 60 to 111 dist[2.21]
Adding bndlst edge: (A_T61_MC -> A_Q112_MC) type[hb], weight[1.09] from 60 to 111 dist[1.91]
Adding bndlst edge: (A_P62_MC -> A_T63_MC) type[cov], weight[1.00] from 61 to 62 dist[1.33]
Adding bndlst edge: (A_T63_MC -> A_L64_MC) type[cov], weight[1.00] from 62 to 63 dist[1.33]
Adding bndlst edge: (A_T63_MC -> A_N110_MC) type[hb], weight[1.07] from 62 to 109 dist[1.93]
Adding bndlst edge: (A_T63_MC -> A_N110_MC) type[hb], weight[1.18] from 62 to 109 dist[1.84]
Adding bndlst edge: (A_L64_MC -> A_I65_MC) type[cov], weight[1.00] from 63 to 64 dist[1.33]
Adding bndlst edge: (A_I65_MC -> A_C66_MC) type[cov], weight[1.00] from 64 to 65 dist[1.33]
Adding bndlst edge: (A_I65_MC -> A_V108_MC) type[hb], weight[1.13] from 64 to 107 dist[1.88]
Adding bndlst edge: (A_I65_MC -> A_V108_MC) type[hb], weight[1.24] from 64 to 107 dist[1.80]
Adding bndlst edge: (A_C66_MC -> A_A67_MC) type[cov], weight[1.00] from 65 to 66 dist[1.34]
Adding bndlst edge: (A_C66_MC -> A_Q71_SC) type[hb], weight[1.16] from 65 to 70 dist[1.85]
Adding bndlst edge: (A_A67_MC -> A_D68_MC) type[cov], weight[1.00] from 66 to 67 dist[1.33]
Adding bndlst edge: (A_A67_MC -> A_Q71_MC) type[hb], weight[0.93] from 66 to 70 dist[2.07]
Adding bndlst edge: (A_A67_MC -> A_L70_MC) type[hb], weight[0.53] from 66 to 69 dist[2.74]
Adding bndlst edge: (A_D68_MC -> A_D69_MC) type[cov], weight[1.00] from 67 to 68 dist[1.33]
Adding bndlst edge: (A_D68_MC -> A_T72_MC) type[hb], weight[0.61] from 67 to 71 dist[2.56]
Adding bndlst edge: (A_D68_MC -> A_Q71_MC) type[hb], weight[0.52] from 67 to 70 dist[2.77]
Adding bndlst edge: (A_D69_MC -> A_L70_MC) type[cov], weight[1.00] from 68 to 69 dist[1.33]
Adding bndlst edge: (A_D69_MC -> A_N73_MC) type[hb], weight[0.65] from 68 to 72 dist[2.48]
Adding bndlst edge: (A_D69_MC -> A_T72_SC) type[hb], weight[1.39] from 68 to 71 dist[1.70]
Adding bndlst edge: (A_D69_MC -> A_T72_MC) type[hb], weight[0.74] from 68 to 71 dist[2.32]
Adding bndlst edge: (A_L70_MC -> A_Q71_MC) type[cov], weight[1.00] from 69 to 70 dist[1.33]
Adding bndlst edge: (A_L70_MC -> A_L74_MC) type[hb], weight[0.91] from 69 to 73 dist[2.10]
Adding bndlst edge: (A_L70_MC -> A_N73_MC) type[hb], weight[0.91] from 69 to 72 dist[2.09]
Adding bndlst edge: (A_Q71_MC -> A_T72_MC) type[cov], weight[1.00] from 70 to 71 dist[1.33]
Adding bndlst edge: (A_Q71_MC -> A_L74_MC) type[hb], weight[0.48] from 70 to 73 dist[2.88]
Adding bndlst edge: (A_T72_MC -> A_N73_MC) type[cov], weight[1.00] from 71 to 72 dist[1.33]
Adding bndlst edge: (A_N73_MC -> A_L74_MC) type[cov], weight[1.00] from 72 to 73 dist[1.33]
Adding bndlst edge: (A_N73_MC -> A_S101_MC) type[hb], weight[0.85] from 72 to 100 dist[2.17]
Adding bndlst edge: (A_N73_MC -> A_I100_MC) type[hb], weight[1.17] from 72 to 99 dist[1.85]
Adding bndlst edge: (A_L74_MC -> A_N75_MC) type[cov], weight[1.00] from 73 to 74 dist[1.33]
Adding bndlst edge: (A_N75_SC -> A_Q77_SC) type[hb], weight[1.17] from 74 to 76 dist[1.85]
Adding bndlst edge: (A_N75_MC -> A_L76_MC) type[cov], weight[1.00] from 74 to 75 dist[1.33]
Adding bndlst edge: (A_N75_MC -> A_E98_MC) type[hb], weight[1.01] from 74 to 97 dist[1.99]
Adding bndlst edge: (A_N75_MC -> A_E98_MC) type[hb], weight[1.19] from 74 to 97 dist[1.83]
Adding bndlst edge: (A_N75_SC -> A_E98_SC) type[hb], weight[0.66] from 74 to 97 dist[2.46]
Adding bndlst edge: (A_L76_MC -> A_Q77_MC) type[cov], weight[1.00] from 75 to 76 dist[1.32]
Adding bndlst edge: (A_Q77_MC -> A_T78_MC) type[cov], weight[1.00] from 76 to 77 dist[1.33]
Adding bndlst edge: (A_Q77_MC -> A_N96_MC) type[hb], weight[1.09] from 76 to 95 dist[1.91]
Adding bndlst edge: (A_Q77_MC -> A_N96_MC) type[hb], weight[1.16] from 76 to 95 dist[1.85]
Adding bndlst edge: (A_T78_MC -> A_K79_MC) type[cov], weight[1.00] from 77 to 78 dist[1.32]
Adding bndlst edge: (A_T78_SC -> A_Q93_SC) type[hb], weight[1.12] from 77 to 92 dist[1.89]
Adding bndlst edge: (A_T78_SC -> A_K79_MC) type[hb], weight[0.67] from 77 to 78 dist[2.45]
Adding bndlst edge: (A_T78_SC -> A_V94_MC) type[hb], weight[1.27] from 77 to 93 dist[1.77]
Adding bndlst edge: (A_K79_MC -> A_P80_MC) type[cov], weight[1.00] from 78 to 79 dist[1.36]
Adding bndlst edge: (A_P80_MC -> A_V81_MC) type[cov], weight[1.00] from 79 to 80 dist[1.32]
Adding bndlst edge: (A_V81_MC -> A_D82_MC) type[cov], weight[1.00] from 80 to 81 dist[1.32]
Adding bndlst edge: (A_D82_MC -> A_P83_MC) type[cov], weight[1.00] from 81 to 82 dist[1.35]
Adding bndlst edge: (A_D82_MC -> A_T84_MC) type[hb], weight[0.45] from 81 to 83 dist[2.99]
Adding bndlst edge: (A_D82_SC -> A_T84_MC) type[hb], weight[1.02] from 81 to 83 dist[1.98]
Adding bndlst edge: (A_P83_MC -> A_T84_MC) type[cov], weight[1.00] from 82 to 83 dist[1.32]
Adding bndlst edge: (A_T84_MC -> A_V85_MC) type[cov], weight[1.00] from 83 to 84 dist[1.33]
Adding bndlst edge: (A_V85_MC -> A_D86_MC) type[cov], weight[1.00] from 84 to 85 dist[1.33]
Adding bndlst edge: (A_D86_MC -> A_G87_MC) type[cov], weight[1.00] from 85 to 86 dist[1.33]
Adding bndlst edge: (A_D86_MC -> A_A89_MC) type[hb], weight[1.01] from 85 to 88 dist[1.99]
Adding bndlst edge: (A_G87_MC -> A_G88_MC) type[cov], weight[1.00] from 86 to 87 dist[1.33]
Adding bndlst edge: (A_G87_MC -> A_A89_MC) type[hb], weight[0.49] from 86 to 88 dist[2.86]
Adding bndlst edge: (A_G88_MC -> A_A89_MC) type[cov], weight[1.00] from 87 to 88 dist[1.34]
Adding bndlst edge: (A_A89_MC -> A_Q90_MC) type[cov], weight[1.00] from 88 to 89 dist[1.32]
Adding bndlst edge: (A_Q90_MC -> A_V91_MC) type[cov], weight[1.00] from 89 to 90 dist[1.33]
Adding bndlst edge: (A_V91_MC -> A_Q92_MC) type[cov], weight[1.00] from 90 to 91 dist[1.32]
Adding bndlst edge: (A_Q92_MC -> A_Q93_MC) type[cov], weight[1.00] from 91 to 92 dist[1.33]
Adding bndlst edge: (A_Q93_MC -> A_V94_MC) type[cov], weight[1.00] from 92 to 93 dist[1.32]
Adding bndlst edge: (A_V94_MC -> A_I95_MC) type[cov], weight[1.00] from 93 to 94 dist[1.33]
Adding bndlst edge: (A_I95_MC -> A_N96_MC) type[cov], weight[1.00] from 94 to 95 dist[1.32]
Adding bndlst edge: (A_N96_MC -> A_I97_MC) type[cov], weight[1.00] from 95 to 96 dist[1.33]
Adding bndlst edge: (A_I97_MC -> A_E98_MC) type[cov], weight[1.00] from 96 to 97 dist[1.33]
Adding bndlst edge: (A_E98_MC -> A_C99_MC) type[cov], weight[1.00] from 97 to 98 dist[1.32]
Adding bndlst edge: (A_C99_MC -> A_I100_MC) type[cov], weight[1.00] from 98 to 99 dist[1.33]
Adding bndlst edge: (A_C99_MC -> A_K204_MC) type[hb], weight[0.94] from 98 to 203 dist[2.06]
Adding bndlst edge: (A_C99_SC -> A_S101_MC) type[hb], weight[0.45] from 98 to 100 dist[2.97]
Adding bndlst edge: (A_C99_SC -> A_F103_SC) type[hb], weight[0.62] from 98 to 102 dist[2.54]
Adding bndlst edge: (A_C99_SC -> A_F103_SC) type[hb], weight[0.57] from 98 to 102 dist[2.64]
Adding bndlst edge: (A_I100_MC -> A_S101_MC) type[cov], weight[1.00] from 99 to 100 dist[1.33]
Adding bndlst edge: (A_I100_MC -> A_T205_MC) type[hb], weight[0.83] from 99 to 204 dist[2.20]
Adding bndlst edge: (A_I100_MC -> A_K204_MC) type[hb], weight[0.52] from 99 to 203 dist[2.77]
Adding bndlst edge: (A_I100_MC -> A_T205_SC) type[hb], weight[1.43] from 99 to 204 dist[1.68]
Adding bndlst edge: (A_S101_MC -> A_D102_MC) type[cov], weight[1.00] from 100 to 101 dist[1.32]
Adding bndlst edge: (A_S101_SC -> A_D102_MC) type[hb], weight[0.73] from 100 to 101 dist[2.35]
Adding bndlst edge: (A_D102_MC -> A_F103_MC) type[cov], weight[1.00] from 101 to 102 dist[1.33]
Adding bndlst edge: (A_D102_SC -> A_K231_SC) type[salt], weight[0.44] from 101 to 230 dist[2.86]
Adding bndlst edge: (A_D102_SC -> A_K231_SC) type[cov], weight[1.00] from 101 to 230 dist[1.64]
Adding bndlst edge: (A_F103_MC -> A_T104_MC) type[cov], weight[1.00] from 102 to 103 dist[1.33]
Adding bndlst edge: (A_T104_MC -> A_E105_MC) type[cov], weight[1.00] from 103 to 104 dist[1.33]
Adding bndlst edge: (A_E105_MC -> A_A106_MC) type[cov], weight[1.00] from 104 to 105 dist[1.33]
Adding bndlst edge: (A_A106_MC -> A_P107_MC) type[cov], weight[1.00] from 105 to 106 dist[1.33]
Adding bndlst edge: (A_P107_MC -> A_V108_MC) type[cov], weight[1.00] from 106 to 107 dist[1.33]
Adding bndlst edge: (A_P107_MC -> A_L126_MC) type[hb], weight[1.15] from 106 to 125 dist[1.86]
Adding bndlst edge: (A_V108_MC -> A_L109_MC) type[cov], weight[1.00] from 107 to 108 dist[1.33]
Adding bndlst edge: (A_L109_MC -> A_N110_MC) type[cov], weight[1.00] from 108 to 109 dist[1.33]
Adding bndlst edge: (A_L109_MC -> A_V124_MC) type[hb], weight[1.03] from 108 to 123 dist[1.97]
Adding bndlst edge: (A_L109_MC -> A_V124_MC) type[hb], weight[1.18] from 108 to 123 dist[1.84]
Adding bndlst edge: (A_N110_MC -> A_I111_MC) type[cov], weight[1.00] from 109 to 110 dist[1.33]
Adding bndlst edge: (A_N110_SC -> A_Q112_SC) type[hb], weight[1.11] from 109 to 111 dist[1.90]
Adding bndlst edge: (A_N110_SC -> A_N121_SC) type[hb], weight[1.04] from 109 to 120 dist[1.96]
Adding bndlst edge: (A_N110_SC -> A_V122_MC) type[hb], weight[0.48] from 109 to 121 dist[2.89]
Adding bndlst edge: (A_N110_SC -> A_S123_SC) type[hb], weight[0.97] from 109 to 122 dist[2.03]
Adding bndlst edge: (A_I111_MC -> A_Q112_MC) type[cov], weight[1.00] from 110 to 111 dist[1.33]
Adding bndlst edge: (A_I111_MC -> A_V122_MC) type[hb], weight[1.12] from 110 to 121 dist[1.89]
Adding bndlst edge: (A_I111_MC -> A_V122_MC) type[hb], weight[1.29] from 110 to 121 dist[1.76]
Adding bndlst edge: (A_Q112_MC -> A_F113_MC) type[cov], weight[1.00] from 111 to 112 dist[1.32]
Adding bndlst edge: (A_F113_MC -> A_R114_MC) type[cov], weight[1.00] from 112 to 113 dist[1.33]
Adding bndlst edge: (A_F113_MC -> A_Q120_MC) type[hb], weight[1.09] from 112 to 119 dist[1.91]
Adding bndlst edge: (A_F113_MC -> A_Q120_MC) type[hb], weight[0.75] from 112 to 119 dist[2.31]
Adding bndlst edge: (A_R114_MC -> A_Y115_MC) type[cov], weight[1.00] from 113 to 114 dist[1.33]
Adding bndlst edge: (A_Y115_MC -> A_G116_MC) type[cov], weight[1.00] from 114 to 115 dist[1.32]
Adding bndlst edge: (A_Y115_MC -> A_T118_SC) type[hb], weight[1.36] from 114 to 117 dist[1.71]
Adding bndlst edge: (A_Y115_MC -> A_T118_MC) type[hb], weight[1.00] from 114 to 117 dist[2.00]
Adding bndlst edge: (A_Y115_SC -> A_T118_SC) type[hb], weight[0.38] from 114 to 117 dist[3.24]
Adding bndlst edge: (A_Y115_MC -> A_T118_MC) type[hb], weight[1.00] from 114 to 117 dist[2.00]
Adding bndlst edge: (A_G116_MC -> A_G117_MC) type[cov], weight[1.00] from 115 to 116 dist[1.33]
Adding bndlst edge: (A_G116_MC -> A_T118_MC) type[hb], weight[0.45] from 115 to 117 dist[2.99]
Adding bndlst edge: (A_G117_MC -> A_T118_MC) type[cov], weight[1.00] from 116 to 117 dist[1.34]
Adding bndlst edge: (A_T118_MC -> A_F119_MC) type[cov], weight[1.00] from 117 to 118 dist[1.33]
Adding bndlst edge: (A_T118_SC -> A_Q120_SC) type[hb], weight[0.97] from 117 to 119 dist[2.03]
Adding bndlst edge: (A_F119_MC -> A_Q120_MC) type[cov], weight[1.00] from 118 to 119 dist[1.33]
Adding bndlst edge: (A_Q120_MC -> A_N121_MC) type[cov], weight[1.00] from 119 to 120 dist[1.33]
Adding bndlst edge: (A_N121_MC -> A_V122_MC) type[cov], weight[1.00] from 120 to 121 dist[1.33]
Adding bndlst edge: (A_V122_MC -> A_S123_MC) type[cov], weight[1.00] from 121 to 122 dist[1.33]
Adding bndlst edge: (A_S123_MC -> A_V124_MC) type[cov], weight[1.00] from 122 to 123 dist[1.33]
Adding bndlst edge: (A_V124_MC -> A_K125_MC) type[cov], weight[1.00] from 123 to 124 dist[1.33]
Adding bndlst edge: (A_K125_MC -> A_L126_MC) type[cov], weight[1.00] from 124 to 125 dist[1.32]
Adding bndlst edge: (A_L126_MC -> A_P127_MC) type[cov], weight[1.00] from 125 to 126 dist[1.35]
Adding bndlst edge: (A_L126_MC -> A_I128_MC) type[hb], weight[1.05] from 125 to 127 dist[1.95]
Adding bndlst edge: (A_P127_MC -> A_I128_MC) type[cov], weight[1.00] from 126 to 127 dist[1.32]
Adding bndlst edge: (A_I128_MC -> A_T129_MC) type[cov], weight[1.00] from 127 to 128 dist[1.33]
Adding bndlst edge: (A_T129_MC -> A_L130_MC) type[cov], weight[1.00] from 128 to 129 dist[1.33]
Adding bndlst edge: (A_T129_MC -> A_K132_MC) type[hb], weight[1.02] from 128 to 131 dist[1.98]
Adding bndlst edge: (A_T129_SC -> A_N131_SC) type[hb], weight[1.43] from 128 to 130 dist[1.67]
Adding bndlst edge: (A_L130_MC -> A_N131_MC) type[cov], weight[1.00] from 129 to 130 dist[1.33]
Adding bndlst edge: (A_L130_MC -> A_F133_MC) type[hb], weight[0.93] from 129 to 132 dist[2.08]
Adding bndlst edge: (A_N131_MC -> A_K132_MC) type[cov], weight[1.00] from 130 to 131 dist[1.34]
Adding bndlst edge: (A_N131_MC -> A_F134_MC) type[hb], weight[0.94] from 130 to 133 dist[2.06]
Adding bndlst edge: (A_N131_SC -> A_F180_MC) type[hb], weight[0.78] from 130 to 179 dist[2.27]
Adding bndlst edge: (A_K132_MC -> A_F133_MC) type[cov], weight[1.00] from 131 to 132 dist[1.33]
Adding bndlst edge: (A_F133_MC -> A_F134_MC) type[cov], weight[1.00] from 132 to 133 dist[1.33]
Adding bndlst edge: (A_F133_MC -> A_H202_MC) type[hb], weight[1.24] from 132 to 201 dist[1.79]
Adding bndlst edge: (A_F134_MC -> A_Q135_MC) type[cov], weight[1.00] from 133 to 134 dist[1.34]
Adding bndlst edge: (A_Q135_MC -> A_P136_MC) type[cov], weight[1.00] from 134 to 135 dist[1.33]
Adding bndlst edge: (A_Q135_MC -> A_I200_MC) type[hb], weight[1.10] from 134 to 199 dist[1.90]
Adding bndlst edge: (A_Q135_MC -> A_I200_MC) type[hb], weight[1.04] from 134 to 199 dist[1.96]
Adding bndlst edge: (A_P136_MC -> A_T137_MC) type[cov], weight[1.00] from 135 to 136 dist[1.34]
Adding bndlst edge: (A_T137_MC -> A_E138_MC) type[cov], weight[1.00] from 136 to 137 dist[1.33]
Adding bndlst edge: (A_T137_MC -> A_A198_MC) type[hb], weight[0.94] from 136 to 197 dist[2.06]
Adding bndlst edge: (A_E138_MC -> A_M139_MC) type[cov], weight[1.00] from 137 to 138 dist[1.32]
Adding bndlst edge: (A_M139_MC -> A_A140_MC) type[cov], weight[1.00] from 138 to 139 dist[1.32]
Adding bndlst edge: (A_M139_SC -> A_R147_SC) type[hb], weight[0.53] from 138 to 146 dist[2.76]
Adding bndlst edge: (A_A140_MC -> A_S141_MC) type[cov], weight[1.00] from 139 to 140 dist[1.33]
Adding bndlst edge: (A_A140_MC -> A_F144_MC) type[hb], weight[0.98] from 139 to 143 dist[2.02]
Adding bndlst edge: (A_A140_MC -> A_D143_MC) type[hb], weight[0.63] from 139 to 142 dist[2.53]
Adding bndlst edge: (A_S141_MC -> A_Q142_MC) type[cov], weight[1.00] from 140 to 141 dist[1.33]
Adding bndlst edge: (A_S141_MC -> A_F145_MC) type[hb], weight[1.00] from 140 to 144 dist[2.00]
Adding bndlst edge: (A_S141_MC -> A_F144_MC) type[hb], weight[0.56] from 140 to 143 dist[2.68]
Adding bndlst edge: (A_S141_SC -> A_F145_SC) type[hb], weight[0.54] from 140 to 144 dist[2.71]
Adding bndlst edge: (A_S141_SC -> A_F145_SC) type[hb], weight[0.49] from 140 to 144 dist[2.87]
Adding bndlst edge: (A_Q142_MC -> A_D143_MC) type[cov], weight[1.00] from 141 to 142 dist[1.33]
Adding bndlst edge: (A_Q142_MC -> A_Q146_MC) type[hb], weight[0.90] from 141 to 145 dist[2.11]
Adding bndlst edge: (A_Q142_MC -> A_F145_MC) type[hb], weight[0.46] from 141 to 144 dist[2.96]
Adding bndlst edge: (A_D143_MC -> A_F144_MC) type[cov], weight[1.00] from 142 to 143 dist[1.33]
Adding bndlst edge: (A_D143_MC -> A_Q146_MC) type[hb], weight[0.46] from 142 to 145 dist[2.94]
Adding bndlst edge: (A_D143_MC -> A_R147_MC) type[hb], weight[1.01] from 142 to 146 dist[1.99]
Adding bndlst edge: (A_F144_MC -> A_F145_MC) type[cov], weight[1.00] from 143 to 144 dist[1.33]
Adding bndlst edge: (A_F144_MC -> A_W148_MC) type[hb], weight[1.18] from 143 to 147 dist[1.84]
Adding bndlst edge: (A_F144_MC -> A_R147_MC) type[hb], weight[0.59] from 143 to 146 dist[2.60]
Adding bndlst edge: (A_F145_MC -> A_Q146_MC) type[cov], weight[1.00] from 144 to 145 dist[1.33]
Adding bndlst edge: (A_F145_MC -> A_K149_MC) type[hb], weight[0.97] from 144 to 148 dist[2.03]
Adding bndlst edge: (A_F145_MC -> A_W148_MC) type[hb], weight[0.47] from 144 to 147 dist[2.90]
Adding bndlst edge: (A_Q146_MC -> A_R147_MC) type[cov], weight[1.00] from 145 to 146 dist[1.32]
Adding bndlst edge: (A_Q146_MC -> A_Q150_MC) type[hb], weight[0.79] from 145 to 149 dist[2.25]
Adding bndlst edge: (A_Q146_MC -> A_K149_MC) type[hb], weight[0.49] from 145 to 148 dist[2.86]
Adding bndlst edge: (A_R147_MC -> A_W148_MC) type[cov], weight[1.00] from 146 to 147 dist[1.33]
Adding bndlst edge: (A_R147_MC -> A_Q150_MC) type[hb], weight[0.63] from 146 to 149 dist[2.52]
Adding bndlst edge: (A_R147_MC -> A_L151_MC) type[hb], weight[0.47] from 146 to 150 dist[2.93]
Adding bndlst edge: (A_W148_MC -> A_K149_MC) type[cov], weight[1.00] from 147 to 148 dist[1.33]
Adding bndlst edge: (A_W148_MC -> A_R228_SC) type[hb], weight[0.99] from 147 to 227 dist[2.01]
Adding bndlst edge: (A_W148_MC -> A_L151_MC) type[hb], weight[0.96] from 147 to 150 dist[2.04]
Adding bndlst edge: (A_W148_SC -> A_R228_SC) type[hb], weight[0.36] from 147 to 227 dist[3.33]
Adding bndlst edge: (A_K149_MC -> A_Q150_MC) type[cov], weight[1.00] from 148 to 149 dist[1.33]
Adding bndlst edge: (A_Q150_MC -> A_L151_MC) type[cov], weight[1.00] from 149 to 150 dist[1.33]
Adding bndlst edge: (A_L151_MC -> A_S152_MC) type[cov], weight[1.00] from 150 to 151 dist[1.33]
Adding bndlst edge: (A_S152_MC -> A_N153_MC) type[cov], weight[1.00] from 151 to 152 dist[1.33]
Adding bndlst edge: (A_N153_MC -> A_P154_MC) type[cov], weight[1.00] from 152 to 153 dist[1.35]
Adding bndlst edge: (A_N153_MC -> A_Q156_MC) type[hb], weight[0.95] from 152 to 155 dist[2.05]
Adding bndlst edge: (A_N153_MC -> A_Q156_SC) type[hb], weight[0.66] from 152 to 155 dist[2.45]
Adding bndlst edge: (A_P154_MC -> A_Q155_MC) type[cov], weight[1.00] from 153 to 154 dist[1.33]
Adding bndlst edge: (A_P154_MC -> A_E157_MC) type[hb], weight[0.69] from 153 to 156 dist[2.40]
Adding bndlst edge: (A_Q155_MC -> A_Q156_MC) type[cov], weight[1.00] from 154 to 155 dist[1.33]
Adding bndlst edge: (A_Q156_MC -> A_E157_MC) type[cov], weight[1.00] from 155 to 156 dist[1.33]
Adding bndlst edge: (A_Q156_MC -> A_T229_MC) type[hb], weight[0.78] from 155 to 228 dist[2.26]
Adding bndlst edge: (A_Q156_MC -> A_S235_SC) type[hb], weight[1.23] from 155 to 234 dist[1.80]
Adding bndlst edge: (A_Q156_SC -> A_S230_MC) type[hb], weight[0.55] from 155 to 229 dist[2.70]
Adding bndlst edge: (A_E157_MC -> A_V158_MC) type[cov], weight[1.00] from 156 to 157 dist[1.32]
Adding bndlst edge: (A_E157_SC -> A_R228_SC) type[salt], weight[0.82] from 156 to 227 dist[2.09]
Adding bndlst edge: (A_E157_SC -> A_R228_SC) type[salt], weight[0.91] from 156 to 227 dist[1.99]
Adding bndlst edge: (A_V158_MC -> A_Q159_MC) type[cov], weight[1.00] from 157 to 158 dist[1.33]
Adding bndlst edge: (A_V158_MC -> A_C239_SC) type[hb], weight[0.48] from 157 to 238 dist[2.88]
Adding bndlst edge: (A_V158_MC -> A_L227_MC) type[hb], weight[1.14] from 157 to 226 dist[1.88]
Adding bndlst edge: (A_V158_MC -> A_L227_MC) type[hb], weight[0.93] from 157 to 226 dist[2.08]
Adding bndlst edge: (A_Q159_MC -> A_N160_MC) type[cov], weight[1.00] from 158 to 159 dist[1.32]
Adding bndlst edge: (A_Q159_SC -> A_T226_SC) type[hb], weight[1.02] from 158 to 225 dist[1.98]
Adding bndlst edge: (A_N160_MC -> A_I161_MC) type[cov], weight[1.00] from 159 to 160 dist[1.33]
Adding bndlst edge: (A_N160_MC -> A_L225_MC) type[hb], weight[1.09] from 159 to 224 dist[1.92]
Adding bndlst edge: (A_N160_SC -> A_I161_MC) type[hb], weight[0.72] from 159 to 160 dist[2.35]
Adding bndlst edge: (A_N160_MC -> A_L225_MC) type[hb], weight[0.94] from 159 to 224 dist[2.07]
Adding bndlst edge: (A_N160_SC -> A_S243_SC) type[hb], weight[0.96] from 159 to 242 dist[2.04]
Adding bndlst edge: (A_I161_MC -> A_F162_MC) type[cov], weight[1.00] from 160 to 161 dist[1.32]
Adding bndlst edge: (A_F162_MC -> A_K163_MC) type[cov], weight[1.00] from 161 to 162 dist[1.33]
Adding bndlst edge: (A_F162_MC -> A_Y223_MC) type[hb], weight[1.04] from 161 to 222 dist[1.96]
Adding bndlst edge: (A_F162_MC -> A_Y223_MC) type[hb], weight[0.89] from 161 to 222 dist[2.12]
Adding bndlst edge: (A_K163_MC -> A_A164_MC) type[cov], weight[1.00] from 162 to 163 dist[1.32]
Adding bndlst edge: (A_A164_MC -> A_K165_MC) type[cov], weight[1.00] from 163 to 164 dist[1.33]
Adding bndlst edge: (A_A164_MC -> A_Q221_MC) type[hb], weight[1.10] from 163 to 220 dist[1.91]
Adding bndlst edge: (A_K165_MC -> A_H166_MC) type[cov], weight[1.00] from 164 to 165 dist[1.33]
Adding bndlst edge: (A_K165_MC -> A_F246_MC) type[hb], weight[1.10] from 164 to 245 dist[1.91]
Adding bndlst edge: (A_K165_MC -> A_F246_MC) type[hb], weight[0.60] from 164 to 245 dist[2.58]
Adding bndlst edge: (A_K165_SC -> A_E244_SC) type[salt], weight[0.64] from 164 to 243 dist[2.38]
Adding bndlst edge: (A_H166_MC -> A_P167_MC) type[cov], weight[1.00] from 165 to 166 dist[1.34]
Adding bndlst edge: (A_H166_MC -> A_F246_MC) type[hb], weight[0.97] from 165 to 245 dist[2.03]
Adding bndlst edge: (A_H166_SC -> A_Q245_MC) type[hb], weight[0.58] from 165 to 244 dist[2.62]
Adding bndlst edge: (A_P167_MC -> A_M168_MC) type[cov], weight[1.00] from 166 to 167 dist[1.32]
Adding bndlst edge: (A_P167_MC -> A_D169_MC) type[hb], weight[0.88] from 166 to 168 dist[2.13]
Adding bndlst edge: (A_M168_MC -> A_D169_MC) type[cov], weight[1.00] from 167 to 168 dist[1.33]
Adding bndlst edge: (A_D169_MC -> A_T170_MC) type[cov], weight[1.00] from 168 to 169 dist[1.32]
Adding bndlst edge: (A_D169_MC -> A_T173_MC) type[hb], weight[1.10] from 168 to 172 dist[1.91]
Adding bndlst edge: (A_D169_MC -> A_I172_MC) type[hb], weight[0.60] from 168 to 171 dist[2.58]
Adding bndlst edge: (A_D169_MC -> A_T173_SC) type[hb], weight[0.96] from 168 to 172 dist[2.04]
Adding bndlst edge: (A_D169_SC -> A_I172_MC) type[hb], weight[0.72] from 168 to 171 dist[2.35]
Adding bndlst edge: (A_D169_SC -> A_E171_MC) type[hb], weight[0.56] from 168 to 170 dist[2.67]
Adding bndlst edge: (A_T170_MC -> A_E171_MC) type[cov], weight[1.00] from 169 to 170 dist[1.33]
Adding bndlst edge: (A_T170_MC -> A_K174_MC) type[hb], weight[0.91] from 169 to 173 dist[2.10]
Adding bndlst edge: (A_T170_MC -> A_T173_MC) type[hb], weight[0.49] from 169 to 172 dist[2.87]
Adding bndlst edge: (A_E171_MC -> A_I172_MC) type[cov], weight[1.00] from 170 to 171 dist[1.32]
Adding bndlst edge: (A_E171_MC -> A_K174_MC) type[hb], weight[0.48] from 170 to 173 dist[2.88]
Adding bndlst edge: (A_E171_MC -> A_A175_MC) type[hb], weight[0.87] from 170 to 174 dist[2.14]
Adding bndlst edge: (A_E171_SC -> A_K174_SC) type[salt], weight[0.70] from 170 to 173 dist[2.27]
Adding bndlst edge: (A_I172_MC -> A_T173_MC) type[cov], weight[1.00] from 171 to 172 dist[1.33]
Adding bndlst edge: (A_I172_MC -> A_A175_MC) type[hb], weight[0.59] from 171 to 174 dist[2.61]
Adding bndlst edge: (A_I172_MC -> A_K176_MC) type[hb], weight[1.09] from 171 to 175 dist[1.91]
Adding bndlst edge: (A_T173_MC -> A_K174_MC) type[cov], weight[1.00] from 172 to 173 dist[1.33]
Adding bndlst edge: (A_T173_MC -> A_I177_MC) type[hb], weight[0.99] from 172 to 176 dist[2.02]
Adding bndlst edge: (A_T173_MC -> A_K176_MC) type[hb], weight[0.62] from 172 to 175 dist[2.54]
Adding bndlst edge: (A_K174_MC -> A_A175_MC) type[cov], weight[1.00] from 173 to 174 dist[1.33]
Adding bndlst edge: (A_K174_MC -> A_I178_MC) type[hb], weight[0.90] from 173 to 177 dist[2.11]
Adding bndlst edge: (A_K174_MC -> A_I177_MC) type[hb], weight[0.51] from 173 to 176 dist[2.79]
Adding bndlst edge: (A_A175_MC -> A_K176_MC) type[cov], weight[1.00] from 174 to 175 dist[1.33]
Adding bndlst edge: (A_A175_MC -> A_G179_MC) type[hb], weight[1.07] from 174 to 178 dist[1.93]
Adding bndlst edge: (A_K176_MC -> A_I177_MC) type[cov], weight[1.00] from 175 to 176 dist[1.33]
Adding bndlst edge: (A_K176_MC -> A_F180_MC) type[hb], weight[0.97] from 175 to 179 dist[2.03]
Adding bndlst edge: (A_K176_MC -> A_G179_MC) type[hb], weight[0.49] from 175 to 178 dist[2.85]
Adding bndlst edge: (A_K176_SC -> A_Q245_MC) type[hb], weight[1.20] from 175 to 244 dist[1.82]
Adding bndlst edge: (A_I177_MC -> A_I178_MC) type[cov], weight[1.00] from 176 to 177 dist[1.33]
Adding bndlst edge: (A_I177_MC -> A_S182_MC) type[hb], weight[0.67] from 176 to 181 dist[2.45]
Adding bndlst edge: (A_I177_MC -> A_G181_MC) type[hb], weight[0.54] from 176 to 180 dist[2.72]
Adding bndlst edge: (A_I177_MC -> A_F180_MC) type[hb], weight[0.63] from 176 to 179 dist[2.52]
Adding bndlst edge: (A_I178_MC -> A_G179_MC) type[cov], weight[1.00] from 177 to 178 dist[1.33]
Adding bndlst edge: (A_I178_MC -> A_G181_MC) type[hb], weight[0.88] from 177 to 180 dist[2.13]
Adding bndlst edge: (A_G179_MC -> A_F180_MC) type[cov], weight[1.00] from 178 to 179 dist[1.33]
Adding bndlst edge: (A_F180_MC -> A_G181_MC) type[cov], weight[1.00] from 179 to 180 dist[1.33]
Adding bndlst edge: (A_G181_MC -> A_S182_MC) type[cov], weight[1.00] from 180 to 181 dist[1.32]
Adding bndlst edge: (A_S182_MC -> A_A183_MC) type[cov], weight[1.00] from 181 to 182 dist[1.33]
Adding bndlst edge: (A_S182_SC -> A_A198_MC) type[hb], weight[0.56] from 181 to 197 dist[2.68]
Adding bndlst edge: (A_S182_SC -> A_A183_MC) type[hb], weight[1.31] from 181 to 182 dist[1.75]
Adding bndlst edge: (A_A183_MC -> A_L184_MC) type[cov], weight[1.00] from 182 to 183 dist[1.33]
Adding bndlst edge: (A_A183_MC -> A_A198_MC) type[hb], weight[0.64] from 182 to 197 dist[2.50]
Adding bndlst edge: (A_A183_MC -> A_A198_MC) type[hb], weight[1.15] from 182 to 197 dist[1.86]
Adding bndlst edge: (A_L184_MC -> A_L185_MC) type[cov], weight[1.00] from 183 to 184 dist[1.32]
Adding bndlst edge: (A_L185_MC -> A_E186_MC) type[cov], weight[1.00] from 184 to 185 dist[1.33]
Adding bndlst edge: (A_L185_MC -> A_V196_MC) type[hb], weight[1.12] from 184 to 195 dist[1.89]
Adding bndlst edge: (A_E186_MC -> A_E187_MC) type[cov], weight[1.00] from 185 to 186 dist[1.33]
Adding bndlst edge: (A_E187_MC -> A_V188_MC) type[cov], weight[1.00] from 186 to 187 dist[1.33]
Adding bndlst edge: (A_V188_MC -> A_D189_MC) type[cov], weight[1.00] from 187 to 188 dist[1.33]
Adding bndlst edge: (A_D189_MC -> A_P190_MC) type[cov], weight[1.00] from 188 to 189 dist[1.34]
Adding bndlst edge: (A_D189_SC -> A_N191_MC) type[hb], weight[1.12] from 188 to 190 dist[1.89]
Adding bndlst edge: (A_D189_SC -> A_N194_SC) type[hb], weight[0.53] from 188 to 193 dist[2.76]
Adding bndlst edge: (A_D189_SC -> A_R213_SC) type[salt], weight[0.75] from 188 to 212 dist[2.19]
Adding bndlst edge: (A_D189_SC -> A_R213_SC) type[salt], weight[0.88] from 188 to 212 dist[2.02]
Adding bndlst edge: (A_D189_SC -> A_N194_SC) type[hb], weight[1.16] from 188 to 193 dist[1.85]
Adding bndlst edge: (A_P190_MC -> A_N191_MC) type[cov], weight[1.00] from 189 to 190 dist[1.33]
Adding bndlst edge: (A_N191_MC -> A_P192_MC) type[cov], weight[1.00] from 190 to 191 dist[1.35]
Adding bndlst edge: (A_N191_MC -> A_A193_MC) type[hb], weight[0.48] from 190 to 192 dist[2.90]
Adding bndlst edge: (A_N191_MC -> A_N194_MC) type[hb], weight[0.94] from 190 to 193 dist[2.06]
Adding bndlst edge: (A_N191_SC -> A_A193_MC) type[hb], weight[1.07] from 190 to 192 dist[1.94]
Adding bndlst edge: (A_P192_MC -> A_A193_MC) type[cov], weight[1.00] from 191 to 192 dist[1.33]
Adding bndlst edge: (A_A193_MC -> A_N194_MC) type[cov], weight[1.00] from 192 to 193 dist[1.32]
Adding bndlst edge: (A_N194_MC -> A_F195_MC) type[cov], weight[1.00] from 193 to 194 dist[1.33]
Adding bndlst edge: (A_F195_MC -> A_V196_MC) type[cov], weight[1.00] from 194 to 195 dist[1.33]
Adding bndlst edge: (A_F195_MC -> A_L214_MC) type[hb], weight[1.22] from 194 to 213 dist[1.81]
Adding bndlst edge: (A_F195_MC -> A_L214_MC) type[hb], weight[1.12] from 194 to 213 dist[1.89]
Adding bndlst edge: (A_V196_MC -> A_G197_MC) type[cov], weight[1.00] from 195 to 196 dist[1.33]
Adding bndlst edge: (A_G197_MC -> A_A198_MC) type[cov], weight[1.00] from 196 to 197 dist[1.33]
Adding bndlst edge: (A_G197_MC -> A_L212_MC) type[hb], weight[0.96] from 196 to 211 dist[2.04]
Adding bndlst edge: (A_G197_MC -> A_L212_MC) type[hb], weight[1.02] from 196 to 211 dist[1.98]
Adding bndlst edge: (A_A198_MC -> A_G199_MC) type[cov], weight[1.00] from 197 to 198 dist[1.31]
Adding bndlst edge: (A_G199_MC -> A_I200_MC) type[cov], weight[1.00] from 198 to 199 dist[1.33]
Adding bndlst edge: (A_G199_MC -> A_C210_MC) type[hb], weight[1.20] from 198 to 209 dist[1.82]
Adding bndlst edge: (A_G199_MC -> A_C210_MC) type[hb], weight[1.01] from 198 to 209 dist[2.00]
Adding bndlst edge: (A_I200_MC -> A_I201_MC) type[cov], weight[1.00] from 199 to 200 dist[1.32]
Adding bndlst edge: (A_I200_MC -> A_H202_SC) type[hb], weight[0.76] from 199 to 201 dist[2.30]
Adding bndlst edge: (A_I201_MC -> A_H202_MC) type[cov], weight[1.00] from 200 to 201 dist[1.33]
Adding bndlst edge: (A_I201_MC -> A_I208_MC) type[hb], weight[0.88] from 200 to 207 dist[2.13]
Adding bndlst edge: (A_I201_MC -> A_I208_MC) type[hb], weight[1.18] from 200 to 207 dist[1.84]
Adding bndlst edge: (A_H202_MC -> A_T203_MC) type[cov], weight[1.00] from 201 to 202 dist[1.34]
Adding bndlst edge: (A_T203_MC -> A_K204_MC) type[cov], weight[1.00] from 202 to 203 dist[1.32]
Adding bndlst edge: (A_T203_MC -> A_T206_MC) type[hb], weight[0.47] from 202 to 205 dist[2.92]
Adding bndlst edge: (A_T203_SC -> A_T206_MC) type[hb], weight[0.83] from 202 to 205 dist[2.19]
Adding bndlst edge: (A_T203_SC -> A_T205_MC) type[hb], weight[0.55] from 202 to 204 dist[2.69]
Adding bndlst edge: (A_T203_MC -> A_T206_MC) type[hb], weight[0.76] from 202 to 205 dist[2.30]
Adding bndlst edge: (A_T203_SC -> A_T206_MC) type[hb], weight[1.31] from 202 to 205 dist[1.75]
Adding bndlst edge: (A_K204_MC -> A_T205_MC) type[cov], weight[1.00] from 203 to 204 dist[1.32]
Adding bndlst edge: (A_T205_MC -> A_T206_MC) type[cov], weight[1.00] from 204 to 205 dist[1.34]
Adding bndlst edge: (A_T206_MC -> A_Q207_MC) type[cov], weight[1.00] from 205 to 206 dist[1.32]
Adding bndlst edge: (A_T206_SC -> A_Q207_MC) type[hb], weight[0.62] from 205 to 206 dist[2.55]
Adding bndlst edge: (A_Q207_MC -> A_I208_MC) type[cov], weight[1.00] from 206 to 207 dist[1.33]
Adding bndlst edge: (A_I208_MC -> A_G209_MC) type[cov], weight[1.00] from 207 to 208 dist[1.33]
Adding bndlst edge: (A_I208_MC -> A_C210_SC) type[hb], weight[0.87] from 207 to 209 dist[2.14]
Adding bndlst edge: (A_G209_MC -> A_C210_MC) type[cov], weight[1.00] from 208 to 209 dist[1.32]
Adding bndlst edge: (A_C210_MC -> A_L211_MC) type[cov], weight[1.00] from 209 to 210 dist[1.33]
Adding bndlst edge: (A_L211_MC -> A_L212_MC) type[cov], weight[1.00] from 210 to 211 dist[1.33]
Adding bndlst edge: (A_L211_MC -> A_R228_MC) type[hb], weight[1.07] from 210 to 227 dist[1.94]
Adding bndlst edge: (A_L211_MC -> A_R228_MC) type[hb], weight[1.10] from 210 to 227 dist[1.91]
Adding bndlst edge: (A_L212_MC -> A_R213_MC) type[cov], weight[1.00] from 211 to 212 dist[1.32]
Adding bndlst edge: (A_R213_MC -> A_L214_MC) type[cov], weight[1.00] from 212 to 213 dist[1.32]
Adding bndlst edge: (A_R213_MC -> A_T226_MC) type[hb], weight[1.10] from 212 to 225 dist[1.91]
Adding bndlst edge: (A_R213_MC -> A_T226_MC) type[hb], weight[0.99] from 212 to 225 dist[2.01]
Adding bndlst edge: (A_L214_MC -> A_E215_MC) type[cov], weight[1.00] from 213 to 214 dist[1.34]
Adding bndlst edge: (A_E215_MC -> A_P216_MC) type[cov], weight[1.00] from 214 to 215 dist[1.34]
Adding bndlst edge: (A_E215_MC -> A_R224_MC) type[hb], weight[0.99] from 214 to 223 dist[2.01]
Adding bndlst edge: (A_E215_SC -> A_R224_SC) type[salt], weight[0.83] from 214 to 223 dist[2.09]
Adding bndlst edge: (A_E215_SC -> A_R224_SC) type[salt], weight[0.97] from 214 to 223 dist[1.93]
Adding bndlst edge: (A_E215_SC -> A_R224_SC) type[salt], weight[0.41] from 214 to 223 dist[2.95]
Adding bndlst edge: (A_E215_MC -> A_R224_MC) type[hb], weight[1.08] from 214 to 223 dist[1.93]
Adding bndlst edge: (A_P216_MC -> A_N217_MC) type[cov], weight[1.00] from 215 to 216 dist[1.33]
Adding bndlst edge: (A_N217_MC -> A_L218_MC) type[cov], weight[1.00] from 216 to 217 dist[1.32]
Adding bndlst edge: (A_N217_MC -> A_M222_MC) type[hb], weight[0.73] from 216 to 221 dist[2.34]
Adding bndlst edge: (A_N217_MC -> A_Q221_MC) type[hb], weight[0.83] from 216 to 220 dist[2.19]
Adding bndlst edge: (A_N217_MC -> A_A220_MC) type[hb], weight[0.57] from 216 to 219 dist[2.66]
Adding bndlst edge: (A_N217_SC -> A_A220_MC) type[hb], weight[1.00] from 216 to 219 dist[2.00]
Adding bndlst edge: (A_N217_SC -> A_Q219_MC) type[hb], weight[0.59] from 216 to 218 dist[2.61]
Adding bndlst edge: (A_N217_MC -> A_M222_MC) type[hb], weight[1.27] from 216 to 221 dist[1.77]
Adding bndlst edge: (A_L218_MC -> A_Q219_MC) type[cov], weight[1.00] from 217 to 218 dist[1.33]
Adding bndlst edge: (A_L218_MC -> A_Q221_MC) type[hb], weight[0.55] from 217 to 220 dist[2.69]
Adding bndlst edge: (A_Q219_MC -> A_A220_MC) type[cov], weight[1.00] from 218 to 219 dist[1.33]
Adding bndlst edge: (A_A220_MC -> A_Q221_MC) type[cov], weight[1.00] from 219 to 220 dist[1.34]
Adding bndlst edge: (A_Q221_MC -> A_M222_MC) type[cov], weight[1.00] from 220 to 221 dist[1.32]
Adding bndlst edge: (A_M222_MC -> A_Y223_MC) type[cov], weight[1.00] from 221 to 222 dist[1.33]
Adding bndlst edge: (A_Y223_MC -> A_R224_MC) type[cov], weight[1.00] from 222 to 223 dist[1.33]
Adding bndlst edge: (A_R224_MC -> A_L225_MC) type[cov], weight[1.00] from 223 to 224 dist[1.33]
Adding bndlst edge: (A_L225_MC -> A_T226_MC) type[cov], weight[1.00] from 224 to 225 dist[1.33]
Adding bndlst edge: (A_T226_MC -> A_L227_MC) type[cov], weight[1.00] from 225 to 226 dist[1.32]
Adding bndlst edge: (A_L227_MC -> A_R228_MC) type[cov], weight[1.00] from 226 to 227 dist[1.33]
Adding bndlst edge: (A_R228_MC -> A_T229_MC) type[cov], weight[1.00] from 227 to 228 dist[1.32]
Adding bndlst edge: (A_T229_MC -> A_S230_MC) type[cov], weight[1.00] from 228 to 229 dist[1.33]
Adding bndlst edge: (A_T229_MC -> A_K231_MC) type[hb], weight[0.47] from 228 to 230 dist[2.93]
Adding bndlst edge: (A_T229_SC -> A_K231_MC) type[hb], weight[0.90] from 228 to 230 dist[2.11]
Adding bndlst edge: (A_T229_MC -> A_S235_SC) type[hb], weight[0.56] from 228 to 234 dist[2.68]
Adding bndlst edge: (A_T229_SC -> A_S235_SC) type[hb], weight[1.15] from 228 to 234 dist[1.87]
Adding bndlst edge: (A_T229_SC -> A_K231_MC) type[hb], weight[0.56] from 228 to 230 dist[2.68]
Adding bndlst edge: (A_S230_MC -> A_K231_MC) type[cov], weight[1.00] from 229 to 230 dist[1.33]
Adding bndlst edge: (A_K231_MC -> A_D232_MC) type[cov], weight[1.00] from 230 to 231 dist[1.33]
Adding bndlst edge: (A_K231_MC -> A_V234_MC) type[hb], weight[0.76] from 230 to 233 dist[2.30]
Adding bndlst edge: (A_K231_MC -> A_S235_MC) type[hb], weight[1.02] from 230 to 234 dist[1.99]
Adding bndlst edge: (A_D232_MC -> A_T233_MC) type[cov], weight[1.00] from 231 to 232 dist[1.32]
Adding bndlst edge: (A_D232_MC -> A_Q236_MC) type[hb], weight[1.09] from 231 to 235 dist[1.91]
Adding bndlst edge: (A_D232_MC -> A_S235_MC) type[hb], weight[0.51] from 231 to 234 dist[2.81]
Adding bndlst edge: (A_D232_SC -> A_T233_MC) type[hb], weight[0.85] from 231 to 232 dist[2.17]
Adding bndlst edge: (A_T233_MC -> A_V234_MC) type[cov], weight[1.00] from 232 to 233 dist[1.33]
Adding bndlst edge: (A_T233_MC -> A_R237_MC) type[hb], weight[1.04] from 232 to 236 dist[1.96]
Adding bndlst edge: (A_T233_SC -> A_V234_MC) type[hb], weight[0.47] from 232 to 233 dist[2.91]
Adding bndlst edge: (A_V234_MC -> A_S235_MC) type[cov], weight[1.00] from 233 to 234 dist[1.33]
Adding bndlst edge: (A_V234_MC -> A_L238_MC) type[hb], weight[1.09] from 233 to 237 dist[1.91]
Adding bndlst edge: (A_V234_MC -> A_R237_MC) type[hb], weight[0.50] from 233 to 236 dist[2.84]
Adding bndlst edge: (A_S235_MC -> A_Q236_MC) type[cov], weight[1.00] from 234 to 235 dist[1.33]
Adding bndlst edge: (A_S235_MC -> A_C239_MC) type[hb], weight[0.94] from 234 to 238 dist[2.06]
Adding bndlst edge: (A_Q236_MC -> A_R237_MC) type[cov], weight[1.00] from 235 to 236 dist[1.32]
Adding bndlst edge: (A_Q236_MC -> A_C239_MC) type[hb], weight[0.47] from 235 to 238 dist[2.91]
Adding bndlst edge: (A_Q236_MC -> A_E240_MC) type[hb], weight[1.01] from 235 to 239 dist[1.99]
Adding bndlst edge: (A_R237_MC -> A_L238_MC) type[cov], weight[1.00] from 236 to 237 dist[1.33]
Adding bndlst edge: (A_R237_MC -> A_L241_MC) type[hb], weight[0.94] from 236 to 240 dist[2.06]
Adding bndlst edge: (A_R237_MC -> A_E240_MC) type[hb], weight[0.52] from 236 to 239 dist[2.78]
Adding bndlst edge: (A_R237_SC -> A_E240_SC) type[salt], weight[0.97] from 236 to 239 dist[1.93]
Adding bndlst edge: (A_L238_MC -> A_C239_MC) type[cov], weight[1.00] from 237 to 238 dist[1.33]
Adding bndlst edge: (A_L238_MC -> A_L242_MC) type[hb], weight[1.14] from 237 to 241 dist[1.88]
Adding bndlst edge: (A_L238_MC -> A_L241_MC) type[hb], weight[0.46] from 237 to 240 dist[2.94]
Adding bndlst edge: (A_C239_MC -> A_E240_MC) type[cov], weight[1.00] from 238 to 239 dist[1.33]
Adding bndlst edge: (A_C239_MC -> A_S243_SC) type[hb], weight[1.24] from 238 to 242 dist[1.80]
Adding bndlst edge: (A_C239_MC -> A_S243_MC) type[hb], weight[0.96] from 238 to 242 dist[2.04]
Adding bndlst edge: (A_C239_SC -> A_S243_SC) type[hb], weight[0.35] from 238 to 242 dist[3.38]
Adding bndlst edge: (A_E240_MC -> A_L241_MC) type[cov], weight[1.00] from 239 to 240 dist[1.33]
Adding bndlst edge: (A_L241_MC -> A_L242_MC) type[cov], weight[1.00] from 240 to 241 dist[1.32]
Adding bndlst edge: (A_L241_MC -> A_E244_MC) type[hb], weight[0.75] from 240 to 243 dist[2.31]
Adding bndlst edge: (A_L241_MC -> A_Q245_SC) type[hb], weight[0.64] from 240 to 244 dist[2.50]
Adding bndlst edge: (A_L242_MC -> A_S243_MC) type[cov], weight[1.00] from 241 to 242 dist[1.33]
Adding bndlst edge: (A_L242_MC -> A_Q245_MC) type[hb], weight[0.89] from 241 to 244 dist[2.12]
Adding bndlst edge: (A_L242_MC -> A_E244_MC) type[hb], weight[0.46] from 241 to 243 dist[2.95]
Adding bndlst edge: (A_S243_MC -> A_E244_MC) type[cov], weight[1.00] from 242 to 243 dist[1.33]
Adding bndlst edge: (A_E244_MC -> A_Q245_MC) type[cov], weight[1.00] from 243 to 244 dist[1.32]
Adding bndlst edge: (A_Q245_MC -> A_F246_MC) type[cov], weight[1.00] from 244 to 245 dist[1.33]

bndlst DONE

Producing PAJEK network
printing pajek edge (A_128_ILE,A_129_THR)
printing pajek edge (A_33_GLY,A_34_LEU)
printing pajek edge (A_33_GLY,A_48_PHE)
printing pajek edge (A_91_VAL,A_92_GLN)
printing pajek edge (A_207_GLN,A_208_ILE)
printing pajek edge (A_119_PHE,A_120_GLN)
printing pajek edge (A_72_THR,A_73_ASN)
printing pajek edge (A_103_PHE,A_104_THR)
printing pajek edge (A_201_ILE,A_202_HIS)
printing pajek edge (A_201_ILE,A_208_ILE)
printing pajek edge (A_19_LYS,A_132_LYS)
printing pajek edge (A_19_LYS,A_20_ASN)
printing pajek edge (A_19_LYS,A_21_ASN)
printing pajek edge (A_126_LEU,A_128_ILE)
printing pajek edge (A_126_LEU,A_127_PRO)
printing pajek edge (A_17_VAL,A_132_LYS)
printing pajek edge (A_17_VAL,A_131_ASN)
printing pajek edge (A_17_VAL,A_18_CYS)
printing pajek edge (A_45_MET,A_95_ILE)
printing pajek edge (A_45_MET,A_46_PHE)
printing pajek edge (A_56_GLN,A_86_ASP)
printing pajek edge (A_56_GLN,A_57_PHE)
printing pajek edge (A_85_VAL,A_86_ASP)
printing pajek edge (A_28_GLN,A_29_LEU)
printing pajek edge (A_234_VAL,A_238_LEU)
printing pajek edge (A_234_VAL,A_235_SER)
printing pajek edge (A_234_VAL,A_237_ARG)
printing pajek edge (A_191_ASN,A_192_PRO)
printing pajek edge (A_191_ASN,A_193_ALA)
printing pajek edge (A_191_ASN,A_194_ASN)
printing pajek edge (A_162_PHE,A_163_LYS)
printing pajek edge (A_162_PHE,A_223_TYR)
printing pajek edge (A_195_PHE,A_214_LEU)
printing pajek edge (A_195_PHE,A_196_VAL)
printing pajek edge (A_96_ASN,A_97_ILE)
printing pajek edge (A_58_LEU,A_59_ASN)
printing pajek edge (A_58_LEU,A_114_ARG)
printing pajek edge (A_221_GLN,A_222_MET)
printing pajek edge (A_21_ASN,A_35_LYS)
printing pajek edge (A_21_ASN,A_22_GLY)
printing pajek edge (A_244_GLU,A_245_GLN)
printing pajek edge (A_232_ASP,A_235_SER)
printing pajek edge (A_232_ASP,A_233_THR)
printing pajek edge (A_232_ASP,A_233_THR)
printing pajek edge (A_232_ASP,A_236_GLN)
printing pajek edge (A_164_ALA,A_165_LYS)
printing pajek edge (A_164_ALA,A_221_GLN)
printing pajek edge (A_110_ASN,A_121_ASN)
printing pajek edge (A_110_ASN,A_123_SER)
printing pajek edge (A_110_ASN,A_112_GLN)
printing pajek edge (A_110_ASN,A_122_VAL)
printing pajek edge (A_110_ASN,A_111_ILE)
printing pajek edge (A_152_SER,A_153_ASN)
printing pajek edge (A_90_GLN,A_91_VAL)
printing pajek edge (A_176_LYS,A_245_GLN)
printing pajek edge (A_176_LYS,A_180_PHE)
printing pajek edge (A_176_LYS,A_179_GLY)
printing pajek edge (A_176_LYS,A_177_ILE)
printing pajek edge (A_149_LYS,A_150_GLN)
printing pajek edge (A_32_ILE,A_33_GLY)
printing pajek edge (A_36_SER,A_37_GLU)
printing pajek edge (A_12_ASN,A_23_VAL)
printing pajek edge (A_12_ASN,A_24_LEU)
printing pajek edge (A_12_ASN,A_13_PHE)
printing pajek edge (A_12_ASN,A_16_PHE)
printing pajek edge (A_12_ASN,A_15_ARG)
printing pajek edge (A_209_GLY,A_210_CYS)
printing pajek edge (A_79_LYS,A_80_PRO)
printing pajek edge (A_94_VAL,A_95_ILE)
printing pajek edge (A_107_PRO,A_126_LEU)
printing pajek edge (A_107_PRO,A_108_VAL)
printing pajek edge (A_158_VAL,A_239_CYS)
printing pajek edge (A_158_VAL,A_159_GLN)
printing pajek edge (A_158_VAL,A_227_LEU)
printing pajek edge (A_66_CYS,A_71_GLN)
printing pajek edge (A_66_CYS,A_67_ALA)
printing pajek edge (A_30_LEU,A_31_GLN)
printing pajek edge (A_198_ALA,A_199_GLY)
printing pajek edge (A_204_LYS,A_205_THR)
printing pajek edge (A_139_MET,A_140_ALA)
printing pajek edge (A_139_MET,A_147_ARG)
printing pajek edge (A_200_ILE,A_201_ILE)
printing pajek edge (A_200_ILE,A_202_HIS)
printing pajek edge (A_115_TYR,A_118_THR)
printing pajek edge (A_115_TYR,A_116_GLY)
printing pajek edge (A_227_LEU,A_228_ARG)
printing pajek edge (A_59_ASN,A_60_PHE)
printing pajek edge (A_59_ASN,A_61_THR)
printing pajek edge (A_59_ASN,A_83_PRO)
printing pajek edge (A_212_LEU,A_213_ARG)
printing pajek edge (A_154_PRO,A_155_GLN)
printing pajek edge (A_154_PRO,A_157_GLU)
printing pajek edge (A_16_PHE,A_132_LYS)
printing pajek edge (A_16_PHE,A_17_VAL)
printing pajek edge (A_138_GLU,A_139_MET)
printing pajek edge (A_82_ASP,A_84_THR)
printing pajek edge (A_82_ASP,A_83_PRO)
printing pajek edge (A_61_THR,A_62_PRO)
printing pajek edge (A_61_THR,A_112_GLN)
printing pajek edge (A_102_ASP,A_103_PHE)
printing pajek edge (A_102_ASP,A_231_LYS)
printing pajek edge (A_102_ASP,A_231_LYS)
printing pajek edge (A_74_LEU,A_75_ASN)
printing pajek edge (A_87_GLY,A_88_GLY)
printing pajek edge (A_87_GLY,A_89_ALA)
printing pajek edge (A_77_GLN,A_78_THR)
printing pajek edge (A_77_GLN,A_96_ASN)
printing pajek edge (A_63_THR,A_110_ASN)
printing pajek edge (A_63_THR,A_64_LEU)
printing pajek edge (A_68_ASP,A_71_GLN)
printing pajek edge (A_68_ASP,A_72_THR)
printing pajek edge (A_68_ASP,A_69_ASP)
printing pajek edge (A_205_THR,A_206_THR)
printing pajek edge (A_242_LEU,A_244_GLU)
printing pajek edge (A_242_LEU,A_245_GLN)
printing pajek edge (A_242_LEU,A_243_SER)
printing pajek edge (A_166_HIS,A_167_PRO)
printing pajek edge (A_166_HIS,A_245_GLN)
printing pajek edge (A_166_HIS,A_246_PHE)
printing pajek edge (A_199_GLY,A_210_CYS)
printing pajek edge (A_199_GLY,A_200_ILE)
printing pajek edge (A_140_ALA,A_143_ASP)
printing pajek edge (A_140_ALA,A_141_SER)
printing pajek edge (A_140_ALA,A_144_PHE)
printing pajek edge (A_130_LEU,A_131_ASN)
printing pajek edge (A_130_LEU,A_133_PHE)
printing pajek edge (A_3_ALA,A_121_ASN)
printing pajek edge (A_3_ALA,A_4_PRO)
printing pajek edge (A_3_ALA,A_123_SER)
printing pajek edge (A_18_CYS,A_19_LYS)
printing pajek edge (A_18_CYS,A_176_LYS)
printing pajek edge (A_187_GLU,A_188_VAL)
printing pajek edge (A_111_ILE,A_112_GLN)
printing pajek edge (A_111_ILE,A_122_VAL)
printing pajek edge (A_83_PRO,A_84_THR)
printing pajek edge (A_148_TRP,A_228_ARG)
printing pajek edge (A_148_TRP,A_149_LYS)
printing pajek edge (A_148_TRP,A_151_LEU)
printing pajek edge (A_229_THR,A_235_SER)
printing pajek edge (A_229_THR,A_230_SER)
printing pajek edge (A_229_THR,A_231_LYS)
printing pajek edge (A_237_ARG,A_241_LEU)
printing pajek edge (A_237_ARG,A_238_LEU)
printing pajek edge (A_237_ARG,A_240_GLU)
printing pajek edge (A_237_ARG,A_240_GLU)
printing pajek edge (A_219_GLN,A_220_ALA)
printing pajek edge (A_203_THR,A_206_THR)
printing pajek edge (A_203_THR,A_204_LYS)
printing pajek edge (A_203_THR,A_205_THR)
printing pajek edge (A_169_ASP,A_171_GLU)
printing pajek edge (A_169_ASP,A_173_THR)
printing pajek edge (A_169_ASP,A_170_THR)
printing pajek edge (A_169_ASP,A_172_ILE)
printing pajek edge (A_185_LEU,A_186_GLU)
printing pajek edge (A_185_LEU,A_196_VAL)
printing pajek edge (A_136_PRO,A_137_THR)
printing pajek edge (A_15_ARG,A_19_LYS)
printing pajek edge (A_15_ARG,A_16_PHE)
printing pajek edge (A_113_PHE,A_120_GLN)
printing pajek edge (A_113_PHE,A_114_ARG)
printing pajek edge (A_70_LEU,A_73_ASN)
printing pajek edge (A_70_LEU,A_71_GLN)
printing pajek edge (A_70_LEU,A_74_LEU)
printing pajek edge (A_192_PRO,A_193_ALA)
printing pajek edge (A_173_THR,A_174_LYS)
printing pajek edge (A_173_THR,A_176_LYS)
printing pajek edge (A_173_THR,A_177_ILE)
printing pajek edge (A_146_GLN,A_150_GLN)
printing pajek edge (A_146_GLN,A_149_LYS)
printing pajek edge (A_146_GLN,A_147_ARG)
printing pajek edge (A_50_GLY,A_51_ASN)
printing pajek edge (A_179_GLY,A_180_PHE)
printing pajek edge (A_25_PHE,A_26_GLU)
printing pajek edge (A_25_PHE,A_26_GLU)
printing pajek edge (A_25_PHE,A_32_ILE)
printing pajek edge (A_225_LEU,A_226_THR)
printing pajek edge (A_188_VAL,A_189_ASP)
printing pajek edge (A_141_SER,A_145_PHE)
printing pajek edge (A_141_SER,A_142_GLN)
printing pajek edge (A_141_SER,A_144_PHE)
printing pajek edge (A_224_ARG,A_225_LEU)
printing pajek edge (A_125_LYS,A_126_LEU)
printing pajek edge (A_105_GLU,A_106_ALA)
printing pajek edge (A_132_LYS,A_133_PHE)
printing pajek edge (A_182_SER,A_198_ALA)
printing pajek edge (A_182_SER,A_183_ALA)
printing pajek edge (A_182_SER,A_183_ALA)
printing pajek edge (A_235_SER,A_239_CYS)
printing pajek edge (A_235_SER,A_236_GLN)
printing pajek edge (A_122_VAL,A_123_SER)
printing pajek edge (A_80_PRO,A_81_VAL)
printing pajek edge (A_213_ARG,A_226_THR)
printing pajek edge (A_213_ARG,A_214_LEU)
printing pajek edge (A_155_GLN,A_156_GLN)
printing pajek edge (A_1_ILE,A_2_LEU)
printing pajek edge (A_1_ILE,A_121_ASN)
printing pajek edge (A_1_ILE,A_112_GLN)
printing pajek edge (A_24_LEU,A_25_PHE)
printing pajek edge (A_24_LEU,A_32_ILE)
printing pajek edge (A_97_ILE,A_98_GLU)
printing pajek edge (A_127_PRO,A_128_ILE)
printing pajek edge (A_239_CYS,A_240_GLU)
printing pajek edge (A_239_CYS,A_243_SER)
printing pajek edge (A_160_ASN,A_225_LEU)
printing pajek edge (A_160_ASN,A_161_ILE)
printing pajek edge (A_160_ASN,A_161_ILE)
printing pajek edge (A_160_ASN,A_243_SER)
printing pajek edge (A_161_ILE,A_162_PHE)
printing pajek edge (A_177_ILE,A_181_GLY)
printing pajek edge (A_177_ILE,A_182_SER)
printing pajek edge (A_177_ILE,A_180_PHE)
printing pajek edge (A_177_ILE,A_178_ILE)
printing pajek edge (A_48_PHE,A_49_TYR)
printing pajek edge (A_9_SER,A_125_LYS)
printing pajek edge (A_9_SER,A_12_ASN)
printing pajek edge (A_9_SER,A_10_GLU)
printing pajek edge (A_9_SER,A_13_PHE)
printing pajek edge (A_210_CYS,A_211_LEU)
printing pajek edge (A_99_CYS,A_204_LYS)
printing pajek edge (A_99_CYS,A_100_ILE)
printing pajek edge (A_99_CYS,A_103_PHE)
printing pajek edge (A_99_CYS,A_101_SER)
printing pajek edge (A_217_ASN,A_222_MET)
printing pajek edge (A_217_ASN,A_218_LEU)
printing pajek edge (A_217_ASN,A_220_ALA)
printing pajek edge (A_217_ASN,A_219_GLN)
printing pajek edge (A_217_ASN,A_221_GLN)
printing pajek edge (A_38_PHE,A_39_ARG)
printing pajek edge (A_118_THR,A_120_GLN)
printing pajek edge (A_118_THR,A_119_PHE)
printing pajek edge (A_44_ARG,A_96_ASN)
printing pajek edge (A_44_ARG,A_45_MET)
printing pajek edge (A_196_VAL,A_197_GLY)
printing pajek edge (A_6_ALA,A_9_SER)
printing pajek edge (A_6_ALA,A_7_PRO)
printing pajek edge (A_6_ALA,A_123_SER)
printing pajek edge (A_171_GLU,A_175_ALA)
printing pajek edge (A_171_GLU,A_174_LYS)
printing pajek edge (A_171_GLU,A_174_LYS)
printing pajek edge (A_171_GLU,A_172_ILE)
printing pajek edge (A_34_LEU,A_35_LYS)
printing pajek edge (A_22_GLY,A_23_VAL)
printing pajek edge (A_22_GLY,A_34_LEU)
printing pajek edge (A_64_LEU,A_65_ILE)
printing pajek edge (A_8_GLY,A_9_SER)
printing pajek edge (A_8_GLY,A_12_ASN)
printing pajek edge (A_228_ARG,A_229_THR)
printing pajek edge (A_27_ASN,A_28_GLN)
printing pajek edge (A_27_ASN,A_29_LEU)
printing pajek edge (A_27_ASN,A_52_LYS)
printing pajek edge (A_27_ASN,A_30_LEU)
printing pajek edge (A_81_VAL,A_82_ASP)
printing pajek edge (A_194_ASN,A_195_PHE)
printing pajek edge (A_120_GLN,A_121_ASN)
printing pajek edge (A_181_GLY,A_182_SER)
printing pajek edge (A_100_ILE,A_204_LYS)
printing pajek edge (A_100_ILE,A_205_THR)
printing pajek edge (A_100_ILE,A_101_SER)
printing pajek edge (A_245_GLN,A_246_PHE)
printing pajek edge (A_180_PHE,A_181_GLY)
printing pajek edge (A_163_LYS,A_164_ALA)
printing pajek edge (A_73_ASN,A_100_ILE)
printing pajek edge (A_73_ASN,A_74_LEU)
printing pajek edge (A_73_ASN,A_101_SER)
printing pajek edge (A_241_LEU,A_244_GLU)
printing pajek edge (A_241_LEU,A_245_GLN)
printing pajek edge (A_241_LEU,A_242_LEU)
printing pajek edge (A_75_ASN,A_76_LEU)
printing pajek edge (A_75_ASN,A_98_GLU)
printing pajek edge (A_75_ASN,A_77_GLN)
printing pajek edge (A_183_ALA,A_198_ALA)
printing pajek edge (A_183_ALA,A_184_LEU)
printing pajek edge (A_62_PRO,A_63_THR)
printing pajek edge (A_231_LYS,A_232_ASP)
printing pajek edge (A_231_LYS,A_234_VAL)
printing pajek edge (A_231_LYS,A_235_SER)
printing pajek edge (A_109_LEU,A_124_VAL)
printing pajek edge (A_109_LEU,A_110_ASN)
printing pajek edge (A_116_GLY,A_117_GLY)
printing pajek edge (A_116_GLY,A_118_THR)
printing pajek edge (A_93_GLN,A_94_VAL)
printing pajek edge (A_104_THR,A_105_GLU)
printing pajek edge (A_202_HIS,A_203_THR)
printing pajek edge (A_233_THR,A_234_VAL)
printing pajek edge (A_233_THR,A_234_VAL)
printing pajek edge (A_233_THR,A_237_ARG)
printing pajek edge (A_11_ASP,A_12_ASN)
printing pajek edge (A_11_ASP,A_14_ALA)
printing pajek edge (A_11_ASP,A_15_ARG)
printing pajek edge (A_114_ARG,A_115_TYR)
printing pajek edge (A_153_ASN,A_156_GLN)
printing pajek edge (A_153_ASN,A_154_PRO)
printing pajek edge (A_190_PRO,A_191_ASN)
printing pajek edge (A_226_THR,A_227_LEU)
printing pajek edge (A_208_ILE,A_210_CYS)
printing pajek edge (A_208_ILE,A_209_GLY)
printing pajek edge (A_143_ASP,A_146_GLN)
printing pajek edge (A_143_ASP,A_147_ARG)
printing pajek edge (A_143_ASP,A_144_PHE)
printing pajek edge (A_92_GLN,A_93_GLN)
printing pajek edge (A_168_MET,A_169_ASP)
printing pajek edge (A_49_TYR,A_93_GLN)
printing pajek edge (A_49_TYR,A_91_VAL)
printing pajek edge (A_49_TYR,A_50_GLY)
printing pajek edge (A_108_VAL,A_109_LEU)
printing pajek edge (A_88_GLY,A_89_ALA)
printing pajek edge (A_175_ALA,A_179_GLY)
printing pajek edge (A_175_ALA,A_176_LYS)
printing pajek edge (A_78_THR,A_93_GLN)
printing pajek edge (A_78_THR,A_94_VAL)
printing pajek edge (A_78_THR,A_79_LYS)
printing pajek edge (A_78_THR,A_79_LYS)
printing pajek edge (A_215_GLU,A_216_PRO)
printing pajek edge (A_215_GLU,A_224_ARG)
printing pajek edge (A_215_GLU,A_224_ARG)
printing pajek edge (A_134_PHE,A_135_GLN)
printing pajek edge (A_150_GLN,A_151_LEU)
printing pajek edge (A_124_VAL,A_125_LYS)
printing pajek edge (A_222_MET,A_223_TYR)
printing pajek edge (A_51_ASN,A_85_VAL)
printing pajek edge (A_51_ASN,A_86_ASP)
printing pajek edge (A_51_ASN,A_52_LYS)
printing pajek edge (A_51_ASN,A_53_THR)
printing pajek edge (A_51_ASN,A_88_GLY)
printing pajek edge (A_51_ASN,A_89_ALA)
printing pajek edge (A_51_ASN,A_57_PHE)
printing pajek edge (A_51_ASN,A_55_THR)
printing pajek edge (A_40_GLN,A_41_ASN)
printing pajek edge (A_40_GLN,A_42_LEU)
printing pajek edge (A_211_LEU,A_228_ARG)
printing pajek edge (A_211_LEU,A_212_LEU)
printing pajek edge (A_65_ILE,A_66_CYS)
printing pajek edge (A_65_ILE,A_108_VAL)
printing pajek edge (A_98_GLU,A_99_CYS)
printing pajek edge (A_13_PHE,A_14_ALA)
printing pajek edge (A_13_PHE,A_16_PHE)
printing pajek edge (A_42_LEU,A_43_GLY)
printing pajek edge (A_53_THR,A_88_GLY)
printing pajek edge (A_53_THR,A_54_SER)
printing pajek edge (A_53_THR,A_55_THR)
printing pajek edge (A_174_LYS,A_175_ALA)
printing pajek edge (A_174_LYS,A_178_ILE)
printing pajek edge (A_174_LYS,A_177_ILE)
printing pajek edge (A_57_PHE,A_85_VAL)
printing pajek edge (A_57_PHE,A_58_LEU)
printing pajek edge (A_230_SER,A_231_LYS)
printing pajek edge (A_46_PHE,A_47_ILE)
printing pajek edge (A_67_ALA,A_70_LEU)
printing pajek edge (A_67_ALA,A_68_ASP)
printing pajek edge (A_67_ALA,A_71_GLN)
printing pajek edge (A_20_ASN,A_36_SER)
printing pajek edge (A_20_ASN,A_132_LYS)
printing pajek edge (A_20_ASN,A_21_ASN)
printing pajek edge (A_55_THR,A_56_GLN)
printing pajek edge (A_238_LEU,A_241_LEU)
printing pajek edge (A_238_LEU,A_239_CYS)
printing pajek edge (A_238_LEU,A_242_LEU)
printing pajek edge (A_71_GLN,A_72_THR)
printing pajek edge (A_71_GLN,A_74_LEU)
printing pajek edge (A_189_ASP,A_213_ARG)
printing pajek edge (A_189_ASP,A_191_ASN)
printing pajek edge (A_189_ASP,A_190_PRO)
printing pajek edge (A_189_ASP,A_194_ASN)
printing pajek edge (A_69_ASP,A_70_LEU)
printing pajek edge (A_69_ASP,A_72_THR)
printing pajek edge (A_69_ASP,A_73_ASN)
printing pajek edge (A_167_PRO,A_169_ASP)
printing pajek edge (A_167_PRO,A_168_MET)
printing pajek edge (A_2_LEU,A_3_ALA)
printing pajek edge (A_137_THR,A_198_ALA)
printing pajek edge (A_137_THR,A_138_GLU)
printing pajek edge (A_89_ALA,A_90_GLN)
printing pajek edge (A_117_GLY,A_118_THR)
printing pajek edge (A_145_PHE,A_148_TRP)
printing pajek edge (A_145_PHE,A_146_GLN)
printing pajek edge (A_145_PHE,A_149_LYS)
printing pajek edge (A_142_GLN,A_146_GLN)
printing pajek edge (A_142_GLN,A_143_ASP)
printing pajek edge (A_142_GLN,A_145_PHE)
printing pajek edge (A_31_GLN,A_50_GLY)
printing pajek edge (A_31_GLN,A_32_ILE)
printing pajek edge (A_101_SER,A_102_ASP)
printing pajek edge (A_101_SER,A_102_ASP)
printing pajek edge (A_223_TYR,A_224_ARG)
printing pajek edge (A_129_THR,A_131_ASN)
printing pajek edge (A_129_THR,A_132_LYS)
printing pajek edge (A_129_THR,A_130_LEU)
printing pajek edge (A_26_GLU,A_31_GLN)
printing pajek edge (A_26_GLU,A_52_LYS)
printing pajek edge (A_26_GLU,A_27_ASN)
printing pajek edge (A_29_LEU,A_52_LYS)
printing pajek edge (A_29_LEU,A_30_LEU)
printing pajek edge (A_121_ASN,A_122_VAL)
printing pajek edge (A_157_GLU,A_228_ARG)
printing pajek edge (A_157_GLU,A_158_VAL)
printing pajek edge (A_135_GLN,A_200_ILE)
printing pajek edge (A_135_GLN,A_136_PRO)
printing pajek edge (A_41_ASN,A_99_CYS)
printing pajek edge (A_41_ASN,A_42_LEU)
printing pajek edge (A_76_LEU,A_77_GLN)
printing pajek edge (A_84_THR,A_85_VAL)
printing pajek edge (A_193_ALA,A_194_ASN)
printing pajek edge (A_60_PHE,A_61_THR)
printing pajek edge (A_60_PHE,A_83_PRO)
printing pajek edge (A_216_PRO,A_217_ASN)
printing pajek edge (A_178_ILE,A_181_GLY)
printing pajek edge (A_178_ILE,A_179_GLY)
printing pajek edge (A_151_LEU,A_152_SER)
printing pajek edge (A_156_GLN,A_235_SER)
printing pajek edge (A_156_GLN,A_229_THR)
printing pajek edge (A_156_GLN,A_157_GLU)
printing pajek edge (A_156_GLN,A_230_SER)
printing pajek edge (A_131_ASN,A_132_LYS)
printing pajek edge (A_131_ASN,A_180_PHE)
printing pajek edge (A_131_ASN,A_134_PHE)
printing pajek edge (A_218_LEU,A_221_GLN)
printing pajek edge (A_218_LEU,A_219_GLN)
printing pajek edge (A_54_SER,A_55_THR)
printing pajek edge (A_240_GLU,A_241_LEU)
printing pajek edge (A_123_SER,A_124_VAL)
printing pajek edge (A_144_PHE,A_148_TRP)
printing pajek edge (A_144_PHE,A_145_PHE)
printing pajek edge (A_144_PHE,A_147_ARG)
printing pajek edge (A_206_THR,A_207_GLN)
printing pajek edge (A_206_THR,A_207_GLN)
printing pajek edge (A_159_GLN,A_160_ASN)
printing pajek edge (A_159_GLN,A_226_THR)
printing pajek edge (A_43_GLY,A_44_ARG)
printing pajek edge (A_43_GLY,A_97_ILE)
printing pajek edge (A_23_VAL,A_24_LEU)
printing pajek edge (A_220_ALA,A_221_GLN)
printing pajek edge (A_47_ILE,A_93_GLN)
printing pajek edge (A_47_ILE,A_48_PHE)
printing pajek edge (A_14_ALA,A_245_GLN)
printing pajek edge (A_14_ALA,A_17_VAL)
printing pajek edge (A_14_ALA,A_15_ARG)
printing pajek edge (A_236_GLN,A_239_CYS)
printing pajek edge (A_236_GLN,A_240_GLU)
printing pajek edge (A_236_GLN,A_237_ARG)
printing pajek edge (A_106_ALA,A_107_PRO)
printing pajek edge (A_7_PRO,A_8_GLY)
printing pajek edge (A_86_ASP,A_89_ALA)
printing pajek edge (A_86_ASP,A_87_GLY)
printing pajek edge (A_186_GLU,A_187_GLU)
printing pajek edge (A_37_GLU,A_38_PHE)
printing pajek edge (A_37_GLU,A_44_ARG)
printing pajek edge (A_4_PRO,A_5_LEU)
printing pajek edge (A_214_LEU,A_215_GLU)
printing pajek edge (A_184_LEU,A_185_LEU)
printing pajek edge (A_95_ILE,A_96_ASN)
printing pajek edge (A_147_ARG,A_150_GLN)
printing pajek edge (A_147_ARG,A_148_TRP)
printing pajek edge (A_147_ARG,A_151_LEU)
printing pajek edge (A_52_LYS,A_53_THR)
printing pajek edge (A_10_GLU,A_125_LYS)
printing pajek edge (A_10_GLU,A_14_ALA)
printing pajek edge (A_10_GLU,A_11_ASP)
printing pajek edge (A_10_GLU,A_13_PHE)
printing pajek edge (A_112_GLN,A_113_PHE)
printing pajek edge (A_39_ARG,A_40_GLN)
printing pajek edge (A_39_ARG,A_42_LEU)
printing pajek edge (A_5_LEU,A_6_ALA)
printing pajek edge (A_35_LYS,A_36_SER)
printing pajek edge (A_35_LYS,A_46_PHE)
printing pajek edge (A_170_THR,A_171_GLU)
printing pajek edge (A_170_THR,A_173_THR)
printing pajek edge (A_170_THR,A_174_LYS)
printing pajek edge (A_165_LYS,A_244_GLU)
printing pajek edge (A_165_LYS,A_166_HIS)
printing pajek edge (A_165_LYS,A_246_PHE)
printing pajek edge (A_133_PHE,A_202_HIS)
printing pajek edge (A_133_PHE,A_134_PHE)
printing pajek edge (A_197_GLY,A_198_ALA)
printing pajek edge (A_197_GLY,A_212_LEU)
printing pajek edge (A_172_ILE,A_173_THR)
printing pajek edge (A_172_ILE,A_175_ALA)
printing pajek edge (A_172_ILE,A_176_LYS)
printing pajek edge (A_243_SER,A_244_GLU)
