Graph START

Adding vertex (chain-A, position-362, res-ASP)
New vertex id: 0
2731 2732 2733 2734 2735 2736 2737 2738 
Adding vertex (chain-A, position-363, res-VAL)
New vertex id: 1
2739 2740 2741 2742 2743 2744 2745 
Adding vertex (chain-A, position-364, res-THR)
New vertex id: 2
2746 2747 2748 2749 2750 2751 2752 
Adding vertex (chain-A, position-365, res-PRO)
New vertex id: 3
2753 2754 2755 2756 2757 2758 2759 
Adding vertex (chain-A, position-366, res-LEU)
New vertex id: 4
2760 2761 2762 2763 2764 2765 2766 2767 
Adding vertex (chain-A, position-367, res-SER)
New vertex id: 5
2768 2769 2770 2771 2772 2773 
Adding vertex (chain-A, position-368, res-LEU)
New vertex id: 6
2774 2775 2776 2777 2778 2779 2780 2781 
Adding vertex (chain-A, position-369, res-GLY)
New vertex id: 7
2782 2783 2784 2785 
Adding vertex (chain-A, position-370, res-ILE)
New vertex id: 8
2786 2787 2788 2789 2790 2791 2792 2793 
Adding vertex (chain-A, position-371, res-GLU)
New vertex id: 9
2794 2795 2796 2797 2798 2799 2800 2801 2802 
Adding vertex (chain-A, position-372, res-THR)
New vertex id: 10
2803 2804 2805 2806 2807 2808 2809 
Adding vertex (chain-A, position-373, res-MET)
New vertex id: 11
2810 2811 2812 2813 2814 2815 2816 2817 
Adding vertex (chain-A, position-374, res-GLY)
New vertex id: 12
2818 2819 2820 2821 
Adding vertex (chain-A, position-375, res-GLY)
New vertex id: 13
2822 2823 2824 2825 
Adding vertex (chain-A, position-376, res-VAL)
New vertex id: 14
2826 2827 2828 2829 2830 2831 2832 
Adding vertex (chain-A, position-377, res-PHE)
New vertex id: 15
2833 2834 2835 2836 2837 2838 2839 2840 2841 2842 2843 
Adding vertex (chain-A, position-378, res-THR)
New vertex id: 16
2844 2845 2846 2847 2848 2849 2850 
Adding vertex (chain-A, position-379, res-LYS)
New vertex id: 17
2851 2852 2853 2854 2855 2856 2857 2858 2859 
Adding vertex (chain-A, position-380, res-LEU)
New vertex id: 18
2860 2861 2862 2863 2864 2865 2866 2867 
Adding vertex (chain-A, position-381, res-ILE)
New vertex id: 19
2868 2869 2870 2871 2872 2873 2874 2875 
Adding vertex (chain-A, position-382, res-GLU)
New vertex id: 20
2876 2877 2878 2879 2880 2881 2882 2883 2884 
Adding vertex (chain-A, position-383, res-ARG)
New vertex id: 21
2885 2886 2887 2888 2889 2890 2891 2892 2893 2894 2895 
Adding vertex (chain-A, position-384, res-ASN)
New vertex id: 22
2896 2897 2898 2899 2900 2901 2902 2903 
Adding vertex (chain-A, position-385, res-THR)
New vertex id: 23
2904 2905 2906 2907 2908 2909 2910 
Adding vertex (chain-A, position-386, res-THR)
New vertex id: 24
2911 2912 2913 2914 2915 2916 2917 
Adding vertex (chain-A, position-387, res-ILE)
New vertex id: 25
2918 2919 2920 2921 2922 2923 2924 2925 
Adding vertex (chain-A, position-388, res-PRO)
New vertex id: 26
2926 2927 2928 2929 2930 2931 2932 
Adding vertex (chain-A, position-389, res-THR)
New vertex id: 27
2933 2934 2935 2936 2937 2938 2939 
Adding vertex (chain-A, position-390, res-SER)
New vertex id: 28
2940 2941 2942 2943 2944 2945 
Adding vertex (chain-A, position-391, res-LYS)
New vertex id: 29
2946 2947 2948 2949 2950 2951 2952 2953 2954 
Adding vertex (chain-A, position-392, res-SER)
New vertex id: 30
2955 2956 2957 2958 2959 2960 
Adding vertex (chain-A, position-393, res-GLN)
New vertex id: 31
2961 2962 2963 2964 2965 2966 2967 2968 2969 
Adding vertex (chain-A, position-394, res-VAL)
New vertex id: 32
2970 2971 2972 2973 2974 2975 2976 
Adding vertex (chain-A, position-395, res-PHE)
New vertex id: 33
2977 2978 2979 2980 2981 2982 2983 2984 2985 2986 2987 
Adding vertex (chain-A, position-396, res-THR)
New vertex id: 34
2988 2989 2990 2991 2992 2993 2994 
Adding vertex (chain-A, position-397, res-THR)
New vertex id: 35
2995 2996 2997 2998 2999 3000 3001 
Adding vertex (chain-A, position-398, res-ALA)
New vertex id: 36
3002 3003 3004 3005 3006 
Adding vertex (chain-A, position-399, res-ALA)
New vertex id: 37
3007 3008 3009 3010 3011 
Adding vertex (chain-A, position-400, res-ASP)
New vertex id: 38
3012 3013 3014 3015 3016 3017 3018 3019 
Adding vertex (chain-A, position-401, res-ASN)
New vertex id: 39
3020 3021 3022 3023 3024 3025 3026 3027 
Adding vertex (chain-A, position-402, res-GLN)
New vertex id: 40
3028 3029 3030 3031 3032 3033 3034 3035 3036 
Adding vertex (chain-A, position-403, res-THR)
New vertex id: 41
3037 3038 3039 3040 3041 3042 3043 
Adding vertex (chain-A, position-404, res-THR)
New vertex id: 42
3044 3045 3046 3047 3048 3049 3050 
Adding vertex (chain-A, position-405, res-VAL)
New vertex id: 43
3051 3052 3053 3054 3055 3056 3057 
Adding vertex (chain-A, position-406, res-ASP)
New vertex id: 44
3058 3059 3060 3061 3062 3063 3064 3065 
Adding vertex (chain-A, position-407, res-ILE)
New vertex id: 45
3066 3067 3068 3069 3070 3071 3072 3073 
Adding vertex (chain-A, position-408, res-HIS)
New vertex id: 46
3074 3075 3076 3077 3078 3079 3080 3081 3082 3083 
Adding vertex (chain-A, position-409, res-VAL)
New vertex id: 47
3084 3085 3086 3087 3088 3089 3090 
Adding vertex (chain-A, position-410, res-LEU)
New vertex id: 48
3091 3092 3093 3094 3095 3096 3097 3098 
Adding vertex (chain-A, position-411, res-GLN)
New vertex id: 49
3099 3100 3101 3102 3103 3104 3105 3106 3107 
Adding vertex (chain-A, position-412, res-GLY)
New vertex id: 50
3108 3109 3110 3111 
Adding vertex (chain-A, position-413, res-GLU)
New vertex id: 51
3112 3113 3114 3115 3116 3117 3118 3119 3120 
Adding vertex (chain-A, position-414, res-ARG)
New vertex id: 52
3121 3122 3123 3124 3125 3126 3127 3128 3129 3130 3131 
Adding vertex (chain-A, position-415, res-PRO)
New vertex id: 53
3132 3133 3134 3135 3136 3137 3138 
Adding vertex (chain-A, position-416, res-MET)
New vertex id: 54
3139 3140 3141 3142 3143 3144 3145 3146 
Adding vertex (chain-A, position-417, res-ALA)
New vertex id: 55
3147 3148 3149 3150 3151 
Adding vertex (chain-A, position-418, res-ALA)
New vertex id: 56
3152 3153 3154 3155 3156 
Adding vertex (chain-A, position-419, res-ASP)
New vertex id: 57
3157 3158 3159 3160 3161 3162 3163 3164 
Adding vertex (chain-A, position-420, res-ASN)
New vertex id: 58
3165 3166 3167 3168 3169 3170 3171 3172 
Adding vertex (chain-A, position-421, res-LYS)
New vertex id: 59
3173 3174 3175 3176 3177 3178 3179 3180 3181 
Adding vertex (chain-A, position-422, res-SER)
New vertex id: 60
3182 3183 3184 3185 3186 3187 
Adding vertex (chain-A, position-423, res-LEU)
New vertex id: 61
3188 3189 3190 3191 3192 3193 3194 3195 
Adding vertex (chain-A, position-424, res-GLY)
New vertex id: 62
3196 3197 3198 3199 
Adding vertex (chain-A, position-425, res-ARG)
New vertex id: 63
3200 3201 3202 3203 3204 3205 3206 3207 3208 3209 3210 
Adding vertex (chain-A, position-426, res-PHE)
New vertex id: 64
3211 3212 3213 3214 3215 3216 3217 3218 3219 3220 3221 
Adding vertex (chain-A, position-427, res-GLN)
New vertex id: 65
3222 3223 3224 3225 3226 3227 3228 3229 3230 
Adding vertex (chain-A, position-428, res-LEU)
New vertex id: 66
3231 3232 3233 3234 3235 3236 3237 3238 
Adding vertex (chain-A, position-429, res-THR)
New vertex id: 67
3239 3240 3241 3242 3243 3244 3245 
Adding vertex (chain-A, position-430, res-GLY)
New vertex id: 68
3246 3247 3248 3249 
Adding vertex (chain-A, position-431, res-ILE)
New vertex id: 69
3250 3251 3252 3253 3254 3255 3256 3257 
Adding vertex (chain-A, position-432, res-PRO)
New vertex id: 70
3258 3259 3260 3261 3262 3263 3264 
Adding vertex (chain-A, position-433, res-PRO)
New vertex id: 71
3265 3266 3267 3268 3269 3270 3271 
Adding vertex (chain-A, position-434, res-ALA)
New vertex id: 72
3272 3273 3274 3275 3276 
Adding vertex (chain-A, position-435, res-PRO)
New vertex id: 73
3277 3278 3279 3280 3281 3282 3283 
Adding vertex (chain-A, position-436, res-ARG)
New vertex id: 74
3284 3285 3286 3287 3288 
Adding vertex (chain-A, position-437, res-GLY)
New vertex id: 75
3289 3290 3291 3292 
Adding vertex (chain-A, position-438, res-VAL)
New vertex id: 76
3293 3294 3295 3296 3297 3298 3299 
Adding vertex (chain-A, position-439, res-PRO)
New vertex id: 77
3300 3301 3302 3303 3304 3305 3306 
Adding vertex (chain-A, position-440, res-GLN)
New vertex id: 78
3307 3308 3309 3310 3311 3312 3313 3314 3315 
Adding vertex (chain-A, position-441, res-ILE)
New vertex id: 79
3316 3317 3318 3319 3320 3321 3322 3323 
Adding vertex (chain-A, position-442, res-GLU)
New vertex id: 80
3324 3325 3326 3327 3328 3329 3330 3331 3332 
Adding vertex (chain-A, position-443, res-VAL)
New vertex id: 81
3333 3334 3335 3336 3337 3338 3339 
Adding vertex (chain-A, position-444, res-THR)
New vertex id: 82
3340 3341 3342 3343 3344 3345 3346 
Adding vertex (chain-A, position-445, res-PHE)
New vertex id: 83
3347 3348 3349 3350 3351 3352 3353 3354 3355 3356 3357 
Adding vertex (chain-A, position-446, res-ASP)
New vertex id: 84
3358 3359 3360 3361 3362 3363 3364 3365 
Adding vertex (chain-A, position-447, res-ILE)
New vertex id: 85
3366 3367 3368 3369 3370 3371 3372 3373 
Adding vertex (chain-A, position-448, res-ASP)
New vertex id: 86
3374 3375 3376 3377 3378 3379 3380 3381 
Adding vertex (chain-A, position-449, res-ALA)
New vertex id: 87
3382 3383 3384 3385 3386 
Adding vertex (chain-A, position-450, res-ASN)
New vertex id: 88
3387 3388 3389 3390 3391 3392 3393 3394 
Adding vertex (chain-A, position-451, res-GLY)
New vertex id: 89
3395 3396 3397 3398 
Adding vertex (chain-A, position-452, res-ILE)
New vertex id: 90
3399 3400 3401 3402 3403 3404 3405 3406 
Adding vertex (chain-A, position-453, res-VAL)
New vertex id: 91
3407 3408 3409 3410 3411 3412 3413 
Adding vertex (chain-A, position-454, res-HIS)
New vertex id: 92
3414 3415 3416 3417 3418 3419 3420 3421 3422 3423 
Adding vertex (chain-A, position-455, res-VAL)
New vertex id: 93
3424 3425 3426 3427 3428 3429 3430 
Adding vertex (chain-A, position-456, res-ARG)
New vertex id: 94
3431 3432 3433 3434 3435 3436 3437 3438 3439 3440 3441 
Adding vertex (chain-A, position-457, res-ALA)
New vertex id: 95
3442 3443 3444 3445 3446 
Adding vertex (chain-A, position-458, res-LYS)
New vertex id: 96
3447 3448 3449 3450 3451 3452 3453 3454 3455 
Adding vertex (chain-A, position-459, res-ASP)
New vertex id: 97
3456 3457 3458 3459 3460 3461 3462 3463 
Adding vertex (chain-A, position-460, res-LEU)
New vertex id: 98
3464 3465 3466 3467 3468 3469 3470 3471 
Adding vertex (chain-A, position-461, res-GLY)
New vertex id: 99
3472 3473 3474 3475 
Adding vertex (chain-A, position-462, res-THR)
New vertex id: 100
3476 3477 3478 3479 3480 3481 3482 
Adding vertex (chain-A, position-463, res-ASN)
New vertex id: 101
3483 3484 3485 3486 3487 3488 3489 3490 
Adding vertex (chain-A, position-464, res-LYS)
New vertex id: 102
3491 3492 3493 3494 3495 
Adding vertex (chain-A, position-465, res-GLU)
New vertex id: 103
3496 3497 3498 3499 3500 3501 3502 3503 3504 
Adding vertex (chain-A, position-466, res-GLN)
New vertex id: 104
3505 3506 3507 3508 3509 3510 3511 3512 3513 
Adding vertex (chain-A, position-467, res-SER)
New vertex id: 105
3514 3515 3516 3517 3518 3519 
Adding vertex (chain-A, position-468, res-ILE)
New vertex id: 106
3520 3521 3522 3523 3524 3525 3526 3527 
Adding vertex (chain-A, position-469, res-THR)
New vertex id: 107
3528 3529 3530 3531 3532 3533 3534 
Adding vertex (chain-A, position-470, res-ILE)
New vertex id: 108
3535 3536 3537 3538 3539 3540 3541 3542 
Adding vertex (chain-A, position-471, res-LYS)
New vertex id: 109
3543 3544 3545 3546 3547 
Adding vertex (chain-A, position-472, res-SER)
New vertex id: 110
3548 3549 3550 3551 3552 
Adding vertex (chain-A, position-473, res-SER)
New vertex id: 111
3553 3554 3555 3556 3557 
Adding vertex (chain-A, position-474, res-SER)
New vertex id: 112
3558 3559 3560 3561 3562 
Adding vertex (chain-A, position-475, res-GLY)
New vertex id: 113
3563 3564 3565 3566 
Adding vertex (chain-A, position-476, res-LEU)
New vertex id: 114
3567 3568 3569 3570 3571 
Adding vertex (chain-A, position-477, res-SER)
New vertex id: 115
3572 3573 3574 3575 3576 3577 
Adding vertex (chain-A, position-478, res-GLU)
New vertex id: 116
3578 3579 3580 3581 3582 
Adding vertex (chain-A, position-479, res-GLU)
New vertex id: 117
3583 3584 3585 3586 3587 
Adding vertex (chain-A, position-480, res-GLU)
New vertex id: 118
3588 3589 3590 3591 3592 
Adding vertex (chain-A, position-481, res-ILE)
New vertex id: 119
3593 3594 3595 3596 3597 
Adding vertex (chain-A, position-482, res-GLN)
New vertex id: 120
3598 3599 3600 3601 3602 3603 3604 3605 3606 
Adding vertex (chain-A, position-483, res-ARG)
New vertex id: 121
3607 3608 3609 3610 3611 
Adding vertex (chain-A, position-484, res-MET)
New vertex id: 122
3612 3613 3614 3615 3616 
Adding vertex (chain-A, position-485, res-ILE)
New vertex id: 123
3617 3618 3619 3620 3621 
Adding vertex (chain-A, position-486, res-LYS)
New vertex id: 124
3622 3623 3624 3625 3626 
Adding vertex (chain-A, position-487, res-GLU)
New vertex id: 125
3627 3628 3629 3630 3631 
Adding vertex (chain-A, position-488, res-ALA)
New vertex id: 126
3632 3633 3634 3635 3636 
Adding vertex (chain-A, position-489, res-GLU)
New vertex id: 127
3637 3638 3639 3640 3641 3642 3643 3644 3645 
Adding vertex (chain-A, position-490, res-GLU)
New vertex id: 128
3646 3647 3648 3649 3650 
Adding vertex (chain-A, position-491, res-ASN)
New vertex id: 129
3651 3652 3653 3654 3655 
Adding vertex (chain-A, position-492, res-ALA)
New vertex id: 130
3656 3657 3658 3659 3660 
Adding vertex (chain-A, position-493, res-GLU)
New vertex id: 131
3661 3662 3663 3664 3665 
Adding vertex (chain-A, position-494, res-ALA)
New vertex id: 132
3666 3667 3668 3669 3670 
Adding vertex (chain-A, position-495, res-ASP)
New vertex id: 133
3671 3672 3673 3674 3675 
Adding vertex (chain-A, position-496, res-ARG)
New vertex id: 134
3676 3677 3678 3679 3680 
Adding vertex (chain-A, position-497, res-LYS)
New vertex id: 135
3681 3682 3683 3684 3685 
Adding vertex (chain-A, position-498, res-ARG)
New vertex id: 136
3686 3687 3688 3689 3690 
Adding vertex (chain-A, position-499, res-LYS)
New vertex id: 137
3691 3692 3693 3694 3695 
Adding vertex (chain-A, position-500, res-GLU)
New vertex id: 138
3696 3697 3698 3699 3700 
Adding vertex (chain-A, position-501, res-ALA)
New vertex id: 139
3701 3702 3703 3704 3705 
Adding vertex (chain-A, position-502, res-ALA)
New vertex id: 140
3706 3707 3708 3709 3710 
Adding vertex (chain-A, position-503, res-GLU)
New vertex id: 141
3711 3712 3713 3714 3715 
Adding vertex (chain-A, position-504, res-LEU)
New vertex id: 142
3716 3717 3718 3719 3720 
Graph DONE

( reduce -FLIPs 1U00.pdb > 1U00.H.pdb ) >& /dev/null
Reduce (-FLIPs) returned 0
( bndlst -Radius0.3 1U00.H.pdb > 1U00.H.bndlst ) >& /dev/null
BndLst returned 0
Parsing 1U00.H.bndlst

bndlst START
Adding bndlst edge: (A_D362_MC -> A_V363_MC) type[cov], weight[1.00] from 0 to 1 dist[1.32]
Adding bndlst edge: (A_D362_MC -> A_I387_MC) type[hb], weight[0.75] from 0 to 25 dist[2.31]
Adding bndlst edge: (A_V363_MC -> A_T364_MC) type[cov], weight[1.00] from 1 to 2 dist[1.32]
Adding bndlst edge: (A_T364_MC -> A_P365_MC) type[cov], weight[1.00] from 2 to 3 dist[1.35]
Adding bndlst edge: (A_T364_MC -> A_N384_MC) type[cov], weight[1.00] from 2 to 22 dist[1.60]
Adding bndlst edge: (A_T364_MC -> A_T385_MC) type[hb], weight[1.41] from 2 to 23 dist[1.69]
Adding bndlst edge: (A_P365_MC -> A_L366_MC) type[cov], weight[1.00] from 3 to 4 dist[1.33]
Adding bndlst edge: (A_L366_MC -> A_S367_MC) type[cov], weight[1.00] from 4 to 5 dist[1.32]
Adding bndlst edge: (A_S367_MC -> A_L368_MC) type[cov], weight[1.00] from 5 to 6 dist[1.33]
Adding bndlst edge: (A_S367_MC -> A_G412_MC) type[hb], weight[1.02] from 5 to 50 dist[1.98]
Adding bndlst edge: (A_S367_SC -> A_R383_MC) type[hb], weight[0.63] from 5 to 21 dist[2.53]
Adding bndlst edge: (A_S367_SC -> A_K379_SC) type[hb], weight[0.61] from 5 to 17 dist[2.55]
Adding bndlst edge: (A_S367_MC -> A_E413_SC) type[cov], weight[1.00] from 5 to 51 dist[1.56]
Adding bndlst edge: (A_S367_MC -> A_G412_MC) type[hb], weight[0.51] from 5 to 50 dist[2.81]
Adding bndlst edge: (A_S367_SC -> A_E413_SC) type[hb], weight[0.50] from 5 to 51 dist[2.83]
Adding bndlst edge: (A_S367_SC -> A_E413_SC) type[hb], weight[1.33] from 5 to 51 dist[1.73]
Adding bndlst edge: (A_L368_MC -> A_G369_MC) type[cov], weight[1.00] from 6 to 7 dist[1.33]
Adding bndlst edge: (A_L368_MC -> A_I381_MC) type[hb], weight[0.76] from 6 to 19 dist[2.29]
Adding bndlst edge: (A_L368_MC -> A_L380_MC) type[hb], weight[1.06] from 6 to 18 dist[1.94]
Adding bndlst edge: (A_L368_MC -> A_I381_MC) type[hb], weight[0.98] from 6 to 19 dist[2.02]
Adding bndlst edge: (A_G369_MC -> A_I370_MC) type[cov], weight[1.00] from 7 to 8 dist[1.32]
Adding bndlst edge: (A_G369_MC -> A_L410_MC) type[hb], weight[0.91] from 7 to 48 dist[2.10]
Adding bndlst edge: (A_G369_MC -> A_L410_MC) type[hb], weight[1.10] from 7 to 48 dist[1.90]
Adding bndlst edge: (A_I370_MC -> A_E371_MC) type[cov], weight[1.00] from 8 to 9 dist[1.33]
Adding bndlst edge: (A_I370_MC -> A_T378_MC) type[hb], weight[1.02] from 8 to 16 dist[1.98]
Adding bndlst edge: (A_I370_MC -> A_T378_MC) type[hb], weight[1.07] from 8 to 16 dist[1.93]
Adding bndlst edge: (A_E371_MC -> A_T372_MC) type[cov], weight[1.00] from 9 to 10 dist[1.33]
Adding bndlst edge: (A_E371_MC -> A_H408_MC) type[hb], weight[0.95] from 9 to 46 dist[2.05]
Adding bndlst edge: (A_T372_MC -> A_M373_MC) type[cov], weight[1.00] from 10 to 11 dist[1.33]
Adding bndlst edge: (A_T372_MC -> A_V376_MC) type[hb], weight[0.70] from 10 to 14 dist[2.39]
Adding bndlst edge: (A_T372_MC -> A_G375_MC) type[hb], weight[0.52] from 10 to 13 dist[2.76]
Adding bndlst edge: (A_T372_SC -> A_T378_SC) type[hb], weight[0.64] from 10 to 16 dist[2.50]
Adding bndlst edge: (A_T372_MC -> A_V376_MC) type[hb], weight[1.22] from 10 to 14 dist[1.81]
Adding bndlst edge: (A_T372_SC -> A_T378_SC) type[hb], weight[0.47] from 10 to 16 dist[2.91]
Adding bndlst edge: (A_M373_MC -> A_G374_MC) type[cov], weight[1.00] from 11 to 12 dist[1.33]
Adding bndlst edge: (A_G374_MC -> A_G375_MC) type[cov], weight[1.00] from 12 to 13 dist[1.33]
Adding bndlst edge: (A_G375_MC -> A_V376_MC) type[cov], weight[1.00] from 13 to 14 dist[1.33]
Adding bndlst edge: (A_G375_MC -> A_A417_MC) type[hb], weight[1.19] from 13 to 55 dist[1.83]
Adding bndlst edge: (A_V376_MC -> A_F377_MC) type[cov], weight[1.00] from 14 to 15 dist[1.33]
Adding bndlst edge: (A_F377_MC -> A_T378_MC) type[cov], weight[1.00] from 15 to 16 dist[1.33]
Adding bndlst edge: (A_F377_SC -> A_T378_MC) type[hb], weight[0.38] from 15 to 16 dist[3.26]
Adding bndlst edge: (A_F377_SC -> A_N420_SC) type[hb], weight[0.42] from 15 to 58 dist[3.08]
Adding bndlst edge: (A_F377_MC -> A_P415_MC) type[cov], weight[1.00] from 15 to 53 dist[1.63]
Adding bndlst edge: (A_T378_MC -> A_K379_MC) type[cov], weight[1.00] from 16 to 17 dist[1.33]
Adding bndlst edge: (A_K379_MC -> A_L380_MC) type[cov], weight[1.00] from 17 to 18 dist[1.33]
Adding bndlst edge: (A_K379_SC -> A_E382_SC) type[salt], weight[0.41] from 17 to 20 dist[2.96]
Adding bndlst edge: (A_K379_SC -> A_E382_SC) type[salt], weight[0.47] from 17 to 20 dist[2.77]
Adding bndlst edge: (A_K379_SC -> A_E382_SC) type[salt], weight[0.47] from 17 to 20 dist[2.77]
Adding bndlst edge: (A_L380_MC -> A_I381_MC) type[cov], weight[1.00] from 18 to 19 dist[1.33]
Adding bndlst edge: (A_I381_MC -> A_E382_MC) type[cov], weight[1.00] from 19 to 20 dist[1.33]
Adding bndlst edge: (A_E382_MC -> A_R383_MC) type[cov], weight[1.00] from 20 to 21 dist[1.33]
Adding bndlst edge: (A_E382_MC -> A_T385_SC) type[hb], weight[1.35] from 20 to 23 dist[1.72]
Adding bndlst edge: (A_E382_MC -> A_T385_MC) type[hb], weight[0.45] from 20 to 23 dist[2.99]
Adding bndlst edge: (A_R383_MC -> A_N384_MC) type[cov], weight[1.00] from 21 to 22 dist[1.33]
Adding bndlst edge: (A_N384_MC -> A_T385_MC) type[cov], weight[1.00] from 22 to 23 dist[1.33]
Adding bndlst edge: (A_T385_MC -> A_T386_MC) type[cov], weight[1.00] from 23 to 24 dist[1.33]
Adding bndlst edge: (A_T386_MC -> A_I387_MC) type[cov], weight[1.00] from 24 to 25 dist[1.33]
Adding bndlst edge: (A_I387_MC -> A_P388_MC) type[cov], weight[1.00] from 25 to 26 dist[1.34]
Adding bndlst edge: (A_P388_MC -> A_T389_MC) type[cov], weight[1.00] from 26 to 27 dist[1.33]
Adding bndlst edge: (A_T389_MC -> A_S390_MC) type[cov], weight[1.00] from 27 to 28 dist[1.33]
Adding bndlst edge: (A_T389_MC -> A_I447_MC) type[hb], weight[1.05] from 27 to 85 dist[1.95]
Adding bndlst edge: (A_T389_SC -> A_S390_MC) type[hb], weight[0.54] from 27 to 28 dist[2.72]
Adding bndlst edge: (A_T389_MC -> A_I447_MC) type[hb], weight[0.72] from 27 to 85 dist[2.36]
Adding bndlst edge: (A_S390_MC -> A_K391_MC) type[cov], weight[1.00] from 28 to 29 dist[1.32]
Adding bndlst edge: (A_K391_MC -> A_S392_MC) type[cov], weight[1.00] from 29 to 30 dist[1.33]
Adding bndlst edge: (A_K391_MC -> A_F445_MC) type[hb], weight[1.12] from 29 to 83 dist[1.89]
Adding bndlst edge: (A_K391_MC -> A_F445_MC) type[hb], weight[0.87] from 29 to 83 dist[2.14]
Adding bndlst edge: (A_S392_MC -> A_Q393_MC) type[cov], weight[1.00] from 30 to 31 dist[1.33]
Adding bndlst edge: (A_Q393_MC -> A_V394_MC) type[cov], weight[1.00] from 31 to 32 dist[1.32]
Adding bndlst edge: (A_Q393_MC -> A_V443_MC) type[hb], weight[1.00] from 31 to 81 dist[2.00]
Adding bndlst edge: (A_Q393_MC -> A_V443_MC) type[hb], weight[0.88] from 31 to 81 dist[2.13]
Adding bndlst edge: (A_V394_MC -> A_F395_MC) type[cov], weight[1.00] from 32 to 33 dist[1.33]
Adding bndlst edge: (A_F395_MC -> A_T396_MC) type[cov], weight[1.00] from 33 to 34 dist[1.33]
Adding bndlst edge: (A_F395_MC -> A_I441_MC) type[hb], weight[1.16] from 33 to 79 dist[1.85]
Adding bndlst edge: (A_F395_MC -> A_I441_MC) type[hb], weight[1.29] from 33 to 79 dist[1.76]
Adding bndlst edge: (A_T396_MC -> A_T397_MC) type[cov], weight[1.00] from 34 to 35 dist[1.33]
Adding bndlst edge: (A_T396_SC -> A_T397_MC) type[hb], weight[1.00] from 34 to 35 dist[2.00]
Adding bndlst edge: (A_T396_SC -> A_P439_MC) type[hb], weight[1.42] from 34 to 77 dist[1.68]
Adding bndlst edge: (A_T397_MC -> A_A398_MC) type[cov], weight[1.00] from 35 to 36 dist[1.33]
Adding bndlst edge: (A_T397_MC -> A_G437_MC) type[hb], weight[1.03] from 35 to 75 dist[1.97]
Adding bndlst edge: (A_A398_MC -> A_A399_MC) type[cov], weight[1.00] from 36 to 37 dist[1.34]
Adding bndlst edge: (A_A398_MC -> A_Q402_SC) type[cov], weight[1.00] from 36 to 40 dist[1.60]
Adding bndlst edge: (A_A399_MC -> A_D400_MC) type[cov], weight[1.00] from 37 to 38 dist[1.11]
Adding bndlst edge: (A_A399_MC -> A_D400_MC) type[hb], weight[0.46] from 37 to 38 dist[2.95]
Adding bndlst edge: (A_A399_MC -> A_Q402_MC) type[hb], weight[0.88] from 37 to 40 dist[2.14]
Adding bndlst edge: (A_A399_MC -> A_Q402_SC) type[hb], weight[1.27] from 37 to 40 dist[1.77]
Adding bndlst edge: (A_D400_MC -> A_N401_MC) type[cov], weight[1.00] from 38 to 39 dist[1.29]
Adding bndlst edge: (A_D400_SC -> A_R436_MC) type[hb], weight[0.79] from 38 to 74 dist[2.26]
Adding bndlst edge: (A_N401_MC -> A_Q402_MC) type[cov], weight[1.00] from 39 to 40 dist[1.32]
Adding bndlst edge: (A_N401_MC -> A_A434_MC) type[hb], weight[1.03] from 39 to 72 dist[1.97]
Adding bndlst edge: (A_Q402_MC -> A_T403_MC) type[cov], weight[1.00] from 40 to 41 dist[1.26]
Adding bndlst edge: (A_Q402_SC -> A_T404_MC) type[hb], weight[0.81] from 40 to 42 dist[2.22]
Adding bndlst edge: (A_T403_MC -> A_T404_MC) type[cov], weight[1.00] from 41 to 42 dist[1.31]
Adding bndlst edge: (A_T403_MC -> A_I431_MC) type[hb], weight[1.12] from 41 to 69 dist[1.89]
Adding bndlst edge: (A_T403_MC -> A_G430_MC) type[hb], weight[0.76] from 41 to 68 dist[2.30]
Adding bndlst edge: (A_T404_MC -> A_V405_MC) type[cov], weight[1.00] from 42 to 43 dist[1.28]
Adding bndlst edge: (A_T404_SC -> A_V405_MC) type[hb], weight[0.45] from 42 to 43 dist[2.99]
Adding bndlst edge: (A_T404_SC -> A_T429_SC) type[hb], weight[0.70] from 42 to 67 dist[2.39]
Adding bndlst edge: (A_T404_SC -> A_L428_MC) type[hb], weight[0.88] from 42 to 66 dist[2.14]
Adding bndlst edge: (A_V405_MC -> A_D406_MC) type[cov], weight[1.00] from 43 to 44 dist[1.33]
Adding bndlst edge: (A_V405_MC -> A_L428_MC) type[hb], weight[0.96] from 43 to 66 dist[2.05]
Adding bndlst edge: (A_V405_MC -> A_L428_MC) type[hb], weight[0.89] from 43 to 66 dist[2.12]
Adding bndlst edge: (A_D406_MC -> A_I407_MC) type[cov], weight[1.00] from 44 to 45 dist[1.33]
Adding bndlst edge: (A_D406_SC -> A_R425_SC) type[salt], weight[0.44] from 44 to 63 dist[2.88]
Adding bndlst edge: (A_I407_MC -> A_H408_MC) type[cov], weight[1.00] from 45 to 46 dist[1.33]
Adding bndlst edge: (A_I407_MC -> A_F426_MC) type[hb], weight[0.80] from 45 to 64 dist[2.24]
Adding bndlst edge: (A_I407_MC -> A_F426_MC) type[hb], weight[1.11] from 45 to 64 dist[1.90]
Adding bndlst edge: (A_H408_MC -> A_V409_MC) type[cov], weight[1.00] from 46 to 47 dist[1.33]
Adding bndlst edge: (A_H408_SC -> A_S422_SC) type[hb], weight[0.53] from 46 to 60 dist[2.75]
Adding bndlst edge: (A_H408_SC -> A_S422_SC) type[hb], weight[0.58] from 46 to 60 dist[2.63]
Adding bndlst edge: (A_H408_SC -> A_R425_SC) type[hb], weight[0.41] from 46 to 63 dist[3.12]
Adding bndlst edge: (A_H408_SC -> A_S422_SC) type[hb], weight[1.39] from 46 to 60 dist[1.69]
Adding bndlst edge: (A_H408_SC -> A_G424_MC) type[hb], weight[0.73] from 46 to 62 dist[2.35]
Adding bndlst edge: (A_V409_MC -> A_L410_MC) type[cov], weight[1.00] from 47 to 48 dist[1.33]
Adding bndlst edge: (A_V409_MC -> A_L423_MC) type[hb], weight[1.16] from 47 to 61 dist[1.85]
Adding bndlst edge: (A_V409_MC -> A_G424_MC) type[hb], weight[0.51] from 47 to 62 dist[2.80]
Adding bndlst edge: (A_V409_MC -> A_G424_MC) type[hb], weight[0.73] from 47 to 62 dist[2.33]
Adding bndlst edge: (A_L410_MC -> A_Q411_MC) type[cov], weight[1.00] from 48 to 49 dist[1.33]
Adding bndlst edge: (A_Q411_MC -> A_G412_MC) type[cov], weight[1.00] from 49 to 50 dist[1.33]
Adding bndlst edge: (A_Q411_MC -> A_K421_MC) type[hb], weight[0.92] from 49 to 59 dist[2.08]
Adding bndlst edge: (A_Q411_MC -> A_K421_MC) type[hb], weight[1.03] from 49 to 59 dist[1.97]
Adding bndlst edge: (A_G412_MC -> A_E413_MC) type[cov], weight[1.00] from 50 to 51 dist[1.33]
Adding bndlst edge: (A_E413_MC -> A_R414_MC) type[cov], weight[1.00] from 51 to 52 dist[1.33]
Adding bndlst edge: (A_E413_MC -> A_N420_SC) type[hb], weight[0.55] from 51 to 58 dist[2.69]
Adding bndlst edge: (A_R414_MC -> A_P415_MC) type[cov], weight[1.00] from 52 to 53 dist[1.35]
Adding bndlst edge: (A_R414_MC -> A_N420_SC) type[hb], weight[0.80] from 52 to 58 dist[2.23]
Adding bndlst edge: (A_R414_MC -> A_N420_SC) type[hb], weight[0.64] from 52 to 58 dist[2.49]
Adding bndlst edge: (A_P415_MC -> A_M416_MC) type[cov], weight[1.00] from 53 to 54 dist[1.33]
Adding bndlst edge: (A_M416_MC -> A_A417_MC) type[cov], weight[1.00] from 54 to 55 dist[1.33]
Adding bndlst edge: (A_M416_MC -> A_N420_SC) type[hb], weight[0.45] from 54 to 58 dist[2.97]
Adding bndlst edge: (A_M416_MC -> A_D419_MC) type[hb], weight[1.11] from 54 to 57 dist[1.90]
Adding bndlst edge: (A_A417_MC -> A_A418_MC) type[cov], weight[1.00] from 55 to 56 dist[1.33]
Adding bndlst edge: (A_A417_MC -> A_N420_MC) type[hb], weight[0.96] from 55 to 58 dist[2.04]
Adding bndlst edge: (A_A417_MC -> A_D419_MC) type[hb], weight[0.45] from 55 to 57 dist[2.98]
Adding bndlst edge: (A_A418_MC -> A_D419_MC) type[cov], weight[1.00] from 56 to 57 dist[1.33]
Adding bndlst edge: (A_D419_MC -> A_N420_MC) type[cov], weight[1.00] from 57 to 58 dist[1.33]
Adding bndlst edge: (A_N420_MC -> A_K421_MC) type[cov], weight[1.00] from 58 to 59 dist[1.33]
Adding bndlst edge: (A_K421_MC -> A_S422_MC) type[cov], weight[1.00] from 59 to 60 dist[1.33]
Adding bndlst edge: (A_S422_MC -> A_L423_MC) type[cov], weight[1.00] from 60 to 61 dist[1.33]
Adding bndlst edge: (A_L423_MC -> A_G424_MC) type[cov], weight[1.00] from 61 to 62 dist[1.32]
Adding bndlst edge: (A_G424_MC -> A_R425_MC) type[cov], weight[1.00] from 62 to 63 dist[1.33]
Adding bndlst edge: (A_R425_MC -> A_F426_MC) type[cov], weight[1.00] from 63 to 64 dist[1.32]
Adding bndlst edge: (A_F426_MC -> A_Q427_MC) type[cov], weight[1.00] from 64 to 65 dist[1.32]
Adding bndlst edge: (A_Q427_MC -> A_L428_MC) type[cov], weight[1.00] from 65 to 66 dist[1.33]
Adding bndlst edge: (A_L428_MC -> A_T429_MC) type[cov], weight[1.00] from 66 to 67 dist[1.32]
Adding bndlst edge: (A_T429_MC -> A_G430_MC) type[cov], weight[1.00] from 67 to 68 dist[1.33]
Adding bndlst edge: (A_G430_MC -> A_I431_MC) type[cov], weight[1.00] from 68 to 69 dist[1.33]
Adding bndlst edge: (A_I431_MC -> A_P432_MC) type[cov], weight[1.00] from 69 to 70 dist[1.34]
Adding bndlst edge: (A_P432_MC -> A_P433_MC) type[cov], weight[1.00] from 70 to 71 dist[1.34]
Adding bndlst edge: (A_P433_MC -> A_A434_MC) type[cov], weight[1.00] from 71 to 72 dist[1.33]
Adding bndlst edge: (A_A434_MC -> A_P435_MC) type[cov], weight[1.00] from 72 to 73 dist[1.34]
Adding bndlst edge: (A_P435_MC -> A_R436_MC) type[cov], weight[1.00] from 73 to 74 dist[1.33]
Adding bndlst edge: (A_P435_MC -> A_V438_MC) type[hb], weight[0.66] from 73 to 76 dist[2.45]
Adding bndlst edge: (A_R436_MC -> A_G437_MC) type[cov], weight[1.00] from 74 to 75 dist[1.33]
Adding bndlst edge: (A_R436_MC -> A_V438_MC) type[hb], weight[0.55] from 74 to 76 dist[2.71]
Adding bndlst edge: (A_G437_MC -> A_V438_MC) type[cov], weight[1.00] from 75 to 76 dist[1.33]
Adding bndlst edge: (A_V438_MC -> A_P439_MC) type[cov], weight[1.00] from 76 to 77 dist[1.35]
Adding bndlst edge: (A_P439_MC -> A_Q440_MC) type[cov], weight[1.00] from 77 to 78 dist[1.34]
Adding bndlst edge: (A_Q440_MC -> A_I441_MC) type[cov], weight[1.00] from 78 to 79 dist[1.31]
Adding bndlst edge: (A_Q440_MC -> A_L460_MC) type[hb], weight[1.21] from 78 to 98 dist[1.82]
Adding bndlst edge: (A_I441_MC -> A_E442_MC) type[cov], weight[1.00] from 79 to 80 dist[1.31]
Adding bndlst edge: (A_E442_MC -> A_V443_MC) type[cov], weight[1.00] from 80 to 81 dist[1.33]
Adding bndlst edge: (A_E442_MC -> A_K458_MC) type[hb], weight[0.99] from 80 to 96 dist[2.01]
Adding bndlst edge: (A_E442_MC -> A_K458_MC) type[hb], weight[1.18] from 80 to 96 dist[1.84]
Adding bndlst edge: (A_V443_MC -> A_T444_MC) type[cov], weight[1.00] from 81 to 82 dist[1.33]
Adding bndlst edge: (A_T444_MC -> A_F445_MC) type[cov], weight[1.00] from 82 to 83 dist[1.33]
Adding bndlst edge: (A_T444_MC -> A_R456_MC) type[hb], weight[0.90] from 82 to 94 dist[2.11]
Adding bndlst edge: (A_T444_MC -> A_R456_MC) type[hb], weight[0.92] from 82 to 94 dist[2.08]
Adding bndlst edge: (A_F445_MC -> A_D446_MC) type[cov], weight[1.00] from 83 to 84 dist[1.32]
Adding bndlst edge: (A_D446_MC -> A_I447_MC) type[cov], weight[1.00] from 84 to 85 dist[1.33]
Adding bndlst edge: (A_D446_MC -> A_H454_MC) type[hb], weight[1.23] from 84 to 92 dist[1.80]
Adding bndlst edge: (A_D446_MC -> A_H454_MC) type[hb], weight[1.16] from 84 to 92 dist[1.86]
Adding bndlst edge: (A_I447_MC -> A_D448_MC) type[cov], weight[1.00] from 85 to 86 dist[1.33]
Adding bndlst edge: (A_D448_MC -> A_A449_MC) type[cov], weight[1.00] from 86 to 87 dist[1.33]
Adding bndlst edge: (A_D448_MC -> A_G451_MC) type[hb], weight[1.04] from 86 to 89 dist[1.96]
Adding bndlst edge: (A_D448_MC -> A_N450_MC) type[hb], weight[0.63] from 86 to 88 dist[2.53]
Adding bndlst edge: (A_D448_SC -> A_H454_SC) type[hb], weight[0.73] from 86 to 92 dist[2.35]
Adding bndlst edge: (A_D448_SC -> A_N450_MC) type[hb], weight[0.75] from 86 to 88 dist[2.31]
Adding bndlst edge: (A_D448_SC -> A_I452_MC) type[hb], weight[0.81] from 86 to 90 dist[2.22]
Adding bndlst edge: (A_D448_MC -> A_I452_MC) type[hb], weight[0.80] from 86 to 90 dist[2.23]
Adding bndlst edge: (A_A449_MC -> A_N450_MC) type[cov], weight[1.00] from 87 to 88 dist[1.32]
Adding bndlst edge: (A_N450_MC -> A_G451_MC) type[cov], weight[1.00] from 88 to 89 dist[1.33]
Adding bndlst edge: (A_G451_MC -> A_I452_MC) type[cov], weight[1.00] from 89 to 90 dist[1.33]
Adding bndlst edge: (A_I452_MC -> A_V453_MC) type[cov], weight[1.00] from 90 to 91 dist[1.33]
Adding bndlst edge: (A_V453_MC -> A_H454_MC) type[cov], weight[1.00] from 91 to 92 dist[1.33]
Adding bndlst edge: (A_V453_MC -> A_I470_MC) type[hb], weight[0.83] from 91 to 108 dist[2.19]
Adding bndlst edge: (A_H454_MC -> A_V455_MC) type[cov], weight[1.00] from 92 to 93 dist[1.33]
Adding bndlst edge: (A_V455_MC -> A_R456_MC) type[cov], weight[1.00] from 93 to 94 dist[1.33]
Adding bndlst edge: (A_V455_MC -> A_I468_MC) type[hb], weight[0.81] from 93 to 106 dist[2.22]
Adding bndlst edge: (A_V455_MC -> A_I468_MC) type[hb], weight[0.97] from 93 to 106 dist[2.03]
Adding bndlst edge: (A_R456_MC -> A_A457_MC) type[cov], weight[1.00] from 94 to 95 dist[1.33]
Adding bndlst edge: (A_A457_MC -> A_K458_MC) type[cov], weight[1.00] from 95 to 96 dist[1.32]
Adding bndlst edge: (A_A457_MC -> A_Q466_MC) type[hb], weight[0.83] from 95 to 104 dist[2.19]
Adding bndlst edge: (A_A457_MC -> A_Q466_MC) type[hb], weight[1.10] from 95 to 104 dist[1.91]
Adding bndlst edge: (A_K458_MC -> A_D459_MC) type[cov], weight[1.00] from 96 to 97 dist[1.33]
Adding bndlst edge: (A_K458_MC -> A_L460_MC) type[hb], weight[0.45] from 96 to 98 dist[2.96]
Adding bndlst edge: (A_D459_MC -> A_L460_MC) type[cov], weight[1.00] from 97 to 98 dist[1.33]
Adding bndlst edge: (A_D459_MC -> A_N463_MC) type[cov], weight[1.00] from 97 to 101 dist[1.56]
Adding bndlst edge: (A_D459_MC -> A_T462_MC) type[hb], weight[0.63] from 97 to 100 dist[2.52]
Adding bndlst edge: (A_D459_SC -> A_G461_MC) type[hb], weight[0.80] from 97 to 99 dist[2.24]
Adding bndlst edge: (A_D459_SC -> A_T462_MC) type[hb], weight[0.63] from 97 to 100 dist[2.52]
Adding bndlst edge: (A_D459_MC -> A_K464_MC) type[hb], weight[0.91] from 97 to 102 dist[2.10]
Adding bndlst edge: (A_L460_MC -> A_G461_MC) type[cov], weight[1.00] from 98 to 99 dist[1.33]
Adding bndlst edge: (A_G461_MC -> A_T462_MC) type[cov], weight[1.00] from 99 to 100 dist[1.33]
Adding bndlst edge: (A_T462_MC -> A_N463_MC) type[cov], weight[1.00] from 100 to 101 dist[1.33]
Adding bndlst edge: (A_N463_MC -> A_K464_MC) type[cov], weight[1.00] from 101 to 102 dist[1.33]
Adding bndlst edge: (A_K464_MC -> A_E465_MC) type[cov], weight[1.00] from 102 to 103 dist[1.33]
Adding bndlst edge: (A_E465_MC -> A_Q466_MC) type[cov], weight[1.00] from 103 to 104 dist[1.32]
Adding bndlst edge: (A_Q466_MC -> A_S467_MC) type[cov], weight[1.00] from 104 to 105 dist[1.32]
Adding bndlst edge: (A_Q466_SC -> A_S467_MC) type[hb], weight[0.48] from 104 to 105 dist[2.88]
Adding bndlst edge: (A_S467_MC -> A_I468_MC) type[cov], weight[1.00] from 105 to 106 dist[1.33]
Adding bndlst edge: (A_I468_MC -> A_T469_MC) type[cov], weight[1.00] from 106 to 107 dist[1.27]
Adding bndlst edge: (A_T469_MC -> A_I470_MC) type[cov], weight[1.00] from 107 to 108 dist[1.34]
Adding bndlst edge: (A_I470_MC -> A_K471_MC) type[cov], weight[1.00] from 108 to 109 dist[1.34]
Adding bndlst edge: (A_K471_MC -> A_S472_MC) type[cov], weight[1.00] from 109 to 110 dist[1.34]
Adding bndlst edge: (A_S472_MC -> A_S473_MC) type[cov], weight[1.00] from 110 to 111 dist[1.25]
Adding bndlst edge: (A_S472_MC -> A_S473_MC) type[hb], weight[0.54] from 110 to 111 dist[2.71]
Adding bndlst edge: (A_S473_MC -> A_S474_MC) type[cov], weight[1.00] from 111 to 112 dist[1.27]
Adding bndlst edge: (A_S473_MC -> A_G475_MC) type[hb], weight[0.70] from 111 to 113 dist[2.39]
Adding bndlst edge: (A_S473_MC -> A_S474_MC) type[hb], weight[0.48] from 111 to 112 dist[2.90]
Adding bndlst edge: (A_S474_MC -> A_G475_MC) type[cov], weight[1.00] from 112 to 113 dist[1.37]
Adding bndlst edge: (A_G475_MC -> A_L476_MC) type[cov], weight[1.00] from 113 to 114 dist[1.32]
Adding bndlst edge: (A_L476_MC -> A_S477_MC) type[cov], weight[1.00] from 114 to 115 dist[1.33]
Adding bndlst edge: (A_S477_MC -> A_E478_MC) type[cov], weight[1.00] from 115 to 116 dist[1.35]
Adding bndlst edge: (A_E478_MC -> A_E479_MC) type[cov], weight[1.00] from 116 to 117 dist[1.33]
Adding bndlst edge: (A_E479_MC -> A_E480_MC) type[cov], weight[1.00] from 117 to 118 dist[1.31]
Adding bndlst edge: (A_E479_MC -> A_R483_MC) type[hb], weight[1.27] from 117 to 121 dist[1.77]
Adding bndlst edge: (A_E479_MC -> A_Q482_MC) type[hb], weight[0.82] from 117 to 120 dist[2.21]
Adding bndlst edge: (A_E480_MC -> A_I481_MC) type[cov], weight[1.00] from 118 to 119 dist[1.33]
Adding bndlst edge: (A_E480_MC -> A_R483_MC) type[hb], weight[0.47] from 118 to 121 dist[2.91]
Adding bndlst edge: (A_E480_MC -> A_M484_MC) type[hb], weight[0.93] from 118 to 122 dist[2.07]
Adding bndlst edge: (A_I481_MC -> A_Q482_MC) type[cov], weight[1.00] from 119 to 120 dist[1.35]
Adding bndlst edge: (A_I481_MC -> A_I485_MC) type[hb], weight[0.97] from 119 to 123 dist[2.04]
Adding bndlst edge: (A_Q482_MC -> A_R483_MC) type[cov], weight[1.00] from 120 to 121 dist[1.32]
Adding bndlst edge: (A_Q482_MC -> A_K486_MC) type[hb], weight[1.05] from 120 to 124 dist[1.95]
Adding bndlst edge: (A_R483_MC -> A_M484_MC) type[cov], weight[1.00] from 121 to 122 dist[1.36]
Adding bndlst edge: (A_R483_MC -> A_E487_MC) type[hb], weight[0.88] from 121 to 125 dist[2.13]
Adding bndlst edge: (A_M484_MC -> A_I485_MC) type[cov], weight[1.00] from 122 to 123 dist[1.35]
Adding bndlst edge: (A_M484_MC -> A_A488_MC) type[hb], weight[0.88] from 122 to 126 dist[2.13]
Adding bndlst edge: (A_M484_MC -> A_E487_MC) type[hb], weight[0.47] from 122 to 125 dist[2.93]
Adding bndlst edge: (A_I485_MC -> A_K486_MC) type[cov], weight[1.00] from 123 to 124 dist[1.31]
Adding bndlst edge: (A_K486_MC -> A_E487_MC) type[cov], weight[1.00] from 124 to 125 dist[1.34]
Adding bndlst edge: (A_K486_MC -> A_E489_MC) type[hb], weight[0.65] from 124 to 127 dist[2.48]
Adding bndlst edge: (A_K486_MC -> A_A488_MC) type[hb], weight[0.49] from 124 to 126 dist[2.86]
Adding bndlst edge: (A_K486_MC -> A_E490_MC) type[hb], weight[0.93] from 124 to 128 dist[2.08]
Adding bndlst edge: (A_E487_MC -> A_A488_MC) type[cov], weight[1.00] from 125 to 126 dist[1.34]
Adding bndlst edge: (A_E487_MC -> A_N491_MC) type[hb], weight[0.97] from 125 to 129 dist[2.03]
Adding bndlst edge: (A_A488_MC -> A_E489_MC) type[cov], weight[1.00] from 126 to 127 dist[1.34]
Adding bndlst edge: (A_E489_MC -> A_E490_MC) type[cov], weight[1.00] from 127 to 128 dist[1.32]
Adding bndlst edge: (A_E490_MC -> A_N491_MC) type[cov], weight[1.00] from 128 to 129 dist[1.30]
Adding bndlst edge: (A_E490_MC -> A_A492_MC) type[hb], weight[0.59] from 128 to 130 dist[2.61]
Adding bndlst edge: (A_N491_MC -> A_A492_MC) type[cov], weight[1.00] from 129 to 130 dist[1.25]
Adding bndlst edge: (A_A492_MC -> A_E493_MC) type[cov], weight[1.00] from 130 to 131 dist[1.54]
Adding bndlst edge: (A_A492_MC -> A_D495_MC) type[hb], weight[0.45] from 130 to 133 dist[2.98]
Adding bndlst edge: (A_E493_MC -> A_A494_MC) type[cov], weight[1.00] from 131 to 132 dist[1.38]
Adding bndlst edge: (A_E493_MC -> A_R496_MC) type[hb], weight[1.30] from 131 to 134 dist[1.75]
Adding bndlst edge: (A_A494_MC -> A_D495_MC) type[cov], weight[1.00] from 132 to 133 dist[1.27]
Adding bndlst edge: (A_A494_MC -> A_K497_MC) type[cov], weight[1.00] from 132 to 135 dist[1.55]
Adding bndlst edge: (A_D495_MC -> A_R496_MC) type[cov], weight[1.00] from 133 to 134 dist[1.29]
Adding bndlst edge: (A_D495_MC -> A_R498_MC) type[hb], weight[1.09] from 133 to 136 dist[1.92]
Adding bndlst edge: (A_R496_MC -> A_K497_MC) type[cov], weight[1.00] from 134 to 135 dist[1.27]
Adding bndlst edge: (A_R496_MC -> A_K499_MC) type[hb], weight[1.25] from 134 to 137 dist[1.79]
Adding bndlst edge: (A_R496_MC -> A_R498_MC) type[hb], weight[0.60] from 134 to 136 dist[2.58]
Adding bndlst edge: (A_K497_MC -> A_R498_MC) type[cov], weight[1.00] from 135 to 136 dist[1.30]
Adding bndlst edge: (A_K497_MC -> A_K499_MC) type[hb], weight[0.54] from 135 to 137 dist[2.72]
Adding bndlst edge: (A_K497_MC -> A_E500_MC) type[hb], weight[1.32] from 135 to 138 dist[1.74]
Adding bndlst edge: (A_R498_MC -> A_K499_MC) type[cov], weight[1.00] from 136 to 137 dist[1.29]
Adding bndlst edge: (A_R498_MC -> A_A501_MC) type[hb], weight[1.01] from 136 to 139 dist[1.99]
Adding bndlst edge: (A_K499_MC -> A_E500_MC) type[cov], weight[1.00] from 137 to 138 dist[1.29]
Adding bndlst edge: (A_K499_MC -> A_A501_MC) type[hb], weight[0.66] from 137 to 139 dist[2.46]
Adding bndlst edge: (A_E500_MC -> A_A501_MC) type[cov], weight[1.00] from 138 to 139 dist[1.28]
Adding bndlst edge: (A_E500_MC -> A_A502_MC) type[hb], weight[1.06] from 138 to 140 dist[1.94]
Adding bndlst edge: (A_A501_MC -> A_A502_MC) type[cov], weight[1.00] from 139 to 140 dist[1.30]
Adding bndlst edge: (A_A501_MC -> A_E503_MC) type[hb], weight[0.61] from 139 to 141 dist[2.57]
Adding bndlst edge: (A_A502_MC -> A_E503_MC) type[cov], weight[1.00] from 140 to 141 dist[1.25]
Adding bndlst edge: (A_E503_MC -> A_L504_MC) type[cov], weight[1.00] from 141 to 142 dist[1.20]
Adding bndlst edge: (A_E503_MC -> A_L504_MC) type[hb], weight[0.69] from 141 to 142 dist[2.40]

bndlst DONE

Producing PAJEK network
printing pajek edge (A_489_GLU,A_490_GLU)
printing pajek edge (A_394_VAL,A_395_PHE)
printing pajek edge (A_452_ILE,A_453_VAL)
printing pajek edge (A_480_GLU,A_481_ILE)
printing pajek edge (A_480_GLU,A_484_MET)
printing pajek edge (A_480_GLU,A_483_ARG)
printing pajek edge (A_433_PRO,A_434_ALA)
printing pajek edge (A_464_LYS,A_465_GLU)
printing pajek edge (A_380_LEU,A_381_ILE)
printing pajek edge (A_487_GLU,A_491_ASN)
printing pajek edge (A_487_GLU,A_488_ALA)
printing pajek edge (A_378_THR,A_379_LYS)
printing pajek edge (A_406_ASP,A_425_ARG)
printing pajek edge (A_406_ASP,A_407_ILE)
printing pajek edge (A_417_ALA,A_419_ASP)
printing pajek edge (A_417_ALA,A_418_ALA)
printing pajek edge (A_417_ALA,A_420_ASN)
printing pajek edge (A_446_ASP,A_454_HIS)
printing pajek edge (A_446_ASP,A_447_ILE)
printing pajek edge (A_389_THR,A_447_ILE)
printing pajek edge (A_389_THR,A_390_SER)
printing pajek edge (A_389_THR,A_390_SER)
printing pajek edge (A_457_ALA,A_466_GLN)
printing pajek edge (A_457_ALA,A_458_LYS)
printing pajek edge (A_419_ASP,A_420_ASN)
printing pajek edge (A_382_GLU,A_383_ARG)
printing pajek edge (A_382_GLU,A_385_THR)
printing pajek edge (A_471_LYS,A_472_SER)
printing pajek edge (A_451_GLY,A_452_ILE)
printing pajek edge (A_393_GLN,A_443_VAL)
printing pajek edge (A_393_GLN,A_394_VAL)
printing pajek edge (A_397_THR,A_437_GLY)
printing pajek edge (A_397_THR,A_398_ALA)
printing pajek edge (A_373_MET,A_374_GLY)
printing pajek edge (A_440_GLN,A_460_LEU)
printing pajek edge (A_440_GLN,A_441_ILE)
printing pajek edge (A_455_VAL,A_468_ILE)
printing pajek edge (A_455_VAL,A_456_ARG)
printing pajek edge (A_468_ILE,A_469_THR)
printing pajek edge (A_427_GLN,A_428_LEU)
printing pajek edge (A_391_LYS,A_445_PHE)
printing pajek edge (A_391_LYS,A_392_SER)
printing pajek edge (A_500_GLU,A_501_ALA)
printing pajek edge (A_500_GLU,A_502_ALA)
printing pajek edge (A_476_LEU,A_477_SER)
printing pajek edge (A_420_ASN,A_421_LYS)
printing pajek edge (A_377_PHE,A_415_PRO)
printing pajek edge (A_377_PHE,A_378_THR)
printing pajek edge (A_377_PHE,A_378_THR)
printing pajek edge (A_377_PHE,A_420_ASN)
printing pajek edge (A_499_LYS,A_501_ALA)
printing pajek edge (A_499_LYS,A_500_GLU)
printing pajek edge (A_443_VAL,A_444_THR)
printing pajek edge (A_422_SER,A_423_LEU)
printing pajek edge (A_463_ASN,A_464_LYS)
printing pajek edge (A_435_PRO,A_436_ARG)
printing pajek edge (A_435_PRO,A_438_VAL)
printing pajek edge (A_448_ASP,A_454_HIS)
printing pajek edge (A_448_ASP,A_449_ALA)
printing pajek edge (A_448_ASP,A_452_ILE)
printing pajek edge (A_448_ASP,A_450_ASN)
printing pajek edge (A_448_ASP,A_451_GLY)
printing pajek edge (A_438_VAL,A_439_PRO)
printing pajek edge (A_424_GLY,A_425_ARG)
printing pajek edge (A_429_THR,A_430_GLY)
printing pajek edge (A_501_ALA,A_503_GLU)
printing pajek edge (A_501_ALA,A_502_ALA)
printing pajek edge (A_491_ASN,A_492_ALA)
printing pajek edge (A_364_THR,A_384_ASN)
printing pajek edge (A_364_THR,A_365_PRO)
printing pajek edge (A_364_THR,A_385_THR)
printing pajek edge (A_379_LYS,A_380_LEU)
printing pajek edge (A_379_LYS,A_382_GLU)
printing pajek edge (A_472_SER,A_473_SER)
printing pajek edge (A_472_SER,A_473_SER)
printing pajek edge (A_444_THR,A_445_PHE)
printing pajek edge (A_444_THR,A_456_ARG)
printing pajek edge (A_497_LYS,A_499_LYS)
printing pajek edge (A_497_LYS,A_498_ARG)
printing pajek edge (A_497_LYS,A_500_GLU)
printing pajek edge (A_376_VAL,A_377_PHE)
printing pajek edge (A_474_SER,A_475_GLY)
printing pajek edge (A_431_ILE,A_432_PRO)
printing pajek edge (A_411_GLN,A_421_LYS)
printing pajek edge (A_411_GLN,A_412_GLY)
printing pajek edge (A_386_THR,A_387_ILE)
printing pajek edge (A_502_ALA,A_503_GLU)
printing pajek edge (A_486_LYS,A_490_GLU)
printing pajek edge (A_486_LYS,A_489_GLU)
printing pajek edge (A_486_LYS,A_487_GLU)
printing pajek edge (A_486_LYS,A_488_ALA)
printing pajek edge (A_466_GLN,A_467_SER)
printing pajek edge (A_466_GLN,A_467_SER)
printing pajek edge (A_493_GLU,A_496_ARG)
printing pajek edge (A_493_GLU,A_494_ALA)
printing pajek edge (A_483_ARG,A_487_GLU)
printing pajek edge (A_483_ARG,A_484_MET)
printing pajek edge (A_441_ILE,A_442_GLU)
printing pajek edge (A_362_ASP,A_387_ILE)
printing pajek edge (A_362_ASP,A_363_VAL)
printing pajek edge (A_385_THR,A_386_THR)
printing pajek edge (A_458_LYS,A_460_LEU)
printing pajek edge (A_458_LYS,A_459_ASP)
printing pajek edge (A_488_ALA,A_489_GLU)
printing pajek edge (A_409_VAL,A_423_LEU)
printing pajek edge (A_409_VAL,A_424_GLY)
printing pajek edge (A_409_VAL,A_410_LEU)
printing pajek edge (A_370_ILE,A_378_THR)
printing pajek edge (A_370_ILE,A_371_GLU)
printing pajek edge (A_460_LEU,A_461_GLY)
printing pajek edge (A_399_ALA,A_400_ASP)
printing pajek edge (A_399_ALA,A_400_ASP)
printing pajek edge (A_399_ALA,A_402_GLN)
printing pajek edge (A_479_GLU,A_482_GLN)
printing pajek edge (A_479_GLU,A_480_GLU)
printing pajek edge (A_479_GLU,A_483_ARG)
printing pajek edge (A_405_VAL,A_428_LEU)
printing pajek edge (A_405_VAL,A_406_ASP)
printing pajek edge (A_367_SER,A_368_LEU)
printing pajek edge (A_367_SER,A_412_GLY)
printing pajek edge (A_367_SER,A_383_ARG)
printing pajek edge (A_367_SER,A_413_GLU)
printing pajek edge (A_367_SER,A_413_GLU)
printing pajek edge (A_367_SER,A_379_LYS)
printing pajek edge (A_395_PHE,A_396_THR)
printing pajek edge (A_395_PHE,A_441_ILE)
printing pajek edge (A_383_ARG,A_384_ASN)
printing pajek edge (A_425_ARG,A_426_PHE)
printing pajek edge (A_369_GLY,A_370_ILE)
printing pajek edge (A_369_GLY,A_410_LEU)
printing pajek edge (A_388_PRO,A_389_THR)
printing pajek edge (A_442_GLU,A_443_VAL)
printing pajek edge (A_442_GLU,A_458_LYS)
printing pajek edge (A_481_ILE,A_485_ILE)
printing pajek edge (A_481_ILE,A_482_GLN)
printing pajek edge (A_461_GLY,A_462_THR)
printing pajek edge (A_434_ALA,A_435_PRO)
printing pajek edge (A_436_ARG,A_437_GLY)
printing pajek edge (A_436_ARG,A_438_VAL)
printing pajek edge (A_423_LEU,A_424_GLY)
printing pajek edge (A_470_ILE,A_471_LYS)
printing pajek edge (A_477_SER,A_478_GLU)
printing pajek edge (A_454_HIS,A_455_VAL)
printing pajek edge (A_465_GLU,A_466_GLN)
printing pajek edge (A_372_THR,A_373_MET)
printing pajek edge (A_372_THR,A_378_THR)
printing pajek edge (A_372_THR,A_375_GLY)
printing pajek edge (A_372_THR,A_376_VAL)
printing pajek edge (A_475_GLY,A_476_LEU)
printing pajek edge (A_453_VAL,A_454_HIS)
printing pajek edge (A_453_VAL,A_470_ILE)
printing pajek edge (A_410_LEU,A_411_GLN)
printing pajek edge (A_469_THR,A_470_ILE)
printing pajek edge (A_449_ALA,A_450_ASN)
printing pajek edge (A_439_PRO,A_440_GLN)
printing pajek edge (A_495_ASP,A_498_ARG)
printing pajek edge (A_495_ASP,A_496_ARG)
printing pajek edge (A_485_ILE,A_486_LYS)
printing pajek edge (A_412_GLY,A_413_GLU)
printing pajek edge (A_401_ASN,A_434_ALA)
printing pajek edge (A_401_ASN,A_402_GLN)
printing pajek edge (A_426_PHE,A_427_GLN)
printing pajek edge (A_459_ASP,A_461_GLY)
printing pajek edge (A_459_ASP,A_460_LEU)
printing pajek edge (A_459_ASP,A_464_LYS)
printing pajek edge (A_459_ASP,A_463_ASN)
printing pajek edge (A_459_ASP,A_462_THR)
printing pajek edge (A_374_GLY,A_375_GLY)
printing pajek edge (A_403_THR,A_431_ILE)
printing pajek edge (A_403_THR,A_404_THR)
printing pajek edge (A_403_THR,A_430_GLY)
printing pajek edge (A_414_ARG,A_415_PRO)
printing pajek edge (A_414_ARG,A_420_ASN)
printing pajek edge (A_418_ALA,A_419_ASP)
printing pajek edge (A_407_ILE,A_426_PHE)
printing pajek edge (A_407_ILE,A_408_HIS)
printing pajek edge (A_428_LEU,A_429_THR)
printing pajek edge (A_381_ILE,A_382_GLU)
printing pajek edge (A_416_MET,A_419_ASP)
printing pajek edge (A_416_MET,A_420_ASN)
printing pajek edge (A_416_MET,A_417_ALA)
printing pajek edge (A_432_PRO,A_433_PRO)
printing pajek edge (A_430_GLY,A_431_ILE)
printing pajek edge (A_363_VAL,A_364_THR)
printing pajek edge (A_498_ARG,A_499_LYS)
printing pajek edge (A_498_ARG,A_501_ALA)
printing pajek edge (A_450_ASN,A_451_GLY)
printing pajek edge (A_478_GLU,A_479_GLU)
printing pajek edge (A_503_GLU,A_504_LEU)
printing pajek edge (A_503_GLU,A_504_LEU)
printing pajek edge (A_392_SER,A_393_GLN)
printing pajek edge (A_462_THR,A_463_ASN)
printing pajek edge (A_490_GLU,A_492_ALA)
printing pajek edge (A_490_GLU,A_491_ASN)
printing pajek edge (A_387_ILE,A_388_PRO)
printing pajek edge (A_390_SER,A_391_LYS)
printing pajek edge (A_482_GLN,A_486_LYS)
printing pajek edge (A_482_GLN,A_483_ARG)
printing pajek edge (A_496_ARG,A_499_LYS)
printing pajek edge (A_496_ARG,A_498_ARG)
printing pajek edge (A_496_ARG,A_497_LYS)
printing pajek edge (A_402_GLN,A_404_THR)
printing pajek edge (A_402_GLN,A_403_THR)
printing pajek edge (A_437_GLY,A_438_VAL)
printing pajek edge (A_445_PHE,A_446_ASP)
printing pajek edge (A_421_LYS,A_422_SER)
printing pajek edge (A_492_ALA,A_493_GLU)
printing pajek edge (A_492_ALA,A_495_ASP)
printing pajek edge (A_415_PRO,A_416_MET)
printing pajek edge (A_484_MET,A_485_ILE)
printing pajek edge (A_484_MET,A_487_GLU)
printing pajek edge (A_484_MET,A_488_ALA)
printing pajek edge (A_404_THR,A_429_THR)
printing pajek edge (A_404_THR,A_428_LEU)
printing pajek edge (A_404_THR,A_405_VAL)
printing pajek edge (A_404_THR,A_405_VAL)
printing pajek edge (A_384_ASN,A_385_THR)
printing pajek edge (A_408_HIS,A_422_SER)
printing pajek edge (A_408_HIS,A_425_ARG)
printing pajek edge (A_408_HIS,A_424_GLY)
printing pajek edge (A_408_HIS,A_409_VAL)
printing pajek edge (A_375_GLY,A_417_ALA)
printing pajek edge (A_375_GLY,A_376_VAL)
printing pajek edge (A_467_SER,A_468_ILE)
printing pajek edge (A_368_LEU,A_380_LEU)
printing pajek edge (A_368_LEU,A_369_GLY)
printing pajek edge (A_368_LEU,A_381_ILE)
printing pajek edge (A_447_ILE,A_448_ASP)
printing pajek edge (A_398_ALA,A_402_GLN)
printing pajek edge (A_398_ALA,A_399_ALA)
printing pajek edge (A_365_PRO,A_366_LEU)
printing pajek edge (A_456_ARG,A_457_ALA)
printing pajek edge (A_413_GLU,A_414_ARG)
printing pajek edge (A_413_GLU,A_420_ASN)
printing pajek edge (A_371_GLU,A_408_HIS)
printing pajek edge (A_371_GLU,A_372_THR)
printing pajek edge (A_473_SER,A_474_SER)
printing pajek edge (A_473_SER,A_474_SER)
printing pajek edge (A_473_SER,A_475_GLY)
printing pajek edge (A_400_ASP,A_436_ARG)
printing pajek edge (A_400_ASP,A_401_ASN)
printing pajek edge (A_366_LEU,A_367_SER)
printing pajek edge (A_396_THR,A_397_THR)
printing pajek edge (A_396_THR,A_397_THR)
printing pajek edge (A_396_THR,A_439_PRO)
printing pajek edge (A_494_ALA,A_495_ASP)
printing pajek edge (A_494_ALA,A_497_LYS)
