Graph START

Adding vertex (chain-A, position-1, res-GLY)
New vertex id: 0
1 2 3 4 
Adding vertex (chain-A, position-2, res-GLU)
New vertex id: 1
5 6 7 8 9 10 11 12 13 
Adding vertex (chain-A, position-3, res-LEU)
New vertex id: 2
14 15 16 17 18 19 20 21 
Adding vertex (chain-A, position-4, res-ILE)
New vertex id: 3
22 23 24 25 26 27 28 29 
Adding vertex (chain-A, position-5, res-HIS)
New vertex id: 4
30 31 32 33 34 35 36 37 38 39 
Adding vertex (chain-A, position-6, res-MET)
New vertex id: 5
40 41 42 43 44 45 46 47 
Adding vertex (chain-A, position-7, res-VAL)
New vertex id: 6
48 49 50 51 52 53 54 
Adding vertex (chain-A, position-8, res-THR)
New vertex id: 7
55 56 57 58 59 60 61 
Adding vertex (chain-A, position-9, res-LEU)
New vertex id: 8
62 63 64 65 66 67 68 69 
Adding vertex (chain-A, position-10, res-ASP)
New vertex id: 9
70 71 72 73 74 75 76 77 
Adding vertex (chain-A, position-11, res-LYS)
New vertex id: 10
78 79 80 81 82 83 84 85 86 
Adding vertex (chain-A, position-12, res-THR)
New vertex id: 11
87 88 89 90 91 92 93 
Adding vertex (chain-A, position-13, res-GLY)
New vertex id: 12
94 95 96 97 
Adding vertex (chain-A, position-14, res-LYS)
New vertex id: 13
98 99 100 101 102 103 104 105 106 
Adding vertex (chain-A, position-15, res-LYS)
New vertex id: 14
107 108 109 110 111 112 113 114 115 
Adding vertex (chain-A, position-16, res-SER)
New vertex id: 15
116 117 118 119 120 121 
Adding vertex (chain-A, position-17, res-PHE)
New vertex id: 16
122 123 124 125 126 127 128 129 130 131 132 
Adding vertex (chain-A, position-18, res-GLY)
New vertex id: 17
133 134 135 136 
Adding vertex (chain-A, position-19, res-ILE)
New vertex id: 18
137 138 139 140 141 142 143 144 
Adding vertex (chain-A, position-20, res-CYS)
New vertex id: 19
145 146 147 148 149 150 
Adding vertex (chain-A, position-21, res-ILE)
New vertex id: 20
151 152 153 154 155 156 157 158 
Adding vertex (chain-A, position-22, res-VAL)
New vertex id: 21
159 160 161 162 163 164 165 
Adding vertex (chain-A, position-23, res-ARG)
New vertex id: 22
166 167 168 169 170 171 172 173 174 175 176 
Adding vertex (chain-A, position-24, res-GLY)
New vertex id: 23
177 178 179 180 
Adding vertex (chain-A, position-25, res-GLU)
New vertex id: 24
181 182 183 184 185 186 187 188 189 
Adding vertex (chain-A, position-26, res-VAL)
New vertex id: 25
190 191 192 193 194 195 196 
Adding vertex (chain-A, position-27, res-LYS)
New vertex id: 26
197 198 199 200 201 202 203 204 205 
Adding vertex (chain-A, position-28, res-ASP)
New vertex id: 27
206 207 208 209 210 211 212 213 
Adding vertex (chain-A, position-29, res-SER)
New vertex id: 28
214 215 216 217 218 219 
Adding vertex (chain-A, position-30, res-PRO)
New vertex id: 29
220 221 222 223 224 225 226 
Adding vertex (chain-A, position-31, res-ASN)
New vertex id: 30
227 228 229 230 231 232 233 234 
Adding vertex (chain-A, position-32, res-THR)
New vertex id: 31
235 236 237 238 239 240 241 
Adding vertex (chain-A, position-33, res-LYS)
New vertex id: 32
242 243 244 245 246 247 248 249 250 
Adding vertex (chain-A, position-34, res-THR)
New vertex id: 33
251 252 253 254 255 256 257 
Adding vertex (chain-A, position-35, res-THR)
New vertex id: 34
258 259 260 261 262 263 264 
Adding vertex (chain-A, position-36, res-GLY)
New vertex id: 35
265 266 267 268 
Adding vertex (chain-A, position-37, res-ILE)
New vertex id: 36
269 270 271 272 273 274 275 276 
Adding vertex (chain-A, position-38, res-PHE)
New vertex id: 37
277 278 279 280 281 282 283 284 285 286 287 
Adding vertex (chain-A, position-39, res-ILE)
New vertex id: 38
288 289 290 291 292 293 294 295 
Adding vertex (chain-A, position-40, res-LYS)
New vertex id: 39
296 297 298 299 300 301 302 303 304 
Adding vertex (chain-A, position-41, res-GLY)
New vertex id: 40
305 306 307 308 
Adding vertex (chain-A, position-42, res-ILE)
New vertex id: 41
309 310 311 312 313 314 315 316 
Adding vertex (chain-A, position-43, res-VAL)
New vertex id: 42
317 318 319 320 321 322 323 
Adding vertex (chain-A, position-44, res-PRO)
New vertex id: 43
324 325 326 327 328 329 330 
Adding vertex (chain-A, position-45, res-ASP)
New vertex id: 44
331 332 333 334 335 336 337 338 
Adding vertex (chain-A, position-46, res-SER)
New vertex id: 45
339 340 341 342 343 344 
Adding vertex (chain-A, position-47, res-PRO)
New vertex id: 46
345 346 347 348 349 350 351 
Adding vertex (chain-A, position-48, res-ALA)
New vertex id: 47
352 353 354 355 356 
Adding vertex (chain-A, position-49, res-HIS)
New vertex id: 48
357 358 359 360 361 362 363 364 365 366 
Adding vertex (chain-A, position-50, res-LEU)
New vertex id: 49
367 368 369 370 371 372 373 374 
Adding vertex (chain-A, position-51, res-CYS)
New vertex id: 50
375 376 377 378 379 380 
Adding vertex (chain-A, position-52, res-GLY)
New vertex id: 51
381 382 383 384 
Adding vertex (chain-A, position-53, res-ARG)
New vertex id: 52
385 386 387 388 389 390 391 392 393 394 395 
Adding vertex (chain-A, position-54, res-LEU)
New vertex id: 53
396 397 398 399 400 401 402 403 
Adding vertex (chain-A, position-55, res-LYS)
New vertex id: 54
404 405 406 407 408 409 410 411 412 
Adding vertex (chain-A, position-56, res-VAL)
New vertex id: 55
413 414 415 416 417 418 419 
Adding vertex (chain-A, position-57, res-GLY)
New vertex id: 56
420 421 422 423 
Adding vertex (chain-A, position-58, res-ASP)
New vertex id: 57
424 425 426 427 428 429 430 431 
Adding vertex (chain-A, position-59, res-ARG)
New vertex id: 58
432 433 434 435 436 437 438 439 440 441 442 
Adding vertex (chain-A, position-60, res-ILE)
New vertex id: 59
443 444 445 446 447 448 449 450 
Adding vertex (chain-A, position-61, res-LEU)
New vertex id: 60
451 452 453 454 455 456 457 458 
Adding vertex (chain-A, position-62, res-SER)
New vertex id: 61
459 460 461 462 463 464 
Adding vertex (chain-A, position-63, res-LEU)
New vertex id: 62
465 466 467 468 469 470 471 472 
Adding vertex (chain-A, position-64, res-ASN)
New vertex id: 63
473 474 475 476 477 478 479 480 
Adding vertex (chain-A, position-65, res-GLY)
New vertex id: 64
481 482 483 484 
Adding vertex (chain-A, position-66, res-LYS)
New vertex id: 65
485 486 487 488 489 490 491 492 493 
Adding vertex (chain-A, position-67, res-ASP)
New vertex id: 66
494 495 496 497 498 499 500 501 
Adding vertex (chain-A, position-68, res-VAL)
New vertex id: 67
502 503 504 505 506 507 508 
Adding vertex (chain-A, position-69, res-ARG)
New vertex id: 68
509 510 511 512 513 514 515 516 517 518 519 
Adding vertex (chain-A, position-70, res-ASN)
New vertex id: 69
520 521 522 523 524 525 526 527 
Adding vertex (chain-A, position-71, res-SER)
New vertex id: 70
528 529 530 531 532 533 
Adding vertex (chain-A, position-72, res-THR)
New vertex id: 71
534 535 536 537 538 539 540 
Adding vertex (chain-A, position-73, res-GLU)
New vertex id: 72
541 542 543 544 545 546 547 548 549 
Adding vertex (chain-A, position-74, res-GLN)
New vertex id: 73
550 551 552 553 554 555 556 557 558 
Adding vertex (chain-A, position-75, res-ALA)
New vertex id: 74
559 560 561 562 563 
Adding vertex (chain-A, position-76, res-VAL)
New vertex id: 75
564 565 566 567 568 569 570 
Adding vertex (chain-A, position-77, res-ILE)
New vertex id: 76
571 572 573 574 575 576 577 578 
Adding vertex (chain-A, position-78, res-ASP)
New vertex id: 77
579 580 581 582 583 584 585 586 
Adding vertex (chain-A, position-79, res-LEU)
New vertex id: 78
587 588 589 590 591 592 593 594 
Adding vertex (chain-A, position-80, res-ILE)
New vertex id: 79
595 596 597 598 599 600 601 602 
Adding vertex (chain-A, position-81, res-LYS)
New vertex id: 80
603 604 605 606 607 608 609 610 611 
Adding vertex (chain-A, position-82, res-GLU)
New vertex id: 81
612 613 614 615 616 617 618 619 620 
Adding vertex (chain-A, position-83, res-ALA)
New vertex id: 82
621 622 623 624 625 
Adding vertex (chain-A, position-84, res-ASP)
New vertex id: 83
626 627 628 629 630 
Adding vertex (chain-A, position-85, res-PHE)
New vertex id: 84
631 632 633 634 635 636 637 638 639 640 641 
Adding vertex (chain-A, position-86, res-LYS)
New vertex id: 85
642 643 644 645 646 647 648 649 650 
Adding vertex (chain-A, position-87, res-ILE)
New vertex id: 86
651 652 653 654 655 656 657 658 
Adding vertex (chain-A, position-88, res-GLU)
New vertex id: 87
659 660 661 662 663 664 665 666 667 
Adding vertex (chain-A, position-89, res-LEU)
New vertex id: 88
668 669 670 671 672 673 674 675 
Adding vertex (chain-A, position-90, res-GLU)
New vertex id: 89
676 677 678 679 680 681 682 683 684 
Adding vertex (chain-A, position-91, res-ILE)
New vertex id: 90
685 686 687 688 689 690 691 692 
Adding vertex (chain-A, position-92, res-GLN)
New vertex id: 91
693 694 695 696 697 698 699 700 701 
Adding vertex (chain-A, position-93, res-THR)
New vertex id: 92
702 703 704 705 706 707 708 
Adding vertex (chain-A, position-94, res-PHE)
New vertex id: 93
709 710 711 712 713 
Graph DONE

( reduce -FLIPs 1IHJ.pdb > 1IHJ.H.pdb ) >& /dev/null
Reduce (-FLIPs) returned 0
( bndlst -Radius0.3 1IHJ.H.pdb > 1IHJ.H.bndlst ) >& /dev/null
BndLst returned 0
Parsing 1IHJ.H.bndlst

bndlst START
Adding bndlst edge: (A_G1_MC -> A_E2_MC) type[cov], weight[1.00] from 0 to 1 dist[1.33]
Adding bndlst edge: (A_E2_MC -> A_L3_MC) type[cov], weight[1.00] from 1 to 2 dist[1.32]
Adding bndlst edge: (A_E2_SC -> A_Q92_SC) type[hb], weight[0.57] from 1 to 91 dist[2.65]
Adding bndlst edge: (A_E2_SC -> A_R59_SC) type[salt], weight[0.53] from 1 to 58 dist[2.61]
Adding bndlst edge: (A_L3_MC -> A_I4_MC) type[cov], weight[1.00] from 2 to 3 dist[1.33]
Adding bndlst edge: (A_L3_MC -> A_T93_MC) type[hb], weight[1.16] from 2 to 92 dist[1.86]
Adding bndlst edge: (A_L3_MC -> A_T93_MC) type[hb], weight[0.88] from 2 to 92 dist[2.13]
Adding bndlst edge: (A_I4_MC -> A_H5_MC) type[cov], weight[1.00] from 3 to 4 dist[1.33]
Adding bndlst edge: (A_H5_MC -> A_M6_MC) type[cov], weight[1.00] from 4 to 5 dist[1.33]
Adding bndlst edge: (A_H5_MC -> A_I91_MC) type[hb], weight[1.30] from 4 to 90 dist[1.75]
Adding bndlst edge: (A_H5_MC -> A_I91_MC) type[hb], weight[1.17] from 4 to 90 dist[1.85]
Adding bndlst edge: (A_M6_MC -> A_V7_MC) type[cov], weight[1.00] from 5 to 6 dist[1.33]
Adding bndlst edge: (A_V7_MC -> A_T8_MC) type[cov], weight[1.00] from 6 to 7 dist[1.33]
Adding bndlst edge: (A_V7_MC -> A_L89_MC) type[hb], weight[1.38] from 6 to 88 dist[1.70]
Adding bndlst edge: (A_V7_MC -> A_L89_MC) type[hb], weight[1.13] from 6 to 88 dist[1.89]
Adding bndlst edge: (A_T8_MC -> A_L9_MC) type[cov], weight[1.00] from 7 to 8 dist[1.33]
Adding bndlst edge: (A_L9_MC -> A_D10_MC) type[cov], weight[1.00] from 8 to 9 dist[1.32]
Adding bndlst edge: (A_L9_MC -> A_I87_MC) type[hb], weight[0.86] from 8 to 86 dist[2.16]
Adding bndlst edge: (A_L9_MC -> A_I87_MC) type[hb], weight[1.00] from 8 to 86 dist[2.00]
Adding bndlst edge: (A_D10_MC -> A_K11_MC) type[cov], weight[1.00] from 9 to 10 dist[1.33]
Adding bndlst edge: (A_D10_MC -> A_T12_MC) type[hb], weight[0.47] from 9 to 11 dist[2.93]
Adding bndlst edge: (A_D10_SC -> A_T12_SC) type[cov], weight[1.00] from 9 to 11 dist[1.61]
Adding bndlst edge: (A_D10_SC -> A_T12_MC) type[hb], weight[1.22] from 9 to 11 dist[1.81]
Adding bndlst edge: (A_K11_MC -> A_T12_MC) type[cov], weight[1.00] from 10 to 11 dist[1.33]
Adding bndlst edge: (A_K11_MC -> A_K14_MC) type[hb], weight[1.21] from 10 to 13 dist[1.82]
Adding bndlst edge: (A_K11_MC -> A_F85_MC) type[hb], weight[1.07] from 10 to 84 dist[1.93]
Adding bndlst edge: (A_K11_MC -> A_F17_SC) type[hb], weight[0.38] from 10 to 16 dist[3.23]
Adding bndlst edge: (A_K11_SC -> A_F17_SC) type[hb], weight[0.39] from 10 to 16 dist[3.19]
Adding bndlst edge: (A_T12_MC -> A_G13_MC) type[cov], weight[1.00] from 11 to 12 dist[1.33]
Adding bndlst edge: (A_T12_SC -> A_F85_SC) type[hb], weight[0.48] from 11 to 84 dist[2.88]
Adding bndlst edge: (A_G13_MC -> A_K14_MC) type[cov], weight[1.00] from 12 to 13 dist[1.33]
Adding bndlst edge: (A_K14_MC -> A_K15_MC) type[cov], weight[1.00] from 13 to 14 dist[1.33]
Adding bndlst edge: (A_K14_SC -> A_D45_SC) type[salt], weight[0.47] from 13 to 44 dist[2.76]
Adding bndlst edge: (A_K14_SC -> A_D45_MC) type[hb], weight[1.01] from 13 to 44 dist[1.99]
Adding bndlst edge: (A_K14_SC -> A_D45_SC) type[salt], weight[0.73] from 13 to 44 dist[2.22]
Adding bndlst edge: (A_K14_SC -> A_D45_SC) type[salt], weight[0.46] from 13 to 44 dist[2.81]
Adding bndlst edge: (A_K15_MC -> A_S16_MC) type[cov], weight[1.00] from 14 to 15 dist[1.32]
Adding bndlst edge: (A_S16_MC -> A_F17_MC) type[cov], weight[1.00] from 15 to 16 dist[1.33]
Adding bndlst edge: (A_S16_SC -> A_G18_MC) type[hb], weight[0.53] from 15 to 17 dist[2.74]
Adding bndlst edge: (A_F17_MC -> A_G18_MC) type[cov], weight[1.00] from 16 to 17 dist[1.33]
Adding bndlst edge: (A_F17_MC -> A_A48_MC) type[hb], weight[0.99] from 16 to 47 dist[2.01]
Adding bndlst edge: (A_G18_MC -> A_I19_MC) type[cov], weight[1.00] from 17 to 18 dist[1.33]
Adding bndlst edge: (A_G18_MC -> A_V43_MC) type[hb], weight[1.08] from 17 to 42 dist[1.92]
Adding bndlst edge: (A_I19_MC -> A_C20_MC) type[cov], weight[1.00] from 18 to 19 dist[1.33]
Adding bndlst edge: (A_C20_MC -> A_I21_MC) type[cov], weight[1.00] from 19 to 20 dist[1.32]
Adding bndlst edge: (A_C20_MC -> A_G41_MC) type[hb], weight[0.74] from 19 to 40 dist[2.33]
Adding bndlst edge: (A_C20_MC -> A_K40_MC) type[hb], weight[1.24] from 19 to 39 dist[1.80]
Adding bndlst edge: (A_C20_MC -> A_G41_MC) type[hb], weight[1.00] from 19 to 40 dist[2.00]
Adding bndlst edge: (A_I21_MC -> A_V22_MC) type[cov], weight[1.00] from 20 to 21 dist[1.33]
Adding bndlst edge: (A_V22_MC -> A_R23_MC) type[cov], weight[1.00] from 21 to 22 dist[1.33]
Adding bndlst edge: (A_V22_MC -> A_F38_MC) type[hb], weight[1.18] from 21 to 37 dist[1.84]
Adding bndlst edge: (A_V22_MC -> A_F38_MC) type[hb], weight[0.92] from 21 to 37 dist[2.09]
Adding bndlst edge: (A_R23_MC -> A_G24_MC) type[cov], weight[1.00] from 22 to 23 dist[1.32]
Adding bndlst edge: (A_R23_MC -> A_E73_SC) type[hb], weight[0.70] from 22 to 72 dist[2.39]
Adding bndlst edge: (A_R23_SC -> A_S71_MC) type[hb], weight[0.53] from 22 to 70 dist[2.74]
Adding bndlst edge: (A_R23_SC -> A_R69_MC) type[hb], weight[0.52] from 22 to 68 dist[2.78]
Adding bndlst edge: (A_R23_SC -> A_R69_MC) type[hb], weight[1.30] from 22 to 68 dist[1.75]
Adding bndlst edge: (A_G24_MC -> A_E25_MC) type[cov], weight[1.00] from 23 to 24 dist[1.33]
Adding bndlst edge: (A_G24_MC -> A_G36_MC) type[hb], weight[0.94] from 23 to 35 dist[2.06]
Adding bndlst edge: (A_G24_MC -> A_G36_MC) type[hb], weight[1.18] from 23 to 35 dist[1.84]
Adding bndlst edge: (A_E25_MC -> A_V26_MC) type[cov], weight[1.00] from 24 to 25 dist[1.32]
Adding bndlst edge: (A_E25_SC -> A_K33_SC) type[salt], weight[1.00] from 24 to 32 dist[1.90]
Adding bndlst edge: (A_V26_MC -> A_K27_MC) type[cov], weight[1.00] from 25 to 26 dist[1.33]
Adding bndlst edge: (A_V26_MC -> A_T34_MC) type[hb], weight[1.12] from 25 to 33 dist[1.89]
Adding bndlst edge: (A_V26_MC -> A_D28_MC) type[hb], weight[0.50] from 25 to 27 dist[2.82]
Adding bndlst edge: (A_V26_MC -> A_T34_MC) type[hb], weight[0.95] from 25 to 33 dist[2.05]
Adding bndlst edge: (A_K27_MC -> A_D28_MC) type[cov], weight[1.00] from 26 to 27 dist[1.32]
Adding bndlst edge: (A_D28_MC -> A_S29_MC) type[cov], weight[1.00] from 27 to 28 dist[1.31]
Adding bndlst edge: (A_D28_MC -> A_T32_SC) type[hb], weight[1.23] from 27 to 31 dist[1.80]
Adding bndlst edge: (A_D28_SC -> A_T34_SC) type[cov], weight[1.00] from 27 to 33 dist[1.60]
Adding bndlst edge: (A_D28_MC -> A_T32_MC) type[hb], weight[0.51] from 27 to 31 dist[2.79]
Adding bndlst edge: (A_S29_SC -> A_P30_MC) type[hb], weight[0.50] from 28 to 29 dist[2.82]
Adding bndlst edge: (A_P30_MC -> A_N31_MC) type[cov], weight[1.00] from 29 to 30 dist[1.64]
Adding bndlst edge: (A_N31_MC -> A_T32_MC) type[cov], weight[1.00] from 30 to 31 dist[1.30]
Adding bndlst edge: (A_T32_MC -> A_K33_MC) type[cov], weight[1.00] from 31 to 32 dist[1.33]
Adding bndlst edge: (A_K33_MC -> A_T34_MC) type[cov], weight[1.00] from 32 to 33 dist[1.33]
Adding bndlst edge: (A_T34_MC -> A_T35_MC) type[cov], weight[1.00] from 33 to 34 dist[1.33]
Adding bndlst edge: (A_T35_MC -> A_G36_MC) type[cov], weight[1.00] from 34 to 35 dist[1.33]
Adding bndlst edge: (A_G36_MC -> A_I37_MC) type[cov], weight[1.00] from 35 to 36 dist[1.33]
Adding bndlst edge: (A_I37_MC -> A_F38_MC) type[cov], weight[1.00] from 36 to 37 dist[1.33]
Adding bndlst edge: (A_I37_MC -> A_I60_MC) type[hb], weight[1.10] from 36 to 59 dist[1.91]
Adding bndlst edge: (A_F38_MC -> A_I39_MC) type[cov], weight[1.00] from 37 to 38 dist[1.33]
Adding bndlst edge: (A_I39_MC -> A_K40_MC) type[cov], weight[1.00] from 38 to 39 dist[1.33]
Adding bndlst edge: (A_I39_MC -> A_G57_MC) type[hb], weight[1.14] from 38 to 56 dist[1.87]
Adding bndlst edge: (A_I39_MC -> A_D58_MC) type[hb], weight[1.09] from 38 to 57 dist[1.91]
Adding bndlst edge: (A_K40_MC -> A_G41_MC) type[cov], weight[1.00] from 39 to 40 dist[1.33]
Adding bndlst edge: (A_G41_MC -> A_I42_MC) type[cov], weight[1.00] from 40 to 41 dist[1.33]
Adding bndlst edge: (A_I42_MC -> A_V43_MC) type[cov], weight[1.00] from 41 to 42 dist[1.33]
Adding bndlst edge: (A_V43_MC -> A_P44_MC) type[cov], weight[1.00] from 42 to 43 dist[1.34]
Adding bndlst edge: (A_V43_MC -> A_S46_MC) type[hb], weight[0.81] from 42 to 45 dist[2.22]
Adding bndlst edge: (A_V43_MC -> A_S46_SC) type[hb], weight[1.40] from 42 to 45 dist[1.69]
Adding bndlst edge: (A_P44_MC -> A_D45_MC) type[cov], weight[1.00] from 43 to 44 dist[1.33]
Adding bndlst edge: (A_D45_MC -> A_S46_MC) type[cov], weight[1.00] from 44 to 45 dist[1.33]
Adding bndlst edge: (A_D45_MC -> A_H49_SC) type[hb], weight[0.53] from 44 to 48 dist[2.74]
Adding bndlst edge: (A_D45_MC -> A_H49_SC) type[hb], weight[1.08] from 44 to 48 dist[1.92]
Adding bndlst edge: (A_D45_MC -> A_H49_SC) type[hb], weight[0.42] from 44 to 48 dist[3.08]
Adding bndlst edge: (A_S46_MC -> A_P47_MC) type[cov], weight[1.00] from 45 to 46 dist[1.34]
Adding bndlst edge: (A_S46_MC -> A_L50_MC) type[hb], weight[1.18] from 45 to 49 dist[1.84]
Adding bndlst edge: (A_S46_MC -> A_H49_MC) type[hb], weight[0.66] from 45 to 48 dist[2.46]
Adding bndlst edge: (A_S46_SC -> A_H49_MC) type[hb], weight[0.70] from 45 to 48 dist[2.38]
Adding bndlst edge: (A_S46_SC -> A_A48_MC) type[hb], weight[0.45] from 45 to 47 dist[2.98]
Adding bndlst edge: (A_P47_MC -> A_A48_MC) type[cov], weight[1.00] from 46 to 47 dist[1.33]
Adding bndlst edge: (A_P47_MC -> A_C51_MC) type[hb], weight[1.07] from 46 to 50 dist[1.93]
Adding bndlst edge: (A_A48_MC -> A_H49_MC) type[cov], weight[1.00] from 47 to 48 dist[1.33]
Adding bndlst edge: (A_A48_MC -> A_G52_MC) type[hb], weight[0.48] from 47 to 51 dist[2.88]
Adding bndlst edge: (A_H49_MC -> A_L50_MC) type[cov], weight[1.00] from 48 to 49 dist[1.33]
Adding bndlst edge: (A_H49_MC -> A_G52_MC) type[hb], weight[0.63] from 48 to 51 dist[2.52]
Adding bndlst edge: (A_L50_MC -> A_C51_MC) type[cov], weight[1.00] from 49 to 50 dist[1.33]
Adding bndlst edge: (A_C51_MC -> A_G52_MC) type[cov], weight[1.00] from 50 to 51 dist[1.33]
Adding bndlst edge: (A_C51_MC -> A_R53_MC) type[hb], weight[0.52] from 50 to 52 dist[2.78]
Adding bndlst edge: (A_C51_SC -> A_R53_MC) type[hb], weight[0.79] from 50 to 52 dist[2.25]
Adding bndlst edge: (A_G52_MC -> A_R53_MC) type[cov], weight[1.00] from 51 to 52 dist[1.33]
Adding bndlst edge: (A_R53_MC -> A_L54_MC) type[cov], weight[1.00] from 52 to 53 dist[1.33]
Adding bndlst edge: (A_L54_MC -> A_K55_MC) type[cov], weight[1.00] from 53 to 54 dist[1.33]
Adding bndlst edge: (A_K55_MC -> A_V56_MC) type[cov], weight[1.00] from 54 to 55 dist[1.32]
Adding bndlst edge: (A_K55_MC -> A_D58_MC) type[hb], weight[0.96] from 54 to 57 dist[2.04]
Adding bndlst edge: (A_K55_MC -> A_D58_SC) type[hb], weight[1.42] from 54 to 57 dist[1.68]
Adding bndlst edge: (A_V56_MC -> A_G57_MC) type[cov], weight[1.00] from 55 to 56 dist[1.33]
Adding bndlst edge: (A_G57_MC -> A_D58_MC) type[cov], weight[1.00] from 56 to 57 dist[1.33]
Adding bndlst edge: (A_G57_MC -> A_R59_SC) type[hb], weight[0.57] from 56 to 58 dist[2.66]
Adding bndlst edge: (A_D58_MC -> A_R59_MC) type[cov], weight[1.00] from 57 to 58 dist[1.33]
Adding bndlst edge: (A_D58_SC -> A_T93_SC) type[cov], weight[1.00] from 57 to 92 dist[1.65]
Adding bndlst edge: (A_R59_MC -> A_I60_MC) type[cov], weight[1.00] from 58 to 59 dist[1.32]
Adding bndlst edge: (A_R59_MC -> A_Q92_MC) type[hb], weight[1.00] from 58 to 91 dist[2.00]
Adding bndlst edge: (A_R59_MC -> A_Q92_MC) type[hb], weight[0.96] from 58 to 91 dist[2.04]
Adding bndlst edge: (A_R59_SC -> A_Q92_MC) type[hb], weight[0.61] from 58 to 91 dist[2.56]
Adding bndlst edge: (A_I60_MC -> A_L61_MC) type[cov], weight[1.00] from 59 to 60 dist[1.33]
Adding bndlst edge: (A_L61_MC -> A_S62_MC) type[cov], weight[1.00] from 60 to 61 dist[1.33]
Adding bndlst edge: (A_L61_MC -> A_V68_MC) type[hb], weight[1.03] from 60 to 67 dist[1.97]
Adding bndlst edge: (A_L61_MC -> A_E90_MC) type[hb], weight[1.18] from 60 to 89 dist[1.84]
Adding bndlst edge: (A_S62_MC -> A_L63_MC) type[cov], weight[1.00] from 61 to 62 dist[1.33]
Adding bndlst edge: (A_S62_MC -> A_E90_MC) type[hb], weight[0.88] from 61 to 89 dist[2.13]
Adding bndlst edge: (A_S62_MC -> A_E90_MC) type[hb], weight[0.54] from 61 to 89 dist[2.71]
Adding bndlst edge: (A_S62_SC -> A_E90_SC) type[hb], weight[1.31] from 61 to 89 dist[1.75]
Adding bndlst edge: (A_L63_MC -> A_N64_MC) type[cov], weight[1.00] from 62 to 63 dist[1.33]
Adding bndlst edge: (A_L63_MC -> A_K66_MC) type[hb], weight[1.06] from 62 to 65 dist[1.95]
Adding bndlst edge: (A_L63_MC -> A_K66_MC) type[hb], weight[1.08] from 62 to 65 dist[1.93]
Adding bndlst edge: (A_N64_MC -> A_G65_MC) type[cov], weight[1.00] from 63 to 64 dist[1.33]
Adding bndlst edge: (A_N64_SC -> A_E88_MC) type[hb], weight[1.12] from 63 to 87 dist[1.89]
Adding bndlst edge: (A_N64_MC -> A_E88_MC) type[hb], weight[1.14] from 63 to 87 dist[1.87]
Adding bndlst edge: (A_N64_SC -> A_K86_MC) type[hb], weight[0.49] from 63 to 85 dist[2.86]
Adding bndlst edge: (A_G65_MC -> A_K66_MC) type[cov], weight[1.00] from 64 to 65 dist[1.33]
Adding bndlst edge: (A_K66_MC -> A_D67_MC) type[cov], weight[1.00] from 65 to 66 dist[1.33]
Adding bndlst edge: (A_D67_MC -> A_V68_MC) type[cov], weight[1.00] from 66 to 67 dist[1.33]
Adding bndlst edge: (A_D67_SC -> A_R69_SC) type[salt], weight[1.00] from 66 to 68 dist[1.90]
Adding bndlst edge: (A_D67_SC -> A_V68_MC) type[hb], weight[0.48] from 66 to 67 dist[2.89]
Adding bndlst edge: (A_D67_SC -> A_R69_MC) type[hb], weight[1.01] from 66 to 68 dist[2.00]
Adding bndlst edge: (A_V68_MC -> A_R69_MC) type[cov], weight[1.00] from 67 to 68 dist[1.33]
Adding bndlst edge: (A_V68_MC -> A_S71_MC) type[hb], weight[0.87] from 67 to 70 dist[2.15]
Adding bndlst edge: (A_R69_MC -> A_N70_MC) type[cov], weight[1.00] from 68 to 69 dist[1.33]
Adding bndlst edge: (A_N70_MC -> A_S71_MC) type[cov], weight[1.00] from 69 to 70 dist[1.33]
Adding bndlst edge: (A_S71_MC -> A_T72_MC) type[cov], weight[1.00] from 70 to 71 dist[1.33]
Adding bndlst edge: (A_T72_MC -> A_E73_MC) type[cov], weight[1.00] from 71 to 72 dist[1.33]
Adding bndlst edge: (A_T72_MC -> A_V76_MC) type[hb], weight[0.68] from 71 to 75 dist[2.42]
Adding bndlst edge: (A_T72_MC -> A_A75_MC) type[hb], weight[0.56] from 71 to 74 dist[2.68]
Adding bndlst edge: (A_T72_SC -> A_A75_MC) type[hb], weight[0.84] from 71 to 74 dist[2.19]
Adding bndlst edge: (A_E73_MC -> A_Q74_MC) type[cov], weight[1.00] from 72 to 73 dist[1.33]
Adding bndlst edge: (A_E73_MC -> A_I77_MC) type[hb], weight[0.95] from 72 to 76 dist[2.05]
Adding bndlst edge: (A_E73_MC -> A_V76_MC) type[hb], weight[0.68] from 72 to 75 dist[2.43]
Adding bndlst edge: (A_Q74_MC -> A_A75_MC) type[cov], weight[1.00] from 73 to 74 dist[1.33]
Adding bndlst edge: (A_Q74_MC -> A_D78_MC) type[hb], weight[1.15] from 73 to 77 dist[1.86]
Adding bndlst edge: (A_Q74_MC -> A_I77_MC) type[hb], weight[0.53] from 73 to 76 dist[2.75]
Adding bndlst edge: (A_Q74_SC -> A_D78_SC) type[hb], weight[0.95] from 73 to 77 dist[2.06]
Adding bndlst edge: (A_Q74_SC -> A_D78_SC) type[hb], weight[0.48] from 73 to 77 dist[2.89]
Adding bndlst edge: (A_A75_MC -> A_V76_MC) type[cov], weight[1.00] from 74 to 75 dist[1.33]
Adding bndlst edge: (A_A75_MC -> A_D78_MC) type[hb], weight[0.45] from 74 to 77 dist[2.99]
Adding bndlst edge: (A_A75_MC -> A_L79_MC) type[hb], weight[0.88] from 74 to 78 dist[2.13]
Adding bndlst edge: (A_V76_MC -> A_I77_MC) type[cov], weight[1.00] from 75 to 76 dist[1.33]
Adding bndlst edge: (A_V76_MC -> A_I80_MC) type[hb], weight[0.98] from 75 to 79 dist[2.02]
Adding bndlst edge: (A_V76_MC -> A_L79_MC) type[hb], weight[0.55] from 75 to 78 dist[2.70]
Adding bndlst edge: (A_I77_MC -> A_D78_MC) type[cov], weight[1.00] from 76 to 77 dist[1.33]
Adding bndlst edge: (A_I77_MC -> A_K81_MC) type[hb], weight[1.01] from 76 to 80 dist[1.99]
Adding bndlst edge: (A_I77_MC -> A_I80_MC) type[hb], weight[0.56] from 76 to 79 dist[2.66]
Adding bndlst edge: (A_D78_MC -> A_L79_MC) type[cov], weight[1.00] from 77 to 78 dist[1.33]
Adding bndlst edge: (A_D78_MC -> A_E82_MC) type[hb], weight[0.81] from 77 to 81 dist[2.23]
Adding bndlst edge: (A_D78_MC -> A_K81_MC) type[hb], weight[0.54] from 77 to 80 dist[2.73]
Adding bndlst edge: (A_L79_MC -> A_I80_MC) type[cov], weight[1.00] from 78 to 79 dist[1.33]
Adding bndlst edge: (A_L79_MC -> A_A83_MC) type[hb], weight[0.51] from 78 to 82 dist[2.81]
Adding bndlst edge: (A_L79_MC -> A_E82_MC) type[hb], weight[0.65] from 78 to 81 dist[2.48]
Adding bndlst edge: (A_I80_MC -> A_K81_MC) type[cov], weight[1.00] from 79 to 80 dist[1.33]
Adding bndlst edge: (A_I80_MC -> A_A83_MC) type[hb], weight[0.87] from 79 to 82 dist[2.14]
Adding bndlst edge: (A_K81_MC -> A_E82_MC) type[cov], weight[1.00] from 80 to 81 dist[1.33]
Adding bndlst edge: (A_E82_MC -> A_A83_MC) type[cov], weight[1.00] from 81 to 82 dist[1.33]
Adding bndlst edge: (A_A83_MC -> A_D84_MC) type[cov], weight[1.00] from 82 to 83 dist[1.33]
Adding bndlst edge: (A_D84_MC -> A_F85_MC) type[cov], weight[1.00] from 83 to 84 dist[1.33]
Adding bndlst edge: (A_F85_MC -> A_K86_MC) type[cov], weight[1.00] from 84 to 85 dist[1.33]
Adding bndlst edge: (A_K86_MC -> A_I87_MC) type[cov], weight[1.00] from 85 to 86 dist[1.32]
Adding bndlst edge: (A_I87_MC -> A_E88_MC) type[cov], weight[1.00] from 86 to 87 dist[1.33]
Adding bndlst edge: (A_E88_MC -> A_L89_MC) type[cov], weight[1.00] from 87 to 88 dist[1.32]
Adding bndlst edge: (A_L89_MC -> A_E90_MC) type[cov], weight[1.00] from 88 to 89 dist[1.33]
Adding bndlst edge: (A_E90_MC -> A_I91_MC) type[cov], weight[1.00] from 89 to 90 dist[1.33]
Adding bndlst edge: (A_I91_MC -> A_Q92_MC) type[cov], weight[1.00] from 90 to 91 dist[1.33]
Adding bndlst edge: (A_Q92_MC -> A_T93_MC) type[cov], weight[1.00] from 91 to 92 dist[1.33]
Adding bndlst edge: (A_T93_MC -> A_F94_MC) type[cov], weight[1.00] from 92 to 93 dist[1.33]
Adding bndlst edge: (A_T93_SC -> A_F94_MC) type[hb], weight[0.94] from 92 to 93 dist[2.06]

bndlst DONE

Producing PAJEK network
printing pajek edge (A_34_THR,A_35_THR)
printing pajek edge (A_33_LYS,A_34_THR)
printing pajek edge (A_91_ILE,A_92_GLN)
printing pajek edge (A_64_ASN,A_88_GLU)
printing pajek edge (A_64_ASN,A_86_LYS)
printing pajek edge (A_64_ASN,A_65_GLY)
printing pajek edge (A_22_VAL,A_23_ARG)
printing pajek edge (A_22_VAL,A_38_PHE)
printing pajek edge (A_72_THR,A_75_ALA)
printing pajek edge (A_72_THR,A_76_VAL)
printing pajek edge (A_72_THR,A_73_GLU)
printing pajek edge (A_8_THR,A_9_LEU)
printing pajek edge (A_81_LYS,A_82_GLU)
printing pajek edge (A_27_LYS,A_28_ASP)
printing pajek edge (A_19_ILE,A_20_CYS)
printing pajek edge (A_73_GLU,A_76_VAL)
printing pajek edge (A_73_GLU,A_74_GLN)
printing pajek edge (A_73_GLU,A_77_ILE)
printing pajek edge (A_17_PHE,A_18_GLY)
printing pajek edge (A_17_PHE,A_48_ALA)
printing pajek edge (A_45_ASP,A_46_SER)
printing pajek edge (A_45_ASP,A_49_HIS)
printing pajek edge (A_56_VAL,A_57_GLY)
printing pajek edge (A_85_PHE,A_86_LYS)
printing pajek edge (A_75_ALA,A_78_ASP)
printing pajek edge (A_75_ALA,A_76_VAL)
printing pajek edge (A_75_ALA,A_79_LEU)
printing pajek edge (A_28_ASP,A_34_THR)
printing pajek edge (A_28_ASP,A_29_SER)
printing pajek edge (A_28_ASP,A_32_THR)
printing pajek edge (A_58_ASP,A_93_THR)
printing pajek edge (A_58_ASP,A_59_ARG)
printing pajek edge (A_62_SER,A_90_GLU)
printing pajek edge (A_62_SER,A_63_LEU)
printing pajek edge (A_21_ILE,A_22_VAL)
printing pajek edge (A_93_THR,A_94_PHE)
printing pajek edge (A_93_THR,A_94_PHE)
printing pajek edge (A_90_GLU,A_91_ILE)
printing pajek edge (A_11_LYS,A_85_PHE)
printing pajek edge (A_11_LYS,A_12_THR)
printing pajek edge (A_11_LYS,A_17_PHE)
printing pajek edge (A_11_LYS,A_14_LYS)
printing pajek edge (A_32_THR,A_33_LYS)
printing pajek edge (A_36_GLY,A_37_ILE)
printing pajek edge (A_12_THR,A_85_PHE)
printing pajek edge (A_12_THR,A_13_GLY)
printing pajek edge (A_92_GLN,A_93_THR)
printing pajek edge (A_79_LEU,A_82_GLU)
printing pajek edge (A_79_LEU,A_83_ALA)
printing pajek edge (A_79_LEU,A_80_ILE)
printing pajek edge (A_49_HIS,A_50_LEU)
printing pajek edge (A_49_HIS,A_52_GLY)
printing pajek edge (A_88_GLU,A_89_LEU)
printing pajek edge (A_78_ASP,A_82_GLU)
printing pajek edge (A_78_ASP,A_81_LYS)
printing pajek edge (A_78_ASP,A_79_LEU)
printing pajek edge (A_66_LYS,A_67_ASP)
printing pajek edge (A_30_PRO,A_31_ASN)
printing pajek edge (A_51_CYS,A_53_ARG)
printing pajek edge (A_51_CYS,A_52_GLY)
printing pajek edge (A_40_LYS,A_41_GLY)
printing pajek edge (A_65_GLY,A_66_LYS)
printing pajek edge (A_59_ARG,A_60_ILE)
printing pajek edge (A_59_ARG,A_92_GLN)
printing pajek edge (A_42_ILE,A_43_VAL)
printing pajek edge (A_13_GLY,A_14_LYS)
printing pajek edge (A_16_SER,A_17_PHE)
printing pajek edge (A_16_SER,A_18_GLY)
printing pajek edge (A_82_GLU,A_83_ALA)
printing pajek edge (A_53_ARG,A_54_LEU)
printing pajek edge (A_61_LEU,A_68_VAL)
printing pajek edge (A_61_LEU,A_90_GLU)
printing pajek edge (A_61_LEU,A_62_SER)
printing pajek edge (A_57_GLY,A_58_ASP)
printing pajek edge (A_57_GLY,A_59_ARG)
printing pajek edge (A_74_GLN,A_75_ALA)
printing pajek edge (A_74_GLN,A_78_ASP)
printing pajek edge (A_74_GLN,A_77_ILE)
printing pajek edge (A_67_ASP,A_68_VAL)
printing pajek edge (A_67_ASP,A_68_VAL)
printing pajek edge (A_67_ASP,A_69_ARG)
printing pajek edge (A_67_ASP,A_69_ARG)
printing pajek edge (A_46_SER,A_50_LEU)
printing pajek edge (A_46_SER,A_47_PRO)
printing pajek edge (A_46_SER,A_48_ALA)
printing pajek edge (A_46_SER,A_49_HIS)
printing pajek edge (A_87_ILE,A_88_GLU)
printing pajek edge (A_77_ILE,A_78_ASP)
printing pajek edge (A_77_ILE,A_81_LYS)
printing pajek edge (A_77_ILE,A_80_ILE)
printing pajek edge (A_20_CYS,A_40_LYS)
printing pajek edge (A_20_CYS,A_41_GLY)
printing pajek edge (A_20_CYS,A_21_ILE)
printing pajek edge (A_63_LEU,A_64_ASN)
printing pajek edge (A_63_LEU,A_66_LYS)
printing pajek edge (A_55_LYS,A_58_ASP)
printing pajek edge (A_55_LYS,A_56_VAL)
printing pajek edge (A_68_VAL,A_71_SER)
printing pajek edge (A_68_VAL,A_69_ARG)
printing pajek edge (A_71_SER,A_72_THR)
printing pajek edge (A_69_ARG,A_70_ASN)
printing pajek edge (A_3_LEU,A_93_THR)
printing pajek edge (A_3_LEU,A_4_ILE)
printing pajek edge (A_18_GLY,A_43_VAL)
printing pajek edge (A_18_GLY,A_19_ILE)
printing pajek edge (A_2_GLU,A_92_GLN)
printing pajek edge (A_2_GLU,A_59_ARG)
printing pajek edge (A_2_GLU,A_3_LEU)
printing pajek edge (A_89_LEU,A_90_GLU)
printing pajek edge (A_31_ASN,A_32_THR)
printing pajek edge (A_83_ALA,A_84_ASP)
printing pajek edge (A_26_VAL,A_28_ASP)
printing pajek edge (A_26_VAL,A_34_THR)
printing pajek edge (A_26_VAL,A_27_LYS)
printing pajek edge (A_29_SER,A_30_PRO)
printing pajek edge (A_84_ASP,A_85_PHE)
printing pajek edge (A_76_VAL,A_77_ILE)
printing pajek edge (A_76_VAL,A_79_LEU)
printing pajek edge (A_76_VAL,A_80_ILE)
printing pajek edge (A_41_GLY,A_42_ILE)
printing pajek edge (A_15_LYS,A_16_SER)
printing pajek edge (A_70_ASN,A_71_SER)
printing pajek edge (A_60_ILE,A_61_LEU)
printing pajek edge (A_50_LEU,A_51_CYS)
printing pajek edge (A_25_GLU,A_26_VAL)
printing pajek edge (A_25_GLU,A_33_LYS)
printing pajek edge (A_54_LEU,A_55_LYS)
printing pajek edge (A_80_ILE,A_81_LYS)
printing pajek edge (A_80_ILE,A_83_ALA)
printing pajek edge (A_23_ARG,A_71_SER)
printing pajek edge (A_23_ARG,A_73_GLU)
printing pajek edge (A_23_ARG,A_69_ARG)
printing pajek edge (A_23_ARG,A_24_GLY)
printing pajek edge (A_43_VAL,A_46_SER)
printing pajek edge (A_43_VAL,A_44_PRO)
printing pajek edge (A_1_GLY,A_2_GLU)
printing pajek edge (A_47_PRO,A_51_CYS)
printing pajek edge (A_47_PRO,A_48_ALA)
printing pajek edge (A_24_GLY,A_36_GLY)
printing pajek edge (A_24_GLY,A_25_GLU)
printing pajek edge (A_14_LYS,A_45_ASP)
printing pajek edge (A_14_LYS,A_45_ASP)
printing pajek edge (A_14_LYS,A_15_LYS)
printing pajek edge (A_7_VAL,A_89_LEU)
printing pajek edge (A_7_VAL,A_8_THR)
printing pajek edge (A_86_LYS,A_87_ILE)
printing pajek edge (A_4_ILE,A_5_HIS)
printing pajek edge (A_37_ILE,A_60_ILE)
printing pajek edge (A_37_ILE,A_38_PHE)
printing pajek edge (A_10_ASP,A_12_THR)
printing pajek edge (A_10_ASP,A_12_THR)
printing pajek edge (A_10_ASP,A_11_LYS)
printing pajek edge (A_52_GLY,A_53_ARG)
printing pajek edge (A_48_ALA,A_52_GLY)
printing pajek edge (A_48_ALA,A_49_HIS)
printing pajek edge (A_9_LEU,A_87_ILE)
printing pajek edge (A_9_LEU,A_10_ASP)
printing pajek edge (A_39_ILE,A_40_LYS)
printing pajek edge (A_39_ILE,A_58_ASP)
printing pajek edge (A_39_ILE,A_57_GLY)
printing pajek edge (A_5_HIS,A_91_ILE)
printing pajek edge (A_5_HIS,A_6_MET)
printing pajek edge (A_35_THR,A_36_GLY)
printing pajek edge (A_38_PHE,A_39_ILE)
printing pajek edge (A_44_PRO,A_45_ASP)
printing pajek edge (A_6_MET,A_7_VAL)
