Graph START

Adding vertex (chain-A, position-94, res-GLU)
New vertex id: 0
1 2 3 4 5 6 7 8 9 10 11 12 
Adding vertex (chain-A, position-95, res-GLU)
New vertex id: 1
13 14 15 16 17 18 19 20 21 22 
Adding vertex (chain-A, position-96, res-VAL)
New vertex id: 2
23 24 25 26 27 28 29 30 
Adding vertex (chain-A, position-97, res-ARG)
New vertex id: 3
31 32 33 34 35 36 37 38 39 40 41 42 43 44 45 46 47 
Adding vertex (chain-A, position-98, res-GLN)
New vertex id: 4
48 49 50 51 52 53 54 55 56 57 58 59 
Adding vertex (chain-A, position-99, res-PHE)
New vertex id: 5
60 61 62 63 64 65 66 67 68 69 70 71 
Adding vertex (chain-A, position-100, res-ARG)
New vertex id: 6
72 73 74 75 76 77 78 79 80 81 82 83 84 85 86 87 88 
Adding vertex (chain-A, position-101, res-ARG)
New vertex id: 7
89 90 91 92 93 94 95 96 97 98 99 100 101 102 103 104 105 
Adding vertex (chain-A, position-102, res-LEU)
New vertex id: 8
106 107 108 109 110 111 112 113 114 
Adding vertex (chain-A, position-103, res-PHE)
New vertex id: 9
115 116 117 118 119 120 121 122 123 124 125 126 
Adding vertex (chain-A, position-104, res-ALA)
New vertex id: 10
127 128 129 130 131 132 
Adding vertex (chain-A, position-105, res-GLN)
New vertex id: 11
133 134 135 136 137 138 139 140 141 142 143 144 
Adding vertex (chain-A, position-106, res-LEU)
New vertex id: 12
145 146 147 148 149 150 151 152 153 
Adding vertex (chain-A, position-107, res-ALA)
New vertex id: 13
154 155 156 157 158 159 
Adding vertex (chain-A, position-108, res-GLY)
New vertex id: 14
160 161 162 163 164 
Adding vertex (chain-A, position-109, res-ASP)
New vertex id: 15
165 166 167 168 169 170 171 172 173 
Adding vertex (chain-A, position-110, res-ASP)
New vertex id: 16
174 175 176 177 178 179 180 181 182 
Adding vertex (chain-A, position-111, res-MET)
New vertex id: 17
183 184 185 186 187 188 189 190 191 
Adding vertex (chain-A, position-112, res-GLU)
New vertex id: 18
192 193 194 195 196 197 198 199 200 201 
Adding vertex (chain-A, position-113, res-VAL)
New vertex id: 19
202 203 204 205 206 207 208 209 
Adding vertex (chain-A, position-114, res-SER)
New vertex id: 20
210 211 212 213 214 215 216 217 
Adding vertex (chain-A, position-115, res-ALA)
New vertex id: 21
218 219 220 221 222 223 
Adding vertex (chain-A, position-116, res-THR)
New vertex id: 22
224 225 226 227 228 229 230 231 232 
Adding vertex (chain-A, position-117, res-GLU)
New vertex id: 23
233 234 235 236 237 238 239 240 241 242 
Adding vertex (chain-A, position-118, res-LEU)
New vertex id: 24
243 244 245 246 247 248 249 250 251 
Adding vertex (chain-A, position-119, res-MET)
New vertex id: 25
252 253 254 255 256 257 258 259 260 
Adding vertex (chain-A, position-120, res-ASN)
New vertex id: 26
261 262 263 264 265 266 267 268 269 270 271 
Adding vertex (chain-A, position-121, res-ILE)
New vertex id: 27
272 273 274 275 276 277 278 279 280 
Adding vertex (chain-A, position-122, res-LEU)
New vertex id: 28
281 282 283 284 285 286 287 288 289 
Adding vertex (chain-A, position-123, res-ASN)
New vertex id: 29
290 291 292 293 294 295 296 297 298 299 300 
Adding vertex (chain-A, position-124, res-LYS)
New vertex id: 30
301 302 303 304 305 306 307 308 309 310 311 312 313 
Adding vertex (chain-A, position-125, res-VAL)
New vertex id: 31
314 315 316 317 318 319 320 321 
Adding vertex (chain-A, position-126, res-VAL)
New vertex id: 32
322 323 324 325 326 327 328 329 
Adding vertex (chain-A, position-127, res-THR)
New vertex id: 33
330 331 332 333 334 335 336 337 338 
Adding vertex (chain-A, position-128, res-ARG)
New vertex id: 34
339 340 341 342 343 344 345 346 347 348 349 350 351 352 353 354 355 
Adding vertex (chain-A, position-129, res-HIS)
New vertex id: 35
356 357 358 359 360 361 362 363 364 365 366 367 368 
Adding vertex (chain-A, position-130, res-PRO)
New vertex id: 36
369 370 371 372 373 374 375 
Adding vertex (chain-A, position-131, res-ASP)
New vertex id: 37
376 377 378 379 380 381 382 383 384 
Adding vertex (chain-A, position-132, res-LEU)
New vertex id: 38
385 386 387 388 389 390 391 392 393 
Adding vertex (chain-A, position-133, res-LYS)
New vertex id: 39
394 395 396 397 398 399 400 401 402 403 404 405 406 
Adding vertex (chain-A, position-134, res-THR)
New vertex id: 40
407 408 409 410 411 412 413 414 415 
Adding vertex (chain-A, position-135, res-ASP)
New vertex id: 41
416 417 418 419 420 421 422 423 424 
Adding vertex (chain-A, position-136, res-GLY)
New vertex id: 42
425 426 427 428 429 
Adding vertex (chain-A, position-137, res-PHE)
New vertex id: 43
430 431 432 433 434 435 436 437 438 439 440 441 
Adding vertex (chain-A, position-138, res-GLY)
New vertex id: 44
442 443 444 445 446 
Adding vertex (chain-A, position-139, res-ILE)
New vertex id: 45
447 448 449 450 451 452 453 454 455 
Adding vertex (chain-A, position-140, res-ASP)
New vertex id: 46
456 457 458 459 460 461 462 463 464 
Adding vertex (chain-A, position-141, res-THR)
New vertex id: 47
465 466 467 468 469 470 471 472 473 
Adding vertex (chain-A, position-142, res-CYS)
New vertex id: 48
474 475 476 477 478 479 480 
Adding vertex (chain-A, position-143, res-ARG)
New vertex id: 49
481 482 483 484 485 486 487 488 489 490 491 492 493 494 495 496 497 
Adding vertex (chain-A, position-144, res-SER)
New vertex id: 50
498 499 500 501 502 503 504 505 
Adding vertex (chain-A, position-145, res-MET)
New vertex id: 51
506 507 508 509 510 511 512 513 514 
Adding vertex (chain-A, position-146, res-VAL)
New vertex id: 52
515 516 517 518 519 520 521 522 
Adding vertex (chain-A, position-147, res-ALA)
New vertex id: 53
523 524 525 526 527 528 
Adding vertex (chain-A, position-148, res-VAL)
New vertex id: 54
529 530 531 532 533 534 535 536 
Adding vertex (chain-A, position-149, res-MET)
New vertex id: 55
537 538 539 540 541 542 543 544 545 
Adding vertex (chain-A, position-150, res-ASP)
New vertex id: 56
546 547 548 549 550 551 552 553 554 
Adding vertex (chain-A, position-151, res-SER)
New vertex id: 57
555 556 557 558 559 560 561 562 
Adding vertex (chain-A, position-152, res-ASP)
New vertex id: 58
563 564 565 566 567 568 569 570 571 
Adding vertex (chain-A, position-153, res-THR)
New vertex id: 59
572 573 574 575 576 577 578 579 580 
Adding vertex (chain-A, position-154, res-THR)
New vertex id: 60
581 582 583 584 585 586 587 588 589 
Adding vertex (chain-A, position-155, res-GLY)
New vertex id: 61
590 591 592 593 594 
Adding vertex (chain-A, position-156, res-LYS)
New vertex id: 62
595 596 597 598 599 600 601 602 603 604 605 606 607 
Adding vertex (chain-A, position-157, res-LEU)
New vertex id: 63
608 609 610 611 612 613 614 615 616 
Adding vertex (chain-A, position-158, res-GLY)
New vertex id: 64
617 618 619 620 621 
Adding vertex (chain-A, position-159, res-PHE)
New vertex id: 65
622 623 624 625 626 627 628 629 630 631 632 633 
Adding vertex (chain-A, position-160, res-GLU)
New vertex id: 66
634 635 636 637 638 639 640 641 642 643 
Adding vertex (chain-A, position-161, res-GLU)
New vertex id: 67
644 645 646 647 648 649 650 651 652 653 
Adding vertex (chain-A, position-162, res-PHE)
New vertex id: 68
654 655 656 657 658 659 660 661 662 663 664 665 
Adding vertex (chain-A, position-163, res-LYS)
New vertex id: 69
666 667 668 669 670 671 672 673 674 675 676 677 678 
Adding vertex (chain-A, position-164, res-TYR)
New vertex id: 70
679 680 681 682 683 684 685 686 687 688 689 690 691 692 
Adding vertex (chain-A, position-165, res-LEU)
New vertex id: 71
693 694 695 696 697 698 699 700 701 
Adding vertex (chain-A, position-166, res-TRP)
New vertex id: 72
702 703 704 705 706 707 708 709 710 711 712 713 714 715 716 717 
Adding vertex (chain-A, position-167, res-ASN)
New vertex id: 73
718 719 720 721 722 723 724 725 726 727 728 
Adding vertex (chain-A, position-168, res-ASN)
New vertex id: 74
729 730 731 732 733 734 735 736 737 738 739 
Adding vertex (chain-A, position-169, res-ILE)
New vertex id: 75
740 741 742 743 744 745 746 747 748 
Adding vertex (chain-A, position-170, res-LYS)
New vertex id: 76
749 750 751 752 753 754 755 756 757 758 759 760 761 
Adding vertex (chain-A, position-171, res-LYS)
New vertex id: 77
762 763 764 765 766 767 768 769 770 771 772 773 774 
Adding vertex (chain-A, position-172, res-TRP)
New vertex id: 78
775 776 777 778 779 780 781 782 783 784 785 786 787 788 789 790 
Adding vertex (chain-A, position-173, res-GLN)
New vertex id: 79
791 792 793 794 795 796 797 798 799 800 801 802 
Adding vertex (chain-A, position-174, res-ALA)
New vertex id: 80
803 804 805 806 807 808 
Adding vertex (chain-A, position-175, res-ILE)
New vertex id: 81
809 810 811 812 813 814 815 816 817 
Adding vertex (chain-A, position-176, res-TYR)
New vertex id: 82
818 819 820 821 822 823 824 825 826 827 828 829 830 831 
Adding vertex (chain-A, position-177, res-LYS)
New vertex id: 83
832 833 834 835 836 837 838 839 840 841 842 843 844 
Adding vertex (chain-A, position-178, res-GLN)
New vertex id: 84
845 846 847 848 849 850 851 852 853 854 855 856 
Adding vertex (chain-A, position-179, res-PHE)
New vertex id: 85
857 858 859 860 861 862 863 864 865 866 867 868 
Adding vertex (chain-A, position-180, res-ASP)
New vertex id: 86
869 870 871 872 873 874 875 876 877 
Adding vertex (chain-A, position-181, res-VAL)
New vertex id: 87
878 879 880 881 882 883 884 885 
Adding vertex (chain-A, position-182, res-ASP)
New vertex id: 88
886 887 888 889 890 891 892 893 894 
Adding vertex (chain-A, position-183, res-ARG)
New vertex id: 89
895 896 897 898 899 900 901 902 903 904 905 906 907 908 909 910 911 
Adding vertex (chain-A, position-184, res-SER)
New vertex id: 90
912 913 914 915 916 917 918 919 
Adding vertex (chain-A, position-185, res-GLY)
New vertex id: 91
920 921 922 923 924 
Adding vertex (chain-A, position-186, res-THR)
New vertex id: 92
925 926 927 928 929 930 931 932 933 
Adding vertex (chain-A, position-187, res-ILE)
New vertex id: 93
934 935 936 937 938 939 940 941 942 
Adding vertex (chain-A, position-188, res-GLY)
New vertex id: 94
943 944 945 946 947 
Adding vertex (chain-A, position-189, res-SER)
New vertex id: 95
948 949 950 951 952 953 954 955 
Adding vertex (chain-A, position-190, res-SER)
New vertex id: 96
956 957 958 959 960 961 962 963 
Adding vertex (chain-A, position-191, res-GLU)
New vertex id: 97
964 965 966 967 968 969 970 971 972 973 
Adding vertex (chain-A, position-192, res-LEU)
New vertex id: 98
974 975 976 977 978 979 980 981 982 
Adding vertex (chain-A, position-193, res-PRO)
New vertex id: 99
983 984 985 986 987 988 989 
Adding vertex (chain-A, position-194, res-GLY)
New vertex id: 100
990 991 992 993 994 
Adding vertex (chain-A, position-195, res-ALA)
New vertex id: 101
995 996 997 998 999 1000 
Adding vertex (chain-A, position-196, res-PHE)
New vertex id: 102
1001 1002 1003 1004 1005 1006 1007 1008 1009 1010 1011 1012 
Adding vertex (chain-A, position-197, res-GLU)
New vertex id: 103
1013 1014 1015 1016 1017 1018 1019 1020 1021 1022 
Adding vertex (chain-A, position-198, res-ALA)
New vertex id: 104
1023 1024 1025 1026 1027 1028 
Adding vertex (chain-A, position-199, res-ALA)
New vertex id: 105
1029 1030 1031 1032 1033 1034 
Adding vertex (chain-A, position-200, res-GLY)
New vertex id: 106
1035 1036 1037 1038 1039 
Adding vertex (chain-A, position-201, res-PHE)
New vertex id: 107
1040 1041 1042 1043 1044 1045 1046 1047 1048 1049 1050 1051 
Adding vertex (chain-A, position-202, res-HIS)
New vertex id: 108
1052 1053 1054 1055 1056 1057 1058 1059 1060 1061 1062 1063 1064 
Adding vertex (chain-A, position-203, res-LEU)
New vertex id: 109
1065 1066 1067 1068 1069 1070 1071 1072 1073 
Adding vertex (chain-A, position-204, res-ASN)
New vertex id: 110
1074 1075 1076 1077 1078 1079 1080 1081 1082 1083 1084 
Adding vertex (chain-A, position-205, res-GLU)
New vertex id: 111
1085 1086 1087 1088 1089 1090 1091 1092 1093 1094 
Adding vertex (chain-A, position-206, res-HIS)
New vertex id: 112
1095 1096 1097 1098 1099 1100 1101 1102 1103 1104 1105 1106 1107 
Adding vertex (chain-A, position-207, res-LEU)
New vertex id: 113
1108 1109 1110 1111 1112 1113 1114 1115 1116 
Adding vertex (chain-A, position-208, res-TYR)
New vertex id: 114
1117 1118 1119 1120 1121 1122 1123 1124 1125 1126 1127 1128 1129 1130 
Adding vertex (chain-A, position-209, res-SER)
New vertex id: 115
1131 1132 1133 1134 1135 1136 1137 1138 
Adding vertex (chain-A, position-210, res-MET)
New vertex id: 116
1139 1140 1141 1142 1143 1144 1145 1146 1147 
Adding vertex (chain-A, position-211, res-ILE)
New vertex id: 117
1148 1149 1150 1151 1152 1153 1154 1155 1156 
Adding vertex (chain-A, position-212, res-ILE)
New vertex id: 118
1157 1158 1159 1160 1161 1162 1163 1164 1165 
Adding vertex (chain-A, position-213, res-ARG)
New vertex id: 119
1166 1167 1168 1169 1170 1171 1172 1173 1174 1175 1176 1177 1178 1179 1180 1181 1182 
Adding vertex (chain-A, position-214, res-ARG)
New vertex id: 120
1183 1184 1185 1186 1187 1188 1189 1190 1191 1192 1193 1194 1195 1196 1197 1198 1199 
Adding vertex (chain-A, position-215, res-TYR)
New vertex id: 121
1200 1201 1202 1203 1204 1205 1206 1207 1208 1209 1210 1211 1212 1213 
Adding vertex (chain-A, position-216, res-SER)
New vertex id: 122
1214 1215 1216 1217 1218 1219 1220 1221 
Adding vertex (chain-A, position-217, res-ASP)
New vertex id: 123
1222 1223 1224 1225 1226 1227 1228 1229 1230 
Adding vertex (chain-A, position-218, res-GLU)
New vertex id: 124
1231 1232 1233 1234 1235 1236 1237 1238 1239 1240 
Adding vertex (chain-A, position-219, res-GLY)
New vertex id: 125
1241 1242 1243 1244 1245 
Adding vertex (chain-A, position-220, res-GLY)
New vertex id: 126
1246 1247 1248 1249 1250 
Adding vertex (chain-A, position-221, res-ASN)
New vertex id: 127
1251 1252 1253 1254 1255 1256 1257 1258 1259 1260 1261 
Adding vertex (chain-A, position-222, res-MET)
New vertex id: 128
1262 1263 1264 1265 1266 1267 1268 1269 1270 
Adding vertex (chain-A, position-223, res-ASP)
New vertex id: 129
1271 1272 1273 1274 1275 1276 1277 1278 1279 
Adding vertex (chain-A, position-224, res-PHE)
New vertex id: 130
1280 1281 1282 1283 1284 1285 1286 1287 1288 1289 1290 1291 
Adding vertex (chain-A, position-225, res-ASP)
New vertex id: 131
1292 1293 1294 1295 1296 1297 1298 1299 1300 
Adding vertex (chain-A, position-226, res-ASN)
New vertex id: 132
1301 1302 1303 1304 1305 1306 1307 1308 1309 1310 1311 
Adding vertex (chain-A, position-227, res-PHE)
New vertex id: 133
1312 1313 1314 1315 1316 1317 1318 1319 1320 1321 1322 1323 
Adding vertex (chain-A, position-228, res-ILE)
New vertex id: 134
1324 1325 1326 1327 1328 1329 1330 1331 1332 
Adding vertex (chain-A, position-229, res-SER)
New vertex id: 135
1333 1334 1335 1336 1337 1338 1339 1340 
Adding vertex (chain-A, position-230, res-CYS)
New vertex id: 136
1341 1342 1343 1344 1345 1346 1347 
Adding vertex (chain-A, position-231, res-LEU)
New vertex id: 137
1348 1349 1350 1351 1352 1353 1354 1355 1356 
Adding vertex (chain-A, position-232, res-VAL)
New vertex id: 138
1357 1358 1359 1360 1361 1362 1363 1364 
Adding vertex (chain-A, position-233, res-ARG)
New vertex id: 139
1365 1366 1367 1368 1369 1370 1371 1372 1373 1374 1375 1376 1377 1378 1379 1380 1381 
Adding vertex (chain-A, position-234, res-LEU)
New vertex id: 140
1382 1383 1384 1385 1386 1387 1388 1389 1390 
Adding vertex (chain-A, position-235, res-ASP)
New vertex id: 141
1391 1392 1393 1394 1395 1396 1397 1398 1399 
Adding vertex (chain-A, position-236, res-ALA)
New vertex id: 142
1400 1401 1402 1403 1404 1405 
Adding vertex (chain-A, position-237, res-MET)
New vertex id: 143
1406 1407 1408 1409 1410 1411 1412 1413 1414 
Adding vertex (chain-A, position-238, res-PHE)
New vertex id: 144
1415 1416 1417 1418 1419 1420 1421 1422 1423 1424 1425 1426 
Adding vertex (chain-A, position-239, res-ARG)
New vertex id: 145
1427 1428 1429 1430 1431 1432 1433 1434 1435 1436 1437 1438 1439 1440 1441 1442 1443 
Adding vertex (chain-A, position-240, res-ALA)
New vertex id: 146
1444 1445 1446 1447 1448 1449 
Adding vertex (chain-A, position-241, res-PHE)
New vertex id: 147
1450 1451 1452 1453 1454 1455 1456 1457 1458 1459 1460 1461 
Adding vertex (chain-A, position-242, res-LYS)
New vertex id: 148
1462 1463 1464 1465 1466 1467 1468 1469 1470 1471 1472 1473 1474 
Adding vertex (chain-A, position-243, res-SER)
New vertex id: 149
1475 1476 1477 1478 1479 1480 1481 1482 
Adding vertex (chain-A, position-244, res-LEU)
New vertex id: 150
1483 1484 1485 1486 1487 1488 1489 1490 1491 
Adding vertex (chain-A, position-245, res-ASP)
New vertex id: 151
1492 1493 1494 1495 1496 1497 1498 1499 1500 
Adding vertex (chain-A, position-246, res-LYS)
New vertex id: 152
1501 1502 1503 1504 1505 1506 1507 1508 1509 1510 1511 1512 1513 
Adding vertex (chain-A, position-247, res-ASP)
New vertex id: 153
1514 1515 1516 1517 1518 1519 1520 1521 1522 
Adding vertex (chain-A, position-248, res-GLY)
New vertex id: 154
1523 1524 1525 1526 1527 
Adding vertex (chain-A, position-249, res-THR)
New vertex id: 155
1528 1529 1530 1531 1532 1533 1534 1535 1536 
Adding vertex (chain-A, position-250, res-GLY)
New vertex id: 156
1537 1538 1539 1540 1541 
Adding vertex (chain-A, position-251, res-GLN)
New vertex id: 157
1542 1543 1544 1545 1546 1547 1548 1549 1550 1551 1552 1553 
Adding vertex (chain-A, position-252, res-ILE)
New vertex id: 158
1554 1555 1556 1557 1558 1559 1560 1561 1562 
Adding vertex (chain-A, position-253, res-GLN)
New vertex id: 159
1563 1564 1565 1566 1567 1568 1569 1570 1571 1572 1573 1574 
Adding vertex (chain-A, position-254, res-VAL)
New vertex id: 160
1575 1576 1577 1578 1579 1580 1581 1582 
Adding vertex (chain-A, position-255, res-ASN)
New vertex id: 161
1583 1584 1585 1586 1587 1588 1589 1590 1591 1592 1593 
Adding vertex (chain-A, position-256, res-ILE)
New vertex id: 162
1594 1595 1596 1597 1598 1599 1600 1601 1602 
Adding vertex (chain-A, position-257, res-GLN)
New vertex id: 163
1603 1604 1605 1606 1607 1608 1609 1610 1611 1612 1613 1614 
Adding vertex (chain-A, position-258, res-GLU)
New vertex id: 164
1615 1616 1617 1618 1619 1620 1621 1622 1623 1624 
Adding vertex (chain-A, position-259, res-TRP)
New vertex id: 165
1625 1626 1627 1628 1629 1630 1631 1632 1633 1634 1635 1636 1637 1638 1639 1640 
Adding vertex (chain-A, position-260, res-LEU)
New vertex id: 166
1641 1642 1643 1644 1645 1646 1647 1648 1649 
Adding vertex (chain-A, position-261, res-GLN)
New vertex id: 167
1650 1651 1652 1653 1654 1655 1656 1657 1658 1659 1660 1661 
Adding vertex (chain-A, position-262, res-LEU)
New vertex id: 168
1662 1663 1664 1665 1666 1667 1668 1669 1670 
Adding vertex (chain-A, position-263, res-THR)
New vertex id: 169
1671 1672 1673 1674 1675 1676 1677 1678 1679 
Adding vertex (chain-A, position-264, res-MET)
New vertex id: 170
1680 1681 1682 1683 1684 1685 1686 1687 1688 
Adding vertex (chain-A, position-265, res-TYR)
New vertex id: 171
1689 1690 1691 1692 1693 1694 1695 1696 1697 1698 1699 1700 1701 1702 
Adding vertex (chain-A, position-266, res-SER)
New vertex id: 172
1703 1704 1705 1706 1707 1708 1709 1710 1711 
Graph DONE

( reduce -FLIPs 1NX1.pdb > 1NX1.H.pdb ) >& /dev/null
Reduce (-FLIPs) returned 0
( bndlst -Radius0.3 1NX1.H.pdb > 1NX1.H.bndlst ) >& /dev/null
BndLst returned 0
Parsing 1NX1.H.bndlst

bndlst START
Adding bndlst edge: (A_E94_MC -> A_E95_MC) type[cov], weight[1.00] from 0 to 1 dist[1.33]
Adding bndlst edge: (A_E94_MC -> A_Q98_SC) type[hb], weight[0.69] from 0 to 4 dist[2.41]
Adding bndlst edge: (A_E94_MC -> A_R97_MC) type[hb], weight[0.71] from 0 to 3 dist[2.37]
Adding bndlst edge: (A_E94_MC -> A_Q98_MC) type[hb], weight[0.62] from 0 to 4 dist[2.54]
Adding bndlst edge: (A_E95_MC -> A_V96_MC) type[cov], weight[1.00] from 1 to 2 dist[1.33]
Adding bndlst edge: (A_E95_MC -> A_F99_MC) type[hb], weight[0.54] from 1 to 5 dist[2.73]
Adding bndlst edge: (A_V96_MC -> A_R97_MC) type[cov], weight[1.00] from 2 to 3 dist[1.33]
Adding bndlst edge: (A_V96_MC -> A_R100_MC) type[hb], weight[0.72] from 2 to 6 dist[2.36]
Adding bndlst edge: (A_R97_MC -> A_Q98_MC) type[cov], weight[1.00] from 3 to 4 dist[1.33]
Adding bndlst edge: (A_R97_MC -> A_R101_MC) type[hb], weight[0.62] from 3 to 7 dist[2.53]
Adding bndlst edge: (A_Q98_MC -> A_F99_MC) type[cov], weight[1.00] from 4 to 5 dist[1.33]
Adding bndlst edge: (A_Q98_MC -> A_L102_MC) type[hb], weight[0.73] from 4 to 8 dist[2.34]
Adding bndlst edge: (A_F99_MC -> A_R100_MC) type[cov], weight[1.00] from 5 to 6 dist[1.33]
Adding bndlst edge: (A_F99_MC -> A_L102_MC) type[hb], weight[0.58] from 5 to 8 dist[2.62]
Adding bndlst edge: (A_F99_MC -> A_F103_MC) type[hb], weight[1.10] from 5 to 9 dist[1.91]
Adding bndlst edge: (A_R100_MC -> A_R101_MC) type[cov], weight[1.00] from 6 to 7 dist[1.33]
Adding bndlst edge: (A_R100_MC -> A_A104_MC) type[hb], weight[0.96] from 6 to 10 dist[2.05]
Adding bndlst edge: (A_R100_MC -> A_F103_MC) type[hb], weight[0.46] from 6 to 9 dist[2.95]
Adding bndlst edge: (A_R101_MC -> A_L102_MC) type[cov], weight[1.00] from 7 to 8 dist[1.33]
Adding bndlst edge: (A_R101_MC -> A_Q105_MC) type[hb], weight[0.77] from 7 to 11 dist[2.29]
Adding bndlst edge: (A_L102_MC -> A_F103_MC) type[cov], weight[1.00] from 8 to 9 dist[1.33]
Adding bndlst edge: (A_L102_MC -> A_L106_MC) type[hb], weight[0.76] from 8 to 12 dist[2.29]
Adding bndlst edge: (A_F103_MC -> A_A104_MC) type[cov], weight[1.00] from 9 to 10 dist[1.33]
Adding bndlst edge: (A_F103_MC -> A_L106_MC) type[hb], weight[0.60] from 9 to 12 dist[2.58]
Adding bndlst edge: (A_F103_MC -> A_A107_MC) type[hb], weight[1.36] from 9 to 13 dist[1.71]
Adding bndlst edge: (A_A104_MC -> A_Q105_MC) type[cov], weight[1.00] from 10 to 11 dist[1.33]
Adding bndlst edge: (A_A104_MC -> A_G108_MC) type[hb], weight[0.75] from 10 to 14 dist[2.31]
Adding bndlst edge: (A_Q105_MC -> A_L106_MC) type[cov], weight[1.00] from 11 to 12 dist[1.33]
Adding bndlst edge: (A_L106_MC -> A_A107_MC) type[cov], weight[1.00] from 12 to 13 dist[1.33]
Adding bndlst edge: (A_A107_MC -> A_G108_MC) type[cov], weight[1.00] from 13 to 14 dist[1.33]
Adding bndlst edge: (A_G108_MC -> A_D109_MC) type[cov], weight[1.00] from 14 to 15 dist[1.34]
Adding bndlst edge: (A_G108_MC -> A_M111_MC) type[hb], weight[1.11] from 14 to 17 dist[1.90]
Adding bndlst edge: (A_D109_MC -> A_D110_MC) type[cov], weight[1.00] from 15 to 16 dist[1.32]
Adding bndlst edge: (A_D110_MC -> A_M111_MC) type[cov], weight[1.00] from 16 to 17 dist[1.33]
Adding bndlst edge: (A_D110_MC -> A_E112_MC) type[hb], weight[0.47] from 16 to 18 dist[2.92]
Adding bndlst edge: (A_D110_SC -> A_E112_MC) type[hb], weight[0.72] from 16 to 18 dist[2.36]
Adding bndlst edge: (A_D110_SC -> A_K156_SC) type[salt], weight[0.46] from 16 to 62 dist[2.81]
Adding bndlst edge: (A_D110_SC -> A_K156_SC) type[salt], weight[0.42] from 16 to 62 dist[2.94]
Adding bndlst edge: (A_D110_SC -> A_K156_SC) type[salt], weight[0.47] from 16 to 62 dist[2.76]
Adding bndlst edge: (A_D110_SC -> A_K156_SC) type[salt], weight[0.42] from 16 to 62 dist[2.93]
Adding bndlst edge: (A_M111_MC -> A_E112_MC) type[cov], weight[1.00] from 17 to 18 dist[1.34]
Adding bndlst edge: (A_E112_MC -> A_V113_MC) type[cov], weight[1.00] from 18 to 19 dist[1.32]
Adding bndlst edge: (A_E112_SC -> A_T154_SC) type[hb], weight[0.56] from 18 to 60 dist[2.68]
Adding bndlst edge: (A_E112_SC -> A_T154_SC) type[hb], weight[0.90] from 18 to 60 dist[2.11]
Adding bndlst edge: (A_V113_MC -> A_S114_MC) type[cov], weight[1.00] from 19 to 20 dist[1.32]
Adding bndlst edge: (A_V113_MC -> A_L157_MC) type[hb], weight[1.14] from 19 to 63 dist[1.87]
Adding bndlst edge: (A_V113_MC -> A_L157_MC) type[hb], weight[1.08] from 19 to 63 dist[1.92]
Adding bndlst edge: (A_S114_MC -> A_A115_MC) type[cov], weight[1.00] from 20 to 21 dist[1.33]
Adding bndlst edge: (A_S114_MC -> A_L118_MC) type[hb], weight[1.07] from 20 to 24 dist[1.94]
Adding bndlst edge: (A_S114_MC -> A_E117_MC) type[hb], weight[0.58] from 20 to 23 dist[2.62]
Adding bndlst edge: (A_S114_SC -> A_E117_MC) type[hb], weight[0.78] from 20 to 23 dist[2.26]
Adding bndlst edge: (A_S114_SC -> A_T116_MC) type[hb], weight[0.52] from 20 to 22 dist[2.77]
Adding bndlst edge: (A_S114_MC -> A_E117_SC) type[hb], weight[1.13] from 20 to 23 dist[1.88]
Adding bndlst edge: (A_A115_MC -> A_T116_MC) type[cov], weight[1.00] from 21 to 22 dist[1.33]
Adding bndlst edge: (A_A115_MC -> A_L118_MC) type[hb], weight[0.50] from 21 to 24 dist[2.82]
Adding bndlst edge: (A_A115_MC -> A_M119_MC) type[hb], weight[0.99] from 21 to 25 dist[2.01]
Adding bndlst edge: (A_T116_MC -> A_E117_MC) type[cov], weight[1.00] from 22 to 23 dist[1.33]
Adding bndlst edge: (A_T116_MC -> A_N120_MC) type[hb], weight[0.82] from 22 to 26 dist[2.21]
Adding bndlst edge: (A_T116_MC -> A_M119_MC) type[hb], weight[0.52] from 22 to 25 dist[2.77]
Adding bndlst edge: (A_E117_MC -> A_L118_MC) type[cov], weight[1.00] from 23 to 24 dist[1.34]
Adding bndlst edge: (A_E117_MC -> A_N120_MC) type[hb], weight[0.49] from 23 to 26 dist[2.87]
Adding bndlst edge: (A_E117_MC -> A_I121_MC) type[hb], weight[0.76] from 23 to 27 dist[2.30]
Adding bndlst edge: (A_L118_MC -> A_M119_MC) type[cov], weight[1.00] from 24 to 25 dist[1.33]
Adding bndlst edge: (A_L118_MC -> A_I121_MC) type[hb], weight[0.46] from 24 to 27 dist[2.94]
Adding bndlst edge: (A_L118_MC -> A_L122_MC) type[hb], weight[0.93] from 24 to 28 dist[2.07]
Adding bndlst edge: (A_M119_MC -> A_N120_MC) type[cov], weight[1.00] from 25 to 26 dist[1.33]
Adding bndlst edge: (A_M119_MC -> A_N123_SC) type[hb], weight[0.45] from 25 to 29 dist[2.97]
Adding bndlst edge: (A_M119_MC -> A_N123_SC) type[hb], weight[0.46] from 25 to 29 dist[2.95]
Adding bndlst edge: (A_M119_MC -> A_N123_MC) type[hb], weight[0.96] from 25 to 29 dist[2.04]
Adding bndlst edge: (A_M119_MC -> A_L122_MC) type[hb], weight[0.50] from 25 to 28 dist[2.83]
Adding bndlst edge: (A_N120_MC -> A_I121_MC) type[cov], weight[1.00] from 26 to 27 dist[1.33]
Adding bndlst edge: (A_N120_MC -> A_K124_MC) type[hb], weight[0.77] from 26 to 30 dist[2.29]
Adding bndlst edge: (A_N120_MC -> A_N123_MC) type[hb], weight[0.56] from 26 to 29 dist[2.67]
Adding bndlst edge: (A_I121_MC -> A_L122_MC) type[cov], weight[1.00] from 27 to 28 dist[1.32]
Adding bndlst edge: (A_I121_MC -> A_K124_MC) type[hb], weight[0.59] from 27 to 30 dist[2.61]
Adding bndlst edge: (A_I121_MC -> A_V125_MC) type[hb], weight[0.78] from 27 to 31 dist[2.27]
Adding bndlst edge: (A_L122_MC -> A_N123_MC) type[cov], weight[1.00] from 28 to 29 dist[1.32]
Adding bndlst edge: (A_L122_MC -> A_V125_MC) type[hb], weight[0.46] from 28 to 31 dist[2.96]
Adding bndlst edge: (A_L122_MC -> A_V126_MC) type[hb], weight[0.75] from 28 to 32 dist[2.31]
Adding bndlst edge: (A_N123_MC -> A_K124_MC) type[cov], weight[1.00] from 29 to 30 dist[1.33]
Adding bndlst edge: (A_N123_MC -> A_T127_MC) type[hb], weight[0.48] from 29 to 33 dist[2.90]
Adding bndlst edge: (A_N123_SC -> A_F137_MC) type[hb], weight[1.19] from 29 to 43 dist[1.83]
Adding bndlst edge: (A_N123_SC -> A_F137_MC) type[hb], weight[0.86] from 29 to 43 dist[2.16]
Adding bndlst edge: (A_N123_SC -> A_F137_MC) type[hb], weight[0.86] from 29 to 43 dist[2.16]
Adding bndlst edge: (A_K124_MC -> A_V125_MC) type[cov], weight[1.00] from 30 to 31 dist[1.32]
Adding bndlst edge: (A_K124_MC -> A_R128_MC) type[hb], weight[0.59] from 30 to 34 dist[2.60]
Adding bndlst edge: (A_K124_MC -> A_T127_MC) type[hb], weight[0.65] from 30 to 33 dist[2.47]
Adding bndlst edge: (A_V125_MC -> A_V126_MC) type[cov], weight[1.00] from 31 to 32 dist[1.33]
Adding bndlst edge: (A_V125_MC -> A_R128_MC) type[hb], weight[0.69] from 31 to 34 dist[2.41]
Adding bndlst edge: (A_V125_MC -> A_T127_MC) type[hb], weight[0.45] from 31 to 33 dist[2.97]
Adding bndlst edge: (A_V125_MC -> A_H129_SC) type[hb], weight[0.93] from 31 to 35 dist[2.07]
Adding bndlst edge: (A_V126_MC -> A_T127_MC) type[cov], weight[1.00] from 32 to 33 dist[1.33]
Adding bndlst edge: (A_V126_MC -> A_H129_MC) type[hb], weight[0.53] from 32 to 35 dist[2.75]
Adding bndlst edge: (A_T127_MC -> A_R128_MC) type[cov], weight[1.00] from 33 to 34 dist[1.32]
Adding bndlst edge: (A_T127_MC -> A_H129_MC) type[hb], weight[0.80] from 33 to 35 dist[2.24]
Adding bndlst edge: (A_R128_MC -> A_H129_MC) type[cov], weight[1.00] from 34 to 35 dist[1.33]
Adding bndlst edge: (A_H129_MC -> A_P130_MC) type[cov], weight[1.00] from 35 to 36 dist[1.34]
Adding bndlst edge: (A_H129_SC -> A_Q173_SC) type[hb], weight[0.52] from 35 to 79 dist[2.78]
Adding bndlst edge: (A_H129_SC -> A_Q173_SC) type[hb], weight[0.48] from 35 to 79 dist[2.89]
Adding bndlst edge: (A_P130_MC -> A_D131_MC) type[cov], weight[1.00] from 36 to 37 dist[1.33]
Adding bndlst edge: (A_P130_MC -> A_L132_MC) type[hb], weight[0.68] from 36 to 38 dist[2.42]
Adding bndlst edge: (A_D131_MC -> A_L132_MC) type[cov], weight[1.00] from 37 to 38 dist[1.33]
Adding bndlst edge: (A_L132_MC -> A_K133_MC) type[cov], weight[1.00] from 38 to 39 dist[1.33]
Adding bndlst edge: (A_L132_MC -> A_Y176_SC) type[hb], weight[0.89] from 38 to 82 dist[2.12]
Adding bndlst edge: (A_K133_MC -> A_T134_MC) type[cov], weight[1.00] from 39 to 40 dist[1.33]
Adding bndlst edge: (A_K133_MC -> A_F224_MC) type[hb], weight[1.02] from 39 to 130 dist[1.99]
Adding bndlst edge: (A_T134_MC -> A_D135_MC) type[cov], weight[1.00] from 40 to 41 dist[1.32]
Adding bndlst edge: (A_T134_MC -> A_G136_MC) type[hb], weight[0.46] from 40 to 42 dist[2.94]
Adding bndlst edge: (A_D135_MC -> A_G136_MC) type[cov], weight[1.00] from 41 to 42 dist[1.34]
Adding bndlst edge: (A_D135_MC -> A_D225_SC) type[hb], weight[0.53] from 41 to 131 dist[2.74]
Adding bndlst edge: (A_D135_MC -> A_D223_SC) type[hb], weight[0.59] from 41 to 129 dist[2.61]
Adding bndlst edge: (A_G136_MC -> A_F137_MC) type[cov], weight[1.00] from 42 to 43 dist[1.34]
Adding bndlst edge: (A_F137_MC -> A_G138_MC) type[cov], weight[1.00] from 43 to 44 dist[1.33]
Adding bndlst edge: (A_G138_MC -> A_I139_MC) type[cov], weight[1.00] from 44 to 45 dist[1.33]
Adding bndlst edge: (A_G138_MC -> A_C142_SC) type[hb], weight[0.72] from 44 to 48 dist[2.36]
Adding bndlst edge: (A_G138_MC -> A_C142_MC) type[hb], weight[0.84] from 44 to 48 dist[2.18]
Adding bndlst edge: (A_G138_MC -> A_T141_MC) type[hb], weight[0.51] from 44 to 47 dist[2.81]
Adding bndlst edge: (A_I139_MC -> A_D140_MC) type[cov], weight[1.00] from 45 to 46 dist[1.33]
Adding bndlst edge: (A_I139_MC -> A_R143_MC) type[hb], weight[1.14] from 45 to 49 dist[1.88]
Adding bndlst edge: (A_I139_MC -> A_C142_MC) type[hb], weight[0.50] from 45 to 48 dist[2.83]
Adding bndlst edge: (A_D140_MC -> A_T141_MC) type[cov], weight[1.00] from 46 to 47 dist[1.33]
Adding bndlst edge: (A_D140_MC -> A_R143_MC) type[hb], weight[0.49] from 46 to 49 dist[2.86]
Adding bndlst edge: (A_D140_MC -> A_S144_MC) type[hb], weight[0.91] from 46 to 50 dist[2.09]
Adding bndlst edge: (A_T141_MC -> A_C142_MC) type[cov], weight[1.00] from 47 to 48 dist[1.33]
Adding bndlst edge: (A_T141_MC -> A_M145_MC) type[hb], weight[0.94] from 47 to 51 dist[2.07]
Adding bndlst edge: (A_T141_MC -> A_S144_MC) type[hb], weight[0.57] from 47 to 50 dist[2.65]
Adding bndlst edge: (A_C142_MC -> A_R143_MC) type[cov], weight[1.00] from 48 to 49 dist[1.33]
Adding bndlst edge: (A_C142_MC -> A_V146_MC) type[hb], weight[0.91] from 48 to 52 dist[2.10]
Adding bndlst edge: (A_C142_MC -> A_M145_MC) type[hb], weight[0.60] from 48 to 51 dist[2.58]
Adding bndlst edge: (A_R143_MC -> A_S144_MC) type[cov], weight[1.00] from 49 to 50 dist[1.33]
Adding bndlst edge: (A_R143_MC -> A_A147_MC) type[hb], weight[0.82] from 49 to 53 dist[2.21]
Adding bndlst edge: (A_S144_MC -> A_M145_MC) type[cov], weight[1.00] from 50 to 51 dist[1.34]
Adding bndlst edge: (A_S144_MC -> A_V148_MC) type[hb], weight[0.78] from 50 to 54 dist[2.27]
Adding bndlst edge: (A_S144_SC -> A_S266_MC) type[hb], weight[0.92] from 50 to 172 dist[2.08]
Adding bndlst edge: (A_M145_MC -> A_V146_MC) type[cov], weight[1.00] from 51 to 52 dist[1.33]
Adding bndlst edge: (A_M145_MC -> A_M149_MC) type[hb], weight[0.62] from 51 to 55 dist[2.54]
Adding bndlst edge: (A_V146_MC -> A_A147_MC) type[cov], weight[1.00] from 52 to 53 dist[1.34]
Adding bndlst edge: (A_V146_MC -> A_M149_MC) type[hb], weight[0.73] from 52 to 55 dist[2.35]
Adding bndlst edge: (A_V146_MC -> A_D150_MC) type[hb], weight[0.87] from 52 to 56 dist[2.14]
Adding bndlst edge: (A_A147_MC -> A_V148_MC) type[cov], weight[1.00] from 53 to 54 dist[1.33]
Adding bndlst edge: (A_A147_MC -> A_D150_MC) type[hb], weight[0.65] from 53 to 56 dist[2.48]
Adding bndlst edge: (A_V148_MC -> A_M149_MC) type[cov], weight[1.00] from 54 to 55 dist[1.33]
Adding bndlst edge: (A_M149_MC -> A_D150_MC) type[cov], weight[1.00] from 55 to 56 dist[1.33]
Adding bndlst edge: (A_M149_MC -> A_S151_MC) type[hb], weight[0.83] from 55 to 57 dist[2.20]
Adding bndlst edge: (A_M149_SC -> A_R239_SC) type[hb], weight[0.37] from 55 to 145 dist[3.28]
Adding bndlst edge: (A_M149_SC -> A_R239_SC) type[hb], weight[0.37] from 55 to 145 dist[3.27]
Adding bndlst edge: (A_D150_MC -> A_S151_MC) type[cov], weight[1.00] from 56 to 57 dist[1.33]
Adding bndlst edge: (A_D150_MC -> A_T153_MC) type[hb], weight[0.75] from 56 to 59 dist[2.31]
Adding bndlst edge: (A_D150_SC -> A_G155_MC) type[hb], weight[0.52] from 56 to 61 dist[2.77]
Adding bndlst edge: (A_D150_SC -> A_T154_MC) type[hb], weight[0.76] from 56 to 60 dist[2.29]
Adding bndlst edge: (A_D150_SC -> A_G155_MC) type[hb], weight[1.09] from 56 to 61 dist[1.91]
Adding bndlst edge: (A_D150_SC -> A_T154_MC) type[hb], weight[0.46] from 56 to 60 dist[2.94]
Adding bndlst edge: (A_D150_SC -> A_Y265_SC) type[hb], weight[1.10] from 56 to 171 dist[1.90]
Adding bndlst edge: (A_S151_MC -> A_D152_MC) type[cov], weight[1.00] from 57 to 58 dist[1.33]
Adding bndlst edge: (A_S151_MC -> A_E161_SC) type[hb], weight[0.66] from 57 to 67 dist[2.46]
Adding bndlst edge: (A_D152_MC -> A_T153_MC) type[cov], weight[1.00] from 58 to 59 dist[1.33]
Adding bndlst edge: (A_D152_MC -> A_T153_SC) type[hb], weight[0.72] from 58 to 59 dist[2.36]
Adding bndlst edge: (A_D152_SC -> A_T154_MC) type[hb], weight[0.59] from 58 to 60 dist[2.59]
Adding bndlst edge: (A_D152_MC -> A_E161_SC) type[hb], weight[0.80] from 58 to 67 dist[2.24]
Adding bndlst edge: (A_T153_MC -> A_T154_MC) type[cov], weight[1.00] from 59 to 60 dist[1.33]
Adding bndlst edge: (A_T154_MC -> A_G155_MC) type[cov], weight[1.00] from 60 to 61 dist[1.34]
Adding bndlst edge: (A_T154_SC -> A_K156_MC) type[hb], weight[0.63] from 60 to 62 dist[2.52]
Adding bndlst edge: (A_T154_SC -> A_K156_MC) type[hb], weight[0.47] from 60 to 62 dist[2.91]
Adding bndlst edge: (A_G155_MC -> A_K156_MC) type[cov], weight[1.00] from 61 to 62 dist[1.34]
Adding bndlst edge: (A_K156_MC -> A_L157_MC) type[cov], weight[1.00] from 62 to 63 dist[1.33]
Adding bndlst edge: (A_L157_MC -> A_G158_MC) type[cov], weight[1.00] from 63 to 64 dist[1.33]
Adding bndlst edge: (A_G158_MC -> A_F159_MC) type[cov], weight[1.00] from 64 to 65 dist[1.33]
Adding bndlst edge: (A_G158_MC -> A_F162_MC) type[hb], weight[1.12] from 64 to 68 dist[1.89]
Adding bndlst edge: (A_G158_MC -> A_E161_MC) type[hb], weight[0.50] from 64 to 67 dist[2.83]
Adding bndlst edge: (A_G158_MC -> A_E161_SC) type[hb], weight[1.14] from 64 to 67 dist[1.88]
Adding bndlst edge: (A_F159_MC -> A_E160_MC) type[cov], weight[1.00] from 65 to 66 dist[1.33]
Adding bndlst edge: (A_F159_MC -> A_K163_MC) type[hb], weight[0.99] from 65 to 69 dist[2.01]
Adding bndlst edge: (A_F159_MC -> A_F162_MC) type[hb], weight[0.46] from 65 to 68 dist[2.94]
Adding bndlst edge: (A_E160_MC -> A_E161_MC) type[cov], weight[1.00] from 66 to 67 dist[1.34]
Adding bndlst edge: (A_E160_MC -> A_Y164_MC) type[hb], weight[0.90] from 66 to 70 dist[2.10]
Adding bndlst edge: (A_E160_MC -> A_K163_MC) type[hb], weight[0.50] from 66 to 69 dist[2.83]
Adding bndlst edge: (A_E160_SC -> A_K163_SC) type[salt], weight[0.51] from 66 to 69 dist[2.67]
Adding bndlst edge: (A_E160_SC -> A_K163_SC) type[salt], weight[0.50] from 66 to 69 dist[2.68]
Adding bndlst edge: (A_E161_MC -> A_F162_MC) type[cov], weight[1.00] from 67 to 68 dist[1.33]
Adding bndlst edge: (A_E161_MC -> A_L165_MC) type[hb], weight[0.73] from 67 to 71 dist[2.34]
Adding bndlst edge: (A_F162_MC -> A_K163_MC) type[cov], weight[1.00] from 68 to 69 dist[1.33]
Adding bndlst edge: (A_F162_MC -> A_W166_MC) type[hb], weight[1.18] from 68 to 72 dist[1.84]
Adding bndlst edge: (A_K163_MC -> A_Y164_MC) type[cov], weight[1.00] from 69 to 70 dist[1.34]
Adding bndlst edge: (A_K163_MC -> A_N167_SC) type[hb], weight[0.44] from 69 to 73 dist[3.00]
Adding bndlst edge: (A_K163_MC -> A_N167_MC) type[hb], weight[0.87] from 69 to 73 dist[2.15]
Adding bndlst edge: (A_K163_MC -> A_W166_MC) type[hb], weight[0.46] from 69 to 72 dist[2.96]
Adding bndlst edge: (A_Y164_MC -> A_L165_MC) type[cov], weight[1.00] from 70 to 71 dist[1.33]
Adding bndlst edge: (A_Y164_MC -> A_N168_MC) type[hb], weight[0.76] from 70 to 74 dist[2.29]
Adding bndlst edge: (A_Y164_MC -> A_N167_MC) type[hb], weight[0.45] from 70 to 73 dist[2.98]
Adding bndlst edge: (A_Y164_SC -> A_N168_SC) type[hb], weight[0.42] from 70 to 74 dist[3.10]
Adding bndlst edge: (A_Y164_SC -> A_N168_SC) type[hb], weight[0.44] from 70 to 74 dist[3.03]
Adding bndlst edge: (A_Y164_SC -> A_N168_SC) type[hb], weight[0.51] from 70 to 74 dist[2.79]
Adding bndlst edge: (A_Y164_SC -> A_N168_SC) type[hb], weight[0.65] from 70 to 74 dist[2.49]
Adding bndlst edge: (A_Y164_SC -> A_N168_SC) type[hb], weight[0.59] from 70 to 74 dist[2.59]
Adding bndlst edge: (A_L165_MC -> A_W166_MC) type[cov], weight[1.00] from 71 to 72 dist[1.33]
Adding bndlst edge: (A_L165_MC -> A_I169_MC) type[hb], weight[0.92] from 71 to 75 dist[2.08]
Adding bndlst edge: (A_L165_MC -> A_N168_MC) type[hb], weight[0.55] from 71 to 74 dist[2.70]
Adding bndlst edge: (A_W166_MC -> A_N167_MC) type[cov], weight[1.00] from 72 to 73 dist[1.33]
Adding bndlst edge: (A_W166_MC -> A_K170_MC) type[hb], weight[0.90] from 72 to 76 dist[2.10]
Adding bndlst edge: (A_N167_MC -> A_N168_MC) type[cov], weight[1.00] from 73 to 74 dist[1.33]
Adding bndlst edge: (A_N167_MC -> A_K171_MC) type[hb], weight[0.90] from 73 to 77 dist[2.11]
Adding bndlst edge: (A_N167_MC -> A_K170_MC) type[hb], weight[0.48] from 73 to 76 dist[2.88]
Adding bndlst edge: (A_N168_MC -> A_I169_MC) type[cov], weight[1.00] from 74 to 75 dist[1.33]
Adding bndlst edge: (A_N168_MC -> A_K171_MC) type[hb], weight[0.67] from 74 to 77 dist[2.44]
Adding bndlst edge: (A_N168_MC -> A_W172_MC) type[hb], weight[1.26] from 74 to 78 dist[1.78]
Adding bndlst edge: (A_I169_MC -> A_K170_MC) type[cov], weight[1.00] from 75 to 76 dist[1.33]
Adding bndlst edge: (A_I169_MC -> A_Q173_MC) type[hb], weight[0.99] from 75 to 79 dist[2.01]
Adding bndlst edge: (A_I169_MC -> A_W172_MC) type[hb], weight[0.57] from 75 to 78 dist[2.66]
Adding bndlst edge: (A_K170_MC -> A_K171_MC) type[cov], weight[1.00] from 76 to 77 dist[1.33]
Adding bndlst edge: (A_K170_MC -> A_A174_MC) type[hb], weight[0.53] from 76 to 80 dist[2.75]
Adding bndlst edge: (A_K171_MC -> A_W172_MC) type[cov], weight[1.00] from 77 to 78 dist[1.33]
Adding bndlst edge: (A_K171_MC -> A_I175_MC) type[hb], weight[0.62] from 77 to 81 dist[2.55]
Adding bndlst edge: (A_K171_MC -> A_A174_MC) type[hb], weight[0.46] from 77 to 80 dist[2.95]
Adding bndlst edge: (A_K171_SC -> A_A199_MC) type[hb], weight[0.46] from 77 to 105 dist[2.96]
Adding bndlst edge: (A_K171_SC -> A_A199_MC) type[hb], weight[0.47] from 77 to 105 dist[2.92]
Adding bndlst edge: (A_W172_MC -> A_Q173_MC) type[cov], weight[1.00] from 78 to 79 dist[1.32]
Adding bndlst edge: (A_W172_MC -> A_Y176_MC) type[hb], weight[0.92] from 78 to 82 dist[2.09]
Adding bndlst edge: (A_W172_MC -> A_I175_MC) type[hb], weight[0.51] from 78 to 81 dist[2.79]
Adding bndlst edge: (A_Q173_MC -> A_A174_MC) type[cov], weight[1.00] from 79 to 80 dist[1.33]
Adding bndlst edge: (A_Q173_MC -> A_K177_MC) type[hb], weight[0.80] from 79 to 83 dist[2.23]
Adding bndlst edge: (A_Q173_MC -> A_Y176_MC) type[hb], weight[0.51] from 79 to 82 dist[2.80]
Adding bndlst edge: (A_Q173_SC -> A_F224_SC) type[hb], weight[0.42] from 79 to 130 dist[3.10]
Adding bndlst edge: (A_A174_MC -> A_I175_MC) type[cov], weight[1.00] from 80 to 81 dist[1.33]
Adding bndlst edge: (A_A174_MC -> A_Q178_MC) type[hb], weight[1.03] from 80 to 84 dist[1.97]
Adding bndlst edge: (A_A174_MC -> A_K177_MC) type[hb], weight[0.46] from 80 to 83 dist[2.93]
Adding bndlst edge: (A_I175_MC -> A_Y176_MC) type[cov], weight[1.00] from 81 to 82 dist[1.33]
Adding bndlst edge: (A_I175_MC -> A_Q178_MC) type[hb], weight[0.46] from 81 to 84 dist[2.94]
Adding bndlst edge: (A_I175_MC -> A_F179_MC) type[hb], weight[1.13] from 81 to 85 dist[1.88]
Adding bndlst edge: (A_Y176_MC -> A_K177_MC) type[cov], weight[1.00] from 82 to 83 dist[1.33]
Adding bndlst edge: (A_Y176_MC -> A_D180_MC) type[hb], weight[0.60] from 82 to 86 dist[2.58]
Adding bndlst edge: (A_Y176_SC -> A_F224_MC) type[hb], weight[0.51] from 82 to 130 dist[2.80]
Adding bndlst edge: (A_Y176_SC -> A_G185_MC) type[hb], weight[1.08] from 82 to 91 dist[1.93]
Adding bndlst edge: (A_K177_MC -> A_Q178_MC) type[cov], weight[1.00] from 83 to 84 dist[1.32]
Adding bndlst edge: (A_K177_MC -> A_R183_SC) type[hb], weight[0.83] from 83 to 89 dist[2.19]
Adding bndlst edge: (A_K177_MC -> A_R183_SC) type[hb], weight[0.54] from 83 to 89 dist[2.73]
Adding bndlst edge: (A_K177_MC -> A_R183_SC) type[hb], weight[0.84] from 83 to 89 dist[2.19]
Adding bndlst edge: (A_K177_MC -> A_R183_SC) type[hb], weight[0.53] from 83 to 89 dist[2.75]
Adding bndlst edge: (A_K177_MC -> A_D180_MC) type[hb], weight[0.65] from 83 to 86 dist[2.47]
Adding bndlst edge: (A_Q178_MC -> A_F179_MC) type[cov], weight[1.00] from 84 to 85 dist[1.33]
Adding bndlst edge: (A_Q178_MC -> A_R183_SC) type[hb], weight[0.48] from 84 to 89 dist[2.90]
Adding bndlst edge: (A_Q178_MC -> A_R183_SC) type[hb], weight[0.47] from 84 to 89 dist[2.90]
Adding bndlst edge: (A_F179_MC -> A_D180_MC) type[cov], weight[1.00] from 85 to 86 dist[1.33]
Adding bndlst edge: (A_F179_MC -> A_V181_MC) type[hb], weight[1.01] from 85 to 87 dist[1.99]
Adding bndlst edge: (A_D180_MC -> A_V181_MC) type[cov], weight[1.00] from 86 to 87 dist[1.32]
Adding bndlst edge: (A_D180_MC -> A_R183_MC) type[hb], weight[1.05] from 86 to 89 dist[1.96]
Adding bndlst edge: (A_D180_MC -> A_R183_SC) type[hb], weight[0.68] from 86 to 89 dist[2.43]
Adding bndlst edge: (A_D180_MC -> A_R183_SC) type[hb], weight[0.68] from 86 to 89 dist[2.43]
Adding bndlst edge: (A_D180_SC -> A_S184_SC) type[hb], weight[0.70] from 86 to 90 dist[2.38]
Adding bndlst edge: (A_D180_SC -> A_S184_MC) type[hb], weight[0.78] from 86 to 90 dist[2.26]
Adding bndlst edge: (A_D180_SC -> A_G185_MC) type[hb], weight[1.18] from 86 to 91 dist[1.84]
Adding bndlst edge: (A_D180_SC -> A_S184_MC) type[hb], weight[0.46] from 86 to 90 dist[2.94]
Adding bndlst edge: (A_V181_MC -> A_D182_MC) type[cov], weight[1.00] from 87 to 88 dist[1.33]
Adding bndlst edge: (A_V181_MC -> A_R183_MC) type[hb], weight[0.57] from 87 to 89 dist[2.64]
Adding bndlst edge: (A_V181_MC -> A_E191_SC) type[hb], weight[0.50] from 87 to 97 dist[2.83]
Adding bndlst edge: (A_D182_MC -> A_R183_MC) type[cov], weight[1.00] from 88 to 89 dist[1.33]
Adding bndlst edge: (A_D182_SC -> A_S184_SC) type[hb], weight[0.89] from 88 to 90 dist[2.12]
Adding bndlst edge: (A_D182_SC -> A_S184_MC) type[hb], weight[0.75] from 88 to 90 dist[2.30]
Adding bndlst edge: (A_D182_MC -> A_E191_SC) type[hb], weight[0.75] from 88 to 97 dist[2.31]
Adding bndlst edge: (A_R183_MC -> A_S184_MC) type[cov], weight[1.00] from 89 to 90 dist[1.33]
Adding bndlst edge: (A_S184_MC -> A_G185_MC) type[cov], weight[1.00] from 90 to 91 dist[1.34]
Adding bndlst edge: (A_S184_SC -> A_T186_SC) type[hb], weight[0.61] from 90 to 92 dist[2.57]
Adding bndlst edge: (A_S184_SC -> A_T186_MC) type[hb], weight[0.62] from 90 to 92 dist[2.55]
Adding bndlst edge: (A_G185_MC -> A_T186_MC) type[cov], weight[1.00] from 91 to 92 dist[1.34]
Adding bndlst edge: (A_T186_MC -> A_I187_MC) type[cov], weight[1.00] from 92 to 93 dist[1.33]
Adding bndlst edge: (A_T186_SC -> A_N221_SC) type[hb], weight[0.47] from 92 to 127 dist[2.91]
Adding bndlst edge: (A_I187_MC -> A_G188_MC) type[cov], weight[1.00] from 93 to 94 dist[1.33]
Adding bndlst edge: (A_I187_MC -> A_M222_MC) type[hb], weight[1.02] from 93 to 128 dist[1.98]
Adding bndlst edge: (A_I187_MC -> A_M222_MC) type[hb], weight[1.04] from 93 to 128 dist[1.96]
Adding bndlst edge: (A_G188_MC -> A_S189_MC) type[cov], weight[1.00] from 94 to 95 dist[1.34]
Adding bndlst edge: (A_G188_MC -> A_E191_MC) type[hb], weight[0.89] from 94 to 97 dist[2.12]
Adding bndlst edge: (A_G188_MC -> A_L192_MC) type[hb], weight[0.94] from 94 to 98 dist[2.06]
Adding bndlst edge: (A_G188_MC -> A_E191_SC) type[hb], weight[1.06] from 94 to 97 dist[1.94]
Adding bndlst edge: (A_S189_MC -> A_S190_MC) type[cov], weight[1.00] from 95 to 96 dist[1.33]
Adding bndlst edge: (A_S189_MC -> A_L192_MC) type[hb], weight[0.51] from 95 to 98 dist[2.79]
Adding bndlst edge: (A_S189_MC -> A_G220_MC) type[hb], weight[0.56] from 95 to 126 dist[2.67]
Adding bndlst edge: (A_S190_MC -> A_E191_MC) type[cov], weight[1.00] from 96 to 97 dist[1.33]
Adding bndlst edge: (A_E191_MC -> A_L192_MC) type[cov], weight[1.00] from 97 to 98 dist[1.34]
Adding bndlst edge: (A_E191_MC -> A_A195_MC) type[hb], weight[0.72] from 97 to 101 dist[2.35]
Adding bndlst edge: (A_E191_MC -> A_G194_MC) type[hb], weight[0.47] from 97 to 100 dist[2.93]
Adding bndlst edge: (A_L192_MC -> A_P193_MC) type[cov], weight[1.00] from 98 to 99 dist[1.35]
Adding bndlst edge: (A_L192_MC -> A_F196_MC) type[hb], weight[0.98] from 98 to 102 dist[2.02]
Adding bndlst edge: (A_L192_MC -> A_A195_MC) type[hb], weight[0.69] from 98 to 101 dist[2.41]
Adding bndlst edge: (A_P193_MC -> A_G194_MC) type[cov], weight[1.00] from 99 to 100 dist[1.34]
Adding bndlst edge: (A_P193_MC -> A_E197_MC) type[hb], weight[1.03] from 99 to 103 dist[1.98]
Adding bndlst edge: (A_G194_MC -> A_A195_MC) type[cov], weight[1.00] from 100 to 101 dist[1.33]
Adding bndlst edge: (A_G194_MC -> A_A198_MC) type[hb], weight[0.84] from 100 to 104 dist[2.18]
Adding bndlst edge: (A_G194_MC -> A_E197_MC) type[hb], weight[0.45] from 100 to 103 dist[2.99]
Adding bndlst edge: (A_A195_MC -> A_F196_MC) type[cov], weight[1.00] from 101 to 102 dist[1.34]
Adding bndlst edge: (A_A195_MC -> A_A199_MC) type[hb], weight[0.72] from 101 to 105 dist[2.35]
Adding bndlst edge: (A_A195_MC -> A_A198_MC) type[hb], weight[0.57] from 101 to 104 dist[2.65]
Adding bndlst edge: (A_F196_MC -> A_E197_MC) type[cov], weight[1.00] from 102 to 103 dist[1.33]
Adding bndlst edge: (A_F196_MC -> A_A199_MC) type[hb], weight[0.72] from 102 to 105 dist[2.35]
Adding bndlst edge: (A_F196_MC -> A_G200_MC) type[hb], weight[0.65] from 102 to 106 dist[2.48]
Adding bndlst edge: (A_F196_MC -> A_F201_MC) type[hb], weight[1.15] from 102 to 107 dist[1.87]
Adding bndlst edge: (A_E197_MC -> A_A198_MC) type[cov], weight[1.00] from 103 to 104 dist[1.34]
Adding bndlst edge: (A_E197_MC -> A_G200_MC) type[hb], weight[0.85] from 103 to 106 dist[2.17]
Adding bndlst edge: (A_E197_SC -> A_H202_SC) type[hb], weight[0.62] from 103 to 108 dist[2.54]
Adding bndlst edge: (A_A198_MC -> A_A199_MC) type[cov], weight[1.00] from 104 to 105 dist[1.34]
Adding bndlst edge: (A_A199_MC -> A_G200_MC) type[cov], weight[1.00] from 105 to 106 dist[1.33]
Adding bndlst edge: (A_G200_MC -> A_F201_MC) type[cov], weight[1.00] from 106 to 107 dist[1.33]
Adding bndlst edge: (A_F201_MC -> A_H202_MC) type[cov], weight[1.00] from 107 to 108 dist[1.33]
Adding bndlst edge: (A_H202_MC -> A_L203_MC) type[cov], weight[1.00] from 108 to 109 dist[1.33]
Adding bndlst edge: (A_L203_MC -> A_N204_MC) type[cov], weight[1.00] from 109 to 110 dist[1.33]
Adding bndlst edge: (A_N204_MC -> A_E205_MC) type[cov], weight[1.00] from 110 to 111 dist[1.32]
Adding bndlst edge: (A_N204_MC -> A_Y208_MC) type[hb], weight[0.88] from 110 to 114 dist[2.14]
Adding bndlst edge: (A_N204_MC -> A_L207_MC) type[hb], weight[0.59] from 110 to 113 dist[2.61]
Adding bndlst edge: (A_N204_SC -> A_L207_MC) type[hb], weight[1.03] from 110 to 113 dist[1.97]
Adding bndlst edge: (A_E205_MC -> A_H206_MC) type[cov], weight[1.00] from 111 to 112 dist[1.33]
Adding bndlst edge: (A_E205_MC -> A_S209_MC) type[hb], weight[0.90] from 111 to 115 dist[2.11]
Adding bndlst edge: (A_E205_MC -> A_Y208_MC) type[hb], weight[0.49] from 111 to 114 dist[2.87]
Adding bndlst edge: (A_H206_MC -> A_L207_MC) type[cov], weight[1.00] from 112 to 113 dist[1.33]
Adding bndlst edge: (A_H206_MC -> A_M210_MC) type[hb], weight[0.70] from 112 to 116 dist[2.40]
Adding bndlst edge: (A_H206_MC -> A_S209_MC) type[hb], weight[0.55] from 112 to 115 dist[2.69]
Adding bndlst edge: (A_H206_MC -> A_S209_SC) type[hb], weight[0.51] from 112 to 115 dist[2.81]
Adding bndlst edge: (A_L207_MC -> A_Y208_MC) type[cov], weight[1.00] from 113 to 114 dist[1.34]
Adding bndlst edge: (A_L207_MC -> A_I211_MC) type[hb], weight[0.96] from 113 to 117 dist[2.04]
Adding bndlst edge: (A_L207_MC -> A_M210_MC) type[hb], weight[0.66] from 113 to 116 dist[2.46]
Adding bndlst edge: (A_Y208_MC -> A_S209_MC) type[cov], weight[1.00] from 114 to 115 dist[1.33]
Adding bndlst edge: (A_Y208_MC -> A_I212_MC) type[hb], weight[0.99] from 114 to 118 dist[2.01]
Adding bndlst edge: (A_Y208_MC -> A_I211_MC) type[hb], weight[0.49] from 114 to 117 dist[2.87]
Adding bndlst edge: (A_S209_MC -> A_M210_MC) type[cov], weight[1.00] from 115 to 116 dist[1.33]
Adding bndlst edge: (A_S209_MC -> A_R213_MC) type[hb], weight[0.82] from 115 to 119 dist[2.21]
Adding bndlst edge: (A_S209_MC -> A_R213_SC) type[hb], weight[0.53] from 115 to 119 dist[2.76]
Adding bndlst edge: (A_S209_MC -> A_R213_SC) type[hb], weight[0.53] from 115 to 119 dist[2.75]
Adding bndlst edge: (A_S209_SC -> A_M210_MC) type[hb], weight[0.47] from 115 to 116 dist[2.91]
Adding bndlst edge: (A_M210_MC -> A_I211_MC) type[cov], weight[1.00] from 116 to 117 dist[1.33]
Adding bndlst edge: (A_M210_MC -> A_R214_MC) type[hb], weight[0.89] from 116 to 120 dist[2.12]
Adding bndlst edge: (A_M210_MC -> A_R213_MC) type[hb], weight[0.56] from 116 to 119 dist[2.66]
Adding bndlst edge: (A_I211_MC -> A_I212_MC) type[cov], weight[1.00] from 117 to 118 dist[1.33]
Adding bndlst edge: (A_I211_MC -> A_Y215_MC) type[hb], weight[1.12] from 117 to 121 dist[1.89]
Adding bndlst edge: (A_I211_MC -> A_R214_MC) type[hb], weight[0.51] from 117 to 120 dist[2.81]
Adding bndlst edge: (A_I212_MC -> A_R213_MC) type[cov], weight[1.00] from 118 to 119 dist[1.33]
Adding bndlst edge: (A_I212_MC -> A_D217_MC) type[hb], weight[1.19] from 118 to 123 dist[1.83]
Adding bndlst edge: (A_I212_MC -> A_S216_MC) type[hb], weight[0.89] from 118 to 122 dist[2.12]
Adding bndlst edge: (A_R213_MC -> A_R214_MC) type[cov], weight[1.00] from 119 to 120 dist[1.32]
Adding bndlst edge: (A_R214_MC -> A_Y215_MC) type[cov], weight[1.00] from 120 to 121 dist[1.33]
Adding bndlst edge: (A_Y215_MC -> A_S216_MC) type[cov], weight[1.00] from 121 to 122 dist[1.32]
Adding bndlst edge: (A_Y215_MC -> A_N226_SC) type[hb], weight[1.19] from 121 to 132 dist[1.84]
Adding bndlst edge: (A_Y215_SC -> A_C230_SC) type[hb], weight[0.52] from 121 to 136 dist[2.78]
Adding bndlst edge: (A_Y215_SC -> A_C230_SC) type[hb], weight[0.57] from 121 to 136 dist[2.65]
Adding bndlst edge: (A_S216_MC -> A_D217_MC) type[cov], weight[1.00] from 122 to 123 dist[1.34]
Adding bndlst edge: (A_D217_MC -> A_E218_MC) type[cov], weight[1.00] from 123 to 124 dist[1.33]
Adding bndlst edge: (A_E218_MC -> A_G219_MC) type[cov], weight[1.00] from 124 to 125 dist[1.32]
Adding bndlst edge: (A_E218_SC -> A_N221_SC) type[hb], weight[0.53] from 124 to 127 dist[2.74]
Adding bndlst edge: (A_E218_SC -> A_N221_MC) type[hb], weight[0.47] from 124 to 127 dist[2.93]
Adding bndlst edge: (A_G219_MC -> A_G220_MC) type[cov], weight[1.00] from 125 to 126 dist[1.34]
Adding bndlst edge: (A_G220_MC -> A_N221_MC) type[cov], weight[1.00] from 126 to 127 dist[1.33]
Adding bndlst edge: (A_N221_MC -> A_M222_MC) type[cov], weight[1.00] from 127 to 128 dist[1.33]
Adding bndlst edge: (A_M222_MC -> A_D223_MC) type[cov], weight[1.00] from 128 to 129 dist[1.33]
Adding bndlst edge: (A_D223_MC -> A_F224_MC) type[cov], weight[1.00] from 129 to 130 dist[1.33]
Adding bndlst edge: (A_D223_MC -> A_F227_MC) type[hb], weight[0.88] from 129 to 133 dist[2.13]
Adding bndlst edge: (A_D223_MC -> A_N226_MC) type[hb], weight[0.47] from 129 to 132 dist[2.93]
Adding bndlst edge: (A_D223_SC -> A_N226_MC) type[hb], weight[0.65] from 129 to 132 dist[2.48]
Adding bndlst edge: (A_D223_SC -> A_N226_SC) type[hb], weight[0.49] from 129 to 132 dist[2.86]
Adding bndlst edge: (A_F224_MC -> A_D225_MC) type[cov], weight[1.00] from 130 to 131 dist[1.34]
Adding bndlst edge: (A_F224_MC -> A_I228_MC) type[hb], weight[0.95] from 130 to 134 dist[2.05]
Adding bndlst edge: (A_F224_MC -> A_F227_MC) type[hb], weight[0.53] from 130 to 133 dist[2.75]
Adding bndlst edge: (A_D225_MC -> A_N226_MC) type[cov], weight[1.00] from 131 to 132 dist[1.33]
Adding bndlst edge: (A_D225_MC -> A_S229_MC) type[hb], weight[0.94] from 131 to 135 dist[2.06]
Adding bndlst edge: (A_D225_SC -> A_N226_SC) type[hb], weight[0.80] from 131 to 132 dist[2.24]
Adding bndlst edge: (A_D225_SC -> A_N226_SC) type[hb], weight[0.45] from 131 to 132 dist[2.97]
Adding bndlst edge: (A_N226_MC -> A_F227_MC) type[cov], weight[1.00] from 132 to 133 dist[1.32]
Adding bndlst edge: (A_N226_MC -> A_C230_MC) type[hb], weight[0.96] from 132 to 136 dist[2.04]
Adding bndlst edge: (A_F227_MC -> A_I228_MC) type[cov], weight[1.00] from 133 to 134 dist[1.33]
Adding bndlst edge: (A_F227_MC -> A_L231_MC) type[hb], weight[0.93] from 133 to 137 dist[2.08]
Adding bndlst edge: (A_F227_MC -> A_C230_MC) type[hb], weight[0.47] from 133 to 136 dist[2.91]
Adding bndlst edge: (A_I228_MC -> A_S229_MC) type[cov], weight[1.00] from 134 to 135 dist[1.33]
Adding bndlst edge: (A_I228_MC -> A_L231_MC) type[hb], weight[0.51] from 134 to 137 dist[2.80]
Adding bndlst edge: (A_I228_MC -> A_V232_MC) type[hb], weight[1.09] from 134 to 138 dist[1.92]
Adding bndlst edge: (A_S229_MC -> A_C230_MC) type[cov], weight[1.00] from 135 to 136 dist[1.33]
Adding bndlst edge: (A_S229_MC -> A_R233_MC) type[hb], weight[0.79] from 135 to 139 dist[2.25]
Adding bndlst edge: (A_C230_MC -> A_L231_MC) type[cov], weight[1.00] from 136 to 137 dist[1.33]
Adding bndlst edge: (A_C230_MC -> A_R233_MC) type[hb], weight[0.52] from 136 to 139 dist[2.77]
Adding bndlst edge: (A_C230_MC -> A_L234_MC) type[hb], weight[1.07] from 136 to 140 dist[1.94]
Adding bndlst edge: (A_L231_MC -> A_V232_MC) type[cov], weight[1.00] from 137 to 138 dist[1.33]
Adding bndlst edge: (A_L231_MC -> A_D235_MC) type[hb], weight[1.02] from 137 to 141 dist[1.98]
Adding bndlst edge: (A_L231_MC -> A_L234_MC) type[hb], weight[0.45] from 137 to 140 dist[2.99]
Adding bndlst edge: (A_V232_MC -> A_R233_MC) type[cov], weight[1.00] from 138 to 139 dist[1.33]
Adding bndlst edge: (A_V232_MC -> A_A236_MC) type[hb], weight[0.89] from 138 to 142 dist[2.12]
Adding bndlst edge: (A_R233_MC -> A_L234_MC) type[cov], weight[1.00] from 139 to 140 dist[1.33]
Adding bndlst edge: (A_R233_MC -> A_A236_MC) type[hb], weight[0.55] from 139 to 142 dist[2.70]
Adding bndlst edge: (A_R233_MC -> A_M237_MC) type[hb], weight[1.12] from 139 to 143 dist[1.89]
Adding bndlst edge: (A_L234_MC -> A_D235_MC) type[cov], weight[1.00] from 140 to 141 dist[1.33]
Adding bndlst edge: (A_L234_MC -> A_F238_MC) type[hb], weight[0.84] from 140 to 144 dist[2.19]
Adding bndlst edge: (A_L234_MC -> A_M237_MC) type[hb], weight[0.48] from 140 to 143 dist[2.87]
Adding bndlst edge: (A_D235_MC -> A_A236_MC) type[cov], weight[1.00] from 141 to 142 dist[1.33]
Adding bndlst edge: (A_D235_MC -> A_F238_MC) type[hb], weight[0.52] from 141 to 144 dist[2.77]
Adding bndlst edge: (A_D235_MC -> A_R239_MC) type[hb], weight[0.93] from 141 to 145 dist[2.08]
Adding bndlst edge: (A_D235_SC -> A_R239_SC) type[salt], weight[0.98] from 141 to 145 dist[1.92]
Adding bndlst edge: (A_D235_SC -> A_R239_SC) type[salt], weight[0.48] from 141 to 145 dist[2.73]
Adding bndlst edge: (A_D235_SC -> A_R239_SC) type[salt], weight[0.49] from 141 to 145 dist[2.72]
Adding bndlst edge: (A_A236_MC -> A_M237_MC) type[cov], weight[1.00] from 142 to 143 dist[1.33]
Adding bndlst edge: (A_A236_MC -> A_A240_MC) type[hb], weight[1.05] from 142 to 146 dist[1.96]
Adding bndlst edge: (A_A236_MC -> A_R239_MC) type[hb], weight[0.46] from 142 to 145 dist[2.94]
Adding bndlst edge: (A_M237_MC -> A_F238_MC) type[cov], weight[1.00] from 143 to 144 dist[1.33]
Adding bndlst edge: (A_M237_MC -> A_F241_MC) type[hb], weight[0.85] from 143 to 147 dist[2.17]
Adding bndlst edge: (A_F238_MC -> A_R239_MC) type[cov], weight[1.00] from 144 to 145 dist[1.33]
Adding bndlst edge: (A_F238_MC -> A_K242_MC) type[hb], weight[1.01] from 144 to 148 dist[1.99]
Adding bndlst edge: (A_F238_MC -> A_F241_MC) type[hb], weight[0.47] from 144 to 147 dist[2.93]
Adding bndlst edge: (A_R239_MC -> A_A240_MC) type[cov], weight[1.00] from 145 to 146 dist[1.33]
Adding bndlst edge: (A_R239_MC -> A_S243_SC) type[hb], weight[0.77] from 145 to 149 dist[2.28]
Adding bndlst edge: (A_R239_MC -> A_S243_MC) type[hb], weight[0.71] from 145 to 149 dist[2.37]
Adding bndlst edge: (A_R239_MC -> A_K242_MC) type[hb], weight[0.46] from 145 to 148 dist[2.96]
Adding bndlst edge: (A_A240_MC -> A_F241_MC) type[cov], weight[1.00] from 146 to 147 dist[1.33]
Adding bndlst edge: (A_A240_MC -> A_S243_MC) type[hb], weight[0.62] from 146 to 149 dist[2.53]
Adding bndlst edge: (A_A240_MC -> A_L244_MC) type[hb], weight[0.58] from 146 to 150 dist[2.64]
Adding bndlst edge: (A_F241_MC -> A_K242_MC) type[cov], weight[1.00] from 147 to 148 dist[1.32]
Adding bndlst edge: (A_F241_MC -> A_L244_MC) type[hb], weight[0.67] from 147 to 150 dist[2.44]
Adding bndlst edge: (A_F241_MC -> A_D245_MC) type[hb], weight[0.78] from 147 to 151 dist[2.26]
Adding bndlst edge: (A_K242_MC -> A_S243_MC) type[cov], weight[1.00] from 148 to 149 dist[1.33]
Adding bndlst edge: (A_K242_MC -> A_D245_MC) type[hb], weight[0.50] from 148 to 151 dist[2.83]
Adding bndlst edge: (A_S243_MC -> A_L244_MC) type[cov], weight[1.00] from 149 to 150 dist[1.33]
Adding bndlst edge: (A_L244_MC -> A_D245_MC) type[cov], weight[1.00] from 150 to 151 dist[1.33]
Adding bndlst edge: (A_L244_MC -> A_K246_MC) type[hb], weight[0.56] from 150 to 152 dist[2.67]
Adding bndlst edge: (A_D245_MC -> A_K246_MC) type[cov], weight[1.00] from 151 to 152 dist[1.33]
Adding bndlst edge: (A_D245_SC -> A_G250_MC) type[hb], weight[0.47] from 151 to 156 dist[2.92]
Adding bndlst edge: (A_D245_SC -> A_T249_MC) type[hb], weight[1.01] from 151 to 155 dist[1.99]
Adding bndlst edge: (A_D245_SC -> A_G250_MC) type[hb], weight[1.11] from 151 to 156 dist[1.90]
Adding bndlst edge: (A_D245_SC -> A_T249_MC) type[hb], weight[0.75] from 151 to 155 dist[2.31]
Adding bndlst edge: (A_K246_MC -> A_D247_MC) type[cov], weight[1.00] from 152 to 153 dist[1.33]
Adding bndlst edge: (A_D247_MC -> A_G248_MC) type[cov], weight[1.00] from 153 to 154 dist[1.33]
Adding bndlst edge: (A_G248_MC -> A_T249_MC) type[cov], weight[1.00] from 154 to 155 dist[1.32]
Adding bndlst edge: (A_T249_MC -> A_G250_MC) type[cov], weight[1.00] from 155 to 156 dist[1.33]
Adding bndlst edge: (A_G250_MC -> A_Q251_MC) type[cov], weight[1.00] from 156 to 157 dist[1.32]
Adding bndlst edge: (A_Q251_MC -> A_I252_MC) type[cov], weight[1.00] from 157 to 158 dist[1.33]
Adding bndlst edge: (A_I252_MC -> A_Q253_MC) type[cov], weight[1.00] from 158 to 159 dist[1.33]
Adding bndlst edge: (A_Q253_MC -> A_V254_MC) type[cov], weight[1.00] from 159 to 160 dist[1.32]
Adding bndlst edge: (A_V254_MC -> A_N255_MC) type[cov], weight[1.00] from 160 to 161 dist[1.33]
Adding bndlst edge: (A_N255_MC -> A_I256_MC) type[cov], weight[1.00] from 161 to 162 dist[1.33]
Adding bndlst edge: (A_N255_MC -> A_E258_MC) type[hb], weight[0.45] from 161 to 164 dist[3.00]
Adding bndlst edge: (A_N255_MC -> A_W259_MC) type[hb], weight[0.94] from 161 to 165 dist[2.06]
Adding bndlst edge: (A_N255_SC -> A_E258_MC) type[hb], weight[1.02] from 161 to 164 dist[1.98]
Adding bndlst edge: (A_N255_SC -> A_Q257_MC) type[hb], weight[0.72] from 161 to 163 dist[2.36]
Adding bndlst edge: (A_N255_MC -> A_E258_SC) type[hb], weight[0.95] from 161 to 164 dist[2.05]
Adding bndlst edge: (A_I256_MC -> A_Q257_MC) type[cov], weight[1.00] from 162 to 163 dist[1.33]
Adding bndlst edge: (A_I256_MC -> A_L260_MC) type[hb], weight[0.98] from 162 to 166 dist[2.02]
Adding bndlst edge: (A_Q257_MC -> A_E258_MC) type[cov], weight[1.00] from 163 to 164 dist[1.33]
Adding bndlst edge: (A_Q257_MC -> A_Q261_MC) type[hb], weight[0.87] from 163 to 167 dist[2.15]
Adding bndlst edge: (A_Q257_MC -> A_Q261_SC) type[hb], weight[0.48] from 163 to 167 dist[2.90]
Adding bndlst edge: (A_Q257_MC -> A_L260_MC) type[hb], weight[0.48] from 163 to 166 dist[2.87]
Adding bndlst edge: (A_E258_MC -> A_W259_MC) type[cov], weight[1.00] from 164 to 165 dist[1.34]
Adding bndlst edge: (A_E258_MC -> A_L262_MC) type[hb], weight[0.97] from 164 to 168 dist[2.03]
Adding bndlst edge: (A_E258_MC -> A_Q261_MC) type[hb], weight[0.57] from 164 to 167 dist[2.65]
Adding bndlst edge: (A_W259_MC -> A_L260_MC) type[cov], weight[1.00] from 165 to 166 dist[1.34]
Adding bndlst edge: (A_W259_MC -> A_L262_MC) type[hb], weight[0.50] from 165 to 168 dist[2.82]
Adding bndlst edge: (A_W259_MC -> A_T263_SC) type[hb], weight[1.02] from 165 to 169 dist[1.98]
Adding bndlst edge: (A_W259_MC -> A_T263_MC) type[hb], weight[0.94] from 165 to 169 dist[2.06]
Adding bndlst edge: (A_L260_MC -> A_Q261_MC) type[cov], weight[1.00] from 166 to 167 dist[1.32]
Adding bndlst edge: (A_L260_MC -> A_M264_MC) type[hb], weight[1.03] from 166 to 170 dist[1.97]
Adding bndlst edge: (A_L260_MC -> A_T263_MC) type[hb], weight[0.45] from 166 to 169 dist[2.98]
Adding bndlst edge: (A_Q261_MC -> A_L262_MC) type[cov], weight[1.00] from 167 to 168 dist[1.32]
Adding bndlst edge: (A_Q261_MC -> A_Y265_MC) type[hb], weight[0.67] from 167 to 171 dist[2.44]
Adding bndlst edge: (A_L262_MC -> A_T263_MC) type[cov], weight[1.00] from 168 to 169 dist[1.33]
Adding bndlst edge: (A_L262_MC -> A_S266_SC) type[hb], weight[0.53] from 168 to 172 dist[2.75]
Adding bndlst edge: (A_T263_MC -> A_M264_MC) type[cov], weight[1.00] from 169 to 170 dist[1.33]
Adding bndlst edge: (A_M264_MC -> A_Y265_MC) type[cov], weight[1.00] from 170 to 171 dist[1.34]
Adding bndlst edge: (A_M264_MC -> A_S266_MC) type[hb], weight[0.83] from 170 to 172 dist[2.19]
Adding bndlst edge: (A_Y265_MC -> A_S266_MC) type[cov], weight[1.00] from 171 to 172 dist[1.33]
Adding bndlst edge: (A_Y265_MC -> A_S266_SC) type[hb], weight[0.61] from 171 to 172 dist[2.56]

bndlst DONE

Producing PAJEK network
printing pajek edge (A_221_ASN,A_222_MET)
printing pajek edge (A_126_VAL,A_129_HIS)
printing pajek edge (A_126_VAL,A_127_THR)
printing pajek edge (A_184_SER,A_186_THR)
printing pajek edge (A_184_SER,A_185_GLY)
printing pajek edge (A_212_ILE,A_217_ASP)
printing pajek edge (A_212_ILE,A_213_ARG)
printing pajek edge (A_212_ILE,A_216_SER)
printing pajek edge (A_165_LEU,A_168_ASN)
printing pajek edge (A_165_LEU,A_169_ILE)
printing pajek edge (A_165_LEU,A_166_TRP)
printing pajek edge (A_196_PHE,A_197_GLU)
printing pajek edge (A_196_PHE,A_200_GLY)
printing pajek edge (A_196_PHE,A_199_ALA)
printing pajek edge (A_196_PHE,A_201_PHE)
printing pajek edge (A_112_GLU,A_154_THR)
printing pajek edge (A_112_GLU,A_113_VAL)
printing pajek edge (A_219_GLY,A_220_GLY)
printing pajek edge (A_110_ASP,A_112_GLU)
printing pajek edge (A_110_ASP,A_156_LYS)
printing pajek edge (A_110_ASP,A_111_MET)
printing pajek edge (A_138_GLY,A_139_ILE)
printing pajek edge (A_138_GLY,A_141_THR)
printing pajek edge (A_138_GLY,A_142_CYS)
printing pajek edge (A_149_MET,A_239_ARG)
printing pajek edge (A_149_MET,A_151_SER)
printing pajek edge (A_149_MET,A_150_ASP)
printing pajek edge (A_178_GLN,A_179_PHE)
printing pajek edge (A_178_GLN,A_183_ARG)
printing pajek edge (A_121_ILE,A_122_LEU)
printing pajek edge (A_121_ILE,A_124_LYS)
printing pajek edge (A_121_ILE,A_125_VAL)
printing pajek edge (A_255_ASN,A_257_GLN)
printing pajek edge (A_255_ASN,A_259_TRP)
printing pajek edge (A_255_ASN,A_256_ILE)
printing pajek edge (A_255_ASN,A_258_GLU)
printing pajek edge (A_189_SER,A_192_LEU)
printing pajek edge (A_189_SER,A_190_SER)
printing pajek edge (A_189_SER,A_220_GLY)
printing pajek edge (A_151_SER,A_161_GLU)
printing pajek edge (A_151_SER,A_152_ASP)
printing pajek edge (A_114_SER,A_116_THR)
printing pajek edge (A_114_SER,A_115_ALA)
printing pajek edge (A_114_SER,A_118_LEU)
printing pajek edge (A_114_SER,A_117_GLU)
printing pajek edge (A_257_GLN,A_260_LEU)
printing pajek edge (A_257_GLN,A_258_GLU)
printing pajek edge (A_257_GLN,A_261_GLN)
printing pajek edge (A_203_LEU,A_204_ASN)
printing pajek edge (A_245_ASP,A_246_LYS)
printing pajek edge (A_245_ASP,A_249_THR)
printing pajek edge (A_245_ASP,A_250_GLY)
printing pajek edge (A_183_ARG,A_184_SER)
printing pajek edge (A_242_LYS,A_243_SER)
printing pajek edge (A_242_LYS,A_245_ASP)
printing pajek edge (A_125_VAL,A_129_HIS)
printing pajek edge (A_125_VAL,A_127_THR)
printing pajek edge (A_125_VAL,A_126_VAL)
printing pajek edge (A_125_VAL,A_128_ARG)
printing pajek edge (A_129_HIS,A_130_PRO)
printing pajek edge (A_129_HIS,A_173_GLN)
printing pajek edge (A_105_GLN,A_106_LEU)
printing pajek edge (A_172_TRP,A_175_ILE)
printing pajek edge (A_172_TRP,A_176_TYR)
printing pajek edge (A_172_TRP,A_173_GLN)
printing pajek edge (A_187_ILE,A_222_MET)
printing pajek edge (A_187_ILE,A_188_GLY)
printing pajek edge (A_200_GLY,A_201_PHE)
printing pajek edge (A_251_GLN,A_252_ILE)
printing pajek edge (A_159_PHE,A_163_LYS)
printing pajek edge (A_159_PHE,A_160_GLU)
printing pajek edge (A_159_PHE,A_162_PHE)
printing pajek edge (A_123_ASN,A_127_THR)
printing pajek edge (A_123_ASN,A_124_LYS)
printing pajek edge (A_123_ASN,A_137_PHE)
printing pajek edge (A_232_VAL,A_236_ALA)
printing pajek edge (A_232_VAL,A_233_ARG)
printing pajek edge (A_208_TYR,A_212_ILE)
printing pajek edge (A_208_TYR,A_211_ILE)
printing pajek edge (A_208_TYR,A_209_SER)
printing pajek edge (A_152_ASP,A_153_THR)
printing pajek edge (A_152_ASP,A_153_THR)
printing pajek edge (A_152_ASP,A_161_GLU)
printing pajek edge (A_152_ASP,A_154_THR)
printing pajek edge (A_247_ASP,A_248_GLY)
printing pajek edge (A_109_ASP,A_110_ASP)
printing pajek edge (A_231_LEU,A_235_ASP)
printing pajek edge (A_231_LEU,A_232_VAL)
printing pajek edge (A_231_LEU,A_234_LEU)
printing pajek edge (A_175_ILE,A_178_GLN)
printing pajek edge (A_175_ILE,A_179_PHE)
printing pajek edge (A_175_ILE,A_176_TYR)
printing pajek edge (A_154_THR,A_155_GLY)
printing pajek edge (A_154_THR,A_156_LYS)
printing pajek edge (A_195_ALA,A_198_ALA)
printing pajek edge (A_195_ALA,A_196_PHE)
printing pajek edge (A_195_ALA,A_199_ALA)
printing pajek edge (A_167_ASN,A_168_ASN)
printing pajek edge (A_167_ASN,A_171_LYS)
printing pajek edge (A_167_ASN,A_170_LYS)
printing pajek edge (A_180_ASP,A_181_VAL)
printing pajek edge (A_180_ASP,A_184_SER)
printing pajek edge (A_180_ASP,A_183_ARG)
printing pajek edge (A_180_ASP,A_185_GLY)
printing pajek edge (A_170_LYS,A_171_LYS)
printing pajek edge (A_170_LYS,A_174_ALA)
printing pajek edge (A_156_LYS,A_157_LEU)
printing pajek edge (A_161_GLU,A_165_LEU)
printing pajek edge (A_161_GLU,A_162_PHE)
printing pajek edge (A_259_TRP,A_260_LEU)
printing pajek edge (A_259_TRP,A_263_THR)
printing pajek edge (A_259_TRP,A_262_LEU)
printing pajek edge (A_233_ARG,A_236_ALA)
printing pajek edge (A_233_ARG,A_234_LEU)
printing pajek edge (A_233_ARG,A_237_MET)
printing pajek edge (A_223_ASP,A_224_PHE)
printing pajek edge (A_223_ASP,A_226_ASN)
printing pajek edge (A_223_ASP,A_227_PHE)
printing pajek edge (A_96_VAL,A_100_ARG)
printing pajek edge (A_96_VAL,A_97_ARG)
printing pajek edge (A_111_MET,A_112_GLU)
printing pajek edge (A_204_ASN,A_208_TYR)
printing pajek edge (A_204_ASN,A_205_GLU)
printing pajek edge (A_204_ASN,A_207_LEU)
printing pajek edge (A_176_TYR,A_224_PHE)
printing pajek edge (A_176_TYR,A_177_LYS)
printing pajek edge (A_176_TYR,A_185_GLY)
printing pajek edge (A_176_TYR,A_180_ASP)
printing pajek edge (A_241_PHE,A_245_ASP)
printing pajek edge (A_241_PHE,A_242_LYS)
printing pajek edge (A_241_PHE,A_244_LEU)
printing pajek edge (A_262_LEU,A_266_SER)
printing pajek edge (A_262_LEU,A_263_THR)
printing pajek edge (A_229_SER,A_230_CYS)
printing pajek edge (A_229_SER,A_233_ARG)
printing pajek edge (A_108_GLY,A_111_MET)
printing pajek edge (A_108_GLY,A_109_ASP)
printing pajek edge (A_206_HIS,A_210_MET)
printing pajek edge (A_206_HIS,A_209_SER)
printing pajek edge (A_206_HIS,A_207_LEU)
printing pajek edge (A_163_LYS,A_166_TRP)
printing pajek edge (A_163_LYS,A_164_TYR)
printing pajek edge (A_163_LYS,A_167_ASN)
printing pajek edge (A_239_ARG,A_243_SER)
printing pajek edge (A_239_ARG,A_242_LYS)
printing pajek edge (A_239_ARG,A_240_ALA)
printing pajek edge (A_143_ARG,A_144_SER)
printing pajek edge (A_143_ARG,A_147_ALA)
printing pajek edge (A_118_LEU,A_121_ILE)
printing pajek edge (A_118_LEU,A_119_MET)
printing pajek edge (A_118_LEU,A_122_LEU)
printing pajek edge (A_234_LEU,A_238_PHE)
printing pajek edge (A_234_LEU,A_235_ASP)
printing pajek edge (A_234_LEU,A_237_MET)
printing pajek edge (A_218_GLU,A_221_ASN)
printing pajek edge (A_218_GLU,A_219_GLY)
printing pajek edge (A_198_ALA,A_199_ALA)
printing pajek edge (A_225_ASP,A_226_ASN)
printing pajek edge (A_225_ASP,A_226_ASN)
printing pajek edge (A_225_ASP,A_229_SER)
printing pajek edge (A_215_TYR,A_230_CYS)
printing pajek edge (A_215_TYR,A_226_ASN)
printing pajek edge (A_215_TYR,A_216_SER)
printing pajek edge (A_173_GLN,A_224_PHE)
printing pajek edge (A_173_GLN,A_177_LYS)
printing pajek edge (A_173_GLN,A_174_ALA)
printing pajek edge (A_173_GLN,A_176_TYR)
printing pajek edge (A_248_GLY,A_249_THR)
printing pajek edge (A_94_GLU,A_98_GLN)
printing pajek edge (A_94_GLU,A_95_GLU)
printing pajek edge (A_94_GLU,A_97_ARG)
printing pajek edge (A_117_GLU,A_121_ILE)
printing pajek edge (A_117_GLU,A_118_LEU)
printing pajek edge (A_117_GLU,A_120_ASN)
printing pajek edge (A_190_SER,A_191_GLU)
printing pajek edge (A_220_GLY,A_221_ASN)
printing pajek edge (A_253_GLN,A_254_VAL)
printing pajek edge (A_254_VAL,A_255_ASN)
printing pajek edge (A_141_THR,A_144_SER)
printing pajek edge (A_141_THR,A_145_MET)
printing pajek edge (A_141_THR,A_142_CYS)
printing pajek edge (A_102_LEU,A_103_PHE)
printing pajek edge (A_102_LEU,A_106_LEU)
printing pajek edge (A_192_LEU,A_193_PRO)
printing pajek edge (A_192_LEU,A_195_ALA)
printing pajek edge (A_192_LEU,A_196_PHE)
printing pajek edge (A_131_ASP,A_132_LEU)
printing pajek edge (A_211_ILE,A_214_ARG)
printing pajek edge (A_211_ILE,A_212_ILE)
printing pajek edge (A_211_ILE,A_215_TYR)
printing pajek edge (A_137_PHE,A_138_GLY)
printing pajek edge (A_99_PHE,A_102_LEU)
printing pajek edge (A_99_PHE,A_100_ARG)
printing pajek edge (A_99_PHE,A_103_PHE)
printing pajek edge (A_264_MET,A_266_SER)
printing pajek edge (A_264_MET,A_265_TYR)
printing pajek edge (A_127_THR,A_129_HIS)
printing pajek edge (A_127_THR,A_128_ARG)
printing pajek edge (A_115_ALA,A_119_MET)
printing pajek edge (A_115_ALA,A_116_THR)
printing pajek edge (A_115_ALA,A_118_LEU)
printing pajek edge (A_157_LEU,A_158_GLY)
printing pajek edge (A_101_ARG,A_102_LEU)
printing pajek edge (A_101_ARG,A_105_GLN)
printing pajek edge (A_120_ASN,A_121_ILE)
printing pajek edge (A_120_ASN,A_124_LYS)
printing pajek edge (A_120_ASN,A_123_ASN)
printing pajek edge (A_174_ALA,A_178_GLN)
printing pajek edge (A_174_ALA,A_175_ILE)
printing pajek edge (A_174_ALA,A_177_LYS)
printing pajek edge (A_213_ARG,A_214_ARG)
printing pajek edge (A_193_PRO,A_197_GLU)
printing pajek edge (A_193_PRO,A_194_GLY)
printing pajek edge (A_256_ILE,A_257_GLN)
printing pajek edge (A_256_ILE,A_260_LEU)
printing pajek edge (A_166_TRP,A_167_ASN)
printing pajek edge (A_166_TRP,A_170_LYS)
printing pajek edge (A_168_ASN,A_171_LYS)
printing pajek edge (A_168_ASN,A_169_ILE)
printing pajek edge (A_168_ASN,A_172_TRP)
printing pajek edge (A_155_GLY,A_156_LYS)
printing pajek edge (A_202_HIS,A_203_LEU)
printing pajek edge (A_209_SER,A_213_ARG)
printing pajek edge (A_209_SER,A_210_MET)
printing pajek edge (A_209_SER,A_210_MET)
printing pajek edge (A_186_THR,A_221_ASN)
printing pajek edge (A_186_THR,A_187_ILE)
printing pajek edge (A_197_GLU,A_198_ALA)
printing pajek edge (A_197_GLU,A_200_GLY)
printing pajek edge (A_197_GLU,A_202_HIS)
printing pajek edge (A_104_ALA,A_105_GLN)
printing pajek edge (A_104_ALA,A_108_GLY)
printing pajek edge (A_207_LEU,A_210_MET)
printing pajek edge (A_207_LEU,A_211_ILE)
printing pajek edge (A_207_LEU,A_208_TYR)
printing pajek edge (A_246_LYS,A_247_ASP)
printing pajek edge (A_236_ALA,A_239_ARG)
printing pajek edge (A_236_ALA,A_240_ALA)
printing pajek edge (A_236_ALA,A_237_MET)
printing pajek edge (A_185_GLY,A_186_THR)
printing pajek edge (A_261_GLN,A_265_TYR)
printing pajek edge (A_261_GLN,A_262_LEU)
printing pajek edge (A_142_CYS,A_146_VAL)
printing pajek edge (A_142_CYS,A_143_ARG)
printing pajek edge (A_142_CYS,A_145_MET)
printing pajek edge (A_201_PHE,A_202_HIS)
printing pajek edge (A_181_VAL,A_182_ASP)
printing pajek edge (A_181_VAL,A_191_GLU)
printing pajek edge (A_181_VAL,A_183_ARG)
printing pajek edge (A_171_LYS,A_175_ILE)
printing pajek edge (A_171_LYS,A_174_ALA)
printing pajek edge (A_171_LYS,A_199_ALA)
printing pajek edge (A_171_LYS,A_172_TRP)
printing pajek edge (A_227_PHE,A_231_LEU)
printing pajek edge (A_227_PHE,A_230_CYS)
printing pajek edge (A_227_PHE,A_228_ILE)
printing pajek edge (A_243_SER,A_244_LEU)
printing pajek edge (A_217_ASP,A_218_GLU)
printing pajek edge (A_144_SER,A_266_SER)
printing pajek edge (A_144_SER,A_145_MET)
printing pajek edge (A_144_SER,A_148_VAL)
printing pajek edge (A_133_LYS,A_224_PHE)
printing pajek edge (A_133_LYS,A_134_THR)
printing pajek edge (A_158_GLY,A_161_GLU)
printing pajek edge (A_158_GLY,A_162_PHE)
printing pajek edge (A_158_GLY,A_159_PHE)
printing pajek edge (A_191_GLU,A_192_LEU)
printing pajek edge (A_191_GLU,A_195_ALA)
printing pajek edge (A_191_GLU,A_194_GLY)
printing pajek edge (A_106_LEU,A_107_ALA)
printing pajek edge (A_135_ASP,A_136_GLY)
printing pajek edge (A_135_ASP,A_225_ASP)
printing pajek edge (A_135_ASP,A_223_ASP)
printing pajek edge (A_146_VAL,A_147_ALA)
printing pajek edge (A_146_VAL,A_150_ASP)
printing pajek edge (A_146_VAL,A_149_MET)
printing pajek edge (A_150_ASP,A_153_THR)
printing pajek edge (A_150_ASP,A_154_THR)
printing pajek edge (A_150_ASP,A_151_SER)
printing pajek edge (A_150_ASP,A_155_GLY)
printing pajek edge (A_150_ASP,A_265_TYR)
printing pajek edge (A_139_ILE,A_143_ARG)
printing pajek edge (A_139_ILE,A_140_ASP)
printing pajek edge (A_139_ILE,A_142_CYS)
printing pajek edge (A_160_GLU,A_163_LYS)
printing pajek edge (A_160_GLU,A_163_LYS)
printing pajek edge (A_160_GLU,A_161_GLU)
printing pajek edge (A_160_GLU,A_164_TYR)
printing pajek edge (A_113_VAL,A_157_LEU)
printing pajek edge (A_113_VAL,A_114_SER)
printing pajek edge (A_148_VAL,A_149_MET)
printing pajek edge (A_164_TYR,A_168_ASN)
printing pajek edge (A_164_TYR,A_165_LEU)
printing pajek edge (A_164_TYR,A_167_ASN)
printing pajek edge (A_162_PHE,A_163_LYS)
printing pajek edge (A_162_PHE,A_166_TRP)
printing pajek edge (A_260_LEU,A_264_MET)
printing pajek edge (A_260_LEU,A_263_THR)
printing pajek edge (A_260_LEU,A_261_GLN)
printing pajek edge (A_95_GLU,A_96_VAL)
printing pajek edge (A_95_GLU,A_99_PHE)
printing pajek edge (A_230_CYS,A_231_LEU)
printing pajek edge (A_230_CYS,A_233_ARG)
printing pajek edge (A_230_CYS,A_234_LEU)
printing pajek edge (A_182_ASP,A_184_SER)
printing pajek edge (A_182_ASP,A_191_GLU)
printing pajek edge (A_182_ASP,A_183_ARG)
printing pajek edge (A_210_MET,A_213_ARG)
printing pajek edge (A_210_MET,A_214_ARG)
printing pajek edge (A_210_MET,A_211_ILE)
printing pajek edge (A_238_PHE,A_241_PHE)
printing pajek edge (A_238_PHE,A_239_ARG)
printing pajek edge (A_238_PHE,A_242_LYS)
printing pajek edge (A_235_ASP,A_239_ARG)
printing pajek edge (A_235_ASP,A_239_ARG)
printing pajek edge (A_235_ASP,A_236_ALA)
printing pajek edge (A_235_ASP,A_238_PHE)
printing pajek edge (A_124_LYS,A_127_THR)
printing pajek edge (A_124_LYS,A_128_ARG)
printing pajek edge (A_124_LYS,A_125_VAL)
printing pajek edge (A_194_GLY,A_198_ALA)
printing pajek edge (A_194_GLY,A_197_GLU)
printing pajek edge (A_194_GLY,A_195_ALA)
printing pajek edge (A_222_MET,A_223_ASP)
printing pajek edge (A_119_MET,A_122_LEU)
printing pajek edge (A_119_MET,A_120_ASN)
printing pajek edge (A_119_MET,A_123_ASN)
printing pajek edge (A_122_LEU,A_126_VAL)
printing pajek edge (A_122_LEU,A_125_VAL)
printing pajek edge (A_122_LEU,A_123_ASN)
printing pajek edge (A_214_ARG,A_215_TYR)
printing pajek edge (A_250_GLY,A_251_GLN)
printing pajek edge (A_228_ILE,A_231_LEU)
printing pajek edge (A_228_ILE,A_232_VAL)
printing pajek edge (A_228_ILE,A_229_SER)
printing pajek edge (A_134_THR,A_136_GLY)
printing pajek edge (A_134_THR,A_135_ASP)
printing pajek edge (A_169_ILE,A_170_LYS)
printing pajek edge (A_169_ILE,A_172_TRP)
printing pajek edge (A_169_ILE,A_173_GLN)
printing pajek edge (A_177_LYS,A_178_GLN)
printing pajek edge (A_177_LYS,A_183_ARG)
printing pajek edge (A_177_LYS,A_180_ASP)
printing pajek edge (A_153_THR,A_154_THR)
printing pajek edge (A_244_LEU,A_246_LYS)
printing pajek edge (A_244_LEU,A_245_ASP)
printing pajek edge (A_249_THR,A_250_GLY)
printing pajek edge (A_224_PHE,A_225_ASP)
printing pajek edge (A_224_PHE,A_228_ILE)
printing pajek edge (A_224_PHE,A_227_PHE)
printing pajek edge (A_147_ALA,A_150_ASP)
printing pajek edge (A_147_ALA,A_148_VAL)
printing pajek edge (A_216_SER,A_217_ASP)
printing pajek edge (A_237_MET,A_241_PHE)
printing pajek edge (A_237_MET,A_238_PHE)
printing pajek edge (A_252_ILE,A_253_GLN)
printing pajek edge (A_136_GLY,A_137_PHE)
printing pajek edge (A_116_THR,A_119_MET)
printing pajek edge (A_116_THR,A_120_ASN)
printing pajek edge (A_116_THR,A_117_GLU)
printing pajek edge (A_140_ASP,A_144_SER)
printing pajek edge (A_140_ASP,A_143_ARG)
printing pajek edge (A_140_ASP,A_141_THR)
printing pajek edge (A_107_ALA,A_108_GLY)
printing pajek edge (A_199_ALA,A_200_GLY)
printing pajek edge (A_100_ARG,A_101_ARG)
printing pajek edge (A_100_ARG,A_103_PHE)
printing pajek edge (A_100_ARG,A_104_ALA)
printing pajek edge (A_179_PHE,A_181_VAL)
printing pajek edge (A_179_PHE,A_180_ASP)
printing pajek edge (A_130_PRO,A_132_LEU)
printing pajek edge (A_130_PRO,A_131_ASP)
printing pajek edge (A_97_ARG,A_98_GLN)
printing pajek edge (A_97_ARG,A_101_ARG)
printing pajek edge (A_188_GLY,A_192_LEU)
printing pajek edge (A_188_GLY,A_189_SER)
printing pajek edge (A_188_GLY,A_191_GLU)
printing pajek edge (A_240_ALA,A_243_SER)
printing pajek edge (A_240_ALA,A_241_PHE)
printing pajek edge (A_240_ALA,A_244_LEU)
printing pajek edge (A_145_MET,A_146_VAL)
printing pajek edge (A_145_MET,A_149_MET)
printing pajek edge (A_103_PHE,A_107_ALA)
printing pajek edge (A_103_PHE,A_104_ALA)
printing pajek edge (A_103_PHE,A_106_LEU)
printing pajek edge (A_205_GLU,A_206_HIS)
printing pajek edge (A_205_GLU,A_208_TYR)
printing pajek edge (A_205_GLU,A_209_SER)
printing pajek edge (A_132_LEU,A_133_LYS)
printing pajek edge (A_132_LEU,A_176_TYR)
printing pajek edge (A_98_GLN,A_102_LEU)
printing pajek edge (A_98_GLN,A_99_PHE)
printing pajek edge (A_128_ARG,A_129_HIS)
printing pajek edge (A_263_THR,A_264_MET)
printing pajek edge (A_258_GLU,A_259_TRP)
printing pajek edge (A_258_GLU,A_261_GLN)
printing pajek edge (A_258_GLU,A_262_LEU)
printing pajek edge (A_226_ASN,A_230_CYS)
printing pajek edge (A_226_ASN,A_227_PHE)
printing pajek edge (A_265_TYR,A_266_SER)
printing pajek edge (A_265_TYR,A_266_SER)
