Graph START

Adding vertex (chain-A, position-2, res-PRO)
New vertex id: 0
1 2 3 4 5 6 7 8 9 10 11 12 13 14 15 16 
Adding vertex (chain-A, position-3, res-ALA)
New vertex id: 1
17 18 19 20 21 22 23 24 25 26 
Adding vertex (chain-A, position-4, res-PRO)
New vertex id: 2
27 28 29 30 31 32 33 34 35 36 37 38 39 40 
Adding vertex (chain-A, position-5, res-THR)
New vertex id: 3
41 42 43 44 45 46 47 48 49 50 51 52 53 54 
Adding vertex (chain-A, position-6, res-PRO)
New vertex id: 4
55 56 57 58 59 60 61 62 63 64 65 66 67 68 
Adding vertex (chain-A, position-7, res-SER)
New vertex id: 5
69 70 71 72 73 74 75 76 77 78 79 
Adding vertex (chain-A, position-8, res-SER)
New vertex id: 6
80 81 82 83 84 85 86 87 88 89 90 
Adding vertex (chain-A, position-9, res-SER)
New vertex id: 7
91 92 93 94 95 96 97 98 99 100 101 
Adding vertex (chain-A, position-10, res-PRO)
New vertex id: 8
102 103 104 105 106 107 108 109 110 111 112 113 114 115 
Adding vertex (chain-A, position-11, res-VAL)
New vertex id: 9
116 117 118 119 120 121 122 123 124 125 126 127 128 129 130 131 
Adding vertex (chain-A, position-12, res-PRO)
New vertex id: 10
132 133 134 135 136 137 138 139 140 141 142 143 144 145 
Adding vertex (chain-A, position-13, res-THR)
New vertex id: 11
146 147 148 149 150 151 152 153 154 155 156 157 158 159 
Adding vertex (chain-A, position-14, res-LEU)
New vertex id: 12
160 161 162 163 164 165 166 167 168 169 170 171 172 173 174 175 176 177 178 
Adding vertex (chain-A, position-15, res-SER)
New vertex id: 13
179 180 181 182 183 184 185 186 187 188 189 
Adding vertex (chain-A, position-16, res-PRO)
New vertex id: 14
190 191 192 193 194 195 196 197 198 199 200 201 202 203 
Adding vertex (chain-A, position-17, res-GLU)
New vertex id: 15
204 205 206 207 208 209 210 211 212 213 214 215 216 217 218 
Adding vertex (chain-A, position-18, res-GLN)
New vertex id: 16
219 220 221 222 223 224 225 226 227 228 229 230 231 232 233 234 235 
Adding vertex (chain-A, position-19, res-GLN)
New vertex id: 17
236 237 238 239 240 241 242 243 244 245 246 247 248 249 250 251 252 
Adding vertex (chain-A, position-20, res-GLU)
New vertex id: 18
253 254 255 256 257 258 259 260 261 262 263 264 265 266 267 
Adding vertex (chain-A, position-21, res-MET)
New vertex id: 19
268 269 270 271 272 273 274 275 276 277 278 279 280 281 282 283 284 
Adding vertex (chain-A, position-22, res-LEU)
New vertex id: 20
285 286 287 288 289 290 291 292 293 294 295 296 297 298 299 300 301 302 303 
Adding vertex (chain-A, position-23, res-GLN)
New vertex id: 21
304 305 306 307 308 309 310 311 312 313 314 315 316 317 318 319 320 
Adding vertex (chain-A, position-24, res-ALA)
New vertex id: 22
321 322 323 324 325 326 327 328 329 330 
Adding vertex (chain-A, position-25, res-PHE)
New vertex id: 23
331 332 333 334 335 336 337 338 339 340 341 342 343 344 345 346 347 348 349 350 
Adding vertex (chain-A, position-26, res-SER)
New vertex id: 24
351 352 353 354 355 356 357 358 359 360 361 
Adding vertex (chain-A, position-27, res-THR)
New vertex id: 25
362 363 364 365 366 367 368 369 370 371 372 373 374 375 
Adding vertex (chain-A, position-28, res-GLN)
New vertex id: 26
376 377 378 379 380 381 382 383 384 385 386 387 388 389 390 391 392 
Adding vertex (chain-A, position-29, res-SER)
New vertex id: 27
393 394 395 396 397 398 399 400 401 402 403 
Adding vertex (chain-A, position-30, res-GLY)
New vertex id: 28
404 405 406 407 408 409 410 
Adding vertex (chain-A, position-31, res-MET)
New vertex id: 29
411 412 413 414 415 416 417 418 419 420 421 422 423 424 425 426 427 
Adding vertex (chain-A, position-32, res-ASN)
New vertex id: 30
428 429 430 431 432 433 434 435 436 437 438 439 440 441 
Adding vertex (chain-A, position-33, res-LEU)
New vertex id: 31
442 443 444 445 446 447 448 449 450 451 452 453 454 455 456 457 458 459 460 
Adding vertex (chain-A, position-34, res-GLU)
New vertex id: 32
461 462 463 464 465 466 467 468 469 470 471 472 473 474 475 
Adding vertex (chain-A, position-35, res-TRP)
New vertex id: 33
476 477 478 479 480 481 482 483 484 485 486 487 488 489 490 491 492 493 494 495 496 497 498 499 
Adding vertex (chain-A, position-36, res-SER)
New vertex id: 34
500 501 502 503 504 505 506 507 508 509 510 
Adding vertex (chain-A, position-37, res-GLN)
New vertex id: 35
511 512 513 514 515 516 517 518 519 520 521 522 523 524 525 526 527 
Adding vertex (chain-A, position-38, res-LYS)
New vertex id: 36
528 529 530 531 532 533 534 535 536 537 538 539 540 541 542 543 544 545 546 547 548 549 
Adding vertex (chain-A, position-39, res-CYS)
New vertex id: 37
550 551 552 553 554 555 556 557 558 559 560 
Adding vertex (chain-A, position-40, res-LEU)
New vertex id: 38
561 562 563 564 565 566 567 568 569 570 571 572 573 574 575 576 577 578 579 
Adding vertex (chain-A, position-41, res-GLN)
New vertex id: 39
580 581 582 583 584 585 586 587 588 589 590 591 592 593 594 595 596 
Adding vertex (chain-A, position-42, res-ASP)
New vertex id: 40
597 598 599 600 601 602 603 604 605 606 607 608 
Adding vertex (chain-A, position-43, res-ASN)
New vertex id: 41
609 610 611 612 613 614 615 616 617 618 619 620 621 622 
Adding vertex (chain-A, position-44, res-ASN)
New vertex id: 42
623 624 625 626 627 628 629 630 631 632 633 634 635 636 
Adding vertex (chain-A, position-45, res-TRP)
New vertex id: 43
637 638 639 640 641 642 643 644 645 646 647 648 649 650 651 652 653 654 655 656 657 658 659 660 
Adding vertex (chain-A, position-46, res-ASP)
New vertex id: 44
661 662 663 664 665 666 667 668 669 670 671 672 
Adding vertex (chain-A, position-47, res-TYR)
New vertex id: 45
673 674 675 676 677 678 679 680 681 682 683 684 685 686 687 688 689 690 691 692 693 
Adding vertex (chain-A, position-48, res-THR)
New vertex id: 46
694 695 696 697 698 699 700 701 702 703 704 705 706 707 
Adding vertex (chain-A, position-49, res-ARG)
New vertex id: 47
708 709 710 711 712 713 714 715 716 717 718 719 720 721 722 723 724 725 726 727 728 729 730 731 
Adding vertex (chain-A, position-50, res-SER)
New vertex id: 48
732 733 734 735 736 737 738 739 740 741 742 
Adding vertex (chain-A, position-51, res-ALA)
New vertex id: 49
743 744 745 746 747 748 749 750 751 752 
Adding vertex (chain-A, position-52, res-GLN)
New vertex id: 50
753 754 755 756 757 758 759 760 761 762 763 764 765 766 767 768 769 
Adding vertex (chain-A, position-53, res-ALA)
New vertex id: 51
770 771 772 773 774 775 776 777 778 779 
Adding vertex (chain-A, position-54, res-PHE)
New vertex id: 52
780 781 782 783 784 785 786 787 788 789 790 791 792 793 794 795 796 797 798 799 
Adding vertex (chain-A, position-55, res-THR)
New vertex id: 53
800 801 802 803 804 805 806 807 808 809 810 811 812 813 
Adding vertex (chain-A, position-56, res-HIS)
New vertex id: 54
814 815 816 817 818 819 820 821 822 823 824 825 826 827 828 829 830 
Adding vertex (chain-A, position-57, res-LEU)
New vertex id: 55
831 832 833 834 835 836 837 838 839 840 841 842 843 844 845 846 847 848 849 
Adding vertex (chain-A, position-58, res-LYS)
New vertex id: 56
850 851 852 853 854 855 856 857 858 859 860 861 862 863 864 865 866 867 868 869 870 871 
Adding vertex (chain-A, position-59, res-ALA)
New vertex id: 57
872 873 874 875 876 877 878 879 880 881 
Adding vertex (chain-A, position-60, res-LYS)
New vertex id: 58
882 883 884 885 886 887 888 889 890 891 892 893 894 895 896 897 898 899 900 901 902 903 
Adding vertex (chain-A, position-61, res-GLY)
New vertex id: 59
904 905 906 907 908 909 910 
Adding vertex (chain-A, position-62, res-GLU)
New vertex id: 60
911 912 913 914 915 916 917 918 919 920 921 922 923 924 925 
Adding vertex (chain-A, position-63, res-ILE)
New vertex id: 61
926 927 928 929 930 931 932 933 934 935 936 937 938 939 940 941 942 943 944 
Adding vertex (chain-A, position-64, res-PRO)
New vertex id: 62
945 946 947 948 949 950 951 952 953 954 955 956 957 958 
Adding vertex (chain-A, position-65, res-GLU)
New vertex id: 63
959 960 961 962 963 964 965 966 967 968 969 970 971 972 973 
Adding vertex (chain-A, position-66, res-VAL)
New vertex id: 64
974 975 976 977 978 979 980 981 982 983 984 985 986 987 988 989 
Adding vertex (chain-A, position-67, res-ALA)
New vertex id: 65
990 991 992 993 994 995 996 997 998 999 
Adding vertex (chain-A, position-68, res-PHE)
New vertex id: 66
1000 1001 1002 1003 1004 1005 1006 1007 1008 1009 1010 1011 1012 1013 1014 1015 1016 1017 1018 1019 
Adding vertex (chain-A, position-69, res-MET)
New vertex id: 67
1020 1021 1022 1023 1024 1025 1026 1027 1028 1029 1030 1031 1032 1033 1034 1035 1036 
Adding vertex (chain-A, position-70, res-LYS)
New vertex id: 68
1037 1038 1039 1040 1041 1042 1043 1044 1045 1046 1047 1048 1049 1050 1051 1052 1053 1054 1055 1056 1057 1058 1059 
Graph DONE

( reduce -FLIPs 1OAI.pdb > 1OAI.H.pdb ) >& /dev/null
Reduce (-FLIPs) returned 0
( bndlst -Radius0.3 1OAI.H.pdb > 1OAI.H.bndlst ) >& /dev/null
BndLst returned 0
Parsing 1OAI.H.bndlst

bndlst START
Adding bndlst edge: (A_P2_MC -> A_A3_MC) type[cov], weight[1.00] from 0 to 1 dist[1.33]
Adding bndlst edge: (A_A3_MC -> A_P4_MC) type[cov], weight[1.00] from 1 to 2 dist[1.34]
Adding bndlst edge: (A_A3_MC -> A_P6_MC) type[hb], weight[0.65] from 1 to 4 dist[2.48]
Adding bndlst edge: (A_P4_MC -> A_T5_MC) type[cov], weight[1.00] from 2 to 3 dist[1.33]
Adding bndlst edge: (A_T5_MC -> A_P6_MC) type[cov], weight[1.00] from 3 to 4 dist[1.34]
Adding bndlst edge: (A_T5_MC -> A_S7_MC) type[hb], weight[0.85] from 3 to 5 dist[2.17]
Adding bndlst edge: (A_P6_MC -> A_S7_MC) type[cov], weight[1.00] from 4 to 5 dist[1.33]
Adding bndlst edge: (A_S7_MC -> A_S8_MC) type[cov], weight[1.00] from 5 to 6 dist[1.33]
Adding bndlst edge: (A_S8_MC -> A_S9_MC) type[cov], weight[1.00] from 6 to 7 dist[1.33]
Adding bndlst edge: (A_S8_SC -> A_S9_MC) type[hb], weight[0.54] from 6 to 7 dist[2.71]
Adding bndlst edge: (A_S9_MC -> A_P10_MC) type[cov], weight[1.00] from 7 to 8 dist[1.34]
Adding bndlst edge: (A_P10_MC -> A_V11_MC) type[cov], weight[1.00] from 8 to 9 dist[1.33]
Adding bndlst edge: (A_V11_MC -> A_P12_MC) type[cov], weight[1.00] from 9 to 10 dist[1.34]
Adding bndlst edge: (A_P12_MC -> A_T13_MC) type[cov], weight[1.00] from 10 to 11 dist[1.33]
Adding bndlst edge: (A_T13_MC -> A_L14_MC) type[cov], weight[1.00] from 11 to 12 dist[1.33]
Adding bndlst edge: (A_L14_MC -> A_S15_MC) type[cov], weight[1.00] from 12 to 13 dist[1.33]
Adding bndlst edge: (A_S15_MC -> A_P16_MC) type[cov], weight[1.00] from 13 to 14 dist[1.34]
Adding bndlst edge: (A_S15_MC -> A_Q18_MC) type[hb], weight[0.97] from 13 to 16 dist[2.03]
Adding bndlst edge: (A_S15_MC -> A_E17_MC) type[hb], weight[0.57] from 13 to 15 dist[2.65]
Adding bndlst edge: (A_P16_MC -> A_E17_MC) type[cov], weight[1.00] from 14 to 15 dist[1.33]
Adding bndlst edge: (A_P16_MC -> A_Q19_MC) type[hb], weight[0.68] from 14 to 17 dist[2.43]
Adding bndlst edge: (A_P16_MC -> A_E20_MC) type[hb], weight[0.87] from 14 to 18 dist[2.14]
Adding bndlst edge: (A_P16_MC -> A_Q18_MC) type[hb], weight[0.59] from 14 to 16 dist[2.61]
Adding bndlst edge: (A_E17_MC -> A_Q18_MC) type[cov], weight[1.00] from 15 to 16 dist[1.31]
Adding bndlst edge: (A_E17_MC -> A_M21_MC) type[hb], weight[0.71] from 15 to 19 dist[2.37]
Adding bndlst edge: (A_E17_MC -> A_E20_MC) type[hb], weight[0.52] from 15 to 18 dist[2.77]
Adding bndlst edge: (A_Q18_MC -> A_Q19_MC) type[cov], weight[1.00] from 16 to 17 dist[1.30]
Adding bndlst edge: (A_Q18_MC -> A_M21_MC) type[hb], weight[0.80] from 16 to 19 dist[2.24]
Adding bndlst edge: (A_Q18_MC -> A_L22_MC) type[hb], weight[1.03] from 16 to 20 dist[1.97]
Adding bndlst edge: (A_Q18_SC -> A_Q37_SC) type[hb], weight[0.56] from 16 to 35 dist[2.68]
Adding bndlst edge: (A_Q18_SC -> A_Q37_SC) type[hb], weight[0.64] from 16 to 35 dist[2.49]
Adding bndlst edge: (A_Q19_MC -> A_E20_MC) type[cov], weight[1.00] from 17 to 18 dist[1.32]
Adding bndlst edge: (A_Q19_MC -> A_Q23_MC) type[hb], weight[0.49] from 17 to 21 dist[2.87]
Adding bndlst edge: (A_E20_MC -> A_M21_MC) type[cov], weight[1.00] from 18 to 19 dist[1.33]
Adding bndlst edge: (A_M21_MC -> A_L22_MC) type[cov], weight[1.00] from 19 to 20 dist[1.33]
Adding bndlst edge: (A_M21_MC -> A_A24_MC) type[hb], weight[0.87] from 19 to 22 dist[2.14]
Adding bndlst edge: (A_M21_MC -> A_Q23_MC) type[hb], weight[0.62] from 19 to 21 dist[2.54]
Adding bndlst edge: (A_M21_MC -> A_F25_MC) type[hb], weight[0.97] from 19 to 23 dist[2.03]
Adding bndlst edge: (A_L22_MC -> A_Q23_MC) type[cov], weight[1.00] from 20 to 21 dist[1.33]
Adding bndlst edge: (A_L22_MC -> A_S36_SC) type[hb], weight[0.48] from 20 to 34 dist[2.88]
Adding bndlst edge: (A_L22_MC -> A_S26_MC) type[hb], weight[0.86] from 20 to 24 dist[2.16]
Adding bndlst edge: (A_L22_MC -> A_F25_MC) type[hb], weight[0.60] from 20 to 23 dist[2.58]
Adding bndlst edge: (A_L22_MC -> A_W45_SC) type[hb], weight[0.46] from 20 to 43 dist[2.94]
Adding bndlst edge: (A_Q23_MC -> A_A24_MC) type[cov], weight[1.00] from 21 to 22 dist[1.33]
Adding bndlst edge: (A_Q23_MC -> A_S26_MC) type[hb], weight[0.69] from 21 to 24 dist[2.41]
Adding bndlst edge: (A_Q23_MC -> A_T27_MC) type[hb], weight[0.47] from 21 to 25 dist[2.92]
Adding bndlst edge: (A_Q23_MC -> A_F25_MC) type[hb], weight[0.46] from 21 to 23 dist[2.94]
Adding bndlst edge: (A_A24_MC -> A_F25_MC) type[cov], weight[1.00] from 22 to 23 dist[1.33]
Adding bndlst edge: (A_A24_MC -> A_Y47_SC) type[hb], weight[0.74] from 22 to 45 dist[2.32]
Adding bndlst edge: (A_A24_MC -> A_Q28_SC) type[hb], weight[0.53] from 22 to 26 dist[2.75]
Adding bndlst edge: (A_F25_MC -> A_S26_MC) type[cov], weight[1.00] from 23 to 24 dist[1.33]
Adding bndlst edge: (A_F25_MC -> A_Q28_MC) type[hb], weight[0.85] from 23 to 26 dist[2.17]
Adding bndlst edge: (A_F25_SC -> A_A51_MC) type[hb], weight[0.56] from 23 to 49 dist[2.68]
Adding bndlst edge: (A_F25_SC -> A_A51_MC) type[hb], weight[0.40] from 23 to 49 dist[3.17]
Adding bndlst edge: (A_S26_MC -> A_T27_MC) type[cov], weight[1.00] from 24 to 25 dist[1.33]
Adding bndlst edge: (A_S26_MC -> A_G30_MC) type[hb], weight[0.49] from 24 to 28 dist[2.85]
Adding bndlst edge: (A_S26_MC -> A_Q28_MC) type[hb], weight[0.49] from 24 to 26 dist[2.85]
Adding bndlst edge: (A_S26_MC -> A_M31_MC) type[hb], weight[0.58] from 24 to 29 dist[2.63]
Adding bndlst edge: (A_S26_SC -> A_T27_MC) type[hb], weight[0.57] from 24 to 25 dist[2.66]
Adding bndlst edge: (A_T27_MC -> A_Q28_MC) type[cov], weight[1.00] from 25 to 26 dist[1.34]
Adding bndlst edge: (A_Q28_MC -> A_S29_MC) type[cov], weight[1.00] from 26 to 27 dist[1.33]
Adding bndlst edge: (A_Q28_SC -> A_Y47_SC) type[hb], weight[0.59] from 26 to 45 dist[2.60]
Adding bndlst edge: (A_Q28_SC -> A_Y47_SC) type[hb], weight[0.51] from 26 to 45 dist[2.80]
Adding bndlst edge: (A_Q28_SC -> A_Y47_SC) type[hb], weight[0.38] from 26 to 45 dist[3.25]
Adding bndlst edge: (A_Q28_SC -> A_Y47_SC) type[hb], weight[0.37] from 26 to 45 dist[3.30]
Adding bndlst edge: (A_S29_MC -> A_G30_MC) type[cov], weight[1.00] from 27 to 28 dist[1.33]
Adding bndlst edge: (A_S29_MC -> A_F54_SC) type[hb], weight[0.36] from 27 to 52 dist[3.33]
Adding bndlst edge: (A_S29_MC -> A_F54_SC) type[hb], weight[0.46] from 27 to 52 dist[2.94]
Adding bndlst edge: (A_G30_MC -> A_M31_MC) type[cov], weight[1.00] from 28 to 29 dist[1.33]
Adding bndlst edge: (A_M31_MC -> A_N32_MC) type[cov], weight[1.00] from 29 to 30 dist[1.33]
Adding bndlst edge: (A_M31_SC -> A_N32_MC) type[hb], weight[0.38] from 29 to 30 dist[3.24]
Adding bndlst edge: (A_M31_MC -> A_F54_SC) type[hb], weight[0.45] from 29 to 52 dist[2.98]
Adding bndlst edge: (A_N32_MC -> A_L33_MC) type[cov], weight[1.00] from 30 to 31 dist[1.33]
Adding bndlst edge: (A_N32_MC -> A_S36_SC) type[hb], weight[0.76] from 30 to 34 dist[2.30]
Adding bndlst edge: (A_N32_SC -> A_W35_SC) type[hb], weight[0.54] from 30 to 33 dist[2.72]
Adding bndlst edge: (A_N32_SC -> A_W35_SC) type[hb], weight[0.54] from 30 to 33 dist[2.73]
Adding bndlst edge: (A_N32_SC -> A_W35_SC) type[hb], weight[0.38] from 30 to 33 dist[3.24]
Adding bndlst edge: (A_N32_SC -> A_V66_MC) type[hb], weight[0.40] from 30 to 64 dist[3.15]
Adding bndlst edge: (A_N32_SC -> A_A67_MC) type[hb], weight[0.45] from 30 to 65 dist[2.98]
Adding bndlst edge: (A_N32_SC -> A_A67_MC) type[hb], weight[0.54] from 30 to 65 dist[2.71]
Adding bndlst edge: (A_L33_MC -> A_E34_MC) type[cov], weight[1.00] from 31 to 32 dist[1.33]
Adding bndlst edge: (A_E34_MC -> A_W35_MC) type[cov], weight[1.00] from 32 to 33 dist[1.32]
Adding bndlst edge: (A_E34_MC -> A_Q37_MC) type[hb], weight[0.48] from 32 to 35 dist[2.89]
Adding bndlst edge: (A_W35_MC -> A_S36_MC) type[cov], weight[1.00] from 33 to 34 dist[1.33]
Adding bndlst edge: (A_W35_MC -> A_K38_MC) type[hb], weight[0.46] from 33 to 36 dist[2.95]
Adding bndlst edge: (A_W35_MC -> A_C39_MC) type[hb], weight[0.59] from 33 to 37 dist[2.61]
Adding bndlst edge: (A_S36_MC -> A_Q37_MC) type[cov], weight[1.00] from 34 to 35 dist[1.33]
Adding bndlst edge: (A_S36_MC -> A_L40_MC) type[hb], weight[0.83] from 34 to 38 dist[2.19]
Adding bndlst edge: (A_S36_MC -> A_C39_MC) type[hb], weight[0.58] from 34 to 37 dist[2.62]
Adding bndlst edge: (A_Q37_MC -> A_K38_MC) type[cov], weight[1.00] from 35 to 36 dist[1.33]
Adding bndlst edge: (A_Q37_MC -> A_L40_MC) type[hb], weight[0.86] from 35 to 38 dist[2.16]
Adding bndlst edge: (A_Q37_MC -> A_Q41_MC) type[hb], weight[0.56] from 35 to 39 dist[2.67]
Adding bndlst edge: (A_Q37_SC -> A_Q41_SC) type[hb], weight[0.61] from 35 to 39 dist[2.57]
Adding bndlst edge: (A_Q37_SC -> A_Q41_SC) type[hb], weight[0.52] from 35 to 39 dist[2.77]
Adding bndlst edge: (A_Q37_SC -> A_W45_SC) type[hb], weight[0.44] from 35 to 43 dist[3.03]
Adding bndlst edge: (A_Q37_SC -> A_Q41_SC) type[hb], weight[0.72] from 35 to 39 dist[2.36]
Adding bndlst edge: (A_Q37_SC -> A_Q41_SC) type[hb], weight[0.57] from 35 to 39 dist[2.64]
Adding bndlst edge: (A_K38_MC -> A_C39_MC) type[cov], weight[1.00] from 36 to 37 dist[1.33]
Adding bndlst edge: (A_K38_MC -> A_D42_MC) type[hb], weight[0.70] from 36 to 40 dist[2.39]
Adding bndlst edge: (A_K38_MC -> A_Q41_MC) type[hb], weight[0.85] from 36 to 39 dist[2.17]
Adding bndlst edge: (A_C39_MC -> A_L40_MC) type[cov], weight[1.00] from 37 to 38 dist[1.33]
Adding bndlst edge: (A_C39_MC -> A_N43_SC) type[hb], weight[0.84] from 37 to 41 dist[2.18]
Adding bndlst edge: (A_C39_MC -> A_N43_MC) type[hb], weight[0.53] from 37 to 41 dist[2.75]
Adding bndlst edge: (A_C39_MC -> A_D42_MC) type[hb], weight[0.47] from 37 to 40 dist[2.93]
Adding bndlst edge: (A_C39_MC -> A_Q41_MC) type[hb], weight[0.52] from 37 to 39 dist[2.76]
Adding bndlst edge: (A_L40_MC -> A_Q41_MC) type[cov], weight[1.00] from 38 to 39 dist[1.32]
Adding bndlst edge: (A_L40_MC -> A_W45_MC) type[hb], weight[0.91] from 38 to 43 dist[2.10]
Adding bndlst edge: (A_Q41_MC -> A_D42_MC) type[cov], weight[1.00] from 39 to 40 dist[1.33]
Adding bndlst edge: (A_Q41_MC -> A_N44_MC) type[hb], weight[0.45] from 39 to 42 dist[2.97]
Adding bndlst edge: (A_Q41_SC -> A_W45_SC) type[hb], weight[0.40] from 39 to 43 dist[3.15]
Adding bndlst edge: (A_D42_MC -> A_N43_MC) type[cov], weight[1.00] from 40 to 41 dist[1.33]
Adding bndlst edge: (A_N43_MC -> A_N44_MC) type[cov], weight[1.00] from 41 to 42 dist[1.34]
Adding bndlst edge: (A_N43_MC -> A_N44_SC) type[hb], weight[0.69] from 41 to 42 dist[2.42]
Adding bndlst edge: (A_N43_SC -> A_R49_MC) type[hb], weight[0.58] from 41 to 47 dist[2.63]
Adding bndlst edge: (A_N43_SC -> A_R49_MC) type[hb], weight[0.45] from 41 to 47 dist[2.98]
Adding bndlst edge: (A_N44_MC -> A_W45_MC) type[cov], weight[1.00] from 42 to 43 dist[1.33]
Adding bndlst edge: (A_W45_MC -> A_D46_MC) type[cov], weight[1.00] from 43 to 44 dist[1.33]
Adding bndlst edge: (A_D46_MC -> A_Y47_MC) type[cov], weight[1.00] from 44 to 45 dist[1.33]
Adding bndlst edge: (A_D46_MC -> A_T48_MC) type[hb], weight[0.59] from 44 to 46 dist[2.61]
Adding bndlst edge: (A_Y47_MC -> A_T48_MC) type[cov], weight[1.00] from 45 to 46 dist[1.32]
Adding bndlst edge: (A_Y47_MC -> A_S50_SC) type[hb], weight[0.85] from 45 to 48 dist[2.17]
Adding bndlst edge: (A_T48_MC -> A_R49_MC) type[cov], weight[1.00] from 46 to 47 dist[1.33]
Adding bndlst edge: (A_T48_MC -> A_Q52_MC) type[hb], weight[0.79] from 46 to 50 dist[2.26]
Adding bndlst edge: (A_R49_MC -> A_S50_MC) type[cov], weight[1.00] from 47 to 48 dist[1.33]
Adding bndlst edge: (A_R49_MC -> A_A53_MC) type[hb], weight[0.70] from 47 to 51 dist[2.39]
Adding bndlst edge: (A_R49_MC -> A_Q52_SC) type[hb], weight[0.61] from 47 to 50 dist[2.56]
Adding bndlst edge: (A_S50_MC -> A_A51_MC) type[cov], weight[1.00] from 48 to 49 dist[1.33]
Adding bndlst edge: (A_S50_MC -> A_F54_MC) type[hb], weight[0.90] from 48 to 52 dist[2.11]
Adding bndlst edge: (A_S50_MC -> A_A53_MC) type[hb], weight[0.84] from 48 to 51 dist[2.18]
Adding bndlst edge: (A_S50_MC -> A_Q52_MC) type[hb], weight[0.53] from 48 to 50 dist[2.74]
Adding bndlst edge: (A_S50_SC -> A_A51_MC) type[hb], weight[0.57] from 48 to 49 dist[2.65]
Adding bndlst edge: (A_A51_MC -> A_Q52_MC) type[cov], weight[1.00] from 49 to 50 dist[1.33]
Adding bndlst edge: (A_A51_MC -> A_T55_MC) type[hb], weight[0.87] from 49 to 53 dist[2.15]
Adding bndlst edge: (A_A51_MC -> A_F54_MC) type[hb], weight[0.49] from 49 to 52 dist[2.86]
Adding bndlst edge: (A_Q52_MC -> A_A53_MC) type[cov], weight[1.00] from 50 to 51 dist[1.33]
Adding bndlst edge: (A_Q52_MC -> A_H56_MC) type[hb], weight[0.56] from 50 to 54 dist[2.67]
Adding bndlst edge: (A_A53_MC -> A_F54_MC) type[cov], weight[1.00] from 51 to 52 dist[1.33]
Adding bndlst edge: (A_A53_MC -> A_L57_MC) type[hb], weight[0.59] from 51 to 55 dist[2.61]
Adding bndlst edge: (A_F54_MC -> A_T55_MC) type[cov], weight[1.00] from 52 to 53 dist[1.33]
Adding bndlst edge: (A_F54_MC -> A_K58_MC) type[hb], weight[0.85] from 52 to 56 dist[2.17]
Adding bndlst edge: (A_F54_MC -> A_L57_MC) type[hb], weight[0.85] from 52 to 55 dist[2.17]
Adding bndlst edge: (A_F54_SC -> A_T55_MC) type[hb], weight[0.40] from 52 to 53 dist[3.16]
Adding bndlst edge: (A_F54_SC -> A_T55_MC) type[hb], weight[0.41] from 52 to 53 dist[3.14]
Adding bndlst edge: (A_T55_MC -> A_H56_MC) type[cov], weight[1.00] from 53 to 54 dist[1.33]
Adding bndlst edge: (A_T55_MC -> A_K58_MC) type[hb], weight[0.75] from 53 to 56 dist[2.30]
Adding bndlst edge: (A_T55_SC -> A_H56_MC) type[hb], weight[0.61] from 53 to 54 dist[2.55]
Adding bndlst edge: (A_H56_MC -> A_L57_MC) type[cov], weight[1.00] from 54 to 55 dist[1.33]
Adding bndlst edge: (A_L57_MC -> A_K58_MC) type[cov], weight[1.00] from 55 to 56 dist[1.33]
Adding bndlst edge: (A_L57_MC -> A_G61_MC) type[hb], weight[0.85] from 55 to 59 dist[2.17]
Adding bndlst edge: (A_L57_MC -> A_K60_MC) type[hb], weight[0.85] from 55 to 58 dist[2.16]
Adding bndlst edge: (A_K58_MC -> A_A59_MC) type[cov], weight[1.00] from 56 to 57 dist[1.33]
Adding bndlst edge: (A_A59_MC -> A_K60_MC) type[cov], weight[1.00] from 57 to 58 dist[1.33]
Adding bndlst edge: (A_K60_MC -> A_G61_MC) type[cov], weight[1.00] from 58 to 59 dist[1.33]
Adding bndlst edge: (A_G61_MC -> A_E62_MC) type[cov], weight[1.00] from 59 to 60 dist[1.33]
Adding bndlst edge: (A_E62_MC -> A_I63_MC) type[cov], weight[1.00] from 60 to 61 dist[1.33]
Adding bndlst edge: (A_I63_MC -> A_P64_MC) type[cov], weight[1.00] from 61 to 62 dist[1.34]
Adding bndlst edge: (A_P64_MC -> A_E65_MC) type[cov], weight[1.00] from 62 to 63 dist[1.32]
Adding bndlst edge: (A_P64_MC -> A_A67_MC) type[hb], weight[0.87] from 62 to 65 dist[2.14]
Adding bndlst edge: (A_E65_MC -> A_V66_MC) type[cov], weight[1.00] from 63 to 64 dist[1.33]
Adding bndlst edge: (A_E65_MC -> A_M69_MC) type[hb], weight[0.88] from 63 to 67 dist[2.13]
Adding bndlst edge: (A_E65_MC -> A_F68_MC) type[hb], weight[0.49] from 63 to 66 dist[2.85]
Adding bndlst edge: (A_E65_MC -> A_A67_MC) type[hb], weight[0.59] from 63 to 65 dist[2.60]
Adding bndlst edge: (A_V66_MC -> A_A67_MC) type[cov], weight[1.00] from 64 to 65 dist[1.33]
Adding bndlst edge: (A_A67_MC -> A_F68_MC) type[cov], weight[1.00] from 65 to 66 dist[1.33]
Adding bndlst edge: (A_F68_MC -> A_M69_MC) type[cov], weight[1.00] from 66 to 67 dist[1.33]
Adding bndlst edge: (A_M69_MC -> A_K70_MC) type[cov], weight[1.00] from 67 to 68 dist[1.33]

bndlst DONE

Producing PAJEK network
printing pajek edge (A_35_TRP,A_36_SER)
printing pajek edge (A_35_TRP,A_38_LYS)
printing pajek edge (A_35_TRP,A_39_CYS)
printing pajek edge (A_34_GLU,A_37_GLN)
printing pajek edge (A_34_GLU,A_35_TRP)
printing pajek edge (A_65_GLU,A_69_MET)
printing pajek edge (A_65_GLU,A_66_VAL)
printing pajek edge (A_65_GLU,A_68_PHE)
printing pajek edge (A_65_GLU,A_67_ALA)
printing pajek edge (A_23_GLN,A_27_THR)
printing pajek edge (A_23_GLN,A_24_ALA)
printing pajek edge (A_23_GLN,A_26_SER)
printing pajek edge (A_23_GLN,A_25_PHE)
printing pajek edge (A_9_SER,A_10_PRO)
printing pajek edge (A_28_GLN,A_29_SER)
printing pajek edge (A_28_GLN,A_47_TYR)
printing pajek edge (A_20_GLU,A_21_MET)
printing pajek edge (A_18_GLN,A_37_GLN)
printing pajek edge (A_18_GLN,A_21_MET)
printing pajek edge (A_18_GLN,A_19_GLN)
printing pajek edge (A_18_GLN,A_22_LEU)
printing pajek edge (A_46_ASP,A_48_THR)
printing pajek edge (A_46_ASP,A_47_TYR)
printing pajek edge (A_57_LEU,A_61_GLY)
printing pajek edge (A_57_LEU,A_58_LYS)
printing pajek edge (A_57_LEU,A_60_LYS)
printing pajek edge (A_29_SER,A_54_PHE)
printing pajek edge (A_29_SER,A_30_GLY)
printing pajek edge (A_59_ALA,A_60_LYS)
printing pajek edge (A_63_ILE,A_64_PRO)
printing pajek edge (A_22_LEU,A_36_SER)
printing pajek edge (A_22_LEU,A_23_GLN)
printing pajek edge (A_22_LEU,A_26_SER)
printing pajek edge (A_22_LEU,A_45_TRP)
printing pajek edge (A_22_LEU,A_25_PHE)
printing pajek edge (A_12_PRO,A_13_THR)
printing pajek edge (A_33_LEU,A_34_GLU)
printing pajek edge (A_37_GLN,A_40_LEU)
printing pajek edge (A_37_GLN,A_41_GLN)
printing pajek edge (A_37_GLN,A_38_LYS)
printing pajek edge (A_37_GLN,A_45_TRP)
printing pajek edge (A_13_THR,A_14_LEU)
printing pajek edge (A_50_SER,A_54_PHE)
printing pajek edge (A_50_SER,A_52_GLN)
printing pajek edge (A_50_SER,A_51_ALA)
printing pajek edge (A_50_SER,A_51_ALA)
printing pajek edge (A_50_SER,A_53_ALA)
printing pajek edge (A_67_ALA,A_68_PHE)
printing pajek edge (A_31_MET,A_54_PHE)
printing pajek edge (A_31_MET,A_32_ASN)
printing pajek edge (A_31_MET,A_32_ASN)
printing pajek edge (A_52_GLN,A_53_ALA)
printing pajek edge (A_52_GLN,A_56_HIS)
printing pajek edge (A_41_GLN,A_44_ASN)
printing pajek edge (A_41_GLN,A_42_ASP)
printing pajek edge (A_41_GLN,A_45_TRP)
printing pajek edge (A_66_VAL,A_67_ALA)
printing pajek edge (A_60_LYS,A_61_GLY)
printing pajek edge (A_43_ASN,A_44_ASN)
printing pajek edge (A_43_ASN,A_44_ASN)
printing pajek edge (A_43_ASN,A_49_ARG)
printing pajek edge (A_14_LEU,A_15_SER)
printing pajek edge (A_17_GLU,A_20_GLU)
printing pajek edge (A_17_GLU,A_21_MET)
printing pajek edge (A_17_GLU,A_18_GLN)
printing pajek edge (A_54_PHE,A_55_THR)
printing pajek edge (A_54_PHE,A_55_THR)
printing pajek edge (A_54_PHE,A_58_LYS)
printing pajek edge (A_54_PHE,A_57_LEU)
printing pajek edge (A_62_GLU,A_63_ILE)
printing pajek edge (A_58_LYS,A_59_ALA)
printing pajek edge (A_68_PHE,A_69_MET)
printing pajek edge (A_47_TYR,A_48_THR)
printing pajek edge (A_47_TYR,A_50_SER)
printing pajek edge (A_21_MET,A_24_ALA)
printing pajek edge (A_21_MET,A_23_GLN)
printing pajek edge (A_21_MET,A_25_PHE)
printing pajek edge (A_21_MET,A_22_LEU)
printing pajek edge (A_64_PRO,A_65_GLU)
printing pajek edge (A_64_PRO,A_67_ALA)
printing pajek edge (A_56_HIS,A_57_LEU)
printing pajek edge (A_69_MET,A_70_LYS)
printing pajek edge (A_4_PRO,A_5_THR)
printing pajek edge (A_19_GLN,A_23_GLN)
printing pajek edge (A_19_GLN,A_20_GLU)
printing pajek edge (A_3_ALA,A_6_PRO)
printing pajek edge (A_3_ALA,A_4_PRO)
printing pajek edge (A_32_ASN,A_35_TRP)
printing pajek edge (A_32_ASN,A_36_SER)
printing pajek edge (A_32_ASN,A_66_VAL)
printing pajek edge (A_32_ASN,A_67_ALA)
printing pajek edge (A_32_ASN,A_33_LEU)
printing pajek edge (A_27_THR,A_28_GLN)
printing pajek edge (A_30_GLY,A_31_MET)
printing pajek edge (A_42_ASP,A_43_ASN)
printing pajek edge (A_16_PRO,A_20_GLU)
printing pajek edge (A_16_PRO,A_18_GLN)
printing pajek edge (A_16_PRO,A_19_GLN)
printing pajek edge (A_16_PRO,A_17_GLU)
printing pajek edge (A_61_GLY,A_62_GLU)
printing pajek edge (A_51_ALA,A_54_PHE)
printing pajek edge (A_51_ALA,A_52_GLN)
printing pajek edge (A_51_ALA,A_55_THR)
printing pajek edge (A_26_SER,A_27_THR)
printing pajek edge (A_26_SER,A_27_THR)
printing pajek edge (A_26_SER,A_30_GLY)
printing pajek edge (A_26_SER,A_28_GLN)
printing pajek edge (A_26_SER,A_31_MET)
printing pajek edge (A_55_THR,A_58_LYS)
printing pajek edge (A_55_THR,A_56_HIS)
printing pajek edge (A_55_THR,A_56_HIS)
printing pajek edge (A_24_ALA,A_47_TYR)
printing pajek edge (A_24_ALA,A_28_GLN)
printing pajek edge (A_24_ALA,A_25_PHE)
printing pajek edge (A_44_ASN,A_45_TRP)
printing pajek edge (A_2_PRO,A_3_ALA)
printing pajek edge (A_48_THR,A_52_GLN)
printing pajek edge (A_48_THR,A_49_ARG)
printing pajek edge (A_25_PHE,A_51_ALA)
printing pajek edge (A_25_PHE,A_26_SER)
printing pajek edge (A_25_PHE,A_28_GLN)
printing pajek edge (A_15_SER,A_18_GLN)
printing pajek edge (A_15_SER,A_17_GLU)
printing pajek edge (A_15_SER,A_16_PRO)
printing pajek edge (A_8_SER,A_9_SER)
printing pajek edge (A_8_SER,A_9_SER)
printing pajek edge (A_5_THR,A_6_PRO)
printing pajek edge (A_5_THR,A_7_SER)
printing pajek edge (A_38_LYS,A_41_GLN)
printing pajek edge (A_38_LYS,A_42_ASP)
printing pajek edge (A_38_LYS,A_39_CYS)
printing pajek edge (A_11_VAL,A_12_PRO)
printing pajek edge (A_53_ALA,A_54_PHE)
printing pajek edge (A_53_ALA,A_57_LEU)
printing pajek edge (A_49_ARG,A_52_GLN)
printing pajek edge (A_49_ARG,A_53_ALA)
printing pajek edge (A_49_ARG,A_50_SER)
printing pajek edge (A_10_PRO,A_11_VAL)
printing pajek edge (A_40_LEU,A_41_GLN)
printing pajek edge (A_40_LEU,A_45_TRP)
printing pajek edge (A_6_PRO,A_7_SER)
printing pajek edge (A_36_SER,A_40_LEU)
printing pajek edge (A_36_SER,A_37_GLN)
printing pajek edge (A_36_SER,A_39_CYS)
printing pajek edge (A_39_CYS,A_40_LEU)
printing pajek edge (A_39_CYS,A_41_GLN)
printing pajek edge (A_39_CYS,A_42_ASP)
printing pajek edge (A_39_CYS,A_43_ASN)
printing pajek edge (A_45_TRP,A_46_ASP)
printing pajek edge (A_7_SER,A_8_SER)
