Graph START

Adding vertex (chain-A, position-1, res-ASN)
New vertex id: 0
1 2 3 4 5 6 7 8 
Adding vertex (chain-A, position-2, res-ASP)
New vertex id: 1
9 10 11 12 13 14 15 16 
Adding vertex (chain-A, position-3, res-LEU)
New vertex id: 2
17 18 19 20 21 22 23 24 
Adding vertex (chain-A, position-4, res-ASN)
New vertex id: 3
25 26 27 28 29 30 31 32 
Adding vertex (chain-A, position-5, res-ARG)
New vertex id: 4
33 34 35 36 37 38 39 40 41 42 43 
Adding vertex (chain-A, position-6, res-GLU)
New vertex id: 5
44 45 46 47 48 49 50 51 52 
Adding vertex (chain-A, position-7, res-GLU)
New vertex id: 6
53 54 55 56 57 58 59 60 61 
Adding vertex (chain-A, position-8, res-THR)
New vertex id: 7
62 63 64 65 66 67 68 
Adding vertex (chain-A, position-9, res-ARG)
New vertex id: 8
69 70 71 72 73 74 75 76 77 78 79 
Adding vertex (chain-A, position-10, res-LEU)
New vertex id: 9
80 81 82 83 84 85 86 87 
Adding vertex (chain-A, position-11, res-LYS)
New vertex id: 10
88 89 90 91 92 93 94 95 96 
Adding vertex (chain-A, position-12, res-THR)
New vertex id: 11
97 98 99 100 101 102 103 
Adding vertex (chain-A, position-13, res-PHE)
New vertex id: 12
104 105 106 107 108 109 110 111 112 113 114 
Adding vertex (chain-A, position-14, res-THR)
New vertex id: 13
115 116 117 118 119 120 121 
Adding vertex (chain-A, position-15, res-ASP)
New vertex id: 14
122 123 124 125 126 127 128 129 
Adding vertex (chain-A, position-16, res-TRP)
New vertex id: 15
130 131 132 133 134 135 136 137 138 139 140 141 142 143 
Adding vertex (chain-A, position-17, res-PRO)
New vertex id: 16
144 145 146 147 148 149 150 
Adding vertex (chain-A, position-18, res-LEU)
New vertex id: 17
151 152 153 154 155 156 157 158 
Adding vertex (chain-A, position-19, res-ASP)
New vertex id: 18
159 160 161 162 163 164 165 166 
Adding vertex (chain-A, position-20, res-TRP)
New vertex id: 19
167 168 169 170 171 172 173 174 175 176 177 178 179 180 
Adding vertex (chain-A, position-21, res-LEU)
New vertex id: 20
181 182 183 184 185 186 187 188 
Adding vertex (chain-A, position-22, res-ASP)
New vertex id: 21
189 190 191 192 193 194 195 196 
Adding vertex (chain-A, position-23, res-LYS)
New vertex id: 22
197 198 199 200 201 202 203 204 205 
Adding vertex (chain-A, position-24, res-ARG)
New vertex id: 23
206 207 208 209 210 211 212 213 214 215 216 
Adding vertex (chain-A, position-25, res-GLN)
New vertex id: 24
217 218 219 220 221 222 223 224 225 
Adding vertex (chain-A, position-26, res-LEU)
New vertex id: 25
226 227 228 229 230 231 232 233 
Adding vertex (chain-A, position-27, res-ALA)
New vertex id: 26
234 235 236 237 238 
Adding vertex (chain-A, position-28, res-GLN)
New vertex id: 27
239 240 241 242 243 244 245 246 247 
Adding vertex (chain-A, position-29, res-THR)
New vertex id: 28
248 249 250 251 252 253 254 
Adding vertex (chain-A, position-30, res-GLY)
New vertex id: 29
255 256 257 258 
Adding vertex (chain-A, position-31, res-MET)
New vertex id: 30
259 260 261 262 263 264 265 266 
Adding vertex (chain-A, position-32, res-TYR)
New vertex id: 31
267 268 269 270 271 272 273 274 275 276 277 278 
Adding vertex (chain-A, position-33, res-PHE)
New vertex id: 32
279 280 281 282 283 284 285 286 287 288 289 
Adding vertex (chain-A, position-34, res-THR)
New vertex id: 33
290 291 292 293 294 295 296 
Adding vertex (chain-A, position-35, res-HIS)
New vertex id: 34
297 298 299 300 301 302 303 304 305 306 
Adding vertex (chain-A, position-36, res-ALA)
New vertex id: 35
307 308 309 310 311 
Adding vertex (chain-A, position-37, res-GLY)
New vertex id: 36
312 313 314 315 
Adding vertex (chain-A, position-38, res-ASP)
New vertex id: 37
316 317 318 319 320 321 322 323 
Adding vertex (chain-A, position-39, res-LYS)
New vertex id: 38
324 325 326 327 328 329 330 331 332 
Adding vertex (chain-A, position-40, res-VAL)
New vertex id: 39
333 334 335 336 337 338 339 
Adding vertex (chain-A, position-41, res-LYS)
New vertex id: 40
340 341 342 343 344 345 346 347 348 
Adding vertex (chain-A, position-42, res-CYS)
New vertex id: 41
349 350 351 352 353 354 
Adding vertex (chain-A, position-43, res-PHE)
New vertex id: 42
355 356 357 358 359 360 361 362 363 364 365 
Adding vertex (chain-A, position-44, res-PHE)
New vertex id: 43
366 367 368 369 370 371 372 373 374 375 376 
Adding vertex (chain-A, position-45, res-CYS)
New vertex id: 44
377 378 379 380 381 382 
Adding vertex (chain-A, position-46, res-GLY)
New vertex id: 45
383 384 385 386 
Adding vertex (chain-A, position-47, res-VAL)
New vertex id: 46
387 388 389 390 391 392 393 
Adding vertex (chain-A, position-48, res-GLU)
New vertex id: 47
394 395 396 397 398 399 400 401 402 
Adding vertex (chain-A, position-49, res-ILE)
New vertex id: 48
403 404 405 406 407 408 409 410 
Adding vertex (chain-A, position-50, res-GLY)
New vertex id: 49
411 412 413 414 
Adding vertex (chain-A, position-51, res-SER)
New vertex id: 50
415 416 417 418 419 420 
Adding vertex (chain-A, position-52, res-TRP)
New vertex id: 51
421 422 423 424 425 426 427 428 429 430 431 432 433 434 
Adding vertex (chain-A, position-53, res-GLU)
New vertex id: 52
435 436 437 438 439 440 441 442 443 
Adding vertex (chain-A, position-54, res-GLN)
New vertex id: 53
444 445 446 447 448 449 450 451 452 
Adding vertex (chain-A, position-55, res-GLU)
New vertex id: 54
453 454 455 456 457 458 459 460 461 
Adding vertex (chain-A, position-56, res-ASP)
New vertex id: 55
462 463 464 465 466 467 468 469 
Adding vertex (chain-A, position-57, res-GLN)
New vertex id: 56
470 471 472 473 474 475 476 477 478 
Adding vertex (chain-A, position-58, res-PRO)
New vertex id: 57
479 480 481 482 483 484 485 
Adding vertex (chain-A, position-59, res-VAL)
New vertex id: 58
486 487 488 489 490 491 492 
Adding vertex (chain-A, position-60, res-PRO)
New vertex id: 59
493 494 495 496 497 498 499 
Adding vertex (chain-A, position-61, res-GLU)
New vertex id: 60
500 501 502 503 504 505 506 507 508 
Adding vertex (chain-A, position-62, res-HIS)
New vertex id: 61
509 510 511 512 513 514 515 516 517 518 
Adding vertex (chain-A, position-63, res-GLN)
New vertex id: 62
519 520 521 522 523 524 525 526 527 
Adding vertex (chain-A, position-64, res-ARG)
New vertex id: 63
528 529 530 531 532 533 534 535 536 537 538 
Adding vertex (chain-A, position-65, res-TRP)
New vertex id: 64
539 540 541 542 543 544 545 546 547 548 549 550 551 552 
Adding vertex (chain-A, position-66, res-SER)
New vertex id: 65
553 554 555 556 557 558 
Adding vertex (chain-A, position-67, res-PRO)
New vertex id: 66
559 560 561 562 563 564 565 
Adding vertex (chain-A, position-68, res-ASN)
New vertex id: 67
566 567 568 569 570 571 572 573 
Adding vertex (chain-A, position-69, res-CYS)
New vertex id: 68
574 575 576 577 578 579 
Adding vertex (chain-A, position-70, res-PRO)
New vertex id: 69
580 581 582 583 584 585 586 
Adding vertex (chain-A, position-71, res-LEU)
New vertex id: 70
587 588 589 590 591 592 593 594 
Adding vertex (chain-A, position-72, res-LEU)
New vertex id: 71
595 596 597 598 599 600 601 602 
Adding vertex (chain-A, position-73, res-ARG)
New vertex id: 72
603 604 605 606 607 608 609 610 611 612 613 
Adding vertex (chain-A, position-74, res-ARG)
New vertex id: 73
614 615 616 617 618 619 620 621 622 623 624 
Adding vertex (chain-A, position-75, res-ARG)
New vertex id: 74
625 626 627 628 629 630 631 632 633 634 635 
Adding vertex (chain-A, position-76, res-THR)
New vertex id: 75
636 637 638 639 640 641 642 
Adding vertex (chain-A, position-77, res-THR)
New vertex id: 76
643 644 645 646 647 648 649 
Adding vertex (chain-A, position-78, res-ASN)
New vertex id: 77
650 651 652 653 654 655 656 657 
Adding vertex (chain-A, position-79, res-ASN)
New vertex id: 78
658 659 660 661 662 663 664 665 
Adding vertex (chain-A, position-80, res-VAL)
New vertex id: 79
666 667 668 669 670 671 672 
Adding vertex (chain-A, position-81, res-PRO)
New vertex id: 80
673 674 675 676 677 678 679 
Adding vertex (chain-A, position-82, res-ILE)
New vertex id: 81
680 681 682 683 684 685 686 687 
Adding vertex (chain-A, position-83, res-ASN)
New vertex id: 82
688 689 690 691 692 693 694 695 
Adding vertex (chain-A, position-84, res-ALA)
New vertex id: 83
696 697 698 699 700 
Adding vertex (chain-A, position-85, res-GLU)
New vertex id: 84
701 702 703 704 705 706 707 708 709 
Adding vertex (chain-A, position-86, res-ALA)
New vertex id: 85
710 711 712 713 714 
Adding vertex (chain-A, position-87, res-LEU)
New vertex id: 86
715 716 717 718 719 720 721 722 
Adding vertex (chain-A, position-88, res-ASP)
New vertex id: 87
723 724 725 726 727 728 729 730 
Adding vertex (chain-A, position-89, res-ARG)
New vertex id: 88
731 732 733 734 735 736 737 738 739 740 741 
Adding vertex (chain-A, position-90, res-ILE)
New vertex id: 89
742 743 744 745 746 747 748 749 
Adding vertex (chain-A, position-91, res-LEU)
New vertex id: 90
750 751 752 753 754 755 756 757 
Adding vertex (chain-A, position-92, res-PRO)
New vertex id: 91
758 759 760 761 762 763 764 
Adding vertex (chain-A, position-93, res-PRO)
New vertex id: 92
765 766 767 768 769 770 771 
Adding vertex (chain-A, position-94, res-ILE)
New vertex id: 93
772 773 774 775 776 777 778 779 
Adding vertex (chain-A, position-95, res-SER)
New vertex id: 94
780 781 782 783 784 785 
Adding vertex (chain-A, position-96, res-TYR)
New vertex id: 95
786 787 788 789 790 791 792 793 794 795 796 797 
Adding vertex (chain-A, position-97, res-ASP)
New vertex id: 96
798 799 800 801 802 803 804 805 
Graph DONE

( reduce -FLIPs 1SE0.pdb > 1SE0.H.pdb ) >& /dev/null
Reduce (-FLIPs) returned 0
( bndlst -Radius0.3 1SE0.H.pdb > 1SE0.H.bndlst ) >& /dev/null
BndLst returned 0
Parsing 1SE0.H.bndlst

bndlst START
Adding bndlst edge: (A_N1_MC -> A_D2_MC) type[cov], weight[1.00] from 0 to 1 dist[1.33]
Adding bndlst edge: (A_D2_MC -> A_L3_MC) type[cov], weight[1.00] from 1 to 2 dist[1.33]
Adding bndlst edge: (A_D2_MC -> A_R5_MC) type[hb], weight[0.83] from 1 to 4 dist[2.20]
Adding bndlst edge: (A_D2_MC -> A_N4_MC) type[hb], weight[0.62] from 1 to 3 dist[2.54]
Adding bndlst edge: (A_D2_MC -> A_T8_SC) type[hb], weight[0.57] from 1 to 7 dist[2.65]
Adding bndlst edge: (A_D2_SC -> A_L3_MC) type[hb], weight[0.71] from 1 to 2 dist[2.38]
Adding bndlst edge: (A_L3_MC -> A_N4_MC) type[cov], weight[1.00] from 2 to 3 dist[1.33]
Adding bndlst edge: (A_L3_MC -> A_R9_SC) type[hb], weight[1.09] from 2 to 8 dist[1.92]
Adding bndlst edge: (A_N4_MC -> A_R5_MC) type[cov], weight[1.00] from 3 to 4 dist[1.33]
Adding bndlst edge: (A_N4_MC -> A_R9_SC) type[hb], weight[0.81] from 3 to 8 dist[2.22]
Adding bndlst edge: (A_N4_MC -> A_V80_MC) type[hb], weight[0.92] from 3 to 79 dist[2.08]
Adding bndlst edge: (A_N4_SC -> A_F43_SC) type[hb], weight[0.37] from 3 to 42 dist[3.29]
Adding bndlst edge: (A_N4_SC -> A_F43_SC) type[hb], weight[0.42] from 3 to 42 dist[3.08]
Adding bndlst edge: (A_R5_MC -> A_E6_MC) type[cov], weight[1.00] from 4 to 5 dist[1.33]
Adding bndlst edge: (A_R5_MC -> A_R9_MC) type[hb], weight[0.92] from 4 to 8 dist[2.09]
Adding bndlst edge: (A_R5_MC -> A_T8_MC) type[hb], weight[0.66] from 4 to 7 dist[2.47]
Adding bndlst edge: (A_R5_SC -> A_E7_SC) type[salt], weight[0.56] from 4 to 6 dist[2.54]
Adding bndlst edge: (A_E6_MC -> A_E7_MC) type[cov], weight[1.00] from 5 to 6 dist[1.33]
Adding bndlst edge: (A_E6_MC -> A_L10_MC) type[hb], weight[1.10] from 5 to 9 dist[1.91]
Adding bndlst edge: (A_E6_MC -> A_R9_MC) type[hb], weight[0.56] from 5 to 8 dist[2.67]
Adding bndlst edge: (A_E6_SC -> A_I82_MC) type[hb], weight[1.02] from 5 to 81 dist[1.98]
Adding bndlst edge: (A_E6_MC -> A_V80_MC) type[hb], weight[1.05] from 5 to 79 dist[1.95]
Adding bndlst edge: (A_E7_MC -> A_T8_MC) type[cov], weight[1.00] from 6 to 7 dist[1.33]
Adding bndlst edge: (A_E7_MC -> A_K11_MC) type[hb], weight[0.65] from 6 to 10 dist[2.49]
Adding bndlst edge: (A_E7_MC -> A_L10_MC) type[hb], weight[0.47] from 6 to 9 dist[2.91]
Adding bndlst edge: (A_T8_MC -> A_R9_MC) type[cov], weight[1.00] from 7 to 8 dist[1.33]
Adding bndlst edge: (A_T8_MC -> A_K11_MC) type[hb], weight[0.60] from 7 to 10 dist[2.58]
Adding bndlst edge: (A_T8_MC -> A_T12_MC) type[hb], weight[0.47] from 7 to 11 dist[2.92]
Adding bndlst edge: (A_T8_MC -> A_K11_SC) type[hb], weight[0.61] from 7 to 10 dist[2.56]
Adding bndlst edge: (A_R9_MC -> A_L10_MC) type[cov], weight[1.00] from 8 to 9 dist[1.33]
Adding bndlst edge: (A_R9_MC -> A_T12_SC) type[hb], weight[1.47] from 8 to 11 dist[1.65]
Adding bndlst edge: (A_R9_MC -> A_T12_MC) type[hb], weight[0.87] from 8 to 11 dist[2.14]
Adding bndlst edge: (A_R9_SC -> A_A27_MC) type[hb], weight[1.13] from 8 to 26 dist[1.88]
Adding bndlst edge: (A_R9_SC -> A_N79_SC) type[hb], weight[0.82] from 8 to 78 dist[2.21]
Adding bndlst edge: (A_R9_SC -> A_F44_SC) type[hb], weight[0.36] from 8 to 43 dist[3.32]
Adding bndlst edge: (A_R9_SC -> A_A27_MC) type[hb], weight[0.86] from 8 to 26 dist[2.16]
Adding bndlst edge: (A_R9_SC -> A_N79_SC) type[hb], weight[1.24] from 8 to 78 dist[1.80]
Adding bndlst edge: (A_L10_MC -> A_K11_MC) type[cov], weight[1.00] from 9 to 10 dist[1.33]
Adding bndlst edge: (A_L10_MC -> A_F13_MC) type[hb], weight[0.77] from 9 to 12 dist[2.27]
Adding bndlst edge: (A_K11_MC -> A_T12_MC) type[cov], weight[1.00] from 10 to 11 dist[1.33]
Adding bndlst edge: (A_T12_MC -> A_F13_MC) type[cov], weight[1.00] from 11 to 12 dist[1.33]
Adding bndlst edge: (A_T12_MC -> A_T14_MC) type[hb], weight[0.71] from 11 to 13 dist[2.37]
Adding bndlst edge: (A_T12_MC -> A_H35_SC) type[hb], weight[0.47] from 11 to 34 dist[2.90]
Adding bndlst edge: (A_T12_SC -> A_F33_MC) type[hb], weight[1.02] from 11 to 32 dist[1.98]
Adding bndlst edge: (A_T12_SC -> A_F13_SC) type[hb], weight[0.37] from 11 to 12 dist[3.28]
Adding bndlst edge: (A_F13_MC -> A_T14_MC) type[cov], weight[1.00] from 12 to 13 dist[1.33]
Adding bndlst edge: (A_F13_MC -> A_W16_MC) type[hb], weight[0.49] from 12 to 15 dist[2.87]
Adding bndlst edge: (A_T14_MC -> A_D15_MC) type[cov], weight[1.00] from 13 to 14 dist[1.33]
Adding bndlst edge: (A_T14_MC -> A_H35_SC) type[hb], weight[0.59] from 13 to 34 dist[2.60]
Adding bndlst edge: (A_T14_SC -> A_H35_SC) type[hb], weight[0.72] from 13 to 34 dist[2.36]
Adding bndlst edge: (A_D15_MC -> A_W16_MC) type[cov], weight[1.00] from 14 to 15 dist[1.33]
Adding bndlst edge: (A_W16_MC -> A_P17_MC) type[cov], weight[1.00] from 15 to 16 dist[1.34]
Adding bndlst edge: (A_W16_SC -> A_L18_MC) type[hb], weight[0.39] from 15 to 17 dist[3.20]
Adding bndlst edge: (A_W16_SC -> A_L18_MC) type[hb], weight[0.40] from 15 to 17 dist[3.15]
Adding bndlst edge: (A_W16_SC -> A_K23_SC) type[hb], weight[0.46] from 15 to 22 dist[2.94]
Adding bndlst edge: (A_W16_SC -> A_L18_MC) type[hb], weight[0.39] from 15 to 17 dist[3.22]
Adding bndlst edge: (A_W16_SC -> A_L18_MC) type[hb], weight[0.40] from 15 to 17 dist[3.14]
Adding bndlst edge: (A_W16_SC -> A_L18_MC) type[hb], weight[0.39] from 15 to 17 dist[3.19]
Adding bndlst edge: (A_W16_SC -> A_L21_MC) type[hb], weight[0.92] from 15 to 20 dist[2.08]
Adding bndlst edge: (A_W16_SC -> A_L18_MC) type[hb], weight[0.61] from 15 to 17 dist[2.55]
Adding bndlst edge: (A_P17_MC -> A_L18_MC) type[cov], weight[1.00] from 16 to 17 dist[1.33]
Adding bndlst edge: (A_L18_MC -> A_D19_MC) type[cov], weight[1.00] from 17 to 18 dist[1.33]
Adding bndlst edge: (A_L18_MC -> A_L21_MC) type[hb], weight[0.70] from 17 to 20 dist[2.39]
Adding bndlst edge: (A_D19_MC -> A_W20_MC) type[cov], weight[1.00] from 18 to 19 dist[1.33]
Adding bndlst edge: (A_W20_MC -> A_L21_MC) type[cov], weight[1.00] from 19 to 20 dist[1.33]
Adding bndlst edge: (A_L21_MC -> A_D22_MC) type[cov], weight[1.00] from 20 to 21 dist[1.33]
Adding bndlst edge: (A_D22_MC -> A_K23_MC) type[cov], weight[1.00] from 21 to 22 dist[1.33]
Adding bndlst edge: (A_D22_MC -> A_L26_MC) type[hb], weight[0.88] from 21 to 25 dist[2.13]
Adding bndlst edge: (A_D22_MC -> A_Q25_MC) type[hb], weight[0.60] from 21 to 24 dist[2.58]
Adding bndlst edge: (A_D22_SC -> A_Q25_MC) type[hb], weight[0.53] from 21 to 24 dist[2.75]
Adding bndlst edge: (A_D22_SC -> A_R24_MC) type[hb], weight[1.04] from 21 to 23 dist[1.96]
Adding bndlst edge: (A_D22_SC -> A_Q25_MC) type[hb], weight[0.45] from 21 to 24 dist[2.99]
Adding bndlst edge: (A_K23_MC -> A_R24_MC) type[cov], weight[1.00] from 22 to 23 dist[1.33]
Adding bndlst edge: (A_K23_MC -> A_L26_MC) type[hb], weight[0.51] from 22 to 25 dist[2.81]
Adding bndlst edge: (A_K23_MC -> A_A27_MC) type[hb], weight[1.11] from 22 to 26 dist[1.90]
Adding bndlst edge: (A_R24_MC -> A_Q25_MC) type[cov], weight[1.00] from 23 to 24 dist[1.33]
Adding bndlst edge: (A_R24_MC -> A_Q28_MC) type[hb], weight[0.99] from 23 to 27 dist[2.01]
Adding bndlst edge: (A_Q25_MC -> A_L26_MC) type[cov], weight[1.00] from 24 to 25 dist[1.33]
Adding bndlst edge: (A_Q25_MC -> A_T29_SC) type[hb], weight[1.35] from 24 to 28 dist[1.72]
Adding bndlst edge: (A_Q25_MC -> A_T29_MC) type[hb], weight[0.80] from 24 to 28 dist[2.24]
Adding bndlst edge: (A_Q25_MC -> A_Q28_MC) type[hb], weight[0.45] from 24 to 27 dist[2.97]
Adding bndlst edge: (A_L26_MC -> A_A27_MC) type[cov], weight[1.00] from 25 to 26 dist[1.33]
Adding bndlst edge: (A_L26_MC -> A_T29_MC) type[hb], weight[0.66] from 25 to 28 dist[2.46]
Adding bndlst edge: (A_L26_MC -> A_M31_MC) type[hb], weight[1.00] from 25 to 30 dist[2.00]
Adding bndlst edge: (A_A27_MC -> A_Q28_MC) type[cov], weight[1.00] from 26 to 27 dist[1.32]
Adding bndlst edge: (A_A27_MC -> A_G30_MC) type[hb], weight[0.63] from 26 to 29 dist[2.52]
Adding bndlst edge: (A_Q28_MC -> A_T29_MC) type[cov], weight[1.00] from 27 to 28 dist[1.33]
Adding bndlst edge: (A_Q28_MC -> A_G30_MC) type[hb], weight[0.51] from 27 to 29 dist[2.80]
Adding bndlst edge: (A_T29_MC -> A_G30_MC) type[cov], weight[1.00] from 28 to 29 dist[1.33]
Adding bndlst edge: (A_T29_MC -> A_H62_SC) type[hb], weight[0.62] from 28 to 61 dist[2.54]
Adding bndlst edge: (A_G30_MC -> A_M31_MC) type[cov], weight[1.00] from 29 to 30 dist[1.33]
Adding bndlst edge: (A_G30_MC -> A_F43_MC) type[hb], weight[1.00] from 29 to 42 dist[2.00]
Adding bndlst edge: (A_M31_MC -> A_Y32_MC) type[cov], weight[1.00] from 30 to 31 dist[1.33]
Adding bndlst edge: (A_Y32_MC -> A_F33_MC) type[cov], weight[1.00] from 31 to 32 dist[1.33]
Adding bndlst edge: (A_Y32_MC -> A_K41_MC) type[hb], weight[1.01] from 31 to 40 dist[1.99]
Adding bndlst edge: (A_Y32_MC -> A_K41_MC) type[hb], weight[0.93] from 31 to 40 dist[2.07]
Adding bndlst edge: (A_F33_MC -> A_T34_MC) type[cov], weight[1.00] from 32 to 33 dist[1.33]
Adding bndlst edge: (A_F33_SC -> A_H35_MC) type[hb], weight[0.52] from 32 to 34 dist[2.77]
Adding bndlst edge: (A_F33_SC -> A_T34_MC) type[hb], weight[0.45] from 32 to 33 dist[2.98]
Adding bndlst edge: (A_F33_SC -> A_H35_MC) type[hb], weight[0.62] from 32 to 34 dist[2.53]
Adding bndlst edge: (A_F33_SC -> A_H35_MC) type[hb], weight[0.38] from 32 to 34 dist[3.23]
Adding bndlst edge: (A_F33_SC -> A_H35_MC) type[hb], weight[0.50] from 32 to 34 dist[2.83]
Adding bndlst edge: (A_F33_SC -> A_H35_MC) type[hb], weight[0.37] from 32 to 34 dist[3.29]
Adding bndlst edge: (A_T34_MC -> A_H35_MC) type[cov], weight[1.00] from 33 to 34 dist[1.33]
Adding bndlst edge: (A_T34_SC -> A_A36_MC) type[hb], weight[0.62] from 33 to 35 dist[2.54]
Adding bndlst edge: (A_T34_MC -> A_K39_MC) type[hb], weight[0.94] from 33 to 38 dist[2.06]
Adding bndlst edge: (A_T34_SC -> A_K39_MC) type[hb], weight[1.40] from 33 to 38 dist[1.69]
Adding bndlst edge: (A_H35_MC -> A_A36_MC) type[cov], weight[1.00] from 34 to 35 dist[1.32]
Adding bndlst edge: (A_A36_MC -> A_G37_MC) type[cov], weight[1.00] from 35 to 36 dist[1.33]
Adding bndlst edge: (A_A36_MC -> A_K39_MC) type[hb], weight[0.89] from 35 to 38 dist[2.12]
Adding bndlst edge: (A_G37_MC -> A_D38_MC) type[cov], weight[1.00] from 36 to 37 dist[1.33]
Adding bndlst edge: (A_D38_MC -> A_K39_MC) type[cov], weight[1.00] from 37 to 38 dist[1.33]
Adding bndlst edge: (A_D38_MC -> A_W52_SC) type[hb], weight[0.59] from 37 to 51 dist[2.61]
Adding bndlst edge: (A_D38_SC -> A_S51_MC) type[hb], weight[1.21] from 37 to 50 dist[1.82]
Adding bndlst edge: (A_D38_SC -> A_W52_MC) type[hb], weight[1.05] from 37 to 51 dist[1.95]
Adding bndlst edge: (A_D38_SC -> A_S51_MC) type[hb], weight[0.52] from 37 to 50 dist[2.78]
Adding bndlst edge: (A_K39_MC -> A_V40_MC) type[cov], weight[1.00] from 38 to 39 dist[1.33]
Adding bndlst edge: (A_V40_MC -> A_K41_MC) type[cov], weight[1.00] from 39 to 40 dist[1.33]
Adding bndlst edge: (A_V40_MC -> A_I49_MC) type[hb], weight[0.97] from 39 to 48 dist[2.03]
Adding bndlst edge: (A_V40_MC -> A_I49_MC) type[hb], weight[1.00] from 39 to 48 dist[2.00]
Adding bndlst edge: (A_K41_MC -> A_C42_MC) type[cov], weight[1.00] from 40 to 41 dist[1.33]
Adding bndlst edge: (A_K41_SC -> A_G46_MC) type[hb], weight[0.45] from 40 to 45 dist[2.98]
Adding bndlst edge: (A_K41_SC -> A_G46_MC) type[hb], weight[1.27] from 40 to 45 dist[1.78]
Adding bndlst edge: (A_K41_SC -> A_E48_SC) type[salt], weight[0.87] from 40 to 47 dist[2.04]
Adding bndlst edge: (A_C42_MC -> A_F43_MC) type[cov], weight[1.00] from 41 to 42 dist[1.33]
Adding bndlst edge: (A_C42_MC -> A_G46_MC) type[hb], weight[0.89] from 41 to 45 dist[2.12]
Adding bndlst edge: (A_C42_SC -> A_C69_SC) type[hb], weight[0.36] from 41 to 68 dist[3.32]
Adding bndlst edge: (A_C42_SC -> A_H62_SC) type[hb], weight[0.50] from 41 to 61 dist[2.82]
Adding bndlst edge: (A_C42_SC -> A_C45_SC) type[hb], weight[0.68] from 41 to 44 dist[2.43]
Adding bndlst edge: (A_C42_SC -> A_C45_MC) type[hb], weight[0.63] from 41 to 44 dist[2.51]
Adding bndlst edge: (A_C42_SC -> A_F44_MC) type[hb], weight[0.68] from 41 to 43 dist[2.43]
Adding bndlst edge: (A_C42_MC -> A_V47_MC) type[hb], weight[0.99] from 41 to 46 dist[2.01]
Adding bndlst edge: (A_C42_SC -> A_C69_SC) type[hb], weight[0.49] from 41 to 68 dist[2.87]
Adding bndlst edge: (A_C42_SC -> A_H62_SC) type[hb], weight[0.61] from 41 to 61 dist[2.55]
Adding bndlst edge: (A_C42_SC -> A_H62_SC) type[hb], weight[0.55] from 41 to 61 dist[2.69]
Adding bndlst edge: (A_C42_SC -> A_C45_SC) type[hb], weight[0.40] from 41 to 44 dist[3.16]
Adding bndlst edge: (A_F43_MC -> A_F44_MC) type[cov], weight[1.00] from 42 to 43 dist[1.33]
Adding bndlst edge: (A_F44_MC -> A_C45_MC) type[cov], weight[1.00] from 43 to 44 dist[1.33]
Adding bndlst edge: (A_C45_MC -> A_G46_MC) type[cov], weight[1.00] from 44 to 45 dist[1.33]
Adding bndlst edge: (A_C45_SC -> A_V47_MC) type[hb], weight[0.58] from 44 to 46 dist[2.64]
Adding bndlst edge: (A_C45_SC -> A_S66_SC) type[hb], weight[0.91] from 44 to 65 dist[2.09]
Adding bndlst edge: (A_C45_SC -> A_H62_SC) type[hb], weight[0.47] from 44 to 61 dist[2.91]
Adding bndlst edge: (A_G46_MC -> A_V47_MC) type[cov], weight[1.00] from 45 to 46 dist[1.33]
Adding bndlst edge: (A_V47_MC -> A_E48_MC) type[cov], weight[1.00] from 46 to 47 dist[1.33]
Adding bndlst edge: (A_E48_MC -> A_I49_MC) type[cov], weight[1.00] from 47 to 48 dist[1.33]
Adding bndlst edge: (A_I49_MC -> A_G50_MC) type[cov], weight[1.00] from 48 to 49 dist[1.33]
Adding bndlst edge: (A_I49_MC -> A_W52_SC) type[hb], weight[0.55] from 48 to 51 dist[2.70]
Adding bndlst edge: (A_G50_MC -> A_S51_MC) type[cov], weight[1.00] from 49 to 50 dist[1.33]
Adding bndlst edge: (A_S51_MC -> A_W52_MC) type[cov], weight[1.00] from 50 to 51 dist[1.33]
Adding bndlst edge: (A_W52_MC -> A_E53_MC) type[cov], weight[1.00] from 51 to 52 dist[1.33]
Adding bndlst edge: (A_E53_MC -> A_Q54_MC) type[cov], weight[1.00] from 52 to 53 dist[1.33]
Adding bndlst edge: (A_E53_MC -> A_D56_MC) type[hb], weight[1.13] from 52 to 55 dist[1.88]
Adding bndlst edge: (A_E53_MC -> A_E55_MC) type[hb], weight[0.52] from 52 to 54 dist[2.78]
Adding bndlst edge: (A_E53_MC -> A_D56_SC) type[hb], weight[1.24] from 52 to 55 dist[1.79]
Adding bndlst edge: (A_Q54_MC -> A_E55_MC) type[cov], weight[1.00] from 53 to 54 dist[1.33]
Adding bndlst edge: (A_E55_MC -> A_D56_MC) type[cov], weight[1.00] from 54 to 55 dist[1.33]
Adding bndlst edge: (A_E55_MC -> A_Q57_SC) type[hb], weight[0.51] from 54 to 56 dist[2.79]
Adding bndlst edge: (A_D56_MC -> A_Q57_MC) type[cov], weight[1.00] from 55 to 56 dist[1.33]
Adding bndlst edge: (A_Q57_MC -> A_P58_MC) type[cov], weight[1.00] from 56 to 57 dist[1.34]
Adding bndlst edge: (A_Q57_MC -> A_E61_MC) type[hb], weight[0.88] from 56 to 60 dist[2.13]
Adding bndlst edge: (A_P58_MC -> A_V59_MC) type[cov], weight[1.00] from 57 to 58 dist[1.33]
Adding bndlst edge: (A_P58_MC -> A_H62_MC) type[hb], weight[0.72] from 57 to 61 dist[2.35]
Adding bndlst edge: (A_V59_MC -> A_P60_MC) type[cov], weight[1.00] from 58 to 59 dist[1.34]
Adding bndlst edge: (A_V59_MC -> A_H62_MC) type[hb], weight[0.57] from 58 to 61 dist[2.65]
Adding bndlst edge: (A_V59_MC -> A_Q63_MC) type[hb], weight[1.30] from 58 to 62 dist[1.76]
Adding bndlst edge: (A_P60_MC -> A_E61_MC) type[cov], weight[1.00] from 59 to 60 dist[1.33]
Adding bndlst edge: (A_P60_MC -> A_Q63_MC) type[hb], weight[0.47] from 59 to 62 dist[2.91]
Adding bndlst edge: (A_P60_MC -> A_R64_MC) type[hb], weight[1.16] from 59 to 63 dist[1.86]
Adding bndlst edge: (A_E61_MC -> A_H62_MC) type[cov], weight[1.00] from 60 to 61 dist[1.33]
Adding bndlst edge: (A_E61_MC -> A_W65_MC) type[hb], weight[0.80] from 60 to 64 dist[2.24]
Adding bndlst edge: (A_E61_MC -> A_R64_MC) type[hb], weight[0.56] from 60 to 63 dist[2.68]
Adding bndlst edge: (A_E61_SC -> A_R64_SC) type[salt], weight[0.48] from 60 to 63 dist[2.75]
Adding bndlst edge: (A_E61_SC -> A_R64_SC) type[salt], weight[0.69] from 60 to 63 dist[2.29]
Adding bndlst edge: (A_E61_SC -> A_W65_SC) type[hb], weight[0.90] from 60 to 64 dist[2.11]
Adding bndlst edge: (A_H62_MC -> A_Q63_MC) type[cov], weight[1.00] from 61 to 62 dist[1.33]
Adding bndlst edge: (A_H62_MC -> A_S66_MC) type[hb], weight[0.84] from 61 to 65 dist[2.19]
Adding bndlst edge: (A_H62_MC -> A_W65_MC) type[hb], weight[0.46] from 61 to 64 dist[2.93]
Adding bndlst edge: (A_H62_SC -> A_C69_SC) type[hb], weight[0.44] from 61 to 68 dist[3.00]
Adding bndlst edge: (A_H62_SC -> A_C69_SC) type[hb], weight[0.54] from 61 to 68 dist[2.72]
Adding bndlst edge: (A_Q63_MC -> A_R64_MC) type[cov], weight[1.00] from 62 to 63 dist[1.33]
Adding bndlst edge: (A_Q63_MC -> A_S66_MC) type[hb], weight[0.48] from 62 to 65 dist[2.89]
Adding bndlst edge: (A_R64_MC -> A_W65_MC) type[cov], weight[1.00] from 63 to 64 dist[1.33]
Adding bndlst edge: (A_W65_MC -> A_S66_MC) type[cov], weight[1.00] from 64 to 65 dist[1.33]
Adding bndlst edge: (A_S66_MC -> A_P67_MC) type[cov], weight[1.00] from 65 to 66 dist[1.35]
Adding bndlst edge: (A_S66_MC -> A_C69_MC) type[hb], weight[0.69] from 65 to 68 dist[2.42]
Adding bndlst edge: (A_P67_MC -> A_N68_MC) type[cov], weight[1.00] from 66 to 67 dist[1.32]
Adding bndlst edge: (A_N68_MC -> A_C69_MC) type[cov], weight[1.00] from 67 to 68 dist[1.33]
Adding bndlst edge: (A_C69_MC -> A_P70_MC) type[cov], weight[1.00] from 68 to 69 dist[1.34]
Adding bndlst edge: (A_C69_MC -> A_R73_MC) type[hb], weight[1.12] from 68 to 72 dist[1.89]
Adding bndlst edge: (A_C69_MC -> A_L72_MC) type[hb], weight[0.47] from 68 to 71 dist[2.90]
Adding bndlst edge: (A_C69_SC -> A_L72_MC) type[hb], weight[0.52] from 68 to 71 dist[2.77]
Adding bndlst edge: (A_C69_SC -> A_L71_MC) type[hb], weight[0.54] from 68 to 70 dist[2.73]
Adding bndlst edge: (A_P70_MC -> A_L71_MC) type[cov], weight[1.00] from 69 to 70 dist[1.33]
Adding bndlst edge: (A_P70_MC -> A_R75_MC) type[hb], weight[1.02] from 69 to 74 dist[1.98]
Adding bndlst edge: (A_P70_MC -> A_R74_MC) type[hb], weight[0.47] from 69 to 73 dist[2.91]
Adding bndlst edge: (A_L71_MC -> A_L72_MC) type[cov], weight[1.00] from 70 to 71 dist[1.33]
Adding bndlst edge: (A_L71_MC -> A_R74_MC) type[hb], weight[0.83] from 70 to 73 dist[2.19]
Adding bndlst edge: (A_L72_MC -> A_R73_MC) type[cov], weight[1.00] from 71 to 72 dist[1.33]
Adding bndlst edge: (A_L72_MC -> A_R74_MC) type[hb], weight[0.48] from 71 to 73 dist[2.88]
Adding bndlst edge: (A_R73_MC -> A_R74_MC) type[cov], weight[1.00] from 72 to 73 dist[1.33]
Adding bndlst edge: (A_R73_SC -> A_S95_MC) type[hb], weight[0.49] from 72 to 94 dist[2.86]
Adding bndlst edge: (A_R74_MC -> A_R75_MC) type[cov], weight[1.00] from 73 to 74 dist[1.33]
Adding bndlst edge: (A_R74_SC -> A_P92_MC) type[hb], weight[1.07] from 73 to 91 dist[1.93]
Adding bndlst edge: (A_R74_SC -> A_D88_SC) type[salt], weight[0.96] from 73 to 87 dist[1.94]
Adding bndlst edge: (A_R74_SC -> A_L91_MC) type[hb], weight[0.74] from 73 to 90 dist[2.32]
Adding bndlst edge: (A_R74_SC -> A_P92_MC) type[hb], weight[0.46] from 73 to 91 dist[2.95]
Adding bndlst edge: (A_R74_SC -> A_D88_MC) type[hb], weight[1.02] from 73 to 87 dist[1.98]
Adding bndlst edge: (A_R75_MC -> A_T76_MC) type[cov], weight[1.00] from 74 to 75 dist[1.33]
Adding bndlst edge: (A_T76_MC -> A_T77_MC) type[cov], weight[1.00] from 75 to 76 dist[1.33]
Adding bndlst edge: (A_T77_MC -> A_N78_MC) type[cov], weight[1.00] from 76 to 77 dist[1.33]
Adding bndlst edge: (A_T77_MC -> A_N79_MC) type[hb], weight[0.46] from 76 to 78 dist[2.95]
Adding bndlst edge: (A_T77_SC -> A_N79_MC) type[hb], weight[0.93] from 76 to 78 dist[2.07]
Adding bndlst edge: (A_N78_MC -> A_N79_MC) type[cov], weight[1.00] from 77 to 78 dist[1.33]
Adding bndlst edge: (A_N79_MC -> A_V80_MC) type[cov], weight[1.00] from 78 to 79 dist[1.33]
Adding bndlst edge: (A_N79_SC -> A_V80_MC) type[hb], weight[0.51] from 78 to 79 dist[2.79]
Adding bndlst edge: (A_V80_MC -> A_P81_MC) type[cov], weight[1.00] from 79 to 80 dist[1.34]
Adding bndlst edge: (A_P81_MC -> A_I82_MC) type[cov], weight[1.00] from 80 to 81 dist[1.33]
Adding bndlst edge: (A_I82_MC -> A_N83_MC) type[cov], weight[1.00] from 81 to 82 dist[1.33]
Adding bndlst edge: (A_N83_MC -> A_A84_MC) type[cov], weight[1.00] from 82 to 83 dist[1.33]
Adding bndlst edge: (A_N83_MC -> A_A86_MC) type[hb], weight[0.56] from 82 to 85 dist[2.66]
Adding bndlst edge: (A_N83_MC -> A_L87_MC) type[hb], weight[0.75] from 82 to 86 dist[2.31]
Adding bndlst edge: (A_N83_SC -> A_A86_MC) type[hb], weight[0.99] from 82 to 85 dist[2.01]
Adding bndlst edge: (A_N83_SC -> A_E85_MC) type[hb], weight[0.61] from 82 to 84 dist[2.56]
Adding bndlst edge: (A_A84_MC -> A_E85_MC) type[cov], weight[1.00] from 83 to 84 dist[1.33]
Adding bndlst edge: (A_A84_MC -> A_L87_MC) type[hb], weight[0.60] from 83 to 86 dist[2.59]
Adding bndlst edge: (A_A84_MC -> A_D88_MC) type[hb], weight[0.98] from 83 to 87 dist[2.02]
Adding bndlst edge: (A_E85_MC -> A_A86_MC) type[cov], weight[1.00] from 84 to 85 dist[1.33]
Adding bndlst edge: (A_E85_MC -> A_R89_MC) type[hb], weight[0.95] from 84 to 88 dist[2.06]
Adding bndlst edge: (A_E85_MC -> A_D88_MC) type[hb], weight[0.46] from 84 to 87 dist[2.94]
Adding bndlst edge: (A_E85_SC -> A_R89_SC) type[salt], weight[0.93] from 84 to 88 dist[1.97]
Adding bndlst edge: (A_A86_MC -> A_L87_MC) type[cov], weight[1.00] from 85 to 86 dist[1.33]
Adding bndlst edge: (A_A86_MC -> A_I90_MC) type[hb], weight[0.68] from 85 to 89 dist[2.42]
Adding bndlst edge: (A_A86_MC -> A_R89_MC) type[hb], weight[0.53] from 85 to 88 dist[2.75]
Adding bndlst edge: (A_L87_MC -> A_D88_MC) type[cov], weight[1.00] from 86 to 87 dist[1.33]
Adding bndlst edge: (A_L87_MC -> A_I90_MC) type[hb], weight[0.77] from 86 to 89 dist[2.28]
Adding bndlst edge: (A_L87_MC -> A_L91_MC) type[hb], weight[0.91] from 86 to 90 dist[2.10]
Adding bndlst edge: (A_D88_MC -> A_R89_MC) type[cov], weight[1.00] from 87 to 88 dist[1.33]
Adding bndlst edge: (A_D88_MC -> A_L91_MC) type[hb], weight[0.45] from 87 to 90 dist[2.99]
Adding bndlst edge: (A_R89_MC -> A_I90_MC) type[cov], weight[1.00] from 88 to 89 dist[1.33]
Adding bndlst edge: (A_I90_MC -> A_L91_MC) type[cov], weight[1.00] from 89 to 90 dist[1.33]
Adding bndlst edge: (A_L91_MC -> A_P92_MC) type[cov], weight[1.00] from 90 to 91 dist[1.34]
Adding bndlst edge: (A_P92_MC -> A_P93_MC) type[cov], weight[1.00] from 91 to 92 dist[1.35]
Adding bndlst edge: (A_P93_MC -> A_I94_MC) type[cov], weight[1.00] from 92 to 93 dist[1.33]
Adding bndlst edge: (A_I94_MC -> A_S95_MC) type[cov], weight[1.00] from 93 to 94 dist[1.33]
Adding bndlst edge: (A_S95_MC -> A_Y96_MC) type[cov], weight[1.00] from 94 to 95 dist[1.33]
Adding bndlst edge: (A_Y96_MC -> A_D97_MC) type[cov], weight[1.00] from 95 to 96 dist[1.33]

bndlst DONE

Producing PAJEK network
printing pajek edge (A_34_THR,A_39_LYS)
printing pajek edge (A_34_THR,A_36_ALA)
printing pajek edge (A_34_THR,A_35_HIS)
printing pajek edge (A_33_PHE,A_34_THR)
printing pajek edge (A_33_PHE,A_34_THR)
printing pajek edge (A_33_PHE,A_35_HIS)
printing pajek edge (A_91_LEU,A_92_PRO)
printing pajek edge (A_64_ARG,A_65_TRP)
printing pajek edge (A_22_ASP,A_26_LEU)
printing pajek edge (A_22_ASP,A_23_LYS)
printing pajek edge (A_22_ASP,A_25_GLN)
printing pajek edge (A_22_ASP,A_24_ARG)
printing pajek edge (A_72_LEU,A_73_ARG)
printing pajek edge (A_72_LEU,A_74_ARG)
printing pajek edge (A_8_THR,A_9_ARG)
printing pajek edge (A_8_THR,A_12_THR)
printing pajek edge (A_8_THR,A_11_LYS)
printing pajek edge (A_81_PRO,A_82_ILE)
printing pajek edge (A_27_ALA,A_28_GLN)
printing pajek edge (A_27_ALA,A_30_GLY)
printing pajek edge (A_19_ASP,A_20_TRP)
printing pajek edge (A_73_ARG,A_95_SER)
printing pajek edge (A_73_ARG,A_74_ARG)
printing pajek edge (A_17_PRO,A_18_LEU)
printing pajek edge (A_45_CYS,A_47_VAL)
printing pajek edge (A_45_CYS,A_62_HIS)
printing pajek edge (A_45_CYS,A_46_GLY)
printing pajek edge (A_45_CYS,A_66_SER)
printing pajek edge (A_56_ASP,A_57_GLN)
printing pajek edge (A_85_GLU,A_88_ASP)
printing pajek edge (A_85_GLU,A_89_ARG)
printing pajek edge (A_85_GLU,A_89_ARG)
printing pajek edge (A_85_GLU,A_86_ALA)
printing pajek edge (A_75_ARG,A_76_THR)
printing pajek edge (A_28_GLN,A_29_THR)
printing pajek edge (A_28_GLN,A_30_GLY)
printing pajek edge (A_96_TYR,A_97_ASP)
printing pajek edge (A_58_PRO,A_62_HIS)
printing pajek edge (A_58_PRO,A_59_VAL)
printing pajek edge (A_62_HIS,A_65_TRP)
printing pajek edge (A_62_HIS,A_69_CYS)
printing pajek edge (A_62_HIS,A_66_SER)
printing pajek edge (A_62_HIS,A_63_GLN)
printing pajek edge (A_21_LEU,A_22_ASP)
printing pajek edge (A_93_PRO,A_94_ILE)
printing pajek edge (A_90_ILE,A_91_LEU)
printing pajek edge (A_11_LYS,A_12_THR)
printing pajek edge (A_32_TYR,A_33_PHE)
printing pajek edge (A_32_TYR,A_41_LYS)
printing pajek edge (A_36_ALA,A_39_LYS)
printing pajek edge (A_36_ALA,A_37_GLY)
printing pajek edge (A_12_THR,A_33_PHE)
printing pajek edge (A_12_THR,A_35_HIS)
printing pajek edge (A_12_THR,A_14_THR)
printing pajek edge (A_12_THR,A_13_PHE)
printing pajek edge (A_12_THR,A_13_PHE)
printing pajek edge (A_92_PRO,A_93_PRO)
printing pajek edge (A_79_ASN,A_80_VAL)
printing pajek edge (A_79_ASN,A_80_VAL)
printing pajek edge (A_49_ILE,A_50_GLY)
printing pajek edge (A_49_ILE,A_52_TRP)
printing pajek edge (A_88_ASP,A_91_LEU)
printing pajek edge (A_88_ASP,A_89_ARG)
printing pajek edge (A_94_ILE,A_95_SER)
printing pajek edge (A_78_ASN,A_79_ASN)
printing pajek edge (A_66_SER,A_67_PRO)
printing pajek edge (A_66_SER,A_69_CYS)
printing pajek edge (A_30_GLY,A_43_PHE)
printing pajek edge (A_30_GLY,A_31_MET)
printing pajek edge (A_51_SER,A_52_TRP)
printing pajek edge (A_40_VAL,A_41_LYS)
printing pajek edge (A_40_VAL,A_49_ILE)
printing pajek edge (A_65_TRP,A_66_SER)
printing pajek edge (A_59_VAL,A_60_PRO)
printing pajek edge (A_59_VAL,A_62_HIS)
printing pajek edge (A_59_VAL,A_63_GLN)
printing pajek edge (A_42_CYS,A_43_PHE)
printing pajek edge (A_42_CYS,A_47_VAL)
printing pajek edge (A_42_CYS,A_62_HIS)
printing pajek edge (A_42_CYS,A_46_GLY)
printing pajek edge (A_42_CYS,A_44_PHE)
printing pajek edge (A_42_CYS,A_69_CYS)
printing pajek edge (A_42_CYS,A_45_CYS)
printing pajek edge (A_13_PHE,A_14_THR)
printing pajek edge (A_13_PHE,A_16_TRP)
printing pajek edge (A_16_TRP,A_23_LYS)
printing pajek edge (A_16_TRP,A_17_PRO)
printing pajek edge (A_16_TRP,A_18_LEU)
printing pajek edge (A_16_TRP,A_21_LEU)
printing pajek edge (A_82_ILE,A_83_ASN)
printing pajek edge (A_53_GLU,A_54_GLN)
printing pajek edge (A_53_GLU,A_55_GLU)
printing pajek edge (A_53_GLU,A_56_ASP)
printing pajek edge (A_61_GLU,A_64_ARG)
printing pajek edge (A_61_GLU,A_64_ARG)
printing pajek edge (A_61_GLU,A_65_TRP)
printing pajek edge (A_61_GLU,A_62_HIS)
printing pajek edge (A_57_GLN,A_61_GLU)
printing pajek edge (A_57_GLN,A_58_PRO)
printing pajek edge (A_74_ARG,A_75_ARG)
printing pajek edge (A_74_ARG,A_88_ASP)
printing pajek edge (A_74_ARG,A_88_ASP)
printing pajek edge (A_74_ARG,A_91_LEU)
printing pajek edge (A_74_ARG,A_92_PRO)
printing pajek edge (A_67_PRO,A_68_ASN)
printing pajek edge (A_46_GLY,A_47_VAL)
printing pajek edge (A_87_LEU,A_88_ASP)
printing pajek edge (A_87_LEU,A_91_LEU)
printing pajek edge (A_87_LEU,A_90_ILE)
printing pajek edge (A_77_THR,A_78_ASN)
printing pajek edge (A_77_THR,A_79_ASN)
printing pajek edge (A_20_TRP,A_21_LEU)
printing pajek edge (A_63_GLN,A_64_ARG)
printing pajek edge (A_63_GLN,A_66_SER)
printing pajek edge (A_55_GLU,A_57_GLN)
printing pajek edge (A_55_GLU,A_56_ASP)
printing pajek edge (A_68_ASN,A_69_CYS)
printing pajek edge (A_71_LEU,A_72_LEU)
printing pajek edge (A_71_LEU,A_74_ARG)
printing pajek edge (A_69_CYS,A_70_PRO)
printing pajek edge (A_69_CYS,A_71_LEU)
printing pajek edge (A_69_CYS,A_72_LEU)
printing pajek edge (A_69_CYS,A_73_ARG)
printing pajek edge (A_3_LEU,A_9_ARG)
printing pajek edge (A_3_LEU,A_4_ASN)
printing pajek edge (A_18_LEU,A_19_ASP)
printing pajek edge (A_18_LEU,A_21_LEU)
printing pajek edge (A_2_ASP,A_5_ARG)
printing pajek edge (A_2_ASP,A_4_ASN)
printing pajek edge (A_2_ASP,A_8_THR)
printing pajek edge (A_2_ASP,A_3_LEU)
printing pajek edge (A_2_ASP,A_3_LEU)
printing pajek edge (A_89_ARG,A_90_ILE)
printing pajek edge (A_31_MET,A_32_TYR)
printing pajek edge (A_83_ASN,A_85_GLU)
printing pajek edge (A_83_ASN,A_86_ALA)
printing pajek edge (A_83_ASN,A_84_ALA)
printing pajek edge (A_83_ASN,A_87_LEU)
printing pajek edge (A_26_LEU,A_29_THR)
printing pajek edge (A_26_LEU,A_31_MET)
printing pajek edge (A_26_LEU,A_27_ALA)
printing pajek edge (A_29_THR,A_62_HIS)
printing pajek edge (A_29_THR,A_30_GLY)
printing pajek edge (A_84_ALA,A_85_GLU)
printing pajek edge (A_84_ALA,A_88_ASP)
printing pajek edge (A_84_ALA,A_87_LEU)
printing pajek edge (A_76_THR,A_77_THR)
printing pajek edge (A_41_LYS,A_46_GLY)
printing pajek edge (A_41_LYS,A_42_CYS)
printing pajek edge (A_41_LYS,A_48_GLU)
printing pajek edge (A_15_ASP,A_16_TRP)
printing pajek edge (A_70_PRO,A_75_ARG)
printing pajek edge (A_70_PRO,A_71_LEU)
printing pajek edge (A_70_PRO,A_74_ARG)
printing pajek edge (A_60_PRO,A_61_GLU)
printing pajek edge (A_60_PRO,A_64_ARG)
printing pajek edge (A_60_PRO,A_63_GLN)
printing pajek edge (A_50_GLY,A_51_SER)
printing pajek edge (A_25_GLN,A_28_GLN)
printing pajek edge (A_25_GLN,A_26_LEU)
printing pajek edge (A_25_GLN,A_29_THR)
printing pajek edge (A_54_GLN,A_55_GLU)
printing pajek edge (A_80_VAL,A_81_PRO)
printing pajek edge (A_23_LYS,A_26_LEU)
printing pajek edge (A_23_LYS,A_27_ALA)
printing pajek edge (A_23_LYS,A_24_ARG)
printing pajek edge (A_43_PHE,A_44_PHE)
printing pajek edge (A_1_ASN,A_2_ASP)
printing pajek edge (A_47_VAL,A_48_GLU)
printing pajek edge (A_24_ARG,A_28_GLN)
printing pajek edge (A_24_ARG,A_25_GLN)
printing pajek edge (A_14_THR,A_35_HIS)
printing pajek edge (A_14_THR,A_15_ASP)
printing pajek edge (A_7_GLU,A_8_THR)
printing pajek edge (A_7_GLU,A_10_LEU)
printing pajek edge (A_7_GLU,A_11_LYS)
printing pajek edge (A_86_ALA,A_89_ARG)
printing pajek edge (A_86_ALA,A_90_ILE)
printing pajek edge (A_86_ALA,A_87_LEU)
printing pajek edge (A_4_ASN,A_43_PHE)
printing pajek edge (A_4_ASN,A_9_ARG)
printing pajek edge (A_4_ASN,A_5_ARG)
printing pajek edge (A_4_ASN,A_80_VAL)
printing pajek edge (A_37_GLY,A_38_ASP)
printing pajek edge (A_95_SER,A_96_TYR)
printing pajek edge (A_10_LEU,A_11_LYS)
printing pajek edge (A_10_LEU,A_13_PHE)
printing pajek edge (A_52_TRP,A_53_GLU)
printing pajek edge (A_48_GLU,A_49_ILE)
printing pajek edge (A_9_ARG,A_12_THR)
printing pajek edge (A_9_ARG,A_44_PHE)
printing pajek edge (A_9_ARG,A_27_ALA)
printing pajek edge (A_9_ARG,A_10_LEU)
printing pajek edge (A_9_ARG,A_79_ASN)
printing pajek edge (A_39_LYS,A_40_VAL)
printing pajek edge (A_5_ARG,A_7_GLU)
printing pajek edge (A_5_ARG,A_9_ARG)
printing pajek edge (A_5_ARG,A_8_THR)
printing pajek edge (A_5_ARG,A_6_GLU)
printing pajek edge (A_35_HIS,A_36_ALA)
printing pajek edge (A_38_ASP,A_39_LYS)
printing pajek edge (A_38_ASP,A_51_SER)
printing pajek edge (A_38_ASP,A_52_TRP)
printing pajek edge (A_44_PHE,A_45_CYS)
printing pajek edge (A_6_GLU,A_82_ILE)
printing pajek edge (A_6_GLU,A_9_ARG)
printing pajek edge (A_6_GLU,A_7_GLU)
printing pajek edge (A_6_GLU,A_10_LEU)
printing pajek edge (A_6_GLU,A_80_VAL)
